2015-08-04 17:57:50 : ~ Clash Game Bot v4.1MODS Powered by GameBot.org ~
2015-08-04 17:57:50 : GameBot.org.exe Executable running on WIN_7  X64
2015-08-04 17:57:50 : =================== Bot Start ====================
2015-08-04 17:57:50 : -------------------------  Current Profile: 02 --------------------------
2015-08-04 17:57:50 : Trying to locate Main Screen
2015-08-04 17:57:51 : Main Screen Located
2015-08-04 17:57:51 : Language setting is English: Correct.
2015-08-04 17:57:52 : Trying to locate Main Screen
2015-08-04 17:57:52 : Main Screen Located
2015-08-04 17:57:52 : Restarted after Out of Sync Error: Attack Now
2015-08-04 17:57:57 : Going to Attack...
2015-08-04 17:58:03 : ============== Searching For Dead Base ===============
2015-08-04 17:58:03 : ~~~~~~~~~~~~~~~ SEARCH CONDITIONS ~~~~~~~~~~~~~~~~
2015-08-04 17:58:03 : Meet: Gold and Elixir, TH Outside
2015-08-04 17:58:03 : ~~~~~~~~~~~~~~ RESOURCE CONDITIONS ~~~~~~~~~~~~~~~
2015-08-04 17:58:03 : Aim: [G]: 198000 [E]: 198000 [D]:    0 [T]: 0, Out, Out, Out, Out, Out, Out, Out, Out, Out, Out, Out, Out, Out, Out, Out, Out, Out, Out, Out, Out, Out, Out, Out, Out, Out, Out, Out, Out, Out, Out, Out, Out, Out, Out, Out, Out, Out, Out, Out, Out, Out, Out, Out, Out, Out, Out, Out, Out, Out, Out, Out, Out, Out, Out, Out, Out, Out, Out, Out, Out, Out, Out, Out, Out, Out, Out, Out, Out, Out, Out, Out, Out, Out, Out, Out, Out, Out, Out, Out, Out, Out, Out, Out, Out, Out, Out, Out, Out, Out, Out, Out, Out, Out, Out, Out, Out, Out, Out, Out, Out, Out, Out, Out, Out, Out, Out, Out, Out, Out, Out, Out, Out, Out, Out, Out, Out, Out, Out, Out, Out, Out, Out, Out, Out, Out, Out, Out, Out, Out, Out, Out, Out, Out, Out, Out, Out, Out, Out, Out, Out, Out, Out, Out, Out, Out, Out, Out, Out, Out, Out, Out, Out, Out, Out, Out, Out, Out, Out, Out, Out, Out, Out, Out, Out, Out, Out, Out, Out, Out, Out, Out, Out, Out, Out, Out, Out, Out, Out, Out, Out, Out, Out, Out, Out, Out, Out, Out, Out, Out, Out, Out, Out, Out, Out, Out, Out, Out, Out, Out, Out, Out, Out, Out, Out, Out, Out, Out, Out, Out, Out, Out, Out, Out, Out, Out, Out, Out, Out, Out, Out, Out, Out, Out, Out, Out, Out, Out, Out, Out, Out, Out, Out, Out, Out, Out, Out, Out, Out, Out, Out, Out, Out, Out, Out, Out, Out, Out, Out, Out, Out, Out, Out, Out, Out, Out, Out, Out, Out, Out, Out, Out, Out, Out, Out, Out, Out, Out, Out, Out, Out, Out, Out, Out, Out, Out, Out, Out, Out, Out, Out, Out, Out, Out, Out, Out, Out, Out, Out, Out, Out, Out, Out, Out, Out, Out, Out, Out, Out, Out, Out, Out, Out, Out, Out, Out, Out, Out, Out, Out, Out, Out, Out, Out, Out, Out, Out, Out, Out, Out, Out, Out, Out, Out, Out, Out, Out, Out, Out, Out, Out, Out, Out, Out, Out, Out, Out, Out, Out, Out, Out, Out, Out, Out, Out, Out, Out, Out, Out, Out, Out, Out, Out, Out, Out, Out, Out, Out, Out, Out, Out, Out, Out, Out, Out, Out, Out, Out, Out, Out, Out, Out, Out, Out, Out, Out, Out, Out, Out, Out, Out, Out, Out, Out, Out, Out, Out, Out, Out, Out, Out, Out, Out, Out, Out, Out, Out, Out, Out, Out, Out, Out, Out, Out, Out, Out, Out, Out, Out, Out, Out, Out, Out, Out, Out, Out, Out, Out, Out, Out, Out, Out, Out, Out, Out, Out, Out, Out, Out, Out, Out, Out, Out, Out, Out, Out, Out, Out, Out, Out, Out, Out, Out, Out, Out, Out, Out, Out, Out, Out, Out, Out for: Dead Base
2015-08-04 17:58:03 : ~~~~~~~~~~~~~~~ ADVANCED SETTINGS ~~~~~~~~~~~~~~~~
2015-08-04 17:58:03 : THSnipe Combo, 1 Tile(s), 
2015-08-04 17:58:03 : ==================================================
2015-08-04 17:58:04 :  21> [G]:  42215 [E]:  25532 [D]:  602 [T]:25 [TH]: 8, In
2015-08-04 17:58:07 :  22> [G]:  23865 [E]:  89690 [D]:  102 [T]:17 [TH]: 7, In
2015-08-04 17:58:14 :  23> [G]:  20830 [E]:   4502 [D]:  270 [T]:33 [TH]: 9, In
2015-08-04 17:58:17 :  24> [G]:   3659 [E]:  90460 [D]:  599 [T]:27 [TH]: 9, In
2015-08-04 17:58:20 :  25> [G]:  79499 [E]: 120679 [D]:  573 [T]:27 [TH]: 8, In
2015-08-04 17:58:23 :  26> [G]: 135915 [E]:  78960 [D]:  763 [T]:29 [TH]: 8, In
2015-08-04 17:58:26 :  27> [G]:  30709 [E]:  28254 [D]:  667 [T]:20 [TH]: 7, In
2015-08-04 17:58:33 :  28> [G]:  36095 [E]:  68365 [D]:  663 [T]:20 [TH]: 9, In
2015-08-04 17:58:36 :  29> [G]:  59652 [E]:  50154 [D]:  543 [T]:25 [TH]: 8, In
2015-08-04 17:58:39 :  30> [G]: 128832 [E]: 131057 [D]:  285 [T]:23 [TH]: 8, In
2015-08-04 17:58:45 :  31> [G]:  15451 [E]:   7381 [D]:   45 [T]:22 [TH]: 8, In
2015-08-04 17:58:48 :  32> [G]:  11771 [E]:  83047 [D]:  600 [T]:18 [TH]: 7, In
2015-08-04 17:58:55 :  33> [G]:  38970 [E]: 113793 [D]:  553 [T]:16 [TH]: 8, In
2015-08-04 17:58:59 :  34> [G]:        [E]:        [D]:  N/A [T]:   [TH]: -, -
