2015-08-02 23:13:39 : ~ Clash Game Bot v4.1MODS Powered by GameBot.org ~
2015-08-02 23:13:39 : GameBot.org.exe Executable running on WIN_7  X64
2015-08-02 23:13:39 : =================== Bot Start ====================
2015-08-02 23:13:39 : -------------------------  Current Profile: 02 --------------------------
2015-08-02 23:13:39 : Trying to locate Main Screen
2015-08-02 23:13:39 : Main Screen Located
2015-08-02 23:13:40 : Detecting your Buildings..
2015-08-02 23:13:46 : Language setting is English: Correct.
2015-08-02 23:13:47 : Trying to locate Main Screen
2015-08-02 23:13:47 : Main Screen Located
2015-08-02 23:13:48 : Collecting Resources
2015-08-02 23:13:56 : Village Report
2015-08-02 23:13:56 : No. of Free/Total Builders: 0/4
2015-08-02 23:13:56 :  [T]: 1 750
2015-08-02 23:13:56 :  [G]: 6 001 000 [E]: 5 983 593 [D]: 63 150 [GEM]: 953
2015-08-02 23:13:59 : Chat Request: golem soso valkyri pekka sorciere d
2015-08-02 23:14:01 : Checking Army Camp...
2015-08-02 23:14:03 : Total Army Camp capacity: 44/200
2015-08-02 23:14:04 :  - No. of Archers: 44
2015-08-02 23:14:04 : Barracks and Spell factory status: 
2015-08-02 23:14:04 : - Barracks detected: 4 | Available: 3 | Upgrading: 1
2015-08-02 23:14:04 : - Dark Barracks detected: 2 | Available: 2 | Upgrading: 0
2015-08-02 23:14:04 : - Spell factory detected: 1 | Available: 1 | Upgrading: 0
2015-08-02 23:14:04 : - Dark Spell factory detected: 1 | Available: 0 | Upgrading: 1
2015-08-02 23:14:04 : Training Troops...
