2015-08-04 18:08:18 : ~ Clash Game Bot v4.1MODS Powered by GameBot.org ~
2015-08-04 18:08:18 : GameBot.org.exe Executable running on WIN_7  X64
2015-08-04 18:08:18 : =================== Bot Start ====================
2015-08-04 18:08:18 : -------------------------  Current Profile: 02 --------------------------
2015-08-04 18:08:18 : Trying to locate Main Screen
2015-08-04 18:08:18 : Main Screen Located
2015-08-04 18:08:19 : Detecting your Buildings..
2015-08-04 18:08:23 : Language setting is English: Correct.
2015-08-04 18:08:25 : Trying to locate Main Screen
2015-08-04 18:08:25 : Main Screen Located
2015-08-04 18:08:26 : Collecting Resources
2015-08-04 18:08:33 : Waiting for Main Screen
2015-08-04 18:08:37 : Trying to locate Main Screen
2015-08-04 18:08:37 : Main Screen Located
2015-08-04 18:08:38 : Collecting Resources
2015-08-04 18:08:46 : Checking if Village needs Rearming..
2015-08-04 18:08:50 : Rearmed Trap(s)
2015-08-04 18:08:56 : Village Report
2015-08-04 18:08:56 : No. of Free/Total Builders: 0/4
2015-08-04 18:08:56 :  [T]: 1 968
2015-08-04 18:08:56 :  [G]: 5 515 392 [E]: 5 748 679 [D]: 68 061 [GEM]: 953
2015-08-04 18:08:56 : Village Trophies detected Below Trophy Profile Switch Conditions
