2015-08-04 18:36:59 : ~ Clash Game Bot v4.1MODS Powered by GameBot.org ~
2015-08-04 18:36:59 : GameBot.org.exe Executable running on WIN_7  X64
2015-08-04 18:36:59 : =================== Bot Start ====================
2015-08-04 18:36:59 : -------------------------  Current Profile: 02 --------------------------
2015-08-04 18:37:00 : Trying to locate Main Screen
2015-08-04 18:37:01 : Zooming Out
2015-08-04 18:37:02 : Main Screen Located
2015-08-04 18:37:03 : Detecting your Buildings..
2015-08-04 18:37:10 : Language setting is English: Correct.
2015-08-04 18:37:11 : Trying to locate Main Screen
2015-08-04 18:37:11 : Main Screen Located
2015-08-04 18:37:12 : Collecting Resources
2015-08-04 18:37:20 : Checking if Village needs Rearming..
2015-08-04 18:37:28 : Village Report
2015-08-04 18:37:28 : No. of Free/Total Builders: 0/4
2015-08-04 18:37:28 :  [T]: 1 972
2015-08-04 18:37:28 :  [G]: 5 820 611 [E]: 5 953 880 [D]: 68 646 [GEM]: 953
2015-08-04 18:37:30 : Checking Army Camp...
2015-08-04 18:37:32 : Total Army Camp capacity: 184/200
2015-08-04 18:37:33 :  - No. of Barbarians: 23
2015-08-04 18:37:33 :  - No. of Archers: 162
2015-08-04 18:37:33 : Barracks and Spell factory status: 
2015-08-04 18:37:33 : - Barracks detected: 4 | Available: 3 | Upgrading: 1
2015-08-04 18:37:33 : - Dark Barracks detected: 2 | Available: 1 | Upgrading: 1
2015-08-04 18:37:33 : - Spell factory detected: 1 | Available: 1 | Upgrading: 0
2015-08-04 18:37:33 : - Dark Spell factory detected: 1 | Available: 0 | Upgrading: 1
2015-08-04 18:37:33 : Training Troops...
2015-08-04 18:37:34 : Your Army Camps are now Full
2015-08-04 18:37:57 : Requesting Clan Castle Troops
2015-08-04 18:37:58 : Your Clan Castle is already full or you are not in a clan.
2015-08-04 18:37:59 : Checking Troop Upgrade in Laboratory ...
2015-08-04 18:37:59 : Updating village values [E]: 5929130 [D]: 68646
2015-08-04 18:38:00 : Trouble finding research button, try again...
2015-08-04 18:38:04 : Finished kicking
2015-08-04 18:38:04 : Going to Attack...
2015-08-04 18:38:10 : ============== Searching For Dead Base ===============
2015-08-04 18:38:10 : ~~~~~~~~~~~~~~~ SEARCH CONDITIONS ~~~~~~~~~~~~~~~~
2015-08-04 18:38:10 : Meet: Gold and Elixir, TH Outside
2015-08-04 18:38:10 : ~~~~~~~~~~~~~~ RESOURCE CONDITIONS ~~~~~~~~~~~~~~~
2015-08-04 18:38:10 : Aim: [G]: 999999 [E]: 999999 [D]:    0 [T]: 0, Out for: Dead Base
2015-08-04 18:38:10 : ~~~~~~~~~~~~~~~ ADVANCED SETTINGS ~~~~~~~~~~~~~~~~
2015-08-04 18:38:10 : THSnipe Combo, 1 Tile(s), 
2015-08-04 18:38:10 : ==================================================
2015-08-04 18:38:12 :   1> [G]:  13592 [E]:  57459 [D]:  188 [T]:16 [TH]: 7, In
2015-08-04 18:38:15 :   2> [G]:  39747 [E]:  49512 [D]: 1048 [T]:17 [TH]: 9, In
2015-08-04 18:38:18 :   3> [G]:  71605 [E]:  29634 [D]:   37 [T]:20 [TH]: 8, In
2015-08-04 18:38:21 :   4> [G]:  55000 [E]:  75000 [D]:  120 [T]:19 [TH]: 8, In
2015-08-04 18:38:28 :   5> [G]:  35477 [E]: 108562 [D]:  329 [T]:22 [TH]: 7, In
2015-08-04 18:38:31 :   6> [G]:  94451 [E]:  51773 [D]:  622 [T]:28 [TH]: 8, In
2015-08-04 18:38:34 :   7> [G]:  62571 [E]: 110764 [D]:  739 [T]:17 [TH]: 7, In
2015-08-04 18:38:37 :   8> [G]:  41908 [E]: 127320 [D]:   47 [T]:13 [TH]: 7, In
2015-08-04 18:38:41 :   9> [G]:  18077 [E]:  32683 [D]:  693 [T]:22 [TH]: 8, In
2015-08-04 18:38:48 :  10> [G]:  52862 [E]:  41552 [D]:   47 [T]:15 [TH]:10, In
2015-08-04 18:38:51 :  11> [G]:  37129 [E]:  62708 [D]:  639 [T]:18 [TH]: 8, In
2015-08-04 18:38:54 :  12> [G]:  14447 [E]: 184189 [D]:  758 [T]:23 [TH]: 8, In
2015-08-04 18:38:57 :  13> [G]:   8796 [E]:   6220 [D]:  514 [T]:28 [TH]: 7, In
2015-08-04 18:39:04 :  14> [G]:   5003 [E]:   4103 [D]:  736 [T]:29 [TH]: 8, In
2015-08-04 18:39:07 :  15> [G]:  11766 [E]:  43426 [D]:  282 [T]:18 [TH]: 7, In
2015-08-04 18:39:17 :  16> [G]: 143946 [E]: 248666 [D]:  698 [T]: 2 [TH]: -, -
2015-08-04 18:39:18 : Another Device has connected, waiting 2 minutes 0 seconds
2015-08-04 18:39:54 : ClashGameBot was Paused!
2015-08-04 18:43:14 : ClashGameBot was Resumed.
2015-08-04 18:43:17 : Waiting for Main Screen
2015-08-04 18:43:20 : Zooming Out
2015-08-04 18:43:25 : Trying to locate Main Screen
2015-08-04 18:43:25 : Main Screen Located
2015-08-04 18:43:27 : Collecting Resources
2015-08-04 18:43:37 : Checking if Village needs Rearming..
2015-08-04 18:43:45 : Village Report
2015-08-04 18:43:45 : No. of Free/Total Builders: 0/4
2015-08-04 18:43:45 :  [T]: 1 972
2015-08-04 18:43:45 :  [G]: 5 814 556 [E]: 5 932 141 [D]: 68 664 [GEM]: 953
2015-08-04 18:43:47 : Checking Army Camp...
2015-08-04 18:43:49 : Total Army Camp capacity: 200/200
2015-08-04 18:43:50 :  - No. of Barbarians: 29
2015-08-04 18:43:50 :  - No. of Archers: 171
2015-08-04 18:43:51 : Training Troops...
2015-08-04 18:43:51 : Your Army Camps are now Full
2015-08-04 18:44:02 : Requesting Clan Castle Troops
2015-08-04 18:44:03 : Your Clan Castle is already full or you are not in a clan.
2015-08-04 18:44:04 : Checking Troop Upgrade in Laboratory ...
2015-08-04 18:44:04 : Updating village values [E]: 5928541 [D]: 68664
2015-08-04 18:44:05 : Trouble finding research button, try again...
2015-08-04 18:44:09 : Finished kicking
2015-08-04 18:44:09 : Going to Attack...
2015-08-04 18:44:15 : ============== Searching For Dead Base ===============
2015-08-04 18:44:15 : ~~~~~~~~~~~~~~~ SEARCH CONDITIONS ~~~~~~~~~~~~~~~~
2015-08-04 18:44:15 : Meet: Gold and Elixir, TH Outside
2015-08-04 18:44:15 : ~~~~~~~~~~~~~~ RESOURCE CONDITIONS ~~~~~~~~~~~~~~~
2015-08-04 18:44:15 : Aim: [G]: 999999 [E]: 999999 [D]:    0 [T]: 0, Out, Out for: Dead Base
2015-08-04 18:44:15 : ~~~~~~~~~~~~~~~ ADVANCED SETTINGS ~~~~~~~~~~~~~~~~
2015-08-04 18:44:15 : THSnipe Combo, 1 Tile(s), 
2015-08-04 18:44:15 : ==================================================
2015-08-04 18:44:16 :   1> [G]:  53177 [E]:  38203 [D]:  462 [T]:16 [TH]: 9, In
2015-08-04 18:44:20 :   2> [G]:  81270 [E]: 138500 [D]:  863 [T]:29 [TH]: 8, In
2015-08-04 18:44:23 :   3> [G]:  73443 [E]:  40008 [D]:  392 [T]:31 [TH]: 8, In
2015-08-04 18:44:25 : Trying to locate Main Screen
2015-08-04 18:44:26 : Another Device has connected, waiting 2 minutes 0 seconds
2015-08-04 18:46:29 : Waiting for Main Screen
2015-08-04 18:46:33 : Zooming Out
2015-08-04 18:46:35 : Main Screen Located
2015-08-04 18:46:35 : Cannot locate Next button, Restarting Bot...
2015-08-04 18:46:37 : Trying to locate Main Screen
2015-08-04 18:46:37 : Main Screen Located
2015-08-04 18:46:37 : Restarted after Out of Sync Error: Attack Now
2015-08-04 18:46:37 : Going to Attack...
2015-08-04 18:46:43 : ============== Searching For Dead Base ===============
2015-08-04 18:46:43 : ~~~~~~~~~~~~~~~ SEARCH CONDITIONS ~~~~~~~~~~~~~~~~
2015-08-04 18:46:43 : Meet: Gold and Elixir, TH Outside
2015-08-04 18:46:43 : ~~~~~~~~~~~~~~ RESOURCE CONDITIONS ~~~~~~~~~~~~~~~
2015-08-04 18:46:43 : Aim: [G]: 999999 [E]: 999999 [D]:    0 [T]: 0, Out, Out, Out for: Dead Base
2015-08-04 18:46:43 : ~~~~~~~~~~~~~~~ ADVANCED SETTINGS ~~~~~~~~~~~~~~~~
2015-08-04 18:46:43 : THSnipe Combo, 1 Tile(s), 
2015-08-04 18:46:43 : ==================================================
2015-08-04 18:46:45 :   4> [G]:  96168 [E]: 136759 [D]: 1440 [T]:16 [TH]: 8, In
2015-08-04 18:46:48 :   5> [G]: 327284 [E]:  75259 [D]:  544 [T]:33 [TH]:10, Out
2015-08-04 18:46:48 : Inferno Tower found, but not near TH.
2015-08-04 18:46:48 : ~~~~~~~~~~~~~~~ TH Outside Found! ~~~~~~~~~~~~~~~~
2015-08-04 18:46:48 : ================ Search Complete =================
2015-08-04 18:46:48 : Initiating attack for: TH Snipe
2015-08-04 18:46:51 : -Barbarians 29
2015-08-04 18:46:51 : -Archers 171
2015-08-04 18:46:51 : -Clan Castle 
2015-08-04 18:46:51 : -Lightning Spells 3
2015-08-04 18:46:51 : -Poison Spells 1
2015-08-04 18:46:51 :  ====== Start Attack ====== 
2015-08-04 18:46:53 : Sending 1st wave of archers and Barbarians.
2015-08-04 18:46:53 : Dropping first wave of 10 Archers
2015-08-04 18:46:55 : Deployment of Archers Successful!
2015-08-04 18:46:57 : Dropping first wave of 10 Barbarians
2015-08-04 18:46:59 : Deployment of Barbarians Successful!
2015-08-04 18:47:24 : Townhall has been destroyed!
2015-08-04 18:47:27 : Checking if the battle has finished
2015-08-04 18:47:29 : detected [G]:  [E]:  [DE]:  |  Exit now 
2015-08-04 18:47:29 : Battle has finished
2015-08-04 18:47:29 : Returning Home
2015-08-04 18:47:33 : Loot: [G]: 1 000 [E]: 1 000 [DE]:  [T]: 11
2015-08-04 18:47:34 : Bonus [G]: 35 000 [E]: 35 000 [DE]: 100
2015-08-04 18:47:36 : Your league level is: Crystal III
2015-08-04 18:47:36 : Stars earned: 1
2015-08-04 18:47:49 : Trying to locate Main Screen
2015-08-04 18:47:49 : Main Screen Located
2015-08-04 18:47:50 : Collecting Resources
2015-08-04 18:47:59 : Checking if Village needs Rearming..
2015-08-04 18:48:07 : Village Report
2015-08-04 18:48:07 : No. of Free/Total Builders: 0/4
2015-08-04 18:48:07 :  [T]: 1 983
2015-08-04 18:48:07 :  [G]: 5 847 076 [E]: 5 966 214 [D]: 68 776 [GEM]: 953
2015-08-04 18:48:09 : Checking Army Camp...
2015-08-04 18:48:11 : Total Army Camp capacity: 193/200
2015-08-04 18:48:12 :  - No. of Barbarians: 24
2015-08-04 18:48:12 :  - No. of Archers: 169
2015-08-04 18:48:12 : Training Troops...
2015-08-04 18:48:13 : Your Army Camps are now Full
2015-08-04 18:48:24 : Requesting Clan Castle Troops
2015-08-04 18:48:24 : Your Clan Castle is already full or you are not in a clan.
2015-08-04 18:48:25 : Checking Troop Upgrade in Laboratory ...
2015-08-04 18:48:26 : Updating village values [E]: 5963064 [D]: 68776
2015-08-04 18:48:27 : Trouble finding research button, try again...
2015-08-04 18:48:31 : Finished kicking
2015-08-04 18:48:31 : Going to Attack...
2015-08-04 18:48:37 : ============== Searching For Dead Base ===============
2015-08-04 18:48:37 : ~~~~~~~~~~~~~~~ SEARCH CONDITIONS ~~~~~~~~~~~~~~~~
2015-08-04 18:48:37 : Meet: Gold and Elixir, TH Outside
2015-08-04 18:48:37 : ~~~~~~~~~~~~~~ RESOURCE CONDITIONS ~~~~~~~~~~~~~~~
2015-08-04 18:48:37 : Aim: [G]: 999999 [E]: 999999 [D]:    0 [T]: 0, Out, Out, Out, Out for: Dead Base
2015-08-04 18:48:37 : ~~~~~~~~~~~~~~~ ADVANCED SETTINGS ~~~~~~~~~~~~~~~~
2015-08-04 18:48:37 : THSnipe Combo, 1 Tile(s), 
2015-08-04 18:48:37 : ==================================================
2015-08-04 18:48:38 :   1> [G]:  55421 [E]: 112749 [D]:  105 [T]:13 [TH]: 7, In
2015-08-04 18:48:41 :   2> [G]:  80000 [E]:  75000 [D]:  240 [T]:22 [TH]: 8, In
2015-08-04 18:48:44 :   3> [G]:  14270 [E]:  85777 [D]:  138 [T]:17 [TH]: 7, In
2015-08-04 18:48:51 :   4> [G]:  82673 [E]: 100283 [D]:  122 [T]:13 [TH]: 8, In
2015-08-04 18:48:54 :   5> [G]:  48066 [E]:  77597 [D]:  282 [T]:24 [TH]: 8, In
2015-08-04 18:48:57 :   6> [G]:  18267 [E]: 106864 [D]:  187 [T]:28 [TH]: 8, In
2015-08-04 18:49:00 :   7> [G]: 354440 [E]: 326387 [D]: 2488 [T]:27 [TH]: 9, In
2015-08-04 18:49:04 :   8> [G]:  85023 [E]:  23255 [D]: 1087 [T]:32 [TH]: 9, In
2015-08-04 18:49:07 :   9> [G]:  37441 [E]: 265433 [D]:  231 [T]:16 [TH]: 8, In
2015-08-04 18:49:11 :  10> [G]: 133178 [E]:  75548 [D]: 1831 [T]:14 [TH]: 9, Out
2015-08-04 18:49:11 : Inferno Tower found, but not near TH.
2015-08-04 18:49:11 : ~~~~~~~~~~~~~~~ TH Outside Found! ~~~~~~~~~~~~~~~~
2015-08-04 18:49:11 : ================ Search Complete =================
2015-08-04 18:49:11 : Initiating attack for: TH Snipe
2015-08-04 18:49:13 : -Barbarians 25
2015-08-04 18:49:13 : -Archers 171
2015-08-04 18:49:13 : -Clan Castle 
2015-08-04 18:49:13 : -Lightning Spells 3
2015-08-04 18:49:13 : -Poison Spells 1
2015-08-04 18:49:13 :  ====== Start Attack ====== 
2015-08-04 18:49:16 : Sending 1st wave of archers and Barbarians.
2015-08-04 18:49:16 : Dropping first wave of 10 Archers
2015-08-04 18:49:16 : Zooming in...
2015-08-04 18:49:19 : Done zooming.
2015-08-04 18:49:19 : Scrolling to bottom...
2015-08-04 18:49:24 : Deployment of Archers Successful!
2015-08-04 18:49:26 : Dropping first wave of 10 Barbarians
2015-08-04 18:49:29 : Deployment of Barbarians Successful!
2015-08-04 18:49:40 : Townhall has been destroyed!
2015-08-04 18:49:42 : Zooming Out
2015-08-04 18:49:50 : Checking if the battle has finished
2015-08-04 18:49:51 : detected [G]:  [E]:  [DE]:  |  Exit now 
2015-08-04 18:49:52 : Battle has finished
2015-08-04 18:49:52 : Returning Home
2015-08-04 18:49:56 : Loot: [G]: 1 000 [E]: 1 000 [DE]:  [T]: 4
2015-08-04 18:49:57 : Bonus [G]: 35 000 [E]: 35 000 [DE]: 100
2015-08-04 18:49:58 : Your league level is: Crystal III
2015-08-04 18:49:58 : Stars earned: 1
2015-08-04 18:50:06 : Trying to locate Main Screen
2015-08-04 18:50:06 : Main Screen Located
2015-08-04 18:50:07 : Collecting Resources
2015-08-04 18:50:17 : Checking if Village needs Rearming..
2015-08-04 18:50:24 : Village Report
2015-08-04 18:50:24 : No. of Free/Total Builders: 0/4
2015-08-04 18:50:24 :  [T]: 1 987
2015-08-04 18:50:25 :  [G]: 5 880 602 [E]: 5 999 064 [D]: 68 882 [GEM]: 953
2015-08-04 18:50:27 : Checking Army Camp...
2015-08-04 18:50:29 : Total Army Camp capacity: 190/200
2015-08-04 18:50:30 :  - No. of Barbarians: 21
2015-08-04 18:50:30 :  - No. of Archers: 171
2015-08-04 18:50:30 : Training Troops...
2015-08-04 18:50:31 : Your Army Camps are now Full
2015-08-04 18:50:42 : Requesting Clan Castle Troops
2015-08-04 18:50:43 : Your Clan Castle is already full or you are not in a clan.
2015-08-04 18:50:44 : Checking Troop Upgrade in Laboratory ...
2015-08-04 18:50:44 : Updating village values [E]: 5994414 [D]: 68882
2015-08-04 18:50:45 : Trouble finding research button, try again...
2015-08-04 18:50:49 : Finished kicking
2015-08-04 18:50:49 : Going to Attack...
2015-08-04 18:50:55 : ============== Searching For Dead Base ===============
2015-08-04 18:50:55 : ~~~~~~~~~~~~~~~ SEARCH CONDITIONS ~~~~~~~~~~~~~~~~
2015-08-04 18:50:55 : Meet: Gold and Elixir, TH Outside
2015-08-04 18:50:55 : ~~~~~~~~~~~~~~ RESOURCE CONDITIONS ~~~~~~~~~~~~~~~
2015-08-04 18:50:55 : Aim: [G]: 999999 [E]: 999999 [D]:    0 [T]: 0, Out, Out, Out, Out, Out for: Dead Base
2015-08-04 18:50:55 : ~~~~~~~~~~~~~~~ ADVANCED SETTINGS ~~~~~~~~~~~~~~~~
2015-08-04 18:50:55 : THSnipe Combo, 1 Tile(s), 
2015-08-04 18:50:55 : ==================================================
2015-08-04 18:50:56 :   1> [G]:   7939 [E]:  49711 [D]:  724 [T]:22 [TH]: 7, In
2015-08-04 18:50:59 :   2> [G]:  26907 [E]:  35746 [D]:  284 [T]:24 [TH]: 8, In
2015-08-04 18:51:02 :   3> [G]:  51163 [E]:  88387 [D]:  886 [T]:14 [TH]: 8, In
2015-08-04 18:51:06 :   4> [G]:  69439 [E]: 113003 [D]:  444 [T]:27 [TH]:10, In
2015-08-04 18:51:09 :   5> [G]:  84803 [E]:  95189 [D]: 1074 [T]:17 [TH]: 9, In
2015-08-04 18:51:13 :   6> [G]:  30000 [E]:  15000 [D]:  N/A [T]:14 [TH]: 8, In
2015-08-04 18:51:16 :   7> [G]:  46662 [E]:  18679 [D]:  340 [T]:35 [TH]: 8, In
2015-08-04 18:51:19 :   8> [G]:  62781 [E]: 252300 [D]:  494 [T]:23 [TH]: 9, In
2015-08-04 18:51:22 :   9> [G]:  78765 [E]:  73816 [D]:  151 [T]:14 [TH]: 7, In
2015-08-04 18:51:29 :  10> [G]:  77162 [E]:  53051 [D]:  370 [T]:13 [TH]: 8, In
2015-08-04 18:51:32 :  11> [G]:  72175 [E]:  90758 [D]:  525 [T]:21 [TH]: 8, In
2015-08-04 18:51:36 :  12> [G]:  57051 [E]: 135790 [D]:  892 [T]:31 [TH]: 8, In
2015-08-04 18:51:39 :  13> [G]: 170121 [E]: 109323 [D]:  405 [T]:15 [TH]: 8, In
2015-08-04 18:51:45 :  14> [G]:  24784 [E]:   2931 [D]:  672 [T]:15 [TH]: 7, In
2015-08-04 18:51:48 :  15> [G]: 109467 [E]: 105129 [D]:  824 [T]:23 [TH]: 8, In
2015-08-04 18:51:51 :  16> [G]: 108343 [E]:  61122 [D]:  899 [T]:24 [TH]: 8, In
2015-08-04 18:51:55 :  17> [G]: 286200 [E]: 336893 [D]: 5180 [T]:23 [TH]: 9, Out
2015-08-04 18:51:55 : Inferno Tower found, but not near TH.
2015-08-04 18:51:55 : ~~~~~~~~~~~~~~~ TH Outside Found! ~~~~~~~~~~~~~~~~
2015-08-04 18:51:55 : ================ Search Complete =================
2015-08-04 18:51:55 : Initiating attack for: TH Snipe
2015-08-04 18:51:58 : -Barbarians 22
2015-08-04 18:51:58 : -Archers 171
2015-08-04 18:51:58 : -Clan Castle 
2015-08-04 18:51:58 : -Lightning Spells 3
2015-08-04 18:51:58 : -Poison Spells 1
2015-08-04 18:51:58 :  ====== Start Attack ====== 
2015-08-04 18:52:00 : Sending 1st wave of archers and Barbarians.
2015-08-04 18:52:00 : Dropping first wave of 10 Archers
2015-08-04 18:52:02 : Deployment of Archers Successful!
2015-08-04 18:52:04 : Dropping first wave of 10 Barbarians
2015-08-04 18:52:07 : Deployment of Barbarians Successful!
2015-08-04 18:52:40 : Sending second wave of archers.
2015-08-04 18:52:40 : Dropping second wave of 16 Archers
2015-08-04 18:52:42 : Deployment of Archers Successful!
2015-08-04 18:53:14 : Still no star - Let's send in more diverse troops!
2015-08-04 18:53:15 : No  troop Found!!!
2015-08-04 18:53:15 : No  troop Found!!!
2015-08-04 18:53:15 : Dropping first wave of 12 Barbarians
2015-08-04 18:53:17 : Deployment of Barbarians Successful!
2015-08-04 18:53:18 : No Barbarians troop Found!!!
2015-08-04 18:53:18 : Dropping third wave of 24 Archers
2015-08-04 18:53:22 : Deployment of Archers Successful!
2015-08-04 18:53:24 : Dropping third wave of 28 Archers
2015-08-04 18:53:28 : Deployment of Archers Successful!
2015-08-04 18:53:44 : Townhall has been destroyed!
2015-08-04 18:53:47 : Checking if the battle has finished
2015-08-04 18:53:49 : detected [G]:  [E]:  [DE]:  |  Exit now 
2015-08-04 18:53:49 : Battle has finished
2015-08-04 18:53:49 : Returning Home
2015-08-04 18:53:53 : Loot: [G]: 1 000 [E]: 1 000 [DE]:  [T]: 7
2015-08-04 18:53:54 : Bonus [G]: 35 000 [E]: 35 000 [DE]: 100
2015-08-04 18:53:55 : Your league level is: Crystal III
2015-08-04 18:53:55 : Stars earned: 1
2015-08-04 18:54:03 : Trying to locate Main Screen
2015-08-04 18:54:03 : Main Screen Located
2015-08-04 18:54:04 : Collecting Resources
2015-08-04 18:54:13 : Checking if Village needs Rearming..
2015-08-04 18:54:20 : Village Report
2015-08-04 18:54:20 : No. of Free/Total Builders: 0/4
2015-08-04 18:54:20 :  [T]: 1 994
2015-08-04 18:54:21 :  [G]: 5 906 742 [E]: 6 001 000 [D]: 68 992 [GEM]: 953
2015-08-04 18:54:23 : Checking Army Camp...
2015-08-04 18:54:25 : Total Army Camp capacity: 110/200
2015-08-04 18:54:26 :  - No. of Barbarians: 10
2015-08-04 18:54:26 :  - No. of Archers: 100
2015-08-04 18:54:26 : Training Troops...
2015-08-04 18:54:38 : Requesting Clan Castle Troops
2015-08-04 18:54:39 : Your Clan Castle is already full or you are not in a clan.
2015-08-04 18:54:40 : Checking Troop Upgrade in Laboratory ...
2015-08-04 18:54:40 : Updating village values [E]: 5996500 [D]: 68992
2015-08-04 18:54:41 : Trouble finding research button, try again...
2015-08-04 18:54:45 : Finished kicking
2015-08-04 18:54:45 : ====== Waiting for full army ======
2015-08-04 18:54:57 : Checking Army Camp...
2015-08-04 18:54:59 : Total Army Camp capacity: 114/200
2015-08-04 18:55:00 :  - No. of Barbarians: 12
2015-08-04 18:55:00 :  - No. of Archers: 102
2015-08-04 18:55:01 : Training Troops...
2015-08-04 18:55:03 : some error occurred, cannot open barrack
2015-08-04 18:55:05 : Time Idle: 00:00:20
2015-08-04 18:55:06 : ====== Waiting for full army ======
2015-08-04 18:55:17 : Checking Army Camp...
2015-08-04 18:55:19 : Total Army Camp capacity: 117/200
2015-08-04 18:55:20 :  - No. of Barbarians: 13
2015-08-04 18:55:20 :  - No. of Archers: 104
2015-08-04 18:55:20 : Training Troops...
2015-08-04 18:55:23 : Training Overview Window didn't open
2015-08-04 18:55:24 : Time Idle: 00:00:38
2015-08-04 18:55:24 : ====== Waiting for full army ======
2015-08-04 18:55:36 : Checking Army Camp...
2015-08-04 18:55:38 : Total Army Camp capacity: 120/200
2015-08-04 18:55:39 :  - No. of Barbarians: 14
2015-08-04 18:55:39 :  - No. of Archers: 106
2015-08-04 18:55:39 : Training Troops...
2015-08-04 18:55:49 : Time Idle: 00:01:03
2015-08-04 18:55:50 : ====== Waiting for full army ======
2015-08-04 18:56:01 : Checking Army Camp...
2015-08-04 18:56:03 : Total Army Camp capacity: 123/200
2015-08-04 18:56:04 :  - No. of Barbarians: 15
2015-08-04 18:56:04 :  - No. of Archers: 108
2015-08-04 18:56:05 : Training Troops...
2015-08-04 18:56:14 : Waiting for Main Screen
2015-08-04 18:59:11 : Trying to locate Main Screen
2015-08-04 18:59:11 : Main Screen Located
2015-08-04 18:59:12 : Collecting Resources
2015-08-04 18:59:22 : Checking if Village needs Rearming..
2015-08-04 18:59:30 : Village Report
2015-08-04 18:59:30 : No. of Free/Total Builders: 0/4
2015-08-04 18:59:30 :  [T]: 1 994
2015-08-04 18:59:31 :  [G]: 5 910 654 [E]: 5 994 591 [D]: 69 006 [GEM]: 953
2015-08-04 18:59:33 : Checking Army Camp...
2015-08-04 18:59:35 : Total Army Camp capacity: 150/200
2015-08-04 18:59:36 :  - No. of Barbarians: 26
2015-08-04 18:59:36 :  - No. of Archers: 124
2015-08-04 18:59:36 : Training Troops...
