2015-08-03 00:15:36 : ~ Clash Game Bot v4.1MODS Powered by GameBot.org ~
2015-08-03 00:15:36 : GameBot.org.exe Executable running on WIN_7  X64
2015-08-03 00:15:36 : =================== Bot Start ====================
2015-08-03 00:15:36 : -------------------------  Current Profile: 02 --------------------------
2015-08-03 00:15:37 : Trying to locate Main Screen
2015-08-03 00:15:37 : Main Screen Located
2015-08-03 00:15:38 : Detecting your Buildings..
2015-08-03 00:15:43 : Language setting is English: Correct.
2015-08-03 00:15:44 : Trying to locate Main Screen
2015-08-03 00:15:44 : Main Screen Located
2015-08-03 00:15:45 : Collecting Resources
2015-08-03 00:15:53 : Village Report
2015-08-03 00:15:53 : No. of Free/Total Builders: 0/4
2015-08-03 00:15:53 :  [T]: 1 811
2015-08-03 00:15:53 :  [G]: 6 001 000 [E]: 5 982 732 [D]: 63 312 [GEM]: 953
2015-08-03 00:15:56 : Chat Request: 1 drag 5 et 1 ballon 6 gdc
2015-08-03 00:15:56 : General Blacklist Keyword found: gdc
2015-08-03 00:15:58 : Chat Request: golem soso valkyri pekka sorciere d
2015-08-03 00:16:00 : Checking Army Camp...
2015-08-03 00:16:02 : Total Army Camp capacity: 61/200
2015-08-03 00:16:03 :  - No. of Barbarians: 38
2015-08-03 00:16:03 :  - No. of Archers: 23
2015-08-03 00:16:03 : Barracks and Spell factory status: 
2015-08-03 00:16:03 : - Barracks detected: 4 | Available: 3 | Upgrading: 1
2015-08-03 00:16:03 : - Dark Barracks detected: 2 | Available: 2 | Upgrading: 0
2015-08-03 00:16:03 : - Spell factory detected: 1 | Available: 1 | Upgrading: 0
2015-08-03 00:16:03 : - Dark Spell factory detected: 1 | Available: 0 | Upgrading: 1
2015-08-03 00:16:03 : Training Troops...
2015-08-03 00:16:32 : Requesting Clan Castle Troops
2015-08-03 00:16:32 : Your Clan Castle is already full or you are not in a clan.
2015-08-03 00:16:33 : Checking Troop Upgrade in Laboratory ...
2015-08-03 00:16:33 : Updating village values [E]: 5976100 [D]: 63312
2015-08-03 00:16:35 : Trouble finding research button, try again...
2015-08-03 00:16:38 : Finished kicking
2015-08-03 00:16:39 : ====== Waiting for full army ======
2015-08-03 00:16:50 : Checking Army Camp...
2015-08-03 00:16:52 : Total Army Camp capacity: 66/200
2015-08-03 00:16:54 :  - No. of Barbarians: 40
2015-08-03 00:16:54 :  - No. of Archers: 26
2015-08-03 00:16:54 : Training Troops...
2015-08-03 00:17:04 : Time Idle: 00:00:25
2015-08-03 00:17:04 : ====== Waiting for full army ======
2015-08-03 00:17:16 : Checking Army Camp...
2015-08-03 00:17:18 : Total Army Camp capacity: 69/200
2015-08-03 00:17:19 :  - No. of Barbarians: 41
2015-08-03 00:17:20 :  - No. of Archers: 28
2015-08-03 00:17:20 : Training Troops...
2015-08-03 00:17:29 : Time Idle: 00:00:50
2015-08-03 00:17:30 : ====== Waiting for full army ======
2015-08-03 00:17:41 : Checking Army Camp...
2015-08-03 00:17:43 : Total Army Camp capacity: 72/200
2015-08-03 00:17:44 :  - No. of Barbarians: 42
2015-08-03 00:17:44 :  - No. of Archers: 30
2015-08-03 00:17:44 : Training Troops...
2015-08-03 00:17:54 : Time Idle: 00:01:14
2015-08-03 00:17:54 : ====== Waiting for full army ======
2015-08-03 00:18:06 : Collecting Resources
2015-08-03 00:18:11 : Checking Army Camp...
2015-08-03 00:18:13 : Total Army Camp capacity: 76/200
2015-08-03 00:18:14 :  - No. of Barbarians: 44
2015-08-03 00:18:14 :  - No. of Archers: 32
2015-08-03 00:18:14 : Training Troops...
2015-08-03 00:18:24 : Time Idle: 00:01:44
2015-08-03 00:18:24 : ====== Waiting for full army ======
2015-08-03 00:18:36 : Checking Army Camp...
2015-08-03 00:18:38 : Total Army Camp capacity: 79/200
2015-08-03 00:18:39 :  - No. of Barbarians: 45
2015-08-03 00:18:39 :  - No. of Archers: 34
2015-08-03 00:18:39 : Training Troops...
2015-08-03 00:18:49 : Time Idle: 00:02:08
2015-08-03 00:18:49 : ====== Waiting for full army ======
2015-08-03 00:19:01 : Checking Army Camp...
2015-08-03 00:19:03 : Total Army Camp capacity: 82/200
2015-08-03 00:19:04 :  - No. of Barbarians: 46
2015-08-03 00:19:04 :  - No. of Archers: 36
2015-08-03 00:19:04 : Training Troops...
2015-08-03 00:19:14 : Time Idle: 00:02:33
2015-08-03 00:19:14 : ====== Waiting for full army ======
2015-08-03 00:19:26 : Checking Army Camp...
2015-08-03 00:19:28 : Total Army Camp capacity: 86/200
2015-08-03 00:19:29 :  - No. of Barbarians: 48
2015-08-03 00:19:29 :  - No. of Archers: 38
2015-08-03 00:19:29 : Training Troops...
2015-08-03 00:19:39 : Time Idle: 00:02:58
2015-08-03 00:19:39 : ====== Waiting for full army ======
2015-08-03 00:19:50 : Chat Request: 1 drag 5 et 1 ballon 6 gdc
2015-08-03 00:19:50 : General Blacklist Keyword found: gdc
2015-08-03 00:19:52 : Chat Request: golem soso valkyri pekka sorciere d
2015-08-03 00:19:55 : Checking Army Camp...
2015-08-03 00:19:57 : Total Army Camp capacity: 89/200
2015-08-03 00:19:58 :  - No. of Barbarians: 49
2015-08-03 00:19:58 :  - No. of Archers: 40
2015-08-03 00:19:58 : Training Troops...
2015-08-03 00:20:08 : Time Idle: 00:03:27
2015-08-03 00:20:08 : ====== Waiting for full army ======
2015-08-03 00:20:20 : Checking Army Camp...
2015-08-03 00:20:22 : Total Army Camp capacity: 92/200
2015-08-03 00:20:23 :  - No. of Barbarians: 50
2015-08-03 00:20:23 :  - No. of Archers: 42
2015-08-03 00:20:23 : Training Troops...
2015-08-03 00:20:32 : Time Idle: 00:03:51
2015-08-03 00:20:32 : ====== Waiting for full army ======
2015-08-03 00:20:44 : Checking Army Camp...
2015-08-03 00:20:46 : Total Army Camp capacity: 95/200
2015-08-03 00:20:47 :  - No. of Barbarians: 51
2015-08-03 00:20:47 :  - No. of Archers: 44
2015-08-03 00:20:48 : Training Troops...
2015-08-03 00:20:57 : Time Idle: 00:04:16
2015-08-03 00:20:58 : ====== Waiting for full army ======
2015-08-03 00:21:09 : Checking Army Camp...
2015-08-03 00:21:11 : Total Army Camp capacity: 99/200
2015-08-03 00:21:12 :  - No. of Barbarians: 53
2015-08-03 00:21:12 :  - No. of Archers: 46
2015-08-03 00:21:13 : Training Troops...
2015-08-03 00:21:22 : Time Idle: 00:04:40
2015-08-03 00:21:22 : ====== Waiting for full army ======
2015-08-03 00:21:34 : Checking Army Camp...
2015-08-03 00:21:36 : Total Army Camp capacity: 102/200
2015-08-03 00:21:37 :  - No. of Barbarians: 54
2015-08-03 00:21:37 :  - No. of Archers: 48
2015-08-03 00:21:38 : Training Troops...
2015-08-03 00:21:47 : Time Idle: 00:05:05
2015-08-03 00:21:47 : ====== Waiting for full army ======
2015-08-03 00:21:59 : Checking Army Camp...
2015-08-03 00:22:01 : Total Army Camp capacity: 105/200
2015-08-03 00:22:02 :  - No. of Barbarians: 55
2015-08-03 00:22:02 :  - No. of Archers: 50
2015-08-03 00:22:03 : Training Troops...
2015-08-03 00:22:12 : Time Idle: 00:05:29
2015-08-03 00:22:12 : ====== Waiting for full army ======
2015-08-03 00:22:14 : Chat Request: live !
2015-08-03 00:22:16 : Chat Request: 1 drag 5 et 1 ballon 6 gdc
2015-08-03 00:22:16 : General Blacklist Keyword found: gdc
2015-08-03 00:22:17 : Chat Request: golem soso valkyri pekka sorciere d
2015-08-03 00:22:23 : Chat Request: 1 drag 5 et 1 ballon 6 gdc
2015-08-03 00:22:23 : General Blacklist Keyword found: gdc
2015-08-03 00:22:25 : Chat Request: golem soso valkyri pekka sorciere d
2015-08-03 00:22:32 : Chat Request: 1 drag 5 et 1 ballon 6 gdc
2015-08-03 00:22:32 : General Blacklist Keyword found: gdc
2015-08-03 00:22:33 : Chat Request: golem soso valkyri pekka sorciere d
2015-08-03 00:22:38 : Checking Army Camp...
2015-08-03 00:22:40 : Total Army Camp capacity: 111/200
2015-08-03 00:22:41 :  - No. of Barbarians: 57
2015-08-03 00:22:41 :  - No. of Archers: 54
2015-08-03 00:22:41 : Training Troops...
2015-08-03 00:22:51 : Time Idle: 00:06:08
2015-08-03 00:22:51 : ====== Waiting for full army ======
2015-08-03 00:23:03 : Collecting Resources
2015-08-03 00:23:09 : Checking Army Camp...
2015-08-03 00:23:11 : Total Army Camp capacity: 115/200
2015-08-03 00:23:13 :  - No. of Barbarians: 59
2015-08-03 00:23:13 :  - No. of Archers: 56
2015-08-03 00:23:13 : Training Troops...
2015-08-03 00:23:22 : Time Idle: 00:06:39
2015-08-03 00:23:23 : ====== Waiting for full army ======
2015-08-03 00:23:34 : Checking Army Camp...
2015-08-03 00:23:36 : Total Army Camp capacity: 118/200
2015-08-03 00:23:38 :  - No. of Barbarians: 60
2015-08-03 00:23:38 :  - No. of Archers: 58
2015-08-03 00:23:38 : Training Troops...
2015-08-03 00:23:48 : Time Idle: 00:07:05
2015-08-03 00:23:48 : ====== Waiting for full army ======
2015-08-03 00:24:00 : Checking Army Camp...
2015-08-03 00:24:02 : Total Army Camp capacity: 121/200
2015-08-03 00:24:03 :  - No. of Barbarians: 61
2015-08-03 00:24:03 :  - No. of Archers: 60
2015-08-03 00:24:03 : Training Troops...
2015-08-03 00:24:13 : Time Idle: 00:07:29
2015-08-03 00:24:13 : ====== Waiting for full army ======
2015-08-03 00:24:25 : Checking Army Camp...
2015-08-03 00:24:27 : Total Army Camp capacity: 124/200
2015-08-03 00:24:28 :  - No. of Barbarians: 62
2015-08-03 00:24:28 :  - No. of Archers: 62
2015-08-03 00:24:28 : Training Troops...
2015-08-03 00:24:38 : Time Idle: 00:07:54
2015-08-03 00:24:38 : ====== Waiting for full army ======
2015-08-03 00:24:50 : Checking Army Camp...
2015-08-03 00:24:52 : Total Army Camp capacity: 128/200
2015-08-03 00:24:53 :  - No. of Barbarians: 64
2015-08-03 00:24:53 :  - No. of Archers: 64
2015-08-03 00:24:53 : Training Troops...
2015-08-03 00:25:03 : Time Idle: 00:08:18
2015-08-03 00:25:03 : ====== Waiting for full army ======
2015-08-03 00:25:15 : Checking Army Camp...
2015-08-03 00:25:17 : Total Army Camp capacity: 131/200
2015-08-03 00:25:18 :  - No. of Barbarians: 65
2015-08-03 00:25:21 :  - No. of Archers: 66
2015-08-03 00:25:21 : Training Troops...
2015-08-03 00:25:46 : Time Idle: 00:09:02
2015-08-03 00:25:46 : ====== Waiting for full army ======
2015-08-03 00:25:59 : Checking Army Camp...
2015-08-03 00:26:00 : Total Army Camp capacity: 137/200
2015-08-03 00:26:01 :  - No. of Barbarians: 67
2015-08-03 00:26:01 :  - No. of Archers: 70
2015-08-03 00:26:02 : Training Troops...
2015-08-03 00:26:11 : Time Idle: 00:09:26
2015-08-03 00:26:12 : ====== Waiting for full army ======
2015-08-03 00:26:24 : Checking Army Camp...
2015-08-03 00:26:25 : Total Army Camp capacity: 139/200
2015-08-03 00:26:26 :  - No. of Barbarians: 68
2015-08-03 00:26:26 :  - No. of Archers: 72
2015-08-03 00:26:27 : Training Troops...
2015-08-03 00:26:36 : Time Idle: 00:09:51
2015-08-03 00:26:36 : ====== Waiting for full army ======
2015-08-03 00:26:48 : Checking Army Camp...
2015-08-03 00:26:50 : Total Army Camp capacity: 143/200
2015-08-03 00:26:51 :  - No. of Barbarians: 70
2015-08-03 00:26:51 :  - No. of Archers: 73
2015-08-03 00:26:51 : Training Troops...
2015-08-03 00:27:01 : Time Idle: 00:10:16
2015-08-03 00:27:01 : ====== Waiting for full army ======
2015-08-03 00:27:13 : Checking Army Camp...
2015-08-03 00:27:15 : Total Army Camp capacity: 146/200
2015-08-03 00:27:16 :  - No. of Barbarians: 71
2015-08-03 00:27:16 :  - No. of Archers: 75
2015-08-03 00:27:16 : Training Troops...
2015-08-03 00:27:26 : Time Idle: 00:10:40
2015-08-03 00:27:26 : ====== Waiting for full army ======
2015-08-03 00:27:27 : Chat Request: golem soso valkyri pekka sorciere d
2015-08-03 00:27:29 : Chat Request: 1 drag 5 et 1 ballon 6 gdc
2015-08-03 00:27:29 : General Blacklist Keyword found: gdc
2015-08-03 00:27:36 : Chat Request: golem soso valkyri pekka sorciere d
2015-08-03 00:27:37 : Chat Request: 1 drag 5 et 1 ballon 6 gdc
2015-08-03 00:27:37 : General Blacklist Keyword found: gdc
2015-08-03 00:27:45 : Checking Army Camp...
2015-08-03 00:27:47 : Total Army Camp capacity: 150/200
2015-08-03 00:27:48 :  - No. of Barbarians: 72
2015-08-03 00:27:48 :  - No. of Archers: 78
2015-08-03 00:27:48 : Training Troops...
2015-08-03 00:27:58 : Time Idle: 00:11:12
2015-08-03 00:27:58 : ====== Waiting for full army ======
2015-08-03 00:28:00 : Chat Request: golem soso valkyri pekka sorciere d
2015-08-03 00:28:02 : Chat Request: 1 drag 5 et 1 ballon 6 gdc
2015-08-03 00:28:02 : General Blacklist Keyword found: gdc
2015-08-03 00:28:14 : Collecting Resources
2015-08-03 00:28:21 : Checking Army Camp...
2015-08-03 00:28:23 : Total Army Camp capacity: 154/200
2015-08-03 00:28:24 :  - No. of Barbarians: 74
2015-08-03 00:28:24 :  - No. of Archers: 80
2015-08-03 00:28:24 : Training Troops...
2015-08-03 00:28:33 : Time Idle: 00:11:47
2015-08-03 00:28:34 : ====== Waiting for full army ======
2015-08-03 00:28:46 : Checking Army Camp...
2015-08-03 00:28:48 : Total Army Camp capacity: 157/200
2015-08-03 00:28:48 :  - No. of Barbarians: 75
2015-08-03 00:28:49 :  - No. of Archers: 82
2015-08-03 00:28:49 : Training Troops...
2015-08-03 00:28:58 : Time Idle: 00:12:12
2015-08-03 00:28:59 : ====== Waiting for full army ======
2015-08-03 00:29:00 : Chat Request: golem soso valkyri pekka sorciere d
2015-08-03 00:29:02 : Chat Request: 1 drag 5 et 1 ballon 6 gdc
2015-08-03 00:29:02 : General Blacklist Keyword found: gdc
2015-08-03 00:29:05 : Chat Request: golem soso valkyri pekka sorciere d
2015-08-03 00:29:07 : Chat Request: 1 drag 5 et 1 ballon 6 gdc
2015-08-03 00:29:07 : General Blacklist Keyword found: gdc
2015-08-03 00:29:11 : Chat Request: golem soso valkyri pekka sorciere d
2015-08-03 00:29:13 : Chat Request: 1 drag 5 et 1 ballon 6 gdc
2015-08-03 00:29:13 : General Blacklist Keyword found: gdc
2015-08-03 00:29:22 : Checking Army Camp...
2015-08-03 00:29:24 : Total Army Camp capacity: 163/200
2015-08-03 00:29:25 :  - No. of Barbarians: 77
2015-08-03 00:29:25 :  - No. of Archers: 86
2015-08-03 00:29:25 : Training Troops...
2015-08-03 00:29:35 : Time Idle: 00:12:48
2015-08-03 00:29:35 : ====== Waiting for full army ======
2015-08-03 00:29:38 : Chat Request: golem soso valkyri pekka sorciere d
2015-08-03 00:29:40 : Chat Request: 1 drag 5 et 1 ballon 6 gdc
2015-08-03 00:29:40 : General Blacklist Keyword found: gdc
2015-08-03 00:29:51 : Checking Army Camp...
2015-08-03 00:29:53 : Total Army Camp capacity: 167/200
2015-08-03 00:29:54 :  - No. of Barbarians: 79
2015-08-03 00:29:54 :  - No. of Archers: 88
2015-08-03 00:29:54 : Training Troops...
2015-08-03 00:30:04 : Time Idle: 00:13:17
2015-08-03 00:30:04 : ====== Waiting for full army ======
2015-08-03 00:30:16 : Checking Army Camp...
2015-08-03 00:30:18 : Total Army Camp capacity: 170/200
2015-08-03 00:30:19 :  - No. of Barbarians: 80
2015-08-03 00:30:19 :  - No. of Archers: 90
2015-08-03 00:30:19 : Training Troops...
2015-08-03 00:30:28 : Time Idle: 00:13:41
2015-08-03 00:30:29 : ====== Waiting for full army ======
2015-08-03 00:30:41 : Checking Army Camp...
2015-08-03 00:30:43 : Total Army Camp capacity: 173/200
2015-08-03 00:30:44 :  - No. of Barbarians: 81
2015-08-03 00:30:44 :  - No. of Archers: 92
2015-08-03 00:30:44 : Training Troops...
2015-08-03 00:30:54 : Time Idle: 00:14:06
2015-08-03 00:30:54 : ====== Waiting for full army ======
2015-08-03 00:31:06 : Checking Army Camp...
2015-08-03 00:31:08 : Total Army Camp capacity: 176/200
2015-08-03 00:31:09 :  - No. of Barbarians: 82
2015-08-03 00:31:09 :  - No. of Archers: 94
2015-08-03 00:31:09 : Training Troops...
2015-08-03 00:31:19 : Time Idle: 00:14:31
2015-08-03 00:31:19 : ====== Waiting for full army ======
2015-08-03 00:31:20 : Chat Request: golem soso valkyri pekka sorciere d
2015-08-03 00:31:22 : Chat Request: 1 drag 5 et 1 ballon 6 gdc
2015-08-03 00:31:22 : General Blacklist Keyword found: gdc
2015-08-03 00:31:35 : Checking Army Camp...
2015-08-03 00:31:37 : Total Army Camp capacity: 180/200
2015-08-03 00:31:38 :  - No. of Barbarians: 84
2015-08-03 00:31:38 :  - No. of Archers: 96
2015-08-03 00:31:38 : Training Troops...
2015-08-03 00:31:39 : Your Army Camps are now Full
2015-08-03 00:31:47 : Going to Attack...
2015-08-03 00:31:53 : ============== Searching For Dead Base ===============
2015-08-03 00:31:53 : ~~~~~~~~~~~~~~~ SEARCH CONDITIONS ~~~~~~~~~~~~~~~~
2015-08-03 00:31:53 : Meet: Gold and Elixir, TH Outside
2015-08-03 00:31:53 : ~~~~~~~~~~~~~~ RESOURCE CONDITIONS ~~~~~~~~~~~~~~~
2015-08-03 00:31:53 : Aim: [G]: 999999 [E]: 999999 [D]:    0 [T]: 0, Out, Out, Out, Out, Out, Out, Out, Out, Out, Out, Out, Out, Out, Out, Out, Out, Out, Out, Out, Out, Out, Out, Out, Out, Out, Out, Out, Out, Out, Out, Out, Out for: Dead Base
2015-08-03 00:31:53 : ~~~~~~~~~~~~~~~ ADVANCED SETTINGS ~~~~~~~~~~~~~~~~
2015-08-03 00:31:53 : THSnipe Combo, 1 Tile(s), 
2015-08-03 00:31:53 : ==================================================
2015-08-03 00:31:55 :   1> [G]: 288284 [E]: 161739 [D]: 2156 [T]:14 [TH]: 8, Out
2015-08-03 00:31:55 : Defense found, but not near TH.
2015-08-03 00:31:55 : ~~~~~~~~~~~~~~~ TH Outside Found! ~~~~~~~~~~~~~~~~
2015-08-03 00:31:55 : ================ Search Complete =================
2015-08-03 00:31:55 : Initiating attack for: TH Snipe
2015-08-03 00:31:58 : -Barbarians 84
2015-08-03 00:31:58 : -Archers 97
2015-08-03 00:31:58 : -Clan Castle 
2015-08-03 00:31:58 : -King 
2015-08-03 00:31:58 : -Lightning Spells 3
2015-08-03 00:31:58 : -Poison Spells 1
2015-08-03 00:31:58 :  ====== Start Attack ====== 
2015-08-03 00:32:00 : 
2015-08-03 00:32:00 : Sniping TH with SmartBarch
2015-08-03 00:32:00 : Attacking TH with 1st wave of BARCH
2015-08-03 00:32:00 : Dropping first wave of 4 Barbarians
2015-08-03 00:32:02 : Deployment of Barbarians Successful!
2015-08-03 00:32:04 : Dropping first wave of 8 Archers
2015-08-03 00:32:06 : Deployment of Archers Successful!
2015-08-03 00:32:34 : Attacking TH with 2nd wave of BARCH
2015-08-03 00:32:34 : Dropping second wave of 8 Barbarians
2015-08-03 00:32:36 : Deployment of Barbarians Successful!
2015-08-03 00:32:37 : Dropping second wave of 10 Archers
2015-08-03 00:32:39 : Deployment of Archers Successful!
2015-08-03 00:32:41 : Dropping second wave of 8 Barbarians
2015-08-03 00:32:43 : Deployment of Barbarians Successful!
2015-08-03 00:32:44 : Cheap 1 star! Yay!
2015-08-03 00:32:48 : Checking if the battle has finished
2015-08-03 00:32:50 : detected [G]:  [E]:  [DE]:  |  Exit now 
2015-08-03 00:32:50 : Battle has finished
2015-08-03 00:32:50 : Returning Home
2015-08-03 00:32:54 : Loot: [G]: 4 644 [E]: 4 644 [DE]:  [T]: 4
2015-08-03 00:32:55 : Bonus [G]: 14 000 [E]: 14 000
2015-08-03 00:32:57 : Your league level is: Gold I
2015-08-03 00:32:57 : Stars earned: 1
2015-08-03 00:33:04 : Trying to locate Main Screen
2015-08-03 00:33:04 : Main Screen Located
2015-08-03 00:33:06 : Collecting Resources
2015-08-03 00:33:15 : Village Report
2015-08-03 00:33:15 : No. of Free/Total Builders: 0/4
2015-08-03 00:33:15 :  [T]: 1 815
2015-08-03 00:33:15 :  [G]: 6 001 000 [E]: 5 973 678 [D]: 63 356 [GEM]: 953
2015-08-03 00:33:18 : Chat Request: 1 drag 5 et 1 ballon 6 gdc
2015-08-03 00:33:18 : General Blacklist Keyword found: gdc
2015-08-03 00:33:20 : Checking Army Camp...
2015-08-03 00:33:22 : Total Army Camp capacity: 155/200
2015-08-03 00:33:23 :  - No. of Barbarians: 69
2015-08-03 00:33:23 :  - No. of Archers: 86
2015-08-03 00:33:23 : Training Troops...
2015-08-03 00:33:35 : Requesting Clan Castle Troops
2015-08-03 00:33:35 : Your Clan Castle is already full or you are not in a clan.
2015-08-03 00:33:37 : Checking Troop Upgrade in Laboratory ...
2015-08-03 00:33:37 : Updating village values [E]: 5970228 [D]: 63356
2015-08-03 00:33:38 : Trouble finding research button, try again...
2015-08-03 00:33:42 : Finished kicking
2015-08-03 00:33:42 : ====== Waiting for full army ======
2015-08-03 00:33:44 : Chat Request: 1 drag 5 et 1 ballon 6 gdc
2015-08-03 00:33:44 : General Blacklist Keyword found: gdc
2015-08-03 00:33:57 : Checking Army Camp...
2015-08-03 00:33:59 : Total Army Camp capacity: 160/200
2015-08-03 00:34:00 :  - No. of Barbarians: 71
2015-08-03 00:34:00 :  - No. of Archers: 89
2015-08-03 00:34:00 : Training Troops...
2015-08-03 00:34:10 : Time Idle: 00:00:27
2015-08-03 00:34:10 : ====== Waiting for full army ======
2015-08-03 00:34:12 : Chat Request: 1 drag 5 et 1 ballon 6 gdc
2015-08-03 00:34:12 : General Blacklist Keyword found: gdc
2015-08-03 00:34:23 : Chat Request: 1 drag 5 et 1 ballon 6 gdc
2015-08-03 00:34:23 : General Blacklist Keyword found: gdc
2015-08-03 00:34:28 : Checking Army Camp...
2015-08-03 00:34:30 : Total Army Camp capacity: 164/200
2015-08-03 00:34:30 :  - No. of Barbarians: 72
2015-08-03 00:34:31 :  - No. of Archers: 92
2015-08-03 00:34:31 : Training Troops...
2015-08-03 00:34:41 : Time Idle: 00:00:58
2015-08-03 00:34:41 : ====== Waiting for full army ======
2015-08-03 00:34:46 : Chat Request: 1 drag 5 et 1 ballon 6 gdc
2015-08-03 00:34:46 : General Blacklist Keyword found: gdc
2015-08-03 00:34:56 : Checking Army Camp...
2015-08-03 00:34:58 : Total Army Camp capacity: 168/200
2015-08-03 00:34:59 :  - No. of Barbarians: 74
2015-08-03 00:34:59 :  - No. of Archers: 94
2015-08-03 00:34:59 : Training Troops...
2015-08-03 00:35:10 : Time Idle: 00:01:27
2015-08-03 00:35:10 : ====== Waiting for full army ======
2015-08-03 00:35:13 : Chat Request: 1 drag 5 et 1 ballon 6 gdc
2015-08-03 00:35:13 : General Blacklist Keyword found: gdc
2015-08-03 00:35:25 : Collecting Resources
2015-08-03 00:35:42 : Checking Army Camp...
2015-08-03 00:35:44 : Total Army Camp capacity: 174/200
2015-08-03 00:35:46 :  - No. of Barbarians: 76
2015-08-03 00:35:46 :  - No. of Archers: 98
2015-08-03 00:35:46 : Training Troops...
2015-08-03 00:35:57 : Time Idle: 00:02:13
2015-08-03 00:35:57 : ====== Waiting for full army ======
2015-08-03 00:36:09 : Checking Army Camp...
2015-08-03 00:36:11 : Total Army Camp capacity: 177/200
2015-08-03 00:36:12 :  - No. of Barbarians: 77
2015-08-03 00:36:12 :  - No. of Archers: 100
2015-08-03 00:36:12 : Training Troops...
2015-08-03 00:36:23 : Time Idle: 00:02:39
2015-08-03 00:36:23 : ====== Waiting for full army ======
2015-08-03 00:36:25 : Chat Request: 1 drag 5 et 1 ballon 6 gdc
2015-08-03 00:36:25 : General Blacklist Keyword found: gdc
2015-08-03 00:36:30 : Chat Request: 1 drag 5 et 1 ballon 6 gdc
2015-08-03 00:36:30 : General Blacklist Keyword found: gdc
2015-08-03 00:36:41 : Checking Army Camp...
2015-08-03 00:36:42 : Total Army Camp capacity: 181/200
2015-08-03 00:36:44 :  - No. of Barbarians: 79
2015-08-03 00:36:44 :  - No. of Archers: 102
2015-08-03 00:36:44 : Training Troops...
2015-08-03 00:36:45 : Your Army Camps are now Full
2015-08-03 00:36:54 : Going to Attack...
2015-08-03 00:37:00 : ============== Searching For Dead Base ===============
2015-08-03 00:37:00 : ~~~~~~~~~~~~~~~ SEARCH CONDITIONS ~~~~~~~~~~~~~~~~
2015-08-03 00:37:00 : Meet: Gold and Elixir, TH Outside
2015-08-03 00:37:00 : ~~~~~~~~~~~~~~ RESOURCE CONDITIONS ~~~~~~~~~~~~~~~
2015-08-03 00:37:00 : Aim: [G]: 999999 [E]: 999999 [D]:    0 [T]: 0, Out, Out, Out, Out, Out, Out, Out, Out, Out, Out, Out, Out, Out, Out, Out, Out, Out, Out, Out, Out, Out, Out, Out, Out, Out, Out, Out, Out, Out, Out, Out, Out, Out for: Dead Base
2015-08-03 00:37:00 : ~~~~~~~~~~~~~~~ ADVANCED SETTINGS ~~~~~~~~~~~~~~~~
2015-08-03 00:37:00 : THSnipe Combo, 1 Tile(s), 
2015-08-03 00:37:00 : ==================================================
2015-08-03 00:37:02 :   1> [G]:  82884 [E]: 406784 [D]:  809 [T]:26 [TH]: 9, In
2015-08-03 00:37:08 :   2> [G]: 174998 [E]: 303413 [D]: 2036 [T]:14 [TH]: -, -
2015-08-03 00:37:11 :   3> [G]:  83241 [E]: 193124 [D]:   41 [T]:14 [TH]: 7, In
2015-08-03 00:37:17 :   4> [G]:  71216 [E]:  62420 [D]:  260 [T]:13 [TH]: 8, In
2015-08-03 00:37:20 :   5> [G]:  98953 [E]:  68542 [D]:   34 [T]:21 [TH]: 7, In
2015-08-03 00:37:26 :   6> [G]:  24258 [E]:  23486 [D]:  N/A [T]:13 [TH]: 7, In
2015-08-03 00:37:29 :   7> [G]: 183463 [E]:  83689 [D]: 1568 [T]:34 [TH]: 8, In
2015-08-03 00:37:32 :   8> [G]:  44886 [E]:  84902 [D]:  417 [T]:28 [TH]: 7, In
2015-08-03 00:37:35 :   9> [G]: 150627 [E]: 152610 [D]:  227 [T]:23 [TH]: 8, In
2015-08-03 00:37:39 :  10> [G]:  98136 [E]: 105134 [D]:  496 [T]:17 [TH]: 7, In
2015-08-03 00:37:41 :  11> [G]:   1350 [E]:   1350 [D]:    0 [T]:29 [TH]: 7, In
2015-08-03 00:37:48 :  12> [G]: 280446 [E]: 175800 [D]:  738 [T]:13 [TH]: 9, Out
2015-08-03 00:37:48 : Defense found, but not near TH.
2015-08-03 00:37:48 : ~~~~~~~~~~~~~~~ TH Outside Found! ~~~~~~~~~~~~~~~~
2015-08-03 00:37:48 : ================ Search Complete =================
2015-08-03 00:37:48 : Initiating attack for: TH Snipe
2015-08-03 00:37:50 : -Barbarians 80
2015-08-03 00:37:50 : -Archers 104
2015-08-03 00:37:50 : -Clan Castle 
2015-08-03 00:37:50 : -King 
2015-08-03 00:37:50 : -Lightning Spells 3
2015-08-03 00:37:50 : -Poison Spells 1
2015-08-03 00:37:50 :  ====== Start Attack ====== 
2015-08-03 00:37:53 : 
2015-08-03 00:37:53 : Sniping TH with SmartBarch
2015-08-03 00:37:53 : Attacking TH with 1st wave of BARCH
2015-08-03 00:37:53 : Dropping first wave of 4 Barbarians
2015-08-03 00:37:54 : Deployment of Barbarians Successful!
2015-08-03 00:37:56 : Dropping first wave of 8 Archers
2015-08-03 00:37:59 : Deployment of Archers Successful!
2015-08-03 00:38:27 : Easy 1 star! Yay!
2015-08-03 00:38:31 : Checking if the battle has finished
2015-08-03 00:38:33 : detected [G]:  [E]:  [DE]:  |  Exit now 
2015-08-03 00:38:33 : Battle has finished
2015-08-03 00:38:33 : Returning Home
2015-08-03 00:38:37 : Loot: [G]: 1 000 [E]: 1 000 [DE]:  [T]: 4
2015-08-03 00:38:38 : Bonus [G]: 14 000 [E]: 14 000
2015-08-03 00:38:40 : Your league level is: Gold I
2015-08-03 00:38:40 : Stars earned: 1
2015-08-03 00:38:48 : Trying to locate Main Screen
2015-08-03 00:38:48 : Main Screen Located
2015-08-03 00:38:49 : Collecting Resources
