2015-08-09 21:46:08 : ~ Clash Game Bot v4.1MODS Powered by GameBot.org ~
2015-08-09 21:46:08 : GameBot.org.exe Executable running on WIN_7  X64
2015-08-09 21:46:09 : =================== Bot Start ====================
2015-08-09 21:46:09 : -------------------------  Current Profile: 02 --------------------------
2015-08-09 21:46:09 :  Warning Debug Mode Enabled! Setlog: 1 OCR: 0 RedArea: 0 
2015-08-09 21:46:09 : Trying to locate Main Screen
2015-08-09 21:46:10 : Zooming Out
2015-08-09 21:46:10 : Index = 0
2015-08-09 21:46:11 : ControlFocus Result = 1, ControlSend Result = 1|0
2015-08-09 21:46:11 : Index = 2
2015-08-09 21:46:11 : ControlFocus Result = 1, ControlSend Result = 1|0
2015-08-09 21:46:11 : Index = 4
2015-08-09 21:46:11 : ControlFocus Result = 1, ControlSend Result = 1|0
2015-08-09 21:46:11 : Index = 6
2015-08-09 21:46:11 : ControlFocus Result = 1, ControlSend Result = 1|0
2015-08-09 21:46:12 : Index = 8
2015-08-09 21:46:12 : ControlFocus Result = 1, ControlSend Result = 1|0
2015-08-09 21:46:12 : Index = 10
2015-08-09 21:46:12 : ControlFocus Result = 1, ControlSend Result = 1|0
2015-08-09 21:46:12 : Index = 12
2015-08-09 21:46:12 : ControlFocus Result = 1, ControlSend Result = 1|0
2015-08-09 21:46:12 : Main Screen Located
2015-08-09 21:46:13 : Detecting your Buildings..
2015-08-09 21:46:22 : Language setting is English: Correct.
2015-08-09 21:46:22 : Bot clean start
2015-08-09 21:46:24 : Trying to locate Main Screen
2015-08-09 21:46:24 : Main Screen Located
2015-08-09 21:46:24 : checkMainScreen start quiet mode
2015-08-09 21:46:24 : checkMainScreen exit quiet mode
2015-08-09 21:46:25 : Collecting Resources
2015-08-09 21:46:30 : checkMainScreen start quiet mode
2015-08-09 21:46:30 : checkMainScreen exit quiet mode
2015-08-09 21:46:32 : Cannot find tombstones, Yard is clean!
2015-08-09 21:46:32 : checkMainScreen start quiet mode
2015-08-09 21:46:32 : checkMainScreen exit quiet mode
2015-08-09 21:46:33 : Checking if Village needs Rearming..
2015-08-09 21:46:40 : checkMainScreen start quiet mode
2015-08-09 21:46:40 : checkMainScreen exit quiet mode
2015-08-09 21:46:40 : checkMainScreen start quiet mode
2015-08-09 21:46:40 : checkMainScreen exit quiet mode
2015-08-09 21:46:41 : Village Report
2015-08-09 21:46:41 : No. of Free/Total Builders: 0/4
2015-08-09 21:46:41 :  [T]: 2 565
2015-08-09 21:46:41 :  [G]: 1 907 688 [E]: 5 259 022 [D]: 27 275 [GEM]: 1 993
2015-08-09 21:46:42 : checkMainScreen start quiet mode
2015-08-09 21:46:42 : checkMainScreen exit quiet mode
2015-08-09 21:46:42 : checkMainScreen start quiet mode
2015-08-09 21:46:42 : checkMainScreen exit quiet mode
2015-08-09 21:46:44 : checkMainScreen start quiet mode
2015-08-09 21:46:44 : checkMainScreen exit quiet mode
2015-08-09 21:46:44 : Func Train 
2015-08-09 21:46:44 : Train enabled, $TotalTrainedTroops= 0, Adj TotalCamp= -8
2015-08-09 21:46:44 : Checking Army Camp...
2015-08-09 21:46:45 : $sArmyInfo = 200#200
2015-08-09 21:46:45 : $CurCamp = 200
2015-08-09 21:46:45 : $TotalCamp = 200
2015-08-09 21:46:46 : Total Army Camp capacity: 200/200
2015-08-09 21:46:46 : $hBitmapFirst made
2015-08-09 21:46:46 : Calling CGBfunctions.dll/searchIdentifyTroopTrained 
2015-08-09 21:46:49 : Dll return $FullTemp :Barbarian|8-21|44#Archer|71-22|156
2015-08-09 21:46:49 : $Trooptype split # : 2
2015-08-09 21:46:49 : Start the Loop
2015-08-09 21:46:49 : $TroopTypeT[$i] split : 1
2015-08-09 21:46:49 :  - No. of Barbarians: 44
2015-08-09 21:46:49 : $TroopTypeT[$i] split : 2
2015-08-09 21:46:49 :  - No. of Archers: 156
2015-08-09 21:46:49 : start barrackstatus
2015-08-09 21:46:49 : OK, I'm in army overview
2015-08-09 21:46:49 : barrack 1 found upgrading! color 6B6964
2015-08-09 21:46:49 : barrack 2 found! color 888070
2015-08-09 21:46:49 : barrack 3 found! color 888070
2015-08-09 21:46:49 : barrack 4 found! color 888070
2015-08-09 21:46:49 : dark barrack 1 found! color 888070
2015-08-09 21:46:49 : dark barrack 2 found! color 888070
2015-08-09 21:46:49 : Factory Spell found! color 888070
2015-08-09 21:46:49 : Dark Factory Spell found! color 888070
2015-08-09 21:46:49 : Barracks and Spell factory status: 
2015-08-09 21:46:49 : - Barracks detected: 4 | Available: 3 | Upgrading: 1
2015-08-09 21:46:49 : - Dark Barracks detected: 2 | Available: 2 | Upgrading: 0
2015-08-09 21:46:49 : - Spell factory detected: 1 | Available: 1 | Upgrading: 0
2015-08-09 21:46:49 : - Dark Spell factory detected: 1 | Available: 1 | Upgrading: 0
2015-08-09 21:46:49 : Trainaviable[0] = 1
2015-08-09 21:46:49 : Trainaviable[1] = 0
2015-08-09 21:46:49 : Trainaviable[2] = 1
2015-08-09 21:46:49 : Trainaviable[3] = 1
2015-08-09 21:46:49 : Trainaviable[4] = 1
2015-08-09 21:46:49 : Trainaviable[5] = 1
2015-08-09 21:46:49 : Trainaviable[6] = 1
2015-08-09 21:46:49 : Trainaviable[7] = 1
2015-08-09 21:46:49 : Trainaviable[8] = 1
2015-08-09 21:46:49 : Training Troops...
2015-08-09 21:46:50 : Train: need to make normal troops: True
2015-08-09 21:46:50 : Train: need to make dark troops: False
2015-08-09 21:46:50 : LAST BARRACK = 4
2015-08-09 21:46:50 : OverView TabColor=B7BBB8
2015-08-09 21:46:50 : Last Barrack TabColor=888070
2015-08-09 21:46:50 : Last Barrack TabColor=888070
2015-08-09 21:46:50 : Your Army Camps are now Full
2015-08-09 21:46:50 : ---------COMPUTE TROOPS TO MAKE------------------------
2015-08-09 21:46:50 : -- Compute AnotherTroops to train
2015-08-09 21:46:50 : Need to train (height) GOBL:0% BARB: 120% ARCH: 80% AND 0 other troops space
2015-08-09 21:46:50 : Total Troops to be Trained= 200
2015-08-09 21:46:50 : BARRACKNUM: 3
2015-08-09 21:46:50 : ArchEBarrack: 26
2015-08-09 21:46:50 : BarbEBarrack: 40
2015-08-09 21:46:50 : DARKBARRACKNUM: 2
2015-08-09 21:46:50 : ---------END COMPUTE TROOPS TO MAKE--------------------
2015-08-09 21:46:50 : 
2015-08-09 21:46:50 : ---------TRAIN BARRACK MODE------------------------
2015-08-09 21:46:50 : Barrack4 selected
2015-08-09 21:46:53 : Full Check=DE58D0
2015-08-09 21:46:53 : Full Check=DE58D0
2015-08-09 21:46:53 : Full Check=FF7FF5
2015-08-09 21:46:53 : Full Check=FF7FF5
2015-08-09 21:46:53 : Full Check=FB75F1
2015-08-09 21:46:53 : Full Check=F164DF
2015-08-09 21:46:53 : Full Check=FF7FF5
2015-08-09 21:46:53 : Full Check=FE78F4
2015-08-09 21:46:53 : Full Check=FE78F4
2015-08-09 21:46:53 : Full Check=FF78F3
2015-08-09 21:46:53 : Full Check=FF7FF5
2015-08-09 21:46:53 : Full Check=FE78F4
2015-08-09 21:46:54 : Full Check=FF7FF5
2015-08-09 21:46:54 : Full Check=FE78F4
2015-08-09 21:46:54 : Full Check=FE78F4
2015-08-09 21:46:54 : Full Check=FF78F3
2015-08-09 21:46:54 : Full Check=FF7FF5
2015-08-09 21:46:54 : Full Check=FB75F1
2015-08-09 21:46:54 : Full Check=FF78F3
2015-08-09 21:46:54 : Full Check=FE78F4
2015-08-09 21:46:54 : Full Check=FF78F3
2015-08-09 21:46:54 : Full Check=FF7FF5
2015-08-09 21:46:54 : Full Check=FE78F4
2015-08-09 21:46:54 : Full Check=FF78F3
2015-08-09 21:46:54 : Full Check=FF78F3
2015-08-09 21:46:54 : Full Check=FB75F1
2015-08-09 21:46:54 : Full Check=FE78F4
2015-08-09 21:46:54 : Full Check=FF7FF5
2015-08-09 21:46:54 : Full Check=FB75F1
2015-08-09 21:46:54 : Full Check=FF78F3
2015-08-09 21:46:54 : Full Check=FF7FF5
2015-08-09 21:46:55 : Full Check=FE78F4
2015-08-09 21:46:55 : Full Check=FF78F3
2015-08-09 21:46:55 : Full Check=FF7FF5
2015-08-09 21:46:55 : Full Check=F164DF
2015-08-09 21:46:55 : Full Check=FF7FF5
2015-08-09 21:46:55 : Full Check=FE78F4
2015-08-09 21:46:55 : Full Check=FF78F3
2015-08-09 21:46:55 : Full Check=FF7FF5
2015-08-09 21:46:55 : Full Check=FE78F4
2015-08-09 21:46:55 : Full Check=FF78F3
2015-08-09 21:46:55 : Full Check=FE78F4
2015-08-09 21:46:55 : Full Check=FF80F8
2015-08-09 21:46:55 : Full Check=FB75F1
2015-08-09 21:46:55 : Full Check=FF78F3
2015-08-09 21:46:55 : Full Check=FE78F4
2015-08-09 21:46:55 : Full Check=FF80F8
2015-08-09 21:46:56 : Full Check=FF80F8
2015-08-09 21:46:56 : Full Check=FB75F1
2015-08-09 21:46:56 : Full Check=FF7FF5
2015-08-09 21:46:56 : Full Check=FF7FF5
2015-08-09 21:46:56 : Full Check=FF7FF5
2015-08-09 21:46:56 : Full Check=FE78F4
2015-08-09 21:46:56 : Full Check=FF7FF5
2015-08-09 21:46:56 : Full Check=FB75F1
2015-08-09 21:46:56 : Full Check=FF7FF5
2015-08-09 21:46:56 : Full Check=FF7FF5
2015-08-09 21:46:56 : Full Check=FF7FF5
2015-08-09 21:46:56 : Full Check=FF7FF5
2015-08-09 21:46:56 : Full Check=FE78F4
2015-08-09 21:46:56 : Full Check=FF78F3
2015-08-09 21:46:56 : Full Check=FB75F1
2015-08-09 21:46:56 : Full Check=FD74EE
2015-08-09 21:46:56 : Full Check=FF7FF5
2015-08-09 21:46:57 : Full Check=FF7FF5
2015-08-09 21:46:57 : Full Check=FF7FF5
2015-08-09 21:46:57 : Full Check=FF7FF5
2015-08-09 21:46:57 : Full Check=FB75F1
2015-08-09 21:46:57 : Full Check=FE78F4
2015-08-09 21:46:57 : Full Check=FF7FF5
2015-08-09 21:46:57 : Full Check=FB75F1
2015-08-09 21:46:57 : Full Check=FF7FF5
2015-08-09 21:46:57 : Full Check=FF7FF5
2015-08-09 21:46:57 : Full Check=FE78F4
2015-08-09 21:46:57 : Full Check=FB75F1
2015-08-09 21:46:58 : Move from Barrack 4 direction -1
2015-08-09 21:46:59 : Barrack3 selected
2015-08-09 21:47:02 : Full Check=E05AD0
2015-08-09 21:47:02 : Full Check=FF82F8
2015-08-09 21:47:02 : Full Check=FF79F5
2015-08-09 21:47:02 : Full Check=FF79F5
2015-08-09 21:47:02 : Full Check=FF7EF7
2015-08-09 21:47:02 : Full Check=FF7EF7
2015-08-09 21:47:02 : Full Check=FF79F5
2015-08-09 21:47:02 : Full Check=FF7BF6
2015-08-09 21:47:02 : Full Check=FF76F1
2015-08-09 21:47:02 : Full Check=FF79F5
2015-08-09 21:47:02 : Full Check=FF7EF7
2015-08-09 21:47:03 : Full Check=FF79F5
2015-08-09 21:47:03 : Full Check=FF7EF7
2015-08-09 21:47:03 : Full Check=FF79F5
2015-08-09 21:47:03 : Full Check=FF82F8
2015-08-09 21:47:03 : Full Check=FF76F1
2015-08-09 21:47:03 : Full Check=FF82F8
2015-08-09 21:47:03 : Full Check=FF76F1
2015-08-09 21:47:03 : Full Check=FF7EF7
2015-08-09 21:47:03 : Full Check=FF76F1
2015-08-09 21:47:03 : Full Check=FF79F5
2015-08-09 21:47:03 : Full Check=FF7EF7
2015-08-09 21:47:03 : Full Check=FF79F5
2015-08-09 21:47:03 : Full Check=FF7EF7
2015-08-09 21:47:03 : Full Check=FF7EF7
2015-08-09 21:47:03 : Full Check=FF76F1
2015-08-09 21:47:03 : Full Check=F167E2
2015-08-09 21:47:03 : Full Check=FF76F1
2015-08-09 21:47:04 : Full Check=FF7BF6
2015-08-09 21:47:04 : Full Check=FF76F1
2015-08-09 21:47:04 : Full Check=FF79F5
2015-08-09 21:47:04 : Full Check=FF79F5
2015-08-09 21:47:04 : Full Check=FF79F5
2015-08-09 21:47:04 : Full Check=FF7BF6
2015-08-09 21:47:04 : Full Check=FF79F5
2015-08-09 21:47:04 : Full Check=FF7BF6
2015-08-09 21:47:04 : Full Check=FF79F5
2015-08-09 21:47:04 : Full Check=FF7EF7
2015-08-09 21:47:04 : Full Check=FF7EF7
2015-08-09 21:47:04 : Full Check=FF79F5
2015-08-09 21:47:04 : Full Check=FF79F5
2015-08-09 21:47:04 : Full Check=FF7EF7
2015-08-09 21:47:04 : Full Check=FF7EF7
2015-08-09 21:47:04 : Full Check=FF76F1
2015-08-09 21:47:04 : Full Check=FF7EF7
2015-08-09 21:47:05 : Full Check=FF76F1
2015-08-09 21:47:05 : Full Check=FF76F1
2015-08-09 21:47:05 : Full Check=FF7EF7
2015-08-09 21:47:05 : Full Check=FF76F1
2015-08-09 21:47:05 : Full Check=FF7EF7
2015-08-09 21:47:05 : Full Check=FF79F5
2015-08-09 21:47:05 : Full Check=FF76F1
2015-08-09 21:47:05 : Full Check=FF82F8
2015-08-09 21:47:05 : Full Check=FF7EF7
2015-08-09 21:47:05 : Full Check=FF7EF7
2015-08-09 21:47:05 : Full Check=FF79F5
2015-08-09 21:47:05 : Full Check=FF7EF7
2015-08-09 21:47:05 : Full Check=FF7EF7
2015-08-09 21:47:05 : Full Check=FF7EF7
2015-08-09 21:47:05 : Full Check=FF82F8
2015-08-09 21:47:05 : Full Check=FF7BF6
2015-08-09 21:47:06 : Full Check=FF7EF7
2015-08-09 21:47:06 : Full Check=FF7EF7
2015-08-09 21:47:06 : Full Check=FF7EF7
2015-08-09 21:47:06 : Full Check=FF76F1
2015-08-09 21:47:06 : Full Check=FF7EF7
2015-08-09 21:47:06 : Full Check=FF79F5
2015-08-09 21:47:06 : Full Check=FF7BF6
2015-08-09 21:47:06 : Full Check=FF7EF7
2015-08-09 21:47:06 : Full Check=FF7EF7
2015-08-09 21:47:06 : Full Check=FF76F1
2015-08-09 21:47:06 : Full Check=FF7BF6
2015-08-09 21:47:06 : Full Check=FF7EF7
2015-08-09 21:47:06 : Full Check=FF7EF7
2015-08-09 21:47:06 : Full Check=FF79F5
2015-08-09 21:47:07 : Move from Barrack 3 direction -1
2015-08-09 21:47:08 : Barrack2 selected
2015-08-09 21:47:10 : Full Check=E05AD0
2015-08-09 21:47:10 : Full Check=FF82F8
2015-08-09 21:47:10 : Full Check=FF79F5
2015-08-09 21:47:10 : Full Check=FF7BF6
2015-08-09 21:47:10 : Full Check=FF7EF7
2015-08-09 21:47:10 : Full Check=FF79F5
2015-08-09 21:47:11 : Full Check=FF7EF7
2015-08-09 21:47:11 : Full Check=F167E2
2015-08-09 21:47:11 : Full Check=FF79F5
2015-08-09 21:47:11 : Full Check=FF79F5
2015-08-09 21:47:11 : Full Check=FF7BF6
2015-08-09 21:47:11 : Full Check=FF7EF7
2015-08-09 21:47:11 : Full Check=FF79F5
2015-08-09 21:47:11 : Full Check=FF79F5
2015-08-09 21:47:11 : Full Check=FF7EF7
2015-08-09 21:47:11 : Full Check=FF79F5
2015-08-09 21:47:11 : Full Check=FF7EF7
2015-08-09 21:47:11 : Full Check=FF79F5
2015-08-09 21:47:11 : Full Check=FF7EF7
2015-08-09 21:47:11 : Full Check=FF7EF7
2015-08-09 21:47:11 : Full Check=FF79F5
2015-08-09 21:47:11 : Full Check=FF76F1
2015-08-09 21:47:11 : Full Check=FF7BF6
2015-08-09 21:47:11 : Full Check=FF7EF7
2015-08-09 21:47:12 : Full Check=FF76F1
2015-08-09 21:47:12 : Full Check=FF79F5
2015-08-09 21:47:12 : Full Check=FF76F1
2015-08-09 21:47:12 : Full Check=FF79F5
2015-08-09 21:47:12 : Full Check=FF7BF6
2015-08-09 21:47:12 : Full Check=FF79F5
2015-08-09 21:47:12 : Full Check=FF7EF7
2015-08-09 21:47:12 : Full Check=FF7EF7
2015-08-09 21:47:12 : Full Check=FF79F5
2015-08-09 21:47:12 : Full Check=FF82F8
2015-08-09 21:47:12 : Full Check=FF7EF7
2015-08-09 21:47:12 : Full Check=FF79F5
2015-08-09 21:47:12 : Full Check=FF7EF7
2015-08-09 21:47:12 : Full Check=FF76F1
2015-08-09 21:47:12 : Full Check=FF79F5
2015-08-09 21:47:12 : Full Check=FF79F5
2015-08-09 21:47:13 : Full Check=FF79F5
2015-08-09 21:47:13 : Full Check=FF7EF7
2015-08-09 21:47:13 : Full Check=FF76F1
2015-08-09 21:47:13 : Full Check=FF7BF6
2015-08-09 21:47:13 : Full Check=FF79F5
2015-08-09 21:47:13 : Full Check=FF7EF7
2015-08-09 21:47:13 : Full Check=FF7EF7
2015-08-09 21:47:13 : Full Check=FF7BF6
2015-08-09 21:47:13 : Full Check=FF7BF6
2015-08-09 21:47:13 : Full Check=FF7EF7
2015-08-09 21:47:13 : Full Check=FF7EF7
2015-08-09 21:47:13 : Full Check=FF7EF7
2015-08-09 21:47:13 : Full Check=FF7BF6
2015-08-09 21:47:13 : Full Check=FF7BF6
2015-08-09 21:47:13 : Full Check=FF7BF6
2015-08-09 21:47:13 : Full Check=FF7BF6
2015-08-09 21:47:13 : Full Check=FF79F5
2015-08-09 21:47:13 : Full Check=FF7BF6
2015-08-09 21:47:14 : Full Check=FF82F8
2015-08-09 21:47:14 : Full Check=FF76F1
2015-08-09 21:47:14 : Full Check=FF7EF7
2015-08-09 21:47:14 : Full Check=FF76F1
2015-08-09 21:47:14 : Full Check=FF7EF7
2015-08-09 21:47:14 : Full Check=FF82F8
2015-08-09 21:47:14 : Full Check=FF7EF7
2015-08-09 21:47:14 : Full Check=FF76F1
2015-08-09 21:47:14 : Full Check=FF7EF7
2015-08-09 21:47:14 : Full Check=FF7EF7
2015-08-09 21:47:14 : Full Check=FF7EF7
2015-08-09 21:47:14 : Full Check=FF7EF7
2015-08-09 21:47:14 : Full Check=FF76F1
2015-08-09 21:47:14 : Full Check=FF7BF6
2015-08-09 21:47:14 : Full Check=FF7EF7
2015-08-09 21:47:14 : Full Check=FF76F1
2015-08-09 21:47:14 : Full Check=FF7BF6
2015-08-09 21:47:15 : Move from Barrack 2 direction -1
2015-08-09 21:47:16 : This is not a Barrack
2015-08-09 21:47:16 : ---=====================END TRAIN =======================================---
2015-08-09 21:47:18 : checkMainScreen start quiet mode
2015-08-09 21:47:18 : checkMainScreen exit quiet mode
2015-08-09 21:47:18 : checkMainScreen start quiet mode
2015-08-09 21:47:18 : checkMainScreen exit quiet mode
2015-08-09 21:47:20 : checkMainScreen start quiet mode
2015-08-09 21:47:20 : checkMainScreen exit quiet mode
2015-08-09 21:47:20 : Requesting Clan Castle Troops
2015-08-09 21:47:20 : $icount1 = 1, BB2BD1
2015-08-09 21:47:20 : Your Clan Castle is already full or you are not in a clan.
2015-08-09 21:47:21 : checkMainScreen start quiet mode
2015-08-09 21:47:21 : checkMainScreen exit quiet mode
2015-08-09 21:47:21 : checkMainScreen start quiet mode
2015-08-09 21:47:21 : checkMainScreen exit quiet mode
2015-08-09 21:47:22 : checkMainScreen start quiet mode
2015-08-09 21:47:22 : checkMainScreen exit quiet mode
2015-08-09 21:47:24 : Finished kicking
2015-08-09 21:47:24 : Func Idle 
2015-08-09 21:47:24 : $fullArmy=True $fullCC=False $fullHeroes=False $iUnbreakableMode=0
2015-08-09 21:47:25 : Going to Attack...
2015-08-09 21:47:29 : Take-A-Break OCR result = 
2015-08-09 21:47:30 : Shield btn clr chk-#1: 5E5D60, #2: 9D8875, #3: 626266, #4: 45596F
2015-08-09 21:47:31 : ============== Searching For Dead Base ===============
2015-08-09 21:47:31 : ~~~~~~~~~~~~~~~ SEARCH CONDITIONS ~~~~~~~~~~~~~~~~
2015-08-09 21:47:31 : Meet: Gold and Elixir, TH Outside
2015-08-09 21:47:31 : ~~~~~~~~~~~~~~ RESOURCE CONDITIONS ~~~~~~~~~~~~~~~
2015-08-09 21:47:31 : Aim: [G]: 999999 [E]: 999999 [D]:    0 [T]: 0, Out for: Dead Base
2015-08-09 21:47:31 : ~~~~~~~~~~~~~~~ ADVANCED SETTINGS ~~~~~~~~~~~~~~~~
2015-08-09 21:47:31 : THSnipe Combo, 1 Tile(s), 
2015-08-09 21:47:31 : ==================================================
2015-08-09 21:47:32 :   1> [G]: 116799 [E]:  34860 [D]: 1881 [T]:17 [TH]: 9, In
2015-08-09 21:47:34 : Loop to clean screen without Clouds , nº :1
2015-08-09 21:47:35 : Loop to clean screen without Clouds , nº :2
2015-08-09 21:47:35 : Loop to clean screen without Clouds , nº :3
2015-08-09 21:47:36 : Loop to clean screen without Clouds , nº :4
2015-08-09 21:47:36 : Loop to clean screen without Clouds , nº :5
2015-08-09 21:47:37 : Loop to clean screen without Clouds , nº :6
2015-08-09 21:47:38 :   2> [G]: 240012 [E]: 355105 [D]:  354 [T]:14 [TH]: 9, In
2015-08-09 21:47:40 : Loop to clean screen without Clouds , nº :1
2015-08-09 21:47:40 : Loop to clean screen without Clouds , nº :2
2015-08-09 21:47:41 : Loop to clean screen without Clouds , nº :3
2015-08-09 21:47:42 : Loop to clean screen without Clouds , nº :4
2015-08-09 21:47:42 : Loop to clean screen without Clouds , nº :5
2015-08-09 21:47:43 : Loop to clean screen without Clouds , nº :6
2015-08-09 21:47:44 : Loop to clean screen without Clouds , nº :7
2015-08-09 21:47:45 :   3> [G]: 143326 [E]:  66681 [D]: 1602 [T]:14 [TH]: 9, In
2015-08-09 21:47:46 : Loop to clean screen without Clouds , nº :1
2015-08-09 21:47:47 : Loop to clean screen without Clouds , nº :2
2015-08-09 21:47:48 : Loop to clean screen without Clouds , nº :3
2015-08-09 21:47:48 : Loop to clean screen without Clouds , nº :4
2015-08-09 21:47:49 : Loop to clean screen without Clouds , nº :5
2015-08-09 21:47:50 :   4> [G]:  72079 [E]: 120068 [D]:  835 [T]:19 [TH]: 9, In
2015-08-09 21:47:52 : Loop to clean screen without Clouds , nº :1
2015-08-09 21:47:52 : Loop to clean screen without Clouds , nº :2
2015-08-09 21:47:53 :   5> [G]:   2616 [E]:  76363 [D]:  229 [T]:16 [TH]: 9, In
2015-08-09 21:47:55 : Loop to clean screen without Clouds , nº :1
2015-08-09 21:47:56 : Loop to clean screen without Clouds , nº :2
2015-08-09 21:47:56 : Loop to clean screen without Clouds , nº :3
2015-08-09 21:47:57 : Loop to clean screen without Clouds , nº :4
2015-08-09 21:47:58 :   6> [G]: 129426 [E]: 116704 [D]: 2554 [T]:14 [TH]: 9, In
2015-08-09 21:48:00 : Loop to clean screen without Clouds , nº :1
2015-08-09 21:48:01 :   7> [G]: 165482 [E]:   7316 [D]: 1099 [T]:12 [TH]: 8, In
2015-08-09 21:48:02 : Loop to clean screen without Clouds , nº :1
2015-08-09 21:48:03 : Loop to clean screen without Clouds , nº :2
2015-08-09 21:48:03 : Loop to clean screen without Clouds , nº :3
2015-08-09 21:48:04 : Loop to clean screen without Clouds , nº :4
2015-08-09 21:48:05 : Loop to clean screen without Clouds , nº :5
2015-08-09 21:48:05 : Loop to clean screen without Clouds , nº :6
2015-08-09 21:48:06 : Loop to clean screen without Clouds , nº :7
2015-08-09 21:48:06 : Loop to clean screen without Clouds , nº :8
2015-08-09 21:48:07 : Loop to clean screen without Clouds , nº :9
2015-08-09 21:48:08 :   8> [G]:  87519 [E]:  31407 [D]:  342 [T]:17 [TH]: 9, In
2015-08-09 21:48:10 : Loop to clean screen without Clouds , nº :1
2015-08-09 21:48:10 : Loop to clean screen without Clouds , nº :2
2015-08-09 21:48:11 : Loop to clean screen without Clouds , nº :3
2015-08-09 21:48:12 : Loop to clean screen without Clouds , nº :4
2015-08-09 21:48:12 : Loop to clean screen without Clouds , nº :5
2015-08-09 21:48:13 :   9> [G]:  97552 [E]: 203420 [D]:  877 [T]:26 [TH]: 9, In
2015-08-09 21:48:15 : Loop to clean screen without Clouds , nº :1
2015-08-09 21:48:15 : Loop to clean screen without Clouds , nº :2
2015-08-09 21:48:17 :  10> [G]:  90422 [E]:  72560 [D]:  676 [T]:15 [TH]:10, In
2015-08-09 21:48:18 : Loop to clean screen without Clouds , nº :1
2015-08-09 21:48:19 : Loop to clean screen without Clouds , nº :2
2015-08-09 21:48:20 : Loop to clean screen without Clouds , nº :3
2015-08-09 21:48:20 : Loop to clean screen without Clouds , nº :4
2015-08-09 21:48:21 :  11> [G]:   3799 [E]:  25418 [D]:  654 [T]:26 [TH]: 9, In
2015-08-09 21:48:23 : Loop to clean screen without Clouds , nº :1
2015-08-09 21:48:24 : Loop to clean screen without Clouds , nº :2
2015-08-09 21:48:24 : Loop to clean screen without Clouds , nº :3
2015-08-09 21:48:25 : Loop to clean screen without Clouds , nº :4
2015-08-09 21:48:26 : Loop to clean screen without Clouds , nº :5
2015-08-09 21:48:26 : Loop to clean screen without Clouds , nº :6
2015-08-09 21:48:27 : Loop to clean screen without Clouds , nº :7
2015-08-09 21:48:28 :  12> [G]:  66013 [E]:  29060 [D]:  423 [T]:19 [TH]: 9, In
2015-08-09 21:48:29 : Loop to clean screen without Clouds , nº :1
2015-08-09 21:48:30 : Loop to clean screen without Clouds , nº :2
2015-08-09 21:48:31 : Loop to clean screen without Clouds , nº :3
2015-08-09 21:48:31 : Loop to clean screen without Clouds , nº :4
2015-08-09 21:48:32 : Loop to clean screen without Clouds , nº :5
2015-08-09 21:48:33 :  13> [G]: 106889 [E]:  42542 [D]:  334 [T]:12 [TH]: 9, In
2015-08-09 21:48:35 : Loop to clean screen without Clouds , nº :1
2015-08-09 21:48:35 : Loop to clean screen without Clouds , nº :2
2015-08-09 21:48:37 :  14> [G]:   9052 [E]:  55453 [D]:  241 [T]:15 [TH]:10, In
2015-08-09 21:48:38 : Loop to clean screen without Clouds , nº :1
2015-08-09 21:48:39 : Loop to clean screen without Clouds , nº :2
2015-08-09 21:48:40 : Loop to clean screen without Clouds , nº :3
2015-08-09 21:48:41 :  15> [G]:  39383 [E]:  70226 [D]: 1079 [T]:16 [TH]: 9, In
2015-08-09 21:48:42 : Loop to clean screen without Clouds , nº :1
2015-08-09 21:48:43 : Loop to clean screen without Clouds , nº :2
2015-08-09 21:48:44 : Loop to clean screen without Clouds , nº :3
2015-08-09 21:48:44 : Loop to clean screen without Clouds , nº :4
2015-08-09 21:48:45 : Loop to clean screen without Clouds , nº :5
2015-08-09 21:48:46 :  16> [G]:  63867 [E]: 105356 [D]: 1002 [T]:13 [TH]: 9, In
2015-08-09 21:48:48 : Loop to clean screen without Clouds , nº :1
2015-08-09 21:48:48 : Loop to clean screen without Clouds , nº :2
2015-08-09 21:48:49 : Loop to clean screen without Clouds , nº :3
2015-08-09 21:48:49 : Loop to clean screen without Clouds , nº :4
2015-08-09 21:48:50 : Loop to clean screen without Clouds , nº :5
2015-08-09 21:48:51 :  17> [G]:  17633 [E]:  74927 [D]: 1639 [T]:13 [TH]: 9, In
2015-08-09 21:48:53 : Loop to clean screen without Clouds , nº :1
2015-08-09 21:48:53 : Loop to clean screen without Clouds , nº :2
2015-08-09 21:48:54 : Loop to clean screen without Clouds , nº :3
2015-08-09 21:48:54 : Loop to clean screen without Clouds , nº :4
2015-08-09 21:48:55 : Loop to clean screen without Clouds , nº :5
2015-08-09 21:48:55 : Loop to clean screen without Clouds , nº :6
2015-08-09 21:48:57 :  18> [G]:  28748 [E]:  29139 [D]:  104 [T]:21 [TH]: 9, In
2015-08-09 21:48:58 : Loop to clean screen without Clouds , nº :1
2015-08-09 21:48:59 : Loop to clean screen without Clouds , nº :2
2015-08-09 21:49:00 :  19> [G]: 106305 [E]: 126265 [D]:  732 [T]:15 [TH]: 9, In
2015-08-09 21:49:02 : Loop to clean screen without Clouds , nº :1
2015-08-09 21:49:02 : Loop to clean screen without Clouds , nº :2
2015-08-09 21:49:03 : Loop to clean screen without Clouds , nº :3
2015-08-09 21:49:03 : Loop to clean screen without Clouds , nº :4
2015-08-09 21:49:04 :  20> [G]:  21437 [E]:  49492 [D]:  215 [T]:17 [TH]: 9, In
2015-08-09 21:49:06 : Loop to clean screen without Clouds , nº :1
2015-08-09 21:49:07 : Loop to clean screen without Clouds , nº :2
2015-08-09 21:49:08 :  21> [G]: 232842 [E]: 234566 [D]:  407 [T]: 4 [TH]: 8, In
2015-08-09 21:49:10 : Loop to clean screen without Clouds , nº :1
2015-08-09 21:49:10 : Loop to clean screen without Clouds , nº :2
2015-08-09 21:49:11 : Loop to clean screen without Clouds , nº :3
2015-08-09 21:49:11 : Loop to clean screen without Clouds , nº :4
2015-08-09 21:49:12 : Loop to clean screen without Clouds , nº :5
2015-08-09 21:49:12 : Loop to clean screen without Clouds , nº :6
2015-08-09 21:49:13 : Loop to clean screen without Clouds , nº :7
2015-08-09 21:49:14 :  22> [G]:  63801 [E]:  27072 [D]:  492 [T]: 3 [TH]: 8, In
2015-08-09 21:49:16 : Loop to clean screen without Clouds , nº :1
2015-08-09 21:49:16 : Loop to clean screen without Clouds , nº :2
2015-08-09 21:49:17 : Loop to clean screen without Clouds , nº :3
2015-08-09 21:49:17 : Loop to clean screen without Clouds , nº :4
2015-08-09 21:49:18 : Loop to clean screen without Clouds , nº :5
2015-08-09 21:49:19 :  23> [G]:  37170 [E]:  98255 [D]:  385 [T]: 3 [TH]: 8, In
2015-08-09 21:49:20 : Loop to clean screen without Clouds , nº :1
2015-08-09 21:49:21 : Loop to clean screen without Clouds , nº :2
2015-08-09 21:49:22 :  24> [G]:  15605 [E]:  26327 [D]:  880 [T]: 5 [TH]: 8, In
2015-08-09 21:49:24 : Loop to clean screen without Clouds , nº :1
2015-08-09 21:49:24 : Loop to clean screen without Clouds , nº :2
2015-08-09 21:49:25 : Loop to clean screen without Clouds , nº :3
2015-08-09 21:49:25 : Loop to clean screen without Clouds , nº :4
2015-08-09 21:49:26 : Loop to clean screen without Clouds , nº :5
2015-08-09 21:49:27 :  25> [G]:  91337 [E]: 257169 [D]: 2002 [T]:16 [TH]: 9, In
2015-08-09 21:49:29 : Loop to clean screen without Clouds , nº :1
2015-08-09 21:49:29 : Loop to clean screen without Clouds , nº :2
2015-08-09 21:49:30 :  26> [G]:  34531 [E]: 354813 [D]:  534 [T]:14 [TH]: 9, In
2015-08-09 21:49:32 : Loop to clean screen without Clouds , nº :1
2015-08-09 21:49:32 : Loop to clean screen without Clouds , nº :2
2015-08-09 21:49:33 : Loop to clean screen without Clouds , nº :3
2015-08-09 21:49:33 : Loop to clean screen without Clouds , nº :4
2015-08-09 21:49:34 : Loop to clean screen without Clouds , nº :5
2015-08-09 21:49:35 :  27> [G]:  58298 [E]:  25774 [D]:  672 [T]:14 [TH]: 9, In
2015-08-09 21:49:37 : Loop to clean screen without Clouds , nº :1
2015-08-09 21:49:38 :  28> [G]:  45190 [E]:  56713 [D]:  951 [T]: 9 [TH]: 8, In
2015-08-09 21:49:40 : Loop to clean screen without Clouds , nº :1
2015-08-09 21:49:41 : Loop to clean screen without Clouds , nº :2
2015-08-09 21:49:41 :  29> [G]:  59387 [E]:  99336 [D]:  884 [T]: 3 [TH]: 8, In
2015-08-09 21:49:43 : Loop to clean screen without Clouds , nº :1
2015-08-09 21:49:44 : Loop to clean screen without Clouds , nº :2
2015-08-09 21:49:44 :  30> [G]: 103482 [E]: 145072 [D]:  127 [T]: 2 [TH]: 7, In
2015-08-09 21:49:46 : Loop to clean screen without Clouds , nº :1
2015-08-09 21:49:47 : Loop to clean screen without Clouds , nº :2
2015-08-09 21:49:48 :  31> [G]:  50758 [E]:  26670 [D]:  424 [T]: 3 [TH]: 8, In
2015-08-09 21:49:49 : Loop to clean screen without Clouds , nº :1
2015-08-09 21:49:50 : Loop to clean screen without Clouds , nº :2
2015-08-09 21:49:51 :  32> [G]:  77724 [E]:  99812 [D]:  800 [T]: 2 [TH]: 8, In
2015-08-09 21:49:53 : Loop to clean screen without Clouds , nº :1
2015-08-09 21:49:53 : Loop to clean screen without Clouds , nº :2
2015-08-09 21:49:54 :  33> [G]:  26706 [E]:   4482 [D]:  499 [T]: 3 [TH]: 8, In
2015-08-09 21:49:56 : Loop to clean screen without Clouds , nº :1
2015-08-09 21:49:56 : Loop to clean screen without Clouds , nº :2
2015-08-09 21:49:57 :  34> [G]:  80946 [E]:  85048 [D]:  453 [T]: 1 [TH]: 7, In
2015-08-09 21:49:59 : Loop to clean screen without Clouds , nº :1
2015-08-09 21:49:59 : Loop to clean screen without Clouds , nº :2
2015-08-09 21:50:00 : Loop to clean screen without Clouds , nº :3
2015-08-09 21:50:01 : Loop to clean screen without Clouds , nº :4
2015-08-09 21:50:01 : Loop to clean screen without Clouds , nº :5
2015-08-09 21:50:02 : Loop to clean screen without Clouds , nº :6
2015-08-09 21:50:02 : Loop to clean screen without Clouds , nº :7
2015-08-09 21:50:03 : Loop to clean screen without Clouds , nº :8
2015-08-09 21:50:04 :  35> [G]:  55000 [E]:  60000 [D]:  120 [T]: 2 [TH]: 8, In
2015-08-09 21:50:06 : Loop to clean screen without Clouds , nº :1
2015-08-09 21:50:06 : Loop to clean screen without Clouds , nº :2
2015-08-09 21:50:08 :  36> [G]: 119351 [E]: 273026 [D]: 1870 [T]:24 [TH]:10, In
2015-08-09 21:50:09 : Loop to clean screen without Clouds , nº :1
2015-08-09 21:50:10 :  37> [G]:  21175 [E]:  46085 [D]:  420 [T]: 1 [TH]: 7, In
2015-08-09 21:50:12 : Loop to clean screen without Clouds , nº :1
2015-08-09 21:50:12 : Loop to clean screen without Clouds , nº :2
2015-08-09 21:50:13 : Loop to clean screen without Clouds , nº :3
2015-08-09 21:50:13 : Loop to clean screen without Clouds , nº :4
2015-08-09 21:50:14 : Loop to clean screen without Clouds , nº :5
2015-08-09 21:50:15 : Loop to clean screen without Clouds , nº :6
2015-08-09 21:50:15 : Loop to clean screen without Clouds , nº :7
2015-08-09 21:50:16 : Loop to clean screen without Clouds , nº :8
2015-08-09 21:50:16 : Loop to clean screen without Clouds , nº :9
2015-08-09 21:50:17 :  38> [G]:  51135 [E]:  44899 [D]:  451 [T]: 1 [TH]: 7, In
2015-08-09 21:50:19 : Loop to clean screen without Clouds , nº :1
2015-08-09 21:50:19 : Loop to clean screen without Clouds , nº :2
2015-08-09 21:50:20 :  39> [G]:  23246 [E]:  57908 [D]:  431 [T]: 2 [TH]: 7, In
2015-08-09 21:50:22 : Loop to clean screen without Clouds , nº :1
2015-08-09 21:50:22 : Loop to clean screen without Clouds , nº :2
2015-08-09 21:50:23 : Loop to clean screen without Clouds , nº :3
2015-08-09 21:50:23 : Loop to clean screen without Clouds , nº :4
2015-08-09 21:50:24 : Loop to clean screen without Clouds , nº :5
2015-08-09 21:50:24 : Loop to clean screen without Clouds , nº :6
2015-08-09 21:50:25 : Loop to clean screen without Clouds , nº :7
2015-08-09 21:50:25 : Loop to clean screen without Clouds , nº :8
2015-08-09 21:50:27 :  40> [G]:  30381 [E]:  39160 [D]: 1489 [T]:15 [TH]:10, In
2015-08-09 21:50:29 : Loop to clean screen without Clouds , nº :1
2015-08-09 21:50:29 : Loop to clean screen without Clouds , nº :2
2015-08-09 21:50:30 :  41> [G]:  47474 [E]:  73335 [D]:  315 [T]: 1 [TH]: 7, In
2015-08-09 21:50:32 : Loop to clean screen without Clouds , nº :1
2015-08-09 21:50:33 : Loop to clean screen without Clouds , nº :2
2015-08-09 21:50:33 : Loop to clean screen without Clouds , nº :3
2015-08-09 21:50:34 : Loop to clean screen without Clouds , nº :4
2015-08-09 21:50:34 : Loop to clean screen without Clouds , nº :5
2015-08-09 21:50:35 : Loop to clean screen without Clouds , nº :6
2015-08-09 21:50:36 : Loop to clean screen without Clouds , nº :7
2015-08-09 21:50:37 :  42> [G]: 140161 [E]: 144936 [D]:  662 [T]: 2 [TH]: 8, In
2015-08-09 21:50:38 : Loop to clean screen without Clouds , nº :1
2015-08-09 21:50:39 :  43> [G]:   2270 [E]:  38950 [D]:  145 [T]: 1 [TH]: 7, In
2015-08-09 21:50:41 : Loop to clean screen without Clouds , nº :1
2015-08-09 21:50:41 : Loop to clean screen without Clouds , nº :2
2015-08-09 21:50:42 : Loop to clean screen without Clouds , nº :3
2015-08-09 21:50:43 : Loop to clean screen without Clouds , nº :4
2015-08-09 21:50:43 : Loop to clean screen without Clouds , nº :5
2015-08-09 21:50:44 : Loop to clean screen without Clouds , nº :6
2015-08-09 21:50:44 : Loop to clean screen without Clouds , nº :7
2015-08-09 21:50:45 : Loop to clean screen without Clouds , nº :8
2015-08-09 21:50:46 :  44> [G]:  80795 [E]: 152583 [D]:  729 [T]:17 [TH]: 9, In
2015-08-09 21:50:48 : Loop to clean screen without Clouds , nº :1
2015-08-09 21:50:48 :  45> [G]:   5620 [E]:  29868 [D]:   98 [T]: 1 [TH]: 7, In
2015-08-09 21:50:50 : Loop to clean screen without Clouds , nº :1
2015-08-09 21:50:51 : Loop to clean screen without Clouds , nº :2
2015-08-09 21:50:51 : Loop to clean screen without Clouds , nº :3
2015-08-09 21:50:52 : Loop to clean screen without Clouds , nº :4
2015-08-09 21:50:52 : Loop to clean screen without Clouds , nº :5
2015-08-09 21:50:53 : Loop to clean screen without Clouds , nº :6
2015-08-09 21:50:53 : Loop to clean screen without Clouds , nº :7
2015-08-09 21:50:54 : Loop to clean screen without Clouds , nº :8
2015-08-09 21:50:55 :  46> [G]:  32686 [E]:  22668 [D]:  281 [T]: 2 [TH]: 8, In
2015-08-09 21:50:57 : Loop to clean screen without Clouds , nº :1
2015-08-09 21:50:57 : Loop to clean screen without Clouds , nº :2
2015-08-09 21:50:58 :  47> [G]:   2700 [E]:  19075 [D]:  294 [T]: 1 [TH]: 7, In
2015-08-09 21:51:00 : Loop to clean screen without Clouds , nº :1
2015-08-09 21:51:00 : Loop to clean screen without Clouds , nº :2
2015-08-09 21:51:01 : Loop to clean screen without Clouds , nº :3
2015-08-09 21:51:01 : Loop to clean screen without Clouds , nº :4
2015-08-09 21:51:02 : Loop to clean screen without Clouds , nº :5
2015-08-09 21:51:02 : Loop to clean screen without Clouds , nº :6
2015-08-09 21:51:03 : Loop to clean screen without Clouds , nº :7
2015-08-09 21:51:03 : Loop to clean screen without Clouds , nº :8
2015-08-09 21:51:04 : Loop to clean screen without Clouds , nº :9
2015-08-09 21:51:05 :  48> [G]:  49903 [E]:  70761 [D]:  529 [T]: 5 [TH]: 8, In
2015-08-09 21:51:07 : Loop to clean screen without Clouds , nº :1
2015-08-09 21:51:07 : Loop to clean screen without Clouds , nº :2
2015-08-09 21:51:08 :  49> [G]: 146699 [E]: 166690 [D]:  629 [T]: 1 [TH]: 7, In
2015-08-09 21:51:10 : Loop to clean screen without Clouds , nº :1
2015-08-09 21:51:10 :  50> [G]:  47675 [E]:  65844 [D]:  789 [T]: 1 [TH]: 7, In
2015-08-09 21:51:12 : Loop to clean screen without Clouds , nº :1
2015-08-09 21:51:13 : Loop to clean screen without Clouds , nº :2
2015-08-09 21:51:13 : Loop to clean screen without Clouds , nº :3
2015-08-09 21:51:14 : Loop to clean screen without Clouds , nº :4
2015-08-09 21:51:15 : Loop to clean screen without Clouds , nº :5
2015-08-09 21:51:15 : Loop to clean screen without Clouds , nº :6
2015-08-09 21:51:16 : Loop to clean screen without Clouds , nº :7
2015-08-09 21:51:17 : Loop to clean screen without Clouds , nº :8
2015-08-09 21:51:18 :  51> [G]:  35488 [E]:   9571 [D]:  791 [T]:14 [TH]: 9, In
2015-08-09 21:51:19 : Loop to clean screen without Clouds , nº :1
2015-08-09 21:51:20 : Loop to clean screen without Clouds , nº :2
2015-08-09 21:51:21 :  52> [G]:  19838 [E]:   9135 [D]:  592 [T]: 6 [TH]: 8, In
2015-08-09 21:51:23 : Loop to clean screen without Clouds , nº :1
2015-08-09 21:51:23 : Loop to clean screen without Clouds , nº :2
2015-08-09 21:51:24 :  53> [G]:  72227 [E]: 118621 [D]:   61 [T]: 1 [TH]: 7, In
2015-08-09 21:51:26 : Loop to clean screen without Clouds , nº :1
2015-08-09 21:51:26 : Loop to clean screen without Clouds , nº :2
2015-08-09 21:51:27 : Loop to clean screen without Clouds , nº :3
2015-08-09 21:51:27 : Loop to clean screen without Clouds , nº :4
2015-08-09 21:51:28 : Loop to clean screen without Clouds , nº :5
2015-08-09 21:51:29 : Loop to clean screen without Clouds , nº :6
2015-08-09 21:51:29 : Loop to clean screen without Clouds , nº :7
2015-08-09 21:51:30 : Loop to clean screen without Clouds , nº :8
2015-08-09 21:51:30 : Loop to clean screen without Clouds , nº :9
2015-08-09 21:51:31 : Loop to clean screen without Clouds , nº :10
2015-08-09 21:51:32 :  54> [G]:  63257 [E]:  63771 [D]:  199 [T]: 5 [TH]: 8, In
2015-08-09 21:51:33 : Loop to clean screen without Clouds , nº :1
2015-08-09 21:51:34 : Loop to clean screen without Clouds , nº :2
2015-08-09 21:51:35 :  55> [G]:  38979 [E]:  33206 [D]:  754 [T]:13 [TH]: 9, In
2015-08-09 21:51:37 : Loop to clean screen without Clouds , nº :1
2015-08-09 21:51:37 : Loop to clean screen without Clouds , nº :2
2015-08-09 21:51:38 :  56> [G]:  29426 [E]:  98143 [D]:  261 [T]: 6 [TH]: 8, In
2015-08-09 21:51:40 : Loop to clean screen without Clouds , nº :1
2015-08-09 21:51:41 : Loop to clean screen without Clouds , nº :2
2015-08-09 21:51:42 :  57> [G]: 100595 [E]:  74971 [D]:  674 [T]: 2 [TH]: 8, In
2015-08-09 21:51:43 : Loop to clean screen without Clouds , nº :1
2015-08-09 21:51:44 : Loop to clean screen without Clouds , nº :2
2015-08-09 21:51:45 :  58> [G]: 261544 [E]: 219424 [D]: 1360 [T]:18 [TH]:10, In
2015-08-09 21:51:47 : Loop to clean screen without Clouds , nº :1
2015-08-09 21:51:47 : Loop to clean screen without Clouds , nº :2
2015-08-09 21:51:48 :  59> [G]:  84412 [E]:  49230 [D]:  960 [T]: 4 [TH]: 8, In
2015-08-09 21:51:50 : Loop to clean screen without Clouds , nº :1
2015-08-09 21:51:51 : Loop to clean screen without Clouds , nº :2
2015-08-09 21:51:52 :  60> [G]: 100930 [E]: 183594 [D]: 1094 [T]:23 [TH]: 9, In
2015-08-09 21:51:53 : Loop to clean screen without Clouds , nº :1
2015-08-09 21:51:54 : Loop to clean screen without Clouds , nº :2
2015-08-09 21:51:55 :  61> [G]:  17586 [E]:  45336 [D]:  123 [T]: 3 [TH]: 8, In
2015-08-09 21:51:57 : Loop to clean screen without Clouds , nº :1
2015-08-09 21:51:57 : Loop to clean screen without Clouds , nº :2
2015-08-09 21:51:58 :  62> [G]: 103045 [E]: 224927 [D]:  842 [T]: 3 [TH]: 8, In
2015-08-09 21:52:00 : Loop to clean screen without Clouds , nº :1
2015-08-09 21:52:01 : Loop to clean screen without Clouds , nº :2
2015-08-09 21:52:01 : Loop to clean screen without Clouds , nº :3
2015-08-09 21:52:02 :  63> [G]:  78694 [E]:  26738 [D]:   79 [T]: 1 [TH]: 7, In
2015-08-09 21:52:04 : Loop to clean screen without Clouds , nº :1
2015-08-09 21:52:04 : Loop to clean screen without Clouds , nº :2
2015-08-09 21:52:05 : Loop to clean screen without Clouds , nº :3
2015-08-09 21:52:05 : Loop to clean screen without Clouds , nº :4
2015-08-09 21:52:06 :  64> [G]:  21915 [E]:  60251 [D]:  191 [T]: 3 [TH]: 8, In
2015-08-09 21:52:08 : Loop to clean screen without Clouds , nº :1
2015-08-09 21:52:09 : Loop to clean screen without Clouds , nº :2
2015-08-09 21:52:09 :  65> [G]:  43697 [E]:  58694 [D]:  333 [T]: 1 [TH]: 7, In
2015-08-09 21:52:11 : Loop to clean screen without Clouds , nº :1
2015-08-09 21:52:12 : Loop to clean screen without Clouds , nº :2
2015-08-09 21:52:12 : Loop to clean screen without Clouds , nº :3
2015-08-09 21:52:13 : Loop to clean screen without Clouds , nº :4
2015-08-09 21:52:13 : Loop to clean screen without Clouds , nº :5
2015-08-09 21:52:14 : Loop to clean screen without Clouds , nº :6
2015-08-09 21:52:14 : Loop to clean screen without Clouds , nº :7
2015-08-09 21:52:18 :  66> [G]:   2537 [E]:  87420 [D]:  597 [T]: 1 [TH]: 7, Out
2015-08-09 21:52:18 : No major traps found near TH.
2015-08-09 21:52:18 : ~~~~~~~~~~~~~~~ TH Outside Found! ~~~~~~~~~~~~~~~~
2015-08-09 21:52:18 : ================ Search Complete =================
2015-08-09 21:52:18 : Initiating attack for: TH Snipe
2015-08-09 21:52:20 : DLL Troopsbar list: Barbarian|43-26|44#Archer|115-30|156#Castle|184-85|0#King|260-31|0#LightSpell|332-31|3#PoisonSpell|400-28|1
2015-08-09 21:52:20 : -Barbarians 44
2015-08-09 21:52:20 : -Archers 156
2015-08-09 21:52:20 : -Clan Castle 
2015-08-09 21:52:20 : -King 
2015-08-09 21:52:20 : -Lightning Spells 3
2015-08-09 21:52:20 : -Poison Spells 1
2015-08-09 21:52:20 :  ====== Start Attack ====== 
2015-08-09 21:52:22 : Sending 1st wave of archers and Barbarians.
2015-08-09 21:52:22 : Dropping first wave of 10 Archers
2015-08-09 21:52:25 : Deployment of Archers Successful!
2015-08-09 21:52:27 : Dropping first wave of 10 Barbarians
2015-08-09 21:52:29 : Deployment of Barbarians Successful!
2015-08-09 21:52:37 : Townhall has been destroyed!
2015-08-09 21:52:40 : Checking if the battle has finished
2015-08-09 21:52:42 : detected [G]:  [E]:  [DE]:  |  Exit now 
2015-08-09 21:52:42 : Battle has finished
2015-08-09 21:52:42 : Returning Home
2015-08-09 21:52:46 : Loot: [G]: 900 [E]: 900 [DE]:  [T]: 1
2015-08-09 21:52:47 : Bonus [G]: 65 000 [E]: 65 000 [DE]: 300
2015-08-09 21:52:49 : Your league level is: Crystal I
2015-08-09 21:52:49 : Stars earned: 1
2015-08-09 21:52:54 : Cannot return home.
2015-08-09 21:52:54 : Trying to locate Main Screen
2015-08-09 21:53:00 : CheckObstacles Result = True
2015-08-09 21:53:00 : Waiting for Main Screen
2015-08-09 21:53:00 : ChkObst Loop = 0ExitLoop = 0
2015-08-09 21:53:00 : Screen cleared, WaitMainScreen exit
2015-08-09 21:53:00 : Main Screen Located
2015-08-09 21:53:03 : Bot clean start
2015-08-09 21:53:04 : Trying to locate Main Screen
2015-08-09 21:53:04 : Main Screen Located
2015-08-09 21:53:05 : checkMainScreen start quiet mode
2015-08-09 21:53:05 : checkMainScreen exit quiet mode
2015-08-09 21:53:05 : Collecting Resources
2015-08-09 21:53:11 : checkMainScreen start quiet mode
2015-08-09 21:53:11 : checkMainScreen exit quiet mode
2015-08-09 21:53:13 : Cannot find tombstones, Yard is clean!
2015-08-09 21:53:13 : checkMainScreen start quiet mode
2015-08-09 21:53:13 : checkMainScreen exit quiet mode
2015-08-09 21:53:14 : Checking if Village needs Rearming..
2015-08-09 21:53:19 : checkMainScreen start quiet mode
2015-08-09 21:53:19 : checkMainScreen exit quiet mode
2015-08-09 21:53:20 : checkMainScreen start quiet mode
2015-08-09 21:53:20 : checkMainScreen exit quiet mode
2015-08-09 21:53:21 : Village Report
2015-08-09 21:53:21 : No. of Free/Total Builders: 0/4
2015-08-09 21:53:21 :  [T]: 2 566
2015-08-09 21:53:21 :  [G]: 1 935 308 [E]: 5 324 922 [D]: 27 583 [GEM]: 1 993
2015-08-09 21:53:22 : checkMainScreen start quiet mode
2015-08-09 21:53:22 : checkMainScreen exit quiet mode
2015-08-09 21:53:22 : checkMainScreen start quiet mode
2015-08-09 21:53:22 : checkMainScreen exit quiet mode
2015-08-09 21:53:24 : checkMainScreen start quiet mode
2015-08-09 21:53:24 : checkMainScreen exit quiet mode
2015-08-09 21:53:24 : Func Train 
2015-08-09 21:53:24 : Train enabled, $TotalTrainedTroops= 200, Adj TotalCamp= 192
2015-08-09 21:53:24 : RESET AT 0 CurArch
2015-08-09 21:53:24 : RESET AT 0 CurBarb
2015-08-09 21:53:24 : RESET AT 0 CurGiant
2015-08-09 21:53:24 : RESET AT 0 CurWall
2015-08-09 21:53:24 : RESET AT 0 CurGobl
2015-08-09 21:53:24 : RESET AT 0 CurHeal
2015-08-09 21:53:24 : RESET AT 0 CurPekk
2015-08-09 21:53:24 : RESET AT 0 CurBall
2015-08-09 21:53:24 : RESET AT 0 CurWiza
2015-08-09 21:53:24 : RESET AT 0 CurDrag
2015-08-09 21:53:24 : RESET AT 0 CurMini
2015-08-09 21:53:24 : RESET AT 0 CurHogs
2015-08-09 21:53:24 : RESET AT 0 CurValk
2015-08-09 21:53:24 : RESET AT 0 CurGole
2015-08-09 21:53:24 : RESET AT 0 CurWitc
2015-08-09 21:53:24 : RESET AT 0 CurLava
2015-08-09 21:53:24 : Checking Army Camp...
2015-08-09 21:53:25 : $sArmyInfo = 200#200
2015-08-09 21:53:25 : $CurCamp = 200
2015-08-09 21:53:25 : $TotalCamp = 200
2015-08-09 21:53:26 : Total Army Camp capacity: 200/200
2015-08-09 21:53:26 : $hBitmapFirst made
2015-08-09 21:53:26 : Calling CGBfunctions.dll/searchIdentifyTroopTrained 
2015-08-09 21:53:27 : Dll return $FullTemp :Barbarian|8-21|42#Archer|71-22|158
2015-08-09 21:53:27 : $Trooptype split # : 2
2015-08-09 21:53:27 : Start the Loop
2015-08-09 21:53:27 : $TroopTypeT[$i] split : 1
2015-08-09 21:53:27 :  - No. of Barbarians: 42
2015-08-09 21:53:27 : $TroopTypeT[$i] split : 2
2015-08-09 21:53:27 :  - No. of Archers: 158
2015-08-09 21:53:27 : start barrackstatus
2015-08-09 21:53:27 : OK, I'm in army overview
2015-08-09 21:53:27 : barrack 1 found upgrading! color 6B6964
2015-08-09 21:53:27 : barrack 2 found! color 888070
2015-08-09 21:53:27 : barrack 3 found! color 888070
2015-08-09 21:53:27 : barrack 4 found! color 888070
2015-08-09 21:53:27 : dark barrack 1 found! color 888070
2015-08-09 21:53:27 : dark barrack 2 found! color 888070
2015-08-09 21:53:27 : Factory Spell found! color 888070
2015-08-09 21:53:27 : Dark Factory Spell found! color 888070
2015-08-09 21:53:27 : Barracks and Spell factory status: 
2015-08-09 21:53:27 : - Barracks detected: 4 | Available: 3 | Upgrading: 1
2015-08-09 21:53:27 : - Dark Barracks detected: 2 | Available: 2 | Upgrading: 0
2015-08-09 21:53:27 : - Spell factory detected: 1 | Available: 1 | Upgrading: 0
2015-08-09 21:53:27 : - Dark Spell factory detected: 1 | Available: 1 | Upgrading: 0
2015-08-09 21:53:27 : Trainaviable[0] = 1
2015-08-09 21:53:27 : Trainaviable[1] = 0
2015-08-09 21:53:27 : Trainaviable[2] = 1
2015-08-09 21:53:27 : Trainaviable[3] = 1
2015-08-09 21:53:27 : Trainaviable[4] = 1
2015-08-09 21:53:27 : Trainaviable[5] = 1
2015-08-09 21:53:28 : Trainaviable[6] = 1
2015-08-09 21:53:28 : Trainaviable[7] = 1
2015-08-09 21:53:28 : Trainaviable[8] = 1
2015-08-09 21:53:28 : Training Troops...
2015-08-09 21:53:28 : Train: need to make normal troops: True
2015-08-09 21:53:28 : Train: need to make dark troops: False
2015-08-09 21:53:28 : LAST BARRACK = 4
2015-08-09 21:53:28 : OverView TabColor=B7BBB8
2015-08-09 21:53:28 : Last Barrack TabColor=888070
2015-08-09 21:53:28 : Your Army Camps are now Full
2015-08-09 21:53:28 : ---------COMPUTE TROOPS TO MAKE------------------------
2015-08-09 21:53:28 : -- Compute AnotherTroops to train
2015-08-09 21:53:28 : Need to train (height) GOBL:0% BARB: 120% ARCH: 80% AND 0 other troops space
2015-08-09 21:53:28 : Total Troops to be Trained= 200
2015-08-09 21:53:28 : BARRACKNUM: 3
2015-08-09 21:53:28 : ArchEBarrack: 26
2015-08-09 21:53:29 : BarbEBarrack: 40
2015-08-09 21:53:29 : DARKBARRACKNUM: 2
2015-08-09 21:53:29 : ---------END COMPUTE TROOPS TO MAKE--------------------
2015-08-09 21:53:29 : 
2015-08-09 21:53:29 : ---------TRAIN BARRACK MODE------------------------
2015-08-09 21:53:29 : Barrack4 selected
2015-08-09 21:53:29 : Full Check=DE58D0
2015-08-09 21:53:29 : Full Check=DE58D0
2015-08-09 21:53:29 : Full Check=FF78F3
2015-08-09 21:53:29 : Full Check=FB75F1
2015-08-09 21:53:29 : Full Check=FF7FF5
2015-08-09 21:53:29 : Full Check=FF80F8
2015-08-09 21:53:30 : Full Check=FB75F1
2015-08-09 21:53:30 : Full Check=FF78F3
2015-08-09 21:53:30 : Full Check=FF7FF5
2015-08-09 21:53:30 : Move from Barrack 4 direction -1
2015-08-09 21:53:31 : Barrack3 selected
2015-08-09 21:53:32 : Full Check=E05AD0
2015-08-09 21:53:32 : Full Check=E05AD0
2015-08-09 21:53:32 : Full Check=FF7BF6
2015-08-09 21:53:32 : Full Check=FF7EF7
2015-08-09 21:53:32 : Full Check=FF76F1
2015-08-09 21:53:32 : Full Check=FF76F1
2015-08-09 21:53:32 : Full Check=FF7EF7
2015-08-09 21:53:33 : Move from Barrack 3 direction -1
2015-08-09 21:53:34 : Barrack2 selected
2015-08-09 21:53:35 : Full Check=E05AD0
2015-08-09 21:53:35 : Full Check=FF82F8
2015-08-09 21:53:35 : Full Check=FF79F5
2015-08-09 21:53:35 : Full Check=FF79F5
2015-08-09 21:53:35 : Full Check=FF7EF7
2015-08-09 21:53:35 : Full Check=FF7EF7
2015-08-09 21:53:35 : Full Check=FF7EF7
2015-08-09 21:53:35 : Full Check=B5B5B0
2015-08-09 21:53:35 : Move from Barrack 2 direction -1
2015-08-09 21:53:37 : This is not a Barrack
2015-08-09 21:53:37 : ---=====================END TRAIN =======================================---
2015-08-09 21:53:38 : checkMainScreen start quiet mode
2015-08-09 21:53:39 : checkMainScreen exit quiet mode
2015-08-09 21:53:39 : checkMainScreen start quiet mode
2015-08-09 21:53:39 : checkMainScreen exit quiet mode
2015-08-09 21:53:40 : checkMainScreen start quiet mode
2015-08-09 21:53:40 : checkMainScreen exit quiet mode
2015-08-09 21:53:40 : Requesting Clan Castle Troops
2015-08-09 21:53:41 : $icount1 = 1, BB2BD1
2015-08-09 21:53:41 : Your Clan Castle is already full or you are not in a clan.
2015-08-09 21:53:42 : checkMainScreen start quiet mode
2015-08-09 21:53:42 : checkMainScreen exit quiet mode
2015-08-09 21:53:42 : checkMainScreen start quiet mode
2015-08-09 21:53:42 : checkMainScreen exit quiet mode
2015-08-09 21:53:43 : checkMainScreen start quiet mode
2015-08-09 21:53:43 : checkMainScreen exit quiet mode
2015-08-09 21:53:45 : Finished kicking
2015-08-09 21:53:45 : Func Idle 
2015-08-09 21:53:45 : $fullArmy=True $fullCC=False $fullHeroes=False $iUnbreakableMode=0
2015-08-09 21:53:45 : Going to Attack...
2015-08-09 21:53:50 : Take-A-Break OCR result = 
2015-08-09 21:53:50 : Shield btn clr chk-#1: 515520, #2: C5CC8E, #3: BAC850, #4: 80592C
2015-08-09 21:53:51 : ============== Searching For Dead Base ===============
2015-08-09 21:53:51 : ~~~~~~~~~~~~~~~ SEARCH CONDITIONS ~~~~~~~~~~~~~~~~
2015-08-09 21:53:51 : Meet: Gold and Elixir, TH Outside
2015-08-09 21:53:51 : ~~~~~~~~~~~~~~ RESOURCE CONDITIONS ~~~~~~~~~~~~~~~
2015-08-09 21:53:51 : Aim: [G]: 999999 [E]: 999999 [D]:    0 [T]: 0, Out, Out for: Dead Base
2015-08-09 21:53:51 : ~~~~~~~~~~~~~~~ ADVANCED SETTINGS ~~~~~~~~~~~~~~~~
2015-08-09 21:53:51 : THSnipe Combo, 1 Tile(s), 
2015-08-09 21:53:51 : ==================================================
2015-08-09 21:53:53 :   1> [G]:  54322 [E]: 106742 [D]: 1249 [T]:28 [TH]: 9, In
2015-08-09 21:53:55 : Loop to clean screen without Clouds , nº :1
2015-08-09 21:53:55 : Loop to clean screen without Clouds , nº :2
2015-08-09 21:53:56 : Loop to clean screen without Clouds , nº :3
2015-08-09 21:53:56 : Loop to clean screen without Clouds , nº :4
2015-08-09 21:53:57 : Loop to clean screen without Clouds , nº :5
2015-08-09 21:53:57 : Loop to clean screen without Clouds , nº :6
2015-08-09 21:53:58 : Loop to clean screen without Clouds , nº :7
2015-08-09 21:53:58 : Loop to clean screen without Clouds , nº :8
2015-08-09 21:53:59 : Loop to clean screen without Clouds , nº :9
2015-08-09 21:54:00 : Loop to clean screen without Clouds , nº :10
2015-08-09 21:54:00 : Loop to clean screen without Clouds , nº :11
2015-08-09 21:54:01 : Loop to clean screen without Clouds , nº :12
2015-08-09 21:54:02 :   2> [G]:   4650 [E]: 404900 [D]:  824 [T]:30 [TH]:10, In
2015-08-09 21:54:04 : Loop to clean screen without Clouds , nº :1
2015-08-09 21:54:04 : Loop to clean screen without Clouds , nº :2
2015-08-09 21:54:05 : Loop to clean screen without Clouds , nº :3
2015-08-09 21:54:05 : Loop to clean screen without Clouds , nº :4
2015-08-09 21:54:06 : Loop to clean screen without Clouds , nº :5
2015-08-09 21:54:07 : Loop to clean screen without Clouds , nº :6
2015-08-09 21:54:07 : Loop to clean screen without Clouds , nº :7
2015-08-09 21:54:08 : Loop to clean screen without Clouds , nº :8
2015-08-09 21:54:08 : Loop to clean screen without Clouds , nº :9
2015-08-09 21:54:09 : Loop to clean screen without Clouds , nº :10
2015-08-09 21:54:10 :   3> [G]:  20858 [E]:  31756 [D]:  392 [T]:18 [TH]: 9, In
2015-08-09 21:54:12 : Loop to clean screen without Clouds , nº :1
2015-08-09 21:54:12 : Loop to clean screen without Clouds , nº :2
2015-08-09 21:54:13 : Loop to clean screen without Clouds , nº :3
2015-08-09 21:54:14 : Loop to clean screen without Clouds , nº :4
2015-08-09 21:54:14 : Loop to clean screen without Clouds , nº :5
2015-08-09 21:54:15 :   4> [G]:  89557 [E]:  23077 [D]: 2542 [T]:20 [TH]: 9, In
2015-08-09 21:54:17 : Loop to clean screen without Clouds , nº :1
2015-08-09 21:54:18 : Loop to clean screen without Clouds , nº :2
2015-08-09 21:54:19 :   5> [G]:  41358 [E]: 124419 [D]:  543 [T]:13 [TH]: 9, In
2015-08-09 21:54:20 : Loop to clean screen without Clouds , nº :1
2015-08-09 21:54:21 : Loop to clean screen without Clouds , nº :2
2015-08-09 21:54:22 :   6> [G]: 260701 [E]: 124272 [D]:  770 [T]:30 [TH]: 9, In
2015-08-09 21:54:24 : Loop to clean screen without Clouds , nº :1
2015-08-09 21:54:24 : Loop to clean screen without Clouds , nº :2
2015-08-09 21:54:25 : Loop to clean screen without Clouds , nº :3
2015-08-09 21:54:26 : Loop to clean screen without Clouds , nº :4
2015-08-09 21:54:26 : Loop to clean screen without Clouds , nº :5
2015-08-09 21:54:27 :   7> [G]:  97227 [E]:  75531 [D]:  984 [T]:22 [TH]: 9, In
2015-08-09 21:54:29 : Loop to clean screen without Clouds , nº :1
2015-08-09 21:54:30 : Loop to clean screen without Clouds , nº :2
2015-08-09 21:54:31 :   8> [G]:  23635 [E]:  33138 [D]:  108 [T]:20 [TH]:10, In
2015-08-09 21:54:33 : Loop to clean screen without Clouds , nº :1
2015-08-09 21:54:33 : Loop to clean screen without Clouds , nº :2
2015-08-09 21:54:34 : Loop to clean screen without Clouds , nº :3
2015-08-09 21:54:34 : Loop to clean screen without Clouds , nº :4
2015-08-09 21:54:35 :   9> [G]:  26069 [E]: 117603 [D]:  685 [T]:27 [TH]: 9, In
2015-08-09 21:54:37 : Loop to clean screen without Clouds , nº :1
2015-08-09 21:54:38 : Loop to clean screen without Clouds , nº :2
2015-08-09 21:54:38 : Loop to clean screen without Clouds , nº :3
2015-08-09 21:54:39 : Loop to clean screen without Clouds , nº :4
2015-08-09 21:54:40 : Loop to clean screen without Clouds , nº :5
2015-08-09 21:54:41 :  10> [G]:  74869 [E]:  91779 [D]: 1065 [T]:17 [TH]: 9, In
2015-08-09 21:54:43 : Loop to clean screen without Clouds , nº :1
2015-08-09 21:54:43 : Loop to clean screen without Clouds , nº :2
2015-08-09 21:54:44 : Loop to clean screen without Clouds , nº :3
2015-08-09 21:54:44 : Loop to clean screen without Clouds , nº :4
2015-08-09 21:54:46 :  11> [G]:  21038 [E]:  97021 [D]:  782 [T]:14 [TH]: 9, In
2015-08-09 21:54:47 : Loop to clean screen without Clouds , nº :1
2015-08-09 21:54:48 : Loop to clean screen without Clouds , nº :2
2015-08-09 21:54:48 : Loop to clean screen without Clouds , nº :3
2015-08-09 21:54:49 : Loop to clean screen without Clouds , nº :4
2015-08-09 21:54:50 : Loop to clean screen without Clouds , nº :5
2015-08-09 21:54:51 :  12> [G]:  89238 [E]:  27911 [D]: 1096 [T]:23 [TH]: 9, In
2015-08-09 21:54:52 : Loop to clean screen without Clouds , nº :1
2015-08-09 21:54:53 : Loop to clean screen without Clouds , nº :2
2015-08-09 21:54:54 : Loop to clean screen without Clouds , nº :3
2015-08-09 21:54:54 : Loop to clean screen without Clouds , nº :4
2015-08-09 21:54:55 : Loop to clean screen without Clouds , nº :5
2015-08-09 21:54:55 : Loop to clean screen without Clouds , nº :6
2015-08-09 21:54:56 : Loop to clean screen without Clouds , nº :7
2015-08-09 21:54:57 :  13> [G]:  42089 [E]:  23913 [D]:   30 [T]: 4 [TH]: 8, In
2015-08-09 21:54:59 : Loop to clean screen without Clouds , nº :1
2015-08-09 21:54:59 : Loop to clean screen without Clouds , nº :2
2015-08-09 21:55:00 :  14> [G]:   9829 [E]:  75707 [D]:  461 [T]: 7 [TH]: 8, In
2015-08-09 21:55:02 : Loop to clean screen without Clouds , nº :1
2015-08-09 21:55:02 : Loop to clean screen without Clouds , nº :2
2015-08-09 21:55:04 :  15> [G]:  10864 [E]:  96231 [D]: 1240 [T]: 8 [TH]: 8, In
2015-08-09 21:55:05 : Loop to clean screen without Clouds , nº :1
2015-08-09 21:55:06 : Loop to clean screen without Clouds , nº :2
2015-08-09 21:55:07 :  16> [G]:  16985 [E]:  63472 [D]: 1559 [T]:24 [TH]: 9, In
2015-08-09 21:55:09 : Loop to clean screen without Clouds , nº :1
2015-08-09 21:55:09 : Loop to clean screen without Clouds , nº :2
2015-08-09 21:55:10 : Loop to clean screen without Clouds , nº :3
2015-08-09 21:55:10 : Loop to clean screen without Clouds , nº :4
2015-08-09 21:55:11 : Loop to clean screen without Clouds , nº :5
2015-08-09 21:55:12 :  17> [G]: 203377 [E]: 353542 [D]: 1156 [T]:27 [TH]: 9, In
2015-08-09 21:55:14 : Loop to clean screen without Clouds , nº :1
2015-08-09 21:55:14 : Loop to clean screen without Clouds , nº :2
2015-08-09 21:55:15 : Loop to clean screen without Clouds , nº :3
2015-08-09 21:55:16 : Loop to clean screen without Clouds , nº :4
2015-08-09 21:55:16 : Loop to clean screen without Clouds , nº :5
2015-08-09 21:55:17 :  18> [G]:  52384 [E]:  51519 [D]: 2219 [T]:23 [TH]: 9, In
2015-08-09 21:55:19 : Loop to clean screen without Clouds , nº :1
2015-08-09 21:55:19 : Loop to clean screen without Clouds , nº :2
2015-08-09 21:55:20 :  19> [G]:  81389 [E]: 129379 [D]:  245 [T]: 2 [TH]: 8, In
2015-08-09 21:55:22 : Loop to clean screen without Clouds , nº :1
2015-08-09 21:55:23 : Loop to clean screen without Clouds , nº :2
2015-08-09 21:55:24 :  20> [G]:  54197 [E]:  78876 [D]:  273 [T]: 2 [TH]: 8, In
2015-08-09 21:55:25 : Loop to clean screen without Clouds , nº :1
2015-08-09 21:55:26 : Loop to clean screen without Clouds , nº :2
2015-08-09 21:55:27 :  21> [G]:  16687 [E]:   3313 [D]:  343 [T]: 3 [TH]: 8, In
2015-08-09 21:55:29 : Loop to clean screen without Clouds , nº :1
2015-08-09 21:55:29 : Loop to clean screen without Clouds , nº :2
2015-08-09 21:55:30 : Loop to clean screen without Clouds , nº :3
2015-08-09 21:55:30 : Loop to clean screen without Clouds , nº :4
2015-08-09 21:55:31 :  22> [G]:   9531 [E]: 124058 [D]:  701 [T]:14 [TH]: 9, In
2015-08-09 21:55:33 : Loop to clean screen without Clouds , nº :1
2015-08-09 21:55:34 : Loop to clean screen without Clouds , nº :2
2015-08-09 21:55:34 : Loop to clean screen without Clouds , nº :3
2015-08-09 21:55:35 : Loop to clean screen without Clouds , nº :4
2015-08-09 21:55:35 : Loop to clean screen without Clouds , nº :5
2015-08-09 21:55:36 :  23> [G]:  31472 [E]:  95977 [D]: 1371 [T]:18 [TH]: 9, In
2015-08-09 21:55:39 : Loop to clean screen without Clouds , nº :1
2015-08-09 21:55:40 :  24> [G]:  38475 [E]: 153321 [D]:  158 [T]:14 [TH]: 9, In
2015-08-09 21:55:41 : Loop to clean screen without Clouds , nº :1
2015-08-09 21:55:42 : Loop to clean screen without Clouds , nº :2
2015-08-09 21:55:43 :  25> [G]:  28429 [E]:  34390 [D]:  348 [T]: 1 [TH]: 7, In
2015-08-09 21:55:44 : Loop to clean screen without Clouds , nº :1
2015-08-09 21:55:45 : Loop to clean screen without Clouds , nº :2
2015-08-09 21:55:46 :  26> [G]:  84023 [E]: 133426 [D]:  170 [T]: 1 [TH]: 7, In
2015-08-09 21:55:47 : Loop to clean screen without Clouds , nº :1
2015-08-09 21:55:48 : Loop to clean screen without Clouds , nº :2
2015-08-09 21:55:49 : Loop to clean screen without Clouds , nº :3
2015-08-09 21:55:49 : Loop to clean screen without Clouds , nº :4
2015-08-09 21:55:50 : Loop to clean screen without Clouds , nº :5
2015-08-09 21:55:50 : Loop to clean screen without Clouds , nº :6
2015-08-09 21:55:51 : Loop to clean screen without Clouds , nº :7
2015-08-09 21:55:51 : Loop to clean screen without Clouds , nº :8
2015-08-09 21:55:52 : Loop to clean screen without Clouds , nº :9
2015-08-09 21:55:53 :  27> [G]:  81759 [E]:  36321 [D]:  987 [T]:16 [TH]: 9, In
2015-08-09 21:55:55 : Loop to clean screen without Clouds , nº :1
2015-08-09 21:55:56 : Loop to clean screen without Clouds , nº :2
2015-08-09 21:55:57 :  28> [G]: 265269 [E]: 293797 [D]: 1067 [T]:21 [TH]: 9, In
2015-08-09 21:55:59 : Loop to clean screen without Clouds , nº :1
2015-08-09 21:55:59 : Loop to clean screen without Clouds , nº :2
2015-08-09 21:56:00 :  29> [G]:  33396 [E]: 102203 [D]: 1100 [T]: 9 [TH]: 8, In
2015-08-09 21:56:02 : Loop to clean screen without Clouds , nº :1
2015-08-09 21:56:03 : Loop to clean screen without Clouds , nº :2
2015-08-09 21:56:03 :  30> [G]:  54000 [E]:  43875 [D]:    0 [T]: 1 [TH]: 7, In
2015-08-09 21:56:05 : Loop to clean screen without Clouds , nº :1
2015-08-09 21:56:06 : Loop to clean screen without Clouds , nº :2
2015-08-09 21:56:07 :  31> [G]:  29462 [E]:  49666 [D]:  165 [T]: 2 [TH]: 8, In
2015-08-09 21:56:08 : Loop to clean screen without Clouds , nº :1
2015-08-09 21:56:09 : Loop to clean screen without Clouds , nº :2
2015-08-09 21:56:09 : Loop to clean screen without Clouds , nº :3
2015-08-09 21:56:10 : Loop to clean screen without Clouds , nº :4
2015-08-09 21:56:11 : Loop to clean screen without Clouds , nº :5
2015-08-09 21:56:11 : Loop to clean screen without Clouds , nº :6
2015-08-09 21:56:12 : Loop to clean screen without Clouds , nº :7
2015-08-09 21:56:14 :  32> [G]:  89618 [E]: 198812 [D]: 1272 [T]: 3 [TH]: 8, In
2015-08-09 21:56:15 : Loop to clean screen without Clouds , nº :1
2015-08-09 21:56:16 : Loop to clean screen without Clouds , nº :2
2015-08-09 21:56:17 : Loop to clean screen without Clouds , nº :3
2015-08-09 21:56:19 :  33> [G]:  34963 [E]:  32775 [D]: 1332 [T]: 4 [TH]: 8, In
2015-08-09 21:56:20 : Loop to clean screen without Clouds , nº :1
2015-08-09 21:56:21 : Loop to clean screen without Clouds , nº :2
2015-08-09 21:56:22 : Loop to clean screen without Clouds , nº :3
2015-08-09 21:56:24 :  34> [G]: 158244 [E]:  63933 [D]:  797 [T]:16 [TH]: 9, In
2015-08-09 21:56:25 : Loop to clean screen without Clouds , nº :1
2015-08-09 21:56:26 : Loop to clean screen without Clouds , nº :2
2015-08-09 21:56:28 :  35> [G]:  21469 [E]: 113311 [D]:  696 [T]: 4 [TH]: 8, In
2015-08-09 21:56:30 : Loop to clean screen without Clouds , nº :1
2015-08-09 21:56:31 : Loop to clean screen without Clouds , nº :2
2015-08-09 21:56:33 :  36> [G]: 111025 [E]: 156701 [D]:  720 [T]: 4 [TH]: 8, In
2015-08-09 21:56:35 : Loop to clean screen without Clouds , nº :1
2015-08-09 21:56:36 : Loop to clean screen without Clouds , nº :2
2015-08-09 21:56:38 :  37> [G]: 106963 [E]:  74562 [D]:  875 [T]:31 [TH]:10, In
2015-08-09 21:56:40 : Loop to clean screen without Clouds , nº :1
2015-08-09 21:56:41 : Loop to clean screen without Clouds , nº :2
2015-08-09 21:56:41 :  38> [G]:  48903 [E]:  26688 [D]:  N/A [T]: 1 [TH]: 7, In
2015-08-09 21:56:43 : Loop to clean screen without Clouds , nº :1
2015-08-09 21:56:44 : Loop to clean screen without Clouds , nº :2
2015-08-09 21:56:45 :  39> [G]:  61236 [E]:   2615 [D]: 1293 [T]: 5 [TH]: 8, In
2015-08-09 21:56:46 : Loop to clean screen without Clouds , nº :1
2015-08-09 21:56:47 : Loop to clean screen without Clouds , nº :2
2015-08-09 21:56:48 :  40> [G]:  39409 [E]:  78025 [D]:  451 [T]: 2 [TH]: 8, In
2015-08-09 21:56:50 : Loop to clean screen without Clouds , nº :1
2015-08-09 21:56:50 : Loop to clean screen without Clouds , nº :2
2015-08-09 21:56:51 :  41> [G]:   7568 [E]: 119833 [D]:  564 [T]:14 [TH]: 9, In
2015-08-09 21:56:53 : Loop to clean screen without Clouds , nº :1
2015-08-09 21:56:54 : Loop to clean screen without Clouds , nº :2
2015-08-09 21:56:55 :  42> [G]: 186220 [E]:  98668 [D]:  316 [T]: 3 [TH]: 8, In
2015-08-09 21:56:57 : Loop to clean screen without Clouds , nº :1
2015-08-09 21:56:57 : Loop to clean screen without Clouds , nº :2
2015-08-09 21:56:58 :  43> [G]:  26215 [E]:   7624 [D]:  506 [T]: 1 [TH]: 7, In
2015-08-09 21:57:00 : Loop to clean screen without Clouds , nº :1
2015-08-09 21:57:00 :  44> [G]:   1098 [E]:  53117 [D]:   85 [T]: 1 [TH]: 7, In
2015-08-09 21:57:02 : Loop to clean screen without Clouds , nº :1
2015-08-09 21:57:03 : Loop to clean screen without Clouds , nº :2
2015-08-09 21:57:03 : Loop to clean screen without Clouds , nº :3
2015-08-09 21:57:04 : Loop to clean screen without Clouds , nº :4
2015-08-09 21:57:04 : Loop to clean screen without Clouds , nº :5
2015-08-09 21:57:05 : Loop to clean screen without Clouds , nº :6
2015-08-09 21:57:06 : Loop to clean screen without Clouds , nº :7
2015-08-09 21:57:06 : Loop to clean screen without Clouds , nº :8
2015-08-09 21:57:07 :  45> [G]: 112566 [E]: 108994 [D]: 1377 [T]:25 [TH]:10, In
2015-08-09 21:57:09 : Loop to clean screen without Clouds , nº :1
2015-08-09 21:57:10 : Loop to clean screen without Clouds , nº :2
2015-08-09 21:57:11 :  46> [G]:  67699 [E]: 198758 [D]:  771 [T]: 2 [TH]: 8, In
2015-08-09 21:57:13 : Loop to clean screen without Clouds , nº :1
2015-08-09 21:57:13 : Loop to clean screen without Clouds , nº :2
2015-08-09 21:57:14 :  47> [G]: 179640 [E]: 149118 [D]:  622 [T]: 3 [TH]: 8, In
2015-08-09 21:57:16 : Loop to clean screen without Clouds , nº :1
2015-08-09 21:57:16 : Loop to clean screen without Clouds , nº :2
2015-08-09 21:57:17 :  48> [G]:  39030 [E]:  89471 [D]:  618 [T]: 4 [TH]: 8, In
2015-08-09 21:57:19 : Loop to clean screen without Clouds , nº :1
2015-08-09 21:57:20 : Loop to clean screen without Clouds , nº :2
2015-08-09 21:57:21 :  49> [G]: 194501 [E]: 148132 [D]:  494 [T]:15 [TH]: 9, In
2015-08-09 21:57:22 : Loop to clean screen without Clouds , nº :1
2015-08-09 21:57:23 : Loop to clean screen without Clouds , nº :2
2015-08-09 21:57:24 :  50> [G]:   5786 [E]: 301596 [D]: 2008 [T]: 3 [TH]: 8, In
2015-08-09 21:57:26 : Loop to clean screen without Clouds , nº :1
2015-08-09 21:57:26 : Loop to clean screen without Clouds , nº :2
2015-08-09 21:57:27 :  51> [G]: 103070 [E]:  95737 [D]:  779 [T]:19 [TH]: 9, In
2015-08-09 21:57:29 : Loop to clean screen without Clouds , nº :1
2015-08-09 21:57:30 : Loop to clean screen without Clouds , nº :2
2015-08-09 21:57:30 :  52> [G]:   9814 [E]:  32327 [D]:  341 [T]: 3 [TH]: 7, In
2015-08-09 21:57:32 : Loop to clean screen without Clouds , nº :1
2015-08-09 21:57:33 : Loop to clean screen without Clouds , nº :2
2015-08-09 21:57:34 :  53> [G]:  42500 [E]:   6276 [D]:   81 [T]: 2 [TH]: 8, In
2015-08-09 21:57:35 : Loop to clean screen without Clouds , nº :1
2015-08-09 21:57:36 : Loop to clean screen without Clouds , nº :2
2015-08-09 21:57:37 :  54> [G]:  31950 [E]:  18675 [D]:  107 [T]: 1 [TH]: 7, In
2015-08-09 21:57:39 : Loop to clean screen without Clouds , nº :1
2015-08-09 21:57:39 : Loop to clean screen without Clouds , nº :2
2015-08-09 21:57:40 : Loop to clean screen without Clouds , nº :3
2015-08-09 21:57:40 : Loop to clean screen without Clouds , nº :4
2015-08-09 21:57:41 : Loop to clean screen without Clouds , nº :5
2015-08-09 21:57:41 : Loop to clean screen without Clouds , nº :6
2015-08-09 21:57:42 : Loop to clean screen without Clouds , nº :7
2015-08-09 21:57:43 : Loop to clean screen without Clouds , nº :8
2015-08-09 21:57:43 : Loop to clean screen without Clouds , nº :9
2015-08-09 21:57:44 :  55> [G]:  11553 [E]:   5883 [D]:  387 [T]: 2 [TH]: 8, In
2015-08-09 21:57:46 : Loop to clean screen without Clouds , nº :1
2015-08-09 21:57:46 : Loop to clean screen without Clouds , nº :2
2015-08-09 21:57:47 :  56> [G]:  59246 [E]:  96943 [D]:  126 [T]: 4 [TH]: 8, In
2015-08-09 21:57:49 : Loop to clean screen without Clouds , nº :1
2015-08-09 21:57:50 : Loop to clean screen without Clouds , nº :2
2015-08-09 21:57:51 :  57> [G]:  37339 [E]: 117090 [D]: 2067 [T]:31 [TH]: 9, In
2015-08-09 21:57:52 : Loop to clean screen without Clouds , nº :1
2015-08-09 21:57:53 : Loop to clean screen without Clouds , nº :2
2015-08-09 21:57:54 :  58> [G]:  16749 [E]:  11892 [D]:  126 [T]: 6 [TH]: 8, In
2015-08-09 21:57:56 : Loop to clean screen without Clouds , nº :1
2015-08-09 21:57:56 : Loop to clean screen without Clouds , nº :2
2015-08-09 21:57:57 :  59> [G]:  39640 [E]: 120717 [D]: 1719 [T]: 4 [TH]: 8, In
2015-08-09 21:57:59 : Loop to clean screen without Clouds , nº :1
2015-08-09 21:58:00 : Loop to clean screen without Clouds , nº :2
2015-08-09 21:58:00 :  60> [G]: 121724 [E]:  87015 [D]:  346 [T]: 1 [TH]: 7, In
2015-08-09 21:58:02 : Loop to clean screen without Clouds , nº :1
2015-08-09 21:58:03 : Loop to clean screen without Clouds , nº :2
2015-08-09 21:58:03 : Loop to clean screen without Clouds , nº :3
2015-08-09 21:58:04 : Loop to clean screen without Clouds , nº :4
2015-08-09 21:58:05 :  61> [G]:   7594 [E]:  95594 [D]:  590 [T]:21 [TH]: 9, In
2015-08-09 21:58:07 : Loop to clean screen without Clouds , nº :1
2015-08-09 21:58:07 : Loop to clean screen without Clouds , nº :2
2015-08-09 21:58:08 :  62> [G]:  47572 [E]: 129686 [D]: 1568 [T]:12 [TH]: 8, In
2015-08-09 21:58:10 : Loop to clean screen without Clouds , nº :1
2015-08-09 21:58:11 : Loop to clean screen without Clouds , nº :2
2015-08-09 21:58:12 :  63> [G]:  90000 [E]: 148052 [D]:  125 [T]: 2 [TH]: 8, In
2015-08-09 21:58:13 : Loop to clean screen without Clouds , nº :1
2015-08-09 21:58:14 : Loop to clean screen without Clouds , nº :2
2015-08-09 21:58:15 :  64> [G]:  30330 [E]:  42332 [D]:  543 [T]: 2 [TH]: 8, In
2015-08-09 21:58:17 : Loop to clean screen without Clouds , nº :1
2015-08-09 21:58:17 : Loop to clean screen without Clouds , nº :2
2015-08-09 21:58:18 :  65> [G]:  85442 [E]:  76949 [D]:  106 [T]: 1 [TH]: 8, In
2015-08-09 21:58:20 : Loop to clean screen without Clouds , nº :1
2015-08-09 21:58:21 : Loop to clean screen without Clouds , nº :2
2015-08-09 21:58:21 : Loop to clean screen without Clouds , nº :3
2015-08-09 21:58:22 :  66> [G]: 121195 [E]:  10607 [D]:  420 [T]:21 [TH]: 9, In
2015-08-09 21:58:24 : Loop to clean screen without Clouds , nº :1
2015-08-09 21:58:25 : Loop to clean screen without Clouds , nº :2
2015-08-09 21:58:25 :  67> [G]:   2857 [E]:   2691 [D]:  794 [T]: 3 [TH]: 8, In
2015-08-09 21:58:27 : Loop to clean screen without Clouds , nº :1
2015-08-09 21:58:28 : Loop to clean screen without Clouds , nº :2
2015-08-09 21:58:29 :  68> [G]:  19769 [E]:  66845 [D]:  476 [T]: 2 [TH]: 8, In
2015-08-09 21:58:30 : Loop to clean screen without Clouds , nº :1
2015-08-09 21:58:31 : Loop to clean screen without Clouds , nº :2
2015-08-09 21:58:32 :  69> [G]:  12939 [E]:  88404 [D]:  114 [T]: 2 [TH]: 8, In
2015-08-09 21:58:34 : Loop to clean screen without Clouds , nº :1
2015-08-09 21:58:35 : Loop to clean screen without Clouds , nº :2
2015-08-09 21:58:36 :  70> [G]:  15783 [E]: 206298 [D]: 1269 [T]: 4 [TH]: 8, In
2015-08-09 21:58:37 : Loop to clean screen without Clouds , nº :1
2015-08-09 21:58:38 : Loop to clean screen without Clouds , nº :2
2015-08-09 21:58:39 :  71> [G]:  99408 [E]: 154477 [D]:  852 [T]:29 [TH]:10, In
2015-08-09 21:58:41 : Loop to clean screen without Clouds , nº :1
2015-08-09 21:58:42 : Loop to clean screen without Clouds , nº :2
2015-08-09 21:58:43 :  72> [G]: 165357 [E]: 165137 [D]:  296 [T]:16 [TH]: 9, In
2015-08-09 21:58:45 : Loop to clean screen without Clouds , nº :1
2015-08-09 21:58:45 : Loop to clean screen without Clouds , nº :2
2015-08-09 21:58:47 :  73> [G]: 120359 [E]: 117185 [D]: 1017 [T]: 4 [TH]: 8, In
2015-08-09 21:58:48 : Loop to clean screen without Clouds , nº :1
2015-08-09 21:58:49 : Loop to clean screen without Clouds , nº :2
2015-08-09 21:58:49 : Loop to clean screen without Clouds , nº :3
2015-08-09 21:58:50 : Loop to clean screen without Clouds , nº :4
2015-08-09 21:58:51 :  74> [G]:  92983 [E]: 111833 [D]:  300 [T]:22 [TH]: 9, In
2015-08-09 21:58:53 : Loop to clean screen without Clouds , nº :1
2015-08-09 21:58:54 : Loop to clean screen without Clouds , nº :2
2015-08-09 21:58:55 :  75> [G]:  35000 [E]:  50000 [D]:  120 [T]: 4 [TH]: 8, In
2015-08-09 21:58:56 : Loop to clean screen without Clouds , nº :1
2015-08-09 21:58:57 : Loop to clean screen without Clouds , nº :2
2015-08-09 21:58:58 : Loop to clean screen without Clouds , nº :3
2015-08-09 21:58:58 : Loop to clean screen without Clouds , nº :4
2015-08-09 21:58:59 :  76> [G]:  46128 [E]:  90910 [D]: 2067 [T]:31 [TH]: 9, In
2015-08-09 21:59:01 : Loop to clean screen without Clouds , nº :1
2015-08-09 21:59:02 : Loop to clean screen without Clouds , nº :2
2015-08-09 21:59:03 :  77> [G]:  25196 [E]:  94752 [D]:  716 [T]: 8 [TH]: 8, In
2015-08-09 21:59:04 : Loop to clean screen without Clouds , nº :1
2015-08-09 21:59:05 : Loop to clean screen without Clouds , nº :2
2015-08-09 21:59:06 :  78> [G]:  16288 [E]: 126472 [D]: 1107 [T]: 4 [TH]: 8, In
2015-08-09 21:59:08 : Loop to clean screen without Clouds , nº :1
2015-08-09 21:59:08 :  79> [G]:   6255 [E]:  16105 [D]:  231 [T]: 1 [TH]: 7, In
2015-08-09 21:59:10 : Loop to clean screen without Clouds , nº :1
2015-08-09 21:59:11 : Loop to clean screen without Clouds , nº :2
2015-08-09 21:59:11 : Loop to clean screen without Clouds , nº :3
2015-08-09 21:59:12 : Loop to clean screen without Clouds , nº :4
2015-08-09 21:59:12 : Loop to clean screen without Clouds , nº :5
2015-08-09 21:59:13 : Loop to clean screen without Clouds , nº :6
2015-08-09 21:59:14 : Loop to clean screen without Clouds , nº :7
2015-08-09 21:59:15 :  80> [G]:  97262 [E]: 188334 [D]: 1820 [T]:15 [TH]: 9, In
2015-08-09 21:59:16 : Loop to clean screen without Clouds , nº :1
2015-08-09 21:59:17 : Loop to clean screen without Clouds , nº :2
2015-08-09 21:59:18 :  81> [G]:  25638 [E]:  46564 [D]:  275 [T]: 1 [TH]: 7, In
2015-08-09 21:59:20 : Loop to clean screen without Clouds , nº :1
2015-08-09 21:59:20 : Loop to clean screen without Clouds , nº :2
2015-08-09 21:59:21 : Loop to clean screen without Clouds , nº :3
2015-08-09 21:59:21 : Loop to clean screen without Clouds , nº :4
2015-08-09 21:59:22 : Loop to clean screen without Clouds , nº :5
2015-08-09 21:59:23 :  82> [G]:  11763 [E]: 143048 [D]:  988 [T]:14 [TH]: 9, In
2015-08-09 21:59:25 : Loop to clean screen without Clouds , nº :1
2015-08-09 21:59:25 : Loop to clean screen without Clouds , nº :2
2015-08-09 21:59:26 : Loop to clean screen without Clouds , nº :3
2015-08-09 21:59:26 : Loop to clean screen without Clouds , nº :4
2015-08-09 21:59:27 : Loop to clean screen without Clouds , nº :5
2015-08-09 21:59:28 :  83> [G]:   5786 [E]:  30120 [D]:  141 [T]: 2 [TH]: 8, In
2015-08-09 21:59:29 : Loop to clean screen without Clouds , nº :1
2015-08-09 21:59:30 :  84> [G]:  23089 [E]: 107710 [D]:   69 [T]: 1 [TH]: 7, In
2015-08-09 21:59:32 : Loop to clean screen without Clouds , nº :1
2015-08-09 21:59:33 : Loop to clean screen without Clouds , nº :2
2015-08-09 21:59:33 : Loop to clean screen without Clouds , nº :3
2015-08-09 21:59:34 : Loop to clean screen without Clouds , nº :4
2015-08-09 21:59:34 : Loop to clean screen without Clouds , nº :5
2015-08-09 21:59:35 : Loop to clean screen without Clouds , nº :6
2015-08-09 21:59:35 : Loop to clean screen without Clouds , nº :7
2015-08-09 21:59:36 : Loop to clean screen without Clouds , nº :8
2015-08-09 21:59:37 :  85> [G]:  21442 [E]:  32255 [D]:  813 [T]: 4 [TH]: 8, In
2015-08-09 21:59:39 : Loop to clean screen without Clouds , nº :1
2015-08-09 21:59:39 : Loop to clean screen without Clouds , nº :2
2015-08-09 21:59:40 :  86> [G]:  91107 [E]: 143474 [D]:  572 [T]: 1 [TH]: 7, In
2015-08-09 21:59:42 : Loop to clean screen without Clouds , nº :1
2015-08-09 21:59:42 : Loop to clean screen without Clouds , nº :2
2015-08-09 21:59:43 :  87> [G]:  22245 [E]:  67536 [D]:  370 [T]: 2 [TH]: 7, In
2015-08-09 21:59:45 : Loop to clean screen without Clouds , nº :1
2015-08-09 21:59:45 : Loop to clean screen without Clouds , nº :2
2015-08-09 21:59:49 :  88> [G]:  57912 [E]:  35493 [D]:  578 [T]:14 [TH]: -, -
2015-08-09 21:59:51 : Loop to clean screen without Clouds , nº :1
2015-08-09 21:59:51 : Loop to clean screen without Clouds , nº :2
2015-08-09 21:59:52 :  89> [G]: 103549 [E]:  96240 [D]: 1237 [T]:10 [TH]: 8, In
2015-08-09 21:59:54 : Loop to clean screen without Clouds , nº :1
2015-08-09 21:59:55 : Loop to clean screen without Clouds , nº :2
2015-08-09 21:59:56 :  90> [G]:   7210 [E]: 110145 [D]:  761 [T]:32 [TH]: 9, In
2015-08-09 21:59:57 : Loop to clean screen without Clouds , nº :1
2015-08-09 21:59:58 : Loop to clean screen without Clouds , nº :2
2015-08-09 21:59:59 :  91> [G]:  40322 [E]:  68985 [D]: 1183 [T]: 4 [TH]: 8, In
2015-08-09 22:00:01 : Loop to clean screen without Clouds , nº :1
2015-08-09 22:00:01 : Loop to clean screen without Clouds , nº :2
2015-08-09 22:00:02 :  92> [G]:  26626 [E]:  48305 [D]:  758 [T]: 2 [TH]: 8, In
2015-08-09 22:00:04 : Loop to clean screen without Clouds , nº :1
2015-08-09 22:00:05 :  93> [G]:  15053 [E]: 121975 [D]:  339 [T]: 4 [TH]: 8, In
2015-08-09 22:00:07 : Loop to clean screen without Clouds , nº :1
2015-08-09 22:00:07 : Loop to clean screen without Clouds , nº :2
2015-08-09 22:00:08 : Loop to clean screen without Clouds , nº :3
2015-08-09 22:00:08 : Loop to clean screen without Clouds , nº :4
2015-08-09 22:00:09 : Loop to clean screen without Clouds , nº :5
2015-08-09 22:00:09 : Loop to clean screen without Clouds , nº :6
2015-08-09 22:00:10 : Loop to clean screen without Clouds , nº :7
2015-08-09 22:00:10 : Loop to clean screen without Clouds , nº :8
2015-08-09 22:00:11 :  94> [G]:  50298 [E]:  98077 [D]:  467 [T]: 1 [TH]: 7, In
2015-08-09 22:00:13 : Loop to clean screen without Clouds , nº :1
2015-08-09 22:00:14 : Loop to clean screen without Clouds , nº :2
2015-08-09 22:00:15 :  95> [G]:   7597 [E]: 177950 [D]:  722 [T]:18 [TH]: 9, In
2015-08-09 22:00:16 : Loop to clean screen without Clouds , nº :1
2015-08-09 22:00:17 :  96> [G]:  99018 [E]:  19522 [D]:  702 [T]: 2 [TH]: 7, In
2015-08-09 22:00:19 : Loop to clean screen without Clouds , nº :1
2015-08-09 22:00:19 : Loop to clean screen without Clouds , nº :2
2015-08-09 22:00:20 : Loop to clean screen without Clouds , nº :3
2015-08-09 22:00:21 : Loop to clean screen without Clouds , nº :4
2015-08-09 22:00:21 : Loop to clean screen without Clouds , nº :5
2015-08-09 22:00:22 : Loop to clean screen without Clouds , nº :6
2015-08-09 22:00:22 : Loop to clean screen without Clouds , nº :7
2015-08-09 22:00:23 : Loop to clean screen without Clouds , nº :8
2015-08-09 22:00:24 :  97> [G]:  11799 [E]:  47619 [D]:  301 [T]: 3 [TH]: 8, In
2015-08-09 22:00:25 : Loop to clean screen without Clouds , nº :1
2015-08-09 22:00:26 : Loop to clean screen without Clouds , nº :2
2015-08-09 22:00:27 :  98> [G]:   8209 [E]:  96442 [D]:  951 [T]: 7 [TH]: 8, In
2015-08-09 22:00:29 : Loop to clean screen without Clouds , nº :1
2015-08-09 22:00:29 : Loop to clean screen without Clouds , nº :2
2015-08-09 22:00:30 :  99> [G]:   9577 [E]: 113589 [D]:  839 [T]:17 [TH]: 9, In
2015-08-09 22:00:32 : Loop to clean screen without Clouds , nº :1
2015-08-09 22:00:33 : Loop to clean screen without Clouds , nº :2
