2015-08-09 20:48:20 : ~ Clash Game Bot v4.1MODS Powered by GameBot.org ~
2015-08-09 20:48:20 : GameBot.org.exe Executable running on WIN_7  X64
2015-08-09 20:48:20 : =================== Bot Start ====================
2015-08-09 20:48:20 : -------------------------  Current Profile: 02 --------------------------
2015-08-09 20:48:20 :  Warning Debug Mode Enabled! Setlog: 1 OCR: 0 RedArea: 0 
2015-08-09 20:48:20 : Trying to locate Main Screen
2015-08-09 20:48:22 : Zooming Out
2015-08-09 20:48:22 : Index = 0
2015-08-09 20:48:22 : ControlFocus Result = 1, ControlSend Result = 1|0
2015-08-09 20:48:22 : Index = 2
2015-08-09 20:48:23 : ControlFocus Result = 1, ControlSend Result = 1|0
2015-08-09 20:48:23 : Index = 4
2015-08-09 20:48:23 : ControlFocus Result = 1, ControlSend Result = 1|0
2015-08-09 20:48:23 : Index = 6
2015-08-09 20:48:23 : ControlFocus Result = 1, ControlSend Result = 1|0
2015-08-09 20:48:23 : Index = 8
2015-08-09 20:48:24 : ControlFocus Result = 1, ControlSend Result = 1|0
2015-08-09 20:48:24 : Index = 10
2015-08-09 20:48:24 : ControlFocus Result = 1, ControlSend Result = 1|0
2015-08-09 20:48:24 : Index = 12
2015-08-09 20:48:24 : ControlFocus Result = 1, ControlSend Result = 1|0
2015-08-09 20:48:24 : Main Screen Located
2015-08-09 20:48:25 : Detecting your Buildings..
2015-08-09 20:48:33 : Language setting is English: Correct.
2015-08-09 20:48:33 : Bot clean start
2015-08-09 20:48:34 : Trying to locate Main Screen
2015-08-09 20:48:34 : Main Screen Located
2015-08-09 20:48:35 : checkMainScreen start quiet mode
2015-08-09 20:48:35 : checkMainScreen exit quiet mode
2015-08-09 20:48:35 : Collecting Resources
2015-08-09 20:48:40 : checkMainScreen start quiet mode
2015-08-09 20:48:40 : checkMainScreen exit quiet mode
2015-08-09 20:48:42 : Cannot find tombstones, Yard is clean!
2015-08-09 20:48:43 : checkMainScreen start quiet mode
2015-08-09 20:48:43 : checkMainScreen exit quiet mode
2015-08-09 20:48:43 : Checking if Village needs Rearming..
2015-08-09 20:48:49 : checkMainScreen start quiet mode
2015-08-09 20:48:49 : checkMainScreen exit quiet mode
2015-08-09 20:48:50 : checkMainScreen start quiet mode
2015-08-09 20:48:50 : checkMainScreen exit quiet mode
2015-08-09 20:48:50 : Village Report
2015-08-09 20:48:50 : No. of Free/Total Builders: 0/4
2015-08-09 20:48:51 :  [T]: 2 538
2015-08-09 20:48:51 :  [G]: 1 920 468 [E]: 5 208 899 [D]: 26 607 [GEM]: 1 993
2015-08-09 20:48:51 : checkMainScreen start quiet mode
2015-08-09 20:48:51 : checkMainScreen exit quiet mode
2015-08-09 20:48:52 : checkMainScreen start quiet mode
2015-08-09 20:48:52 : checkMainScreen exit quiet mode
2015-08-09 20:48:53 : checkMainScreen start quiet mode
2015-08-09 20:48:53 : checkMainScreen exit quiet mode
2015-08-09 20:48:53 : Func Train 
2015-08-09 20:48:53 : Train enabled, $TotalTrainedTroops= 0, Adj TotalCamp= -8
2015-08-09 20:48:53 : Checking Army Camp...
2015-08-09 20:48:54 : $sArmyInfo = 200#200
2015-08-09 20:48:54 : $CurCamp = 200
2015-08-09 20:48:54 : $TotalCamp = 200
2015-08-09 20:48:55 : Total Army Camp capacity: 200/200
2015-08-09 20:48:55 : $hBitmapFirst made
2015-08-09 20:48:55 : Calling CGBfunctions.dll/searchIdentifyTroopTrained 
2015-08-09 20:48:58 : Dll return $FullTemp :Barbarian|8-21|48#Archer|71-22|152
2015-08-09 20:48:58 : $Trooptype split # : 2
2015-08-09 20:48:58 : Start the Loop
2015-08-09 20:48:58 : $TroopTypeT[$i] split : 1
2015-08-09 20:48:58 :  - No. of Barbarians: 48
2015-08-09 20:48:58 : $TroopTypeT[$i] split : 2
2015-08-09 20:48:58 :  - No. of Archers: 152
2015-08-09 20:48:58 : start barrackstatus
2015-08-09 20:48:58 : OK, I'm in army overview
2015-08-09 20:48:58 : barrack 1 found upgrading! color 6B6964
2015-08-09 20:48:58 : barrack 2 found! color 888070
2015-08-09 20:48:58 : barrack 3 found! color 888070
2015-08-09 20:48:59 : barrack 4 found! color 888070
2015-08-09 20:48:59 : dark barrack 1 found! color 888070
2015-08-09 20:48:59 : dark barrack 2 found! color 888070
2015-08-09 20:48:59 : Factory Spell found! color 888070
2015-08-09 20:48:59 : Dark Factory Spell found! color 888070
2015-08-09 20:48:59 : Barracks and Spell factory status: 
2015-08-09 20:48:59 : - Barracks detected: 4 | Available: 3 | Upgrading: 1
2015-08-09 20:48:59 : - Dark Barracks detected: 2 | Available: 2 | Upgrading: 0
2015-08-09 20:48:59 : - Spell factory detected: 1 | Available: 1 | Upgrading: 0
2015-08-09 20:48:59 : - Dark Spell factory detected: 1 | Available: 1 | Upgrading: 0
2015-08-09 20:48:59 : Trainaviable[0] = 1
2015-08-09 20:48:59 : Trainaviable[1] = 0
2015-08-09 20:48:59 : Trainaviable[2] = 1
2015-08-09 20:48:59 : Trainaviable[3] = 1
2015-08-09 20:48:59 : Trainaviable[4] = 1
2015-08-09 20:48:59 : Trainaviable[5] = 1
2015-08-09 20:48:59 : Trainaviable[6] = 1
2015-08-09 20:48:59 : Trainaviable[7] = 1
2015-08-09 20:48:59 : Trainaviable[8] = 1
2015-08-09 20:48:59 : Training Troops...
2015-08-09 20:48:59 : Train: need to make normal troops: True
2015-08-09 20:48:59 : Train: need to make dark troops: False
2015-08-09 20:48:59 : LAST BARRACK = 4
2015-08-09 20:48:59 : OverView TabColor=9BA3A6
2015-08-09 20:48:59 : Last Barrack TabColor=888070
2015-08-09 20:49:00 : Last Barrack TabColor=888070
2015-08-09 20:49:00 : Your Army Camps are now Full
2015-08-09 20:49:00 : ---------COMPUTE TROOPS TO MAKE------------------------
2015-08-09 20:49:00 : -- Compute AnotherTroops to train
2015-08-09 20:49:00 : Need to train (height) GOBL:0% BARB: 120% ARCH: 80% AND 0 other troops space
2015-08-09 20:49:00 : Total Troops to be Trained= 200
2015-08-09 20:49:00 : BARRACKNUM: 3
2015-08-09 20:49:00 : ArchEBarrack: 26
2015-08-09 20:49:00 : BarbEBarrack: 40
2015-08-09 20:49:00 : DARKBARRACKNUM: 2
2015-08-09 20:49:00 : ---------END COMPUTE TROOPS TO MAKE--------------------
2015-08-09 20:49:00 : 
2015-08-09 20:49:00 : ---------TRAIN BARRACK MODE------------------------
2015-08-09 20:49:00 : Barrack4 selected
2015-08-09 20:49:02 : Full Check=DE58D0
2015-08-09 20:49:02 : Full Check=DE58D0
2015-08-09 20:49:02 : Full Check=FF80F8
2015-08-09 20:49:02 : Full Check=FE78F4
2015-08-09 20:49:02 : Full Check=FE78F4
2015-08-09 20:49:02 : Full Check=FF78F3
2015-08-09 20:49:02 : Full Check=FF78F3
2015-08-09 20:49:02 : Full Check=FE78F4
2015-08-09 20:49:02 : Full Check=FE78F4
2015-08-09 20:49:02 : Full Check=FF78F3
2015-08-09 20:49:04 : Full Check=FF78F3
2015-08-09 20:49:04 : Full Check=FF78F3
2015-08-09 20:49:04 : Full Check=FF78F3
2015-08-09 20:49:04 : Full Check=FE78F4
2015-08-09 20:49:04 : Full Check=FF78F3
2015-08-09 20:49:04 : Full Check=FE78F4
2015-08-09 20:49:04 : Full Check=FF78F3
2015-08-09 20:49:04 : Full Check=FF78F3
2015-08-09 20:49:04 : Full Check=FF78F3
2015-08-09 20:49:04 : Full Check=FF7FF5
2015-08-09 20:49:04 : Full Check=FE78F4
2015-08-09 20:49:04 : Full Check=FF7FF5
2015-08-09 20:49:04 : Full Check=FE78F4
2015-08-09 20:49:04 : Full Check=FF7FF5
2015-08-09 20:49:04 : Full Check=FF7FF5
2015-08-09 20:49:04 : Full Check=FE78F4
2015-08-09 20:49:04 : Full Check=FF7FF5
2015-08-09 20:49:04 : Full Check=FE78F4
2015-08-09 20:49:04 : Full Check=FF78F3
2015-08-09 20:49:04 : Full Check=FE78F4
2015-08-09 20:49:05 : Full Check=FF78F3
2015-08-09 20:49:05 : Full Check=FE78F4
2015-08-09 20:49:05 : Full Check=FF78F3
2015-08-09 20:49:05 : Full Check=FF78F3
2015-08-09 20:49:05 : Full Check=FF7FF5
2015-08-09 20:49:05 : Full Check=FB75F1
2015-08-09 20:49:05 : Full Check=FF78F3
2015-08-09 20:49:05 : Full Check=FE78F4
2015-08-09 20:49:05 : Full Check=FF78F3
2015-08-09 20:49:05 : Full Check=FF78F3
2015-08-09 20:49:05 : Full Check=FE78F4
2015-08-09 20:49:05 : Full Check=FF78F3
2015-08-09 20:49:05 : Full Check=FE78F4
2015-08-09 20:49:05 : Full Check=FE78F4
2015-08-09 20:49:05 : Full Check=FF78F3
2015-08-09 20:49:05 : Full Check=FB75F1
2015-08-09 20:49:05 : Full Check=FF78F3
2015-08-09 20:49:05 : Full Check=FF78F3
2015-08-09 20:49:05 : Full Check=FF78F3
2015-08-09 20:49:06 : Full Check=FF78F3
2015-08-09 20:49:06 : Full Check=FF7FF5
2015-08-09 20:49:06 : Full Check=FE78F4
2015-08-09 20:49:06 : Full Check=FF7FF5
2015-08-09 20:49:06 : Full Check=FF7FF5
2015-08-09 20:49:06 : Full Check=FF7FF5
2015-08-09 20:49:06 : Full Check=FE78F4
2015-08-09 20:49:06 : Full Check=FF78F3
2015-08-09 20:49:06 : Full Check=FE78F4
2015-08-09 20:49:06 : Full Check=FF78F3
2015-08-09 20:49:06 : Full Check=FE78F4
2015-08-09 20:49:06 : Full Check=FF7FF5
2015-08-09 20:49:06 : Full Check=FF7FF5
2015-08-09 20:49:06 : Full Check=FE78F4
2015-08-09 20:49:06 : Full Check=FF78F3
2015-08-09 20:49:06 : Full Check=FB75F1
2015-08-09 20:49:06 : Full Check=FF7FF5
2015-08-09 20:49:06 : Full Check=FE78F4
2015-08-09 20:49:06 : Full Check=FF78F3
2015-08-09 20:49:07 : Full Check=FE78F4
2015-08-09 20:49:07 : Full Check=FF7FF5
2015-08-09 20:49:07 : Full Check=FE78F4
2015-08-09 20:49:07 : Full Check=FF7FF5
2015-08-09 20:49:07 : Full Check=FB75F1
2015-08-09 20:49:07 : Full Check=FF78F3
2015-08-09 20:49:07 : Full Check=FE78F4
2015-08-09 20:49:07 : Move from Barrack 4 direction -1
2015-08-09 20:49:09 : Barrack3 selected
2015-08-09 20:49:11 : Full Check=E05AD0
2015-08-09 20:49:11 : Full Check=FF82F8
2015-08-09 20:49:11 : Full Check=FF79F5
2015-08-09 20:49:11 : Full Check=FF79F5
2015-08-09 20:49:11 : Full Check=FF7EF7
2015-08-09 20:49:11 : Full Check=FF79F5
2015-08-09 20:49:11 : Full Check=F167E2
2015-08-09 20:49:11 : Full Check=FF79F5
2015-08-09 20:49:11 : Full Check=FF7EF7
2015-08-09 20:49:11 : Full Check=FF76F1
2015-08-09 20:49:11 : Full Check=FF7BF6
2015-08-09 20:49:11 : Full Check=FF79F5
2015-08-09 20:49:11 : Full Check=FF7BF6
2015-08-09 20:49:11 : Full Check=FF79F5
2015-08-09 20:49:11 : Full Check=FF7BF6
2015-08-09 20:49:12 : Full Check=FF7BF6
2015-08-09 20:49:12 : Full Check=FF7BF6
2015-08-09 20:49:12 : Full Check=FF7BF6
2015-08-09 20:49:12 : Full Check=FF79F5
2015-08-09 20:49:12 : Full Check=FF7BF6
2015-08-09 20:49:12 : Full Check=FF7EF7
2015-08-09 20:49:12 : Full Check=FF76F1
2015-08-09 20:49:12 : Full Check=FF7EF7
2015-08-09 20:49:12 : Full Check=FF7EF7
2015-08-09 20:49:12 : Full Check=FF79F5
2015-08-09 20:49:12 : Full Check=FF7BF6
2015-08-09 20:49:12 : Full Check=FF7BF6
2015-08-09 20:49:12 : Full Check=FE76EE
2015-08-09 20:49:12 : Full Check=FF7EF7
2015-08-09 20:49:12 : Full Check=FF79F5
2015-08-09 20:49:12 : Full Check=FF7BF6
2015-08-09 20:49:12 : Full Check=FF7BF6
2015-08-09 20:49:12 : Full Check=FF76F1
2015-08-09 20:49:12 : Full Check=FF7BF6
2015-08-09 20:49:13 : Full Check=FF7BF6
2015-08-09 20:49:13 : Full Check=FF7EF7
2015-08-09 20:49:13 : Full Check=FF79F5
2015-08-09 20:49:13 : Full Check=FF7EF7
2015-08-09 20:49:13 : Full Check=FF79F5
2015-08-09 20:49:13 : Full Check=FF79F5
2015-08-09 20:49:13 : Full Check=FF7EF7
2015-08-09 20:49:13 : Full Check=FF79F5
2015-08-09 20:49:13 : Full Check=FF79F5
2015-08-09 20:49:13 : Full Check=FF7BF6
2015-08-09 20:49:13 : Full Check=FF76F1
2015-08-09 20:49:13 : Full Check=FF7BF6
2015-08-09 20:49:13 : Full Check=FF79F5
2015-08-09 20:49:13 : Full Check=FF7BF6
2015-08-09 20:49:13 : Full Check=FF7BF6
2015-08-09 20:49:13 : Full Check=FF7EF7
2015-08-09 20:49:13 : Full Check=FF79F5
2015-08-09 20:49:13 : Full Check=FF7BF6
2015-08-09 20:49:13 : Full Check=FF7BF6
2015-08-09 20:49:13 : Full Check=FF7BF6
2015-08-09 20:49:14 : Full Check=FF7BF6
2015-08-09 20:49:14 : Full Check=FF79F5
2015-08-09 20:49:14 : Full Check=FF7BF6
2015-08-09 20:49:14 : Full Check=FF79F5
2015-08-09 20:49:14 : Full Check=FF7EF7
2015-08-09 20:49:14 : Full Check=FF76F1
2015-08-09 20:49:14 : Full Check=FF79F5
2015-08-09 20:49:14 : Full Check=FF7BF6
2015-08-09 20:49:14 : Full Check=FF7BF6
2015-08-09 20:49:14 : Full Check=FF79F5
2015-08-09 20:49:14 : Full Check=FF7BF6
2015-08-09 20:49:14 : Full Check=FF76F1
2015-08-09 20:49:14 : Full Check=FF82F8
2015-08-09 20:49:14 : Full Check=FF76F1
2015-08-09 20:49:14 : Full Check=FF79F5
2015-08-09 20:49:14 : Full Check=FF79F5
2015-08-09 20:49:14 : Full Check=FF7BF6
2015-08-09 20:49:14 : Full Check=FF7BF6
2015-08-09 20:49:14 : Full Check=FF82F8
2015-08-09 20:49:15 : Full Check=FF7EF7
2015-08-09 20:49:15 : Full Check=FF79F5
2015-08-09 20:49:15 : Move from Barrack 3 direction -1
2015-08-09 20:49:16 : Barrack2 selected
2015-08-09 20:49:19 : Full Check=E05AD0
2015-08-09 20:49:19 : Full Check=E05AD0
2015-08-09 20:49:19 : Full Check=FF7BF6
2015-08-09 20:49:19 : Full Check=FF76F1
2015-08-09 20:49:19 : Full Check=FF7EF7
2015-08-09 20:49:19 : Full Check=FF79F5
2015-08-09 20:49:19 : Full Check=F167E2
2015-08-09 20:49:19 : Full Check=FF7EF7
2015-08-09 20:49:19 : Full Check=FF7EF7
2015-08-09 20:49:19 : Full Check=FF76F1
2015-08-09 20:49:19 : Full Check=FF79F5
2015-08-09 20:49:19 : Full Check=FF7EF7
2015-08-09 20:49:19 : Full Check=FF79F5
2015-08-09 20:49:19 : Full Check=FF7BF6
2015-08-09 20:49:19 : Full Check=FF76F1
2015-08-09 20:49:20 : Full Check=F167E2
2015-08-09 20:49:20 : Full Check=FF76F1
2015-08-09 20:49:20 : Full Check=FF7BF6
2015-08-09 20:49:20 : Full Check=FF79F5
2015-08-09 20:49:20 : Full Check=FF7EF7
2015-08-09 20:49:20 : Full Check=FF7EF7
2015-08-09 20:49:20 : Full Check=FF79F5
2015-08-09 20:49:20 : Full Check=FF7BF6
2015-08-09 20:49:20 : Full Check=FF79F5
2015-08-09 20:49:20 : Full Check=FF7BF6
2015-08-09 20:49:20 : Full Check=FF79F5
2015-08-09 20:49:20 : Full Check=FF7EF7
2015-08-09 20:49:20 : Full Check=FF76F1
2015-08-09 20:49:20 : Full Check=FF7BF6
2015-08-09 20:49:20 : Full Check=F167E2
2015-08-09 20:49:20 : Full Check=FF76F1
2015-08-09 20:49:20 : Full Check=FF7EF7
2015-08-09 20:49:21 : Full Check=FF76F1
2015-08-09 20:49:21 : Full Check=FF7BF6
2015-08-09 20:49:21 : Full Check=FF7EF7
2015-08-09 20:49:21 : Full Check=FF7EF7
2015-08-09 20:49:21 : Full Check=FF7EF7
2015-08-09 20:49:21 : Full Check=FF79F5
2015-08-09 20:49:21 : Full Check=FF7EF7
2015-08-09 20:49:21 : Full Check=FF79F5
2015-08-09 20:49:21 : Full Check=FF7EF7
2015-08-09 20:49:21 : Full Check=FF82F8
2015-08-09 20:49:21 : Full Check=FF76F1
2015-08-09 20:49:21 : Full Check=FF76F1
2015-08-09 20:49:21 : Full Check=FF7BF6
2015-08-09 20:49:21 : Full Check=FF7BF6
2015-08-09 20:49:21 : Full Check=FF82F8
2015-08-09 20:49:21 : Full Check=FF79F5
2015-08-09 20:49:21 : Full Check=FF7EF7
2015-08-09 20:49:21 : Full Check=FF79F5
2015-08-09 20:49:21 : Full Check=FF79F5
2015-08-09 20:49:22 : Full Check=FF7BF6
2015-08-09 20:49:22 : Full Check=FF7BF6
2015-08-09 20:49:22 : Full Check=FF7EF7
2015-08-09 20:49:22 : Full Check=FF7EF7
2015-08-09 20:49:22 : Full Check=FF79F5
2015-08-09 20:49:22 : Full Check=FF7BF6
2015-08-09 20:49:22 : Full Check=FE76EE
2015-08-09 20:49:22 : Full Check=FF7BF6
2015-08-09 20:49:22 : Full Check=FF7BF6
2015-08-09 20:49:22 : Full Check=FF7BF6
2015-08-09 20:49:22 : Full Check=FF7BF6
2015-08-09 20:49:22 : Full Check=FF7EF7
2015-08-09 20:49:22 : Full Check=FF82F8
2015-08-09 20:49:22 : Full Check=FF79F5
2015-08-09 20:49:22 : Full Check=FF79F5
2015-08-09 20:49:22 : Full Check=FF7BF6
2015-08-09 20:49:22 : Full Check=FF7BF6
2015-08-09 20:49:22 : Full Check=FF7EF7
2015-08-09 20:49:22 : Full Check=FF79F5
2015-08-09 20:49:23 : Full Check=FF7EF7
2015-08-09 20:49:23 : Full Check=FF79F5
2015-08-09 20:49:23 : Full Check=FF7EF7
2015-08-09 20:49:23 : Full Check=FF79F5
2015-08-09 20:49:23 : Full Check=FF82F8
2015-08-09 20:49:23 : Move from Barrack 2 direction -1
2015-08-09 20:49:24 : This is not a Barrack
2015-08-09 20:49:24 : ---=====================END TRAIN =======================================---
2015-08-09 20:49:26 : checkMainScreen start quiet mode
2015-08-09 20:49:26 : checkMainScreen exit quiet mode
2015-08-09 20:49:27 : checkMainScreen start quiet mode
2015-08-09 20:49:27 : checkMainScreen exit quiet mode
2015-08-09 20:49:28 : checkMainScreen start quiet mode
2015-08-09 20:49:28 : checkMainScreen exit quiet mode
2015-08-09 20:49:28 : Requesting Clan Castle Troops
2015-08-09 20:49:28 : $icount1 = 1, BB2BD1
2015-08-09 20:49:28 : Your Clan Castle is already full or you are not in a clan.
2015-08-09 20:49:30 : checkMainScreen start quiet mode
2015-08-09 20:49:30 : checkMainScreen exit quiet mode
2015-08-09 20:49:30 : checkMainScreen start quiet mode
2015-08-09 20:49:30 : checkMainScreen exit quiet mode
2015-08-09 20:49:31 : checkMainScreen start quiet mode
2015-08-09 20:49:31 : checkMainScreen exit quiet mode
2015-08-09 20:49:33 : Finished kicking
2015-08-09 20:49:33 : Func Idle 
2015-08-09 20:49:33 : $fullArmy=True $fullCC=False $fullHeroes=False $iUnbreakableMode=0
2015-08-09 20:49:33 : Going to Attack...
2015-08-09 20:49:38 : Take-A-Break OCR result = 
2015-08-09 20:49:38 : Shield btn clr chk-#1: 785818, #2: 999745, #3: 745129, #4: 8331CD
2015-08-09 20:49:39 : ============== Searching For Dead Base ===============
2015-08-09 20:49:39 : ~~~~~~~~~~~~~~~ SEARCH CONDITIONS ~~~~~~~~~~~~~~~~
2015-08-09 20:49:39 : Meet: Gold and Elixir, TH Outside
2015-08-09 20:49:39 : ~~~~~~~~~~~~~~ RESOURCE CONDITIONS ~~~~~~~~~~~~~~~
2015-08-09 20:49:39 : Aim: [G]: 999999 [E]: 999999 [D]:    0 [T]: 0, Out for: Dead Base
2015-08-09 20:49:39 : ~~~~~~~~~~~~~~~ ADVANCED SETTINGS ~~~~~~~~~~~~~~~~
2015-08-09 20:49:39 : THSnipe Combo, 1 Tile(s), 
2015-08-09 20:49:39 : ==================================================
2015-08-09 20:49:41 :   1> [G]:  69480 [E]:  43229 [D]:  645 [T]:29 [TH]: 9, In
2015-08-09 20:49:42 : Loop to clean screen without Clouds , nº :1
2015-08-09 20:49:44 :   2> [G]: 191556 [E]:   1639 [D]:    9 [T]:34 [TH]: 9, In
2015-08-09 20:49:45 : Loop to clean screen without Clouds , nº :1
2015-08-09 20:49:46 : Loop to clean screen without Clouds , nº :2
2015-08-09 20:49:46 : Loop to clean screen without Clouds , nº :3
2015-08-09 20:49:47 : Loop to clean screen without Clouds , nº :4
2015-08-09 20:49:48 : Loop to clean screen without Clouds , nº :5
2015-08-09 20:49:48 : Loop to clean screen without Clouds , nº :6
2015-08-09 20:49:49 : Loop to clean screen without Clouds , nº :7
2015-08-09 20:49:49 : Loop to clean screen without Clouds , nº :8
2015-08-09 20:49:50 : Loop to clean screen without Clouds , nº :9
2015-08-09 20:49:50 : Loop to clean screen without Clouds , nº :10
2015-08-09 20:49:51 : Loop to clean screen without Clouds , nº :11
2015-08-09 20:49:52 :   3> [G]:  89106 [E]:  87767 [D]: 1142 [T]:16 [TH]: 9, In
2015-08-09 20:49:54 : Loop to clean screen without Clouds , nº :1
2015-08-09 20:49:54 : Loop to clean screen without Clouds , nº :2
2015-08-09 20:49:55 :   4> [G]:  80196 [E]: 130781 [D]: 1218 [T]:22 [TH]: 9, In
2015-08-09 20:49:57 : Loop to clean screen without Clouds , nº :1
2015-08-09 20:49:58 : Loop to clean screen without Clouds , nº :2
2015-08-09 20:49:58 : Loop to clean screen without Clouds , nº :3
2015-08-09 20:49:59 : Loop to clean screen without Clouds , nº :4
2015-08-09 20:49:59 : Loop to clean screen without Clouds , nº :5
2015-08-09 20:50:01 :   5> [G]: 206121 [E]: 148862 [D]: 1035 [T]:11 [TH]: 9, In
2015-08-09 20:50:02 : Loop to clean screen without Clouds , nº :1
2015-08-09 20:50:03 : Loop to clean screen without Clouds , nº :2
2015-08-09 20:50:03 : Loop to clean screen without Clouds , nº :3
2015-08-09 20:50:04 : Loop to clean screen without Clouds , nº :4
2015-08-09 20:50:05 : Loop to clean screen without Clouds , nº :5
2015-08-09 20:50:06 :   6> [G]:  45295 [E]: 130467 [D]:  320 [T]:12 [TH]: 9, In
2015-08-09 20:50:07 : Loop to clean screen without Clouds , nº :1
2015-08-09 20:50:08 : Loop to clean screen without Clouds , nº :2
2015-08-09 20:50:09 : Loop to clean screen without Clouds , nº :3
2015-08-09 20:50:09 : Loop to clean screen without Clouds , nº :4
2015-08-09 20:50:10 : Loop to clean screen without Clouds , nº :5
2015-08-09 20:50:10 : Loop to clean screen without Clouds , nº :6
2015-08-09 20:50:11 : Loop to clean screen without Clouds , nº :7
2015-08-09 20:50:12 :   7> [G]:  19596 [E]: 134558 [D]: 1091 [T]:13 [TH]: 9, In
2015-08-09 20:50:14 : Loop to clean screen without Clouds , nº :1
2015-08-09 20:50:14 : Loop to clean screen without Clouds , nº :2
2015-08-09 20:50:15 : Loop to clean screen without Clouds , nº :3
2015-08-09 20:50:16 : Loop to clean screen without Clouds , nº :4
2015-08-09 20:50:16 : Loop to clean screen without Clouds , nº :5
2015-08-09 20:50:17 :   8> [G]:  48477 [E]:  22977 [D]: 1394 [T]:14 [TH]: 9, In
2015-08-09 20:50:19 : Loop to clean screen without Clouds , nº :1
2015-08-09 20:50:19 : Loop to clean screen without Clouds , nº :2
2015-08-09 20:50:20 : Loop to clean screen without Clouds , nº :3
2015-08-09 20:50:21 : Loop to clean screen without Clouds , nº :4
2015-08-09 20:50:21 : Loop to clean screen without Clouds , nº :5
2015-08-09 20:50:22 :   9> [G]:  17541 [E]:  97621 [D]:  158 [T]:13 [TH]: 9, In
2015-08-09 20:50:24 : Loop to clean screen without Clouds , nº :1
2015-08-09 20:50:25 : Loop to clean screen without Clouds , nº :2
2015-08-09 20:50:25 : Loop to clean screen without Clouds , nº :3
2015-08-09 20:50:26 : Loop to clean screen without Clouds , nº :4
2015-08-09 20:50:26 : Loop to clean screen without Clouds , nº :5
2015-08-09 20:50:27 : Loop to clean screen without Clouds , nº :6
2015-08-09 20:50:27 : Loop to clean screen without Clouds , nº :7
2015-08-09 20:50:28 : Loop to clean screen without Clouds , nº :8
2015-08-09 20:50:29 : Loop to clean screen without Clouds , nº :9
2015-08-09 20:50:29 : Loop to clean screen without Clouds , nº :10
2015-08-09 20:50:30 : Loop to clean screen without Clouds , nº :11
2015-08-09 20:50:31 :  10> [G]: 221410 [E]: 145571 [D]: 1365 [T]:17 [TH]:10, In
2015-08-09 20:50:33 : Loop to clean screen without Clouds , nº :1
2015-08-09 20:50:34 : Loop to clean screen without Clouds , nº :2
2015-08-09 20:50:34 : Loop to clean screen without Clouds , nº :3
2015-08-09 20:50:35 : Loop to clean screen without Clouds , nº :4
2015-08-09 20:50:35 : Loop to clean screen without Clouds , nº :5
2015-08-09 20:50:36 :  11> [G]:  65918 [E]:  37046 [D]:  187 [T]:35 [TH]: 9, In
2015-08-09 20:50:38 : Loop to clean screen without Clouds , nº :1
2015-08-09 20:50:39 : Loop to clean screen without Clouds , nº :2
2015-08-09 20:50:40 :  12> [G]:   9106 [E]:  33956 [D]:  842 [T]:34 [TH]: 9, In
2015-08-09 20:50:42 : Loop to clean screen without Clouds , nº :1
2015-08-09 20:50:42 : Loop to clean screen without Clouds , nº :2
2015-08-09 20:50:43 :  13> [G]:  10421 [E]: 106470 [D]:  320 [T]:20 [TH]: 9, In
2015-08-09 20:50:45 : Loop to clean screen without Clouds , nº :1
2015-08-09 20:50:46 : Loop to clean screen without Clouds , nº :2
2015-08-09 20:50:47 :  14> [G]:  41256 [E]:  71756 [D]:  493 [T]: 6 [TH]: 8, In
2015-08-09 20:50:48 : Loop to clean screen without Clouds , nº :1
2015-08-09 20:50:49 : Loop to clean screen without Clouds , nº :2
2015-08-09 20:50:49 : Loop to clean screen without Clouds , nº :3
2015-08-09 20:50:50 : Loop to clean screen without Clouds , nº :4
2015-08-09 20:50:51 : Loop to clean screen without Clouds , nº :5
2015-08-09 20:50:52 :  15> [G]:  45843 [E]:  55240 [D]:  644 [T]:18 [TH]: 9, In
2015-08-09 20:50:53 : Loop to clean screen without Clouds , nº :1
2015-08-09 20:50:54 : Loop to clean screen without Clouds , nº :2
2015-08-09 20:50:54 : Loop to clean screen without Clouds , nº :3
2015-08-09 20:50:55 :  16> [G]:  24215 [E]:  66780 [D]:  553 [T]: 6 [TH]: 8, In
2015-08-09 20:50:57 : Loop to clean screen without Clouds , nº :1
2015-08-09 20:50:58 : Loop to clean screen without Clouds , nº :2
2015-08-09 20:50:58 :  17> [G]:  39870 [E]:  25356 [D]:  303 [T]: 5 [TH]: 8, In
2015-08-09 20:51:00 : Loop to clean screen without Clouds , nº :1
2015-08-09 20:51:01 : Loop to clean screen without Clouds , nº :2
2015-08-09 20:51:02 :  18> [G]:  66419 [E]:  37177 [D]:  419 [T]: 7 [TH]: 8, In
2015-08-09 20:51:03 : Loop to clean screen without Clouds , nº :1
2015-08-09 20:51:04 : Loop to clean screen without Clouds , nº :2
2015-08-09 20:51:05 : Loop to clean screen without Clouds , nº :3
2015-08-09 20:51:05 : Loop to clean screen without Clouds , nº :4
2015-08-09 20:51:06 : Loop to clean screen without Clouds , nº :5
2015-08-09 20:51:06 : Loop to clean screen without Clouds , nº :6
2015-08-09 20:51:07 : Loop to clean screen without Clouds , nº :7
2015-08-09 20:51:07 : Loop to clean screen without Clouds , nº :8
2015-08-09 20:51:08 : Loop to clean screen without Clouds , nº :9
2015-08-09 20:51:09 :  19> [G]: 115568 [E]: 194586 [D]: 1264 [T]:19 [TH]: 9, In
2015-08-09 20:51:11 : Loop to clean screen without Clouds , nº :1
2015-08-09 20:51:11 : Loop to clean screen without Clouds , nº :2
2015-08-09 20:51:12 :  20> [G]:  37526 [E]:  38692 [D]:  797 [T]:18 [TH]: 9, In
2015-08-09 20:51:14 : Loop to clean screen without Clouds , nº :1
2015-08-09 20:51:15 : Loop to clean screen without Clouds , nº :2
2015-08-09 20:51:16 : Loop to clean screen without Clouds , nº :3
2015-08-09 20:51:16 : Loop to clean screen without Clouds , nº :4
2015-08-09 20:51:17 :  21> [G]:  34553 [E]: 117598 [D]:  763 [T]:19 [TH]: 9, In
2015-08-09 20:51:19 : Loop to clean screen without Clouds , nº :1
2015-08-09 20:51:20 : Loop to clean screen without Clouds , nº :2
2015-08-09 20:51:21 :  22> [G]:  49098 [E]:  95708 [D]:  394 [T]:24 [TH]: 9, In
2015-08-09 20:51:23 : Loop to clean screen without Clouds , nº :1
2015-08-09 20:51:23 : Loop to clean screen without Clouds , nº :2
2015-08-09 20:51:24 :  23> [G]:  69914 [E]: 201111 [D]: 2308 [T]:16 [TH]:10, In
2015-08-09 20:51:26 : Loop to clean screen without Clouds , nº :1
2015-08-09 20:51:27 : Loop to clean screen without Clouds , nº :2
2015-08-09 20:51:27 : Loop to clean screen without Clouds , nº :3
2015-08-09 20:51:28 :  24> [G]:  69514 [E]:  81474 [D]:  454 [T]:31 [TH]: 9, In
2015-08-09 20:51:30 : Loop to clean screen without Clouds , nº :1
2015-08-09 20:51:31 : Loop to clean screen without Clouds , nº :2
2015-08-09 20:51:31 : Loop to clean screen without Clouds , nº :3
2015-08-09 20:51:33 :  25> [G]:   4248 [E]: 175208 [D]: 1485 [T]:17 [TH]: 9, In
2015-08-09 20:51:34 : Loop to clean screen without Clouds , nº :1
2015-08-09 20:51:35 : Loop to clean screen without Clouds , nº :2
2015-08-09 20:51:36 :  26> [G]:  86587 [E]:  44501 [D]:  140 [T]: 4 [TH]: 8, In
2015-08-09 20:51:37 : Loop to clean screen without Clouds , nº :1
2015-08-09 20:51:38 : Loop to clean screen without Clouds , nº :2
2015-08-09 20:51:39 :  27> [G]:  59807 [E]:  55072 [D]:  570 [T]: 3 [TH]: 8, In
2015-08-09 20:51:41 : Loop to clean screen without Clouds , nº :1
2015-08-09 20:51:41 : Loop to clean screen without Clouds , nº :2
2015-08-09 20:51:42 :  28> [G]:  59914 [E]: 140500 [D]:  792 [T]:26 [TH]: 8, In
2015-08-09 20:51:44 : Loop to clean screen without Clouds , nº :1
2015-08-09 20:51:44 : Loop to clean screen without Clouds , nº :2
2015-08-09 20:51:45 :  29> [G]:  26670 [E]: 139162 [D]:  848 [T]: 7 [TH]: 8, In
2015-08-09 20:51:47 : Loop to clean screen without Clouds , nº :1
2015-08-09 20:51:48 : Loop to clean screen without Clouds , nº :2
2015-08-09 20:51:49 :  30> [G]:  33747 [E]: 134790 [D]: 1105 [T]:27 [TH]: 9, In
2015-08-09 20:51:50 : Loop to clean screen without Clouds , nº :1
2015-08-09 20:51:51 : Loop to clean screen without Clouds , nº :2
2015-08-09 20:51:52 :  31> [G]:  66589 [E]: 125908 [D]: 1155 [T]: 7 [TH]: 8, In
2015-08-09 20:51:53 : Loop to clean screen without Clouds , nº :1
2015-08-09 20:51:54 : Loop to clean screen without Clouds , nº :2
2015-08-09 20:51:55 :  32> [G]:  40002 [E]: 100002 [D]:  120 [T]: 4 [TH]: 8, In
2015-08-09 20:51:57 : Loop to clean screen without Clouds , nº :1
2015-08-09 20:51:57 : Loop to clean screen without Clouds , nº :2
2015-08-09 20:51:58 : Loop to clean screen without Clouds , nº :3
2015-08-09 20:51:59 : Loop to clean screen without Clouds , nº :4
2015-08-09 20:52:00 :  33> [G]:  81404 [E]: 123673 [D]: 1356 [T]: 3 [TH]: 8, In
2015-08-09 20:52:01 : Loop to clean screen without Clouds , nº :1
2015-08-09 20:52:02 : Loop to clean screen without Clouds , nº :2
2015-08-09 20:52:03 :  34> [G]: 162633 [E]:  51366 [D]:  858 [T]:14 [TH]: 9, In
2015-08-09 20:52:05 : Loop to clean screen without Clouds , nº :1
2015-08-09 20:52:05 : Loop to clean screen without Clouds , nº :2
2015-08-09 20:52:06 :  35> [G]: 230475 [E]:  43500 [D]:  559 [T]:14 [TH]: 9, In
2015-08-09 20:52:08 : Loop to clean screen without Clouds , nº :1
2015-08-09 20:52:09 : Loop to clean screen without Clouds , nº :2
2015-08-09 20:52:09 : Loop to clean screen without Clouds , nº :3
2015-08-09 20:52:10 : Loop to clean screen without Clouds , nº :4
2015-08-09 20:52:10 : Loop to clean screen without Clouds , nº :5
2015-08-09 20:52:11 :  36> [G]:  12795 [E]:  83747 [D]:  580 [T]:21 [TH]: 9, In
2015-08-09 20:52:13 : Loop to clean screen without Clouds , nº :1
2015-08-09 20:52:14 : Loop to clean screen without Clouds , nº :2
2015-08-09 20:52:14 : Loop to clean screen without Clouds , nº :3
2015-08-09 20:52:15 : Loop to clean screen without Clouds , nº :4
2015-08-09 20:52:15 : Loop to clean screen without Clouds , nº :5
2015-08-09 20:52:16 :  37> [G]:   7865 [E]:  81680 [D]:  538 [T]:16 [TH]: 9, In
2015-08-09 20:52:18 : Loop to clean screen without Clouds , nº :1
2015-08-09 20:52:19 :  38> [G]:  70058 [E]: 130877 [D]: 1018 [T]: 2 [TH]: 8, In
2015-08-09 20:52:21 : Loop to clean screen without Clouds , nº :1
2015-08-09 20:52:21 : Loop to clean screen without Clouds , nº :2
2015-08-09 20:52:22 : Loop to clean screen without Clouds , nº :3
2015-08-09 20:52:23 : Loop to clean screen without Clouds , nº :4
2015-08-09 20:52:23 : Loop to clean screen without Clouds , nº :5
2015-08-09 20:52:24 : Loop to clean screen without Clouds , nº :6
2015-08-09 20:52:24 : Loop to clean screen without Clouds , nº :7
2015-08-09 20:52:25 : Loop to clean screen without Clouds , nº :8
2015-08-09 20:52:26 :  39> [G]:  92939 [E]:  94582 [D]: 1179 [T]:12 [TH]: 9, In
2015-08-09 20:52:28 : Loop to clean screen without Clouds , nº :1
2015-08-09 20:52:28 : Loop to clean screen without Clouds , nº :2
2015-08-09 20:52:29 :  40> [G]:  33454 [E]:  68897 [D]:   47 [T]: 2 [TH]: 8, In
2015-08-09 20:52:31 : Loop to clean screen without Clouds , nº :1
2015-08-09 20:52:31 : Loop to clean screen without Clouds , nº :2
2015-08-09 20:52:32 :  41> [G]:  23595 [E]:  38845 [D]:  881 [T]: 4 [TH]: 8, In
2015-08-09 20:52:34 : Loop to clean screen without Clouds , nº :1
2015-08-09 20:52:35 : Loop to clean screen without Clouds , nº :2
2015-08-09 20:52:36 :  42> [G]: 280899 [E]: 278827 [D]:  137 [T]:14 [TH]: 8, In
2015-08-09 20:52:38 : Loop to clean screen without Clouds , nº :1
2015-08-09 20:52:38 : Loop to clean screen without Clouds , nº :2
2015-08-09 20:52:39 : Loop to clean screen without Clouds , nº :3
2015-08-09 20:52:39 : Loop to clean screen without Clouds , nº :4
2015-08-09 20:52:40 : Loop to clean screen without Clouds , nº :5
2015-08-09 20:52:40 : Loop to clean screen without Clouds , nº :6
2015-08-09 20:52:41 :  43> [G]: 160519 [E]:  23670 [D]:  291 [T]:15 [TH]: 9, In
2015-08-09 20:52:43 : Loop to clean screen without Clouds , nº :1
2015-08-09 20:52:44 : Loop to clean screen without Clouds , nº :2
2015-08-09 20:52:44 :  44> [G]:  29182 [E]:  28230 [D]:  650 [T]: 1 [TH]: 7, In
2015-08-09 20:52:46 : Loop to clean screen without Clouds , nº :1
2015-08-09 20:52:47 : Loop to clean screen without Clouds , nº :2
2015-08-09 20:52:47 : Loop to clean screen without Clouds , nº :3
2015-08-09 20:52:48 : Loop to clean screen without Clouds , nº :4
2015-08-09 20:52:48 : Loop to clean screen without Clouds , nº :5
2015-08-09 20:52:49 : Loop to clean screen without Clouds , nº :6
2015-08-09 20:52:49 : Loop to clean screen without Clouds , nº :7
2015-08-09 20:52:50 : Loop to clean screen without Clouds , nº :8
2015-08-09 20:52:51 : Loop to clean screen without Clouds , nº :9
2015-08-09 20:52:51 :  45> [G]:  71732 [E]:  17449 [D]:  295 [T]: 4 [TH]: 8, In
2015-08-09 20:52:53 : Loop to clean screen without Clouds , nº :1
2015-08-09 20:52:54 : Loop to clean screen without Clouds , nº :2
2015-08-09 20:52:54 : Loop to clean screen without Clouds , nº :3
2015-08-09 20:52:55 : Loop to clean screen without Clouds , nº :4
2015-08-09 20:52:56 : Loop to clean screen without Clouds , nº :5
2015-08-09 20:52:56 :  46> [G]:  25907 [E]:  55650 [D]:  742 [T]: 4 [TH]: 8, In
2015-08-09 20:52:58 : Loop to clean screen without Clouds , nº :1
2015-08-09 20:52:59 : Loop to clean screen without Clouds , nº :2
2015-08-09 20:53:00 : Loop to clean screen without Clouds , nº :3
2015-08-09 20:53:01 :  47> [G]:  11248 [E]:  95082 [D]:  153 [T]: 3 [TH]: 8, In
2015-08-09 20:53:02 : Loop to clean screen without Clouds , nº :1
2015-08-09 20:53:03 : Loop to clean screen without Clouds , nº :2
2015-08-09 20:53:07 :  48> [G]: 159381 [E]:  75312 [D]: 1640 [T]:19 [TH]: -, -
2015-08-09 20:53:09 : Loop to clean screen without Clouds , nº :1
2015-08-09 20:53:09 : Loop to clean screen without Clouds , nº :2
2015-08-09 20:53:10 :  49> [G]:  71595 [E]:  64038 [D]:  255 [T]: 2 [TH]: 8, In
2015-08-09 20:53:12 : Loop to clean screen without Clouds , nº :1
2015-08-09 20:53:12 : Loop to clean screen without Clouds , nº :2
2015-08-09 20:53:13 :  50> [G]:  30363 [E]:  41890 [D]:  235 [T]: 3 [TH]: 8, In
2015-08-09 20:53:15 : Loop to clean screen without Clouds , nº :1
2015-08-09 20:53:16 :  51> [G]: 106659 [E]:  73274 [D]:  954 [T]: 3 [TH]: 8, In
2015-08-09 20:53:18 : Loop to clean screen without Clouds , nº :1
2015-08-09 20:53:18 : Loop to clean screen without Clouds , nº :2
2015-08-09 20:53:19 : Loop to clean screen without Clouds , nº :3
2015-08-09 20:53:19 : Loop to clean screen without Clouds , nº :4
2015-08-09 20:53:20 : Loop to clean screen without Clouds , nº :5
2015-08-09 20:53:20 : Loop to clean screen without Clouds , nº :6
2015-08-09 20:53:21 : Loop to clean screen without Clouds , nº :7
2015-08-09 20:53:22 : Loop to clean screen without Clouds , nº :8
2015-08-09 20:53:23 :  52> [G]:  10384 [E]:  39684 [D]:   71 [T]: 3 [TH]: 8, In
2015-08-09 20:53:24 : Loop to clean screen without Clouds , nº :1
2015-08-09 20:53:25 : Loop to clean screen without Clouds , nº :2
2015-08-09 20:53:25 :  53> [G]:   4135 [E]:   5175 [D]:  439 [T]: 1 [TH]: 7, In
2015-08-09 20:53:27 : Loop to clean screen without Clouds , nº :1
2015-08-09 20:53:28 : Loop to clean screen without Clouds , nº :2
2015-08-09 20:53:28 : Loop to clean screen without Clouds , nº :3
2015-08-09 20:53:29 : Loop to clean screen without Clouds , nº :4
2015-08-09 20:53:29 : Loop to clean screen without Clouds , nº :5
2015-08-09 20:53:30 : Loop to clean screen without Clouds , nº :6
2015-08-09 20:53:30 : Loop to clean screen without Clouds , nº :7
2015-08-09 20:53:31 :  54> [G]:  22211 [E]:  22523 [D]:   27 [T]: 1 [TH]: 7, In
2015-08-09 20:53:33 : Loop to clean screen without Clouds , nº :1
2015-08-09 20:53:33 : Loop to clean screen without Clouds , nº :2
2015-08-09 20:53:34 :  55> [G]:  72346 [E]:  54385 [D]:  673 [T]:10 [TH]: 8, In
2015-08-09 20:53:36 : Loop to clean screen without Clouds , nº :1
2015-08-09 20:53:37 : Loop to clean screen without Clouds , nº :2
2015-08-09 20:53:38 :  56> [G]:  69136 [E]:  97588 [D]:  596 [T]: 2 [TH]: 8, In
2015-08-09 20:53:39 : Loop to clean screen without Clouds , nº :1
2015-08-09 20:53:40 : Loop to clean screen without Clouds , nº :2
2015-08-09 20:53:41 :  57> [G]:  19558 [E]:   9291 [D]:   48 [T]: 1 [TH]: 7, In
2015-08-09 20:53:42 : Loop to clean screen without Clouds , nº :1
2015-08-09 20:53:43 : Loop to clean screen without Clouds , nº :2
2015-08-09 20:53:44 : Loop to clean screen without Clouds , nº :3
2015-08-09 20:53:44 : Loop to clean screen without Clouds , nº :4
2015-08-09 20:53:45 : Loop to clean screen without Clouds , nº :5
2015-08-09 20:53:45 : Loop to clean screen without Clouds , nº :6
2015-08-09 20:53:46 : Loop to clean screen without Clouds , nº :7
2015-08-09 20:53:46 : Loop to clean screen without Clouds , nº :8
2015-08-09 20:53:47 :  58> [G]:  73871 [E]:  79653 [D]:  403 [T]: 5 [TH]: 8, In
2015-08-09 20:53:49 : Loop to clean screen without Clouds , nº :1
2015-08-09 20:53:49 : Loop to clean screen without Clouds , nº :2
2015-08-09 20:53:50 :  59> [G]:  19982 [E]:  70675 [D]:  366 [T]: 3 [TH]: 8, In
2015-08-09 20:53:52 : Loop to clean screen without Clouds , nº :1
2015-08-09 20:53:53 : Loop to clean screen without Clouds , nº :2
2015-08-09 20:53:53 :  60> [G]:  92260 [E]:  39354 [D]:  236 [T]: 1 [TH]: 7, In
2015-08-09 20:53:55 : Loop to clean screen without Clouds , nº :1
2015-08-09 20:53:56 : Loop to clean screen without Clouds , nº :2
2015-08-09 20:53:56 : Loop to clean screen without Clouds , nº :3
2015-08-09 20:53:57 : Loop to clean screen without Clouds , nº :4
2015-08-09 20:53:57 : Loop to clean screen without Clouds , nº :5
2015-08-09 20:53:58 : Loop to clean screen without Clouds , nº :6
2015-08-09 20:53:59 : Loop to clean screen without Clouds , nº :7
2015-08-09 20:53:59 : Loop to clean screen without Clouds , nº :8
2015-08-09 20:54:00 : Loop to clean screen without Clouds , nº :9
2015-08-09 20:54:00 : Loop to clean screen without Clouds , nº :10
2015-08-09 20:54:02 :  61> [G]:  91404 [E]:  94430 [D]:  218 [T]:12 [TH]: 9, In
2015-08-09 20:54:03 : Loop to clean screen without Clouds , nº :1
2015-08-09 20:54:04 : Loop to clean screen without Clouds , nº :2
2015-08-09 20:54:05 :  62> [G]:   1127 [E]: 116978 [D]: 1082 [T]: 8 [TH]: 8, In
2015-08-09 20:54:06 : Loop to clean screen without Clouds , nº :1
2015-08-09 20:54:07 : Loop to clean screen without Clouds , nº :2
2015-08-09 20:54:08 :  63> [G]:  92577 [E]:  28874 [D]:   83 [T]: 4 [TH]: 8, In
2015-08-09 20:54:10 : Loop to clean screen without Clouds , nº :1
2015-08-09 20:54:10 : Loop to clean screen without Clouds , nº :2
2015-08-09 20:54:11 :  64> [G]:  89820 [E]:  58989 [D]:  670 [T]:33 [TH]: 9, In
2015-08-09 20:54:13 : Loop to clean screen without Clouds , nº :1
2015-08-09 20:54:14 : Loop to clean screen without Clouds , nº :2
2015-08-09 20:54:14 :  65> [G]:  92131 [E]:  47521 [D]:  329 [T]: 4 [TH]: 8, In
2015-08-09 20:54:16 : Loop to clean screen without Clouds , nº :1
2015-08-09 20:54:18 :  66> [G]:  43048 [E]: 144220 [D]:  374 [T]: 5 [TH]: 8, In
2015-08-09 20:54:19 : Loop to clean screen without Clouds , nº :1
2015-08-09 20:54:20 : Loop to clean screen without Clouds , nº :2
2015-08-09 20:54:21 :  67> [G]:  13069 [E]:  56545 [D]:   67 [T]: 4 [TH]: 8, In
2015-08-09 20:54:23 : Loop to clean screen without Clouds , nº :1
2015-08-09 20:54:23 : Loop to clean screen without Clouds , nº :2
2015-08-09 20:54:24 :  68> [G]:  26178 [E]:  21524 [D]:  577 [T]: 1 [TH]: 7, In
2015-08-09 20:54:26 : Loop to clean screen without Clouds , nº :1
2015-08-09 20:54:26 : Loop to clean screen without Clouds , nº :2
2015-08-09 20:54:27 :  69> [G]:  71457 [E]: 104390 [D]:  606 [T]: 8 [TH]: 8, In
2015-08-09 20:54:29 : Loop to clean screen without Clouds , nº :1
2015-08-09 20:54:29 : Loop to clean screen without Clouds , nº :2
2015-08-09 20:54:30 :  70> [G]:   7688 [E]:   9832 [D]:  821 [T]: 4 [TH]: 8, In
2015-08-09 20:54:32 : Loop to clean screen without Clouds , nº :1
2015-08-09 20:54:33 : Loop to clean screen without Clouds , nº :2
2015-08-09 20:54:33 :  71> [G]:  27603 [E]:  92034 [D]:  401 [T]: 1 [TH]: 7, In
2015-08-09 20:54:35 : Loop to clean screen without Clouds , nº :1
2015-08-09 20:54:36 : Loop to clean screen without Clouds , nº :2
2015-08-09 20:54:36 :  72> [G]:  63437 [E]:  57897 [D]:  712 [T]: 5 [TH]: 8, In
2015-08-09 20:54:38 : Loop to clean screen without Clouds , nº :1
2015-08-09 20:54:39 : Loop to clean screen without Clouds , nº :2
2015-08-09 20:54:40 :  73> [G]: 125931 [E]:  40557 [D]: 3024 [T]:18 [TH]:10, In
2015-08-09 20:54:42 : Loop to clean screen without Clouds , nº :1
2015-08-09 20:54:43 : Loop to clean screen without Clouds , nº :2
2015-08-09 20:54:43 :  74> [G]:   3582 [E]:  11103 [D]:  275 [T]: 2 [TH]: 7, In
2015-08-09 20:54:45 : Loop to clean screen without Clouds , nº :1
2015-08-09 20:54:45 : Loop to clean screen without Clouds , nº :2
2015-08-09 20:54:46 : Loop to clean screen without Clouds , nº :3
2015-08-09 20:54:47 : Loop to clean screen without Clouds , nº :4
2015-08-09 20:54:47 : Loop to clean screen without Clouds , nº :5
2015-08-09 20:54:48 : Loop to clean screen without Clouds , nº :6
2015-08-09 20:54:48 : Loop to clean screen without Clouds , nº :7
2015-08-09 20:54:49 : Loop to clean screen without Clouds , nº :8
2015-08-09 20:54:49 : Loop to clean screen without Clouds , nº :9
2015-08-09 20:54:50 : Loop to clean screen without Clouds , nº :10
2015-08-09 20:54:51 :  75> [G]:  60826 [E]: 343688 [D]: 1783 [T]:19 [TH]: 9, In
2015-08-09 20:54:53 : Loop to clean screen without Clouds , nº :1
2015-08-09 20:54:53 : Loop to clean screen without Clouds , nº :2
2015-08-09 20:54:54 :  76> [G]:   6929 [E]:   1755 [D]:  545 [T]: 2 [TH]: 8, In
2015-08-09 20:54:56 : Loop to clean screen without Clouds , nº :1
2015-08-09 20:54:56 : Loop to clean screen without Clouds , nº :2
2015-08-09 20:54:57 :  77> [G]:  41964 [E]: 226257 [D]: 1263 [T]: 3 [TH]: 8, In
2015-08-09 20:54:59 : Loop to clean screen without Clouds , nº :1
2015-08-09 20:55:00 : Loop to clean screen without Clouds , nº :2
2015-08-09 20:55:01 :  78> [G]: 121508 [E]:    839 [D]:    7 [T]: 4 [TH]: 8, In
2015-08-09 20:55:02 : Loop to clean screen without Clouds , nº :1
2015-08-09 20:55:03 : Loop to clean screen without Clouds , nº :2
2015-08-09 20:55:04 :  79> [G]:  26094 [E]:  93746 [D]:   93 [T]: 2 [TH]: 7, In
2015-08-09 20:55:05 : Loop to clean screen without Clouds , nº :1
2015-08-09 20:55:06 : Loop to clean screen without Clouds , nº :2
2015-08-09 20:55:06 : Loop to clean screen without Clouds , nº :3
2015-08-09 20:55:07 : Loop to clean screen without Clouds , nº :4
2015-08-09 20:55:08 : Loop to clean screen without Clouds , nº :5
2015-08-09 20:55:08 : Loop to clean screen without Clouds , nº :6
2015-08-09 20:55:09 : Loop to clean screen without Clouds , nº :7
2015-08-09 20:55:09 : Loop to clean screen without Clouds , nº :8
2015-08-09 20:55:10 : Loop to clean screen without Clouds , nº :9
2015-08-09 20:55:10 : Loop to clean screen without Clouds , nº :10
2015-08-09 20:55:11 : Loop to clean screen without Clouds , nº :11
2015-08-09 20:55:12 :  80> [G]: 180761 [E]: 163086 [D]:  346 [T]: 3 [TH]: 8, In
2015-08-09 20:55:14 : Loop to clean screen without Clouds , nº :1
2015-08-09 20:55:14 :  81> [G]:   7476 [E]:  20946 [D]:  231 [T]: 1 [TH]: 7, In
2015-08-09 20:55:16 : Loop to clean screen without Clouds , nº :1
2015-08-09 20:55:17 : Loop to clean screen without Clouds , nº :2
2015-08-09 20:55:17 : Loop to clean screen without Clouds , nº :3
2015-08-09 20:55:18 : Loop to clean screen without Clouds , nº :4
2015-08-09 20:55:19 : Loop to clean screen without Clouds , nº :5
2015-08-09 20:55:19 : Loop to clean screen without Clouds , nº :6
2015-08-09 20:55:20 : Loop to clean screen without Clouds , nº :7
2015-08-09 20:55:20 :  82> [G]:   2705 [E]:   5018 [D]:    2 [T]: 1 [TH]: 7, In
2015-08-09 20:55:22 : Loop to clean screen without Clouds , nº :1
2015-08-09 20:55:23 :  83> [G]: 100921 [E]:  56214 [D]:  388 [T]: 1 [TH]: 7, In
2015-08-09 20:55:25 : Loop to clean screen without Clouds , nº :1
2015-08-09 20:55:25 : Loop to clean screen without Clouds , nº :2
2015-08-09 20:55:26 : Loop to clean screen without Clouds , nº :3
2015-08-09 20:55:26 : Loop to clean screen without Clouds , nº :4
2015-08-09 20:55:27 : Loop to clean screen without Clouds , nº :5
2015-08-09 20:55:27 : Loop to clean screen without Clouds , nº :6
2015-08-09 20:55:28 : Loop to clean screen without Clouds , nº :7
2015-08-09 20:55:29 :  84> [G]:  28125 [E]:  27000 [D]:    0 [T]: 1 [TH]: 7, In
2015-08-09 20:55:31 : Loop to clean screen without Clouds , nº :1
2015-08-09 20:55:31 : Loop to clean screen without Clouds , nº :2
2015-08-09 20:55:32 :  85> [G]:  62637 [E]:  46170 [D]:  496 [T]: 5 [TH]: 8, In
2015-08-09 20:55:34 : Loop to clean screen without Clouds , nº :1
2015-08-09 20:55:34 :  86> [G]:  60634 [E]:  81039 [D]:  359 [T]: 1 [TH]: 7, In
2015-08-09 20:55:36 : Loop to clean screen without Clouds , nº :1
2015-08-09 20:55:37 : Loop to clean screen without Clouds , nº :2
2015-08-09 20:55:37 : Loop to clean screen without Clouds , nº :3
2015-08-09 20:55:38 : Loop to clean screen without Clouds , nº :4
2015-08-09 20:55:38 : Loop to clean screen without Clouds , nº :5
2015-08-09 20:55:39 : Loop to clean screen without Clouds , nº :6
2015-08-09 20:55:39 : Loop to clean screen without Clouds , nº :7
2015-08-09 20:55:40 : Loop to clean screen without Clouds , nº :8
2015-08-09 20:55:40 : Loop to clean screen without Clouds , nº :9
2015-08-09 20:55:41 :  87> [G]:  68313 [E]: 108946 [D]:  871 [T]: 5 [TH]: 8, In
2015-08-09 20:55:43 : Loop to clean screen without Clouds , nº :1
2015-08-09 20:55:44 : Loop to clean screen without Clouds , nº :2
2015-08-09 20:55:45 :  88> [G]:  35000 [E]: 170956 [D]:  120 [T]: 2 [TH]: 8, In
2015-08-09 20:55:46 : Loop to clean screen without Clouds , nº :1
2015-08-09 20:55:47 : Loop to clean screen without Clouds , nº :2
2015-08-09 20:55:48 :  89> [G]:  50283 [E]:  20301 [D]:  217 [T]: 3 [TH]: 8, In
2015-08-09 20:55:50 : Loop to clean screen without Clouds , nº :1
2015-08-09 20:55:50 : Loop to clean screen without Clouds , nº :2
2015-08-09 20:55:51 :  90> [G]: 184012 [E]: 197777 [D]:  593 [T]: 7 [TH]: 8, In
2015-08-09 20:55:53 : Loop to clean screen without Clouds , nº :1
2015-08-09 20:55:53 : Loop to clean screen without Clouds , nº :2
2015-08-09 20:55:54 :  91> [G]:  26286 [E]:   7399 [D]:  202 [T]: 1 [TH]: 7, In
2015-08-09 20:55:56 : Loop to clean screen without Clouds , nº :1
2015-08-09 20:55:56 : Loop to clean screen without Clouds , nº :2
2015-08-09 20:55:57 : Loop to clean screen without Clouds , nº :3
2015-08-09 20:55:57 : Loop to clean screen without Clouds , nº :4
2015-08-09 20:55:58 : Loop to clean screen without Clouds , nº :5
2015-08-09 20:55:59 : Loop to clean screen without Clouds , nº :6
2015-08-09 20:55:59 : Loop to clean screen without Clouds , nº :7
2015-08-09 20:56:00 : Loop to clean screen without Clouds , nº :8
2015-08-09 20:56:00 : Loop to clean screen without Clouds , nº :9
2015-08-09 20:56:01 : Loop to clean screen without Clouds , nº :10
2015-08-09 20:56:01 : Loop to clean screen without Clouds , nº :11
2015-08-09 20:56:02 : Loop to clean screen without Clouds , nº :12
2015-08-09 20:56:03 : Loop to clean screen without Clouds , nº :13
2015-08-09 20:56:03 : Loop to clean screen without Clouds , nº :14
2015-08-09 20:56:04 :  92> [G]:  25011 [E]:  40937 [D]: 1119 [T]:15 [TH]: 9, In
2015-08-09 20:56:06 : Loop to clean screen without Clouds , nº :1
2015-08-09 20:56:07 : Loop to clean screen without Clouds , nº :2
2015-08-09 20:56:08 :  93> [G]:  86746 [E]:  33324 [D]:  607 [T]: 3 [TH]: 8, In
2015-08-09 20:56:09 : Loop to clean screen without Clouds , nº :1
2015-08-09 20:56:10 : Loop to clean screen without Clouds , nº :2
2015-08-09 20:56:11 :  94> [G]:  98295 [E]:  17992 [D]:  772 [T]:13 [TH]: 9, In
2015-08-09 20:56:13 : Loop to clean screen without Clouds , nº :1
2015-08-09 20:56:13 : Loop to clean screen without Clouds , nº :2
2015-08-09 20:56:14 : Loop to clean screen without Clouds , nº :3
2015-08-09 20:56:15 : Loop to clean screen without Clouds , nº :4
2015-08-09 20:56:16 :  95> [G]:  96368 [E]: 140792 [D]: 1715 [T]:16 [TH]: 9, In
2015-08-09 20:56:18 : Loop to clean screen without Clouds , nº :1
2015-08-09 20:56:18 : Loop to clean screen without Clouds , nº :2
2015-08-09 20:56:19 :  96> [G]:  15951 [E]: 191220 [D]:  649 [T]: 3 [TH]: 8, In
2015-08-09 20:56:21 : Loop to clean screen without Clouds , nº :1
2015-08-09 20:56:21 : Loop to clean screen without Clouds , nº :2
2015-08-09 20:56:22 : Loop to clean screen without Clouds , nº :3
2015-08-09 20:56:22 : Loop to clean screen without Clouds , nº :4
2015-08-09 20:56:23 :  97> [G]:  44365 [E]:  27780 [D]:   40 [T]: 2 [TH]: 8, In
2015-08-09 20:56:25 : Loop to clean screen without Clouds , nº :1
2015-08-09 20:56:26 : Loop to clean screen without Clouds , nº :2
2015-08-09 20:56:27 :  98> [G]: 136434 [E]: 107625 [D]:  566 [T]: 5 [TH]: 8, In
2015-08-09 20:56:29 : Loop to clean screen without Clouds , nº :1
2015-08-09 20:56:29 : Loop to clean screen without Clouds , nº :2
2015-08-09 20:56:30 :  99> [G]: 152937 [E]:  58335 [D]:  719 [T]:14 [TH]: 9, In
2015-08-09 20:56:32 : Loop to clean screen without Clouds , nº :1
2015-08-09 20:56:32 : Loop to clean screen without Clouds , nº :2
2015-08-09 20:56:33 : 100> [G]:  92393 [E]:  48614 [D]:  776 [T]: 4 [TH]: 8, In
2015-08-09 20:56:36 : Loop to clean screen without Clouds , nº :1
2015-08-09 20:56:37 : Loop to clean screen without Clouds , nº :2
2015-08-09 20:56:38 : 101> [G]:  71097 [E]:  27514 [D]:  105 [T]: 3 [TH]: 8, In
2015-08-09 20:56:39 : Loop to clean screen without Clouds , nº :1
2015-08-09 20:56:40 : Loop to clean screen without Clouds , nº :2
2015-08-09 20:56:41 : 102> [G]:  24006 [E]: 136396 [D]:  532 [T]: 5 [TH]: 8, In
2015-08-09 20:56:42 : Loop to clean screen without Clouds , nº :1
2015-08-09 20:56:43 : Loop to clean screen without Clouds , nº :2
2015-08-09 20:56:44 : 103> [G]:  29124 [E]:  41333 [D]:  502 [T]: 2 [TH]: 8, In
2015-08-09 20:56:46 : Loop to clean screen without Clouds , nº :1
2015-08-09 20:56:46 : Loop to clean screen without Clouds , nº :2
2015-08-09 20:56:47 : 104> [G]:   5812 [E]:  35253 [D]:  652 [T]: 1 [TH]: 7, In
2015-08-09 20:56:49 : Loop to clean screen without Clouds , nº :1
2015-08-09 20:56:49 : Loop to clean screen without Clouds , nº :2
2015-08-09 20:56:50 : Loop to clean screen without Clouds , nº :3
2015-08-09 20:56:50 : Loop to clean screen without Clouds , nº :4
2015-08-09 20:56:51 : 105> [G]: 140983 [E]: 148403 [D]:  405 [T]: 3 [TH]: 8, In
2015-08-09 20:56:53 : Loop to clean screen without Clouds , nº :1
2015-08-09 20:56:54 : Loop to clean screen without Clouds , nº :2
2015-08-09 20:56:54 : Loop to clean screen without Clouds , nº :3
2015-08-09 20:56:55 : 106> [G]:   7016 [E]:  70506 [D]:  232 [T]: 3 [TH]: 8, In
2015-08-09 20:56:57 : Loop to clean screen without Clouds , nº :1
2015-08-09 20:56:58 : Loop to clean screen without Clouds , nº :2
2015-08-09 20:56:58 : 107> [G]:  20422 [E]:  52878 [D]:  391 [T]: 1 [TH]: 7, In
2015-08-09 20:57:00 : Loop to clean screen without Clouds , nº :1
2015-08-09 20:57:01 : Loop to clean screen without Clouds , nº :2
2015-08-09 20:57:01 : Loop to clean screen without Clouds , nº :3
2015-08-09 20:57:02 : Loop to clean screen without Clouds , nº :4
2015-08-09 20:57:02 : Loop to clean screen without Clouds , nº :5
2015-08-09 20:57:03 : Loop to clean screen without Clouds , nº :6
2015-08-09 20:57:03 : Loop to clean screen without Clouds , nº :7
2015-08-09 20:57:04 : Loop to clean screen without Clouds , nº :8
2015-08-09 20:57:07 : 108> [G]:  63943 [E]: 302092 [D]:  751 [T]: 3 [TH]: 8, Out
2015-08-09 20:57:07 : Defense found, but not near TH.
2015-08-09 20:57:07 : ~~~~~~~~~~~~~~~ TH Outside Found! ~~~~~~~~~~~~~~~~
2015-08-09 20:57:07 : ================ Search Complete =================
2015-08-09 20:57:07 : Initiating attack for: TH Snipe
2015-08-09 20:57:10 : DLL Troopsbar list: Barbarian|43-26|48#Archer|115-30|152#Castle|184-85|0#King|260-31|0#LightSpell|332-31|2#PoisonSpell|400-28|1
2015-08-09 20:57:10 : -Barbarians 48
2015-08-09 20:57:10 : -Archers 152
2015-08-09 20:57:10 : -Clan Castle 
2015-08-09 20:57:10 : -King 
2015-08-09 20:57:10 : -Lightning Spells 2
2015-08-09 20:57:10 : -Poison Spells 1
2015-08-09 20:57:10 :  ====== Start Attack ====== 
2015-08-09 20:57:12 : Sending 1st wave of archers and Barbarians.
2015-08-09 20:57:12 : Dropping first wave of 10 Archers
2015-08-09 20:57:14 : Deployment of Archers Successful!
2015-08-09 20:57:16 : Dropping first wave of 10 Barbarians
2015-08-09 20:57:18 : Deployment of Barbarians Successful!
2015-08-09 20:57:28 : Townhall has been destroyed!
2015-08-09 20:57:31 : Checking if the battle has finished
2015-08-09 20:57:33 : detected [G]:  [E]:  [DE]:  |  Exit now 
2015-08-09 20:57:33 : Battle has finished
2015-08-09 20:57:33 : Returning Home
2015-08-09 20:57:38 : Loot: [G]: 1 000 [E]: 1 000 [DE]:  [T]: 1
2015-08-09 20:57:38 : Bonus [G]: 65 000 [E]: 65 000 [DE]: 300
2015-08-09 20:57:40 : Your league level is: Crystal I
2015-08-09 20:57:40 : Stars earned: 1
2015-08-09 20:57:45 : Cannot return home.
2015-08-09 20:57:45 : Trying to locate Main Screen
2015-08-09 20:57:51 : CheckObstacles Result = True
2015-08-09 20:57:51 : Waiting for Main Screen
2015-08-09 20:57:51 : ChkObst Loop = 0ExitLoop = 0
2015-08-09 20:57:51 : Screen cleared, WaitMainScreen exit
2015-08-09 20:57:51 : Main Screen Located
2015-08-09 20:57:54 : Bot clean start
2015-08-09 20:57:55 : Trying to locate Main Screen
2015-08-09 20:57:55 : Main Screen Located
2015-08-09 20:57:56 : checkMainScreen start quiet mode
2015-08-09 20:57:56 : checkMainScreen exit quiet mode
2015-08-09 20:57:56 : Collecting Resources
2015-08-09 20:58:02 : checkMainScreen start quiet mode
2015-08-09 20:58:02 : checkMainScreen exit quiet mode
2015-08-09 20:58:04 : Cannot find tombstones, Yard is clean!
2015-08-09 20:58:04 : checkMainScreen start quiet mode
2015-08-09 20:58:05 : checkMainScreen exit quiet mode
2015-08-09 20:58:05 : Checking if Village needs Rearming..
2015-08-09 20:58:11 : checkMainScreen start quiet mode
2015-08-09 20:58:11 : checkMainScreen exit quiet mode
2015-08-09 20:58:11 : checkMainScreen start quiet mode
2015-08-09 20:58:11 : checkMainScreen exit quiet mode
2015-08-09 20:58:12 : Village Report
2015-08-09 20:58:12 : No. of Free/Total Builders: 0/4
2015-08-09 20:58:12 :  [T]: 2 539
2015-08-09 20:58:12 :  [G]: 1 923 828 [E]: 5 276 479 [D]: 26 919 [GEM]: 1 993
2015-08-09 20:58:13 : checkMainScreen start quiet mode
2015-08-09 20:58:13 : checkMainScreen exit quiet mode
2015-08-09 20:58:13 : checkMainScreen start quiet mode
2015-08-09 20:58:13 : checkMainScreen exit quiet mode
2015-08-09 20:58:15 : checkMainScreen start quiet mode
2015-08-09 20:58:15 : checkMainScreen exit quiet mode
2015-08-09 20:58:15 : Func Train 
2015-08-09 20:58:15 : Train enabled, $TotalTrainedTroops= 200, Adj TotalCamp= 192
2015-08-09 20:58:15 : RESET AT 0 CurArch
2015-08-09 20:58:15 : RESET AT 0 CurBarb
2015-08-09 20:58:15 : RESET AT 0 CurGiant
2015-08-09 20:58:15 : RESET AT 0 CurWall
2015-08-09 20:58:15 : RESET AT 0 CurGobl
2015-08-09 20:58:15 : RESET AT 0 CurHeal
2015-08-09 20:58:15 : RESET AT 0 CurPekk
2015-08-09 20:58:15 : RESET AT 0 CurBall
2015-08-09 20:58:15 : RESET AT 0 CurWiza
2015-08-09 20:58:15 : RESET AT 0 CurDrag
2015-08-09 20:58:15 : RESET AT 0 CurMini
2015-08-09 20:58:15 : RESET AT 0 CurHogs
2015-08-09 20:58:15 : RESET AT 0 CurValk
2015-08-09 20:58:15 : RESET AT 0 CurGole
2015-08-09 20:58:15 : RESET AT 0 CurWitc
2015-08-09 20:58:15 : RESET AT 0 CurLava
2015-08-09 20:58:15 : Checking Army Camp...
2015-08-09 20:58:17 : $sArmyInfo = 200#200
2015-08-09 20:58:17 : $CurCamp = 200
2015-08-09 20:58:17 : $TotalCamp = 200
2015-08-09 20:58:17 : Total Army Camp capacity: 200/200
2015-08-09 20:58:17 : $hBitmapFirst made
2015-08-09 20:58:18 : Calling CGBfunctions.dll/searchIdentifyTroopTrained 
2015-08-09 20:58:18 : Dll return $FullTemp :Barbarian|8-21|46#Archer|71-22|154
2015-08-09 20:58:18 : $Trooptype split # : 2
2015-08-09 20:58:18 : Start the Loop
2015-08-09 20:58:18 : $TroopTypeT[$i] split : 1
2015-08-09 20:58:18 :  - No. of Barbarians: 46
2015-08-09 20:58:18 : $TroopTypeT[$i] split : 2
2015-08-09 20:58:18 :  - No. of Archers: 154
2015-08-09 20:58:18 : start barrackstatus
2015-08-09 20:58:18 : OK, I'm in army overview
2015-08-09 20:58:19 : barrack 1 found upgrading! color 6B6964
2015-08-09 20:58:19 : barrack 2 found! color 888070
2015-08-09 20:58:19 : barrack 3 found! color 888070
2015-08-09 20:58:19 : barrack 4 found! color 888070
2015-08-09 20:58:19 : dark barrack 1 found! color 888070
2015-08-09 20:58:19 : dark barrack 2 found! color 888070
2015-08-09 20:58:19 : Factory Spell found! color 888070
2015-08-09 20:58:19 : Dark Factory Spell found! color 888070
2015-08-09 20:58:19 : Barracks and Spell factory status: 
2015-08-09 20:58:19 : - Barracks detected: 4 | Available: 3 | Upgrading: 1
2015-08-09 20:58:19 : - Dark Barracks detected: 2 | Available: 2 | Upgrading: 0
2015-08-09 20:58:19 : - Spell factory detected: 1 | Available: 1 | Upgrading: 0
2015-08-09 20:58:19 : - Dark Spell factory detected: 1 | Available: 1 | Upgrading: 0
2015-08-09 20:58:19 : Trainaviable[0] = 1
2015-08-09 20:58:19 : Trainaviable[1] = 0
2015-08-09 20:58:19 : Trainaviable[2] = 1
2015-08-09 20:58:19 : Trainaviable[3] = 1
2015-08-09 20:58:19 : Trainaviable[4] = 1
2015-08-09 20:58:19 : Trainaviable[5] = 1
2015-08-09 20:58:19 : Trainaviable[6] = 1
2015-08-09 20:58:19 : Trainaviable[7] = 1
2015-08-09 20:58:19 : Trainaviable[8] = 1
2015-08-09 20:58:19 : Training Troops...
2015-08-09 20:58:19 : Train: need to make normal troops: True
2015-08-09 20:58:19 : Train: need to make dark troops: False
2015-08-09 20:58:19 : LAST BARRACK = 4
2015-08-09 20:58:19 : OverView TabColor=B8BBB8
2015-08-09 20:58:20 : Last Barrack TabColor=888070
2015-08-09 20:58:20 : Your Army Camps are now Full
2015-08-09 20:58:20 : ---------COMPUTE TROOPS TO MAKE------------------------
2015-08-09 20:58:20 : -- Compute AnotherTroops to train
2015-08-09 20:58:20 : Need to train (height) GOBL:0% BARB: 120% ARCH: 80% AND 0 other troops space
2015-08-09 20:58:20 : Total Troops to be Trained= 200
2015-08-09 20:58:20 : BARRACKNUM: 3
2015-08-09 20:58:20 : ArchEBarrack: 26
2015-08-09 20:58:20 : BarbEBarrack: 40
2015-08-09 20:58:20 : DARKBARRACKNUM: 2
2015-08-09 20:58:20 : ---------END COMPUTE TROOPS TO MAKE--------------------
2015-08-09 20:58:20 : 
2015-08-09 20:58:20 : ---------TRAIN BARRACK MODE------------------------
2015-08-09 20:58:20 : Barrack4 selected
2015-08-09 20:58:20 : Full Check=DE58D0
2015-08-09 20:58:20 : Full Check=FF80F8
2015-08-09 20:58:21 : Full Check=FB75F1
2015-08-09 20:58:21 : Full Check=FF7FF5
2015-08-09 20:58:21 : Full Check=FF80F8
2015-08-09 20:58:21 : Full Check=FF7FF5
2015-08-09 20:58:21 : Full Check=FE78F4
2015-08-09 20:58:21 : Full Check=FF7FF5
2015-08-09 20:58:21 : Full Check=FE78F4
2015-08-09 20:58:21 : Full Check=AEAEAE
2015-08-09 20:58:21 : Move from Barrack 4 direction -1
2015-08-09 20:58:23 : Barrack3 selected
2015-08-09 20:58:23 : Full Check=E05AD0
2015-08-09 20:58:23 : Full Check=E05AD0
2015-08-09 20:58:23 : Full Check=FF79F5
2015-08-09 20:58:23 : Full Check=FF7BF6
2015-08-09 20:58:23 : Full Check=FF82F8
2015-08-09 20:58:23 : Full Check=FF79F5
2015-08-09 20:58:23 : Full Check=FF82F8
2015-08-09 20:58:24 : Move from Barrack 3 direction -1
2015-08-09 20:58:25 : Barrack2 selected
2015-08-09 20:58:26 : Full Check=E05AD0
2015-08-09 20:58:26 : Full Check=E05AD0
2015-08-09 20:58:26 : Full Check=FF79F5
2015-08-09 20:58:26 : Full Check=FF7EF7
2015-08-09 20:58:26 : Full Check=FF79F5
2015-08-09 20:58:26 : Full Check=FF7BF6
2015-08-09 20:58:26 : Full Check=FF7EF7
2015-08-09 20:58:26 : Full Check=AFAFAF
2015-08-09 20:58:27 : Move from Barrack 2 direction -1
2015-08-09 20:58:28 : This is not a Barrack
2015-08-09 20:58:28 : ---=====================END TRAIN =======================================---
2015-08-09 20:58:29 : checkMainScreen start quiet mode
2015-08-09 20:58:29 : checkMainScreen exit quiet mode
2015-08-09 20:58:30 : checkMainScreen start quiet mode
2015-08-09 20:58:30 : checkMainScreen exit quiet mode
2015-08-09 20:58:31 : checkMainScreen start quiet mode
2015-08-09 20:58:31 : checkMainScreen exit quiet mode
2015-08-09 20:58:31 : Requesting Clan Castle Troops
2015-08-09 20:58:32 : $icount1 = 1, BB2BD1
2015-08-09 20:58:32 : Your Clan Castle is already full or you are not in a clan.
2015-08-09 20:58:33 : checkMainScreen start quiet mode
2015-08-09 20:58:33 : checkMainScreen exit quiet mode
2015-08-09 20:58:33 : checkMainScreen start quiet mode
2015-08-09 20:58:33 : checkMainScreen exit quiet mode
2015-08-09 20:58:34 : checkMainScreen start quiet mode
2015-08-09 20:58:34 : checkMainScreen exit quiet mode
2015-08-09 20:58:36 : Finished kicking
2015-08-09 20:58:36 : Func Idle 
2015-08-09 20:58:36 : $fullArmy=True $fullCC=False $fullHeroes=False $iUnbreakableMode=0
2015-08-09 20:58:36 : Going to Attack...
2015-08-09 20:58:41 : Take-A-Break OCR result = 
2015-08-09 20:58:41 : Shield btn clr chk-#1: 82A131, #2: 9FB23D, #3: C634A8, #4: 8BB031
2015-08-09 20:58:42 : ============== Searching For Dead Base ===============
2015-08-09 20:58:42 : ~~~~~~~~~~~~~~~ SEARCH CONDITIONS ~~~~~~~~~~~~~~~~
2015-08-09 20:58:42 : Meet: Gold and Elixir, TH Outside
2015-08-09 20:58:42 : ~~~~~~~~~~~~~~ RESOURCE CONDITIONS ~~~~~~~~~~~~~~~
2015-08-09 20:58:42 : Aim: [G]: 999999 [E]: 999999 [D]:    0 [T]: 0, Out, Out for: Dead Base
2015-08-09 20:58:42 : ~~~~~~~~~~~~~~~ ADVANCED SETTINGS ~~~~~~~~~~~~~~~~
2015-08-09 20:58:42 : THSnipe Combo, 1 Tile(s), 
2015-08-09 20:58:42 : ==================================================
2015-08-09 20:58:44 :   1> [G]: 106193 [E]:  67014 [D]: 1122 [T]:15 [TH]: 9, In
2015-08-09 20:58:46 : Loop to clean screen without Clouds , nº :1
2015-08-09 20:58:46 : Loop to clean screen without Clouds , nº :2
2015-08-09 20:58:47 : Loop to clean screen without Clouds , nº :3
2015-08-09 20:58:47 : Loop to clean screen without Clouds , nº :4
2015-08-09 20:58:48 : Loop to clean screen without Clouds , nº :5
2015-08-09 20:58:48 : Loop to clean screen without Clouds , nº :6
2015-08-09 20:58:49 : Loop to clean screen without Clouds , nº :7
2015-08-09 20:58:50 : Loop to clean screen without Clouds , nº :8
2015-08-09 20:58:50 : Loop to clean screen without Clouds , nº :9
2015-08-09 20:58:51 :   2> [G]: 173790 [E]:  97983 [D]: 1076 [T]:30 [TH]: 9, In
2015-08-09 20:58:53 : Loop to clean screen without Clouds , nº :1
2015-08-09 20:58:54 : Loop to clean screen without Clouds , nº :2
2015-08-09 20:58:54 : Loop to clean screen without Clouds , nº :3
2015-08-09 20:58:55 : Loop to clean screen without Clouds , nº :4
2015-08-09 20:58:55 : Loop to clean screen without Clouds , nº :5
2015-08-09 20:58:56 :   3> [G]:  67480 [E]:  27321 [D]:  844 [T]:19 [TH]: 9, In
2015-08-09 20:58:58 : Loop to clean screen without Clouds , nº :1
2015-08-09 20:58:59 : Loop to clean screen without Clouds , nº :2
2015-08-09 20:58:59 : Loop to clean screen without Clouds , nº :3
2015-08-09 20:59:00 : Loop to clean screen without Clouds , nº :4
2015-08-09 20:59:01 : Loop to clean screen without Clouds , nº :5
2015-08-09 20:59:02 :   4> [G]:  61290 [E]: 344152 [D]: 1787 [T]:19 [TH]: 9, In
2015-08-09 20:59:03 : Loop to clean screen without Clouds , nº :1
2015-08-09 20:59:04 : Loop to clean screen without Clouds , nº :2
2015-08-09 20:59:05 :   5> [G]:  50707 [E]:   5844 [D]:  719 [T]:35 [TH]: 9, In
2015-08-09 20:59:07 : Loop to clean screen without Clouds , nº :1
2015-08-09 20:59:07 : Loop to clean screen without Clouds , nº :2
2015-08-09 20:59:08 : Loop to clean screen without Clouds , nº :3
2015-08-09 20:59:08 : Loop to clean screen without Clouds , nº :4
2015-08-09 20:59:09 : Loop to clean screen without Clouds , nº :5
2015-08-09 20:59:10 :   6> [G]: 102257 [E]:  90320 [D]: 1282 [T]:13 [TH]: 9, In
2015-08-09 20:59:12 : Loop to clean screen without Clouds , nº :1
2015-08-09 20:59:12 : Loop to clean screen without Clouds , nº :2
2015-08-09 20:59:13 : Loop to clean screen without Clouds , nº :3
2015-08-09 20:59:14 :   7> [G]:  86384 [E]:  72426 [D]:  829 [T]: 8 [TH]: 8, In
2015-08-09 20:59:16 : Loop to clean screen without Clouds , nº :1
2015-08-09 20:59:16 : Loop to clean screen without Clouds , nº :2
2015-08-09 20:59:17 : Loop to clean screen without Clouds , nº :3
2015-08-09 20:59:18 :   8> [G]:  52883 [E]: 164966 [D]:  576 [T]:11 [TH]: 9, In
2015-08-09 20:59:20 : Loop to clean screen without Clouds , nº :1
2015-08-09 20:59:20 : Loop to clean screen without Clouds , nº :2
2015-08-09 20:59:21 : Loop to clean screen without Clouds , nº :3
2015-08-09 20:59:21 : Loop to clean screen without Clouds , nº :4
2015-08-09 20:59:22 : Loop to clean screen without Clouds , nº :5
2015-08-09 20:59:22 : Loop to clean screen without Clouds , nº :6
2015-08-09 20:59:23 :   9> [G]: 229580 [E]: 300589 [D]: 2006 [T]:14 [TH]: 9, In
2015-08-09 20:59:25 : Loop to clean screen without Clouds , nº :1
2015-08-09 20:59:26 : Loop to clean screen without Clouds , nº :2
2015-08-09 20:59:27 : Loop to clean screen without Clouds , nº :3
2015-08-09 20:59:27 : Loop to clean screen without Clouds , nº :4
2015-08-09 20:59:28 :  10> [G]:  98342 [E]:  99126 [D]:  847 [T]:12 [TH]: 9, In
2015-08-09 20:59:30 : Loop to clean screen without Clouds , nº :1
2015-08-09 20:59:30 : Loop to clean screen without Clouds , nº :2
2015-08-09 20:59:31 :  11> [G]:  44725 [E]:  85944 [D]:  674 [T]:21 [TH]: 9, In
2015-08-09 20:59:33 : Loop to clean screen without Clouds , nº :1
2015-08-09 20:59:34 : Loop to clean screen without Clouds , nº :2
2015-08-09 20:59:35 :  12> [G]:  69046 [E]: 202587 [D]: 1380 [T]:18 [TH]:10, In
2015-08-09 20:59:37 : Loop to clean screen without Clouds , nº :1
2015-08-09 20:59:38 : Loop to clean screen without Clouds , nº :2
2015-08-09 20:59:38 : Loop to clean screen without Clouds , nº :3
2015-08-09 20:59:39 :  13> [G]:  17436 [E]:  21843 [D]:  291 [T]: 9 [TH]: 8, In
2015-08-09 20:59:41 : Loop to clean screen without Clouds , nº :1
2015-08-09 20:59:42 : Loop to clean screen without Clouds , nº :2
2015-08-09 20:59:43 :  14> [G]:  44115 [E]: 102698 [D]:  490 [T]:15 [TH]: 9, In
2015-08-09 20:59:44 : Loop to clean screen without Clouds , nº :1
2015-08-09 20:59:45 : Loop to clean screen without Clouds , nº :2
2015-08-09 20:59:45 : Loop to clean screen without Clouds , nº :3
2015-08-09 20:59:46 :  15> [G]:  56552 [E]:  87729 [D]:  775 [T]: 6 [TH]: 8, In
2015-08-09 20:59:48 : Loop to clean screen without Clouds , nº :1
2015-08-09 20:59:49 : Loop to clean screen without Clouds , nº :2
2015-08-09 20:59:49 : Loop to clean screen without Clouds , nº :3
2015-08-09 20:59:50 : Loop to clean screen without Clouds , nº :4
2015-08-09 20:59:51 :  16> [G]:  95799 [E]:  62735 [D]:  289 [T]:19 [TH]: 9, In
2015-08-09 20:59:53 : Loop to clean screen without Clouds , nº :1
2015-08-09 20:59:53 : Loop to clean screen without Clouds , nº :2
2015-08-09 20:59:54 : Loop to clean screen without Clouds , nº :3
2015-08-09 20:59:54 : Loop to clean screen without Clouds , nº :4
2015-08-09 20:59:55 : Loop to clean screen without Clouds , nº :5
2015-08-09 20:59:56 :  17> [G]:  63232 [E]:  21474 [D]:  711 [T]:29 [TH]: 9, In
2015-08-09 20:59:58 : Loop to clean screen without Clouds , nº :1
2015-08-09 20:59:58 : Loop to clean screen without Clouds , nº :2
2015-08-09 20:59:59 : Loop to clean screen without Clouds , nº :3
2015-08-09 20:59:59 : Loop to clean screen without Clouds , nº :4
2015-08-09 21:00:00 : Loop to clean screen without Clouds , nº :5
2015-08-09 21:00:00 : Loop to clean screen without Clouds , nº :6
2015-08-09 21:00:01 :  18> [G]:  99290 [E]:  30444 [D]:  933 [T]:15 [TH]: 9, In
2015-08-09 21:00:03 : Loop to clean screen without Clouds , nº :1
2015-08-09 21:00:04 : Loop to clean screen without Clouds , nº :2
2015-08-09 21:00:04 : Loop to clean screen without Clouds , nº :3
2015-08-09 21:00:05 : Loop to clean screen without Clouds , nº :4
2015-08-09 21:00:06 :  19> [G]: 183150 [E]: 160548 [D]:  136 [T]: 5 [TH]: 8, In
2015-08-09 21:00:08 : Loop to clean screen without Clouds , nº :1
2015-08-09 21:00:08 : Loop to clean screen without Clouds , nº :2
2015-08-09 21:00:09 :  20> [G]: 116385 [E]: 152818 [D]: 1227 [T]:14 [TH]: 9, In
2015-08-09 21:00:11 : Loop to clean screen without Clouds , nº :1
2015-08-09 21:00:12 : Loop to clean screen without Clouds , nº :2
2015-08-09 21:00:12 :  21> [G]:  42405 [E]:  40672 [D]: 1110 [T]: 5 [TH]: 8, In
2015-08-09 21:00:14 : Loop to clean screen without Clouds , nº :1
2015-08-09 21:00:15 : Loop to clean screen without Clouds , nº :2
2015-08-09 21:00:15 : Loop to clean screen without Clouds , nº :3
2015-08-09 21:00:16 : Loop to clean screen without Clouds , nº :4
2015-08-09 21:00:16 : Loop to clean screen without Clouds , nº :5
2015-08-09 21:00:17 :  22> [G]:  92861 [E]:  29141 [D]:   84 [T]: 4 [TH]: 8, In
2015-08-09 21:00:19 : Loop to clean screen without Clouds , nº :1
2015-08-09 21:00:20 : Loop to clean screen without Clouds , nº :2
2015-08-09 21:00:20 : Loop to clean screen without Clouds , nº :3
2015-08-09 21:00:21 :  23> [G]:  16466 [E]: 104822 [D]:  404 [T]:19 [TH]: 9, In
2015-08-09 21:00:23 : Loop to clean screen without Clouds , nº :1
2015-08-09 21:00:24 : Loop to clean screen without Clouds , nº :2
2015-08-09 21:00:24 : Loop to clean screen without Clouds , nº :3
2015-08-09 21:00:25 : Loop to clean screen without Clouds , nº :4
2015-08-09 21:00:25 : Loop to clean screen without Clouds , nº :5
2015-08-09 21:00:26 : Loop to clean screen without Clouds , nº :6
2015-08-09 21:00:27 :  24> [G]:  67834 [E]:  89530 [D]:  426 [T]:21 [TH]: 9, In
2015-08-09 21:00:29 : Loop to clean screen without Clouds , nº :1
2015-08-09 21:00:29 : Loop to clean screen without Clouds , nº :2
2015-08-09 21:00:30 :  25> [G]:  43903 [E]: 117422 [D]:  614 [T]: 3 [TH]: 8, In
2015-08-09 21:00:32 : Loop to clean screen without Clouds , nº :1
2015-08-09 21:00:32 : Loop to clean screen without Clouds , nº :2
2015-08-09 21:00:33 :  26> [G]:  12567 [E]:   4838 [D]:  828 [T]: 9 [TH]: 8, In
2015-08-09 21:00:35 : Loop to clean screen without Clouds , nº :1
2015-08-09 21:00:36 : Loop to clean screen without Clouds , nº :2
2015-08-09 21:00:37 :  27> [G]: 109482 [E]: 213880 [D]: 1243 [T]:15 [TH]: 8, In
2015-08-09 21:00:38 : Loop to clean screen without Clouds , nº :1
2015-08-09 21:00:39 : Loop to clean screen without Clouds , nº :2
2015-08-09 21:00:40 : Loop to clean screen without Clouds , nº :3
2015-08-09 21:00:40 : Loop to clean screen without Clouds , nº :4
2015-08-09 21:00:41 :  28> [G]:  79044 [E]:  32005 [D]:  646 [T]:30 [TH]: 9, In
2015-08-09 21:00:43 : Loop to clean screen without Clouds , nº :1
2015-08-09 21:00:44 : Loop to clean screen without Clouds , nº :2
2015-08-09 21:00:45 :  29> [G]:   8988 [E]:  85253 [D]:  346 [T]: 5 [TH]: 8, In
2015-08-09 21:00:46 : Loop to clean screen without Clouds , nº :1
2015-08-09 21:00:47 : Loop to clean screen without Clouds , nº :2
2015-08-09 21:00:48 :  30> [G]:  80859 [E]: 114837 [D]:  174 [T]: 4 [TH]: 8, In
2015-08-09 21:00:49 : Loop to clean screen without Clouds , nº :1
2015-08-09 21:00:50 : Loop to clean screen without Clouds , nº :2
2015-08-09 21:00:51 :  31> [G]: 127233 [E]:  53455 [D]:  187 [T]:19 [TH]:10, In
2015-08-09 21:00:53 : Loop to clean screen without Clouds , nº :1
2015-08-09 21:00:54 : Loop to clean screen without Clouds , nº :2
2015-08-09 21:00:54 : Loop to clean screen without Clouds , nº :3
2015-08-09 21:00:55 : Loop to clean screen without Clouds , nº :4
2015-08-09 21:00:55 : Loop to clean screen without Clouds , nº :5
2015-08-09 21:00:56 :  32> [G]: 104512 [E]: 112201 [D]:  294 [T]: 4 [TH]: 8, In
2015-08-09 21:00:58 : Loop to clean screen without Clouds , nº :1
2015-08-09 21:00:59 : Loop to clean screen without Clouds , nº :2
2015-08-09 21:01:00 :  33> [G]:  57540 [E]:  33282 [D]: 1445 [T]: 5 [TH]: 8, In
2015-08-09 21:01:01 : Loop to clean screen without Clouds , nº :1
2015-08-09 21:01:02 : Loop to clean screen without Clouds , nº :2
2015-08-09 21:01:02 : Loop to clean screen without Clouds , nº :3
2015-08-09 21:01:03 : Loop to clean screen without Clouds , nº :4
2015-08-09 21:01:04 : Loop to clean screen without Clouds , nº :5
2015-08-09 21:01:05 :  34> [G]:    400 [E]:  19251 [D]:  124 [T]: 5 [TH]: 8, In
2015-08-09 21:01:06 : Loop to clean screen without Clouds , nº :1
2015-08-09 21:01:07 : Loop to clean screen without Clouds , nº :2
2015-08-09 21:01:08 :  35> [G]:  46605 [E]:  12046 [D]:  461 [T]: 1 [TH]: 7, In
2015-08-09 21:01:09 : Loop to clean screen without Clouds , nº :1
2015-08-09 21:01:10 : Loop to clean screen without Clouds , nº :2
2015-08-09 21:01:11 :  36> [G]:  33523 [E]:  51208 [D]:  386 [T]: 2 [TH]: 8, In
2015-08-09 21:01:12 : Loop to clean screen without Clouds , nº :1
2015-08-09 21:01:13 : Loop to clean screen without Clouds , nº :2
2015-08-09 21:01:14 :  37> [G]:  37697 [E]:  99748 [D]:  801 [T]: 4 [TH]: 8, In
2015-08-09 21:01:16 : Loop to clean screen without Clouds , nº :1
2015-08-09 21:01:17 :  38> [G]:  29545 [E]:  38500 [D]:  817 [T]:15 [TH]: 9, In
2015-08-09 21:01:19 : Loop to clean screen without Clouds , nº :1
2015-08-09 21:01:19 : Loop to clean screen without Clouds , nº :2
2015-08-09 21:01:20 : Loop to clean screen without Clouds , nº :3
2015-08-09 21:01:21 : Loop to clean screen without Clouds , nº :4
2015-08-09 21:01:21 : Loop to clean screen without Clouds , nº :5
2015-08-09 21:01:22 :  39> [G]:   3213 [E]:  76200 [D]:  516 [T]:19 [TH]: 9, In
2015-08-09 21:01:24 : Loop to clean screen without Clouds , nº :1
2015-08-09 21:01:25 : Loop to clean screen without Clouds , nº :2
2015-08-09 21:01:25 :  40> [G]:   3431 [E]:   8352 [D]:  107 [T]: 1 [TH]: 7, In
2015-08-09 21:01:27 : Loop to clean screen without Clouds , nº :1
2015-08-09 21:01:28 : Loop to clean screen without Clouds , nº :2
2015-08-09 21:01:28 : Loop to clean screen without Clouds , nº :3
2015-08-09 21:01:29 :  41> [G]:  24731 [E]:  66792 [D]:  316 [T]: 2 [TH]: 7, In
2015-08-09 21:01:31 : Loop to clean screen without Clouds , nº :1
2015-08-09 21:01:32 :  42> [G]:   5779 [E]:   1860 [D]:  854 [T]: 4 [TH]: 8, In
2015-08-09 21:01:33 : Loop to clean screen without Clouds , nº :1
2015-08-09 21:01:34 : Loop to clean screen without Clouds , nº :2
2015-08-09 21:01:35 : Loop to clean screen without Clouds , nº :3
2015-08-09 21:01:35 : Loop to clean screen without Clouds , nº :4
2015-08-09 21:01:36 : Loop to clean screen without Clouds , nº :5
2015-08-09 21:01:36 : Loop to clean screen without Clouds , nº :6
2015-08-09 21:01:37 : Loop to clean screen without Clouds , nº :7
2015-08-09 21:01:37 : Loop to clean screen without Clouds , nº :8
2015-08-09 21:01:38 : Loop to clean screen without Clouds , nº :9
2015-08-09 21:01:39 :  43> [G]:  81698 [E]:  80987 [D]:  146 [T]: 1 [TH]: 7, In
2015-08-09 21:01:40 : Loop to clean screen without Clouds , nº :1
2015-08-09 21:01:41 : Loop to clean screen without Clouds , nº :2
2015-08-09 21:01:42 :  44> [G]:  59142 [E]:  52609 [D]:  180 [T]: 2 [TH]: 7, In
2015-08-09 21:01:43 : Loop to clean screen without Clouds , nº :1
2015-08-09 21:01:44 : Loop to clean screen without Clouds , nº :2
2015-08-09 21:01:45 :  45> [G]: 190242 [E]:  67420 [D]:  850 [T]:28 [TH]: 9, In
2015-08-09 21:01:47 : Loop to clean screen without Clouds , nº :1
2015-08-09 21:01:47 : Loop to clean screen without Clouds , nº :2
2015-08-09 21:01:48 :  46> [G]:  45400 [E]:  99910 [D]:  461 [T]: 3 [TH]: 7, In
2015-08-09 21:01:50 : Loop to clean screen without Clouds , nº :1
2015-08-09 21:01:50 : Loop to clean screen without Clouds , nº :2
2015-08-09 21:01:51 :  47> [G]:  47530 [E]:  29090 [D]:  396 [T]: 1 [TH]: 7, In
2015-08-09 21:01:53 : Loop to clean screen without Clouds , nº :1
2015-08-09 21:01:53 : Loop to clean screen without Clouds , nº :2
2015-08-09 21:01:54 :  48> [G]: 144396 [E]: 146334 [D]:  524 [T]: 4 [TH]: 8, In
2015-08-09 21:01:56 : Loop to clean screen without Clouds , nº :1
2015-08-09 21:01:57 :  49> [G]: 127051 [E]:  70000 [D]:  258 [T]: 5 [TH]: 8, In
2015-08-09 21:01:59 : Loop to clean screen without Clouds , nº :1
2015-08-09 21:02:00 : Loop to clean screen without Clouds , nº :2
2015-08-09 21:02:00 : Loop to clean screen without Clouds , nº :3
2015-08-09 21:02:01 : Loop to clean screen without Clouds , nº :4
2015-08-09 21:02:01 : Loop to clean screen without Clouds , nº :5
2015-08-09 21:02:02 : Loop to clean screen without Clouds , nº :6
2015-08-09 21:02:02 : Loop to clean screen without Clouds , nº :7
2015-08-09 21:02:03 : Loop to clean screen without Clouds , nº :8
2015-08-09 21:02:04 : Loop to clean screen without Clouds , nº :9
2015-08-09 21:02:04 : Loop to clean screen without Clouds , nº :10
2015-08-09 21:02:05 : Loop to clean screen without Clouds , nº :11
2015-08-09 21:02:06 :  50> [G]:  13243 [E]:  82938 [D]:  208 [T]: 3 [TH]: 8, In
2015-08-09 21:02:07 : Loop to clean screen without Clouds , nº :1
2015-08-09 21:02:08 : Loop to clean screen without Clouds , nº :2
2015-08-09 21:02:09 :  51> [G]:  62862 [E]:   4244 [D]:  213 [T]: 4 [TH]: 8, In
2015-08-09 21:02:11 : Loop to clean screen without Clouds , nº :1
2015-08-09 21:02:11 : Loop to clean screen without Clouds , nº :2
2015-08-09 21:02:12 : Loop to clean screen without Clouds , nº :3
2015-08-09 21:02:12 : Loop to clean screen without Clouds , nº :4
2015-08-09 21:02:13 :  52> [G]:  78140 [E]:  41546 [D]:   95 [T]: 3 [TH]: 8, In
2015-08-09 21:02:15 : Loop to clean screen without Clouds , nº :1
2015-08-09 21:02:16 :  53> [G]:  44966 [E]:  23664 [D]:    6 [T]: 1 [TH]: 7, In
2015-08-09 21:02:18 : Loop to clean screen without Clouds , nº :1
2015-08-09 21:02:18 : Loop to clean screen without Clouds , nº :2
2015-08-09 21:02:19 : Loop to clean screen without Clouds , nº :3
2015-08-09 21:02:19 : Loop to clean screen without Clouds , nº :4
2015-08-09 21:02:20 : Loop to clean screen without Clouds , nº :5
2015-08-09 21:02:20 : Loop to clean screen without Clouds , nº :6
2015-08-09 21:02:21 : Loop to clean screen without Clouds , nº :7
2015-08-09 21:02:22 : Loop to clean screen without Clouds , nº :8
2015-08-09 21:02:22 :  54> [G]:   6161 [E]:  45486 [D]:  199 [T]: 2 [TH]: 7, In
2015-08-09 21:02:24 : Loop to clean screen without Clouds , nº :1
2015-08-09 21:02:25 : Loop to clean screen without Clouds , nº :2
2015-08-09 21:02:26 :  55> [G]:   7461 [E]:  47863 [D]:  469 [T]: 4 [TH]: 8, In
2015-08-09 21:02:27 : Loop to clean screen without Clouds , nº :1
2015-08-09 21:02:28 : Loop to clean screen without Clouds , nº :2
2015-08-09 21:02:29 :  56> [G]:  47538 [E]:  24775 [D]:  N/A [T]: 1 [TH]: 7, In
2015-08-09 21:02:30 : Loop to clean screen without Clouds , nº :1
2015-08-09 21:02:31 : Loop to clean screen without Clouds , nº :2
2015-08-09 21:02:31 : Loop to clean screen without Clouds , nº :3
2015-08-09 21:02:32 : Loop to clean screen without Clouds , nº :4
2015-08-09 21:02:32 : Loop to clean screen without Clouds , nº :5
2015-08-09 21:02:33 : Loop to clean screen without Clouds , nº :6
2015-08-09 21:02:34 : Loop to clean screen without Clouds , nº :7
2015-08-09 21:02:34 : Loop to clean screen without Clouds , nº :8
2015-08-09 21:02:35 :  57> [G]:  45242 [E]:  21781 [D]:   89 [T]:20 [TH]: 9, In
2015-08-09 21:02:37 : Loop to clean screen without Clouds , nº :1
2015-08-09 21:02:38 : Loop to clean screen without Clouds , nº :2
2015-08-09 21:02:38 :  58> [G]:  43967 [E]:  31030 [D]:  669 [T]: 4 [TH]: 8, In
2015-08-09 21:02:40 : Loop to clean screen without Clouds , nº :1
2015-08-09 21:02:41 :  59> [G]:  28143 [E]:  92574 [D]:  401 [T]: 1 [TH]: 7, In
2015-08-09 21:02:43 : Loop to clean screen without Clouds , nº :1
2015-08-09 21:02:43 : Loop to clean screen without Clouds , nº :2
2015-08-09 21:02:44 : Loop to clean screen without Clouds , nº :3
2015-08-09 21:02:44 : Loop to clean screen without Clouds , nº :4
2015-08-09 21:02:45 : Loop to clean screen without Clouds , nº :5
2015-08-09 21:02:46 : Loop to clean screen without Clouds , nº :6
2015-08-09 21:02:46 : Loop to clean screen without Clouds , nº :7
2015-08-09 21:02:47 :  60> [G]:  98126 [E]: 106257 [D]:  236 [T]: 2 [TH]: 8, In
2015-08-09 21:02:49 : Loop to clean screen without Clouds , nº :1
2015-08-09 21:02:49 : Loop to clean screen without Clouds , nº :2
2015-08-09 21:02:50 :  61> [G]:  52262 [E]: 200258 [D]:  104 [T]:19 [TH]: 9, In
2015-08-09 21:02:52 : Loop to clean screen without Clouds , nº :1
2015-08-09 21:02:53 : Loop to clean screen without Clouds , nº :2
2015-08-09 21:02:54 :  62> [G]:  64755 [E]: 111258 [D]: 1229 [T]:15 [TH]:10, In
2015-08-09 21:02:56 : Loop to clean screen without Clouds , nº :1
2015-08-09 21:02:56 : Loop to clean screen without Clouds , nº :2
2015-08-09 21:02:57 :  63> [G]:   9620 [E]: 156100 [D]:  530 [T]: 3 [TH]: 8, In
2015-08-09 21:02:59 : Loop to clean screen without Clouds , nº :1
2015-08-09 21:03:00 : Loop to clean screen without Clouds , nº :2
2015-08-09 21:03:01 :  64> [G]: 534683 [E]: 506646 [D]: 2158 [T]: 5 [TH]: 8, In
2015-08-09 21:03:02 : Loop to clean screen without Clouds , nº :1
2015-08-09 21:03:03 : Loop to clean screen without Clouds , nº :2
2015-08-09 21:03:04 :  65> [G]: 226912 [E]: 184329 [D]:  639 [T]: 9 [TH]: 8, In
2015-08-09 21:03:06 : Loop to clean screen without Clouds , nº :1
2015-08-09 21:03:06 : Loop to clean screen without Clouds , nº :2
2015-08-09 21:03:08 :  66> [G]:  20595 [E]:  10835 [D]:  555 [T]:35 [TH]:10, In
2015-08-09 21:03:09 : Loop to clean screen without Clouds , nº :1
2015-08-09 21:03:10 : Loop to clean screen without Clouds , nº :2
2015-08-09 21:03:11 :  67> [G]:  53350 [E]:  73790 [D]:  437 [T]: 1 [TH]: 7, In
2015-08-09 21:03:12 : Loop to clean screen without Clouds , nº :1
2015-08-09 21:03:13 : Loop to clean screen without Clouds , nº :2
2015-08-09 21:03:14 :  68> [G]:  39715 [E]:  86928 [D]:  483 [T]: 1 [TH]: 7, In
2015-08-09 21:03:16 : Loop to clean screen without Clouds , nº :1
2015-08-09 21:03:17 :  69> [G]:  47813 [E]:  51571 [D]:  472 [T]: 4 [TH]: 8, In
2015-08-09 21:03:18 : Loop to clean screen without Clouds , nº :1
2015-08-09 21:03:19 : Loop to clean screen without Clouds , nº :2
2015-08-09 21:03:20 : Loop to clean screen without Clouds , nº :3
2015-08-09 21:03:20 : Loop to clean screen without Clouds , nº :4
2015-08-09 21:03:21 : Loop to clean screen without Clouds , nº :5
2015-08-09 21:03:21 : Loop to clean screen without Clouds , nº :6
2015-08-09 21:03:22 : Loop to clean screen without Clouds , nº :7
2015-08-09 21:03:22 : Loop to clean screen without Clouds , nº :8
2015-08-09 21:03:23 :  70> [G]:   5816 [E]:  38515 [D]:  505 [T]: 4 [TH]: 8, In
2015-08-09 21:03:25 : Loop to clean screen without Clouds , nº :1
2015-08-09 21:03:26 : Loop to clean screen without Clouds , nº :2
2015-08-09 21:03:26 : Loop to clean screen without Clouds , nº :3
2015-08-09 21:03:27 :  71> [G]: 396994 [E]: 375336 [D]: 2726 [T]:13 [TH]: 9, In
2015-08-09 21:03:29 : Loop to clean screen without Clouds , nº :1
2015-08-09 21:03:30 : Loop to clean screen without Clouds , nº :2
2015-08-09 21:03:31 :  72> [G]:  18962 [E]: 301806 [D]:   36 [T]:14 [TH]: 8, In
2015-08-09 21:03:32 : Loop to clean screen without Clouds , nº :1
2015-08-09 21:03:33 : Loop to clean screen without Clouds , nº :2
2015-08-09 21:03:33 :  73> [G]: 102647 [E]:  84976 [D]:  683 [T]: 1 [TH]: 7, In
2015-08-09 21:03:35 : Loop to clean screen without Clouds , nº :1
2015-08-09 21:03:36 : Loop to clean screen without Clouds , nº :2
2015-08-09 21:03:36 : Loop to clean screen without Clouds , nº :3
2015-08-09 21:03:37 : Loop to clean screen without Clouds , nº :4
2015-08-09 21:03:37 : Loop to clean screen without Clouds , nº :5
2015-08-09 21:03:38 : Loop to clean screen without Clouds , nº :6
2015-08-09 21:03:39 : Loop to clean screen without Clouds , nº :7
2015-08-09 21:03:39 : Loop to clean screen without Clouds , nº :8
2015-08-09 21:03:40 : Loop to clean screen without Clouds , nº :9
2015-08-09 21:03:41 :  74> [G]:  31284 [E]:   8634 [D]:  814 [T]:15 [TH]: 9, In
2015-08-09 21:03:42 : Loop to clean screen without Clouds , nº :1
2015-08-09 21:03:43 : Loop to clean screen without Clouds , nº :2
2015-08-09 21:03:44 :  75> [G]:  42966 [E]:  81768 [D]:  118 [T]: 1 [TH]: 7, In
2015-08-09 21:03:46 : Loop to clean screen without Clouds , nº :1
2015-08-09 21:03:46 : Loop to clean screen without Clouds , nº :2
2015-08-09 21:03:47 :  76> [G]:   7534 [E]: 146213 [D]:  545 [T]: 4 [TH]: 8, In
2015-08-09 21:03:49 : Loop to clean screen without Clouds , nº :1
2015-08-09 21:03:50 : Loop to clean screen without Clouds , nº :2
2015-08-09 21:03:50 : Loop to clean screen without Clouds , nº :3
2015-08-09 21:03:51 : Loop to clean screen without Clouds , nº :4
2015-08-09 21:03:52 :  77> [G]:  50185 [E]:  43647 [D]:  652 [T]: 2 [TH]: 8, In
2015-08-09 21:03:53 : Loop to clean screen without Clouds , nº :1
2015-08-09 21:03:54 : Loop to clean screen without Clouds , nº :2
2015-08-09 21:03:55 :  78> [G]:  10737 [E]:  18945 [D]:  373 [T]: 1 [TH]: 7, In
2015-08-09 21:03:56 : Loop to clean screen without Clouds , nº :1
2015-08-09 21:03:57 : Loop to clean screen without Clouds , nº :2
2015-08-09 21:03:58 : Loop to clean screen without Clouds , nº :3
2015-08-09 21:03:58 : Loop to clean screen without Clouds , nº :4
2015-08-09 21:03:59 : Loop to clean screen without Clouds , nº :5
2015-08-09 21:03:59 : Loop to clean screen without Clouds , nº :6
2015-08-09 21:04:00 : Loop to clean screen without Clouds , nº :7
2015-08-09 21:04:00 : Loop to clean screen without Clouds , nº :8
2015-08-09 21:04:01 :  79> [G]:  40002 [E]: 100002 [D]:  120 [T]: 4 [TH]: 8, In
2015-08-09 21:04:03 : Loop to clean screen without Clouds , nº :1
2015-08-09 21:04:04 : Loop to clean screen without Clouds , nº :2
2015-08-09 21:04:05 :  80> [G]:  84147 [E]:  99554 [D]: 1175 [T]:23 [TH]: 9, In
2015-08-09 21:04:07 : Loop to clean screen without Clouds , nº :1
2015-08-09 21:04:07 :  81> [G]:  16401 [E]:  24976 [D]:   70 [T]: 1 [TH]: 7, In
2015-08-09 21:04:09 : Loop to clean screen without Clouds , nº :1
2015-08-09 21:04:10 : Loop to clean screen without Clouds , nº :2
2015-08-09 21:04:10 : Loop to clean screen without Clouds , nº :3
2015-08-09 21:04:11 : Loop to clean screen without Clouds , nº :4
2015-08-09 21:04:11 : Loop to clean screen without Clouds , nº :5
2015-08-09 21:04:12 : Loop to clean screen without Clouds , nº :6
2015-08-09 21:04:12 : Loop to clean screen without Clouds , nº :7
2015-08-09 21:04:13 :  82> [G]:   8130 [E]:  31236 [D]:   92 [T]: 1 [TH]: 7, In
2015-08-09 21:04:15 : Loop to clean screen without Clouds , nº :1
2015-08-09 21:04:16 :  83> [G]: 136241 [E]: 162130 [D]: 1568 [T]:17 [TH]: 9, In
2015-08-09 21:04:18 : Loop to clean screen without Clouds , nº :1
2015-08-09 21:04:19 : Loop to clean screen without Clouds , nº :2
2015-08-09 21:04:19 :  84> [G]:  49500 [E]:  63000 [D]:  240 [T]: 1 [TH]: 7, In
2015-08-09 21:04:21 : Loop to clean screen without Clouds , nº :1
2015-08-09 21:04:22 : Loop to clean screen without Clouds , nº :2
2015-08-09 21:04:22 : Loop to clean screen without Clouds , nº :3
2015-08-09 21:04:23 : Loop to clean screen without Clouds , nº :4
2015-08-09 21:04:23 : Loop to clean screen without Clouds , nº :5
2015-08-09 21:04:24 : Loop to clean screen without Clouds , nº :6
2015-08-09 21:04:24 : Loop to clean screen without Clouds , nº :7
2015-08-09 21:04:25 : Loop to clean screen without Clouds , nº :8
2015-08-09 21:04:26 :  85> [G]:  54968 [E]:  29857 [D]:  348 [T]: 1 [TH]: 7, In
2015-08-09 21:04:27 : Loop to clean screen without Clouds , nº :1
2015-08-09 21:04:28 : Loop to clean screen without Clouds , nº :2
2015-08-09 21:04:29 :  86> [G]:  16958 [E]:  20332 [D]:  652 [T]: 1 [TH]: 7, In
2015-08-09 21:04:30 : Loop to clean screen without Clouds , nº :1
2015-08-09 21:04:31 : Loop to clean screen without Clouds , nº :2
2015-08-09 21:04:31 : Loop to clean screen without Clouds , nº :3
2015-08-09 21:04:32 : Loop to clean screen without Clouds , nº :4
2015-08-09 21:04:33 : Loop to clean screen without Clouds , nº :5
2015-08-09 21:04:33 : Loop to clean screen without Clouds , nº :6
2015-08-09 21:04:34 : Loop to clean screen without Clouds , nº :7
2015-08-09 21:04:34 : Loop to clean screen without Clouds , nº :8
2015-08-09 21:04:35 : Loop to clean screen without Clouds , nº :9
2015-08-09 21:04:35 : Loop to clean screen without Clouds , nº :10
2015-08-09 21:04:36 :  87> [G]:  35742 [E]:  43564 [D]:  697 [T]:13 [TH]: 9, In
2015-08-09 21:04:38 : Loop to clean screen without Clouds , nº :1
2015-08-09 21:04:39 : Loop to clean screen without Clouds , nº :2
2015-08-09 21:04:40 :  88> [G]:  29023 [E]:  73608 [D]:  575 [T]: 3 [TH]: 8, In
2015-08-09 21:04:41 : Loop to clean screen without Clouds , nº :1
2015-08-09 21:04:42 : Loop to clean screen without Clouds , nº :2
2015-08-09 21:04:43 :  89> [G]:  65555 [E]: 140589 [D]:  462 [T]: 2 [TH]: 8, In
2015-08-09 21:04:45 : Loop to clean screen without Clouds , nº :1
2015-08-09 21:04:45 : Loop to clean screen without Clouds , nº :2
2015-08-09 21:04:49 :  90> [G]: 200349 [E]: 302656 [D]: 2003 [T]: 3 [TH]: 8, Out
2015-08-09 21:04:49 : No major traps found near TH.
2015-08-09 21:04:49 : ~~~~~~~~~~~~~~~ TH Outside Found! ~~~~~~~~~~~~~~~~
2015-08-09 21:04:49 : ================ Search Complete =================
2015-08-09 21:04:49 : Initiating attack for: TH Snipe
2015-08-09 21:04:51 : DLL Troopsbar list: Barbarian|43-26|46#Archer|115-30|154#Castle|184-85|0#King|260-31|0#LightSpell|332-31|2#PoisonSpell|400-28|1
2015-08-09 21:04:51 : -Barbarians 46
2015-08-09 21:04:51 : -Archers 154
2015-08-09 21:04:51 : -Clan Castle 
2015-08-09 21:04:51 : -King 
2015-08-09 21:04:51 : -Lightning Spells 2
2015-08-09 21:04:51 : -Poison Spells 1
2015-08-09 21:04:51 :  ====== Start Attack ====== 
2015-08-09 21:04:53 : Sending 1st wave of archers and Barbarians.
2015-08-09 21:04:53 : Dropping first wave of 10 Archers
2015-08-09 21:04:55 : Deployment of Archers Successful!
2015-08-09 21:04:57 : Dropping first wave of 10 Barbarians
2015-08-09 21:05:00 : Deployment of Barbarians Successful!
2015-08-09 21:05:13 : Townhall has been destroyed!
2015-08-09 21:05:16 : Checking if the battle has finished
2015-08-09 21:05:18 : detected [G]:  [E]:  [DE]:  |  Exit now 
2015-08-09 21:05:18 : Battle has finished
2015-08-09 21:05:18 : Returning Home
2015-08-09 21:05:22 : Loot: [G]: 1 000 [E]: 1 000 [DE]:  [T]: 1
2015-08-09 21:05:23 : Bonus [G]: 65 000 [E]: 65 000 [DE]: 300
2015-08-09 21:05:25 : Your league level is: Crystal I
2015-08-09 21:05:25 : Stars earned: 1
2015-08-09 21:05:29 : Cannot return home.
2015-08-09 21:05:29 : Trying to locate Main Screen
2015-08-09 21:05:36 : CheckObstacles Result = True
2015-08-09 21:05:36 : Waiting for Main Screen
2015-08-09 21:05:36 : ChkObst Loop = 0ExitLoop = 0
2015-08-09 21:05:36 : Screen cleared, WaitMainScreen exit
2015-08-09 21:05:36 : Main Screen Located
2015-08-09 21:05:39 : Bot clean start
2015-08-09 21:05:40 : Trying to locate Main Screen
2015-08-09 21:05:40 : Main Screen Located
2015-08-09 21:05:41 : checkMainScreen start quiet mode
2015-08-09 21:05:41 : checkMainScreen exit quiet mode
2015-08-09 21:05:41 : Collecting Resources
2015-08-09 21:05:48 : checkMainScreen start quiet mode
2015-08-09 21:05:48 : checkMainScreen exit quiet mode
2015-08-09 21:05:50 : Cannot find tombstones, Yard is clean!
2015-08-09 21:05:50 : checkMainScreen start quiet mode
2015-08-09 21:05:50 : checkMainScreen exit quiet mode
2015-08-09 21:05:51 : Checking if Village needs Rearming..
2015-08-09 21:05:57 : checkMainScreen start quiet mode
2015-08-09 21:05:57 : checkMainScreen exit quiet mode
2015-08-09 21:05:57 : checkMainScreen start quiet mode
2015-08-09 21:05:57 : checkMainScreen exit quiet mode
2015-08-09 21:05:58 : Village Report
2015-08-09 21:05:58 : No. of Free/Total Builders: 0/4
2015-08-09 21:05:58 :  [T]: 2 540
2015-08-09 21:05:58 :  [G]: 1 941 322 [E]: 5 338 402 [D]: 27 229 [GEM]: 1 993
2015-08-09 21:05:59 : checkMainScreen start quiet mode
2015-08-09 21:05:59 : checkMainScreen exit quiet mode
2015-08-09 21:05:59 : checkMainScreen start quiet mode
2015-08-09 21:05:59 : checkMainScreen exit quiet mode
2015-08-09 21:06:01 : checkMainScreen start quiet mode
2015-08-09 21:06:01 : checkMainScreen exit quiet mode
2015-08-09 21:06:01 : Func Train 
2015-08-09 21:06:01 : Train enabled, $TotalTrainedTroops= 200, Adj TotalCamp= 192
2015-08-09 21:06:01 : RESET AT 0 CurArch
2015-08-09 21:06:01 : RESET AT 0 CurBarb
2015-08-09 21:06:01 : RESET AT 0 CurGiant
2015-08-09 21:06:01 : RESET AT 0 CurWall
2015-08-09 21:06:01 : RESET AT 0 CurGobl
2015-08-09 21:06:01 : RESET AT 0 CurHeal
2015-08-09 21:06:01 : RESET AT 0 CurPekk
2015-08-09 21:06:01 : RESET AT 0 CurBall
2015-08-09 21:06:01 : RESET AT 0 CurWiza
2015-08-09 21:06:01 : RESET AT 0 CurDrag
2015-08-09 21:06:01 : RESET AT 0 CurMini
2015-08-09 21:06:01 : RESET AT 0 CurHogs
2015-08-09 21:06:01 : RESET AT 0 CurValk
2015-08-09 21:06:01 : RESET AT 0 CurGole
2015-08-09 21:06:01 : RESET AT 0 CurWitc
2015-08-09 21:06:01 : RESET AT 0 CurLava
2015-08-09 21:06:01 : Checking Army Camp...
2015-08-09 21:06:02 : $sArmyInfo = 200#200
2015-08-09 21:06:02 : $CurCamp = 200
2015-08-09 21:06:02 : $TotalCamp = 200
2015-08-09 21:06:03 : Total Army Camp capacity: 200/200
2015-08-09 21:06:03 : $hBitmapFirst made
2015-08-09 21:06:03 : Calling CGBfunctions.dll/searchIdentifyTroopTrained 
2015-08-09 21:06:04 : Dll return $FullTemp :Barbarian|8-21|44#Archer|71-22|156
2015-08-09 21:06:04 : $Trooptype split # : 2
2015-08-09 21:06:04 : Start the Loop
2015-08-09 21:06:04 : $TroopTypeT[$i] split : 1
2015-08-09 21:06:04 :  - No. of Barbarians: 44
2015-08-09 21:06:04 : $TroopTypeT[$i] split : 2
2015-08-09 21:06:04 :  - No. of Archers: 156
2015-08-09 21:06:04 : start barrackstatus
2015-08-09 21:06:04 : OK, I'm in army overview
2015-08-09 21:06:04 : barrack 1 found upgrading! color 6B6964
2015-08-09 21:06:04 : barrack 2 found! color 888070
2015-08-09 21:06:04 : barrack 3 found! color 888070
2015-08-09 21:06:04 : barrack 4 found! color 888070
2015-08-09 21:06:04 : dark barrack 1 found! color 888070
2015-08-09 21:06:04 : dark barrack 2 found! color 888070
2015-08-09 21:06:04 : Factory Spell found! color 888070
2015-08-09 21:06:04 : Dark Factory Spell found! color 888070
2015-08-09 21:06:04 : Barracks and Spell factory status: 
2015-08-09 21:06:04 : - Barracks detected: 4 | Available: 3 | Upgrading: 1
2015-08-09 21:06:04 : - Dark Barracks detected: 2 | Available: 2 | Upgrading: 0
2015-08-09 21:06:04 : - Spell factory detected: 1 | Available: 1 | Upgrading: 0
2015-08-09 21:06:04 : - Dark Spell factory detected: 1 | Available: 1 | Upgrading: 0
2015-08-09 21:06:04 : Trainaviable[0] = 1
2015-08-09 21:06:04 : Trainaviable[1] = 0
2015-08-09 21:06:05 : Trainaviable[2] = 1
2015-08-09 21:06:05 : Trainaviable[3] = 1
2015-08-09 21:06:05 : Trainaviable[4] = 1
2015-08-09 21:06:05 : Trainaviable[5] = 1
2015-08-09 21:06:05 : Trainaviable[6] = 1
2015-08-09 21:06:05 : Trainaviable[7] = 1
2015-08-09 21:06:05 : Trainaviable[8] = 1
2015-08-09 21:06:05 : Training Troops...
2015-08-09 21:06:05 : Train: need to make normal troops: True
2015-08-09 21:06:05 : Train: need to make dark troops: False
2015-08-09 21:06:05 : LAST BARRACK = 4
2015-08-09 21:06:05 : OverView TabColor=CDCDC8
2015-08-09 21:06:05 : Last Barrack TabColor=888070
2015-08-09 21:06:05 : Last Barrack TabColor=888070
2015-08-09 21:06:05 : Your Army Camps are now Full
2015-08-09 21:06:05 : ---------COMPUTE TROOPS TO MAKE------------------------
2015-08-09 21:06:05 : -- Compute AnotherTroops to train
2015-08-09 21:06:05 : Need to train (height) GOBL:0% BARB: 120% ARCH: 80% AND 0 other troops space
2015-08-09 21:06:05 : Total Troops to be Trained= 200
2015-08-09 21:06:06 : BARRACKNUM: 3
2015-08-09 21:06:06 : ArchEBarrack: 26
2015-08-09 21:06:06 : BarbEBarrack: 40
2015-08-09 21:06:06 : DARKBARRACKNUM: 2
2015-08-09 21:06:06 : ---------END COMPUTE TROOPS TO MAKE--------------------
2015-08-09 21:06:06 : 
2015-08-09 21:06:06 : ---------TRAIN BARRACK MODE------------------------
2015-08-09 21:06:06 : Barrack4 selected
2015-08-09 21:06:06 : Full Check=DE58D0
2015-08-09 21:06:06 : Full Check=DE58D0
2015-08-09 21:06:06 : Full Check=FF80F8
2015-08-09 21:06:06 : Full Check=FE78F4
2015-08-09 21:06:06 : Full Check=FF80F8
2015-08-09 21:06:06 : Full Check=FE78F4
2015-08-09 21:06:07 : Full Check=FB75F1
2015-08-09 21:06:07 : Full Check=FF80F8
2015-08-09 21:06:07 : Full Check=FF7FF5
2015-08-09 21:06:07 : Move from Barrack 4 direction -1
2015-08-09 21:06:08 : Barrack3 selected
2015-08-09 21:06:09 : Full Check=E05AD0
2015-08-09 21:06:09 : Full Check=FF82F8
2015-08-09 21:06:09 : Full Check=FF7EF7
2015-08-09 21:06:09 : Full Check=FF76F1
2015-08-09 21:06:09 : Full Check=FF7EF7
2015-08-09 21:06:09 : Full Check=FF79F5
2015-08-09 21:06:09 : Full Check=FF7BF6
2015-08-09 21:06:09 : Full Check=B5B5B0
2015-08-09 21:06:10 : Move from Barrack 3 direction -1
2015-08-09 21:06:11 : Barrack2 selected
2015-08-09 21:06:11 : Full Check=E05AD0
2015-08-09 21:06:11 : Full Check=FF82F8
2015-08-09 21:06:12 : Full Check=FF76F1
2015-08-09 21:06:12 : Full Check=FF7EF7
2015-08-09 21:06:12 : Full Check=FF7EF7
2015-08-09 21:06:12 : Full Check=FF79F5
2015-08-09 21:06:12 : Full Check=FF7EF7
2015-08-09 21:06:12 : Full Check=ACACAC
2015-08-09 21:06:12 : Move from Barrack 2 direction -1
2015-08-09 21:06:13 : This is not a Barrack
2015-08-09 21:06:13 : ---=====================END TRAIN =======================================---
2015-08-09 21:06:15 : checkMainScreen start quiet mode
2015-08-09 21:06:15 : checkMainScreen exit quiet mode
2015-08-09 21:06:16 : checkMainScreen start quiet mode
2015-08-09 21:06:16 : checkMainScreen exit quiet mode
2015-08-09 21:06:17 : checkMainScreen start quiet mode
2015-08-09 21:06:17 : checkMainScreen exit quiet mode
2015-08-09 21:06:17 : Requesting Clan Castle Troops
2015-08-09 21:06:17 : $icount1 = 1, BB2BD1
2015-08-09 21:06:17 : Your Clan Castle is already full or you are not in a clan.
2015-08-09 21:06:18 : checkMainScreen start quiet mode
2015-08-09 21:06:19 : checkMainScreen exit quiet mode
2015-08-09 21:06:19 : checkMainScreen start quiet mode
2015-08-09 21:06:19 : checkMainScreen exit quiet mode
2015-08-09 21:06:20 : checkMainScreen start quiet mode
2015-08-09 21:06:20 : checkMainScreen exit quiet mode
2015-08-09 21:06:22 : Finished kicking
2015-08-09 21:06:22 : Func Idle 
2015-08-09 21:06:22 : $fullArmy=True $fullCC=False $fullHeroes=False $iUnbreakableMode=0
2015-08-09 21:06:22 : Going to Attack...
2015-08-09 21:06:27 : Take-A-Break OCR result = 
2015-08-09 21:06:27 : Shield btn clr chk-#1: 5C5654, #2: B5C93B, #3: 795894, #4: 8DB030
2015-08-09 21:06:28 : ============== Searching For Dead Base ===============
2015-08-09 21:06:28 : ~~~~~~~~~~~~~~~ SEARCH CONDITIONS ~~~~~~~~~~~~~~~~
2015-08-09 21:06:28 : Meet: Gold and Elixir, TH Outside
2015-08-09 21:06:28 : ~~~~~~~~~~~~~~ RESOURCE CONDITIONS ~~~~~~~~~~~~~~~
2015-08-09 21:06:28 : Aim: [G]: 999999 [E]: 999999 [D]:    0 [T]: 0, Out, Out, Out for: Dead Base
2015-08-09 21:06:28 : ~~~~~~~~~~~~~~~ ADVANCED SETTINGS ~~~~~~~~~~~~~~~~
2015-08-09 21:06:28 : THSnipe Combo, 1 Tile(s), 
2015-08-09 21:06:28 : ==================================================
2015-08-09 21:06:30 :   1> [G]:  91844 [E]: 179342 [D]: 1202 [T]:14 [TH]: 9, In
2015-08-09 21:06:32 : Loop to clean screen without Clouds , nº :1
2015-08-09 21:06:33 : Loop to clean screen without Clouds , nº :2
2015-08-09 21:06:34 :   2> [G]:   9274 [E]:   5316 [D]:  989 [T]:17 [TH]: 9, In
2015-08-09 21:06:35 : Loop to clean screen without Clouds , nº :1
2015-08-09 21:06:36 : Loop to clean screen without Clouds , nº :2
2015-08-09 21:06:36 : Loop to clean screen without Clouds , nº :3
2015-08-09 21:06:37 : Loop to clean screen without Clouds , nº :4
2015-08-09 21:06:38 : Loop to clean screen without Clouds , nº :5
2015-08-09 21:06:38 : ClashGameBot was Paused!
