2015-08-05 12:24:19 : ~ Clash Game Bot v4.1MODS Powered by GameBot.org ~
2015-08-05 12:24:19 : GameBot.org.exe Executable running on WIN_7  X64
2015-08-05 12:24:19 : =================== Bot Start ====================
2015-08-05 12:24:19 : -------------------------  Current Profile: 02 --------------------------
2015-08-05 12:24:19 :  Warning Debug Mode Enabled! Setlog: 1 OCR: 0 RedArea: 0 
2015-08-05 12:24:19 : Trying to locate Main Screen
2015-08-05 12:24:26 : CheckObstacles Result = True
2015-08-05 12:24:26 : Waiting for Main Screen
2015-08-05 12:24:26 : ChkObst Loop = 0ExitLoop = 0
2015-08-05 12:24:34 : ChkObst Loop = 1ExitLoop = 1
2015-08-05 12:24:44 : ChkObst Loop = 1ExitLoop = 2
2015-08-05 12:24:54 : ChkObst Loop = 1ExitLoop = 3
2015-08-05 12:25:05 : ChkObst Loop = 1ExitLoop = 4
2015-08-05 12:25:16 : ChkObst Loop = 1ExitLoop = 5
2015-08-05 12:25:27 : ChkObst Loop = 1ExitLoop = 6
2015-08-05 12:25:33 : ClashGameBot was Paused!
2015-08-05 12:25:59 : ClashGameBot was Resumed.
2015-08-05 12:26:06 : ChkObst Loop = 1ExitLoop = 7
2015-08-05 12:26:15 : ChkObst Loop = 1ExitLoop = 8
2015-08-05 12:26:24 : ChkObst Loop = 1ExitLoop = 9
2015-08-05 12:26:33 : ChkObst Loop = 1ExitLoop = 10
2015-08-05 12:26:43 : ChkObst Loop = 1ExitLoop = 11
2015-08-05 12:26:51 : ChkObst Loop = 1ExitLoop = 12
2015-08-05 12:27:00 : ChkObst Loop = 1ExitLoop = 13
2015-08-05 12:27:08 : ChkObst Loop = 1ExitLoop = 14
2015-08-05 12:27:17 : ChkObst Loop = 1ExitLoop = 15
2015-08-05 12:27:25 : ChkObst Loop = 1ExitLoop = 16
2015-08-05 12:27:34 : ChkObst Loop = 1ExitLoop = 17
2015-08-05 12:27:43 : ChkObst Loop = 1ExitLoop = 18
2015-08-05 12:27:51 : ChkObst Loop = 1ExitLoop = 19
2015-08-05 12:28:01 : ChkObst Loop = 1ExitLoop = 20
2015-08-05 12:28:10 : ChkObst Loop = 1ExitLoop = 21
2015-08-05 12:28:19 : ChkObst Loop = 1ExitLoop = 22
2015-08-05 12:28:27 : ChkObst Loop = 1ExitLoop = 23
2015-08-05 12:28:36 : ChkObst Loop = 1ExitLoop = 24
2015-08-05 12:28:45 : ChkObst Loop = 1ExitLoop = 25
2015-08-05 12:28:55 : ChkObst Loop = 1ExitLoop = 26
2015-08-05 12:29:05 : ChkObst Loop = 1ExitLoop = 27
2015-08-05 12:29:16 : ChkObst Loop = 1ExitLoop = 28
2015-08-05 12:29:26 : ChkObst Loop = 1ExitLoop = 29
