2015-08-08 16:45:08 : Starting BlueStacks
2015-08-08 16:45:43 : BlueStacks Loaded, took 34.42 seconds to begin.
2015-08-08 16:45:43 : ~ Clash Game Bot v4.1MODS Powered by GameBot.org ~
2015-08-08 16:45:43 : GameBot.org.exe Executable running on WIN_7  X64
2015-08-08 16:45:43 : =================== Bot Start ====================
2015-08-08 16:45:43 : -------------------------  Current Profile: 02 --------------------------
2015-08-08 16:45:43 :  Warning Debug Mode Enabled! Setlog: 1 OCR: 0 RedArea: 0 
2015-08-08 16:45:44 : Trying to locate Main Screen
2015-08-08 16:45:46 : CheckObstacles Result = False
2015-08-08 16:45:48 : Waiting for Main Screen
2015-08-08 16:45:48 : ChkObst Loop = 0ExitLoop = 0
2015-08-08 16:45:51 : ChkObst Loop = 1ExitLoop = 1
2015-08-08 16:45:58 : ChkObst Loop = 2ExitLoop = 2
2015-08-08 16:46:00 : ChkObst Loop = 3ExitLoop = 3
2015-08-08 16:46:03 : ChkObst Loop = 4ExitLoop = 4
2015-08-08 16:46:03 : Screen cleared, WaitMainScreen exit
2015-08-08 16:46:05 : Zooming Out
2015-08-08 16:46:05 : Index = 0
2015-08-08 16:46:05 : ControlFocus Result = 1, ControlSend Result = 1|0
2015-08-08 16:46:05 : Index = 2
2015-08-08 16:46:06 : ControlFocus Result = 1, ControlSend Result = 1|0
2015-08-08 16:46:06 : Index = 4
2015-08-08 16:46:06 : ControlFocus Result = 1, ControlSend Result = 1|0
2015-08-08 16:46:06 : Index = 6
2015-08-08 16:46:06 : ControlFocus Result = 1, ControlSend Result = 1|0
2015-08-08 16:46:06 : Index = 8
2015-08-08 16:46:07 : ControlFocus Result = 1, ControlSend Result = 1|0
2015-08-08 16:46:07 : Index = 10
2015-08-08 16:46:07 : ControlFocus Result = 1, ControlSend Result = 1|0
2015-08-08 16:46:07 : Index = 12
2015-08-08 16:46:07 : ControlFocus Result = 1, ControlSend Result = 1|0
2015-08-08 16:46:07 : Index = 14
2015-08-08 16:46:08 : ControlFocus Result = 1, ControlSend Result = 1|0
2015-08-08 16:46:08 : Main Screen Located
2015-08-08 16:46:09 : Detecting your Buildings..
2015-08-08 16:46:17 : Language setting is Wrong: Change CoC language to English!
