2015-08-05 21:44:55 : ~ Clash Game Bot v4.1MODS Powered by GameBot.org ~
2015-08-05 21:44:55 : GameBot.org.exe Executable running on WIN_7  X64
2015-08-05 21:44:55 : =================== Bot Start ====================
2015-08-05 21:44:55 : -------------------------  Current Profile: 02 --------------------------
2015-08-05 21:44:55 :  Warning Debug Mode Enabled! Setlog: 1 OCR: 0 RedArea: 0 
2015-08-05 21:44:55 : Trying to locate Main Screen
2015-08-05 21:44:55 : Main Screen Located
2015-08-05 21:44:56 : Detecting your Buildings..
2015-08-05 21:45:03 : Language setting is English: Correct.
2015-08-05 21:45:03 : Bot clean start
2015-08-05 21:45:04 : Trying to locate Main Screen
2015-08-05 21:45:05 : Main Screen Located
2015-08-05 21:45:05 : checkMainScreen start quiet mode
2015-08-05 21:45:05 : checkMainScreen exit quiet mode
2015-08-05 21:45:06 : Collecting Resources
2015-08-05 21:45:11 : checkMainScreen start quiet mode
2015-08-05 21:45:11 : checkMainScreen exit quiet mode
2015-08-05 21:45:13 : Cannot find tombstones, Yard is clean!
2015-08-05 21:45:14 : checkMainScreen start quiet mode
2015-08-05 21:45:14 : checkMainScreen exit quiet mode
2015-08-05 21:45:14 : Checking if Village needs Rearming..
2015-08-05 21:45:20 : checkMainScreen start quiet mode
2015-08-05 21:45:20 : checkMainScreen exit quiet mode
2015-08-05 21:45:21 : checkMainScreen start quiet mode
2015-08-05 21:45:21 : checkMainScreen exit quiet mode
2015-08-05 21:45:21 : Village Report
2015-08-05 21:45:21 : No. of Free/Total Builders: 0/4
2015-08-05 21:45:21 :  [T]: 2 391
2015-08-05 21:45:22 :  [G]: 4 824 261 [E]: 3 518 440 [D]: 80 000 [GEM]: 974
2015-08-05 21:45:22 : Village Trophies detected Below Trophy Profile Switch Conditions
