2015-08-05 12:30:06 : Starting BlueStacks
2015-08-05 12:30:15 : BlueStacks Loaded, took 9.46 seconds to begin.
2015-08-05 12:30:16 : ~ Clash Game Bot v4.1MODS Powered by GameBot.org ~
2015-08-05 12:30:16 : GameBot.org.exe Executable running on WIN_7  X64
2015-08-05 12:30:16 : =================== Bot Start ====================
2015-08-05 12:30:16 : -------------------------  Current Profile: 02 --------------------------
2015-08-05 12:30:16 :  Warning Debug Mode Enabled! Setlog: 1 OCR: 0 RedArea: 0 
2015-08-05 12:30:16 : Trying to locate Main Screen
2015-08-05 12:30:18 : CheckObstacles Result = False
2015-08-05 12:30:19 : Waiting for Main Screen
2015-08-05 12:30:19 : ChkObst Loop = 0ExitLoop = 0
2015-08-05 12:30:24 : ChkObst Loop = 1ExitLoop = 1
2015-08-05 12:30:30 : ChkObst Loop = 2ExitLoop = 2
2015-08-05 12:30:30 : Screen cleared, WaitMainScreen exit
2015-08-05 12:30:31 : Zooming Out
2015-08-05 12:30:31 : Index = 0
2015-08-05 12:30:32 : ControlFocus Result = 1, ControlSend Result = 1|0
2015-08-05 12:30:32 : Index = 2
2015-08-05 12:30:32 : ControlFocus Result = 1, ControlSend Result = 1|0
2015-08-05 12:30:32 : Index = 4
2015-08-05 12:30:33 : ControlFocus Result = 1, ControlSend Result = 1|0
2015-08-05 12:30:33 : Index = 6
2015-08-05 12:30:33 : ControlFocus Result = 1, ControlSend Result = 1|0
2015-08-05 12:30:33 : Index = 8
2015-08-05 12:30:33 : ControlFocus Result = 1, ControlSend Result = 1|0
2015-08-05 12:30:33 : Index = 10
2015-08-05 12:30:33 : ControlFocus Result = 1, ControlSend Result = 1|0
2015-08-05 12:30:33 : Index = 12
2015-08-05 12:30:34 : ControlFocus Result = 1, ControlSend Result = 1|0
2015-08-05 12:30:34 : Main Screen Located
2015-08-05 12:30:35 : Detecting your Buildings..
2015-08-05 12:30:44 : Language setting is English: Correct.
2015-08-05 12:30:44 : Bot clean start
2015-08-05 12:30:45 : Trying to locate Main Screen
2015-08-05 12:30:45 : Main Screen Located
2015-08-05 12:30:46 : checkMainScreen start quiet mode
2015-08-05 12:30:46 : checkMainScreen exit quiet mode
2015-08-05 12:30:46 : Collecting Resources
2015-08-05 12:30:51 : checkMainScreen start quiet mode
2015-08-05 12:30:51 : checkMainScreen exit quiet mode
2015-08-05 12:30:53 : Cannot find tombstones, Yard is clean!
2015-08-05 12:30:54 : checkMainScreen start quiet mode
2015-08-05 12:30:54 : checkMainScreen exit quiet mode
2015-08-05 12:30:54 : Checking if Village needs Rearming..
2015-08-05 12:31:00 : checkMainScreen start quiet mode
2015-08-05 12:31:00 : checkMainScreen exit quiet mode
2015-08-05 12:31:01 : checkMainScreen start quiet mode
2015-08-05 12:31:01 : checkMainScreen exit quiet mode
2015-08-05 12:31:02 : Village Report
2015-08-05 12:31:02 : No. of Free/Total Builders: 0/4
2015-08-05 12:31:02 :  [T]: 2 208
2015-08-05 12:31:02 :  [G]: 4 786 813 [E]: 5 910 235 [D]: 76 717 [GEM]: 974
2015-08-05 12:31:02 : Village Gold detected Below Gold Profile Switch Conditions
