2015-08-04 14:38:23 : ~ Clash Game Bot v4.1MODS Powered by GameBot.org ~
2015-08-04 14:38:23 : GameBot.org.exe Executable running on WIN_7  X64
2015-08-04 14:38:23 : =================== Bot Start ====================
2015-08-04 14:38:23 : -------------------------  Current Profile: 02 --------------------------
2015-08-04 14:38:23 : Trying to locate Main Screen
2015-08-04 14:38:25 : Zooming Out
2015-08-04 14:38:26 : Main Screen Located
2015-08-04 14:38:27 : Detecting your Buildings..
2015-08-04 14:38:34 : Language setting is English: Correct.
2015-08-04 14:38:35 : Trying to locate Main Screen
2015-08-04 14:38:35 : Main Screen Located
2015-08-04 14:38:36 : Collecting Resources
2015-08-04 14:38:42 : Checking if Village needs Rearming..
2015-08-04 14:38:50 : Village Report
2015-08-04 14:38:50 : No. of Free/Total Builders: 0/4
2015-08-04 14:38:50 :  [T]: 2 036
2015-08-04 14:38:50 :  [G]: 5 796 376 [E]: 5 932 153 [D]: 67 236 [GEM]: 953
2015-08-04 14:38:53 : Checking Army Camp...
2015-08-04 14:38:55 : Total Army Camp capacity: 200/200
2015-08-04 14:38:56 :  - No. of Barbarians: 72
2015-08-04 14:38:56 :  - No. of Archers: 128
2015-08-04 14:38:56 : Barracks and Spell factory status: 
2015-08-04 14:38:56 : - Barracks detected: 4 | Available: 3 | Upgrading: 1
2015-08-04 14:38:56 : - Dark Barracks detected: 2 | Available: 1 | Upgrading: 1
2015-08-04 14:38:56 : - Spell factory detected: 1 | Available: 1 | Upgrading: 0
2015-08-04 14:38:56 : - Dark Spell factory detected: 1 | Available: 0 | Upgrading: 1
2015-08-04 14:38:56 : Training Troops...
2015-08-04 14:38:57 : Your Army Camps are now Full
2015-08-04 14:39:20 : Requesting Clan Castle Troops
2015-08-04 14:39:21 : Your Clan Castle is already full or you are not in a clan.
2015-08-04 14:39:22 : Checking Troop Upgrade in Laboratory ...
2015-08-04 14:39:22 : Updating village values [E]: 5926603 [D]: 67236
2015-08-04 14:39:24 : Trouble finding research button, try again...
2015-08-04 14:39:27 : Finished kicking
2015-08-04 14:39:28 : Going to Attack...
2015-08-04 14:39:33 : ============== Searching For Dead Base ===============
2015-08-04 14:39:33 : ~~~~~~~~~~~~~~~ SEARCH CONDITIONS ~~~~~~~~~~~~~~~~
2015-08-04 14:39:33 : Meet: Gold and Elixir, TH Outside
2015-08-04 14:39:33 : ~~~~~~~~~~~~~~ RESOURCE CONDITIONS ~~~~~~~~~~~~~~~
2015-08-04 14:39:33 : Aim: [G]: 999999 [E]: 999999 [D]:    0 [T]: 0, Out, Out, Out, Out, Out, Out, Out, Out, Out, Out, Out, Out, Out, Out, Out, Out, Out, Out, Out, Out, Out, Out, Out, Out, Out, Out, Out, Out, Out, Out, Out, Out, Out, Out, Out, Out, Out, Out, Out, Out, Out, Out, Out, Out, Out, Out, Out, Out, Out, Out, Out, Out, Out, Out, Out, Out, Out, Out, Out, Out, Out, Out, Out, Out, Out, Out, Out, Out, Out, Out, Out, Out, Out, Out, Out, Out, Out, Out, Out, Out, Out, Out, Out, Out, Out, Out, Out, Out, Out, Out, Out, Out, Out, Out, Out, Out, Out, Out, Out, Out, Out, Out, Out, Out, Out, Out, Out, Out, Out, Out, Out, Out, Out, Out, Out, Out, Out, Out, Out, Out, Out, Out, Out, Out, Out, Out, Out, Out, Out, Out, Out, Out, Out, Out, Out, Out, Out, Out, Out, Out, Out, Out, Out, Out, Out, Out, Out, Out, Out, Out, Out, Out, Out, Out, Out, Out, Out, Out, Out, Out, Out, Out, Out, Out, Out, Out, Out, Out, Out, Out, Out, Out, Out, Out, Out, Out, Out, Out, Out, Out, Out, Out, Out, Out, Out, Out, Out, Out, Out, Out, Out, Out, Out, Out, Out, Out, Out, Out, Out, Out, Out, Out, Out, Out, Out, Out, Out, Out, Out, Out, Out, Out, Out, Out, Out, Out, Out, Out, Out, Out, Out, Out, Out, Out, Out, Out, Out, Out, Out, Out, Out, Out, Out, Out, Out, Out, Out, Out, Out, Out, Out, Out, Out, Out, Out, Out, Out, Out, Out, Out, Out, Out, Out, Out, Out, Out, Out, Out, Out, Out, Out, Out, Out, Out, Out, Out, Out, Out, Out, Out, Out, Out, Out, Out, Out, Out, Out, Out, Out, Out, Out, Out, Out, Out, Out, Out, Out, Out, Out, Out, Out, Out, Out, Out, Out, Out, Out, Out, Out, Out, Out, Out, Out, Out, Out, Out, Out, Out, Out, Out, Out, Out, Out, Out, Out, Out, Out, Out, Out, Out, Out, Out, Out, Out, Out, Out, Out, Out, Out, Out, Out, Out, Out, Out, Out, Out, Out, Out, Out, Out, Out, Out, Out, Out, Out, Out, Out, Out, Out, Out, Out, Out, Out, Out, Out, Out, Out, Out, Out, Out, Out, Out, Out, Out, Out, Out, Out, Out, Out, Out, Out, Out, Out, Out, Out, Out, Out, Out, Out, Out, Out, Out, Out, Out, Out, Out, Out, Out, Out, Out, Out, Out, Out, Out, Out, Out, Out, Out, Out, Out, Out, Out, Out, Out, Out, Out, Out, Out, Out, Out, Out, Out, Out, Out, Out, Out, Out, Out, Out, Out, Out, Out, Out, Out, Out, Out, Out, Out, Out, Out, Out, Out, Out, Out, Out, Out, Out, Out, Out, Out, Out for: Dead Base
2015-08-04 14:39:33 : ~~~~~~~~~~~~~~~ ADVANCED SETTINGS ~~~~~~~~~~~~~~~~
2015-08-04 14:39:33 : THSnipe Combo, 1 Tile(s), 
2015-08-04 14:39:34 : ==================================================
2015-08-04 14:39:35 :   1> [G]:  59820 [E]:  31338 [D]:  330 [T]:26 [TH]: 8, In
2015-08-04 14:39:38 :   2> [G]:  92243 [E]: 109949 [D]:  532 [T]:15 [TH]: 9, In
2015-08-04 14:39:44 :   3> [G]:  83575 [E]:  79653 [D]:  270 [T]:18 [TH]: 8, In
2015-08-04 14:39:48 :   4> [G]:  12018 [E]: 113821 [D]: 1043 [T]:21 [TH]: 8, In
2015-08-04 14:39:51 :   5> [G]:  27675 [E]:  27450 [D]:    4 [T]:15 [TH]: 7, In
2015-08-04 14:39:54 :   6> [G]:  49189 [E]:  74516 [D]:  299 [T]:13 [TH]: 7, In
2015-08-04 14:40:01 :   7> [G]:  74621 [E]:  79567 [D]:   48 [T]:16 [TH]: 8, In
2015-08-04 14:40:06 :   8> [G]:  61514 [E]:  78923 [D]:  553 [T]:27 [TH]: 9, In
2015-08-04 14:40:10 :   9> [G]: 134700 [E]: 315712 [D]: 2066 [T]:13 [TH]: 8, In
2015-08-04 14:40:12 :  10> [G]:  28360 [E]:  77649 [D]:  525 [T]:16 [TH]: 7, In
2015-08-04 14:40:21 :  11> [G]:  54333 [E]:  50025 [D]:  892 [T]:29 [TH]: 9, In
2015-08-04 14:40:23 :  12> [G]:   9719 [E]: 101371 [D]:  435 [T]:15 [TH]: 7, In
2015-08-04 14:40:26 :  13> [G]: 151967 [E]:  98230 [D]:  650 [T]:12 [TH]: 7, In
2015-08-04 14:40:33 :  14> [G]:  73471 [E]:  58436 [D]:   83 [T]:18 [TH]: 8, In
2015-08-04 14:40:37 :  15> [G]:  35835 [E]:  89554 [D]:  740 [T]:25 [TH]: 8, In
2015-08-04 14:40:41 :  16> [G]:  48714 [E]:  66665 [D]:   73 [T]:15 [TH]: 8, In
2015-08-04 14:40:44 :  17> [G]:  42038 [E]: 138489 [D]:  899 [T]:20 [TH]: 8, In
2015-08-04 14:40:48 :  18> [G]:  38595 [E]:  37597 [D]:  255 [T]:14 [TH]: 7, In
2015-08-04 14:40:51 :  19> [G]:  42806 [E]: 185578 [D]:  383 [T]:26 [TH]: 8, In
2015-08-04 14:40:55 :  20> [G]:  20250 [E]:  27000 [D]:  107 [T]:15 [TH]: 7, In
2015-08-04 14:40:58 :  21> [G]:  39551 [E]:  41150 [D]:  878 [T]:17 [TH]: 9, In
2015-08-04 14:41:00 :  22> [G]:  39551 [E]:  41150 [D]:  878 [T]:17 [TH]: 9, In
2015-08-04 14:41:03 :  23> [G]:  39551 [E]:  41150 [D]:  878 [T]:17 [TH]: 9, In
2015-08-04 14:41:05 :  24> [G]:  39551 [E]:  41150 [D]:  878 [T]:17 [TH]: 9, In
2015-08-04 14:41:07 :  25> [G]:  39551 [E]:  41150 [D]:  878 [T]:17 [TH]: 9, In
2015-08-04 14:41:09 : Trying to locate Main Screen
2015-08-04 14:41:10 : Returning Home
2015-08-04 14:42:54 : Cannot return home.
2015-08-04 14:42:54 : Trying to locate Main Screen
2015-08-04 14:42:56 : Returning Home
2015-08-04 14:43:01 : Waiting for Main Screen
2015-08-04 14:43:01 : Main Screen Located
2015-08-04 14:43:01 : Waiting for Main Screen
2015-08-04 14:43:01 : Main Screen Located
2015-08-04 14:43:01 : Cannot locate Next button, Restarting Bot...
2015-08-04 14:43:03 : Trying to locate Main Screen
2015-08-04 14:43:03 : Main Screen Located
2015-08-04 14:43:03 : Restarted after Out of Sync Error: Attack Now
2015-08-04 14:43:04 : Going to Attack...
2015-08-04 14:43:10 : ============== Searching For Dead Base ===============
2015-08-04 14:43:10 : ~~~~~~~~~~~~~~~ SEARCH CONDITIONS ~~~~~~~~~~~~~~~~
2015-08-04 14:43:10 : Meet: Gold and Elixir, TH Outside
2015-08-04 14:43:10 : ~~~~~~~~~~~~~~ RESOURCE CONDITIONS ~~~~~~~~~~~~~~~
2015-08-04 14:43:10 : Aim: [G]: 999999 [E]: 999999 [D]:    0 [T]: 0, Out, Out, Out, Out, Out, Out, Out, Out, Out, Out, Out, Out, Out, Out, Out, Out, Out, Out, Out, Out, Out, Out, Out, Out, Out, Out, Out, Out, Out, Out, Out, Out, Out, Out, Out, Out, Out, Out, Out, Out, Out, Out, Out, Out, Out, Out, Out, Out, Out, Out, Out, Out, Out, Out, Out, Out, Out, Out, Out, Out, Out, Out, Out, Out, Out, Out, Out, Out, Out, Out, Out, Out, Out, Out, Out, Out, Out, Out, Out, Out, Out, Out, Out, Out, Out, Out, Out, Out, Out, Out, Out, Out, Out, Out, Out, Out, Out, Out, Out, Out, Out, Out, Out, Out, Out, Out, Out, Out, Out, Out, Out, Out, Out, Out, Out, Out, Out, Out, Out, Out, Out, Out, Out, Out, Out, Out, Out, Out, Out, Out, Out, Out, Out, Out, Out, Out, Out, Out, Out, Out, Out, Out, Out, Out, Out, Out, Out, Out, Out, Out, Out, Out, Out, Out, Out, Out, Out, Out, Out, Out, Out, Out, Out, Out, Out, Out, Out, Out, Out, Out, Out, Out, Out, Out, Out, Out, Out, Out, Out, Out, Out, Out, Out, Out, Out, Out, Out, Out, Out, Out, Out, Out, Out, Out, Out, Out, Out, Out, Out, Out, Out, Out, Out, Out, Out, Out, Out, Out, Out, Out, Out, Out, Out, Out, Out, Out, Out, Out, Out, Out, Out, Out, Out, Out, Out, Out, Out, Out, Out, Out, Out, Out, Out, Out, Out, Out, Out, Out, Out, Out, Out, Out, Out, Out, Out, Out, Out, Out, Out, Out, Out, Out, Out, Out, Out, Out, Out, Out, Out, Out, Out, Out, Out, Out, Out, Out, Out, Out, Out, Out, Out, Out, Out, Out, Out, Out, Out, Out, Out, Out, Out, Out, Out, Out, Out, Out, Out, Out, Out, Out, Out, Out, Out, Out, Out, Out, Out, Out, Out, Out, Out, Out, Out, Out, Out, Out, Out, Out, Out, Out, Out, Out, Out, Out, Out, Out, Out, Out, Out, Out, Out, Out, Out, Out, Out, Out, Out, Out, Out, Out, Out, Out, Out, Out, Out, Out, Out, Out, Out, Out, Out, Out, Out, Out, Out, Out, Out, Out, Out, Out, Out, Out, Out, Out, Out, Out, Out, Out, Out, Out, Out, Out, Out, Out, Out, Out, Out, Out, Out, Out, Out, Out, Out, Out, Out, Out, Out, Out, Out, Out, Out, Out, Out, Out, Out, Out, Out, Out, Out, Out, Out, Out, Out, Out, Out, Out, Out, Out, Out, Out, Out, Out, Out, Out, Out, Out, Out, Out, Out, Out, Out, Out, Out, Out, Out, Out, Out, Out, Out, Out, Out, Out, Out, Out, Out, Out, Out, Out, Out, Out, Out, Out, Out, Out, Out, Out, Out, Out, Out, Out, Out, Out for: Dead Base
2015-08-04 14:43:10 : ~~~~~~~~~~~~~~~ ADVANCED SETTINGS ~~~~~~~~~~~~~~~~
2015-08-04 14:43:10 : THSnipe Combo, 1 Tile(s), 
2015-08-04 14:43:10 : ==================================================
2015-08-04 14:43:11 :  26> [G]:  14732 [E]:  70178 [D]:  543 [T]:15 [TH]: 7, In
2015-08-04 14:43:13 :  27> [G]:  14732 [E]:  70178 [D]:  543 [T]:15 [TH]: 7, In
2015-08-04 14:43:15 :  28> [G]:  14732 [E]:  70178 [D]:  543 [T]:15 [TH]: 7, In
2015-08-04 14:43:17 :  29> [G]:  14732 [E]:  70178 [D]:  543 [T]:15 [TH]: 7, In
2015-08-04 14:43:19 :  30> [G]:  14732 [E]:  70178 [D]:  543 [T]:15 [TH]: 7, In
2015-08-04 14:43:21 : Trying to locate Main Screen
2015-08-04 14:43:22 : Returning Home
2015-08-04 14:45:06 : Cannot return home.
2015-08-04 14:45:06 : Trying to locate Main Screen
2015-08-04 14:45:07 : Returning Home
2015-08-04 14:46:51 : Cannot return home.
2015-08-04 14:46:51 : Trying to locate Main Screen
2015-08-04 14:46:52 : Waiting for Main Screen
2015-08-04 14:47:04 : Main Screen Located
2015-08-04 14:47:04 : Waiting for Main Screen
2015-08-04 14:47:04 : Main Screen Located
2015-08-04 14:47:04 : Waiting for Main Screen
2015-08-04 14:47:04 : Main Screen Located
2015-08-04 14:47:04 : Cannot locate Next button, Restarting Bot...
2015-08-04 14:47:05 : Trying to locate Main Screen
2015-08-04 14:47:05 : Main Screen Located
2015-08-04 14:47:06 : Restarted after Out of Sync Error: Attack Now
2015-08-04 14:47:06 : Going to Attack...
2015-08-04 14:47:12 : ============== Searching For Dead Base ===============
2015-08-04 14:47:12 : ~~~~~~~~~~~~~~~ SEARCH CONDITIONS ~~~~~~~~~~~~~~~~
2015-08-04 14:47:12 : Meet: Gold and Elixir, TH Outside
2015-08-04 14:47:12 : ~~~~~~~~~~~~~~ RESOURCE CONDITIONS ~~~~~~~~~~~~~~~
2015-08-04 14:47:12 : Aim: [G]: 999999 [E]: 999999 [D]:    0 [T]: 0, Out, Out, Out, Out, Out, Out, Out, Out, Out, Out, Out, Out, Out, Out, Out, Out, Out, Out, Out, Out, Out, Out, Out, Out, Out, Out, Out, Out, Out, Out, Out, Out, Out, Out, Out, Out, Out, Out, Out, Out, Out, Out, Out, Out, Out, Out, Out, Out, Out, Out, Out, Out, Out, Out, Out, Out, Out, Out, Out, Out, Out, Out, Out, Out, Out, Out, Out, Out, Out, Out, Out, Out, Out, Out, Out, Out, Out, Out, Out, Out, Out, Out, Out, Out, Out, Out, Out, Out, Out, Out, Out, Out, Out, Out, Out, Out, Out, Out, Out, Out, Out, Out, Out, Out, Out, Out, Out, Out, Out, Out, Out, Out, Out, Out, Out, Out, Out, Out, Out, Out, Out, Out, Out, Out, Out, Out, Out, Out, Out, Out, Out, Out, Out, Out, Out, Out, Out, Out, Out, Out, Out, Out, Out, Out, Out, Out, Out, Out, Out, Out, Out, Out, Out, Out, Out, Out, Out, Out, Out, Out, Out, Out, Out, Out, Out, Out, Out, Out, Out, Out, Out, Out, Out, Out, Out, Out, Out, Out, Out, Out, Out, Out, Out, Out, Out, Out, Out, Out, Out, Out, Out, Out, Out, Out, Out, Out, Out, Out, Out, Out, Out, Out, Out, Out, Out, Out, Out, Out, Out, Out, Out, Out, Out, Out, Out, Out, Out, Out, Out, Out, Out, Out, Out, Out, Out, Out, Out, Out, Out, Out, Out, Out, Out, Out, Out, Out, Out, Out, Out, Out, Out, Out, Out, Out, Out, Out, Out, Out, Out, Out, Out, Out, Out, Out, Out, Out, Out, Out, Out, Out, Out, Out, Out, Out, Out, Out, Out, Out, Out, Out, Out, Out, Out, Out, Out, Out, Out, Out, Out, Out, Out, Out, Out, Out, Out, Out, Out, Out, Out, Out, Out, Out, Out, Out, Out, Out, Out, Out, Out, Out, Out, Out, Out, Out, Out, Out, Out, Out, Out, Out, Out, Out, Out, Out, Out, Out, Out, Out, Out, Out, Out, Out, Out, Out, Out, Out, Out, Out, Out, Out, Out, Out, Out, Out, Out, Out, Out, Out, Out, Out, Out, Out, Out, Out, Out, Out, Out, Out, Out, Out, Out, Out, Out, Out, Out, Out, Out, Out, Out, Out, Out, Out, Out, Out, Out, Out, Out, Out, Out, Out, Out, Out, Out, Out, Out, Out, Out, Out, Out, Out, Out, Out, Out, Out, Out, Out, Out, Out, Out, Out, Out, Out, Out, Out, Out, Out, Out, Out, Out, Out, Out, Out, Out, Out, Out, Out, Out, Out, Out, Out, Out, Out, Out, Out, Out, Out, Out, Out, Out, Out, Out, Out, Out, Out, Out, Out, Out, Out, Out, Out, Out, Out, Out, Out, Out, Out, Out, Out, Out, Out, Out, Out, Out for: Dead Base
2015-08-04 14:47:12 : ~~~~~~~~~~~~~~~ ADVANCED SETTINGS ~~~~~~~~~~~~~~~~
2015-08-04 14:47:12 : THSnipe Combo, 1 Tile(s), 
2015-08-04 14:47:12 : ==================================================
2015-08-04 14:47:13 :  31> [G]:        [E]:        [D]:  N/A [T]:   [TH]: 8, In
2015-08-04 14:47:16 :  32> [G]:        [E]:        [D]:  N/A [T]:   [TH]: 8, In
2015-08-04 14:47:18 :  33> [G]:        [E]:        [D]:  N/A [T]:   [TH]: 8, In
2015-08-04 14:47:20 :  34> [G]:        [E]:        [D]:  N/A [T]:   [TH]: 8, In
2015-08-04 14:47:22 :  35> [G]:        [E]:        [D]:  N/A [T]:   [TH]: 8, In
2015-08-04 14:47:24 : Trying to locate Main Screen
2015-08-04 14:47:24 : Main Screen Located
2015-08-04 14:47:24 : Have strange problem can not determine, Restarting Bot...
2015-08-04 14:47:25 : Trying to locate Main Screen
2015-08-04 14:47:26 : Main Screen Located
2015-08-04 14:47:26 : Restarted after Out of Sync Error: Attack Now
2015-08-04 14:47:26 : Going to Attack...
2015-08-04 14:47:32 : ============== Searching For Dead Base ===============
2015-08-04 14:47:32 : ~~~~~~~~~~~~~~~ SEARCH CONDITIONS ~~~~~~~~~~~~~~~~
2015-08-04 14:47:32 : Meet: Gold and Elixir, TH Outside
2015-08-04 14:47:32 : ~~~~~~~~~~~~~~ RESOURCE CONDITIONS ~~~~~~~~~~~~~~~
2015-08-04 14:47:32 : Aim: [G]: 999999 [E]: 999999 [D]:    0 [T]: 0, Out, Out, Out, Out, Out, Out, Out, Out, Out, Out, Out, Out, Out, Out, Out, Out, Out, Out, Out, Out, Out, Out, Out, Out, Out, Out, Out, Out, Out, Out, Out, Out, Out, Out, Out, Out, Out, Out, Out, Out, Out, Out, Out, Out, Out, Out, Out, Out, Out, Out, Out, Out, Out, Out, Out, Out, Out, Out, Out, Out, Out, Out, Out, Out, Out, Out, Out, Out, Out, Out, Out, Out, Out, Out, Out, Out, Out, Out, Out, Out, Out, Out, Out, Out, Out, Out, Out, Out, Out, Out, Out, Out, Out, Out, Out, Out, Out, Out, Out, Out, Out, Out, Out, Out, Out, Out, Out, Out, Out, Out, Out, Out, Out, Out, Out, Out, Out, Out, Out, Out, Out, Out, Out, Out, Out, Out, Out, Out, Out, Out, Out, Out, Out, Out, Out, Out, Out, Out, Out, Out, Out, Out, Out, Out, Out, Out, Out, Out, Out, Out, Out, Out, Out, Out, Out, Out, Out, Out, Out, Out, Out, Out, Out, Out, Out, Out, Out, Out, Out, Out, Out, Out, Out, Out, Out, Out, Out, Out, Out, Out, Out, Out, Out, Out, Out, Out, Out, Out, Out, Out, Out, Out, Out, Out, Out, Out, Out, Out, Out, Out, Out, Out, Out, Out, Out, Out, Out, Out, Out, Out, Out, Out, Out, Out, Out, Out, Out, Out, Out, Out, Out, Out, Out, Out, Out, Out, Out, Out, Out, Out, Out, Out, Out, Out, Out, Out, Out, Out, Out, Out, Out, Out, Out, Out, Out, Out, Out, Out, Out, Out, Out, Out, Out, Out, Out, Out, Out, Out, Out, Out, Out, Out, Out, Out, Out, Out, Out, Out, Out, Out, Out, Out, Out, Out, Out, Out, Out, Out, Out, Out, Out, Out, Out, Out, Out, Out, Out, Out, Out, Out, Out, Out, Out, Out, Out, Out, Out, Out, Out, Out, Out, Out, Out, Out, Out, Out, Out, Out, Out, Out, Out, Out, Out, Out, Out, Out, Out, Out, Out, Out, Out, Out, Out, Out, Out, Out, Out, Out, Out, Out, Out, Out, Out, Out, Out, Out, Out, Out, Out, Out, Out, Out, Out, Out, Out, Out, Out, Out, Out, Out, Out, Out, Out, Out, Out, Out, Out, Out, Out, Out, Out, Out, Out, Out, Out, Out, Out, Out, Out, Out, Out, Out, Out, Out, Out, Out, Out, Out, Out, Out, Out, Out, Out, Out, Out, Out, Out, Out, Out, Out, Out, Out, Out, Out, Out, Out, Out, Out, Out, Out, Out, Out, Out, Out, Out, Out, Out, Out, Out, Out, Out, Out, Out, Out, Out, Out, Out, Out, Out, Out, Out, Out, Out, Out, Out, Out, Out, Out, Out, Out, Out, Out, Out, Out, Out, Out, Out, Out, Out, Out, Out, Out, Out, Out for: Dead Base
2015-08-04 14:47:32 : ~~~~~~~~~~~~~~~ ADVANCED SETTINGS ~~~~~~~~~~~~~~~~
2015-08-04 14:47:32 : THSnipe Combo, 1 Tile(s), 
2015-08-04 14:47:32 : ==================================================
2015-08-04 14:47:33 :  36> [G]:  76946 [E]: 144171 [D]:  530 [T]:13 [TH]: 8, In
2015-08-04 14:47:35 :  37> [G]:  76946 [E]: 144171 [D]:  530 [T]:13 [TH]: 8, In
2015-08-04 14:47:38 :  38> [G]:  76946 [E]: 143912 [D]:  530 [T]:13 [TH]: 8, In
2015-08-04 14:47:40 :  39> [G]:  76946 [E]: 143912 [D]:  530 [T]:13 [TH]: 8, In
2015-08-04 14:47:42 :  40> [G]:  76946 [E]: 143912 [D]:  530 [T]:13 [TH]: 8, In
2015-08-04 14:47:44 :  41> [G]:  76946 [E]: 143912 [D]:  530 [T]:13 [TH]: 8, In
2015-08-04 14:47:46 :  42> [G]:  76946 [E]: 143912 [D]:  530 [T]:13 [TH]: 8, In
2015-08-04 14:47:48 : Trying to locate Main Screen
2015-08-04 14:47:50 : Returning Home
2015-08-04 14:47:55 : Waiting for Main Screen
2015-08-04 14:47:55 : Main Screen Located
2015-08-04 14:47:55 : Cannot locate Next button, Restarting Bot...
2015-08-04 14:47:56 : Trying to locate Main Screen
2015-08-04 14:47:56 : Main Screen Located
2015-08-04 14:47:56 : Restarted after Out of Sync Error: Attack Now
2015-08-04 14:47:57 : Going to Attack...
2015-08-04 14:48:03 : ============== Searching For Dead Base ===============
2015-08-04 14:48:03 : ~~~~~~~~~~~~~~~ SEARCH CONDITIONS ~~~~~~~~~~~~~~~~
2015-08-04 14:48:03 : Meet: Gold and Elixir, TH Outside
2015-08-04 14:48:03 : ~~~~~~~~~~~~~~ RESOURCE CONDITIONS ~~~~~~~~~~~~~~~
2015-08-04 14:48:03 : Aim: [G]: 999999 [E]: 999999 [D]:    0 [T]: 0, Out, Out, Out, Out, Out, Out, Out, Out, Out, Out, Out, Out, Out, Out, Out, Out, Out, Out, Out, Out, Out, Out, Out, Out, Out, Out, Out, Out, Out, Out, Out, Out, Out, Out, Out, Out, Out, Out, Out, Out, Out, Out, Out, Out, Out, Out, Out, Out, Out, Out, Out, Out, Out, Out, Out, Out, Out, Out, Out, Out, Out, Out, Out, Out, Out, Out, Out, Out, Out, Out, Out, Out, Out, Out, Out, Out, Out, Out, Out, Out, Out, Out, Out, Out, Out, Out, Out, Out, Out, Out, Out, Out, Out, Out, Out, Out, Out, Out, Out, Out, Out, Out, Out, Out, Out, Out, Out, Out, Out, Out, Out, Out, Out, Out, Out, Out, Out, Out, Out, Out, Out, Out, Out, Out, Out, Out, Out, Out, Out, Out, Out, Out, Out, Out, Out, Out, Out, Out, Out, Out, Out, Out, Out, Out, Out, Out, Out, Out, Out, Out, Out, Out, Out, Out, Out, Out, Out, Out, Out, Out, Out, Out, Out, Out, Out, Out, Out, Out, Out, Out, Out, Out, Out, Out, Out, Out, Out, Out, Out, Out, Out, Out, Out, Out, Out, Out, Out, Out, Out, Out, Out, Out, Out, Out, Out, Out, Out, Out, Out, Out, Out, Out, Out, Out, Out, Out, Out, Out, Out, Out, Out, Out, Out, Out, Out, Out, Out, Out, Out, Out, Out, Out, Out, Out, Out, Out, Out, Out, Out, Out, Out, Out, Out, Out, Out, Out, Out, Out, Out, Out, Out, Out, Out, Out, Out, Out, Out, Out, Out, Out, Out, Out, Out, Out, Out, Out, Out, Out, Out, Out, Out, Out, Out, Out, Out, Out, Out, Out, Out, Out, Out, Out, Out, Out, Out, Out, Out, Out, Out, Out, Out, Out, Out, Out, Out, Out, Out, Out, Out, Out, Out, Out, Out, Out, Out, Out, Out, Out, Out, Out, Out, Out, Out, Out, Out, Out, Out, Out, Out, Out, Out, Out, Out, Out, Out, Out, Out, Out, Out, Out, Out, Out, Out, Out, Out, Out, Out, Out, Out, Out, Out, Out, Out, Out, Out, Out, Out, Out, Out, Out, Out, Out, Out, Out, Out, Out, Out, Out, Out, Out, Out, Out, Out, Out, Out, Out, Out, Out, Out, Out, Out, Out, Out, Out, Out, Out, Out, Out, Out, Out, Out, Out, Out, Out, Out, Out, Out, Out, Out, Out, Out, Out, Out, Out, Out, Out, Out, Out, Out, Out, Out, Out, Out, Out, Out, Out, Out, Out, Out, Out, Out, Out, Out, Out, Out, Out, Out, Out, Out, Out, Out, Out, Out, Out, Out, Out, Out, Out, Out, Out, Out, Out, Out, Out, Out, Out, Out, Out, Out, Out, Out, Out, Out, Out, Out, Out, Out, Out, Out, Out, Out, Out, Out, Out, Out for: Dead Base
2015-08-04 14:48:03 : ~~~~~~~~~~~~~~~ ADVANCED SETTINGS ~~~~~~~~~~~~~~~~
2015-08-04 14:48:03 : THSnipe Combo, 1 Tile(s), 
2015-08-04 14:48:03 : ==================================================
2015-08-04 14:48:04 :  43> [G]:  48996 [E]:  91163 [D]:  N/A [T]:13 [TH]: 8, In
2015-08-04 14:48:08 :  44> [G]:  24060 [E]: 165069 [D]:  640 [T]:21 [TH]:10, In
2015-08-04 14:48:12 :  45> [G]:  44146 [E]:  36165 [D]:  225 [T]:18 [TH]: 8, In
2015-08-04 14:48:16 :  46> [G]:  76828 [E]:  82163 [D]: 1202 [T]:27 [TH]: 9, In
2015-08-04 14:48:18 :  47> [G]:  24509 [E]:  62401 [D]:   38 [T]:17 [TH]: 7, In
2015-08-04 14:48:24 :  48> [G]:  49265 [E]:  31967 [D]:   83 [T]:22 [TH]: 8, In
2015-08-04 14:48:30 :  49> [G]:  46482 [E]:  87481 [D]:  524 [T]:24 [TH]: -, -
2015-08-04 14:48:33 :  50> [G]:  45000 [E]:  23743 [D]:    0 [T]:24 [TH]: 7, In
2015-08-04 14:48:36 :  51> [G]: 179667 [E]: 154711 [D]:  968 [T]:24 [TH]: 8, In
2015-08-04 14:48:40 :  52> [G]:  45238 [E]:   1960 [D]:   49 [T]:19 [TH]:10, In
2015-08-04 14:48:42 :  53> [G]:  21473 [E]:  23327 [D]:  463 [T]:17 [TH]: 7, In
2015-08-04 14:48:49 :  54> [G]:  44381 [E]: 106813 [D]: 1455 [T]:20 [TH]: 9, In
2015-08-04 14:48:54 :  55> [G]:  95731 [E]:  47894 [D]:  411 [T]:14 [TH]: 7, In
2015-08-04 14:48:57 :  56> [G]: 120476 [E]:    933 [D]:  222 [T]:17 [TH]: 7, In
2015-08-04 14:49:00 :  57> [G]: 105837 [E]:  54321 [D]:    8 [T]:21 [TH]: 8, In
2015-08-04 14:49:03 :  58> [G]:  82301 [E]:  78598 [D]:    2 [T]:19 [TH]: 8, In
2015-08-04 14:49:06 :  59> [G]: 116419 [E]:  74259 [D]:  157 [T]:16 [TH]: 8, In
2015-08-04 14:49:09 :  60> [G]:  63112 [E]:  97948 [D]:  208 [T]:18 [TH]: 7, In
2015-08-04 14:49:16 :  61> [G]:  84370 [E]: 114547 [D]:  348 [T]:17 [TH]: 7, In
2015-08-04 14:49:19 :  62> [G]:  54250 [E]: 189073 [D]:  529 [T]:21 [TH]: 8, In
2015-08-04 14:49:22 :  63> [G]:  68671 [E]:  98429 [D]:  220 [T]:26 [TH]: 8, In
2015-08-04 14:49:26 :  64> [G]:  65804 [E]:  27480 [D]:  541 [T]:20 [TH]: 9, In
2015-08-04 14:49:29 :  65> [G]:  78001 [E]: 197148 [D]:  435 [T]:29 [TH]: 9, In
2015-08-04 14:49:32 :  66> [G]: 147236 [E]: 159234 [D]:    0 [T]:22 [TH]: 8, In
2015-08-04 14:49:36 :  67> [G]:  26807 [E]:  55171 [D]:  388 [T]:29 [TH]: 9, In
2015-08-04 14:49:40 :  68> [G]:  54486 [E]: 251173 [D]: 1753 [T]:32 [TH]: 9, Out
2015-08-04 14:49:40 : Inferno Tower found, but not near TH.
2015-08-04 14:49:40 : ~~~~~~~~~~~~~~~ TH Outside Found! ~~~~~~~~~~~~~~~~
2015-08-04 14:49:40 : ================ Search Complete =================
2015-08-04 14:49:40 : Initiating attack for: TH Snipe
2015-08-04 14:49:42 : -Barbarians 66
2015-08-04 14:49:42 : -Archers 134
2015-08-04 14:49:42 : -Clan Castle 
2015-08-04 14:49:42 : -King 
2015-08-04 14:49:42 : -Lightning Spells 3
2015-08-04 14:49:42 : -Poison Spells 1
2015-08-04 14:49:42 :  ====== Start Attack ====== 
2015-08-04 14:49:44 : Sending 1st wave of archers and Barbarians.
2015-08-04 14:49:44 : Dropping first wave of 10 Archers
2015-08-04 14:49:46 : Deployment of Archers Successful!
2015-08-04 14:49:48 : Dropping first wave of 10 Barbarians
2015-08-04 14:49:50 : Deployment of Barbarians Successful!
2015-08-04 14:50:05 : Townhall has been destroyed!
2015-08-04 14:50:08 : Checking if the battle has finished
2015-08-04 14:50:10 : detected [G]:  [E]:  [DE]:  |  Exit now 
2015-08-04 14:50:10 : Battle has finished
2015-08-04 14:50:10 : Returning Home
2015-08-04 14:50:14 : Loot: [G]: 1 000 [E]: 1 000 [DE]:  [T]: 10
2015-08-04 14:50:15 : Bonus [G]: 35 000 [E]: 35 000 [DE]: 100
2015-08-04 14:50:17 : Your league level is: Crystal III
2015-08-04 14:50:17 : Stars earned: 1
2015-08-04 14:50:24 : Trying to locate Main Screen
2015-08-04 14:50:24 : Main Screen Located
2015-08-04 14:50:25 : Collecting Resources
2015-08-04 14:50:35 : Checking if Village needs Rearming..
2015-08-04 14:50:43 : Village Report
2015-08-04 14:50:43 : No. of Free/Total Builders: 0/4
2015-08-04 14:50:43 :  [T]: 1 959
2015-08-04 14:50:43 :  [G]: 5 810 087 [E]: 5 967 592 [D]: 67 370 [GEM]: 953
2015-08-04 14:50:43 : Village Trophies detected Below Trophy Profile Switch Conditions
