2015-08-04 17:59:36 : ~ Clash Game Bot v4.1MODS Powered by GameBot.org ~
2015-08-04 17:59:36 : GameBot.org.exe Executable running on WIN_7  X64
2015-08-04 17:59:36 : =================== Bot Start ====================
2015-08-04 17:59:36 : -------------------------  Current Profile: 02 --------------------------
2015-08-04 17:59:36 : Trying to locate Main Screen
2015-08-04 17:59:38 : Zooming Out
2015-08-04 17:59:40 : Main Screen Located
2015-08-04 17:59:40 : Language setting is English: Correct.
2015-08-04 17:59:41 : Trying to locate Main Screen
2015-08-04 17:59:41 : Main Screen Located
2015-08-04 17:59:41 : Restarted after Out of Sync Error: Attack Now
2015-08-04 17:59:46 : Going to Attack...
2015-08-04 17:59:52 : ============== Searching For Dead Base ===============
2015-08-04 17:59:52 : ~~~~~~~~~~~~~~~ SEARCH CONDITIONS ~~~~~~~~~~~~~~~~
2015-08-04 17:59:52 : Meet: Gold and Elixir, TH Outside
2015-08-04 17:59:52 : ~~~~~~~~~~~~~~ RESOURCE CONDITIONS ~~~~~~~~~~~~~~~
2015-08-04 17:59:52 : Aim: [G]: 198000 [E]: 198000 [D]:    0 [T]: 0, Out, Out, Out, Out, Out, Out, Out, Out, Out, Out, Out, Out, Out, Out, Out, Out, Out, Out, Out, Out, Out, Out, Out, Out, Out, Out, Out, Out, Out, Out, Out, Out, Out, Out, Out, Out, Out, Out, Out, Out, Out, Out, Out, Out, Out, Out, Out, Out, Out, Out, Out, Out, Out, Out, Out, Out, Out, Out, Out, Out, Out, Out, Out, Out, Out, Out, Out, Out, Out, Out, Out, Out, Out, Out, Out, Out, Out, Out, Out, Out, Out, Out, Out, Out, Out, Out, Out, Out, Out, Out, Out, Out, Out, Out, Out, Out, Out, Out, Out, Out, Out, Out, Out, Out, Out, Out, Out, Out, Out, Out, Out, Out, Out, Out, Out, Out, Out, Out, Out, Out, Out, Out, Out, Out, Out, Out, Out, Out, Out, Out, Out, Out, Out, Out, Out, Out, Out, Out, Out, Out, Out, Out, Out, Out, Out, Out, Out, Out, Out, Out, Out, Out, Out, Out, Out, Out, Out, Out, Out, Out, Out, Out, Out, Out, Out, Out, Out, Out, Out, Out, Out, Out, Out, Out, Out, Out, Out, Out, Out, Out, Out, Out, Out, Out, Out, Out, Out, Out, Out, Out, Out, Out, Out, Out, Out, Out, Out, Out, Out, Out, Out, Out, Out, Out, Out, Out, Out, Out, Out, Out, Out, Out, Out, Out, Out, Out, Out, Out, Out, Out, Out, Out, Out, Out, Out, Out, Out, Out, Out, Out, Out, Out, Out, Out, Out, Out, Out, Out, Out, Out, Out, Out, Out, Out, Out, Out, Out, Out, Out, Out, Out, Out, Out, Out, Out, Out, Out, Out, Out, Out, Out, Out, Out, Out, Out, Out, Out, Out, Out, Out, Out, Out, Out, Out, Out, Out, Out, Out, Out, Out, Out, Out, Out, Out, Out, Out, Out, Out, Out, Out, Out, Out, Out, Out, Out, Out, Out, Out, Out, Out, Out, Out, Out, Out, Out, Out, Out, Out, Out, Out, Out, Out, Out, Out, Out, Out, Out, Out, Out, Out, Out, Out, Out, Out, Out, Out, Out, Out, Out, Out, Out, Out, Out, Out, Out, Out, Out, Out, Out, Out, Out, Out, Out, Out, Out, Out, Out, Out, Out, Out, Out, Out, Out, Out, Out, Out, Out, Out, Out, Out, Out, Out, Out, Out, Out, Out, Out, Out, Out, Out, Out, Out, Out, Out, Out, Out, Out, Out, Out, Out, Out, Out, Out, Out, Out, Out, Out, Out, Out, Out, Out, Out, Out, Out, Out, Out, Out, Out, Out, Out, Out, Out, Out, Out, Out, Out, Out, Out, Out, Out, Out, Out, Out, Out, Out, Out, Out, Out, Out, Out, Out, Out, Out, Out, Out, Out, Out, Out, Out, Out, Out, Out, Out, Out, Out, Out, Out, Out, Out, Out, Out, Out, Out, Out, Out, Out, Out, Out, Out, Out, Out, Out for: Dead Base
2015-08-04 17:59:52 : ~~~~~~~~~~~~~~~ ADVANCED SETTINGS ~~~~~~~~~~~~~~~~
2015-08-04 17:59:52 : THSnipe Combo, 1 Tile(s), 
2015-08-04 17:59:52 : ==================================================
2015-08-04 17:59:53 :  35> [G]:  94441 [E]:  17912 [D]:  552 [T]:13 [TH]: 8, In
2015-08-04 17:59:57 :  36> [G]: 301282 [E]:  82080 [D]:  492 [T]:18 [TH]: 9, In
2015-08-04 18:00:00 :  37> [G]:  27617 [E]: 283425 [D]:  660 [T]:22 [TH]: 9, In
2015-08-04 18:00:03 :  38> [G]: 107195 [E]: 103966 [D]:  257 [T]:25 [TH]: 8, In
2015-08-04 18:00:07 :  39> [G]: 277772 [E]: 211477 [D]:  845 [T]:26 [TH]: 9, In
2015-08-04 18:00:13 :  40> [G]:  31763 [E]:  10325 [D]:  599 [T]:27 [TH]: -, -
2015-08-04 18:00:14 : Another Device has connected, waiting 2 minutes 0 seconds
2015-08-04 18:02:16 : Waiting for Main Screen
2015-08-04 18:02:18 : Zooming Out
2015-08-04 18:02:22 : Trying to locate Main Screen
2015-08-04 18:02:22 : Main Screen Located
2015-08-04 18:02:22 : Restarted after Out of Sync Error: Attack Now
2015-08-04 18:02:23 : Going to Attack...
2015-08-04 18:02:29 : ============== Searching For Dead Base ===============
2015-08-04 18:02:29 : ~~~~~~~~~~~~~~~ SEARCH CONDITIONS ~~~~~~~~~~~~~~~~
2015-08-04 18:02:29 : Meet: Gold and Elixir, TH Outside
2015-08-04 18:02:29 : ~~~~~~~~~~~~~~ RESOURCE CONDITIONS ~~~~~~~~~~~~~~~
2015-08-04 18:02:29 : Aim: [G]: 198000 [E]: 198000 [D]:    0 [T]: 0, Out, Out, Out, Out, Out, Out, Out, Out, Out, Out, Out, Out, Out, Out, Out, Out, Out, Out, Out, Out, Out, Out, Out, Out, Out, Out, Out, Out, Out, Out, Out, Out, Out, Out, Out, Out, Out, Out, Out, Out, Out, Out, Out, Out, Out, Out, Out, Out, Out, Out, Out, Out, Out, Out, Out, Out, Out, Out, Out, Out, Out, Out, Out, Out, Out, Out, Out, Out, Out, Out, Out, Out, Out, Out, Out, Out, Out, Out, Out, Out, Out, Out, Out, Out, Out, Out, Out, Out, Out, Out, Out, Out, Out, Out, Out, Out, Out, Out, Out, Out, Out, Out, Out, Out, Out, Out, Out, Out, Out, Out, Out, Out, Out, Out, Out, Out, Out, Out, Out, Out, Out, Out, Out, Out, Out, Out, Out, Out, Out, Out, Out, Out, Out, Out, Out, Out, Out, Out, Out, Out, Out, Out, Out, Out, Out, Out, Out, Out, Out, Out, Out, Out, Out, Out, Out, Out, Out, Out, Out, Out, Out, Out, Out, Out, Out, Out, Out, Out, Out, Out, Out, Out, Out, Out, Out, Out, Out, Out, Out, Out, Out, Out, Out, Out, Out, Out, Out, Out, Out, Out, Out, Out, Out, Out, Out, Out, Out, Out, Out, Out, Out, Out, Out, Out, Out, Out, Out, Out, Out, Out, Out, Out, Out, Out, Out, Out, Out, Out, Out, Out, Out, Out, Out, Out, Out, Out, Out, Out, Out, Out, Out, Out, Out, Out, Out, Out, Out, Out, Out, Out, Out, Out, Out, Out, Out, Out, Out, Out, Out, Out, Out, Out, Out, Out, Out, Out, Out, Out, Out, Out, Out, Out, Out, Out, Out, Out, Out, Out, Out, Out, Out, Out, Out, Out, Out, Out, Out, Out, Out, Out, Out, Out, Out, Out, Out, Out, Out, Out, Out, Out, Out, Out, Out, Out, Out, Out, Out, Out, Out, Out, Out, Out, Out, Out, Out, Out, Out, Out, Out, Out, Out, Out, Out, Out, Out, Out, Out, Out, Out, Out, Out, Out, Out, Out, Out, Out, Out, Out, Out, Out, Out, Out, Out, Out, Out, Out, Out, Out, Out, Out, Out, Out, Out, Out, Out, Out, Out, Out, Out, Out, Out, Out, Out, Out, Out, Out, Out, Out, Out, Out, Out, Out, Out, Out, Out, Out, Out, Out, Out, Out, Out, Out, Out, Out, Out, Out, Out, Out, Out, Out, Out, Out, Out, Out, Out, Out, Out, Out, Out, Out, Out, Out, Out, Out, Out, Out, Out, Out, Out, Out, Out, Out, Out, Out, Out, Out, Out, Out, Out, Out, Out, Out, Out, Out, Out, Out, Out, Out, Out, Out, Out, Out, Out, Out, Out, Out, Out, Out, Out, Out, Out, Out, Out, Out, Out, Out, Out, Out, Out, Out, Out, Out, Out, Out, Out, Out, Out, Out, Out, Out, Out, Out, Out for: Dead Base
2015-08-04 18:02:29 : ~~~~~~~~~~~~~~~ ADVANCED SETTINGS ~~~~~~~~~~~~~~~~
2015-08-04 18:02:29 : THSnipe Combo, 1 Tile(s), 
2015-08-04 18:02:29 : ==================================================
2015-08-04 18:02:30 :  41> [G]:  14646 [E]:   6897 [D]:  160 [T]:14 [TH]: 7, In
2015-08-04 18:02:32 :  42> [G]:  14646 [E]:   6897 [D]:  160 [T]:14 [TH]: 7, In
2015-08-04 18:02:34 :  43> [G]:  19575 [E]:  19575 [D]:    0 [T]:16 [TH]: 7, In
2015-08-04 18:02:40 :  44> [G]:  53143 [E]:  48550 [D]:  189 [T]:26 [TH]: 8, In
2015-08-04 18:02:43 :  45> [G]:  50965 [E]: 221132 [D]:  637 [T]:15 [TH]: 7, In
2015-08-04 18:02:46 :  46> [G]:  21070 [E]:  24018 [D]:   89 [T]:13 [TH]: 7, In
2015-08-04 18:02:54 :  47> [G]:  84953 [E]:  99398 [D]:   90 [T]:16 [TH]: 8, In
