2015-08-18 10:58:07 :  Clash Game Bot v4.1.1-6 merge Powered by GameBot.org 
2015-08-18 10:58:07 : GameBot.org.exe Executable running on WIN_7 Service Pack 1 X64
2015-08-18 10:58:07 : =================== Bot Start ====================
2015-08-18 10:58:07 : -------------------------  Current Profile: 01 --------------------------
2015-08-18 10:58:08 : Trying to locate Main Screen
2015-08-18 10:58:08 : Zooming Out
2015-08-18 10:58:11 : Main Screen Located
2015-08-18 10:58:12 : Detecting your Buildings..
2015-08-18 10:58:20 : Language setting is English: Correct.
2015-08-18 10:58:21 : Trying to locate Main Screen
2015-08-18 10:58:21 : Main Screen Located
2015-08-18 10:58:23 : Village Report
2015-08-18 10:58:23 : No. of Free/Total Builders: 0/4
2015-08-18 10:58:23 :  [T]: 2 513
2015-08-18 10:58:23 :  [G]: 5 978 018 [E]: 4 915 182 [D]: 11 670 [GEM]: 17
2015-08-18 10:58:24 : Collecting Resources
2015-08-18 10:58:38 : Chat Request: witch pls
2015-08-18 10:58:38 : Witches Keyword found: witch
2015-08-18 10:58:41 : No Witches available to donate..
2015-08-18 10:58:43 : Checking Army Camp...
2015-08-18 10:58:45 : Total Army Camp capacity: 220/220
2015-08-18 10:58:48 :  - No. of Barbarians: 83
2015-08-18 10:58:48 :  - No. of Archers: 137
2015-08-18 10:58:48 : Barracks and Spell factory status: 
2015-08-18 10:58:48 : - Barracks detected: 4 | Available: 4 | Upgrading: 0
2015-08-18 10:58:48 : - Dark Barracks detected: 2 | Available: 2 | Upgrading: 0
2015-08-18 10:58:48 : - Spell factory detected: 1 | Available: 1 | Upgrading: 0
2015-08-18 10:58:48 : - Dark Spell factory detected: 1 | Available: 1 | Upgrading: 0
2015-08-18 10:58:49 : Training Troops...
2015-08-18 10:58:49 : Your Army Camps are now Full
2015-08-18 10:59:16 : Spell Factory not found...
2015-08-18 10:59:18 : 0
2015-08-18 10:59:20 : Requesting Clan Castle Troops
2015-08-18 10:59:32 : Request has already been made, or request window not available
2015-08-18 10:59:35 : Going to Attack...
2015-08-18 10:59:40 : ============== Searching For Dead Base ===============
2015-08-18 10:59:40 : ~~~~~~~~~~~~~~~ SEARCH CONDITIONS ~~~~~~~~~~~~~~~~
2015-08-18 10:59:40 : Meet: Gold and Elixir, Max TH 8
2015-08-18 10:59:40 : Meet One and Attack!
2015-08-18 10:59:40 : ~~~~~~~~~~~~~~ RESOURCE CONDITIONS ~~~~~~~~~~~~~~~
2015-08-18 10:59:40 : Aim: [G]: 999999 [E]: 999999 [D]:    0 [T]: 0 [TH]: 8 for: Dead Base
2015-08-18 10:59:40 : ============== Searching For Live Base ===============
2015-08-18 10:59:40 : ~~~~~~~~~~~~~~~ SEARCH CONDITIONS ~~~~~~~~~~~~~~~~
2015-08-18 10:59:40 : Meet: Gold and Elixir, Max TH 8
2015-08-18 10:59:40 : Meet One and Attack!
2015-08-18 10:59:41 : ~~~~~~~~~~~~~~ RESOURCE CONDITIONS ~~~~~~~~~~~~~~~
2015-08-18 10:59:41 : Aim: [G]: 999999 [E]: 999999 [D]:    0 [T]: 0 [TH]: 8 for: Live Base
2015-08-18 10:59:41 : ~~~~~~~~~~~~~~~ ADVANCED SETTINGS ~~~~~~~~~~~~~~~~
2015-08-18 10:59:41 : THSnipe Combo, 6 Tile(s), AttackTH, Attack6:PB6
2015-08-18 10:59:41 : ==================================================
2015-08-18 10:59:44 :   1> [G]:  10704 [E]:  29452 [D]:  142 [T]:26 [TH]:10, In
2015-08-18 10:59:48 :   2> [G]: 154416 [E]:  78231 [D]: 1485 [T]:18 [TH]: 9, In
2015-08-18 10:59:52 :   3> [G]:  15846 [E]:  71119 [D]: 1108 [T]:26 [TH]: 9, In
2015-08-18 10:59:56 :   4> [G]:  65207 [E]:  74261 [D]:  910 [T]:19 [TH]: 9, In
2015-08-18 11:00:02 :   5> [G]:  68242 [E]:  92544 [D]:  820 [T]:21 [TH]: 9, In
2015-08-18 11:00:05 :   6> [G]:  68242 [E]:  92544 [D]:  820 [T]:21 [TH]: 9, In
2015-08-18 11:00:09 :   7> [G]:  42670 [E]:  41781 [D]: 1374 [T]:33 [TH]: 9, In
2015-08-18 11:00:13 :   8> [G]:  58254 [E]:  51959 [D]:  847 [T]:26 [TH]: 9, In
2015-08-18 11:00:18 :   9> [G]:  23524 [E]:  24336 [D]:  860 [T]:15 [TH]:10, In
2015-08-18 11:00:22 :  10> [G]:  33562 [E]:  47033 [D]:  629 [T]:25 [TH]: 9, In
2015-08-18 11:00:27 :  11> [G]:  20741 [E]:  48275 [D]:  902 [T]:24 [TH]: 9, In
2015-08-18 11:00:32 :  12> [G]:  61359 [E]:  66637 [D]: 1051 [T]:20 [TH]: 9, In
2015-08-18 11:00:36 :  13> [G]:  27070 [E]: 121704 [D]:  139 [T]:34 [TH]: 9, In
2015-08-18 11:00:40 :  14> [G]:  14639 [E]:  17043 [D]:  510 [T]:31 [TH]: 9, In
2015-08-18 11:00:45 : Checking Trapped TH
2015-08-18 11:00:46 :  15> [G]: 241843 [E]: 266152 [D]: 1441 [T]:19 [TH]:10, Out
2015-08-18 11:00:46 : No major traps found near TH.
2015-08-18 11:00:46 : ~~~~~~~~~~~~~~~ TH Outside Found! ~~~~~~~~~~~~~~~~
2015-08-18 11:00:46 : ================ Search Complete =================
2015-08-18 11:00:46 : Initiating attack for: TH Snipe
2015-08-18 11:00:49 : -Barbarians 83
2015-08-18 11:00:49 : -Archers 137
2015-08-18 11:00:49 : -Heal Spells 3
2015-08-18 11:00:49 : -Poison Spells 3
2015-08-18 11:00:49 :  ====== Start Attack ====== 
2015-08-18 11:00:51 : Free meal
2015-08-18 11:00:51 : Dropping first wave of 5 Archers
2015-08-18 11:00:53 : Deployment of Archers Successful!
2015-08-18 11:00:54 : Dropping second wave of 15 Archers
2015-08-18 11:00:57 : Deployment of Archers Successful!
2015-08-18 11:01:23 : Fool me once shame on you, fool me twice shame on me
2015-08-18 11:01:23 : Dropping first wave of 5 Barbarians
2015-08-18 11:01:25 : Deployment of Barbarians Successful!
2015-08-18 11:01:26 : Dropping second wave of 15 Barbarians
2015-08-18 11:01:29 : Deployment of Barbarians Successful!
2015-08-18 11:01:29 : No  troop Found!!!
2015-08-18 11:01:29 : Dropping only wave of 15 Archers
2015-08-18 11:01:32 : Deployment of Archers Successful!
2015-08-18 11:01:33 : No  troop Found!!!
2015-08-18 11:01:44 : Townhall has been destroyed!
2015-08-18 11:01:47 : Checking if the battle has finished
2015-08-18 11:01:49 : detected [G]:  [E]:  [DE]:  |  Exit now 
2015-08-18 11:01:49 : Battle has finished
2015-08-18 11:01:49 : Returning Home
2015-08-18 11:01:53 : Loot: [G]: 1 000 [E]: 1 000 [DE]:  [T]: 6
2015-08-18 11:01:54 : Bonus [G]: 100 000 [E]: 100 000 [DE]: 500
2015-08-18 11:01:56 : Your league level is: Master III
2015-08-18 11:01:57 : Stars earned: 1
2015-08-18 11:02:04 : Trying to locate Main Screen
2015-08-18 11:02:04 : Main Screen Located
2015-08-18 11:02:06 : Village Report
2015-08-18 11:02:06 : No. of Free/Total Builders: 0/4
2015-08-18 11:02:06 :  [T]: 2 519
2015-08-18 11:02:06 :  [G]: 6 073 044 [E]: 5 002 994 [D]: 12 179 [GEM]: 17
2015-08-18 11:02:07 : Collecting Resources
2015-08-18 11:02:17 : Chat Request: any
2015-08-18 11:02:17 : Custom Donation Keyword found: any
2015-08-18 11:02:21 : No Giants available to donate..
2015-08-18 11:02:24 : No Minions available to donate..
2015-08-18 11:02:28 : No Archers available to donate..
2015-08-18 11:02:29 : Chat Request: bantay tnx
2015-08-18 11:02:29 : Custom Donation Keyword found: bantay
2015-08-18 11:02:33 : No Giants available to donate..
2015-08-18 11:02:36 : No Minions available to donate..
2015-08-18 11:02:40 : No Archers available to donate..
2015-08-18 11:02:42 : Chat Request: witch pls
2015-08-18 11:02:42 : Witches Keyword found: witch
2015-08-18 11:02:45 : No Witches available to donate..
2015-08-18 11:02:49 : Waiting for Main Screen
2015-08-18 11:02:50 : Trying to locate Main Screen
2015-08-18 11:02:50 : Main Screen Located
2015-08-18 11:02:52 : Village Report
2015-08-18 11:02:52 : No. of Free/Total Builders: 0/4
2015-08-18 11:02:52 :  [T]: 2 519
2015-08-18 11:02:52 :  [G]: 6 073 044 [E]: 5 002 994 [D]: 12 181 [GEM]: 17
2015-08-18 11:02:53 : Collecting Resources
2015-08-18 11:03:03 : Chat Request: bantay tnx
2015-08-18 11:03:03 : Custom Donation Keyword found: bantay
2015-08-18 11:03:06 : No Giants available to donate..
2015-08-18 11:03:10 : No Minions available to donate..
2015-08-18 11:03:10 : Donating 6 Archers
2015-08-18 11:03:13 : Checking Army Camp...
2015-08-18 11:03:15 : Total Army Camp capacity: 220/220
2015-08-18 11:03:16 :  - No. of Barbarians: 67
2015-08-18 11:03:16 :  - No. of Archers: 153
2015-08-18 11:03:16 : Training Troops...
2015-08-18 11:03:19 : some error occurred, cannot open barrack
2015-08-18 11:03:19 : Your Army Camps are now Full
2015-08-18 11:03:19 : Checking Army Camp...
2015-08-18 11:03:21 : Total Army Camp capacity: 220/220
2015-08-18 11:03:23 :  - No. of Barbarians: 67
2015-08-18 11:03:23 :  - No. of Archers: 153
2015-08-18 11:03:23 : Training Troops...
2015-08-18 11:03:24 : Your Army Camps are now Full
2015-08-18 11:03:51 : Spell Factory not found...
2015-08-18 11:03:53 : 0
2015-08-18 11:03:54 : Requesting Clan Castle Troops
2015-08-18 11:04:00 : Going to Attack...
2015-08-18 11:04:06 : ============== Searching For Dead Base ===============
2015-08-18 11:04:06 : ~~~~~~~~~~~~~~~ SEARCH CONDITIONS ~~~~~~~~~~~~~~~~
2015-08-18 11:04:06 : Meet: Gold and Elixir, Max TH 8
2015-08-18 11:04:06 : Meet One and Attack!
2015-08-18 11:04:06 : ~~~~~~~~~~~~~~ RESOURCE CONDITIONS ~~~~~~~~~~~~~~~
2015-08-18 11:04:06 : Aim: [G]: 999999 [E]: 999999 [D]:    0 [T]: 0 [TH]: 8 for: Dead Base
2015-08-18 11:04:06 : ============== Searching For Live Base ===============
2015-08-18 11:04:06 : ~~~~~~~~~~~~~~~ SEARCH CONDITIONS ~~~~~~~~~~~~~~~~
2015-08-18 11:04:06 : Meet: Gold and Elixir, Max TH 8
2015-08-18 11:04:06 : Meet One and Attack!
2015-08-18 11:04:06 : ~~~~~~~~~~~~~~ RESOURCE CONDITIONS ~~~~~~~~~~~~~~~
2015-08-18 11:04:06 : Aim: [G]: 999999 [E]: 999999 [D]:    0 [T]: 0 [TH]: 8 for: Live Base
2015-08-18 11:04:06 : ~~~~~~~~~~~~~~~ ADVANCED SETTINGS ~~~~~~~~~~~~~~~~
2015-08-18 11:04:06 : THSnipe Combo, 6 Tile(s), AttackTH, Attack6:PB6
2015-08-18 11:04:06 : ==================================================
2015-08-18 11:04:09 :   1> [G]:  37968 [E]: 226243 [D]: 1754 [T]:23 [TH]:10, In
2015-08-18 11:04:13 :   2> [G]: 185884 [E]:  13302 [D]:  612 [T]:32 [TH]: 9, In
2015-08-18 11:04:17 :   3> [G]:  63281 [E]: 153984 [D]: 1007 [T]:19 [TH]: 9, In
2015-08-18 11:04:21 :   4> [G]:  44930 [E]:  47547 [D]:  266 [T]:31 [TH]: 9, In
2015-08-18 11:04:26 :   5> [G]:  12055 [E]:  45062 [D]: 1154 [T]:24 [TH]: 9, In
2015-08-18 11:04:29 :   6> [G]:  12055 [E]:  45062 [D]: 1154 [T]:24 [TH]: 9, In
2015-08-18 11:04:33 :   7> [G]:  76919 [E]:  51815 [D]:  815 [T]:16 [TH]: 9, In
2015-08-18 11:04:40 :   8> [G]:  15571 [E]: 219118 [D]:  841 [T]:19 [TH]:10, In
2015-08-18 11:04:45 :   9> [G]:  36359 [E]:  26370 [D]: 1521 [T]:28 [TH]:10, In
2015-08-18 11:04:50 :  10> [G]:  57044 [E]: 181024 [D]: 1770 [T]:22 [TH]: 9, In
2015-08-18 11:04:54 : Checking Trapped TH
2015-08-18 11:04:56 :  11> [G]: 313750 [E]: 335306 [D]:  494 [T]:21 [TH]:10, Out
2015-08-18 11:04:56 : No major traps found near TH.
2015-08-18 11:04:56 : ~~~~~~~~~~~~~~~ TH Outside Found! ~~~~~~~~~~~~~~~~
2015-08-18 11:04:56 : ================ Search Complete =================
2015-08-18 11:04:56 : Initiating attack for: TH Snipe
2015-08-18 11:04:59 : -Barbarians 67
2015-08-18 11:04:59 : -Archers 153
2015-08-18 11:04:59 : -Heal Spells 3
2015-08-18 11:04:59 : -Poison Spells 3
2015-08-18 11:04:59 :  ====== Start Attack ====== 
2015-08-18 11:05:01 : Free meal
2015-08-18 11:05:01 : Dropping first wave of 5 Archers
2015-08-18 11:05:03 : Deployment of Archers Successful!
2015-08-18 11:05:04 : Dropping second wave of 10 Archers
2015-08-18 11:05:06 : Deployment of Archers Successful!
2015-08-18 11:05:30 : Townhall has been destroyed!
2015-08-18 11:05:33 : Checking if the battle has finished
2015-08-18 11:05:35 : detected [G]:  [E]:  [DE]:  |  Exit now 
2015-08-18 11:05:35 : Battle has finished
2015-08-18 11:05:35 : Returning Home
2015-08-18 11:05:39 : Loot: [G]: 1 000 [E]: 1 000 [DE]:  [T]: 7
2015-08-18 11:05:40 : Bonus [G]: 100 000 [E]: 100 000 [DE]: 500
2015-08-18 11:05:42 : Your league level is: Master III
2015-08-18 11:05:42 : Stars earned: 1
2015-08-18 11:05:50 : Trying to locate Main Screen
2015-08-18 11:05:50 : Main Screen Located
2015-08-18 11:05:51 : Village Report
2015-08-18 11:05:51 : No. of Free/Total Builders: 0/4
2015-08-18 11:05:51 :  [T]: 2 526
2015-08-18 11:05:52 :  [G]: 6 166 544 [E]: 5 095 054 [D]: 12 681 [GEM]: 17
2015-08-18 11:05:52 : Collecting Resources
2015-08-18 11:06:03 : Chat Request: any
2015-08-18 11:06:03 : Custom Donation Keyword found: any
2015-08-18 11:06:06 : No Giants available to donate..
2015-08-18 11:06:09 : No Minions available to donate..
2015-08-18 11:06:10 : Donating 6 Archers
2015-08-18 11:06:13 : Chat Request: witch pls
2015-08-18 11:06:13 : Witches Keyword found: witch
2015-08-18 11:06:16 : No Witches available to donate..
2015-08-18 11:06:18 : Checking Army Camp...
2015-08-18 11:06:20 : Total Army Camp capacity: 220/220
2015-08-18 11:06:21 :  - No. of Barbarians: 67
2015-08-18 11:06:21 :  - No. of Archers: 153
2015-08-18 11:06:22 : Training Troops...
2015-08-18 11:06:22 : Your Army Camps are now Full
2015-08-18 11:06:50 : Spell Factory not found...
2015-08-18 11:06:52 : 0
2015-08-18 11:06:54 : Requesting Clan Castle Troops
2015-08-18 11:06:57 : Cannot detect button request troops.
2015-08-18 11:06:59 : Going to Attack...
2015-08-18 11:07:04 : ============== Searching For Dead Base ===============
2015-08-18 11:07:04 : ~~~~~~~~~~~~~~~ SEARCH CONDITIONS ~~~~~~~~~~~~~~~~
2015-08-18 11:07:04 : Meet: Gold and Elixir, Max TH 8
2015-08-18 11:07:04 : Meet One and Attack!
2015-08-18 11:07:04 : ~~~~~~~~~~~~~~ RESOURCE CONDITIONS ~~~~~~~~~~~~~~~
2015-08-18 11:07:05 : Aim: [G]: 999999 [E]: 999999 [D]:    0 [T]: 0 [TH]: 8 for: Dead Base
2015-08-18 11:07:05 : ============== Searching For Live Base ===============
2015-08-18 11:07:05 : ~~~~~~~~~~~~~~~ SEARCH CONDITIONS ~~~~~~~~~~~~~~~~
2015-08-18 11:07:05 : Meet: Gold and Elixir, Max TH 8
2015-08-18 11:07:05 : Meet One and Attack!
2015-08-18 11:07:05 : ~~~~~~~~~~~~~~ RESOURCE CONDITIONS ~~~~~~~~~~~~~~~
2015-08-18 11:07:05 : Aim: [G]: 999999 [E]: 999999 [D]:    0 [T]: 0 [TH]: 8 for: Live Base
2015-08-18 11:07:05 : ~~~~~~~~~~~~~~~ ADVANCED SETTINGS ~~~~~~~~~~~~~~~~
2015-08-18 11:07:05 : THSnipe Combo, 6 Tile(s), AttackTH, Attack6:PB6
2015-08-18 11:07:05 : ==================================================
2015-08-18 11:07:07 : Checking Trapped TH
2015-08-18 11:07:08 :   1> [G]: 119087 [E]:  61371 [D]: 1304 [T]:14 [TH]: 9, Out
2015-08-18 11:07:08 : No major traps found near TH.
2015-08-18 11:07:09 : ~~~~~~~~~~~~~~~ TH Outside Found! ~~~~~~~~~~~~~~~~
2015-08-18 11:07:09 : ================ Search Complete =================
2015-08-18 11:07:09 : Initiating attack for: TH Snipe
2015-08-18 11:07:11 : -Barbarians 67
2015-08-18 11:07:11 : -Archers 153
2015-08-18 11:07:11 : -Clan Castle 
2015-08-18 11:07:11 : -Heal Spells 3
2015-08-18 11:07:11 : -Poison Spells 3
2015-08-18 11:07:11 :  ====== Start Attack ====== 
2015-08-18 11:07:13 : Free meal
2015-08-18 11:07:13 : Dropping first wave of 5 Archers
2015-08-18 11:07:15 : Deployment of Archers Successful!
2015-08-18 11:07:16 : Dropping second wave of 15 Archers
2015-08-18 11:07:19 : Deployment of Archers Successful!
2015-08-18 11:07:36 : Townhall has been destroyed!
2015-08-18 11:07:39 : Checking if the battle has finished
2015-08-18 11:07:41 : detected [G]:  [E]:  [DE]:  |  Exit now 
2015-08-18 11:07:41 : Battle has finished
2015-08-18 11:07:41 : Returning Home
2015-08-18 11:07:45 : Loot: [G]: 1 000 [E]: 1 135 [DE]:  [T]: 4
2015-08-18 11:07:46 : Bonus [G]: 100 000 [E]: 100 000 [DE]: 500
2015-08-18 11:07:48 : Your league level is: Master III
2015-08-18 11:07:48 : Stars earned: 1
2015-08-18 11:07:56 : Trying to locate Main Screen
2015-08-18 11:07:56 : Main Screen Located
2015-08-18 11:07:58 : Village Report
2015-08-18 11:07:58 : No. of Free/Total Builders: 0/4
2015-08-18 11:07:58 :  [T]: 2 530
2015-08-18 11:07:58 :  [G]: 6 266 794 [E]: 5 193 099 [D]: 13 183 [GEM]: 17
2015-08-18 11:07:59 : Collecting Resources
2015-08-18 11:08:10 : Chat Request: witch pls
2015-08-18 11:08:10 : Witches Keyword found: witch
2015-08-18 11:08:14 : No Witches available to donate..
2015-08-18 11:08:16 : Checking Army Camp...
2015-08-18 11:08:18 : Total Army Camp capacity: 217/220
2015-08-18 11:08:19 :  - No. of Barbarians: 67
2015-08-18 11:08:19 :  - No. of Archers: 150
2015-08-18 11:08:19 : Training Troops...
2015-08-18 11:08:26 : Spell Factory Full
2015-08-18 11:08:27 : 0
2015-08-18 11:08:29 : Requesting Clan Castle Troops
2015-08-18 11:08:30 : Your Clan Castle is already full or you are not in a clan.
2015-08-18 11:08:31 : ====== Waiting for full army ======
2015-08-18 11:08:43 : Checking Army Camp...
2015-08-18 11:08:45 : Total Army Camp capacity: 220/220
2015-08-18 11:08:46 :  - No. of Barbarians: 67
2015-08-18 11:08:46 :  - No. of Archers: 153
2015-08-18 11:08:47 : Training Troops...
2015-08-18 11:08:48 : Your Army Camps are now Full
2015-08-18 11:09:14 : Spell Factory not found...
2015-08-18 11:09:16 : Going to Attack...
2015-08-18 11:09:22 : ============== Searching For Dead Base ===============
2015-08-18 11:09:22 : ~~~~~~~~~~~~~~~ SEARCH CONDITIONS ~~~~~~~~~~~~~~~~
2015-08-18 11:09:22 : Meet: Gold and Elixir, Max TH 8
2015-08-18 11:09:22 : Meet One and Attack!
2015-08-18 11:09:22 : ~~~~~~~~~~~~~~ RESOURCE CONDITIONS ~~~~~~~~~~~~~~~
2015-08-18 11:09:22 : Aim: [G]: 999999 [E]: 999999 [D]:    0 [T]: 0 [TH]: 8 for: Dead Base
2015-08-18 11:09:22 : ============== Searching For Live Base ===============
2015-08-18 11:09:22 : ~~~~~~~~~~~~~~~ SEARCH CONDITIONS ~~~~~~~~~~~~~~~~
2015-08-18 11:09:22 : Meet: Gold and Elixir, Max TH 8
2015-08-18 11:09:22 : Meet One and Attack!
2015-08-18 11:09:22 : ~~~~~~~~~~~~~~ RESOURCE CONDITIONS ~~~~~~~~~~~~~~~
2015-08-18 11:09:22 : Aim: [G]: 999999 [E]: 999999 [D]:    0 [T]: 0 [TH]: 8 for: Live Base
2015-08-18 11:09:22 : ~~~~~~~~~~~~~~~ ADVANCED SETTINGS ~~~~~~~~~~~~~~~~
2015-08-18 11:09:22 : THSnipe Combo, 6 Tile(s), AttackTH, Attack6:PB6
2015-08-18 11:09:22 : ==================================================
2015-08-18 11:09:55 : Trying to locate Main Screen
2015-08-18 11:09:56 : Waiting for Main Screen
2015-08-18 11:09:59 : Main Screen Located
2015-08-18 11:09:59 : Cannot locate Next button, Restarting Bot...
2015-08-18 11:10:01 : Trying to locate Main Screen
2015-08-18 11:10:01 : Main Screen Located
2015-08-18 11:10:01 : Restarted after Out of Sync Error: Attack Now
2015-08-18 11:10:01 : Going to Attack...
2015-08-18 11:10:07 : ============== Searching For Dead Base ===============
2015-08-18 11:10:07 : ~~~~~~~~~~~~~~~ SEARCH CONDITIONS ~~~~~~~~~~~~~~~~
2015-08-18 11:10:07 : Meet: Gold and Elixir, Max TH 8
2015-08-18 11:10:07 : Meet One and Attack!
2015-08-18 11:10:07 : ~~~~~~~~~~~~~~ RESOURCE CONDITIONS ~~~~~~~~~~~~~~~
2015-08-18 11:10:07 : Aim: [G]: 999999 [E]: 999999 [D]:    0 [T]: 0 [TH]: 8 for: Dead Base
2015-08-18 11:10:07 : ============== Searching For Live Base ===============
2015-08-18 11:10:07 : ~~~~~~~~~~~~~~~ SEARCH CONDITIONS ~~~~~~~~~~~~~~~~
2015-08-18 11:10:07 : Meet: Gold and Elixir, Max TH 8
2015-08-18 11:10:07 : Meet One and Attack!
2015-08-18 11:10:07 : ~~~~~~~~~~~~~~ RESOURCE CONDITIONS ~~~~~~~~~~~~~~~
2015-08-18 11:10:07 : Aim: [G]: 999999 [E]: 999999 [D]:    0 [T]: 0 [TH]: 8 for: Live Base
2015-08-18 11:10:07 : ~~~~~~~~~~~~~~~ ADVANCED SETTINGS ~~~~~~~~~~~~~~~~
2015-08-18 11:10:07 : THSnipe Combo, 6 Tile(s), AttackTH, Attack6:PB6
2015-08-18 11:10:07 : ==================================================
2015-08-18 11:10:09 :   1> [G]: 118404 [E]:  90384 [D]:  967 [T]:33 [TH]:10, In
2015-08-18 11:10:13 :   2> [G]:  75784 [E]: 132902 [D]:  905 [T]:31 [TH]:10, In
2015-08-18 11:10:18 :   3> [G]:  32110 [E]:  31968 [D]:  632 [T]:13 [TH]:10, In
2015-08-18 11:10:22 :   4> [G]: 116343 [E]: 113990 [D]:  380 [T]:18 [TH]: 9, In
2015-08-18 11:10:27 :   5> [G]:  42241 [E]:  98452 [D]:  619 [T]:17 [TH]: 9, In
2015-08-18 11:10:34 :   6> [G]:  83776 [E]:  86646 [D]:  720 [T]:16 [TH]: 9, In
2015-08-18 11:10:40 :   7> [G]:  19879 [E]: 122766 [D]: 1940 [T]:27 [TH]:10, In
2015-08-18 11:10:46 :   8> [G]:  16558 [E]: 119844 [D]:  913 [T]:17 [TH]: 9, In
2015-08-18 11:10:50 :   9> [G]:  43274 [E]:  13888 [D]: 1284 [T]:21 [TH]: 9, In
2015-08-18 11:10:55 :  10> [G]:  90966 [E]: 261558 [D]:  695 [T]:30 [TH]:10, In
2015-08-18 11:10:59 :  11> [G]: 133281 [E]: 219881 [D]:  837 [T]:34 [TH]: 9, In
2015-08-18 11:11:08 :  12> [G]:  68323 [E]:  28572 [D]:  758 [T]:23 [TH]: 9, In
2015-08-18 11:11:13 :  13> [G]:  73776 [E]: 121287 [D]:  522 [T]:15 [TH]: 9, In
2015-08-18 11:11:18 :  14> [G]: 108522 [E]:  96666 [D]:  121 [T]:28 [TH]:10, In
2015-08-18 11:11:23 :  15> [G]: 129243 [E]: 183840 [D]: 1200 [T]:31 [TH]:10, In
2015-08-18 11:11:27 :  16> [G]:  30169 [E]: 142638 [D]: 1865 [T]:15 [TH]: 9, In
2015-08-18 11:11:31 :  17> [G]:  58271 [E]:  87250 [D]: 1302 [T]:16 [TH]:10, In
2015-08-18 11:11:35 :  18> [G]:  24284 [E]:  59977 [D]:  606 [T]:16 [TH]: 9, In
2015-08-18 11:11:40 :  19> [G]:  49598 [E]: 247674 [D]:  634 [T]:33 [TH]:10, In
2015-08-18 11:11:46 :  20> [G]: 111516 [E]:   6386 [D]: 2847 [T]:21 [TH]:10, In
2015-08-18 11:11:52 :  21> [G]:  40136 [E]:  31942 [D]:  689 [T]:33 [TH]:10, In
2015-08-18 11:11:56 :  22> [G]:  49384 [E]: 156005 [D]:  672 [T]:18 [TH]: 9, In
2015-08-18 11:12:00 :  23> [G]:  63978 [E]:  84729 [D]:  932 [T]:20 [TH]: 9, In
2015-08-18 11:12:06 :  24> [G]:  20317 [E]:  56975 [D]:  692 [T]:18 [TH]: 9, In
2015-08-18 11:12:10 :  25> [G]: 135223 [E]:  34281 [D]:  712 [T]:15 [TH]:10, In
2015-08-18 11:12:14 :  26> [G]:  38826 [E]:  60114 [D]:  516 [T]:28 [TH]: 9, In
2015-08-18 11:12:17 :  27> [G]:  12898 [E]:  89830 [D]:  882 [T]:20 [TH]: 9, In
2015-08-18 11:12:21 :  28> [G]:  24680 [E]:  92414 [D]:  616 [T]:28 [TH]: 9, In
2015-08-18 11:12:27 :  29> [G]:   1545 [E]: 281642 [D]: 2142 [T]:32 [TH]:10, In
2015-08-18 11:12:32 :  30> [G]:  56139 [E]:  74263 [D]: 2388 [T]:17 [TH]:10, In
2015-08-18 11:12:38 :  31> [G]:  20613 [E]:  38894 [D]:  430 [T]:26 [TH]:10, In
2015-08-18 11:12:42 :  32> [G]: 135331 [E]:  66023 [D]:  684 [T]:27 [TH]: 9, In
2015-08-18 11:12:46 :  33> [G]: 141526 [E]: 236576 [D]:  703 [T]:16 [TH]:10, In
2015-08-18 11:12:52 :  34> [G]:   7166 [E]:  23724 [D]:  989 [T]:30 [TH]:10, In
2015-08-18 11:12:56 :  35> [G]: 166050 [E]:  95694 [D]:  251 [T]:10 [TH]: 8, In
2015-08-18 11:12:56 : ~~~~~~~~~~~~~~~~ Live Base Found! ~~~~~~~~~~~~~~~~
2015-08-18 11:12:56 : ================ Search Complete =================
2015-08-18 11:12:57 : Initiating attack for: Live Base
2015-08-18 11:12:59 : -Barbarians 67
2015-08-18 11:12:59 : -Archers 153
2015-08-18 11:12:59 : -Clan Castle 
2015-08-18 11:12:59 : -Heal Spells 3
2015-08-18 11:12:59 : -Poison Spells 3
2015-08-18 11:12:59 :  ====== Start Attack ====== 
2015-08-18 11:13:01 : Attacking with four fingers
2015-08-18 11:13:02 : Dropping only wave of 67 Barbarians
2015-08-18 11:13:06 : Dropping only wave of 153 Archers
2015-08-18 11:13:14 : Dropping Clan Castle
2015-08-18 11:13:15 : Dropping left over troops
2015-08-18 11:13:15 : Checking remaining unused troops for: Live Base
2015-08-18 11:13:18 : -Clan Castle 
2015-08-18 11:13:18 : -Heal Spells 3
2015-08-18 11:13:18 : -Poison Spells 3
2015-08-18 11:13:27 : Checking remaining unused troops for: Live Base
2015-08-18 11:13:30 : -Clan Castle 
2015-08-18 11:13:30 : -Heal Spells 3
2015-08-18 11:13:30 : -Poison Spells 3
2015-08-18 11:13:38 : Finished Attacking, waiting for the battle to end
2015-08-18 11:13:38 : Checking if the battle has finished
2015-08-18 11:13:41 : detected [G]: 142592 [E]: 53281 [DE]: 221 |  Exit in 13 sec.
2015-08-18 11:13:43 : detected [G]: 142592 [E]: 53281 [DE]: 221 |  Exit in 11 sec.
2015-08-18 11:13:44 : detected [G]: 142592 [E]: 53281 [DE]: 221 |  Exit in  9 sec.
2015-08-18 11:13:46 : detected [G]: 142592 [E]: 53281 [DE]: 221 |  Exit in  8 sec.
2015-08-18 11:13:48 : detected [G]: 142592 [E]: 53281 [DE]: 221 |  Exit in  6 sec.
2015-08-18 11:13:50 : detected [G]: 142592 [E]: 53281 [DE]: 221 |  Exit in  4 sec.
2015-08-18 11:13:51 : detected [G]: 142592 [E]: 53281 [DE]: 221 |  Exit in  2 sec.
2015-08-18 11:13:53 : detected [G]: 142592 [E]: 53281 [DE]: 221 |  Exit in  1 sec.
2015-08-18 11:13:55 : detected [G]: 142592 [E]: 53281 [DE]: 221 |  Exit in  0 sec.
2015-08-18 11:13:55 : Gold & Elixir & DE no change detected, exit
2015-08-18 11:13:55 : Returning Home
2015-08-18 11:13:59 : Loot: [G]: 23 458 [E]: 42 413 [DE]: 30 [T]: -33
2015-08-18 11:13:59 : Stars earned: 0
2015-08-18 11:14:07 : Trying to locate Main Screen
2015-08-18 11:14:07 : Main Screen Located
2015-08-18 11:14:08 : Village Report
2015-08-18 11:14:08 : No. of Free/Total Builders: 0/4
2015-08-18 11:14:08 :  [T]: 2 497
2015-08-18 11:14:09 :  [G]: 6 264 002 [E]: 5 227 862 [D]: 13 215 [GEM]: 17
2015-08-18 11:14:09 : Collecting Resources
2015-08-18 11:14:23 : Chat Request: witch pls
2015-08-18 11:14:23 : Witches Keyword found: witch
2015-08-18 11:14:27 : No Witches available to donate..
2015-08-18 11:14:29 : Checking Army Camp...
2015-08-18 11:14:31 : Total Army Camp capacity: 44/220
2015-08-18 11:14:32 :  - No. of Archers: 44
2015-08-18 11:14:32 : Training Troops...
2015-08-18 11:14:41 : Spell Factory Full
2015-08-18 11:14:43 : 0
2015-08-18 11:14:44 : Requesting Clan Castle Troops
2015-08-18 11:14:45 : Your Clan Castle is already full or you are not in a clan.
2015-08-18 11:14:47 : ====== Waiting for full army ======
2015-08-18 11:14:58 : Checking Army Camp...
2015-08-18 11:15:00 : Total Army Camp capacity: 48/220
2015-08-18 11:15:01 :  - No. of Archers: 48
2015-08-18 11:15:02 : Training Troops...
2015-08-18 11:15:05 : some error occurred, cannot open barrack
2015-08-18 11:15:10 : Spell Factory Full
2015-08-18 11:15:12 : Time Idle: 00:00:25
2015-08-18 11:15:12 : ====== Waiting for full army ======
2015-08-18 11:15:24 : Checking Army Camp...
2015-08-18 11:15:35 : Army size read error, Troop numbers can't be trained correctly
2015-08-18 11:15:36 : Total Army Camp capacity: 0/220
2015-08-18 11:15:38 : Training Troops...
2015-08-18 11:15:48 : Spell Factory not found...
2015-08-18 11:15:50 : Time Idle: 00:01:03
2015-08-18 11:15:51 : ====== Waiting for full army ======
2015-08-18 11:16:02 : Checking Army Camp...
2015-08-18 11:16:04 : Total Army Camp capacity: 60/220
2015-08-18 11:16:05 :  - No. of Archers: 60
2015-08-18 11:16:06 : Training Troops...
2015-08-18 11:16:12 : Spell Factory Full
2015-08-18 11:16:14 : Time Idle: 00:01:27
2015-08-18 11:16:14 : ====== Waiting for full army ======
2015-08-18 11:16:26 : Checking Army Camp...
2015-08-18 11:16:28 : Total Army Camp capacity: 64/220
2015-08-18 11:16:29 :  - No. of Archers: 64
2015-08-18 11:16:30 : Training Troops...
2015-08-18 11:16:37 : Spell Factory Full
2015-08-18 11:16:39 : Time Idle: 00:01:51
2015-08-18 11:16:39 : ====== Waiting for full army ======
2015-08-18 11:16:51 : Checking Army Camp...
2015-08-18 11:16:52 : Total Army Camp capacity: 68/220
2015-08-18 11:16:54 :  - No. of Archers: 68
2015-08-18 11:16:54 : Training Troops...
2015-08-18 11:17:02 : Spell Factory Full
2015-08-18 11:17:04 : Time Idle: 00:02:16
2015-08-18 11:17:04 : ====== Waiting for full army ======
2015-08-18 11:17:16 : Checking Army Camp...
2015-08-18 11:17:18 : Total Army Camp capacity: 72/220
2015-08-18 11:17:19 :  - No. of Archers: 72
2015-08-18 11:17:19 : Training Troops...
2015-08-18 11:17:26 : Spell Factory Full
2015-08-18 11:17:28 : Time Idle: 00:02:39
2015-08-18 11:17:28 : ====== Waiting for full army ======
2015-08-18 11:17:40 : Checking Army Camp...
2015-08-18 11:17:41 : Total Army Camp capacity: 76/220
2015-08-18 11:17:43 :  - No. of Archers: 76
2015-08-18 11:17:43 : Training Troops...
2015-08-18 11:17:50 : Spell Factory Full
2015-08-18 11:17:52 : Time Idle: 00:03:03
2015-08-18 11:17:52 : ====== Waiting for full army ======
2015-08-18 11:17:53 : Chat Request: witch pls
2015-08-18 11:17:53 : Witches Keyword found: witch
2015-08-18 11:17:57 : No Witches available to donate..
2015-08-18 11:18:09 : Checking Army Camp...
2015-08-18 11:18:21 : Army size read error, Troop numbers can't be trained correctly
2015-08-18 11:18:21 : Total Army Camp capacity: 0/220
2015-08-18 11:18:24 : Training Troops...
2015-08-18 11:18:33 : Spell Factory not found...
2015-08-18 11:18:35 : Time Idle: 00:03:46
2015-08-18 11:18:36 : ====== Waiting for full army ======
2015-08-18 11:18:47 : Checking Army Camp...
2015-08-18 11:18:49 : Total Army Camp capacity: 84/220
2015-08-18 11:18:50 :  - No. of Archers: 88
2015-08-18 11:18:51 : Training Troops...
2015-08-18 11:18:57 : Spell Factory Full
2015-08-18 11:18:59 : Time Idle: 00:04:10
2015-08-18 11:18:59 : ====== Waiting for full army ======
2015-08-18 11:19:11 : Checking Army Camp...
2015-08-18 11:19:13 : Total Army Camp capacity: 88/220
2015-08-18 11:19:14 :  - No. of Archers: 88
2015-08-18 11:19:15 : Training Troops...
2015-08-18 11:19:18 : Training Overview Window didn't open
2015-08-18 11:19:19 : Time Idle: 00:04:29
2015-08-18 11:19:19 : ====== Waiting for full army ======
2015-08-18 11:19:31 : Collecting Resources
2015-08-18 11:19:37 : Checking Army Camp...
2015-08-18 11:19:39 : Total Army Camp capacity: 92/220
2015-08-18 11:19:40 :  - No. of Archers: 92
2015-08-18 11:19:41 : Training Troops...
2015-08-18 11:19:47 : Spell Factory Full
2015-08-18 11:19:49 : Time Idle: 00:04:59
2015-08-18 11:19:49 : ====== Waiting for full army ======
2015-08-18 11:20:01 : Checking Army Camp...
2015-08-18 11:20:03 : Total Army Camp capacity: 96/220
2015-08-18 11:20:04 :  - No. of Archers: 96
2015-08-18 11:20:04 : Training Troops...
2015-08-18 11:20:12 : Spell Factory Full
2015-08-18 11:20:14 : Time Idle: 00:05:24
2015-08-18 11:20:14 : ====== Waiting for full army ======
2015-08-18 11:20:26 : Checking Army Camp...
2015-08-18 11:20:28 : Total Army Camp capacity: 101/220
2015-08-18 11:20:29 :  - No. of Barbarians: 1
2015-08-18 11:20:29 :  - No. of Archers: 100
2015-08-18 11:20:30 : Training Troops...
2015-08-18 11:20:38 : Spell Factory Full
2015-08-18 11:20:40 : Time Idle: 00:05:50
2015-08-18 11:20:41 : ====== Waiting for full army ======
2015-08-18 11:20:42 : Chat Request: witch pls
2015-08-18 11:20:42 : Witches Keyword found: witch
2015-08-18 11:20:45 : No Witches available to donate..
2015-08-18 11:20:58 : Checking Army Camp...
2015-08-18 11:21:00 : Total Army Camp capacity: 108/220
2015-08-18 11:21:01 :  - No. of Barbarians: 4
2015-08-18 11:21:01 :  - No. of Archers: 104
2015-08-18 11:21:02 : Training Troops...
2015-08-18 11:21:11 : Spell Factory Full
2015-08-18 11:21:14 : Time Idle: 00:06:23
2015-08-18 11:21:14 : ====== Waiting for full army ======
2015-08-18 11:21:26 : Checking Army Camp...
2015-08-18 11:21:27 : Total Army Camp capacity: 113/220
2015-08-18 11:21:29 :  - No. of Barbarians: 9
2015-08-18 11:21:29 :  - No. of Archers: 104
2015-08-18 11:21:29 : Training Troops...
2015-08-18 11:21:39 : Spell Factory Full
2015-08-18 11:21:41 : Time Idle: 00:06:50
2015-08-18 11:21:41 : ====== Waiting for full army ======
2015-08-18 11:21:42 : Chat Request: any tia
2015-08-18 11:21:42 : Custom Donation Keyword found: any
2015-08-18 11:21:46 : No Giants available to donate..
2015-08-18 11:21:49 : No Minions available to donate..
2015-08-18 11:21:50 : Donating 6 Archers
2015-08-18 11:21:52 : Chat Request: witch pls
2015-08-18 11:21:52 : Witches Keyword found: witch
2015-08-18 11:21:55 : No Witches available to donate..
2015-08-18 11:22:08 : Checking Army Camp...
2015-08-18 11:22:09 : Total Army Camp capacity: 117/220
2015-08-18 11:22:11 :  - No. of Barbarians: 19
2015-08-18 11:22:11 :  - No. of Archers: 98
2015-08-18 11:22:11 : Training Troops...
2015-08-18 11:22:20 : Spell Factory Full
2015-08-18 11:22:22 : Time Idle: 00:07:31
2015-08-18 11:22:23 : ====== Waiting for full army ======
2015-08-18 11:22:27 : ClashGameBot was Paused!
2015-08-18 11:23:43 : ClashGameBot was Resumed.
2015-08-18 11:23:49 : Checking Army Camp...
2015-08-18 11:23:51 : Total Army Camp capacity: 135/220
2015-08-18 11:23:52 :  - No. of Barbarians: 37
2015-08-18 11:23:52 :  - No. of Archers: 98
2015-08-18 11:23:53 : Training Troops...
2015-08-18 11:23:59 : Spell Factory Full
2015-08-18 11:24:00 : ClashGameBot was Paused!
2015-08-18 11:24:23 : ClashGameBot was Resumed.
2015-08-18 11:24:23 : Zooming Out
2015-08-18 11:24:27 : Time Idle: 00:09:36
2015-08-18 11:24:27 : ====== Waiting for full army ======
2015-08-18 11:24:39 : Checking Army Camp...
2015-08-18 11:24:41 : Total Army Camp capacity: 146/220
2015-08-18 11:24:42 :  - No. of Barbarians: 48
2015-08-18 11:24:42 :  - No. of Archers: 98
2015-08-18 11:24:43 : Training Troops...
2015-08-18 11:24:49 : Spell Factory Full
2015-08-18 11:24:50 : ClashGameBot was Paused!
2015-08-18 11:25:00 : ClashGameBot was Resumed.
2015-08-18 11:25:02 : Time Idle: 00:10:10
2015-08-18 11:25:02 : ====== Waiting for full army ======
2015-08-18 11:25:14 : Checking Army Camp...
2015-08-18 11:25:16 : Total Army Camp capacity: 153/220
2015-08-18 11:25:17 :  - No. of Barbarians: 55
2015-08-18 11:25:17 :  - No. of Archers: 98
2015-08-18 11:25:17 : Training Troops...
2015-08-18 11:25:24 : Spell Factory Full
2015-08-18 11:25:26 : Time Idle: 00:10:34
2015-08-18 11:25:26 : ====== Waiting for full army ======
2015-08-18 11:25:28 : Chat Request: any
2015-08-18 11:25:28 : Custom Donation Keyword found: any
2015-08-18 11:25:31 : No Giants available to donate..
2015-08-18 11:25:34 : No Minions available to donate..
2015-08-18 11:25:35 : Donating 6 Archers
2015-08-18 11:25:37 : Chat Request: witch pls
2015-08-18 11:25:37 : Witches Keyword found: witch
2015-08-18 11:25:40 : No Witches available to donate..
2015-08-18 11:25:52 : Checking Army Camp...
2015-08-18 11:25:54 : Total Army Camp capacity: 155/220
2015-08-18 11:25:55 :  - No. of Barbarians: 63
2015-08-18 11:25:56 :  - No. of Archers: 92
2015-08-18 11:25:56 : Training Troops...
2015-08-18 11:26:03 : Spell Factory Full
2015-08-18 11:26:05 : Time Idle: 00:11:13
2015-08-18 11:26:05 : ====== Waiting for full army ======
2015-08-18 11:26:17 : Checking Army Camp...
2015-08-18 11:26:19 : Total Army Camp capacity: 160/220
2015-08-18 11:26:20 :  - No. of Barbarians: 68
2015-08-18 11:26:20 :  - No. of Archers: 92
2015-08-18 11:26:21 : Training Troops...
2015-08-18 11:26:27 : Spell Factory Full
2015-08-18 11:26:29 : Time Idle: 00:11:37
2015-08-18 11:26:29 : ====== Waiting for full army ======
2015-08-18 11:26:41 : Collecting Resources
2015-08-18 11:26:50 : Checking Army Camp...
2015-08-18 11:26:52 : Total Army Camp capacity: 167/220
2015-08-18 11:26:53 :  - No. of Barbarians: 75
2015-08-18 11:26:53 :  - No. of Archers: 92
2015-08-18 11:26:54 : Training Troops...
2015-08-18 11:27:00 : Spell Factory Full
2015-08-18 11:27:02 : Time Idle: 00:12:10
2015-08-18 11:27:03 : ====== Waiting for full army ======
2015-08-18 11:27:14 : Checking Army Camp...
2015-08-18 11:27:16 : Total Army Camp capacity: 171/220
2015-08-18 11:27:17 :  - No. of Barbarians: 80
2015-08-18 11:27:18 :  - No. of Archers: 92
2015-08-18 11:27:18 : Training Troops...
2015-08-18 11:27:25 : Spell Factory Full
2015-08-18 11:27:27 : Time Idle: 00:12:34
2015-08-18 11:27:27 : ====== Waiting for full army ======
2015-08-18 11:27:39 : Checking Army Camp...
2015-08-18 11:27:41 : Total Army Camp capacity: 176/220
2015-08-18 11:27:42 :  - No. of Barbarians: 84
2015-08-18 11:27:42 :  - No. of Archers: 92
2015-08-18 11:27:43 : Training Troops...
2015-08-18 11:27:49 : Spell Factory Full
2015-08-18 11:27:51 : Time Idle: 00:12:58
2015-08-18 11:27:51 : ====== Waiting for full army ======
2015-08-18 11:28:03 : Checking Army Camp...
2015-08-18 11:28:05 : Total Army Camp capacity: 180/220
2015-08-18 11:28:06 :  - No. of Barbarians: 88
2015-08-18 11:28:06 :  - No. of Archers: 92
2015-08-18 11:28:07 : Training Troops...
2015-08-18 11:28:13 : Spell Factory Full
2015-08-18 11:28:15 : Time Idle: 00:13:22
2015-08-18 11:28:15 : ====== Waiting for full army ======
2015-08-18 11:28:27 : Checking Army Camp...
2015-08-18 11:28:29 : Total Army Camp capacity: 185/220
2015-08-18 11:28:30 :  - No. of Barbarians: 93
2015-08-18 11:28:30 :  - No. of Archers: 92
2015-08-18 11:28:31 : Training Troops...
2015-08-18 11:28:37 : Spell Factory Full
2015-08-18 11:28:39 : Time Idle: 00:13:46
2015-08-18 11:28:39 : ====== Waiting for full army ======
2015-08-18 11:28:51 : Checking Army Camp...
2015-08-18 11:28:53 : Total Army Camp capacity: 191/220
2015-08-18 11:28:54 :  - No. of Barbarians: 99
2015-08-18 11:28:54 :  - No. of Archers: 92
2015-08-18 11:28:55 : Training Troops...
2015-08-18 11:29:02 : Spell Factory Full
2015-08-18 11:29:04 : Time Idle: 00:14:10
2015-08-18 11:29:04 : ====== Waiting for full army ======
2015-08-18 11:29:16 : Checking Army Camp...
2015-08-18 11:29:17 : Total Army Camp capacity: 196/220
2015-08-18 11:29:19 :  - No. of Barbarians: 103
2015-08-18 11:29:19 :  - No. of Archers: 93
2015-08-18 11:29:19 : Training Troops...
2015-08-18 11:29:26 : Spell Factory Full
2015-08-18 11:29:28 : Time Idle: 00:14:34
2015-08-18 11:29:28 : ====== Waiting for full army ======
2015-08-18 11:29:40 : Checking Army Camp...
2015-08-18 11:29:42 : Total Army Camp capacity: 200/220
2015-08-18 11:29:43 :  - No. of Barbarians: 106
2015-08-18 11:29:43 :  - No. of Archers: 94
2015-08-18 11:29:44 : Training Troops...
2015-08-18 11:29:51 : Spell Factory Full
2015-08-18 11:29:53 : Time Idle: 00:14:59
2015-08-18 11:29:54 : ====== Waiting for full army ======
2015-08-18 11:30:05 : Checking Army Camp...
2015-08-18 11:30:07 : Total Army Camp capacity: 203/220
2015-08-18 11:30:08 :  - No. of Barbarians: 109
2015-08-18 11:30:09 :  - No. of Archers: 94
2015-08-18 11:30:09 : Training Troops...
2015-08-18 11:30:17 : Spell Factory Full
2015-08-18 11:30:19 : Time Idle: 00:15:24
2015-08-18 11:30:19 : ====== Waiting for full army ======
2015-08-18 11:30:31 : Checking Army Camp...
2015-08-18 11:30:33 : Total Army Camp capacity: 207/220
2015-08-18 11:30:34 :  - No. of Barbarians: 110
2015-08-18 11:30:34 :  - No. of Archers: 97
2015-08-18 11:30:35 : Training Troops...
2015-08-18 11:30:44 : Spell Factory Full
2015-08-18 11:30:46 : Time Idle: 00:15:51
2015-08-18 11:30:46 : ====== Waiting for full army ======
2015-08-18 11:30:58 : Checking Army Camp...
2015-08-18 11:31:00 : Total Army Camp capacity: 211/220
2015-08-18 11:31:01 :  - No. of Barbarians: 110
2015-08-18 11:31:01 :  - No. of Archers: 101
2015-08-18 11:31:02 : Training Troops...
2015-08-18 11:31:12 : Spell Factory Full
2015-08-18 11:31:14 : Time Idle: 00:16:19
2015-08-18 11:31:14 : ====== Waiting for full army ======
2015-08-18 11:31:16 : Chat Request: pekka
2015-08-18 11:31:16 : Pekkas Keyword found: pekka
2015-08-18 11:31:19 : No Pekkas available to donate..
2015-08-18 11:31:21 : Chat Request: witch pls
2015-08-18 11:31:21 : Witches Keyword found: witch
2015-08-18 11:31:24 : No Witches available to donate..
2015-08-18 11:31:36 : Collecting Resources
2015-08-18 11:31:42 : Checking Army Camp...
2015-08-18 11:31:44 : Total Army Camp capacity: 212/220
2015-08-18 11:31:45 :  - No. of Barbarians: 110
2015-08-18 11:31:45 :  - No. of Archers: 102
2015-08-18 11:31:46 : Training Troops...
2015-08-18 11:31:58 : Checking Army Camp...
2015-08-18 11:32:00 : Total Army Camp capacity: 212/220
2015-08-18 11:32:01 :  - No. of Barbarians: 110
2015-08-18 11:32:01 :  - No. of Archers: 102
2015-08-18 11:32:02 : Training Troops...
2015-08-18 11:32:12 : Spell Factory Full
2015-08-18 11:32:14 : Time Idle: 00:17:18
2015-08-18 11:32:14 : ====== Waiting for full army ======
2015-08-18 11:32:26 : Checking Army Camp...
2015-08-18 11:32:28 : Total Army Camp capacity: 215/220
2015-08-18 11:32:29 :  - No. of Barbarians: 110
2015-08-18 11:32:29 :  - No. of Archers: 105
2015-08-18 11:32:30 : Training Troops...
2015-08-18 11:32:37 : Spell Factory Full
2015-08-18 11:32:39 : Time Idle: 00:17:44
2015-08-18 11:32:40 : ====== Waiting for full army ======
2015-08-18 11:32:52 : Checking Army Camp...
2015-08-18 11:32:53 : Total Army Camp capacity: 219/220
2015-08-18 11:32:55 :  - No. of Barbarians: 110
2015-08-18 11:32:55 :  - No. of Archers: 109
2015-08-18 11:32:55 : Training Troops...
2015-08-18 11:32:56 : Your Army Camps are now Full
2015-08-18 11:33:22 : Spell Factory not found...
2015-08-18 11:33:23 : Going to Attack...
2015-08-18 11:33:29 : ============== Searching For Dead Base ===============
2015-08-18 11:33:29 : ~~~~~~~~~~~~~~~ SEARCH CONDITIONS ~~~~~~~~~~~~~~~~
2015-08-18 11:33:29 : Meet: Gold and Elixir, Max TH 8
2015-08-18 11:33:29 : Meet One and Attack!
2015-08-18 11:33:29 : ~~~~~~~~~~~~~~ RESOURCE CONDITIONS ~~~~~~~~~~~~~~~
2015-08-18 11:33:29 : Aim: [G]: 999999 [E]: 999999 [D]:    0 [T]: 0 [TH]: 8 for: Dead Base
2015-08-18 11:33:29 : ============== Searching For Live Base ===============
2015-08-18 11:33:29 : ~~~~~~~~~~~~~~~ SEARCH CONDITIONS ~~~~~~~~~~~~~~~~
2015-08-18 11:33:29 : Meet: Gold and Elixir, Max TH 8
2015-08-18 11:33:29 : Meet One and Attack!
2015-08-18 11:33:29 : ~~~~~~~~~~~~~~ RESOURCE CONDITIONS ~~~~~~~~~~~~~~~
2015-08-18 11:33:29 : Aim: [G]: 999999 [E]: 999999 [D]:    0 [T]: 0 [TH]: 8 for: Live Base
2015-08-18 11:33:29 : ~~~~~~~~~~~~~~~ ADVANCED SETTINGS ~~~~~~~~~~~~~~~~
2015-08-18 11:33:29 : THSnipe Combo, 6 Tile(s), AttackTH, Attack6:PB6
2015-08-18 11:33:29 : ==================================================
2015-08-18 11:33:32 :   1> [G]:  97222 [E]: 102480 [D]: 1117 [T]:14 [TH]: 9, In
2015-08-18 11:33:37 :   2> [G]: 132138 [E]: 113442 [D]:  808 [T]:18 [TH]: 9, In
2015-08-18 11:33:41 :   3> [G]:  13295 [E]:  10865 [D]:  809 [T]:24 [TH]: 9, In
2015-08-18 11:33:45 :   4> [G]:  77691 [E]:  80563 [D]:  251 [T]:13 [TH]: 9, In
2015-08-18 11:33:50 :   5> [G]:  56988 [E]: 287856 [D]: 1421 [T]:22 [TH]: 9, In
2015-08-18 11:33:56 :   6> [G]:  64122 [E]: 156898 [D]: 1155 [T]:28 [TH]: 9, In
2015-08-18 11:34:00 :   7> [G]:  87417 [E]: 131799 [D]:  311 [T]:25 [TH]: 9, In
2015-08-18 11:34:05 :   8> [G]: 210780 [E]: 159840 [D]: 1967 [T]:19 [TH]:10, In
2015-08-18 11:34:09 :   9> [G]:  34711 [E]:  67843 [D]:  893 [T]:26 [TH]: 9, In
2015-08-18 11:34:14 :  10> [G]: 138500 [E]: 110797 [D]: 1908 [T]:16 [TH]: 9, In
2015-08-18 11:34:19 :  11> [G]:  86549 [E]:  63152 [D]:  503 [T]:32 [TH]:10, In
2015-08-18 11:34:23 :  12> [G]: 107244 [E]: 168188 [D]:  379 [T]:26 [TH]: 9, In
2015-08-18 11:34:27 :  13> [G]:  51527 [E]:  99462 [D]: 1096 [T]:30 [TH]: 9, In
2015-08-18 11:34:32 : Checking Trapped TH
2015-08-18 11:34:33 :  14> [G]: 223655 [E]: 351371 [D]: 1005 [T]:29 [TH]: 9, Out
2015-08-18 11:34:33 : No major traps found near TH.
2015-08-18 11:34:33 : ~~~~~~~~~~~~~~~ TH Outside Found! ~~~~~~~~~~~~~~~~
2015-08-18 11:34:33 : ================ Search Complete =================
2015-08-18 11:34:33 : Initiating attack for: TH Snipe
2015-08-18 11:34:36 : -Barbarians 110
2015-08-18 11:34:36 : -Archers 110
2015-08-18 11:34:36 : -Clan Castle 
2015-08-18 11:34:36 : -Heal Spells 3
2015-08-18 11:34:36 : -Poison Spells 3
2015-08-18 11:34:36 :  ====== Start Attack ====== 
2015-08-18 11:34:38 : Free meal
2015-08-18 11:34:38 : Dropping first wave of 5 Archers
2015-08-18 11:34:40 : Deployment of Archers Successful!
2015-08-18 11:34:41 : Dropping second wave of 10 Archers
2015-08-18 11:34:43 : Deployment of Archers Successful!
2015-08-18 11:35:09 : Fool me once shame on you, fool me twice shame on me
2015-08-18 11:35:09 : Dropping first wave of 5 Barbarians
2015-08-18 11:35:11 : Deployment of Barbarians Successful!
2015-08-18 11:35:12 : Dropping second wave of 10 Barbarians
2015-08-18 11:35:14 : Deployment of Barbarians Successful!
2015-08-18 11:35:15 : No  troop Found!!!
2015-08-18 11:35:15 : Dropping only wave of 15 Archers
2015-08-18 11:35:17 : Deployment of Archers Successful!
2015-08-18 11:35:18 : No  troop Found!!!
2015-08-18 11:35:19 : Townhall has been destroyed!
2015-08-18 11:35:22 : Checking if the battle has finished
2015-08-18 11:35:24 : detected [G]:  [E]:  [DE]:  |  Exit now 
2015-08-18 11:35:24 : Battle has finished
2015-08-18 11:35:24 : Returning Home
2015-08-18 11:35:27 : ClashGameBot was Paused!
2015-08-18 11:35:53 : ClashGameBot was Resumed.
2015-08-18 11:35:53 : Zooming Out
2015-08-18 11:35:55 : Zooming Out
2015-08-18 11:35:58 : Loot: [G]: 1 393 [E]: 1 000 [DE]:  [T]: 9
2015-08-18 11:35:58 : Bonus [G]: 65 000 [E]: 65 000 [DE]: 300
2015-08-18 11:36:01 : Your league level is: Crystal I
2015-08-18 11:36:01 : Stars earned: 1
2015-08-18 11:36:08 : Trying to locate Main Screen
2015-08-18 11:36:08 : Main Screen Located
2015-08-18 11:36:10 : Village Report
2015-08-18 11:36:10 : No. of Free/Total Builders: 0/4
2015-08-18 11:36:10 :  [T]: 2 506
2015-08-18 11:36:10 :  [G]: 6 329 725 [E]: 5 248 913 [D]: 13 535 [GEM]: 17
2015-08-18 11:36:11 : Collecting Resources
2015-08-18 11:36:21 : Chat Request: pekka
2015-08-18 11:36:21 : Pekkas Keyword found: pekka
2015-08-18 11:36:24 : No Pekkas available to donate..
2015-08-18 11:36:26 : Chat Request: witch pls
2015-08-18 11:36:26 : Witches Keyword found: witch
2015-08-18 11:36:30 : No Witches available to donate..
2015-08-18 11:36:32 : Checking Army Camp...
2015-08-18 11:36:33 : Total Army Camp capacity: 207/220
2015-08-18 11:36:35 :  - No. of Barbarians: 95
2015-08-18 11:36:35 :  - No. of Archers: 112
2015-08-18 11:36:35 : Training Troops...
2015-08-18 11:36:42 : Spell Factory Full
2015-08-18 11:36:43 : 0
2015-08-18 11:36:45 : Requesting Clan Castle Troops
2015-08-18 11:36:46 : Your Clan Castle is already full or you are not in a clan.
2015-08-18 11:36:47 : ====== Waiting for full army ======
2015-08-18 11:36:59 : Checking Army Camp...
2015-08-18 11:37:01 : Total Army Camp capacity: 212/220
2015-08-18 11:37:02 :  - No. of Barbarians: 95
2015-08-18 11:37:02 :  - No. of Archers: 117
2015-08-18 11:37:03 : Training Troops...
2015-08-18 11:37:09 : Spell Factory Full
2015-08-18 11:37:11 : Time Idle: 00:00:24
2015-08-18 11:37:12 : ====== Waiting for full army ======
2015-08-18 11:37:23 : Checking Army Camp...
2015-08-18 11:37:25 : Total Army Camp capacity: 216/220
2015-08-18 11:37:26 :  - No. of Barbarians: 95
2015-08-18 11:37:26 :  - No. of Archers: 121
2015-08-18 11:37:27 : Training Troops...
2015-08-18 11:37:33 : Spell Factory Full
2015-08-18 11:37:35 : Time Idle: 00:00:47
2015-08-18 11:37:36 : ====== Waiting for full army ======
2015-08-18 11:37:47 : Checking Army Camp...
2015-08-18 11:37:49 : Total Army Camp capacity: 219/220
2015-08-18 11:37:50 :  - No. of Barbarians: 95
2015-08-18 11:37:50 :  - No. of Archers: 125
2015-08-18 11:37:51 : Training Troops...
2015-08-18 11:37:52 : Your Army Camps are now Full
2015-08-18 11:38:19 : Spell Factory not found...
2015-08-18 11:38:20 : Going to Attack...
2015-08-18 11:38:26 : ============== Searching For Dead Base ===============
2015-08-18 11:38:26 : ~~~~~~~~~~~~~~~ SEARCH CONDITIONS ~~~~~~~~~~~~~~~~
2015-08-18 11:38:26 : Meet: Gold and Elixir, Max TH 8
2015-08-18 11:38:26 : Meet One and Attack!
2015-08-18 11:38:26 : ~~~~~~~~~~~~~~ RESOURCE CONDITIONS ~~~~~~~~~~~~~~~
2015-08-18 11:38:26 : Aim: [G]: 999999 [E]: 999999 [D]:    0 [T]: 0 [TH]: 8 for: Dead Base
2015-08-18 11:38:26 : ============== Searching For Live Base ===============
2015-08-18 11:38:26 : ~~~~~~~~~~~~~~~ SEARCH CONDITIONS ~~~~~~~~~~~~~~~~
2015-08-18 11:38:26 : Meet: Gold and Elixir, Max TH 8
2015-08-18 11:38:27 : Meet One and Attack!
2015-08-18 11:38:27 : ~~~~~~~~~~~~~~ RESOURCE CONDITIONS ~~~~~~~~~~~~~~~
2015-08-18 11:38:27 : Aim: [G]: 999999 [E]: 999999 [D]:    0 [T]: 0 [TH]: 8 for: Live Base
2015-08-18 11:38:27 : ~~~~~~~~~~~~~~~ ADVANCED SETTINGS ~~~~~~~~~~~~~~~~
2015-08-18 11:38:27 : THSnipe Combo, 6 Tile(s), AttackTH, Attack6:PB6
2015-08-18 11:38:27 : ==================================================
2015-08-18 11:38:29 :   1> [G]:  17309 [E]: 125664 [D]:  377 [T]:24 [TH]: 9, In
2015-08-18 11:38:35 :   2> [G]: 101059 [E]: 200195 [D]:  560 [T]:30 [TH]:10, In
2015-08-18 11:38:39 :   3> [G]:  38967 [E]: 122555 [D]: 1237 [T]:27 [TH]: 9, In
2015-08-18 11:38:43 : Checking Trapped TH
2015-08-18 11:38:45 :   4> [G]: 120868 [E]:  23294 [D]: 2486 [T]:20 [TH]: 9, Out
2015-08-18 11:38:45 : No major traps found near TH.
2015-08-18 11:38:45 : ~~~~~~~~~~~~~~~ TH Outside Found! ~~~~~~~~~~~~~~~~
2015-08-18 11:38:45 : ================ Search Complete =================
2015-08-18 11:38:45 : Initiating attack for: TH Snipe
2015-08-18 11:38:48 : -Barbarians 95
2015-08-18 11:38:48 : -Archers 125
2015-08-18 11:38:48 : -Clan Castle 
2015-08-18 11:38:48 : -Heal Spells 3
2015-08-18 11:38:48 : -Poison Spells 3
2015-08-18 11:38:48 :  ====== Start Attack ====== 
2015-08-18 11:38:50 : Free meal
2015-08-18 11:38:50 : Dropping first wave of 5 Archers
2015-08-18 11:38:52 : Deployment of Archers Successful!
2015-08-18 11:38:53 : Dropping second wave of 15 Archers
2015-08-18 11:38:56 : Deployment of Archers Successful!
2015-08-18 11:39:20 : Townhall has been destroyed!
2015-08-18 11:39:23 : Checking if the battle has finished
2015-08-18 11:39:25 : detected [G]:  [E]:  [DE]:  |  Exit now 
2015-08-18 11:39:25 : Battle has finished
2015-08-18 11:39:25 : Returning Home
2015-08-18 11:39:29 : Loot: [G]: 1 000 [E]: 1 000 [DE]:  [T]: 6
2015-08-18 11:39:30 : Bonus [G]: 65 000 [E]: 65 000 [DE]: 300
2015-08-18 11:39:32 : Your league level is: Crystal I
2015-08-18 11:39:32 : Stars earned: 1
2015-08-18 11:39:40 : Trying to locate Main Screen
2015-08-18 11:39:40 : Main Screen Located
2015-08-18 11:39:42 : Village Report
2015-08-18 11:39:42 : No. of Free/Total Builders: 0/4
2015-08-18 11:39:42 :  [T]: 2 512
2015-08-18 11:39:42 :  [G]: 6 392 725 [E]: 5 301 713 [D]: 13 839 [GEM]: 17
2015-08-18 11:39:42 : Collecting Resources
2015-08-18 11:39:55 : Chat Request: pekka
2015-08-18 11:39:55 : Pekkas Keyword found: pekka
2015-08-18 11:39:59 : No Pekkas available to donate..
2015-08-18 11:40:00 : Chat Request: witch pls
2015-08-18 11:40:00 : Witches Keyword found: witch
2015-08-18 11:40:04 : No Witches available to donate..
2015-08-18 11:40:06 : Checking Army Camp...
2015-08-18 11:40:08 : Total Army Camp capacity: 218/220
2015-08-18 11:40:09 :  - No. of Barbarians: 95
2015-08-18 11:40:09 :  - No. of Archers: 123
2015-08-18 11:40:10 : Training Troops...
2015-08-18 11:40:16 : Spell Factory Full
2015-08-18 11:40:18 : 0
2015-08-18 11:40:19 : Requesting Clan Castle Troops
2015-08-18 11:40:20 : Your Clan Castle is already full or you are not in a clan.
2015-08-18 11:40:22 : ====== Waiting for full army ======
2015-08-18 11:40:23 : Chat Request: pekka
2015-08-18 11:40:23 : Pekkas Keyword found: pekka
2015-08-18 11:40:26 : No Pekkas available to donate..
2015-08-18 11:40:28 : Chat Request: witch pls
2015-08-18 11:40:28 : Witches Keyword found: witch
2015-08-18 11:40:32 : No Witches available to donate..
2015-08-18 11:40:39 : Chat Request: pekka
2015-08-18 11:40:39 : Pekkas Keyword found: pekka
2015-08-18 11:40:42 : No Pekkas available to donate..
2015-08-18 11:40:44 : Chat Request: pekka
2015-08-18 11:40:44 : Pekkas Keyword found: pekka
2015-08-18 11:40:47 : No Pekkas available to donate..
2015-08-18 11:40:49 : Chat Request: pekka
2015-08-18 11:40:49 : Pekkas Keyword found: pekka
2015-08-18 11:40:52 : No Pekkas available to donate..
2015-08-18 11:40:54 : Chat Request: witch pls
2015-08-18 11:40:54 : Witches Keyword found: witch
2015-08-18 11:40:57 : Unable to donate Witches. Donate screen not visible, will retry next run.
2015-08-18 11:41:05 : Checking Army Camp...
2015-08-18 11:41:07 : Total Army Camp capacity: 220/220
2015-08-18 11:41:08 :  - No. of Barbarians: 95
2015-08-18 11:41:08 :  - No. of Archers: 125
2015-08-18 11:41:09 : Training Troops...
2015-08-18 11:41:10 : Your Army Camps are now Full
2015-08-18 11:41:37 : Spell Factory not found...
2015-08-18 11:41:39 : Going to Attack...
2015-08-18 11:41:45 : ============== Searching For Dead Base ===============
2015-08-18 11:41:45 : ~~~~~~~~~~~~~~~ SEARCH CONDITIONS ~~~~~~~~~~~~~~~~
2015-08-18 11:41:45 : Meet: Gold and Elixir, Max TH 8
2015-08-18 11:41:45 : Meet One and Attack!
2015-08-18 11:41:45 : ~~~~~~~~~~~~~~ RESOURCE CONDITIONS ~~~~~~~~~~~~~~~
2015-08-18 11:41:45 : Aim: [G]: 999999 [E]: 999999 [D]:    0 [T]: 0 [TH]: 8 for: Dead Base
2015-08-18 11:41:45 : ============== Searching For Live Base ===============
2015-08-18 11:41:45 : ~~~~~~~~~~~~~~~ SEARCH CONDITIONS ~~~~~~~~~~~~~~~~
2015-08-18 11:41:45 : Meet: Gold and Elixir, Max TH 8
2015-08-18 11:41:45 : Meet One and Attack!
2015-08-18 11:41:45 : ~~~~~~~~~~~~~~ RESOURCE CONDITIONS ~~~~~~~~~~~~~~~
2015-08-18 11:41:45 : Aim: [G]: 999999 [E]: 999999 [D]:    0 [T]: 0 [TH]: 8 for: Live Base
2015-08-18 11:41:45 : ~~~~~~~~~~~~~~~ ADVANCED SETTINGS ~~~~~~~~~~~~~~~~
2015-08-18 11:41:45 : THSnipe Combo, 6 Tile(s), AttackTH, Attack6:PB6
2015-08-18 11:41:45 : ==================================================
2015-08-18 11:41:47 :   1> [G]:  37183 [E]: 117146 [D]:  698 [T]:22 [TH]: 9, In
2015-08-18 11:41:52 :   2> [G]:  83701 [E]:  49066 [D]:  367 [T]:18 [TH]: 9, In
2015-08-18 11:41:56 :   3> [G]:  66727 [E]:  50699 [D]: 2125 [T]:32 [TH]: 9, In
2015-08-18 11:42:00 :   4> [G]:  55346 [E]: 120891 [D]:  237 [T]:25 [TH]: 9, In
2015-08-18 11:42:04 :   5> [G]:  21500 [E]:  27927 [D]:  838 [T]:17 [TH]: 9, In
2015-08-18 11:42:08 :   6> [G]: 135898 [E]:  27753 [D]:  874 [T]:31 [TH]: 9, In
2015-08-18 11:42:15 :   7> [G]:  51000 [E]: 101579 [D]: 1087 [T]:22 [TH]:10, In
2015-08-18 11:42:19 :   8> [G]:  53721 [E]: 148785 [D]:  840 [T]:28 [TH]: 9, In
2015-08-18 11:42:24 :   9> [G]:  17803 [E]: 139545 [D]:  660 [T]:26 [TH]: 9, In
2015-08-18 11:42:30 :  10> [G]: 206776 [E]: 184563 [D]: 1247 [T]:29 [TH]:10, In
2015-08-18 11:42:34 :  11> [G]: 132672 [E]:  26642 [D]:  610 [T]:21 [TH]: 9, In
2015-08-18 11:42:39 :  12> [G]:  84894 [E]:  83927 [D]:  534 [T]:16 [TH]: 9, In
2015-08-18 11:42:43 :  13> [G]:  22161 [E]:  11051 [D]:  613 [T]:24 [TH]: 9, In
2015-08-18 11:42:49 :  14> [G]: 132875 [E]:  80277 [D]:  377 [T]:15 [TH]: 9, In
2015-08-18 11:42:56 :  15> [G]:  58247 [E]:  90346 [D]: 1681 [T]:32 [TH]:10, In
2015-08-18 11:43:00 :  16> [G]:  29610 [E]:  90097 [D]: 1203 [T]:32 [TH]: 9, In
2015-08-18 11:43:04 :  17> [G]:  28608 [E]:  58936 [D]:  202 [T]:31 [TH]: 9, In
2015-08-18 11:43:08 :  18> [G]:  52693 [E]:  99424 [D]:  873 [T]:14 [TH]: 9, In
2015-08-18 11:43:14 :  19> [G]: 253071 [E]:  47745 [D]:  311 [T]:24 [TH]:10, In
2015-08-18 11:43:18 :  20> [G]:  58150 [E]:  64675 [D]: 1198 [T]:20 [TH]:10, In
2015-08-18 11:43:23 :  21> [G]: 105157 [E]:  10325 [D]: 1146 [T]:27 [TH]: 9, In
2015-08-18 11:43:29 :  22> [G]:  87056 [E]:  68968 [D]: 1302 [T]:18 [TH]:10, In
2015-08-18 11:43:33 :  23> [G]:  89177 [E]:  76110 [D]:  859 [T]:18 [TH]:10, In
2015-08-18 11:43:38 :  24> [G]: 110528 [E]: 161890 [D]:  997 [T]:22 [TH]:10, In
2015-08-18 11:43:42 :  25> [G]:  24611 [E]:  80872 [D]:  666 [T]:29 [TH]: 9, In
2015-08-18 11:43:49 :  26> [G]: 266724 [E]:  73614 [D]: 1901 [T]:28 [TH]:10, In
2015-08-18 11:43:54 :  27> [G]: 142010 [E]:  64291 [D]:  647 [T]:17 [TH]: 9, In
2015-08-18 11:44:01 :  28> [G]:  70547 [E]:  55715 [D]:  555 [T]:29 [TH]:10, In
2015-08-18 11:44:05 :  29> [G]:  14344 [E]:  16933 [D]:  771 [T]:31 [TH]: 9, In
2015-08-18 11:44:09 :  30> [G]:  85035 [E]:  37599 [D]:  450 [T]:39 [TH]: 9, In
2015-08-18 11:44:14 :  31> [G]:  66877 [E]:  35949 [D]: 1042 [T]:22 [TH]: 9, In
2015-08-18 11:44:18 :  32> [G]:  50128 [E]:  57348 [D]:  954 [T]:17 [TH]: 9, In
2015-08-18 11:44:23 :  33> [G]: 147505 [E]:  62138 [D]:  176 [T]:21 [TH]: 9, In
2015-08-18 11:44:27 :  34> [G]: 129679 [E]:  23481 [D]:  547 [T]:18 [TH]: 9, In
2015-08-18 11:44:33 :  35> [G]: 106004 [E]:  17938 [D]:  308 [T]:16 [TH]:10, In
2015-08-18 11:44:37 :  36> [G]: 119831 [E]:  88540 [D]:   97 [T]: 7 [TH]: 8, In
2015-08-18 11:44:37 : ~~~~~~~~~~~~~~~~ Live Base Found! ~~~~~~~~~~~~~~~~
2015-08-18 11:44:37 : ================ Search Complete =================
2015-08-18 11:44:37 : Initiating attack for: Live Base
2015-08-18 11:44:40 : -Barbarians 95
2015-08-18 11:44:40 : -Archers 125
2015-08-18 11:44:40 : -Clan Castle 
2015-08-18 11:44:40 : -Heal Spells 3
2015-08-18 11:44:40 : -Poison Spells 3
2015-08-18 11:44:40 :  ====== Start Attack ====== 
2015-08-18 11:44:42 : Attacking with four fingers
2015-08-18 11:44:43 : Dropping only wave of 95 Barbarians
2015-08-18 11:44:47 : Dropping only wave of 125 Archers
2015-08-18 11:44:53 : Dropping Clan Castle
2015-08-18 11:44:55 : Dropping left over troops
2015-08-18 11:44:55 : Checking remaining unused troops for: Live Base
2015-08-18 11:44:58 : -Clan Castle 
2015-08-18 11:44:58 : -Heal Spells 3
2015-08-18 11:44:58 : -Poison Spells 3
2015-08-18 11:45:06 : Checking remaining unused troops for: Live Base
2015-08-18 11:45:09 : -Clan Castle 
2015-08-18 11:45:09 : -Heal Spells 3
2015-08-18 11:45:09 : -Poison Spells 3
2015-08-18 11:45:12 : ClashGameBot was Paused!
2015-08-18 11:45:40 : ClashGameBot was Resumed.
2015-08-18 11:45:45 : Finished Attacking, waiting for the battle to end
2015-08-18 11:45:45 : Checking if the battle has finished
2015-08-18 11:45:46 : One Star Reach, exit
2015-08-18 11:45:47 : Returning Home
2015-08-18 11:45:51 : Loot: [G]: 4 696 [E]: 3 868 [DE]: 51 [T]: 2
2015-08-18 11:45:52 : Bonus [G]: 65 000 [E]: 65 000 [DE]: 300
2015-08-18 11:45:54 : Your league level is: Crystal I
2015-08-18 11:45:54 : Stars earned: 1
2015-08-18 11:46:02 : Trying to locate Main Screen
2015-08-18 11:46:02 : Main Screen Located
