2015-08-17 15:54:29 :  Clash Game Bot v4.1.1-6 merge Powered by GameBot.org 
2015-08-17 15:54:29 : GameBot.org.exe Executable running on WIN_7 Service Pack 1 X64
2015-08-17 15:54:29 : =================== Bot Start ====================
2015-08-17 15:54:29 : -------------------------  Current Profile: 01 --------------------------
2015-08-17 15:54:29 : Trying to locate Main Screen
2015-08-17 15:54:29 : Main Screen Located
2015-08-17 15:54:31 : Detecting your Buildings..
2015-08-17 15:54:39 : Language setting is English: Correct.
2015-08-17 15:54:40 : Trying to locate Main Screen
2015-08-17 15:54:40 : Main Screen Located
2015-08-17 15:54:41 : Village Report
2015-08-17 15:54:41 : No. of Free/Total Builders: 0/4
2015-08-17 15:54:41 :  [T]: 2 680
2015-08-17 15:54:41 :  [G]: 2 850 636 [E]: 3 187 739 [D]: 30 889 [GEM]: 57
2015-08-17 15:54:42 : Collecting Resources
2015-08-17 15:54:55 : Chat Request: any
2015-08-17 15:54:55 : Custom Donation Keyword found: any
2015-08-17 15:54:55 : Donating 6 Giants
2015-08-17 15:54:59 : No Wizards available to donate..
2015-08-17 15:55:03 : No Archers available to donate..
2015-08-17 15:55:04 : Chat Request: drag
2015-08-17 15:55:04 : Dragons Keyword found: drag
2015-08-17 15:55:07 : No Dragons available to donate..
2015-08-17 15:55:09 : Checking Army Camp...
2015-08-17 15:55:11 : Total Army Camp capacity: 90/220
2015-08-17 15:55:14 :  - No. of Giants: 18
2015-08-17 15:55:14 : Barracks and Spell factory status: 
2015-08-17 15:55:14 : - Barracks detected: 4 | Available: 4 | Upgrading: 0
2015-08-17 15:55:14 : - Dark Barracks detected: 2 | Available: 2 | Upgrading: 0
2015-08-17 15:55:14 : - Spell factory detected: 1 | Available: 1 | Upgrading: 0
2015-08-17 15:55:14 : - Dark Spell factory detected: 1 | Available: 1 | Upgrading: 0
2015-08-17 15:55:14 : Training Troops...
2015-08-17 15:55:22 : ClashGameBot was Paused!
2015-08-17 15:55:23 : ClashGameBot was Resumed.
2015-08-17 15:55:26 : ClashGameBot was Paused!
2015-08-17 15:55:27 : ClashGameBot was Resumed.
2015-08-17 15:55:32 : Spell Factory Full
2015-08-17 15:55:33 : 0
2015-08-17 15:55:35 : Requesting Clan Castle Troops
2015-08-17 15:55:41 : ====== Waiting for full army ======
2015-08-17 15:55:53 : Checking Army Camp...
2015-08-17 15:55:55 : Total Army Camp capacity: 90/220
2015-08-17 15:55:56 :  - No. of Giants: 18
2015-08-17 15:55:56 : Training Troops...
2015-08-17 15:56:05 : Spell Factory Full
2015-08-17 15:56:07 : Time Idle: 00:00:26
2015-08-17 15:56:08 : ====== Waiting for full army ======
2015-08-17 15:56:19 : Checking Army Camp...
2015-08-17 15:56:21 : Total Army Camp capacity: 90/220
2015-08-17 15:56:22 :  - No. of Giants: 18
2015-08-17 15:56:23 : Training Troops...
2015-08-17 15:56:32 : Spell Factory Full
2015-08-17 15:56:34 : Time Idle: 00:00:53
2015-08-17 15:56:35 : ====== Waiting for full army ======
2015-08-17 15:56:46 : Checking Army Camp...
2015-08-17 15:56:48 : Total Army Camp capacity: 90/220
2015-08-17 15:56:49 :  - No. of Giants: 18
2015-08-17 15:56:50 : Training Troops...
2015-08-17 15:56:59 : Spell Factory Full
2015-08-17 15:57:01 : Time Idle: 00:01:19
2015-08-17 15:57:01 : ====== Waiting for full army ======
2015-08-17 15:57:13 : Checking Army Camp...
2015-08-17 15:57:15 : Total Army Camp capacity: 90/220
2015-08-17 15:57:16 :  - No. of Giants: 18
2015-08-17 15:57:16 : Training Troops...
2015-08-17 15:57:25 : Spell Factory Full
2015-08-17 15:57:27 : Time Idle: 00:01:45
2015-08-17 15:57:27 : ====== Waiting for full army ======
2015-08-17 15:57:39 : Checking Army Camp...
2015-08-17 15:57:41 : Total Army Camp capacity: 110/220
2015-08-17 15:57:42 :  - No. of Giants: 22
2015-08-17 15:57:42 : Training Troops...
2015-08-17 15:57:53 : Spell Factory Full
2015-08-17 15:57:53 : Created 1 Spell(s)
2015-08-17 15:57:55 : Time Idle: 00:02:12
2015-08-17 15:57:55 : ====== Waiting for full army ======
2015-08-17 15:58:07 : Checking Army Camp...
2015-08-17 15:58:09 : Total Army Camp capacity: 110/220
2015-08-17 15:58:10 :  - No. of Giants: 22
2015-08-17 15:58:11 : Training Troops...
2015-08-17 15:58:20 : Spell Factory Full
2015-08-17 15:58:22 : Time Idle: 00:02:39
2015-08-17 15:58:22 : ====== Waiting for full army ======
2015-08-17 15:58:34 : Checking Army Camp...
2015-08-17 15:58:36 : Total Army Camp capacity: 110/220
2015-08-17 15:58:37 :  - No. of Giants: 22
2015-08-17 15:58:37 : Training Troops...
2015-08-17 15:58:46 : Spell Factory Full
2015-08-17 15:58:48 : Time Idle: 00:03:05
2015-08-17 15:58:49 : ====== Waiting for full army ======
2015-08-17 15:59:00 : Checking Army Camp...
2015-08-17 15:59:02 : Total Army Camp capacity: 110/220
2015-08-17 15:59:03 :  - No. of Giants: 22
2015-08-17 15:59:04 : Training Troops...
2015-08-17 15:59:13 : Spell Factory Full
2015-08-17 15:59:15 : Time Idle: 00:03:32
2015-08-17 15:59:15 : ====== Waiting for full army ======
2015-08-17 15:59:27 : Checking Army Camp...
2015-08-17 15:59:29 : Total Army Camp capacity: 130/220
2015-08-17 15:59:30 :  - No. of Giants: 26
2015-08-17 15:59:31 : Training Troops...
2015-08-17 15:59:40 : Spell Factory Full
2015-08-17 15:59:42 : Time Idle: 00:03:58
2015-08-17 15:59:42 : ====== Waiting for full army ======
2015-08-17 15:59:54 : Checking Army Camp...
2015-08-17 15:59:56 : Total Army Camp capacity: 130/220
2015-08-17 15:59:57 :  - No. of Giants: 26
2015-08-17 15:59:57 : Training Troops...
2015-08-17 16:00:06 : Spell Factory Full
2015-08-17 16:00:08 : Time Idle: 00:04:25
2015-08-17 16:00:09 : ====== Waiting for full army ======
2015-08-17 16:00:20 : Checking Army Camp...
2015-08-17 16:00:22 : Total Army Camp capacity: 130/220
2015-08-17 16:00:23 :  - No. of Giants: 26
2015-08-17 16:00:24 : Training Troops...
2015-08-17 16:00:33 : Spell Factory Full
2015-08-17 16:00:35 : Time Idle: 00:04:51
2015-08-17 16:00:35 : ====== Waiting for full army ======
2015-08-17 16:00:47 : Collecting Resources
2015-08-17 16:00:53 : Checking Army Camp...
2015-08-17 16:00:55 : Total Army Camp capacity: 130/220
2015-08-17 16:00:56 :  - No. of Giants: 26
2015-08-17 16:00:57 : Training Troops...
2015-08-17 16:01:06 : Spell Factory Full
2015-08-17 16:01:08 : Time Idle: 00:05:23
2015-08-17 16:01:08 : ====== Waiting for full army ======
2015-08-17 16:01:09 : Chat Request: hog giant pls
2015-08-17 16:01:09 : Giants Keyword found: giant
2015-08-17 16:01:10 : Donating Giants
2015-08-17 16:01:12 : Chat Request: any
2015-08-17 16:01:12 : Custom Donation Keyword found: any
2015-08-17 16:01:15 : No Giants available to donate..
2015-08-17 16:01:18 : No Wizards available to donate..
2015-08-17 16:01:21 : No Archers available to donate..
2015-08-17 16:01:34 : Checking Army Camp...
2015-08-17 16:01:36 : Total Army Camp capacity: 130/220
2015-08-17 16:01:37 :  - No. of Giants: 26
2015-08-17 16:01:37 : Training Troops...
2015-08-17 16:01:48 : Spell Factory Full
2015-08-17 16:01:50 : Time Idle: 00:06:05
2015-08-17 16:01:50 : ====== Waiting for full army ======
2015-08-17 16:02:02 : Checking Army Camp...
2015-08-17 16:02:04 : Total Army Camp capacity: 130/220
2015-08-17 16:02:05 :  - No. of Giants: 26
2015-08-17 16:02:05 : Training Troops...
2015-08-17 16:02:16 : Spell Factory Full
2015-08-17 16:02:18 : Time Idle: 00:06:33
2015-08-17 16:02:18 : ====== Waiting for full army ======
2015-08-17 16:02:30 : Checking Army Camp...
2015-08-17 16:02:32 : Total Army Camp capacity: 130/220
2015-08-17 16:02:33 :  - No. of Giants: 26
2015-08-17 16:02:33 : Training Troops...
2015-08-17 16:02:44 : Spell Factory Full
2015-08-17 16:02:46 : Time Idle: 00:07:01
2015-08-17 16:02:46 : ====== Waiting for full army ======
2015-08-17 16:02:58 : Checking Army Camp...
2015-08-17 16:02:59 : Total Army Camp capacity: 130/220
2015-08-17 16:03:01 :  - No. of Giants: 26
2015-08-17 16:03:01 : Training Troops...
2015-08-17 16:03:12 : Spell Factory Full
2015-08-17 16:03:14 : Time Idle: 00:07:28
2015-08-17 16:03:14 : ====== Waiting for full army ======
2015-08-17 16:03:26 : Checking Army Camp...
2015-08-17 16:03:27 : Total Army Camp capacity: 130/220
2015-08-17 16:03:28 :  - No. of Giants: 26
2015-08-17 16:03:29 : Training Troops...
2015-08-17 16:03:40 : Spell Factory Full
2015-08-17 16:03:42 : Time Idle: 00:07:56
2015-08-17 16:03:42 : ====== Waiting for full army ======
2015-08-17 16:03:53 : Checking Army Camp...
2015-08-17 16:03:55 : Total Army Camp capacity: 130/220
2015-08-17 16:03:57 :  - No. of Giants: 26
2015-08-17 16:03:57 : Training Troops...
2015-08-17 16:04:08 : Spell Factory Full
2015-08-17 16:04:10 : Time Idle: 00:08:24
2015-08-17 16:04:10 : ====== Waiting for full army ======
2015-08-17 16:04:22 : Checking Army Camp...
2015-08-17 16:04:23 : Total Army Camp capacity: 130/220
2015-08-17 16:04:25 :  - No. of Giants: 26
2015-08-17 16:04:25 : Training Troops...
2015-08-17 16:04:36 : Spell Factory Full
2015-08-17 16:04:38 : Time Idle: 00:08:52
2015-08-17 16:04:38 : ====== Waiting for full army ======
2015-08-17 16:04:50 : Checking Army Camp...
2015-08-17 16:04:52 : Total Army Camp capacity: 130/220
2015-08-17 16:04:53 :  - No. of Giants: 26
2015-08-17 16:04:53 : Training Troops...
2015-08-17 16:05:04 : Spell Factory Full
2015-08-17 16:05:06 : Time Idle: 00:09:19
2015-08-17 16:05:06 : ====== Waiting for full army ======
2015-08-17 16:05:18 : Checking Army Camp...
2015-08-17 16:05:20 : Total Army Camp capacity: 130/220
2015-08-17 16:05:21 :  - No. of Giants: 26
2015-08-17 16:05:21 : Training Troops...
2015-08-17 16:05:32 : Spell Factory Full
2015-08-17 16:05:34 : Time Idle: 00:09:47
2015-08-17 16:05:34 : ====== Waiting for full army ======
2015-08-17 16:05:46 : Checking Army Camp...
2015-08-17 16:05:47 : Total Army Camp capacity: 130/220
2015-08-17 16:05:49 :  - No. of Giants: 26
2015-08-17 16:05:49 : Training Troops...
2015-08-17 16:06:00 : Spell Factory Full
2015-08-17 16:06:01 : Time Idle: 00:10:15
2015-08-17 16:06:02 : ====== Waiting for full army ======
2015-08-17 16:06:13 : Collecting Resources
2015-08-17 16:06:22 : Checking Army Camp...
2015-08-17 16:06:24 : Total Army Camp capacity: 130/220
2015-08-17 16:06:25 :  - No. of Giants: 26
2015-08-17 16:06:25 : Training Troops...
2015-08-17 16:06:36 : Spell Factory Full
2015-08-17 16:06:38 : Time Idle: 00:10:51
2015-08-17 16:06:38 : ====== Waiting for full army ======
2015-08-17 16:06:50 : Checking Army Camp...
2015-08-17 16:06:51 : Total Army Camp capacity: 130/220
2015-08-17 16:06:52 :  - No. of Giants: 26
2015-08-17 16:06:53 : Training Troops...
2015-08-17 16:07:03 : Spell Factory Full
2015-08-17 16:07:05 : Time Idle: 00:11:18
2015-08-17 16:07:05 : ====== Waiting for full army ======
2015-08-17 16:07:17 : Checking Army Camp...
2015-08-17 16:07:19 : Total Army Camp capacity: 130/220
2015-08-17 16:07:20 :  - No. of Giants: 26
2015-08-17 16:07:21 : Training Troops...
2015-08-17 16:07:31 : Spell Factory Full
2015-08-17 16:07:33 : Time Idle: 00:11:45
2015-08-17 16:07:33 : ====== Waiting for full army ======
2015-08-17 16:07:45 : Checking Army Camp...
2015-08-17 16:07:47 : Total Army Camp capacity: 130/220
2015-08-17 16:07:48 :  - No. of Giants: 26
2015-08-17 16:07:49 : Training Troops...
2015-08-17 16:07:59 : Spell Factory Full
2015-08-17 16:08:01 : Time Idle: 00:12:13
2015-08-17 16:08:01 : ====== Waiting for full army ======
2015-08-17 16:08:12 : Checking Army Camp...
2015-08-17 16:08:14 : Total Army Camp capacity: 130/220
2015-08-17 16:08:15 :  - No. of Giants: 26
2015-08-17 16:08:16 : Training Troops...
2015-08-17 16:08:27 : Spell Factory Full
2015-08-17 16:08:29 : Time Idle: 00:12:40
2015-08-17 16:08:29 : ====== Waiting for full army ======
2015-08-17 16:08:40 : Checking Army Camp...
2015-08-17 16:08:42 : Total Army Camp capacity: 130/220
2015-08-17 16:08:44 :  - No. of Giants: 26
2015-08-17 16:08:44 : Training Troops...
2015-08-17 16:08:55 : Spell Factory Full
2015-08-17 16:08:57 : Time Idle: 00:13:08
2015-08-17 16:08:57 : ====== Waiting for full army ======
2015-08-17 16:09:09 : Checking Army Camp...
2015-08-17 16:09:11 : Total Army Camp capacity: 130/220
2015-08-17 16:09:12 :  - No. of Giants: 26
2015-08-17 16:09:12 : Training Troops...
2015-08-17 16:09:23 : Spell Factory Full
2015-08-17 16:09:25 : Time Idle: 00:13:36
2015-08-17 16:09:25 : ====== Waiting for full army ======
2015-08-17 16:09:36 : Checking Army Camp...
2015-08-17 16:09:38 : Total Army Camp capacity: 146/220
2015-08-17 16:09:39 :  - No. of Giants: 26
2015-08-17 16:09:40 :  - No. of Wizards: 4
2015-08-17 16:09:40 : Training Troops...
2015-08-17 16:09:51 : Spell Factory Full
2015-08-17 16:09:52 : Time Idle: 00:14:03
2015-08-17 16:09:53 : ====== Waiting for full army ======
2015-08-17 16:10:04 : Checking Army Camp...
2015-08-17 16:10:06 : Total Army Camp capacity: 146/220
2015-08-17 16:10:07 :  - No. of Giants: 26
2015-08-17 16:10:07 :  - No. of Wizards: 4
2015-08-17 16:10:08 : Training Troops...
2015-08-17 16:10:19 : Spell Factory Full
2015-08-17 16:10:21 : Time Idle: 00:14:31
2015-08-17 16:10:21 : ====== Waiting for full army ======
2015-08-17 16:10:33 : Checking Army Camp...
2015-08-17 16:10:35 : Total Army Camp capacity: 146/220
2015-08-17 16:10:36 :  - No. of Giants: 26
2015-08-17 16:10:36 :  - No. of Wizards: 4
2015-08-17 16:10:36 : Training Troops...
2015-08-17 16:10:47 : Spell Factory Full
2015-08-17 16:10:49 : Time Idle: 00:14:59
2015-08-17 16:10:49 : ====== Waiting for full army ======
2015-08-17 16:11:01 : Checking Army Camp...
2015-08-17 16:11:09 : Total Army Camp capacity: 146/220
2015-08-17 16:11:10 :  - No. of Giants: 26
2015-08-17 16:11:10 :  - No. of Wizards: 4
2015-08-17 16:11:11 : Training Troops...
2015-08-17 16:11:21 : Spell Factory Full
2015-08-17 16:11:23 : Time Idle: 00:15:33
2015-08-17 16:11:23 : ====== Waiting for full army ======
2015-08-17 16:11:35 : Collecting Resources
2015-08-17 16:11:41 : Checking Army Camp...
2015-08-17 16:11:43 : Total Army Camp capacity: 146/220
2015-08-17 16:11:44 :  - No. of Giants: 26
2015-08-17 16:11:44 :  - No. of Wizards: 4
2015-08-17 16:11:44 : Training Troops...
2015-08-17 16:11:55 : Spell Factory Full
2015-08-17 16:11:56 : Time Idle: 00:16:07
2015-08-17 16:11:57 : ====== Waiting for full army ======
2015-08-17 16:11:58 : Chat Request: any
2015-08-17 16:11:58 : Custom Donation Keyword found: any
2015-08-17 16:11:59 : Donating 6 Giants
2015-08-17 16:12:02 : No Wizards available to donate..
2015-08-17 16:12:06 : No Archers available to donate..
2015-08-17 16:12:07 : Chat Request: drag
2015-08-17 16:12:07 : Dragons Keyword found: drag
2015-08-17 16:12:10 : No Dragons available to donate..
2015-08-17 16:12:23 : Checking Army Camp...
2015-08-17 16:12:24 : Total Army Camp capacity: 126/220
2015-08-17 16:12:26 :  - No. of Giants: 22
2015-08-17 16:12:26 :  - No. of Wizards: 4
2015-08-17 16:12:26 : Training Troops...
2015-08-17 16:12:37 : Spell Factory Full
2015-08-17 16:12:39 : Time Idle: 00:16:48
2015-08-17 16:12:39 : ====== Waiting for full army ======
2015-08-17 16:12:50 : Checking Army Camp...
2015-08-17 16:12:52 : Total Army Camp capacity: 126/220
2015-08-17 16:12:53 :  - No. of Giants: 22
2015-08-17 16:12:54 :  - No. of Wizards: 4
2015-08-17 16:12:54 : Training Troops...
2015-08-17 16:13:02 : Spell Factory Full
2015-08-17 16:13:04 : Time Idle: 00:17:13
2015-08-17 16:13:04 : ====== Waiting for full army ======
2015-08-17 16:13:16 : Checking Army Camp...
2015-08-17 16:13:17 : Total Army Camp capacity: 126/220
2015-08-17 16:13:19 :  - No. of Giants: 22
2015-08-17 16:13:19 :  - No. of Wizards: 4
2015-08-17 16:13:19 : Training Troops...
2015-08-17 16:13:27 : Spell Factory Full
2015-08-17 16:13:29 : Time Idle: 00:17:38
2015-08-17 16:13:29 : ====== Waiting for full army ======
2015-08-17 16:13:41 : Checking Army Camp...
2015-08-17 16:13:43 : Total Army Camp capacity: 126/220
2015-08-17 16:13:44 :  - No. of Giants: 22
2015-08-17 16:13:44 :  - No. of Wizards: 4
2015-08-17 16:13:45 : Training Troops...
2015-08-17 16:13:52 : Spell Factory Full
2015-08-17 16:13:54 : Time Idle: 00:18:03
2015-08-17 16:13:54 : ====== Waiting for full army ======
2015-08-17 16:14:06 : Checking Army Camp...
2015-08-17 16:14:08 : Total Army Camp capacity: 126/220
2015-08-17 16:14:09 :  - No. of Giants: 22
2015-08-17 16:14:09 :  - No. of Wizards: 4
2015-08-17 16:14:09 : Training Troops...
2015-08-17 16:14:17 : Spell Factory Full
2015-08-17 16:14:19 : Time Idle: 00:18:28
2015-08-17 16:14:19 : ====== Waiting for full army ======
2015-08-17 16:14:31 : Checking Army Camp...
2015-08-17 16:14:33 : Total Army Camp capacity: 126/220
2015-08-17 16:14:34 :  - No. of Giants: 22
2015-08-17 16:14:34 :  - No. of Wizards: 4
2015-08-17 16:14:35 : Training Troops...
2015-08-17 16:14:42 : Spell Factory Full
2015-08-17 16:14:44 : Time Idle: 00:18:53
2015-08-17 16:14:45 : ====== Waiting for full army ======
2015-08-17 16:14:56 : Checking Army Camp...
2015-08-17 16:14:58 : Total Army Camp capacity: 126/220
2015-08-17 16:14:59 :  - No. of Giants: 22
2015-08-17 16:14:59 :  - No. of Wizards: 4
2015-08-17 16:15:00 : Training Troops...
2015-08-17 16:15:07 : Spell Factory Full
2015-08-17 16:15:09 : Time Idle: 00:19:17
2015-08-17 16:15:09 : ====== Waiting for full army ======
2015-08-17 16:15:11 : Chat Request: kahit ano lang po
2015-08-17 16:15:11 : Custom Donation Keyword found: kahit
2015-08-17 16:15:11 : Donating 6 Giants
2015-08-17 16:15:15 : No Wizards available to donate..
2015-08-17 16:15:18 : No Archers available to donate..
2015-08-17 16:15:20 : Chat Request: drag
2015-08-17 16:15:20 : Dragons Keyword found: drag
2015-08-17 16:15:23 : No Dragons available to donate..
2015-08-17 16:15:36 : Checking Army Camp...
2015-08-17 16:15:37 : Total Army Camp capacity: 111/220
2015-08-17 16:15:38 :  - No. of Giants: 19
2015-08-17 16:15:39 :  - No. of Wizards: 4
2015-08-17 16:15:39 : Training Troops...
2015-08-17 16:15:48 : Spell Factory Full
2015-08-17 16:15:50 : Time Idle: 00:19:58
2015-08-17 16:15:51 : ====== Waiting for full army ======
2015-08-17 16:16:02 : Checking Army Camp...
2015-08-17 16:16:04 : Total Army Camp capacity: 111/220
2015-08-17 16:16:05 :  - No. of Giants: 19
2015-08-17 16:16:05 :  - No. of Wizards: 4
2015-08-17 16:16:06 : Training Troops...
2015-08-17 16:16:15 : Spell Factory Full
2015-08-17 16:16:17 : Time Idle: 00:20:25
2015-08-17 16:16:17 : ====== Waiting for full army ======
2015-08-17 16:16:29 : Checking Army Camp...
2015-08-17 16:16:31 : Total Army Camp capacity: 111/220
2015-08-17 16:16:32 :  - No. of Giants: 19
2015-08-17 16:16:32 :  - No. of Wizards: 4
2015-08-17 16:16:33 : Training Troops...
2015-08-17 16:16:42 : Spell Factory Full
2015-08-17 16:16:44 : Time Idle: 00:20:51
2015-08-17 16:16:44 : ====== Waiting for full army ======
2015-08-17 16:16:55 : Collecting Resources
2015-08-17 16:17:04 : Checking Army Camp...
2015-08-17 16:17:06 : Total Army Camp capacity: 111/220
2015-08-17 16:17:07 :  - No. of Giants: 19
2015-08-17 16:17:07 :  - No. of Wizards: 4
2015-08-17 16:17:07 : Training Troops...
2015-08-17 16:17:17 : Spell Factory Full
2015-08-17 16:17:19 : Time Idle: 00:21:26
2015-08-17 16:17:19 : ====== Waiting for full army ======
2015-08-17 16:17:30 : Checking Army Camp...
2015-08-17 16:17:32 : Total Army Camp capacity: 127/220
2015-08-17 16:17:33 :  - No. of Giants: 19
2015-08-17 16:17:34 :  - No. of Wizards: 8
2015-08-17 16:17:34 : Training Troops...
2015-08-17 16:17:45 : Spell Factory Full
2015-08-17 16:17:45 : Created 1 Spell(s)
2015-08-17 16:17:47 : Time Idle: 00:21:54
2015-08-17 16:17:47 : ====== Waiting for full army ======
2015-08-17 16:17:58 : Checking Army Camp...
2015-08-17 16:18:00 : Total Army Camp capacity: 127/220
2015-08-17 16:18:01 :  - No. of Giants: 19
2015-08-17 16:18:02 :  - No. of Wizards: 8
2015-08-17 16:18:02 : Training Troops...
2015-08-17 16:18:11 : Spell Factory Full
2015-08-17 16:18:13 : Time Idle: 00:22:20
2015-08-17 16:18:14 : ====== Waiting for full army ======
2015-08-17 16:18:25 : Checking Army Camp...
2015-08-17 16:18:27 : Total Army Camp capacity: 127/220
2015-08-17 16:18:28 :  - No. of Giants: 19
2015-08-17 16:18:28 :  - No. of Wizards: 8
2015-08-17 16:18:29 : Training Troops...
2015-08-17 16:18:38 : Spell Factory Full
2015-08-17 16:18:40 : Time Idle: 00:22:46
2015-08-17 16:18:40 : ====== Waiting for full army ======
2015-08-17 16:18:52 : Checking Army Camp...
2015-08-17 16:18:54 : Total Army Camp capacity: 127/220
2015-08-17 16:18:55 :  - No. of Giants: 19
2015-08-17 16:18:55 :  - No. of Wizards: 8
2015-08-17 16:18:56 : Training Troops...
2015-08-17 16:19:05 : Spell Factory Full
2015-08-17 16:19:07 : Time Idle: 00:23:13
2015-08-17 16:19:07 : ====== Waiting for full army ======
2015-08-17 16:19:19 : Checking Army Camp...
2015-08-17 16:19:20 : Total Army Camp capacity: 127/220
2015-08-17 16:19:22 :  - No. of Giants: 19
2015-08-17 16:19:22 :  - No. of Wizards: 8
2015-08-17 16:19:22 : Training Troops...
2015-08-17 16:19:32 : Spell Factory Full
2015-08-17 16:19:33 : Time Idle: 00:23:39
2015-08-17 16:19:34 : ====== Waiting for full army ======
2015-08-17 16:19:45 : Checking Army Camp...
2015-08-17 16:19:47 : Total Army Camp capacity: 127/220
2015-08-17 16:19:48 :  - No. of Giants: 19
2015-08-17 16:19:48 :  - No. of Wizards: 8
2015-08-17 16:19:49 : Training Troops...
2015-08-17 16:19:58 : Spell Factory Full
2015-08-17 16:20:00 : Time Idle: 00:24:06
2015-08-17 16:20:00 : ====== Waiting for full army ======
2015-08-17 16:20:12 : Checking Army Camp...
2015-08-17 16:20:14 : Total Army Camp capacity: 127/220
2015-08-17 16:20:15 :  - No. of Giants: 19
2015-08-17 16:20:15 :  - No. of Wizards: 8
2015-08-17 16:20:16 : Training Troops...
2015-08-17 16:20:25 : Spell Factory Full
2015-08-17 16:20:27 : Time Idle: 00:24:33
2015-08-17 16:20:27 : ====== Waiting for full army ======
2015-08-17 16:20:39 : Checking Army Camp...
2015-08-17 16:20:41 : Total Army Camp capacity: 127/220
2015-08-17 16:20:42 :  - No. of Giants: 19
2015-08-17 16:20:42 :  - No. of Wizards: 8
2015-08-17 16:20:43 : Training Troops...
2015-08-17 16:20:52 : Spell Factory Full
2015-08-17 16:20:54 : Time Idle: 00:24:59
2015-08-17 16:20:54 : ====== Waiting for full army ======
2015-08-17 16:21:06 : Checking Army Camp...
2015-08-17 16:21:08 : Total Army Camp capacity: 127/220
2015-08-17 16:21:09 :  - No. of Giants: 19
2015-08-17 16:21:09 :  - No. of Wizards: 8
2015-08-17 16:21:10 : Training Troops...
2015-08-17 16:21:19 : Spell Factory Full
2015-08-17 16:21:21 : Time Idle: 00:25:26
2015-08-17 16:21:21 : ====== Waiting for full army ======
2015-08-17 16:21:33 : Checking Army Camp...
2015-08-17 16:21:34 : Total Army Camp capacity: 127/220
2015-08-17 16:21:36 :  - No. of Giants: 19
2015-08-17 16:21:36 :  - No. of Wizards: 8
2015-08-17 16:21:36 : Training Troops...
2015-08-17 16:21:46 : Spell Factory Full
2015-08-17 16:21:47 : Time Idle: 00:25:52
2015-08-17 16:21:48 : ====== Waiting for full army ======
2015-08-17 16:21:59 : Collecting Resources
2015-08-17 16:22:05 : Checking Army Camp...
2015-08-17 16:22:07 : Total Army Camp capacity: 127/220
2015-08-17 16:22:08 :  - No. of Giants: 19
2015-08-17 16:22:08 :  - No. of Wizards: 8
2015-08-17 16:22:09 : Training Troops...
2015-08-17 16:22:18 : Spell Factory Full
2015-08-17 16:22:20 : Time Idle: 00:26:24
2015-08-17 16:22:20 : ====== Waiting for full army ======
2015-08-17 16:22:32 : Checking Army Camp...
2015-08-17 16:22:34 : Total Army Camp capacity: 127/220
2015-08-17 16:22:35 :  - No. of Giants: 19
2015-08-17 16:22:35 :  - No. of Wizards: 8
2015-08-17 16:22:35 : Training Troops...
2015-08-17 16:22:45 : Spell Factory Full
2015-08-17 16:22:47 : Time Idle: 00:26:51
2015-08-17 16:22:47 : ====== Waiting for full army ======
2015-08-17 16:22:58 : Checking Army Camp...
2015-08-17 16:23:00 : Total Army Camp capacity: 127/220
2015-08-17 16:23:01 :  - No. of Giants: 19
2015-08-17 16:23:02 :  - No. of Wizards: 8
2015-08-17 16:23:02 : Training Troops...
2015-08-17 16:23:11 : Spell Factory Full
2015-08-17 16:23:13 : Time Idle: 00:27:17
2015-08-17 16:23:13 : ====== Waiting for full army ======
2015-08-17 16:23:25 : Checking Army Camp...
2015-08-17 16:23:27 : Total Army Camp capacity: 127/220
2015-08-17 16:23:28 :  - No. of Giants: 19
2015-08-17 16:23:28 :  - No. of Wizards: 8
2015-08-17 16:23:29 : Training Troops...
2015-08-17 16:23:38 : Spell Factory Full
2015-08-17 16:23:40 : Time Idle: 00:27:44
2015-08-17 16:23:40 : ====== Waiting for full army ======
2015-08-17 16:23:52 : Checking Army Camp...
2015-08-17 16:23:54 : Total Army Camp capacity: 127/220
2015-08-17 16:23:55 :  - No. of Giants: 19
2015-08-17 16:23:55 :  - No. of Wizards: 8
2015-08-17 16:23:56 : Training Troops...
2015-08-17 16:24:05 : Spell Factory Full
2015-08-17 16:24:07 : Time Idle: 00:28:10
2015-08-17 16:24:07 : ====== Waiting for full army ======
2015-08-17 16:24:19 : Checking Army Camp...
2015-08-17 16:24:21 : Total Army Camp capacity: 127/220
2015-08-17 16:24:22 :  - No. of Giants: 19
2015-08-17 16:24:22 :  - No. of Wizards: 8
2015-08-17 16:24:23 : Training Troops...
2015-08-17 16:24:32 : Spell Factory Full
2015-08-17 16:24:34 : Time Idle: 00:28:37
2015-08-17 16:24:34 : ====== Waiting for full army ======
2015-08-17 16:24:46 : Checking Army Camp...
2015-08-17 16:24:48 : Total Army Camp capacity: 127/220
2015-08-17 16:24:49 :  - No. of Giants: 19
2015-08-17 16:24:49 :  - No. of Wizards: 8
2015-08-17 16:24:49 : Training Troops...
2015-08-17 16:24:58 : Spell Factory Full
2015-08-17 16:25:00 : Time Idle: 00:29:03
2015-08-17 16:25:01 : ====== Waiting for full army ======
2015-08-17 16:25:12 : Checking Army Camp...
2015-08-17 16:25:14 : Total Army Camp capacity: 127/220
2015-08-17 16:25:15 :  - No. of Giants: 19
2015-08-17 16:25:15 :  - No. of Wizards: 8
2015-08-17 16:25:16 : Training Troops...
2015-08-17 16:25:25 : Spell Factory Full
2015-08-17 16:25:27 : Time Idle: 00:29:30
2015-08-17 16:25:27 : ====== Waiting for full army ======
2015-08-17 16:25:39 : Checking Army Camp...
2015-08-17 16:25:41 : Total Army Camp capacity: 143/220
2015-08-17 16:25:42 :  - No. of Giants: 19
2015-08-17 16:25:42 :  - No. of Wizards: 12
2015-08-17 16:25:43 : Training Troops...
2015-08-17 16:25:52 : Spell Factory Full
2015-08-17 16:25:54 : Time Idle: 00:29:57
2015-08-17 16:25:55 : ====== Waiting for full army ======
2015-08-17 16:26:06 : Checking Army Camp...
2015-08-17 16:26:08 : Total Army Camp capacity: 143/220
2015-08-17 16:26:09 :  - No. of Giants: 19
2015-08-17 16:26:09 :  - No. of Wizards: 12
2015-08-17 16:26:10 : Training Troops...
2015-08-17 16:26:19 : Spell Factory Full
2015-08-17 16:26:21 : Time Idle: 00:30:23
2015-08-17 16:26:21 : ====== Waiting for full army ======
2015-08-17 16:26:33 : Checking Army Camp...
2015-08-17 16:26:35 : Total Army Camp capacity: 143/220
2015-08-17 16:26:36 :  - No. of Giants: 19
2015-08-17 16:26:36 :  - No. of Wizards: 12
2015-08-17 16:26:37 : Training Troops...
2015-08-17 16:26:51 : Spell Factory not found...
2015-08-17 16:26:54 : Please wait for CoC restart......
2015-08-17 16:27:14 : Waiting for Main Screen
2015-08-17 16:31:02 : Unable to load CoC, attempt to fix it...
2015-08-17 16:31:02 : Stopping BlueStacks ....
2015-08-17 16:31:09 : Please wait for full BS shutdown....
2015-08-17 16:31:14 : BS stopped succesfully
2015-08-17 16:31:14 : Visible tray Count: 13
2015-08-17 16:31:14 : Hidden tray Count: 0
2015-08-17 16:31:15 : Starting BlueStacks and Clash Of Clans
2015-08-17 16:31:15 : Please wait while BS/CoC starts....
2015-08-17 16:31:44 : BlueStacks Loaded, took 28.89 seconds to begin.
2015-08-17 16:31:44 : Waiting for Main Screen after BS restart
2015-08-17 16:32:56 : Unable to load CoC, attempt to fix it...
2015-08-17 16:32:56 : Stopping BlueStacks ....
2015-08-17 16:33:04 : Please wait for full BS shutdown....
2015-08-17 16:33:09 : BS stopped succesfully
2015-08-17 16:33:09 : Visible tray Count: 13
2015-08-17 16:33:09 : Hidden tray Count: 0
2015-08-17 16:33:10 : Starting BlueStacks and Clash Of Clans
2015-08-17 16:33:10 : Please wait while BS/CoC starts....
2015-08-17 16:33:35 : BlueStacks Loaded, took 25.75 seconds to begin.
2015-08-17 16:33:35 : Waiting for Main Screen after BS restart
2015-08-17 16:33:51 : CoC main window took 16.05 seconds
2015-08-17 16:33:51 : Zooming Out
2015-08-17 16:34:36 : Unable to load CoC, attempt to fix it...
2015-08-17 16:34:36 : Stopping BlueStacks ....
2015-08-17 16:34:43 : Please wait for full BS shutdown....
2015-08-17 16:34:48 : BS stopped succesfully
2015-08-17 16:34:48 : Visible tray Count: 13
2015-08-17 16:34:48 : Hidden tray Count: 0
2015-08-17 16:34:49 : Starting BlueStacks and Clash Of Clans
2015-08-17 16:34:49 : Please wait while BS/CoC starts....
2015-08-17 16:35:12 : BlueStacks Loaded, took 22.97 seconds to begin.
2015-08-17 16:35:12 : Waiting for Main Screen after BS restart
2015-08-17 16:35:36 : CoC main window took 23.61 seconds
2015-08-17 16:35:36 : Zooming Out
2015-08-17 16:35:41 : Trying to locate Main Screen
2015-08-17 16:35:41 : Main Screen Located
2015-08-17 16:35:43 : Village Report
2015-08-17 16:35:43 : No. of Free/Total Builders: 0/4
2015-08-17 16:35:43 :  [T]: 2 680
2015-08-17 16:35:43 :  [G]: 2 865 221 [E]: 3 146 473 [D]: 30 923 [GEM]: 57
2015-08-17 16:35:44 : Collecting Resources
2015-08-17 16:35:57 : Chat Request: witch po sana
2015-08-17 16:35:57 : Witches Keyword found: witch
2015-08-17 16:36:00 : No Witches available to donate..
2015-08-17 16:36:02 : Chat Request: any
2015-08-17 16:36:02 : Custom Donation Keyword found: any
2015-08-17 16:36:03 : Donating 6 Giants
2015-08-17 16:36:07 : No Wizards available to donate..
2015-08-17 16:36:10 : No Archers available to donate..
2015-08-17 16:36:12 : Checking Army Camp...
2015-08-17 16:36:14 : Total Army Camp capacity: 174/220
2015-08-17 16:36:15 :  - No. of Giants: 22
2015-08-17 16:36:16 :  - No. of Wizards: 16
2015-08-17 16:36:16 : Training Troops...
2015-08-17 16:36:28 : Spell Factory Full
2015-08-17 16:36:29 : 0
2015-08-17 16:36:31 : Requesting Clan Castle Troops
2015-08-17 16:36:32 : Your Clan Castle is already full or you are not in a clan.
2015-08-17 16:36:33 : ====== Waiting for full army ======
2015-08-17 16:36:45 : Collecting Resources
2015-08-17 16:36:51 : Checking Army Camp...
2015-08-17 16:36:53 : Total Army Camp capacity: 174/220
2015-08-17 16:36:54 :  - No. of Giants: 22
2015-08-17 16:36:54 :  - No. of Wizards: 16
2015-08-17 16:36:55 : Training Troops...
2015-08-17 16:37:06 : Spell Factory Full
2015-08-17 16:37:08 : Time Idle: 00:00:34
2015-08-17 16:37:09 : ====== Waiting for full army ======
2015-08-17 16:37:21 : Checking Army Camp...
2015-08-17 16:37:23 : Total Army Camp capacity: 174/220
2015-08-17 16:37:24 : ClashGameBot was Paused!
2015-08-17 16:39:57 : ClashGameBot was Resumed.
2015-08-17 16:39:57 :  - No. of Giants: 22
2015-08-17 16:39:58 :  - No. of Wizards: 16
2015-08-17 16:39:58 : Training Troops...
2015-08-17 16:40:10 : Spell Factory Full
2015-08-17 16:40:10 : Created 1 Spell(s)
2015-08-17 16:40:12 : Time Idle: 00:03:38
2015-08-17 16:40:12 : ====== Waiting for full army ======
2015-08-17 16:40:24 : Checking Army Camp...
2015-08-17 16:40:26 : Total Army Camp capacity: 214/220
2015-08-17 16:40:27 :  - No. of Giants: 30
2015-08-17 16:40:27 :  - No. of Wizards: 16
2015-08-17 16:40:28 : Training Troops...
2015-08-17 16:40:38 : Spell Factory Full
2015-08-17 16:40:40 : Time Idle: 00:04:06
2015-08-17 16:40:40 : ====== Waiting for full army ======
2015-08-17 16:40:42 : Chat Request: witch po sana
2015-08-17 16:40:42 : Witches Keyword found: witch
2015-08-17 16:40:45 : No Witches available to donate..
2015-08-17 16:40:57 : Checking Army Camp...
2015-08-17 16:40:59 : Total Army Camp capacity: 214/220
2015-08-17 16:41:00 :  - No. of Giants: 30
2015-08-17 16:41:01 :  - No. of Wizards: 16
2015-08-17 16:41:01 : Training Troops...
2015-08-17 16:41:11 : Spell Factory Full
2015-08-17 16:41:13 : Time Idle: 00:04:39
2015-08-17 16:41:14 : ====== Waiting for full army ======
2015-08-17 16:41:25 : Checking Army Camp...
2015-08-17 16:41:27 : Total Army Camp capacity: 214/220
2015-08-17 16:41:28 :  - No. of Giants: 30
2015-08-17 16:41:28 :  - No. of Wizards: 16
2015-08-17 16:41:29 : Training Troops...
2015-08-17 16:41:40 : Spell Factory Full
2015-08-17 16:41:42 : Time Idle: 00:05:07
2015-08-17 16:41:42 : ====== Waiting for full army ======
2015-08-17 16:41:54 : Checking Army Camp...
2015-08-17 16:41:55 : Total Army Camp capacity: 219/220
2015-08-17 16:41:57 :  - No. of Giants: 31
2015-08-17 16:41:57 :  - No. of Wizards: 16
2015-08-17 16:41:57 : Training Troops...
2015-08-17 16:41:58 : Your Army Camps are now Full
2015-08-17 16:41:58 : Too many Arch, train last.
2015-08-17 16:42:22 : Spell Factory not found...
2015-08-17 16:42:24 : Going to Attack...
2015-08-17 16:42:31 :   1> [G]:  34497 [E]:  88746 [D]: 1180 [T]:17 [TH]: 9, In
2015-08-17 16:42:31 : Initiating attack for: Live Base
2015-08-17 16:42:34 : -Giants 1
2015-08-17 16:42:34 : -Wizards 16
2015-08-17 16:42:34 : -Clan Castle 
2015-08-17 16:42:34 : -King 
2015-08-17 16:42:34 : -Heal Spells 3
2015-08-17 16:42:34 : Live Base Hero Healing Mode Enabled
2015-08-17 16:42:35 : ============== Searching For Dead Base ===============
2015-08-17 16:42:35 : ~~~~~~~~~~~~~~~ SEARCH CONDITIONS ~~~~~~~~~~~~~~~~
2015-08-17 16:42:35 : Meet: Gold or Elixir, Max TH 8
2015-08-17 16:42:35 : ~~~~~~~~~~~~~~ RESOURCE CONDITIONS ~~~~~~~~~~~~~~~
2015-08-17 16:42:35 : Aim: [G]:      0 [E]:      0 [D]:    0 [T]: 0 [TH]: 8 for: Dead Base
2015-08-17 16:42:35 : ============== Searching For Live Base ===============
2015-08-17 16:42:35 : ~~~~~~~~~~~~~~~ SEARCH CONDITIONS ~~~~~~~~~~~~~~~~
2015-08-17 16:42:35 : Meet: Gold and Elixir
2015-08-17 16:42:35 : ~~~~~~~~~~~~~~ RESOURCE CONDITIONS ~~~~~~~~~~~~~~~
2015-08-17 16:42:35 : Aim: [G]: 999999 [E]: 999999 [D]:    0 [T]: 0 for: Live Base
2015-08-17 16:42:35 : ~~~~~~~~~~~~~~~ ADVANCED SETTINGS ~~~~~~~~~~~~~~~~
2015-08-17 16:42:35 : THSnipe Combo, 5 Tile(s), , Attack6:PB6
2015-08-17 16:42:35 : ==================================================
2015-08-17 16:42:37 :   1> [G]:  34497 [E]:  88746 [D]: 1180 [T]:17 [TH]: 9, In
2015-08-17 16:42:42 :   2> [G]:   7129 [E]: 151300 [D]: 2503 [T]:24 [TH]: 9, In
2015-08-17 16:42:46 :   3> [G]: 122592 [E]:  80453 [D]:  740 [T]:18 [TH]: 9, In
2015-08-17 16:42:50 :   4> [G]: 100588 [E]:  72230 [D]:  819 [T]:24 [TH]:10, In
2015-08-17 16:42:55 :   5> [G]:  33322 [E]: 149643 [D]: 1319 [T]:31 [TH]:10, In
2015-08-17 16:43:01 :   6> [G]:  37450 [E]:  67476 [D]:  102 [T]:12 [TH]: 9, In
2015-08-17 16:43:06 :   7> [G]:  93775 [E]: 156743 [D]: 1444 [T]:13 [TH]:10, In
2015-08-17 16:43:10 :   8> [G]:   4500 [E]:   4500 [D]:    0 [T]:12 [TH]: 9, In
2015-08-17 16:43:14 :   9> [G]:  80277 [E]:  91875 [D]:  755 [T]:12 [TH]: 9, In
2015-08-17 16:43:18 :  10> [G]:  77987 [E]:  93525 [D]:  591 [T]:13 [TH]: 9, In
2015-08-17 16:43:23 :  11> [G]: 126442 [E]: 110662 [D]: 1686 [T]:17 [TH]: 9, In
2015-08-17 16:43:27 :  12> [G]: 100069 [E]:  96750 [D]:  496 [T]:20 [TH]: 9, In
2015-08-17 16:43:31 : Checking Trapped TH
2015-08-17 16:43:31 : Inferno Tower Found
2015-08-17 16:43:31 :  13> [G]:  94873 [E]: 174127 [D]:  661 [T]:17 [TH]:10, Out
2015-08-17 16:43:31 : Inferno Tower found near TH, skipping...
2015-08-17 16:43:31 : Trap found, skipping base...
2015-08-17 16:43:39 :  14> [G]: 250566 [E]: 357828 [D]: 2348 [T]:33 [TH]:10, In
2015-08-17 16:43:43 :  15> [G]: 146547 [E]:  74851 [D]:  733 [T]:19 [TH]:10, In
2015-08-17 16:43:48 :  16> [G]:  14244 [E]:  19139 [D]:  402 [T]:28 [TH]:10, In
2015-08-17 16:43:51 :  17> [G]:  46341 [E]:  55652 [D]:  254 [T]:11 [TH]: 8, In
2015-08-17 16:43:52 : ~~~~~~~~~~~~~~~~ Not a Dead Base ~~~~~~~~~~~~~~~~~
2015-08-17 16:43:56 :  18> [G]:  68546 [E]:  54237 [D]: 2117 [T]:29 [TH]: 9, In
2015-08-17 16:44:02 :  19> [G]:  59373 [E]:  62670 [D]: 1512 [T]:13 [TH]:10, In
2015-08-17 16:44:09 :  20> [G]: 106094 [E]: 181411 [D]:  591 [T]:15 [TH]:10, In
2015-08-17 16:44:15 :  21> [G]:  19712 [E]: 142205 [D]:  680 [T]:14 [TH]: 9, In
2015-08-17 16:44:20 :  22> [G]: 159510 [E]:  21563 [D]:  549 [T]:28 [TH]: 9, In
2015-08-17 16:44:27 :  23> [G]: 159365 [E]: 101233 [D]: 1036 [T]:20 [TH]:10, In
2015-08-17 16:44:33 :  24> [G]: 146115 [E]:  29239 [D]:  538 [T]:28 [TH]:10, In
2015-08-17 16:44:36 :  25> [G]:  74498 [E]: 103459 [D]:  897 [T]:26 [TH]: 9, In
2015-08-17 16:44:40 :  26> [G]:  48620 [E]:  33805 [D]: 1113 [T]:13 [TH]: 9, In
2015-08-17 16:44:44 :  27> [G]:  70600 [E]:  37217 [D]:  152 [T]:21 [TH]:10, In
2015-08-17 16:44:49 :  28> [G]:  94084 [E]:  51582 [D]:  487 [T]:16 [TH]: 9, In
2015-08-17 16:44:56 :  29> [G]:  36713 [E]: 122464 [D]:  429 [T]:23 [TH]:10, In
2015-08-17 16:44:59 :  30> [G]:  41418 [E]: 106214 [D]:  336 [T]:15 [TH]: 9, In
2015-08-17 16:45:04 :  31> [G]:  15181 [E]: 126043 [D]: 1633 [T]:13 [TH]: 9, In
2015-08-17 16:45:08 :  32> [G]:  42181 [E]:  64152 [D]:  705 [T]:27 [TH]: 9, In
2015-08-17 16:45:14 :  33> [G]: 107802 [E]: 121327 [D]: 1722 [T]:29 [TH]:10, In
2015-08-17 16:45:20 :  34> [G]:  13243 [E]:  17841 [D]:  274 [T]:19 [TH]:10, In
2015-08-17 16:45:25 :  35> [G]: 106531 [E]: 136460 [D]: 3009 [T]:14 [TH]:10, In
2015-08-17 16:45:29 :  36> [G]: 178071 [E]: 175253 [D]: 1624 [T]:16 [TH]: 9, In
2015-08-17 16:45:36 :  37> [G]: 116292 [E]: 117453 [D]: 1054 [T]:19 [TH]:10, In
2015-08-17 16:45:42 :  38> [G]:  31900 [E]:  26819 [D]: 1511 [T]:17 [TH]: 9, In
2015-08-17 16:45:48 :  39> [G]:  56194 [E]:  11483 [D]:   61 [T]:17 [TH]: 9, In
2015-08-17 16:45:52 :  40> [G]:  79726 [E]: 102054 [D]: 1333 [T]:30 [TH]:10, In
2015-08-17 16:45:59 :  41> [G]:  69651 [E]:  66272 [D]:  750 [T]:33 [TH]:10, In
2015-08-17 16:46:03 :  42> [G]: 182293 [E]: 192540 [D]: 2486 [T]:30 [TH]: 9, In
2015-08-17 16:46:10 :  43> [G]: 146304 [E]: 191800 [D]: 1278 [T]:19 [TH]:10, In
2015-08-17 16:46:14 :  44> [G]:  60074 [E]:  26654 [D]:  199 [T]:15 [TH]: 9, In
2015-08-17 16:46:18 :  45> [G]:  37039 [E]:  81197 [D]:  294 [T]:35 [TH]: 9, In
2015-08-17 16:46:23 :  46> [G]:  59902 [E]:  61056 [D]: 1038 [T]:32 [TH]: 9, In
2015-08-17 16:46:29 :  47> [G]:  30784 [E]:  12744 [D]:  234 [T]:30 [TH]:10, In
2015-08-17 16:46:33 :  48> [G]:  93672 [E]:  96369 [D]:  927 [T]:17 [TH]: 9, In
2015-08-17 16:46:37 :  49> [G]:  55011 [E]:  23536 [D]: 1264 [T]:21 [TH]: 9, In
2015-08-17 16:46:43 :  50> [G]:  63579 [E]:  23818 [D]:  832 [T]:18 [TH]:10, In
2015-08-17 16:46:47 :  51> [G]: 123549 [E]: 101787 [D]: 2530 [T]:30 [TH]: 9, In
2015-08-17 16:46:51 :  52> [G]:   2360 [E]:   7990 [D]: 1942 [T]:18 [TH]: 9, In
2015-08-17 16:46:55 :  53> [G]:  41151 [E]:  76846 [D]:  759 [T]:21 [TH]: 9, In
2015-08-17 16:47:00 :  54> [G]:  22171 [E]:  44619 [D]:  209 [T]:30 [TH]: 9, In
2015-08-17 16:47:05 :  55> [G]:  47254 [E]:  93190 [D]:  347 [T]:14 [TH]: 9, In
2015-08-17 16:47:11 :  56> [G]:  49189 [E]:  84767 [D]: 1610 [T]:33 [TH]:10, In
2015-08-17 16:47:15 :  57> [G]:  19217 [E]: 117570 [D]:  306 [T]:18 [TH]: 9, In
2015-08-17 16:47:19 :  58> [G]:  36353 [E]:  15779 [D]: 1126 [T]:39 [TH]: 9, In
2015-08-17 16:47:24 :  59> [G]:  33968 [E]:  34152 [D]: 1336 [T]:23 [TH]: -, -
2015-08-17 16:47:28 :  60> [G]:  95662 [E]:  64009 [D]: 1462 [T]:28 [TH]: 9, In
2015-08-17 16:47:35 :  61> [G]:   9465 [E]:  74566 [D]: 1003 [T]:21 [TH]:10, In
2015-08-17 16:47:39 :  62> [G]:  35544 [E]:  68292 [D]: 1696 [T]:18 [TH]: 9, In
2015-08-17 16:47:45 :  63> [G]: 238412 [E]: 169535 [D]:  379 [T]:28 [TH]:10, In
2015-08-17 16:47:49 :  64> [G]:  25505 [E]:   2539 [D]:  136 [T]:15 [TH]:10, In
2015-08-17 16:47:53 :  65> [G]:  38637 [E]:  94595 [D]: 2828 [T]:22 [TH]: 9, In
2015-08-17 16:47:57 :  66> [G]:  42711 [E]:  96047 [D]:  824 [T]: 5 [TH]: 8, In
2015-08-17 16:47:57 : ~~~~~~~~~~~~~~~~ Not a Dead Base ~~~~~~~~~~~~~~~~~
2015-08-17 16:48:03 :  67> [G]:  86126 [E]: 295163 [D]: 3267 [T]:23 [TH]:10, In
2015-08-17 16:48:08 :  68> [G]:  38467 [E]:  37214 [D]:  792 [T]:18 [TH]: 9, In
2015-08-17 16:48:12 :  69> [G]:  15427 [E]:  33235 [D]:  937 [T]:18 [TH]: 9, In
2015-08-17 16:48:16 :  70> [G]: 180633 [E]:  35011 [D]:  225 [T]:22 [TH]: 9, In
2015-08-17 16:48:20 :  71> [G]:  44658 [E]:  44029 [D]:  689 [T]:20 [TH]: 9, In
2015-08-17 16:48:24 :  72> [G]:  49753 [E]:  97764 [D]:  682 [T]:16 [TH]: 9, In
2015-08-17 16:48:28 :  73> [G]:  66438 [E]:  97610 [D]:  890 [T]:18 [TH]: 9, In
2015-08-17 16:48:32 :  74> [G]:  84036 [E]: 147878 [D]:    9 [T]:14 [TH]: 9, In
2015-08-17 16:48:36 : Checking Trapped TH
2015-08-17 16:48:38 : Mortar Found
2015-08-17 16:48:38 :  75> [G]:   6530 [E]: 272003 [D]: 1351 [T]: 6 [TH]: 8, Out
2015-08-17 16:48:38 : Mortar found near TH, skipping...
2015-08-17 16:48:38 : Trap found, skipping base...
2015-08-17 16:48:38 : ~~~~~~~~~~~~~~~~ Not a Dead Base ~~~~~~~~~~~~~~~~~
2015-08-17 16:48:41 :  76> [G]:  65967 [E]:  33738 [D]:   67 [T]: 3 [TH]: 8, In
2015-08-17 16:48:42 : ~~~~~~~~~~~~~~~~ Not a Dead Base ~~~~~~~~~~~~~~~~~
2015-08-17 16:48:46 :  77> [G]: 140991 [E]:  47594 [D]:   18 [T]: 3 [TH]: 8, In
2015-08-17 16:48:46 : ~~~~~~~~~~~~~~~~ Not a Dead Base ~~~~~~~~~~~~~~~~~
2015-08-17 16:48:50 :  78> [G]:  90503 [E]: 139625 [D]:  590 [T]:23 [TH]: 9, In
2015-08-17 16:48:55 :  79> [G]:  64664 [E]: 154023 [D]:  285 [T]:19 [TH]:10, In
2015-08-17 16:48:59 :  80> [G]:  66493 [E]:  51759 [D]: 1968 [T]:13 [TH]: 9, In
2015-08-17 16:49:04 :  81> [G]:  25001 [E]:   4089 [D]:  660 [T]:25 [TH]: 9, In
2015-08-17 16:49:08 :  82> [G]:  44417 [E]:  92413 [D]: 1315 [T]:26 [TH]: 9, In
2015-08-17 16:49:13 :  83> [G]: 193963 [E]:  63848 [D]:  868 [T]:21 [TH]:10, In
2015-08-17 16:49:19 :  84> [G]:  50680 [E]: 188861 [D]: 1138 [T]:10 [TH]: 9, In
2015-08-17 16:49:23 :  85> [G]: 125317 [E]:  77216 [D]: 1051 [T]:25 [TH]: 9, In
2015-08-17 16:49:28 :  86> [G]:   6416 [E]:  65512 [D]:  391 [T]: 2 [TH]: 8, In
2015-08-17 16:49:28 : ~~~~~~~~~~~~~~~~ Not a Dead Base ~~~~~~~~~~~~~~~~~
2015-08-17 16:49:32 :  87> [G]:  27297 [E]: 106929 [D]:  619 [T]: 4 [TH]: 8, In
2015-08-17 16:49:32 : ~~~~~~~~~~~~~~~~ Not a Dead Base ~~~~~~~~~~~~~~~~~
2015-08-17 16:49:37 :  88> [G]:  14593 [E]: 192209 [D]:  467 [T]:24 [TH]: 9, In
2015-08-17 16:49:42 :  89> [G]:  21309 [E]: 129900 [D]:  761 [T]:12 [TH]: -, -
2015-08-17 16:49:46 :  90> [G]:   5138 [E]:  22448 [D]:  166 [T]:31 [TH]: 9, In
2015-08-17 16:49:50 :  91> [G]:  17595 [E]: 128749 [D]:  183 [T]:21 [TH]: 9, In
2015-08-17 16:49:54 :  92> [G]:  45962 [E]:  32520 [D]: 1101 [T]:21 [TH]: 9, In
2015-08-17 16:49:58 :  93> [G]:  22610 [E]: 108176 [D]: 1764 [T]:18 [TH]: 9, In
2015-08-17 16:50:04 :  94> [G]: 134624 [E]:  62018 [D]:  684 [T]:35 [TH]: 9, In
2015-08-17 16:50:10 :  95> [G]:  79326 [E]:   2370 [D]:  802 [T]: 6 [TH]: 9, In
2015-08-17 16:50:14 :  96> [G]:  25386 [E]: 138927 [D]: 1199 [T]:16 [TH]:10, In
2015-08-17 16:50:18 :  97> [G]: 203405 [E]: 156546 [D]:  719 [T]:21 [TH]: 9, In
2015-08-17 16:50:23 :  98> [G]:  37781 [E]: 121095 [D]: 1221 [T]:33 [TH]:10, In
2015-08-17 16:50:27 :  99> [G]:  27087 [E]:  39834 [D]:  680 [T]:14 [TH]: 9, In
2015-08-17 16:50:33 : 100> [G]:  12392 [E]: 121515 [D]:  852 [T]: 9 [TH]: 9, In
2015-08-17 16:50:39 : 101> [G]: 113162 [E]: 209181 [D]: 1023 [T]:20 [TH]: 9, In
2015-08-17 16:50:43 : 102> [G]: 134664 [E]:  51340 [D]:  697 [T]:14 [TH]: 9, In
2015-08-17 16:50:47 : 103> [G]:  72852 [E]: 236490 [D]: 1585 [T]:29 [TH]: 9, In
2015-08-17 16:50:52 : 104> [G]:  79777 [E]:  84666 [D]: 1137 [T]:34 [TH]:10, In
2015-08-17 16:50:56 : 105> [G]:  15277 [E]:  83508 [D]:  707 [T]:12 [TH]: 9, In
2015-08-17 16:51:01 : 106> [G]:  95339 [E]: 198343 [D]:  615 [T]:24 [TH]: 9, In
2015-08-17 16:51:05 : 107> [G]:  55312 [E]:   8354 [D]: 1505 [T]:25 [TH]: 9, In
2015-08-17 16:51:09 : 108> [G]:  17885 [E]:  52274 [D]:  181 [T]:29 [TH]:10, In
2015-08-17 16:51:13 : 109> [G]:  39856 [E]:  34052 [D]:  642 [T]: 7 [TH]: 9, In
2015-08-17 16:51:17 : 110> [G]:  91364 [E]: 239170 [D]: 1483 [T]:14 [TH]: 9, In
2015-08-17 16:51:22 : 111> [G]:  26651 [E]:  29518 [D]: 1474 [T]:18 [TH]: 9, In
2015-08-17 16:51:27 : 112> [G]: 183754 [E]: 208281 [D]:  824 [T]:19 [TH]:10, In
2015-08-17 16:51:31 : 113> [G]:  73139 [E]:  65725 [D]: 1110 [T]:21 [TH]: 9, In
2015-08-17 16:51:35 : 114> [G]: 251175 [E]: 206963 [D]:  792 [T]: 6 [TH]: 9, In
2015-08-17 16:51:38 : 115> [G]:   4731 [E]:  68442 [D]:   21 [T]: 2 [TH]: 8, In
2015-08-17 16:51:39 : ~~~~~~~~~~~~~~~~ Not a Dead Base ~~~~~~~~~~~~~~~~~
2015-08-17 16:51:42 : 116> [G]:  23778 [E]:  13493 [D]:  594 [T]: 2 [TH]: 8, In
2015-08-17 16:51:43 : ~~~~~~~~~~~~~~~~ Not a Dead Base ~~~~~~~~~~~~~~~~~
2015-08-17 16:51:47 : 117> [G]: 136314 [E]:  84961 [D]:  466 [T]:24 [TH]:10, In
2015-08-17 16:51:50 : 118> [G]:  22389 [E]: 151488 [D]:  565 [T]: 3 [TH]: 8, In
2015-08-17 16:51:51 : ~~~~~~~~~~~~~~~~ Not a Dead Base ~~~~~~~~~~~~~~~~~
2015-08-17 16:51:54 : 119> [G]:  10863 [E]:  36157 [D]:  360 [T]: 2 [TH]: 8, In
2015-08-17 16:51:54 : ~~~~~~~~~~~~~~~~ Not a Dead Base ~~~~~~~~~~~~~~~~~
2015-08-17 16:51:59 : 120> [G]:  55509 [E]: 131890 [D]:  462 [T]:16 [TH]: 9, In
2015-08-17 16:52:03 : 121> [G]: 218477 [E]:  67162 [D]:  838 [T]:14 [TH]: 9, In
2015-08-17 16:52:07 : 122> [G]: 329667 [E]: 274276 [D]: 1895 [T]:15 [TH]: 9, In
2015-08-17 16:52:12 : Checking Trapped TH
2015-08-17 16:52:13 : Mortar Found
2015-08-17 16:52:13 : 123> [G]:  59414 [E]:  85252 [D]:  836 [T]:13 [TH]: 9, Out
2015-08-17 16:52:13 : Mortar found near TH, skipping...
2015-08-17 16:52:13 : Trap found, skipping base...
2015-08-17 16:52:17 : 124> [G]:  93480 [E]:  16355 [D]: 1506 [T]:28 [TH]:10, In
2015-08-17 16:52:24 : 125> [G]:  70337 [E]:   6172 [D]: 1102 [T]:28 [TH]:10, In
2015-08-17 16:52:31 : 126> [G]:  69297 [E]:  82462 [D]:  368 [T]: 6 [TH]: 9, In
2015-08-17 16:52:35 : 127> [G]:  76412 [E]:  28122 [D]:  874 [T]: 1 [TH]: 8, In
2015-08-17 16:52:35 : ~~~~~~~~~~~~~~~~ Not a Dead Base ~~~~~~~~~~~~~~~~~
2015-08-17 16:52:40 : 128> [G]:  25248 [E]:  12513 [D]: 1497 [T]:15 [TH]: 9, In
2015-08-17 16:52:44 : 129> [G]:  36861 [E]:  19611 [D]:  195 [T]:16 [TH]: 9, In
2015-08-17 16:52:47 : 130> [G]:  37672 [E]:  35387 [D]:  526 [T]:11 [TH]: 9, In
2015-08-17 16:52:52 : 131> [G]:  40273 [E]: 195440 [D]:  652 [T]:21 [TH]: 9, In
2015-08-17 16:52:57 : 132> [G]:  17797 [E]:   5831 [D]:  557 [T]:11 [TH]: 9, In
2015-08-17 16:53:02 : 133> [G]: 158658 [E]: 179285 [D]: 1961 [T]:14 [TH]: 9, In
2015-08-17 16:53:06 : 134> [G]:  58752 [E]: 110401 [D]:  666 [T]:17 [TH]: 9, In
2015-08-17 16:53:10 : 135> [G]:  87721 [E]: 250919 [D]: 1195 [T]:12 [TH]:10, In
2015-08-17 16:53:15 : 136> [G]:  32366 [E]: 119374 [D]:  764 [T]:23 [TH]: 9, In
2015-08-17 16:53:19 : 137> [G]:  24177 [E]:  90738 [D]: 2144 [T]:20 [TH]: 9, In
2015-08-17 16:53:23 : 138> [G]: 156509 [E]:  37879 [D]:  984 [T]:11 [TH]: 9, In
2015-08-17 16:53:27 : 139> [G]: 126962 [E]:  93606 [D]:  705 [T]:21 [TH]: 9, In
2015-08-17 16:53:32 : 140> [G]: 270628 [E]: 206205 [D]: 1772 [T]:25 [TH]:10, In
2015-08-17 16:53:36 : 141> [G]: 131539 [E]:  96292 [D]: 1010 [T]:18 [TH]: 9, In
2015-08-17 16:53:40 : 142> [G]:  21277 [E]:  27606 [D]: 1569 [T]:22 [TH]:10, In
2015-08-17 16:53:44 : 143> [G]:  41208 [E]:  89775 [D]:  142 [T]: 8 [TH]: 9, In
2015-08-17 16:53:48 : 144> [G]:   5288 [E]:  75119 [D]:   35 [T]: 1 [TH]: 8, In
2015-08-17 16:53:48 : ~~~~~~~~~~~~~~~~ Not a Dead Base ~~~~~~~~~~~~~~~~~
2015-08-17 16:53:53 : 145> [G]:  48408 [E]:  71781 [D]: 1666 [T]:19 [TH]: 9, In
2015-08-17 16:53:57 : 146> [G]:  14524 [E]: 130976 [D]: 1600 [T]:32 [TH]:10, In
2015-08-17 16:54:01 : 147> [G]:  89994 [E]:  74102 [D]:  882 [T]: 7 [TH]: 9, In
2015-08-17 16:54:05 : 148> [G]:   4500 [E]:   4500 [D]:    0 [T]:12 [TH]: 9, In
2015-08-17 16:54:13 : 149> [G]:  44040 [E]:  82799 [D]: 1324 [T]:15 [TH]: 9, In
2015-08-17 16:54:17 : 150> [G]:  92532 [E]:  82314 [D]: 1260 [T]:27 [TH]: 9, In
2015-08-17 16:54:22 : 151> [G]: 120410 [E]:   5027 [D]:  633 [T]: 4 [TH]: 8, In
2015-08-17 16:54:22 : ~~~~~~~~~~~~~~~~ Not a Dead Base ~~~~~~~~~~~~~~~~~
2015-08-17 16:54:26 : 152> [G]:  69077 [E]:  59981 [D]:  561 [T]: 1 [TH]: 8, In
2015-08-17 16:54:26 : ~~~~~~~~~~~~~~~~ Not a Dead Base ~~~~~~~~~~~~~~~~~
2015-08-17 16:54:31 : 153> [G]: 130509 [E]: 279317 [D]:  641 [T]:30 [TH]:10, In
2015-08-17 16:54:36 : 154> [G]: 133237 [E]:  39685 [D]:  671 [T]:10 [TH]: 9, In
2015-08-17 16:54:40 : 155> [G]:  12693 [E]:  79994 [D]:  740 [T]:31 [TH]:10, In
2015-08-17 16:54:44 : 156> [G]:  68154 [E]: 102095 [D]: 1133 [T]:30 [TH]:10, In
2015-08-17 16:54:49 : 157> [G]:  92780 [E]: 154386 [D]: 2530 [T]:29 [TH]:10, In
2015-08-17 16:54:55 : 158> [G]:  51314 [E]:   7532 [D]: 1015 [T]: 9 [TH]: 9, In
2015-08-17 16:54:59 : 159> [G]:  85063 [E]: 112700 [D]:  113 [T]:10 [TH]: 9, In
2015-08-17 16:55:04 : 160> [G]: 179042 [E]:  93898 [D]:  180 [T]:16 [TH]: 9, In
2015-08-17 16:55:08 : 161> [G]:  12440 [E]:  23137 [D]:  194 [T]:16 [TH]: 9, In
2015-08-17 16:55:12 : 162> [G]:  64076 [E]: 292732 [D]:  637 [T]: 2 [TH]: 8, In
2015-08-17 16:55:12 : ~~~~~~~~~~~~~~~~ Not a Dead Base ~~~~~~~~~~~~~~~~~
2015-08-17 16:55:17 : Checking Trapped TH
2015-08-17 16:55:18 : Mortar Found
2015-08-17 16:55:18 : 163> [G]:  86785 [E]:  63344 [D]: 1332 [T]:23 [TH]: 9, Out
2015-08-17 16:55:18 : Mortar found near TH, skipping...
2015-08-17 16:55:18 : Trap found, skipping base...
2015-08-17 16:55:22 : 164> [G]:  41292 [E]:  29597 [D]: 1433 [T]:25 [TH]: 9, In
2015-08-17 16:55:26 : 165> [G]:   6514 [E]:  74784 [D]:  283 [T]:15 [TH]: 9, In
2015-08-17 16:55:30 : 166> [G]:  69662 [E]:  37642 [D]:  701 [T]:26 [TH]:10, In
2015-08-17 16:55:35 : 167> [G]: 120601 [E]:  56778 [D]:  545 [T]:16 [TH]: 9, In
2015-08-17 16:55:38 : 168> [G]: 173830 [E]: 135185 [D]:  956 [T]:24 [TH]: 9, In
2015-08-17 16:55:43 : 169> [G]:  77343 [E]: 187303 [D]:  372 [T]:11 [TH]: 9, In
2015-08-17 16:55:47 : 170> [G]: 146305 [E]: 136384 [D]:  789 [T]:17 [TH]:10, In
2015-08-17 16:55:51 : 171> [G]:  26605 [E]:  31943 [D]:  336 [T]: 1 [TH]: 7, In
2015-08-17 16:55:51 : ~~~~~~~~~~~~~~~~ Not a Dead Base ~~~~~~~~~~~~~~~~~
2015-08-17 16:55:55 : 172> [G]:  86953 [E]:  20563 [D]: 1087 [T]:17 [TH]: 9, In
2015-08-17 16:56:00 : 173> [G]:  53056 [E]:  79582 [D]:  542 [T]:16 [TH]: 9, In
2015-08-17 16:56:03 : 174> [G]:  99687 [E]:  98087 [D]:  580 [T]: 4 [TH]: 8, In
2015-08-17 16:56:04 : ~~~~~~~~~~~~~~~~ Not a Dead Base ~~~~~~~~~~~~~~~~~
2015-08-17 16:56:07 : 175> [G]:  21494 [E]:  72184 [D]:  211 [T]: 4 [TH]: 8, In
2015-08-17 16:56:07 : ~~~~~~~~~~~~~~~~ Not a Dead Base ~~~~~~~~~~~~~~~~~
2015-08-17 16:56:12 : 176> [G]:  76826 [E]:  37203 [D]: 1230 [T]:28 [TH]: 9, In
2015-08-17 16:56:16 : 177> [G]:  51937 [E]:  80175 [D]:  997 [T]:28 [TH]: 9, In
2015-08-17 16:56:20 : 178> [G]:  47376 [E]:  32842 [D]: 1012 [T]:15 [TH]: 9, In
2015-08-17 16:56:24 : 179> [G]:  50169 [E]:  43208 [D]:  667 [T]:13 [TH]: 9, In
2015-08-17 16:56:29 : 180> [G]:  55860 [E]:  24386 [D]: 1277 [T]:21 [TH]: 9, In
2015-08-17 16:56:33 : 181> [G]:  72218 [E]: 107381 [D]:  731 [T]:24 [TH]:10, In
2015-08-17 16:56:37 : 182> [G]:   1034 [E]:  30141 [D]: 1093 [T]: 3 [TH]: 8, In
2015-08-17 16:56:38 : ~~~~~~~~~~~~~~~~ Not a Dead Base ~~~~~~~~~~~~~~~~~
2015-08-17 16:56:42 : 183> [G]:  46982 [E]: 109373 [D]: 1206 [T]:14 [TH]: 9, In
2015-08-17 16:56:46 : 184> [G]:  99961 [E]: 116146 [D]: 1478 [T]:28 [TH]:10, In
2015-08-17 16:56:50 : 185> [G]:  81786 [E]:  43631 [D]:  128 [T]: 5 [TH]: 8, In
2015-08-17 16:56:50 : ~~~~~~~~~~~~~~~~ Not a Dead Base ~~~~~~~~~~~~~~~~~
2015-08-17 16:56:55 : 186> [G]:  12377 [E]: 105063 [D]: 1470 [T]:12 [TH]: 9, In
2015-08-17 16:56:58 : 187> [G]:  57874 [E]:   9481 [D]:  861 [T]:27 [TH]: 9, In
2015-08-17 16:57:03 : 188> [G]: 256993 [E]:  99270 [D]: 3289 [T]:15 [TH]:10, In
2015-08-17 16:57:07 : 189> [G]:  22793 [E]:  39863 [D]:  631 [T]: 4 [TH]: 8, In
2015-08-17 16:57:07 : ~~~~~~~~~~~~~~~~ Not a Dead Base ~~~~~~~~~~~~~~~~~
2015-08-17 16:57:12 : 190> [G]: 144520 [E]: 214538 [D]: 2336 [T]:25 [TH]: 9, In
2015-08-17 16:57:16 : 191> [G]:  33600 [E]:  69434 [D]: 1357 [T]:19 [TH]: 9, In
2015-08-17 16:57:21 : Checking Trapped TH
2015-08-17 16:57:21 : Inferno Tower Found
2015-08-17 16:57:21 : Inferno Tower Found
2015-08-17 16:57:21 : Inferno Tower Found
2015-08-17 16:57:22 : Wizard Tower Found
2015-08-17 16:57:22 : 192> [G]:  40156 [E]: 180401 [D]:  832 [T]:31 [TH]:10, Out
2015-08-17 16:57:22 : Defense found, but not near TH.
2015-08-17 16:57:22 : ~~~~~~~~~~~~~~~ TH Outside Found! ~~~~~~~~~~~~~~~~
2015-08-17 16:57:22 : ================ Search Complete =================
2015-08-17 16:57:22 : Initiating attack for: TH Snipe
2015-08-17 16:57:25 : -Giants 1
2015-08-17 16:57:25 : -Wizards 16
2015-08-17 16:57:25 : -Clan Castle 
2015-08-17 16:57:25 : -King 
2015-08-17 16:57:25 : -Heal Spells 3
2015-08-17 16:57:25 :  ====== Start Attack ====== 
2015-08-17 16:57:27 : Free meal
2015-08-17 16:57:27 : No  troop Found!!!
2015-08-17 16:57:28 : No  troop Found!!!
2015-08-17 16:57:53 : Fool me once shame on you, fool me twice shame on me
2015-08-17 16:57:53 : No  troop Found!!!
2015-08-17 16:57:53 : No  troop Found!!!
2015-08-17 16:57:53 : No  troop Found!!!
2015-08-17 16:57:53 : No  troop Found!!!
2015-08-17 16:57:53 : No  troop Found!!!
2015-08-17 16:58:19 : Now I am really angry!
2015-08-17 16:58:19 : Dropping first wave of 1 Giants
2015-08-17 16:58:21 : Deployment of Giants Successful!
2015-08-17 16:58:22 : Dropping second wave of 9 Giants
2015-08-17 16:58:24 : Deployment of Giants Successful!
2015-08-17 16:58:25 : No  troop Found!!!
2015-08-17 16:58:25 : No  troop Found!!!
2015-08-17 16:58:25 : No  troop Found!!!
2015-08-17 16:58:25 : No  troop Found!!!
2015-08-17 16:58:25 : Dropping only wave of 10 Wizards
2015-08-17 16:58:27 : Deployment of Wizards Successful!
2015-08-17 16:58:53 : ALL IN!!!
2015-08-17 16:58:53 : Dropping Heal Spells Spell!
2015-08-17 16:58:53 : No  troop Found!!!
2015-08-17 16:58:53 : No  troop Found!!!
2015-08-17 16:58:53 : No  troop Found!!!
2015-08-17 16:58:53 : No  troop Found!!!
2015-08-17 16:58:53 : Dropping first wave of 10 Giants
2015-08-17 16:58:56 : Deployment of Giants Successful!
2015-08-17 16:58:57 : Dropping King
2015-08-17 16:58:59 : Dropping Clan Castle
2015-08-17 16:58:59 : Waiting 4 seconds before activating King/Queen
2015-08-17 16:59:04 : Activate King's power
2015-08-17 16:59:04 : No  troop Found!!!
2015-08-17 16:59:04 : No  troop Found!!!
2015-08-17 16:59:04 : No  troop Found!!!
2015-08-17 16:59:04 : No  troop Found!!!
2015-08-17 16:59:04 : No  troop Found!!!
2015-08-17 16:59:04 : No  troop Found!!!
2015-08-17 16:59:04 : No  troop Found!!!
2015-08-17 16:59:04 : No  troop Found!!!
2015-08-17 16:59:04 : Dropping first wave of 10 Wizards
2015-08-17 16:59:06 : Deployment of Wizards Successful!
2015-08-17 16:59:07 : Dropping King
2015-08-17 16:59:09 : Dropping Clan Castle
2015-08-17 16:59:09 : Waiting 4 seconds before activating King/Queen
2015-08-17 16:59:13 : Activate King's power
2015-08-17 16:59:13 : No  troop Found!!!
2015-08-17 16:59:13 : No  troop Found!!!
2015-08-17 16:59:14 : No  troop Found!!!
2015-08-17 16:59:14 : No  troop Found!!!
2015-08-17 16:59:14 : No  troop Found!!!
2015-08-17 16:59:14 : No  troop Found!!!
2015-08-17 16:59:14 : Dropping second wave of 10 Giants
2015-08-17 16:59:17 : Deployment of Giants Successful!
2015-08-17 16:59:17 : Dropping King
2015-08-17 16:59:19 : Dropping Clan Castle
2015-08-17 16:59:20 : Waiting 4 seconds before activating King/Queen
2015-08-17 16:59:24 : Activate King's power
2015-08-17 16:59:24 : No  troop Found!!!
2015-08-17 16:59:24 : No  troop Found!!!
2015-08-17 16:59:24 : No  troop Found!!!
2015-08-17 16:59:24 : No  troop Found!!!
2015-08-17 16:59:24 : No  troop Found!!!
2015-08-17 16:59:24 : No  troop Found!!!
2015-08-17 16:59:24 : No  troop Found!!!
2015-08-17 16:59:24 : No  troop Found!!!
2015-08-17 16:59:25 : No Wizards troop Found!!!
2015-08-17 16:59:25 : No  troop Found!!!
2015-08-17 16:59:25 : No  troop Found!!!
2015-08-17 17:00:24 : Checking if the battle has finished
2015-08-17 17:00:26 : detected [G]:  [E]:  [DE]:  |  Exit now 
2015-08-17 17:00:26 : Battle has finished
2015-08-17 17:00:26 : Returning Home
2015-08-17 17:00:30 : Loot: [G]: 8 905 [E]: 3 539 [DE]:  [T]: -18
2015-08-17 17:00:30 : Stars earned: 0
2015-08-17 17:00:38 : Trying to locate Main Screen
2015-08-17 17:00:38 : Main Screen Located
2015-08-17 17:00:39 : Village Report
2015-08-17 17:00:39 : No. of Free/Total Builders: 0/4
2015-08-17 17:00:39 :  [T]: 2 662
2015-08-17 17:00:40 :  [G]: 2 736 593 [E]: 2 995 380 [D]: 30 935 [GEM]: 57
2015-08-17 17:00:40 : Collecting Resources
2015-08-17 17:00:53 : Chat Request: any
2015-08-17 17:00:53 : Custom Donation Keyword found: any
2015-08-17 17:00:54 : Donating 6 Giants
2015-08-17 17:00:58 : No Wizards available to donate..
2015-08-17 17:01:01 : No Archers available to donate..
2015-08-17 17:01:02 : Chat Request: witch po sana
2015-08-17 17:01:02 : Witches Keyword found: witch
2015-08-17 17:01:06 : No Witches available to donate..
2015-08-17 17:01:07 : Checking Army Camp...
2015-08-17 17:01:09 : Total Army Camp capacity: 145/220
2015-08-17 17:01:10 :  - No. of Giants: 29
2015-08-17 17:01:11 : Barracks and Spell factory status: 
2015-08-17 17:01:11 : - Barracks detected: 4 | Available: 4 | Upgrading: 0
2015-08-17 17:01:11 : - Dark Barracks detected: 2 | Available: 2 | Upgrading: 0
2015-08-17 17:01:11 : - Spell factory detected: 1 | Available: 1 | Upgrading: 0
2015-08-17 17:01:11 : - Dark Spell factory detected: 1 | Available: 1 | Upgrading: 0
2015-08-17 17:01:11 : Training Troops...
2015-08-17 17:01:28 : Spell Factory Full
2015-08-17 17:01:28 : Created 1 Spell(s)
2015-08-17 17:01:29 : 0
2015-08-17 17:01:31 : Requesting Clan Castle Troops
2015-08-17 17:01:37 : ====== Waiting for full army ======
2015-08-17 17:01:49 : Checking Army Camp...
2015-08-17 17:01:51 : Total Army Camp capacity: 145/220
2015-08-17 17:01:52 :  - No. of Giants: 29
2015-08-17 17:01:52 : Training Troops...
2015-08-17 17:02:01 : Spell Factory Full
2015-08-17 17:02:03 : Time Idle: 00:00:26
2015-08-17 17:02:03 : ====== Waiting for full army ======
2015-08-17 17:02:15 : Checking Army Camp...
2015-08-17 17:02:17 : Total Army Camp capacity: 145/220
2015-08-17 17:02:18 :  - No. of Giants: 29
2015-08-17 17:02:19 : Training Troops...
2015-08-17 17:02:28 : Spell Factory Full
2015-08-17 17:02:30 : Time Idle: 00:00:52
2015-08-17 17:02:30 : ====== Waiting for full army ======
2015-08-17 17:02:42 : Checking Army Camp...
2015-08-17 17:02:43 : Total Army Camp capacity: 145/220
2015-08-17 17:02:44 :  - No. of Giants: 29
2015-08-17 17:02:45 : Training Troops...
2015-08-17 17:02:54 : Spell Factory Full
2015-08-17 17:02:56 : Time Idle: 00:01:18
2015-08-17 17:02:57 : ====== Waiting for full army ======
2015-08-17 17:03:08 : Checking Army Camp...
2015-08-17 17:03:10 : Total Army Camp capacity: 145/220
2015-08-17 17:03:11 :  - No. of Giants: 29
2015-08-17 17:03:12 : Training Troops...
2015-08-17 17:03:21 : Spell Factory Full
2015-08-17 17:03:23 : Time Idle: 00:01:45
2015-08-17 17:03:23 : ====== Waiting for full army ======
2015-08-17 17:03:35 : Checking Army Camp...
2015-08-17 17:03:37 : Total Army Camp capacity: 145/220
2015-08-17 17:03:38 :  - No. of Giants: 29
2015-08-17 17:03:39 : Training Troops...
2015-08-17 17:03:47 : Spell Factory Full
2015-08-17 17:03:49 : Time Idle: 00:02:11
2015-08-17 17:03:50 : ====== Waiting for full army ======
2015-08-17 17:04:01 : Collecting Resources
2015-08-17 17:04:08 : Checking Army Camp...
2015-08-17 17:04:09 : Total Army Camp capacity: 145/220
2015-08-17 17:04:11 :  - No. of Giants: 29
2015-08-17 17:04:11 : Training Troops...
2015-08-17 17:04:20 : Spell Factory Full
2015-08-17 17:04:22 : Time Idle: 00:02:43
2015-08-17 17:04:22 : ====== Waiting for full army ======
2015-08-17 17:04:34 : Checking Army Camp...
2015-08-17 17:04:36 : Total Army Camp capacity: 145/220
2015-08-17 17:04:37 :  - No. of Giants: 29
2015-08-17 17:04:38 : Training Troops...
2015-08-17 17:04:47 : Spell Factory Full
2015-08-17 17:04:49 : Time Idle: 00:03:10
2015-08-17 17:04:49 : ====== Waiting for full army ======
2015-08-17 17:05:01 : Checking Army Camp...
2015-08-17 17:05:03 : Total Army Camp capacity: 145/220
2015-08-17 17:05:04 :  - No. of Giants: 29
2015-08-17 17:05:05 : Training Troops...
2015-08-17 17:05:13 : Spell Factory Full
2015-08-17 17:05:15 : Time Idle: 00:03:36
2015-08-17 17:05:16 : ====== Waiting for full army ======
2015-08-17 17:05:27 : Checking Army Camp...
2015-08-17 17:05:29 : Total Army Camp capacity: 145/220
2015-08-17 17:05:30 :  - No. of Giants: 29
2015-08-17 17:05:31 : Training Troops...
2015-08-17 17:05:40 : Spell Factory Full
2015-08-17 17:05:42 : Time Idle: 00:04:02
2015-08-17 17:05:42 : ====== Waiting for full army ======
2015-08-17 17:05:54 : Checking Army Camp...
2015-08-17 17:05:56 : Total Army Camp capacity: 145/220
2015-08-17 17:05:57 :  - No. of Giants: 29
2015-08-17 17:05:58 : Training Troops...
2015-08-17 17:06:07 : Spell Factory Full
2015-08-17 17:06:09 : Time Idle: 00:04:29
2015-08-17 17:06:09 : ====== Waiting for full army ======
2015-08-17 17:06:21 : Checking Army Camp...
2015-08-17 17:06:22 : Total Army Camp capacity: 145/220
2015-08-17 17:06:23 :  - No. of Giants: 29
2015-08-17 17:06:24 : Training Troops...
2015-08-17 17:06:33 : Spell Factory Full
2015-08-17 17:06:35 : Time Idle: 00:04:55
2015-08-17 17:06:35 : ====== Waiting for full army ======
2015-08-17 17:06:47 : Checking Army Camp...
2015-08-17 17:06:49 : Total Army Camp capacity: 145/220
2015-08-17 17:06:50 :  - No. of Giants: 29
2015-08-17 17:06:51 : Training Troops...
2015-08-17 17:06:59 : Spell Factory Full
2015-08-17 17:07:02 : Time Idle: 00:05:21
2015-08-17 17:07:02 : ====== Waiting for full army ======
2015-08-17 17:07:14 : Checking Army Camp...
2015-08-17 17:07:15 : Total Army Camp capacity: 145/220
2015-08-17 17:07:17 :  - No. of Giants: 29
2015-08-17 17:07:17 : Training Troops...
2015-08-17 17:07:26 : Spell Factory Full
2015-08-17 17:07:28 : Time Idle: 00:05:47
2015-08-17 17:07:28 : ====== Waiting for full army ======
2015-08-17 17:07:40 : Checking Army Camp...
2015-08-17 17:07:42 : Total Army Camp capacity: 145/220
2015-08-17 17:07:43 :  - No. of Giants: 29
2015-08-17 17:07:43 : Training Troops...
2015-08-17 17:07:52 : Spell Factory Full
2015-08-17 17:07:54 : Time Idle: 00:06:13
2015-08-17 17:07:55 : ====== Waiting for full army ======
2015-08-17 17:08:06 : Checking Army Camp...
2015-08-17 17:08:08 : Total Army Camp capacity: 145/220
2015-08-17 17:08:09 :  - No. of Giants: 29
2015-08-17 17:08:10 : Training Troops...
2015-08-17 17:08:19 : Spell Factory Full
2015-08-17 17:08:21 : Time Idle: 00:06:39
2015-08-17 17:08:21 : ====== Waiting for full army ======
2015-08-17 17:08:33 : Checking Army Camp...
2015-08-17 17:08:34 : Total Army Camp capacity: 145/220
2015-08-17 17:08:36 :  - No. of Giants: 29
2015-08-17 17:08:36 : Training Troops...
2015-08-17 17:08:45 : Spell Factory Full
2015-08-17 17:08:47 : Time Idle: 00:07:06
2015-08-17 17:08:47 : ====== Waiting for full army ======
2015-08-17 17:08:59 : Collecting Resources
2015-08-17 17:09:05 : Checking Army Camp...
2015-08-17 17:09:07 : Total Army Camp capacity: 145/220
2015-08-17 17:09:08 :  - No. of Giants: 29
2015-08-17 17:09:09 : Training Troops...
2015-08-17 17:09:18 : Spell Factory Full
2015-08-17 17:09:20 : Time Idle: 00:07:38
2015-08-17 17:09:20 : ====== Waiting for full army ======
2015-08-17 17:09:32 : Checking Army Camp...
2015-08-17 17:09:33 : Total Army Camp capacity: 161/220
2015-08-17 17:09:35 :  - No. of Giants: 29
2015-08-17 17:09:35 :  - No. of Wizards: 4
2015-08-17 17:09:35 : Training Troops...
2015-08-17 17:09:44 : Spell Factory Full
2015-08-17 17:09:46 : Time Idle: 00:08:04
2015-08-17 17:09:47 : ====== Waiting for full army ======
2015-08-17 17:09:58 : Checking Army Camp...
2015-08-17 17:10:00 : Total Army Camp capacity: 161/220
2015-08-17 17:10:01 :  - No. of Giants: 29
2015-08-17 17:10:01 :  - No. of Wizards: 4
2015-08-17 17:10:02 : Training Troops...
2015-08-17 17:10:11 : Spell Factory Full
2015-08-17 17:10:13 : Time Idle: 00:08:31
2015-08-17 17:10:13 : ====== Waiting for full army ======
2015-08-17 17:10:25 : Checking Army Camp...
2015-08-17 17:10:27 : Total Army Camp capacity: 161/220
2015-08-17 17:10:28 :  - No. of Giants: 29
2015-08-17 17:10:28 :  - No. of Wizards: 4
2015-08-17 17:10:29 : Training Troops...
2015-08-17 17:10:38 : Spell Factory Full
2015-08-17 17:10:39 : Time Idle: 00:08:57
2015-08-17 17:10:40 : ====== Waiting for full army ======
2015-08-17 17:10:51 : Checking Army Camp...
2015-08-17 17:10:53 : Total Army Camp capacity: 161/220
2015-08-17 17:10:54 :  - No. of Giants: 29
2015-08-17 17:10:55 :  - No. of Wizards: 4
2015-08-17 17:10:55 : Training Troops...
2015-08-17 17:11:04 : Spell Factory Full
2015-08-17 17:11:06 : Time Idle: 00:09:23
2015-08-17 17:11:06 : ====== Waiting for full army ======
2015-08-17 17:11:18 : Checking Army Camp...
2015-08-17 17:11:20 : Total Army Camp capacity: 161/220
2015-08-17 17:11:21 :  - No. of Giants: 29
2015-08-17 17:11:21 :  - No. of Wizards: 4
2015-08-17 17:11:22 : Training Troops...
2015-08-17 17:11:31 : Spell Factory Full
2015-08-17 17:11:33 : Time Idle: 00:09:50
2015-08-17 17:11:33 : ====== Waiting for full army ======
2015-08-17 17:11:45 : Checking Army Camp...
2015-08-17 17:11:47 : Total Army Camp capacity: 161/220
2015-08-17 17:11:48 :  - No. of Giants: 29
2015-08-17 17:11:48 :  - No. of Wizards: 4
2015-08-17 17:11:49 : Training Troops...
2015-08-17 17:11:57 : Spell Factory Full
2015-08-17 17:11:59 : Time Idle: 00:10:16
2015-08-17 17:11:59 : ====== Waiting for full army ======
2015-08-17 17:12:07 : Chat Request: any
2015-08-17 17:12:07 : Custom Donation Keyword found: any
2015-08-17 17:12:07 : Donating 6 Giants
2015-08-17 17:12:11 : No Wizards available to donate..
2015-08-17 17:12:15 : No Archers available to donate..
2015-08-17 17:12:16 : Chat Request: witch po sana
2015-08-17 17:12:16 : Witches Keyword found: witch
2015-08-17 17:12:19 : No Witches available to donate..
2015-08-17 17:12:26 : Checking Army Camp...
2015-08-17 17:12:28 : Total Army Camp capacity: 141/220
2015-08-17 17:12:29 :  - No. of Giants: 25
2015-08-17 17:12:29 :  - No. of Wizards: 4
2015-08-17 17:12:30 : Training Troops...
2015-08-17 17:12:39 : Spell Factory Full
2015-08-17 17:12:41 : Time Idle: 00:10:57
2015-08-17 17:12:41 : ====== Waiting for full army ======
2015-08-17 17:12:53 : Checking Army Camp...
2015-08-17 17:12:55 : Total Army Camp capacity: 141/220
2015-08-17 17:12:56 :  - No. of Giants: 25
2015-08-17 17:12:56 :  - No. of Wizards: 4
2015-08-17 17:12:57 : Training Troops...
2015-08-17 17:13:05 : Spell Factory Full
2015-08-17 17:13:07 : Time Idle: 00:11:23
2015-08-17 17:13:07 : ====== Waiting for full army ======
2015-08-17 17:13:19 : Checking Army Camp...
2015-08-17 17:13:21 : Total Army Camp capacity: 141/220
2015-08-17 17:13:22 :  - No. of Giants: 25
2015-08-17 17:13:22 :  - No. of Wizards: 4
2015-08-17 17:13:23 : Training Troops...
2015-08-17 17:13:32 : Spell Factory Full
2015-08-17 17:13:34 : Time Idle: 00:11:50
2015-08-17 17:13:34 : ====== Waiting for full army ======
2015-08-17 17:13:46 : Checking Army Camp...
2015-08-17 17:13:48 : Total Army Camp capacity: 141/220
2015-08-17 17:13:49 :  - No. of Giants: 25
2015-08-17 17:13:49 :  - No. of Wizards: 4
2015-08-17 17:13:50 : Training Troops...
2015-08-17 17:13:58 : Spell Factory Full
2015-08-17 17:14:00 : Time Idle: 00:12:16
2015-08-17 17:14:01 : ====== Waiting for full army ======
2015-08-17 17:14:12 : Collecting Resources
2015-08-17 17:14:21 : Checking Army Camp...
2015-08-17 17:14:23 : Total Army Camp capacity: 141/220
2015-08-17 17:14:24 :  - No. of Giants: 25
2015-08-17 17:14:24 :  - No. of Wizards: 4
2015-08-17 17:14:25 : Training Troops...
2015-08-17 17:14:34 : Spell Factory Full
2015-08-17 17:14:36 : Time Idle: 00:12:51
2015-08-17 17:14:36 : ====== Waiting for full army ======
2015-08-17 17:14:48 : Checking Army Camp...
2015-08-17 17:14:50 : Total Army Camp capacity: 141/220
2015-08-17 17:14:51 :  - No. of Giants: 25
2015-08-17 17:14:51 :  - No. of Wizards: 4
2015-08-17 17:14:52 : Training Troops...
2015-08-17 17:15:00 : Spell Factory Full
2015-08-17 17:15:02 : Time Idle: 00:13:17
2015-08-17 17:15:02 : ====== Waiting for full army ======
2015-08-17 17:15:14 : Checking Army Camp...
2015-08-17 17:15:16 : Total Army Camp capacity: 141/220
2015-08-17 17:15:17 :  - No. of Giants: 25
2015-08-17 17:15:17 :  - No. of Wizards: 4
2015-08-17 17:15:18 : Training Troops...
2015-08-17 17:15:27 : Spell Factory Full
2015-08-17 17:15:29 : Time Idle: 00:13:44
2015-08-17 17:15:29 : ====== Waiting for full army ======
2015-08-17 17:15:41 : Checking Army Camp...
2015-08-17 17:15:43 : Total Army Camp capacity: 141/220
2015-08-17 17:15:44 :  - No. of Giants: 25
2015-08-17 17:15:44 :  - No. of Wizards: 4
2015-08-17 17:15:45 : Training Troops...
2015-08-17 17:15:53 : Spell Factory Full
2015-08-17 17:15:55 : Time Idle: 00:14:10
2015-08-17 17:15:56 : ====== Waiting for full army ======
2015-08-17 17:16:07 : Checking Army Camp...
2015-08-17 17:16:09 : Total Army Camp capacity: 141/220
2015-08-17 17:16:10 :  - No. of Giants: 25
2015-08-17 17:16:10 :  - No. of Wizards: 4
2015-08-17 17:16:11 : Training Troops...
2015-08-17 17:16:20 : Spell Factory Full
2015-08-17 17:16:22 : Time Idle: 00:14:36
2015-08-17 17:16:22 : ====== Waiting for full army ======
2015-08-17 17:16:34 : Checking Army Camp...
2015-08-17 17:16:36 : Total Army Camp capacity: 141/220
2015-08-17 17:16:37 :  - No. of Giants: 25
2015-08-17 17:16:37 :  - No. of Wizards: 4
2015-08-17 17:16:38 : Training Troops...
2015-08-17 17:16:47 : Spell Factory Full
2015-08-17 17:16:49 : Time Idle: 00:15:03
2015-08-17 17:16:49 : ====== Waiting for full army ======
2015-08-17 17:17:01 : Checking Army Camp...
2015-08-17 17:17:03 : Total Army Camp capacity: 141/220
2015-08-17 17:17:04 :  - No. of Giants: 25
2015-08-17 17:17:04 :  - No. of Wizards: 4
2015-08-17 17:17:04 : Training Troops...
2015-08-17 17:17:13 : Spell Factory Full
2015-08-17 17:17:15 : Time Idle: 00:15:29
2015-08-17 17:17:16 : ====== Waiting for full army ======
2015-08-17 17:17:27 : Checking Army Camp...
2015-08-17 17:17:29 : Total Army Camp capacity: 157/220
2015-08-17 17:17:30 :  - No. of Giants: 25
2015-08-17 17:17:30 :  - No. of Wizards: 8
2015-08-17 17:17:31 : Training Troops...
2015-08-17 17:17:40 : Spell Factory Full
2015-08-17 17:17:42 : Time Idle: 00:15:56
2015-08-17 17:17:42 : ====== Waiting for full army ======
2015-08-17 17:17:54 : Checking Army Camp...
2015-08-17 17:17:56 : Total Army Camp capacity: 157/220
2015-08-17 17:17:57 :  - No. of Giants: 25
2015-08-17 17:17:57 :  - No. of Wizards: 8
2015-08-17 17:17:58 : Training Troops...
2015-08-17 17:18:08 : Spell Factory Full
2015-08-17 17:18:08 : Created 1 Spell(s)
2015-08-17 17:18:10 : Time Idle: 00:16:23
2015-08-17 17:18:10 : ====== Waiting for full army ======
2015-08-17 17:18:22 : Checking Army Camp...
2015-08-17 17:18:24 : Total Army Camp capacity: 157/220
2015-08-17 17:18:25 :  - No. of Giants: 25
2015-08-17 17:18:25 :  - No. of Wizards: 8
2015-08-17 17:18:26 : Training Troops...
2015-08-17 17:18:35 : Spell Factory Full
2015-08-17 17:18:37 : Time Idle: 00:16:50
2015-08-17 17:18:37 : ====== Waiting for full army ======
2015-08-17 17:18:49 : Checking Army Camp...
2015-08-17 17:18:50 : Total Army Camp capacity: 157/220
2015-08-17 17:18:52 :  - No. of Giants: 25
2015-08-17 17:18:52 :  - No. of Wizards: 8
2015-08-17 17:18:52 : Training Troops...
2015-08-17 17:19:01 : Spell Factory Full
2015-08-17 17:19:03 : Time Idle: 00:17:16
2015-08-17 17:19:03 : ====== Waiting for full army ======
2015-08-17 17:19:15 : Collecting Resources
2015-08-17 17:19:21 : Checking Army Camp...
2015-08-17 17:19:23 : Total Army Camp capacity: 157/220
2015-08-17 17:19:24 :  - No. of Giants: 25
2015-08-17 17:19:24 :  - No. of Wizards: 8
2015-08-17 17:19:25 : Training Troops...
2015-08-17 17:19:34 : Spell Factory Full
2015-08-17 17:19:36 : Time Idle: 00:17:48
2015-08-17 17:19:36 : ====== Waiting for full army ======
2015-08-17 17:19:42 : Chat Request: witch po sana
2015-08-17 17:19:42 : Witches Keyword found: witch
2015-08-17 17:19:45 : Unable to donate Witches. Donate screen not visible, will retry next run.
2015-08-17 17:19:54 : Checking Army Camp...
2015-08-17 17:19:55 : Total Army Camp capacity: 157/220
2015-08-17 17:19:57 :  - No. of Giants: 25
2015-08-17 17:19:57 :  - No. of Wizards: 8
2015-08-17 17:19:57 : Training Troops...
2015-08-17 17:20:06 : Spell Factory Full
2015-08-17 17:20:08 : Time Idle: 00:18:21
2015-08-17 17:20:09 : ====== Waiting for full army ======
2015-08-17 17:20:20 : Checking Army Camp...
2015-08-17 17:20:22 : Total Army Camp capacity: 157/220
2015-08-17 17:20:23 :  - No. of Giants: 25
2015-08-17 17:20:24 :  - No. of Wizards: 8
2015-08-17 17:20:24 : Training Troops...
2015-08-17 17:20:34 : Spell Factory Full
2015-08-17 17:20:36 : Time Idle: 00:18:48
2015-08-17 17:20:36 : ====== Waiting for full army ======
2015-08-17 17:20:47 : Checking Army Camp...
2015-08-17 17:20:49 : Total Army Camp capacity: 157/220
2015-08-17 17:20:50 :  - No. of Giants: 25
2015-08-17 17:20:51 :  - No. of Wizards: 8
2015-08-17 17:20:51 : Training Troops...
2015-08-17 17:21:00 : Spell Factory Full
2015-08-17 17:21:02 : Time Idle: 00:19:14
2015-08-17 17:21:03 : ====== Waiting for full army ======
2015-08-17 17:21:14 : Checking Army Camp...
2015-08-17 17:21:16 : Total Army Camp capacity: 157/220
2015-08-17 17:21:17 :  - No. of Giants: 25
2015-08-17 17:21:17 :  - No. of Wizards: 8
2015-08-17 17:21:18 : Training Troops...
2015-08-17 17:21:27 : Spell Factory Full
2015-08-17 17:21:29 : Time Idle: 00:19:41
2015-08-17 17:21:29 : ====== Waiting for full army ======
2015-08-17 17:21:35 : ClashGameBot was Paused!
