2015-08-02 16:26:33 : ~ Clash Game Bot v4.1MODS Powered by GameBot.org ~
2015-08-02 16:26:33 : GameBot.org.exe Executable running on WIN_7  X64
2015-08-02 16:26:33 : =================== Bot Start ====================
2015-08-02 16:26:33 : -------------------------  Current Profile: 01 --------------------------
2015-08-02 16:26:33 : Trying to locate Main Screen
2015-08-02 16:26:35 : Zooming Out
2015-08-02 16:26:36 : Main Screen Located
2015-08-02 16:26:37 : Detecting your Buildings..
2015-08-02 16:26:43 : Language setting is English: Correct.
2015-08-02 16:26:44 : Trying to locate Main Screen
2015-08-02 16:26:45 : Main Screen Located
2015-08-02 16:26:46 : Collecting Resources
2015-08-02 16:26:53 : Checking if Village needs Rearming..
2015-08-02 16:27:01 : Village Report
2015-08-02 16:27:01 : No. of Free/Total Builders: 0/4
2015-08-02 16:27:01 :  [T]: 1 779
2015-08-02 16:27:01 :  [G]: 5 594 114 [E]: 4 753 940 [D]: 60 689 [GEM]: 953
2015-08-02 16:27:04 : Chat Request: archers sorciers merci
2015-08-02 16:27:04 : Archers Keyword found: archers
2015-08-02 16:27:07 : No Archers available to donate..
2015-08-02 16:27:09 : Chat Request: pekka max svp pour gdc bouclier
2015-08-02 16:27:09 : General Blacklist Keyword found: gdc
2015-08-02 16:27:10 : Checking Army Camp...
2015-08-02 16:27:12 : Total Army Camp capacity: 0/200
2015-08-02 16:27:13 : Barracks and Spell factory status: 
2015-08-02 16:27:13 : - Barracks detected: 4 | Available: 3 | Upgrading: 1
2015-08-02 16:27:13 : - Dark Barracks detected: 2 | Available: 2 | Upgrading: 0
2015-08-02 16:27:13 : - Spell factory detected: 1 | Available: 1 | Upgrading: 0
2015-08-02 16:27:13 : - Dark Spell factory detected: 1 | Available: 0 | Upgrading: 1
2015-08-02 16:27:13 : Training Troops...
