2015-08-17 12:21:43 :  Clash Game Bot v4.1.1-6 merge Powered by GameBot.org 
2015-08-17 12:21:43 : GameBot.org.exe Executable running on WIN_7 Service Pack 1 X64
2015-08-17 12:21:43 : =================== Bot Start ====================
2015-08-17 12:21:43 : -------------------------  Current Profile: 01 --------------------------
2015-08-17 12:21:43 : Trying to locate Main Screen
2015-08-17 12:21:43 : Main Screen Located
2015-08-17 12:21:44 : Detecting your Buildings..
2015-08-17 12:21:52 : Language setting is English: Correct.
2015-08-17 12:21:53 : Trying to locate Main Screen
2015-08-17 12:21:53 : Main Screen Located
2015-08-17 12:21:55 : Village Report
2015-08-17 12:21:55 : No. of Free/Total Builders: 0/4
2015-08-17 12:21:55 :  [T]: 2 721
2015-08-17 12:21:55 :  [G]: 3 207 130 [E]: 3 302 823 [D]: 27 053 [GEM]: 57
2015-08-17 12:21:55 : Collecting Resources
2015-08-17 12:22:07 : Checking Army Camp...
2015-08-17 12:22:09 : Total Army Camp capacity: 220/220
2015-08-17 12:22:11 :  - No. of Barbarians: 10
2015-08-17 12:22:11 :  - No. of Archers: 114
2015-08-17 12:22:11 :  - No. of Goblins: 91
2015-08-17 12:22:12 :  - No. of Giants: 1
2015-08-17 12:22:12 : Barracks and Spell factory status: 
2015-08-17 12:22:12 : - Barracks detected: 4 | Available: 4 | Upgrading: 0
2015-08-17 12:22:12 : - Dark Barracks detected: 2 | Available: 2 | Upgrading: 0
2015-08-17 12:22:12 : - Spell factory detected: 1 | Available: 1 | Upgrading: 0
2015-08-17 12:22:12 : - Dark Spell factory detected: 1 | Available: 1 | Upgrading: 0
2015-08-17 12:22:12 : Training Troops...
2015-08-17 12:22:13 : Your Army Camps are now Full
2015-08-17 12:22:13 : Too few Giant, train first.
2015-08-17 12:22:13 : Too few Barb, train first.
2015-08-17 12:22:13 : Too many Gobl, train last.
2015-08-17 12:22:44 : Spell Factory not found...
2015-08-17 12:22:46 : 0
2015-08-17 12:22:48 : Requesting Clan Castle Troops
2015-08-17 12:22:48 : Your Clan Castle is already full or you are not in a clan.
2015-08-17 12:22:50 : Going to Attack...
2015-08-17 12:22:56 : ============== Searching For Dead Base ===============
2015-08-17 12:22:56 : ~~~~~~~~~~~~~~~ SEARCH CONDITIONS ~~~~~~~~~~~~~~~~
2015-08-17 12:22:56 : Meet: Gold and Elixir, Dark, Max TH 8
2015-08-17 12:22:56 : ~~~~~~~~~~~~~~ RESOURCE CONDITIONS ~~~~~~~~~~~~~~~
2015-08-17 12:22:56 : Aim: [G]: 300000 [E]: 300000 [D]: 3000 [T]: 0 [TH]: 8 for: Dead Base
2015-08-17 12:22:56 : ============== Searching For Live Base ===============
2015-08-17 12:22:56 : ~~~~~~~~~~~~~~~ SEARCH CONDITIONS ~~~~~~~~~~~~~~~~
2015-08-17 12:22:56 : Meet: Gold and Elixir, Dark, Max TH 8
2015-08-17 12:22:56 : ~~~~~~~~~~~~~~ RESOURCE CONDITIONS ~~~~~~~~~~~~~~~
2015-08-17 12:22:56 : Aim: [G]: 500000 [E]: 500000 [D]: 5000 [T]: 0 [TH]: 8 for: Live Base
2015-08-17 12:22:56 : ~~~~~~~~~~~~~~~ ADVANCED SETTINGS ~~~~~~~~~~~~~~~~
2015-08-17 12:22:56 : THSnipe Combo, 6 Tile(s), , Attack6:PB6
2015-08-17 12:22:56 : ==================================================
2015-08-17 12:22:58 :   1> [G]: 114710 [E]:  98904 [D]:  482 [T]:16 [TH]: 9, In
2015-08-17 12:23:02 :   2> [G]:  48068 [E]: 130721 [D]: 1571 [T]:26 [TH]: 9, In
2015-08-17 12:23:08 :   3> [G]:   9241 [E]:  24975 [D]:  514 [T]:15 [TH]: 9, In
2015-08-17 12:23:14 :   4> [G]:  59512 [E]:  60293 [D]: 1586 [T]:17 [TH]:10, In
2015-08-17 12:23:18 :   5> [G]: 118597 [E]:  83768 [D]:  959 [T]:33 [TH]: 9, In
2015-08-17 12:23:23 :   6> [G]:  72731 [E]:  31295 [D]:  353 [T]:17 [TH]: 9, In
2015-08-17 12:23:29 :   7> [G]: 105879 [E]: 130857 [D]: 1091 [T]:21 [TH]:10, In
2015-08-17 12:23:36 :   8> [G]:  96388 [E]: 129600 [D]: 1674 [T]:31 [TH]:10, In
2015-08-17 12:23:39 :   9> [G]: 296898 [E]: 170467 [D]: 1423 [T]:24 [TH]: 9, In
2015-08-17 12:23:46 :  10> [G]:  64156 [E]:  24087 [D]: 1164 [T]:17 [TH]:10, In
2015-08-17 12:23:52 :  11> [G]:  45249 [E]:  37199 [D]:  555 [T]:16 [TH]:10, In
2015-08-17 12:23:56 :  12> [G]:  29203 [E]: 116362 [D]:  318 [T]:15 [TH]: 9, In
2015-08-17 12:24:00 :  13> [G]:  35509 [E]:   2804 [D]:  730 [T]: 9 [TH]: 9, In
2015-08-17 12:24:04 :  14> [G]:  25168 [E]: 135527 [D]:  914 [T]:25 [TH]: 9, In
2015-08-17 12:24:09 :  15> [G]:  36044 [E]:  67444 [D]:  741 [T]:15 [TH]: 9, In
2015-08-17 12:24:13 :  16> [G]:  82193 [E]:  20027 [D]: 1332 [T]:14 [TH]: 9, In
2015-08-17 12:24:19 :  17> [G]:  66163 [E]: 169922 [D]:  425 [T]:22 [TH]:10, In
2015-08-17 12:24:26 :  18> [G]:   3990 [E]:  55898 [D]:  596 [T]:16 [TH]:10, In
2015-08-17 12:24:31 :  19> [G]:  45326 [E]:  64036 [D]: 1068 [T]:11 [TH]: 9, In
2015-08-17 12:24:35 :  20> [G]:  42801 [E]:  68830 [D]: 1782 [T]:23 [TH]: 9, In
2015-08-17 12:24:40 :  21> [G]:  53804 [E]:  89334 [D]: 2495 [T]:27 [TH]:10, In
2015-08-17 12:24:43 :  22> [G]:  31627 [E]: 209389 [D]: 1294 [T]:27 [TH]: 9, In
2015-08-17 12:24:48 :  23> [G]: 101444 [E]:  83236 [D]:  442 [T]:27 [TH]:10, In
2015-08-17 12:24:52 :  24> [G]:  77499 [E]:  95964 [D]:  162 [T]:14 [TH]: 9, In
2015-08-17 12:24:56 :  25> [G]:  91355 [E]:  68310 [D]: 1219 [T]:28 [TH]: 9, In
2015-08-17 12:25:03 :  26> [G]: 249284 [E]: 277779 [D]: 2686 [T]:30 [TH]:10, In
2015-08-17 12:25:07 :  27> [G]: 142980 [E]: 180471 [D]:  529 [T]:16 [TH]: 9, In
2015-08-17 12:25:12 :  28> [G]:  69579 [E]:  71659 [D]:  271 [T]:30 [TH]:10, In
2015-08-17 12:25:17 :  29> [G]: 125774 [E]:  55876 [D]: 1199 [T]:30 [TH]:10, In
2015-08-17 12:25:21 :  30> [G]:  42459 [E]:  49019 [D]: 1821 [T]:28 [TH]: 9, In
2015-08-17 12:25:28 :  31> [G]: 242208 [E]:  24520 [D]:  645 [T]:21 [TH]:10, In
2015-08-17 12:25:32 :  32> [G]: 212769 [E]: 167945 [D]: 1131 [T]:20 [TH]:10, In
2015-08-17 12:25:37 :  33> [G]: 272835 [E]: 109977 [D]: 1969 [T]:33 [TH]:10, In
2015-08-17 12:25:43 :  34> [G]: 261746 [E]: 129643 [D]: 2161 [T]:27 [TH]:10, In
2015-08-17 12:25:48 :  35> [G]:  99902 [E]: 164755 [D]:  705 [T]:23 [TH]:10, In
2015-08-17 12:25:54 :  36> [G]:  37786 [E]:  19371 [D]:  420 [T]:15 [TH]:10, In
2015-08-17 12:25:58 :  37> [G]:  69917 [E]:  68514 [D]:  657 [T]:40 [TH]: 9, In
2015-08-17 12:26:02 :  38> [G]: 126898 [E]: 112110 [D]:  921 [T]:33 [TH]:10, In
2015-08-17 12:26:07 :  39> [G]:  83353 [E]: 101221 [D]: 1521 [T]:16 [TH]: -, -
2015-08-17 12:26:10 :  40> [G]:  86785 [E]: 167740 [D]:  698 [T]:18 [TH]: 9, In
2015-08-17 12:26:15 :  41> [G]: 138550 [E]:  30183 [D]:   81 [T]:13 [TH]: 9, In
2015-08-17 12:26:18 :  42> [G]:  74109 [E]:  93620 [D]:  638 [T]: 9 [TH]: 9, In
2015-08-17 12:26:23 :  43> [G]:  22328 [E]:  70560 [D]:  645 [T]: 9 [TH]: 9, In
2015-08-17 12:26:27 :  44> [G]:  53825 [E]:   9969 [D]:   77 [T]:26 [TH]: 9, In
2015-08-17 12:26:31 :  45> [G]:  24514 [E]:  85535 [D]:  812 [T]:24 [TH]: 9, In
2015-08-17 12:26:35 :  46> [G]: 152662 [E]: 157784 [D]: 2473 [T]:31 [TH]: 9, In
2015-08-17 12:26:39 :  47> [G]:  97453 [E]: 145393 [D]: 2835 [T]:21 [TH]: 9, In
2015-08-17 12:26:44 :  48> [G]:  16006 [E]: 126479 [D]:  426 [T]:33 [TH]: 9, In
2015-08-17 12:26:49 :  49> [G]:  35263 [E]:  63002 [D]: 1014 [T]:17 [TH]:10, In
2015-08-17 12:26:53 :  50> [G]:  42637 [E]:  95788 [D]:  277 [T]:18 [TH]: 9, In
2015-08-17 12:26:57 :  51> [G]: 111112 [E]: 104147 [D]:  730 [T]:11 [TH]: 9, In
2015-08-17 12:27:01 :  52> [G]: 131119 [E]:  29724 [D]:    6 [T]:19 [TH]: 9, In
2015-08-17 12:27:05 :  53> [G]: 292710 [E]:  54473 [D]:  963 [T]:25 [TH]:10, In
2015-08-17 12:27:09 :  54> [G]:  19849 [E]:   8346 [D]:  975 [T]:13 [TH]: 9, In
2015-08-17 12:27:13 :  55> [G]:  46474 [E]:  44709 [D]: 1041 [T]:18 [TH]: 9, In
2015-08-17 12:27:18 :  56> [G]: 114732 [E]: 111920 [D]: 1140 [T]:30 [TH]:10, In
2015-08-17 12:27:22 :  57> [G]:  70430 [E]: 133874 [D]:  795 [T]:30 [TH]: 9, In
2015-08-17 12:27:27 :  58> [G]:  61633 [E]: 216647 [D]:  471 [T]:34 [TH]:10, In
2015-08-17 12:27:33 :  59> [G]:  65529 [E]: 180473 [D]: 2375 [T]:34 [TH]:10, In
2015-08-17 12:27:37 :  60> [G]: 179154 [E]: 114071 [D]: 1026 [T]:14 [TH]:10, In
2015-08-17 12:27:41 :  61> [G]:  78609 [E]:  94400 [D]:   29 [T]:21 [TH]: 9, In
2015-08-17 12:27:45 :  62> [G]: 126186 [E]:  16432 [D]:  710 [T]:17 [TH]: 9, In
2015-08-17 12:27:49 :  63> [G]:  59728 [E]: 109292 [D]: 1083 [T]:22 [TH]: 9, In
2015-08-17 12:27:53 :  64> [G]:  81963 [E]:  64950 [D]: 1329 [T]:18 [TH]: 9, In
2015-08-17 12:28:00 :  65> [G]:  55587 [E]:  55329 [D]:  152 [T]:23 [TH]:10, In
2015-08-17 12:28:07 :  66> [G]:  27577 [E]: 212806 [D]: 1535 [T]:17 [TH]:10, In
2015-08-17 12:28:11 :  67> [G]:  58917 [E]: 115695 [D]:  136 [T]:25 [TH]:10, In
2015-08-17 12:28:15 :  68> [G]:  72494 [E]:    693 [D]:   60 [T]:13 [TH]: 9, In
2015-08-17 12:28:21 :  69> [G]: 179021 [E]: 195398 [D]:  293 [T]:10 [TH]: 9, In
2015-08-17 12:28:26 :  70> [G]:  91429 [E]: 132565 [D]: 1896 [T]:31 [TH]:10, In
2015-08-17 12:28:30 :  71> [G]:  47830 [E]: 116318 [D]: 1131 [T]:27 [TH]: 9, In
2015-08-17 12:28:36 :  72> [G]: 100096 [E]:  11724 [D]: 1311 [T]:10 [TH]: 9, In
2015-08-17 12:28:40 :  73> [G]:  52122 [E]:  48066 [D]:  306 [T]: 9 [TH]: 9, In
2015-08-17 12:28:45 :  74> [G]:  74004 [E]: 178629 [D]:  577 [T]:14 [TH]: -, -
2015-08-17 12:28:51 :  75> [G]: 301042 [E]: 244573 [D]: 1125 [T]:34 [TH]:10, In
2015-08-17 12:28:55 :  76> [G]:  43631 [E]:  70363 [D]: 1544 [T]:28 [TH]: 9, In
2015-08-17 12:28:59 :  77> [G]:  53622 [E]:   3082 [D]:   81 [T]: 2 [TH]: 8, In
2015-08-17 12:29:02 :  78> [G]:  37196 [E]:  40246 [D]:   67 [T]:34 [TH]: 9, In
2015-08-17 12:29:09 :  79> [G]:  35224 [E]:  82049 [D]: 1095 [T]:13 [TH]: 9, In
2015-08-17 12:29:15 :  80> [G]: 108929 [E]:  78586 [D]: 2234 [T]:34 [TH]:10, In
