2015-08-17 09:05:25 :  Clash Game Bot v4.1.1-6 merge Powered by GameBot.org 
2015-08-17 09:05:25 : GameBot.org.exe Executable running on WIN_7 Service Pack 1 X64
2015-08-17 09:05:25 : =================== Bot Start ====================
2015-08-17 09:05:25 : -------------------------  Current Profile: 01 --------------------------
2015-08-17 09:05:25 : Trying to locate Main Screen
2015-08-17 09:05:25 : Main Screen Located
2015-08-17 09:05:26 : Detecting your Buildings..
2015-08-17 09:05:32 : Language setting is English: Correct.
2015-08-17 09:05:33 : Trying to locate Main Screen
2015-08-17 09:05:33 : Main Screen Located
2015-08-17 09:05:35 : Village Report
2015-08-17 09:05:35 : No. of Free/Total Builders: 0/4
2015-08-17 09:05:35 :  [T]: 2 710
2015-08-17 09:05:35 :  [G]: 2 895 213 [E]: 2 816 651 [D]: 23 459 [GEM]: 57
2015-08-17 09:05:36 : Collecting Resources
2015-08-17 09:05:47 : Checking Army Camp...
2015-08-17 09:05:49 : Total Army Camp capacity: 220/220
2015-08-17 09:05:50 :  - No. of Barbarians: 12
2015-08-17 09:05:50 :  - No. of Archers: 88
2015-08-17 09:05:50 :  - No. of Giants: 24
2015-08-17 09:05:50 : Barracks and Spell factory status: 
2015-08-17 09:05:50 : - Barracks detected: 4 | Available: 4 | Upgrading: 0
2015-08-17 09:05:50 : - Dark Barracks detected: 2 | Available: 2 | Upgrading: 0
2015-08-17 09:05:50 : - Spell factory detected: 1 | Available: 1 | Upgrading: 0
2015-08-17 09:05:50 : - Dark Spell factory detected: 1 | Available: 1 | Upgrading: 0
2015-08-17 09:05:51 : Training Troops...
2015-08-17 09:05:52 : Your Army Camps are now Full
2015-08-17 09:05:52 : Too many Giant, train last.
2015-08-17 09:05:52 : Too few Barb, train first.
2015-08-17 09:06:16 : ClashGameBot was Paused!
2015-08-17 09:06:20 : ClashGameBot was Resumed.
2015-08-17 09:06:24 : Spell Factory not found...
2015-08-17 09:06:26 : 0
2015-08-17 09:06:27 : Requesting Clan Castle Troops
2015-08-17 09:06:28 : Your Clan Castle is already full or you are not in a clan.
2015-08-17 09:06:30 : Going to Attack...
2015-08-17 09:06:35 : ============== Searching For Dead Base ===============
2015-08-17 09:06:35 : ~~~~~~~~~~~~~~~ SEARCH CONDITIONS ~~~~~~~~~~~~~~~~
2015-08-17 09:06:35 : Meet: Gold and Elixir
2015-08-17 09:06:35 : ~~~~~~~~~~~~~~ RESOURCE CONDITIONS ~~~~~~~~~~~~~~~
2015-08-17 09:06:35 : Aim: [G]: 999999 [E]: 999999 [D]:    0 [T]: 0 for: Dead Base
2015-08-17 09:06:35 : ============== Searching For Live Base ===============
2015-08-17 09:06:35 : ~~~~~~~~~~~~~~~ SEARCH CONDITIONS ~~~~~~~~~~~~~~~~
2015-08-17 09:06:35 : Meet: Gold and Elixir
2015-08-17 09:06:35 : ~~~~~~~~~~~~~~ RESOURCE CONDITIONS ~~~~~~~~~~~~~~~
2015-08-17 09:06:35 : Aim: [G]: 999999 [E]: 999999 [D]:    0 [T]: 0 for: Live Base
2015-08-17 09:06:35 : ~~~~~~~~~~~~~~~ ADVANCED SETTINGS ~~~~~~~~~~~~~~~~
2015-08-17 09:06:35 : THSnipe Combo, 4 Tile(s), , Attack6:PB6
2015-08-17 09:06:35 : ==================================================
2015-08-17 09:06:38 :   1> [G]: 192959 [E]:   4611 [D]: 1082 [T]:15 [TH]: 9, In
2015-08-17 09:06:44 :   2> [G]:  58002 [E]:  47859 [D]: 1096 [T]:35 [TH]: 9, In
2015-08-17 09:06:48 :   3> [G]:  54376 [E]:  29280 [D]:  986 [T]:15 [TH]: 9, In
2015-08-17 09:06:53 :   4> [G]:  80211 [E]:  79692 [D]: 1565 [T]:22 [TH]: 9, In
2015-08-17 09:06:59 :   5> [G]: 108375 [E]:  43793 [D]: 1697 [T]:27 [TH]:10, In
2015-08-17 09:07:05 :   6> [G]: 102542 [E]:  85147 [D]: 1769 [T]:20 [TH]:10, In
2015-08-17 09:07:12 :   7> [G]: 331676 [E]:  14765 [D]:  498 [T]:30 [TH]:10, In
2015-08-17 09:07:16 :   8> [G]:  70199 [E]: 119847 [D]: 1049 [T]:18 [TH]: 9, In
2015-08-17 09:07:24 :   9> [G]: 282294 [E]:  68321 [D]: 1862 [T]:29 [TH]:10, In
2015-08-17 09:07:31 :  10> [G]:  66835 [E]: 113517 [D]: 1401 [T]:23 [TH]:10, In
2015-08-17 09:07:37 :  11> [G]: 138105 [E]: 260051 [D]: 1415 [T]:21 [TH]:10, In
2015-08-17 09:07:42 :  12> [G]:  86823 [E]:  83786 [D]: 1411 [T]:11 [TH]: 9, In
2015-08-17 09:07:48 :  13> [G]:  44301 [E]: 132703 [D]: 1559 [T]:26 [TH]:10, In
2015-08-17 09:07:52 :  14> [G]:  73743 [E]:  42303 [D]: 1006 [T]:21 [TH]: 9, In
2015-08-17 09:07:57 :  15> [G]: 266330 [E]:  74993 [D]: 1435 [T]:33 [TH]:10, In
2015-08-17 09:08:01 :  16> [G]:  52506 [E]: 153110 [D]: 1320 [T]:25 [TH]:10, In
2015-08-17 09:08:08 :  17> [G]:  71211 [E]:   2340 [D]:  319 [T]:28 [TH]:10, In
2015-08-17 09:08:13 :  18> [G]:  82897 [E]:  63683 [D]: 1136 [T]:25 [TH]: 9, In
2015-08-17 09:08:17 :  19> [G]:  41889 [E]: 243302 [D]: 1863 [T]:29 [TH]:10, In
2015-08-17 09:08:22 :  20> [G]:   8264 [E]:  50226 [D]:  740 [T]:17 [TH]: 9, In
2015-08-17 09:08:26 :  21> [G]:  48154 [E]: 300238 [D]: 1375 [T]:21 [TH]:10, In
2015-08-17 09:08:30 :  22> [G]:  31272 [E]: 164723 [D]:  315 [T]:19 [TH]: 9, In
2015-08-17 09:08:37 :  23> [G]:  49721 [E]:  46687 [D]:  698 [T]:17 [TH]:10, In
2015-08-17 09:08:41 :  24> [G]: 119368 [E]:  16798 [D]:  430 [T]:15 [TH]: 9, In
2015-08-17 09:08:47 :  25> [G]:  95779 [E]: 111684 [D]:  621 [T]:16 [TH]: 9, In
2015-08-17 09:08:54 :  26> [G]:  54615 [E]:  66436 [D]:  199 [T]:28 [TH]:10, In
2015-08-17 09:09:00 :  27> [G]:   7430 [E]:  59499 [D]:  993 [T]:21 [TH]:10, In
2015-08-17 09:09:06 :  28> [G]:  96293 [E]:  82960 [D]: 1634 [T]:32 [TH]:10, In
2015-08-17 09:09:10 :  29> [G]:  17050 [E]:   4716 [D]:  353 [T]: 7 [TH]: 9, In
2015-08-17 09:09:16 :  30> [G]:  61297 [E]:  93392 [D]: 2116 [T]:34 [TH]:10, In
2015-08-17 09:09:22 :  31> [G]:  49834 [E]: 242343 [D]: 1665 [T]:27 [TH]:10, In
2015-08-17 09:09:27 :  32> [G]:  25942 [E]:  21858 [D]:  641 [T]:15 [TH]:10, In
2015-08-17 09:09:31 : Checking Trapped TH
2015-08-17 09:09:33 : Wizard Tower Found
2015-08-17 09:09:33 :  33> [G]: 193024 [E]: 196704 [D]: 2894 [T]: 9 [TH]: 9, Out
2015-08-17 09:09:33 : Defense found, but not near TH.
2015-08-17 09:09:33 : ~~~~~~~~~~~~~~~ TH Outside Found! ~~~~~~~~~~~~~~~~
2015-08-17 09:09:33 : ================ Search Complete =================
2015-08-17 09:09:33 : Initiating attack for: TH Snipe
2015-08-17 09:09:36 : -Barbarians 12
2015-08-17 09:09:36 : -Archers 88
2015-08-17 09:09:36 : -Giants 24
2015-08-17 09:09:36 : -Clan Castle 
2015-08-17 09:09:36 : -Heal Spells 3
2015-08-17 09:09:36 : -Poison Spells 1
2015-08-17 09:09:36 :  ====== Start Attack ====== 
2015-08-17 09:09:38 : Free meal
2015-08-17 09:09:38 : Dropping first wave of 5 Archers
2015-08-17 09:09:39 : Deployment of Archers Successful!
2015-08-17 09:09:40 : Dropping second wave of 10 Archers
2015-08-17 09:09:43 : Deployment of Archers Successful!
2015-08-17 09:10:09 : Fool me once shame on you, fool me twice shame on me
2015-08-17 09:10:09 : Dropping first wave of 5 Barbarians
2015-08-17 09:10:09 : ClashGameBot was Paused!
