2015-08-03 23:58:54 : ~ Clash Game Bot v4.1MODS Powered by GameBot.org ~
2015-08-03 23:58:54 : GameBot.org.exe Executable running on WIN_7  X64
2015-08-03 23:58:54 : =================== Bot Start ====================
2015-08-03 23:58:54 : -------------------------  Current Profile: 01 --------------------------
2015-08-03 23:58:54 : Trying to locate Main Screen
2015-08-03 23:58:55 : Zooming Out
2015-08-03 23:58:57 : Main Screen Located
2015-08-03 23:58:58 : Detecting your Buildings..
2015-08-03 23:59:04 : Language setting is English: Correct.
2015-08-03 23:59:06 : Trying to locate Main Screen
2015-08-03 23:59:06 : Main Screen Located
2015-08-03 23:59:07 : Collecting Resources
2015-08-03 23:59:14 : Waiting for Main Screen
2015-08-03 23:59:18 : Trying to locate Main Screen
2015-08-03 23:59:18 : Main Screen Located
2015-08-03 23:59:19 : Collecting Resources
2015-08-03 23:59:27 : Checking if Village needs Rearming..
2015-08-03 23:59:35 : Village Report
2015-08-03 23:59:35 : No. of Free/Total Builders: 0/4
2015-08-03 23:59:35 :  [T]: 1 464
2015-08-03 23:59:36 :  [G]: 5 893 466 [E]: 4 186 598 [D]: 62 084 [GEM]: 953
2015-08-03 23:59:38 : Checking Army Camp...
2015-08-03 23:59:40 : Total Army Camp capacity: 200/200
2015-08-03 23:59:41 :  - No. of Barbarians: 1
2015-08-03 23:59:41 :  - No. of Archers: 199
2015-08-03 23:59:41 : Barracks and Spell factory status: 
2015-08-03 23:59:41 : - Barracks detected: 4 | Available: 3 | Upgrading: 1
2015-08-03 23:59:41 : - Dark Barracks detected: 2 | Available: 1 | Upgrading: 1
2015-08-03 23:59:41 : - Spell factory detected: 1 | Available: 1 | Upgrading: 0
2015-08-03 23:59:41 : - Dark Spell factory detected: 1 | Available: 0 | Upgrading: 1
2015-08-03 23:59:41 : Training Troops...
2015-08-03 23:59:42 : Your Army Camps are now Full
2015-08-04 00:00:02 : Requesting Clan Castle Troops
2015-08-04 00:00:02 : Your Clan Castle is already full or you are not in a clan.
2015-08-04 00:00:04 : Checking Troop Upgrade in Laboratory ...
2015-08-04 00:00:04 : Updating village values [E]: 4146998 [D]: 62084
2015-08-04 00:00:06 : Insufficent Elixir for Pekka, Lab requires: 6000000 + 250000 user reserve
2015-08-04 00:00:09 : Finished kicking
2015-08-04 00:00:09 : Going to Attack...
2015-08-04 00:00:15 : ============== Searching For Dead Base ===============
2015-08-04 00:00:15 : ~~~~~~~~~~~~~~~ SEARCH CONDITIONS ~~~~~~~~~~~~~~~~
2015-08-04 00:00:15 : Meet: Gold and Elixir
2015-08-04 00:00:15 : ~~~~~~~~~~~~~~ RESOURCE CONDITIONS ~~~~~~~~~~~~~~~
2015-08-04 00:00:15 : Aim: [G]: 200000 [E]: 200000 [D]:    0 [T]: 0, Out, Out, Out, Out, Out, Out, Out, Out, Out, Out, Out, Out, Out, Out, Out, Out, Out, Out, Out, Out, Out, Out, Out, Out, Out, Out, Out, Out, Out, Out, Out, Out, Out, Out, Out, Out, Out, Out, Out, Out, Out, Out, Out, Out, Out, Out, Out, Out, Out, Out, Out, Out, Out, Out, Out, Out, Out, Out, Out, Out, Out, Out, Out, Out, Out, Out, Out, Out, Out, Out, Out, Out, Out, Out, Out, Out, Out, Out, Out, Out, Out, Out, Out, Out, Out, Out, Out, Out, Out, Out, Out, Out, Out, Out, Out, Out, Out, Out, Out, Out, Out, Out, Out, Out, Out, Out, Out, Out, Out, Out, Out, Out, Out, Out, Out, Out, Out, Out, Out, Out, Out, Out, Out, Out, Out, Out, Out, Out, Out, Out, Out, Out, Out, Out, Out, Out, Out, Out, Out, Out, Out, Out, Out, Out, Out, Out, Out, Out, Out, Out, Out, Out, Out, Out, Out, Out, Out, Out, Out, Out, Out, Out, Out, Out, Out, Out, Out, Out, Out, Out, Out, Out, Out, Out, Out, Out, Out, Out, Out, Out, Out, Out, Out, Out, Out, Out, Out, Out, Out, Out, Out, Out, Out, Out, Out, Out, Out, Out, Out, Out, Out, Out, Out, Out, Out, Out, Out, Out, Out, Out, Out, Out, Out, Out, Out, Out, Out, Out, Out, Out, Out, Out, Out, Out, Out, Out, Out, Out, Out, Out, Out, Out, Out, Out, Out, Out, Out, Out, Out, Out, Out, Out, Out, Out, Out, Out, Out, Out, Out, Out, Out, Out, Out, Out, Out, Out, Out, Out, Out, Out, Out, Out, Out, Out, Out, Out, Out, Out, Out, Out, Out, Out, Out, Out, Out, Out, Out, Out, Out, Out, Out, Out, Out, Out, Out, Out, Out, Out, Out, Out, Out, Out, Out, Out, Out, Out, Out, Out, Out, Out, Out, Out, Out, Out, Out, Out, Out, Out, Out, Out, Out, Out, Out, Out, Out, Out, Out, Out, Out, Out, Out, Out, Out, Out, Out, Out, Out, Out, Out, Out, Out, Out, Out, Out, Out, Out, Out, Out, Out, Out, Out, Out, Out, Out, Out, Out, Out, Out, Out, Out, Out, Out for: Dead Base
2015-08-04 00:00:15 : ==================================================
2015-08-04 00:00:16 :   1> [G]: 319310 [E]: 328913 [D]: 1298 [T]:14
2015-08-04 00:00:17 : ~~~~~~~~~~~~~~~~ Not a Dead Base ~~~~~~~~~~~~~~~~~
2015-08-04 00:00:20 :   2> [G]:  15586 [E]:  40758 [D]:  485 [T]:19
2015-08-04 00:00:26 :   3> [G]: 157169 [E]: 115191 [D]:  131 [T]:18
2015-08-04 00:00:29 :   4> [G]: 285491 [E]: 437358 [D]: 1052 [T]:22
2015-08-04 00:00:30 : ~~~~~~~~~~~~~~~~ Not a Dead Base ~~~~~~~~~~~~~~~~~
2015-08-04 00:00:33 :   5> [G]: 424303 [E]: 122289 [D]: 1089 [T]:16
2015-08-04 00:00:39 :   6> [G]:   9505 [E]:  66557 [D]:  N/A [T]:13
2015-08-04 00:00:42 :   7> [G]:  38706 [E]:  54818 [D]:  427 [T]:29
2015-08-04 00:00:49 :   8> [G]: 121658 [E]: 105042 [D]: 1028 [T]:32
2015-08-04 00:00:51 :   9> [G]:  47438 [E]:  58252 [D]:  155 [T]:16
2015-08-04 00:00:58 :  10> [G]:  15488 [E]: 287790 [D]:   38 [T]:23
2015-08-04 00:01:01 :  11> [G]:  56944 [E]:  73522 [D]:   94 [T]:23
2015-08-04 00:01:07 :  12> [G]: 143832 [E]: 153928 [D]:  N/A [T]:13
2015-08-04 00:01:10 :  13> [G]: 362639 [E]: 220612 [D]: 1438 [T]:14
2015-08-04 00:01:11 : ~~~~~~~~~~~~~~~~ Not a Dead Base ~~~~~~~~~~~~~~~~~
2015-08-04 00:01:14 :  14> [G]: 186142 [E]: 306751 [D]: 1407 [T]:25
2015-08-04 00:01:17 :  15> [G]: 161078 [E]: 577916 [D]: 2288 [T]:13
2015-08-04 00:01:20 :  16> [G]:  38571 [E]:  29534 [D]:    2 [T]:19
2015-08-04 00:01:26 :  17> [G]: 137977 [E]: 227121 [D]:  682 [T]:14
2015-08-04 00:01:29 :  18> [G]: 128655 [E]:  71488 [D]:  145 [T]:23
2015-08-04 00:01:35 :  19> [G]: 215404 [E]: 183399 [D]:  165 [T]:18
2015-08-04 00:01:38 :  20> [G]: 138501 [E]: 178424 [D]:  350 [T]:29
2015-08-04 00:01:38 : Aim: [G]: 198000 [E]: 198000 [D]:    0 [T]: 0, Out, Out, Out, Out, Out, Out, Out, Out, Out, Out, Out, Out, Out, Out, Out, Out, Out, Out, Out, Out, Out, Out, Out, Out, Out, Out, Out, Out, Out, Out, Out, Out, Out, Out, Out, Out, Out, Out, Out, Out, Out, Out, Out, Out, Out, Out, Out, Out, Out, Out, Out, Out, Out, Out, Out, Out, Out, Out, Out, Out, Out, Out, Out, Out, Out, Out, Out, Out, Out, Out, Out, Out, Out, Out, Out, Out, Out, Out, Out, Out, Out, Out, Out, Out, Out, Out, Out, Out, Out, Out, Out, Out, Out, Out, Out, Out, Out, Out, Out, Out, Out, Out, Out, Out, Out, Out, Out, Out, Out, Out, Out, Out, Out, Out, Out, Out, Out, Out, Out, Out, Out, Out, Out, Out, Out, Out, Out, Out, Out, Out, Out, Out, Out, Out, Out, Out, Out, Out, Out, Out, Out, Out, Out, Out, Out, Out, Out, Out, Out, Out, Out, Out, Out, Out, Out, Out, Out, Out, Out, Out, Out, Out, Out, Out, Out, Out, Out, Out, Out, Out, Out, Out, Out, Out, Out, Out, Out, Out, Out, Out, Out, Out, Out, Out, Out, Out, Out, Out, Out, Out, Out, Out, Out, Out, Out, Out, Out, Out, Out, Out, Out, Out, Out, Out, Out, Out, Out, Out, Out, Out, Out, Out, Out, Out, Out, Out, Out, Out, Out, Out, Out, Out, Out, Out, Out, Out, Out, Out, Out, Out, Out, Out, Out, Out, Out, Out, Out, Out, Out, Out, Out, Out, Out, Out, Out, Out, Out, Out, Out, Out, Out, Out, Out, Out, Out, Out, Out, Out, Out, Out, Out, Out, Out, Out, Out, Out, Out, Out, Out, Out, Out, Out, Out, Out, Out, Out, Out, Out, Out, Out, Out, Out, Out, Out, Out, Out, Out, Out, Out, Out, Out, Out, Out, Out, Out, Out, Out, Out, Out, Out, Out, Out, Out, Out, Out, Out, Out, Out, Out, Out, Out, Out, Out, Out, Out, Out, Out, Out, Out, Out, Out, Out, Out, Out, Out, Out, Out, Out, Out, Out, Out, Out, Out, Out, Out, Out, Out, Out, Out, Out, Out, Out, Out, Out, Out, Out, Out, Out, Out, Out, Out, Out for: Dead Base
2015-08-04 00:01:44 :  21> [G]: 279022 [E]: 284661 [D]: 1037 [T]:18
2015-08-04 00:01:45 : ~~~~~~~~~~~~~~~~ Dead Base Found! ~~~~~~~~~~~~~~~~
2015-08-04 00:01:45 : ================ Search Complete =================
2015-08-04 00:01:46 : Initiating attack for: Dead Base
2015-08-04 00:01:48 : -Barbarians 1
2015-08-04 00:01:48 : -Archers 199
2015-08-04 00:01:48 : -Clan Castle 
2015-08-04 00:01:48 : -King 
2015-08-04 00:01:48 : -Lightning Spells 3
2015-08-04 00:01:48 : -Poison Spells 1
2015-08-04 00:01:48 :  ====== Start Attack ====== 
2015-08-04 00:01:50 : Attacking on all sides
2015-08-04 00:01:52 : Dropping first wave of 1 Barbarians
2015-08-04 00:01:53 : Dropping first wave of 100 Archers
2015-08-04 00:02:00 : Dropping second wave of 1 Barbarians
2015-08-04 00:02:01 : Dropping second wave of 100 Archers
2015-08-04 00:02:08 : Dropping King
2015-08-04 00:02:09 : Dropping left over troops
2015-08-04 00:02:09 : Checking remaining unused troops for: Dead Base
2015-08-04 00:02:12 : -Clan Castle 
2015-08-04 00:02:12 : -Lightning Spells 3
2015-08-04 00:02:12 : -Poison Spells 1
2015-08-04 00:02:21 : Checking remaining unused troops for: Dead Base
2015-08-04 00:02:24 : -Clan Castle 
2015-08-04 00:02:24 : -Lightning Spells 3
2015-08-04 00:02:24 : -Poison Spells 1
2015-08-04 00:02:25 : King is getting weak, Activating King's power
2015-08-04 00:02:33 : Finished Attacking, waiting for the battle to end
2015-08-04 00:02:33 : Checking if the battle has finished
2015-08-04 00:02:35 : detected [G]: 108607 [E]: 115246 [DE]: 227 |  Exit in 18 sec.
2015-08-04 00:02:37 : detected [G]: 108607 [E]: 115246 [DE]: 227 |  Exit in 16 sec.
2015-08-04 00:02:38 : detected [G]: 108607 [E]: 115246 [DE]: 227 |  Exit in 14 sec.
2015-08-04 00:02:40 : detected [G]: 108607 [E]: 115246 [DE]: 227 |  Exit in 13 sec.
2015-08-04 00:02:42 : detected [G]: 108607 [E]: 115246 [DE]: 227 |  Exit in 11 sec.
2015-08-04 00:02:43 : detected [G]: 108607 [E]: 115246 [DE]: 227 |  Exit in  9 sec.
2015-08-04 00:02:45 : detected [G]: 108607 [E]: 115246 [DE]: 227 |  Exit in  8 sec.
2015-08-04 00:02:47 : detected [G]: 108607 [E]: 115246 [DE]: 227 |  Exit in  6 sec.
2015-08-04 00:02:49 : detected [G]: 108607 [E]: 115246 [DE]: 227 |  Exit in  4 sec.
2015-08-04 00:02:50 : detected [G]: 108607 [E]: 94476 [DE]: 227 |  Exit in  2 sec.
2015-08-04 00:02:50 : Gold & Elixir & DE change detected, waiting...
2015-08-04 00:02:54 : detected [G]: 108567 [E]: 50041 [DE]: 227 |  Exit in 18 sec.
2015-08-04 00:02:54 : Gold & Elixir & DE change detected, waiting...
2015-08-04 00:02:57 : detected [G]: 108527 [E]: 50041 [DE]: 227 |  Exit in 18 sec.
2015-08-04 00:02:59 : detected [G]: 108527 [E]: 50041 [DE]: 227 |  Exit in 16 sec.
2015-08-04 00:03:01 : detected [G]: 108527 [E]: 50041 [DE]: 227 |  Exit in 14 sec.
2015-08-04 00:03:02 : detected [G]: 108527 [E]: 50041 [DE]: 227 |  Exit in 13 sec.
2015-08-04 00:03:04 : detected [G]: 108527 [E]: 50041 [DE]: 227 |  Exit in 11 sec.
2015-08-04 00:03:06 : detected [G]: 108527 [E]: 50041 [DE]: 227 |  Exit in  9 sec.
2015-08-04 00:03:07 : detected [G]: 108527 [E]: 50041 [DE]: 227 |  Exit in  8 sec.
2015-08-04 00:03:09 : detected [G]: 108527 [E]: 50041 [DE]: 227 |  Exit in  6 sec.
2015-08-04 00:03:11 : detected [G]: 108527 [E]: 50041 [DE]: 227 |  Exit in  4 sec.
2015-08-04 00:03:13 : detected [G]: 108527 [E]: 50041 [DE]: 227 |  Exit in  2 sec.
2015-08-04 00:03:14 : detected [G]: 108527 [E]: 50041 [DE]: 227 |  Exit in  1 sec.
2015-08-04 00:03:16 : detected [G]: 108527 [E]: 50041 [DE]: 227 |  Exit in  0 sec.
2015-08-04 00:03:16 : Gold & Elixir & DE no change detected, exit
2015-08-04 00:03:16 : Returning Home
2015-08-04 00:03:44 : Loot: [G]: 23 050 [E]: 143 775 [DE]: 768 [T]: 12
2015-08-04 00:03:45 : Bonus [G]:  [E]: 
2015-08-04 00:03:48 : Stars earned: 2
2015-08-04 00:03:56 : Trying to locate Main Screen
2015-08-04 00:03:56 : Main Screen Located
2015-08-04 00:03:57 : Collecting Resources
2015-08-04 00:04:06 : Checking if Village needs Rearming..
2015-08-04 00:04:14 : Village Report
2015-08-04 00:04:14 : No. of Free/Total Builders: 0/4
2015-08-04 00:04:14 :  [T]: 1 476
2015-08-04 00:04:14 :  [G]: 6 001 000 [E]: 4 391 592 [D]: 62 906 [GEM]: 953
2015-08-04 00:04:16 : Checking Army Camp...
2015-08-04 00:04:18 : Total Army Camp capacity: 30/200
2015-08-04 00:04:19 :  - No. of Archers: 30
2015-08-04 00:04:20 : Training Troops...
2015-08-04 00:04:29 : Requesting Clan Castle Troops
2015-08-04 00:04:30 : Your Clan Castle is already full or you are not in a clan.
2015-08-04 00:04:31 : Checking Troop Upgrade in Laboratory ...
2015-08-04 00:04:31 : Updating village values [E]: 4390692 [D]: 62906
2015-08-04 00:04:33 : Insufficent Elixir for Pekka, Lab requires: 6000000 + 250000 user reserve
2015-08-04 00:04:37 : Finished kicking
2015-08-04 00:04:37 : ====== Waiting for full army ======
2015-08-04 00:04:49 : Checking Army Camp...
2015-08-04 00:04:50 : Total Army Camp capacity: 33/200
2015-08-04 00:04:52 :  - No. of Archers: 33
2015-08-04 00:04:52 : Training Troops...
2015-08-04 00:04:58 : Time Idle: 00:00:21
2015-08-04 00:04:59 : ====== Waiting for full army ======
2015-08-04 00:05:10 : Checking Army Camp...
2015-08-04 00:05:12 : Total Army Camp capacity: 36/200
2015-08-04 00:05:13 :  - No. of Archers: 36
2015-08-04 00:05:14 : Training Troops...
2015-08-04 00:05:20 : Time Idle: 00:00:42
2015-08-04 00:05:20 : ====== Waiting for full army ======
2015-08-04 00:05:32 : Checking Army Camp...
2015-08-04 00:05:34 : Total Army Camp capacity: 39/200
2015-08-04 00:05:35 :  - No. of Archers: 39
2015-08-04 00:05:35 : Training Troops...
2015-08-04 00:05:42 : Time Idle: 00:01:04
2015-08-04 00:05:42 : ====== Waiting for full army ======
2015-08-04 00:05:54 : Collecting Resources
2015-08-04 00:05:59 : Checking Army Camp...
2015-08-04 00:06:01 : Total Army Camp capacity: 42/200
2015-08-04 00:06:02 :  - No. of Archers: 42
2015-08-04 00:06:03 : Training Troops...
2015-08-04 00:06:10 : Time Idle: 00:01:31
2015-08-04 00:06:10 : ====== Waiting for full army ======
2015-08-04 00:06:21 : Checking Army Camp...
2015-08-04 00:06:23 : Total Army Camp capacity: 45/200
2015-08-04 00:06:24 :  - No. of Archers: 45
2015-08-04 00:06:25 : Training Troops...
2015-08-04 00:06:31 : Time Idle: 00:01:53
2015-08-04 00:06:31 : ====== Waiting for full army ======
2015-08-04 00:06:43 : Checking Army Camp...
2015-08-04 00:06:45 : Total Army Camp capacity: 48/200
2015-08-04 00:06:46 :  - No. of Archers: 48
2015-08-04 00:06:46 : Training Troops...
2015-08-04 00:06:53 : Time Idle: 00:02:14
2015-08-04 00:06:53 : ====== Waiting for full army ======
2015-08-04 00:07:05 : Checking Army Camp...
2015-08-04 00:07:07 : Total Army Camp capacity: 51/200
2015-08-04 00:07:08 :  - No. of Archers: 51
2015-08-04 00:07:08 : Training Troops...
2015-08-04 00:07:15 : Time Idle: 00:02:36
2015-08-04 00:07:15 : ====== Waiting for full army ======
2015-08-04 00:07:27 : Checking Army Camp...
2015-08-04 00:07:29 : Total Army Camp capacity: 54/200
2015-08-04 00:07:30 :  - No. of Archers: 54
2015-08-04 00:07:30 : Training Troops...
2015-08-04 00:07:37 : Time Idle: 00:02:57
2015-08-04 00:07:37 : ====== Waiting for full army ======
2015-08-04 00:07:49 : Checking Army Camp...
2015-08-04 00:07:51 : Total Army Camp capacity: 57/200
2015-08-04 00:07:52 :  - No. of Archers: 57
2015-08-04 00:07:53 : Training Troops...
2015-08-04 00:08:00 : Time Idle: 00:03:20
2015-08-04 00:08:00 : ====== Waiting for full army ======
2015-08-04 00:08:12 : Checking Army Camp...
2015-08-04 00:08:14 : Total Army Camp capacity: 59/200
2015-08-04 00:08:15 :  - No. of Archers: 59
2015-08-04 00:08:15 : Training Troops...
2015-08-04 00:08:22 : Time Idle: 00:03:42
2015-08-04 00:08:22 : ====== Waiting for full army ======
2015-08-04 00:08:34 : Checking Army Camp...
2015-08-04 00:08:35 : Total Army Camp capacity: 60/200
2015-08-04 00:08:37 :  - No. of Archers: 60
2015-08-04 00:08:37 : Training Troops...
2015-08-04 00:08:44 : Time Idle: 00:04:04
2015-08-04 00:08:45 : ====== Waiting for full army ======
2015-08-04 00:08:56 : Checking Army Camp...
2015-08-04 00:08:58 : Total Army Camp capacity: 63/200
2015-08-04 00:08:59 :  - No. of Archers: 63
2015-08-04 00:09:00 : Training Troops...
2015-08-04 00:09:06 : Time Idle: 00:04:26
2015-08-04 00:09:07 : ====== Waiting for full army ======
2015-08-04 00:09:18 : Checking Army Camp...
2015-08-04 00:09:20 : Total Army Camp capacity: 66/200
2015-08-04 00:09:22 :  - No. of Archers: 66
2015-08-04 00:09:22 : Training Troops...
2015-08-04 00:09:29 : Time Idle: 00:04:48
2015-08-04 00:09:29 : ====== Waiting for full army ======
2015-08-04 00:09:41 : Checking Army Camp...
2015-08-04 00:09:43 : Total Army Camp capacity: 69/200
2015-08-04 00:09:44 :  - No. of Archers: 69
2015-08-04 00:09:44 : Training Troops...
2015-08-04 00:09:51 : Time Idle: 00:05:10
2015-08-04 00:09:51 : ====== Waiting for full army ======
2015-08-04 00:10:03 : Collecting Resources
2015-08-04 00:10:11 : Checking Army Camp...
2015-08-04 00:10:13 : Total Army Camp capacity: 72/200
2015-08-04 00:10:14 :  - No. of Archers: 72
2015-08-04 00:10:14 : Training Troops...
2015-08-04 00:10:21 : Time Idle: 00:05:39
2015-08-04 00:10:21 : ====== Waiting for full army ======
2015-08-04 00:10:33 : Checking Army Camp...
2015-08-04 00:10:35 : Total Army Camp capacity: 75/200
2015-08-04 00:10:36 :  - No. of Archers: 75
2015-08-04 00:10:36 : Training Troops...
2015-08-04 00:10:44 : Time Idle: 00:06:02
2015-08-04 00:10:44 : ====== Waiting for full army ======
2015-08-04 00:10:56 : Checking Army Camp...
2015-08-04 00:10:58 : Total Army Camp capacity: 78/200
2015-08-04 00:10:59 :  - No. of Archers: 78
2015-08-04 00:10:59 : Training Troops...
2015-08-04 00:11:07 : Time Idle: 00:06:25
2015-08-04 00:11:07 : ====== Waiting for full army ======
2015-08-04 00:11:19 : Checking Army Camp...
2015-08-04 00:11:21 : Total Army Camp capacity: 81/200
2015-08-04 00:11:22 :  - No. of Barbarians: 3
2015-08-04 00:11:22 :  - No. of Archers: 78
2015-08-04 00:11:22 : Training Troops...
2015-08-04 00:11:29 : Time Idle: 00:06:47
2015-08-04 00:11:29 : ====== Waiting for full army ======
2015-08-04 00:11:41 : Checking Army Camp...
2015-08-04 00:11:43 : Total Army Camp capacity: 86/200
2015-08-04 00:11:44 :  - No. of Barbarians: 8
2015-08-04 00:11:44 :  - No. of Archers: 78
2015-08-04 00:11:44 : Training Troops...
2015-08-04 00:11:51 : Time Idle: 00:07:09
2015-08-04 00:11:51 : ====== Waiting for full army ======
2015-08-04 00:12:03 : Checking Army Camp...
2015-08-04 00:12:05 : Total Army Camp capacity: 89/200
2015-08-04 00:12:06 :  - No. of Barbarians: 11
2015-08-04 00:12:06 :  - No. of Archers: 78
2015-08-04 00:12:07 : Training Troops...
2015-08-04 00:12:13 : Time Idle: 00:07:31
2015-08-04 00:12:14 : ====== Waiting for full army ======
2015-08-04 00:12:25 : Checking Army Camp...
2015-08-04 00:12:27 : Total Army Camp capacity: 93/200
2015-08-04 00:12:28 :  - No. of Barbarians: 15
2015-08-04 00:12:28 :  - No. of Archers: 78
2015-08-04 00:12:29 : Training Troops...
2015-08-04 00:12:36 : Time Idle: 00:07:53
2015-08-04 00:12:36 : ====== Waiting for full army ======
2015-08-04 00:12:48 : Checking Army Camp...
2015-08-04 00:12:50 : Total Army Camp capacity: 96/200
2015-08-04 00:12:51 :  - No. of Barbarians: 18
2015-08-04 00:12:51 :  - No. of Archers: 78
2015-08-04 00:12:51 : Training Troops...
2015-08-04 00:12:58 : Time Idle: 00:08:15
2015-08-04 00:12:58 : ====== Waiting for full army ======
2015-08-04 00:13:10 : Checking Army Camp...
2015-08-04 00:13:12 : Total Army Camp capacity: 99/200
2015-08-04 00:13:13 :  - No. of Barbarians: 21
2015-08-04 00:13:13 :  - No. of Archers: 78
2015-08-04 00:13:13 : Training Troops...
2015-08-04 00:13:20 : Time Idle: 00:08:36
2015-08-04 00:13:20 : ====== Waiting for full army ======
2015-08-04 00:13:32 : Checking Army Camp...
2015-08-04 00:13:34 : Total Army Camp capacity: 102/200
2015-08-04 00:13:35 :  - No. of Barbarians: 24
2015-08-04 00:13:35 :  - No. of Archers: 78
2015-08-04 00:13:35 : Training Troops...
2015-08-04 00:13:42 : Time Idle: 00:08:58
2015-08-04 00:13:43 : ====== Waiting for full army ======
2015-08-04 00:13:54 : Checking Army Camp...
2015-08-04 00:13:56 : Total Army Camp capacity: 105/200
2015-08-04 00:13:57 :  - No. of Barbarians: 27
2015-08-04 00:13:57 :  - No. of Archers: 78
2015-08-04 00:13:58 : Training Troops...
2015-08-04 00:14:05 : Time Idle: 00:09:21
2015-08-04 00:14:05 : ====== Waiting for full army ======
2015-08-04 00:14:17 : Collecting Resources
2015-08-04 00:14:23 : Checking Army Camp...
2015-08-04 00:14:25 : Total Army Camp capacity: 110/200
2015-08-04 00:14:26 :  - No. of Barbarians: 32
2015-08-04 00:14:26 :  - No. of Archers: 78
2015-08-04 00:14:26 : Training Troops...
2015-08-04 00:14:33 : Time Idle: 00:09:49
2015-08-04 00:14:33 : ====== Waiting for full army ======
2015-08-04 00:14:45 : Checking Army Camp...
2015-08-04 00:14:47 : Total Army Camp capacity: 114/200
2015-08-04 00:14:48 :  - No. of Barbarians: 36
2015-08-04 00:14:48 :  - No. of Archers: 78
2015-08-04 00:14:48 : Training Troops...
2015-08-04 00:14:56 : Time Idle: 00:10:11
2015-08-04 00:14:56 : ====== Waiting for full army ======
2015-08-04 00:15:08 : Checking Army Camp...
2015-08-04 00:15:10 : Total Army Camp capacity: 117/200
2015-08-04 00:15:11 :  - No. of Barbarians: 39
2015-08-04 00:15:11 :  - No. of Archers: 78
2015-08-04 00:15:11 : Training Troops...
2015-08-04 00:15:18 : Time Idle: 00:10:33
2015-08-04 00:15:18 : ====== Waiting for full army ======
2015-08-04 00:15:30 : Checking Army Camp...
2015-08-04 00:15:32 : Total Army Camp capacity: 120/200
2015-08-04 00:15:33 :  - No. of Barbarians: 42
2015-08-04 00:15:33 :  - No. of Archers: 78
2015-08-04 00:15:34 : Training Troops...
2015-08-04 00:15:41 : Time Idle: 00:10:55
2015-08-04 00:15:41 : ====== Waiting for full army ======
2015-08-04 00:15:52 : Pushbullet: removed 8 messages older than 6 h 
2015-08-04 00:15:56 : Checking Army Camp...
2015-08-04 00:15:58 : Total Army Camp capacity: 123/200
2015-08-04 00:15:59 :  - No. of Barbarians: 45
2015-08-04 00:15:59 :  - No. of Archers: 78
2015-08-04 00:15:59 : Training Troops...
2015-08-04 00:16:06 : Time Idle: 00:11:21
2015-08-04 00:16:06 : ====== Waiting for full army ======
2015-08-04 00:16:18 : Checking Army Camp...
2015-08-04 00:16:20 : Total Army Camp capacity: 126/200
2015-08-04 00:16:21 :  - No. of Barbarians: 48
2015-08-04 00:16:21 :  - No. of Archers: 78
2015-08-04 00:16:21 : Training Troops...
2015-08-04 00:16:28 : Time Idle: 00:11:42
2015-08-04 00:16:29 : ====== Waiting for full army ======
2015-08-04 00:16:40 : Checking Army Camp...
2015-08-04 00:16:42 : Total Army Camp capacity: 129/200
2015-08-04 00:16:43 :  - No. of Barbarians: 53
2015-08-04 00:16:43 :  - No. of Archers: 78
2015-08-04 00:16:44 : Training Troops...
2015-08-04 00:16:50 : Time Idle: 00:12:04
2015-08-04 00:16:51 : ====== Waiting for full army ======
2015-08-04 00:17:02 : Checking Army Camp...
2015-08-04 00:17:04 : Total Army Camp capacity: 134/200
2015-08-04 00:17:05 :  - No. of Barbarians: 56
2015-08-04 00:17:06 :  - No. of Archers: 78
2015-08-04 00:17:06 : Training Troops...
2015-08-04 00:17:12 : Time Idle: 00:12:26
2015-08-04 00:17:13 : ====== Waiting for full army ======
2015-08-04 00:17:24 : Checking Army Camp...
2015-08-04 00:17:26 : Total Army Camp capacity: 137/200
2015-08-04 00:17:27 :  - No. of Barbarians: 60
2015-08-04 00:17:28 :  - No. of Archers: 78
2015-08-04 00:17:28 : Training Troops...
2015-08-04 00:17:35 : Time Idle: 00:12:48
2015-08-04 00:17:35 : ====== Waiting for full army ======
2015-08-04 00:17:47 : Checking Army Camp...
2015-08-04 00:17:49 : Total Army Camp capacity: 141/200
2015-08-04 00:17:50 :  - No. of Barbarians: 63
2015-08-04 00:17:50 :  - No. of Archers: 78
2015-08-04 00:17:50 : Training Troops...
2015-08-04 00:17:57 : Time Idle: 00:13:10
2015-08-04 00:17:57 : ====== Waiting for full army ======
2015-08-04 00:18:09 : Checking Army Camp...
2015-08-04 00:18:11 : Total Army Camp capacity: 144/200
2015-08-04 00:18:12 :  - No. of Barbarians: 66
2015-08-04 00:18:12 :  - No. of Archers: 78
2015-08-04 00:18:12 : Training Troops...
2015-08-04 00:18:19 : Time Idle: 00:13:32
2015-08-04 00:18:19 : ====== Waiting for full army ======
2015-08-04 00:18:31 : Collecting Resources
2015-08-04 00:18:37 : Checking Army Camp...
2015-08-04 00:18:39 : Total Army Camp capacity: 147/200
2015-08-04 00:18:40 :  - No. of Barbarians: 69
2015-08-04 00:18:40 :  - No. of Archers: 78
2015-08-04 00:18:41 : Training Troops...
2015-08-04 00:18:46 : Time Idle: 00:13:58
2015-08-04 00:18:46 : ====== Waiting for full army ======
2015-08-04 00:18:58 : Checking Army Camp...
2015-08-04 00:19:00 : Total Army Camp capacity: 150/200
2015-08-04 00:19:01 :  - No. of Barbarians: 72
2015-08-04 00:19:01 :  - No. of Archers: 78
2015-08-04 00:19:01 : Training Troops...
2015-08-04 00:19:09 : Time Idle: 00:14:21
2015-08-04 00:19:09 : ====== Waiting for full army ======
2015-08-04 00:19:20 : Checking Army Camp...
2015-08-04 00:19:22 : Total Army Camp capacity: 153/200
2015-08-04 00:19:24 :  - No. of Barbarians: 75
2015-08-04 00:19:24 :  - No. of Archers: 78
2015-08-04 00:19:24 : Training Troops...
2015-08-04 00:19:31 : Time Idle: 00:14:43
2015-08-04 00:19:31 : ====== Waiting for full army ======
2015-08-04 00:19:43 : Checking Army Camp...
2015-08-04 00:19:45 : Total Army Camp capacity: 158/200
2015-08-04 00:19:46 :  - No. of Barbarians: 80
2015-08-04 00:19:46 :  - No. of Archers: 78
2015-08-04 00:19:46 : Training Troops...
2015-08-04 00:19:53 : Time Idle: 00:15:05
2015-08-04 00:19:53 : ====== Waiting for full army ======
2015-08-04 00:20:05 : Checking Army Camp...
2015-08-04 00:20:07 : Total Army Camp capacity: 161/200
2015-08-04 00:20:08 :  - No. of Barbarians: 84
2015-08-04 00:20:09 :  - No. of Archers: 78
2015-08-04 00:20:09 : Training Troops...
2015-08-04 00:20:16 : Time Idle: 00:15:27
2015-08-04 00:20:16 : ====== Waiting for full army ======
2015-08-04 00:20:28 : Checking Army Camp...
2015-08-04 00:20:30 : Total Army Camp capacity: 165/200
2015-08-04 00:20:31 :  - No. of Barbarians: 87
2015-08-04 00:20:31 :  - No. of Archers: 78
2015-08-04 00:20:31 : Training Troops...
2015-08-04 00:20:38 : Time Idle: 00:15:49
2015-08-04 00:20:38 : ====== Waiting for full army ======
2015-08-04 00:20:50 : Checking Army Camp...
2015-08-04 00:20:52 : Total Army Camp capacity: 168/200
2015-08-04 00:20:53 :  - No. of Barbarians: 90
2015-08-04 00:20:53 :  - No. of Archers: 78
2015-08-04 00:20:53 : Training Troops...
2015-08-04 00:21:00 : Time Idle: 00:16:11
2015-08-04 00:21:00 : ====== Waiting for full army ======
2015-08-04 00:21:12 : Checking Army Camp...
2015-08-04 00:21:14 : Total Army Camp capacity: 171/200
2015-08-04 00:21:15 :  - No. of Barbarians: 93
2015-08-04 00:21:15 :  - No. of Archers: 78
2015-08-04 00:21:15 : Training Troops...
2015-08-04 00:21:22 : Time Idle: 00:16:33
2015-08-04 00:21:23 : ====== Waiting for full army ======
2015-08-04 00:21:34 : Checking Army Camp...
2015-08-04 00:21:36 : Total Army Camp capacity: 174/200
2015-08-04 00:21:37 :  - No. of Barbarians: 96
2015-08-04 00:21:37 :  - No. of Archers: 78
2015-08-04 00:21:37 : Training Troops...
2015-08-04 00:21:44 : Time Idle: 00:16:54
2015-08-04 00:21:45 : ====== Waiting for full army ======
2015-08-04 00:21:56 : Checking Army Camp...
2015-08-04 00:21:58 : Total Army Camp capacity: 177/200
2015-08-04 00:21:59 :  - No. of Barbarians: 99
2015-08-04 00:21:59 :  - No. of Archers: 78
2015-08-04 00:21:59 : Training Troops...
2015-08-04 00:22:07 : Time Idle: 00:17:16
2015-08-04 00:22:07 : ====== Waiting for full army ======
2015-08-04 00:22:18 : Checking Army Camp...
2015-08-04 00:22:20 : Total Army Camp capacity: 180/200
2015-08-04 00:22:21 :  - No. of Barbarians: 102
2015-08-04 00:22:22 :  - No. of Archers: 78
2015-08-04 00:22:22 : Training Troops...
2015-08-04 00:22:29 : Time Idle: 00:17:38
2015-08-04 00:22:29 : ====== Waiting for full army ======
2015-08-04 00:22:41 : Collecting Resources
2015-08-04 00:22:47 : Checking Army Camp...
2015-08-04 00:22:49 : Total Army Camp capacity: 186/200
2015-08-04 00:22:50 :  - No. of Barbarians: 108
2015-08-04 00:22:50 :  - No. of Archers: 78
2015-08-04 00:22:50 : Training Troops...
2015-08-04 00:22:53 : some error occurred, cannot open barrack
2015-08-04 00:22:55 : Time Idle: 00:18:04
2015-08-04 00:22:55 : ====== Waiting for full army ======
2015-08-04 00:23:07 : Checking Army Camp...
2015-08-04 00:23:08 : Total Army Camp capacity: 188/200
2015-08-04 00:23:09 :  - No. of Barbarians: 110
2015-08-04 00:23:10 :  - No. of Archers: 78
2015-08-04 00:23:10 : Training Troops...
2015-08-04 00:23:17 : Time Idle: 00:18:26
2015-08-04 00:23:17 : ====== Waiting for full army ======
2015-08-04 00:23:29 : Checking Army Camp...
2015-08-04 00:23:31 : Total Army Camp capacity: 190/200
2015-08-04 00:23:32 :  - No. of Barbarians: 112
2015-08-04 00:23:32 :  - No. of Archers: 78
2015-08-04 00:23:32 : Training Troops...
2015-08-04 00:23:39 : Time Idle: 00:18:48
2015-08-04 00:23:40 : ====== Waiting for full army ======
2015-08-04 00:23:51 : Checking Army Camp...
2015-08-04 00:23:54 : Total Army Camp capacity: 192/200
2015-08-04 00:23:55 :  - No. of Barbarians: 114
2015-08-04 00:23:55 :  - No. of Archers: 78
2015-08-04 00:23:55 : Training Troops...
2015-08-04 00:24:02 : Time Idle: 00:19:10
2015-08-04 00:24:02 : ====== Waiting for full army ======
2015-08-04 00:24:14 : Checking Army Camp...
2015-08-04 00:24:16 : Total Army Camp capacity: 194/200
2015-08-04 00:24:17 :  - No. of Barbarians: 116
2015-08-04 00:24:17 :  - No. of Archers: 78
2015-08-04 00:24:18 : Training Troops...
2015-08-04 00:24:25 : Time Idle: 00:19:33
2015-08-04 00:24:25 : ====== Waiting for full army ======
2015-08-04 00:24:37 : Checking Army Camp...
2015-08-04 00:24:39 : Total Army Camp capacity: 196/200
2015-08-04 00:24:40 :  - No. of Barbarians: 118
2015-08-04 00:24:40 :  - No. of Archers: 78
2015-08-04 00:24:40 : Training Troops...
2015-08-04 00:24:47 : Time Idle: 00:19:55
2015-08-04 00:24:48 : ====== Waiting for full army ======
2015-08-04 00:24:59 : Checking Army Camp...
2015-08-04 00:25:01 : Total Army Camp capacity: 198/200
2015-08-04 00:25:03 :  - No. of Barbarians: 10
2015-08-04 00:25:03 :  - No. of Archers: 78
2015-08-04 00:25:03 : Training Troops...
2015-08-04 00:25:12 : Waiting for Main Screen
2015-08-04 00:26:11 : Trying to locate Main Screen
2015-08-04 00:26:11 : Main Screen Located
2015-08-04 00:26:13 : Collecting Resources
2015-08-04 00:26:23 : Checking if Village needs Rearming..
2015-08-04 00:26:30 : Village Report
2015-08-04 00:26:30 : No. of Free/Total Builders: 0/4
2015-08-04 00:26:31 :  [T]: 1 476
2015-08-04 00:26:31 :  [G]: 6 001 000 [E]: 4 398 426 [D]: 62 968 [GEM]: 953
2015-08-04 00:26:33 : Checking Army Camp...
2015-08-04 00:26:35 : Total Army Camp capacity: 200/200
2015-08-04 00:26:36 :  - No. of Barbarians: 10
2015-08-04 00:26:36 :  - No. of Archers: 80
2015-08-04 00:26:36 : Training Troops...
2015-08-04 00:26:37 : Your Army Camps are now Full
2015-08-04 00:26:41 : Checking Army Camp...
2015-08-04 00:26:43 : Total Army Camp capacity: 200/200
2015-08-04 00:26:44 :  - No. of Barbarians: 10
2015-08-04 00:26:44 :  - No. of Archers: 80
2015-08-04 00:26:44 : Training Troops...
2015-08-04 00:26:45 : Your Army Camps are now Full
2015-08-04 00:27:05 : Requesting Clan Castle Troops
2015-08-04 00:27:05 : Your Clan Castle is already full or you are not in a clan.
2015-08-04 00:27:06 : Checking Troop Upgrade in Laboratory ...
2015-08-04 00:27:07 : Updating village values [E]: 4357926 [D]: 62968
2015-08-04 00:27:08 : Insufficent Elixir for Pekka, Lab requires: 6000000 + 250000 user reserve
2015-08-04 00:27:12 : Finished kicking
2015-08-04 00:27:12 : Going to Attack...
2015-08-04 00:27:18 : ============== Searching For Dead Base ===============
2015-08-04 00:27:18 : ~~~~~~~~~~~~~~~ SEARCH CONDITIONS ~~~~~~~~~~~~~~~~
2015-08-04 00:27:18 : Meet: Gold and Elixir
2015-08-04 00:27:18 : ~~~~~~~~~~~~~~ RESOURCE CONDITIONS ~~~~~~~~~~~~~~~
2015-08-04 00:27:18 : Aim: [G]: 200000 [E]: 200000 [D]:    0 [T]: 0, Out, Out, Out, Out, Out, Out, Out, Out, Out, Out, Out, Out, Out, Out, Out, Out, Out, Out, Out, Out, Out, Out, Out, Out, Out, Out, Out, Out, Out, Out, Out, Out, Out, Out, Out, Out, Out, Out, Out, Out, Out, Out, Out, Out, Out, Out, Out, Out, Out, Out, Out, Out, Out, Out, Out, Out, Out, Out, Out, Out, Out, Out, Out, Out, Out, Out, Out, Out, Out, Out, Out, Out, Out, Out, Out, Out, Out, Out, Out, Out, Out, Out, Out, Out, Out, Out, Out, Out, Out, Out, Out, Out, Out, Out, Out, Out, Out, Out, Out, Out, Out, Out, Out, Out, Out, Out, Out, Out, Out, Out, Out, Out, Out, Out, Out, Out, Out, Out, Out, Out, Out, Out, Out, Out, Out, Out, Out, Out, Out, Out, Out, Out, Out, Out, Out, Out, Out, Out, Out, Out, Out, Out, Out, Out, Out, Out, Out, Out, Out, Out, Out, Out, Out, Out, Out, Out, Out, Out, Out, Out, Out, Out, Out, Out, Out, Out, Out, Out, Out, Out, Out, Out, Out, Out, Out, Out, Out, Out, Out, Out, Out, Out, Out, Out, Out, Out, Out, Out, Out, Out, Out, Out, Out, Out, Out, Out, Out, Out, Out, Out, Out, Out, Out, Out, Out, Out, Out, Out, Out, Out, Out, Out, Out, Out, Out, Out, Out, Out, Out, Out, Out, Out, Out, Out, Out, Out, Out, Out, Out, Out, Out, Out, Out, Out, Out, Out, Out, Out, Out, Out, Out, Out, Out, Out, Out, Out, Out, Out, Out, Out, Out, Out, Out, Out, Out, Out, Out, Out, Out, Out, Out, Out, Out, Out, Out, Out, Out, Out, Out, Out, Out, Out, Out, Out, Out, Out, Out, Out, Out, Out, Out, Out, Out, Out, Out, Out, Out, Out, Out, Out, Out, Out, Out, Out, Out, Out, Out, Out, Out, Out, Out, Out, Out, Out, Out, Out, Out, Out, Out, Out, Out, Out, Out, Out, Out, Out, Out, Out, Out, Out, Out, Out, Out, Out, Out, Out, Out, Out, Out, Out, Out, Out, Out, Out, Out, Out, Out, Out, Out, Out, Out, Out, Out, Out, Out, Out, Out, Out, Out, Out, Out, Out for: Dead Base
2015-08-04 00:27:18 : ==================================================
2015-08-04 00:27:19 :   1> [G]: 147049 [E]:  81667 [D]:  400 [T]:15
2015-08-04 00:27:22 :   2> [G]: 140198 [E]: 127599 [D]:  872 [T]:33
2015-08-04 00:27:25 :   3> [G]:  30382 [E]:  56557 [D]:   25 [T]:21
2015-08-04 00:27:28 :   4> [G]: 367891 [E]: 437682 [D]:  654 [T]:31
2015-08-04 00:27:29 : ~~~~~~~~~~~~~~~~ Not a Dead Base ~~~~~~~~~~~~~~~~~
2015-08-04 00:27:32 :   5> [G]: 346878 [E]: 266585 [D]:  968 [T]:21
2015-08-04 00:27:33 : ~~~~~~~~~~~~~~~~ Not a Dead Base ~~~~~~~~~~~~~~~~~
2015-08-04 00:27:36 :   6> [G]:  56582 [E]: 196304 [D]: 1017 [T]:20
2015-08-04 00:27:42 :   7> [G]: 116634 [E]: 133135 [D]:  267 [T]:25
2015-08-04 00:27:45 :   8> [G]:  56896 [E]:  59555 [D]:  702 [T]:13
2015-08-04 00:27:51 :   9> [G]:  45643 [E]:   8521 [D]:  430 [T]:27
2015-08-04 00:27:54 :  10> [G]:  64955 [E]:  37087 [D]:  N/A [T]:22
2015-08-04 00:28:01 :  11> [G]: 139713 [E]:  87954 [D]:   18 [T]:31
2015-08-04 00:28:03 :  12> [G]:  95791 [E]:  50447 [D]: 1414 [T]:21
2015-08-04 00:28:10 :  13> [G]: 404894 [E]: 651011 [D]: 1061 [T]:15
2015-08-04 00:28:10 : ~~~~~~~~~~~~~~~~ Dead Base Found! ~~~~~~~~~~~~~~~~
2015-08-04 00:28:10 : ================ Search Complete =================
2015-08-04 00:28:10 : Initiating attack for: Dead Base
2015-08-04 00:28:13 : -Barbarians 120
2015-08-04 00:28:13 : -Archers 80
2015-08-04 00:28:13 : -Clan Castle 
2015-08-04 00:28:13 : -Lightning Spells 2
2015-08-04 00:28:13 : -Poison Spells 1
2015-08-04 00:28:13 :  ====== Start Attack ====== 
2015-08-04 00:28:15 : Attacking on all sides
2015-08-04 00:28:16 : Dropping first wave of 60 Barbarians
2015-08-04 00:28:21 : Dropping first wave of 40 Archers
2015-08-04 00:28:25 : Dropping second wave of 60 Barbarians
2015-08-04 00:28:30 : Dropping second wave of 40 Archers
2015-08-04 00:28:34 : Dropping left over troops
2015-08-04 00:28:34 : Checking remaining unused troops for: Dead Base
2015-08-04 00:28:38 : -Clan Castle 
2015-08-04 00:28:38 : -Lightning Spells 2
2015-08-04 00:28:38 : -Poison Spells 1
2015-08-04 00:28:46 : Checking remaining unused troops for: Dead Base
2015-08-04 00:28:49 : -Clan Castle 
2015-08-04 00:28:49 : -Lightning Spells 2
2015-08-04 00:28:49 : -Poison Spells 1
2015-08-04 00:28:58 : Finished Attacking, waiting for the battle to end
2015-08-04 00:28:58 : Checking if the battle has finished
2015-08-04 00:29:00 : detected [G]: 84185 [E]: 243172 [DE]: 431 |  Exit in 18 sec.
2015-08-04 00:29:02 : detected [G]: 84185 [E]: 243172 [DE]: 431 |  Exit in 16 sec.
2015-08-04 00:29:04 : detected [G]: 84185 [E]: 243172 [DE]: 431 |  Exit in 14 sec.
2015-08-04 00:29:05 : detected [G]: 84185 [E]: 243172 [DE]: 431 |  Exit in 13 sec.
2015-08-04 00:29:07 : detected [G]: 84185 [E]: 243172 [DE]: 431 |  Exit in 11 sec.
2015-08-04 00:29:09 : detected [G]: 84185 [E]: 243172 [DE]: 431 |  Exit in  9 sec.
2015-08-04 00:29:10 : detected [G]: 84185 [E]: 243172 [DE]: 431 |  Exit in  8 sec.
2015-08-04 00:29:12 : detected [G]: 84185 [E]: 243172 [DE]: 431 |  Exit in  6 sec.
2015-08-04 00:29:14 : detected [G]: 84185 [E]: 243172 [DE]: 431 |  Exit in  4 sec.
2015-08-04 00:29:16 : detected [G]: 84185 [E]: 243172 [DE]: 431 |  Exit in  2 sec.
2015-08-04 00:29:17 : detected [G]: 84185 [E]: 243172 [DE]: 431 |  Exit in  1 sec.
2015-08-04 00:29:19 : detected [G]: 84185 [E]: 243172 [DE]: 431 |  Exit in  0 sec.
2015-08-04 00:29:19 : Gold & Elixir & DE no change detected, exit
2015-08-04 00:29:19 : Returning Home
2015-08-04 00:30:01 : End of Attack scene slow to appear, attack values my not be correct
2015-08-04 00:30:10 : Loot: [G]: 92 620 [E]: 447 658 [DE]: 628 [T]: 5
2015-08-04 00:30:11 : Bonus [G]:  [E]: 
2015-08-04 00:30:14 : Stars earned: 1
2015-08-04 00:30:22 : Trying to locate Main Screen
2015-08-04 00:30:22 : Main Screen Located
2015-08-04 00:30:23 : Collecting Resources
2015-08-04 00:30:32 : Checking if Village needs Rearming..
2015-08-04 00:30:41 : Waiting for Main Screen
2015-08-04 00:30:42 : Trying to locate Main Screen
2015-08-04 00:30:42 : Main Screen Located
2015-08-04 00:30:43 : Collecting Resources
2015-08-04 00:30:51 : Waiting for Main Screen
2015-08-04 00:30:53 : Trying to locate Main Screen
2015-08-04 00:30:53 : Main Screen Located
2015-08-04 00:30:54 : Collecting Resources
2015-08-04 00:31:02 : Checking if Village needs Rearming..
2015-08-04 00:31:10 : Village Report
2015-08-04 00:31:10 : Cannot get Free/Total Builders
2015-08-04 00:31:10 : No. of Free/Total Builders: 0/0
2015-08-04 00:31:10 :  [T]: 1 481
2015-08-04 00:31:10 :  [G]: 6 001 000 [E]: 4 906 264 [D]: 63 610 [GEM]: 953
2015-08-04 00:31:13 : Checking Army Camp...
2015-08-04 00:31:15 : Total Army Camp capacity: 30/200
2015-08-04 00:31:16 :  - No. of Archers: 30
2015-08-04 00:31:16 : Training Troops...
2015-08-04 00:31:26 : Requesting Clan Castle Troops
2015-08-04 00:31:32 : Checking Troop Upgrade in Laboratory ...
2015-08-04 00:31:32 : Updating village values [E]: 4905514 [D]: 63610
2015-08-04 00:31:34 : Insufficent Elixir for Pekka, Lab requires: 6000000 + 250000 user reserve
2015-08-04 00:31:37 : Finished kicking
2015-08-04 00:31:37 : ====== Waiting for full army ======
2015-08-04 00:31:49 : Checking Army Camp...
2015-08-04 00:32:01 : Army size read error, Troop numbers can't be trained correctly
2015-08-04 00:32:02 : Total Army Camp capacity: 0/200
2015-08-04 00:32:04 : Training Troops...
2015-08-04 00:32:05 : No barrack avaiable, cannot start train
2015-08-04 00:32:07 : Waiting for Main Screen
2015-08-04 00:32:09 : Trying to locate Main Screen
2015-08-04 00:32:09 : Main Screen Located
2015-08-04 00:32:10 : Collecting Resources
2015-08-04 00:32:16 : ClashGameBot was Paused!
