2015-08-17 01:07:17 : Starting BlueStacks and Clash Of Clans
2015-08-17 01:07:17 : Please wait while BS/CoC starts....
2015-08-17 01:07:35 : BlueStacks Loaded, took 17.58 seconds to begin.
2015-08-17 01:07:35 : Waiting for Main Screen after BS restart
2015-08-17 01:07:49 : CoC main window took 14.03 seconds
2015-08-17 01:07:49 : Zooming Out
2015-08-17 01:07:53 :  Clash Game Bot v4.1.1-6 merge Powered by GameBot.org 
2015-08-17 01:07:53 : GameBot.org.exe Executable running on WIN_7 Service Pack 1 X64
2015-08-17 01:07:53 : =================== Bot Start ====================
2015-08-17 01:07:53 : -------------------------  Current Profile: 01 --------------------------
2015-08-17 01:07:53 : Trying to locate Main Screen
2015-08-17 01:07:53 : Main Screen Located
2015-08-17 01:07:54 : Detecting your Buildings..
2015-08-17 01:08:04 : Language setting is English: Correct.
2015-08-17 01:08:05 : Trying to locate Main Screen
2015-08-17 01:08:05 : Main Screen Located
2015-08-17 01:08:07 : Village Report
2015-08-17 01:08:07 : No. of Free/Total Builders: 0/4
2015-08-17 01:08:07 :  [T]: 2 688
2015-08-17 01:08:07 :  [G]: 2 431 694 [E]: 2 404 573 [D]: 17 331 [GEM]: 57
2015-08-17 01:08:08 : Collecting Resources
2015-08-17 01:08:18 : Chat Request: drag
2015-08-17 01:08:18 : Dragons Keyword found: drag
2015-08-17 01:08:21 : No Dragons available to donate..
2015-08-17 01:08:24 : No Archers as subtroop available to donate..
2015-08-17 01:08:26 : Checking Army Camp...
2015-08-17 01:08:28 : Total Army Camp capacity: 0/220
2015-08-17 01:08:30 : Barracks and Spell factory status: 
2015-08-17 01:08:30 : - Barracks detected: 4 | Available: 4 | Upgrading: 0
2015-08-17 01:08:30 : - Dark Barracks detected: 2 | Available: 2 | Upgrading: 0
2015-08-17 01:08:30 : - Spell factory detected: 1 | Available: 1 | Upgrading: 0
2015-08-17 01:08:30 : - Dark Spell factory detected: 1 | Available: 1 | Upgrading: 0
2015-08-17 01:08:30 : Training Troops...
2015-08-17 01:08:58 : Spell Factory Full
2015-08-17 01:08:58 : Created 1 Spell(s)
2015-08-17 01:08:59 : 0
2015-08-17 01:09:01 : Requesting Clan Castle Troops
2015-08-17 01:09:02 : Request has already been made
2015-08-17 01:09:03 : ====== Waiting for full army ======
2015-08-17 01:09:15 : Waiting for Main Screen
2015-08-17 01:09:18 : ClashGameBot was Paused!
2015-08-17 01:09:37 : ClashGameBot was Resumed.
2015-08-17 01:09:39 : Trying to locate Main Screen
2015-08-17 01:09:39 : Main Screen Located
2015-08-17 01:09:40 : Village Report
2015-08-17 01:09:40 : No. of Free/Total Builders: 0/4
2015-08-17 01:09:40 :  [T]: 2 688
2015-08-17 01:09:41 :  [G]: 2 433 215 [E]: 2 392 247 [D]: 17 331 [GEM]: 57
2015-08-17 01:09:41 : Collecting Resources
2015-08-17 01:09:47 : ClashGameBot was Paused!
2015-08-17 01:10:12 : ClashGameBot was Resumed.
2015-08-17 01:10:12 : Zooming Out
2015-08-17 01:10:19 : Chat Request: drag
2015-08-17 01:10:19 : Dragons Keyword found: drag
2015-08-17 01:10:23 : No Dragons available to donate..
2015-08-17 01:10:23 : Donating Archersas subtitute.
2015-08-17 01:10:26 : Checking Army Camp...
2015-08-17 01:10:28 : Total Army Camp capacity: 9/220
2015-08-17 01:10:31 :  - No. of Archers: 9
2015-08-17 01:10:31 : Training Troops...
2015-08-17 01:10:38 : ClashGameBot was Paused!
