2015-08-17 07:21:36 :  Clash Game Bot v4.1.1-6 merge Powered by GameBot.org 
2015-08-17 07:21:36 : GameBot.org.exe Executable running on WIN_7 Service Pack 1 X64
2015-08-17 07:21:36 : =================== Bot Start ====================
2015-08-17 07:21:36 : -------------------------  Current Profile: 01 --------------------------
2015-08-17 07:21:36 : Trying to locate Main Screen
2015-08-17 07:21:36 : Main Screen Located
2015-08-17 07:21:37 : Detecting your Buildings..
2015-08-17 07:21:44 : Language setting is English: Correct.
2015-08-17 07:21:45 : Trying to locate Main Screen
2015-08-17 07:21:45 : Main Screen Located
2015-08-17 07:21:45 : ClashGameBot was Paused!
2015-08-17 07:22:01 : ClashGameBot was Resumed.
2015-08-17 07:22:02 : Village Report
2015-08-17 07:22:02 : No. of Free/Total Builders: 0/4
2015-08-17 07:22:02 :  [T]: 2 721
2015-08-17 07:22:02 :  [G]: 2 790 443 [E]: 2 896 981 [D]: 22 656 [GEM]: 57
2015-08-17 07:22:03 : Collecting Resources
2015-08-17 07:22:13 : Chat Request: wiz arch
2015-08-17 07:22:13 : Archers Keyword found: arc
2015-08-17 07:22:16 : No Archers available to donate..
2015-08-17 07:22:16 : Wizards Keyword found: wiz
2015-08-17 07:22:19 : No Wizards available to donate..
2015-08-17 07:22:21 : Checking Army Camp...
2015-08-17 07:22:23 : Total Army Camp capacity: 40/220
2015-08-17 07:22:26 :  - No. of Giants: 8
2015-08-17 07:22:26 : Barracks and Spell factory status: 
2015-08-17 07:22:26 : - Barracks detected: 4 | Available: 4 | Upgrading: 0
2015-08-17 07:22:26 : - Dark Barracks detected: 2 | Available: 2 | Upgrading: 0
2015-08-17 07:22:26 : - Spell factory detected: 1 | Available: 1 | Upgrading: 0
2015-08-17 07:22:26 : - Dark Spell factory detected: 1 | Available: 1 | Upgrading: 0
2015-08-17 07:22:27 : Training Troops...
2015-08-17 07:22:46 : Spell Factory Full
2015-08-17 07:22:46 : Created 1 Spell(s)
2015-08-17 07:22:48 : 0
2015-08-17 07:22:50 : Requesting Clan Castle Troops
2015-08-17 07:22:55 : ====== Waiting for full army ======
2015-08-17 07:23:07 : Checking Army Camp...
2015-08-17 07:23:09 : Total Army Camp capacity: 40/220
2015-08-17 07:23:10 :  - No. of Giants: 8
2015-08-17 07:23:11 : Training Troops...
2015-08-17 07:23:20 : Spell Factory Full
2015-08-17 07:23:22 : Time Idle: 00:00:27
2015-08-17 07:23:23 : ====== Waiting for full army ======
2015-08-17 07:23:35 : Checking Army Camp...
2015-08-17 07:23:36 : Total Army Camp capacity: 40/220
2015-08-17 07:23:38 :  - No. of Giants: 8
2015-08-17 07:23:38 : Training Troops...
2015-08-17 07:23:48 : Spell Factory Full
2015-08-17 07:23:50 : Time Idle: 00:00:54
2015-08-17 07:23:50 : ====== Waiting for full army ======
2015-08-17 07:24:02 : Checking Army Camp...
2015-08-17 07:24:04 : Total Army Camp capacity: 40/220
2015-08-17 07:24:05 :  - No. of Giants: 8
2015-08-17 07:24:05 : Training Troops...
2015-08-17 07:24:15 : Spell Factory Full
2015-08-17 07:24:17 : Time Idle: 00:01:21
2015-08-17 07:24:17 : ====== Waiting for full army ======
2015-08-17 07:24:29 : Checking Army Camp...
2015-08-17 07:24:31 : Total Army Camp capacity: 45/220
2015-08-17 07:24:32 :  - No. of Giants: 9
2015-08-17 07:24:33 : Training Troops...
2015-08-17 07:24:42 : Spell Factory Full
2015-08-17 07:24:44 : Time Idle: 00:01:48
2015-08-17 07:24:45 : ====== Waiting for full army ======
2015-08-17 07:24:56 : Checking Army Camp...
2015-08-17 07:24:58 : Total Army Camp capacity: 60/220
2015-08-17 07:24:59 :  - No. of Giants: 12
2015-08-17 07:25:00 : Training Troops...
2015-08-17 07:25:10 : Spell Factory Full
2015-08-17 07:25:12 : Time Idle: 00:02:15
2015-08-17 07:25:12 : ====== Waiting for full army ======
2015-08-17 07:25:24 : Checking Army Camp...
2015-08-17 07:25:26 : Total Army Camp capacity: 60/220
2015-08-17 07:25:27 :  - No. of Giants: 12
2015-08-17 07:25:28 : Training Troops...
2015-08-17 07:25:37 : Spell Factory Full
2015-08-17 07:25:39 : Time Idle: 00:02:42
2015-08-17 07:25:40 : ====== Waiting for full army ======
2015-08-17 07:25:51 : Checking Army Camp...
2015-08-17 07:25:53 : Total Army Camp capacity: 60/220
2015-08-17 07:25:55 :  - No. of Giants: 12
2015-08-17 07:25:55 : Training Troops...
2015-08-17 07:26:05 : Spell Factory Full
2015-08-17 07:26:07 : Time Idle: 00:03:09
2015-08-17 07:26:07 : ====== Waiting for full army ======
2015-08-17 07:26:19 : Checking Army Camp...
2015-08-17 07:26:21 : Total Army Camp capacity: 60/220
2015-08-17 07:26:22 :  - No. of Giants: 12
2015-08-17 07:26:22 : Training Troops...
2015-08-17 07:26:32 : Spell Factory Full
2015-08-17 07:26:34 : Time Idle: 00:03:36
2015-08-17 07:26:34 : ====== Waiting for full army ======
2015-08-17 07:26:46 : Checking Army Camp...
2015-08-17 07:26:48 : Total Army Camp capacity: 80/220
2015-08-17 07:26:49 :  - No. of Giants: 16
2015-08-17 07:26:50 : Training Troops...
2015-08-17 07:26:59 : Spell Factory Full
2015-08-17 07:27:01 : Time Idle: 00:04:03
2015-08-17 07:27:02 : ====== Waiting for full army ======
2015-08-17 07:27:13 : Checking Army Camp...
2015-08-17 07:27:15 : Total Army Camp capacity: 80/220
2015-08-17 07:27:16 :  - No. of Giants: 16
2015-08-17 07:27:17 : Training Troops...
2015-08-17 07:27:27 : Spell Factory Full
2015-08-17 07:27:29 : Time Idle: 00:04:30
2015-08-17 07:27:29 : ====== Waiting for full army ======
2015-08-17 07:27:41 : Checking Army Camp...
2015-08-17 07:27:43 : Total Army Camp capacity: 80/220
2015-08-17 07:27:44 :  - No. of Giants: 16
2015-08-17 07:27:44 : Training Troops...
2015-08-17 07:27:54 : Spell Factory Full
2015-08-17 07:27:56 : Time Idle: 00:04:58
2015-08-17 07:27:56 : ====== Waiting for full army ======
2015-08-17 07:28:08 : Collecting Resources
2015-08-17 07:28:13 : Checking Army Camp...
2015-08-17 07:28:15 : Total Army Camp capacity: 80/220
2015-08-17 07:28:16 :  - No. of Giants: 16
2015-08-17 07:28:17 : Training Troops...
2015-08-17 07:28:27 : Spell Factory Full
2015-08-17 07:28:29 : Time Idle: 00:05:30
2015-08-17 07:28:29 : ====== Waiting for full army ======
2015-08-17 07:28:41 : Checking Army Camp...
2015-08-17 07:28:43 : Total Army Camp capacity: 100/220
2015-08-17 07:28:44 :  - No. of Giants: 20
2015-08-17 07:28:45 : Training Troops...
2015-08-17 07:28:54 : Spell Factory Full
2015-08-17 07:28:56 : Time Idle: 00:05:57
2015-08-17 07:28:57 : ====== Waiting for full army ======
2015-08-17 07:29:08 : Checking Army Camp...
2015-08-17 07:29:10 : Total Army Camp capacity: 100/220
2015-08-17 07:29:11 :  - No. of Giants: 20
2015-08-17 07:29:12 : Training Troops...
2015-08-17 07:29:22 : Spell Factory Full
2015-08-17 07:29:24 : Time Idle: 00:06:25
2015-08-17 07:29:24 : ====== Waiting for full army ======
2015-08-17 07:29:36 : Checking Army Camp...
2015-08-17 07:29:38 : Total Army Camp capacity: 100/220
2015-08-17 07:29:39 :  - No. of Giants: 20
2015-08-17 07:29:40 : Training Troops...
2015-08-17 07:29:50 : Spell Factory Full
2015-08-17 07:29:52 : Time Idle: 00:06:52
2015-08-17 07:29:52 : ====== Waiting for full army ======
2015-08-17 07:30:04 : Checking Army Camp...
2015-08-17 07:30:06 : Total Army Camp capacity: 100/220
2015-08-17 07:30:07 :  - No. of Giants: 20
2015-08-17 07:30:07 : Training Troops...
2015-08-17 07:30:17 : Spell Factory Full
2015-08-17 07:30:19 : Time Idle: 00:07:19
2015-08-17 07:30:19 : ====== Waiting for full army ======
2015-08-17 07:30:31 : Checking Army Camp...
2015-08-17 07:30:33 : Total Army Camp capacity: 105/220
2015-08-17 07:30:34 :  - No. of Giants: 21
2015-08-17 07:30:35 : Training Troops...
2015-08-17 07:30:46 : Spell Factory Full
2015-08-17 07:30:48 : Time Idle: 00:07:48
2015-08-17 07:30:48 : ====== Waiting for full army ======
2015-08-17 07:31:00 : Checking Army Camp...
2015-08-17 07:31:01 : ClashGameBot was Paused!
2015-08-17 07:33:24 : ClashGameBot was Resumed.
2015-08-17 07:33:25 : Total Army Camp capacity: 120/220
2015-08-17 07:33:26 :  - No. of Giants: 24
2015-08-17 07:33:27 : Training Troops...
2015-08-17 07:33:31 : ClashGameBot was Paused!
2015-08-17 07:35:56 : ClashGameBot was Resumed.
2015-08-17 07:35:59 : ClashGameBot was Paused!
2015-08-17 07:37:50 : ClashGameBot was Resumed.
2015-08-17 07:37:54 : ClashGameBot was Paused!
2015-08-17 07:40:04 : ClashGameBot was Resumed.
2015-08-17 07:40:06 : Spell Factory Full
2015-08-17 07:40:06 : Created 1 Spell(s)
2015-08-17 07:40:08 : Time Idle: 00:17:08
2015-08-17 07:40:08 : ====== Waiting for full army ======
2015-08-17 07:40:20 : Checking Army Camp...
2015-08-17 07:40:22 : Total Army Camp capacity: 136/220
2015-08-17 07:40:23 :  - No. of Giants: 24
2015-08-17 07:40:23 :  - No. of Wizards: 4
2015-08-17 07:40:24 : Training Troops...
2015-08-17 07:40:35 : Spell Factory Full
2015-08-17 07:40:37 : Time Idle: 00:17:36
2015-08-17 07:40:37 : ====== Waiting for full army ======
2015-08-17 07:40:49 : Checking Army Camp...
2015-08-17 07:40:51 : Total Army Camp capacity: 136/220
2015-08-17 07:40:52 :  - No. of Giants: 24
2015-08-17 07:40:52 :  - No. of Wizards: 4
2015-08-17 07:40:52 : Training Troops...
2015-08-17 07:41:03 : Spell Factory Full
2015-08-17 07:41:05 : Time Idle: 00:18:05
2015-08-17 07:41:06 : ====== Waiting for full army ======
2015-08-17 07:41:18 : Checking Army Camp...
2015-08-17 07:41:20 : Total Army Camp capacity: 136/220
2015-08-17 07:41:21 :  - No. of Giants: 24
2015-08-17 07:41:21 :  - No. of Wizards: 4
2015-08-17 07:41:21 : Training Troops...
2015-08-17 07:41:32 : Spell Factory Full
2015-08-17 07:41:34 : Time Idle: 00:18:33
2015-08-17 07:41:34 : ====== Waiting for full army ======
2015-08-17 07:41:42 : Chat Request: wiz arch
2015-08-17 07:41:42 : Archers Keyword found: arc
2015-08-17 07:41:45 : No Archers available to donate..
2015-08-17 07:41:46 : Wizards Keyword found: wiz
2015-08-17 07:41:46 : Donating Wizards
2015-08-17 07:41:53 : Checking Army Camp...
2015-08-17 07:41:55 : Total Army Camp capacity: 120/220
2015-08-17 07:41:56 :  - No. of Giants: 24
2015-08-17 07:41:57 : Training Troops...
2015-08-17 07:42:10 : Spell Factory Full
2015-08-17 07:42:12 : Time Idle: 00:19:10
2015-08-17 07:42:12 : ====== Waiting for full army ======
2015-08-17 07:42:24 : Collecting Resources
2015-08-17 07:42:30 : Checking Army Camp...
2015-08-17 07:42:32 : Total Army Camp capacity: 120/220
2015-08-17 07:42:33 :  - No. of Giants: 24
2015-08-17 07:42:34 : Training Troops...
2015-08-17 07:42:46 : Spell Factory Full
2015-08-17 07:42:49 : Time Idle: 00:19:47
2015-08-17 07:42:49 : ====== Waiting for full army ======
2015-08-17 07:43:01 : Checking Army Camp...
2015-08-17 07:43:02 : Total Army Camp capacity: 120/220
2015-08-17 07:43:04 :  - No. of Giants: 24
2015-08-17 07:43:04 : Training Troops...
2015-08-17 07:43:17 : Spell Factory Full
2015-08-17 07:43:19 : Time Idle: 00:20:17
2015-08-17 07:43:19 : ====== Waiting for full army ======
2015-08-17 07:43:31 : Checking Army Camp...
2015-08-17 07:43:33 : Total Army Camp capacity: 120/220
2015-08-17 07:43:34 :  - No. of Giants: 24
2015-08-17 07:43:35 : Training Troops...
2015-08-17 07:43:48 : Spell Factory Full
2015-08-17 07:43:50 : Time Idle: 00:20:47
2015-08-17 07:43:50 : ====== Waiting for full army ======
2015-08-17 07:44:02 : Checking Army Camp...
2015-08-17 07:44:04 : Total Army Camp capacity: 120/220
2015-08-17 07:44:05 :  - No. of Giants: 24
2015-08-17 07:44:05 : Training Troops...
2015-08-17 07:44:18 : Spell Factory Full
2015-08-17 07:44:20 : Time Idle: 00:21:18
2015-08-17 07:44:20 : ====== Waiting for full army ======
2015-08-17 07:44:32 : Checking Army Camp...
2015-08-17 07:44:34 : Total Army Camp capacity: 120/220
2015-08-17 07:44:35 :  - No. of Giants: 24
2015-08-17 07:44:36 : Training Troops...
2015-08-17 07:44:48 : Spell Factory Full
2015-08-17 07:44:51 : Time Idle: 00:21:48
2015-08-17 07:44:51 : ====== Waiting for full army ======
2015-08-17 07:45:03 : Checking Army Camp...
2015-08-17 07:45:04 : Total Army Camp capacity: 120/220
2015-08-17 07:45:06 :  - No. of Giants: 24
2015-08-17 07:45:06 : Training Troops...
2015-08-17 07:45:19 : Spell Factory Full
2015-08-17 07:45:21 : Time Idle: 00:22:18
2015-08-17 07:45:21 : ====== Waiting for full army ======
2015-08-17 07:45:33 : Checking Army Camp...
2015-08-17 07:45:35 : Total Army Camp capacity: 120/220
2015-08-17 07:45:36 :  - No. of Giants: 24
2015-08-17 07:45:37 : Training Troops...
2015-08-17 07:45:49 : Spell Factory Full
2015-08-17 07:45:51 : Time Idle: 00:22:48
2015-08-17 07:45:51 : ====== Waiting for full army ======
2015-08-17 07:46:03 : Checking Army Camp...
2015-08-17 07:46:05 : Total Army Camp capacity: 120/220
2015-08-17 07:46:06 :  - No. of Giants: 24
2015-08-17 07:46:07 : Training Troops...
2015-08-17 07:46:19 : Spell Factory Full
2015-08-17 07:46:22 : Time Idle: 00:23:18
2015-08-17 07:46:22 : ====== Waiting for full army ======
2015-08-17 07:46:33 : Checking Army Camp...
2015-08-17 07:46:35 : Total Army Camp capacity: 128/220
2015-08-17 07:46:37 :  - No. of Giants: 24
2015-08-17 07:46:37 :  - No. of Wizards: 2
2015-08-17 07:46:37 : Training Troops...
2015-08-17 07:46:50 : Spell Factory Full
2015-08-17 07:46:52 : Time Idle: 00:23:48
2015-08-17 07:46:52 : ====== Waiting for full army ======
2015-08-17 07:47:04 : Checking Army Camp...
2015-08-17 07:47:06 : Total Army Camp capacity: 136/220
2015-08-17 07:47:07 :  - No. of Giants: 24
2015-08-17 07:47:07 :  - No. of Wizards: 4
2015-08-17 07:47:08 : Training Troops...
2015-08-17 07:47:21 : Spell Factory Full
2015-08-17 07:47:23 : Time Idle: 00:24:19
2015-08-17 07:47:23 : ====== Waiting for full army ======
2015-08-17 07:47:35 : Checking Army Camp...
2015-08-17 07:47:37 : Total Army Camp capacity: 136/220
2015-08-17 07:47:38 :  - No. of Giants: 24
2015-08-17 07:47:38 :  - No. of Wizards: 4
2015-08-17 07:47:39 : Training Troops...
2015-08-17 07:47:51 : Spell Factory Full
2015-08-17 07:47:53 : Time Idle: 00:24:49
2015-08-17 07:47:53 : ====== Waiting for full army ======
2015-08-17 07:48:05 : Collecting Resources
2015-08-17 07:48:10 : Checking Army Camp...
2015-08-17 07:48:12 : Total Army Camp capacity: 136/220
2015-08-17 07:48:13 :  - No. of Giants: 24
2015-08-17 07:48:13 :  - No. of Wizards: 4
2015-08-17 07:48:14 : Training Troops...
2015-08-17 07:48:27 : Spell Factory Full
2015-08-17 07:48:29 : Time Idle: 00:25:24
2015-08-17 07:48:29 : ====== Waiting for full army ======
2015-08-17 07:48:41 : Checking Army Camp...
2015-08-17 07:48:43 : Total Army Camp capacity: 136/220
2015-08-17 07:48:44 :  - No. of Giants: 24
2015-08-17 07:48:44 :  - No. of Wizards: 4
2015-08-17 07:48:45 : Training Troops...
2015-08-17 07:48:58 : Spell Factory Full
2015-08-17 07:49:00 : Time Idle: 00:25:55
2015-08-17 07:49:00 : ====== Waiting for full army ======
2015-08-17 07:49:12 : Checking Army Camp...
2015-08-17 07:49:14 : Total Army Camp capacity: 136/220
2015-08-17 07:49:15 :  - No. of Giants: 24
2015-08-17 07:49:15 :  - No. of Wizards: 4
2015-08-17 07:49:16 : Training Troops...
2015-08-17 07:49:28 : Spell Factory Full
2015-08-17 07:49:30 : Time Idle: 00:26:26
2015-08-17 07:49:31 : ====== Waiting for full army ======
2015-08-17 07:49:40 : Chat Request: wiz arch
2015-08-17 07:49:40 : Archers Keyword found: arc
2015-08-17 07:49:43 : No Archers available to donate..
2015-08-17 07:49:43 : Wizards Keyword found: wiz
2015-08-17 07:49:47 : No Wizards available to donate..
2015-08-17 07:49:52 : Checking Army Camp...
2015-08-17 07:49:54 : Total Army Camp capacity: 136/220
2015-08-17 07:49:55 :  - No. of Giants: 24
2015-08-17 07:49:55 :  - No. of Wizards: 4
2015-08-17 07:49:56 : Training Troops...
2015-08-17 07:50:08 : Spell Factory Full
2015-08-17 07:50:10 : Time Idle: 00:27:05
2015-08-17 07:50:11 : ====== Waiting for full army ======
2015-08-17 07:50:22 : Checking Army Camp...
2015-08-17 07:50:24 : Total Army Camp capacity: 136/220
2015-08-17 07:50:25 :  - No. of Giants: 24
2015-08-17 07:50:26 :  - No. of Wizards: 4
2015-08-17 07:50:26 : Training Troops...
2015-08-17 07:50:39 : Spell Factory Full
2015-08-17 07:50:41 : Time Idle: 00:27:36
2015-08-17 07:50:41 : ====== Waiting for full army ======
2015-08-17 07:50:53 : Checking Army Camp...
2015-08-17 07:50:55 : Total Army Camp capacity: 136/220
2015-08-17 07:50:56 :  - No. of Giants: 24
2015-08-17 07:50:56 :  - No. of Wizards: 4
2015-08-17 07:50:57 : Training Troops...
2015-08-17 07:51:09 : Spell Factory Full
2015-08-17 07:51:11 : Time Idle: 00:28:06
2015-08-17 07:51:12 : ====== Waiting for full army ======
2015-08-17 07:51:24 : Checking Army Camp...
2015-08-17 07:51:26 : Total Army Camp capacity: 136/220
2015-08-17 07:51:27 :  - No. of Giants: 24
2015-08-17 07:51:27 :  - No. of Wizards: 4
2015-08-17 07:51:27 : Training Troops...
2015-08-17 07:51:40 : Spell Factory Full
2015-08-17 07:51:42 : Time Idle: 00:28:36
2015-08-17 07:51:42 : ====== Waiting for full army ======
2015-08-17 07:51:54 : Checking Army Camp...
2015-08-17 07:51:56 : Total Army Camp capacity: 136/220
2015-08-17 07:51:57 :  - No. of Giants: 24
2015-08-17 07:51:57 :  - No. of Wizards: 4
2015-08-17 07:51:58 : Training Troops...
