2015-08-18 02:57:13 :  Clash Game Bot v4.1.1-6 merge Powered by GameBot.org 
2015-08-18 02:57:13 : GameBot.org.exe Executable running on WIN_7 Service Pack 1 X64
2015-08-18 02:57:13 : =================== Bot Start ====================
2015-08-18 02:57:13 : -------------------------  Current Profile: 01 --------------------------
2015-08-18 02:57:13 : Trying to locate Main Screen
2015-08-18 02:57:13 : Main Screen Located
2015-08-18 02:57:14 : Detecting your Buildings..
2015-08-18 02:57:22 : Language setting is English: Correct.
2015-08-18 02:57:23 : Trying to locate Main Screen
2015-08-18 02:57:23 : Main Screen Located
2015-08-18 02:57:25 : Village Report
2015-08-18 02:57:25 : No. of Free/Total Builders: 0/4
2015-08-18 02:57:25 :  [T]: 2 638
2015-08-18 02:57:25 :  [G]: 4 293 967 [E]: 3 665 663 [D]: 664 [GEM]: 57
2015-08-18 02:57:25 : Collecting Resources
2015-08-18 02:57:36 : Checking Army Camp...
2015-08-18 02:57:38 : Total Army Camp capacity: 61/220
2015-08-18 02:57:40 :  - No. of Barbarians: 26
2015-08-18 02:57:41 :  - No. of Archers: 21
2015-08-18 02:57:41 :  - No. of Minions: 7
2015-08-18 02:57:41 : Barracks and Spell factory status: 
2015-08-18 02:57:41 : - Barracks detected: 4 | Available: 4 | Upgrading: 0
2015-08-18 02:57:41 : - Dark Barracks detected: 2 | Available: 2 | Upgrading: 0
2015-08-18 02:57:41 : - Spell factory detected: 1 | Available: 1 | Upgrading: 0
2015-08-18 02:57:41 : - Dark Spell factory detected: 1 | Available: 1 | Upgrading: 0
2015-08-18 02:57:41 : Training Troops...
2015-08-18 02:57:47 : Set Max Troop in Barracks 0 to 60
2015-08-18 02:57:48 : Training 0 Archer/s
2015-08-18 02:57:55 : Set Max Troop in Barracks 1 to 75
2015-08-18 02:57:55 : Training 0 Archer/s
2015-08-18 02:58:01 : Set Max Troop in Barracks 2 to 60
2015-08-18 02:58:02 : Training 0 Archer/s
2015-08-18 02:58:08 : Set Max Troop in Barracks 3 to 60
2015-08-18 02:58:08 : Training 0 Barb/s
2015-08-18 02:58:23 : Spell Factory Full
2015-08-18 02:58:25 : 0
2015-08-18 02:58:26 : Requesting Clan Castle Troops
2015-08-18 02:58:27 : Request has already been made
2015-08-18 02:58:28 : ====== Waiting for full army ======
2015-08-18 02:58:40 : ====== Army more than 20% ======
2015-08-18 02:58:40 : Checking Army Camp...
2015-08-18 02:58:42 : Total Army Camp capacity: 74/220
2015-08-18 02:58:43 :  - No. of Barbarians: 29
2015-08-18 02:58:44 :  - No. of Archers: 27
2015-08-18 02:58:44 :  - No. of Minions: 9
2015-08-18 02:58:44 : Training Troops...
2015-08-18 02:58:46 : Training 2 Archer/s
2015-08-18 02:58:50 : Training 2 Archer/s
2015-08-18 02:58:53 : Training 2 Archer/s
2015-08-18 02:58:56 : Training 2 Barb/s
