2015-08-17 16:26:01 :  Clash Game Bot v4.1.1 MODS Powered by GameBot.org ~
2015-08-17 16:26:01 : GameBot.org.exe Executable running on WIN_7  X64
2015-08-17 16:26:01 : =================== Bot Start ====================
2015-08-17 16:26:01 : -------------------------  Current Profile: 01 --------------------------
2015-08-17 16:26:01 : Trying to locate Main Screen
2015-08-17 16:26:01 : Main Screen Located
2015-08-17 16:26:02 : Detecting your Buildings..
2015-08-17 16:26:08 : Language setting is English: Correct.
2015-08-17 16:26:09 : Trying to locate Main Screen
2015-08-17 16:26:09 : Main Screen Located
2015-08-17 16:26:11 : Village Report
2015-08-17 16:26:11 : No. of Free/Total Builders: 0/5
2015-08-17 16:26:11 :  [T]: 3 209
2015-08-17 16:26:11 :  [G]: 6 001 000 [E]: 737 144 [D]: 80 000 [GEM]: 2 098
2015-08-17 16:26:11 : Trying to locate Main Screen
2015-08-17 16:26:11 : Main Screen Located
2015-08-17 16:26:13 : Temprory account Detected...
2015-08-17 16:26:14 : Collecting Resources
2015-08-17 16:26:22 : Checking if Village needs Rearming..
2015-08-17 16:26:30 : Checking Army Camp...
2015-08-17 16:26:32 : Total Army Camp capacity: 200/200
2015-08-17 16:26:33 :  - No. of Barbarians: 73
2015-08-17 16:26:34 :  - No. of Archers: 47
2015-08-17 16:26:34 :  - No. of Giants: 16
2015-08-17 16:26:34 : Barracks and Spell factory status: 
2015-08-17 16:26:34 : - Barracks detected: 4 | Available: 4 | Upgrading: 0
2015-08-17 16:26:34 : - Dark Barracks detected: 2 | Available: 1 | Upgrading: 1
2015-08-17 16:26:34 : - Spell factory detected: 1 | Available: 1 | Upgrading: 0
2015-08-17 16:26:34 : - Dark Spell factory detected: 1 | Available: 1 | Upgrading: 0
2015-08-17 16:26:34 : Training Troops...
2015-08-17 16:26:35 : Your Army Camps are now Full
2015-08-17 16:26:35 : Too many Giant, train last.
2015-08-17 16:26:35 : Too few Arch, train first.
2015-08-17 16:26:35 : Too many Barb, train last.
2015-08-17 16:26:54 : 0
2015-08-17 16:26:57 : Clear an Obstacle on the Field
2015-08-17 16:26:57 : No. of Free/Total Builders: 0/5
2015-08-17 16:26:57 : No Builders
2015-08-17 16:26:58 : Finished kicking
2015-08-17 16:26:58 : Going to Attack...
2015-08-17 16:27:04 : ============== Searching For Dead Base ===============
2015-08-17 16:27:04 : ~~~~~~~~~~~~~~~ SEARCH CONDITIONS ~~~~~~~~~~~~~~~~
2015-08-17 16:27:04 : Meet: Gold and Elixir, TH Outside
2015-08-17 16:27:04 : Meet One and Attack!
2015-08-17 16:27:04 : ~~~~~~~~~~~~~~ RESOURCE CONDITIONS ~~~~~~~~~~~~~~~
2015-08-17 16:27:04 : Aim: [G]: 999999 [E]: 999999 [D]:    0 [T]: 0, Out for: Dead Base
2015-08-17 16:27:04 : ============== Searching For Live Base ===============
2015-08-17 16:27:04 : ~~~~~~~~~~~~~~~ SEARCH CONDITIONS ~~~~~~~~~~~~~~~~
2015-08-17 16:27:04 : Meet: Gold and Elixir, TH Outside
2015-08-17 16:27:04 : Meet One and Attack!
2015-08-17 16:27:04 : ~~~~~~~~~~~~~~ RESOURCE CONDITIONS ~~~~~~~~~~~~~~~
2015-08-17 16:27:04 : Aim: [G]: 999999 [E]: 999999 [D]:    0 [T]: 0, Out for: Live Base
2015-08-17 16:27:04 : ~~~~~~~~~~~~~~~ ADVANCED SETTINGS ~~~~~~~~~~~~~~~~
2015-08-17 16:27:04 : THSnipe Combo, 1 Tile(s), AttackTH, Attack3:GBarch
2015-08-17 16:27:04 : ==================================================
2015-08-17 16:27:15 : Checking Trapped TH
2015-08-17 16:27:17 :   1> [G]: 353857 [E]: 228671 [D]: 2484 [T]:19 [TH]: 9, Out
2015-08-17 16:27:17 : No major traps found near TH.
2015-08-17 16:27:17 : ~~~~~~~~~~~~~~~ TH Outside Found! ~~~~~~~~~~~~~~~~
2015-08-17 16:27:19 : ================ Search Complete =================
2015-08-17 16:27:19 : Initiating attack for: TH Snipe
2015-08-17 16:27:22 : -Barbarians 73
2015-08-17 16:27:22 : -Archers 47
2015-08-17 16:27:22 : -Giants 16
2015-08-17 16:27:22 : -Clan Castle 
2015-08-17 16:27:22 : -King 
2015-08-17 16:27:22 : -Lightning Spells 3
2015-08-17 16:27:22 : -Poison Spells 1
2015-08-17 16:27:22 :  ====== Start Attack ====== 
2015-08-17 16:27:24 : Sending 1st wave of archers and Barbarians.
2015-08-17 16:27:24 : Dropping first wave of 10 Archers
2015-08-17 16:27:26 : Deployment of Archers Successful!
2015-08-17 16:27:28 : Dropping first wave of 8 Barbarians
2015-08-17 16:27:30 : Deployment of Barbarians Successful!
2015-08-17 16:27:43 : Townhall has been destroyed!
2015-08-17 16:27:46 : Checking if the battle has finished
2015-08-17 16:27:48 : detected [G]:  [E]:  [DE]:  |  Exit now 
2015-08-17 16:27:48 : Battle has finished
2015-08-17 16:27:48 : Returning Home
2015-08-17 16:27:52 : Loot: [G]: 1 000 [E]: 1 000 [DE]:  [T]: 6
2015-08-17 16:27:53 : Bonus [G]: 180 000 [E]: 180 000 [DE]: 1 200
2015-08-17 16:27:56 : Your league level is: Champion
2015-08-17 16:27:56 : Stars earned: 1
2015-08-17 16:27:56 : Sending attack report to CGBStats.cf...
