2015-08-01 18:19:06 : Starting BlueStacks
2015-08-01 18:19:19 : BlueStacks Loaded, took 12.54 seconds to begin.
2015-08-01 18:19:20 : ~ Clash Game Bot v4.1MODS Powered by GameBot.org ~
2015-08-01 18:19:20 : GameBot.org.exe Executable running on WIN_7  X64
2015-08-01 18:19:20 : =================== Bot Start ====================
2015-08-01 18:19:20 : -------------------------  Current Profile: 01 --------------------------
2015-08-01 18:19:20 : Trying to locate Main Screen
2015-08-01 18:19:25 : Waiting for Main Screen
2015-08-01 18:19:40 : Zooming Out
2015-08-01 18:19:42 : Main Screen Located
2015-08-01 18:19:43 : Detecting your Buildings..
2015-08-01 18:19:52 : Language setting is English: Correct.
2015-08-01 18:19:53 : Trying to locate Main Screen
2015-08-01 18:19:53 : Main Screen Located
2015-08-01 18:19:54 : Collecting Resources
2015-08-01 18:20:02 : Waiting for Main Screen
2015-08-01 18:20:06 : Trying to locate Main Screen
2015-08-01 18:20:06 : Main Screen Located
2015-08-01 18:20:07 : Collecting Resources
2015-08-01 18:20:14 : Checking if Village needs Rearming..
2015-08-01 18:20:43 : Village Report
2015-08-01 18:20:43 : No. of Free/Total Builders: 0/4
2015-08-01 18:20:43 :  [T]: 1 825
2015-08-01 18:20:43 :  [G]: 3 942 256 [E]: 3 301 477 [D]: 58 681 [GEM]: 954
2015-08-01 18:20:47 : Checking Army Camp...
2015-08-01 18:20:49 : Total Army Camp capacity: 126/200
2015-08-01 18:20:49 :  - Barbarian max qty    : 60
2015-08-01 18:20:49 :  - Archer max qty     : 40
2015-08-01 18:20:49 :  - Giant max qty     : 0
2015-08-01 18:20:54 :  - No. of Barbarians: 54
2015-08-01 18:20:54 :  - No. of Archers: 72
2015-08-01 18:20:54 : Barracks and Spell factory status: 
2015-08-01 18:20:54 : - Barracks detected: 4 | Available: 3 | Upgrading: 1
2015-08-01 18:20:54 : - Dark Barracks detected: 2 | Available: 2 | Upgrading: 0
2015-08-01 18:20:54 : - Spell factory detected: 1 | Available: 1 | Upgrading: 0
2015-08-01 18:20:54 : - Dark Spell factory detected: 1 | Available: 0 | Upgrading: 1
2015-08-01 18:20:54 : Training Troops...
2015-08-01 18:21:10 : Requesting Clan Castle Troops
2015-08-01 18:21:11 : Request has already been made
2015-08-01 18:21:12 :  ====== Unbreakable Mode enabled! ====== 
2015-08-01 18:21:12 : Oops, wait for 70% troops filled
2015-08-01 18:21:13 : Trying to locate Main Screen
2015-08-01 18:21:13 : Main Screen Located
2015-08-01 18:21:14 : Collecting Resources
2015-08-01 18:21:21 : Checking if Village needs Rearming..
2015-08-01 18:21:29 : Village Report
2015-08-01 18:21:29 : No. of Free/Total Builders: 0/4
2015-08-01 18:21:29 :  [T]: 1 825
2015-08-01 18:21:29 :  [G]: 3 942 256 [E]: 3 299 377 [D]: 58 685 [GEM]: 954
2015-08-01 18:21:33 : Checking Army Camp...
2015-08-01 18:21:35 : Total Army Camp capacity: 131/200
2015-08-01 18:21:35 :  - Barbarian max qty    : 60
2015-08-01 18:21:35 :  - Archer max qty     : 40
2015-08-01 18:21:35 :  - Giant max qty     : 0
2015-08-01 18:21:36 :  - No. of Barbarians: 56
2015-08-01 18:21:36 :  - No. of Archers: 75
2015-08-01 18:21:36 : Training Troops...
2015-08-01 18:21:44 : Requesting Clan Castle Troops
2015-08-01 18:21:50 :  ====== Unbreakable Mode enabled! ====== 
2015-08-01 18:21:50 : Oops, wait for 70% troops filled
2015-08-01 18:21:52 : Trying to locate Main Screen
2015-08-01 18:21:52 : Main Screen Located
2015-08-01 18:21:53 : Collecting Resources
2015-08-01 18:22:00 : Checking if Village needs Rearming..
2015-08-01 18:22:07 : Village Report
2015-08-01 18:22:07 : No. of Free/Total Builders: 0/4
2015-08-01 18:22:07 :  [T]: 1 825
2015-08-01 18:22:08 :  [G]: 3 942 256 [E]: 3 299 377 [D]: 58 685 [GEM]: 954
2015-08-01 18:22:11 : Checking Army Camp...
2015-08-01 18:22:13 : Total Army Camp capacity: 136/200
2015-08-01 18:22:13 :  - Barbarian max qty    : 60
2015-08-01 18:22:13 :  - Archer max qty     : 40
2015-08-01 18:22:13 :  - Giant max qty     : 0
2015-08-01 18:22:14 :  - No. of Barbarians: 58
2015-08-01 18:22:14 :  - No. of Archers: 78
2015-08-01 18:22:14 : Training Troops...
2015-08-01 18:22:24 : Requesting Clan Castle Troops
2015-08-01 18:22:25 : Request has already been made
2015-08-01 18:22:26 :  ====== Unbreakable Mode enabled! ====== 
2015-08-01 18:22:26 : Oops, wait for 70% troops filled
2015-08-01 18:22:27 : Trying to locate Main Screen
2015-08-01 18:22:27 : Main Screen Located
2015-08-01 18:22:28 : Collecting Resources
2015-08-01 18:22:35 : Checking if Village needs Rearming..
2015-08-01 18:22:43 : Village Report
2015-08-01 18:22:43 : No. of Free/Total Builders: 0/4
2015-08-01 18:22:43 :  [T]: 1 825
2015-08-01 18:22:43 :  [G]: 3 942 256 [E]: 3 298 777 [D]: 58 687 [GEM]: 954
2015-08-01 18:22:47 : Checking Army Camp...
2015-08-01 18:22:48 : Total Army Camp capacity: 141/200
2015-08-01 18:22:48 :  - Barbarian max qty    : 60
2015-08-01 18:22:48 :  - Archer max qty     : 40
2015-08-01 18:22:48 :  - Giant max qty     : 0
2015-08-01 18:22:49 :  - No. of Barbarians: 63
2015-08-01 18:22:50 :  - No. of Archers: 78
2015-08-01 18:22:50 : Training Troops...
2015-08-01 18:22:58 : Requesting Clan Castle Troops
2015-08-01 18:22:59 : Request has already been made
2015-08-01 18:23:00 :  ====== Unbreakable Mode enabled! ====== 
2015-08-01 18:23:00 : Oops, Out of Dark Elxir - back to farming
2015-08-01 18:23:00 : Checking Troop Upgrade in Laboratory ...
2015-08-01 18:23:00 : Updating village values [E]: 3298777 [D]: 58687
2015-08-01 18:23:02 : Insufficent Elixir for Pekka, Lab requires: 6000000 + 250000 user reserve
2015-08-01 18:23:06 : Finished kicking
2015-08-01 18:23:06 : ====== Waiting for full army ======
2015-08-01 18:23:18 : Checking Army Camp...
2015-08-01 18:23:20 : Total Army Camp capacity: 146/200
2015-08-01 18:23:21 :  - No. of Barbarians: 68
2015-08-01 18:23:21 :  - No. of Archers: 78
2015-08-01 18:23:21 : Training Troops...
2015-08-01 18:23:28 : Time Idle: 00:00:22
2015-08-01 18:23:29 : ====== Waiting for full army ======
2015-08-01 18:23:41 : Checking Army Camp...
2015-08-01 18:23:42 : Total Army Camp capacity: 149/200
2015-08-01 18:23:43 :  - No. of Barbarians: 71
2015-08-01 18:23:43 :  - No. of Archers: 78
2015-08-01 18:23:44 : Training Troops...
2015-08-01 18:23:51 : Time Idle: 00:00:44
2015-08-01 18:23:51 : ====== Waiting for full army ======
2015-08-01 18:24:03 : Checking Army Camp...
2015-08-01 18:24:05 : Total Army Camp capacity: 152/200
2015-08-01 18:24:06 :  - No. of Barbarians: 74
2015-08-01 18:24:06 :  - No. of Archers: 78
2015-08-01 18:24:06 : Training Troops...
2015-08-01 18:24:13 : Time Idle: 00:01:06
2015-08-01 18:24:13 : ====== Waiting for full army ======
2015-08-01 18:24:25 : Checking Army Camp...
2015-08-01 18:24:27 : Total Army Camp capacity: 155/200
2015-08-01 18:24:28 :  - No. of Barbarians: 78
2015-08-01 18:24:28 :  - No. of Archers: 78
2015-08-01 18:24:28 : Training Troops...
2015-08-01 18:24:35 : Time Idle: 00:01:28
2015-08-01 18:24:36 : ====== Waiting for full army ======
2015-08-01 18:24:47 : Checking Army Camp...
2015-08-01 18:24:49 : Total Army Camp capacity: 159/200
2015-08-01 18:24:50 :  - No. of Barbarians: 81
2015-08-01 18:24:50 :  - No. of Archers: 78
2015-08-01 18:24:51 : Training Troops...
2015-08-01 18:24:58 : Time Idle: 00:01:50
2015-08-01 18:24:58 : ====== Waiting for full army ======
2015-08-01 18:25:10 : Checking Army Camp...
2015-08-01 18:25:12 : Total Army Camp capacity: 163/200
2015-08-01 18:25:13 :  - No. of Barbarians: 85
2015-08-01 18:25:13 :  - No. of Archers: 78
2015-08-01 18:25:13 : Training Troops...
2015-08-01 18:25:20 : Time Idle: 00:02:12
2015-08-01 18:25:20 : ====== Waiting for full army ======
2015-08-01 18:25:32 : Checking Army Camp...
2015-08-01 18:25:34 : Total Army Camp capacity: 166/200
2015-08-01 18:25:35 :  - No. of Barbarians: 88
2015-08-01 18:25:35 :  - No. of Archers: 78
2015-08-01 18:25:35 : Training Troops...
2015-08-01 18:25:43 : Time Idle: 00:02:34
2015-08-01 18:25:43 : ====== Waiting for full army ======
2015-08-01 18:25:55 : Checking Army Camp...
2015-08-01 18:25:57 : Total Army Camp capacity: 170/200
2015-08-01 18:25:58 :  - No. of Barbarians: 92
2015-08-01 18:25:58 :  - No. of Archers: 78
2015-08-01 18:25:58 : Training Troops...
2015-08-01 18:26:05 : Time Idle: 00:02:57
2015-08-01 18:26:06 : ====== Waiting for full army ======
2015-08-01 18:26:18 : Checking Army Camp...
2015-08-01 18:26:20 : Total Army Camp capacity: 173/200
2015-08-01 18:26:20 :  - No. of Barbarians: 95
2015-08-01 18:26:21 :  - No. of Archers: 78
2015-08-01 18:26:21 : Training Troops...
2015-08-01 18:26:28 : Time Idle: 00:03:19
2015-08-01 18:26:28 : ====== Waiting for full army ======
2015-08-01 18:26:40 : Checking Army Camp...
2015-08-01 18:26:42 : Total Army Camp capacity: 176/200
2015-08-01 18:26:43 :  - No. of Barbarians: 98
2015-08-01 18:26:43 :  - No. of Archers: 78
2015-08-01 18:26:43 : Training Troops...
2015-08-01 18:26:50 : Time Idle: 00:03:41
2015-08-01 18:26:51 : ====== Waiting for full army ======
2015-08-01 18:27:03 : Checking Army Camp...
2015-08-01 18:27:05 : Total Army Camp capacity: 179/200
2015-08-01 18:27:05 :  - No. of Barbarians: 101
2015-08-01 18:27:06 :  - No. of Archers: 78
2015-08-01 18:27:06 : Training Troops...
2015-08-01 18:27:13 : Time Idle: 00:04:03
2015-08-01 18:27:13 : ====== Waiting for full army ======
2015-08-01 18:27:25 : Collecting Resources
2015-08-01 18:27:33 : Checking Army Camp...
2015-08-01 18:27:35 : Total Army Camp capacity: 184/200
2015-08-01 18:27:36 :  - No. of Barbarians: 107
2015-08-01 18:27:36 :  - No. of Archers: 78
2015-08-01 18:27:36 : Training Troops...
2015-08-01 18:27:44 : Time Idle: 00:04:34
2015-08-01 18:27:44 : ====== Waiting for full army ======
2015-08-01 18:27:56 : Checking Army Camp...
2015-08-01 18:27:57 : Total Army Camp capacity: 188/200
2015-08-01 18:27:58 :  - No. of Barbarians: 110
2015-08-01 18:27:58 :  - No. of Archers: 78
2015-08-01 18:27:59 : Training Troops...
2015-08-01 18:28:06 : Time Idle: 00:04:56
2015-08-01 18:28:06 : ====== Waiting for full army ======
2015-08-01 18:28:18 : Checking Army Camp...
2015-08-01 18:28:20 : Total Army Camp capacity: 191/200
2015-08-01 18:28:21 :  - No. of Barbarians: 113
2015-08-01 18:28:21 :  - No. of Archers: 78
2015-08-01 18:28:21 : Training Troops...
2015-08-01 18:28:28 : Time Idle: 00:05:18
2015-08-01 18:28:29 : ====== Waiting for full army ======
2015-08-01 18:28:40 : Checking Army Camp...
2015-08-01 18:28:42 : Total Army Camp capacity: 194/200
2015-08-01 18:28:43 :  - No. of Barbarians: 116
2015-08-01 18:28:43 :  - No. of Archers: 78
2015-08-01 18:28:43 : Training Troops...
2015-08-01 18:28:51 : Time Idle: 00:05:40
2015-08-01 18:28:51 : ====== Waiting for full army ======
2015-08-01 18:29:02 : Chat Request: rush plz
2015-08-01 18:29:05 : Checking Army Camp...
2015-08-01 18:29:07 : Total Army Camp capacity: 197/200
2015-08-01 18:29:08 :  - No. of Barbarians: 119
2015-08-01 18:29:08 :  - No. of Archers: 78
2015-08-01 18:29:08 : Training Troops...
2015-08-01 18:29:16 : Time Idle: 00:06:04
2015-08-01 18:29:16 : ====== Waiting for full army ======
2015-08-01 18:29:28 : Checking Army Camp...
2015-08-01 18:29:30 : Total Army Camp capacity: 200/200
2015-08-01 18:29:31 :  - No. of Barbarians: 122
2015-08-01 18:29:31 :  - No. of Archers: 78
2015-08-01 18:29:31 : Barbarian : - 96 qty...
2015-08-01 18:29:31 : Archer : + 96 qty...
2015-08-01 18:29:31 : Giant : no adjustment required...
2015-08-01 18:29:31 : Clearing barrack to retrain for rectification
2015-08-01 18:30:02 : Time taken to rectify unbalanced troops : 00:13:20
2015-08-01 18:30:03 : Waiting for Full Army...
2015-08-01 18:30:28 : Checking Army Camp...
2015-08-01 18:30:30 : Total Army Camp capacity: 108/200
2015-08-01 18:30:31 :  - No. of Barbarians: 26
2015-08-01 18:30:31 :  - No. of Archers: 82
2015-08-01 18:30:32 : Waiting for Full Army...
2015-08-01 18:30:57 : Checking Army Camp...
2015-08-01 18:30:59 : Total Army Camp capacity: 112/200
2015-08-01 18:30:59 :  - No. of Barbarians: 26
2015-08-01 18:30:59 :  - No. of Archers: 86
2015-08-01 18:31:00 : Waiting for Full Army...
2015-08-01 18:31:25 : Checking Army Camp...
2015-08-01 18:31:27 : Total Army Camp capacity: 116/200
2015-08-01 18:31:28 :  - No. of Barbarians: 26
2015-08-01 18:31:28 :  - No. of Archers: 90
2015-08-01 18:31:28 : Waiting for Full Army...
2015-08-01 18:31:53 : Checking Army Camp...
2015-08-01 18:31:55 : Total Army Camp capacity: 119/200
2015-08-01 18:31:56 :  - No. of Barbarians: 26
2015-08-01 18:31:56 :  - No. of Archers: 93
2015-08-01 18:31:57 : Waiting for Full Army...
2015-08-01 18:32:22 : Checking Army Camp...
2015-08-01 18:32:24 : Total Army Camp capacity: 122/200
2015-08-01 18:32:25 :  - No. of Barbarians: 26
2015-08-01 18:32:25 :  - No. of Archers: 96
2015-08-01 18:32:25 : Waiting for Full Army...
2015-08-01 18:32:50 : Checking Army Camp...
2015-08-01 18:32:52 : Total Army Camp capacity: 125/200
2015-08-01 18:32:53 :  - No. of Barbarians: 26
2015-08-01 18:32:53 :  - No. of Archers: 99
2015-08-01 18:32:53 : Waiting for Full Army...
2015-08-01 18:33:18 : Checking Army Camp...
2015-08-01 18:33:20 : Total Army Camp capacity: 128/200
2015-08-01 18:33:21 :  - No. of Barbarians: 26
2015-08-01 18:33:21 :  - No. of Archers: 102
2015-08-01 18:33:21 : Waiting for Full Army...
2015-08-01 18:33:47 : Checking Army Camp...
2015-08-01 18:33:48 : Total Army Camp capacity: 131/200
2015-08-01 18:33:49 :  - No. of Barbarians: 26
2015-08-01 18:33:50 :  - No. of Archers: 106
2015-08-01 18:33:50 : Waiting for Full Army...
2015-08-01 18:34:15 : Checking Army Camp...
2015-08-01 18:34:17 : Total Army Camp capacity: 135/200
2015-08-01 18:34:18 :  - No. of Barbarians: 26
2015-08-01 18:34:18 :  - No. of Archers: 109
2015-08-01 18:34:18 : Waiting for Full Army...
2015-08-01 18:34:43 : Checking Army Camp...
2015-08-01 18:34:45 : Total Army Camp capacity: 139/200
2015-08-01 18:34:46 :  - No. of Barbarians: 26
2015-08-01 18:34:46 :  - No. of Archers: 113
2015-08-01 18:34:46 : Waiting for Full Army...
2015-08-01 18:35:11 : Checking Army Camp...
2015-08-01 18:35:13 : Total Army Camp capacity: 143/200
2015-08-01 18:35:14 :  - No. of Barbarians: 26
2015-08-01 18:35:14 :  - No. of Archers: 117
2015-08-01 18:35:15 : Waiting for Full Army...
2015-08-01 18:35:40 : Checking Army Camp...
2015-08-01 18:35:41 : Total Army Camp capacity: 146/200
2015-08-01 18:35:42 :  - No. of Barbarians: 26
2015-08-01 18:35:42 :  - No. of Archers: 10
2015-08-01 18:35:43 : Waiting for Full Army...
2015-08-01 18:36:08 : Checking Army Camp...
2015-08-01 18:36:10 : Total Army Camp capacity: 149/200
2015-08-01 18:36:10 :  - No. of Barbarians: 26
2015-08-01 18:36:11 :  - No. of Archers: 123
2015-08-01 18:36:11 : Waiting for Full Army...
2015-08-01 18:36:25 : ClashGameBot was Paused!
2015-08-01 18:36:51 : ClashGameBot was Resumed.
2015-08-01 18:36:52 : Checking Army Camp...
2015-08-01 18:36:53 : Total Army Camp capacity: 149/200
2015-08-01 18:36:54 :  - No. of Barbarians: 26
2015-08-01 18:36:55 :  - No. of Archers: 123
2015-08-01 18:36:55 : Waiting for Full Army...
2015-08-01 18:37:20 : Checking Army Camp...
2015-08-01 18:37:22 : Total Army Camp capacity: 152/200
2015-08-01 18:37:23 :  - No. of Barbarians: 26
2015-08-01 18:37:23 :  - No. of Archers: 126
2015-08-01 18:37:23 : Waiting for Full Army...
2015-08-01 18:37:48 : Checking Army Camp...
2015-08-01 18:37:50 : Total Army Camp capacity: 155/200
2015-08-01 18:37:51 :  - No. of Barbarians: 26
2015-08-01 18:37:51 :  - No. of Archers: 129
2015-08-01 18:37:51 : Waiting for Full Army...
