2015-08-16 19:14:21 :  Clash Game Bot v4.1.1-6 merge Powered by GameBot.org 
2015-08-16 19:14:21 : GameBot.org.exe Executable running on WIN_7 Service Pack 1 X64
2015-08-16 19:14:21 : =================== Bot Start ====================
2015-08-16 19:14:21 : -------------------------  Current Profile: 01 --------------------------
2015-08-16 19:14:22 : Trying to locate Main Screen
2015-08-16 19:14:22 : Main Screen Located
2015-08-16 19:14:23 : Detecting your Buildings..
2015-08-16 19:14:31 : Language setting is English: Correct.
2015-08-16 19:14:32 : Trying to locate Main Screen
2015-08-16 19:14:32 : Main Screen Located
2015-08-16 19:14:33 : Village Report
2015-08-16 19:14:33 : No. of Free/Total Builders: 0/4
2015-08-16 19:14:33 :  [T]: 2 693
2015-08-16 19:14:33 :  [G]: 2 205 663 [E]: 2 199 574 [D]: 15 438 [GEM]: 57
2015-08-16 19:14:34 : Collecting Resources
2015-08-16 19:14:43 : Chat Request: bantay tnx
2015-08-16 19:14:43 : Custom Donation Keyword found: bantay
2015-08-16 19:14:46 : No Hog Riders available to donate..
2015-08-16 19:14:47 : Donating Archersas subtitute.
2015-08-16 19:14:51 : No Balloons available to donate..
2015-08-16 19:14:54 : No Archers as subtroop available to donate..
2015-08-16 19:14:58 : No Giants available to donate..
2015-08-16 19:15:01 : No Archers as subtroop available to donate..
2015-08-16 19:15:02 : Chat Request: hogs
2015-08-16 19:15:02 : Hog Riders Keyword found: hog
2015-08-16 19:15:06 : No Hog Riders available to donate..
2015-08-16 19:15:06 : Donating Archersas subtitute.
2015-08-16 19:15:09 : Chat Request: pekkaaa or witch or wizz
2015-08-16 19:15:09 : Wizards Keyword found: wiz
2015-08-16 19:15:09 : Donating Wizards
2015-08-16 19:15:12 : Checking Army Camp...
2015-08-16 19:15:14 : Total Army Camp capacity: 188/220
2015-08-16 19:15:17 :  - No. of Archers: 84
2015-08-16 19:15:17 :  - No. of Giants: 12
2015-08-16 19:15:17 :  - No. of Wizards: 11
2015-08-16 19:15:17 : Barracks and Spell factory status: 
2015-08-16 19:15:17 : - Barracks detected: 4 | Available: 4 | Upgrading: 0
2015-08-16 19:15:17 : - Dark Barracks detected: 2 | Available: 2 | Upgrading: 0
2015-08-16 19:15:17 : - Spell factory detected: 1 | Available: 1 | Upgrading: 0
2015-08-16 19:15:17 : - Dark Spell factory detected: 1 | Available: 1 | Upgrading: 0
2015-08-16 19:15:17 : Training Troops...
2015-08-16 19:15:41 : Spell Factory Full
2015-08-16 19:15:42 : 0
2015-08-16 19:15:44 : Requesting Clan Castle Troops
2015-08-16 19:15:45 : Your Clan Castle is already full or you are not in a clan.
2015-08-16 19:15:46 : ====== Waiting for full army ======
2015-08-16 19:15:58 : Checking Army Camp...
2015-08-16 19:16:00 : Total Army Camp capacity: 192/220
2015-08-16 19:16:01 :  - No. of Archers: 88
2015-08-16 19:16:01 :  - No. of Giants: 12
2015-08-16 19:16:01 :  - No. of Wizards: 11
2015-08-16 19:16:02 : Training Troops...
2015-08-16 19:16:18 : Spell Factory Full
2015-08-16 19:16:28 : Waiting for Main Screen
2015-08-16 19:16:33 : Waiting for Main Screen
2015-08-16 19:16:35 : Time Idle: 00:00:49
2015-08-16 19:16:36 : ====== Waiting for full army ======
2015-08-16 19:16:47 : Checking Army Camp...
2015-08-16 19:16:49 : Total Army Camp capacity: 192/220
2015-08-16 19:16:50 :  - No. of Archers: 88
2015-08-16 19:16:50 :  - No. of Giants: 12
2015-08-16 19:16:51 :  - No. of Wizards: 11
2015-08-16 19:16:51 : Training Troops...
2015-08-16 19:17:07 : Spell Factory Full
2015-08-16 19:17:12 : Waiting for Main Screen
2015-08-16 19:17:14 : Time Idle: 00:01:27
2015-08-16 19:17:15 : ====== Waiting for full army ======
2015-08-16 19:17:26 : Checking Army Camp...
2015-08-16 19:17:28 : Total Army Camp capacity: 202/220
2015-08-16 19:17:29 :  - No. of Archers: 88
2015-08-16 19:17:29 :  - No. of Giants: 14
2015-08-16 19:17:30 :  - No. of Wizards: 11
2015-08-16 19:17:30 : Training Troops...
2015-08-16 19:17:46 : Spell Factory Full
2015-08-16 19:17:51 : Waiting for Main Screen
2015-08-16 19:17:53 : Time Idle: 00:02:06
2015-08-16 19:17:54 : ====== Waiting for full army ======
2015-08-16 19:18:05 : Checking Army Camp...
2015-08-16 19:18:07 : Total Army Camp capacity: 212/220
2015-08-16 19:18:08 :  - No. of Archers: 88
2015-08-16 19:18:09 :  - No. of Giants: 16
2015-08-16 19:18:09 :  - No. of Wizards: 11
2015-08-16 19:18:09 : Training Troops...
2015-08-16 19:18:26 : Spell Factory Full
2015-08-16 19:18:31 : Waiting for Main Screen
2015-08-16 19:18:33 : Time Idle: 00:02:45
2015-08-16 19:18:33 : ====== Waiting for full army ======
2015-08-16 19:18:45 : Checking Army Camp...
2015-08-16 19:18:47 : Total Army Camp capacity: 212/220
2015-08-16 19:18:48 :  - No. of Archers: 88
2015-08-16 19:18:48 :  - No. of Giants: 16
2015-08-16 19:18:48 :  - No. of Wizards: 11
2015-08-16 19:18:49 : Training Troops...
2015-08-16 19:19:05 : Spell Factory Full
2015-08-16 19:19:10 : Waiting for Main Screen
2015-08-16 19:19:20 : Waiting for Main Screen
2015-08-16 19:19:22 : Time Idle: 00:03:34
2015-08-16 19:19:22 : ====== Waiting for full army ======
2015-08-16 19:19:34 : Checking Army Camp...
2015-08-16 19:19:36 : Total Army Camp capacity: 217/220
2015-08-16 19:19:37 :  - No. of Archers: 88
2015-08-16 19:19:37 :  - No. of Giants: 17
2015-08-16 19:19:37 :  - No. of Wizards: 11
2015-08-16 19:19:38 : Training Troops...
2015-08-16 19:19:58 : Spell Factory Full
2015-08-16 19:20:08 : Waiting for Main Screen
2015-08-16 19:20:13 : Waiting for Main Screen
2015-08-16 19:20:16 : Time Idle: 00:04:28
2015-08-16 19:20:16 : ====== Waiting for full army ======
2015-08-16 19:20:28 : Checking Army Camp...
2015-08-16 19:20:30 : Total Army Camp capacity: 220/220
2015-08-16 19:20:31 :  - No. of Archers: 91
2015-08-16 19:20:31 :  - No. of Giants: 17
2015-08-16 19:20:31 :  - No. of Wizards: 11
2015-08-16 19:20:32 : Training Troops...
2015-08-16 19:20:32 : Your Army Camps are now Full
2015-08-16 19:20:33 : Too many Arch, train last.
2015-08-16 19:21:04 : Spell Factory not found...
2015-08-16 19:21:06 : Going to Attack...
2015-08-16 19:21:11 : ============== Searching For Dead Base ===============
2015-08-16 19:21:11 : ~~~~~~~~~~~~~~~ SEARCH CONDITIONS ~~~~~~~~~~~~~~~~
2015-08-16 19:21:11 : Meet: Gold and Elixir
2015-08-16 19:21:11 : ~~~~~~~~~~~~~~ RESOURCE CONDITIONS ~~~~~~~~~~~~~~~
2015-08-16 19:21:12 : Aim: [G]: 999999 [E]: 999999 [D]:    0 [T]: 0 for: Dead Base
2015-08-16 19:21:12 : ============== Searching For Live Base ===============
2015-08-16 19:21:12 : ~~~~~~~~~~~~~~~ SEARCH CONDITIONS ~~~~~~~~~~~~~~~~
2015-08-16 19:21:12 : Meet: Gold and Elixir
2015-08-16 19:21:12 : ~~~~~~~~~~~~~~ RESOURCE CONDITIONS ~~~~~~~~~~~~~~~
2015-08-16 19:21:12 : Aim: [G]: 999999 [E]: 999999 [D]:    0 [T]: 0 for: Live Base
2015-08-16 19:21:12 : ~~~~~~~~~~~~~~~ ADVANCED SETTINGS ~~~~~~~~~~~~~~~~
2015-08-16 19:21:12 : THSnipe Combo, 4 Tile(s), , Attack6:PB6
2015-08-16 19:21:12 : ==================================================
2015-08-16 19:21:14 :   1> [G]:  45874 [E]: 114010 [D]:  415 [T]:16 [TH]: 9, In
2015-08-16 19:21:21 :   2> [G]: 104682 [E]:  86550 [D]:  446 [T]:31 [TH]:10, In
2015-08-16 19:21:25 :   3> [G]:  30119 [E]: 129069 [D]: 1456 [T]:25 [TH]: 9, In
2015-08-16 19:21:32 :   4> [G]:  16601 [E]: 127988 [D]:  775 [T]:17 [TH]:10, In
2015-08-16 19:21:37 :   5> [G]: 151701 [E]: 147310 [D]: 2239 [T]:13 [TH]: 9, In
2015-08-16 19:21:42 :   6> [G]: 128410 [E]: 274996 [D]: 2574 [T]:23 [TH]:10, In
2015-08-16 19:21:49 :   7> [G]: 128502 [E]: 181893 [D]: 1143 [T]:30 [TH]:10, In
2015-08-16 19:21:53 :   8> [G]: 172587 [E]:  88960 [D]:  979 [T]:31 [TH]:10, In
2015-08-16 19:22:00 :   9> [G]:  52519 [E]:  77247 [D]: 2318 [T]:12 [TH]:10, In
2015-08-16 19:22:06 :  10> [G]:  29641 [E]: 112110 [D]:  431 [T]:26 [TH]: -, -
2015-08-16 19:22:12 :  11> [G]:  26294 [E]:  69296 [D]: 1227 [T]:29 [TH]:10, In
2015-08-16 19:22:19 :  12> [G]:  68012 [E]:  98384 [D]: 1959 [T]:28 [TH]:10, In
2015-08-16 19:22:23 :  13> [G]: 101960 [E]:  41852 [D]: 1551 [T]:29 [TH]: 9, In
2015-08-16 19:22:27 :  14> [G]:  52538 [E]: 176926 [D]: 1492 [T]:10 [TH]: 9, In
2015-08-16 19:22:32 :  15> [G]:  79592 [E]:  41503 [D]:  604 [T]:21 [TH]: 9, In
2015-08-16 19:22:37 :  16> [G]:  37769 [E]: 111206 [D]: 1189 [T]:18 [TH]: 9, In
2015-08-16 19:22:43 :  17> [G]: 133787 [E]: 148131 [D]: 3100 [T]:32 [TH]:10, In
2015-08-16 19:22:47 :  18> [G]:  16544 [E]:  58458 [D]: 1369 [T]:23 [TH]: 9, In
2015-08-16 19:22:55 :  19> [G]:  18317 [E]:  59279 [D]:  547 [T]:14 [TH]: 9, In
2015-08-16 19:22:59 :  20> [G]: 111231 [E]: 103841 [D]:  235 [T]:19 [TH]:10, In
2015-08-16 19:23:06 :  21> [G]:  81997 [E]:  44756 [D]: 1037 [T]:31 [TH]:10, In
2015-08-16 19:23:11 :  22> [G]:  31719 [E]:   5747 [D]: 1163 [T]:19 [TH]: 9, In
2015-08-16 19:23:15 :  23> [G]: 197610 [E]:  67658 [D]: 1081 [T]:28 [TH]: 9, In
2015-08-16 19:23:19 :  24> [G]:  45465 [E]: 107543 [D]:  473 [T]:15 [TH]: 9, In
2015-08-16 19:23:23 :  25> [G]:  20183 [E]:  61686 [D]:  382 [T]:11 [TH]: 9, In
2015-08-16 19:23:30 :  26> [G]:  62244 [E]: 148771 [D]:  876 [T]:32 [TH]:10, In
2015-08-16 19:23:37 :  27> [G]:  39299 [E]:  67397 [D]:  224 [T]:22 [TH]:10, In
2015-08-16 19:23:41 :  28> [G]:  56974 [E]:  35367 [D]: 1730 [T]:17 [TH]: 9, In
2015-08-16 19:23:46 :  29> [G]: 263514 [E]:  25884 [D]:  151 [T]: 6 [TH]: 9, In
2015-08-16 19:23:50 :  30> [G]:  37129 [E]:  42838 [D]:  355 [T]:15 [TH]: 9, In
2015-08-16 19:23:55 :  31> [G]:  45601 [E]:  21475 [D]: 1804 [T]:10 [TH]: 8, In
2015-08-16 19:23:59 :  32> [G]: 100319 [E]:  47349 [D]:  706 [T]:12 [TH]: 9, In
2015-08-16 19:24:03 :  33> [G]:  56364 [E]: 214406 [D]: 1378 [T]:20 [TH]: 9, In
2015-08-16 19:24:08 :  34> [G]:  78119 [E]:  59862 [D]:  379 [T]:14 [TH]: 9, In
2015-08-16 19:24:14 :  35> [G]:  17486 [E]:  27036 [D]:  482 [T]: 6 [TH]: 9, In
2015-08-16 19:24:18 :  36> [G]:  51876 [E]:   3052 [D]:   48 [T]:20 [TH]: 9, In
2015-08-16 19:24:23 :  37> [G]:  54307 [E]: 118493 [D]: 1592 [T]:32 [TH]: 9, In
2015-08-16 19:24:28 :  38> [G]:  65290 [E]:  50599 [D]: 1681 [T]:30 [TH]:10, In
2015-08-16 19:24:32 :  39> [G]:  91404 [E]: 146085 [D]:  487 [T]:21 [TH]: 9, In
2015-08-16 19:24:37 :  40> [G]: 112517 [E]: 146514 [D]: 1517 [T]:33 [TH]:10, In
2015-08-16 19:24:43 :  41> [G]:  24405 [E]:  94924 [D]:  805 [T]: 9 [TH]: 9, In
2015-08-16 19:24:47 :  42> [G]:  10907 [E]:  95053 [D]:  403 [T]:27 [TH]:10, In
2015-08-16 19:24:54 :  43> [G]: 293932 [E]:  85071 [D]:  775 [T]:33 [TH]:10, In
2015-08-16 19:24:58 :  44> [G]: 106112 [E]: 172467 [D]: 1766 [T]:14 [TH]:10, In
2015-08-16 19:25:03 :  45> [G]: 144870 [E]: 255909 [D]: 1372 [T]:26 [TH]:10, In
2015-08-16 19:25:07 :  46> [G]:  36811 [E]:  91247 [D]:   82 [T]: 4 [TH]: 8, In
2015-08-16 19:25:11 :  47> [G]: 113542 [E]:  39649 [D]: 1214 [T]: 7 [TH]: 9, In
2015-08-16 19:25:15 :  48> [G]: 192006 [E]:  27616 [D]: 1958 [T]:26 [TH]: 9, In
2015-08-16 19:25:20 :  49> [G]: 328982 [E]: 121920 [D]:  455 [T]: 5 [TH]: 9, In
2015-08-16 19:25:24 :  50> [G]:  81312 [E]:  86483 [D]: 2313 [T]:23 [TH]:10, In
2015-08-16 19:25:28 :  51> [G]:  45694 [E]:  91001 [D]:  440 [T]: 4 [TH]: 9, In
2015-08-16 19:25:35 :  52> [G]:  32443 [E]: 182765 [D]: 1890 [T]:30 [TH]:10, In
2015-08-16 19:25:41 :  53> [G]: 168988 [E]: 335514 [D]: 3167 [T]:29 [TH]:10, In
2015-08-16 19:25:45 :  54> [G]: 288926 [E]: 282969 [D]:  235 [T]: 2 [TH]: 8, In
2015-08-16 19:25:50 :  55> [G]: 101464 [E]: 126071 [D]:  613 [T]:25 [TH]: 9, In
2015-08-16 19:25:53 :  56> [G]:  16278 [E]:  93571 [D]: 1104 [T]: 4 [TH]: 8, In
2015-08-16 19:25:57 :  57> [G]: 141259 [E]: 206536 [D]:  737 [T]: 4 [TH]: 8, In
2015-08-16 19:26:02 :  58> [G]:  33497 [E]:  20720 [D]: 1967 [T]:44 [TH]: 9, In
2015-08-16 19:26:06 :  59> [G]:  26231 [E]:  85083 [D]:  138 [T]:19 [TH]:10, In
2015-08-16 19:26:13 :  60> [G]:  16754 [E]:  26853 [D]:  485 [T]:22 [TH]: 9, In
2015-08-16 19:26:18 :  61> [G]:  44969 [E]:   7062 [D]:  240 [T]:20 [TH]: 9, In
2015-08-16 19:26:24 :  62> [G]:  42466 [E]:  74793 [D]:   77 [T]: 6 [TH]: 9, In
2015-08-16 19:26:29 :  63> [G]:  93166 [E]:  70171 [D]:  461 [T]:14 [TH]: 9, In
2015-08-16 19:26:34 :  64> [G]:  65857 [E]: 111900 [D]:  489 [T]:25 [TH]: 9, In
2015-08-16 19:26:40 :  65> [G]:   4430 [E]:  50327 [D]: 1291 [T]:34 [TH]:10, In
2015-08-16 19:26:45 :  66> [G]:  74788 [E]:  79675 [D]: 1111 [T]:11 [TH]: 9, In
2015-08-16 19:26:49 :  67> [G]:  49686 [E]:  57186 [D]:  338 [T]: 5 [TH]: 9, In
2015-08-16 19:26:53 :  68> [G]: 102676 [E]: 132157 [D]: 1087 [T]:30 [TH]: 9, In
2015-08-16 19:26:58 :  69> [G]:   4475 [E]:  92431 [D]:  839 [T]:11 [TH]: 9, In
2015-08-16 19:27:02 :  70> [G]: 241654 [E]: 231264 [D]: 1238 [T]:17 [TH]: 9, In
2015-08-16 19:27:06 :  71> [G]:  94229 [E]:  73253 [D]: 1035 [T]:23 [TH]: 9, In
2015-08-16 19:27:11 :  72> [G]:  64246 [E]:  65336 [D]:  182 [T]:34 [TH]: 9, In
2015-08-16 19:27:17 :  73> [G]:  89634 [E]:  97311 [D]:  954 [T]: 8 [TH]: 9, In
2015-08-16 19:27:22 :  74> [G]:  93547 [E]: 280720 [D]: 1663 [T]:26 [TH]:10, In
2015-08-16 19:27:27 :  75> [G]:  55887 [E]:  72200 [D]:  984 [T]:23 [TH]:10, In
2015-08-16 19:27:31 : Checking Trapped TH
2015-08-16 19:27:33 :  76> [G]:  71914 [E]: 234614 [D]: 1056 [T]:10 [TH]: 8, Out
2015-08-16 19:27:33 : No major traps found near TH.
2015-08-16 19:27:33 : ~~~~~~~~~~~~~~~ TH Outside Found! ~~~~~~~~~~~~~~~~
2015-08-16 19:27:33 : ================ Search Complete =================
2015-08-16 19:27:33 : Initiating attack for: TH Snipe
2015-08-16 19:27:36 : -Archers 91
2015-08-16 19:27:36 : -Giants 17
2015-08-16 19:27:36 : -Wizards 11
2015-08-16 19:27:36 : -Clan Castle 
2015-08-16 19:27:36 : -King 
2015-08-16 19:27:36 : -Heal Spells 4
2015-08-16 19:27:36 :  ====== Start Attack ====== 
2015-08-16 19:27:38 : Free meal
2015-08-16 19:27:38 : Dropping first wave of 5 Archers
2015-08-16 19:27:39 : Deployment of Archers Successful!
2015-08-16 19:27:41 : Dropping second wave of 10 Archers
2015-08-16 19:27:43 : Deployment of Archers Successful!
2015-08-16 19:28:09 : Fool me once shame on you, fool me twice shame on me
2015-08-16 19:28:09 : No  troop Found!!!
2015-08-16 19:28:09 : No  troop Found!!!
2015-08-16 19:28:09 : No  troop Found!!!
2015-08-16 19:28:09 : Dropping only wave of 10 Archers
2015-08-16 19:28:11 : Deployment of Archers Successful!
2015-08-16 19:28:12 : No  troop Found!!!
2015-08-16 19:28:38 : Now I am really angry!
2015-08-16 19:28:38 : Dropping first wave of 1 Giants
2015-08-16 19:28:39 : Deployment of Giants Successful!
2015-08-16 19:28:40 : Dropping second wave of 9 Giants
2015-08-16 19:28:43 : Deployment of Giants Successful!
2015-08-16 19:28:43 : No  troop Found!!!
2015-08-16 19:28:44 : No  troop Found!!!
2015-08-16 19:28:44 : No  troop Found!!!
2015-08-16 19:28:44 : Dropping only wave of 15 Archers
2015-08-16 19:28:46 : Deployment of Archers Successful!
2015-08-16 19:28:47 : Dropping only wave of 5 Wizards
2015-08-16 19:28:49 : Deployment of Wizards Successful!
2015-08-16 19:28:52 : Townhall has been destroyed!
2015-08-16 19:28:55 : Checking if the battle has finished
2015-08-16 19:28:57 : detected [G]:  [E]:  [DE]:  |  Exit now 
2015-08-16 19:28:57 : Battle has finished
2015-08-16 19:28:57 : Returning Home
2015-08-16 19:29:01 : Loot: [G]: 900 [E]: 1 151 [DE]:  [T]: 3
2015-08-16 19:29:02 : Bonus [G]: 100 000 [E]: 100 000 [DE]: 500
2015-08-16 19:29:05 : Your league level is: Master III
2015-08-16 19:29:05 : Stars earned: 1
2015-08-16 19:29:12 : Trying to locate Main Screen
2015-08-16 19:29:12 : Main Screen Located
2015-08-16 19:29:14 : Village Report
2015-08-16 19:29:14 : No. of Free/Total Builders: 0/4
2015-08-16 19:29:14 :  [T]: 2 696
2015-08-16 19:29:14 :  [G]: 2 249 563 [E]: 2 268 595 [D]: 15 938 [GEM]: 57
2015-08-16 19:29:15 : Collecting Resources
2015-08-16 19:29:25 : Chat Request: wizard
2015-08-16 19:29:25 : Wizards Keyword found: wiz
2015-08-16 19:29:25 : Donating Wizards
2015-08-16 19:29:28 : Checking Army Camp...
2015-08-16 19:29:30 : Total Army Camp capacity: 178/220
2015-08-16 19:29:31 : ClashGameBot was Paused!
2015-08-16 19:29:51 : ClashGameBot was Resumed.
2015-08-16 19:29:52 :  - No. of Archers: 51
2015-08-16 19:29:52 :  - No. of Giants: 23
2015-08-16 19:29:52 :  - No. of Wizards: 3
2015-08-16 19:29:53 : Barracks and Spell factory status: 
2015-08-16 19:29:53 : - Barracks detected: 0 | Available: 0 | Upgrading: 0
2015-08-16 19:29:53 : - Dark Barracks detected: 0 | Available: 0 | Upgrading: 0
2015-08-16 19:29:53 : - Spell factory detected: 0 | Available: 0 | Upgrading: 0
2015-08-16 19:29:53 : - Dark Spell factory detected: 0 | Available: 0 | Upgrading: 0
2015-08-16 19:29:54 : Training Troops...
2015-08-16 19:29:54 : No barrack avaiable, cannot start train
2015-08-16 19:29:58 : Waiting for Main Screen
2015-08-16 19:29:59 : Trying to locate Main Screen
2015-08-16 19:29:59 : Main Screen Located
2015-08-16 19:30:00 : Village Report
2015-08-16 19:30:00 : No. of Free/Total Builders: 0/4
2015-08-16 19:30:00 :  [T]: 2 696
2015-08-16 19:30:01 :  [G]: 2 255 327 [E]: 2 276 418 [D]: 15 954 [GEM]: 57
2015-08-16 19:30:01 : Collecting Resources
2015-08-16 19:30:10 : Chat Request: wizard
2015-08-16 19:30:10 : Wizards Keyword found: wiz
2015-08-16 19:30:13 : No Wizards available to donate..
2015-08-16 19:30:14 : Donating Archersas subtitute.
2015-08-16 19:30:17 : Checking Army Camp...
2015-08-16 19:30:18 : Total Army Camp capacity: 175/220
2015-08-16 19:30:20 :  - No. of Archers: 48
2015-08-16 19:30:20 :  - No. of Giants: 23
2015-08-16 19:30:20 :  - No. of Wizards: 3
2015-08-16 19:30:20 : Barracks and Spell factory status: 
2015-08-16 19:30:20 : - Barracks detected: 4 | Available: 4 | Upgrading: 0
2015-08-16 19:30:20 : - Dark Barracks detected: 2 | Available: 2 | Upgrading: 0
2015-08-16 19:30:20 : - Spell factory detected: 1 | Available: 1 | Upgrading: 0
2015-08-16 19:30:20 : - Dark Spell factory detected: 1 | Available: 1 | Upgrading: 0
2015-08-16 19:30:21 : Training Troops...
2015-08-16 19:30:40 : Spell Factory Full
2015-08-16 19:30:42 : 0
2015-08-16 19:30:44 : Requesting Clan Castle Troops
2015-08-16 19:30:44 : Your Clan Castle is already full or you are not in a clan.
2015-08-16 19:30:46 : ====== Waiting for full army ======
2015-08-16 19:30:49 : ClashGameBot was Paused!
2015-08-16 19:30:58 : ClashGameBot was Resumed.
2015-08-16 19:31:05 : ClashGameBot was Paused!
2015-08-16 19:31:17 : ClashGameBot was Resumed.
2015-08-16 19:31:19 : Checking Army Camp...
2015-08-16 19:31:21 : Total Army Camp capacity: 180/220
2015-08-16 19:31:22 :  - No. of Archers: 48
2015-08-16 19:31:22 :  - No. of Giants: 24
2015-08-16 19:31:22 :  - No. of Wizards: 3
2015-08-16 19:31:23 : Training Troops...
2015-08-16 19:31:34 : Spell Factory Full
2015-08-16 19:31:40 : Found chat message: pekka
2015-08-16 19:31:40 : Waiting for Main Screen
2015-08-16 19:31:42 : Time Idle: 00:00:56
2015-08-16 19:31:42 : ====== Waiting for full army ======
2015-08-16 19:31:54 : Checking Army Camp...
2015-08-16 19:31:56 : Total Army Camp capacity: 180/220
2015-08-16 19:31:57 :  - No. of Archers: 48
2015-08-16 19:31:57 :  - No. of Giants: 24
2015-08-16 19:31:57 :  - No. of Wizards: 3
2015-08-16 19:31:58 : Training Troops...
2015-08-16 19:32:10 : Spell Factory Full
2015-08-16 19:32:15 : Found chat message: pekka
2015-08-16 19:32:15 : Waiting for Main Screen
2015-08-16 19:32:17 : Time Idle: 00:01:31
2015-08-16 19:32:17 : ====== Waiting for full army ======
2015-08-16 19:32:29 : Checking Army Camp...
2015-08-16 19:32:31 : Total Army Camp capacity: 180/220
2015-08-16 19:32:32 :  - No. of Archers: 48
2015-08-16 19:32:32 :  - No. of Giants: 24
2015-08-16 19:32:33 :  - No. of Wizards: 3
2015-08-16 19:32:33 : Training Troops...
2015-08-16 19:32:45 : Spell Factory Full
2015-08-16 19:32:50 : Found chat message: brb low batt na
2015-08-16 19:32:50 : Waiting for Main Screen
2015-08-16 19:32:52 : Time Idle: 00:02:05
2015-08-16 19:32:52 : ====== Waiting for full army ======
2015-08-16 19:33:04 : Checking Army Camp...
2015-08-16 19:33:06 : Total Army Camp capacity: 180/220
2015-08-16 19:33:07 :  - No. of Archers: 48
2015-08-16 19:33:07 :  - No. of Giants: 24
2015-08-16 19:33:08 :  - No. of Wizards: 3
2015-08-16 19:33:08 : Training Troops...
2015-08-16 19:33:20 : Spell Factory Full
2015-08-16 19:33:25 : Found chat message: brb low batt na
2015-08-16 19:33:25 : Waiting for Main Screen
2015-08-16 19:33:35 : Waiting for Main Screen
2015-08-16 19:33:37 : Time Idle: 00:02:50
2015-08-16 19:33:37 : ====== Waiting for full army ======
2015-08-16 19:33:40 : ClashGameBot was Paused!
2015-08-16 19:33:41 : ClashGameBot was Resumed.
2015-08-16 19:33:44 : ClashGameBot was Paused!
2015-08-16 19:34:04 : ClashGameBot was Resumed.
2015-08-16 19:34:11 : Collecting Resources
2015-08-16 19:34:17 : Checking Army Camp...
2015-08-16 19:34:17 : ClashGameBot was Paused!
2015-08-16 19:34:27 : ClashGameBot was Resumed.
2015-08-16 19:34:38 : Army size read error, Troop numbers can't be trained correctly
2015-08-16 19:34:39 : Total Army Camp capacity: 0/220
2015-08-16 19:34:42 : Training Troops...
2015-08-16 19:34:42 : No barrack avaiable, cannot start train
2015-08-16 19:34:45 : Waiting for Main Screen
2015-08-16 19:34:47 : Trying to locate Main Screen
2015-08-16 19:34:47 : Main Screen Located
2015-08-16 19:34:48 : Village Report
2015-08-16 19:34:48 : No. of Free/Total Builders: 0/4
2015-08-16 19:34:48 :  [T]: 2 696
2015-08-16 19:34:48 :  [G]: 2 255 327 [E]: 2 296 348 [D]: 15 958 [GEM]: 57
2015-08-16 19:34:49 : Collecting Resources
2015-08-16 19:34:58 : Chat Request: hogs
2015-08-16 19:34:58 : Hog Riders Keyword found: hog
2015-08-16 19:35:01 : No Hog Riders available to donate..
2015-08-16 19:35:01 : Donating Archersas subtitute.
2015-08-16 19:35:04 : Checking Army Camp...
2015-08-16 19:35:06 : Total Army Camp capacity: 174/220
2015-08-16 19:35:07 :  - No. of Archers: 42
2015-08-16 19:35:07 :  - No. of Giants: 24
2015-08-16 19:35:07 :  - No. of Wizards: 3
2015-08-16 19:35:08 : Training Troops...
2015-08-16 19:35:19 : Spell Factory Full
2015-08-16 19:35:21 : 0
2015-08-16 19:35:22 : Requesting Clan Castle Troops
2015-08-16 19:35:23 : Your Clan Castle is already full or you are not in a clan.
2015-08-16 19:35:24 : ====== Waiting for full army ======
2015-08-16 19:35:36 : Checking Army Camp...
2015-08-16 19:35:38 : Total Army Camp capacity: 174/220
2015-08-16 19:35:39 :  - No. of Archers: 42
2015-08-16 19:35:39 :  - No. of Giants: 24
2015-08-16 19:35:39 :  - No. of Wizards: 3
2015-08-16 19:35:40 : Training Troops...
2015-08-16 19:35:51 : Spell Factory Full
2015-08-16 19:36:00 : Waiting for Main Screen
2015-08-16 19:36:06 : Waiting for Main Screen
2015-08-16 19:36:08 : Time Idle: 00:00:43
2015-08-16 19:36:08 : ====== Waiting for full army ======
2015-08-16 19:36:20 : Checking Army Camp...
2015-08-16 19:36:22 : Total Army Camp capacity: 174/220
2015-08-16 19:36:23 :  - No. of Archers: 42
2015-08-16 19:36:23 :  - No. of Giants: 24
2015-08-16 19:36:23 :  - No. of Wizards: 3
2015-08-16 19:36:24 : Training Troops...
2015-08-16 19:36:35 : Spell Factory Full
2015-08-16 19:36:40 : Waiting for Main Screen
2015-08-16 19:36:43 : Time Idle: 00:01:17
2015-08-16 19:36:43 : ====== Waiting for full army ======
2015-08-16 19:36:55 : Checking Army Camp...
2015-08-16 19:36:56 : Total Army Camp capacity: 174/220
2015-08-16 19:36:58 :  - No. of Archers: 42
2015-08-16 19:36:58 :  - No. of Giants: 24
2015-08-16 19:36:58 :  - No. of Wizards: 3
2015-08-16 19:36:59 : Training Troops...
2015-08-16 19:37:10 : Spell Factory Full
2015-08-16 19:37:15 : Waiting for Main Screen
2015-08-16 19:37:18 : Time Idle: 00:01:52
2015-08-16 19:37:18 : ====== Waiting for full army ======
2015-08-16 19:37:30 : Checking Army Camp...
2015-08-16 19:37:31 : Total Army Camp capacity: 174/220
2015-08-16 19:37:32 :  - No. of Archers: 42
2015-08-16 19:37:33 :  - No. of Giants: 24
2015-08-16 19:37:33 :  - No. of Wizards: 3
2015-08-16 19:37:33 : Training Troops...
2015-08-16 19:37:45 : Spell Factory Full
2015-08-16 19:37:50 : Waiting for Main Screen
2015-08-16 19:37:52 : Time Idle: 00:02:27
2015-08-16 19:37:52 : ====== Waiting for full army ======
2015-08-16 19:38:04 : Checking Army Camp...
2015-08-16 19:38:06 : Total Army Camp capacity: 174/220
2015-08-16 19:38:07 :  - No. of Archers: 42
2015-08-16 19:38:07 :  - No. of Giants: 24
2015-08-16 19:38:08 :  - No. of Wizards: 3
2015-08-16 19:38:08 : Training Troops...
2015-08-16 19:38:20 : Spell Factory Full
2015-08-16 19:38:25 : Waiting for Main Screen
2015-08-16 19:38:34 : Waiting for Main Screen
2015-08-16 19:38:37 : Time Idle: 00:03:11
2015-08-16 19:38:37 : ====== Waiting for full army ======
2015-08-16 19:38:49 : Checking Army Camp...
2015-08-16 19:38:51 : Total Army Camp capacity: 190/220
2015-08-16 19:38:52 :  - No. of Archers: 42
2015-08-16 19:38:52 :  - No. of Giants: 24
2015-08-16 19:38:52 :  - No. of Wizards: 7
2015-08-16 19:38:53 : Training Troops...
2015-08-16 19:39:04 : Spell Factory Full
2015-08-16 19:39:14 : Waiting for Main Screen
2015-08-16 19:39:20 : Waiting for Main Screen
2015-08-16 19:39:22 : Time Idle: 00:03:56
2015-08-16 19:39:22 : ====== Waiting for full army ======
2015-08-16 19:39:34 : Checking Army Camp...
2015-08-16 19:39:36 : Total Army Camp capacity: 190/220
2015-08-16 19:39:37 :  - No. of Archers: 42
2015-08-16 19:39:37 :  - No. of Giants: 24
2015-08-16 19:39:37 :  - No. of Wizards: 7
2015-08-16 19:39:38 : Training Troops...
2015-08-16 19:39:50 : Spell Factory Full
2015-08-16 19:39:55 : Waiting for Main Screen
2015-08-16 19:39:57 : Time Idle: 00:04:31
2015-08-16 19:39:57 : ====== Waiting for full army ======
2015-08-16 19:40:09 : Checking Army Camp...
2015-08-16 19:40:11 : Total Army Camp capacity: 190/220
2015-08-16 19:40:12 :  - No. of Archers: 42
2015-08-16 19:40:12 :  - No. of Giants: 24
2015-08-16 19:40:12 :  - No. of Wizards: 7
2015-08-16 19:40:13 : Training Troops...
2015-08-16 19:40:25 : Spell Factory Full
2015-08-16 19:40:30 : Waiting for Main Screen
2015-08-16 19:40:32 : Time Idle: 00:05:05
2015-08-16 19:40:32 : ====== Waiting for full army ======
2015-08-16 19:40:44 : Checking Army Camp...
2015-08-16 19:40:46 : Total Army Camp capacity: 190/220
2015-08-16 19:40:47 :  - No. of Archers: 42
2015-08-16 19:40:47 :  - No. of Giants: 24
2015-08-16 19:40:47 :  - No. of Wizards: 7
2015-08-16 19:40:48 : Training Troops...
2015-08-16 19:40:59 : Spell Factory Full
2015-08-16 19:41:05 : Waiting for Main Screen
2015-08-16 19:41:07 : Time Idle: 00:05:40
2015-08-16 19:41:07 : ====== Waiting for full army ======
2015-08-16 19:41:19 : Checking Army Camp...
2015-08-16 19:41:21 : Total Army Camp capacity: 190/220
2015-08-16 19:41:22 :  - No. of Archers: 42
2015-08-16 19:41:22 :  - No. of Giants: 24
2015-08-16 19:41:22 :  - No. of Wizards: 7
2015-08-16 19:41:23 : Training Troops...
2015-08-16 19:41:34 : Spell Factory Full
2015-08-16 19:41:39 : Waiting for Main Screen
2015-08-16 19:41:49 : Waiting for Main Screen
2015-08-16 19:41:51 : Time Idle: 00:06:24
2015-08-16 19:41:52 : ====== Waiting for full army ======
2015-08-16 19:42:03 : Collecting Resources
2015-08-16 19:42:09 : Checking Army Camp...
2015-08-16 19:42:11 : Total Army Camp capacity: 190/220
2015-08-16 19:42:12 :  - No. of Archers: 42
2015-08-16 19:42:13 :  - No. of Giants: 24
2015-08-16 19:42:13 :  - No. of Wizards: 7
2015-08-16 19:42:13 : Training Troops...
2015-08-16 19:42:25 : Spell Factory Full
2015-08-16 19:42:34 : Waiting for Main Screen
2015-08-16 19:42:39 : Waiting for Main Screen
2015-08-16 19:42:42 : Time Idle: 00:07:14
2015-08-16 19:42:42 : ====== Waiting for full army ======
2015-08-16 19:42:54 : Checking Army Camp...
2015-08-16 19:42:56 : Total Army Camp capacity: 190/220
2015-08-16 19:42:57 :  - No. of Archers: 42
2015-08-16 19:42:57 :  - No. of Giants: 24
2015-08-16 19:42:57 :  - No. of Wizards: 7
2015-08-16 19:42:58 : Training Troops...
2015-08-16 19:43:09 : Spell Factory Full
2015-08-16 19:43:14 : Found chat message: any high
2015-08-16 19:43:14 : Waiting for Main Screen
2015-08-16 19:43:16 : Time Idle: 00:07:49
2015-08-16 19:43:17 : ====== Waiting for full army ======
2015-08-16 19:43:28 : Checking Army Camp...
2015-08-16 19:43:30 : Total Army Camp capacity: 190/220
2015-08-16 19:43:31 :  - No. of Archers: 42
2015-08-16 19:43:31 :  - No. of Giants: 24
2015-08-16 19:43:32 :  - No. of Wizards: 7
2015-08-16 19:43:32 : Training Troops...
2015-08-16 19:43:44 : Spell Factory Full
2015-08-16 19:43:49 : Found chat message: any high
2015-08-16 19:43:49 : Waiting for Main Screen
2015-08-16 19:43:51 : Time Idle: 00:08:23
2015-08-16 19:43:51 : ====== Waiting for full army ======
2015-08-16 19:44:03 : Checking Army Camp...
2015-08-16 19:44:05 : Total Army Camp capacity: 190/220
2015-08-16 19:44:06 :  - No. of Archers: 42
2015-08-16 19:44:06 :  - No. of Giants: 24
2015-08-16 19:44:06 :  - No. of Wizards: 7
2015-08-16 19:44:07 : Training Troops...
2015-08-16 19:44:18 : Spell Factory Full
2015-08-16 19:44:23 : Found chat message: any high
2015-08-16 19:44:23 : Waiting for Main Screen
2015-08-16 19:44:26 : Time Idle: 00:08:58
2015-08-16 19:44:26 : ====== Waiting for full army ======
2015-08-16 19:44:38 : Checking Army Camp...
2015-08-16 19:44:40 : Total Army Camp capacity: 190/220
2015-08-16 19:44:41 :  - No. of Archers: 42
2015-08-16 19:44:41 :  - No. of Giants: 24
2015-08-16 19:44:41 :  - No. of Wizards: 7
2015-08-16 19:44:42 : Training Troops...
2015-08-16 19:44:53 : Spell Factory Full
2015-08-16 19:44:58 : Found chat message: any high
2015-08-16 19:44:58 : Waiting for Main Screen
2015-08-16 19:45:08 : Waiting for Main Screen
2015-08-16 19:45:10 : Time Idle: 00:09:42
2015-08-16 19:45:10 : ====== Waiting for full army ======
2015-08-16 19:45:22 : Checking Army Camp...
2015-08-16 19:45:24 : Total Army Camp capacity: 190/220
2015-08-16 19:45:25 :  - No. of Archers: 42
2015-08-16 19:45:25 :  - No. of Giants: 24
2015-08-16 19:45:25 :  - No. of Wizards: 7
2015-08-16 19:45:26 : Training Troops...
2015-08-16 19:45:38 : Spell Factory Full
2015-08-16 19:45:47 : Waiting for Main Screen
2015-08-16 19:45:53 : Waiting for Main Screen
2015-08-16 19:45:55 : Time Idle: 00:10:27
2015-08-16 19:45:55 : ====== Waiting for full army ======
2015-08-16 19:46:07 : Checking Army Camp...
2015-08-16 19:46:09 : Total Army Camp capacity: 190/220
2015-08-16 19:46:10 :  - No. of Archers: 42
2015-08-16 19:46:10 :  - No. of Giants: 24
2015-08-16 19:46:11 :  - No. of Wizards: 7
2015-08-16 19:46:11 : Training Troops...
2015-08-16 19:46:23 : Spell Factory Full
2015-08-16 19:46:28 : Waiting for Main Screen
2015-08-16 19:46:30 : Time Idle: 00:11:01
2015-08-16 19:46:30 : ====== Waiting for full army ======
2015-08-16 19:46:42 : Checking Army Camp...
2015-08-16 19:46:44 : Total Army Camp capacity: 206/220
2015-08-16 19:46:45 :  - No. of Archers: 42
2015-08-16 19:46:45 :  - No. of Giants: 24
2015-08-16 19:46:45 :  - No. of Wizards: 11
2015-08-16 19:46:46 : Training Troops...
2015-08-16 19:46:58 : Spell Factory Full
2015-08-16 19:47:03 : Waiting for Main Screen
2015-08-16 19:47:05 : Time Idle: 00:11:36
2015-08-16 19:47:05 : ====== Waiting for full army ======
2015-08-16 19:47:17 : Checking Army Camp...
2015-08-16 19:47:19 : Total Army Camp capacity: 206/220
2015-08-16 19:47:20 :  - No. of Archers: 42
2015-08-16 19:47:20 :  - No. of Giants: 24
2015-08-16 19:47:20 :  - No. of Wizards: 11
2015-08-16 19:47:21 : Training Troops...
2015-08-16 19:47:32 : Spell Factory Full
2015-08-16 19:47:37 : Waiting for Main Screen
2015-08-16 19:47:39 : Time Idle: 00:12:10
2015-08-16 19:47:40 : ====== Waiting for full army ======
2015-08-16 19:47:51 : Checking Army Camp...
2015-08-16 19:47:53 : Total Army Camp capacity: 206/220
2015-08-16 19:47:54 :  - No. of Archers: 42
2015-08-16 19:47:55 :  - No. of Giants: 24
2015-08-16 19:47:55 :  - No. of Wizards: 11
2015-08-16 19:47:55 : Training Troops...
2015-08-16 19:48:07 : Spell Factory Full
2015-08-16 19:48:12 : Waiting for Main Screen
2015-08-16 19:48:22 : Waiting for Main Screen
2015-08-16 19:48:24 : Time Idle: 00:12:54
2015-08-16 19:48:24 : ====== Waiting for full army ======
2015-08-16 19:48:36 : Checking Army Camp...
2015-08-16 19:48:38 : Total Army Camp capacity: 206/220
2015-08-16 19:48:39 :  - No. of Archers: 42
2015-08-16 19:48:39 :  - No. of Giants: 24
2015-08-16 19:48:39 :  - No. of Wizards: 11
2015-08-16 19:48:40 : Training Troops...
2015-08-16 19:48:51 : Spell Factory Full
2015-08-16 19:49:02 : Waiting for Main Screen
2015-08-16 19:49:07 : Waiting for Main Screen
2015-08-16 19:49:09 : Time Idle: 00:13:39
2015-08-16 19:49:10 : ====== Waiting for full army ======
2015-08-16 19:49:21 : Collecting Resources
2015-08-16 19:49:26 : Checking Army Camp...
2015-08-16 19:49:28 : Total Army Camp capacity: 206/220
2015-08-16 19:49:29 :  - No. of Archers: 42
2015-08-16 19:49:30 :  - No. of Giants: 24
2015-08-16 19:49:30 :  - No. of Wizards: 11
2015-08-16 19:49:30 : Training Troops...
2015-08-16 19:49:42 : Spell Factory Full
2015-08-16 19:49:47 : Waiting for Main Screen
2015-08-16 19:49:49 : Time Idle: 00:14:19
2015-08-16 19:49:50 : ====== Waiting for full army ======
2015-08-16 19:50:01 : Checking Army Camp...
2015-08-16 19:50:03 : Total Army Camp capacity: 206/220
2015-08-16 19:50:04 :  - No. of Archers: 42
2015-08-16 19:50:04 :  - No. of Giants: 24
2015-08-16 19:50:04 :  - No. of Wizards: 11
2015-08-16 19:50:05 : Training Troops...
2015-08-16 19:50:17 : Spell Factory Full
2015-08-16 19:50:22 : Waiting for Main Screen
2015-08-16 19:50:24 : Time Idle: 00:14:54
2015-08-16 19:50:24 : ====== Waiting for full army ======
2015-08-16 19:50:36 : Checking Army Camp...
2015-08-16 19:50:38 : Total Army Camp capacity: 206/220
2015-08-16 19:50:39 :  - No. of Archers: 42
2015-08-16 19:50:39 :  - No. of Giants: 24
2015-08-16 19:50:39 :  - No. of Wizards: 11
2015-08-16 19:50:40 : Training Troops...
2015-08-16 19:50:52 : Spell Factory Full
2015-08-16 19:50:57 : Waiting for Main Screen
2015-08-16 19:50:59 : Time Idle: 00:15:28
2015-08-16 19:50:59 : ====== Waiting for full army ======
2015-08-16 19:51:11 : Checking Army Camp...
2015-08-16 19:51:13 : Total Army Camp capacity: 206/220
2015-08-16 19:51:14 :  - No. of Archers: 42
2015-08-16 19:51:14 :  - No. of Giants: 24
2015-08-16 19:51:14 :  - No. of Wizards: 11
2015-08-16 19:51:15 : Training Troops...
2015-08-16 19:51:26 : Spell Factory Full
2015-08-16 19:51:31 : Waiting for Main Screen
2015-08-16 19:51:41 : Waiting for Main Screen
2015-08-16 19:51:43 : Time Idle: 00:16:12
2015-08-16 19:51:43 : ====== Waiting for full army ======
2015-08-16 19:51:55 : Checking Army Camp...
2015-08-16 19:51:57 : Total Army Camp capacity: 206/220
2015-08-16 19:51:58 :  - No. of Archers: 42
2015-08-16 19:51:58 :  - No. of Giants: 24
2015-08-16 19:51:58 :  - No. of Wizards: 11
2015-08-16 19:51:59 : Training Troops...
2015-08-16 19:52:10 : Spell Factory Full
2015-08-16 19:52:20 : Waiting for Main Screen
2015-08-16 19:52:26 : Found chat message: wiz arch
2015-08-16 19:52:26 : Waiting for Main Screen
2015-08-16 19:52:28 : Time Idle: 00:16:57
2015-08-16 19:52:28 : ====== Waiting for full army ======
2015-08-16 19:52:40 : Checking Army Camp...
2015-08-16 19:52:42 : Total Army Camp capacity: 206/220
2015-08-16 19:52:43 :  - No. of Archers: 42
2015-08-16 19:52:43 :  - No. of Giants: 24
2015-08-16 19:52:43 :  - No. of Wizards: 11
2015-08-16 19:52:44 : Training Troops...
2015-08-16 19:52:55 : Spell Factory Full
2015-08-16 19:53:01 : Found chat message: wiz arch
2015-08-16 19:53:01 : Waiting for Main Screen
2015-08-16 19:53:03 : Time Idle: 00:17:32
2015-08-16 19:53:03 : ====== Waiting for full army ======
2015-08-16 19:53:15 : Checking Army Camp...
2015-08-16 19:53:17 : Total Army Camp capacity: 206/220
2015-08-16 19:53:18 :  - No. of Archers: 42
2015-08-16 19:53:18 :  - No. of Giants: 24
2015-08-16 19:53:18 :  - No. of Wizards: 11
2015-08-16 19:53:19 : Training Troops...
2015-08-16 19:53:30 : Spell Factory Full
2015-08-16 19:53:36 : Found chat message: wiz arch
2015-08-16 19:53:36 : Waiting for Main Screen
2015-08-16 19:53:38 : Time Idle: 00:18:06
2015-08-16 19:53:38 : ====== Waiting for full army ======
2015-08-16 19:53:50 : Checking Army Camp...
2015-08-16 19:53:52 : Total Army Camp capacity: 206/220
2015-08-16 19:53:53 :  - No. of Archers: 42
2015-08-16 19:53:53 :  - No. of Giants: 24
2015-08-16 19:53:53 :  - No. of Wizards: 11
2015-08-16 19:53:54 : Training Troops...
2015-08-16 19:54:06 : Spell Factory Full
2015-08-16 19:54:11 : Found chat message: wiz arch
2015-08-16 19:54:11 : Waiting for Main Screen
2015-08-16 19:54:13 : Time Idle: 00:18:41
2015-08-16 19:54:13 : ====== Waiting for full army ======
2015-08-16 19:54:25 : Checking Army Camp...
2015-08-16 19:54:27 : Total Army Camp capacity: 206/220
2015-08-16 19:54:28 :  - No. of Archers: 42
2015-08-16 19:54:28 :  - No. of Giants: 24
2015-08-16 19:54:28 :  - No. of Wizards: 11
2015-08-16 19:54:29 : Training Troops...
2015-08-16 19:54:40 : Spell Factory Full
2015-08-16 19:54:46 : Found chat message: wiz arch
2015-08-16 19:54:46 : Waiting for Main Screen
2015-08-16 19:54:56 : Waiting for Main Screen
2015-08-16 19:54:58 : Time Idle: 00:19:26
2015-08-16 19:54:58 : ====== Waiting for full army ======
2015-08-16 19:55:10 : Checking Army Camp...
2015-08-16 19:55:11 : Total Army Camp capacity: 218/220
2015-08-16 19:55:13 :  - No. of Archers: 42
2015-08-16 19:55:13 :  - No. of Giants: 24
2015-08-16 19:55:13 :  - No. of Wizards: 14
2015-08-16 19:55:14 : Training Troops...
2015-08-16 19:55:27 : Spell Factory Full
2015-08-16 19:55:37 : Waiting for Main Screen
2015-08-16 19:55:42 : Waiting for Main Screen
2015-08-16 19:55:44 : Time Idle: 00:20:12
2015-08-16 19:55:45 : ====== Waiting for full army ======
2015-08-16 19:55:56 : Checking Army Camp...
2015-08-16 19:55:58 : Total Army Camp capacity: 219/220
2015-08-16 19:55:59 :  - No. of Archers: 43
2015-08-16 19:55:59 :  - No. of Giants: 24
2015-08-16 19:56:00 :  - No. of Wizards: 14
2015-08-16 19:56:00 : Training Troops...
2015-08-16 19:56:01 : Your Army Camps are now Full
2015-08-16 19:56:29 : Spell Factory not found...
2015-08-16 19:56:31 : Going to Attack...
2015-08-16 19:56:37 : ============== Searching For Dead Base ===============
2015-08-16 19:56:37 : ~~~~~~~~~~~~~~~ SEARCH CONDITIONS ~~~~~~~~~~~~~~~~
2015-08-16 19:56:37 : Meet: Gold and Elixir
2015-08-16 19:56:37 : ~~~~~~~~~~~~~~ RESOURCE CONDITIONS ~~~~~~~~~~~~~~~
2015-08-16 19:56:37 : Aim: [G]: 999999 [E]: 999999 [D]:    0 [T]: 0 for: Dead Base
2015-08-16 19:56:37 : ============== Searching For Live Base ===============
2015-08-16 19:56:37 : ~~~~~~~~~~~~~~~ SEARCH CONDITIONS ~~~~~~~~~~~~~~~~
2015-08-16 19:56:37 : Meet: Gold and Elixir
2015-08-16 19:56:37 : ~~~~~~~~~~~~~~ RESOURCE CONDITIONS ~~~~~~~~~~~~~~~
2015-08-16 19:56:37 : Aim: [G]: 999999 [E]: 999999 [D]:    0 [T]: 0 for: Live Base
2015-08-16 19:56:37 : ~~~~~~~~~~~~~~~ ADVANCED SETTINGS ~~~~~~~~~~~~~~~~
2015-08-16 19:56:37 : THSnipe Combo, 4 Tile(s), , Attack6:PB6
2015-08-16 19:56:37 : ==================================================
2015-08-16 19:56:39 :   1> [G]: 110426 [E]:  16074 [D]:  596 [T]:26 [TH]: 9, In
2015-08-16 19:56:46 :   2> [G]:  19548 [E]:  97730 [D]:   43 [T]:26 [TH]:10, In
2015-08-16 19:56:51 :   3> [G]: 105194 [E]: 207739 [D]: 1090 [T]:17 [TH]: 9, In
2015-08-16 19:56:55 :   4> [G]:  91797 [E]: 249401 [D]: 1355 [T]:14 [TH]: 9, In
2015-08-16 19:57:00 :   5> [G]:  68470 [E]: 148232 [D]: 2139 [T]:31 [TH]: 9, In
2015-08-16 19:57:04 :   6> [G]: 111605 [E]:  83989 [D]:  688 [T]:16 [TH]: 9, In
2015-08-16 19:57:11 :   7> [G]:  10526 [E]:  25306 [D]:  241 [T]:31 [TH]:10, In
2015-08-16 19:57:16 :   8> [G]:  36826 [E]:  50064 [D]: 1288 [T]:14 [TH]: -, -
2015-08-16 19:57:21 :   9> [G]:  20519 [E]:  30585 [D]:  453 [T]:17 [TH]: 9, In
2015-08-16 19:57:25 :  10> [G]: 190851 [E]: 259786 [D]:  416 [T]:11 [TH]: 9, In
2015-08-16 19:57:31 :  11> [G]:  38964 [E]:  16298 [D]:  917 [T]:13 [TH]: 9, In
2015-08-16 19:57:38 :  12> [G]:  71307 [E]:   5696 [D]:   14 [T]:18 [TH]:10, In
2015-08-16 19:57:45 :  13> [G]: 289489 [E]: 185134 [D]: 1010 [T]:24 [TH]:10, In
2015-08-16 19:57:49 :  14> [G]: 133516 [E]: 153745 [D]: 1089 [T]:14 [TH]: 9, In
2015-08-16 19:57:54 :  15> [G]:  37030 [E]: 186575 [D]:  797 [T]:24 [TH]: 9, In
2015-08-16 19:57:59 :  16> [G]:  28945 [E]: 132791 [D]:   35 [T]:32 [TH]: 9, In
2015-08-16 19:58:06 :  17> [G]:  55203 [E]:  93217 [D]: 1146 [T]:31 [TH]:10, In
2015-08-16 19:58:10 :  18> [G]:  91724 [E]:  63886 [D]: 1394 [T]:30 [TH]:10, In
2015-08-16 19:58:15 :  19> [G]:  90196 [E]: 152212 [D]: 1918 [T]:13 [TH]:10, In
2015-08-16 19:58:22 :  20> [G]:  36585 [E]: 124692 [D]:  630 [T]:24 [TH]:10, In
2015-08-16 19:58:29 :  21> [G]: 323217 [E]:  18671 [D]:  505 [T]:17 [TH]:10, In
2015-08-16 19:58:33 :  22> [G]:  81019 [E]: 108374 [D]: 1655 [T]:26 [TH]: 9, In
2015-08-16 19:58:39 :  23> [G]:  44367 [E]:  23086 [D]: 1080 [T]:27 [TH]:10, In
2015-08-16 19:58:47 :  24> [G]:  51784 [E]: 174033 [D]:  917 [T]:18 [TH]: 9, In
2015-08-16 19:58:54 :  25> [G]: 137359 [E]: 107703 [D]: 1863 [T]:20 [TH]:10, In
2015-08-16 19:58:59 :  26> [G]: 127020 [E]:  47422 [D]:  366 [T]:15 [TH]: 9, In
2015-08-16 19:59:05 :  27> [G]: 210211 [E]: 209387 [D]: 3024 [T]:18 [TH]:10, In
2015-08-16 19:59:09 :  28> [G]:  10222 [E]:  92698 [D]: 1187 [T]:19 [TH]: 9, In
2015-08-16 19:59:14 :  29> [G]:  69880 [E]:  54915 [D]: 1626 [T]:18 [TH]: 9, In
2015-08-16 19:59:18 :  30> [G]:  17714 [E]: 120842 [D]:  645 [T]:20 [TH]: 9, In
2015-08-16 19:59:25 :  31> [G]: 126018 [E]: 147681 [D]:  726 [T]:27 [TH]:10, In
2015-08-16 19:59:30 :  32> [G]:  55792 [E]:  63792 [D]: 1014 [T]:15 [TH]: 9, In
2015-08-16 19:59:34 :  33> [G]:  42911 [E]:  86831 [D]:  862 [T]: 9 [TH]: 9, In
2015-08-16 19:59:41 :  34> [G]:   5370 [E]:  21777 [D]:  715 [T]:22 [TH]:10, In
2015-08-16 19:59:47 :  35> [G]:  38591 [E]:  61128 [D]: 1125 [T]:30 [TH]:10, In
2015-08-16 19:59:51 :  36> [G]:  34473 [E]:  80401 [D]: 1195 [T]: 9 [TH]: 9, In
2015-08-16 19:59:56 :  37> [G]: 209625 [E]: 116574 [D]:  723 [T]:16 [TH]: 9, In
2015-08-16 20:00:00 :  38> [G]:  35444 [E]: 118984 [D]: 1019 [T]: 5 [TH]: 9, In
2015-08-16 20:00:08 :  39> [G]: 197151 [E]: 121332 [D]: 2287 [T]:33 [TH]:10, In
2015-08-16 20:00:14 :  40> [G]:  33302 [E]: 115787 [D]:  458 [T]:29 [TH]:10, In
2015-08-16 20:00:19 :  41> [G]: 114204 [E]: 175419 [D]:  628 [T]: 5 [TH]: 8, In
2015-08-16 20:00:23 :  42> [G]:  31395 [E]:  29087 [D]:  876 [T]:22 [TH]: 9, In
2015-08-16 20:00:27 :  43> [G]:  26940 [E]:  69496 [D]: 1915 [T]:15 [TH]: 9, In
2015-08-16 20:00:33 :  44> [G]:  60906 [E]: 242072 [D]: 1766 [T]:33 [TH]:10, In
2015-08-16 20:00:38 :  45> [G]: 164693 [E]:  86745 [D]:  961 [T]:32 [TH]:10, In
2015-08-16 20:00:46 :  46> [G]: 278909 [E]: 154067 [D]:  282 [T]:29 [TH]:10, In
2015-08-16 20:00:50 :  47> [G]:  35934 [E]:   2753 [D]:    7 [T]:29 [TH]: 9, In
2015-08-16 20:00:54 :  48> [G]:  37335 [E]:  29244 [D]:  793 [T]:13 [TH]: 9, In
2015-08-16 20:00:59 :  49> [G]:  12252 [E]: 107876 [D]:  757 [T]:12 [TH]: 9, In
2015-08-16 20:01:03 :  50> [G]:  72574 [E]:  96016 [D]: 1077 [T]:31 [TH]:10, In
2015-08-16 20:01:07 :  51> [G]: 124072 [E]: 129516 [D]:  544 [T]:15 [TH]:10, In
2015-08-16 20:01:14 :  52> [G]:  27144 [E]:  43138 [D]: 1377 [T]:15 [TH]:10, In
2015-08-16 20:01:18 :  53> [G]: 163305 [E]: 320457 [D]: 1482 [T]:19 [TH]:10, In
2015-08-16 20:01:22 :  54> [G]: 101726 [E]: 203977 [D]: 1152 [T]:17 [TH]:10, In
2015-08-16 20:01:26 :  55> [G]:  24411 [E]:  88483 [D]:  601 [T]: 1 [TH]: 8, In
2015-08-16 20:01:30 :  56> [G]:  28046 [E]:  74532 [D]:  586 [T]: 2 [TH]: 8, In
2015-08-16 20:01:35 :  57> [G]: 162575 [E]:  60948 [D]: 1996 [T]:27 [TH]:10, In
2015-08-16 20:01:39 :  58> [G]:  91644 [E]: 144833 [D]:  761 [T]:17 [TH]: 9, In
2015-08-16 20:01:43 :  59> [G]:   7293 [E]:  24169 [D]:  247 [T]: 2 [TH]: 8, In
2015-08-16 20:01:49 :  60> [G]:  90087 [E]:  16912 [D]:  317 [T]: 1 [TH]: 8, In
2015-08-16 20:01:54 :  61> [G]:  58054 [E]: 127483 [D]: 1808 [T]: 6 [TH]: 8, In
2015-08-16 20:01:59 :  62> [G]:   5557 [E]: 114749 [D]:  778 [T]:28 [TH]: 9, In
2015-08-16 20:02:03 :  63> [G]: 129564 [E]: 120650 [D]:  813 [T]: 5 [TH]: 9, In
2015-08-16 20:02:07 :  64> [G]:  40208 [E]:  59500 [D]:  674 [T]: 1 [TH]: 8, In
2015-08-16 20:02:11 :  65> [G]: 246041 [E]: 331191 [D]:  587 [T]: 1 [TH]: 8, In
2015-08-16 20:02:16 :  66> [G]:  49406 [E]: 114384 [D]:  554 [T]:31 [TH]:10, In
2015-08-16 20:02:22 :  67> [G]:  17982 [E]:  36150 [D]:  524 [T]: 4 [TH]: 9, In
2015-08-16 20:02:26 :  68> [G]: 133913 [E]: 116062 [D]: 2119 [T]:10 [TH]: 9, In
2015-08-16 20:02:30 :  69> [G]:  91885 [E]: 265599 [D]: 1416 [T]: 2 [TH]: 8, In
2015-08-16 20:02:34 :  70> [G]:  83298 [E]:  49597 [D]:  495 [T]: 1 [TH]: 8, In
2015-08-16 20:02:37 :  71> [G]:  78538 [E]:  86264 [D]:  388 [T]: 1 [TH]: 8, In
2015-08-16 20:02:42 :  72> [G]:  58200 [E]:  98861 [D]:  911 [T]:18 [TH]: 9, In
2015-08-16 20:02:47 :  73> [G]:  28138 [E]:  77839 [D]:  111 [T]:29 [TH]:10, In
2015-08-16 20:02:51 :  74> [G]:  64261 [E]:  56930 [D]:  894 [T]:27 [TH]: 9, In
2015-08-16 20:02:56 :  75> [G]: 119864 [E]: 202740 [D]:  917 [T]:15 [TH]: 9, In
2015-08-16 20:03:00 :  76> [G]:  24364 [E]:  19205 [D]:   76 [T]: 3 [TH]: 8, In
2015-08-16 20:03:04 :  77> [G]:  27886 [E]:  78514 [D]: 1118 [T]:19 [TH]: 9, In
2015-08-16 20:03:09 :  78> [G]:  74772 [E]:  90416 [D]:  321 [T]: 4 [TH]: 9, In
2015-08-16 20:03:16 :  79> [G]: 133565 [E]: 165199 [D]: 3264 [T]:33 [TH]: -, -
2015-08-16 20:03:20 :  80> [G]:  27167 [E]:  19698 [D]:  354 [T]: 3 [TH]: 8, In
2015-08-16 20:03:25 :  81> [G]: 234208 [E]: 190105 [D]:  482 [T]:27 [TH]: 9, In
2015-08-16 20:03:29 :  82> [G]:  41709 [E]: 176233 [D]:  646 [T]:21 [TH]: 9, In
2015-08-16 20:03:33 :  83> [G]:  88785 [E]:  31793 [D]:  956 [T]:11 [TH]: 9, In
2015-08-16 20:03:38 :  84> [G]:  72854 [E]:  34489 [D]: 1295 [T]:27 [TH]: 9, In
2015-08-16 20:03:44 :  85> [G]:  17158 [E]: 133302 [D]:  775 [T]: 8 [TH]: 9, In
2015-08-16 20:03:49 :  86> [G]: 263755 [E]:  37298 [D]: 1714 [T]:31 [TH]:10, In
2015-08-16 20:03:52 :  87> [G]:  75122 [E]:  52598 [D]:  398 [T]: 5 [TH]: 8, In
2015-08-16 20:03:57 :  88> [G]:  64763 [E]:  39929 [D]: 1273 [T]:25 [TH]: 9, In
2015-08-16 20:04:01 :  89> [G]:  96364 [E]:   5677 [D]: 1018 [T]: 4 [TH]: 9, In
2015-08-16 20:04:05 :  90> [G]: 105497 [E]:  28037 [D]: 1191 [T]: 7 [TH]: 9, In
2015-08-16 20:04:10 :  91> [G]:  26787 [E]:  82419 [D]: 1425 [T]:14 [TH]: 9, In
2015-08-16 20:04:14 :  92> [G]:  83431 [E]: 173403 [D]:  826 [T]: 6 [TH]: 9, In
2015-08-16 20:04:19 :  93> [G]:  32477 [E]: 122856 [D]:  199 [T]:15 [TH]:10, In
2015-08-16 20:04:24 :  94> [G]: 112670 [E]: 110190 [D]:  565 [T]:14 [TH]: 9, In
2015-08-16 20:04:28 :  95> [G]:  74407 [E]: 164047 [D]:  299 [T]:15 [TH]: 9, In
2015-08-16 20:04:33 :  96> [G]:  17830 [E]: 119559 [D]:  673 [T]: 7 [TH]: 9, In
2015-08-16 20:04:37 :  97> [G]:   2970 [E]:  78700 [D]:  436 [T]: 7 [TH]: 8, In
2015-08-16 20:04:41 :  98> [G]:  68827 [E]: 111000 [D]:  259 [T]: 8 [TH]: 9, In
2015-08-16 20:04:45 :  99> [G]:  20724 [E]:  56526 [D]:  106 [T]: 1 [TH]: 8, In
2015-08-16 20:04:49 : 100> [G]:  87753 [E]:  71384 [D]:  543 [T]: 1 [TH]: 8, In
2015-08-16 20:04:54 : 101> [G]:  29634 [E]: 136214 [D]:  490 [T]: 7 [TH]: 9, In
2015-08-16 20:04:58 : 102> [G]: 139512 [E]:  85181 [D]:  491 [T]:28 [TH]: 9, In
2015-08-16 20:05:02 : 103> [G]:  84809 [E]:  30170 [D]:  265 [T]: 3 [TH]: 8, In
2015-08-16 20:05:06 : 104> [G]: 189285 [E]: 103848 [D]: 1003 [T]:14 [TH]:10, In
2015-08-16 20:05:11 : 105> [G]: 253999 [E]: 251870 [D]: 2700 [T]: 6 [TH]: 9, In
2015-08-16 20:05:15 : 106> [G]:  28192 [E]:  38288 [D]: 1606 [T]:29 [TH]: 9, In
2015-08-16 20:05:20 : 107> [G]:  28239 [E]:  15649 [D]: 1028 [T]:17 [TH]: 9, In
2015-08-16 20:05:24 : 108> [G]:  33370 [E]:  28413 [D]:  299 [T]: 3 [TH]: 8, In
2015-08-16 20:05:29 : 109> [G]: 245370 [E]:  50621 [D]: 1495 [T]:26 [TH]:10, In
2015-08-16 20:05:33 : 110> [G]:  15255 [E]:  60378 [D]:  457 [T]: 2 [TH]: 8, In
2015-08-16 20:05:37 : 111> [G]:  12574 [E]: 121028 [D]:  271 [T]: 9 [TH]: 9, In
2015-08-16 20:05:43 : 112> [G]:  25839 [E]:  79587 [D]: 1163 [T]:15 [TH]: 9, In
2015-08-16 20:05:46 : 113> [G]:  50876 [E]:  40227 [D]:  392 [T]:18 [TH]: 9, In
2015-08-16 20:05:50 : 114> [G]:  65889 [E]:  34755 [D]:  964 [T]: 2 [TH]: 8, In
2015-08-16 20:05:54 : 115> [G]: 132271 [E]: 118047 [D]:  257 [T]: 1 [TH]: 8, In
2015-08-16 20:05:59 : 116> [G]:  55442 [E]: 145401 [D]:  310 [T]: 3 [TH]: 9, In
2015-08-16 20:06:03 : 117> [G]:  76787 [E]: 152059 [D]:   97 [T]: 5 [TH]: 9, In
2015-08-16 20:06:07 : 118> [G]: 100558 [E]:  50278 [D]:  210 [T]: 1 [TH]: 8, In
2015-08-16 20:06:11 : 119> [G]:  49335 [E]:  54207 [D]:  429 [T]: 1 [TH]: 8, In
2015-08-16 20:06:17 : 120> [G]:   8175 [E]:  11593 [D]:  406 [T]:15 [TH]: 9, In
2015-08-16 20:06:23 : 121> [G]: 128027 [E]: 142981 [D]:  187 [T]:21 [TH]:10, In
2015-08-16 20:06:28 : 122> [G]:  15354 [E]: 128012 [D]: 2643 [T]:16 [TH]:10, In
2015-08-16 20:06:33 : 123> [G]:  65401 [E]: 306512 [D]:  631 [T]:30 [TH]:10, In
2015-08-16 20:06:37 : 124> [G]:  18833 [E]:  78698 [D]: 1196 [T]: 9 [TH]: 9, In
2015-08-16 20:06:42 : 125> [G]:  64827 [E]:  85681 [D]: 2104 [T]:28 [TH]:10, In
2015-08-16 20:06:47 : 126> [G]:  55015 [E]:  64645 [D]:  879 [T]:13 [TH]: 9, In
2015-08-16 20:06:51 : 127> [G]: 127735 [E]:  66031 [D]:  569 [T]: 6 [TH]: 9, In
2015-08-16 20:06:55 : 128> [G]:  30916 [E]:  51901 [D]:  653 [T]:11 [TH]: 9, In
2015-08-16 20:06:59 : 129> [G]:  35923 [E]:  64158 [D]:  448 [T]: 3 [TH]: 8, In
2015-08-16 20:07:03 : 130> [G]:  63865 [E]:  51319 [D]: 1082 [T]: 1 [TH]: 8, In
2015-08-16 20:07:07 : 131> [G]:  45600 [E]:  76957 [D]:  795 [T]: 3 [TH]: 8, In
2015-08-16 20:07:12 : 132> [G]:  68667 [E]:  49464 [D]: 1058 [T]:39 [TH]: 9, In
2015-08-16 20:07:21 : 133> [G]: 177555 [E]: 177693 [D]:  118 [T]:28 [TH]: -, -
2015-08-16 20:07:25 : 134> [G]:  19057 [E]:   8642 [D]: 1048 [T]: 7 [TH]: 9, In
2015-08-16 20:07:29 : 135> [G]:  18785 [E]:  42311 [D]:  224 [T]: 1 [TH]: 8, In
2015-08-16 20:07:34 : 136> [G]:  56608 [E]:  32215 [D]:  613 [T]: 3 [TH]: 8, In
2015-08-16 20:07:40 : 137> [G]:  31889 [E]: 265934 [D]: 1596 [T]:21 [TH]:10, In
2015-08-16 20:07:44 : 138> [G]:  75682 [E]: 193510 [D]:  390 [T]: 5 [TH]: 9, In
2015-08-16 20:07:48 : 139> [G]:  13224 [E]:  21239 [D]:  576 [T]: 1 [TH]: 8, In
2015-08-16 20:07:53 : 140> [G]: 333562 [E]: 260795 [D]: 1759 [T]:26 [TH]:10, In
2015-08-16 20:07:58 : 141> [G]:  60001 [E]:  64617 [D]: 1186 [T]:31 [TH]:10, In
2015-08-16 20:08:02 : 142> [G]: 130477 [E]:  15684 [D]:  341 [T]: 7 [TH]: 9, In
2015-08-16 20:08:08 : 143> [G]: 297767 [E]: 352378 [D]: 2044 [T]:20 [TH]: 9, In
2015-08-16 20:08:12 : 144> [G]:   7974 [E]: 104681 [D]:  476 [T]: 2 [TH]: 8, In
2015-08-16 20:08:17 : 145> [G]:  12358 [E]:  54444 [D]: 1548 [T]:29 [TH]: 9, In
2015-08-16 20:08:21 : 146> [G]:  17905 [E]:  97132 [D]: 1453 [T]: 3 [TH]: 8, In
2015-08-16 20:08:26 : 147> [G]:  65150 [E]: 161397 [D]:  286 [T]:26 [TH]:10, In
2015-08-16 20:08:30 : 148> [G]:  82018 [E]:  76036 [D]:  637 [T]: 3 [TH]: 9, In
2015-08-16 20:08:34 : 149> [G]: 167262 [E]: 205440 [D]: 2650 [T]:29 [TH]:10, In
2015-08-16 20:08:38 : 150> [G]:  11978 [E]:  58380 [D]:  486 [T]: 3 [TH]: 8, In
2015-08-16 20:08:42 : 151> [G]:  97616 [E]:  51451 [D]:  636 [T]: 4 [TH]: 9, In
2015-08-16 20:08:46 : 152> [G]:  36585 [E]:   3777 [D]:  280 [T]: 1 [TH]: 8, In
2015-08-16 20:08:51 : 153> [G]:  77931 [E]:  56973 [D]: 1103 [T]:28 [TH]: 9, In
2015-08-16 20:08:55 : 154> [G]:  67952 [E]:  64858 [D]:  571 [T]: 1 [TH]: 8, In
2015-08-16 20:08:59 : 155> [G]: 211603 [E]: 180322 [D]: 1451 [T]: 8 [TH]: 9, In
2015-08-16 20:09:03 : 156> [G]:  17587 [E]:  13399 [D]:   33 [T]:20 [TH]: 9, In
2015-08-16 20:09:07 : 157> [G]:  93695 [E]:  27418 [D]:  140 [T]: 1 [TH]: 8, In
2015-08-16 20:09:11 : 158> [G]:  24498 [E]:  57302 [D]:  992 [T]:22 [TH]: 9, In
2015-08-16 20:09:16 : 159> [G]: 106648 [E]:  48948 [D]:  760 [T]:16 [TH]: 9, In
2015-08-16 20:09:20 : 160> [G]:  46800 [E]: 111003 [D]:   84 [T]:37 [TH]: 9, In
2015-08-16 20:09:24 : 161> [G]:  23207 [E]: 152921 [D]:  691 [T]: 1 [TH]: 8, In
2015-08-16 20:09:28 : 162> [G]:  57008 [E]:  48752 [D]:  316 [T]: 1 [TH]: 8, In
2015-08-16 20:09:32 : 163> [G]:  11267 [E]:   4870 [D]:   14 [T]: 1 [TH]: 8, In
2015-08-16 20:09:36 : 164> [G]:  52109 [E]:  20129 [D]:  831 [T]:18 [TH]: 9, In
2015-08-16 20:09:40 : 165> [G]:  40224 [E]:  27858 [D]:  719 [T]: 2 [TH]: 8, In
2015-08-16 20:09:45 : 166> [G]:  58761 [E]:  82621 [D]: 1371 [T]:31 [TH]: 9, In
2015-08-16 20:09:51 : 167> [G]:  72710 [E]:  50113 [D]: 1397 [T]: 4 [TH]: 9, In
2015-08-16 20:09:55 : 168> [G]:  73454 [E]:  78361 [D]:  391 [T]: 3 [TH]: 8, In
2015-08-16 20:09:59 : 169> [G]:  99556 [E]: 307756 [D]: 1320 [T]:11 [TH]: 9, In
2015-08-16 20:10:03 : 170> [G]:  10191 [E]: 155961 [D]:  783 [T]:15 [TH]: 9, In
2015-08-16 20:10:07 : 171> [G]:  52463 [E]:  75016 [D]: 1260 [T]:19 [TH]: 9, In
2015-08-16 20:10:12 : 172> [G]:  23056 [E]:  16753 [D]:  123 [T]:23 [TH]: 9, In
2015-08-16 20:10:16 : 173> [G]:  33684 [E]:  71199 [D]:  199 [T]: 2 [TH]: 8, In
2015-08-16 20:10:20 : 174> [G]:   9118 [E]: 118497 [D]:  101 [T]:28 [TH]: 9, In
2015-08-16 20:10:24 : 175> [G]:  18836 [E]:  33064 [D]:  155 [T]: 1 [TH]: 8, In
2015-08-16 20:10:28 : 176> [G]:  19959 [E]:  48302 [D]: 1167 [T]: 9 [TH]: 9, In
2015-08-16 20:10:33 : 177> [G]: 124259 [E]: 115621 [D]:  251 [T]:21 [TH]: 9, In
2015-08-16 20:10:37 : 178> [G]:  47874 [E]:  86147 [D]:  738 [T]:18 [TH]:10, In
2015-08-16 20:10:40 : 179> [G]:  90770 [E]:  60376 [D]:  651 [T]: 3 [TH]: 8, In
2015-08-16 20:10:46 : 180> [G]:  98267 [E]:  64265 [D]:   73 [T]: 4 [TH]: 9, In
2015-08-16 20:10:50 : 181> [G]:  16299 [E]:  24823 [D]: 2048 [T]:14 [TH]: 9, In
2015-08-16 20:10:56 : 182> [G]:  26103 [E]:  64213 [D]: 1175 [T]:17 [TH]: 9, In
2015-08-16 20:11:00 : 183> [G]:  99993 [E]:   6414 [D]:  628 [T]:13 [TH]:10, In
2015-08-16 20:11:05 : 184> [G]: 182531 [E]:  28784 [D]: 1187 [T]:34 [TH]: 9, In
2015-08-16 20:11:10 : 185> [G]:  26651 [E]:  38144 [D]: 1319 [T]:33 [TH]:10, In
2015-08-16 20:11:15 : 186> [G]:  69085 [E]:  14545 [D]:  411 [T]: 1 [TH]: 8, In
2015-08-16 20:11:20 : 187> [G]:  26425 [E]:  74559 [D]:  413 [T]:29 [TH]:10, In
2015-08-16 20:11:24 : 188> [G]:  27000 [E]:  27000 [D]:  107 [T]: 3 [TH]: 8, In
2015-08-16 20:11:28 : 189> [G]:  22681 [E]:  30734 [D]:  483 [T]: 6 [TH]: 8, In
2015-08-16 20:11:34 : 190> [G]:  57747 [E]:  30815 [D]: 1970 [T]: 9 [TH]: 9, In
2015-08-16 20:11:39 : 191> [G]:  78050 [E]:  60085 [D]:  501 [T]: 1 [TH]: 8, In
2015-08-16 20:11:43 : 192> [G]:  59437 [E]:  95529 [D]:  920 [T]:18 [TH]: 9, In
2015-08-16 20:11:48 : 193> [G]: 130530 [E]:  35459 [D]:  175 [T]:13 [TH]: 9, In
2015-08-16 20:11:52 : 194> [G]:  91731 [E]:  21745 [D]:  416 [T]: 1 [TH]: 8, In
2015-08-16 20:11:59 : 195> [G]:  71595 [E]: 158095 [D]: 1032 [T]:30 [TH]:10, In
2015-08-16 20:12:03 : 196> [G]:  60026 [E]: 170720 [D]: 1033 [T]: 2 [TH]: 8, In
2015-08-16 20:12:09 : 197> [G]:  98074 [E]: 122624 [D]: 1069 [T]:20 [TH]:10, In
2015-08-16 20:12:16 : 198> [G]:  70785 [E]: 111362 [D]:  574 [T]:20 [TH]: 9, In
2015-08-16 20:12:21 : Checking Trapped TH
2015-08-16 20:12:23 : Wizard Tower Found
2015-08-16 20:12:23 : 199> [G]: 396753 [E]: 406209 [D]: 3246 [T]:18 [TH]:10, Out
2015-08-16 20:12:23 : Defense found, but not near TH.
2015-08-16 20:12:23 : ~~~~~~~~~~~~~~~ TH Outside Found! ~~~~~~~~~~~~~~~~
2015-08-16 20:12:23 : ================ Search Complete =================
2015-08-16 20:12:23 : Initiating attack for: TH Snipe
2015-08-16 20:12:26 : -Archers 44
2015-08-16 20:12:26 : -Giants 24
2015-08-16 20:12:26 : -Wizards 14
2015-08-16 20:12:26 : -Clan Castle 
2015-08-16 20:12:26 : -King 
2015-08-16 20:12:26 : -Heal Spells 4
2015-08-16 20:12:26 :  ====== Start Attack ====== 
2015-08-16 20:12:28 : Free meal
2015-08-16 20:12:28 : Dropping first wave of 5 Archers
2015-08-16 20:12:30 : Deployment of Archers Successful!
2015-08-16 20:12:31 : Dropping second wave of 10 Archers
2015-08-16 20:12:33 : Deployment of Archers Successful!
2015-08-16 20:12:59 : Fool me once shame on you, fool me twice shame on me
2015-08-16 20:12:59 : No  troop Found!!!
2015-08-16 20:12:59 : No  troop Found!!!
2015-08-16 20:12:59 : No  troop Found!!!
2015-08-16 20:12:59 : Dropping only wave of 15 Archers
2015-08-16 20:13:02 : Deployment of Archers Successful!
2015-08-16 20:13:02 : No  troop Found!!!
2015-08-16 20:13:28 : Now I am really angry!
2015-08-16 20:13:28 : Dropping first wave of 1 Giants
2015-08-16 20:13:29 : Deployment of Giants Successful!
2015-08-16 20:13:30 : Dropping second wave of 9 Giants
2015-08-16 20:13:33 : Deployment of Giants Successful!
2015-08-16 20:13:34 : No  troop Found!!!
2015-08-16 20:13:34 : No  troop Found!!!
2015-08-16 20:13:34 : No  troop Found!!!
2015-08-16 20:13:34 : Dropping only wave of 10 Archers
2015-08-16 20:13:36 : Deployment of Archers Successful!
2015-08-16 20:13:37 : Dropping only wave of 5 Wizards
2015-08-16 20:13:38 : Deployment of Wizards Successful!
2015-08-16 20:14:04 : ALL IN!!!
2015-08-16 20:14:04 : Dropping Heal Spells Spell!
2015-08-16 20:14:04 : No  troop Found!!!
2015-08-16 20:14:05 : No  troop Found!!!
2015-08-16 20:14:05 : No  troop Found!!!
2015-08-16 20:14:05 : No  troop Found!!!
2015-08-16 20:14:05 : Dropping first wave of 10 Giants
2015-08-16 20:14:08 : Deployment of Giants Successful!
2015-08-16 20:14:08 : Dropping King
2015-08-16 20:14:10 : Dropping Clan Castle
2015-08-16 20:14:11 : Waiting 9 seconds before activating King/Queen
2015-08-16 20:14:20 : Activate King's power
2015-08-16 20:14:20 : No  troop Found!!!
2015-08-16 20:14:20 : No  troop Found!!!
2015-08-16 20:14:20 : No  troop Found!!!
2015-08-16 20:14:20 : No  troop Found!!!
2015-08-16 20:14:20 : No  troop Found!!!
2015-08-16 20:14:20 : No  troop Found!!!
2015-08-16 20:14:20 : Dropping first wave of 25 Archers
2015-08-16 20:14:24 : Deployment of Archers Successful!
2015-08-16 20:14:25 : Dropping King
2015-08-16 20:14:26 : Dropping Clan Castle
2015-08-16 20:14:27 : Waiting 9 seconds before activating King/Queen
2015-08-16 20:14:36 : Activate King's power
2015-08-16 20:14:37 : Townhall has been destroyed!
2015-08-16 20:14:40 : Checking if the battle has finished
2015-08-16 20:14:42 : detected [G]:  [E]:  [DE]:  |  Exit now 
2015-08-16 20:14:42 : Battle has finished
2015-08-16 20:14:42 : Returning Home
2015-08-16 20:14:46 : Loot: [G]: 1 000 [E]: 1 004 [DE]: 1 [T]: 6
2015-08-16 20:14:47 : Bonus [G]: 100 000 [E]: 100 000 [DE]: 500
2015-08-16 20:14:49 : Your league level is: Master III
2015-08-16 20:14:49 : Stars earned: 1
2015-08-16 20:14:57 : Trying to locate Main Screen
2015-08-16 20:14:57 : Main Screen Located
2015-08-16 20:14:59 : Village Report
2015-08-16 20:14:59 : No. of Free/Total Builders: 0/4
2015-08-16 20:14:59 :  [T]: 2 702
2015-08-16 20:14:59 :  [G]: 2 211 553 [E]: 2 319 188 [D]: 16 471 [GEM]: 57
2015-08-16 20:15:00 : Collecting Resources
2015-08-16 20:15:06 : ClashGameBot was Paused!
2015-08-16 20:16:56 : ClashGameBot was Resumed.
2015-08-16 20:17:00 : Chat Request: wizard
2015-08-16 20:17:00 : Wizards Keyword found: wiz
2015-08-16 20:17:00 : Donating Wizards
2015-08-16 20:17:02 : Chat Request: wiz arch
2015-08-16 20:17:02 : Archers Keyword found: arc
2015-08-16 20:17:02 : Donating Archers
2015-08-16 20:17:04 : Chat Request: loons6
2015-08-16 20:17:04 : Balloons Keyword found: loon
2015-08-16 20:17:08 : No Balloons available to donate..
2015-08-16 20:17:08 : Donating Archersas subtitute.
2015-08-16 20:17:11 : Chat Request: any high
2015-08-16 20:17:11 : Custom Donation Keyword found: any
2015-08-16 20:17:14 : No Hog Riders available to donate..
2015-08-16 20:17:14 : Donating Archersas subtitute.
2015-08-16 20:17:18 : No Balloons available to donate..
2015-08-16 20:17:22 : No Archers as subtroop available to donate..
2015-08-16 20:17:25 : No Giants available to donate..
2015-08-16 20:17:28 : No Archers as subtroop available to donate..
2015-08-16 20:17:30 : Checking Army Camp...
2015-08-16 20:17:32 : Total Army Camp capacity: 149/220
2015-08-16 20:17:33 :  - No. of Archers: 9
2015-08-16 20:17:33 :  - No. of Giants: 24
2015-08-16 20:17:33 :  - No. of Wizards: 5
2015-08-16 20:17:34 : Barracks and Spell factory status: 
2015-08-16 20:17:34 : - Barracks detected: 4 | Available: 4 | Upgrading: 0
2015-08-16 20:17:34 : - Dark Barracks detected: 2 | Available: 2 | Upgrading: 0
2015-08-16 20:17:34 : - Spell factory detected: 1 | Available: 1 | Upgrading: 0
2015-08-16 20:17:34 : - Dark Spell factory detected: 1 | Available: 1 | Upgrading: 0
2015-08-16 20:17:34 : Training Troops...
2015-08-16 20:17:56 : Spell Factory Full
2015-08-16 20:17:56 : Created 1 Spell(s)
2015-08-16 20:17:58 : 0
2015-08-16 20:18:00 : Requesting Clan Castle Troops
2015-08-16 20:18:05 : ====== Waiting for full army ======
2015-08-16 20:18:17 : Collecting Resources
2015-08-16 20:18:22 : Checking Army Camp...
2015-08-16 20:18:24 : Total Army Camp capacity: 153/220
2015-08-16 20:18:25 :  - No. of Archers: 13
2015-08-16 20:18:25 :  - No. of Giants: 24
2015-08-16 20:18:25 :  - No. of Wizards: 5
2015-08-16 20:18:26 : Training Troops...
2015-08-16 20:18:37 : Spell Factory Full
2015-08-16 20:18:42 : Waiting for Main Screen
2015-08-16 20:18:44 : Time Idle: 00:00:38
2015-08-16 20:18:44 : ====== Waiting for full army ======
2015-08-16 20:18:56 : Checking Army Camp...
2015-08-16 20:18:58 : Total Army Camp capacity: 159/220
2015-08-16 20:18:59 :  - No. of Archers: 19
2015-08-16 20:18:59 :  - No. of Giants: 24
2015-08-16 20:18:59 :  - No. of Wizards: 5
2015-08-16 20:19:00 : Training Troops...
2015-08-16 20:19:10 : Spell Factory Full
2015-08-16 20:19:16 : Found chat message: drag fafs ragnar
2015-08-16 20:19:16 : Waiting for Main Screen
2015-08-16 20:19:18 : Time Idle: 00:01:12
2015-08-16 20:19:18 : ====== Waiting for full army ======
2015-08-16 20:19:30 : Checking Army Camp...
2015-08-16 20:19:36 : Total Army Camp capacity: 165/220
2015-08-16 20:19:37 :  - No. of Archers: 25
2015-08-16 20:19:37 :  - No. of Giants: 24
2015-08-16 20:19:37 :  - No. of Wizards: 5
2015-08-16 20:19:38 : Training Troops...
2015-08-16 20:19:50 : Spell Factory Full
2015-08-16 20:19:55 : Found chat message: drag fafs ragnar
2015-08-16 20:19:55 : Waiting for Main Screen
2015-08-16 20:19:57 : Time Idle: 00:01:51
2015-08-16 20:19:58 : ====== Waiting for full army ======
2015-08-16 20:20:09 : Checking Army Camp...
2015-08-16 20:20:11 : Total Army Camp capacity: 165/220
2015-08-16 20:20:12 :  - No. of Archers: 25
2015-08-16 20:20:13 :  - No. of Giants: 24
2015-08-16 20:20:13 :  - No. of Wizards: 5
2015-08-16 20:20:13 : Training Troops...
2015-08-16 20:20:25 : Spell Factory Full
2015-08-16 20:20:30 : Found chat message: drag fafs ragnar
2015-08-16 20:20:30 : Waiting for Main Screen
2015-08-16 20:20:40 : Waiting for Main Screen
2015-08-16 20:20:43 : Time Idle: 00:02:36
2015-08-16 20:20:43 : ====== Waiting for full army ======
2015-08-16 20:20:54 : Checking Army Camp...
2015-08-16 20:20:56 : Total Army Camp capacity: 0/220
2015-08-16 20:20:58 :  - No. of Archers: 25
2015-08-16 20:20:58 :  - No. of Giants: 24
2015-08-16 20:20:58 :  - No. of Wizards: 5
2015-08-16 20:20:59 : Training Troops...
2015-08-16 20:21:10 : Spell Factory Full
2015-08-16 20:21:20 : Waiting for Main Screen
2015-08-16 20:21:25 : Waiting for Main Screen
2015-08-16 20:21:27 : Time Idle: 00:03:21
2015-08-16 20:21:28 : ====== Waiting for full army ======
2015-08-16 20:21:34 : Chat Request: pekka
2015-08-16 20:21:34 : Pekkas Keyword found: pekka
2015-08-16 20:21:37 : No Pekkas available to donate..
2015-08-16 20:21:37 : Donating Archersas subtitute.
2015-08-16 20:21:46 : Checking Army Camp...
2015-08-16 20:21:48 : Total Army Camp capacity: 159/220
2015-08-16 20:21:49 :  - No. of Archers: 19
2015-08-16 20:21:49 :  - No. of Giants: 24
2015-08-16 20:21:49 :  - No. of Wizards: 5
2015-08-16 20:21:50 : Training Troops...
2015-08-16 20:22:02 : Spell Factory Full
2015-08-16 20:22:07 : Found chat message: pekka hinihingi ko
2015-08-16 20:22:07 : Waiting for Main Screen
2015-08-16 20:22:09 : Time Idle: 00:04:02
2015-08-16 20:22:10 : ====== Waiting for full army ======
2015-08-16 20:22:21 : Checking Army Camp...
2015-08-16 20:22:23 : Total Army Camp capacity: 159/220
2015-08-16 20:22:24 :  - No. of Archers: 19
2015-08-16 20:22:25 :  - No. of Giants: 24
2015-08-16 20:22:25 :  - No. of Wizards: 5
2015-08-16 20:22:25 : Training Troops...
2015-08-16 20:22:37 : Spell Factory Full
2015-08-16 20:22:42 : Found chat message: pekka hinihingi ko
2015-08-16 20:22:42 : Waiting for Main Screen
2015-08-16 20:22:45 : Time Idle: 00:04:37
2015-08-16 20:22:45 : ====== Waiting for full army ======
2015-08-16 20:22:57 : Checking Army Camp...
2015-08-16 20:22:58 : Total Army Camp capacity: 159/220
2015-08-16 20:23:00 :  - No. of Archers: 19
2015-08-16 20:23:00 :  - No. of Giants: 24
2015-08-16 20:23:00 :  - No. of Wizards: 5
2015-08-16 20:23:01 : Training Troops...
2015-08-16 20:23:13 : Spell Factory Full
2015-08-16 20:23:18 : Found chat message: pekka hinihingi ko
2015-08-16 20:23:18 : Waiting for Main Screen
2015-08-16 20:23:20 : Time Idle: 00:05:13
2015-08-16 20:23:21 : ====== Waiting for full army ======
2015-08-16 20:23:33 : Checking Army Camp...
2015-08-16 20:23:35 : Total Army Camp capacity: 159/220
2015-08-16 20:23:36 :  - No. of Archers: 19
2015-08-16 20:23:36 :  - No. of Giants: 24
2015-08-16 20:23:37 :  - No. of Wizards: 5
2015-08-16 20:23:37 : Training Troops...
2015-08-16 20:23:49 : Spell Factory Full
2015-08-16 20:23:54 : Found chat message: ragnar co leader ka pa man din
2015-08-16 20:23:54 : Waiting for Main Screen
2015-08-16 20:24:04 : Waiting for Main Screen
2015-08-16 20:24:07 : Time Idle: 00:05:59
2015-08-16 20:24:07 : ====== Waiting for full army ======
2015-08-16 20:24:20 : Checking Army Camp...
2015-08-16 20:24:21 : Total Army Camp capacity: 159/220
2015-08-16 20:24:23 :  - No. of Archers: 19
2015-08-16 20:24:23 :  - No. of Giants: 24
2015-08-16 20:24:23 :  - No. of Wizards: 5
2015-08-16 20:24:23 : Training Troops...
2015-08-16 20:24:35 : Spell Factory Full
2015-08-16 20:24:45 : Waiting for Main Screen
2015-08-16 20:24:50 : Waiting for Main Screen
2015-08-16 20:24:52 : Time Idle: 00:06:44
2015-08-16 20:24:53 : ====== Waiting for full army ======
2015-08-16 20:25:05 : Checking Army Camp...
2015-08-16 20:25:07 : Total Army Camp capacity: 159/220
2015-08-16 20:25:08 :  - No. of Archers: 19
2015-08-16 20:25:08 :  - No. of Giants: 24
2015-08-16 20:25:09 :  - No. of Wizards: 5
2015-08-16 20:25:09 : Training Troops...
2015-08-16 20:25:21 : Spell Factory Full
2015-08-16 20:25:26 : Found chat message: ge req ka lagyan ko
2015-08-16 20:25:26 : Waiting for Main Screen
2015-08-16 20:25:28 : Time Idle: 00:07:20
2015-08-16 20:25:29 : ====== Waiting for full army ======
2015-08-16 20:25:40 : Collecting Resources
2015-08-16 20:25:47 : Checking Army Camp...
2015-08-16 20:25:49 : Total Army Camp capacity: 159/220
2015-08-16 20:25:50 :  - No. of Archers: 19
2015-08-16 20:25:50 :  - No. of Giants: 24
2015-08-16 20:25:50 :  - No. of Wizards: 5
2015-08-16 20:25:51 : Training Troops...
2015-08-16 20:26:03 : Spell Factory Full
2015-08-16 20:26:08 : Found chat message: pekka
2015-08-16 20:26:08 : Waiting for Main Screen
2015-08-16 20:26:10 : Time Idle: 00:08:02
2015-08-16 20:26:10 : ====== Waiting for full army ======
2015-08-16 20:26:15 : Chat Request: pekka
2015-08-16 20:26:15 : Pekkas Keyword found: pekka
2015-08-16 20:26:18 : No Pekkas available to donate..
2015-08-16 20:26:18 : Donating Archersas subtitute.
2015-08-16 20:26:30 : Checking Army Camp...
2015-08-16 20:26:32 : Total Army Camp capacity: 154/220
2015-08-16 20:26:33 :  - No. of Archers: 14
2015-08-16 20:26:33 :  - No. of Giants: 24
2015-08-16 20:26:33 :  - No. of Wizards: 5
2015-08-16 20:26:34 : Training Troops...
2015-08-16 20:26:46 : Spell Factory Full
2015-08-16 20:26:51 : Found chat message: nalagyan ko wiz sorry
2015-08-16 20:26:51 : Waiting for Main Screen
2015-08-16 20:26:53 : Time Idle: 00:08:44
2015-08-16 20:26:53 : ====== Waiting for full army ======
2015-08-16 20:27:06 : Checking Army Camp...
2015-08-16 20:27:08 : Total Army Camp capacity: 154/220
2015-08-16 20:27:09 :  - No. of Archers: 14
2015-08-16 20:27:09 :  - No. of Giants: 24
2015-08-16 20:27:09 :  - No. of Wizards: 5
2015-08-16 20:27:10 : Training Troops...
2015-08-16 20:27:22 : Spell Factory Full
2015-08-16 20:27:27 : Found chat message: pero ok nayung drag db
2015-08-16 20:27:27 : Waiting for Main Screen
2015-08-16 20:27:37 : Waiting for Main Screen
2015-08-16 20:27:39 : Time Idle: 00:09:30
2015-08-16 20:27:39 : ====== Waiting for full army ======
2015-08-16 20:27:51 : Checking Army Camp...
2015-08-16 20:27:53 : Total Army Camp capacity: 170/220
2015-08-16 20:27:54 :  - No. of Archers: 14
2015-08-16 20:27:54 :  - No. of Giants: 24
2015-08-16 20:27:54 :  - No. of Wizards: 9
2015-08-16 20:27:55 : Training Troops...
2015-08-16 20:28:07 : Spell Factory Full
2015-08-16 20:28:16 : Waiting for Main Screen
2015-08-16 20:28:22 : Waiting for Main Screen
2015-08-16 20:28:24 : Time Idle: 00:10:15
2015-08-16 20:28:24 : ====== Waiting for full army ======
2015-08-16 20:28:36 : Checking Army Camp...
2015-08-16 20:28:38 : Total Army Camp capacity: 170/220
2015-08-16 20:28:39 :  - No. of Archers: 14
2015-08-16 20:28:39 :  - No. of Giants: 24
2015-08-16 20:28:39 :  - No. of Wizards: 9
2015-08-16 20:28:40 : Training Troops...
2015-08-16 20:28:52 : Spell Factory Full
2015-08-16 20:28:57 : Waiting for Main Screen
2015-08-16 20:28:59 : Time Idle: 00:10:49
2015-08-16 20:28:59 : ====== Waiting for full army ======
2015-08-16 20:29:11 : Checking Army Camp...
2015-08-16 20:29:13 : Total Army Camp capacity: 170/220
2015-08-16 20:29:14 :  - No. of Archers: 14
2015-08-16 20:29:14 :  - No. of Giants: 24
2015-08-16 20:29:14 :  - No. of Wizards: 9
2015-08-16 20:29:15 : Training Troops...
2015-08-16 20:29:27 : Spell Factory Full
2015-08-16 20:29:32 : Waiting for Main Screen
2015-08-16 20:29:34 : Time Idle: 00:11:24
2015-08-16 20:29:34 : ====== Waiting for full army ======
2015-08-16 20:29:46 : Checking Army Camp...
2015-08-16 20:29:48 : Total Army Camp capacity: 170/220
2015-08-16 20:29:49 :  - No. of Archers: 14
2015-08-16 20:29:49 :  - No. of Giants: 24
2015-08-16 20:29:49 :  - No. of Wizards: 9
2015-08-16 20:29:50 : Training Troops...
2015-08-16 20:30:02 : Spell Factory Full
2015-08-16 20:30:07 : Waiting for Main Screen
2015-08-16 20:30:09 : Time Idle: 00:11:59
2015-08-16 20:30:09 : ====== Waiting for full army ======
2015-08-16 20:30:14 : Chat Request: wiz arch
2015-08-16 20:30:14 : Archers Keyword found: arc
2015-08-16 20:30:14 : Donating Archers
2015-08-16 20:30:24 : Checking Army Camp...
2015-08-16 20:30:26 : Total Army Camp capacity: 164/220
2015-08-16 20:30:27 :  - No. of Archers: 8
2015-08-16 20:30:27 :  - No. of Giants: 24
2015-08-16 20:30:28 :  - No. of Wizards: 9
2015-08-16 20:30:28 : Training Troops...
2015-08-16 20:30:40 : Spell Factory Full
2015-08-16 20:30:46 : Found chat message: wiz arch
2015-08-16 20:30:46 : Waiting for Main Screen
2015-08-16 20:30:55 : Waiting for Main Screen
2015-08-16 20:30:58 : Time Idle: 00:12:47
2015-08-16 20:30:58 : ====== Waiting for full army ======
2015-08-16 20:31:11 : Checking Army Camp...
2015-08-16 20:31:13 : Total Army Camp capacity: 164/220
2015-08-16 20:31:14 :  - No. of Archers: 8
2015-08-16 20:31:14 :  - No. of Giants: 24
2015-08-16 20:31:14 :  - No. of Wizards: 9
2015-08-16 20:31:15 : Training Troops...
2015-08-16 20:31:26 : Spell Factory Full
2015-08-16 20:31:36 : Waiting for Main Screen
2015-08-16 20:31:41 : Waiting for Main Screen
2015-08-16 20:31:43 : Time Idle: 00:13:33
2015-08-16 20:31:44 : ====== Waiting for full army ======
2015-08-16 20:31:55 : Checking Army Camp...
2015-08-16 20:31:57 : Total Army Camp capacity: 164/220
2015-08-16 20:31:58 :  - No. of Archers: 8
2015-08-16 20:31:58 :  - No. of Giants: 24
2015-08-16 20:31:59 :  - No. of Wizards: 9
2015-08-16 20:31:59 : Training Troops...
2015-08-16 20:32:11 : Spell Factory Full
2015-08-16 20:32:16 : Waiting for Main Screen
2015-08-16 20:32:19 : Time Idle: 00:14:08
2015-08-16 20:32:19 : ====== Waiting for full army ======
2015-08-16 20:32:31 : Checking Army Camp...
2015-08-16 20:32:33 : Total Army Camp capacity: 164/220
2015-08-16 20:32:34 :  - No. of Archers: 8
2015-08-16 20:32:34 :  - No. of Giants: 24
2015-08-16 20:32:34 :  - No. of Wizards: 9
2015-08-16 20:32:35 : Training Troops...
2015-08-16 20:32:46 : Spell Factory Full
2015-08-16 20:32:51 : Waiting for Main Screen
2015-08-16 20:32:54 : Time Idle: 00:14:42
2015-08-16 20:32:54 : ====== Waiting for full army ======
2015-08-16 20:33:05 : Collecting Resources
2015-08-16 20:33:11 : Checking Army Camp...
2015-08-16 20:33:12 : Total Army Camp capacity: 164/220
2015-08-16 20:33:14 :  - No. of Archers: 8
2015-08-16 20:33:14 :  - No. of Giants: 24
2015-08-16 20:33:14 :  - No. of Wizards: 9
2015-08-16 20:33:15 : Training Troops...
2015-08-16 20:33:26 : Spell Factory Full
2015-08-16 20:33:31 : Waiting for Main Screen
2015-08-16 20:33:33 : Time Idle: 00:15:22
2015-08-16 20:33:34 : ====== Waiting for full army ======
2015-08-16 20:33:45 : Checking Army Camp...
2015-08-16 20:33:47 : Total Army Camp capacity: 164/220
2015-08-16 20:33:48 :  - No. of Archers: 8
2015-08-16 20:33:48 :  - No. of Giants: 24
2015-08-16 20:33:48 :  - No. of Wizards: 9
2015-08-16 20:33:49 : Training Troops...
2015-08-16 20:34:01 : Spell Factory Full
2015-08-16 20:34:06 : Waiting for Main Screen
2015-08-16 20:34:16 : Waiting for Main Screen
2015-08-16 20:34:18 : Time Idle: 00:16:06
2015-08-16 20:34:18 : ====== Waiting for full army ======
2015-08-16 20:34:30 : Checking Army Camp...
2015-08-16 20:34:32 : Total Army Camp capacity: 164/220
2015-08-16 20:34:33 :  - No. of Archers: 8
2015-08-16 20:34:33 :  - No. of Giants: 24
2015-08-16 20:34:33 :  - No. of Wizards: 9
2015-08-16 20:34:34 : Training Troops...
2015-08-16 20:34:46 : Spell Factory Full
2015-08-16 20:34:56 : Waiting for Main Screen
2015-08-16 20:35:01 : Waiting for Main Screen
2015-08-16 20:35:03 : Time Idle: 00:16:52
2015-08-16 20:35:04 : ====== Waiting for full army ======
2015-08-16 20:35:11 : Chat Request: wizard
2015-08-16 20:35:11 : Wizards Keyword found: wiz
2015-08-16 20:35:12 : Donating Wizards
2015-08-16 20:35:19 : Checking Army Camp...
2015-08-16 20:35:21 : Total Army Camp capacity: 156/220
2015-08-16 20:35:22 :  - No. of Archers: 8
2015-08-16 20:35:22 :  - No. of Giants: 24
2015-08-16 20:35:22 :  - No. of Wizards: 8
2015-08-16 20:35:23 : Training Troops...
2015-08-16 20:35:35 : Spell Factory Full
2015-08-16 20:35:40 : Waiting for Main Screen
2015-08-16 20:35:42 : Time Idle: 00:17:30
2015-08-16 20:35:42 : ====== Waiting for full army ======
2015-08-16 20:35:54 : Checking Army Camp...
2015-08-16 20:35:56 : Total Army Camp capacity: 168/220
2015-08-16 20:35:57 :  - No. of Archers: 8
2015-08-16 20:35:57 :  - No. of Giants: 24
2015-08-16 20:35:57 :  - No. of Wizards: 10
2015-08-16 20:35:58 : Training Troops...
2015-08-16 20:36:10 : Spell Factory Full
2015-08-16 20:36:15 : Waiting for Main Screen
2015-08-16 20:36:17 : Time Idle: 00:18:05
2015-08-16 20:36:17 : ====== Waiting for full army ======
2015-08-16 20:36:29 : Checking Army Camp...
2015-08-16 20:36:31 : Total Army Camp capacity: 168/220
2015-08-16 20:36:32 :  - No. of Archers: 8
2015-08-16 20:36:32 :  - No. of Giants: 24
2015-08-16 20:36:32 :  - No. of Wizards: 10
2015-08-16 20:36:33 : Training Troops...
2015-08-16 20:36:45 : Spell Factory Full
2015-08-16 20:36:50 : Waiting for Main Screen
2015-08-16 20:36:52 : Time Idle: 00:18:40
2015-08-16 20:36:53 : ====== Waiting for full army ======
2015-08-16 20:37:04 : Checking Army Camp...
2015-08-16 20:37:06 : Total Army Camp capacity: 168/220
2015-08-16 20:37:07 :  - No. of Archers: 8
2015-08-16 20:37:08 :  - No. of Giants: 24
2015-08-16 20:37:08 :  - No. of Wizards: 10
2015-08-16 20:37:08 : Training Troops...
2015-08-16 20:37:20 : Spell Factory Full
2015-08-16 20:37:25 : Waiting for Main Screen
2015-08-16 20:37:35 : Waiting for Main Screen
2015-08-16 20:37:38 : Time Idle: 00:19:25
2015-08-16 20:37:38 : ====== Waiting for full army ======
2015-08-16 20:37:50 : Checking Army Camp...
2015-08-16 20:37:51 : Total Army Camp capacity: 168/220
2015-08-16 20:37:53 :  - No. of Archers: 8
2015-08-16 20:37:53 :  - No. of Giants: 24
2015-08-16 20:37:53 :  - No. of Wizards: 10
2015-08-16 20:37:54 : Training Troops...
2015-08-16 20:38:06 : Spell Factory Full
2015-08-16 20:38:15 : Waiting for Main Screen
2015-08-16 20:38:21 : Waiting for Main Screen
2015-08-16 20:38:23 : Time Idle: 00:20:10
2015-08-16 20:38:23 : ====== Waiting for full army ======
2015-08-16 20:38:35 : Checking Army Camp...
2015-08-16 20:38:37 : Total Army Camp capacity: 168/220
2015-08-16 20:38:38 :  - No. of Archers: 8
2015-08-16 20:38:38 :  - No. of Giants: 24
2015-08-16 20:38:38 :  - No. of Wizards: 10
2015-08-16 20:38:39 : Training Troops...
2015-08-16 20:38:51 : Spell Factory Full
2015-08-16 20:38:56 : Waiting for Main Screen
2015-08-16 20:38:58 : Time Idle: 00:20:45
2015-08-16 20:38:59 : ====== Waiting for full army ======
2015-08-16 20:39:10 : Checking Army Camp...
2015-08-16 20:39:12 : Total Army Camp capacity: 168/220
2015-08-16 20:39:13 :  - No. of Archers: 8
2015-08-16 20:39:13 :  - No. of Giants: 24
2015-08-16 20:39:14 :  - No. of Wizards: 10
2015-08-16 20:39:14 : Training Troops...
2015-08-16 20:39:26 : Spell Factory Full
2015-08-16 20:39:31 : Waiting for Main Screen
2015-08-16 20:39:34 : Time Idle: 00:21:20
2015-08-16 20:39:34 : ====== Waiting for full army ======
2015-08-16 20:39:46 : Checking Army Camp...
2015-08-16 20:39:47 : Total Army Camp capacity: 168/220
2015-08-16 20:39:49 :  - No. of Archers: 8
2015-08-16 20:39:49 :  - No. of Giants: 24
2015-08-16 20:39:49 :  - No. of Wizards: 10
2015-08-16 20:39:49 : Training Troops...
2015-08-16 20:40:01 : Spell Factory Full
2015-08-16 20:40:06 : Waiting for Main Screen
2015-08-16 20:40:09 : Time Idle: 00:21:55
2015-08-16 20:40:09 : ====== Waiting for full army ======
2015-08-16 20:40:20 : Collecting Resources
2015-08-16 20:40:26 : Checking Army Camp...
2015-08-16 20:40:28 : Total Army Camp capacity: 168/220
2015-08-16 20:40:29 :  - No. of Archers: 8
2015-08-16 20:40:30 :  - No. of Giants: 24
2015-08-16 20:40:30 :  - No. of Wizards: 10
2015-08-16 20:40:30 : Training Troops...
2015-08-16 20:40:42 : Spell Factory Full
2015-08-16 20:40:47 : Waiting for Main Screen
2015-08-16 20:40:57 : Waiting for Main Screen
2015-08-16 20:40:59 : Time Idle: 00:22:45
2015-08-16 20:40:59 : ====== Waiting for full army ======
2015-08-16 20:41:11 : Checking Army Camp...
2015-08-16 20:41:13 : Total Army Camp capacity: 168/220
2015-08-16 20:41:14 :  - No. of Archers: 8
2015-08-16 20:41:14 :  - No. of Giants: 24
2015-08-16 20:41:15 :  - No. of Wizards: 10
2015-08-16 20:41:15 : Training Troops...
2015-08-16 20:41:27 : Spell Factory Full
2015-08-16 20:41:37 : Waiting for Main Screen
2015-08-16 20:41:42 : Waiting for Main Screen
2015-08-16 20:41:44 : Time Idle: 00:23:30
2015-08-16 20:41:44 : ====== Waiting for full army ======
2015-08-16 20:41:56 : Checking Army Camp...
2015-08-16 20:41:58 : Total Army Camp capacity: 168/220
2015-08-16 20:41:59 :  - No. of Archers: 8
2015-08-16 20:41:59 :  - No. of Giants: 24
2015-08-16 20:41:59 :  - No. of Wizards: 10
2015-08-16 20:42:00 : Training Troops...
2015-08-16 20:42:12 : Spell Factory Full
2015-08-16 20:42:17 : Found chat message: hogs
2015-08-16 20:42:17 : Waiting for Main Screen
2015-08-16 20:42:19 : Time Idle: 00:24:05
2015-08-16 20:42:20 : ====== Waiting for full army ======
2015-08-16 20:42:24 : Chat Request: hogs
2015-08-16 20:42:24 : Hog Riders Keyword found: hog
2015-08-16 20:42:27 : No Hog Riders available to donate..
2015-08-16 20:42:28 : Donating Archersas subtitute.
2015-08-16 20:42:38 : Checking Army Camp...
2015-08-16 20:42:40 : Total Army Camp capacity: 162/220
2015-08-16 20:42:41 :  - No. of Archers: 2
2015-08-16 20:42:41 :  - No. of Giants: 24
2015-08-16 20:42:41 :  - No. of Wizards: 10
2015-08-16 20:42:42 : Training Troops...
2015-08-16 20:42:54 : Spell Factory Full
2015-08-16 20:42:59 : Found chat message: any high
2015-08-16 20:42:59 : Waiting for Main Screen
2015-08-16 20:43:01 : Time Idle: 00:24:47
2015-08-16 20:43:02 : ====== Waiting for full army ======
2015-08-16 20:43:13 : Checking Army Camp...
2015-08-16 20:43:15 : Total Army Camp capacity: 162/220
2015-08-16 20:43:16 :  - No. of Archers: 2
2015-08-16 20:43:17 :  - No. of Giants: 24
2015-08-16 20:43:17 :  - No. of Wizards: 10
2015-08-16 20:43:17 : Training Troops...
2015-08-16 20:43:30 : Spell Factory Full
2015-08-16 20:43:36 : Found chat message: hogs
2015-08-16 20:43:36 : Waiting for Main Screen
2015-08-16 20:43:38 : Time Idle: 00:25:23
2015-08-16 20:43:38 : ====== Waiting for full army ======
2015-08-16 20:43:52 : Checking Army Camp...
2015-08-16 20:43:54 : Total Army Camp capacity: 178/220
2015-08-16 20:43:55 :  - No. of Archers: 2
2015-08-16 20:43:55 :  - No. of Giants: 24
2015-08-16 20:43:55 :  - No. of Wizards: 14
2015-08-16 20:43:56 : Training Troops...
2015-08-16 20:44:08 : Checking Army Camp...
2015-08-16 20:44:10 : Total Army Camp capacity: 178/220
2015-08-16 20:44:11 :  - No. of Archers: 2
2015-08-16 20:44:12 :  - No. of Giants: 24
2015-08-16 20:44:12 :  - No. of Wizards: 14
2015-08-16 20:44:13 : Training Troops...
2015-08-16 20:44:29 : Spell Factory Full
2015-08-16 20:44:34 : Found chat message: understand
2015-08-16 20:44:34 : Waiting for Main Screen
2015-08-16 20:44:44 : Waiting for Main Screen
2015-08-16 20:44:46 : Time Idle: 00:26:31
2015-08-16 20:44:47 : ====== Waiting for full army ======
2015-08-16 20:44:58 : Checking Army Camp...
2015-08-16 20:45:00 : Total Army Camp capacity: 183/220
2015-08-16 20:45:01 :  - No. of Archers: 7
2015-08-16 20:45:02 :  - No. of Giants: 24
2015-08-16 20:45:02 :  - No. of Wizards: 14
2015-08-16 20:45:02 : Training Troops...
2015-08-16 20:45:14 : Spell Factory Full
2015-08-16 20:45:24 : Waiting for Main Screen
2015-08-16 20:45:29 : Waiting for Main Screen
2015-08-16 20:45:32 : Time Idle: 00:27:16
2015-08-16 20:45:32 : ====== Waiting for full army ======
2015-08-16 20:45:43 : Checking Army Camp...
2015-08-16 20:45:45 : Total Army Camp capacity: 190/220
2015-08-16 20:45:47 :  - No. of Archers: 14
2015-08-16 20:45:47 :  - No. of Giants: 24
2015-08-16 20:45:47 :  - No. of Wizards: 14
2015-08-16 20:45:47 : Training Troops...
2015-08-16 20:46:07 : Waiting for Main Screen
2015-08-16 20:54:00 : Unable to load CoC, attempt to fix it...
2015-08-16 20:54:00 : Stopping BlueStacks ....
2015-08-16 20:54:07 : Please wait for full BS shutdown....
2015-08-16 20:54:13 : BS stopped succesfully
2015-08-16 20:54:13 : Visible tray Count: 15
2015-08-16 20:54:13 : Hidden tray Count: 0
2015-08-16 20:54:14 : Starting BlueStacks and Clash Of Clans
2015-08-16 20:54:14 : Please wait while BS/CoC starts....
2015-08-16 20:54:46 : BlueStacks Loaded, took 32.42 seconds to begin.
2015-08-16 20:54:46 : Waiting for Main Screen after BS restart
2015-08-16 20:56:12 : Unable to load CoC, attempt to fix it...
2015-08-16 20:56:12 : Stopping BlueStacks ....
2015-08-16 20:56:19 : Please wait for full BS shutdown....
2015-08-16 20:56:24 : BS stopped succesfully
2015-08-16 20:56:24 : Visible tray Count: 16
2015-08-16 20:56:24 : Hidden tray Count: 0
2015-08-16 20:56:25 : Starting BlueStacks and Clash Of Clans
2015-08-16 20:56:25 : Please wait while BS/CoC starts....
2015-08-16 20:56:50 : BlueStacks Loaded, took 24.85 seconds to begin.
2015-08-16 20:56:50 : Waiting for Main Screen after BS restart
2015-08-16 20:58:18 : Unable to load CoC, attempt to fix it...
2015-08-16 20:58:18 : Stopping BlueStacks ....
2015-08-16 20:58:26 : Please wait for full BS shutdown....
2015-08-16 20:58:31 : BS stopped succesfully
2015-08-16 20:58:31 : Visible tray Count: 16
2015-08-16 20:58:31 : Hidden tray Count: 0
2015-08-16 20:58:32 : Starting BlueStacks and Clash Of Clans
2015-08-16 20:58:32 : Please wait while BS/CoC starts....
2015-08-16 20:58:58 : BlueStacks Loaded, took 26.05 seconds to begin.
2015-08-16 20:58:58 : Waiting for Main Screen after BS restart
2015-08-16 21:00:27 : Stuck trying to Restart BS...
2015-08-16 21:00:30 : Please wait for CoC restart......
2015-08-16 21:00:50 : Waiting for Main Screen
2015-08-16 21:05:13 : Unable to load CoC, attempt to fix it...
2015-08-16 21:05:13 : Stopping BlueStacks ....
2015-08-16 21:05:20 : Please wait for full BS shutdown....
2015-08-16 21:05:25 : BS stopped succesfully
2015-08-16 21:05:25 : Visible tray Count: 16
2015-08-16 21:05:25 : Hidden tray Count: 0
2015-08-16 21:05:26 : Starting BlueStacks and Clash Of Clans
2015-08-16 21:05:26 : Please wait while BS/CoC starts....
2015-08-16 21:05:51 : BlueStacks Loaded, took 24.89 seconds to begin.
2015-08-16 21:05:51 : Waiting for Main Screen after BS restart
2015-08-16 21:06:27 : ClashGameBot was Paused!
2015-08-16 22:45:09 : ClashGameBot was Resumed.
2015-08-16 22:45:09 : Zooming Out
2015-08-16 22:45:11 : BS Error window detected
2015-08-16 22:45:17 : Error window cleared, continue Zoom out
2015-08-16 22:45:58 : Zooming Out
2015-08-16 22:47:29 : Unable to load CoC, attempt to fix it...
2015-08-16 22:47:29 : Stopping BlueStacks ....
2015-08-16 22:47:36 : Please wait for full BS shutdown....
2015-08-16 22:47:41 : BS stopped succesfully
2015-08-16 22:47:41 : Visible tray Count: 16
2015-08-16 22:47:41 : Hidden tray Count: 0
2015-08-16 22:47:42 : Starting BlueStacks and Clash Of Clans
2015-08-16 22:47:42 : Please wait while BS/CoC starts....
2015-08-16 22:48:14 : BlueStacks Loaded, took 31.68 seconds to begin.
2015-08-16 22:48:14 : Waiting for Main Screen after BS restart
2015-08-16 22:49:44 : Unable to load CoC, attempt to fix it...
2015-08-16 22:49:44 : Stopping BlueStacks ....
2015-08-16 22:49:52 : Please wait for full BS shutdown....
2015-08-16 22:49:56 : BS stopped succesfully
2015-08-16 22:49:56 : Visible tray Count: 16
2015-08-16 22:49:56 : Hidden tray Count: 0
2015-08-16 22:49:57 : Starting BlueStacks and Clash Of Clans
2015-08-16 22:49:57 : Please wait while BS/CoC starts....
2015-08-16 22:50:21 : BlueStacks Loaded, took 23.68 seconds to begin.
2015-08-16 22:50:21 : Waiting for Main Screen after BS restart
2015-08-16 22:51:47 : Stuck trying to Restart BS...
2015-08-16 22:51:50 : Please wait for CoC restart......
2015-08-16 22:52:10 : Waiting for Main Screen
2015-08-16 22:56:31 : Unable to load CoC, attempt to fix it...
2015-08-16 22:56:31 : Stopping BlueStacks ....
2015-08-16 22:56:39 : Please wait for full BS shutdown....
2015-08-16 22:56:43 : BS stopped succesfully
2015-08-16 22:56:43 : Visible tray Count: 16
2015-08-16 22:56:43 : Hidden tray Count: 0
2015-08-16 22:56:44 : Starting BlueStacks and Clash Of Clans
2015-08-16 22:56:44 : Please wait while BS/CoC starts....
2015-08-16 22:57:10 : BlueStacks Loaded, took 25.65 seconds to begin.
2015-08-16 22:57:10 : Waiting for Main Screen after BS restart
2015-08-16 22:58:39 : Unable to load CoC, attempt to fix it...
2015-08-16 22:58:39 : Stopping BlueStacks ....
2015-08-16 22:58:46 : Please wait for full BS shutdown....
2015-08-16 22:58:51 : BS stopped succesfully
2015-08-16 22:58:51 : Visible tray Count: 16
2015-08-16 22:58:51 : Hidden tray Count: 0
2015-08-16 22:58:52 : Starting BlueStacks and Clash Of Clans
2015-08-16 22:58:52 : Please wait while BS/CoC starts....
2015-08-16 22:59:20 : BlueStacks Loaded, took 27.1 seconds to begin.
2015-08-16 22:59:20 : Waiting for Main Screen after BS restart
