2015-08-17 23:27:22 :  Clash Game Bot v4.1.1-6 merge Powered by GameBot.org 
2015-08-17 23:27:22 : GameBot.org.exe Executable running on WIN_7 Service Pack 1 X64
2015-08-17 23:27:22 : =================== Bot Start ====================
2015-08-17 23:27:22 : -------------------------  Current Profile: 01 --------------------------
2015-08-17 23:27:22 : Trying to locate Main Screen
2015-08-17 23:27:22 : Main Screen Located
2015-08-17 23:27:23 : Detecting your Buildings..
2015-08-17 23:27:31 : Language setting is English: Correct.
2015-08-17 23:27:32 : Trying to locate Main Screen
2015-08-17 23:27:32 : Main Screen Located
2015-08-17 23:27:34 : Village Report
2015-08-17 23:27:34 : No. of Free/Total Builders: 0/4
2015-08-17 23:27:34 :  [T]: 2 647
2015-08-17 23:27:34 :  [G]: 3 875 351 [E]: 3 494 143 [D]: 36 999 [GEM]: 57
2015-08-17 23:27:35 : Collecting Resources
2015-08-17 23:27:49 : Checking Army Camp...
2015-08-17 23:27:50 : Total Army Camp capacity: 185/220
2015-08-17 23:27:53 :  - No. of Barbarians: 4
2015-08-17 23:27:53 :  - No. of Archers: 181
2015-08-17 23:27:54 : Barracks and Spell factory status: 
2015-08-17 23:27:54 : - Barracks detected: 4 | Available: 4 | Upgrading: 0
2015-08-17 23:27:54 : - Dark Barracks detected: 2 | Available: 2 | Upgrading: 0
2015-08-17 23:27:54 : - Spell factory detected: 1 | Available: 1 | Upgrading: 0
2015-08-17 23:27:54 : - Dark Spell factory detected: 1 | Available: 1 | Upgrading: 0
2015-08-17 23:27:54 : Training Troops...
2015-08-17 23:28:08 : Spell Factory Full
2015-08-17 23:28:10 : 0
2015-08-17 23:28:12 : Requesting Clan Castle Troops
2015-08-17 23:28:12 : Your Clan Castle is already full or you are not in a clan.
2015-08-17 23:28:14 : ====== Waiting for full army ======
2015-08-17 23:28:26 : Checking Army Camp...
2015-08-17 23:28:28 : Total Army Camp capacity: 190/220
2015-08-17 23:28:29 :  - No. of Barbarians: 9
2015-08-17 23:28:29 :  - No. of Archers: 181
2015-08-17 23:28:30 : Training Troops...
2015-08-17 23:28:39 : Spell Factory Full
2015-08-17 23:28:41 : Time Idle: 00:00:27
2015-08-17 23:28:41 : ====== Waiting for full army ======
2015-08-17 23:28:53 : Checking Army Camp...
2015-08-17 23:28:55 : Total Army Camp capacity: 194/220
2015-08-17 23:28:56 :  - No. of Barbarians: 13
2015-08-17 23:28:57 :  - No. of Archers: 181
2015-08-17 23:28:57 : Training Troops...
2015-08-17 23:29:07 : Spell Factory Full
2015-08-17 23:29:09 : Time Idle: 00:00:54
2015-08-17 23:29:09 : ====== Waiting for full army ======
2015-08-17 23:29:21 : Checking Army Camp...
2015-08-17 23:29:23 : Total Army Camp capacity: 201/220
2015-08-17 23:29:24 :  - No. of Barbarians: 20
2015-08-17 23:29:24 :  - No. of Archers: 181
2015-08-17 23:29:25 : Training Troops...
2015-08-17 23:29:34 : Spell Factory Full
2015-08-17 23:29:36 : Time Idle: 00:01:21
2015-08-17 23:29:37 : ====== Waiting for full army ======
2015-08-17 23:29:49 : Checking Army Camp...
2015-08-17 23:29:50 : Total Army Camp capacity: 206/220
2015-08-17 23:29:52 :  - No. of Barbarians: 25
2015-08-17 23:29:52 :  - No. of Archers: 181
2015-08-17 23:29:52 : Training Troops...
2015-08-17 23:30:02 : Spell Factory Full
2015-08-17 23:30:04 : Time Idle: 00:01:49
2015-08-17 23:30:04 : ====== Waiting for full army ======
2015-08-17 23:30:16 : Checking Army Camp...
2015-08-17 23:30:18 : Total Army Camp capacity: 211/220
2015-08-17 23:30:19 :  - No. of Barbarians: 30
2015-08-17 23:30:19 :  - No. of Archers: 181
2015-08-17 23:30:20 : Training Troops...
2015-08-17 23:30:30 : Spell Factory Full
2015-08-17 23:30:32 : Time Idle: 00:02:16
2015-08-17 23:30:32 : ====== Waiting for full army ======
2015-08-17 23:30:44 : Checking Army Camp...
2015-08-17 23:30:46 : Total Army Camp capacity: 218/220
2015-08-17 23:30:47 :  - No. of Barbarians: 37
2015-08-17 23:30:47 :  - No. of Archers: 181
2015-08-17 23:30:48 : Training Troops...
2015-08-17 23:30:57 : Spell Factory Full
2015-08-17 23:30:58 : ClashGameBot was Paused!
2015-08-17 23:54:42 : ClashGameBot was Resumed.
2015-08-17 23:54:43 : Time Idle: 00:26:27
2015-08-17 23:54:43 : ====== Waiting for full army ======
2015-08-17 23:54:45 : Chat Request: any
2015-08-17 23:54:45 : Custom Donation Keyword found: any
2015-08-17 23:54:48 : No Giants available to donate..
2015-08-17 23:54:51 : No Wizards available to donate..
2015-08-17 23:54:52 : Donating 6 Archers
2015-08-17 23:54:54 : Chat Request: wizard
2015-08-17 23:54:54 : Wizards Keyword found: wiz
2015-08-17 23:54:57 : No Wizards available to donate..
2015-08-17 23:54:59 : Chat Request: barchers
2015-08-17 23:54:59 : Barbarians Keyword found: barch
2015-08-17 23:54:59 : Donating Barbarians
2015-08-17 23:55:02 : ClashGameBot was Paused!
2015-08-17 23:55:14 : ClashGameBot was Resumed.
2015-08-17 23:55:25 : Checking Army Camp...
2015-08-17 23:55:27 : Total Army Camp capacity: 216/220
2015-08-17 23:55:28 : ClashGameBot was Paused!
2015-08-17 23:55:44 : ClashGameBot was Resumed.
2015-08-17 23:55:45 :  - No. of Barbarians: 41
2015-08-17 23:55:45 :  - No. of Archers: 175
2015-08-17 23:55:45 : Training Troops...
2015-08-17 23:55:57 : Spell Factory Full
2015-08-17 23:55:59 : Time Idle: 00:27:43
2015-08-17 23:55:59 : ====== Waiting for full army ======
2015-08-17 23:56:11 : Checking Army Camp...
2015-08-17 23:56:12 : ClashGameBot was Paused!
2015-08-17 23:56:13 : ClashGameBot was Resumed.
2015-08-17 23:56:14 : Total Army Camp capacity: 220/220
2015-08-17 23:56:15 :  - No. of Barbarians: 45
2015-08-17 23:56:15 :  - No. of Archers: 175
2015-08-17 23:56:16 : Training Troops...
2015-08-17 23:56:17 : Your Army Camps are now Full
2015-08-17 23:56:17 : Too few Arch, train first.
2015-08-17 23:56:17 : Too few Barb, train first.
2015-08-17 23:56:37 : Spell Factory not found...
2015-08-17 23:56:39 : ClashGameBot was Paused!
2015-08-17 23:57:52 : ClashGameBot was Resumed.
2015-08-17 23:57:52 : Going to Attack...
2015-08-17 23:57:58 : ============== Searching For Dead Base ===============
2015-08-17 23:57:58 : ~~~~~~~~~~~~~~~ SEARCH CONDITIONS ~~~~~~~~~~~~~~~~
2015-08-17 23:57:58 : Meet: Gold or Elixir, Max TH 8
2015-08-17 23:57:58 : ~~~~~~~~~~~~~~ RESOURCE CONDITIONS ~~~~~~~~~~~~~~~
2015-08-17 23:57:58 : Aim: [G]:      0 [E]:      0 [D]:    0 [T]: 0 [TH]: 8 for: Dead Base
2015-08-17 23:57:58 : ============== Searching For Live Base ===============
2015-08-17 23:57:58 : ~~~~~~~~~~~~~~~ SEARCH CONDITIONS ~~~~~~~~~~~~~~~~
2015-08-17 23:57:58 : Meet: Gold or Elixir, Max TH 8
2015-08-17 23:57:58 : ~~~~~~~~~~~~~~ RESOURCE CONDITIONS ~~~~~~~~~~~~~~~
2015-08-17 23:57:58 : Aim: [G]:      0 [E]:      0 [D]:    0 [T]: 0 [TH]: 8 for: Live Base
2015-08-17 23:57:58 : ~~~~~~~~~~~~~~~ ADVANCED SETTINGS ~~~~~~~~~~~~~~~~
2015-08-17 23:57:58 : THSnipe Combo, 5 Tile(s), AttackTH, Attack4:SmartBarch
2015-08-17 23:57:58 : ==================================================
2015-08-17 23:58:01 :   1> [G]: 211687 [E]: 364566 [D]: 1414 [T]:25 [TH]: -, -
2015-08-17 23:58:05 :   2> [G]:  89767 [E]:  54902 [D]:  268 [T]:34 [TH]: 9, In
2015-08-17 23:58:10 :   3> [G]:  91196 [E]:  95890 [D]:   11 [T]:16 [TH]:10, In
2015-08-17 23:58:17 :   4> [G]: 159868 [E]: 109474 [D]:  539 [T]:25 [TH]:10, In
2015-08-17 23:58:24 :   5> [G]: 148332 [E]: 258910 [D]: 1260 [T]:32 [TH]:10, In
2015-08-17 23:58:28 :   6> [G]:  52664 [E]: 130603 [D]:  434 [T]:16 [TH]: 9, In
2015-08-17 23:58:37 :   7> [G]:  69663 [E]:  75448 [D]: 1046 [T]:14 [TH]:10, In
2015-08-17 23:58:44 : ClashGameBot was Paused!
2015-08-17 23:58:48 : ClashGameBot was Resumed.
2015-08-17 23:58:49 :   8> [G]:  45154 [E]:  93629 [D]: 3099 [T]:18 [TH]: -, -
2015-08-17 23:58:56 :   9> [G]:   5683 [E]:  29117 [D]:  103 [T]:16 [TH]:10, In
2015-08-17 23:59:02 :  10> [G]:  19938 [E]:  11431 [D]:   69 [T]:17 [TH]: 9, In
