2015-08-17 15:34:34 :  Clash Game Bot v4.1.1-6 merge Powered by GameBot.org 
2015-08-17 15:34:34 : GameBot.org.exe Executable running on WIN_7 Service Pack 1 X64
2015-08-17 15:34:34 : =================== Bot Start ====================
2015-08-17 15:34:34 : -------------------------  Current Profile: 01 --------------------------
2015-08-17 15:34:34 : Trying to locate Main Screen
2015-08-17 15:34:36 : Waiting for Main Screen
2015-08-17 15:34:38 : Main Screen Located
2015-08-17 15:34:39 : Detecting your Buildings..
2015-08-17 15:34:46 : Language setting is English: Correct.
2015-08-17 15:34:47 : Trying to locate Main Screen
2015-08-17 15:34:47 : Main Screen Located
2015-08-17 15:34:48 : ClashGameBot was Paused!
2015-08-17 15:35:06 : ClashGameBot was Resumed.
2015-08-17 15:35:07 : Village Report
2015-08-17 15:35:07 : No. of Free/Total Builders: 0/4
2015-08-17 15:35:08 :  [T]: 2 676
2015-08-17 15:35:08 :  [G]: 2 564 430 [E]: 3 048 237 [D]: 29 085 [GEM]: 57
2015-08-17 15:35:08 : Collecting Resources
2015-08-17 15:35:21 : Chat Request: drag
2015-08-17 15:35:21 : Dragons Keyword found: drag
2015-08-17 15:35:25 : No Dragons available to donate..
2015-08-17 15:35:27 : Checking Army Camp...
2015-08-17 15:35:28 : Total Army Camp capacity: 177/220
2015-08-17 15:35:30 :  - No. of Barbarians: 8
2015-08-17 15:35:30 :  - No. of Archers: 102
2015-08-17 15:35:30 :  - No. of Goblins: 8
2015-08-17 15:35:30 :  - No. of Giants: 11
2015-08-17 15:35:30 :  - No. of Wizards: 1
2015-08-17 15:35:30 : Barracks and Spell factory status: 
2015-08-17 15:35:30 : - Barracks detected: 4 | Available: 4 | Upgrading: 0
2015-08-17 15:35:30 : - Dark Barracks detected: 2 | Available: 2 | Upgrading: 0
2015-08-17 15:35:30 : - Spell factory detected: 1 | Available: 1 | Upgrading: 0
2015-08-17 15:35:30 : - Dark Spell factory detected: 1 | Available: 1 | Upgrading: 0
2015-08-17 15:35:31 : Training Troops...
