2015-08-17 11:44:12 :  Clash Game Bot v4.1.1-6 merge Powered by GameBot.org 
2015-08-17 11:44:12 : GameBot.org.exe Executable running on WIN_7 Service Pack 1 X64
2015-08-17 11:44:12 : =================== Bot Start ====================
2015-08-17 11:44:12 : -------------------------  Current Profile: 01 --------------------------
2015-08-17 11:44:12 : Trying to locate Main Screen
2015-08-17 11:44:12 : Main Screen Located
2015-08-17 11:44:13 : Detecting your Buildings..
2015-08-17 11:44:21 : Language setting is English: Correct.
2015-08-17 11:44:22 : Trying to locate Main Screen
2015-08-17 11:44:22 : Main Screen Located
2015-08-17 11:44:24 : Village Report
2015-08-17 11:44:24 : No. of Free/Total Builders: 0/4
2015-08-17 11:44:24 :  [T]: 2 708
2015-08-17 11:44:24 :  [G]: 3 092 719 [E]: 3 086 072 [D]: 26 009 [GEM]: 57
2015-08-17 11:44:25 : Collecting Resources
2015-08-17 11:44:37 : Chat Request: hogs
2015-08-17 11:44:37 : Hog Riders Keyword found: hog
2015-08-17 11:44:40 : No Hog Riders available to donate..
2015-08-17 11:44:42 : Chat Request: any plz
2015-08-17 11:44:42 : Custom Donation Keyword found: any
2015-08-17 11:44:45 : No Hog Riders available to donate..
2015-08-17 11:44:49 : No Balloons available to donate..
2015-08-17 11:44:49 : Donating 6 Archers
2015-08-17 11:44:52 : Checking Army Camp...
2015-08-17 11:44:54 : Total Army Camp capacity: 218/220
2015-08-17 11:44:56 :  - No. of Barbarians: 18
2015-08-17 11:44:56 :  - No. of Archers: 105
2015-08-17 11:44:56 :  - No. of Goblins: 95
2015-08-17 11:44:57 : Barracks and Spell factory status: 
2015-08-17 11:44:57 : - Barracks detected: 4 | Available: 4 | Upgrading: 0
2015-08-17 11:44:57 : - Dark Barracks detected: 2 | Available: 2 | Upgrading: 0
2015-08-17 11:44:57 : - Spell factory detected: 1 | Available: 1 | Upgrading: 0
2015-08-17 11:44:57 : - Dark Spell factory detected: 1 | Available: 1 | Upgrading: 0
2015-08-17 11:44:57 : Training Troops...
2015-08-17 11:45:16 : Spell Factory Full
2015-08-17 11:45:18 : 0
2015-08-17 11:45:20 : Requesting Clan Castle Troops
2015-08-17 11:45:21 : Your Clan Castle is already full or you are not in a clan.
2015-08-17 11:45:22 : ====== Waiting for full army ======
2015-08-17 11:45:34 : Checking Army Camp...
2015-08-17 11:45:36 : Total Army Camp capacity: 218/220
2015-08-17 11:45:37 :  - No. of Barbarians: 18
2015-08-17 11:45:37 :  - No. of Archers: 105
2015-08-17 11:45:37 :  - No. of Goblins: 95
2015-08-17 11:45:38 : Training Troops...
2015-08-17 11:45:52 : Spell Factory Full
2015-08-17 11:45:54 : Time Idle: 00:00:31
2015-08-17 11:45:54 : ====== Waiting for full army ======
2015-08-17 11:46:06 : Checking Army Camp...
2015-08-17 11:46:08 : Total Army Camp capacity: 218/220
2015-08-17 11:46:09 :  - No. of Barbarians: 18
2015-08-17 11:46:09 :  - No. of Archers: 105
2015-08-17 11:46:09 :  - No. of Goblins: 95
2015-08-17 11:46:10 : Training Troops...
2015-08-17 11:46:24 : Spell Factory Full
2015-08-17 11:46:26 : Time Idle: 00:01:03
2015-08-17 11:46:26 : ====== Waiting for full army ======
2015-08-17 11:46:38 : Checking Army Camp...
2015-08-17 11:46:40 : Total Army Camp capacity: 218/220
2015-08-17 11:46:41 :  - No. of Barbarians: 18
2015-08-17 11:46:41 :  - No. of Archers: 105
2015-08-17 11:46:42 :  - No. of Goblins: 95
2015-08-17 11:46:42 : Training Troops...
2015-08-17 11:46:49 : ClashGameBot was Paused!
2015-08-17 11:47:01 : ClashGameBot was Resumed.
2015-08-17 11:47:12 : Spell Factory not found...
2015-08-17 11:47:14 : Time Idle: 00:01:51
2015-08-17 11:47:14 : ====== Waiting for full army ======
2015-08-17 11:47:27 : Checking Army Camp...
2015-08-17 11:47:29 : Total Army Camp capacity: 217/220
2015-08-17 11:47:30 :  - No. of Barbarians: 18
2015-08-17 11:47:30 :  - No. of Archers: 99
2015-08-17 11:47:30 :  - No. of Goblins: 95
2015-08-17 11:47:30 :  - No. of Giants: 1
2015-08-17 11:47:31 : Training Troops...
2015-08-17 11:47:49 : Spell Factory Full
2015-08-17 11:47:51 : Time Idle: 00:02:28
2015-08-17 11:47:52 : ====== Waiting for full army ======
2015-08-17 11:48:04 : Checking Army Camp...
2015-08-17 11:48:06 : Total Army Camp capacity: 218/220
2015-08-17 11:48:08 :  - No. of Barbarians: 18
2015-08-17 11:48:08 :  - No. of Archers: 100
2015-08-17 11:48:08 :  - No. of Goblins: 95
2015-08-17 11:48:08 :  - No. of Giants: 1
2015-08-17 11:48:09 : Training Troops...
2015-08-17 11:48:24 : Spell Factory Full
2015-08-17 11:48:26 : Time Idle: 00:03:02
2015-08-17 11:48:26 : ====== Waiting for full army ======
2015-08-17 11:48:38 : Checking Army Camp...
2015-08-17 11:48:39 : Total Army Camp capacity: 220/220
2015-08-17 11:48:41 :  - No. of Barbarians: 18
2015-08-17 11:48:41 :  - No. of Archers: 102
2015-08-17 11:48:41 :  - No. of Goblins: 95
2015-08-17 11:48:41 :  - No. of Giants: 1
2015-08-17 11:48:42 : Training Troops...
2015-08-17 11:48:43 : Your Army Camps are now Full
2015-08-17 11:48:43 : Too few Arch, train first.
2015-08-17 11:48:43 : Too few Barb, train first.
2015-08-17 11:48:43 : Too many Gobl, train last.
2015-08-17 11:49:12 : Spell Factory not found...
2015-08-17 11:49:13 : Going to Attack...
2015-08-17 11:49:19 : ============== Searching For Dead Base ===============
2015-08-17 11:49:19 : ~~~~~~~~~~~~~~~ SEARCH CONDITIONS ~~~~~~~~~~~~~~~~
2015-08-17 11:49:19 : Meet: Gold and Elixir, Dark, Max TH 8
2015-08-17 11:49:19 : ~~~~~~~~~~~~~~ RESOURCE CONDITIONS ~~~~~~~~~~~~~~~
2015-08-17 11:49:19 : Aim: [G]: 300000 [E]: 300000 [D]: 3000 [T]: 0 [TH]: 8 for: Dead Base
2015-08-17 11:49:19 : ============== Searching For Live Base ===============
2015-08-17 11:49:19 : ~~~~~~~~~~~~~~~ SEARCH CONDITIONS ~~~~~~~~~~~~~~~~
2015-08-17 11:49:19 : Meet: Gold and Elixir, Dark, Max TH 8
2015-08-17 11:49:19 : ~~~~~~~~~~~~~~ RESOURCE CONDITIONS ~~~~~~~~~~~~~~~
2015-08-17 11:49:19 : Aim: [G]: 500000 [E]: 500000 [D]: 5000 [T]: 0 [TH]: 8 for: Live Base
2015-08-17 11:49:19 : ~~~~~~~~~~~~~~~ ADVANCED SETTINGS ~~~~~~~~~~~~~~~~
2015-08-17 11:49:19 : THSnipe Combo, 6 Tile(s), , Attack6:PB6
2015-08-17 11:49:19 : ==================================================
2015-08-17 11:49:22 :   1> [G]: 107399 [E]: 107011 [D]: 1022 [T]:29 [TH]:10, In
2015-08-17 11:49:26 :   2> [G]: 175188 [E]:  96595 [D]: 1335 [T]:23 [TH]: 9, In
2015-08-17 11:49:33 :   3> [G]:  58638 [E]:  86041 [D]: 2063 [T]:28 [TH]:10, In
2015-08-17 11:49:38 :   4> [G]: 175809 [E]:  18550 [D]: 1316 [T]:14 [TH]: 9, In
2015-08-17 11:49:42 :   5> [G]:  76533 [E]:  56573 [D]:  580 [T]:11 [TH]: 9, In
2015-08-17 11:49:49 :   6> [G]:  44832 [E]: 167037 [D]: 1551 [T]:30 [TH]:10, In
2015-08-17 11:49:53 :   7> [G]: 109934 [E]:  58270 [D]: 1111 [T]:14 [TH]: 9, In
2015-08-17 11:49:59 :   8> [G]:  14675 [E]: 267942 [D]:  810 [T]:25 [TH]:10, In
2015-08-17 11:50:03 :   9> [G]:  74563 [E]:  62872 [D]:  189 [T]:13 [TH]:10, In
2015-08-17 11:50:10 :  10> [G]: 291608 [E]: 267151 [D]: 2683 [T]:35 [TH]: 9, In
2015-08-17 11:50:14 :  11> [G]: 142158 [E]:  72129 [D]:  866 [T]:32 [TH]: 9, In
2015-08-17 11:50:18 :  12> [G]:  25032 [E]:  47480 [D]:  608 [T]:26 [TH]: 9, In
2015-08-17 11:50:25 :  13> [G]:  70836 [E]: 234019 [D]: 1439 [T]:20 [TH]:10, In
2015-08-17 11:50:29 :  14> [G]:  53552 [E]:  72026 [D]: 1405 [T]:16 [TH]: 9, In
2015-08-17 11:50:34 :  15> [G]:  45922 [E]:  53154 [D]:  547 [T]:12 [TH]: 9, In
2015-08-17 11:50:39 :  16> [G]:  23816 [E]:  28872 [D]: 1946 [T]: 9 [TH]: 9, In
2015-08-17 11:50:45 :  17> [G]:  41268 [E]: 120907 [D]:   43 [T]:16 [TH]:10, In
2015-08-17 11:50:49 :  18> [G]:  46740 [E]:  59705 [D]: 2085 [T]:26 [TH]:10, In
2015-08-17 11:50:55 :  19> [G]:  26212 [E]:   4507 [D]:  577 [T]:12 [TH]: 9, In
2015-08-17 11:50:59 :  20> [G]: 213323 [E]:  29757 [D]: 1247 [T]:12 [TH]: 9, In
2015-08-17 11:51:06 :  21> [G]:  10105 [E]: 194440 [D]: 1060 [T]:29 [TH]:10, In
2015-08-17 11:51:10 :  22> [G]: 121255 [E]:  45924 [D]:  402 [T]:31 [TH]:10, In
2015-08-17 11:51:14 :  23> [G]:  48754 [E]:  48766 [D]:  557 [T]:10 [TH]: 9, In
2015-08-17 11:51:20 :  24> [G]:  72014 [E]:  64089 [D]: 1123 [T]:17 [TH]:10, In
2015-08-17 11:51:26 :  25> [G]:  89434 [E]:  67004 [D]: 1663 [T]:26 [TH]:10, In
2015-08-17 11:51:30 :  26> [G]:  32326 [E]:  28383 [D]:  942 [T]:21 [TH]: 9, In
2015-08-17 11:51:36 :  27> [G]:  59120 [E]:  65852 [D]: 1804 [T]:22 [TH]: 9, In
2015-08-17 11:51:41 :  28> [G]:  89186 [E]:  73289 [D]:  639 [T]:20 [TH]:10, In
2015-08-17 11:51:45 :  29> [G]:  60043 [E]: 211449 [D]:  735 [T]:13 [TH]:10, In
2015-08-17 11:51:50 :  30> [G]:  64880 [E]:  83641 [D]: 1666 [T]:19 [TH]: 9, In
2015-08-17 11:51:53 :  31> [G]:  56478 [E]:  35026 [D]: 1536 [T]:25 [TH]: 9, In
2015-08-17 11:52:00 :  32> [G]:  49075 [E]:  37708 [D]: 1165 [T]:19 [TH]:10, In
2015-08-17 11:52:04 :  33> [G]:  80776 [E]:  84230 [D]:  563 [T]:16 [TH]: 9, In
2015-08-17 11:52:11 :  34> [G]: 100903 [E]: 110638 [D]:  913 [T]:29 [TH]:10, In
2015-08-17 11:52:14 :  35> [G]: 118091 [E]: 112654 [D]:  770 [T]:28 [TH]: 9, In
2015-08-17 11:52:19 :  36> [G]:  64234 [E]:  10435 [D]:  870 [T]:16 [TH]: 9, In
2015-08-17 11:52:23 :  37> [G]:  76192 [E]: 138484 [D]:  939 [T]:10 [TH]: 9, In
2015-08-17 11:52:29 :  38> [G]:  11747 [E]:   2589 [D]:  452 [T]: 9 [TH]: 9, In
2015-08-17 11:52:34 :  39> [G]: 106432 [E]: 147902 [D]:  998 [T]:32 [TH]:10, In
2015-08-17 11:52:38 :  40> [G]:  84842 [E]:  58634 [D]:  730 [T]:14 [TH]: 9, In
2015-08-17 11:52:45 :  41> [G]:  63115 [E]: 220545 [D]:  515 [T]:19 [TH]:10, In
2015-08-17 11:52:49 :  42> [G]:  97346 [E]:  79361 [D]:  300 [T]:13 [TH]:10, In
2015-08-17 11:52:53 :  43> [G]:  88942 [E]: 104896 [D]:  629 [T]:15 [TH]: 9, In
2015-08-17 11:52:58 :  44> [G]: 123081 [E]: 113740 [D]: 1205 [T]:23 [TH]: 9, In
2015-08-17 11:53:02 :  45> [G]:  46063 [E]:  89824 [D]:  917 [T]:13 [TH]: 9, In
2015-08-17 11:53:07 :  46> [G]:  19285 [E]:  40342 [D]: 1479 [T]:19 [TH]:10, In
2015-08-17 11:53:12 :  47> [G]:  98700 [E]: 145493 [D]: 1632 [T]:14 [TH]: -, -
2015-08-17 11:53:17 :  48> [G]:  77289 [E]: 121141 [D]:  890 [T]:17 [TH]:10, In
2015-08-17 11:53:21 :  49> [G]:  77269 [E]:  96758 [D]: 1002 [T]:14 [TH]: 9, In
2015-08-17 11:53:25 :  50> [G]:  91818 [E]:  71089 [D]:  410 [T]:19 [TH]: 9, In
2015-08-17 11:53:29 :  51> [G]:  20122 [E]:  13082 [D]:  161 [T]:23 [TH]:10, In
2015-08-17 11:53:34 :  52> [G]: 201699 [E]: 156209 [D]: 1150 [T]:21 [TH]:10, In
2015-08-17 11:53:38 :  53> [G]:  36485 [E]: 146422 [D]: 1683 [T]:27 [TH]: 9, In
2015-08-17 11:53:42 :  54> [G]: 271060 [E]: 227184 [D]:  872 [T]:19 [TH]: 9, In
2015-08-17 11:53:49 :  55> [G]:  10910 [E]: 110322 [D]:  946 [T]:19 [TH]:10, In
2015-08-17 11:53:55 :  56> [G]: 116435 [E]: 131424 [D]:  418 [T]:13 [TH]: 9, In
2015-08-17 11:53:59 :  57> [G]:  14132 [E]:  60725 [D]: 1472 [T]:22 [TH]: 9, In
2015-08-17 11:54:03 :  58> [G]: 175192 [E]: 103873 [D]:  813 [T]:14 [TH]: 9, In
2015-08-17 11:54:07 :  59> [G]: 119739 [E]:  80617 [D]:  340 [T]: 3 [TH]: 8, In
2015-08-17 11:54:13 :  60> [G]: 122055 [E]:  44819 [D]: 1691 [T]:13 [TH]: 9, In
2015-08-17 11:54:17 :  61> [G]: 127191 [E]: 168075 [D]:  615 [T]: 3 [TH]: 8, In
2015-08-17 11:54:20 : Checking Trapped TH
2015-08-17 11:54:22 :  62> [G]:  41772 [E]: 319950 [D]: 1872 [T]:23 [TH]: 8, Out
2015-08-17 11:54:22 : No major traps found near TH.
2015-08-17 11:54:22 : ~~~~~~~~~~~~~~~ TH Outside Found! ~~~~~~~~~~~~~~~~
2015-08-17 11:54:22 : ================ Search Complete =================
2015-08-17 11:54:22 : Initiating attack for: TH Snipe
2015-08-17 11:54:25 : -Barbarians 18
2015-08-17 11:54:25 : -Archers 102
2015-08-17 11:54:25 : -Goblins 95
2015-08-17 11:54:25 : -Giants 1
2015-08-17 11:54:25 : -Clan Castle 
2015-08-17 11:54:25 : -King 
2015-08-17 11:54:25 : -Heal Spells 4
2015-08-17 11:54:25 : -Poison Spells 1
2015-08-17 11:54:25 :  ====== Start Attack ====== 
2015-08-17 11:54:27 : Free meal
2015-08-17 11:54:27 : Dropping first wave of 5 Archers
2015-08-17 11:54:28 : Deployment of Archers Successful!
2015-08-17 11:54:30 : Dropping second wave of 10 Archers
2015-08-17 11:54:32 : Deployment of Archers Successful!
2015-08-17 11:54:58 : Fool me once shame on you, fool me twice shame on me
2015-08-17 11:54:58 : Dropping first wave of 5 Barbarians
2015-08-17 11:55:00 : Deployment of Barbarians Successful!
2015-08-17 11:55:01 : Dropping second wave of 10 Barbarians
2015-08-17 11:55:03 : Deployment of Barbarians Successful!
2015-08-17 11:55:04 : Dropping only wave of 15 Goblins
2015-08-17 11:55:06 : Deployment of Goblins Successful!
2015-08-17 11:55:07 : Dropping only wave of 15 Archers
2015-08-17 11:55:09 : Deployment of Archers Successful!
2015-08-17 11:55:10 : No  troop Found!!!
2015-08-17 11:55:15 : Townhall has been destroyed!
2015-08-17 11:55:18 : Checking if the battle has finished
2015-08-17 11:55:20 : detected [G]:  [E]:  [DE]:  |  Exit now 
2015-08-17 11:55:20 : Battle has finished
2015-08-17 11:55:20 : Returning Home
2015-08-17 11:55:24 : Loot: [G]: 900 [E]: 969 [DE]:  [T]: 7
2015-08-17 11:55:25 : Bonus [G]: 100 000 [E]: 100 000 [DE]: 500
2015-08-17 11:55:27 : Your league level is: Master III
2015-08-17 11:55:27 : Stars earned: 1
2015-08-17 11:55:35 : Trying to locate Main Screen
2015-08-17 11:55:35 : Main Screen Located
2015-08-17 11:55:37 : Village Report
2015-08-17 11:55:37 : No. of Free/Total Builders: 0/4
2015-08-17 11:55:37 :  [T]: 2 715
2015-08-17 11:55:37 :  [G]: 3 151 437 [E]: 3 194 927 [D]: 26 521 [GEM]: 57
2015-08-17 11:55:38 : Collecting Resources
2015-08-17 11:55:51 : Checking Army Camp...
2015-08-17 11:55:52 : ClashGameBot was Paused!
2015-08-17 11:56:34 : ClashGameBot was Resumed.
2015-08-17 11:56:35 : Total Army Camp capacity: 220/220
2015-08-17 11:56:37 : Barracks and Spell factory status: 
2015-08-17 11:56:37 : - Barracks detected: 1 | Available: 1 | Upgrading: 0
2015-08-17 11:56:37 : - Dark Barracks detected: 0 | Available: 0 | Upgrading: 0
2015-08-17 11:56:37 : - Spell factory detected: 0 | Available: 0 | Upgrading: 0
2015-08-17 11:56:37 : - Dark Spell factory detected: 0 | Available: 0 | Upgrading: 0
2015-08-17 11:56:38 : Training Troops...
2015-08-17 11:56:38 : Your Army Camps are now Full
2015-08-17 11:56:53 : Spell Factory not found...
2015-08-17 11:56:55 : 0
2015-08-17 11:56:57 : Requesting Clan Castle Troops
2015-08-17 11:57:03 : Going to Attack...
2015-08-17 11:57:09 : ============== Searching For Dead Base ===============
2015-08-17 11:57:09 : ~~~~~~~~~~~~~~~ SEARCH CONDITIONS ~~~~~~~~~~~~~~~~
2015-08-17 11:57:09 : Meet: Gold and Elixir, Dark, Max TH 8
2015-08-17 11:57:09 : ~~~~~~~~~~~~~~ RESOURCE CONDITIONS ~~~~~~~~~~~~~~~
2015-08-17 11:57:09 : Aim: [G]: 300000 [E]: 300000 [D]: 3000 [T]: 0 [TH]: 8 for: Dead Base
2015-08-17 11:57:09 : ============== Searching For Live Base ===============
2015-08-17 11:57:09 : ~~~~~~~~~~~~~~~ SEARCH CONDITIONS ~~~~~~~~~~~~~~~~
2015-08-17 11:57:09 : Meet: Gold and Elixir, Dark, Max TH 8
2015-08-17 11:57:09 : ~~~~~~~~~~~~~~ RESOURCE CONDITIONS ~~~~~~~~~~~~~~~
2015-08-17 11:57:09 : Aim: [G]: 500000 [E]: 500000 [D]: 5000 [T]: 0 [TH]: 8 for: Live Base
2015-08-17 11:57:09 : ~~~~~~~~~~~~~~~ ADVANCED SETTINGS ~~~~~~~~~~~~~~~~
2015-08-17 11:57:09 : THSnipe Combo, 6 Tile(s), , Attack6:PB6
2015-08-17 11:57:09 : ==================================================
2015-08-17 11:57:11 :   1> [G]:  10851 [E]:  78277 [D]:  672 [T]:14 [TH]: 9, In
2015-08-17 11:57:15 :   2> [G]:  40827 [E]:  84934 [D]:  588 [T]:19 [TH]: 9, In
2015-08-17 11:57:20 :   3> [G]:  40171 [E]: 224642 [D]: 3098 [T]:34 [TH]: -, -
2015-08-17 11:57:23 :   4> [G]: 158115 [E]:  54565 [D]:  470 [T]:18 [TH]: 9, In
2015-08-17 11:57:30 :   5> [G]: 148092 [E]: 424137 [D]:  425 [T]:18 [TH]:10, In
2015-08-17 11:57:33 :   6> [G]: 177153 [E]: 101625 [D]:  609 [T]:16 [TH]: 9, In
2015-08-17 11:57:37 :   7> [G]:  38660 [E]:  30838 [D]:  805 [T]:21 [TH]: 9, In
2015-08-17 11:57:41 :   8> [G]:  52755 [E]:  93447 [D]:  950 [T]:14 [TH]: 9, In
2015-08-17 11:57:45 :   9> [G]:  38607 [E]:  36486 [D]:  817 [T]:30 [TH]:10, In
2015-08-17 11:57:51 :  10> [G]:  53287 [E]:  14072 [D]:  890 [T]:13 [TH]:10, In
2015-08-17 11:57:58 :  11> [G]: 126516 [E]:  23248 [D]:  216 [T]:34 [TH]:10, In
2015-08-17 11:58:02 :  12> [G]:  48532 [E]: 123785 [D]: 1572 [T]:22 [TH]:10, In
2015-08-17 11:58:08 :  13> [G]:  92770 [E]:  39043 [D]:  767 [T]:30 [TH]:10, In
2015-08-17 11:58:14 :  14> [G]: 134923 [E]:  74348 [D]:  723 [T]:32 [TH]:10, In
2015-08-17 11:58:20 :  15> [G]: 131572 [E]: 178894 [D]:  530 [T]:13 [TH]:10, In
2015-08-17 11:58:27 :  16> [G]: 163119 [E]: 129936 [D]: 1840 [T]:25 [TH]:10, In
2015-08-17 11:58:31 :  17> [G]:  21273 [E]:  63758 [D]:  426 [T]:33 [TH]: 9, In
2015-08-17 11:58:35 :  18> [G]:  33499 [E]: 171593 [D]:  856 [T]:12 [TH]: 9, In
2015-08-17 11:58:40 :  19> [G]:  42091 [E]:  51178 [D]:  684 [T]:27 [TH]:10, In
2015-08-17 11:58:46 :  20> [G]: 222100 [E]: 166246 [D]: 2167 [T]:23 [TH]:10, In
2015-08-17 11:58:52 :  21> [G]:  80189 [E]: 154558 [D]: 3324 [T]:16 [TH]:10, In
2015-08-17 11:58:58 :  22> [G]:  37010 [E]: 216589 [D]: 1641 [T]:31 [TH]:10, In
2015-08-17 11:59:04 :  23> [G]:   9959 [E]: 178582 [D]: 1164 [T]:26 [TH]:10, In
2015-08-17 11:59:08 :  24> [G]:  53253 [E]: 158570 [D]:  988 [T]:27 [TH]: 9, In
2015-08-17 11:59:12 :  25> [G]:  60024 [E]: 113778 [D]:  654 [T]:28 [TH]:10, In
2015-08-17 11:59:19 :  26> [G]: 226453 [E]: 166080 [D]:  973 [T]:17 [TH]:10, In
2015-08-17 11:59:26 :  27> [G]:  26794 [E]:  65665 [D]: 1829 [T]:19 [TH]:10, In
2015-08-17 11:59:30 :  28> [G]:  21078 [E]:  68888 [D]:  578 [T]:14 [TH]: 9, In
2015-08-17 11:59:35 :  29> [G]:  95918 [E]: 164216 [D]:  414 [T]:21 [TH]:10, In
2015-08-17 11:59:42 :  30> [G]:  65586 [E]: 168330 [D]: 2366 [T]:31 [TH]:10, In
2015-08-17 11:59:46 :  31> [G]:  69874 [E]: 156143 [D]: 1035 [T]:15 [TH]: 9, In
2015-08-17 11:59:50 :  32> [G]:  66817 [E]:   4318 [D]: 1002 [T]:12 [TH]: 9, In
2015-08-17 11:59:54 :  33> [G]: 190470 [E]:  88940 [D]: 1387 [T]:17 [TH]: 9, In
2015-08-17 11:59:58 :  34> [G]:  46557 [E]:  90259 [D]:  478 [T]:13 [TH]: 9, In
2015-08-17 12:00:02 :  35> [G]:  77144 [E]:  71639 [D]:   88 [T]:10 [TH]: 9, In
2015-08-17 12:00:06 :  36> [G]:  64933 [E]:  52002 [D]: 1068 [T]:32 [TH]: 9, In
2015-08-17 12:00:10 :  37> [G]:  53230 [E]: 151813 [D]: 1130 [T]: 9 [TH]: 9, In
2015-08-17 12:00:14 :  38> [G]:  28377 [E]:  34995 [D]:  365 [T]: 9 [TH]: 9, In
2015-08-17 12:00:21 :  39> [G]:  97873 [E]: 219752 [D]: 1458 [T]:14 [TH]:10, In
2015-08-17 12:00:25 :  40> [G]:  83048 [E]:  65349 [D]: 1445 [T]:16 [TH]:10, In
2015-08-17 12:00:29 :  41> [G]:  13325 [E]:  71772 [D]:  510 [T]:29 [TH]: 9, In
2015-08-17 12:00:32 : ClashGameBot was Paused!
2015-08-17 12:00:46 : ClashGameBot was Resumed.
2015-08-17 12:00:47 :  42> [G]:  14105 [E]:  11097 [D]:  631 [T]: 8 [TH]: 9, In
2015-08-17 12:00:51 :  43> [G]:  32738 [E]:  23992 [D]:  856 [T]:19 [TH]: 9, In
2015-08-17 12:00:57 :  44> [G]: 108910 [E]:  37028 [D]: 2041 [T]:14 [TH]:10, In
2015-08-17 12:01:01 :  45> [G]:  18091 [E]:  78559 [D]:  671 [T]: 6 [TH]: 9, In
2015-08-17 12:01:05 :  46> [G]:  61251 [E]:  29405 [D]:  852 [T]:29 [TH]: 9, In
2015-08-17 12:01:09 :  47> [G]: 156887 [E]: 147220 [D]: 1648 [T]:32 [TH]:10, In
2015-08-17 12:01:13 :  48> [G]:  49774 [E]:  96541 [D]:  830 [T]:11 [TH]: 9, In
2015-08-17 12:01:17 :  49> [G]: 102395 [E]: 110084 [D]:  625 [T]:21 [TH]: 9, In
2015-08-17 12:01:24 :  50> [G]: 118884 [E]: 155830 [D]: 1130 [T]:28 [TH]:10, In
2015-08-17 12:01:27 :  51> [G]: 137134 [E]: 167631 [D]: 1855 [T]:32 [TH]: 9, In
2015-08-17 12:01:31 :  52> [G]: 107434 [E]:  55462 [D]:  173 [T]: 6 [TH]: 9, In
2015-08-17 12:01:37 :  53> [G]:  81208 [E]:  83815 [D]:  275 [T]:21 [TH]:10, In
2015-08-17 12:01:44 :  54> [G]:  51803 [E]:  23052 [D]:  198 [T]:16 [TH]:10, In
2015-08-17 12:01:48 :  55> [G]: 134336 [E]:  37304 [D]:  321 [T]: 7 [TH]: 9, In
2015-08-17 12:01:54 :  56> [G]:  47397 [E]:  64001 [D]:  206 [T]: 7 [TH]: 9, In
2015-08-17 12:01:58 :  57> [G]:  26357 [E]: 140954 [D]: 1341 [T]:15 [TH]: 9, In
2015-08-17 12:02:02 :  58> [G]:  89746 [E]: 117746 [D]:  444 [T]:17 [TH]: 9, In
2015-08-17 12:02:06 :  59> [G]:  84741 [E]:  71151 [D]:  747 [T]:34 [TH]: 9, In
2015-08-17 12:02:10 :  60> [G]:  65875 [E]: 187136 [D]:  649 [T]: 8 [TH]: 9, In
2015-08-17 12:02:13 :  61> [G]:  16787 [E]:  46900 [D]:  623 [T]: 2 [TH]: 8, In
2015-08-17 12:02:17 :  62> [G]:  84403 [E]: 118048 [D]:  528 [T]: 8 [TH]: 9, In
2015-08-17 12:02:21 :  63> [G]:  53167 [E]: 173314 [D]:  838 [T]:23 [TH]: 9, In
2015-08-17 12:02:25 :  64> [G]:  26925 [E]: 152002 [D]:  678 [T]:28 [TH]: 9, In
2015-08-17 12:02:30 :  65> [G]:  98959 [E]: 104999 [D]:  241 [T]:25 [TH]: 9, In
2015-08-17 12:02:34 :  66> [G]:  93051 [E]:  61333 [D]: 1007 [T]:31 [TH]: 9, In
2015-08-17 12:02:38 :  67> [G]:  84396 [E]:  69087 [D]:  148 [T]: 2 [TH]: 8, In
2015-08-17 12:02:44 :  68> [G]:  70381 [E]: 116291 [D]:  836 [T]:26 [TH]: 9, In
2015-08-17 12:02:48 :  69> [G]:  83892 [E]: 159856 [D]:  585 [T]:15 [TH]: 9, In
2015-08-17 12:02:52 :  70> [G]:  37723 [E]:   8087 [D]: 1436 [T]:17 [TH]: 9, In
2015-08-17 12:02:57 :  71> [G]: 164797 [E]:  72826 [D]: 1408 [T]:31 [TH]:10, In
2015-08-17 12:03:00 : Checking Trapped TH
2015-08-17 12:03:02 :  72> [G]: 353514 [E]: 353511 [D]: 2480 [T]:18 [TH]: 9, Out
2015-08-17 12:03:02 : No major traps found near TH.
2015-08-17 12:03:02 : ~~~~~~~~~~~~~~~ TH Outside Found! ~~~~~~~~~~~~~~~~
2015-08-17 12:03:02 : ================ Search Complete =================
2015-08-17 12:03:02 : Initiating attack for: TH Snipe
2015-08-17 12:03:05 : -Barbarians 10
2015-08-17 12:03:05 : -Archers 114
2015-08-17 12:03:05 : -Goblins 91
2015-08-17 12:03:05 : -Giants 1
2015-08-17 12:03:05 : -King 
2015-08-17 12:03:05 : -Heal Spells 4
2015-08-17 12:03:05 : -Poison Spells 1
2015-08-17 12:03:05 :  ====== Start Attack ====== 
2015-08-17 12:03:07 : Free meal
2015-08-17 12:03:07 : Dropping first wave of 5 Archers
2015-08-17 12:03:09 : Deployment of Archers Successful!
2015-08-17 12:03:10 : Dropping second wave of 10 Archers
2015-08-17 12:03:12 : Deployment of Archers Successful!
2015-08-17 12:03:28 : ClashGameBot was Paused!
2015-08-17 12:03:37 : ClashGameBot was Resumed.
2015-08-17 12:03:38 : Townhall has been destroyed!
2015-08-17 12:03:41 : Checking if the battle has finished
2015-08-17 12:03:43 : detected [G]:  [E]:  [DE]:  |  Exit now 
2015-08-17 12:03:43 : Battle has finished
2015-08-17 12:03:43 : Returning Home
2015-08-17 12:03:47 : Loot: [G]: 1 000 [E]: 1 000 [DE]:  [T]: 6
2015-08-17 12:03:48 : Bonus [G]: 100 000 [E]: 100 000 [DE]: 500
2015-08-17 12:03:51 : Your league level is: Master III
2015-08-17 12:03:51 : Stars earned: 1
2015-08-17 12:03:58 : Trying to locate Main Screen
2015-08-17 12:03:58 : Main Screen Located
2015-08-17 12:04:00 : Village Report
2015-08-17 12:04:00 : No. of Free/Total Builders: 0/4
2015-08-17 12:04:00 :  [T]: 2 721
2015-08-17 12:04:00 :  [G]: 3 202 341 [E]: 3 298 033 [D]: 27 031 [GEM]: 57
2015-08-17 12:04:01 : Collecting Resources
2015-08-17 12:04:12 : Checking Army Camp...
2015-08-17 12:04:14 : Total Army Camp capacity: 220/220
2015-08-17 12:04:15 : ClashGameBot was Paused!
2015-08-17 12:07:11 : ClashGameBot was Resumed.
2015-08-17 12:07:12 :  - No. of Barbarians: 10
2015-08-17 12:07:12 :  - No. of Archers: 114
2015-08-17 12:07:12 :  - No. of Goblins: 91
2015-08-17 12:07:12 :  - No. of Giants: 1
2015-08-17 12:07:13 : Barracks and Spell factory status: 
2015-08-17 12:07:13 : - Barracks detected: 2 | Available: 2 | Upgrading: 0
2015-08-17 12:07:13 : - Dark Barracks detected: 2 | Available: 2 | Upgrading: 0
2015-08-17 12:07:13 : - Spell factory detected: 1 | Available: 1 | Upgrading: 0
2015-08-17 12:07:13 : - Dark Spell factory detected: 1 | Available: 1 | Upgrading: 0
2015-08-17 12:07:14 : Training Troops...
2015-08-17 12:07:17 : ClashGameBot was Paused!
