2015-08-17 14:20:10 :  Clash Game Bot v4.1.1-6 merge Powered by GameBot.org 
2015-08-17 14:20:10 : GameBot.org.exe Executable running on WIN_7 Service Pack 1 X64
2015-08-17 14:20:10 : =================== Bot Start ====================
2015-08-17 14:20:10 : -------------------------  Current Profile: 01 --------------------------
2015-08-17 14:20:10 : Trying to locate Main Screen
2015-08-17 14:20:10 : Main Screen Located
2015-08-17 14:20:11 : Detecting your Buildings..
2015-08-17 14:20:18 : Language setting is English: Correct.
2015-08-17 14:20:19 : Trying to locate Main Screen
2015-08-17 14:20:19 : Main Screen Located
2015-08-17 14:20:21 : Village Report
2015-08-17 14:20:21 : No. of Free/Total Builders: 0/4
2015-08-17 14:20:21 :  [T]: 2 712
2015-08-17 14:20:21 :  [G]: 2 506 747 [E]: 2 987 735 [D]: 26 248 [GEM]: 57
2015-08-17 14:20:21 : Collecting Resources
2015-08-17 14:20:33 : Chat Request: any
2015-08-17 14:20:33 : Custom Donation Keyword found: any
2015-08-17 14:20:37 : No Hog Riders available to donate..
2015-08-17 14:20:40 : No Balloons available to donate..
2015-08-17 14:20:41 : Donating 6 Archers
2015-08-17 14:20:43 : Chat Request: any
2015-08-17 14:20:43 : Custom Donation Keyword found: any
2015-08-17 14:20:46 : No Hog Riders available to donate..
2015-08-17 14:20:49 : No Balloons available to donate..
2015-08-17 14:20:50 : Donating 6 Archers
2015-08-17 14:20:52 : Chat Request: needs reinforcement troops
2015-08-17 14:20:52 : Custom Donation Keyword found: need
2015-08-17 14:20:55 : No Hog Riders available to donate..
2015-08-17 14:20:59 : No Balloons available to donate..
2015-08-17 14:21:02 : No Archers available to donate..
2015-08-17 14:21:04 : Checking Army Camp...
2015-08-17 14:21:06 : Total Army Camp capacity: 216/220
2015-08-17 14:21:07 :  - No. of Barbarians: 19
2015-08-17 14:21:08 :  - No. of Archers: 158
2015-08-17 14:21:08 :  - No. of Goblins: 12
2015-08-17 14:21:08 :  - No. of Giants: 3
2015-08-17 14:21:08 :  - No. of Wizards: 3
2015-08-17 14:21:08 : Barracks and Spell factory status: 
2015-08-17 14:21:08 : - Barracks detected: 4 | Available: 4 | Upgrading: 0
2015-08-17 14:21:08 : - Dark Barracks detected: 2 | Available: 2 | Upgrading: 0
2015-08-17 14:21:08 : - Spell factory detected: 1 | Available: 1 | Upgrading: 0
2015-08-17 14:21:08 : - Dark Spell factory detected: 1 | Available: 1 | Upgrading: 0
2015-08-17 14:21:09 : Training Troops...
2015-08-17 14:21:30 : Spell Factory Full
2015-08-17 14:21:32 : 0
2015-08-17 14:21:34 : Requesting Clan Castle Troops
2015-08-17 14:21:34 : Your Clan Castle is already full or you are not in a clan.
2015-08-17 14:21:36 : ====== Waiting for full army ======
2015-08-17 14:21:48 : Checking Army Camp...
2015-08-17 14:21:50 : Total Army Camp capacity: 220/220
2015-08-17 14:21:51 :  - No. of Barbarians: 19
2015-08-17 14:21:51 :  - No. of Archers: 162
2015-08-17 14:21:51 :  - No. of Goblins: 12
2015-08-17 14:21:51 :  - No. of Giants: 3
2015-08-17 14:21:51 :  - No. of Wizards: 3
2015-08-17 14:21:52 : Training Troops...
2015-08-17 14:21:53 : Your Army Camps are now Full
2015-08-17 14:21:53 : Too few Arch, train first.
2015-08-17 14:21:53 : Too few Barb, train first.
2015-08-17 14:21:53 : Too few Gobl, train first.
2015-08-17 14:22:20 : Spell Factory not found...
2015-08-17 14:22:22 : Going to Attack...
2015-08-17 14:22:28 : ============== Searching For Dead Base ===============
2015-08-17 14:22:28 : ~~~~~~~~~~~~~~~ SEARCH CONDITIONS ~~~~~~~~~~~~~~~~
2015-08-17 14:22:28 : Meet: Gold and Elixir, Dark, Max TH 8
2015-08-17 14:22:28 : ~~~~~~~~~~~~~~ RESOURCE CONDITIONS ~~~~~~~~~~~~~~~
2015-08-17 14:22:28 : Aim: [G]: 100000 [E]: 100000 [D]: 1000 [T]: 0 [TH]: 8 for: Dead Base
2015-08-17 14:22:28 : ============== Searching For Live Base ===============
2015-08-17 14:22:28 : ~~~~~~~~~~~~~~~ SEARCH CONDITIONS ~~~~~~~~~~~~~~~~
2015-08-17 14:22:28 : Meet: Gold and Elixir, Dark, Max TH 8
2015-08-17 14:22:28 : ~~~~~~~~~~~~~~ RESOURCE CONDITIONS ~~~~~~~~~~~~~~~
2015-08-17 14:22:28 : Aim: [G]: 200000 [E]: 200000 [D]: 2000 [T]: 0 [TH]: 8 for: Live Base
2015-08-17 14:22:28 : ~~~~~~~~~~~~~~~ ADVANCED SETTINGS ~~~~~~~~~~~~~~~~
2015-08-17 14:22:28 : THSnipe Combo, 6 Tile(s), AttackTH, Attack6:PB6
2015-08-17 14:22:28 : ==================================================
2015-08-17 14:22:31 :   1> [G]: 362002 [E]:  63833 [D]: 1211 [T]:25 [TH]:10, In
2015-08-17 14:22:31 : Aim: [G]:  98000 [E]:  98000 [D]:  900 [T]: 0 [TH]: 8 for: Dead Base
2015-08-17 14:22:31 : Aim: [G]: 198000 [E]: 198000 [D]: 1900 [T]: 0 [TH]: 8 for: Live Base
2015-08-17 14:22:38 :   2> [G]:  45204 [E]:  49810 [D]: 1309 [T]:12 [TH]: 9, In
2015-08-17 14:22:38 : Aim: [G]:  96000 [E]:  96000 [D]:  800 [T]: 0 [TH]: 8 for: Dead Base
2015-08-17 14:22:38 : Aim: [G]: 196000 [E]: 196000 [D]: 1800 [T]: 0 [TH]: 8 for: Live Base
2015-08-17 14:22:43 :   3> [G]: 106864 [E]:  85420 [D]:  730 [T]:33 [TH]:10, In
2015-08-17 14:22:43 : Aim: [G]:  94000 [E]:  94000 [D]:  700 [T]: 0 [TH]: 8 for: Dead Base
2015-08-17 14:22:43 : Aim: [G]: 194000 [E]: 194000 [D]: 1700 [T]: 0 [TH]: 8 for: Live Base
2015-08-17 14:22:50 :   4> [G]:  25989 [E]:  12168 [D]: 1334 [T]:17 [TH]:10, In
2015-08-17 14:22:50 : Aim: [G]:  92000 [E]:  92000 [D]:  600 [T]: 0 [TH]: 8 for: Dead Base
2015-08-17 14:22:50 : Aim: [G]: 192000 [E]: 192000 [D]: 1600 [T]: 0 [TH]: 8 for: Live Base
2015-08-17 14:22:57 :   5> [G]:  95665 [E]:  73063 [D]:  646 [T]:11 [TH]: 9, In
2015-08-17 14:22:57 : Aim: [G]:  90000 [E]:  90000 [D]:  500 [T]: 0 [TH]: 8 for: Dead Base
2015-08-17 14:22:57 : Aim: [G]: 190000 [E]: 190000 [D]: 1500 [T]: 0 [TH]: 8 for: Live Base
2015-08-17 14:23:03 :   6> [G]:  75048 [E]: 193405 [D]: 1313 [T]:25 [TH]:10, In
2015-08-17 14:23:03 : Aim: [G]:  88000 [E]:  88000 [D]:  400 [T]: 0 [TH]: 8 for: Dead Base
2015-08-17 14:23:03 : Aim: [G]: 188000 [E]: 188000 [D]: 1400 [T]: 0 [TH]: 8 for: Live Base
2015-08-17 14:23:08 :   7> [G]:  32542 [E]: 148780 [D]: 1282 [T]:13 [TH]: 9, In
2015-08-17 14:23:08 : Aim: [G]:  86000 [E]:  86000 [D]:  300 [T]: 0 [TH]: 8 for: Dead Base
2015-08-17 14:23:08 : Aim: [G]: 186000 [E]: 186000 [D]: 1300 [T]: 0 [TH]: 8 for: Live Base
2015-08-17 14:23:15 :   8> [G]: 156242 [E]: 169643 [D]: 3189 [T]:30 [TH]:10, In
2015-08-17 14:23:15 : Aim: [G]:  84000 [E]:  84000 [D]:  200 [T]: 0 [TH]: 8 for: Dead Base
2015-08-17 14:23:15 : Aim: [G]: 184000 [E]: 184000 [D]: 1200 [T]: 0 [TH]: 8 for: Live Base
2015-08-17 14:23:20 :   9> [G]: 155328 [E]:   9050 [D]:  931 [T]:13 [TH]: 9, In
2015-08-17 14:23:20 : Aim: [G]:  82000 [E]:  82000 [D]:  100 [T]: 0 [TH]: 8 for: Dead Base
2015-08-17 14:23:20 : Aim: [G]: 182000 [E]: 182000 [D]: 1100 [T]: 0 [TH]: 8 for: Live Base
2015-08-17 14:23:26 :  10> [G]: 103452 [E]:  56118 [D]:  700 [T]:17 [TH]:10, In
2015-08-17 14:23:26 : Aim: [G]:  80000 [E]:  80000 [D]:    0 [T]: 0 [TH]: 8 for: Dead Base
2015-08-17 14:23:26 : Aim: [G]: 180000 [E]: 180000 [D]: 1000 [T]: 0 [TH]: 8 for: Live Base
2015-08-17 14:23:32 :  11> [G]:  44388 [E]: 110389 [D]:   93 [T]:22 [TH]: 9, In
2015-08-17 14:23:32 : Aim: [G]:  78000 [E]:  78000 [D]:    0 [T]: 0 [TH]: 8 for: Dead Base
2015-08-17 14:23:32 : Aim: [G]: 178000 [E]: 178000 [D]:  900 [T]: 0 [TH]: 8 for: Live Base
2015-08-17 14:23:40 :  12> [G]:  40225 [E]:  45813 [D]:  382 [T]:15 [TH]:10, In
2015-08-17 14:23:40 : Aim: [G]:  76000 [E]:  76000 [D]:    0 [T]: 0 [TH]: 8 for: Dead Base
2015-08-17 14:23:40 : Aim: [G]: 176000 [E]: 176000 [D]:  800 [T]: 0 [TH]: 8 for: Live Base
2015-08-17 14:23:45 :  13> [G]:  92641 [E]: 161493 [D]:  992 [T]:13 [TH]: 9, In
2015-08-17 14:23:45 : Aim: [G]:  74000 [E]:  74000 [D]:    0 [T]: 0 [TH]: 8 for: Dead Base
2015-08-17 14:23:45 : Aim: [G]: 174000 [E]: 174000 [D]:  700 [T]: 0 [TH]: 8 for: Live Base
2015-08-17 14:23:53 :  14> [G]:  94337 [E]: 211009 [D]: 1078 [T]:15 [TH]:10, In
2015-08-17 14:23:53 : Aim: [G]:  72000 [E]:  72000 [D]:    0 [T]: 0 [TH]: 8 for: Dead Base
2015-08-17 14:23:53 : Aim: [G]: 172000 [E]: 172000 [D]:  600 [T]: 0 [TH]: 8 for: Live Base
2015-08-17 14:24:01 :  15> [G]: 125510 [E]: 144685 [D]: 2609 [T]:17 [TH]: -, -
2015-08-17 14:24:01 : Aim: [G]:  70000 [E]:  70000 [D]:    0 [T]: 0 [TH]: 8 for: Dead Base
2015-08-17 14:24:01 : Aim: [G]: 170000 [E]: 170000 [D]:  500 [T]: 0 [TH]: 8 for: Live Base
2015-08-17 14:24:06 :  16> [G]:  20991 [E]:  52853 [D]:  141 [T]:22 [TH]:10, In
2015-08-17 14:24:06 : Aim: [G]:  68000 [E]:  68000 [D]:    0 [T]: 0 [TH]: 8 for: Dead Base
2015-08-17 14:24:06 : Aim: [G]: 168000 [E]: 168000 [D]:  400 [T]: 0 [TH]: 8 for: Live Base
2015-08-17 14:24:14 :  17> [G]:  94227 [E]:  55247 [D]: 1125 [T]:34 [TH]:10, In
2015-08-17 14:24:14 : Aim: [G]:  66000 [E]:  66000 [D]:    0 [T]: 0 [TH]: 8 for: Dead Base
2015-08-17 14:24:14 : Aim: [G]: 166000 [E]: 166000 [D]:  300 [T]: 0 [TH]: 8 for: Live Base
2015-08-17 14:24:18 :  18> [G]:  75181 [E]: 115530 [D]:  530 [T]:16 [TH]: 9, In
2015-08-17 14:24:18 : Aim: [G]:  64000 [E]:  64000 [D]:    0 [T]: 0 [TH]: 8 for: Dead Base
2015-08-17 14:24:18 : Aim: [G]: 164000 [E]: 164000 [D]:  200 [T]: 0 [TH]: 8 for: Live Base
2015-08-17 14:24:24 :  19> [G]:  12395 [E]:  62345 [D]:  665 [T]:12 [TH]: 9, In
2015-08-17 14:24:24 : Aim: [G]:  62000 [E]:  62000 [D]:    0 [T]: 0 [TH]: 8 for: Dead Base
2015-08-17 14:24:24 : Aim: [G]: 162000 [E]: 162000 [D]:  100 [T]: 0 [TH]: 8 for: Live Base
2015-08-17 14:24:29 :  20> [G]:  31183 [E]:  77991 [D]:  852 [T]:16 [TH]: 9, In
2015-08-17 14:24:29 : Aim: [G]:  60000 [E]:  60000 [D]:    0 [T]: 0 [TH]: 8 for: Dead Base
2015-08-17 14:24:29 : Aim: [G]: 160000 [E]: 160000 [D]:    0 [T]: 0 [TH]: 8 for: Live Base
2015-08-17 14:24:39 :  21> [G]:  28697 [E]: 183939 [D]:  207 [T]:10 [TH]: 9, In
2015-08-17 14:24:39 : Aim: [G]:  58000 [E]:  58000 [D]:    0 [T]: 0 [TH]: 8 for: Dead Base
2015-08-17 14:24:39 : Aim: [G]: 158000 [E]: 158000 [D]:    0 [T]: 0 [TH]: 8 for: Live Base
2015-08-17 14:24:47 :  22> [G]:  62599 [E]:  10832 [D]:  158 [T]:29 [TH]:10, In
2015-08-17 14:24:47 : Aim: [G]:  56000 [E]:  56000 [D]:    0 [T]: 0 [TH]: 8 for: Dead Base
2015-08-17 14:24:47 : Aim: [G]: 156000 [E]: 156000 [D]:    0 [T]: 0 [TH]: 8 for: Live Base
2015-08-17 14:24:53 :  23> [G]:  64580 [E]:  42976 [D]:  941 [T]:16 [TH]: 9, In
2015-08-17 14:24:53 : Aim: [G]:  54000 [E]:  54000 [D]:    0 [T]: 0 [TH]: 8 for: Dead Base
2015-08-17 14:24:53 : Aim: [G]: 154000 [E]: 154000 [D]:    0 [T]: 0 [TH]: 8 for: Live Base
2015-08-17 14:24:58 :  24> [G]:  40175 [E]:  38465 [D]:  233 [T]:14 [TH]: 9, In
2015-08-17 14:24:58 : Aim: [G]:  52000 [E]:  52000 [D]:    0 [T]: 0 [TH]: 8 for: Dead Base
2015-08-17 14:24:58 : Aim: [G]: 152000 [E]: 152000 [D]:    0 [T]: 0 [TH]: 8 for: Live Base
2015-08-17 14:25:05 :  25> [G]: 149623 [E]: 105727 [D]: 1244 [T]:17 [TH]:10, In
2015-08-17 14:25:05 : Aim: [G]:  50000 [E]:  50000 [D]:    0 [T]: 0 [TH]: 8 for: Dead Base
2015-08-17 14:25:05 : Aim: [G]: 150000 [E]: 150000 [D]:    0 [T]: 0 [TH]: 8 for: Live Base
2015-08-17 14:25:13 :  26> [G]:  43227 [E]: 141428 [D]:  493 [T]:29 [TH]:10, In
2015-08-17 14:25:13 : Aim: [G]:  48000 [E]:  48000 [D]:    0 [T]: 0 [TH]: 8 for: Dead Base
2015-08-17 14:25:13 : Aim: [G]: 148000 [E]: 148000 [D]:    0 [T]: 0 [TH]: 8 for: Live Base
2015-08-17 14:25:17 :  27> [G]:  62119 [E]:  71554 [D]:  435 [T]:25 [TH]: 9, In
2015-08-17 14:25:17 : Aim: [G]:  46000 [E]:  46000 [D]:    0 [T]: 0 [TH]: 8 for: Dead Base
2015-08-17 14:25:17 : Aim: [G]: 146000 [E]: 146000 [D]:    0 [T]: 0 [TH]: 8 for: Live Base
2015-08-17 14:25:22 :  28> [G]:  52516 [E]:  69679 [D]:  283 [T]:29 [TH]: 9, In
2015-08-17 14:25:22 : Aim: [G]:  44000 [E]:  44000 [D]:    0 [T]: 0 [TH]: 8 for: Dead Base
2015-08-17 14:25:22 : Aim: [G]: 144000 [E]: 144000 [D]:    0 [T]: 0 [TH]: 8 for: Live Base
2015-08-17 14:25:30 :  29> [G]: 141761 [E]:  81623 [D]: 1342 [T]:20 [TH]:10, In
2015-08-17 14:25:30 : Aim: [G]:  42000 [E]:  42000 [D]:    0 [T]: 0 [TH]: 8 for: Dead Base
2015-08-17 14:25:30 : Aim: [G]: 142000 [E]: 142000 [D]:    0 [T]: 0 [TH]: 8 for: Live Base
2015-08-17 14:25:35 :  30> [G]: 101993 [E]:  45345 [D]: 1245 [T]:20 [TH]: 9, In
2015-08-17 14:25:35 : Aim: [G]:  40000 [E]:  40000 [D]:    0 [T]: 0 [TH]: 8 for: Dead Base
2015-08-17 14:25:35 : Aim: [G]: 140000 [E]: 140000 [D]:    0 [T]: 0 [TH]: 8 for: Live Base
2015-08-17 14:25:40 :  31> [G]:  50479 [E]:  17775 [D]:  532 [T]:14 [TH]: 9, In
2015-08-17 14:25:40 : Aim: [G]:  38000 [E]:  38000 [D]:    0 [T]: 0 [TH]: 8 for: Dead Base
2015-08-17 14:25:40 : Aim: [G]: 138000 [E]: 138000 [D]:    0 [T]: 0 [TH]: 8 for: Live Base
2015-08-17 14:25:46 :  32> [G]:  49980 [E]: 180383 [D]:  641 [T]:13 [TH]: 9, In
2015-08-17 14:25:46 : Aim: [G]:  36000 [E]:  36000 [D]:    0 [T]: 0 [TH]: 8 for: Dead Base
2015-08-17 14:25:46 : Aim: [G]: 136000 [E]: 136000 [D]:    0 [T]: 0 [TH]: 8 for: Live Base
2015-08-17 14:25:51 :  33> [G]:   2576 [E]:  31497 [D]:  880 [T]:10 [TH]: 9, In
2015-08-17 14:25:51 : Aim: [G]:  34000 [E]:  34000 [D]:    0 [T]: 0 [TH]: 8 for: Dead Base
2015-08-17 14:25:51 : Aim: [G]: 134000 [E]: 134000 [D]:    0 [T]: 0 [TH]: 8 for: Live Base
2015-08-17 14:25:56 :  34> [G]:  89621 [E]:  70185 [D]:  185 [T]:33 [TH]: 9, In
2015-08-17 14:25:56 : Aim: [G]:  32000 [E]:  32000 [D]:    0 [T]: 0 [TH]: 8 for: Dead Base
2015-08-17 14:25:56 : Aim: [G]: 132000 [E]: 132000 [D]:    0 [T]: 0 [TH]: 8 for: Live Base
2015-08-17 14:26:03 :  35> [G]: 114572 [E]:  58873 [D]:  634 [T]:12 [TH]: 9, In
2015-08-17 14:26:03 : Aim: [G]:  30000 [E]:  30000 [D]:    0 [T]: 0 [TH]: 8 for: Dead Base
2015-08-17 14:26:03 : Aim: [G]: 130000 [E]: 130000 [D]:    0 [T]: 0 [TH]: 8 for: Live Base
2015-08-17 14:26:07 :  36> [G]:  13824 [E]:  81912 [D]:  863 [T]:29 [TH]: 9, In
2015-08-17 14:26:08 : Aim: [G]:  28000 [E]:  28000 [D]:    0 [T]: 0 [TH]: 8 for: Dead Base
2015-08-17 14:26:08 : Aim: [G]: 128000 [E]: 128000 [D]:    0 [T]: 0 [TH]: 8 for: Live Base
2015-08-17 14:26:13 :  37> [G]:  84306 [E]:  18394 [D]: 1569 [T]:31 [TH]: 9, In
2015-08-17 14:26:13 : Aim: [G]:  26000 [E]:  26000 [D]:    0 [T]: 0 [TH]: 8 for: Dead Base
2015-08-17 14:26:13 : Aim: [G]: 126000 [E]: 126000 [D]:    0 [T]: 0 [TH]: 8 for: Live Base
2015-08-17 14:26:20 :  38> [G]:  22804 [E]:  57236 [D]: 1005 [T]:18 [TH]: 9, In
2015-08-17 14:26:20 : Aim: [G]:  24000 [E]:  24000 [D]:    0 [T]: 0 [TH]: 8 for: Dead Base
2015-08-17 14:26:20 : Aim: [G]: 124000 [E]: 124000 [D]:    0 [T]: 0 [TH]: 8 for: Live Base
2015-08-17 14:26:27 :  39> [G]:  23944 [E]:  56351 [D]:  824 [T]: 4 [TH]: 8, In
2015-08-17 14:26:27 : Aim: [G]:  22000 [E]:  22000 [D]:    0 [T]: 0 [TH]: 8 for: Dead Base
2015-08-17 14:26:27 : Aim: [G]: 122000 [E]: 122000 [D]:    0 [T]: 0 [TH]: 8 for: Live Base
2015-08-17 14:26:27 : ~~~~~~~~~~~~~~~~ Not a Dead Base ~~~~~~~~~~~~~~~~~
2015-08-17 14:26:33 :  40> [G]: 115825 [E]:  42809 [D]:  930 [T]:16 [TH]: 9, In
2015-08-17 14:26:33 : Aim: [G]:  20000 [E]:  20000 [D]:    0 [T]: 0 [TH]: 8 for: Dead Base
2015-08-17 14:26:33 : Aim: [G]: 120000 [E]: 120000 [D]:    0 [T]: 0 [TH]: 8 for: Live Base
2015-08-17 14:26:38 :  41> [G]:  14569 [E]:  29338 [D]:  733 [T]:26 [TH]: 9, In
2015-08-17 14:26:38 : Aim: [G]:  18000 [E]:  18000 [D]:    0 [T]: 0 [TH]: 8 for: Dead Base
2015-08-17 14:26:38 : Aim: [G]: 118000 [E]: 118000 [D]:    0 [T]: 0 [TH]: 8 for: Live Base
2015-08-17 14:26:43 :  42> [G]: 138688 [E]:  23332 [D]: 1040 [T]:26 [TH]: 9, In
2015-08-17 14:26:43 : Aim: [G]:  16000 [E]:  16000 [D]:    0 [T]: 0 [TH]: 8 for: Dead Base
2015-08-17 14:26:43 : Aim: [G]: 116000 [E]: 116000 [D]:    0 [T]: 0 [TH]: 8 for: Live Base
2015-08-17 14:26:48 :  43> [G]:  72126 [E]: 144080 [D]:  622 [T]:10 [TH]: 8, In
2015-08-17 14:26:48 : Aim: [G]:  14000 [E]:  14000 [D]:    0 [T]: 0 [TH]: 8 for: Dead Base
2015-08-17 14:26:48 : Aim: [G]: 114000 [E]: 114000 [D]:    0 [T]: 0 [TH]: 8 for: Live Base
2015-08-17 14:26:48 : ~~~~~~~~~~~~~~~~ Not a Dead Base ~~~~~~~~~~~~~~~~~
2015-08-17 14:26:53 :  44> [G]: 211345 [E]: 116785 [D]: 1072 [T]:34 [TH]:10, In
2015-08-17 14:26:53 : Aim: [G]:  12000 [E]:  12000 [D]:    0 [T]: 0 [TH]: 8 for: Dead Base
2015-08-17 14:26:53 : Aim: [G]: 112000 [E]: 112000 [D]:    0 [T]: 0 [TH]: 8 for: Live Base
2015-08-17 14:26:58 :  45> [G]: 299435 [E]: 355240 [D]: 3373 [T]:13 [TH]: 9, In
2015-08-17 14:26:58 : Aim: [G]:  10000 [E]:  10000 [D]:    0 [T]: 0 [TH]: 8 for: Dead Base
2015-08-17 14:26:58 : Aim: [G]: 110000 [E]: 110000 [D]:    0 [T]: 0 [TH]: 8 for: Live Base
2015-08-17 14:27:06 :  46> [G]:  12318 [E]:  90728 [D]:  257 [T]:14 [TH]:10, In
2015-08-17 14:27:06 : Aim: [G]:   8000 [E]:   8000 [D]:    0 [T]: 0 [TH]: 8 for: Dead Base
2015-08-17 14:27:06 : Aim: [G]: 108000 [E]: 108000 [D]:    0 [T]: 0 [TH]: 8 for: Live Base
2015-08-17 14:27:11 :  47> [G]:   1703 [E]: 107386 [D]:  745 [T]: 4 [TH]: 8, In
2015-08-17 14:27:11 : Aim: [G]:   6000 [E]:   6000 [D]:    0 [T]: 0 [TH]: 8 for: Dead Base
2015-08-17 14:27:11 : Aim: [G]: 106000 [E]: 106000 [D]:    0 [T]: 0 [TH]: 8 for: Live Base
2015-08-17 14:27:18 :  48> [G]: 372273 [E]: 141213 [D]: 3045 [T]:20 [TH]:10, In
2015-08-17 14:27:18 : Aim: [G]:   4000 [E]:   4000 [D]:    0 [T]: 0 [TH]: 8 for: Dead Base
2015-08-17 14:27:18 : Aim: [G]: 104000 [E]: 104000 [D]:    0 [T]: 0 [TH]: 8 for: Live Base
2015-08-17 14:27:23 :  49> [G]:  62069 [E]: 165445 [D]: 1448 [T]:23 [TH]: 9, In
2015-08-17 14:27:23 : Aim: [G]:   2000 [E]:   2000 [D]:    0 [T]: 0 [TH]: 8 for: Dead Base
2015-08-17 14:27:23 : Aim: [G]: 102000 [E]: 102000 [D]:    0 [T]: 0 [TH]: 8 for: Live Base
2015-08-17 14:27:28 :  50> [G]: 291227 [E]: 238684 [D]: 1002 [T]: 9 [TH]: 9, In
2015-08-17 14:27:28 : Aim: [G]:      0 [E]:      0 [D]:    0 [T]: 0 [TH]: 8 for: Dead Base
2015-08-17 14:27:28 : Aim: [G]: 100000 [E]: 100000 [D]:    0 [T]: 0 [TH]: 8 for: Live Base
2015-08-17 14:27:33 :  51> [G]:  95656 [E]: 157614 [D]:  439 [T]:13 [TH]: 9, In
2015-08-17 14:27:33 : Aim: [G]:      0 [E]:      0 [D]:    0 [T]: 0 [TH]: 8 for: Dead Base
2015-08-17 14:27:33 : Aim: [G]:  98000 [E]:  98000 [D]:    0 [T]: 0 [TH]: 8 for: Live Base
2015-08-17 14:27:38 :  52> [G]:  76558 [E]: 103088 [D]: 1358 [T]:15 [TH]:10, In
2015-08-17 14:27:38 : Aim: [G]:      0 [E]:      0 [D]:    0 [T]: 0 [TH]: 8 for: Dead Base
2015-08-17 14:27:38 : Aim: [G]:  96000 [E]:  96000 [D]:    0 [T]: 0 [TH]: 8 for: Live Base
2015-08-17 14:27:45 :  53> [G]:  65445 [E]:  83714 [D]: 1213 [T]:17 [TH]: 9, In
2015-08-17 14:27:45 : Aim: [G]:      0 [E]:      0 [D]:    0 [T]: 0 [TH]: 8 for: Dead Base
2015-08-17 14:27:45 : Aim: [G]:  94000 [E]:  94000 [D]:    0 [T]: 0 [TH]: 8 for: Live Base
2015-08-17 14:27:50 :  54> [G]: 117547 [E]:  53912 [D]:  297 [T]:21 [TH]: 9, In
2015-08-17 14:27:50 : Aim: [G]:      0 [E]:      0 [D]:    0 [T]: 0 [TH]: 8 for: Dead Base
2015-08-17 14:27:50 : Aim: [G]:  92000 [E]:  92000 [D]:    0 [T]: 0 [TH]: 8 for: Live Base
2015-08-17 14:27:55 :  55> [G]: 110155 [E]:  90313 [D]: 1136 [T]:23 [TH]: 9, In
2015-08-17 14:27:55 : Aim: [G]:      0 [E]:      0 [D]:    0 [T]: 0 [TH]: 8 for: Dead Base
2015-08-17 14:27:55 : Aim: [G]:  90000 [E]:  90000 [D]:    0 [T]: 0 [TH]: 8 for: Live Base
2015-08-17 14:28:00 :  56> [G]:  55412 [E]:  43005 [D]:  959 [T]:13 [TH]: 9, In
2015-08-17 14:28:00 : Aim: [G]:      0 [E]:      0 [D]:    0 [T]: 0 [TH]: 8 for: Dead Base
2015-08-17 14:28:00 : Aim: [G]:  88000 [E]:  88000 [D]:    0 [T]: 0 [TH]: 8 for: Live Base
2015-08-17 14:28:06 :  57> [G]:  75207 [E]: 153099 [D]:  715 [T]:24 [TH]: 9, In
2015-08-17 14:28:06 : Aim: [G]:      0 [E]:      0 [D]:    0 [T]: 0 [TH]: 8 for: Dead Base
2015-08-17 14:28:06 : Aim: [G]:  86000 [E]:  86000 [D]:    0 [T]: 0 [TH]: 8 for: Live Base
2015-08-17 14:28:10 :  58> [G]:  37425 [E]:  43734 [D]:  865 [T]:20 [TH]: 9, In
2015-08-17 14:28:10 : Aim: [G]:      0 [E]:      0 [D]:    0 [T]: 0 [TH]: 8 for: Dead Base
2015-08-17 14:28:11 : Aim: [G]:  84000 [E]:  84000 [D]:    0 [T]: 0 [TH]: 8 for: Live Base
2015-08-17 14:28:17 :  59> [G]:  28729 [E]:  86212 [D]:  437 [T]:12 [TH]: 9, In
2015-08-17 14:28:17 : Aim: [G]:      0 [E]:      0 [D]:    0 [T]: 0 [TH]: 8 for: Dead Base
2015-08-17 14:28:17 : Aim: [G]:  82000 [E]:  82000 [D]:    0 [T]: 0 [TH]: 8 for: Live Base
2015-08-17 14:28:25 :  60> [G]: 177760 [E]:  54328 [D]:  905 [T]:18 [TH]: -, -
2015-08-17 14:28:25 : Aim: [G]:      0 [E]:      0 [D]:    0 [T]: 0 [TH]: 8 for: Dead Base
2015-08-17 14:28:25 : Aim: [G]:  80000 [E]:  80000 [D]:    0 [T]: 0 [TH]: 8 for: Live Base
2015-08-17 14:28:31 :  61> [G]:  55185 [E]:  93531 [D]: 2091 [T]: 8 [TH]: 9, In
2015-08-17 14:28:31 : Aim: [G]:      0 [E]:      0 [D]:    0 [T]: 0 [TH]: 8 for: Dead Base
2015-08-17 14:28:31 : Aim: [G]:  78000 [E]:  78000 [D]:    0 [T]: 0 [TH]: 8 for: Live Base
2015-08-17 14:28:36 :  62> [G]:  68051 [E]:  41535 [D]: 3265 [T]:15 [TH]:10, In
2015-08-17 14:28:36 : Aim: [G]:      0 [E]:      0 [D]:    0 [T]: 0 [TH]: 8 for: Dead Base
2015-08-17 14:28:36 : Aim: [G]:  76000 [E]:  76000 [D]:    0 [T]: 0 [TH]: 8 for: Live Base
2015-08-17 14:28:41 :  63> [G]:  83728 [E]: 138514 [D]:  138 [T]: 9 [TH]: 9, In
2015-08-17 14:28:41 : Aim: [G]:      0 [E]:      0 [D]:    0 [T]: 0 [TH]: 8 for: Dead Base
2015-08-17 14:28:41 : Aim: [G]:  74000 [E]:  74000 [D]:    0 [T]: 0 [TH]: 8 for: Live Base
2015-08-17 14:28:46 :  64> [G]:  71879 [E]: 128701 [D]:  711 [T]:21 [TH]: 9, In
2015-08-17 14:28:46 : Aim: [G]:      0 [E]:      0 [D]:    0 [T]: 0 [TH]: 8 for: Dead Base
2015-08-17 14:28:46 : Aim: [G]:  72000 [E]:  72000 [D]:    0 [T]: 0 [TH]: 8 for: Live Base
2015-08-17 14:28:51 :  65> [G]:  11434 [E]:  12681 [D]:    0 [T]:18 [TH]: 9, In
2015-08-17 14:28:51 : Aim: [G]:      0 [E]:      0 [D]:    0 [T]: 0 [TH]: 8 for: Dead Base
2015-08-17 14:28:51 : Aim: [G]:  70000 [E]:  70000 [D]:    0 [T]: 0 [TH]: 8 for: Live Base
2015-08-17 14:28:57 :  66> [G]:  30743 [E]:  54689 [D]: 1409 [T]:22 [TH]: 9, In
2015-08-17 14:28:57 : Aim: [G]:      0 [E]:      0 [D]:    0 [T]: 0 [TH]: 8 for: Dead Base
2015-08-17 14:28:57 : Aim: [G]:  68000 [E]:  68000 [D]:    0 [T]: 0 [TH]: 8 for: Live Base
2015-08-17 14:29:02 :  67> [G]: 182194 [E]:  64940 [D]: 1006 [T]:13 [TH]:10, In
2015-08-17 14:29:02 : Aim: [G]:      0 [E]:      0 [D]:    0 [T]: 0 [TH]: 8 for: Dead Base
2015-08-17 14:29:02 : Aim: [G]:  66000 [E]:  66000 [D]:    0 [T]: 0 [TH]: 8 for: Live Base
2015-08-17 14:29:07 : ClashGameBot was Paused!
2015-08-17 14:29:21 : ClashGameBot was Resumed.
2015-08-17 14:29:21 :  68> [G]:  20250 [E]:  16875 [D]:  125 [T]: 2 [TH]: 8, In
2015-08-17 14:29:21 : Aim: [G]:      0 [E]:      0 [D]:    0 [T]: 0 [TH]: 8 for: Dead Base
2015-08-17 14:29:21 : Aim: [G]:  64000 [E]:  64000 [D]:    0 [T]: 0 [TH]: 8 for: Live Base
2015-08-17 14:29:22 : ~~~~~~~~~~~~~~~~ Not a Dead Base ~~~~~~~~~~~~~~~~~
2015-08-17 14:29:27 :  69> [G]: 103929 [E]:  88517 [D]:  600 [T]:23 [TH]:10, In
2015-08-17 14:29:27 : Aim: [G]:      0 [E]:      0 [D]:    0 [T]: 0 [TH]: 8 for: Dead Base
2015-08-17 14:29:27 : Aim: [G]:  62000 [E]:  62000 [D]:    0 [T]: 0 [TH]: 8 for: Live Base
2015-08-17 14:29:32 :  70> [G]:  41852 [E]:  65694 [D]: 1621 [T]:26 [TH]: 9, In
2015-08-17 14:29:32 : Aim: [G]:      0 [E]:      0 [D]:    0 [T]: 0 [TH]: 8 for: Dead Base
2015-08-17 14:29:32 : Aim: [G]:  60000 [E]:  60000 [D]:    0 [T]: 0 [TH]: 8 for: Live Base
2015-08-17 14:29:36 :  71> [G]:  16542 [E]:  22160 [D]:  241 [T]: 2 [TH]: 8, In
2015-08-17 14:29:36 : Aim: [G]:      0 [E]:      0 [D]:    0 [T]: 0 [TH]: 8 for: Dead Base
2015-08-17 14:29:37 : Aim: [G]:  58000 [E]:  58000 [D]:    0 [T]: 0 [TH]: 8 for: Live Base
2015-08-17 14:29:37 : ~~~~~~~~~~~~~~~~ Not a Dead Base ~~~~~~~~~~~~~~~~~
2015-08-17 14:29:42 :  72> [G]:  31372 [E]:  82353 [D]:  974 [T]:27 [TH]: 9, In
2015-08-17 14:29:42 : Aim: [G]:      0 [E]:      0 [D]:    0 [T]: 0 [TH]: 8 for: Dead Base
2015-08-17 14:29:42 : Aim: [G]:  56000 [E]:  56000 [D]:    0 [T]: 0 [TH]: 8 for: Live Base
2015-08-17 14:29:48 :  73> [G]:  57684 [E]:  40174 [D]:  757 [T]:12 [TH]: 9, In
2015-08-17 14:29:48 : Aim: [G]:      0 [E]:      0 [D]:    0 [T]: 0 [TH]: 8 for: Dead Base
2015-08-17 14:29:48 : Aim: [G]:  54000 [E]:  54000 [D]:    0 [T]: 0 [TH]: 8 for: Live Base
2015-08-17 14:29:52 :  74> [G]:  27263 [E]:  26157 [D]:   30 [T]: 4 [TH]: 8, In
2015-08-17 14:29:52 : Aim: [G]:      0 [E]:      0 [D]:    0 [T]: 0 [TH]: 8 for: Dead Base
2015-08-17 14:29:52 : Aim: [G]:  52000 [E]:  52000 [D]:    0 [T]: 0 [TH]: 8 for: Live Base
2015-08-17 14:29:52 : ~~~~~~~~~~~~~~~~ Not a Dead Base ~~~~~~~~~~~~~~~~~
2015-08-17 14:29:58 :  75> [G]: 108496 [E]:  94257 [D]: 1110 [T]:32 [TH]:10, In
2015-08-17 14:29:58 : Aim: [G]:      0 [E]:      0 [D]:    0 [T]: 0 [TH]: 8 for: Dead Base
2015-08-17 14:29:58 : Aim: [G]:  50000 [E]:  50000 [D]:    0 [T]: 0 [TH]: 8 for: Live Base
2015-08-17 14:30:02 : ClashGameBot was Paused!
2015-08-17 14:30:23 : ClashGameBot was Resumed.
2015-08-17 14:30:25 :  76> [G]:  99120 [E]:  54350 [D]:  599 [T]:29 [TH]:10, In
2015-08-17 14:30:25 : Aim: [G]:      0 [E]:      0 [D]:    0 [T]: 0 [TH]: 8 for: Dead Base
2015-08-17 14:30:25 : Aim: [G]:  48000 [E]:  48000 [D]:    0 [T]: 0 [TH]: 8 for: Live Base
2015-08-17 14:30:30 :  77> [G]:  42900 [E]:  89717 [D]: 1262 [T]:21 [TH]: 9, In
2015-08-17 14:30:30 : Aim: [G]:      0 [E]:      0 [D]:    0 [T]: 0 [TH]: 8 for: Dead Base
2015-08-17 14:30:30 : Aim: [G]:  46000 [E]:  46000 [D]:    0 [T]: 0 [TH]: 8 for: Live Base
2015-08-17 14:30:33 : ClashGameBot was Paused!
2015-08-17 14:30:38 : ClashGameBot was Resumed.
2015-08-17 14:30:39 :  78> [G]: 103635 [E]:  26476 [D]:  638 [T]: 3 [TH]: 8, In
2015-08-17 14:30:39 : Aim: [G]:      0 [E]:      0 [D]:    0 [T]: 0 [TH]: 8 for: Dead Base
2015-08-17 14:30:39 : Aim: [G]:  44000 [E]:  44000 [D]:    0 [T]: 0 [TH]: 8 for: Live Base
2015-08-17 14:30:40 : ~~~~~~~~~~~~~~~~ Not a Dead Base ~~~~~~~~~~~~~~~~~
2015-08-17 14:30:45 :  79> [G]:  39689 [E]:  46337 [D]: 1073 [T]:11 [TH]: 9, In
2015-08-17 14:30:45 : Aim: [G]:      0 [E]:      0 [D]:    0 [T]: 0 [TH]: 8 for: Dead Base
2015-08-17 14:30:45 : Aim: [G]:  42000 [E]:  42000 [D]:    0 [T]: 0 [TH]: 8 for: Live Base
2015-08-17 14:30:51 :  80> [G]:  92320 [E]:  42870 [D]:  349 [T]:15 [TH]: 9, In
2015-08-17 14:30:51 : Aim: [G]:      0 [E]:      0 [D]:    0 [T]: 0 [TH]: 8 for: Dead Base
2015-08-17 14:30:51 : Aim: [G]:  40000 [E]:  40000 [D]:    0 [T]: 0 [TH]: 8 for: Live Base
2015-08-17 14:30:56 :  81> [G]:  47014 [E]:  30953 [D]: 1358 [T]:14 [TH]: 9, In
2015-08-17 14:30:56 : Aim: [G]:      0 [E]:      0 [D]:    0 [T]: 0 [TH]: 8 for: Dead Base
2015-08-17 14:30:56 : Aim: [G]:  38000 [E]:  38000 [D]:    0 [T]: 0 [TH]: 8 for: Live Base
2015-08-17 14:31:02 :  82> [G]:  51441 [E]: 256450 [D]: 3165 [T]:24 [TH]:10, In
2015-08-17 14:31:02 : Aim: [G]:      0 [E]:      0 [D]:    0 [T]: 0 [TH]: 8 for: Dead Base
2015-08-17 14:31:02 : Aim: [G]:  36000 [E]:  36000 [D]:    0 [T]: 0 [TH]: 8 for: Live Base
2015-08-17 14:31:08 :  83> [G]:  15254 [E]: 126312 [D]:  210 [T]:33 [TH]:10, In
2015-08-17 14:31:08 : Aim: [G]:      0 [E]:      0 [D]:    0 [T]: 0 [TH]: 8 for: Dead Base
2015-08-17 14:31:08 : Aim: [G]:  34000 [E]:  34000 [D]:    0 [T]: 0 [TH]: 8 for: Live Base
2015-08-17 14:31:13 :  84> [G]:  45526 [E]: 142939 [D]:  827 [T]:14 [TH]: 9, In
2015-08-17 14:31:13 : Aim: [G]:      0 [E]:      0 [D]:    0 [T]: 0 [TH]: 8 for: Dead Base
2015-08-17 14:31:13 : Aim: [G]:  32000 [E]:  32000 [D]:    0 [T]: 0 [TH]: 8 for: Live Base
2015-08-17 14:31:20 :  85> [G]:  96537 [E]:  39519 [D]:  862 [T]:33 [TH]:10, In
2015-08-17 14:31:20 : Aim: [G]:      0 [E]:      0 [D]:    0 [T]: 0 [TH]: 8 for: Dead Base
2015-08-17 14:31:20 : Aim: [G]:  30000 [E]:  30000 [D]:    0 [T]: 0 [TH]: 8 for: Live Base
2015-08-17 14:31:24 : ClashGameBot was Paused!
2015-08-17 14:31:32 : ClashGameBot was Resumed.
2015-08-17 14:31:34 :  86> [G]:  44430 [E]: 133494 [D]:  617 [T]: 1 [TH]: 8, In
2015-08-17 14:31:34 : Aim: [G]:      0 [E]:      0 [D]:    0 [T]: 0 [TH]: 8 for: Dead Base
2015-08-17 14:31:34 : Aim: [G]:  28000 [E]:  28000 [D]:    0 [T]: 0 [TH]: 8 for: Live Base
2015-08-17 14:31:34 : ~~~~~~~~~~~~~~~~ Live Base Found! ~~~~~~~~~~~~~~~~
2015-08-17 14:31:34 : ================ Search Complete =================
2015-08-17 14:31:34 : Initiating attack for: Live Base
2015-08-17 14:31:37 : ClashGameBot was Paused!
