2015-08-01 18:38:01 : ~ Clash Game Bot v4.1MODS Powered by GameBot.org ~
2015-08-01 18:38:01 : GameBot.org.exe Executable running on WIN_7  X64
2015-08-01 18:38:01 : =================== Bot Start ====================
2015-08-01 18:38:01 : -------------------------  Current Profile: 01 --------------------------
2015-08-01 18:38:01 : Trying to locate Main Screen
2015-08-01 18:38:01 : Main Screen Located
2015-08-01 18:38:02 : Detecting your Buildings..
2015-08-01 18:38:08 : Language setting is English: Correct.
2015-08-01 18:38:09 : Trying to locate Main Screen
2015-08-01 18:38:09 : Main Screen Located
2015-08-01 18:38:11 : Collecting Resources
2015-08-01 18:38:17 : Checking if Village needs Rearming..
2015-08-01 18:38:25 : Village Report
2015-08-01 18:38:25 : No. of Free/Total Builders: 0/4
2015-08-01 18:38:26 :  [T]: 1 825
2015-08-01 18:38:26 :  [G]: 3 951 673 [E]: 3 277 160 [D]: 58 729 [GEM]: 954
2015-08-01 18:38:29 : Checking Army Camp...
2015-08-01 18:38:31 : Total Army Camp capacity: 160/200
2015-08-01 18:38:32 :  - No. of Barbarians: 26
2015-08-01 18:38:32 :  - No. of Archers: 134
2015-08-01 18:38:33 : Barracks and Spell factory status: 
2015-08-01 18:38:33 : - Barracks detected: 4 | Available: 3 | Upgrading: 1
2015-08-01 18:38:33 : - Dark Barracks detected: 2 | Available: 2 | Upgrading: 0
2015-08-01 18:38:33 : - Spell factory detected: 1 | Available: 1 | Upgrading: 0
2015-08-01 18:38:33 : - Dark Spell factory detected: 1 | Available: 0 | Upgrading: 1
2015-08-01 18:38:33 : Training Troops...
2015-08-01 18:38:49 : Requesting Clan Castle Troops
2015-08-01 18:38:49 : Your Clan Castle is already full or you are not in a clan.
2015-08-01 18:38:50 :  ====== Unbreakable Mode enabled! ====== 
2015-08-01 18:38:50 : Oops, Out of Dark Elxir - back to farming
2015-08-01 18:38:50 : Checking Troop Upgrade in Laboratory ...
2015-08-01 18:38:50 : Updating village values [E]: 3273110 [D]: 58729
2015-08-01 18:38:52 : Insufficent Elixir for Pekka, Lab requires: 6000000 + 250000 user reserve
2015-08-01 18:38:56 : Finished kicking
2015-08-01 18:38:56 : ====== Waiting for full army ======
2015-08-01 18:39:08 : Checking Army Camp...
2015-08-01 18:39:10 : Total Army Camp capacity: 164/200
2015-08-01 18:39:11 :  - No. of Barbarians: 29
2015-08-01 18:39:11 :  - No. of Archers: 135
2015-08-01 18:39:11 : Training Troops...
2015-08-01 18:39:20 : Time Idle: 00:00:23
2015-08-01 18:39:20 : ====== Waiting for full army ======
2015-08-01 18:39:32 : Checking Army Camp...
2015-08-01 18:39:34 : Total Army Camp capacity: 167/200
2015-08-01 18:39:35 :  - No. of Barbarians: 32
2015-08-01 18:39:35 :  - No. of Archers: 135
2015-08-01 18:39:35 : Training Troops...
2015-08-01 18:39:43 : Time Idle: 00:00:46
2015-08-01 18:39:43 : ====== Waiting for full army ======
2015-08-01 18:39:56 : Checking Army Camp...
2015-08-01 18:39:58 : Total Army Camp capacity: 171/200
2015-08-01 18:39:59 :  - No. of Barbarians: 36
2015-08-01 18:39:59 :  - No. of Archers: 135
2015-08-01 18:39:59 : Training Troops...
2015-08-01 18:40:07 : Time Idle: 00:01:09
2015-08-01 18:40:07 : ====== Waiting for full army ======
2015-08-01 18:40:19 : Checking Army Camp...
2015-08-01 18:40:21 : Total Army Camp capacity: 175/200
2015-08-01 18:40:22 :  - No. of Barbarians: 40
2015-08-01 18:40:22 :  - No. of Archers: 135
2015-08-01 18:40:22 : Training Troops...
2015-08-01 18:40:30 : Time Idle: 00:01:31
2015-08-01 18:40:30 : ====== Waiting for full army ======
2015-08-01 18:40:42 : Checking Army Camp...
2015-08-01 18:40:44 : Total Army Camp capacity: 179/200
2015-08-01 18:40:45 :  - No. of Barbarians: 44
2015-08-01 18:40:45 :  - No. of Archers: 135
2015-08-01 18:40:45 : Training Troops...
2015-08-01 18:40:53 : Time Idle: 00:01:54
2015-08-01 18:40:53 : ====== Waiting for full army ======
2015-08-01 18:41:05 : Collecting Resources
2015-08-01 18:41:10 : Checking Army Camp...
2015-08-01 18:41:12 : Total Army Camp capacity: 182/200
2015-08-01 18:41:13 :  - No. of Barbarians: 47
2015-08-01 18:41:13 :  - No. of Archers: 135
2015-08-01 18:41:14 : Training Troops...
2015-08-01 18:41:21 : Time Idle: 00:02:22
2015-08-01 18:41:21 : ====== Waiting for full army ======
2015-08-01 18:41:33 : Checking Army Camp...
2015-08-01 18:41:35 : Total Army Camp capacity: 185/200
2015-08-01 18:41:36 :  - No. of Barbarians: 50
2015-08-01 18:41:36 :  - No. of Archers: 135
2015-08-01 18:41:36 : Training Troops...
2015-08-01 18:41:44 : Time Idle: 00:02:45
2015-08-01 18:41:44 : ====== Waiting for full army ======
2015-08-01 18:41:56 : Checking Army Camp...
2015-08-01 18:41:58 : Total Army Camp capacity: 189/200
2015-08-01 18:41:59 :  - No. of Barbarians: 54
2015-08-01 18:41:59 :  - No. of Archers: 135
2015-08-01 18:41:59 : Training Troops...
2015-08-01 18:42:07 : Time Idle: 00:03:07
2015-08-01 18:42:07 : ====== Waiting for full army ======
2015-08-01 18:42:19 : Checking Army Camp...
2015-08-01 18:42:21 : Total Army Camp capacity: 193/200
2015-08-01 18:42:22 :  - No. of Barbarians: 58
2015-08-01 18:42:22 :  - No. of Archers: 135
2015-08-01 18:42:22 : Training Troops...
2015-08-01 18:42:30 : Time Idle: 00:03:30
2015-08-01 18:42:30 : ====== Waiting for full army ======
2015-08-01 18:42:42 : Checking Army Camp...
2015-08-01 18:42:44 : Total Army Camp capacity: 197/200
2015-08-01 18:42:45 :  - No. of Barbarians: 62
2015-08-01 18:42:45 :  - No. of Archers: 135
2015-08-01 18:42:45 : Training Troops...
2015-08-01 18:42:53 : Time Idle: 00:03:53
2015-08-01 18:42:53 : ====== Waiting for full army ======
2015-08-01 18:43:05 : Checking Army Camp...
2015-08-01 18:43:07 : Total Army Camp capacity: 200/200
2015-08-01 18:43:08 :  - No. of Barbarians: 65
2015-08-01 18:43:08 :  - No. of Archers: 135
2015-08-01 18:43:08 : Training Troops...
2015-08-01 18:43:09 : Your Army Camps are now Full
2015-08-01 18:43:26 : Going to Attack...
2015-08-01 18:43:32 : ============== Searching For Dead Base ===============
2015-08-01 18:43:32 : ~~~~~~~~~~~~~~~ SEARCH CONDITIONS ~~~~~~~~~~~~~~~~
2015-08-01 18:43:32 : Meet: Gold and Elixir
2015-08-01 18:43:32 : ~~~~~~~~~~~~~~ RESOURCE CONDITIONS ~~~~~~~~~~~~~~~
2015-08-01 18:43:32 : Aim: [G]: 200000 [E]: 200000 [D]:    0 [T]: 0 for: Dead Base
2015-08-01 18:43:32 : ~~~~~~~~~~~~~~~ ADVANCED SETTINGS ~~~~~~~~~~~~~~~~
2015-08-01 18:43:32 : THSnipe Combo, 1 Tile(s), AttackTH, Attack3:GBarch
2015-08-01 18:43:32 : ==================================================
2015-08-01 18:43:33 :   1> [G]: 107699 [E]:  89324 [D]:  540 [T]:28 [TH]: 8, In
2015-08-01 18:43:36 :   2> [G]:  26401 [E]:  22797 [D]:  155 [T]:29 [TH]: 7, In
2015-08-01 18:43:42 :   3> [G]:  10220 [E]:  13618 [D]:  141 [T]:29 [TH]: -, -
2015-08-01 18:43:44 :   4> [G]:  20104 [E]:  23159 [D]:   80 [T]:20 [TH]: 7, In
2015-08-01 18:43:51 :   5> [G]: 261728 [E]: 268722 [D]:  186 [T]:25 [TH]: 7, In
2015-08-01 18:43:51 : ~~~~~~~~~~~~~~~~ Not a Dead Base ~~~~~~~~~~~~~~~~~
2015-08-01 18:43:55 :   6> [G]: 102647 [E]:  78821 [D]:  734 [T]:24 [TH]: 8, In
2015-08-01 18:43:58 :   7> [G]:  56567 [E]:  71235 [D]:  817 [T]:31 [TH]: 9, In
2015-08-01 18:44:01 :   8> [G]:  67793 [E]:  32048 [D]:  216 [T]:30 [TH]: 7, In
2015-08-01 18:44:05 :   9> [G]:  59007 [E]:  95589 [D]:  513 [T]:29 [TH]: 8, In
2015-08-01 18:44:08 :  10> [G]:  36917 [E]:  97452 [D]:  307 [T]:28 [TH]: 8, In
2015-08-01 18:44:11 :  11> [G]:   2250 [E]:  16174 [D]:    3 [T]:13 [TH]: 7, In
2015-08-01 18:44:14 :  12> [G]: 183425 [E]: 145934 [D]:  712 [T]:17 [TH]: 7, In
2015-08-01 18:44:20 :  13> [G]: 217988 [E]: 259710 [D]: 1728 [T]:17 [TH]: -, -
2015-08-01 18:44:20 : ~~~~~~~~~~~~~~~~ Not a Dead Base ~~~~~~~~~~~~~~~~~
2015-08-01 18:44:23 :  14> [G]:  56321 [E]: 109114 [D]:  750 [T]:14 [TH]: 8, In
2015-08-01 18:44:27 :  15> [G]: 224353 [E]: 195542 [D]:  688 [T]:25 [TH]: 7, In
2015-08-01 18:44:29 :  16> [G]:  67912 [E]:  44175 [D]:  245 [T]:16 [TH]: 7, In
2015-08-01 18:44:36 :  17> [G]:  53830 [E]:  48769 [D]:  501 [T]:32 [TH]: 8, In
2015-08-01 18:44:39 :  18> [G]:  56756 [E]:  83824 [D]:  282 [T]:32 [TH]: 8, In
2015-08-01 18:44:42 :  19> [G]:  16148 [E]: 108852 [D]:  166 [T]:31 [TH]: 9, In
2015-08-01 18:44:49 :  20> [G]:  79323 [E]: 269811 [D]: 1386 [T]:28 [TH]: 9, In
2015-08-01 18:44:49 : Aim: [G]: 198000 [E]: 198000 [D]:    0 [T]: 0 for: Dead Base
2015-08-01 18:44:51 :  21> [G]: 137929 [E]:  26255 [D]:    9 [T]:24 [TH]: 7, In
2015-08-01 18:44:58 :  22> [G]: 120762 [E]: 103349 [D]:  153 [T]:27 [TH]: 8, In
2015-08-01 18:45:03 :  23> [G]:  28203 [E]: 153071 [D]:   67 [T]:17 [TH]: 7, In
2015-08-01 18:45:05 :  24> [G]:  31655 [E]:  61939 [D]:  188 [T]:22 [TH]: 7, In
2015-08-01 18:45:12 :  25> [G]:  53655 [E]:  41786 [D]:  776 [T]:15 [TH]: 8, In
2015-08-01 18:45:14 :  26> [G]:  69562 [E]: 146600 [D]:  401 [T]:13 [TH]: 7, In
2015-08-01 18:45:21 :  27> [G]:  26944 [E]:  58097 [D]:  473 [T]:23 [TH]: 9, In
2015-08-01 18:45:25 :  28> [G]:  83374 [E]:  59896 [D]:  537 [T]:29 [TH]: 9, In
2015-08-01 18:45:28 :  29> [G]: 120481 [E]: 106969 [D]: 1052 [T]:16 [TH]: 8, In
2015-08-01 18:45:31 :  30> [G]: 121430 [E]: 131152 [D]:  454 [T]:24 [TH]: 8, In
2015-08-01 18:45:34 :  31> [G]:  40290 [E]:  96884 [D]:  619 [T]:31 [TH]: 8, In
2015-08-01 18:45:38 :  32> [G]:  55480 [E]:  67144 [D]:  524 [T]:15 [TH]: 8, In
2015-08-01 18:45:43 :  33> [G]: 150238 [E]: 215932 [D]: 1341 [T]:29 [TH]: 8, In
2015-08-01 18:45:46 :  34> [G]:  44376 [E]:  49951 [D]:  337 [T]:22 [TH]: 8, In
2015-08-01 18:45:49 :  35> [G]:  60942 [E]:  66809 [D]:   97 [T]:17 [TH]: 8, In
2015-08-01 18:45:52 :  36> [G]:   6754 [E]:   4054 [D]:    0 [T]:25 [TH]: 7, In
2015-08-01 18:45:58 :  37> [G]:  73314 [E]:   1854 [D]:  380 [T]:27 [TH]: 7, In
2015-08-01 18:46:02 :  38> [G]:  35041 [E]: 113924 [D]: 1358 [T]:18 [TH]: 9, In
2015-08-01 18:46:05 :  39> [G]:  65862 [E]:  54521 [D]:   75 [T]:21 [TH]: 7, In
2015-08-01 18:46:09 :  40> [G]:  89761 [E]:  54610 [D]:  374 [T]:28 [TH]:10, In
2015-08-01 18:46:09 : Aim: [G]: 196000 [E]: 196000 [D]:    0 [T]: 0 for: Dead Base
2015-08-01 18:46:12 :  41> [G]: 105563 [E]:  80076 [D]: 1019 [T]:25 [TH]: 9, In
2015-08-01 18:46:15 :  42> [G]:  73001 [E]:  72463 [D]:    0 [T]:26 [TH]: 7, In
2015-08-01 18:46:23 :  43> [G]:  59312 [E]:  70882 [D]:    2 [T]:19 [TH]: 7, In
2015-08-01 18:46:27 :  44> [G]: 144429 [E]:  94121 [D]:  139 [T]:15 [TH]: 8, In
2015-08-01 18:46:30 :  45> [G]:  97645 [E]:  37156 [D]:  521 [T]:20 [TH]: 7, In
2015-08-01 18:46:35 :  46> [G]: 121817 [E]:  82414 [D]: 1433 [T]:25 [TH]: 8, In
2015-08-01 18:46:38 :  47> [G]: 131519 [E]: 147277 [D]:  530 [T]:18 [TH]: 9, In
2015-08-01 18:46:41 :  48> [G]: 404322 [E]: 360207 [D]: 3053 [T]:26 [TH]:10, In
2015-08-01 18:46:42 : ~~~~~~~~~~~~~~~~ Not a Dead Base ~~~~~~~~~~~~~~~~~
2015-08-01 18:46:45 :  49> [G]:  31119 [E]:  59182 [D]:  113 [T]:15 [TH]: 7, In
2015-08-01 18:46:51 :  50> [G]:  82697 [E]: 117191 [D]:  294 [T]:17 [TH]: 7, In
2015-08-01 18:46:57 :  51> [G]:  72726 [E]:  58660 [D]: 1800 [T]:31 [TH]: -, -
2015-08-01 18:47:00 :  52> [G]: 231386 [E]: 239913 [D]:  114 [T]:14 [TH]: 7, In
2015-08-01 18:47:00 : ~~~~~~~~~~~~~~~~ Dead Base Found! ~~~~~~~~~~~~~~~~
2015-08-01 18:47:01 : ================ Search Complete =================
2015-08-01 18:47:02 : Initiating attack for: Dead Base
2015-08-01 18:47:04 : -Barbarians 65
2015-08-01 18:47:04 : -Archers 135
2015-08-01 18:47:04 : -Clan Castle 
2015-08-01 18:47:04 : -King 
2015-08-01 18:47:04 : -Lightning Spells 2
2015-08-01 18:47:04 : -Poison Spells 1
2015-08-01 18:47:04 :  ====== Start Attack ====== 
2015-08-01 18:47:06 : Calculating Smart Attack Strategy
2015-08-01 18:47:07 : Calculated  (in 0.46 seconds) :
2015-08-01 18:47:07 : Locating Mines, Collectors & Drills
2015-08-01 18:47:09 : Located  (in 1.81 seconds) :
2015-08-01 18:47:09 : [6] Gold Mines
2015-08-01 18:47:09 : [6] Elixir Collectors
2015-08-01 18:47:09 : [0] Dark Elixir Drill/s
2015-08-01 18:47:09 : Four fingers Barch deployment style
2015-08-01 18:47:10 : Dropping first wave of Barbarians 65
2015-08-01 18:47:15 : Dropping first wave of Archers 135
2015-08-01 18:47:24 : Dropping King
2015-08-01 18:47:26 : Dropping left over troops
2015-08-01 18:47:26 : Checking remaining unused troops for: Dead Base
2015-08-01 18:47:28 : -Clan Castle 
2015-08-01 18:47:29 : -Lightning Spells 2
2015-08-01 18:47:29 : -Poison Spells 1
2015-08-01 18:47:37 : Checking remaining unused troops for: Dead Base
2015-08-01 18:47:39 : -Clan Castle 
2015-08-01 18:47:39 : -Lightning Spells 2
2015-08-01 18:47:39 : -Poison Spells 1
2015-08-01 18:47:48 : Finished Attacking, waiting for the battle to end
2015-08-01 18:47:48 : Checking if the battle has finished
2015-08-01 18:47:50 : detected [G]: 7434 [E]: 0 [DE]: 114 |  Exit in 18 sec.
2015-08-01 18:47:51 : detected [G]: 7434 [E]: 0 [DE]: 114 |  Exit in 17 sec.
2015-08-01 18:47:52 : detected [G]: 7434 [E]: 0 [DE]: 114 |  Exit in 16 sec.
2015-08-01 18:47:53 : detected [G]: 7434 [E]: 0 [DE]: 114 |  Exit in 15 sec.
2015-08-01 18:47:54 : detected [G]: 7434 [E]: 0 [DE]: 114 |  Exit in 14 sec.
2015-08-01 18:47:56 : detected [G]: 7434 [E]: 0 [DE]: 114 |  Exit in 12 sec.
2015-08-01 18:47:57 : detected [G]: 7434 [E]: 0 [DE]: 114 |  Exit in 11 sec.
2015-08-01 18:47:58 : detected [G]: 7434 [E]: 0 [DE]: 114 |  Exit in 10 sec.
2015-08-01 18:47:59 : detected [G]: 7434 [E]: 0 [DE]: 114 |  Exit in  9 sec.
2015-08-01 18:48:00 : detected [G]: 7434 [E]: 0 [DE]: 114 |  Exit in  8 sec.
2015-08-01 18:48:01 : detected [G]: 7434 [E]: 0 [DE]: 114 |  Exit in  7 sec.
2015-08-01 18:48:03 : detected [G]: 7434 [E]: 0 [DE]: 114 |  Exit in  6 sec.
2015-08-01 18:48:04 : detected [G]: 7434 [E]: 0 [DE]: 114 |  Exit in  4 sec.
2015-08-01 18:48:05 : detected [G]: 7434 [E]: 0 [DE]: 114 |  Exit in  3 sec.
2015-08-01 18:48:06 : detected [G]: 7434 [E]: 0 [DE]: 114 |  Exit in  2 sec.
2015-08-01 18:48:07 : detected [G]: 7434 [E]: 0 [DE]: 114 |  Exit in  1 sec.
2015-08-01 18:48:08 : detected [G]: 7434 [E]: 0 [DE]: 114 |  Exit in  0 sec.
2015-08-01 18:48:10 : detected [G]: 7434 [E]: 0 [DE]: 114 |  Exit in  0 sec.
2015-08-01 18:48:10 : Gold & Elixir & DE no change detected, exit
2015-08-01 18:48:10 : Activating King's power to restore some health before EndBattle
2015-08-01 18:48:10 : Returning Home
2015-08-01 18:48:14 : Loot: [G]: 223 952 [E]: 239 913 [DE]:  [T]: 9
2015-08-01 18:48:14 : Bonus [G]: 14 000 [E]: 14 000
2015-08-01 18:48:16 : Your league level is: Gold I
2015-08-01 18:48:16 : Stars earned: 2
2015-08-01 18:48:24 : Trying to locate Main Screen
2015-08-01 18:48:24 : Main Screen Located
2015-08-01 18:48:26 : Collecting Resources
2015-08-01 18:48:35 : Checking if Village needs Rearming..
2015-08-01 18:48:43 : Village Report
2015-08-01 18:48:43 : No. of Free/Total Builders: 0/4
2015-08-01 18:48:43 :  [T]: 1 834
2015-08-01 18:48:43 :  [G]: 4 164 811 [E]: 3 508 204 [D]: 58 757 [GEM]: 954
2015-08-01 18:48:46 : Chat Request: defence svp
2015-08-01 18:48:46 : Archers Keyword found: def
2015-08-01 18:48:47 : Donating Archers
2015-08-01 18:48:49 : Checking Army Camp...
2015-08-01 18:48:51 : Total Army Camp capacity: 37/200
2015-08-01 18:48:52 :  - No. of Barbarians: 17
2015-08-01 18:48:52 :  - No. of Archers: 20
2015-08-01 18:48:53 : Training Troops...
2015-08-01 18:49:05 : Requesting Clan Castle Troops
2015-08-01 18:49:06 : Your Clan Castle is already full or you are not in a clan.
2015-08-01 18:49:07 :  ====== Unbreakable Mode restarted! ====== 
2015-08-01 18:49:07 : Oops, wait for 70% troops filled
2015-08-01 18:49:08 : Trying to locate Main Screen
2015-08-01 18:49:08 : Main Screen Located
2015-08-01 18:49:09 : Collecting Resources
2015-08-01 18:49:16 : Checking if Village needs Rearming..
2015-08-01 18:49:22 : ClashGameBot was Paused!
2015-08-01 18:49:39 : ClashGameBot was Resumed.
2015-08-01 18:49:41 : Village Report
2015-08-01 18:49:41 : No. of Free/Total Builders: 0/4
2015-08-01 18:49:41 :  [T]: 1 834
2015-08-01 18:49:41 :  [G]: 4 164 811 [E]: 3 460 284 [D]: 58 757 [GEM]: 954
2015-08-01 18:49:44 : Checking Army Camp...
2015-08-01 18:49:46 : Total Army Camp capacity: 43/200
2015-08-01 18:49:47 :  - No. of Barbarians: 19
2015-08-01 18:49:47 :  - No. of Archers: 24
2015-08-01 18:49:48 : Training Troops...
2015-08-01 18:49:57 : Requesting Clan Castle Troops
2015-08-01 18:49:57 : Your Clan Castle is already full or you are not in a clan.
2015-08-01 18:49:58 :  ====== Unbreakable Mode enabled! ====== 
2015-08-01 18:49:58 : Oops, wait for 70% troops filled
2015-08-01 18:49:59 : Trying to locate Main Screen
2015-08-01 18:49:59 : Main Screen Located
2015-08-01 18:50:00 : Collecting Resources
2015-08-01 18:50:08 : Checking if Village needs Rearming..
2015-08-01 18:50:16 : Village Report
2015-08-01 18:50:16 : No. of Free/Total Builders: 0/4
2015-08-01 18:50:16 :  [T]: 1 834
2015-08-01 18:50:16 :  [G]: 4 164 811 [E]: 3 460 134 [D]: 58 761 [GEM]: 954
2015-08-01 18:50:19 : Checking Army Camp...
2015-08-01 18:50:21 : Total Army Camp capacity: 47/200
2015-08-01 18:50:22 :  - No. of Barbarians: 21
2015-08-01 18:50:22 :  - No. of Archers: 26
2015-08-01 18:50:23 : Training Troops...
2015-08-01 18:50:31 : Requesting Clan Castle Troops
2015-08-01 18:50:32 : Your Clan Castle is already full or you are not in a clan.
2015-08-01 18:50:33 :  ====== Unbreakable Mode enabled! ====== 
2015-08-01 18:50:33 : Oops, wait for 70% troops filled
2015-08-01 18:50:34 : Trying to locate Main Screen
2015-08-01 18:50:34 : Main Screen Located
2015-08-01 18:50:35 : Collecting Resources
2015-08-01 18:50:42 : Checking if Village needs Rearming..
2015-08-01 18:50:49 : Village Report
2015-08-01 18:50:49 : No. of Free/Total Builders: 0/4
2015-08-01 18:50:50 :  [T]: 1 834
2015-08-01 18:50:50 :  [G]: 4 164 811 [E]: 3 460 134 [D]: 58 761 [GEM]: 954
2015-08-01 18:50:53 : Checking Army Camp...
2015-08-01 18:50:55 : Total Army Camp capacity: 53/200
2015-08-01 18:50:56 :  - No. of Barbarians: 23
2015-08-01 18:50:56 :  - No. of Archers: 30
2015-08-01 18:50:56 : Training Troops...
2015-08-01 18:51:05 : Requesting Clan Castle Troops
2015-08-01 18:51:05 : Your Clan Castle is already full or you are not in a clan.
2015-08-01 18:51:06 :  ====== Unbreakable Mode enabled! ====== 
2015-08-01 18:51:06 : Oops, wait for 70% troops filled
2015-08-01 18:51:07 : Trying to locate Main Screen
2015-08-01 18:51:07 : Main Screen Located
2015-08-01 18:51:09 : Collecting Resources
2015-08-01 18:51:10 : ClashGameBot was Paused!
2015-08-01 18:52:13 : ClashGameBot was Resumed.
2015-08-01 18:52:20 : Checking if Village needs Rearming..
2015-08-01 18:52:27 : Village Report
2015-08-01 18:52:27 : No. of Free/Total Builders: 0/4
2015-08-01 18:52:28 :  [T]: 1 834
2015-08-01 18:52:28 :  [G]: 4 164 811 [E]: 3 461 076 [D]: 58 767 [GEM]: 954
2015-08-01 18:52:31 : Checking Army Camp...
2015-08-01 18:52:33 : Total Army Camp capacity: 65/200
2015-08-01 18:52:34 :  - No. of Barbarians: 28
2015-08-01 18:52:34 :  - No. of Archers: 38
2015-08-01 18:52:34 : Training Troops...
2015-08-01 18:52:42 : Requesting Clan Castle Troops
2015-08-01 18:52:43 : Your Clan Castle is already full or you are not in a clan.
2015-08-01 18:52:44 :  ====== Unbreakable Mode enabled! ====== 
2015-08-01 18:52:44 : Oops, wait for 70% troops filled
2015-08-01 18:52:45 : Trying to locate Main Screen
2015-08-01 18:52:45 : Main Screen Located
2015-08-01 18:52:46 : Collecting Resources
2015-08-01 18:52:54 : Checking if Village needs Rearming..
2015-08-01 18:53:01 : Village Report
2015-08-01 18:53:01 : No. of Free/Total Builders: 0/4
2015-08-01 18:53:01 :  [T]: 1 834
2015-08-01 18:53:02 :  [G]: 4 164 811 [E]: 3 461 388 [D]: 58 767 [GEM]: 954
2015-08-01 18:53:05 : Checking Army Camp...
2015-08-01 18:53:07 : Total Army Camp capacity: 69/200
2015-08-01 18:53:08 :  - No. of Barbarians: 29
2015-08-01 18:53:08 :  - No. of Archers: 40
2015-08-01 18:53:08 : Training Troops...
2015-08-01 18:53:16 : Requesting Clan Castle Troops
2015-08-01 18:53:17 : Your Clan Castle is already full or you are not in a clan.
2015-08-01 18:53:18 :  ====== Unbreakable Mode enabled! ====== 
2015-08-01 18:53:18 : Oops, wait for 70% troops filled
2015-08-01 18:53:19 : Trying to locate Main Screen
2015-08-01 18:53:19 : Main Screen Located
2015-08-01 18:53:20 : Collecting Resources
2015-08-01 18:53:28 : Checking if Village needs Rearming..
2015-08-01 18:53:36 : Village Report
2015-08-01 18:53:36 : No. of Free/Total Builders: 0/4
2015-08-01 18:53:36 :  [T]: 1 834
2015-08-01 18:53:36 :  [G]: 4 166 843 [E]: 3 461 388 [D]: 58 769 [GEM]: 954
2015-08-01 18:53:40 : Checking Army Camp...
2015-08-01 18:53:42 : Total Army Camp capacity: 73/200
2015-08-01 18:53:42 :  - No. of Barbarians: 31
2015-08-01 18:53:43 :  - No. of Archers: 42
2015-08-01 18:53:43 : Training Troops...
2015-08-01 18:53:51 : Requesting Clan Castle Troops
2015-08-01 18:53:52 : Your Clan Castle is already full or you are not in a clan.
2015-08-01 18:53:53 :  ====== Unbreakable Mode enabled! ====== 
2015-08-01 18:53:53 : Oops, wait for 70% troops filled
2015-08-01 18:53:54 : Trying to locate Main Screen
2015-08-01 18:53:54 : Main Screen Located
2015-08-01 18:53:55 : Collecting Resources
2015-08-01 18:54:02 : Checking if Village needs Rearming..
2015-08-01 18:54:11 : Village Report
2015-08-01 18:54:11 : No. of Free/Total Builders: 0/4
2015-08-01 18:54:11 :  [T]: 1 834
2015-08-01 18:54:11 :  [G]: 4 167 387 [E]: 3 461 388 [D]: 58 769 [GEM]: 954
2015-08-01 18:54:15 : Checking Army Camp...
2015-08-01 18:54:17 : Total Army Camp capacity: 78/200
2015-08-01 18:54:17 :  - No. of Barbarians: 31
2015-08-01 18:54:18 :  - No. of Archers: 47
2015-08-01 18:54:18 : Training Troops...
2015-08-01 18:54:28 : Requesting Clan Castle Troops
2015-08-01 18:54:28 : Your Clan Castle is already full or you are not in a clan.
2015-08-01 18:54:30 :  ====== Unbreakable Mode enabled! ====== 
2015-08-01 18:54:30 : Oops, wait for 70% troops filled
2015-08-01 18:54:31 : Trying to locate Main Screen
2015-08-01 18:54:31 : Main Screen Located
2015-08-01 18:54:32 : Collecting Resources
2015-08-01 18:54:39 : Checking if Village needs Rearming..
2015-08-01 18:54:47 : Village Report
2015-08-01 18:54:47 : No. of Free/Total Builders: 0/4
2015-08-01 18:54:47 :  [T]: 1 834
2015-08-01 18:54:47 :  [G]: 4 167 387 [E]: 3 457 788 [D]: 58 771 [GEM]: 954
2015-08-01 18:54:50 : Checking Army Camp...
2015-08-01 18:54:52 : Total Army Camp capacity: 83/200
2015-08-01 18:54:53 :  - No. of Barbarians: 34
2015-08-01 18:54:53 :  - No. of Archers: 49
2015-08-01 18:54:53 : Training Troops...
2015-08-01 18:55:02 : Requesting Clan Castle Troops
2015-08-01 18:55:03 : Your Clan Castle is already full or you are not in a clan.
2015-08-01 18:55:04 :  ====== Unbreakable Mode enabled! ====== 
2015-08-01 18:55:04 : Oops, wait for 70% troops filled
2015-08-01 18:55:05 : Trying to locate Main Screen
2015-08-01 18:55:05 : Main Screen Located
2015-08-01 18:55:06 : Collecting Resources
2015-08-01 18:55:13 : Checking if Village needs Rearming..
2015-08-01 18:55:20 : Village Report
2015-08-01 18:55:20 : No. of Free/Total Builders: 0/4
2015-08-01 18:55:20 :  [T]: 1 834
2015-08-01 18:55:21 :  [G]: 4 167 387 [E]: 3 457 788 [D]: 58 771 [GEM]: 954
2015-08-01 18:55:24 : Checking Army Camp...
2015-08-01 18:55:26 : Total Army Camp capacity: 87/200
2015-08-01 18:55:27 :  - No. of Barbarians: 37
2015-08-01 18:55:27 :  - No. of Archers: 50
2015-08-01 18:55:27 : Training Troops...
2015-08-01 18:55:36 : Requesting Clan Castle Troops
2015-08-01 18:55:37 : Your Clan Castle is already full or you are not in a clan.
2015-08-01 18:55:38 :  ====== Unbreakable Mode enabled! ====== 
2015-08-01 18:55:38 : Oops, wait for 70% troops filled
2015-08-01 18:55:39 : Trying to locate Main Screen
2015-08-01 18:55:39 : Main Screen Located
2015-08-01 18:55:40 : Collecting Resources
2015-08-01 18:55:47 : Checking if Village needs Rearming..
2015-08-01 18:55:55 : Village Report
2015-08-01 18:55:55 : No. of Free/Total Builders: 0/4
2015-08-01 18:55:55 :  [T]: 1 834
2015-08-01 18:55:55 :  [G]: 4 167 387 [E]: 3 457 788 [D]: 58 773 [GEM]: 954
2015-08-01 18:55:59 : Checking Army Camp...
2015-08-01 18:56:01 : Total Army Camp capacity: 92/200
2015-08-01 18:56:02 :  - No. of Barbarians: 41
2015-08-01 18:56:02 :  - No. of Archers: 52
2015-08-01 18:56:02 : Training Troops...
2015-08-01 18:56:10 : Requesting Clan Castle Troops
2015-08-01 18:56:11 : Your Clan Castle is already full or you are not in a clan.
2015-08-01 18:56:12 :  ====== Unbreakable Mode enabled! ====== 
2015-08-01 18:56:12 : Oops, wait for 70% troops filled
2015-08-01 18:56:13 : Trying to locate Main Screen
2015-08-01 18:56:13 : Main Screen Located
2015-08-01 18:56:14 : Collecting Resources
2015-08-01 18:56:22 : Checking if Village needs Rearming..
2015-08-01 18:56:30 : Village Report
2015-08-01 18:56:30 : No. of Free/Total Builders: 0/4
2015-08-01 18:56:30 :  [T]: 1 834
2015-08-01 18:56:30 :  [G]: 4 167 387 [E]: 3 458 804 [D]: 58 773 [GEM]: 954
2015-08-01 18:56:33 : Checking Army Camp...
2015-08-01 18:56:35 : Total Army Camp capacity: 98/200
2015-08-01 18:56:36 :  - No. of Barbarians: 45
2015-08-01 18:56:36 :  - No. of Archers: 53
2015-08-01 18:56:37 : Training Troops...
2015-08-01 18:56:45 : Requesting Clan Castle Troops
2015-08-01 18:56:46 : Your Clan Castle is already full or you are not in a clan.
2015-08-01 18:56:47 :  ====== Unbreakable Mode enabled! ====== 
2015-08-01 18:56:47 : Oops, wait for 70% troops filled
2015-08-01 18:56:48 : Trying to locate Main Screen
2015-08-01 18:56:48 : Main Screen Located
2015-08-01 18:56:49 : Collecting Resources
2015-08-01 18:56:56 : Checking if Village needs Rearming..
2015-08-01 18:57:04 : Village Report
2015-08-01 18:57:04 : No. of Free/Total Builders: 0/4
2015-08-01 18:57:04 :  [T]: 1 834
2015-08-01 18:57:04 :  [G]: 4 167 387 [E]: 3 458 804 [D]: 58 775 [GEM]: 954
2015-08-01 18:57:08 : Checking Army Camp...
2015-08-01 18:57:10 : Total Army Camp capacity: 102/200
2015-08-01 18:57:11 :  - No. of Barbarians: 48
2015-08-01 18:57:11 :  - No. of Archers: 54
2015-08-01 18:57:11 : Training Troops...
2015-08-01 18:57:20 : Requesting Clan Castle Troops
2015-08-01 18:57:20 : Your Clan Castle is already full or you are not in a clan.
2015-08-01 18:57:21 :  ====== Unbreakable Mode enabled! ====== 
2015-08-01 18:57:21 : Oops, wait for 70% troops filled
2015-08-01 18:57:22 : Trying to locate Main Screen
2015-08-01 18:57:22 : Main Screen Located
2015-08-01 18:57:24 : Collecting Resources
2015-08-01 18:57:30 : Checking if Village needs Rearming..
2015-08-01 18:57:39 : Village Report
2015-08-01 18:57:39 : No. of Free/Total Builders: 0/4
2015-08-01 18:57:39 :  [T]: 1 834
2015-08-01 18:57:39 :  [G]: 4 167 387 [E]: 3 459 141 [D]: 58 775 [GEM]: 954
2015-08-01 18:57:43 : Checking Army Camp...
2015-08-01 18:57:44 : Total Army Camp capacity: 106/200
2015-08-01 18:57:45 :  - No. of Barbarians: 51
2015-08-01 18:57:45 :  - No. of Archers: 55
2015-08-01 18:57:46 : Training Troops...
2015-08-01 18:57:55 : Requesting Clan Castle Troops
2015-08-01 18:57:56 : Your Clan Castle is already full or you are not in a clan.
2015-08-01 18:57:57 :  ====== Unbreakable Mode enabled! ====== 
2015-08-01 18:57:57 : Oops, wait for 70% troops filled
2015-08-01 18:57:58 : Trying to locate Main Screen
2015-08-01 18:57:58 : Main Screen Located
2015-08-01 18:57:59 : Collecting Resources
2015-08-01 18:58:06 : Checking if Village needs Rearming..
2015-08-01 18:58:14 : Village Report
2015-08-01 18:58:14 : No. of Free/Total Builders: 0/4
2015-08-01 18:58:14 :  [T]: 1 834
2015-08-01 18:58:14 :  [G]: 4 167 387 [E]: 3 458 541 [D]: 58 777 [GEM]: 954
2015-08-01 18:58:18 : Checking Army Camp...
2015-08-01 18:58:20 : Total Army Camp capacity: 111/200
2015-08-01 18:58:21 :  - No. of Barbarians: 55
2015-08-01 18:58:21 :  - No. of Archers: 56
2015-08-01 18:58:21 : Training Troops...
2015-08-01 18:58:29 : Requesting Clan Castle Troops
2015-08-01 18:58:30 : Your Clan Castle is already full or you are not in a clan.
2015-08-01 18:58:31 :  ====== Unbreakable Mode enabled! ====== 
2015-08-01 18:58:31 : Oops, wait for 70% troops filled
2015-08-01 18:58:32 : Trying to locate Main Screen
2015-08-01 18:58:32 : Main Screen Located
2015-08-01 18:58:33 : Collecting Resources
2015-08-01 18:58:40 : Checking if Village needs Rearming..
2015-08-01 18:58:48 : Village Report
2015-08-01 18:58:48 : No. of Free/Total Builders: 0/4
2015-08-01 18:58:48 :  [T]: 1 834
2015-08-01 18:58:48 :  [G]: 4 169 542 [E]: 3 458 541 [D]: 58 777 [GEM]: 954
2015-08-01 18:58:52 : Checking Army Camp...
2015-08-01 18:58:54 : Total Army Camp capacity: 115/200
2015-08-01 18:58:55 :  - No. of Barbarians: 58
2015-08-01 18:58:55 :  - No. of Archers: 57
2015-08-01 18:58:55 : Training Troops...
2015-08-01 18:59:05 : Requesting Clan Castle Troops
2015-08-01 18:59:05 : Your Clan Castle is already full or you are not in a clan.
2015-08-01 18:59:06 :  ====== Unbreakable Mode enabled! ====== 
2015-08-01 18:59:06 : Oops, wait for 70% troops filled
2015-08-01 18:59:07 : Trying to locate Main Screen
2015-08-01 18:59:07 : Main Screen Located
2015-08-01 18:59:08 : Collecting Resources
2015-08-01 18:59:16 : Checking if Village needs Rearming..
2015-08-01 18:59:23 : Village Report
2015-08-01 18:59:23 : No. of Free/Total Builders: 0/4
2015-08-01 18:59:23 :  [T]: 1 834
2015-08-01 18:59:24 :  [G]: 4 170 062 [E]: 3 458 241 [D]: 58 779 [GEM]: 954
2015-08-01 18:59:27 : Checking Army Camp...
2015-08-01 18:59:29 : Total Army Camp capacity: 119/200
2015-08-01 18:59:30 :  - No. of Barbarians: 62
2015-08-01 18:59:30 :  - No. of Archers: 58
2015-08-01 18:59:31 : Training Troops...
2015-08-01 18:59:40 : Requesting Clan Castle Troops
2015-08-01 18:59:40 : Your Clan Castle is already full or you are not in a clan.
2015-08-01 18:59:41 :  ====== Unbreakable Mode enabled! ====== 
2015-08-01 18:59:41 : Oops, wait for 70% troops filled
2015-08-01 18:59:43 : Trying to locate Main Screen
2015-08-01 18:59:43 : Main Screen Located
2015-08-01 18:59:44 : Collecting Resources
2015-08-01 18:59:51 : Checking if Village needs Rearming..
2015-08-01 18:59:59 : Village Report
2015-08-01 18:59:59 : No. of Free/Total Builders: 0/4
2015-08-01 18:59:59 :  [T]: 1 834
2015-08-01 19:00:00 :  [G]: 4 170 062 [E]: 3 458 821 [D]: 58 779 [GEM]: 954
2015-08-01 19:00:02 : Chat Request: J ai besoin de troupes de renfort s
2015-08-01 19:00:02 : Archers Keyword found: troupes
2015-08-01 19:00:02 : Donating Archers
2015-08-01 19:00:05 : Checking Army Camp...
2015-08-01 19:00:07 : Total Army Camp capacity: 124/200
2015-08-01 19:00:08 :  - No. of Barbarians: 65
2015-08-01 19:00:08 :  - No. of Archers: 59
2015-08-01 19:00:08 : Training Troops...
2015-08-01 19:00:17 : Requesting Clan Castle Troops
2015-08-01 19:00:18 : Your Clan Castle is already full or you are not in a clan.
2015-08-01 19:00:19 :  ====== Unbreakable Mode enabled! ====== 
2015-08-01 19:00:19 : Oops, wait for 70% troops filled
2015-08-01 19:00:20 : Trying to locate Main Screen
2015-08-01 19:00:20 : Main Screen Located
2015-08-01 19:00:21 : Collecting Resources
2015-08-01 19:00:28 : Checking if Village needs Rearming..
2015-08-01 19:00:37 : Village Report
2015-08-01 19:00:37 : No. of Free/Total Builders: 0/4
2015-08-01 19:00:37 :  [T]: 1 834
2015-08-01 19:00:37 :  [G]: 4 170 062 [E]: 3 459 151 [D]: 58 781 [GEM]: 954
2015-08-01 19:00:40 : Checking Army Camp...
2015-08-01 19:00:42 : Total Army Camp capacity: 123/200
2015-08-01 19:00:43 :  - No. of Barbarians: 69
2015-08-01 19:00:43 :  - No. of Archers: 54
2015-08-01 19:00:43 : Training Troops...
2015-08-01 19:00:46 : Training Overview Window didn't open
2015-08-01 19:00:49 : Requesting Clan Castle Troops
2015-08-01 19:00:49 : Your Clan Castle is already full or you are not in a clan.
2015-08-01 19:00:51 :  ====== Unbreakable Mode enabled! ====== 
2015-08-01 19:00:51 : Oops, wait for 70% troops filled
2015-08-01 19:00:52 : Trying to locate Main Screen
2015-08-01 19:00:52 : Main Screen Located
2015-08-01 19:00:53 : Collecting Resources
2015-08-01 19:01:00 : Checking if Village needs Rearming..
2015-08-01 19:01:08 : Village Report
2015-08-01 19:01:08 : No. of Free/Total Builders: 0/4
2015-08-01 19:01:08 :  [T]: 1 834
2015-08-01 19:01:08 :  [G]: 4 170 062 [E]: 3 459 151 [D]: 58 781 [GEM]: 954
2015-08-01 19:01:12 : Checking Army Camp...
2015-08-01 19:01:13 : Total Army Camp capacity: 126/200
2015-08-01 19:01:14 :  - No. of Barbarians: 72
2015-08-01 19:01:15 :  - No. of Archers: 54
2015-08-01 19:01:15 : Training Troops...
2015-08-01 19:01:24 : Requesting Clan Castle Troops
2015-08-01 19:01:25 : Your Clan Castle is already full or you are not in a clan.
2015-08-01 19:01:26 :  ====== Unbreakable Mode enabled! ====== 
2015-08-01 19:01:26 : Oops, wait for 70% troops filled
2015-08-01 19:01:27 : Trying to locate Main Screen
2015-08-01 19:01:27 : Main Screen Located
2015-08-01 19:01:28 : Collecting Resources
2015-08-01 19:01:35 : Checking if Village needs Rearming..
2015-08-01 19:01:43 : Village Report
2015-08-01 19:01:43 : No. of Free/Total Builders: 0/4
2015-08-01 19:01:43 :  [T]: 1 834
2015-08-01 19:01:43 :  [G]: 4 170 062 [E]: 3 458 851 [D]: 58 783 [GEM]: 954
