2015-08-01 21:13:47 : ~ Clash Game Bot v4.1MODS Powered by GameBot.org ~
2015-08-01 21:13:47 : GameBot.org.exe Executable running on WIN_7  X64
2015-08-01 21:13:47 : =================== Bot Start ====================
2015-08-01 21:13:47 : -------------------------  Current Profile: 01 --------------------------
2015-08-01 21:13:47 : Trying to locate Main Screen
2015-08-01 21:13:47 : Main Screen Located
2015-08-01 21:13:47 : Language setting is English: Correct.
2015-08-01 21:13:49 : Trying to locate Main Screen
2015-08-01 21:13:49 : Main Screen Located
2015-08-01 21:13:49 : Restarted after Out of Sync Error: Attack Now
2015-08-01 21:13:49 : Going to Attack...
2015-08-01 21:13:55 : ============== Searching For Dead Base ===============
2015-08-01 21:13:55 : ~~~~~~~~~~~~~~~ SEARCH CONDITIONS ~~~~~~~~~~~~~~~~
2015-08-01 21:13:55 : Meet: Gold and Elixir
2015-08-01 21:13:55 : ~~~~~~~~~~~~~~ RESOURCE CONDITIONS ~~~~~~~~~~~~~~~
2015-08-01 21:13:55 : Aim: [G]: 198000 [E]: 198000 [D]:    0 [T]: 0 for: Dead Base
2015-08-01 21:13:55 : ~~~~~~~~~~~~~~~ ADVANCED SETTINGS ~~~~~~~~~~~~~~~~
2015-08-01 21:13:55 : THSnipe Combo, 1 Tile(s), AttackTH, Attack3:GBarch
2015-08-01 21:13:55 : ==================================================
2015-08-01 21:14:01 :  37> [G]: 103941 [E]: 208471 [D]: 1605 [T]:23 [TH]: 9, Out
2015-08-01 21:14:01 : No major traps found near TH.
2015-08-01 21:14:01 : ~~~~~~~~~~~~~~~ TH Outside Found! ~~~~~~~~~~~~~~~~
2015-08-01 21:14:02 : ================ Search Complete =================
2015-08-01 21:14:02 : Initiating attack for: TH Snipe
2015-08-01 21:14:05 :  ====== Start Attack ====== 
2015-08-01 21:14:07 : Sending 1st wave of archers and Barbarians.
2015-08-01 21:14:07 : No  troop Found!!!
2015-08-01 21:14:07 : No  troop Found!!!
