2015-08-01 17:13:00 : ~~~ Clash Game Bot v4.1 Powered by GameBot.org ~~~
2015-08-01 17:13:00 : GameBot.org.exe Executable running on WIN_7  X64
2015-08-01 17:13:00 : =================== Bot Start ====================
2015-08-01 17:13:01 : -------------------------  Current Profile: 01 --------------------------
2015-08-01 17:13:01 : Trying to locate Main Screen
2015-08-01 17:13:01 : Main Screen Located
2015-08-01 17:13:02 : Detecting your Buildings..
2015-08-01 17:13:07 : Language setting is English: Correct.
2015-08-01 17:13:08 : Trying to locate Main Screen
2015-08-01 17:13:08 : Main Screen Located
2015-08-01 17:13:09 : Collecting Resources
2015-08-01 17:13:16 : Checking if Village needs Rearming..
2015-08-01 17:13:25 : Village Report
2015-08-01 17:13:25 : No. of Free/Total Builders: 0/4
2015-08-01 17:13:25 :  [T]: 1 794
2015-08-01 17:13:25 :  [G]: 3 451 182 [E]: 2 838 780 [D]: 57 233 [GEM]: 954
2015-08-01 17:13:28 : Chat Request: soso arch merci bcp
2015-08-01 17:13:28 : Archers Keyword found: arch
2015-08-01 17:13:28 : Donating Archers
2015-08-01 17:13:30 : Chat Request: archer soso svp
2015-08-01 17:13:30 : Archers Keyword found: arch
2015-08-01 17:13:30 : Donating Archers
2015-08-01 17:13:32 : Chat Request: J ai besoin de troupes de renfort s
2015-08-01 17:13:32 : Archers Keyword found: troupes
2015-08-01 17:13:33 : Donating Archers
2015-08-01 17:13:35 : Checking Army Camp...
2015-08-01 17:13:37 : Total Army Camp capacity: 185/200
2015-08-01 17:13:38 :  - No. of Barbarians: 115
2015-08-01 17:13:38 :  - No. of Archers: 70
2015-08-01 17:13:39 : Barracks and Spell factory status: 
2015-08-01 17:13:39 : - Barracks detected: 4 | Available: 3 | Upgrading: 1
2015-08-01 17:13:39 : - Dark Barracks detected: 2 | Available: 2 | Upgrading: 0
2015-08-01 17:13:39 : - Spell factory detected: 1 | Available: 1 | Upgrading: 0
2015-08-01 17:13:39 : - Dark Spell factory detected: 1 | Available: 0 | Upgrading: 1
2015-08-01 17:13:39 : Training Troops...
2015-08-01 17:13:54 : Requesting Clan Castle Troops
2015-08-01 17:13:55 : Your Clan Castle is already full or you are not in a clan.
2015-08-01 17:13:56 :  ====== Unbreakable Mode enabled! ====== 
2015-08-01 17:13:56 : Oops, Out of Elixir, Dark Elxir - back to farming
2015-08-01 17:13:56 : Checking Troop Upgrade in Laboratory ...
2015-08-01 17:13:56 : Updating village values [E]: 2863170 [D]: 57233
2015-08-01 17:13:58 : Insufficent Elixir for Pekka, Lab requires: 6000000 + 250000 user reserve
2015-08-01 17:14:02 : ====== Waiting for full army ======
2015-08-01 17:14:15 : Checking Army Camp...
2015-08-01 17:14:17 : Total Army Camp capacity: 188/200
2015-08-01 17:14:18 :  - No. of Barbarians: 115
2015-08-01 17:14:18 :  - No. of Archers: 73
2015-08-01 17:14:18 : Training Troops...
2015-08-01 17:14:25 : Time Idle: 00:00:23
2015-08-01 17:14:25 : ====== Waiting for full army ======
2015-08-01 17:14:39 : Waiting for Main Screen
2015-08-01 17:14:41 : Trying to locate Main Screen
2015-08-01 17:14:41 : Main Screen Located
2015-08-01 17:14:42 : Collecting Resources
2015-08-01 17:14:50 : Checking if Village needs Rearming..
2015-08-01 17:14:58 : Village Report
2015-08-01 17:14:58 : Cannot get Free/Total Builders
2015-08-01 17:14:58 : No. of Free/Total Builders: 0/0
2015-08-01 17:14:58 :  [T]: 1 794
2015-08-01 17:14:58 :  [G]: 3 454 211 [E]: 2 863 170 [D]: 57 237 [GEM]: 954
2015-08-01 17:15:02 : Checking Army Camp...
2015-08-01 17:15:03 : Total Army Camp capacity: 193/200
2015-08-01 17:15:05 :  - No. of Barbarians: 115
2015-08-01 17:15:05 :  - No. of Archers: 78
2015-08-01 17:15:05 : Training Troops...
2015-08-01 17:15:13 : Requesting Clan Castle Troops
2015-08-01 17:15:14 : Your Clan Castle is already full or you are not in a clan.
2015-08-01 17:15:15 :  ====== Unbreakable Mode restarted! ====== 
2015-08-01 17:15:15 : Oops, Out of Elixir, Dark Elxir - back to farming
2015-08-01 17:15:15 : Checking Troop Upgrade in Laboratory ...
2015-08-01 17:15:15 : Updating village values [E]: 2863170 [D]: 57237
2015-08-01 17:15:17 : Insufficent Elixir for Pekka, Lab requires: 6000000 + 250000 user reserve
2015-08-01 17:15:21 : ====== Waiting for full army ======
2015-08-01 17:15:35 : Checking Army Camp...
2015-08-01 17:15:37 : Total Army Camp capacity: 197/200
2015-08-01 17:15:38 :  - No. of Barbarians: 118
2015-08-01 17:15:38 :  - No. of Archers: 79
2015-08-01 17:15:38 : Training Troops...
2015-08-01 17:15:46 : Checking Army Camp...
2015-08-01 17:15:48 : Total Army Camp capacity: 197/200
2015-08-01 17:15:49 :  - No. of Barbarians: 118
2015-08-01 17:15:49 :  - No. of Archers: 79
2015-08-01 17:15:49 : Training Troops...
2015-08-01 17:16:00 : Time Idle: 00:00:39
2015-08-01 17:16:00 : ====== Waiting for full army ======
2015-08-01 17:16:12 : Checking Army Camp...
2015-08-01 17:16:14 : Total Army Camp capacity: 198/200
2015-08-01 17:16:15 :  - No. of Barbarians: 118
2015-08-01 17:16:15 :  - No. of Archers: 80
2015-08-01 17:16:15 : Training Troops...
2015-08-01 17:16:23 : Time Idle: 00:01:02
2015-08-01 17:16:23 : ====== Waiting for full army ======
2015-08-01 17:16:35 : Checking Army Camp...
2015-08-01 17:16:37 : Total Army Camp capacity: 200/200
2015-08-01 17:16:38 :  - No. of Barbarians: 118
2015-08-01 17:16:38 :  - No. of Archers: 82
2015-08-01 17:16:39 : Training Troops...
2015-08-01 17:16:39 : Your Army Camps are now Full
2015-08-01 17:16:59 : Going to Attack...
2015-08-01 17:17:05 : ============== Searching For Dead Base ===============
2015-08-01 17:17:05 : ~~~~~~~~~~~~~~~ SEARCH CONDITIONS ~~~~~~~~~~~~~~~~
2015-08-01 17:17:05 : Meet: Gold and Elixir
2015-08-01 17:17:05 : ~~~~~~~~~~~~~~ RESOURCE CONDITIONS ~~~~~~~~~~~~~~~
2015-08-01 17:17:05 : Aim: [G]: 200000 [E]: 200000 [D]:    0 [T]: 0, Out, Out, Out, Out, Out, Out, Out, Out, Out, Out, Out, Out, Out, Out, Out, Out, Out, Out, Out, Out, Out, Out, Out, Out for: Dead Base
2015-08-01 17:17:05 : ~~~~~~~~~~~~~~~ ADVANCED SETTINGS ~~~~~~~~~~~~~~~~
2015-08-01 17:17:05 : THSnipe Combo, 1 Tile(s), AttackTH, Attack1:Normal
2015-08-01 17:17:05 : ==================================================
2015-08-01 17:17:06 :   1> [G]: 171654 [E]:  13455 [D]:  965 [T]:34 [TH]: 8, In
2015-08-01 17:17:09 :   2> [G]: 209410 [E]:  48707 [D]:  935 [T]:14 [TH]: 9, In
2015-08-01 17:17:12 :   3> [G]:  45889 [E]: 118560 [D]:  611 [T]:20 [TH]: 7, In
2015-08-01 17:17:19 :   4> [G]:  84248 [E]: 117728 [D]:  787 [T]:26 [TH]: 8, In
2015-08-01 17:17:22 :   5> [G]:  54509 [E]: 202027 [D]:  523 [T]:34 [TH]: 8, In
2015-08-01 17:17:26 :   6> [G]:  36483 [E]: 188378 [D]:  385 [T]:33 [TH]:10, In
2015-08-01 17:17:29 :   7> [G]:  62155 [E]:  74497 [D]:  630 [T]:18 [TH]: 8, In
2015-08-01 17:17:32 :   8> [G]: 269004 [E]: 187548 [D]:  513 [T]:17 [TH]: 9, In
2015-08-01 17:17:35 :   9> [G]:  36203 [E]: 152969 [D]:  223 [T]:22 [TH]: 7, In
2015-08-01 17:17:39 :  10> [G]: 148030 [E]:  61342 [D]: 1079 [T]:31 [TH]: 8, In
2015-08-01 17:17:41 :  11> [G]: 119592 [E]: 161255 [D]:  290 [T]:13 [TH]: 7, In
2015-08-01 17:17:49 :  12> [G]:  34906 [E]: 364910 [D]: 1449 [T]:24 [TH]: 9, Out
2015-08-01 17:17:49 : ~~~~~~~~~~~~~~~ TH Outside Found! ~~~~~~~~~~~~~~~~
2015-08-01 17:17:50 : ================ Search Complete =================
2015-08-01 17:17:50 : Initiating attack for: TH Snipe
2015-08-01 17:17:53 : -Barbarians 118
2015-08-01 17:17:53 : -Archers 82
2015-08-01 17:17:53 : -Clan Castle 
2015-08-01 17:17:53 : -King 
2015-08-01 17:17:53 : -Lightning Spells 2
2015-08-01 17:17:53 : -Poison Spells 2
2015-08-01 17:17:53 :  ====== Start Attack ====== 
2015-08-01 17:17:55 : Normal Attacking TH Outside with BAM PULSE!
2015-08-01 17:17:55 : Dropping first wave of 6 Barbarians
2015-08-01 17:17:57 : Deployment of Barbarians Successful!
2015-08-01 17:17:58 : Dropping first wave of 6 Archers
2015-08-01 17:18:00 : Deployment of Archers Successful!
2015-08-01 17:18:02 : No  troop Found!!!
2015-08-01 17:18:19 : Townhall has been destroyed!
2015-08-01 17:18:22 : Checking if the battle has finished
2015-08-01 17:18:24 : detected [G]:  [E]:  [DE]:  |  Exit now 
2015-08-01 17:18:24 : Gold & Elixir & DE = 0, end battle 
2015-08-01 17:18:26 : Battle has finished
2015-08-01 17:18:26 : Returning Home
2015-08-01 17:18:31 : Loot: [G]: 1 228 [E]: 1 000 [DE]:  [T]: 8
2015-08-01 17:18:31 : Bonus [G]: 11 000 [E]: 11 000
2015-08-01 17:18:33 : Your league level is: Gold II
2015-08-01 17:18:33 : Stars earned: 1
2015-08-01 17:18:41 : Trying to locate Main Screen
2015-08-01 17:18:43 : Waiting for Main Screen
2015-08-01 17:18:43 : Main Screen Located
2015-08-01 17:18:45 : Trying to locate Main Screen
2015-08-01 17:18:45 : Main Screen Located
2015-08-01 17:18:46 : Collecting Resources
2015-08-01 17:18:54 : Checking if Village needs Rearming..
2015-08-01 17:19:02 : Village Report
2015-08-01 17:19:02 : No. of Free/Total Builders: 0/4
2015-08-01 17:19:02 :  [T]: 1 802
2015-08-01 17:19:02 :  [G]: 3 459 479 [E]: 2 835 641 [D]: 57 249 [GEM]: 954
2015-08-01 17:19:06 : Checking Army Camp...
2015-08-01 17:19:08 : Total Army Camp capacity: 200/200
2015-08-01 17:19:09 :  - No. of Barbarians: 112
2015-08-01 17:19:09 :  - No. of Archers: 88
2015-08-01 17:19:09 : Barracks and Spell factory status: 
2015-08-01 17:19:09 : - Barracks detected: 4 | Available: 3 | Upgrading: 1
2015-08-01 17:19:09 : - Dark Barracks detected: 2 | Available: 2 | Upgrading: 0
2015-08-01 17:19:09 : - Spell factory detected: 1 | Available: 1 | Upgrading: 0
2015-08-01 17:19:09 : - Dark Spell factory detected: 1 | Available: 0 | Upgrading: 1
2015-08-01 17:19:09 : Training Troops...
2015-08-01 17:19:10 : Your Army Camps are now Full
2015-08-01 17:19:33 : Requesting Clan Castle Troops
2015-08-01 17:19:33 : Your Clan Castle is already full or you are not in a clan.
2015-08-01 17:19:35 :  ====== Unbreakable Mode restarted! ====== 
2015-08-01 17:19:35 : Oops, Out of Elixir, Dark Elxir - back to farming
2015-08-01 17:19:35 : Checking Troop Upgrade in Laboratory ...
2015-08-01 17:19:35 : Updating village values [E]: 2832041 [D]: 57249
2015-08-01 17:19:36 : Insufficent Elixir for Pekka, Lab requires: 6000000 + 250000 user reserve
2015-08-01 17:19:40 : Going to Attack...
2015-08-01 17:19:46 : ============== Searching For Dead Base ===============
2015-08-01 17:19:46 : ~~~~~~~~~~~~~~~ SEARCH CONDITIONS ~~~~~~~~~~~~~~~~
2015-08-01 17:19:46 : Meet: Gold and Elixir
2015-08-01 17:19:46 : ~~~~~~~~~~~~~~ RESOURCE CONDITIONS ~~~~~~~~~~~~~~~
2015-08-01 17:19:46 : Aim: [G]: 200000 [E]: 200000 [D]:    0 [T]: 0, Out, Out, Out, Out, Out, Out, Out, Out, Out, Out, Out, Out, Out, Out, Out, Out, Out, Out, Out, Out, Out, Out, Out, Out for: Dead Base
2015-08-01 17:19:46 : ~~~~~~~~~~~~~~~ ADVANCED SETTINGS ~~~~~~~~~~~~~~~~
2015-08-01 17:19:46 : THSnipe Combo, 1 Tile(s), AttackTH, Attack1:Normal
2015-08-01 17:19:46 : ==================================================
2015-08-01 17:19:48 :   1> [G]:  35073 [E]:  42592 [D]: 1720 [T]:16 [TH]:10, In
2015-08-01 17:19:51 :   2> [G]:  47005 [E]:  70951 [D]:    1 [T]:14 [TH]: 7, In
2015-08-01 17:19:54 :   3> [G]: 284553 [E]: 374369 [D]: 1815 [T]:18 [TH]: 9, Out
2015-08-01 17:19:55 : ~~~~~~~~~~~~~~~ TH Outside Found! ~~~~~~~~~~~~~~~~
2015-08-01 17:19:57 : ================ Search Complete =================
2015-08-01 17:19:57 : Initiating attack for: TH Snipe
2015-08-01 17:20:00 : -Barbarians 112
2015-08-01 17:20:00 : -Archers 88
2015-08-01 17:20:00 : -Clan Castle 
2015-08-01 17:20:00 : -King 
2015-08-01 17:20:00 : -Lightning Spells 2
2015-08-01 17:20:00 : -Poison Spells 2
2015-08-01 17:20:00 :  ====== Start Attack ====== 
2015-08-01 17:20:02 : Normal Attacking TH Outside with BAM PULSE!
2015-08-01 17:20:02 : Dropping first wave of 6 Barbarians
2015-08-01 17:20:04 : Deployment of Barbarians Successful!
2015-08-01 17:20:06 : Dropping first wave of 6 Archers
2015-08-01 17:20:07 : Deployment of Archers Successful!
2015-08-01 17:20:09 : No  troop Found!!!
2015-08-01 17:20:27 : Townhall has been destroyed!
2015-08-01 17:20:30 : Checking if the battle has finished
2015-08-01 17:20:32 : detected [G]:  [E]:  [DE]:  |  Exit now 
2015-08-01 17:20:32 : Gold & Elixir & DE = 0, end battle 
2015-08-01 17:20:33 : Battle has finished
2015-08-01 17:20:33 : Returning Home
2015-08-01 17:20:37 : Loot: [G]: 3 964 [E]: 1 000 [DE]:  [T]: 6
2015-08-01 17:20:38 : Bonus [G]: 14 000 [E]: 14 000
2015-08-01 17:20:39 : Your league level is: Gold I
2015-08-01 17:20:39 : Stars earned: 1
2015-08-01 17:20:47 : Trying to locate Main Screen
2015-08-01 17:20:47 : Main Screen Located
2015-08-01 17:20:48 : Collecting Resources
2015-08-01 17:20:56 : Checking if Village needs Rearming..
2015-08-01 17:21:04 : Village Report
2015-08-01 17:21:04 : No. of Free/Total Builders: 0/4
2015-08-01 17:21:04 :  [T]: 1 808
2015-08-01 17:21:04 :  [G]: 3 478 815 [E]: 2 847 041 [D]: 57 254 [GEM]: 954
2015-08-01 17:21:08 : Checking Army Camp...
2015-08-01 17:21:10 : Total Army Camp capacity: 200/200
2015-08-01 17:21:11 :  - No. of Barbarians: 106
2015-08-01 17:21:11 :  - No. of Archers: 94
2015-08-01 17:21:11 : Barracks and Spell factory status: 
2015-08-01 17:21:11 : - Barracks detected: 4 | Available: 3 | Upgrading: 1
2015-08-01 17:21:11 : - Dark Barracks detected: 2 | Available: 2 | Upgrading: 0
2015-08-01 17:21:11 : - Spell factory detected: 1 | Available: 1 | Upgrading: 0
2015-08-01 17:21:11 : - Dark Spell factory detected: 1 | Available: 0 | Upgrading: 1
2015-08-01 17:21:11 : Training Troops...
2015-08-01 17:21:12 : Your Army Camps are now Full
2015-08-01 17:21:35 : Requesting Clan Castle Troops
2015-08-01 17:21:35 : Your Clan Castle is already full or you are not in a clan.
2015-08-01 17:21:36 :  ====== Unbreakable Mode restarted! ====== 
2015-08-01 17:21:36 : Oops, Out of Elixir, Dark Elxir - back to farming
2015-08-01 17:21:36 : Checking Troop Upgrade in Laboratory ...
2015-08-01 17:21:37 : Updating village values [E]: 2843441 [D]: 57254
2015-08-01 17:21:38 : Insufficent Elixir for Pekka, Lab requires: 6000000 + 250000 user reserve
2015-08-01 17:21:42 : Going to Attack...
2015-08-01 17:21:48 : ============== Searching For Dead Base ===============
2015-08-01 17:21:48 : ~~~~~~~~~~~~~~~ SEARCH CONDITIONS ~~~~~~~~~~~~~~~~
2015-08-01 17:21:48 : Meet: Gold and Elixir
2015-08-01 17:21:48 : ~~~~~~~~~~~~~~ RESOURCE CONDITIONS ~~~~~~~~~~~~~~~
2015-08-01 17:21:48 : Aim: [G]: 200000 [E]: 200000 [D]:    0 [T]: 0, Out, Out, Out, Out, Out, Out, Out, Out, Out, Out, Out, Out, Out, Out, Out, Out, Out, Out, Out, Out, Out, Out, Out, Out for: Dead Base
2015-08-01 17:21:48 : ~~~~~~~~~~~~~~~ ADVANCED SETTINGS ~~~~~~~~~~~~~~~~
2015-08-01 17:21:48 : THSnipe Combo, 1 Tile(s), AttackTH, Attack1:Normal
2015-08-01 17:21:48 : ==================================================
2015-08-01 17:21:49 :   1> [G]: 262445 [E]: 266678 [D]:  825 [T]:32 [TH]: 8, In
2015-08-01 17:21:49 : ~~~~~~~~~~~~~~~~ Dead Base Found! ~~~~~~~~~~~~~~~~
2015-08-01 17:21:51 : ================ Search Complete =================
2015-08-01 17:21:51 : Initiating attack for: Dead Base
2015-08-01 17:21:54 : -Barbarians 106
2015-08-01 17:21:54 : -Archers 94
2015-08-01 17:21:54 : -Clan Castle 
2015-08-01 17:21:54 : -King 
2015-08-01 17:21:54 : -Lightning Spells 2
2015-08-01 17:21:54 : -Poison Spells 2
2015-08-01 17:21:54 :  ====== Start Attack ====== 
2015-08-01 17:21:56 : Calculating Smart Attack Strategy
2015-08-01 17:21:57 : Calculated  (in 0.6 seconds) :
2015-08-01 17:21:57 : Locating Mines, Collectors & Drills
2015-08-01 17:22:01 : Located  (in 4.74 seconds) :
2015-08-01 17:22:01 : [4] Gold Mines
2015-08-01 17:22:01 : [6] Elixir Collectors
2015-08-01 17:22:01 : [0] Dark Elixir Drill/s
2015-08-01 17:22:01 : Attacking on all sides
2015-08-01 17:22:03 : Dropping first wave of Barbarians 53
2015-08-01 17:22:07 : Dropping first wave of Archers 47
2015-08-01 17:22:12 : Dropping second wave of Barbarians 53
2015-08-01 17:22:16 : Dropping second wave of Archers 47
2015-08-01 17:22:20 : Dropping King
2015-08-01 17:22:23 : Dropping left over troops
2015-08-01 17:22:23 : Checking remaining unused troops for: Dead Base
2015-08-01 17:22:26 : -Clan Castle 
2015-08-01 17:22:26 : -Lightning Spells 2
2015-08-01 17:22:26 : -Poison Spells 2
2015-08-01 17:22:35 : Checking remaining unused troops for: Dead Base
2015-08-01 17:22:38 : -Clan Castle 
2015-08-01 17:22:38 : -Lightning Spells 2
2015-08-01 17:22:38 : -Poison Spells 2
2015-08-01 17:22:39 : King is getting weak, Activating King's power
2015-08-01 17:22:46 : Finished Attacking, waiting for the battle to end
2015-08-01 17:22:46 : Checking if the battle has finished
2015-08-01 17:22:49 : detected [G]: 0 [E]: 1126 [DE]: 78 |  Exit in 18 sec.
2015-08-01 17:22:50 : detected [G]: 0 [E]: 1126 [DE]: 78 |  Exit in 16 sec.
2015-08-01 17:22:52 : detected [G]: 0 [E]: 1126 [DE]: 78 |  Exit in 15 sec.
2015-08-01 17:22:54 : detected [G]: 0 [E]: 1126 [DE]: 78 |  Exit in 13 sec.
2015-08-01 17:22:56 : detected [G]: 0 [E]: 1126 [DE]: 78 |  Exit in 11 sec.
2015-08-01 17:22:57 : detected [G]: 0 [E]: 1126 [DE]: 78 |  Exit in  9 sec.
2015-08-01 17:22:59 : detected [G]: 0 [E]: 1126 [DE]: 78 |  Exit in  8 sec.
2015-08-01 17:23:01 : detected [G]: 0 [E]: 1126 [DE]: 78 |  Exit in  6 sec.
2015-08-01 17:23:02 : detected [G]: 0 [E]: 1126 [DE]: 76 |  Exit in  4 sec.
2015-08-01 17:23:02 : Gold & Elixir & DE change detected, waiting...
2015-08-01 17:23:06 : detected [G]: 0 [E]: 1126 [DE]: 63 |  Exit in 18 sec.
2015-08-01 17:23:07 : detected [G]: 0 [E]: 1126 [DE]: 63 |  Exit in 16 sec.
2015-08-01 17:23:09 : detected [G]: 0 [E]: 1126 [DE]: 63 |  Exit in 15 sec.
2015-08-01 17:23:11 : detected [G]: 0 [E]: 1126 [DE]: 63 |  Exit in 13 sec.
2015-08-01 17:23:12 : detected [G]: 0 [E]: 1126 [DE]: 63 |  Exit in 11 sec.
2015-08-01 17:23:14 : detected [G]: 0 [E]: 1126 [DE]: 63 |  Exit in 10 sec.
2015-08-01 17:23:16 : detected [G]: 0 [E]: 1126 [DE]: 63 |  Exit in  8 sec.
2015-08-01 17:23:17 : detected [G]: 0 [E]: 1126 [DE]: 63 |  Exit in  6 sec.
2015-08-01 17:23:19 : detected [G]: 0 [E]: 1126 [DE]: 63 |  Exit in  4 sec.
2015-08-01 17:23:21 : detected [G]: 0 [E]: 1126 [DE]: 63 |  Exit in  3 sec.
2015-08-01 17:23:23 : detected [G]: 0 [E]: 1126 [DE]: 63 |  Exit in  1 sec.
2015-08-01 17:23:24 : detected [G]: 0 [E]: 1126 [DE]: 63 |  Exit in  0 sec.
2015-08-01 17:23:24 : Gold & Elixir & DE no change detected, exit
2015-08-01 17:23:24 : Returning Home
2015-08-01 17:23:47 : Loot: [G]: 262 445 [E]: 265 552 [DE]: 762 [T]: 10
2015-08-01 17:23:48 : Bonus [G]: 14 000 [E]: 14 000
2015-08-01 17:23:49 : Your league level is: Gold I
2015-08-01 17:23:49 : Stars earned: 1
2015-08-01 17:23:57 : Trying to locate Main Screen
2015-08-01 17:23:57 : Main Screen Located
2015-08-01 17:23:58 : Collecting Resources
2015-08-01 17:24:06 : Checking if Village needs Rearming..
2015-08-01 17:24:14 : Village Report
2015-08-01 17:24:14 : Cannot get Free/Total Builders
2015-08-01 17:24:14 : No. of Free/Total Builders: 0/0
2015-08-01 17:24:14 :  [T]: 1 818
2015-08-01 17:24:14 :  [G]: 3 754 680 [E]: 3 124 659 [D]: 58 024 [GEM]: 954
2015-08-01 17:24:17 : Chat Request: J ai besoin de troupes de renfort s
2015-08-01 17:24:17 : Archers Keyword found: troupes
2015-08-01 17:24:17 : Donating Archers
2015-08-01 17:24:20 : Checking Army Camp...
2015-08-01 17:24:22 : Total Army Camp capacity: 14/200
2015-08-01 17:24:23 :  - No. of Archers: 14
2015-08-01 17:24:23 : Training Troops...
2015-08-01 17:24:26 : Training Overview Window didn't open
2015-08-01 17:24:28 : Requesting Clan Castle Troops
2015-08-01 17:24:28 : Your Clan Castle is already full or you are not in a clan.
2015-08-01 17:24:29 :  ====== Unbreakable Mode restarted! ====== 
2015-08-01 17:24:29 : Oops, wait for 70% troops filled
2015-08-01 17:24:30 : Trying to locate Main Screen
2015-08-01 17:24:31 : Main Screen Located
2015-08-01 17:24:32 : Collecting Resources
2015-08-01 17:24:38 : Checking if Village needs Rearming..
2015-08-01 17:24:46 : Village Report
2015-08-01 17:24:46 : Cannot get Free/Total Builders
2015-08-01 17:24:46 : No. of Free/Total Builders: 0/0
2015-08-01 17:24:46 :  [T]: 1 818
2015-08-01 17:24:47 :  [G]: 3 754 680 [E]: 3 125 289 [D]: 58 024 [GEM]: 954
2015-08-01 17:24:50 : Checking Army Camp...
2015-08-01 17:24:52 : Total Army Camp capacity: 18/200
2015-08-01 17:24:53 :  - No. of Archers: 18
2015-08-01 17:24:53 : Training Troops...
2015-08-01 17:25:01 : Requesting Clan Castle Troops
2015-08-01 17:25:02 : Your Clan Castle is already full or you are not in a clan.
2015-08-01 17:25:03 :  ====== Unbreakable Mode enabled! ====== 
2015-08-01 17:25:03 : Oops, wait for 70% troops filled
2015-08-01 17:25:04 : Trying to locate Main Screen
2015-08-01 17:25:04 : Main Screen Located
2015-08-01 17:25:05 : Collecting Resources
2015-08-01 17:25:12 : Checking if Village needs Rearming..
2015-08-01 17:25:20 : Village Report
2015-08-01 17:25:20 : No. of Free/Total Builders: 0/4
2015-08-01 17:25:20 :  [T]: 1 818
2015-08-01 17:25:20 :  [G]: 3 754 680 [E]: 3 116 539 [D]: 58 026 [GEM]: 954
2015-08-01 17:25:24 : Checking Army Camp...
2015-08-01 17:25:26 : Total Army Camp capacity: 21/200
2015-08-01 17:25:27 :  - No. of Archers: 21
2015-08-01 17:25:27 : Training Troops...
2015-08-01 17:25:36 : Requesting Clan Castle Troops
2015-08-01 17:25:39 : Cannot detect button request troops.
2015-08-01 17:25:40 :  ====== Unbreakable Mode enabled! ====== 
2015-08-01 17:25:40 : Oops, wait for 70% troops filled
2015-08-01 17:25:41 : Trying to locate Main Screen
2015-08-01 17:25:41 : Main Screen Located
2015-08-01 17:25:42 : Collecting Resources
2015-08-01 17:25:50 : Checking if Village needs Rearming..
2015-08-01 17:25:58 : Village Report
2015-08-01 17:25:58 : No. of Free/Total Builders: 0/4
2015-08-01 17:25:58 :  [T]: 1 818
2015-08-01 17:25:58 :  [G]: 3 756 703 [E]: 3 115 789 [D]: 58 026 [GEM]: 954
2015-08-01 17:26:04 : Waiting for Main Screen
2015-08-01 17:26:05 : Trying to locate Main Screen
2015-08-01 17:26:05 : Main Screen Located
2015-08-01 17:26:06 : Collecting Resources
2015-08-01 17:26:13 : Checking if Village needs Rearming..
2015-08-01 17:26:21 : Village Report
2015-08-01 17:26:21 : Cannot get Free/Total Builders
2015-08-01 17:26:21 : No. of Free/Total Builders: 0/0
2015-08-01 17:26:21 :  [T]: 1 818
2015-08-01 17:26:21 :  [G]: 3 757 227 [E]: 3 115 789 [D]: 58 028 [GEM]: 954
2015-08-01 17:26:24 : Checking Army Camp...
2015-08-01 17:26:26 : Total Army Camp capacity: 29/200
2015-08-01 17:26:27 :  - No. of Archers: 29
2015-08-01 17:26:28 : Training Troops...
2015-08-01 17:26:34 : Requesting Clan Castle Troops
2015-08-01 17:26:34 : Your Clan Castle is already full or you are not in a clan.
2015-08-01 17:26:35 :  ====== Unbreakable Mode enabled! ====== 
2015-08-01 17:26:35 : Oops, wait for 70% troops filled
2015-08-01 17:26:37 : Trying to locate Main Screen
2015-08-01 17:26:37 : Main Screen Located
2015-08-01 17:26:38 : Collecting Resources
2015-08-01 17:26:44 : Checking if Village needs Rearming..
2015-08-01 17:26:52 : Village Report
2015-08-01 17:26:52 : Cannot get Free/Total Builders
2015-08-01 17:26:52 : No. of Free/Total Builders: 0/0
2015-08-01 17:26:53 :  [T]: 1 818
2015-08-01 17:26:53 :  [G]: 3 757 227 [E]: 3 115 789 [D]: 58 028 [GEM]: 954
2015-08-01 17:26:56 : Checking Army Camp...
2015-08-01 17:26:58 : Total Army Camp capacity: 33/200
2015-08-01 17:26:59 :  - No. of Archers: 33
2015-08-01 17:26:59 : Training Troops...
2015-08-01 17:27:07 : Requesting Clan Castle Troops
2015-08-01 17:27:08 : Your Clan Castle is already full or you are not in a clan.
2015-08-01 17:27:09 :  ====== Unbreakable Mode enabled! ====== 
2015-08-01 17:27:09 : Oops, wait for 70% troops filled
2015-08-01 17:27:10 : Trying to locate Main Screen
2015-08-01 17:27:10 : Main Screen Located
2015-08-01 17:27:11 : Collecting Resources
2015-08-01 17:27:18 : Checking if Village needs Rearming..
2015-08-01 17:27:26 : Village Report
2015-08-01 17:27:26 : No. of Free/Total Builders: 0/4
2015-08-01 17:27:26 :  [T]: 1 818
2015-08-01 17:27:26 :  [G]: 3 757 227 [E]: 3 115 789 [D]: 58 030 [GEM]: 954
2015-08-01 17:27:29 : Checking Army Camp...
2015-08-01 17:27:31 : Total Army Camp capacity: 36/200
2015-08-01 17:27:32 :  - No. of Archers: 36
2015-08-01 17:27:32 : Training Troops...
2015-08-01 17:27:40 : Requesting Clan Castle Troops
2015-08-01 17:27:41 : Your Clan Castle is already full or you are not in a clan.
2015-08-01 17:27:42 :  ====== Unbreakable Mode enabled! ====== 
2015-08-01 17:27:42 : Oops, wait for 70% troops filled
2015-08-01 17:27:43 : Trying to locate Main Screen
2015-08-01 17:27:43 : Main Screen Located
2015-08-01 17:27:44 : Collecting Resources
2015-08-01 17:27:51 : Checking if Village needs Rearming..
2015-08-01 17:27:59 : Village Report
2015-08-01 17:27:59 : No. of Free/Total Builders: 0/4
2015-08-01 17:27:59 :  [T]: 1 818
2015-08-01 17:27:59 :  [G]: 3 757 227 [E]: 3 116 733 [D]: 58 030 [GEM]: 954
2015-08-01 17:28:03 : Checking Army Camp...
2015-08-01 17:28:05 : Total Army Camp capacity: 41/200
2015-08-01 17:28:06 :  - No. of Archers: 41
2015-08-01 17:28:06 : Training Troops...
2015-08-01 17:28:13 : Requesting Clan Castle Troops
2015-08-01 17:28:14 : Your Clan Castle is already full or you are not in a clan.
2015-08-01 17:28:15 :  ====== Unbreakable Mode enabled! ====== 
2015-08-01 17:28:15 : Oops, wait for 70% troops filled
2015-08-01 17:28:16 : Trying to locate Main Screen
2015-08-01 17:28:16 : Main Screen Located
2015-08-01 17:28:17 : Collecting Resources
2015-08-01 17:28:24 : Checking if Village needs Rearming..
2015-08-01 17:28:33 : Village Report
2015-08-01 17:28:33 : No. of Free/Total Builders: 0/4
2015-08-01 17:28:33 :  [T]: 1 818
2015-08-01 17:28:33 :  [G]: 3 757 227 [E]: 3 117 046 [D]: 58 032 [GEM]: 954
2015-08-01 17:28:36 : Checking Army Camp...
2015-08-01 17:28:38 : Total Army Camp capacity: 45/200
2015-08-01 17:28:39 :  - No. of Archers: 45
2015-08-01 17:28:39 : Training Troops...
2015-08-01 17:28:47 : Requesting Clan Castle Troops
2015-08-01 17:28:47 : Your Clan Castle is already full or you are not in a clan.
2015-08-01 17:28:49 :  ====== Unbreakable Mode enabled! ====== 
2015-08-01 17:28:49 : Oops, wait for 70% troops filled
2015-08-01 17:28:50 : Trying to locate Main Screen
2015-08-01 17:28:50 : Main Screen Located
2015-08-01 17:28:51 : Collecting Resources
2015-08-01 17:28:57 : Checking if Village needs Rearming..
2015-08-01 17:29:05 : Village Report
2015-08-01 17:29:06 : No. of Free/Total Builders: 0/4
2015-08-01 17:29:06 :  [T]: 1 818
2015-08-01 17:29:06 :  [G]: 3 757 227 [E]: 3 117 046 [D]: 58 032 [GEM]: 954
2015-08-01 17:29:09 : Checking Army Camp...
2015-08-01 17:29:11 : Total Army Camp capacity: 48/200
2015-08-01 17:29:12 :  - No. of Archers: 48
2015-08-01 17:29:12 : Training Troops...
2015-08-01 17:29:19 : Requesting Clan Castle Troops
2015-08-01 17:29:20 : Your Clan Castle is already full or you are not in a clan.
2015-08-01 17:29:21 :  ====== Unbreakable Mode enabled! ====== 
2015-08-01 17:29:21 : Oops, wait for 70% troops filled
2015-08-01 17:29:22 : Trying to locate Main Screen
2015-08-01 17:29:22 : Main Screen Located
2015-08-01 17:29:23 : Collecting Resources
2015-08-01 17:29:30 : Checking if Village needs Rearming..
2015-08-01 17:29:38 : Village Report
2015-08-01 17:29:38 : No. of Free/Total Builders: 0/4
2015-08-01 17:29:38 :  [T]: 1 818
2015-08-01 17:29:38 :  [G]: 3 757 227 [E]: 3 117 046 [D]: 58 034 [GEM]: 954
2015-08-01 17:29:42 : Checking Army Camp...
2015-08-01 17:29:44 : Total Army Camp capacity: 52/200
2015-08-01 17:29:45 :  - No. of Archers: 53
2015-08-01 17:29:45 : Training Troops...
2015-08-01 17:29:52 : Requesting Clan Castle Troops
2015-08-01 17:29:53 : Your Clan Castle is already full or you are not in a clan.
2015-08-01 17:29:54 :  ====== Unbreakable Mode enabled! ====== 
2015-08-01 17:29:54 : Oops, wait for 70% troops filled
2015-08-01 17:29:55 : Trying to locate Main Screen
2015-08-01 17:29:55 : Main Screen Located
2015-08-01 17:29:56 : Collecting Resources
2015-08-01 17:30:03 : Checking if Village needs Rearming..
2015-08-01 17:30:11 : Village Report
2015-08-01 17:30:11 : No. of Free/Total Builders: 0/4
2015-08-01 17:30:11 :  [T]: 1 818
2015-08-01 17:30:11 :  [G]: 3 757 227 [E]: 3 117 046 [D]: 58 034 [GEM]: 954
2015-08-01 17:30:14 : Checking Army Camp...
2015-08-01 17:30:16 : Total Army Camp capacity: 57/200
2015-08-01 17:30:17 :  - No. of Archers: 57
2015-08-01 17:30:17 : Training Troops...
2015-08-01 17:30:25 : Requesting Clan Castle Troops
2015-08-01 17:30:26 : Your Clan Castle is already full or you are not in a clan.
2015-08-01 17:30:27 :  ====== Unbreakable Mode enabled! ====== 
2015-08-01 17:30:27 : Oops, wait for 70% troops filled
2015-08-01 17:30:28 : Trying to locate Main Screen
2015-08-01 17:30:28 : Main Screen Located
2015-08-01 17:30:29 : Collecting Resources
2015-08-01 17:30:36 : Checking if Village needs Rearming..
2015-08-01 17:30:44 : Village Report
2015-08-01 17:30:44 : No. of Free/Total Builders: 0/4
2015-08-01 17:30:44 :  [T]: 1 818
2015-08-01 17:30:44 :  [G]: 3 757 628 [E]: 3 117 046 [D]: 58 036 [GEM]: 954
2015-08-01 17:30:48 : Checking Army Camp...
2015-08-01 17:30:49 : Total Army Camp capacity: 60/200
2015-08-01 17:30:51 :  - No. of Archers: 60
2015-08-01 17:30:51 : Training Troops...
2015-08-01 17:30:58 : Requesting Clan Castle Troops
2015-08-01 17:30:59 : Your Clan Castle is already full or you are not in a clan.
2015-08-01 17:31:00 :  ====== Unbreakable Mode enabled! ====== 
2015-08-01 17:31:00 : Oops, wait for 70% troops filled
2015-08-01 17:31:01 : Trying to locate Main Screen
2015-08-01 17:31:01 : Main Screen Located
2015-08-01 17:31:02 : Collecting Resources
2015-08-01 17:31:09 : Checking if Village needs Rearming..
2015-08-01 17:31:17 : Village Report
2015-08-01 17:31:17 : No. of Free/Total Builders: 0/4
2015-08-01 17:31:17 :  [T]: 1 818
2015-08-01 17:31:18 :  [G]: 3 759 392 [E]: 3 117 046 [D]: 58 036 [GEM]: 954
2015-08-01 17:31:21 : Checking Army Camp...
2015-08-01 17:31:23 : Total Army Camp capacity: 64/200
2015-08-01 17:31:24 :  - No. of Archers: 64
2015-08-01 17:31:24 : Training Troops...
2015-08-01 17:31:31 : Requesting Clan Castle Troops
2015-08-01 17:31:32 : Your Clan Castle is already full or you are not in a clan.
2015-08-01 17:31:33 :  ====== Unbreakable Mode enabled! ====== 
2015-08-01 17:31:33 : Oops, wait for 70% troops filled
2015-08-01 17:31:34 : Trying to locate Main Screen
2015-08-01 17:31:34 : Main Screen Located
2015-08-01 17:31:35 : Collecting Resources
2015-08-01 17:31:43 : Checking if Village needs Rearming..
2015-08-01 17:31:51 : Village Report
2015-08-01 17:31:51 : No. of Free/Total Builders: 0/4
2015-08-01 17:31:51 :  [T]: 1 818
2015-08-01 17:31:51 :  [G]: 3 759 940 [E]: 3 118 017 [D]: 58 038 [GEM]: 954
2015-08-01 17:31:54 : Chat Request: archer soso svp
2015-08-01 17:31:54 : Archers Keyword found: arch
2015-08-01 17:31:54 : Donating Archers
2015-08-01 17:31:57 : Checking Army Camp...
2015-08-01 17:31:59 : Total Army Camp capacity: 63/200
2015-08-01 17:32:00 :  - No. of Archers: 63
2015-08-01 17:32:00 : Training Troops...
2015-08-01 17:32:07 : Requesting Clan Castle Troops
2015-08-01 17:32:10 : ClashGameBot was Resumed.
2015-08-01 17:32:11 : Cannot detect button request troops.
2015-08-01 17:32:14 : Waiting for Main Screen
2015-08-01 17:32:15 : Trying to locate Main Screen
2015-08-01 17:32:18 : Waiting for Main Screen
2015-08-01 17:32:18 : Main Screen Located
2015-08-01 17:32:18 : ClashGameBot was Paused!
2015-08-01 17:33:07 : ClashGameBot was Resumed.
2015-08-01 17:33:09 : Trying to locate Main Screen
2015-08-01 17:33:09 : Main Screen Located
2015-08-01 17:33:10 : Collecting Resources
2015-08-01 17:33:17 : Checking if Village needs Rearming..
2015-08-01 17:33:25 : Village Report
2015-08-01 17:33:25 : No. of Free/Total Builders: 0/4
2015-08-01 17:33:25 :  [T]: 1 818
2015-08-01 17:33:25 :  [G]: 3 759 940 [E]: 3 119 003 [D]: 58 042 [GEM]: 954
2015-08-01 17:33:29 : Checking Army Camp...
2015-08-01 17:33:31 : Total Army Camp capacity: 75/200
2015-08-01 17:33:32 :  - No. of Barbarians: 7
2015-08-01 17:33:32 :  - No. of Archers: 68
2015-08-01 17:33:32 : Training Troops...
2015-08-01 17:33:41 : Requesting Clan Castle Troops
2015-08-01 17:33:42 : Your Clan Castle is already full or you are not in a clan.
2015-08-01 17:33:43 :  ====== Unbreakable Mode enabled! ====== 
2015-08-01 17:33:43 : Oops, wait for 70% troops filled
2015-08-01 17:33:44 : Trying to locate Main Screen
2015-08-01 17:33:44 : Main Screen Located
2015-08-01 17:33:45 : Collecting Resources
2015-08-01 17:33:52 : ClashGameBot was Paused!
2015-08-01 17:34:36 : ClashGameBot was Resumed.
2015-08-01 17:34:37 : Checking if Village needs Rearming..
2015-08-01 17:34:45 : Village Report
2015-08-01 17:34:45 : No. of Free/Total Builders: 0/4
2015-08-01 17:34:45 :  [T]: 1 818
2015-08-01 17:34:45 :  [G]: 3 759 940 [E]: 3 099 003 [D]: 58 042 [GEM]: 954
2015-08-01 17:34:48 : Checking Army Camp...
2015-08-01 17:34:50 : Total Army Camp capacity: 87/200
2015-08-01 17:34:51 :  - No. of Barbarians: 19
2015-08-01 17:34:51 :  - No. of Archers: 68
2015-08-01 17:34:52 : Training Troops...
2015-08-01 17:35:00 : Requesting Clan Castle Troops
2015-08-01 17:35:01 : Your Clan Castle is already full or you are not in a clan.
2015-08-01 17:35:02 :  ====== Unbreakable Mode enabled! ====== 
2015-08-01 17:35:02 : Oops, wait for 70% troops filled
2015-08-01 17:35:03 : Trying to locate Main Screen
2015-08-01 17:35:03 : Main Screen Located
2015-08-01 17:35:04 : Collecting Resources
2015-08-01 17:35:11 : Checking if Village needs Rearming..
2015-08-01 17:35:19 : Village Report
2015-08-01 17:35:19 : No. of Free/Total Builders: 0/4
2015-08-01 17:35:20 :  [T]: 1 818
2015-08-01 17:35:20 :  [G]: 3 759 940 [E]: 3 099 443 [D]: 58 046 [GEM]: 954
2015-08-01 17:35:24 : Checking Army Camp...
2015-08-01 17:35:25 : Total Army Camp capacity: 93/200
2015-08-01 17:35:26 :  - No. of Barbarians: 25
2015-08-01 17:35:26 :  - No. of Archers: 68
2015-08-01 17:35:27 : Training Troops...
2015-08-01 17:35:35 : Requesting Clan Castle Troops
2015-08-01 17:35:36 : Your Clan Castle is already full or you are not in a clan.
2015-08-01 17:35:37 :  ====== Unbreakable Mode enabled! ====== 
2015-08-01 17:35:37 : Oops, wait for 70% troops filled
2015-08-01 17:35:38 : Trying to locate Main Screen
2015-08-01 17:35:38 : Main Screen Located
2015-08-01 17:35:39 : Collecting Resources
2015-08-01 17:35:46 : Checking if Village needs Rearming..
2015-08-01 17:35:55 : Village Report
2015-08-01 17:35:55 : No. of Free/Total Builders: 0/4
2015-08-01 17:35:55 :  [T]: 1 818
2015-08-01 17:35:55 :  [G]: 3 760 364 [E]: 3 099 951 [D]: 58 046 [GEM]: 954
2015-08-01 17:35:58 : Checking Army Camp...
2015-08-01 17:36:00 : Total Army Camp capacity: 98/200
2015-08-01 17:36:01 :  - No. of Barbarians: 30
2015-08-01 17:36:01 :  - No. of Archers: 68
2015-08-01 17:36:01 : Training Troops...
2015-08-01 17:36:10 : Requesting Clan Castle Troops
2015-08-01 17:36:11 : Your Clan Castle is already full or you are not in a clan.
2015-08-01 17:36:12 :  ====== Unbreakable Mode enabled! ====== 
2015-08-01 17:36:12 : Oops, wait for 70% troops filled
2015-08-01 17:36:13 : Trying to locate Main Screen
2015-08-01 17:36:13 : Main Screen Located
2015-08-01 17:36:14 : Collecting Resources
2015-08-01 17:36:22 : Checking if Village needs Rearming..
2015-08-01 17:36:30 : Village Report
2015-08-01 17:36:30 : No. of Free/Total Builders: 0/4
2015-08-01 17:36:30 :  [T]: 1 818
2015-08-01 17:36:30 :  [G]: 3 762 088 [E]: 3 099 951 [D]: 58 048 [GEM]: 954
2015-08-01 17:36:33 : Checking Army Camp...
2015-08-01 17:36:35 : Total Army Camp capacity: 102/200
2015-08-01 17:36:36 :  - No. of Barbarians: 34
2015-08-01 17:36:36 :  - No. of Archers: 68
2015-08-01 17:36:37 : Training Troops...
2015-08-01 17:36:45 : Requesting Clan Castle Troops
2015-08-01 17:36:46 : Your Clan Castle is already full or you are not in a clan.
2015-08-01 17:36:47 :  ====== Unbreakable Mode enabled! ====== 
2015-08-01 17:36:47 : Oops, wait for 70% troops filled
2015-08-01 17:36:48 : Trying to locate Main Screen
2015-08-01 17:36:48 : Main Screen Located
2015-08-01 17:36:49 : Collecting Resources
2015-08-01 17:36:56 : Checking if Village needs Rearming..
2015-08-01 17:37:04 : Village Report
2015-08-01 17:37:04 : No. of Free/Total Builders: 0/4
2015-08-01 17:37:04 :  [T]: 1 818
2015-08-01 17:37:04 :  [G]: 3 762 607 [E]: 3 099 951 [D]: 58 048 [GEM]: 954
2015-08-01 17:37:08 : Checking Army Camp...
2015-08-01 17:37:10 : Total Army Camp capacity: 108/200
2015-08-01 17:37:11 :  - No. of Barbarians: 40
2015-08-01 17:37:11 :  - No. of Archers: 68
2015-08-01 17:37:11 : Training Troops...
2015-08-01 17:37:20 : Requesting Clan Castle Troops
2015-08-01 17:37:20 : Your Clan Castle is already full or you are not in a clan.
2015-08-01 17:37:21 :  ====== Unbreakable Mode enabled! ====== 
2015-08-01 17:37:21 : Oops, wait for 70% troops filled
2015-08-01 17:37:22 : Trying to locate Main Screen
2015-08-01 17:37:22 : Main Screen Located
2015-08-01 17:37:24 : Collecting Resources
2015-08-01 17:37:31 : Checking if Village needs Rearming..
2015-08-01 17:37:39 : Village Report
2015-08-01 17:37:39 : No. of Free/Total Builders: 0/4
2015-08-01 17:37:39 :  [T]: 1 818
2015-08-01 17:37:40 :  [G]: 3 762 607 [E]: 3 100 259 [D]: 58 050 [GEM]: 954
2015-08-01 17:37:43 : Checking Army Camp...
2015-08-01 17:37:45 : Total Army Camp capacity: 114/200
2015-08-01 17:37:46 :  - No. of Barbarians: 46
2015-08-01 17:37:46 :  - No. of Archers: 68
2015-08-01 17:37:46 : Training Troops...
2015-08-01 17:37:55 : Requesting Clan Castle Troops
2015-08-01 17:37:55 : Your Clan Castle is already full or you are not in a clan.
2015-08-01 17:37:56 :  ====== Unbreakable Mode enabled! ====== 
2015-08-01 17:37:56 : Oops, wait for 70% troops filled
2015-08-01 17:37:57 : Trying to locate Main Screen
2015-08-01 17:37:57 : Main Screen Located
2015-08-01 17:37:58 : Collecting Resources
2015-08-01 17:38:05 : Checking if Village needs Rearming..
2015-08-01 17:38:14 : Village Report
2015-08-01 17:38:14 : No. of Free/Total Builders: 0/4
2015-08-01 17:38:14 :  [T]: 1 818
2015-08-01 17:38:14 :  [G]: 3 762 607 [E]: 3 100 259 [D]: 58 050 [GEM]: 954
2015-08-01 17:38:17 : Checking Army Camp...
2015-08-01 17:38:19 : Total Army Camp capacity: 118/200
2015-08-01 17:38:20 :  - No. of Barbarians: 50
2015-08-01 17:38:20 :  - No. of Archers: 68
2015-08-01 17:38:21 : Training Troops...
2015-08-01 17:38:29 : Requesting Clan Castle Troops
2015-08-01 17:38:30 : Your Clan Castle is already full or you are not in a clan.
2015-08-01 17:38:31 :  ====== Unbreakable Mode enabled! ====== 
2015-08-01 17:38:31 : Oops, wait for 70% troops filled
2015-08-01 17:38:32 : Trying to locate Main Screen
2015-08-01 17:38:32 : Main Screen Located
2015-08-01 17:38:33 : Collecting Resources
2015-08-01 17:38:41 : Checking if Village needs Rearming..
2015-08-01 17:38:49 : Village Report
2015-08-01 17:38:49 : No. of Free/Total Builders: 0/4
2015-08-01 17:38:49 :  [T]: 1 818
2015-08-01 17:38:49 :  [G]: 3 762 607 [E]: 3 100 699 [D]: 58 052 [GEM]: 954
2015-08-01 17:38:53 : Checking Army Camp...
2015-08-01 17:38:54 : Total Army Camp capacity: 123/200
2015-08-01 17:38:55 :  - No. of Barbarians: 55
2015-08-01 17:38:56 :  - No. of Archers: 68
2015-08-01 17:38:56 : Training Troops...
2015-08-01 17:39:04 : Requesting Clan Castle Troops
2015-08-01 17:39:05 : Your Clan Castle is already full or you are not in a clan.
2015-08-01 17:39:06 :  ====== Unbreakable Mode enabled! ====== 
2015-08-01 17:39:06 : Oops, wait for 70% troops filled
2015-08-01 17:39:07 : Trying to locate Main Screen
2015-08-01 17:39:07 : Main Screen Located
2015-08-01 17:39:08 : Collecting Resources
2015-08-01 17:39:15 : Checking if Village needs Rearming..
2015-08-01 17:39:24 : Village Report
2015-08-01 17:39:24 : No. of Free/Total Builders: 0/4
2015-08-01 17:39:24 :  [T]: 1 818
2015-08-01 17:39:24 :  [G]: 3 762 607 [E]: 3 101 139 [D]: 58 052 [GEM]: 954
2015-08-01 17:39:28 : Checking Army Camp...
2015-08-01 17:39:30 : Total Army Camp capacity: 129/200
2015-08-01 17:39:30 :  - No. of Barbarians: 61
2015-08-01 17:39:31 :  - No. of Archers: 68
2015-08-01 17:39:31 : Training Troops...
2015-08-01 17:39:39 : Requesting Clan Castle Troops
2015-08-01 17:39:40 : Your Clan Castle is already full or you are not in a clan.
2015-08-01 17:39:41 :  ====== Unbreakable Mode enabled! ====== 
2015-08-01 17:39:41 : Oops, wait for 70% troops filled
2015-08-01 17:39:42 : Trying to locate Main Screen
2015-08-01 17:39:42 : Main Screen Located
2015-08-01 17:39:43 : Collecting Resources
2015-08-01 17:39:51 : Checking if Village needs Rearming..
2015-08-01 17:39:59 : Village Report
2015-08-01 17:39:59 : No. of Free/Total Builders: 0/4
2015-08-01 17:39:59 :  [T]: 1 818
2015-08-01 17:39:59 :  [G]: 3 762 607 [E]: 3 101 139 [D]: 58 054 [GEM]: 954
2015-08-01 17:40:03 : Checking Army Camp...
2015-08-01 17:40:05 : Total Army Camp capacity: 135/200
2015-08-01 17:40:06 :  - No. of Barbarians: 67
2015-08-01 17:40:06 :  - No. of Archers: 68
2015-08-01 17:40:06 : Training Troops...
2015-08-01 17:40:15 : Requesting Clan Castle Troops
2015-08-01 17:40:15 : Your Clan Castle is already full or you are not in a clan.
2015-08-01 17:40:16 :  ====== Unbreakable Mode enabled! ====== 
2015-08-01 17:40:16 : Oops, wait for 70% troops filled
2015-08-01 17:40:17 : Trying to locate Main Screen
2015-08-01 17:40:17 : Main Screen Located
2015-08-01 17:40:18 : Collecting Resources
2015-08-01 17:40:26 : Checking if Village needs Rearming..
2015-08-01 17:40:34 : Village Report
2015-08-01 17:40:34 : No. of Free/Total Builders: 0/4
2015-08-01 17:40:34 :  [T]: 1 818
2015-08-01 17:40:34 :  [G]: 3 762 607 [E]: 3 101 139 [D]: 58 054 [GEM]: 954
2015-08-01 17:40:37 : Checking Army Camp...
2015-08-01 17:40:39 : Total Army Camp capacity: 139/200
2015-08-01 17:40:40 :  - No. of Barbarians: 71
2015-08-01 17:40:40 :  - No. of Archers: 68
2015-08-01 17:40:40 : Training Troops...
2015-08-01 17:40:49 : Requesting Clan Castle Troops
2015-08-01 17:40:50 : Your Clan Castle is already full or you are not in a clan.
2015-08-01 17:40:51 :  ====== Unbreakable Mode enabled! ====== 
2015-08-01 17:40:51 : Oops, wait for 70% troops filled
2015-08-01 17:40:52 : Trying to locate Main Screen
2015-08-01 17:40:52 : Main Screen Located
2015-08-01 17:40:53 : Collecting Resources
2015-08-01 17:41:00 : Checking if Village needs Rearming..
2015-08-01 17:41:08 : Village Report
2015-08-01 17:41:08 : No. of Free/Total Builders: 0/4
2015-08-01 17:41:08 :  [T]: 1 818
2015-08-01 17:41:08 :  [G]: 3 763 040 [E]: 3 101 139 [D]: 58 056 [GEM]: 954
2015-08-01 17:41:12 : Checking Army Camp...
2015-08-01 17:41:14 : Total Army Camp capacity: 144/200
2015-08-01 17:41:15 :  - No. of Barbarians: 76
2015-08-01 17:41:15 :  - No. of Archers: 68
2015-08-01 17:41:15 : Training Troops...
2015-08-01 17:41:24 : Requesting Clan Castle Troops
2015-08-01 17:41:24 : Your Clan Castle is already full or you are not in a clan.
2015-08-01 17:41:26 :  ====== Unbreakable Mode enabled! ====== 
2015-08-01 17:41:26 : Oops, Out of Dark Elxir - back to farming
2015-08-01 17:41:26 : Checking Troop Upgrade in Laboratory ...
2015-08-01 17:41:26 : Updating village values [E]: 3101139 [D]: 58056
2015-08-01 17:41:27 : Insufficent Elixir for Pekka, Lab requires: 6000000 + 250000 user reserve
2015-08-01 17:41:31 : ====== Waiting for full army ======
2015-08-01 17:41:44 : Collecting Resources
2015-08-01 17:41:51 : Checking Army Camp...
2015-08-01 17:41:53 : Total Army Camp capacity: 150/200
2015-08-01 17:41:54 :  - No. of Barbarians: 82
2015-08-01 17:41:54 :  - No. of Archers: 68
2015-08-01 17:41:54 : Training Troops...
2015-08-01 17:42:02 : Time Idle: 00:00:30
2015-08-01 17:42:02 : ====== Waiting for full army ======
2015-08-01 17:42:14 : Checking Army Camp...
2015-08-01 17:42:16 : Total Army Camp capacity: 153/200
2015-08-01 17:42:17 :  - No. of Barbarians: 85
2015-08-01 17:42:17 :  - No. of Archers: 68
2015-08-01 17:42:17 : Training Troops...
2015-08-01 17:42:25 : Time Idle: 00:00:53
2015-08-01 17:42:25 : ====== Waiting for full army ======
2015-08-01 17:42:37 : Checking Army Camp...
2015-08-01 17:42:39 : Total Army Camp capacity: 157/200
2015-08-01 17:42:40 :  - No. of Barbarians: 89
2015-08-01 17:42:40 :  - No. of Archers: 68
2015-08-01 17:42:40 : Training Troops...
2015-08-01 17:42:48 : Time Idle: 00:01:16
2015-08-01 17:42:48 : ====== Waiting for full army ======
2015-08-01 17:43:00 : Checking Army Camp...
2015-08-01 17:43:02 : Total Army Camp capacity: 161/200
2015-08-01 17:43:03 :  - No. of Barbarians: 94
2015-08-01 17:43:03 :  - No. of Archers: 68
2015-08-01 17:43:03 : Training Troops...
2015-08-01 17:43:11 : Time Idle: 00:01:38
2015-08-01 17:43:11 : ====== Waiting for full army ======
2015-08-01 17:43:23 : Checking Army Camp...
2015-08-01 17:43:25 : Total Army Camp capacity: 165/200
2015-08-01 17:43:26 :  - No. of Barbarians: 97
2015-08-01 17:43:26 :  - No. of Archers: 68
2015-08-01 17:43:26 : Training Troops...
2015-08-01 17:43:34 : Time Idle: 00:02:01
2015-08-01 17:43:34 : ====== Waiting for full army ======
2015-08-01 17:43:46 : Checking Army Camp...
2015-08-01 17:43:48 : Total Army Camp capacity: 168/200
2015-08-01 17:43:49 :  - No. of Barbarians: 100
2015-08-01 17:43:49 :  - No. of Archers: 68
2015-08-01 17:43:50 : Training Troops...
2015-08-01 17:43:58 : Time Idle: 00:02:24
2015-08-01 17:43:58 : ====== Waiting for full army ======
2015-08-01 17:44:10 : Checking Army Camp...
2015-08-01 17:44:12 : Total Army Camp capacity: 170/200
2015-08-01 17:44:12 :  - No. of Barbarians: 102
2015-08-01 17:44:13 :  - No. of Archers: 68
2015-08-01 17:44:13 : Training Troops...
2015-08-01 17:44:20 : Time Idle: 00:02:47
2015-08-01 17:44:21 : ====== Waiting for full army ======
2015-08-01 17:44:33 : Checking Army Camp...
2015-08-01 17:44:34 : Total Army Camp capacity: 172/200
2015-08-01 17:44:35 :  - No. of Barbarians: 104
2015-08-01 17:44:35 :  - No. of Archers: 68
2015-08-01 17:44:36 : Training Troops...
2015-08-01 17:44:44 : Time Idle: 00:03:10
2015-08-01 17:44:44 : ====== Waiting for full army ======
2015-08-01 17:44:56 : Checking Army Camp...
2015-08-01 17:44:58 : Total Army Camp capacity: 174/200
2015-08-01 17:44:59 :  - No. of Barbarians: 106
2015-08-01 17:44:59 :  - No. of Archers: 68
2015-08-01 17:44:59 : Training Troops...
2015-08-01 17:45:07 : Time Idle: 00:03:33
2015-08-01 17:45:07 : ====== Waiting for full army ======
2015-08-01 17:45:19 : Checking Army Camp...
2015-08-01 17:45:21 : Total Army Camp capacity: 177/200
2015-08-01 17:45:22 :  - No. of Barbarians: 109
2015-08-01 17:45:23 :  - No. of Archers: 68
2015-08-01 17:45:23 : Training Troops...
2015-08-01 17:45:31 : Time Idle: 00:03:56
2015-08-01 17:45:31 : ====== Waiting for full army ======
2015-08-01 17:45:43 : Checking Army Camp...
2015-08-01 17:45:45 : Total Army Camp capacity: 180/200
2015-08-01 17:45:46 :  - No. of Barbarians: 112
2015-08-01 17:45:46 :  - No. of Archers: 68
2015-08-01 17:45:46 : Training Troops...
2015-08-01 17:45:53 : Time Idle: 00:04:19
2015-08-01 17:45:54 : ====== Waiting for full army ======
2015-08-01 17:46:06 : Collecting Resources
2015-08-01 17:46:12 : Checking Army Camp...
2015-08-01 17:46:14 : Total Army Camp capacity: 182/200
2015-08-01 17:46:15 :  - No. of Barbarians: 114
2015-08-01 17:46:15 :  - No. of Archers: 68
2015-08-01 17:46:16 : Training Troops...
2015-08-01 17:46:23 : Time Idle: 00:04:48
2015-08-01 17:46:24 : ====== Waiting for full army ======
2015-08-01 17:46:35 : Checking Army Camp...
2015-08-01 17:46:37 : Total Army Camp capacity: 184/200
2015-08-01 17:46:38 :  - No. of Barbarians: 116
2015-08-01 17:46:38 :  - No. of Archers: 68
2015-08-01 17:46:39 : Training Troops...
2015-08-01 17:46:46 : Time Idle: 00:05:11
2015-08-01 17:46:46 : ====== Waiting for full army ======
2015-08-01 17:46:58 : Checking Army Camp...
2015-08-01 17:47:00 : Total Army Camp capacity: 187/200
2015-08-01 17:47:01 :  - No. of Barbarians: 119
2015-08-01 17:47:01 :  - No. of Archers: 68
2015-08-01 17:47:02 : Training Troops...
2015-08-01 17:47:10 : Checking Army Camp...
2015-08-01 17:47:12 : Total Army Camp capacity: 188/200
2015-08-01 17:47:13 :  - No. of Barbarians: 10
2015-08-01 17:47:13 :  - No. of Archers: 68
2015-08-01 17:47:13 : Training Troops...
2015-08-01 17:47:22 : Time Idle: 00:05:46
2015-08-01 17:47:23 : ====== Waiting for full army ======
2015-08-01 17:47:34 : Checking Army Camp...
2015-08-01 17:47:36 : Total Army Camp capacity: 190/200
2015-08-01 17:47:37 :  - No. of Barbarians: 10
2015-08-01 17:47:37 :  - No. of Archers: 70
2015-08-01 17:47:38 : Training Troops...
2015-08-01 17:47:45 : Time Idle: 00:06:09
2015-08-01 17:47:45 : ClashGameBot was Paused!
2015-08-01 17:47:59 : ClashGameBot was Resumed.
2015-08-01 17:47:59 : ====== Waiting for full army ======
2015-08-01 17:48:11 : Checking Army Camp...
2015-08-01 17:48:13 : Total Army Camp capacity: 192/200
2015-08-01 17:48:14 :  - No. of Barbarians: 10
2015-08-01 17:48:14 :  - No. of Archers: 72
2015-08-01 17:48:14 : Training Troops...
2015-08-01 17:48:22 : Time Idle: 00:06:32
2015-08-01 17:48:23 : ====== Waiting for full army ======
2015-08-01 17:48:34 : Checking Army Camp...
2015-08-01 17:48:36 : Total Army Camp capacity: 195/200
2015-08-01 17:48:37 :  - No. of Barbarians: 10
2015-08-01 17:48:37 :  - No. of Archers: 75
2015-08-01 17:48:38 : Training Troops...
2015-08-01 17:48:45 : Time Idle: 00:06:54
2015-08-01 17:48:46 : ====== Waiting for full army ======
2015-08-01 17:48:58 : Checking Army Camp...
2015-08-01 17:48:59 : Total Army Camp capacity: 198/200
2015-08-01 17:49:00 :  - No. of Barbarians: 10
2015-08-01 17:49:00 :  - No. of Archers: 78
2015-08-01 17:49:01 : Training Troops...
2015-08-01 17:49:08 : Time Idle: 00:07:17
2015-08-01 17:49:08 : ====== Waiting for full army ======
2015-08-01 17:49:20 : Checking Army Camp...
2015-08-01 17:49:22 : Total Army Camp capacity: 200/200
2015-08-01 17:49:23 :  - No. of Barbarians: 10
2015-08-01 17:49:23 :  - No. of Archers: 80
2015-08-01 17:49:24 : Training Troops...
2015-08-01 17:49:24 : Your Army Camps are now Full
2015-08-01 17:49:43 : Going to Attack...
2015-08-01 17:49:49 : ============== Searching For Dead Base ===============
2015-08-01 17:49:49 : ~~~~~~~~~~~~~~~ SEARCH CONDITIONS ~~~~~~~~~~~~~~~~
2015-08-01 17:49:49 : Meet: Gold and Elixir
2015-08-01 17:49:49 : ~~~~~~~~~~~~~~ RESOURCE CONDITIONS ~~~~~~~~~~~~~~~
2015-08-01 17:49:49 : Aim: [G]: 200000 [E]: 200000 [D]:    0 [T]: 0, Out, Out, Out, Out, Out, Out, Out, Out, Out, Out, Out, Out, Out, Out, Out, Out, Out, Out, Out, Out, Out, Out, Out, Out for: Dead Base
2015-08-01 17:49:49 : ~~~~~~~~~~~~~~~ ADVANCED SETTINGS ~~~~~~~~~~~~~~~~
2015-08-01 17:49:49 : THSnipe Combo, 1 Tile(s), AttackTH, Attack1:Normal
2015-08-01 17:49:49 : ==================================================
2015-08-01 17:49:51 :   1> [G]:  74236 [E]:  45362 [D]: 2488 [T]:33 [TH]: 9, Out
2015-08-01 17:49:51 : ~~~~~~~~~~~~~~~ TH Outside Found! ~~~~~~~~~~~~~~~~
2015-08-01 17:49:52 : ================ Search Complete =================
2015-08-01 17:49:53 : Initiating attack for: TH Snipe
2015-08-01 17:49:55 : -Barbarians 120
2015-08-01 17:49:55 : -Archers 80
2015-08-01 17:49:55 : -Clan Castle 
2015-08-01 17:49:55 : -Lightning Spells 2
2015-08-01 17:49:55 : -Poison Spells 1
2015-08-01 17:49:55 :  ====== Start Attack ====== 
2015-08-01 17:49:57 : Normal Attacking TH Outside with BAM PULSE!
2015-08-01 17:49:57 : Dropping first wave of 6 Barbarians
2015-08-01 17:49:57 : Zooming in...
2015-08-01 17:50:00 : Done zooming.
2015-08-01 17:50:01 : Scrolling to bottom...
2015-08-01 17:50:06 : Deployment of Barbarians Successful!
2015-08-01 17:50:08 : Dropping first wave of 6 Archers
2015-08-01 17:50:09 : Deployment of Archers Successful!
2015-08-01 17:50:11 : No  troop Found!!!
2015-08-01 17:50:29 : Townhall has been destroyed!
2015-08-01 17:50:30 : Zooming Out
2015-08-01 17:50:39 : Checking if the battle has finished
2015-08-01 17:50:41 : detected [G]:  [E]:  [DE]:  |  Exit now 
2015-08-01 17:50:41 : Gold & Elixir & DE = 0, end battle 
2015-08-01 17:50:42 : Battle has finished
2015-08-01 17:50:42 : Returning Home
2015-08-01 17:50:47 : Loot: [G]: 1 000 [E]: 1 213 [DE]:  [T]: 11
2015-08-01 17:50:47 : Bonus [G]: 14 000 [E]: 14 000
2015-08-01 17:50:49 : Your league level is: Gold I
2015-08-01 17:50:49 : Stars earned: 1
2015-08-01 17:50:57 : Trying to locate Main Screen
2015-08-01 17:50:57 : Main Screen Located
2015-08-01 17:50:58 : Collecting Resources
2015-08-01 17:51:08 : Checking if Village needs Rearming..
2015-08-01 17:51:16 : Village Report
2015-08-01 17:51:16 : No. of Free/Total Builders: 0/4
2015-08-01 17:51:16 :  [T]: 1 829
2015-08-01 17:51:16 :  [G]: 3 784 097 [E]: 3 084 288 [D]: 58 082 [GEM]: 954
2015-08-01 17:51:19 : Chat Request: J ai besoin de troupes de renfort s
2015-08-01 17:51:19 : Archers Keyword found: troupes
2015-08-01 17:51:19 : Donating Archers
2015-08-01 17:51:22 : Checking Army Camp...
2015-08-01 17:51:24 : Total Army Camp capacity: 194/200
2015-08-01 17:51:25 :  - No. of Barbarians: 114
2015-08-01 17:51:25 :  - No. of Archers: 80
2015-08-01 17:51:26 : Barracks and Spell factory status: 
2015-08-01 17:51:26 : - Barracks detected: 4 | Available: 3 | Upgrading: 1
2015-08-01 17:51:26 : - Dark Barracks detected: 2 | Available: 2 | Upgrading: 0
2015-08-01 17:51:26 : - Spell factory detected: 1 | Available: 1 | Upgrading: 0
2015-08-01 17:51:26 : - Dark Spell factory detected: 1 | Available: 0 | Upgrading: 1
2015-08-01 17:51:26 : Training Troops...
2015-08-01 17:51:41 : Requesting Clan Castle Troops
2015-08-01 17:51:41 : Your Clan Castle is already full or you are not in a clan.
2015-08-01 17:51:43 :  ====== Unbreakable Mode restarted! ====== 
2015-08-01 17:51:43 : Oops, Out of Dark Elxir - back to farming
2015-08-01 17:51:43 : Checking Troop Upgrade in Laboratory ...
2015-08-01 17:51:43 : Updating village values [E]: 3120918 [D]: 58082
2015-08-01 17:51:45 : Insufficent Elixir for Pekka, Lab requires: 6000000 + 250000 user reserve
2015-08-01 17:51:48 : ====== Waiting for full army ======
2015-08-01 17:52:00 : Checking Army Camp...
2015-08-01 17:52:02 : Total Army Camp capacity: 197/200
2015-08-01 17:52:03 :  - No. of Barbarians: 117
2015-08-01 17:52:03 :  - No. of Archers: 80
2015-08-01 17:52:03 : Training Troops...
2015-08-01 17:52:11 : Time Idle: 00:00:22
2015-08-01 17:52:12 : ====== Waiting for full army ======
2015-08-01 17:52:24 : Checking Army Camp...
2015-08-01 17:52:26 : Total Army Camp capacity: 200/200
2015-08-01 17:52:26 :  - No. of Barbarians: 10
2015-08-01 17:52:27 :  - No. of Archers: 80
2015-08-01 17:52:27 : Training Troops...
2015-08-01 17:52:28 : Your Army Camps are now Full
2015-08-01 17:52:45 : Going to Attack...
2015-08-01 17:52:51 : ============== Searching For Dead Base ===============
2015-08-01 17:52:51 : ~~~~~~~~~~~~~~~ SEARCH CONDITIONS ~~~~~~~~~~~~~~~~
2015-08-01 17:52:51 : Meet: Gold and Elixir
2015-08-01 17:52:51 : ~~~~~~~~~~~~~~ RESOURCE CONDITIONS ~~~~~~~~~~~~~~~
2015-08-01 17:52:51 : Aim: [G]: 200000 [E]: 200000 [D]:    0 [T]: 0, Out, Out, Out, Out, Out, Out, Out, Out, Out, Out, Out, Out, Out, Out, Out, Out, Out, Out, Out, Out, Out, Out, Out, Out for: Dead Base
2015-08-01 17:52:51 : ~~~~~~~~~~~~~~~ ADVANCED SETTINGS ~~~~~~~~~~~~~~~~
2015-08-01 17:52:51 : THSnipe Combo, 1 Tile(s), AttackTH, Attack1:Normal
2015-08-01 17:52:51 : ==================================================
2015-08-01 17:52:52 :   1> [G]:  44164 [E]:   6960 [D]:  301 [T]:28 [TH]: 7, In
2015-08-01 17:52:55 :   2> [G]:  43503 [E]:  97694 [D]:  217 [T]:15 [TH]: -, -
2015-08-01 17:52:58 :   3> [G]:  50651 [E]:  35647 [D]:  208 [T]:34 [TH]: 9, In
2015-08-01 17:53:05 :   4> [G]:  83155 [E]:  88837 [D]:   36 [T]:18 [TH]: 9, In
2015-08-01 17:53:09 :   5> [G]: 107149 [E]: 108144 [D]:  472 [T]:23 [TH]:10, In
2015-08-01 17:53:12 :   6> [G]:  36052 [E]:  40611 [D]:    8 [T]:13 [TH]: 7, In
2015-08-01 17:53:15 :   7> [G]:  50243 [E]: 130953 [D]:  559 [T]:28 [TH]: 9, In
2015-08-01 17:53:18 :   8> [G]:  31963 [E]:  26532 [D]:    0 [T]:15 [TH]: 7, In
2015-08-01 17:53:24 :   9> [G]:  77132 [E]:  70978 [D]:  250 [T]:14 [TH]: 8, In
2015-08-01 17:53:28 :  10> [G]:  18742 [E]: 116557 [D]:  431 [T]:15 [TH]: 8, In
2015-08-01 17:53:32 :  11> [G]:  61236 [E]: 151491 [D]:  514 [T]:31 [TH]:10, In
2015-08-01 17:53:36 :  12> [G]:  48798 [E]:  17493 [D]:  197 [T]:15 [TH]: 7, In
2015-08-01 17:53:39 :  13> [G]: 114298 [E]: 179082 [D]:  922 [T]:14 [TH]: 8, Out
2015-08-01 17:53:39 : ~~~~~~~~~~~~~~~ TH Outside Found! ~~~~~~~~~~~~~~~~
2015-08-01 17:53:41 : ================ Search Complete =================
2015-08-01 17:53:41 : Initiating attack for: TH Snipe
2015-08-01 17:53:43 : -Barbarians 120
2015-08-01 17:53:43 : -Archers 80
2015-08-01 17:53:43 : -Clan Castle 
2015-08-01 17:53:43 : -Lightning Spells 2
2015-08-01 17:53:43 : -Poison Spells 1
2015-08-01 17:53:43 :  ====== Start Attack ====== 
2015-08-01 17:53:45 : Normal Attacking TH Outside with BAM PULSE!
2015-08-01 17:53:45 : Dropping first wave of 6 Barbarians
2015-08-01 17:53:47 : Deployment of Barbarians Successful!
2015-08-01 17:53:49 : Dropping first wave of 6 Archers
2015-08-01 17:53:51 : Deployment of Archers Successful!
2015-08-01 17:53:52 : No  troop Found!!!
2015-08-01 17:54:08 : Townhall has been destroyed!
2015-08-01 17:54:11 : Checking if the battle has finished
2015-08-01 17:54:13 : detected [G]:  [E]:  [DE]:  |  Exit now 
2015-08-01 17:54:13 : Gold & Elixir & DE = 0, end battle 
2015-08-01 17:54:14 : Battle has finished
2015-08-01 17:54:14 : Returning Home
2015-08-01 17:54:19 : Loot: [G]: 1 000 [E]: 1 000 [DE]:  [T]: 4
2015-08-01 17:54:19 : Bonus [G]: 14 000 [E]: 14 000
2015-08-01 17:54:21 : Your league level is: Gold I
2015-08-01 17:54:21 : Stars earned: 1
2015-08-01 17:54:29 : Trying to locate Main Screen
2015-08-01 17:54:29 : Main Screen Located
2015-08-01 17:54:30 : Collecting Resources
2015-08-01 17:54:38 : Checking if Village needs Rearming..
2015-08-01 17:54:46 : Village Report
2015-08-01 17:54:46 : No. of Free/Total Builders: 0/4
2015-08-01 17:54:46 :  [T]: 1 833
2015-08-01 17:54:46 :  [G]: 3 792 387 [E]: 3 095 858 [D]: 58 090 [GEM]: 954
2015-08-01 17:54:49 : Checking Army Camp...
2015-08-01 17:54:51 : Total Army Camp capacity: 200/200
2015-08-01 17:54:52 :  - No. of Barbarians: 114
2015-08-01 17:54:52 :  - No. of Archers: 86
2015-08-01 17:54:53 : Barracks and Spell factory status: 
2015-08-01 17:54:53 : - Barracks detected: 4 | Available: 3 | Upgrading: 1
2015-08-01 17:54:53 : - Dark Barracks detected: 2 | Available: 2 | Upgrading: 0
2015-08-01 17:54:53 : - Spell factory detected: 1 | Available: 1 | Upgrading: 0
2015-08-01 17:54:53 : - Dark Spell factory detected: 1 | Available: 0 | Upgrading: 1
2015-08-01 17:54:53 : Training Troops...
2015-08-01 17:54:53 : Your Army Camps are now Full
2015-08-01 17:55:17 : Requesting Clan Castle Troops
2015-08-01 17:55:17 : Your Clan Castle is already full or you are not in a clan.
2015-08-01 17:55:18 :  ====== Unbreakable Mode restarted! ====== 
2015-08-01 17:55:18 : Oops, Out of Dark Elxir - back to farming
2015-08-01 17:55:18 : Checking Troop Upgrade in Laboratory ...
2015-08-01 17:55:18 : Updating village values [E]: 3092258 [D]: 58090
2015-08-01 17:55:20 : Insufficent Elixir for Pekka, Lab requires: 6000000 + 250000 user reserve
2015-08-01 17:55:24 : Going to Attack...
2015-08-01 17:55:30 : ============== Searching For Dead Base ===============
2015-08-01 17:55:30 : ~~~~~~~~~~~~~~~ SEARCH CONDITIONS ~~~~~~~~~~~~~~~~
2015-08-01 17:55:30 : Meet: Gold and Elixir
2015-08-01 17:55:30 : ~~~~~~~~~~~~~~ RESOURCE CONDITIONS ~~~~~~~~~~~~~~~
2015-08-01 17:55:30 : Aim: [G]: 200000 [E]: 200000 [D]:    0 [T]: 0, Out, Out, Out, Out, Out, Out, Out, Out, Out, Out, Out, Out, Out, Out, Out, Out, Out, Out, Out, Out, Out, Out, Out, Out for: Dead Base
2015-08-01 17:55:30 : ~~~~~~~~~~~~~~~ ADVANCED SETTINGS ~~~~~~~~~~~~~~~~
2015-08-01 17:55:30 : THSnipe Combo, 1 Tile(s), AttackTH, Attack1:Normal
2015-08-01 17:55:30 : ==================================================
2015-08-01 17:55:32 :   1> [G]:  61160 [E]: 137459 [D]:  328 [T]:14 [TH]: 8, In
2015-08-01 17:55:35 :   2> [G]:  52034 [E]:  54480 [D]:  159 [T]:25 [TH]: 7, In
2015-08-01 17:55:40 :   3> [G]:  79923 [E]:  26153 [D]:  139 [T]:21 [TH]: 7, In
2015-08-01 17:55:43 :   4> [G]: 119590 [E]: 203280 [D]:  925 [T]:13 [TH]: 9, In
2015-08-01 17:55:46 :   5> [G]:  15875 [E]: 305695 [D]:  318 [T]:22 [TH]: 8, In
2015-08-01 17:55:49 :   6> [G]:  66905 [E]:  90468 [D]:  238 [T]:20 [TH]: 7, In
2015-08-01 17:55:56 :   7> [G]: 164381 [E]:  23707 [D]: 1053 [T]:13 [TH]: 8, In
2015-08-01 17:55:59 :   8> [G]: 401584 [E]: 101765 [D]: 3007 [T]:16 [TH]:10, Out
2015-08-01 17:56:00 : ~~~~~~~~~~~~~~~ TH Outside Found! ~~~~~~~~~~~~~~~~
2015-08-01 17:56:01 : ================ Search Complete =================
2015-08-01 17:56:01 : Initiating attack for: TH Snipe
2015-08-01 17:56:04 : -Barbarians 114
2015-08-01 17:56:04 : -Archers 86
2015-08-01 17:56:04 : -Clan Castle 
2015-08-01 17:56:04 : -Lightning Spells 2
2015-08-01 17:56:04 : -Poison Spells 1
2015-08-01 17:56:04 :  ====== Start Attack ====== 
2015-08-01 17:56:06 : Normal Attacking TH Outside with BAM PULSE!
2015-08-01 17:56:06 : Dropping first wave of 6 Barbarians
2015-08-01 17:56:08 : Deployment of Barbarians Successful!
2015-08-01 17:56:10 : Dropping first wave of 6 Archers
2015-08-01 17:56:11 : Deployment of Archers Successful!
2015-08-01 17:56:13 : No  troop Found!!!
2015-08-01 17:56:34 : Townhall has been destroyed!
2015-08-01 17:56:37 : Checking if the battle has finished
2015-08-01 17:56:39 : detected [G]:  [E]:  [DE]:  |  Exit now 
2015-08-01 17:56:39 : Gold & Elixir & DE = 0, end battle 
2015-08-01 17:56:41 : Battle has finished
2015-08-01 17:56:41 : Returning Home
2015-08-01 17:56:46 : Loot: [G]: 1 000 [E]: 1 000 [DE]:  [T]: 5
2015-08-01 17:56:46 : Bonus [G]: 14 000 [E]: 14 000
2015-08-01 17:56:48 : Your league level is: Gold I
2015-08-01 17:56:48 : Stars earned: 1
2015-08-01 17:56:56 : Trying to locate Main Screen
2015-08-01 17:56:56 : Main Screen Located
2015-08-01 17:56:57 : Collecting Resources
2015-08-01 17:57:06 : Checking if Village needs Rearming..
2015-08-01 17:57:14 : Village Report
2015-08-01 17:57:14 : No. of Free/Total Builders: 0/4
2015-08-01 17:57:14 :  [T]: 1 838
2015-08-01 17:57:14 :  [G]: 3 805 193 [E]: 3 108 430 [D]: 58 096 [GEM]: 954
2015-08-01 17:57:18 : Checking Army Camp...
2015-08-01 17:57:20 : Total Army Camp capacity: 200/200
2015-08-01 17:57:21 :  - No. of Barbarians: 108
2015-08-01 17:57:21 :  - No. of Archers: 92
2015-08-01 17:57:21 : Barracks and Spell factory status: 
2015-08-01 17:57:21 : - Barracks detected: 4 | Available: 3 | Upgrading: 1
2015-08-01 17:57:21 : - Dark Barracks detected: 2 | Available: 2 | Upgrading: 0
2015-08-01 17:57:21 : - Spell factory detected: 1 | Available: 1 | Upgrading: 0
2015-08-01 17:57:21 : - Dark Spell factory detected: 1 | Available: 0 | Upgrading: 1
2015-08-01 17:57:21 : Training Troops...
2015-08-01 17:57:22 : Your Army Camps are now Full
2015-08-01 17:57:48 : Requesting Clan Castle Troops
2015-08-01 17:57:49 : Your Clan Castle is already full or you are not in a clan.
2015-08-01 17:57:50 :  ====== Unbreakable Mode restarted! ====== 
2015-08-01 17:57:50 : Oops, Out of Dark Elxir - back to farming
2015-08-01 17:57:50 : Checking Troop Upgrade in Laboratory ...
2015-08-01 17:57:50 : Updating village values [E]: 3104830 [D]: 58096
2015-08-01 17:57:52 : Insufficent Elixir for Pekka, Lab requires: 6000000 + 250000 user reserve
2015-08-01 17:57:56 : Going to Attack...
2015-08-01 17:58:02 : ============== Searching For Dead Base ===============
2015-08-01 17:58:02 : ~~~~~~~~~~~~~~~ SEARCH CONDITIONS ~~~~~~~~~~~~~~~~
2015-08-01 17:58:02 : Meet: Gold and Elixir
2015-08-01 17:58:02 : ~~~~~~~~~~~~~~ RESOURCE CONDITIONS ~~~~~~~~~~~~~~~
2015-08-01 17:58:02 : Aim: [G]: 200000 [E]: 200000 [D]:    0 [T]: 0, Out, Out, Out, Out, Out, Out, Out, Out, Out, Out, Out, Out, Out, Out, Out, Out, Out, Out, Out, Out, Out, Out, Out, Out for: Dead Base
2015-08-01 17:58:02 : ~~~~~~~~~~~~~~~ ADVANCED SETTINGS ~~~~~~~~~~~~~~~~
2015-08-01 17:58:02 : THSnipe Combo, 1 Tile(s), AttackTH, Attack1:Normal
2015-08-01 17:58:02 : ==================================================
2015-08-01 17:58:03 :   1> [G]: 151197 [E]:  85962 [D]: 1672 [T]:32 [TH]: 8, In
2015-08-01 17:58:06 :   2> [G]: 114464 [E]: 153118 [D]:  707 [T]:16 [TH]: 8, In
2015-08-01 17:58:09 :   3> [G]:  30637 [E]:  43424 [D]:   46 [T]:26 [TH]: 7, In
2015-08-01 17:58:15 :   4> [G]:  31500 [E]:  45000 [D]:    0 [T]:22 [TH]: 7, In
2015-08-01 17:58:19 :   5> [G]:  65833 [E]:  87243 [D]: 1179 [T]:26 [TH]: 9, In
2015-08-01 17:58:24 :   6> [G]:  53940 [E]:  33793 [D]:  432 [T]:23 [TH]: 8, In
2015-08-01 17:58:27 :   7> [G]:  63880 [E]:  80534 [D]:  402 [T]:29 [TH]: 9, In
2015-08-01 17:58:31 :   8> [G]:  17737 [E]:   4172 [D]:  110 [T]:24 [TH]: 9, In
2015-08-01 17:58:34 :   9> [G]: 155214 [E]: 153246 [D]:  657 [T]:14 [TH]: 8, In
2015-08-01 17:58:37 :  10> [G]:  71235 [E]:  64215 [D]:  349 [T]:16 [TH]: 7, In
2015-08-01 17:58:43 :  11> [G]:  80936 [E]: 127695 [D]:  875 [T]:31 [TH]: 8, In
2015-08-01 17:58:46 :  12> [G]:  94185 [E]: 103806 [D]:  411 [T]:22 [TH]: 8, In
2015-08-01 17:58:50 :  13> [G]: 122878 [E]: 128303 [D]:  834 [T]:19 [TH]: 8, In
2015-08-01 17:58:53 :  14> [G]:  41042 [E]:  15008 [D]:  480 [T]:30 [TH]: 7, In
2015-08-01 17:58:56 :  15> [G]:  24459 [E]:  59865 [D]:  116 [T]:29 [TH]: 7, In
2015-08-01 17:58:59 :  16> [G]:  93932 [E]:  39523 [D]:  258 [T]:15 [TH]: 8, In
2015-08-01 17:59:03 :  17> [G]:  74092 [E]:  23618 [D]:    0 [T]:32 [TH]: 8, In
2015-08-01 17:59:06 :  18> [G]:  75856 [E]: 200058 [D]:  695 [T]:33 [TH]: 9, In
2015-08-01 17:59:09 :  19> [G]:  78373 [E]: 132718 [D]:  294 [T]:30 [TH]: 8, In
2015-08-01 17:59:12 :  20> [G]:  13429 [E]:  59379 [D]:  275 [T]:26 [TH]: 7, In
2015-08-01 17:59:12 : Aim: [G]: 198000 [E]: 198000 [D]:    0 [T]: 0, Out, Out, Out, Out, Out, Out, Out, Out, Out, Out, Out, Out, Out, Out, Out, Out, Out, Out, Out, Out, Out, Out, Out, Out for: Dead Base
2015-08-01 17:59:16 :  21> [G]:  81555 [E]:  67060 [D]:   27 [T]:21 [TH]: 8, In
2015-08-01 17:59:19 :  22> [G]:  96334 [E]:  49828 [D]:  533 [T]:30 [TH]: 8, In
2015-08-01 17:59:23 :  23> [G]:  59831 [E]:  83325 [D]:  792 [T]:23 [TH]: 8, In
2015-08-01 17:59:26 :  24> [G]:  10818 [E]:  18782 [D]:   31 [T]:23 [TH]: 7, In
2015-08-01 17:59:30 :  25> [G]: 225223 [E]:  91654 [D]:  N/A [T]:16 [TH]: 7, In
2015-08-01 17:59:34 :  26> [G]:  45231 [E]:  50215 [D]:  247 [T]:21 [TH]: 7, In
2015-08-01 17:59:37 :  27> [G]:  16200 [E]:  54675 [D]:    0 [T]:33 [TH]: 7, In
2015-08-01 17:59:40 :  28> [G]:  28520 [E]:  56680 [D]:  329 [T]:15 [TH]: 7, In
2015-08-01 17:59:43 :  29> [G]:  32360 [E]:  65479 [D]:  367 [T]:25 [TH]: 7, In
2015-08-01 17:59:45 :  30> [G]:  82474 [E]:  40386 [D]:   32 [T]:13 [TH]: 7, In
2015-08-01 17:59:53 :  31> [G]:  79990 [E]:  20739 [D]:  513 [T]:18 [TH]: 9, In
2015-08-01 17:59:56 :  32> [G]:  50705 [E]:  69695 [D]:  396 [T]:20 [TH]: 7, In
2015-08-01 17:59:59 :  33> [G]:  86987 [E]:  56141 [D]:   50 [T]:17 [TH]: 8, In
2015-08-01 18:00:02 :  34> [G]:  19109 [E]: 159918 [D]:  155 [T]:18 [TH]: 7, In
2015-08-01 18:00:05 :  35> [G]:  43513 [E]:  81515 [D]:  466 [T]:14 [TH]: 7, In
2015-08-01 18:00:12 :  36> [G]:  48363 [E]: 229383 [D]:  544 [T]:29 [TH]: 8, In
2015-08-01 18:00:16 :  37> [G]:  83540 [E]:  90722 [D]:  547 [T]:17 [TH]: 8, In
2015-08-01 18:00:19 :  38> [G]:  47501 [E]:  29265 [D]:  210 [T]:13 [TH]: 9, In
2015-08-01 18:00:23 :  39> [G]:  28499 [E]: 369493 [D]:  239 [T]:17 [TH]: 9, Out
2015-08-01 18:00:23 : ~~~~~~~~~~~~~~~ TH Outside Found! ~~~~~~~~~~~~~~~~
2015-08-01 18:00:24 : ================ Search Complete =================
2015-08-01 18:00:25 : Initiating attack for: TH Snipe
2015-08-01 18:00:27 : -Barbarians 108
2015-08-01 18:00:27 : -Archers 92
2015-08-01 18:00:27 : -Clan Castle 
2015-08-01 18:00:27 : -Lightning Spells 2
2015-08-01 18:00:27 : -Poison Spells 1
2015-08-01 18:00:27 :  ====== Start Attack ====== 
2015-08-01 18:00:29 : Normal Attacking TH Outside with BAM PULSE!
2015-08-01 18:00:29 : Dropping first wave of 6 Barbarians
2015-08-01 18:00:31 : Deployment of Barbarians Successful!
2015-08-01 18:00:33 : Dropping first wave of 6 Archers
2015-08-01 18:00:35 : Deployment of Archers Successful!
2015-08-01 18:00:36 : No  troop Found!!!
2015-08-01 18:00:57 : Townhall has been destroyed!
2015-08-01 18:01:00 : Checking if the battle has finished
2015-08-01 18:01:02 : detected [G]: 27499 [E]: 368493 [DE]: 239 |  Exit in 18 sec.
2015-08-01 18:01:04 : detected [G]: 27499 [E]: 368493 [DE]: 239 |  Exit in 16 sec.
2015-08-01 18:01:06 : detected [G]: 27499 [E]: 368493 [DE]: 239 |  Exit in 14 sec.
2015-08-01 18:01:07 : detected [G]: 27499 [E]: 368493 [DE]: 239 |  Exit in 13 sec.
2015-08-01 18:01:09 : detected [G]: 27499 [E]: 368493 [DE]: 239 |  Exit in 11 sec.
2015-08-01 18:01:11 : detected [G]: 27419 [E]: 368493 [DE]: 239 |  Exit in  9 sec.
2015-08-01 18:01:11 : Gold & Elixir & DE change detected, waiting...
2015-08-01 18:01:14 : detected [G]: 27419 [E]: 368493 [DE]: 239 |  Exit in 18 sec.
2015-08-01 18:01:16 : detected [G]: 27419 [E]: 368493 [DE]: 239 |  Exit in 16 sec.
2015-08-01 18:01:18 : detected [G]: 27419 [E]: 368493 [DE]: 239 |  Exit in 14 sec.
2015-08-01 18:01:19 : detected [G]: 27419 [E]: 368493 [DE]:  |  Exit in 13 sec.
2015-08-01 18:01:19 : Gold & Elixir & DE change detected, waiting...
2015-08-01 18:01:22 : detected [G]:  [E]:  [DE]:  |  Exit now 
2015-08-01 18:01:22 : Gold & Elixir & DE = 0, end battle 
2015-08-01 18:01:23 : Battle has finished
2015-08-01 18:01:23 : Returning Home
2015-08-01 18:01:27 : Loot: [G]: 1 080 [E]: 1 000 [DE]:  [T]: 5
2015-08-01 18:01:28 : Bonus [G]: 14 000 [E]: 14 000
2015-08-01 18:01:29 : Your league level is: Gold I
2015-08-01 18:01:29 : Stars earned: 1
2015-08-01 18:01:37 : Trying to locate Main Screen
2015-08-01 18:01:37 : Main Screen Located
2015-08-01 18:01:38 : Collecting Resources
2015-08-01 18:01:46 : Checking if Village needs Rearming..
2015-08-01 18:01:54 : Village Report
2015-08-01 18:01:54 : No. of Free/Total Builders: 0/4
2015-08-01 18:01:54 :  [T]: 1 843
2015-08-01 18:01:55 :  [G]: 3 798 358 [E]: 3 121 646 [D]: 58 108 [GEM]: 954
2015-08-01 18:01:57 : Chat Request: J ai besoin de troupes de renfort s
2015-08-01 18:01:57 : Archers Keyword found: troupes
2015-08-01 18:01:58 : Donating Archers
2015-08-01 18:02:00 : Checking Army Camp...
2015-08-01 18:02:02 : Total Army Camp capacity: 195/200
2015-08-01 18:02:03 :  - No. of Barbarians: 97
2015-08-01 18:02:03 :  - No. of Archers: 98
2015-08-01 18:02:04 : Barracks and Spell factory status: 
2015-08-01 18:02:04 : - Barracks detected: 4 | Available: 3 | Upgrading: 1
2015-08-01 18:02:04 : - Dark Barracks detected: 2 | Available: 2 | Upgrading: 0
2015-08-01 18:02:04 : - Spell factory detected: 1 | Available: 1 | Upgrading: 0
2015-08-01 18:02:04 : - Dark Spell factory detected: 1 | Available: 0 | Upgrading: 1
2015-08-01 18:02:04 : Training Troops...
2015-08-01 18:02:19 : Requesting Clan Castle Troops
2015-08-01 18:02:20 : Your Clan Castle is already full or you are not in a clan.
2015-08-01 18:02:21 :  ====== Unbreakable Mode restarted! ====== 
2015-08-01 18:02:21 : Oops, Out of Dark Elxir - back to farming
2015-08-01 18:02:21 : Checking Troop Upgrade in Laboratory ...
2015-08-01 18:02:21 : Updating village values [E]: 3150101 [D]: 58108
2015-08-01 18:02:23 : Insufficent Elixir for Pekka, Lab requires: 6000000 + 250000 user reserve
2015-08-01 18:02:27 : ====== Waiting for full army ======
2015-08-01 18:02:39 : Checking Army Camp...
2015-08-01 18:02:41 : Total Army Camp capacity: 198/200
2015-08-01 18:02:42 :  - No. of Barbarians: 100
2015-08-01 18:02:42 :  - No. of Archers: 98
2015-08-01 18:02:42 : Training Troops...
2015-08-01 18:02:50 : Time Idle: 00:00:22
2015-08-01 18:02:50 : ====== Waiting for full army ======
2015-08-01 18:03:02 : Collecting Resources
2015-08-01 18:03:09 : Checking Army Camp...
2015-08-01 18:03:11 : Total Army Camp capacity: 200/200
2015-08-01 18:03:12 :  - No. of Barbarians: 102
2015-08-01 18:03:12 :  - No. of Archers: 98
2015-08-01 18:03:12 : Training Troops...
2015-08-01 18:03:13 : Your Army Camps are now Full
2015-08-01 18:03:34 : Going to Attack...
2015-08-01 18:03:40 : ============== Searching For Dead Base ===============
2015-08-01 18:03:40 : ~~~~~~~~~~~~~~~ SEARCH CONDITIONS ~~~~~~~~~~~~~~~~
2015-08-01 18:03:40 : Meet: Gold and Elixir
2015-08-01 18:03:40 : ~~~~~~~~~~~~~~ RESOURCE CONDITIONS ~~~~~~~~~~~~~~~
2015-08-01 18:03:40 : Aim: [G]: 200000 [E]: 200000 [D]:    0 [T]: 0, Out, Out, Out, Out, Out, Out, Out, Out, Out, Out, Out, Out, Out, Out, Out, Out, Out, Out, Out, Out, Out, Out, Out, Out for: Dead Base
2015-08-01 18:03:40 : ~~~~~~~~~~~~~~~ ADVANCED SETTINGS ~~~~~~~~~~~~~~~~
2015-08-01 18:03:40 : THSnipe Combo, 1 Tile(s), AttackTH, Attack1:Normal
2015-08-01 18:03:40 : ==================================================
2015-08-01 18:03:41 :   1> [G]:  32897 [E]: 107298 [D]:  463 [T]:18 [TH]: 7, In
2015-08-01 18:03:45 :   2> [G]: 131368 [E]:  67873 [D]:  310 [T]:13 [TH]: -, -
2015-08-01 18:03:47 : Trying to locate Main Screen
2015-08-01 18:03:53 : Waiting for Main Screen
2015-08-01 18:03:55 : Zooming Out
2015-08-01 18:03:57 : Main Screen Located
2015-08-01 18:03:57 : Cannot locate Next button, Restarting Bot...
2015-08-01 18:03:59 : Trying to locate Main Screen
2015-08-01 18:03:59 : Main Screen Located
2015-08-01 18:03:59 : Restarted after Out of Sync Error: Attack Now
2015-08-01 18:03:59 : Going to Attack...
2015-08-01 18:04:05 : ============== Searching For Dead Base ===============
2015-08-01 18:04:05 : ~~~~~~~~~~~~~~~ SEARCH CONDITIONS ~~~~~~~~~~~~~~~~
2015-08-01 18:04:05 : Meet: Gold and Elixir
2015-08-01 18:04:05 : ~~~~~~~~~~~~~~ RESOURCE CONDITIONS ~~~~~~~~~~~~~~~
2015-08-01 18:04:05 : Aim: [G]: 200000 [E]: 200000 [D]:    0 [T]: 0, Out, Out, Out, Out, Out, Out, Out, Out, Out, Out, Out, Out, Out, Out, Out, Out, Out, Out, Out, Out, Out, Out, Out, Out for: Dead Base
2015-08-01 18:04:05 : ~~~~~~~~~~~~~~~ ADVANCED SETTINGS ~~~~~~~~~~~~~~~~
2015-08-01 18:04:05 : THSnipe Combo, 1 Tile(s), AttackTH, Attack1:Normal
2015-08-01 18:04:05 : ==================================================
2015-08-01 18:04:06 :   3> [G]: 218799 [E]:  84379 [D]:  280 [T]:14 [TH]: 8, In
2015-08-01 18:04:11 :   4> [G]:  67617 [E]:  58920 [D]:  242 [T]:14 [TH]: 7, In
2015-08-01 18:04:14 :   5> [G]: 299101 [E]: 221674 [D]: 1442 [T]:26 [TH]: 9, In
2015-08-01 18:04:15 : ~~~~~~~~~~~~~~~~ Not a Dead Base ~~~~~~~~~~~~~~~~~
2015-08-01 18:04:18 :   6> [G]: 320558 [E]: 273403 [D]:  682 [T]:32 [TH]: 8, In
2015-08-01 18:04:18 : ~~~~~~~~~~~~~~~~ Dead Base Found! ~~~~~~~~~~~~~~~~
2015-08-01 18:04:20 : ================ Search Complete =================
2015-08-01 18:04:20 : Initiating attack for: Dead Base
2015-08-01 18:04:23 : -Barbarians 102
2015-08-01 18:04:23 : -Archers 98
2015-08-01 18:04:23 : -Clan Castle 
2015-08-01 18:04:23 : -Lightning Spells 1
2015-08-01 18:04:23 : -Poison Spells 1
2015-08-01 18:04:23 :  ====== Start Attack ====== 
2015-08-01 18:04:25 : Calculating Smart Attack Strategy
2015-08-01 18:04:26 : Calculated  (in 0.37 seconds) :
2015-08-01 18:04:26 : Locating Mines, Collectors & Drills
2015-08-01 18:04:28 : Located  (in 1.95 seconds) :
2015-08-01 18:04:28 : [6] Gold Mines
2015-08-01 18:04:28 : [6] Elixir Collectors
2015-08-01 18:04:28 : [0] Dark Elixir Drill/s
2015-08-01 18:04:28 : Attacking on all sides
2015-08-01 18:04:29 : Dropping first wave of Barbarians 51
2015-08-01 18:04:33 : Dropping first wave of Archers 49
2015-08-01 18:04:37 : Dropping second wave of Barbarians 51
2015-08-01 18:04:40 : Dropping second wave of Archers 49
2015-08-01 18:04:46 : Dropping last 14  of Barbarians
2015-08-01 18:04:49 : Dropping last 3  of Archers
2015-08-01 18:04:50 : Dropping left over troops
2015-08-01 18:04:50 : Checking remaining unused troops for: Dead Base
2015-08-01 18:04:53 : -Clan Castle 
2015-08-01 18:04:53 : -Lightning Spells 1
2015-08-01 18:04:53 : -Poison Spells 1
2015-08-01 18:05:02 : Checking remaining unused troops for: Dead Base
2015-08-01 18:05:04 : -Clan Castle 
2015-08-01 18:05:04 : -Lightning Spells 1
2015-08-01 18:05:04 : -Poison Spells 1
2015-08-01 18:05:13 : Finished Attacking, waiting for the battle to end
2015-08-01 18:05:13 : Checking if the battle has finished
2015-08-01 18:05:15 : detected [G]: 212080 [E]: 49455 [DE]: 279 |  Exit in 18 sec.
2015-08-01 18:05:17 : detected [G]: 212080 [E]: 49455 [DE]: 279 |  Exit in 16 sec.
2015-08-01 18:05:18 : detected [G]: 207369 [E]: 49455 [DE]: 279 |  Exit in 15 sec.
2015-08-01 18:05:18 : Gold & Elixir & DE change detected, waiting...
2015-08-01 18:05:22 : detected [G]: 185722 [E]: 49455 [DE]: 279 |  Exit in 18 sec.
2015-08-01 18:05:22 : Gold & Elixir & DE change detected, waiting...
2015-08-01 18:05:25 : detected [G]: 185722 [E]: 49455 [DE]: 159 |  Exit in 18 sec.
2015-08-01 18:05:25 : Gold & Elixir & DE change detected, waiting...
2015-08-01 18:05:29 : detected [G]: 184715 [E]: 49455 [DE]: 157 |  Exit in 18 sec.
2015-08-01 18:05:29 : Gold & Elixir & DE change detected, waiting...
2015-08-01 18:05:32 : detected [G]: 183708 [E]: 49455 [DE]: 157 |  Exit in 18 sec.
2015-08-01 18:05:34 : detected [G]: 183708 [E]: 49455 [DE]: 157 |  Exit in 16 sec.
2015-08-01 18:05:36 : detected [G]:  [E]:  [DE]:  |  Exit now 
2015-08-01 18:05:36 : Gold & Elixir & DE = 0, end battle 
2015-08-01 18:05:37 : Battle has finished
2015-08-01 18:05:37 : Returning Home
2015-08-01 18:05:42 : Loot: [G]: 136 850 [E]: 223 948 [DE]: 525 [T]: -18
2015-08-01 18:05:42 : Stars earned: 0
2015-08-01 18:05:49 : Trying to locate Main Screen
2015-08-01 18:05:49 : Main Screen Located
2015-08-01 18:05:50 : Collecting Resources
2015-08-01 18:05:58 : Checking if Village needs Rearming..
2015-08-01 18:06:06 : Village Report
2015-08-01 18:06:06 : No. of Free/Total Builders: 0/4
2015-08-01 18:06:06 :  [T]: 1 825
2015-08-01 18:06:06 :  [G]: 3 933 570 [E]: 3 336 977 [D]: 58 641 [GEM]: 954
2015-08-01 18:06:09 : Chat Request: poubelle mrc d avance
2015-08-01 18:06:09 : Archers Keyword found: poubelle
2015-08-01 18:06:09 : Donating Archers
2015-08-01 18:06:11 : Checking Army Camp...
2015-08-01 18:06:13 : Total Army Camp capacity: 12/200
2015-08-01 18:06:14 :  - No. of Archers: 12
2015-08-01 18:06:15 : Training Troops...
2015-08-01 18:06:24 : Requesting Clan Castle Troops
2015-08-01 18:06:30 :  ====== Unbreakable Mode restarted! ====== 
2015-08-01 18:06:30 : Oops, wait for 70% troops filled
2015-08-01 18:06:31 : Trying to locate Main Screen
2015-08-01 18:06:31 : Main Screen Located
2015-08-01 18:06:32 : Collecting Resources
2015-08-01 18:06:38 : Checking if Village needs Rearming..
2015-08-01 18:06:46 : Village Report
2015-08-01 18:06:46 : No. of Free/Total Builders: 0/4
2015-08-01 18:06:46 :  [T]: 1 825
2015-08-01 18:06:47 :  [G]: 3 933 570 [E]: 3 337 054 [D]: 58 641 [GEM]: 954
2015-08-01 18:06:50 : Checking Army Camp...
2015-08-01 18:06:52 : Total Army Camp capacity: 15/200
2015-08-01 18:06:53 :  - No. of Archers: 15
2015-08-01 18:06:53 : Training Troops...
2015-08-01 18:07:00 : Requesting Clan Castle Troops
2015-08-01 18:07:01 : Request has already been made
2015-08-01 18:07:02 :  ====== Unbreakable Mode enabled! ====== 
2015-08-01 18:07:02 : Oops, wait for 70% troops filled
2015-08-01 18:07:03 : Trying to locate Main Screen
2015-08-01 18:07:03 : Main Screen Located
2015-08-01 18:07:04 : Collecting Resources
