2015-08-18 09:06:02 :  Clash Game Bot v4.1.1-6 merge Powered by GameBot.org 
2015-08-18 09:06:02 : GameBot.org.exe Executable running on WIN_7 Service Pack 1 X64
2015-08-18 09:06:02 : =================== Bot Start ====================
2015-08-18 09:06:02 : -------------------------  Current Profile: 01 --------------------------
2015-08-18 09:06:02 : Trying to locate Main Screen
2015-08-18 09:06:03 : Returning Home
2015-08-18 09:06:08 : Waiting for Main Screen
2015-08-18 09:06:08 : Main Screen Located
2015-08-18 09:06:09 : Detecting your Buildings..
2015-08-18 09:06:17 : Language setting is English: Correct.
2015-08-18 09:06:18 : Trying to locate Main Screen
2015-08-18 09:06:18 : Main Screen Located
2015-08-18 09:06:20 : Village Report
2015-08-18 09:06:20 : No. of Free/Total Builders: 0/4
2015-08-18 09:06:20 :  [T]: 2 577
2015-08-18 09:06:20 :  [G]: 5 897 114 [E]: 4 994 495 [D]: 9 403 [GEM]: 17
2015-08-18 09:06:21 : Collecting Resources
2015-08-18 09:06:32 : Chat Request: drag po plsss
2015-08-18 09:06:32 : Dragons Keyword found: drag
2015-08-18 09:06:35 : No Dragons available to donate..
2015-08-18 09:06:37 : Chat Request: witch pls
2015-08-18 09:06:37 : Witches Keyword found: witch
2015-08-18 09:06:40 : No Witches available to donate..
2015-08-18 09:06:42 : Checking Army Camp...
2015-08-18 09:06:44 : Total Army Camp capacity: 192/220
2015-08-18 09:06:47 :  - No. of Barbarians: 84
2015-08-18 09:06:47 :  - No. of Archers: 108
2015-08-18 09:06:47 : Barracks and Spell factory status: 
2015-08-18 09:06:47 : - Barracks detected: 4 | Available: 4 | Upgrading: 0
2015-08-18 09:06:47 : - Dark Barracks detected: 2 | Available: 2 | Upgrading: 0
2015-08-18 09:06:47 : - Spell factory detected: 1 | Available: 1 | Upgrading: 0
2015-08-18 09:06:47 : - Dark Spell factory detected: 1 | Available: 1 | Upgrading: 0
2015-08-18 09:06:47 : Training Troops...
2015-08-18 09:07:01 : Spell Factory Full
2015-08-18 09:07:03 : 0
2015-08-18 09:07:04 : Requesting Clan Castle Troops
2015-08-18 09:07:05 : Request has already been made
2015-08-18 09:07:06 : ====== Waiting for full army ======
2015-08-18 09:07:18 : Checking Army Camp...
2015-08-18 09:07:20 : Total Army Camp capacity: 219/220
2015-08-18 09:07:21 :  - No. of Barbarians: 112
2015-08-18 09:07:21 :  - No. of Archers: 108
2015-08-18 09:07:22 : Training Troops...
2015-08-18 09:07:23 : Your Army Camps are now Full
2015-08-18 09:07:47 : Spell Factory not found...
2015-08-18 09:07:48 : Going to Attack...
2015-08-18 09:07:54 : ============== Searching For Dead Base ===============
2015-08-18 09:07:54 : ~~~~~~~~~~~~~~~ SEARCH CONDITIONS ~~~~~~~~~~~~~~~~
2015-08-18 09:07:54 : Meet: Gold or Elixir, Max TH 8
2015-08-18 09:07:54 : ~~~~~~~~~~~~~~ RESOURCE CONDITIONS ~~~~~~~~~~~~~~~
2015-08-18 09:07:54 : Aim: [G]:      0 [E]:      0 [D]:    0 [T]: 0 [TH]: 8 for: Dead Base
2015-08-18 09:07:54 : ============== Searching For Live Base ===============
2015-08-18 09:07:54 : ~~~~~~~~~~~~~~~ SEARCH CONDITIONS ~~~~~~~~~~~~~~~~
2015-08-18 09:07:54 : Meet: Gold or Elixir, Max TH 8
2015-08-18 09:07:54 : ~~~~~~~~~~~~~~ RESOURCE CONDITIONS ~~~~~~~~~~~~~~~
2015-08-18 09:07:54 : Aim: [G]:      0 [E]:      0 [D]:    0 [T]: 0 [TH]: 8 for: Live Base
2015-08-18 09:07:54 : ~~~~~~~~~~~~~~~ ADVANCED SETTINGS ~~~~~~~~~~~~~~~~
2015-08-18 09:07:54 : THSnipe Combo, 6 Tile(s), AttackTH, Attack6:PB6
2015-08-18 09:07:54 : ==================================================
2015-08-18 09:07:57 :   1> [G]:  32743 [E]:  17673 [D]:  875 [T]:14 [TH]: 9, In
2015-08-18 09:08:01 :   2> [G]:  33565 [E]: 183707 [D]:  548 [T]:30 [TH]: 9, In
2015-08-18 09:08:06 :   3> [G]: 163143 [E]:  57409 [D]: 3756 [T]:14 [TH]:10, In
2015-08-18 09:08:09 :   4> [G]:  99273 [E]:  73494 [D]:  418 [T]:26 [TH]: 9, In
2015-08-18 09:08:14 :   5> [G]: 182142 [E]: 153131 [D]: 1607 [T]:29 [TH]: 9, In
2015-08-18 09:08:18 :   6> [G]: 167803 [E]:  19561 [D]: 1698 [T]:19 [TH]: 9, In
2015-08-18 09:08:22 :   7> [G]:  99620 [E]: 130819 [D]: 1408 [T]:25 [TH]:10, In
2015-08-18 09:08:29 :   8> [G]:  65703 [E]:  67030 [D]:  450 [T]:33 [TH]: 9, In
2015-08-18 09:08:33 :   9> [G]:  26298 [E]:  99561 [D]:  204 [T]:24 [TH]: 9, In
2015-08-18 09:08:39 :  10> [G]:  96647 [E]: 113112 [D]:  815 [T]:25 [TH]:10, In
2015-08-18 09:08:45 :  11> [G]:  78032 [E]:  65831 [D]:   49 [T]:24 [TH]: 9, In
2015-08-18 09:08:49 :  12> [G]:   9175 [E]:  15568 [D]:  379 [T]:24 [TH]: 9, In
2015-08-18 09:08:54 :  13> [G]:  46699 [E]: 122601 [D]: 1501 [T]:17 [TH]:10, In
2015-08-18 09:09:00 :  14> [G]:  98383 [E]: 252783 [D]:  490 [T]:32 [TH]:10, In
2015-08-18 09:09:04 :  15> [G]:  50913 [E]:  65572 [D]:   46 [T]:17 [TH]: 9, In
2015-08-18 09:09:09 :  16> [G]:  21820 [E]:  85046 [D]: 1290 [T]:15 [TH]: 9, In
2015-08-18 09:09:13 :  17> [G]:  16158 [E]:  18775 [D]:  538 [T]:27 [TH]: 9, In
2015-08-18 09:09:18 :  18> [G]:   8697 [E]:  64597 [D]:  856 [T]:14 [TH]: 9, In
2015-08-18 09:09:23 :  19> [G]:  94196 [E]:  34819 [D]:  409 [T]:16 [TH]: 9, In
2015-08-18 09:09:30 :  20> [G]: 217886 [E]: 232762 [D]: 1018 [T]:28 [TH]:10, In
2015-08-18 09:09:35 :  21> [G]:  84186 [E]: 142966 [D]:  476 [T]:14 [TH]: 9, In
2015-08-18 09:09:42 :  22> [G]:  73415 [E]:  90119 [D]: 2506 [T]:17 [TH]: 9, In
2015-08-18 09:09:48 :  23> [G]: 184091 [E]:  21177 [D]: 1362 [T]:16 [TH]: 9, In
2015-08-18 09:09:52 :  24> [G]:  91961 [E]:  37179 [D]:  300 [T]:17 [TH]: 9, In
2015-08-18 09:09:56 :  25> [G]:  20749 [E]:  43244 [D]: 1918 [T]:16 [TH]: 9, In
2015-08-18 09:10:01 :  26> [G]:  55203 [E]:  49241 [D]:  639 [T]:13 [TH]: 9, In
2015-08-18 09:10:05 :  27> [G]:  61749 [E]:  57278 [D]:  388 [T]:24 [TH]: 9, In
2015-08-18 09:10:11 :  28> [G]:  53889 [E]: 148081 [D]:  337 [T]:19 [TH]:10, In
2015-08-18 09:10:15 :  29> [G]: 276912 [E]: 208174 [D]:  984 [T]:22 [TH]: 9, In
2015-08-18 09:10:19 :  30> [G]:  55286 [E]:  71783 [D]:  826 [T]:31 [TH]: 9, In
2015-08-18 09:10:24 :  31> [G]:  32921 [E]:  43777 [D]:  504 [T]:22 [TH]: 9, In
2015-08-18 09:10:28 :  32> [G]:  36269 [E]:  40101 [D]:  344 [T]:13 [TH]: 9, In
2015-08-18 09:10:32 :  33> [G]:  26077 [E]:  33515 [D]: 1138 [T]:13 [TH]: 9, In
2015-08-18 09:10:38 :  34> [G]:  55532 [E]:  95726 [D]: 1140 [T]:16 [TH]: 9, In
2015-08-18 09:10:42 :  35> [G]:  97903 [E]: 101387 [D]:  537 [T]:24 [TH]: 9, In
2015-08-18 09:10:48 :  36> [G]: 103997 [E]: 118015 [D]:  661 [T]:16 [TH]: 9, In
2015-08-18 09:10:54 :  37> [G]: 128716 [E]:   9178 [D]:  938 [T]:16 [TH]: -, -
2015-08-18 09:11:00 :  38> [G]: 171306 [E]: 250747 [D]: 2331 [T]:15 [TH]: 9, In
2015-08-18 09:11:07 : Checking Trapped TH
2015-08-18 09:11:08 : Mortar Found
2015-08-18 09:11:08 :  39> [G]: 401747 [E]: 401954 [D]: 2616 [T]:17 [TH]:10, Out
2015-08-18 09:11:08 : Mortar found near TH, skipping...
2015-08-18 09:11:08 : Trap found, skipping base...
2015-08-18 09:11:08 : ~~~~~~~~~~~~~~~ TH Outside Found! ~~~~~~~~~~~~~~~~
2015-08-18 09:11:08 : ================ Search Complete =================
2015-08-18 09:11:08 : Initiating attack for: TH Snipe
2015-08-18 09:11:11 : -Barbarians 112
2015-08-18 09:11:11 : -Archers 108
2015-08-18 09:11:11 : -Clan Castle 
2015-08-18 09:11:11 : -Heal Spells 4
2015-08-18 09:11:11 : -Poison Spells 1
2015-08-18 09:11:11 : Checking if the battle has finished
2015-08-18 09:11:13 : detected [G]: 401747 [E]: 401954 [DE]: 2616 |  Exit in 18 sec.
2015-08-18 09:11:15 : detected [G]: 401747 [E]: 401954 [DE]: 2616 |  Exit in 16 sec.
2015-08-18 09:11:17 : detected [G]: 401747 [E]: 401954 [DE]: 2616 |  Exit in 14 sec.
2015-08-18 09:11:18 : detected [G]: 401747 [E]: 401954 [DE]: 2616 |  Exit in 13 sec.
2015-08-18 09:11:20 : detected [G]: 401747 [E]: 401954 [DE]: 2616 |  Exit in 11 sec.
2015-08-18 09:11:22 : detected [G]: 401747 [E]: 401954 [DE]: 2616 |  Exit in  9 sec.
2015-08-18 09:11:24 : detected [G]: 401747 [E]: 401954 [DE]: 2616 |  Exit in  7 sec.
2015-08-18 09:11:25 : detected [G]: 401747 [E]: 401954 [DE]: 2616 |  Exit in  6 sec.
2015-08-18 09:11:27 : detected [G]: 401747 [E]: 401954 [DE]: 2616 |  Exit in  4 sec.
2015-08-18 09:11:29 : detected [G]: 401747 [E]: 401954 [DE]: 2616 |  Exit in  2 sec.
2015-08-18 09:11:30 : detected [G]: 401747 [E]: 401954 [DE]: 2616 |  Exit in  1 sec.
2015-08-18 09:11:32 : detected [G]: 401747 [E]: 401954 [DE]: 2616 |  Exit in  0 sec.
2015-08-18 09:11:32 : Gold & Elixir & DE no change detected, exit
2015-08-18 09:11:32 : Returning Home
2015-08-18 09:12:14 : End of Attack scene slow to appear, attack values my not be correct
