2015-08-02 00:24:34 : ~ Clash Game Bot v4.1MODS Powered by GameBot.org ~
2015-08-02 00:24:34 : GameBot.org.exe Executable running on WIN_7  X64
2015-08-02 00:24:34 : =================== Bot Start ====================
2015-08-02 00:24:34 : -------------------------  Current Profile: 01 --------------------------
2015-08-02 00:24:34 : Trying to locate Main Screen
2015-08-02 00:24:35 : Waiting for Main Screen
2015-08-02 00:24:38 : Main Screen Located
2015-08-02 00:24:39 : Detecting your Buildings..
2015-08-02 00:24:45 : Language setting is English: Correct.
2015-08-02 00:24:46 : Trying to locate Main Screen
2015-08-02 00:24:46 : Main Screen Located
2015-08-02 00:24:47 : Collecting Resources
2015-08-02 00:24:54 : Checking if Village needs Rearming..
2015-08-02 00:25:01 : Village Report
2015-08-02 00:25:01 : No. of Free/Total Builders: 0/4
2015-08-02 00:25:01 :  [T]: 1 645
2015-08-02 00:25:02 :  [G]: 5 912 095 [E]: 4 477 435 [D]: 61 054 [GEM]: 954
2015-08-02 00:25:05 : Checking Army Camp...
2015-08-02 00:25:07 : Total Army Camp capacity: 200/200
2015-08-02 00:25:08 :  - No. of Barbarians: 129
2015-08-02 00:25:08 :  - No. of Archers: 71
2015-08-02 00:25:08 : Barracks and Spell factory status: 
2015-08-02 00:25:08 : - Barracks detected: 4 | Available: 3 | Upgrading: 1
2015-08-02 00:25:08 : - Dark Barracks detected: 2 | Available: 2 | Upgrading: 0
2015-08-02 00:25:08 : - Spell factory detected: 1 | Available: 1 | Upgrading: 0
2015-08-02 00:25:08 : - Dark Spell factory detected: 1 | Available: 0 | Upgrading: 1
2015-08-02 00:25:08 : Training Troops...
2015-08-02 00:25:09 : Your Army Camps are now Full
2015-08-02 00:25:31 : Requesting Clan Castle Troops
2015-08-02 00:25:32 : Your Clan Castle is already full or you are not in a clan.
2015-08-02 00:25:33 :  ====== Unbreakable Mode enabled! ====== 
2015-08-02 00:25:33 : Oops, Out of Dark Elxir - back to farming
2015-08-02 00:25:33 : Checking Troop Upgrade in Laboratory ...
2015-08-02 00:25:33 : Updating village values [E]: 4475335 [D]: 61054
2015-08-02 00:25:35 : Insufficent Elixir for Pekka, Lab requires: 6000000 + 250000 user reserve
2015-08-02 00:25:38 : Finished kicking
2015-08-02 00:25:38 : Going to Attack...
2015-08-02 00:25:44 : ============== Searching For Dead Base ===============
2015-08-02 00:25:44 : ~~~~~~~~~~~~~~~ SEARCH CONDITIONS ~~~~~~~~~~~~~~~~
2015-08-02 00:25:44 : Meet: Gold and Elixir
2015-08-02 00:25:44 : ~~~~~~~~~~~~~~ RESOURCE CONDITIONS ~~~~~~~~~~~~~~~
2015-08-02 00:25:44 : Aim: [G]: 200000 [E]: 200000 [D]:    0 [T]: 0 for: Dead Base
2015-08-02 00:25:44 : ~~~~~~~~~~~~~~~ ADVANCED SETTINGS ~~~~~~~~~~~~~~~~
2015-08-02 00:25:44 : THSnipe Combo, 1 Tile(s), 
2015-08-02 00:25:44 : ==================================================
2015-08-02 00:25:45 :   1> [G]: 162962 [E]: 181275 [D]:  139 [T]:15 [TH]: 7, In
2015-08-02 00:25:48 :   2> [G]:   7693 [E]:  31962 [D]:  N/A [T]:14 [TH]:4-6, In
2015-08-02 00:25:54 :   3> [G]:  77719 [E]:  35064 [D]:  441 [T]:30 [TH]: 7, In
2015-08-02 00:25:57 :   4> [G]: 403772 [E]: 532171 [D]:  896 [T]:14 [TH]: 9, In
2015-08-02 00:25:57 : ~~~~~~~~~~~~~~~~ Dead Base Found! ~~~~~~~~~~~~~~~~
2015-08-02 00:25:59 : ================ Search Complete =================
2015-08-02 00:25:59 : Initiating attack for: Dead Base
2015-08-02 00:26:02 : -Barbarians 129
2015-08-02 00:26:02 : -Archers 71
2015-08-02 00:26:02 : -Clan Castle 
2015-08-02 00:26:02 : -King 
2015-08-02 00:26:02 : -Lightning Spells 3
2015-08-02 00:26:02 : -Poison Spells 1
2015-08-02 00:26:02 :  ====== Start Attack ====== 
2015-08-02 00:26:04 : Calculating Smart Attack Strategy
2015-08-02 00:26:04 : Calculated  (in 0.61 seconds) :
2015-08-02 00:26:04 : Locating Mines, Collectors & Drills
2015-08-02 00:26:06 : Located  (in 1.98 seconds) :
2015-08-02 00:26:06 : [6] Gold Mines
2015-08-02 00:26:06 : [6] Elixir Collectors
2015-08-02 00:26:06 : [0] Dark Elixir Drill/s
2015-08-02 00:26:06 : Four fingers Barch deployment style
2015-08-02 00:26:08 : Dropping first wave of Barbarians 129
2015-08-02 00:26:15 : Dropping first wave of Archers 71
2015-08-02 00:26:19 : Dropping King
2015-08-02 00:26:22 : Dropping last 22  of Archers
2015-08-02 00:26:25 : Dropping left over troops
2015-08-02 00:26:25 : Checking remaining unused troops for: Dead Base
2015-08-02 00:26:28 : -Archers 21
2015-08-02 00:26:28 : -Clan Castle 
2015-08-02 00:26:28 : -Poison Spells 1
2015-08-02 00:26:28 : Dropping last wave of 21 Archers
2015-08-02 00:26:40 : Checking remaining unused troops for: Dead Base
2015-08-02 00:26:43 : -Clan Castle 
2015-08-02 00:26:43 : -Poison Spells 1
2015-08-02 00:26:51 : Finished Attacking, waiting for the battle to end
2015-08-02 00:26:51 : Checking if the battle has finished
2015-08-02 00:26:53 : detected [G]: 260724 [E]: 301730 [DE]: 896 |  Exit in 18 sec.
2015-08-02 00:26:53 : Gold & Elixir & DE change detected, waiting...
2015-08-02 00:26:56 : detected [G]: 260684 [E]: 301690 [DE]: 896 |  Exit in 18 sec.
2015-08-02 00:26:56 : Gold & Elixir & DE change detected, waiting...
2015-08-02 00:26:59 : detected [G]: 260669 [E]: 301675 [DE]: 896 |  Exit in 18 sec.
2015-08-02 00:27:00 : detected [G]: 260669 [E]: 301675 [DE]: 896 |  Exit in 17 sec.
2015-08-02 00:27:01 : detected [G]: 260669 [E]: 301675 [DE]: 896 |  Exit in 16 sec.
2015-08-02 00:27:03 : detected [G]: 260669 [E]: 301675 [DE]: 896 |  Exit in 15 sec.
2015-08-02 00:27:04 : detected [G]: 260669 [E]: 301675 [DE]: 896 |  Exit in 14 sec.
2015-08-02 00:27:05 : detected [G]: 260669 [E]: 301675 [DE]: 896 |  Exit in 12 sec.
2015-08-02 00:27:06 : detected [G]: 260654 [E]: 301660 [DE]: 896 |  Exit in 11 sec.
2015-08-02 00:27:06 : Gold & Elixir & DE change detected, waiting...
2015-08-02 00:27:09 : detected [G]: 260619 [E]: 301625 [DE]: 896 |  Exit in 18 sec.
2015-08-02 00:27:09 : Gold & Elixir & DE change detected, waiting...
2015-08-02 00:27:12 : detected [G]: 260465 [E]: 301471 [DE]: 896 |  Exit in 18 sec.
2015-08-02 00:27:13 : detected [G]: 260459 [E]: 301465 [DE]: 896 |  Exit in 17 sec.
2015-08-02 00:27:13 : Gold & Elixir & DE change detected, waiting...
2015-08-02 00:27:16 : detected [G]: 260459 [E]: 301465 [DE]: 896 |  Exit in 18 sec.
2015-08-02 00:27:17 : detected [G]: 260459 [E]: 301465 [DE]: 896 |  Exit in 17 sec.
2015-08-02 00:27:18 : detected [G]: 260459 [E]: 301465 [DE]: 896 |  Exit in 16 sec.
2015-08-02 00:27:20 : detected [G]: 260459 [E]: 301465 [DE]:  |  Exit in 15 sec.
2015-08-02 00:27:20 : Gold & Elixir & DE change detected, waiting...
2015-08-02 00:27:22 : detected [G]:  [E]:  [DE]:  |  Exit now 
2015-08-02 00:27:22 : Gold & Elixir & DE = 0, end battle 
2015-08-02 00:27:24 : Battle has finished
2015-08-02 00:27:24 : Returning Home
2015-08-02 00:27:28 : Loot: [G]: 143 313 [E]: 230 706 [DE]:  [T]: 4
2015-08-02 00:27:29 : Bonus [G]: 11 000 [E]: 11 000
2015-08-02 00:27:30 : Your league level is: Gold II
2015-08-02 00:27:30 : Stars earned: 1
2015-08-02 00:27:38 : Trying to locate Main Screen
2015-08-02 00:27:38 : Main Screen Located
2015-08-02 00:27:39 : Collecting Resources
2015-08-02 00:27:46 : Checking if Village needs Rearming..
2015-08-02 00:27:54 : Village Report
2015-08-02 00:27:54 : No. of Free/Total Builders: 0/4
2015-08-02 00:27:54 :  [T]: 
2015-08-02 00:27:55 :  [G]: 6 001 000 [E]: 4 717 041 [D]: 61 060 [GEM]: 954
2015-08-02 00:27:58 : Waiting for Main Screen
2015-08-02 00:28:06 : Checking Army Camp...
2015-08-02 00:28:08 : Total Army Camp capacity: 18/200
2015-08-02 00:28:09 :  - No. of Archers: 18
2015-08-02 00:28:09 : Training Troops...
2015-08-02 00:28:18 : Waiting for Main Screen
2015-08-02 00:28:45 : Trying to locate Main Screen
2015-08-02 00:28:45 : Main Screen Located
2015-08-02 00:28:46 : Collecting Resources
2015-08-02 00:28:53 : Checking if Village needs Rearming..
2015-08-02 00:29:01 : Village Report
2015-08-02 00:29:01 : Cannot get Free/Total Builders
2015-08-02 00:29:01 : No. of Free/Total Builders: 0/0
2015-08-02 00:29:01 :  [T]: 1 649
2015-08-02 00:29:01 :  [G]: 6 001 000 [E]: 4 717 174 [D]: 61 062 [GEM]: 954
2015-08-02 00:29:05 : Checking Army Camp...
2015-08-02 00:29:07 : Total Army Camp capacity: 26/200
2015-08-02 00:29:08 :  - No. of Archers: 26
2015-08-02 00:29:08 : Training Troops...
