2015-08-17 13:01:03 :  Clash Game Bot v4.1.1-6 merge Powered by GameBot.org 
2015-08-17 13:01:03 : GameBot.org.exe Executable running on WIN_7 Service Pack 1 X64
2015-08-17 13:01:03 : =================== Bot Start ====================
2015-08-17 13:01:03 : -------------------------  Current Profile: 01 --------------------------
2015-08-17 13:01:03 : Trying to locate Main Screen
2015-08-17 13:01:04 : Waiting for Main Screen
2015-08-17 13:01:07 : Main Screen Located
2015-08-17 13:01:08 : Detecting your Buildings..
2015-08-17 13:01:15 : Language setting is English: Correct.
2015-08-17 13:01:16 : Trying to locate Main Screen
2015-08-17 13:01:16 : Main Screen Located
2015-08-17 13:01:18 : Village Report
2015-08-17 13:01:18 : No. of Free/Total Builders: 0/4
2015-08-17 13:01:18 :  [T]: 2 722
2015-08-17 13:01:18 :  [G]: 3 180 169 [E]: 3 425 253 [D]: 27 592 [GEM]: 57
2015-08-17 13:01:18 : Collecting Resources
2015-08-17 13:01:29 : Checking Army Camp...
2015-08-17 13:01:31 : Total Army Camp capacity: 160/220
2015-08-17 13:01:32 :  - No. of Barbarians: 19
2015-08-17 13:01:32 :  - No. of Archers: 104
2015-08-17 13:01:32 :  - No. of Goblins: 12
2015-08-17 13:01:32 :  - No. of Giants: 5
2015-08-17 13:01:33 : Barracks and Spell factory status: 
2015-08-17 13:01:33 : - Barracks detected: 4 | Available: 4 | Upgrading: 0
2015-08-17 13:01:33 : - Dark Barracks detected: 2 | Available: 2 | Upgrading: 0
2015-08-17 13:01:33 : - Spell factory detected: 1 | Available: 1 | Upgrading: 0
2015-08-17 13:01:33 : - Dark Spell factory detected: 1 | Available: 1 | Upgrading: 0
2015-08-17 13:01:33 : Training Troops...
2015-08-17 13:01:53 : Spell Factory Full
2015-08-17 13:01:55 : 0
2015-08-17 13:01:57 : Requesting Clan Castle Troops
2015-08-17 13:01:57 : Your Clan Castle is already full or you are not in a clan.
2015-08-17 13:01:59 : ====== Waiting for full army ======
2015-08-17 13:02:11 : Checking Army Camp...
2015-08-17 13:02:13 : Total Army Camp capacity: 164/220
2015-08-17 13:02:14 :  - No. of Barbarians: 19
2015-08-17 13:02:14 :  - No. of Archers: 108
2015-08-17 13:02:14 :  - No. of Goblins: 12
2015-08-17 13:02:14 :  - No. of Giants: 5
2015-08-17 13:02:15 : Training Troops...
2015-08-17 13:02:20 : ClashGameBot was Paused!
2015-08-17 13:05:20 : ClashGameBot was Resumed.
2015-08-17 13:05:30 : ClashGameBot was Paused!
