2015-07-27 00:57:58 : ~~~ Clash Game Bot v4.1 Powered by GameBot.org ~~~
2015-07-27 00:57:58 : GameBot.org.exe Executable running on WIN_7  X64
2015-07-27 00:57:58 : =================== Bot Start ====================
2015-07-27 00:57:58 : -------------------------  Current Profile: 01 --------------------------
2015-07-27 00:57:58 : Trying to locate Main Screen
2015-07-27 00:57:58 : Main Screen Located
2015-07-27 00:57:59 : Detecting your Buildings..
2015-07-27 00:58:04 : Language setting is English: Correct.
2015-07-27 00:58:05 : Trying to locate Main Screen
2015-07-27 00:58:05 : Main Screen Located
2015-07-27 00:58:06 : Collecting Resources
2015-07-27 00:58:15 : Checking if Village needs Rearming..
2015-07-27 00:58:22 : Village Report
2015-07-27 00:58:22 : No. of Free/Total Builders: 1/4
2015-07-27 00:58:22 :  [T]: 1 326
2015-07-27 00:58:23 :  [G]: 553 315 [E]: 5 638 452 [D]: 40 387 [GEM]: 815
2015-07-27 00:58:25 : Checking Army Camp...
2015-07-27 00:58:27 : Total Army Camp capacity: 44/200
2015-07-27 00:58:28 :  - No. of Archers: 45
2015-07-27 00:58:28 : Barracks and Spell factory status: 
2015-07-27 00:58:28 : - Barracks detected: 4 | Available: 4 | Upgrading: 0
2015-07-27 00:58:28 : - Dark Barracks detected: 2 | Available: 2 | Upgrading: 0
2015-07-27 00:58:28 : - Spell factory detected: 1 | Available: 1 | Upgrading: 0
2015-07-27 00:58:28 : - Dark Spell factory detected: 0 | Available: 0 | Upgrading: 0
2015-07-27 00:58:28 : Training Troops...
2015-07-27 00:58:53 : Checking Troop Upgrade in Laboratory ...
2015-07-27 00:58:53 : Updating village values [E]: 5638452 [D]: 40387
2015-07-27 00:58:55 : Trouble finding research button, try again...
2015-07-27 00:58:55 : Checking Upgrade Walls
2015-07-27 00:58:55 : Gold is below minimum, Skipping Upgrade
2015-07-27 00:58:58 : ====== Waiting for full army ======
2015-07-27 00:59:11 : Checking Army Camp...
2015-07-27 00:59:12 : Total Army Camp capacity: 52/200
2015-07-27 00:59:13 :  - No. of Archers: 52
2015-07-27 00:59:14 : Training Troops...
2015-07-27 00:59:21 : Time Idle: 00:00:22
2015-07-27 00:59:22 : ====== Waiting for full army ======
2015-07-27 00:59:33 : Checking Army Camp...
2015-07-27 00:59:35 : Total Army Camp capacity: 55/200
2015-07-27 00:59:36 :  - No. of Archers: 56
2015-07-27 00:59:36 : Training Troops...
2015-07-27 00:59:44 : Time Idle: 00:00:45
2015-07-27 00:59:44 : ====== Waiting for full army ======
2015-07-27 00:59:56 : Checking Army Camp...
2015-07-27 00:59:58 : Total Army Camp capacity: 59/200
2015-07-27 00:59:59 :  - No. of Archers: 59
2015-07-27 00:59:59 : Training Troops...
2015-07-27 01:00:07 : Time Idle: 00:01:07
2015-07-27 01:00:07 : ====== Waiting for full army ======
2015-07-27 01:00:19 : Checking Army Camp...
2015-07-27 01:00:21 : Total Army Camp capacity: 62/200
2015-07-27 01:00:22 :  - No. of Archers: 63
2015-07-27 01:00:22 : Training Troops...
2015-07-27 01:00:30 : Time Idle: 00:01:30
2015-07-27 01:00:30 : ====== Waiting for full army ======
2015-07-27 01:00:41 : Checking Army Camp...
2015-07-27 01:00:43 : Total Army Camp capacity: 66/200
2015-07-27 01:00:44 :  - No. of Archers: 66
2015-07-27 01:00:45 : Training Troops...
2015-07-27 01:00:52 : Time Idle: 00:01:52
2015-07-27 01:00:52 : ====== Waiting for full army ======
2015-07-27 01:01:05 : Collecting Resources
2015-07-27 01:01:10 : Checking Army Camp...
2015-07-27 01:01:12 : Total Army Camp capacity: 71/200
2015-07-27 01:01:13 :  - No. of Archers: 71
2015-07-27 01:01:13 : Training Troops...
2015-07-27 01:01:21 : Time Idle: 00:02:20
2015-07-27 01:01:21 : ====== Waiting for full army ======
2015-07-27 01:01:32 : Checking Army Camp...
2015-07-27 01:01:34 : Total Army Camp capacity: 74/200
2015-07-27 01:01:35 :  - No. of Archers: 74
2015-07-27 01:01:36 : Training Troops...
2015-07-27 01:01:44 : Time Idle: 00:02:43
2015-07-27 01:01:44 : ====== Waiting for full army ======
2015-07-27 01:01:55 : Checking Army Camp...
2015-07-27 01:01:57 : Total Army Camp capacity: 78/200
2015-07-27 01:01:58 :  - No. of Archers: 78
2015-07-27 01:01:58 : Training Troops...
2015-07-27 01:02:08 : Waiting for Main Screen
2015-07-27 01:02:22 : Trying to locate Main Screen
2015-07-27 01:02:22 : Main Screen Located
2015-07-27 01:02:23 : Collecting Resources
2015-07-27 01:02:29 : Checking if Village needs Rearming..
2015-07-27 01:02:38 : Village Report
2015-07-27 01:02:38 : No. of Free/Total Builders: 1/4
2015-07-27 01:02:38 :  [T]: 1 326
2015-07-27 01:02:38 :  [G]: 553 315 [E]: 5 617 552 [D]: 40 391 [GEM]: 815
2015-07-27 01:02:40 : Checking Army Camp...
2015-07-27 01:02:42 : Total Army Camp capacity: 87/200
2015-07-27 01:02:43 :  - No. of Barbarians: 7
2015-07-27 01:02:43 :  - No. of Archers: 80
2015-07-27 01:02:43 : Training Troops...
2015-07-27 01:02:53 : Checking Troop Upgrade in Laboratory ...
2015-07-27 01:02:53 : Updating village values [E]: 5617552 [D]: 40391
2015-07-27 01:02:54 : Trouble finding research button, try again...
2015-07-27 01:02:55 : Checking Upgrade Walls
2015-07-27 01:02:55 : Gold is below minimum, Skipping Upgrade
2015-07-27 01:02:58 : ====== Waiting for full army ======
2015-07-27 01:03:10 : Checking Army Camp...
2015-07-27 01:03:12 : Total Army Camp capacity: 92/200
2015-07-27 01:03:13 :  - No. of Barbarians: 13
2015-07-27 01:03:13 :  - No. of Archers: 80
2015-07-27 01:03:13 : Training Troops...
2015-07-27 01:03:20 : Time Idle: 00:00:22
2015-07-27 01:03:21 : ====== Waiting for full army ======
2015-07-27 01:03:32 : Checking Army Camp...
2015-07-27 01:03:34 : Total Army Camp capacity: 97/200
2015-07-27 01:03:35 :  - No. of Barbarians: 17
2015-07-27 01:03:35 :  - No. of Archers: 80
2015-07-27 01:03:36 : Training Troops...
2015-07-27 01:03:44 : Time Idle: 00:00:45
2015-07-27 01:03:44 : ====== Waiting for full army ======
2015-07-27 01:03:56 : Checking Army Camp...
2015-07-27 01:03:58 : Total Army Camp capacity: 102/200
2015-07-27 01:03:59 :  - No. of Barbarians: 22
2015-07-27 01:03:59 :  - No. of Archers: 80
2015-07-27 01:03:59 : Training Troops...
2015-07-27 01:04:07 : Time Idle: 00:01:08
2015-07-27 01:04:08 : ====== Waiting for full army ======
2015-07-27 01:04:20 : Checking Army Camp...
2015-07-27 01:04:22 : Total Army Camp capacity: 106/200
2015-07-27 01:04:22 :  - No. of Barbarians: 27
2015-07-27 01:04:22 :  - No. of Archers: 80
2015-07-27 01:04:23 : Training Troops...
2015-07-27 01:04:31 : Time Idle: 00:01:31
2015-07-27 01:04:31 : ====== Waiting for full army ======
2015-07-27 01:04:43 : Checking Army Camp...
2015-07-27 01:04:45 : Total Army Camp capacity: 111/200
2015-07-27 01:04:46 :  - No. of Barbarians: 31
2015-07-27 01:04:46 :  - No. of Archers: 80
2015-07-27 01:04:46 : Training Troops...
2015-07-27 01:04:54 : Time Idle: 00:01:54
2015-07-27 01:04:54 : ====== Waiting for full army ======
2015-07-27 01:05:06 : Checking Army Camp...
2015-07-27 01:05:08 : Total Army Camp capacity: 116/200
2015-07-27 01:05:09 :  - No. of Barbarians: 36
2015-07-27 01:05:09 :  - No. of Archers: 80
2015-07-27 01:05:09 : Training Troops...
2015-07-27 01:05:17 : Time Idle: 00:02:17
2015-07-27 01:05:18 : ====== Waiting for full army ======
2015-07-27 01:05:30 : Checking Army Camp...
2015-07-27 01:05:31 : Total Army Camp capacity: 120/200
2015-07-27 01:05:32 :  - No. of Barbarians: 40
2015-07-27 01:05:33 :  - No. of Archers: 80
2015-07-27 01:05:33 : Training Troops...
2015-07-27 01:05:41 : Time Idle: 00:02:40
2015-07-27 01:05:41 : ====== Waiting for full army ======
2015-07-27 01:05:53 : Checking Army Camp...
2015-07-27 01:05:55 : Total Army Camp capacity: 125/200
2015-07-27 01:05:56 :  - No. of Barbarians: 45
2015-07-27 01:05:56 :  - No. of Archers: 80
2015-07-27 01:05:56 : Training Troops...
2015-07-27 01:06:04 : Time Idle: 00:03:04
2015-07-27 01:06:05 : ====== Waiting for full army ======
2015-07-27 01:06:17 : Collecting Resources
2015-07-27 01:06:23 : Checking Army Camp...
2015-07-27 01:06:25 : Total Army Camp capacity: 131/200
2015-07-27 01:06:26 :  - No. of Barbarians: 51
2015-07-27 01:06:26 :  - No. of Archers: 80
2015-07-27 01:06:26 : Training Troops...
2015-07-27 01:06:34 : Time Idle: 00:03:33
2015-07-27 01:06:34 : ====== Waiting for full army ======
2015-07-27 01:06:46 : Checking Army Camp...
2015-07-27 01:06:48 : Total Army Camp capacity: 136/200
2015-07-27 01:06:49 :  - No. of Barbarians: 56
2015-07-27 01:06:49 :  - No. of Archers: 80
2015-07-27 01:06:49 : Training Troops...
2015-07-27 01:06:57 : Time Idle: 00:03:56
2015-07-27 01:06:57 : ====== Waiting for full army ======
2015-07-27 01:07:09 : Checking Army Camp...
2015-07-27 01:07:11 : Total Army Camp capacity: 140/200
2015-07-27 01:07:12 :  - No. of Barbarians: 60
2015-07-27 01:07:12 :  - No. of Archers: 80
2015-07-27 01:07:12 : Training Troops...
2015-07-27 01:07:20 : Time Idle: 00:04:19
2015-07-27 01:07:21 : ====== Waiting for full army ======
2015-07-27 01:07:32 : Checking Army Camp...
2015-07-27 01:07:34 : Total Army Camp capacity: 145/200
2015-07-27 01:07:35 :  - No. of Barbarians: 65
2015-07-27 01:07:35 :  - No. of Archers: 80
2015-07-27 01:07:35 : Training Troops...
2015-07-27 01:07:43 : Time Idle: 00:04:41
2015-07-27 01:07:44 : ====== Waiting for full army ======
2015-07-27 01:07:55 : Checking Army Camp...
2015-07-27 01:07:57 : Total Army Camp capacity: 149/200
2015-07-27 01:07:58 :  - No. of Barbarians: 70
2015-07-27 01:07:58 :  - No. of Archers: 80
2015-07-27 01:07:58 : Training Troops...
2015-07-27 01:08:07 : Time Idle: 00:05:04
2015-07-27 01:08:07 : ====== Waiting for full army ======
2015-07-27 01:08:18 : Checking Army Camp...
2015-07-27 01:08:20 : Total Army Camp capacity: 154/200
2015-07-27 01:08:21 :  - No. of Barbarians: 74
2015-07-27 01:08:21 :  - No. of Archers: 80
2015-07-27 01:08:22 : Training Troops...
2015-07-27 01:08:30 : Time Idle: 00:05:27
2015-07-27 01:08:30 : ====== Waiting for full army ======
2015-07-27 01:08:41 : Checking Army Camp...
2015-07-27 01:08:43 : Total Army Camp capacity: 159/200
2015-07-27 01:08:44 :  - No. of Barbarians: 79
2015-07-27 01:08:44 :  - No. of Archers: 80
2015-07-27 01:08:45 : Training Troops...
2015-07-27 01:08:53 : Time Idle: 00:05:50
2015-07-27 01:08:53 : ====== Waiting for full army ======
2015-07-27 01:09:05 : Checking Army Camp...
2015-07-27 01:09:06 : Total Army Camp capacity: 163/200
2015-07-27 01:09:07 :  - No. of Barbarians: 83
2015-07-27 01:09:08 :  - No. of Archers: 80
2015-07-27 01:09:08 : Training Troops...
2015-07-27 01:09:16 : Time Idle: 00:06:12
2015-07-27 01:09:16 : ====== Waiting for full army ======
2015-07-27 01:09:28 : Checking Army Camp...
2015-07-27 01:09:29 : Total Army Camp capacity: 168/200
2015-07-27 01:09:30 :  - No. of Barbarians: 88
2015-07-27 01:09:30 :  - No. of Archers: 80
2015-07-27 01:09:31 : Training Troops...
2015-07-27 01:09:39 : Time Idle: 00:06:35
2015-07-27 01:09:39 : ====== Waiting for full army ======
2015-07-27 01:09:51 : Checking Army Camp...
2015-07-27 01:09:52 : Total Army Camp capacity: 172/200
2015-07-27 01:09:53 :  - No. of Barbarians: 92
2015-07-27 01:09:53 :  - No. of Archers: 80
2015-07-27 01:09:54 : Training Troops...
2015-07-27 01:10:02 : Time Idle: 00:06:58
2015-07-27 01:10:02 : ====== Waiting for full army ======
2015-07-27 01:10:14 : Checking Army Camp...
2015-07-27 01:10:16 : Total Army Camp capacity: 177/200
2015-07-27 01:10:17 :  - No. of Barbarians: 97
2015-07-27 01:10:17 :  - No. of Archers: 80
2015-07-27 01:10:17 : Training Troops...
2015-07-27 01:10:25 : Time Idle: 00:07:21
2015-07-27 01:10:25 : ====== Waiting for full army ======
2015-07-27 01:10:37 : Collecting Resources
2015-07-27 01:10:44 : Checking Army Camp...
2015-07-27 01:10:45 : Total Army Camp capacity: 183/200
2015-07-27 01:10:46 :  - No. of Barbarians: 103
2015-07-27 01:10:46 :  - No. of Archers: 80
2015-07-27 01:10:47 : Training Troops...
2015-07-27 01:10:55 : Time Idle: 00:07:50
2015-07-27 01:10:55 : ====== Waiting for full army ======
2015-07-27 01:11:07 : Checking Army Camp...
2015-07-27 01:11:09 : Total Army Camp capacity: 188/200
2015-07-27 01:11:09 :  - No. of Barbarians: 108
2015-07-27 01:11:10 :  - No. of Archers: 80
2015-07-27 01:11:10 : Training Troops...
2015-07-27 01:11:18 : Time Idle: 00:08:13
2015-07-27 01:11:18 : ====== Waiting for full army ======
2015-07-27 01:11:30 : Checking Army Camp...
2015-07-27 01:11:32 : Total Army Camp capacity: 192/200
2015-07-27 01:11:33 :  - No. of Barbarians: 112
2015-07-27 01:11:33 :  - No. of Archers: 80
2015-07-27 01:11:33 : Training Troops...
2015-07-27 01:11:41 : Time Idle: 00:08:36
2015-07-27 01:11:42 : ====== Waiting for full army ======
2015-07-27 01:11:53 : Checking Army Camp...
2015-07-27 01:11:55 : Total Army Camp capacity: 197/200
2015-07-27 01:11:56 :  - No. of Barbarians: 117
2015-07-27 01:11:57 :  - No. of Archers: 80
2015-07-27 01:11:57 : Training Troops...
2015-07-27 01:12:05 : Time Idle: 00:09:00
2015-07-27 01:12:06 : ====== Waiting for full army ======
2015-07-27 01:12:18 : Checking Army Camp...
2015-07-27 01:12:20 : Total Army Camp capacity: 200/200
2015-07-27 01:12:20 :  - No. of Barbarians: 10
2015-07-27 01:12:21 :  - No. of Archers: 80
2015-07-27 01:12:21 : Training Troops...
2015-07-27 01:12:21 : Your Army Camps are now Full
2015-07-27 01:12:42 : Going to Attack...
2015-07-27 01:12:48 : ============== Searching For Dead Base ===============
2015-07-27 01:12:48 : ~~~~~~~~~~~~~~~ SEARCH CONDITIONS ~~~~~~~~~~~~~~~~
2015-07-27 01:12:48 : Meet: Gold and Elixir
2015-07-27 01:12:48 : ~~~~~~~~~~~~~~ RESOURCE CONDITIONS ~~~~~~~~~~~~~~~
2015-07-27 01:12:48 : Aim: [G]: 200000 [E]:  50000 [D]:    0 [T]: 0 for: Dead Base
2015-07-27 01:12:48 : ==================================================
2015-07-27 01:12:49 :   1> [G]:  87231 [E]: 338948 [D]: 2224 [T]:26
2015-07-27 01:12:52 :   2> [G]: 172091 [E]: 198161 [D]:  514 [T]:13
2015-07-27 01:12:55 :   3> [G]:  84259 [E]:  97474 [D]:  N/A [T]:26
2015-07-27 01:12:58 :   4> [G]:  26080 [E]:  17359 [D]:  475 [T]:19
2015-07-27 01:13:01 :   5> [G]: 207479 [E]: 379266 [D]:  741 [T]:32
2015-07-27 01:13:01 : ~~~~~~~~~~~~~~~~ Not a Dead Base ~~~~~~~~~~~~~~~~~
2015-07-27 01:13:04 :   6> [G]: 156885 [E]: 240344 [D]:  263 [T]:16
2015-07-27 01:13:11 :   7> [G]:  15774 [E]:  10197 [D]:  N/A [T]:15
2015-07-27 01:13:14 :   8> [G]: 185421 [E]:  29934 [D]:   56 [T]:26
2015-07-27 01:13:17 :   9> [G]:  43928 [E]: 151830 [D]: 1700 [T]:23
2015-07-27 01:13:24 :  10> [G]:  16535 [E]: 308130 [D]: 1839 [T]:15
2015-07-27 01:13:27 :  11> [G]:  98355 [E]: 157339 [D]: 1527 [T]:16
2015-07-27 01:13:33 :  12> [G]:  83730 [E]: 123372 [D]:  912 [T]:17
2015-07-27 01:13:36 :  13> [G]: 139290 [E]: 140304 [D]:  915 [T]:33
2015-07-27 01:13:39 :  14> [G]:  46656 [E]:  40867 [D]:  N/A [T]:18
2015-07-27 01:13:42 :  15> [G]:  77939 [E]:  46528 [D]:  112 [T]:17
2015-07-27 01:13:49 :  16> [G]:  90353 [E]:  36711 [D]:  589 [T]:25
2015-07-27 01:13:52 :  17> [G]: 136435 [E]: 381064 [D]: 1604 [T]:28
2015-07-27 01:13:55 :  18> [G]: 134570 [E]: 104099 [D]:  330 [T]:25
2015-07-27 01:13:58 :  19> [G]: 302682 [E]:  24262 [D]: 1045 [T]:25
2015-07-27 01:14:04 :  20> [G]:  43699 [E]: 316530 [D]: 2027 [T]:33
2015-07-27 01:14:04 : Aim: [G]: 198000 [E]:  48000 [D]:    0 [T]: 0 for: Dead Base
2015-07-27 01:14:07 :  21> [G]:  45643 [E]: 384175 [D]:  450 [T]:18
2015-07-27 01:14:10 :  22> [G]: 140019 [E]: 127627 [D]:  882 [T]:32
2015-07-27 01:14:13 :  23> [G]:  42178 [E]: 308421 [D]:   85 [T]:28
2015-07-27 01:14:20 :  24> [G]: 209902 [E]:  86403 [D]:  362 [T]:26
2015-07-27 01:14:20 : ~~~~~~~~~~~~~~~~ Not a Dead Base ~~~~~~~~~~~~~~~~~
2015-07-27 01:14:23 :  25> [G]:  51915 [E]:  30807 [D]:  359 [T]:21
2015-07-27 01:14:26 :  26> [G]:  69222 [E]:  76715 [D]:   95 [T]:33
2015-07-27 01:14:30 :  27> [G]: 217226 [E]: 267820 [D]:  127 [T]:19
2015-07-27 01:14:30 : ~~~~~~~~~~~~~~~~ Dead Base Found! ~~~~~~~~~~~~~~~~
2015-07-27 01:14:31 : ================ Search Complete =================
2015-07-27 01:14:31 : Initiating attack for: Dead Base
2015-07-27 01:14:34 : -Barbarians 120
2015-07-27 01:14:34 : -Archers 80
2015-07-27 01:14:34 : -Clan Castle 
2015-07-27 01:14:34 : -Lightning Spells 1
2015-07-27 01:14:34 : -Poison Spells 1
2015-07-27 01:14:34 :  ====== Start Attack ====== 
2015-07-27 01:14:36 : Calculating Smart Attack Strategy
2015-07-27 01:14:36 : Calculated  (in 0.51 seconds) :
2015-07-27 01:14:36 : Locating Mines, Collectors & Drills
2015-07-27 01:14:38 : Located  (in 2.06 seconds) :
2015-07-27 01:14:38 : [6] Gold Mines
2015-07-27 01:14:38 : [0] Elixir Collectors
2015-07-27 01:14:38 : [0] Dark Elixir Drill/s
2015-07-27 01:14:38 : Attacking on all sides
2015-07-27 01:14:40 : Dropping first wave of Barbarians 60
2015-07-27 01:14:42 : Dropping first wave of Archers 40
2015-07-27 01:14:47 : Dropping second wave of Barbarians 60
2015-07-27 01:14:49 : Dropping second wave of Archers 40
2015-07-27 01:14:56 : Dropping left over troops
2015-07-27 01:14:56 : Checking remaining unused troops for: Dead Base
2015-07-27 01:14:58 : -Clan Castle 
2015-07-27 01:14:58 : -Lightning Spells 1
2015-07-27 01:14:58 : -Poison Spells 1
2015-07-27 01:15:07 : Checking remaining unused troops for: Dead Base
2015-07-27 01:15:09 : -Clan Castle 
2015-07-27 01:15:09 : -Lightning Spells 1
2015-07-27 01:15:09 : -Poison Spells 1
2015-07-27 01:15:18 : Finished Attacking, waiting for the battle to end
2015-07-27 01:15:18 : Checking if the battle has finished
2015-07-27 01:15:20 : detected [G]: 66889 [E]: 155892 [DE]: 0 |  Exit in 18 sec.
2015-07-27 01:15:20 : Gold & Elixir & DE change detected, waiting...
2015-07-27 01:15:24 : detected [G]: 59814 [E]: 146523 [DE]: 0 |  Exit in 18 sec.
2015-07-27 01:15:24 : Gold & Elixir & DE change detected, waiting...
2015-07-27 01:15:27 : detected [G]: 52739 [E]: 146523 [DE]: 0 |  Exit in 18 sec.
2015-07-27 01:15:27 : Gold & Elixir & DE change detected, waiting...
2015-07-27 01:15:30 : detected [G]: 50192 [E]: 146523 [DE]: 0 |  Exit in 18 sec.
2015-07-27 01:15:32 : detected [G]: 50192 [E]: 146523 [DE]: 0 |  Exit in 16 sec.
2015-07-27 01:15:34 : detected [G]: 50192 [E]: 146523 [DE]: 0 |  Exit in 14 sec.
2015-07-27 01:15:36 : detected [G]: 50192 [E]: 146523 [DE]: 0 |  Exit in 13 sec.
2015-07-27 01:15:37 : detected [G]: 50192 [E]: 146523 [DE]: 0 |  Exit in 11 sec.
2015-07-27 01:15:39 : detected [G]: 50192 [E]: 146523 [DE]: 0 |  Exit in  9 sec.
2015-07-27 01:15:41 : detected [G]: 50192 [E]: 146523 [DE]: 0 |  Exit in  8 sec.
2015-07-27 01:15:43 : detected [G]: 50192 [E]: 146523 [DE]: 0 |  Exit in  6 sec.
2015-07-27 01:15:44 : detected [G]: 50192 [E]: 146523 [DE]: 0 |  Exit in  4 sec.
2015-07-27 01:15:46 : detected [G]: 50192 [E]: 146523 [DE]: 0 |  Exit in  2 sec.
2015-07-27 01:15:48 : detected [G]: 50192 [E]: 146523 [DE]: 0 |  Exit in  1 sec.
2015-07-27 01:15:49 : detected [G]: 50192 [E]: 146523 [DE]: 0 |  Exit in  0 sec.
2015-07-27 01:15:49 : Gold & Elixir & DE no change detected, exit
2015-07-27 01:15:49 : Returning Home
2015-07-27 01:15:54 : Loot: [G]: 167 034 [E]: 121 297 [DE]: 127 [T]: 6
2015-07-27 01:15:55 : Bonus [G]: 4 000 [E]: 4 000
2015-07-27 01:15:56 : Your league level is: Silver I
2015-07-27 01:15:56 : Stars earned: 1
2015-07-27 01:16:04 : Trying to locate Main Screen
2015-07-27 01:16:04 : Main Screen Located
2015-07-27 01:16:05 : Collecting Resources
2015-07-27 01:16:12 : Checking if Village needs Rearming..
2015-07-27 01:16:19 : Village Report
2015-07-27 01:16:19 : No. of Free/Total Builders: 1/4
2015-07-27 01:16:20 :  [T]: 1 332
2015-07-27 01:16:20 :  [G]: 711 528 [E]: 5 705 128 [D]: 40 536 [GEM]: 815
2015-07-27 01:16:22 : Checking Army Camp...
2015-07-27 01:16:24 : Total Army Camp capacity: 36/200
2015-07-27 01:16:25 :  - No. of Archers: 36
2015-07-27 01:16:25 : Training Troops...
2015-07-27 01:16:34 : Checking Troop Upgrade in Laboratory ...
2015-07-27 01:16:34 : Updating village values [E]: 5705128 [D]: 40536
2015-07-27 01:16:36 : Trouble finding research button, try again...
2015-07-27 01:16:37 : Checking Upgrade Walls
2015-07-27 01:16:37 : Gold is below minimum, Skipping Upgrade
2015-07-27 01:16:40 : ====== Waiting for full army ======
2015-07-27 01:16:51 : Checking Army Camp...
2015-07-27 01:16:53 : Total Army Camp capacity: 40/200
2015-07-27 01:16:54 :  - No. of Archers: 40
2015-07-27 01:16:54 : Training Troops...
2015-07-27 01:17:02 : Time Idle: 00:00:22
2015-07-27 01:17:02 : ====== Waiting for full army ======
