2015-08-02 00:02:14 : ~ Clash Game Bot v4.1MODS Powered by GameBot.org ~
2015-08-02 00:02:14 : GameBot.org.exe Executable running on WIN_7  X64
2015-08-02 00:02:14 : =================== Bot Start ====================
2015-08-02 00:02:14 : -------------------------  Current Profile: 01 --------------------------
2015-08-02 00:02:14 : Trying to locate Main Screen
2015-08-02 00:02:14 : Main Screen Located
2015-08-02 00:02:16 : Detecting your Buildings..
2015-08-02 00:02:20 : Language setting is English: Correct.
2015-08-02 00:02:21 : Trying to locate Main Screen
2015-08-02 00:02:21 : Main Screen Located
2015-08-02 00:02:22 : Collecting Resources
2015-08-02 00:02:28 : Checking if Village needs Rearming..
2015-08-02 00:02:36 : Village Report
2015-08-02 00:02:36 : No. of Free/Total Builders: 0/4
2015-08-02 00:02:36 :  [T]: 1 645
2015-08-02 00:02:36 :  [G]: 5 900 341 [E]: 4 489 738 [D]: 61 000 [GEM]: 954
2015-08-02 00:02:39 : Checking Army Camp...
2015-08-02 00:02:41 : Total Army Camp capacity: 75/200
2015-08-02 00:02:41 :  - Barbarian max qty    : 60
2015-08-02 00:02:41 :  - Archer max qty     : 40
2015-08-02 00:02:41 :  - Giant max qty     : 0
2015-08-02 00:02:42 :  - No. of Archers: 75
2015-08-02 00:02:42 : Barracks and Spell factory status: 
2015-08-02 00:02:42 : - Barracks detected: 4 | Available: 3 | Upgrading: 1
2015-08-02 00:02:42 : - Dark Barracks detected: 2 | Available: 2 | Upgrading: 0
2015-08-02 00:02:42 : - Spell factory detected: 1 | Available: 1 | Upgrading: 0
2015-08-02 00:02:42 : - Dark Spell factory detected: 1 | Available: 0 | Upgrading: 1
2015-08-02 00:02:42 : Training Troops...
2015-08-02 00:03:08 : Requesting Clan Castle Troops
2015-08-02 00:03:08 : Your Clan Castle is already full or you are not in a clan.
2015-08-02 00:03:09 :  ====== Unbreakable Mode enabled! ====== 
2015-08-02 00:03:09 : Oops, wait for 70% troops filled
2015-08-02 00:03:10 : Trying to locate Main Screen
2015-08-02 00:03:10 : Main Screen Located
2015-08-02 00:03:11 : Collecting Resources
2015-08-02 00:03:19 : Checking if Village needs Rearming..
2015-08-02 00:03:26 : Village Report
2015-08-02 00:03:26 : No. of Free/Total Builders: 0/4
2015-08-02 00:03:26 :  [T]: 1 645
2015-08-02 00:03:27 :  [G]: 5 900 341 [E]: 4 482 158 [D]: 61 001 [GEM]: 954
2015-08-02 00:03:30 : Checking Army Camp...
2015-08-02 00:03:32 : Total Army Camp capacity: 79/200
2015-08-02 00:03:32 :  - Barbarian max qty    : 60
2015-08-02 00:03:32 :  - Archer max qty     : 40
2015-08-02 00:03:32 :  - Giant max qty     : 0
2015-08-02 00:03:33 :  - No. of Archers: 79
2015-08-02 00:03:33 : Training Troops...
2015-08-02 00:03:43 : Requesting Clan Castle Troops
2015-08-02 00:03:43 : Your Clan Castle is already full or you are not in a clan.
2015-08-02 00:03:44 :  ====== Unbreakable Mode enabled! ====== 
2015-08-02 00:03:44 : Oops, wait for 70% troops filled
2015-08-02 00:03:45 : Trying to locate Main Screen
2015-08-02 00:03:45 : Main Screen Located
2015-08-02 00:03:47 : Collecting Resources
2015-08-02 00:03:53 : Checking if Village needs Rearming..
2015-08-02 00:04:01 : Village Report
2015-08-02 00:04:01 : No. of Free/Total Builders: 0/4
2015-08-02 00:04:01 :  [T]: 1 645
2015-08-02 00:04:01 :  [G]: 5 900 341 [E]: 4 481 708 [D]: 61 003 [GEM]: 954
2015-08-02 00:04:05 : Checking Army Camp...
2015-08-02 00:04:07 : Total Army Camp capacity: 83/200
2015-08-02 00:04:07 :  - Barbarian max qty    : 60
2015-08-02 00:04:07 :  - Archer max qty     : 40
2015-08-02 00:04:07 :  - Giant max qty     : 0
2015-08-02 00:04:08 :  - No. of Archers: 83
2015-08-02 00:04:08 : Training Troops...
2015-08-02 00:04:17 : Requesting Clan Castle Troops
2015-08-02 00:04:18 : Your Clan Castle is already full or you are not in a clan.
2015-08-02 00:04:19 :  ====== Unbreakable Mode enabled! ====== 
2015-08-02 00:04:19 : Oops, wait for 70% troops filled
2015-08-02 00:04:20 : Trying to locate Main Screen
2015-08-02 00:04:20 : Main Screen Located
2015-08-02 00:04:21 : Collecting Resources
2015-08-02 00:04:28 : Checking if Village needs Rearming..
2015-08-02 00:04:36 : Village Report
2015-08-02 00:04:36 : No. of Free/Total Builders: 0/4
2015-08-02 00:04:36 :  [T]: 1 645
2015-08-02 00:04:36 :  [G]: 5 900 341 [E]: 4 481 204 [D]: 61 004 [GEM]: 954
2015-08-02 00:04:39 : Checking Army Camp...
2015-08-02 00:04:41 : Total Army Camp capacity: 88/200
2015-08-02 00:04:41 :  - Barbarian max qty    : 60
2015-08-02 00:04:41 :  - Archer max qty     : 40
2015-08-02 00:04:41 :  - Giant max qty     : 0
2015-08-02 00:04:42 :  - No. of Archers: 88
2015-08-02 00:04:42 : Training Troops...
