2015-08-18 15:16:13 :  Clash Game Bot v4.1.1 MODS Powered by GameBot.org ~
2015-08-18 15:16:13 : GameBot.org.exe Executable running on WIN_7  X64
2015-08-18 15:16:13 : =================== Bot Start ====================
2015-08-18 15:16:13 : -------------------------  Current Profile: 01 --------------------------
2015-08-18 15:16:13 : Trying to locate Main Screen
2015-08-18 15:16:13 : Zooming Out
2015-08-18 15:16:16 : Main Screen Located
2015-08-18 15:16:17 : Detecting your Buildings..
2015-08-18 15:16:24 : Language setting is English: Correct.
2015-08-18 15:16:25 : Trying to locate Main Screen
2015-08-18 15:16:25 : Main Screen Located
2015-08-18 15:16:27 : Village Report
2015-08-18 15:16:27 : No. of Free/Total Builders: 0/5
2015-08-18 15:16:27 :  [T]: 3 222
2015-08-18 15:16:27 :  [G]: 5 917 000 [E]: 2 757 625 [D]: 80 000 [GEM]: 2 129
2015-08-18 15:16:27 : Trying to locate Main Screen
2015-08-18 15:16:27 : Main Screen Located
2015-08-18 15:16:29 : Temprory account Detected...
2015-08-18 15:16:30 : Collecting Resources
2015-08-18 15:16:38 : Checking if Village needs Rearming..
2015-08-18 15:16:46 : Checking Army Camp...
2015-08-18 15:16:48 : Total Army Camp capacity: 200/200
2015-08-18 15:16:51 :  - No. of Barbarians: 56
2015-08-18 15:16:51 :  - No. of Archers: 84
2015-08-18 15:16:51 :  - No. of Giants: 12
2015-08-18 15:16:51 : Barracks and Spell factory status: 
2015-08-18 15:16:51 : - Barracks detected: 4 | Available: 4 | Upgrading: 0
2015-08-18 15:16:51 : - Dark Barracks detected: 2 | Available: 1 | Upgrading: 1
2015-08-18 15:16:51 : - Spell factory detected: 1 | Available: 1 | Upgrading: 0
2015-08-18 15:16:51 : - Dark Spell factory detected: 1 | Available: 1 | Upgrading: 0
2015-08-18 15:16:51 : Training Troops...
2015-08-18 15:16:52 : Your Army Camps are now Full
2015-08-18 15:17:10 : 0
2015-08-18 15:17:12 : Requesting Clan Castle Troops
2015-08-18 15:17:19 : Clear an Obstacle on the Field
2015-08-18 15:17:19 : No. of Free/Total Builders: 0/5
2015-08-18 15:17:19 : No Builders
2015-08-18 15:17:20 : Finished kicking
2015-08-18 15:17:20 : Going to Attack...
2015-08-18 15:17:26 : ============== Searching For Dead Base ===============
2015-08-18 15:17:26 : ~~~~~~~~~~~~~~~ SEARCH CONDITIONS ~~~~~~~~~~~~~~~~
2015-08-18 15:17:26 : Meet: Gold and Elixir, TH Outside
2015-08-18 15:17:26 : Meet One and Attack!
2015-08-18 15:17:26 : ~~~~~~~~~~~~~~ RESOURCE CONDITIONS ~~~~~~~~~~~~~~~
2015-08-18 15:17:26 : Aim: [G]: 999999 [E]: 999999 [D]:    0 [T]: 0, Out for: Dead Base
2015-08-18 15:17:26 : ============== Searching For Live Base ===============
2015-08-18 15:17:26 : ~~~~~~~~~~~~~~~ SEARCH CONDITIONS ~~~~~~~~~~~~~~~~
2015-08-18 15:17:26 : Meet: Gold and Elixir, TH Outside
2015-08-18 15:17:26 : Meet One and Attack!
2015-08-18 15:17:26 : ~~~~~~~~~~~~~~ RESOURCE CONDITIONS ~~~~~~~~~~~~~~~
2015-08-18 15:17:26 : Aim: [G]: 999999 [E]: 999999 [D]:    0 [T]: 0, Out for: Live Base
2015-08-18 15:17:26 : ~~~~~~~~~~~~~~~ ADVANCED SETTINGS ~~~~~~~~~~~~~~~~
2015-08-18 15:17:26 : THSnipe Combo, 1 Tile(s), AttackTH, Attack3:GBarch
2015-08-18 15:17:26 : ==================================================
2015-08-18 15:17:31 :   1> [G]:  34854 [E]:  87756 [D]: 1641 [T]:16 [TH]:10, In
2015-08-18 15:17:48 :   2> [G]:  33922 [E]:  41629 [D]: 3024 [T]:15 [TH]:10, In
2015-08-18 15:17:56 :   3> [G]:  53771 [E]:  60273 [D]:  216 [T]: 5 [TH]: 9, In
2015-08-18 15:18:01 :   4> [G]: 218870 [E]:  36133 [D]:  267 [T]: 3 [TH]: 9, In
2015-08-18 15:18:08 :   5> [G]:  28048 [E]:  92424 [D]:  580 [T]: 3 [TH]: 9, In
2015-08-18 15:18:15 :   6> [G]:  32274 [E]:  24733 [D]: 1308 [T]: 2 [TH]: 9, In
2015-08-18 15:18:26 :   7> [G]:  86923 [E]:  78200 [D]:  261 [T]: 3 [TH]: 9, In
2015-08-18 15:18:33 :   8> [G]:  56336 [E]:  48138 [D]:  543 [T]: 1 [TH]: 9, In
2015-08-18 15:18:36 :   9> [G]:  56336 [E]:  48138 [D]:  543 [T]: 1 [TH]: 9, In
2015-08-18 15:18:44 :  10> [G]:  21866 [E]: 201480 [D]: 1458 [T]:23 [TH]:10, In
2015-08-18 15:18:50 :  11> [G]:  42648 [E]: 162909 [D]:  508 [T]: 1 [TH]: 9, In
2015-08-18 15:18:58 :  12> [G]:  22786 [E]:   9103 [D]: 1235 [T]: 2 [TH]: 9, In
2015-08-18 15:19:05 :  13> [G]:  22056 [E]:  39757 [D]:  819 [T]: 1 [TH]: 9, In
2015-08-18 15:19:12 :  14> [G]:  52603 [E]:  84618 [D]:  355 [T]: 1 [TH]: 9, In
2015-08-18 15:19:16 :  15> [G]:  26357 [E]: 100775 [D]:  887 [T]: 1 [TH]: 9, In
2015-08-18 15:19:23 :  16> [G]:  45212 [E]:  21571 [D]: 1119 [T]: 2 [TH]: 9, In
2015-08-18 15:19:30 :  17> [G]: 103010 [E]: 100753 [D]: 1652 [T]: 2 [TH]: 9, In
2015-08-18 15:19:39 :  18> [G]: 145237 [E]: 251109 [D]: 1599 [T]:28 [TH]:10, In
2015-08-18 15:19:49 :  19> [G]:  70817 [E]: 224853 [D]: 1956 [T]:14 [TH]:10, In
2015-08-18 15:19:55 :  20> [G]: 144860 [E]:  27223 [D]: 1189 [T]: 1 [TH]: 9, In
2015-08-18 15:20:03 :  21> [G]:  92430 [E]: 123594 [D]: 1715 [T]:22 [TH]:10, In
2015-08-18 15:20:12 :  22> [G]: 201480 [E]: 235235 [D]:  861 [T]:24 [TH]:10, In
2015-08-18 15:20:14 :  23> [G]: 201480 [E]: 235235 [D]:  861 [T]:24 [TH]:10, In
2015-08-18 15:20:21 :  24> [G]:  60363 [E]:  28503 [D]:  186 [T]: 1 [TH]: 9, In
2015-08-18 15:20:26 :  25> [G]:  96008 [E]: 102943 [D]:  932 [T]:14 [TH]: 9, In
2015-08-18 15:20:35 : Checking Trapped TH
2015-08-18 15:20:35 : Wizard Tower Found
2015-08-18 15:20:35 :  26> [G]:  57934 [E]: 113161 [D]:  408 [T]: 5 [TH]: 9, Out
2015-08-18 15:20:35 : Wizard Tower found near TH, skipping...2
2015-08-18 15:20:36 : Trap found, skipping base...
2015-08-18 15:20:36 : ~~~~~~~~~~~~~~~~ Live Base Found! ~~~~~~~~~~~~~~~~
2015-08-18 15:20:38 : ================ Search Complete =================
2015-08-18 15:20:38 : Initiating attack for: Live Base
2015-08-18 15:20:40 : -Barbarians 56
2015-08-18 15:20:40 : -Archers 84
2015-08-18 15:20:40 : -Giants 12
2015-08-18 15:20:40 : -Lightning Spells 3
2015-08-18 15:20:40 : -Poison Spells 1
2015-08-18 15:20:40 :  ====== Start Attack ====== 
2015-08-18 15:20:42 : Sending 1st wave of archers and Barbarians.
2015-08-18 15:20:42 : Dropping first wave of 10 Archers
2015-08-18 15:20:46 : Deployment of Archers Successful!
2015-08-18 15:20:48 : Dropping first wave of 10 Barbarians
