2015-08-18 08:47:33 :  Clash Game Bot v4.1.1-6 merge Powered by GameBot.org 
2015-08-18 08:47:33 : GameBot.org.exe Executable running on WIN_7 Service Pack 1 X64
2015-08-18 08:47:33 : =================== Bot Start ====================
2015-08-18 08:47:33 : -------------------------  Current Profile: 01 --------------------------
2015-08-18 08:47:33 : Trying to locate Main Screen
2015-08-18 08:47:33 : Main Screen Located
2015-08-18 08:47:34 : Detecting your Buildings..
2015-08-18 08:47:42 : Language setting is English: Correct.
2015-08-18 08:47:43 : Trying to locate Main Screen
2015-08-18 08:47:43 : Main Screen Located
2015-08-18 08:47:45 : Village Report
2015-08-18 08:47:45 : No. of Free/Total Builders: 0/4
2015-08-18 08:47:45 :  [T]: 2 570
2015-08-18 08:47:45 :  [G]: 5 434 686 [E]: 4 517 878 [D]: 7 098 [GEM]: 17
2015-08-18 08:47:45 : Collecting Resources
2015-08-18 08:47:58 : Chat Request: drag po plsss
2015-08-18 08:47:58 : Dragons Keyword found: drag
2015-08-18 08:48:01 : No Dragons available to donate..
2015-08-18 08:48:02 : Chat Request: witch pls
2015-08-18 08:48:02 : Witches Keyword found: witch
2015-08-18 08:48:06 : No Witches available to donate..
2015-08-18 08:48:07 : Chat Request: mnions
2015-08-18 08:48:09 : Checking Army Camp...
2015-08-18 08:48:11 : Total Army Camp capacity: 220/220
2015-08-18 08:48:13 :  - No. of Barbarians: 108
2015-08-18 08:48:14 :  - No. of Archers: 112
2015-08-18 08:48:14 : Barracks and Spell factory status: 
2015-08-18 08:48:14 : - Barracks detected: 4 | Available: 4 | Upgrading: 0
2015-08-18 08:48:14 : - Dark Barracks detected: 2 | Available: 2 | Upgrading: 0
2015-08-18 08:48:14 : - Spell factory detected: 1 | Available: 1 | Upgrading: 0
2015-08-18 08:48:14 : - Dark Spell factory detected: 1 | Available: 1 | Upgrading: 0
2015-08-18 08:48:14 : Training Troops...
2015-08-18 08:48:15 : Your Army Camps are now Full
2015-08-18 08:48:42 : Spell Factory not found...
2015-08-18 08:48:44 : 0
2015-08-18 08:48:46 : Requesting Clan Castle Troops
2015-08-18 08:48:47 : Your Clan Castle is already full or you are not in a clan.
2015-08-18 08:48:48 : Going to Attack...
2015-08-18 08:48:54 : ============== Searching For Dead Base ===============
2015-08-18 08:48:54 : ~~~~~~~~~~~~~~~ SEARCH CONDITIONS ~~~~~~~~~~~~~~~~
2015-08-18 08:48:54 : Meet: Gold or Elixir, Max TH 8
2015-08-18 08:48:54 : ~~~~~~~~~~~~~~ RESOURCE CONDITIONS ~~~~~~~~~~~~~~~
2015-08-18 08:48:54 : Aim: [G]:      0 [E]:      0 [D]:    0 [T]: 0 [TH]: 8 for: Dead Base
2015-08-18 08:48:54 : ============== Searching For Live Base ===============
2015-08-18 08:48:54 : ~~~~~~~~~~~~~~~ SEARCH CONDITIONS ~~~~~~~~~~~~~~~~
2015-08-18 08:48:54 : Meet: Gold or Elixir, Max TH 8
2015-08-18 08:48:54 : ~~~~~~~~~~~~~~ RESOURCE CONDITIONS ~~~~~~~~~~~~~~~
2015-08-18 08:48:54 : Aim: [G]:      0 [E]:      0 [D]:    0 [T]: 0 [TH]: 8 for: Live Base
2015-08-18 08:48:54 : ~~~~~~~~~~~~~~~ ADVANCED SETTINGS ~~~~~~~~~~~~~~~~
2015-08-18 08:48:54 : THSnipe Combo, 6 Tile(s), AttackTH, Attack6:PB6
2015-08-18 08:48:54 : ==================================================
2015-08-18 08:48:57 :   1> [G]: 148954 [E]:  17865 [D]:   58 [T]:21 [TH]:10, In
2015-08-18 08:49:03 :   2> [G]:  60365 [E]:  83620 [D]:  852 [T]:22 [TH]: -, -
2015-08-18 08:49:07 :   3> [G]: 116027 [E]:  32768 [D]:  342 [T]:25 [TH]: 9, In
2015-08-18 08:49:11 :   4> [G]:  93160 [E]:   3915 [D]:  153 [T]:25 [TH]: 9, In
2015-08-18 08:49:16 :   5> [G]:  40281 [E]:  60961 [D]:  596 [T]:24 [TH]: 9, In
2015-08-18 08:49:21 :   6> [G]:  66528 [E]: 119842 [D]:  839 [T]:17 [TH]: 9, In
2015-08-18 08:49:25 :   7> [G]:  55930 [E]: 183864 [D]:  285 [T]:22 [TH]: 9, In
2015-08-18 08:49:29 :   8> [G]:  37493 [E]: 257318 [D]: 1137 [T]:14 [TH]: 9, In
2015-08-18 08:49:33 :   9> [G]: 126543 [E]: 140506 [D]: 1062 [T]:21 [TH]: 9, In
2015-08-18 08:49:37 :  10> [G]:  45580 [E]:  67197 [D]:  549 [T]:28 [TH]: 9, In
2015-08-18 08:49:41 :  11> [G]: 136432 [E]: 154170 [D]:  435 [T]:21 [TH]: 9, In
2015-08-18 08:49:46 :  12> [G]: 108827 [E]:  17882 [D]:  176 [T]:16 [TH]:10, In
2015-08-18 08:49:49 :  13> [G]:  56083 [E]: 101618 [D]:  969 [T]:14 [TH]: 9, In
2015-08-18 08:49:54 :  14> [G]: 141997 [E]: 206959 [D]: 1410 [T]:23 [TH]:10, In
2015-08-18 08:50:00 :  15> [G]: 128633 [E]:  79570 [D]:  149 [T]:17 [TH]:10, In
2015-08-18 08:50:04 :  16> [G]:  72880 [E]: 198607 [D]:  276 [T]:28 [TH]:10, In
2015-08-18 08:50:08 :  17> [G]:  85364 [E]: 182479 [D]:  490 [T]:16 [TH]: 9, In
2015-08-18 08:50:12 :  18> [G]:  47032 [E]:  27550 [D]:  378 [T]:21 [TH]: 9, In
2015-08-18 08:50:16 :  19> [G]: 151675 [E]: 161093 [D]: 1368 [T]:22 [TH]: 9, In
2015-08-18 08:50:21 :  20> [G]:  13185 [E]: 110894 [D]:  414 [T]:28 [TH]:10, In
2015-08-18 08:50:27 :  21> [G]:  23750 [E]:   4500 [D]:  240 [T]:18 [TH]: 9, In
2015-08-18 08:50:33 :  22> [G]:  68598 [E]:  53235 [D]: 1801 [T]:17 [TH]:10, In
2015-08-18 08:50:37 :  23> [G]:  57483 [E]: 118308 [D]:  821 [T]:32 [TH]: 9, In
2015-08-18 08:50:42 :  24> [G]: 122963 [E]: 408760 [D]: 1465 [T]:30 [TH]:10, In
2015-08-18 08:50:49 :  25> [G]: 298118 [E]: 407031 [D]: 3123 [T]:17 [TH]:10, In
2015-08-18 08:50:55 :  26> [G]:  19289 [E]: 158257 [D]:  288 [T]:15 [TH]: 9, In
2015-08-18 08:51:01 :  27> [G]:  54288 [E]: 110802 [D]:  569 [T]:15 [TH]: 9, In
2015-08-18 08:51:05 :  28> [G]:  16079 [E]:  69874 [D]:  474 [T]:17 [TH]: 9, In
2015-08-18 08:51:10 :  29> [G]:  79754 [E]:  74193 [D]:  485 [T]:38 [TH]: 9, In
2015-08-18 08:51:15 :  30> [G]: 102665 [E]: 128234 [D]:  469 [T]:18 [TH]: 9, In
2015-08-18 08:51:22 :  31> [G]:  45325 [E]:  61672 [D]:  512 [T]:22 [TH]:10, In
2015-08-18 08:51:27 :  32> [G]:  94556 [E]:  83183 [D]:  519 [T]:27 [TH]: 9, In
2015-08-18 08:51:31 :  33> [G]:  30110 [E]:  95366 [D]:   98 [T]:16 [TH]:10, In
2015-08-18 08:51:38 :  34> [G]: 297507 [E]: 131493 [D]:  585 [T]:30 [TH]:10, In
2015-08-18 08:51:44 :  35> [G]: 339828 [E]:  79962 [D]:  936 [T]:18 [TH]:10, In
2015-08-18 08:51:48 :  36> [G]: 169625 [E]: 240557 [D]:  227 [T]: 6 [TH]: 8, In
2015-08-18 08:51:48 : ~~~~~~~~~~~~~~~~ Dead Base Found! ~~~~~~~~~~~~~~~~
2015-08-18 08:51:48 : ================ Search Complete =================
2015-08-18 08:51:48 : Initiating attack for: Dead Base
2015-08-18 08:51:51 : -Barbarians 108
2015-08-18 08:51:51 : -Archers 112
2015-08-18 08:51:51 : -Clan Castle 
2015-08-18 08:51:51 : -Heal Spells 4
2015-08-18 08:51:51 : -Poison Spells 1
2015-08-18 08:51:51 :  ====== Start Attack ====== 
2015-08-18 08:51:53 : Attacking with four fingers
2015-08-18 08:51:54 : Dropping only wave of 108 Barbarians
2015-08-18 08:51:58 : Dropping only wave of 112 Archers
2015-08-18 08:52:03 : Dropping Clan Castle
2015-08-18 08:52:05 : Dropping left over troops
2015-08-18 08:52:05 : Checking remaining unused troops for: Dead Base
2015-08-18 08:52:08 : -Clan Castle 
2015-08-18 08:52:08 : -Heal Spells 4
2015-08-18 08:52:08 : -Poison Spells 1
2015-08-18 08:52:16 : Checking remaining unused troops for: Dead Base
2015-08-18 08:52:19 : -Clan Castle 
2015-08-18 08:52:19 : -Heal Spells 4
2015-08-18 08:52:19 : -Poison Spells 1
2015-08-18 08:52:28 : Finished Attacking, waiting for the battle to end
2015-08-18 08:52:28 : Checking if the battle has finished
2015-08-18 08:52:29 : One Star Reach, exit
2015-08-18 08:52:30 : Returning Home
2015-08-18 08:52:34 : Loot: [G]: 169 625 [E]: 240 556 [DE]: 214 [T]: 2
2015-08-18 08:52:35 : Bonus [G]: 100 000 [E]: 100 000 [DE]: 500
2015-08-18 08:52:37 : Your league level is: Master III
2015-08-18 08:52:37 : Stars earned: 1
2015-08-18 08:52:45 : Trying to locate Main Screen
2015-08-18 08:52:45 : Main Screen Located
2015-08-18 08:52:47 : Village Report
2015-08-18 08:52:47 : No. of Free/Total Builders: 0/4
2015-08-18 08:52:47 :  [T]: 2 572
2015-08-18 08:52:47 :  [G]: 5 682 490 [E]: 4 863 348 [D]: 7 812 [GEM]: 17
2015-08-18 08:52:47 : Collecting Resources
2015-08-18 08:52:58 : Chat Request: witch pls
2015-08-18 08:52:58 : Witches Keyword found: witch
2015-08-18 08:53:01 : No Witches available to donate..
2015-08-18 08:53:02 : Chat Request: mnions
2015-08-18 08:53:04 : Checking Army Camp...
2015-08-18 08:53:06 : Total Army Camp capacity: 180/220
2015-08-18 08:53:07 :  - No. of Barbarians: 72
2015-08-18 08:53:07 :  - No. of Archers: 108
2015-08-18 08:53:08 : Training Troops...
2015-08-18 08:53:19 : Spell Factory Full
2015-08-18 08:53:21 : 0
2015-08-18 08:53:22 : Requesting Clan Castle Troops
2015-08-18 08:53:23 : Request has already been made
2015-08-18 08:53:25 : ====== Waiting for full army ======
2015-08-18 08:53:36 : Checking Army Camp...
2015-08-18 08:53:38 : Total Army Camp capacity: 204/220
2015-08-18 08:53:39 :  - No. of Barbarians: 100
2015-08-18 08:53:39 :  - No. of Archers: 108
2015-08-18 08:53:40 : Training Troops...
2015-08-18 08:53:51 : Spell Factory Full
2015-08-18 08:53:53 : Time Idle: 00:00:28
2015-08-18 08:53:54 : ====== Waiting for full army ======
2015-08-18 08:54:05 : Checking Army Camp...
2015-08-18 08:54:07 : Total Army Camp capacity: 216/220
2015-08-18 08:54:08 :  - No. of Barbarians: 108
2015-08-18 08:54:09 :  - No. of Archers: 108
2015-08-18 08:54:09 : Training Troops...
2015-08-18 08:54:22 : Checking Army Camp...
2015-08-18 08:54:24 : Total Army Camp capacity: 217/220
2015-08-18 08:54:25 :  - No. of Barbarians: 108
2015-08-18 08:54:25 :  - No. of Archers: 109
2015-08-18 08:54:26 : Training Troops...
2015-08-18 08:54:39 : Spell Factory Full
2015-08-18 08:54:41 : Time Idle: 00:01:16
2015-08-18 08:54:42 : ====== Waiting for full army ======
2015-08-18 08:54:53 : Checking Army Camp...
2015-08-18 08:54:55 : Total Army Camp capacity: 220/220
2015-08-18 08:54:56 :  - No. of Barbarians: 108
2015-08-18 08:54:57 :  - No. of Archers: 112
2015-08-18 08:54:57 : Training Troops...
2015-08-18 08:54:58 : Your Army Camps are now Full
2015-08-18 08:55:23 : Spell Factory not found...
2015-08-18 08:55:25 : Going to Attack...
2015-08-18 08:55:31 : ============== Searching For Dead Base ===============
2015-08-18 08:55:31 : ~~~~~~~~~~~~~~~ SEARCH CONDITIONS ~~~~~~~~~~~~~~~~
2015-08-18 08:55:31 : Meet: Gold or Elixir, Max TH 8
2015-08-18 08:55:31 : ~~~~~~~~~~~~~~ RESOURCE CONDITIONS ~~~~~~~~~~~~~~~
2015-08-18 08:55:31 : Aim: [G]:      0 [E]:      0 [D]:    0 [T]: 0 [TH]: 8 for: Dead Base
2015-08-18 08:55:31 : ============== Searching For Live Base ===============
2015-08-18 08:55:31 : ~~~~~~~~~~~~~~~ SEARCH CONDITIONS ~~~~~~~~~~~~~~~~
2015-08-18 08:55:31 : Meet: Gold or Elixir, Max TH 8
2015-08-18 08:55:31 : ~~~~~~~~~~~~~~ RESOURCE CONDITIONS ~~~~~~~~~~~~~~~
2015-08-18 08:55:31 : Aim: [G]:      0 [E]:      0 [D]:    0 [T]: 0 [TH]: 8 for: Live Base
2015-08-18 08:55:31 : ~~~~~~~~~~~~~~~ ADVANCED SETTINGS ~~~~~~~~~~~~~~~~
2015-08-18 08:55:31 : THSnipe Combo, 6 Tile(s), AttackTH, Attack6:PB6
2015-08-18 08:55:31 : ==================================================
2015-08-18 08:55:33 :   1> [G]:  43870 [E]: 107016 [D]:  409 [T]:22 [TH]: 9, In
2015-08-18 08:55:39 :   2> [G]:  60661 [E]:  36966 [D]:  772 [T]:21 [TH]:10, In
2015-08-18 08:55:45 :   3> [G]:  74687 [E]: 134440 [D]:  253 [T]:13 [TH]: 9, In
2015-08-18 08:55:50 :   4> [G]:  29012 [E]:  48735 [D]:  171 [T]:34 [TH]:10, In
2015-08-18 08:55:54 :   5> [G]:  51819 [E]:  59944 [D]: 2096 [T]:15 [TH]: 9, In
2015-08-18 08:55:58 :   6> [G]:  63007 [E]: 126870 [D]:  470 [T]:15 [TH]: 9, In
2015-08-18 08:56:02 :   7> [G]: 132382 [E]: 191972 [D]: 1188 [T]:31 [TH]: 9, In
2015-08-18 08:56:07 :   8> [G]:  51177 [E]:  77097 [D]: 1983 [T]:33 [TH]:10, In
2015-08-18 08:56:11 :   9> [G]:  55945 [E]:  33339 [D]:  338 [T]:30 [TH]: 9, In
2015-08-18 08:56:16 :  10> [G]:  85166 [E]:  69147 [D]:  120 [T]:14 [TH]: -, -
2015-08-18 08:56:20 :  11> [G]:  37878 [E]:  54905 [D]: 1151 [T]:31 [TH]: 9, In
2015-08-18 08:56:24 :  12> [G]:  57097 [E]:  19573 [D]:  380 [T]:32 [TH]: 9, In
2015-08-18 08:56:28 :  13> [G]:  51122 [E]:  69750 [D]: 1319 [T]:30 [TH]:10, In
2015-08-18 08:56:33 :  14> [G]:  73813 [E]: 422663 [D]: 2845 [T]:13 [TH]:10, In
2015-08-18 08:56:37 :  15> [G]:  89466 [E]:  36972 [D]:  406 [T]:34 [TH]: 9, In
2015-08-18 08:56:42 :  16> [G]:  35210 [E]:  91634 [D]: 1001 [T]:36 [TH]: 9, In
2015-08-18 08:56:45 :  17> [G]: 110025 [E]:  89079 [D]:  182 [T]:21 [TH]: 9, In
2015-08-18 08:56:50 :  18> [G]:  50338 [E]:  95579 [D]:  877 [T]:34 [TH]:10, In
2015-08-18 08:56:56 :  19> [G]:  42169 [E]:  13925 [D]:  250 [T]:33 [TH]:10, In
2015-08-18 08:57:02 :  20> [G]:  26712 [E]:   4923 [D]: 1349 [T]:15 [TH]: 9, In
2015-08-18 08:57:06 :  21> [G]:  38717 [E]: 125386 [D]:  743 [T]:18 [TH]:10, In
2015-08-18 08:57:10 :  22> [G]: 120522 [E]:  55177 [D]: 1651 [T]:19 [TH]: 9, In
2015-08-18 08:57:17 :  23> [G]:  54371 [E]:  84410 [D]: 1365 [T]:16 [TH]:10, In
2015-08-18 08:57:22 :  24> [G]:  54910 [E]: 121064 [D]: 1373 [T]:32 [TH]: 9, In
2015-08-18 08:57:27 :  25> [G]: 127685 [E]: 105673 [D]:  731 [T]:13 [TH]: 9, In
2015-08-18 08:57:33 :  26> [G]:  42729 [E]:  88808 [D]:  618 [T]:25 [TH]:10, In
2015-08-18 08:57:39 :  27> [G]:  49543 [E]:  46238 [D]:  363 [T]:13 [TH]:10, In
2015-08-18 08:57:43 :  28> [G]: 137933 [E]: 187424 [D]: 1175 [T]:30 [TH]: 9, In
2015-08-18 08:57:47 :  29> [G]:  43271 [E]:  86216 [D]:  376 [T]:29 [TH]:10, In
2015-08-18 08:57:52 :  30> [G]:  41924 [E]:  67964 [D]: 2133 [T]:33 [TH]:10, In
2015-08-18 08:57:56 :  31> [G]:  42805 [E]:  82598 [D]:  581 [T]: 9 [TH]: 8, In
2015-08-18 08:57:56 : ~~~~~~~~~~~~~~~~ Live Base Found! ~~~~~~~~~~~~~~~~
2015-08-18 08:57:56 : ================ Search Complete =================
2015-08-18 08:57:56 : Initiating attack for: Live Base
2015-08-18 08:57:59 : -Barbarians 108
2015-08-18 08:57:59 : -Archers 112
2015-08-18 08:57:59 : -King 
2015-08-18 08:57:59 : -Heal Spells 4
2015-08-18 08:57:59 : -Poison Spells 1
2015-08-18 08:57:59 :  ====== Start Attack ====== 
2015-08-18 08:58:01 : Attacking with four fingers
2015-08-18 08:58:02 : Dropping only wave of 108 Barbarians
2015-08-18 08:58:08 : Dropping only wave of 112 Archers
2015-08-18 08:58:13 : Dropping King
2015-08-18 08:58:14 : Dropping left over troops
2015-08-18 08:58:14 : Checking remaining unused troops for: Live Base
2015-08-18 08:58:17 : -Heal Spells 4
2015-08-18 08:58:17 : -Poison Spells 1
2015-08-18 08:58:25 : Checking remaining unused troops for: Live Base
2015-08-18 08:58:28 : -Heal Spells 4
2015-08-18 08:58:28 : -Poison Spells 1
2015-08-18 08:58:29 : ClashGameBot was Paused!
2015-08-18 08:58:35 : ClashGameBot was Resumed.
2015-08-18 08:58:35 : King is getting weak, Activating King's power
2015-08-18 08:58:42 : Finished Attacking, waiting for the battle to end
2015-08-18 08:58:42 : Checking if the battle has finished
2015-08-18 08:58:43 : One Star Reach, exit
2015-08-18 08:58:44 : Returning Home
2015-08-18 08:58:49 : Loot: [G]: 6 521 [E]: 2 685 [DE]: 581 [T]: 3
2015-08-18 08:58:49 : Bonus [G]: 100 000 [E]: 100 000 [DE]: 500
2015-08-18 08:58:52 : Your league level is: Master III
2015-08-18 08:58:52 : Stars earned: 1
2015-08-18 08:58:57 : ClashGameBot was Paused!
2015-08-18 08:59:40 : ClashGameBot was Resumed.
2015-08-18 08:59:43 : Trying to locate Main Screen
2015-08-18 08:59:43 : Main Screen Located
2015-08-18 08:59:44 : Village Report
2015-08-18 08:59:44 : No. of Free/Total Builders: 0/4
2015-08-18 08:59:44 :  [T]: 2 575
2015-08-18 08:59:44 :  [G]: 5 765 761 [E]: 4 916 233 [D]: 8 897 [GEM]: 17
2015-08-18 08:59:45 : Collecting Resources
2015-08-18 08:59:58 : Chat Request: any
2015-08-18 08:59:58 : Custom Donation Keyword found: any
2015-08-18 09:00:01 : No Giants available to donate..
2015-08-18 09:00:04 : No Minions available to donate..
2015-08-18 09:00:05 : Donating 6 Archers
2015-08-18 09:00:07 : Chat Request: witch pls
2015-08-18 09:00:07 : Witches Keyword found: witch
2015-08-18 09:00:10 : No Witches available to donate..
2015-08-18 09:00:12 : Chat Request: mnions
2015-08-18 09:00:13 : Checking Army Camp...
2015-08-18 09:00:15 : Total Army Camp capacity: 198/220
2015-08-18 09:00:16 :  - No. of Barbarians: 96
2015-08-18 09:00:17 :  - No. of Archers: 102
2015-08-18 09:00:17 : Training Troops...
2015-08-18 09:00:28 : Spell Factory Full
2015-08-18 09:00:30 : 0
2015-08-18 09:00:32 : Requesting Clan Castle Troops
2015-08-18 09:00:37 : ====== Waiting for full army ======
2015-08-18 09:00:49 : Checking Army Camp...
2015-08-18 09:00:53 : Total Army Camp capacity: 210/220
2015-08-18 09:00:54 :  - No. of Barbarians: 108
2015-08-18 09:00:54 :  - No. of Archers: 102
2015-08-18 09:00:55 : Training Troops...
2015-08-18 09:01:07 : Checking Army Camp...
2015-08-18 09:01:08 : Total Army Camp capacity: 210/220
2015-08-18 09:01:10 :  - No. of Barbarians: 108
2015-08-18 09:01:10 :  - No. of Archers: 102
2015-08-18 09:01:10 : Training Troops...
2015-08-18 09:01:25 : Spell Factory Full
2015-08-18 09:01:27 : Time Idle: 00:00:49
2015-08-18 09:01:27 : ====== Waiting for full army ======
2015-08-18 09:01:39 : Checking Army Camp...
2015-08-18 09:01:41 : Total Army Camp capacity: 220/220
2015-08-18 09:01:42 :  - No. of Barbarians: 108
2015-08-18 09:01:42 :  - No. of Archers: 112
2015-08-18 09:01:43 : Training Troops...
2015-08-18 09:01:44 : Your Army Camps are now Full
2015-08-18 09:02:08 : Spell Factory not found...
2015-08-18 09:02:10 : Going to Attack...
2015-08-18 09:02:16 : ============== Searching For Dead Base ===============
2015-08-18 09:02:16 : ~~~~~~~~~~~~~~~ SEARCH CONDITIONS ~~~~~~~~~~~~~~~~
2015-08-18 09:02:16 : Meet: Gold or Elixir, Max TH 8
2015-08-18 09:02:16 : ~~~~~~~~~~~~~~ RESOURCE CONDITIONS ~~~~~~~~~~~~~~~
2015-08-18 09:02:16 : Aim: [G]:      0 [E]:      0 [D]:    0 [T]: 0 [TH]: 8 for: Dead Base
2015-08-18 09:02:16 : ============== Searching For Live Base ===============
2015-08-18 09:02:16 : ~~~~~~~~~~~~~~~ SEARCH CONDITIONS ~~~~~~~~~~~~~~~~
2015-08-18 09:02:16 : Meet: Gold or Elixir, Max TH 8
2015-08-18 09:02:16 : ~~~~~~~~~~~~~~ RESOURCE CONDITIONS ~~~~~~~~~~~~~~~
2015-08-18 09:02:16 : Aim: [G]:      0 [E]:      0 [D]:    0 [T]: 0 [TH]: 8 for: Live Base
2015-08-18 09:02:16 : ~~~~~~~~~~~~~~~ ADVANCED SETTINGS ~~~~~~~~~~~~~~~~
2015-08-18 09:02:16 : THSnipe Combo, 6 Tile(s), AttackTH, Attack6:PB6
2015-08-18 09:02:16 : ==================================================
2015-08-18 09:02:18 :   1> [G]:  64321 [E]:  42823 [D]:  242 [T]:21 [TH]: 9, In
2015-08-18 09:02:24 :   2> [G]:  45210 [E]:  69838 [D]:  835 [T]:21 [TH]:10, In
2015-08-18 09:02:31 :   3> [G]:  38326 [E]: 145293 [D]:   59 [T]:19 [TH]:10, In
2015-08-18 09:02:37 :   4> [G]:  79131 [E]: 233559 [D]: 1605 [T]:15 [TH]:10, In
2015-08-18 09:02:47 :   5> [G]: 373366 [E]: 161507 [D]: 2554 [T]:17 [TH]:10, In
2015-08-18 09:02:51 :   6> [G]: 125377 [E]:  90031 [D]: 2802 [T]:14 [TH]: 9, In
2015-08-18 09:02:56 :   7> [G]: 172146 [E]: 252652 [D]: 2553 [T]:34 [TH]: 9, In
2015-08-18 09:03:02 :   8> [G]:  54152 [E]: 204637 [D]: 1694 [T]:31 [TH]:10, In
2015-08-18 09:03:06 :   9> [G]:  97059 [E]: 153903 [D]: 1541 [T]:26 [TH]:10, In
2015-08-18 09:03:10 :  10> [G]:   7480 [E]: 166481 [D]: 1111 [T]:26 [TH]: 9, In
2015-08-18 09:03:14 :  11> [G]:  59673 [E]:  12105 [D]:  447 [T]:32 [TH]: 9, In
2015-08-18 09:03:18 :  12> [G]:  15125 [E]:  67506 [D]: 1593 [T]:16 [TH]: 9, In
2015-08-18 09:03:23 :  13> [G]: 102929 [E]:  66351 [D]:  514 [T]:22 [TH]: 9, In
2015-08-18 09:03:26 :  14> [G]:  25974 [E]:  70826 [D]: 1406 [T]:33 [TH]: 9, In
2015-08-18 09:03:32 :  15> [G]:  64867 [E]: 171955 [D]:  395 [T]:22 [TH]:10, In
2015-08-18 09:03:38 :  16> [G]: 136780 [E]:  40212 [D]: 1355 [T]:34 [TH]:10, In
2015-08-18 09:03:43 :  17> [G]:  53182 [E]:  26248 [D]: 1123 [T]:33 [TH]:10, In
2015-08-18 09:03:47 :  18> [G]:  61523 [E]: 188660 [D]:  737 [T]:21 [TH]: 9, In
2015-08-18 09:03:51 :  19> [G]:  81399 [E]: 128451 [D]: 1717 [T]:28 [TH]:10, In
2015-08-18 09:03:55 :  20> [G]: 159705 [E]:  65921 [D]:  387 [T]:22 [TH]:10, In
2015-08-18 09:04:02 :  21> [G]: 132529 [E]: 286035 [D]: 3401 [T]:33 [TH]:10, In
2015-08-18 09:04:06 :  22> [G]:  96210 [E]:  88119 [D]:  624 [T]:31 [TH]: 9, In
2015-08-18 09:04:12 :  23> [G]:  55997 [E]: 236779 [D]: 1405 [T]:13 [TH]:10, In
2015-08-18 09:04:18 :  24> [G]: 114926 [E]:  77851 [D]:  565 [T]:14 [TH]: 9, In
2015-08-18 09:04:21 :  25> [G]:  45957 [E]:  25357 [D]:  361 [T]: 8 [TH]: 8, In
2015-08-18 09:04:22 : ~~~~~~~~~~~~~~~~ Live Base Found! ~~~~~~~~~~~~~~~~
2015-08-18 09:04:22 : ================ Search Complete =================
2015-08-18 09:04:22 : Initiating attack for: Live Base
2015-08-18 09:04:25 : -Barbarians 108
2015-08-18 09:04:25 : -Archers 112
2015-08-18 09:04:25 : -Clan Castle 
2015-08-18 09:04:25 : -Heal Spells 4
2015-08-18 09:04:25 : -Poison Spells 1
2015-08-18 09:04:25 :  ====== Start Attack ====== 
2015-08-18 09:04:27 : Attacking with four fingers
2015-08-18 09:04:28 : Dropping only wave of 108 Barbarians
2015-08-18 09:04:33 : Dropping only wave of 112 Archers
2015-08-18 09:04:38 : Dropping Clan Castle
2015-08-18 09:04:40 : Dropping left over troops
2015-08-18 09:04:40 : Checking remaining unused troops for: Live Base
2015-08-18 09:04:43 : -Clan Castle 
2015-08-18 09:04:43 : -Heal Spells 4
2015-08-18 09:04:43 : -Poison Spells 1
2015-08-18 09:04:51 : Checking remaining unused troops for: Live Base
2015-08-18 09:04:54 : -Clan Castle 
2015-08-18 09:04:54 : -Heal Spells 4
2015-08-18 09:04:54 : -Poison Spells 1
2015-08-18 09:04:54 : ClashGameBot was Paused!
