2015-08-17 11:28:44 :  Clash Game Bot v4.1.1-6 merge Powered by GameBot.org 
2015-08-17 11:28:44 : GameBot.org.exe Executable running on WIN_7 Service Pack 1 X64
2015-08-17 11:28:44 : =================== Bot Start ====================
2015-08-17 11:28:44 : -------------------------  Current Profile: 01 --------------------------
2015-08-17 11:28:44 : Trying to locate Main Screen
2015-08-17 11:28:46 : Waiting for Main Screen
2015-08-17 11:28:48 : Main Screen Located
2015-08-17 11:28:49 : Detecting your Buildings..
2015-08-17 11:28:57 : Language setting is English: Correct.
2015-08-17 11:28:58 : Trying to locate Main Screen
2015-08-17 11:28:58 : Main Screen Located
2015-08-17 11:28:59 : Village Report
2015-08-17 11:28:59 : No. of Free/Total Builders: 0/4
2015-08-17 11:28:59 :  [T]: 2 703
2015-08-17 11:29:00 :  [G]: 3 074 949 [E]: 2 986 101 [D]: 25 503 [GEM]: 57
2015-08-17 11:29:00 : Collecting Resources
2015-08-17 11:29:11 : Chat Request: hogs
2015-08-17 11:29:11 : Hog Riders Keyword found: hog
2015-08-17 11:29:14 : No Hog Riders available to donate..
2015-08-17 11:29:16 : Checking Army Camp...
2015-08-17 11:29:18 : Total Army Camp capacity: 220/220
2015-08-17 11:29:20 :  - No. of Barbarians: 10
2015-08-17 11:29:21 :  - No. of Archers: 115
2015-08-17 11:29:21 :  - No. of Goblins: 95
2015-08-17 11:29:21 : Barracks and Spell factory status: 
2015-08-17 11:29:21 : - Barracks detected: 4 | Available: 4 | Upgrading: 0
2015-08-17 11:29:21 : - Dark Barracks detected: 2 | Available: 2 | Upgrading: 0
2015-08-17 11:29:21 : - Spell factory detected: 1 | Available: 1 | Upgrading: 0
2015-08-17 11:29:21 : - Dark Spell factory detected: 1 | Available: 1 | Upgrading: 0
2015-08-17 11:29:21 : Training Troops...
2015-08-17 11:29:22 : Your Army Camps are now Full
2015-08-17 11:29:22 : Too few Barb, train first.
2015-08-17 11:29:22 : Too many Gobl, train last.
2015-08-17 11:29:54 : Spell Factory not found...
2015-08-17 11:29:56 : 0
2015-08-17 11:29:58 : Requesting Clan Castle Troops
2015-08-17 11:29:58 : Your Clan Castle is already full or you are not in a clan.
2015-08-17 11:30:00 : Going to Attack...
2015-08-17 11:30:06 : ============== Searching For Dead Base ===============
2015-08-17 11:30:06 : ~~~~~~~~~~~~~~~ SEARCH CONDITIONS ~~~~~~~~~~~~~~~~
2015-08-17 11:30:06 : Meet: Gold and Elixir
2015-08-17 11:30:06 : ~~~~~~~~~~~~~~ RESOURCE CONDITIONS ~~~~~~~~~~~~~~~
2015-08-17 11:30:06 : Aim: [G]: 999999 [E]: 999999 [D]:    0 [T]: 0 for: Dead Base
2015-08-17 11:30:06 : ============== Searching For Live Base ===============
2015-08-17 11:30:06 : ~~~~~~~~~~~~~~~ SEARCH CONDITIONS ~~~~~~~~~~~~~~~~
2015-08-17 11:30:06 : Meet: Gold and Elixir
2015-08-17 11:30:06 : ~~~~~~~~~~~~~~ RESOURCE CONDITIONS ~~~~~~~~~~~~~~~
2015-08-17 11:30:06 : Aim: [G]: 999999 [E]: 999999 [D]:    0 [T]: 0 for: Live Base
2015-08-17 11:30:06 : ~~~~~~~~~~~~~~~ ADVANCED SETTINGS ~~~~~~~~~~~~~~~~
2015-08-17 11:30:06 : THSnipe Combo, 8 Tile(s), , Attack6:PB6
2015-08-17 11:30:06 : ==================================================
2015-08-17 11:30:09 :   1> [G]:  87832 [E]: 144574 [D]: 1886 [T]:29 [TH]:10, In
2015-08-17 11:30:13 :   2> [G]:  23103 [E]: 130414 [D]:  486 [T]:15 [TH]: 9, In
2015-08-17 11:30:18 :   3> [G]: 166659 [E]:   9866 [D]:  863 [T]:24 [TH]:10, In
2015-08-17 11:30:23 :   4> [G]:  11239 [E]:  17975 [D]: 1263 [T]:25 [TH]: 9, In
2015-08-17 11:30:27 :   5> [G]:   8310 [E]:  95124 [D]:  942 [T]:13 [TH]: 9, In
2015-08-17 11:30:34 :   6> [G]:  59473 [E]:  75646 [D]: 1589 [T]:23 [TH]:10, In
2015-08-17 11:30:38 :   7> [G]: 146782 [E]: 140219 [D]:  502 [T]:21 [TH]: 9, In
2015-08-17 11:30:43 :   8> [G]:  18734 [E]:  14282 [D]:  991 [T]:13 [TH]:10, In
2015-08-17 11:30:47 :   9> [G]: 170499 [E]:  70989 [D]: 2699 [T]:13 [TH]: 9, In
2015-08-17 11:30:51 :  10> [G]:  35541 [E]: 134460 [D]:  757 [T]:16 [TH]: 9, In
2015-08-17 11:30:55 :  11> [G]:  18469 [E]:   6797 [D]:  292 [T]:14 [TH]: 9, In
2015-08-17 11:31:00 :  12> [G]:   4535 [E]:   5539 [D]:  326 [T]:14 [TH]: 9, In
2015-08-17 11:31:06 :  13> [G]:  85752 [E]:  48091 [D]:  438 [T]:34 [TH]:10, In
2015-08-17 11:31:11 : Checking Trapped TH
2015-08-17 11:31:12 :  14> [G]: 317131 [E]: 496445 [D]: 3291 [T]:15 [TH]:10, Out
2015-08-17 11:31:12 : No major traps found near TH.
2015-08-17 11:31:12 : ~~~~~~~~~~~~~~~ TH Outside Found! ~~~~~~~~~~~~~~~~
2015-08-17 11:31:12 : ================ Search Complete =================
2015-08-17 11:31:12 : Initiating attack for: TH Snipe
2015-08-17 11:31:15 : -Barbarians 10
2015-08-17 11:31:15 : -Archers 115
2015-08-17 11:31:15 : -Goblins 95
2015-08-17 11:31:15 : -Clan Castle 
2015-08-17 11:31:15 : -King 
2015-08-17 11:31:15 : -Heal Spells 4
2015-08-17 11:31:15 : -Poison Spells 1
2015-08-17 11:31:15 :  ====== Start Attack ====== 
2015-08-17 11:31:17 : Free meal
2015-08-17 11:31:17 : Dropping first wave of 5 Archers
2015-08-17 11:31:19 : Deployment of Archers Successful!
2015-08-17 11:31:20 : Dropping second wave of 15 Archers
2015-08-17 11:31:23 : Deployment of Archers Successful!
2015-08-17 11:31:38 : Townhall has been destroyed!
2015-08-17 11:31:41 : Checking if the battle has finished
2015-08-17 11:31:43 : detected [G]:  [E]:  [DE]:  |  Exit now 
2015-08-17 11:31:43 : Battle has finished
2015-08-17 11:31:43 : Returning Home
2015-08-17 11:31:48 : Loot: [G]: 1 000 [E]: 1 000 [DE]:  [T]: 5
2015-08-17 11:31:48 : Bonus [G]: 100 000 [E]: 100 000 [DE]: 500
2015-08-17 11:31:51 : Your league level is: Master III
2015-08-17 11:31:51 : Stars earned: 1
2015-08-17 11:31:58 : Trying to locate Main Screen
2015-08-17 11:31:58 : Main Screen Located
2015-08-17 11:32:00 : Village Report
2015-08-17 11:32:00 : No. of Free/Total Builders: 0/4
2015-08-17 11:32:00 :  [T]: 2 708
2015-08-17 11:32:00 :  [G]: 3 165 449 [E]: 3 087 101 [D]: 26 007 [GEM]: 57
2015-08-17 11:32:01 : Collecting Resources
2015-08-17 11:32:14 : Chat Request: hogs
2015-08-17 11:32:14 : Hog Riders Keyword found: hog
2015-08-17 11:32:17 : No Hog Riders available to donate..
2015-08-17 11:32:19 : Chat Request: hogs
2015-08-17 11:32:19 : Hog Riders Keyword found: hog
2015-08-17 11:32:22 : No Hog Riders available to donate..
2015-08-17 11:32:24 : ClashGameBot was Paused!
2015-08-17 11:32:47 : ClashGameBot was Resumed.
2015-08-17 11:32:47 : Checking Army Camp...
2015-08-17 11:32:49 : Total Army Camp capacity: 220/220
2015-08-17 11:32:50 :  - No. of Barbarians: 18
2015-08-17 11:32:51 :  - No. of Archers: 107
2015-08-17 11:32:51 :  - No. of Goblins: 95
2015-08-17 11:32:51 : Barracks and Spell factory status: 
2015-08-17 11:32:51 : - Barracks detected: 4 | Available: 4 | Upgrading: 0
2015-08-17 11:32:51 : - Dark Barracks detected: 2 | Available: 2 | Upgrading: 0
2015-08-17 11:32:51 : - Spell factory detected: 1 | Available: 1 | Upgrading: 0
2015-08-17 11:32:51 : - Dark Spell factory detected: 1 | Available: 1 | Upgrading: 0
2015-08-17 11:32:51 : Training Troops...
2015-08-17 11:32:52 : Your Army Camps are now Full
2015-08-17 11:32:52 : Too many Barb, train last.
2015-08-17 11:32:52 : Too many Gobl, train last.
2015-08-17 11:33:23 : Spell Factory not found...
2015-08-17 11:33:25 : 0
2015-08-17 11:33:27 : Requesting Clan Castle Troops
2015-08-17 11:33:27 : Your Clan Castle is already full or you are not in a clan.
2015-08-17 11:33:29 : Going to Attack...
2015-08-17 11:33:35 : ============== Searching For Dead Base ===============
2015-08-17 11:33:35 : ~~~~~~~~~~~~~~~ SEARCH CONDITIONS ~~~~~~~~~~~~~~~~
2015-08-17 11:33:35 : Meet: Gold and Elixir
2015-08-17 11:33:35 : ~~~~~~~~~~~~~~ RESOURCE CONDITIONS ~~~~~~~~~~~~~~~
2015-08-17 11:33:35 : Aim: [G]: 999999 [E]: 999999 [D]:    0 [T]: 0 for: Dead Base
2015-08-17 11:33:35 : ============== Searching For Live Base ===============
2015-08-17 11:33:35 : ~~~~~~~~~~~~~~~ SEARCH CONDITIONS ~~~~~~~~~~~~~~~~
2015-08-17 11:33:35 : Meet: Gold and Elixir
2015-08-17 11:33:35 : ~~~~~~~~~~~~~~ RESOURCE CONDITIONS ~~~~~~~~~~~~~~~
2015-08-17 11:33:35 : Aim: [G]: 999999 [E]: 999999 [D]:    0 [T]: 0 for: Live Base
2015-08-17 11:33:35 : ~~~~~~~~~~~~~~~ ADVANCED SETTINGS ~~~~~~~~~~~~~~~~
2015-08-17 11:33:35 : THSnipe Combo, 8 Tile(s), , Attack6:PB6
2015-08-17 11:33:35 : ==================================================
2015-08-17 11:33:37 :   1> [G]:  48978 [E]:  37798 [D]:  723 [T]:14 [TH]:10, In
2015-08-17 11:33:42 :   2> [G]:  37974 [E]: 100673 [D]: 1223 [T]:29 [TH]:10, In
2015-08-17 11:33:48 :   3> [G]:  59558 [E]: 207689 [D]:  396 [T]:12 [TH]: 9, In
2015-08-17 11:33:52 :   4> [G]: 134812 [E]: 121601 [D]: 1112 [T]:13 [TH]:10, In
2015-08-17 11:33:57 :   5> [G]:  57843 [E]:  86722 [D]:  639 [T]:13 [TH]: 9, In
2015-08-17 11:34:01 :   6> [G]: 119913 [E]:  97287 [D]:  661 [T]:17 [TH]:10, In
2015-08-17 11:34:07 :   7> [G]:  61893 [E]: 111650 [D]: 1399 [T]:32 [TH]:10, In
2015-08-17 11:34:14 :   8> [G]: 140666 [E]: 133771 [D]: 1680 [T]:24 [TH]:10, In
2015-08-17 11:34:20 :   9> [G]:  92304 [E]: 121229 [D]: 2295 [T]:15 [TH]: 9, In
2015-08-17 11:34:24 :  10> [G]:  50662 [E]:  57052 [D]:  870 [T]:10 [TH]: 9, In
2015-08-17 11:34:30 :  11> [G]: 128625 [E]: 129466 [D]: 1157 [T]:17 [TH]:10, In
2015-08-17 11:34:34 :  12> [G]:  35859 [E]:  48817 [D]:  635 [T]:19 [TH]: 9, In
2015-08-17 11:34:38 :  13> [G]: 102152 [E]:  25851 [D]:  745 [T]:15 [TH]: 9, In
2015-08-17 11:34:42 :  14> [G]:  32654 [E]:  55662 [D]:  777 [T]:21 [TH]: 9, In
2015-08-17 11:34:49 :  15> [G]:  45993 [E]: 205811 [D]:  940 [T]:26 [TH]:10, In
2015-08-17 11:34:53 :  16> [G]:  47063 [E]: 216670 [D]:  828 [T]:34 [TH]:10, In
2015-08-17 11:34:59 :  17> [G]:  41563 [E]:  89906 [D]:  278 [T]:18 [TH]: 9, In
2015-08-17 11:35:06 :  18> [G]: 200553 [E]: 246167 [D]: 1765 [T]:30 [TH]:10, In
2015-08-17 11:35:12 :  19> [G]: 133316 [E]:   8844 [D]:  129 [T]:28 [TH]:10, In
2015-08-17 11:35:16 :  20> [G]:  56063 [E]:  53188 [D]: 1600 [T]:32 [TH]: 9, In
2015-08-17 11:35:20 :  21> [G]: 153602 [E]:  60589 [D]:  800 [T]:18 [TH]:10, In
2015-08-17 11:35:25 :  22> [G]: 152951 [E]: 110920 [D]: 1052 [T]:15 [TH]: 9, In
2015-08-17 11:35:32 :  23> [G]: 125704 [E]:  35160 [D]:  272 [T]:19 [TH]:10, In
2015-08-17 11:35:35 :  24> [G]:  35259 [E]: 202890 [D]: 1485 [T]:24 [TH]: 9, In
2015-08-17 11:35:40 :  25> [G]: 199823 [E]:  13780 [D]:  295 [T]:30 [TH]: 9, In
2015-08-17 11:35:47 :  26> [G]:  48675 [E]:  91496 [D]: 1561 [T]:25 [TH]: 9, In
2015-08-17 11:35:51 :  27> [G]:  53481 [E]:  49325 [D]:  246 [T]:38 [TH]: 9, In
2015-08-17 11:35:57 :  28> [G]: 185732 [E]: 270965 [D]:  711 [T]:13 [TH]:10, In
2015-08-17 11:36:03 :  29> [G]: 158878 [E]: 101995 [D]: 2284 [T]:33 [TH]:10, In
2015-08-17 11:36:07 :  30> [G]: 202432 [E]: 195892 [D]: 1371 [T]:17 [TH]: 9, In
2015-08-17 11:36:13 :  31> [G]:  51896 [E]: 134142 [D]:  906 [T]:16 [TH]:10, In
2015-08-17 11:36:17 :  32> [G]: 117614 [E]:  57524 [D]: 1382 [T]:27 [TH]: 9, In
2015-08-17 11:36:21 :  33> [G]: 114534 [E]:  38486 [D]:  983 [T]:10 [TH]: 9, In
2015-08-17 11:36:28 :  34> [G]: 119759 [E]:  36318 [D]:  289 [T]:24 [TH]:10, In
2015-08-17 11:36:32 :  35> [G]:  60542 [E]:  84517 [D]: 1435 [T]:21 [TH]: 9, In
2015-08-17 11:36:38 :  36> [G]:  56673 [E]:  20836 [D]:  224 [T]:18 [TH]:10, In
2015-08-17 11:36:42 :  37> [G]: 149846 [E]:  23949 [D]:  204 [T]:23 [TH]:10, In
2015-08-17 11:36:46 :  38> [G]:  90948 [E]:  96449 [D]:  634 [T]:30 [TH]:10, In
2015-08-17 11:36:51 :  39> [G]:  26893 [E]:  57506 [D]:  689 [T]:30 [TH]:10, In
2015-08-17 11:36:55 :  40> [G]:  53789 [E]:  25419 [D]: 1225 [T]:10 [TH]: 9, In
2015-08-17 11:36:59 :  41> [G]:  64824 [E]: 134949 [D]: 1882 [T]:34 [TH]:10, In
2015-08-17 11:37:03 :  42> [G]:  49357 [E]:  34048 [D]: 1339 [T]:25 [TH]:10, In
2015-08-17 11:37:07 :  43> [G]:  48863 [E]:   9079 [D]:  634 [T]:26 [TH]: 9, In
2015-08-17 11:37:11 :  44> [G]:  38913 [E]:  46658 [D]:  186 [T]: 9 [TH]: 9, In
2015-08-17 11:37:18 :  45> [G]:  16255 [E]: 125260 [D]: 1015 [T]:27 [TH]:10, In
2015-08-17 11:37:22 :  46> [G]:  35202 [E]:  52923 [D]: 1665 [T]:30 [TH]:10, In
2015-08-17 11:37:29 :  47> [G]: 123341 [E]:  20148 [D]:  854 [T]:21 [TH]:10, In
2015-08-17 11:37:34 :  48> [G]: 106677 [E]: 300851 [D]: 3146 [T]:31 [TH]:10, In
2015-08-17 11:37:38 :  49> [G]:  20392 [E]:  16292 [D]:  123 [T]: 7 [TH]: 9, In
2015-08-17 11:37:43 :  50> [G]:  23216 [E]:  51222 [D]:  327 [T]:25 [TH]: 9, In
2015-08-17 11:37:47 :  51> [G]:  41570 [E]: 112198 [D]:  976 [T]:12 [TH]: 9, In
2015-08-17 11:37:51 :  52> [G]:  90880 [E]:  35430 [D]: 1546 [T]:27 [TH]: 9, In
2015-08-17 11:37:54 :  53> [G]:  33029 [E]:  44976 [D]: 1427 [T]:33 [TH]: 9, In
2015-08-17 11:38:00 :  54> [G]:  58921 [E]: 103415 [D]: 1162 [T]: 8 [TH]: 9, In
2015-08-17 11:38:07 :  55> [G]: 122389 [E]:  15892 [D]: 2148 [T]:18 [TH]:10, In
2015-08-17 11:38:13 :  56> [G]: 190430 [E]: 122958 [D]:  603 [T]:10 [TH]: 9, In
2015-08-17 11:38:17 :  57> [G]: 238738 [E]: 144205 [D]: 3390 [T]:31 [TH]:10, In
2015-08-17 11:38:22 :  58> [G]: 248294 [E]:  96150 [D]: 2121 [T]:12 [TH]: 9, In
2015-08-17 11:38:27 :  59> [G]:  41944 [E]: 112242 [D]:  850 [T]:31 [TH]:10, In
2015-08-17 11:38:31 :  60> [G]:  27911 [E]:  42537 [D]:  883 [T]: 9 [TH]: 9, In
2015-08-17 11:38:35 :  61> [G]: 156408 [E]:  71219 [D]: 2096 [T]:27 [TH]: 9, In
2015-08-17 11:38:40 :  62> [G]:  26463 [E]:  71332 [D]: 1370 [T]:32 [TH]: 9, In
2015-08-17 11:38:43 :  63> [G]:  67095 [E]:  90605 [D]:  734 [T]:16 [TH]: 9, In
2015-08-17 11:38:48 :  64> [G]:  70731 [E]:  10463 [D]:  237 [T]:21 [TH]: 9, In
2015-08-17 11:38:53 :  65> [G]:  39585 [E]: 144002 [D]:  879 [T]: 2 [TH]: -, -
2015-08-17 11:38:57 :  66> [G]:  78724 [E]:  59201 [D]: 2807 [T]:19 [TH]:10, In
2015-08-17 11:39:01 :  67> [G]: 168943 [E]:   9081 [D]:  478 [T]:19 [TH]: 9, In
2015-08-17 11:39:06 :  68> [G]: 128568 [E]: 163821 [D]:  984 [T]:29 [TH]:10, In
2015-08-17 11:39:09 :  69> [G]:  83597 [E]:   2997 [D]:   18 [T]: 8 [TH]: 9, In
2015-08-17 11:39:14 :  70> [G]:  31049 [E]:  10519 [D]:  666 [T]:20 [TH]: 9, In
2015-08-17 11:39:21 :  71> [G]:  56442 [E]:  80675 [D]:  342 [T]:27 [TH]: -, -
2015-08-17 11:39:25 :  72> [G]:  47765 [E]:  21303 [D]:  692 [T]:13 [TH]: 9, In
2015-08-17 11:39:29 :  73> [G]: 138744 [E]: 181463 [D]:  774 [T]:33 [TH]:10, In
2015-08-17 11:39:32 :  74> [G]:  51926 [E]:  21874 [D]:  614 [T]: 2 [TH]: 8, In
2015-08-17 11:39:36 :  75> [G]:  68286 [E]:  30619 [D]:  352 [T]: 1 [TH]: 8, In
2015-08-17 11:39:40 :  76> [G]:  59204 [E]: 105742 [D]:  890 [T]:26 [TH]: 9, In
2015-08-17 11:39:43 :  77> [G]:  80660 [E]:  31198 [D]:  120 [T]: 6 [TH]: 8, In
2015-08-17 11:39:47 :  78> [G]:  22991 [E]: 143403 [D]:  150 [T]:13 [TH]:10, In
2015-08-17 11:39:51 :  79> [G]:   3871 [E]:  57918 [D]:  557 [T]: 2 [TH]: 8, In
2015-08-17 11:39:54 :  80> [G]:  49665 [E]:  41512 [D]:  409 [T]:11 [TH]: 9, In
2015-08-17 11:39:58 :  81> [G]:  27418 [E]:  62454 [D]:  120 [T]: 2 [TH]: 8, In
2015-08-17 11:40:02 :  82> [G]:  65346 [E]:  80179 [D]:  575 [T]: 9 [TH]: 9, In
2015-08-17 11:40:06 :  83> [G]: 126327 [E]: 119256 [D]: 2214 [T]:24 [TH]:10, In
2015-08-17 11:40:10 :  84> [G]:  98241 [E]:  94883 [D]:  737 [T]: 2 [TH]: 8, In
2015-08-17 11:40:14 :  85> [G]:  79887 [E]: 160417 [D]: 1139 [T]:16 [TH]: 9, In
2015-08-17 11:40:18 :  86> [G]:   7878 [E]:  65075 [D]:  303 [T]:28 [TH]: 9, In
2015-08-17 11:40:22 :  87> [G]:   1496 [E]:  10350 [D]:  305 [T]:16 [TH]: 9, In
2015-08-17 11:40:26 :  88> [G]:  64735 [E]:  66458 [D]: 1261 [T]:16 [TH]: 9, In
2015-08-17 11:40:30 :  89> [G]:  76661 [E]:  52910 [D]:  698 [T]: 1 [TH]: 8, In
2015-08-17 11:40:34 :  90> [G]: 125057 [E]: 132068 [D]:  687 [T]: 7 [TH]: 9, In
2015-08-17 11:40:39 :  91> [G]:  84511 [E]:  58191 [D]: 1298 [T]:37 [TH]: 9, In
2015-08-17 11:40:42 :  92> [G]:  16062 [E]: 272769 [D]: 1211 [T]:34 [TH]: 8, In
2015-08-17 11:40:46 :  93> [G]: 118054 [E]:  54202 [D]:  139 [T]: 2 [TH]: 8, In
2015-08-17 11:40:49 :  94> [G]:  87574 [E]:  97675 [D]:   55 [T]: 2 [TH]: 8, In
2015-08-17 11:40:53 :  95> [G]: 117597 [E]:  24068 [D]:  756 [T]:18 [TH]: 9, In
2015-08-17 11:40:57 :  96> [G]: 126950 [E]:  58179 [D]:  927 [T]:30 [TH]:10, In
2015-08-17 11:41:02 :  97> [G]:  66543 [E]: 104259 [D]:  847 [T]:12 [TH]: 9, In
2015-08-17 11:41:05 :  98> [G]:  63560 [E]:  86618 [D]:    4 [T]: 2 [TH]: 8, In
2015-08-17 11:41:09 :  99> [G]: 106052 [E]: 126766 [D]:  401 [T]:10 [TH]: 9, In
2015-08-17 11:41:13 : 100> [G]:  79235 [E]:  40478 [D]:  475 [T]:30 [TH]: 9, In
2015-08-17 11:41:18 : 101> [G]:  51336 [E]: 124572 [D]: 1827 [T]:24 [TH]: 9, In
2015-08-17 11:41:22 : Checking Trapped TH
2015-08-17 11:41:23 : ClashGameBot was Paused!
2015-08-17 11:41:24 : ClashGameBot was Resumed.
2015-08-17 11:41:24 : Zooming Out
2015-08-17 11:41:26 : Zooming Out
2015-08-17 11:41:28 : 102> [G]:  25799 [E]: 161224 [D]: 1073 [T]:19 [TH]: 9, Out
2015-08-17 11:41:28 : DLL Error
2015-08-17 11:41:28 : ~~~~~~~~~~~~~~~ TH Outside Found! ~~~~~~~~~~~~~~~~
2015-08-17 11:41:28 : ================ Search Complete =================
2015-08-17 11:41:28 : Initiating attack for: TH Snipe
2015-08-17 11:41:31 : ClashGameBot was Paused!
