2015-08-17 15:38:13 :  Clash Game Bot v4.1.1-6 merge Powered by GameBot.org 
2015-08-17 15:38:13 : GameBot.org.exe Executable running on WIN_7 Service Pack 1 X64
2015-08-17 15:38:13 : =================== Bot Start ====================
2015-08-17 15:38:13 : -------------------------  Current Profile: 01 --------------------------
2015-08-17 15:38:14 : Trying to locate Main Screen
2015-08-17 15:38:15 : Waiting for Main Screen
2015-08-17 15:38:17 : Main Screen Located
2015-08-17 15:38:18 : Detecting your Buildings..
2015-08-17 15:38:25 : Language setting is English: Correct.
2015-08-17 15:38:26 : Trying to locate Main Screen
2015-08-17 15:38:26 : Main Screen Located
2015-08-17 15:38:27 : Village Report
2015-08-17 15:38:27 : No. of Free/Total Builders: 0/4
2015-08-17 15:38:27 :  [T]: 2 676
2015-08-17 15:38:28 :  [G]: 2 568 102 [E]: 3 064 409 [D]: 29 089 [GEM]: 57
2015-08-17 15:38:28 : Collecting Resources
2015-08-17 15:38:39 : Chat Request: drag
2015-08-17 15:38:39 : Dragons Keyword found: drag
2015-08-17 15:38:42 : No Dragons available to donate..
2015-08-17 15:38:44 : Checking Army Camp...
2015-08-17 15:38:46 : Total Army Camp capacity: 192/220
2015-08-17 15:38:47 :  - No. of Barbarians: 8
2015-08-17 15:38:47 :  - No. of Archers: 102
2015-08-17 15:38:47 :  - No. of Goblins: 8
2015-08-17 15:38:47 :  - No. of Giants: 14
2015-08-17 15:38:48 :  - No. of Wizards: 1
2015-08-17 15:38:48 : Barracks and Spell factory status: 
2015-08-17 15:38:48 : - Barracks detected: 4 | Available: 4 | Upgrading: 0
2015-08-17 15:38:48 : - Dark Barracks detected: 2 | Available: 2 | Upgrading: 0
2015-08-17 15:38:48 : - Spell factory detected: 1 | Available: 1 | Upgrading: 0
2015-08-17 15:38:48 : - Dark Spell factory detected: 1 | Available: 1 | Upgrading: 0
2015-08-17 15:38:48 : Training Troops...
2015-08-17 15:39:04 : Spell Factory Full
2015-08-17 15:39:04 : Created 1 Spell(s)
2015-08-17 15:39:06 : 0
2015-08-17 15:39:08 : Requesting Clan Castle Troops
2015-08-17 15:39:08 : Your Clan Castle is already full or you are not in a clan.
2015-08-17 15:39:10 : ====== Waiting for full army ======
2015-08-17 15:39:16 : Chat Request: drag
2015-08-17 15:39:16 : Dragons Keyword found: drag
2015-08-17 15:39:19 : No Dragons available to donate..
2015-08-17 15:39:27 : Checking Army Camp...
2015-08-17 15:39:29 : Total Army Camp capacity: 197/220
2015-08-17 15:39:30 :  - No. of Barbarians: 8
2015-08-17 15:39:31 :  - No. of Archers: 102
2015-08-17 15:39:31 :  - No. of Goblins: 8
2015-08-17 15:39:31 :  - No. of Giants: 15
2015-08-17 15:39:31 :  - No. of Wizards: 1
2015-08-17 15:39:32 : Training Troops...
2015-08-17 15:39:44 : Spell Factory Full
2015-08-17 15:39:45 : Time Idle: 00:00:35
2015-08-17 15:39:46 : ====== Waiting for full army ======
2015-08-17 15:39:57 : Checking Army Camp...
2015-08-17 15:39:59 : Total Army Camp capacity: 197/220
2015-08-17 15:40:00 :  - No. of Barbarians: 8
2015-08-17 15:40:01 :  - No. of Archers: 102
2015-08-17 15:40:01 :  - No. of Goblins: 8
2015-08-17 15:40:01 :  - No. of Giants: 15
2015-08-17 15:40:01 :  - No. of Wizards: 1
2015-08-17 15:40:02 : Training Troops...
2015-08-17 15:40:13 : Spell Factory Full
2015-08-17 15:40:15 : Time Idle: 00:01:05
2015-08-17 15:40:16 : ====== Waiting for full army ======
2015-08-17 15:40:27 : Checking Army Camp...
2015-08-17 15:40:29 : Total Army Camp capacity: 197/220
2015-08-17 15:40:30 :  - No. of Barbarians: 8
2015-08-17 15:40:31 :  - No. of Archers: 102
2015-08-17 15:40:31 :  - No. of Goblins: 8
2015-08-17 15:40:31 :  - No. of Giants: 15
2015-08-17 15:40:31 :  - No. of Wizards: 1
2015-08-17 15:40:32 : Training Troops...
2015-08-17 15:40:43 : Spell Factory Full
2015-08-17 15:40:45 : Time Idle: 00:01:35
2015-08-17 15:40:46 : ====== Waiting for full army ======
2015-08-17 15:40:58 : Checking Army Camp...
2015-08-17 15:40:59 : Total Army Camp capacity: 212/220
2015-08-17 15:41:01 :  - No. of Barbarians: 8
2015-08-17 15:41:01 :  - No. of Archers: 102
2015-08-17 15:41:01 :  - No. of Goblins: 8
2015-08-17 15:41:01 :  - No. of Giants: 18
2015-08-17 15:41:01 :  - No. of Wizards: 1
2015-08-17 15:41:02 : Training Troops...
2015-08-17 15:41:13 : Spell Factory Full
2015-08-17 15:41:15 : Time Idle: 00:02:04
2015-08-17 15:41:15 : ====== Waiting for full army ======
2015-08-17 15:41:27 : Collecting Resources
2015-08-17 15:41:33 : Checking Army Camp...
2015-08-17 15:41:35 : Total Army Camp capacity: 217/220
2015-08-17 15:41:36 :  - No. of Barbarians: 8
2015-08-17 15:41:36 :  - No. of Archers: 102
2015-08-17 15:41:37 :  - No. of Goblins: 8
2015-08-17 15:41:37 :  - No. of Giants: 19
2015-08-17 15:41:37 :  - No. of Wizards: 1
2015-08-17 15:41:38 : Training Troops...
2015-08-17 15:41:49 : Spell Factory Full
2015-08-17 15:41:51 : Time Idle: 00:02:40
2015-08-17 15:41:51 : ====== Waiting for full army ======
2015-08-17 15:42:03 : Checking Army Camp...
2015-08-17 15:42:05 : Total Army Camp capacity: 217/220
2015-08-17 15:42:06 :  - No. of Barbarians: 8
2015-08-17 15:42:06 :  - No. of Archers: 102
2015-08-17 15:42:06 :  - No. of Goblins: 8
2015-08-17 15:42:06 :  - No. of Giants: 19
2015-08-17 15:42:07 :  - No. of Wizards: 1
2015-08-17 15:42:07 : Training Troops...
2015-08-17 15:42:19 : Spell Factory Full
2015-08-17 15:42:21 : Time Idle: 00:03:09
2015-08-17 15:42:21 : ====== Waiting for full army ======
2015-08-17 15:42:33 : Checking Army Camp...
2015-08-17 15:42:35 : Total Army Camp capacity: 217/220
2015-08-17 15:42:36 :  - No. of Barbarians: 8
2015-08-17 15:42:36 :  - No. of Archers: 102
2015-08-17 15:42:36 :  - No. of Goblins: 8
2015-08-17 15:42:36 :  - No. of Giants: 19
2015-08-17 15:42:36 :  - No. of Wizards: 1
2015-08-17 15:42:37 : Training Troops...
2015-08-17 15:42:49 : Spell Factory Full
2015-08-17 15:42:51 : Time Idle: 00:03:39
2015-08-17 15:42:51 : ====== Waiting for full army ======
2015-08-17 15:43:03 : Checking Army Camp...
2015-08-17 15:43:05 : Total Army Camp capacity: 217/220
2015-08-17 15:43:06 :  - No. of Barbarians: 8
2015-08-17 15:43:06 :  - No. of Archers: 102
2015-08-17 15:43:06 :  - No. of Goblins: 8
2015-08-17 15:43:06 :  - No. of Giants: 19
2015-08-17 15:43:06 :  - No. of Wizards: 1
2015-08-17 15:43:07 : Training Troops...
2015-08-17 15:43:25 : Spell Factory Full
2015-08-17 15:43:27 : Time Idle: 00:04:14
2015-08-17 15:43:27 : ====== Waiting for full army ======
2015-08-17 15:43:38 : Checking Army Camp...
2015-08-17 15:43:40 : Total Army Camp capacity: 219/220
2015-08-17 15:43:42 :  - No. of Barbarians: 8
2015-08-17 15:43:42 :  - No. of Archers: 104
2015-08-17 15:43:42 :  - No. of Goblins: 8
2015-08-17 15:43:42 :  - No. of Giants: 19
2015-08-17 15:43:42 :  - No. of Wizards: 1
2015-08-17 15:43:43 : Training Troops...
2015-08-17 15:43:44 : Your Army Camps are now Full
2015-08-17 15:43:44 : Too many Arch, train last.
2015-08-17 15:43:44 : Too many Barb, train last.
2015-08-17 15:43:44 : Too many Gobl, train last.
2015-08-17 15:44:09 : Spell Factory not found...
2015-08-17 15:44:11 : Going to Attack...
2015-08-17 15:44:18 :  73> [G]:  29569 [E]:  16896 [D]: 1694 [T]:21 [TH]: 9, In
2015-08-17 15:44:18 : Initiating attack for: Live Base
2015-08-17 15:44:21 : -Barbarians 8
2015-08-17 15:44:21 : -Archers 105
2015-08-17 15:44:21 : -Goblins 8
2015-08-17 15:44:21 : -Giants 19
2015-08-17 15:44:21 : -Wizards 1
2015-08-17 15:44:21 : -Clan Castle 
2015-08-17 15:44:21 : -King 
2015-08-17 15:44:21 : -Heal Spells 2
2015-08-17 15:44:21 : Live Base Normal Mode Enabled
2015-08-17 15:44:22 : ============== Searching For Dead Base ===============
2015-08-17 15:44:22 : ~~~~~~~~~~~~~~~ SEARCH CONDITIONS ~~~~~~~~~~~~~~~~
2015-08-17 15:44:22 : Meet: Gold or Elixir, Max TH 8
2015-08-17 15:44:22 : ~~~~~~~~~~~~~~ RESOURCE CONDITIONS ~~~~~~~~~~~~~~~
2015-08-17 15:44:22 : Aim: [G]:      0 [E]:      0 [D]:    0 [T]: 0 [TH]: 8 for: Dead Base
2015-08-17 15:44:22 : ============== Searching For Live Base ===============
2015-08-17 15:44:22 : ~~~~~~~~~~~~~~~ SEARCH CONDITIONS ~~~~~~~~~~~~~~~~
2015-08-17 15:44:22 : Meet: Gold or Elixir, Max TH 8
2015-08-17 15:44:22 : ~~~~~~~~~~~~~~ RESOURCE CONDITIONS ~~~~~~~~~~~~~~~
2015-08-17 15:44:22 : Aim: [G]:      0 [E]:      0 [D]:    0 [T]: 0 [TH]: 8 for: Live Base
2015-08-17 15:44:22 : ~~~~~~~~~~~~~~~ ADVANCED SETTINGS ~~~~~~~~~~~~~~~~
2015-08-17 15:44:22 : THSnipe Combo, 5 Tile(s), , Attack6:PB6
2015-08-17 15:44:22 : ==================================================
2015-08-17 15:44:25 :   1> [G]:  29569 [E]:  16896 [D]: 1694 [T]:21 [TH]: 9, In
2015-08-17 15:44:29 :   2> [G]: 175119 [E]:  17956 [D]: 1073 [T]:26 [TH]:10, In
2015-08-17 15:44:33 :   3> [G]: 100910 [E]:  86393 [D]:  627 [T]:31 [TH]: 9, In
2015-08-17 15:44:38 :   4> [G]: 109695 [E]: 113142 [D]:  528 [T]:17 [TH]:10, In
2015-08-17 15:44:42 :   5> [G]: 248159 [E]: 277884 [D]: 1047 [T]:21 [TH]:10, In
2015-08-17 15:44:46 :   6> [G]:  56769 [E]: 130351 [D]: 1754 [T]:19 [TH]: 9, In
2015-08-17 15:44:50 :   7> [G]:  73049 [E]:  69788 [D]:  255 [T]:27 [TH]: 9, In
2015-08-17 15:44:54 :   8> [G]:  49487 [E]:  39214 [D]:  368 [T]:21 [TH]: 9, In
2015-08-17 15:44:59 :   9> [G]: 116479 [E]:  99122 [D]:  887 [T]:12 [TH]: 9, In
2015-08-17 15:45:05 :  10> [G]:   4676 [E]:  16025 [D]:  373 [T]:17 [TH]:10, In
2015-08-17 15:45:11 :  11> [G]:  43211 [E]:  71778 [D]: 1109 [T]:13 [TH]: 9, In
2015-08-17 15:45:18 :  12> [G]:  85184 [E]: 105167 [D]: 1350 [T]:20 [TH]:10, In
2015-08-17 15:45:24 :  13> [G]: 272135 [E]: 426504 [D]: 3103 [T]:17 [TH]:10, In
2015-08-17 15:45:28 :  14> [G]:  14794 [E]:  59613 [D]: 1697 [T]:28 [TH]: 9, In
2015-08-17 15:45:32 :  15> [G]:  24371 [E]: 155959 [D]: 1226 [T]:16 [TH]:10, In
2015-08-17 15:45:37 :  16> [G]:  57828 [E]:  55397 [D]:  467 [T]:25 [TH]: 9, In
2015-08-17 15:45:43 :  17> [G]:  33728 [E]:  90479 [D]:  457 [T]:19 [TH]:10, In
2015-08-17 15:45:47 :  18> [G]:  12590 [E]: 120233 [D]:  552 [T]:14 [TH]: 9, In
2015-08-17 15:45:52 :  19> [G]:  36959 [E]:  99967 [D]:  592 [T]:15 [TH]: -, -
2015-08-17 15:45:56 :  20> [G]: 148258 [E]: 100052 [D]: 1580 [T]:16 [TH]: 9, In
2015-08-17 15:46:00 :  21> [G]:   8007 [E]: 160587 [D]: 1660 [T]:19 [TH]: 9, In
2015-08-17 15:46:04 :  22> [G]: 193678 [E]: 207961 [D]: 2488 [T]:17 [TH]: 9, In
2015-08-17 15:46:10 :  23> [G]: 241261 [E]: 149890 [D]: 1345 [T]:31 [TH]:10, In
2015-08-17 15:46:18 :  24> [G]:  86689 [E]:  68148 [D]:  223 [T]:15 [TH]:10, In
2015-08-17 15:46:22 :  25> [G]: 100389 [E]:  73043 [D]: 1382 [T]:27 [TH]: 9, In
2015-08-17 15:46:26 :  26> [G]:  21681 [E]:  85922 [D]: 1075 [T]:19 [TH]: 9, In
2015-08-17 15:46:33 :  27> [G]:  33053 [E]:  86173 [D]: 2108 [T]:29 [TH]:10, In
2015-08-17 15:46:38 :  28> [G]: 183067 [E]:  36801 [D]:  793 [T]:22 [TH]: 9, In
2015-08-17 15:46:42 :  29> [G]:  49886 [E]:   4436 [D]:    1 [T]:25 [TH]: 9, In
2015-08-17 15:46:46 :  30> [G]:  64664 [E]: 111022 [D]:  710 [T]:14 [TH]: 9, In
2015-08-17 15:46:52 :  31> [G]:  61953 [E]:  76695 [D]:   31 [T]:16 [TH]:10, In
2015-08-17 15:46:57 :  32> [G]:  10765 [E]: 128066 [D]:  436 [T]:17 [TH]: 9, In
2015-08-17 15:47:04 :  33> [G]:  41247 [E]: 185788 [D]:  791 [T]:18 [TH]:10, In
2015-08-17 15:47:08 :  34> [G]:  46102 [E]: 102811 [D]:  566 [T]:13 [TH]: 9, In
2015-08-17 15:47:13 :  35> [G]: 103610 [E]:  19581 [D]:   72 [T]:31 [TH]:10, In
2015-08-17 15:47:17 :  36> [G]:  73631 [E]:  82239 [D]: 1677 [T]:20 [TH]: 9, In
2015-08-17 15:47:22 :  37> [G]: 268225 [E]: 104083 [D]: 3028 [T]:23 [TH]:10, In
2015-08-17 15:47:29 :  38> [G]: 111361 [E]:  50986 [D]: 2470 [T]:21 [TH]:10, In
2015-08-17 15:47:33 :  39> [G]:  70614 [E]: 152916 [D]:  516 [T]:16 [TH]:10, In
2015-08-17 15:47:39 :  40> [G]:  73514 [E]: 106658 [D]:  198 [T]:14 [TH]: 9, In
2015-08-17 15:47:43 :  41> [G]:  12171 [E]:  89376 [D]: 1512 [T]:19 [TH]: 9, In
2015-08-17 15:47:48 :  42> [G]:  26874 [E]: 115341 [D]:  724 [T]:21 [TH]: 9, In
2015-08-17 15:47:52 :  43> [G]: 119004 [E]:  27640 [D]:  561 [T]:23 [TH]: 9, In
2015-08-17 15:47:58 :  44> [G]:  77314 [E]: 124663 [D]:  824 [T]:12 [TH]: 9, In
2015-08-17 15:48:02 :  45> [G]:  80239 [E]: 121579 [D]:  621 [T]:15 [TH]: 9, In
2015-08-17 15:48:07 :  46> [G]: 147458 [E]: 208150 [D]:  641 [T]:15 [TH]:10, In
2015-08-17 15:48:14 :  47> [G]: 167254 [E]: 115023 [D]: 1623 [T]:28 [TH]:10, In
2015-08-17 15:48:18 :  48> [G]:  97561 [E]:  82624 [D]: 1019 [T]:10 [TH]: 9, In
2015-08-17 15:48:25 :  49> [G]:  16366 [E]:  66007 [D]: 1060 [T]:16 [TH]: -, -
2015-08-17 15:48:29 :  50> [G]:  30229 [E]:  28830 [D]:  977 [T]:15 [TH]: 9, In
2015-08-17 15:48:33 :  51> [G]:  74855 [E]:  94011 [D]:  792 [T]:17 [TH]: 9, In
2015-08-17 15:48:39 :  52> [G]:  52725 [E]:   5378 [D]:   22 [T]:19 [TH]: 9, In
2015-08-17 15:48:44 :  53> [G]:  25809 [E]:  94985 [D]:  791 [T]:16 [TH]: 9, In
2015-08-17 15:48:49 :  54> [G]:  15204 [E]:  19130 [D]:  804 [T]:15 [TH]: 9, In
2015-08-17 15:48:54 :  55> [G]:  60253 [E]:  25624 [D]:  671 [T]:22 [TH]: 9, In
2015-08-17 15:49:00 :  56> [G]:  76338 [E]:  47642 [D]:  577 [T]: 8 [TH]: 9, In
2015-08-17 15:49:06 :  57> [G]: 124160 [E]: 210501 [D]:  402 [T]:20 [TH]: 9, In
2015-08-17 15:49:13 :  58> [G]:  80262 [E]:   2520 [D]:  869 [T]:24 [TH]:10, In
2015-08-17 15:49:17 :  59> [G]:   8174 [E]:  90935 [D]:  546 [T]:13 [TH]: 9, In
2015-08-17 15:49:22 :  60> [G]:  65469 [E]:  43283 [D]:  384 [T]:39 [TH]: 9, In
2015-08-17 15:49:26 :  61> [G]:  98943 [E]: 157731 [D]:  867 [T]:15 [TH]: 9, In
2015-08-17 15:49:30 :  62> [G]: 116220 [E]:  91135 [D]:  660 [T]:21 [TH]: 9, In
2015-08-17 15:49:37 :  63> [G]: 164107 [E]: 195670 [D]: 1297 [T]:26 [TH]:10, In
2015-08-17 15:49:41 :  64> [G]:  60340 [E]:  70271 [D]: 1322 [T]:15 [TH]: 9, In
2015-08-17 15:49:49 :  65> [G]:  44549 [E]:  52874 [D]:  270 [T]:16 [TH]: 9, In
2015-08-17 15:49:53 :  66> [G]:  36088 [E]: 150857 [D]:  915 [T]:12 [TH]: 9, In
2015-08-17 15:49:59 :  67> [G]: 129119 [E]:   5042 [D]:  119 [T]:15 [TH]: 9, In
2015-08-17 15:50:03 :  68> [G]: 233534 [E]: 114530 [D]: 1296 [T]: 4 [TH]: 8, In
2015-08-17 15:50:03 : ~~~~~~~~~~~~~~~~ Live Base Found! ~~~~~~~~~~~~~~~~
2015-08-17 15:50:05 : == DE lixir Storage : [429,290] ==
2015-08-17 15:50:06 : DE Storage Located in Core, Skipping
2015-08-17 15:50:06 : ================ Search Complete =================
2015-08-17 15:50:06 : Initiating attack for: Live Base
2015-08-17 15:50:09 : -Barbarians 8
2015-08-17 15:50:09 : -Archers 105
2015-08-17 15:50:09 : -Goblins 8
2015-08-17 15:50:09 : -Giants 19
2015-08-17 15:50:09 : -Wizards 1
2015-08-17 15:50:09 : -Clan Castle 
2015-08-17 15:50:09 : -King 
2015-08-17 15:50:09 : -Heal Spells 2
2015-08-17 15:50:09 :  ====== Start Attack ====== 
2015-08-17 15:50:11 : Attacking on Dark Elixir Side.
2015-08-17 15:50:13 : ClashGameBot was Paused!
2015-08-17 15:52:39 : ClashGameBot was Resumed.
2015-08-17 15:52:39 : == DE lixir Storage : [429,290] ==
2015-08-17 15:52:40 : DE Storage Located Top Left... Attacking Top Left
2015-08-17 15:52:41 : Dropping only wave of 19 Giants
2015-08-17 15:52:43 : Dropping first wave of 4 Barbarians
2015-08-17 15:52:44 : Dropping first wave of 53 Archers
2015-08-17 15:52:50 : Dropping second wave of 4 Barbarians
2015-08-17 15:52:52 : Dropping first wave of 4 Goblins
