2015-08-02 00:41:22 : ~~~ Clash Game Bot v4.1 Powered by GameBot.org ~~~
2015-08-02 00:41:22 : GameBot.org.exe Executable running on WIN_7  X64
2015-08-02 00:41:22 : =================== Bot Start ====================
2015-08-02 00:41:22 : -------------------------  Current Profile: 01 --------------------------
2015-08-02 00:41:22 : Trying to locate Main Screen
2015-08-02 00:41:22 : Main Screen Located
2015-08-02 00:41:23 : Detecting your Buildings..
2015-08-02 00:41:27 : Language setting is English: Correct.
2015-08-02 00:41:28 : Trying to locate Main Screen
2015-08-02 00:41:28 : Main Screen Located
2015-08-02 00:41:28 : Gold Storages are full!
2015-08-02 00:41:28 : Halt Attack, Stay Online/Train/Collect/Donate...
2015-08-02 00:41:30 : Collecting Resources
2015-08-02 00:41:36 : Checking if Village needs Rearming..
2015-08-02 00:41:44 : Village Report
2015-08-02 00:41:44 : Cannot get Free/Total Builders
2015-08-02 00:41:44 : No. of Free/Total Builders: 0/0
2015-08-02 00:41:44 :  [T]: 1 649
2015-08-02 00:41:44 :  [G]: 6 001 000 [E]: 4 680 543 [D]: 61 090 [GEM]: 954
2015-08-02 00:41:48 : Checking Army Camp...
2015-08-02 00:41:50 : Total Army Camp capacity: 121/200
2015-08-02 00:41:51 :  - No. of Barbarians: 41
2015-08-02 00:41:51 :  - No. of Archers: 80
2015-08-02 00:41:51 : Barracks and Spell factory status: 
2015-08-02 00:41:51 : - Barracks detected: 4 | Available: 3 | Upgrading: 1
2015-08-02 00:41:51 : - Dark Barracks detected: 2 | Available: 2 | Upgrading: 0
2015-08-02 00:41:51 : - Spell factory detected: 1 | Available: 1 | Upgrading: 0
2015-08-02 00:41:51 : - Dark Spell factory detected: 1 | Available: 0 | Upgrading: 1
2015-08-02 00:41:51 : Training Troops...
2015-08-02 00:42:13 : Requesting Clan Castle Troops
2015-08-02 00:42:16 : ClashGameBot was Paused!
2015-08-02 00:42:38 : ClashGameBot was Resumed.
2015-08-02 00:42:38 : Cannot detect button request troops.
2015-08-02 00:42:39 :  ====== Unbreakable Mode enabled! ====== 
2015-08-02 00:42:39 : Oops, wait for 70% troops filled
2015-08-02 00:42:40 : Trying to locate Main Screen
2015-08-02 00:42:40 : Main Screen Located
2015-08-02 00:42:40 : Gold Storages are full!
2015-08-02 00:42:40 : Halt Attack, Stay Online/Train/Collect/Donate...
2015-08-02 00:42:42 : Collecting Resources
2015-08-02 00:42:49 : Checking if Village needs Rearming..
2015-08-02 00:42:57 : Village Report
2015-08-02 00:42:57 : No. of Free/Total Builders: 0/4
2015-08-02 00:42:57 :  [T]: 1 649
2015-08-02 00:42:57 :  [G]: 6 001 000 [E]: 4 676 043 [D]: 61 092 [GEM]: 954
2015-08-02 00:43:02 : Checking Army Camp...
2015-08-02 00:43:04 : Total Army Camp capacity: 129/200
2015-08-02 00:43:05 :  - No. of Barbarians: 48
2015-08-02 00:43:05 :  - No. of Archers: 81
2015-08-02 00:43:05 : Training Troops...
2015-08-02 00:43:14 : Requesting Clan Castle Troops
2015-08-02 00:43:15 : Request has already been made
2015-08-02 00:43:16 :  ====== Unbreakable Mode enabled! ====== 
2015-08-02 00:43:16 : Oops, wait for 70% troops filled
2015-08-02 00:43:17 : Trying to locate Main Screen
2015-08-02 00:43:17 : Main Screen Located
2015-08-02 00:43:17 : Gold Storages are full!
2015-08-02 00:43:17 : Halt Attack, Stay Online/Train/Collect/Donate...
2015-08-02 00:43:18 : Collecting Resources
2015-08-02 00:43:25 : Checking if Village needs Rearming..
2015-08-02 00:43:33 : Village Report
2015-08-02 00:43:33 : No. of Free/Total Builders: 0/4
2015-08-02 00:43:33 :  [T]: 1 649
2015-08-02 00:43:33 :  [G]: 6 001 000 [E]: 4 675 893 [D]: 61 092 [GEM]: 954
2015-08-02 00:43:38 : Checking Army Camp...
2015-08-02 00:43:40 : Total Army Camp capacity: 134/200
2015-08-02 00:43:41 :  - No. of Barbarians: 53
2015-08-02 00:43:41 :  - No. of Archers: 81
2015-08-02 00:43:41 : Training Troops...
2015-08-02 00:43:50 : Requesting Clan Castle Troops
2015-08-02 00:43:51 : Request has already been made
2015-08-02 00:43:52 :  ====== Unbreakable Mode enabled! ====== 
2015-08-02 00:43:52 : Oops, wait for 70% troops filled
2015-08-02 00:43:53 : Trying to locate Main Screen
2015-08-02 00:43:53 : Main Screen Located
2015-08-02 00:43:53 : Gold Storages are full!
2015-08-02 00:43:53 : Halt Attack, Stay Online/Train/Collect/Donate...
2015-08-02 00:43:55 : Collecting Resources
2015-08-02 00:44:02 : Checking if Village needs Rearming..
2015-08-02 00:44:07 : ClashGameBot was Paused!
2015-08-02 00:44:37 : ClashGameBot was Resumed.
2015-08-02 00:44:41 : Village Report
2015-08-02 00:44:41 : No. of Free/Total Builders: 0/4
2015-08-02 00:44:41 :  [T]: 1 649
2015-08-02 00:44:41 :  [G]: 6 001 000 [E]: 4 676 861 [D]: 61 094 [GEM]: 954
2015-08-02 00:44:46 : Checking Army Camp...
2015-08-02 00:44:48 : Total Army Camp capacity: 145/200
2015-08-02 00:44:49 : ClashGameBot was Paused!
2015-08-02 00:45:00 : ClashGameBot was Resumed.
2015-08-02 00:45:01 :  - No. of Barbarians: 64
2015-08-02 00:45:01 :  - No. of Archers: 81
2015-08-02 00:45:02 : Training Troops...
2015-08-02 00:45:05 : some error occurred, cannot open barrack
2015-08-02 00:45:08 : Requesting Clan Castle Troops
2015-08-02 00:45:08 : Your Clan Castle is already full or you are not in a clan.
2015-08-02 00:45:09 :  ====== Unbreakable Mode enabled! ====== 
2015-08-02 00:45:13 : Going to Attack...
