2015-08-16 18:16:10 :  Clash Game Bot v4.1.1-6 merge Powered by GameBot.org 
2015-08-16 18:16:10 : GameBot.org.exe Executable running on WIN_7 Service Pack 1 X64
2015-08-16 18:16:10 : =================== Bot Start ====================
2015-08-16 18:16:10 : -------------------------  Current Profile: 01 --------------------------
2015-08-16 18:16:10 : Trying to locate Main Screen
2015-08-16 18:16:10 : Main Screen Located
2015-08-16 18:16:11 : Detecting your Buildings..
2015-08-16 18:16:18 : Language setting is English: Correct.
2015-08-16 18:16:19 : Trying to locate Main Screen
2015-08-16 18:16:19 : Main Screen Located
2015-08-16 18:16:20 : ClashGameBot was Paused!
2015-08-16 18:21:57 : ClashGameBot was Resumed.
2015-08-16 18:21:59 : Village Report
2015-08-16 18:21:59 : No. of Free/Total Builders: 0/4
2015-08-16 18:21:59 :  [T]: 2 693
2015-08-16 18:21:59 :  [G]: 2 343 242 [E]: 2 347 323 [D]: 15 386 [GEM]: 57
2015-08-16 18:22:00 : Collecting Resources
2015-08-16 18:22:10 : Chat Request: wizard
2015-08-16 18:22:10 : Wizards Keyword found: wiz
2015-08-16 18:22:11 : Donating Wizards
2015-08-16 18:22:13 : Checking Army Camp...
2015-08-16 18:22:15 : Total Army Camp capacity: 152/220
2015-08-16 18:22:16 :  - No. of Archers: 26
2015-08-16 18:22:17 :  - No. of Giants: 14
2015-08-16 18:22:17 :  - No. of Wizards: 14
2015-08-16 18:22:17 : Barracks and Spell factory status: 
2015-08-16 18:22:17 : - Barracks detected: 4 | Available: 4 | Upgrading: 0
2015-08-16 18:22:17 : - Dark Barracks detected: 2 | Available: 2 | Upgrading: 0
2015-08-16 18:22:17 : - Spell factory detected: 1 | Available: 1 | Upgrading: 0
2015-08-16 18:22:17 : - Dark Spell factory detected: 1 | Available: 1 | Upgrading: 0
2015-08-16 18:22:17 : Training Troops...
2015-08-16 18:22:38 : Spell Factory Full
2015-08-16 18:22:40 : 0
2015-08-16 18:22:42 : Requesting Clan Castle Troops
2015-08-16 18:22:42 : Your Clan Castle is already full or you are not in a clan.
2015-08-16 18:22:44 : ====== Waiting for full army ======
2015-08-16 18:22:56 : Checking Army Camp...
2015-08-16 18:22:58 : Total Army Camp capacity: 152/220
2015-08-16 18:22:59 :  - No. of Archers: 26
2015-08-16 18:22:59 :  - No. of Giants: 14
2015-08-16 18:22:59 :  - No. of Wizards: 14
2015-08-16 18:23:00 : Training Troops...
2015-08-16 18:23:23 : Checking Army Camp...
2015-08-16 18:23:25 : Total Army Camp capacity: 152/220
2015-08-16 18:23:26 :  - No. of Archers: 26
2015-08-16 18:23:26 :  - No. of Giants: 14
2015-08-16 18:23:26 :  - No. of Wizards: 14
2015-08-16 18:23:27 : Training Troops...
2015-08-16 18:23:46 : Spell Factory Full
2015-08-16 18:23:56 : Waiting for Main Screen
2015-08-16 18:24:02 : Found chat message: wizards
2015-08-16 18:24:02 : Waiting for Main Screen
2015-08-16 18:24:04 : Time Idle: 00:01:20
2015-08-16 18:24:04 : ====== Waiting for full army ======
2015-08-16 18:24:16 : Checking Army Camp...
2015-08-16 18:24:18 : Total Army Camp capacity: 160/220
2015-08-16 18:24:19 :  - No. of Archers: 34
2015-08-16 18:24:19 :  - No. of Giants: 14
2015-08-16 18:24:19 :  - No. of Wizards: 14
2015-08-16 18:24:20 : Training Troops...
2015-08-16 18:24:40 : Spell Factory Full
2015-08-16 18:24:41 : Created 1 Spell(s)
2015-08-16 18:24:46 : Found chat message: wizards
2015-08-16 18:24:46 : Waiting for Main Screen
2015-08-16 18:24:48 : Time Idle: 00:02:04
2015-08-16 18:24:48 : ====== Waiting for full army ======
2015-08-16 18:25:00 : Checking Army Camp...
2015-08-16 18:25:02 : Total Army Camp capacity: 167/220
2015-08-16 18:25:03 :  - No. of Archers: 42
2015-08-16 18:25:03 :  - No. of Giants: 14
2015-08-16 18:25:03 :  - No. of Wizards: 14
2015-08-16 18:25:04 : Training Troops...
2015-08-16 18:25:23 : Spell Factory Full
2015-08-16 18:25:28 : Found chat message: atomic bomb
2015-08-16 18:25:28 : Waiting for Main Screen
2015-08-16 18:25:30 : Time Idle: 00:02:45
2015-08-16 18:25:30 : ====== Waiting for full army ======
2015-08-16 18:25:42 : Checking Army Camp...
2015-08-16 18:25:44 : Total Army Camp capacity: 174/220
2015-08-16 18:25:45 :  - No. of Archers: 48
2015-08-16 18:25:45 :  - No. of Giants: 14
2015-08-16 18:25:46 :  - No. of Wizards: 14
2015-08-16 18:25:46 : Training Troops...
2015-08-16 18:26:06 : Spell Factory Full
2015-08-16 18:26:11 : Found chat message: atomic bomb
2015-08-16 18:26:11 : Waiting for Main Screen
2015-08-16 18:26:13 : Time Idle: 00:03:28
2015-08-16 18:26:14 : ====== Waiting for full army ======
2015-08-16 18:26:26 : Checking Army Camp...
2015-08-16 18:26:27 : Total Army Camp capacity: 181/220
2015-08-16 18:26:29 :  - No. of Archers: 55
2015-08-16 18:26:29 :  - No. of Giants: 14
2015-08-16 18:26:29 :  - No. of Wizards: 14
2015-08-16 18:26:29 : Training Troops...
2015-08-16 18:26:49 : Spell Factory Full
2015-08-16 18:26:54 : Found chat message: atomic bomb
2015-08-16 18:26:54 : Waiting for Main Screen
2015-08-16 18:27:04 : Waiting for Main Screen
2015-08-16 18:27:06 : Time Idle: 00:04:21
2015-08-16 18:27:06 : ====== Waiting for full army ======
2015-08-16 18:27:13 : Chat Request: wizards
2015-08-16 18:27:13 : Wizards Keyword found: wiz
2015-08-16 18:27:16 : No Wizards available to donate..
2015-08-16 18:27:19 : No Archers as subtroop available to donate..
2015-08-16 18:27:21 : Chat Request: wizards
2015-08-16 18:27:21 : Wizards Keyword found: wiz
2015-08-16 18:27:21 : Donating Wizards
2015-08-16 18:27:23 : Chat Request: drag po
2015-08-16 18:27:23 : Dragons Keyword found: drag
2015-08-16 18:27:26 : Unable to donate Dragons. Donate screen not visible, will retry next run.
2015-08-16 18:27:34 : Checking Army Camp...
2015-08-16 18:27:36 : Total Army Camp capacity: 172/220
2015-08-16 18:27:37 :  - No. of Archers: 66
2015-08-16 18:27:38 :  - No. of Giants: 14
2015-08-16 18:27:38 :  - No. of Wizards: 9
2015-08-16 18:27:38 : Training Troops...
2015-08-16 18:27:57 : Spell Factory Full
2015-08-16 18:28:07 : Waiting for Main Screen
2015-08-16 18:28:12 : Waiting for Main Screen
2015-08-16 18:28:14 : Time Idle: 00:05:29
2015-08-16 18:28:15 : ====== Waiting for full army ======
2015-08-16 18:28:26 : Checking Army Camp...
2015-08-16 18:28:28 : Total Army Camp capacity: 180/220
2015-08-16 18:28:29 :  - No. of Archers: 74
2015-08-16 18:28:30 :  - No. of Giants: 14
2015-08-16 18:28:30 :  - No. of Wizards: 9
2015-08-16 18:28:30 : Training Troops...
2015-08-16 18:28:48 : Spell Factory Full
2015-08-16 18:28:53 : Waiting for Main Screen
2015-08-16 18:28:56 : Time Idle: 00:06:10
2015-08-16 18:28:56 : ====== Waiting for full army ======
2015-08-16 18:29:07 : Checking Army Camp...
2015-08-16 18:29:09 : Total Army Camp capacity: 187/220
2015-08-16 18:29:10 :  - No. of Archers: 81
2015-08-16 18:29:11 :  - No. of Giants: 14
2015-08-16 18:29:11 :  - No. of Wizards: 9
2015-08-16 18:29:11 : Training Troops...
2015-08-16 18:29:29 : Spell Factory Full
2015-08-16 18:29:34 : Waiting for Main Screen
2015-08-16 18:29:37 : Time Idle: 00:06:51
2015-08-16 18:29:37 : ====== Waiting for full army ======
2015-08-16 18:29:40 : Chat Request: giant
2015-08-16 18:29:40 : Giants Keyword found: giant
2015-08-16 18:29:40 : Donating Giants
2015-08-16 18:29:42 : Chat Request: pekka ty ì
2015-08-16 18:29:42 : Pekkas Keyword found: pekka
2015-08-16 18:29:46 : No Pekkas available to donate..
2015-08-16 18:29:46 : Donating Archersas subtitute.
2015-08-16 18:29:49 : Chat Request: drag po
2015-08-16 18:29:49 : Dragons Keyword found: drag
2015-08-16 18:29:52 : No Dragons available to donate..
2015-08-16 18:29:52 : Donating Archersas subtitute.
2015-08-16 18:30:05 : Checking Army Camp...
2015-08-16 18:30:06 : Total Army Camp capacity: 164/220
2015-08-16 18:30:08 :  - No. of Archers: 78
2015-08-16 18:30:08 :  - No. of Giants: 10
2015-08-16 18:30:08 :  - No. of Wizards: 9
2015-08-16 18:30:09 : Training Troops...
2015-08-16 18:30:26 : Spell Factory Full
2015-08-16 18:30:31 : Found chat message: try ko lng all P E K K A raid
2015-08-16 18:30:31 : Waiting for Main Screen
2015-08-16 18:30:34 : Time Idle: 00:07:47
2015-08-16 18:30:34 : ====== Waiting for full army ======
2015-08-16 18:30:39 : Chat Request: hogs
2015-08-16 18:30:39 : Hog Riders Keyword found: hog
2015-08-16 18:30:42 : No Hog Riders available to donate..
2015-08-16 18:30:42 : Donating Archersas subtitute.
2015-08-16 18:30:53 : Checking Army Camp...
2015-08-16 18:30:55 : Total Army Camp capacity: 166/220
2015-08-16 18:30:56 :  - No. of Archers: 80
2015-08-16 18:30:56 :  - No. of Giants: 10
2015-08-16 18:30:56 :  - No. of Wizards: 9
2015-08-16 18:30:57 : Training Troops...
2015-08-16 18:31:14 : Spell Factory Full
2015-08-16 18:31:19 : Found chat message: hogs
2015-08-16 18:31:19 : Waiting for Main Screen
2015-08-16 18:31:29 : Waiting for Main Screen
2015-08-16 18:31:31 : Time Idle: 00:08:45
2015-08-16 18:31:31 : ====== Waiting for full army ======
2015-08-16 18:31:43 : Checking Army Camp...
2015-08-16 18:31:45 : Total Army Camp capacity: 174/220
2015-08-16 18:31:46 :  - No. of Archers: 88
2015-08-16 18:31:46 :  - No. of Giants: 10
2015-08-16 18:31:46 :  - No. of Wizards: 9
2015-08-16 18:31:47 : Training Troops...
2015-08-16 18:32:06 : Spell Factory Full
2015-08-16 18:32:16 : Waiting for Main Screen
2015-08-16 18:32:21 : Waiting for Main Screen
2015-08-16 18:32:24 : Time Idle: 00:09:37
2015-08-16 18:32:24 : ====== Waiting for full army ======
2015-08-16 18:32:36 : Collecting Resources
2015-08-16 18:32:42 : Checking Army Camp...
2015-08-16 18:32:44 : Total Army Camp capacity: 174/220
2015-08-16 18:32:45 :  - No. of Archers: 88
2015-08-16 18:32:45 :  - No. of Giants: 10
2015-08-16 18:32:45 :  - No. of Wizards: 9
2015-08-16 18:32:46 : Training Troops...
2015-08-16 18:33:02 : Spell Factory Full
2015-08-16 18:33:07 : Waiting for Main Screen
2015-08-16 18:33:10 : Time Idle: 00:10:23
2015-08-16 18:33:10 : ====== Waiting for full army ======
2015-08-16 18:33:22 : Checking Army Camp...
2015-08-16 18:33:24 : Total Army Camp capacity: 174/220
2015-08-16 18:33:25 :  - No. of Archers: 88
2015-08-16 18:33:25 :  - No. of Giants: 10
2015-08-16 18:33:25 :  - No. of Wizards: 9
2015-08-16 18:33:26 : Training Troops...
2015-08-16 18:33:43 : Spell Factory Full
2015-08-16 18:33:48 : Waiting for Main Screen
2015-08-16 18:33:50 : Time Idle: 00:11:03
2015-08-16 18:33:51 : ====== Waiting for full army ======
2015-08-16 18:34:02 : Checking Army Camp...
2015-08-16 18:34:04 : Total Army Camp capacity: 174/220
2015-08-16 18:34:05 :  - No. of Archers: 88
2015-08-16 18:34:06 :  - No. of Giants: 10
2015-08-16 18:34:06 :  - No. of Wizards: 9
2015-08-16 18:34:06 : Training Troops...
2015-08-16 18:34:23 : Spell Factory Full
2015-08-16 18:34:29 : Waiting for Main Screen
2015-08-16 18:34:31 : Time Idle: 00:11:43
2015-08-16 18:34:31 : ====== Waiting for full army ======
2015-08-16 18:34:43 : Checking Army Camp...
2015-08-16 18:34:45 : Total Army Camp capacity: 174/220
2015-08-16 18:34:46 :  - No. of Archers: 88
2015-08-16 18:34:46 :  - No. of Giants: 10
2015-08-16 18:34:46 :  - No. of Wizards: 9
2015-08-16 18:34:47 : Training Troops...
2015-08-16 18:35:04 : Spell Factory Full
2015-08-16 18:35:09 : Waiting for Main Screen
2015-08-16 18:35:19 : Waiting for Main Screen
2015-08-16 18:35:21 : Time Idle: 00:12:33
2015-08-16 18:35:21 : ====== Waiting for full army ======
2015-08-16 18:35:33 : Checking Army Camp...
2015-08-16 18:35:35 : Total Army Camp capacity: 174/220
2015-08-16 18:35:36 :  - No. of Archers: 88
2015-08-16 18:35:36 :  - No. of Giants: 10
2015-08-16 18:35:37 :  - No. of Wizards: 9
2015-08-16 18:35:37 : Training Troops...
2015-08-16 18:35:54 : Spell Factory Full
2015-08-16 18:36:04 : Waiting for Main Screen
2015-08-16 18:36:09 : Waiting for Main Screen
2015-08-16 18:36:11 : Time Idle: 00:13:23
2015-08-16 18:36:12 : ====== Waiting for full army ======
2015-08-16 18:36:23 : Checking Army Camp...
2015-08-16 18:36:25 : Total Army Camp capacity: 174/220
2015-08-16 18:36:27 :  - No. of Archers: 88
2015-08-16 18:36:27 :  - No. of Giants: 10
2015-08-16 18:36:27 :  - No. of Wizards: 9
2015-08-16 18:36:27 : Training Troops...
2015-08-16 18:36:44 : Spell Factory Full
2015-08-16 18:36:49 : Waiting for Main Screen
2015-08-16 18:36:51 : Time Idle: 00:14:03
2015-08-16 18:36:52 : ====== Waiting for full army ======
2015-08-16 18:37:03 : Checking Army Camp...
2015-08-16 18:37:05 : Total Army Camp capacity: 174/220
2015-08-16 18:37:06 :  - No. of Archers: 88
2015-08-16 18:37:06 :  - No. of Giants: 10
2015-08-16 18:37:07 :  - No. of Wizards: 9
2015-08-16 18:37:07 : Training Troops...
2015-08-16 18:37:24 : Spell Factory Full
2015-08-16 18:37:29 : Found chat message: any high
2015-08-16 18:37:29 : Waiting for Main Screen
2015-08-16 18:37:31 : Time Idle: 00:14:43
2015-08-16 18:37:32 : ====== Waiting for full army ======
2015-08-16 18:37:43 : Checking Army Camp...
2015-08-16 18:37:45 : Total Army Camp capacity: 174/220
2015-08-16 18:37:47 :  - No. of Archers: 88
2015-08-16 18:37:47 :  - No. of Giants: 10
2015-08-16 18:37:47 :  - No. of Wizards: 9
2015-08-16 18:37:47 : Training Troops...
2015-08-16 18:38:04 : Spell Factory Full
2015-08-16 18:38:09 : Found chat message: fafs enigma
2015-08-16 18:38:09 : Waiting for Main Screen
2015-08-16 18:38:12 : Time Idle: 00:15:23
2015-08-16 18:38:12 : ====== Waiting for full army ======
2015-08-16 18:38:24 : Checking Army Camp...
2015-08-16 18:38:26 : Total Army Camp capacity: 174/220
2015-08-16 18:38:27 :  - No. of Archers: 88
2015-08-16 18:38:27 :  - No. of Giants: 10
2015-08-16 18:38:27 :  - No. of Wizards: 9
2015-08-16 18:38:28 : Training Troops...
2015-08-16 18:38:45 : Spell Factory Full
2015-08-16 18:38:50 : Found chat message: fafs enigma
2015-08-16 18:38:50 : Waiting for Main Screen
2015-08-16 18:39:00 : Waiting for Main Screen
2015-08-16 18:39:02 : Time Idle: 00:16:13
2015-08-16 18:39:02 : ====== Waiting for full army ======
2015-08-16 18:39:14 : Checking Army Camp...
2015-08-16 18:39:16 : Total Army Camp capacity: 174/220
2015-08-16 18:39:17 :  - No. of Archers: 88
2015-08-16 18:39:17 :  - No. of Giants: 10
2015-08-16 18:39:17 :  - No. of Wizards: 9
2015-08-16 18:39:18 : Training Troops...
2015-08-16 18:39:34 : Spell Factory Full
2015-08-16 18:39:44 : Waiting for Main Screen
2015-08-16 18:39:49 : Waiting for Main Screen
2015-08-16 18:39:52 : Time Idle: 00:17:02
2015-08-16 18:39:52 : ====== Waiting for full army ======
2015-08-16 18:40:04 : Checking Army Camp...
2015-08-16 18:40:06 : Total Army Camp capacity: 190/220
2015-08-16 18:40:07 :  - No. of Archers: 88
2015-08-16 18:40:07 :  - No. of Giants: 10
2015-08-16 18:40:07 :  - No. of Wizards: 13
2015-08-16 18:40:08 : Training Troops...
2015-08-16 18:40:25 : Spell Factory Full
2015-08-16 18:40:30 : Waiting for Main Screen
2015-08-16 18:40:32 : Time Idle: 00:17:43
2015-08-16 18:40:32 : ====== Waiting for full army ======
2015-08-16 18:40:44 : Collecting Resources
2015-08-16 18:40:50 : Checking Army Camp...
2015-08-16 18:40:52 : Total Army Camp capacity: 190/220
2015-08-16 18:40:53 :  - No. of Archers: 88
2015-08-16 18:40:53 :  - No. of Giants: 10
2015-08-16 18:40:53 :  - No. of Wizards: 13
2015-08-16 18:40:54 : Training Troops...
2015-08-16 18:41:10 : Spell Factory Full
2015-08-16 18:41:15 : Waiting for Main Screen
2015-08-16 18:41:18 : Time Idle: 00:18:28
2015-08-16 18:41:18 : ====== Waiting for full army ======
2015-08-16 18:41:30 : Checking Army Camp...
2015-08-16 18:41:31 : Total Army Camp capacity: 190/220
2015-08-16 18:41:33 :  - No. of Archers: 88
2015-08-16 18:41:33 :  - No. of Giants: 10
2015-08-16 18:41:33 :  - No. of Wizards: 13
2015-08-16 18:41:34 : Training Troops...
2015-08-16 18:41:50 : Spell Factory Full
2015-08-16 18:41:55 : Waiting for Main Screen
2015-08-16 18:41:58 : Time Idle: 00:19:08
2015-08-16 18:41:58 : ====== Waiting for full army ======
2015-08-16 18:42:10 : Checking Army Camp...
2015-08-16 18:42:12 : Total Army Camp capacity: 190/220
2015-08-16 18:42:13 :  - No. of Archers: 88
2015-08-16 18:42:13 :  - No. of Giants: 10
2015-08-16 18:42:13 :  - No. of Wizards: 13
2015-08-16 18:42:14 : Training Troops...
2015-08-16 18:42:31 : Spell Factory Full
2015-08-16 18:42:36 : Waiting for Main Screen
2015-08-16 18:42:46 : Waiting for Main Screen
2015-08-16 18:42:48 : Time Idle: 00:19:58
2015-08-16 18:42:48 : ====== Waiting for full army ======
2015-08-16 18:43:00 : Checking Army Camp...
2015-08-16 18:43:02 : Total Army Camp capacity: 190/220
2015-08-16 18:43:03 :  - No. of Archers: 88
2015-08-16 18:43:03 :  - No. of Giants: 10
2015-08-16 18:43:03 :  - No. of Wizards: 13
2015-08-16 18:43:04 : Training Troops...
2015-08-16 18:43:21 : Spell Factory Full
2015-08-16 18:43:31 : Waiting for Main Screen
2015-08-16 18:43:37 : Waiting for Main Screen
2015-08-16 18:43:39 : Time Idle: 00:20:48
2015-08-16 18:43:39 : ====== Waiting for full army ======
2015-08-16 18:43:51 : Checking Army Camp...
2015-08-16 18:43:53 : Total Army Camp capacity: 190/220
2015-08-16 18:43:54 :  - No. of Archers: 88
2015-08-16 18:43:54 :  - No. of Giants: 10
2015-08-16 18:43:55 :  - No. of Wizards: 13
2015-08-16 18:43:55 : Training Troops...
2015-08-16 18:44:12 : Spell Factory Full
2015-08-16 18:44:17 : Waiting for Main Screen
2015-08-16 18:44:19 : Time Idle: 00:21:28
2015-08-16 18:44:20 : ====== Waiting for full army ======
2015-08-16 18:44:31 : Checking Army Camp...
2015-08-16 18:44:33 : Total Army Camp capacity: 190/220
2015-08-16 18:44:34 :  - No. of Archers: 88
2015-08-16 18:44:34 :  - No. of Giants: 10
2015-08-16 18:44:35 :  - No. of Wizards: 13
2015-08-16 18:44:35 : Training Troops...
2015-08-16 18:44:52 : Spell Factory Full
2015-08-16 18:44:57 : Waiting for Main Screen
2015-08-16 18:44:59 : Time Idle: 00:22:08
2015-08-16 18:44:59 : ====== Waiting for full army ======
2015-08-16 18:45:11 : Checking Army Camp...
2015-08-16 18:45:13 : Total Army Camp capacity: 190/220
2015-08-16 18:45:14 :  - No. of Archers: 88
2015-08-16 18:45:14 :  - No. of Giants: 10
2015-08-16 18:45:14 :  - No. of Wizards: 13
2015-08-16 18:45:15 : Training Troops...
2015-08-16 18:45:31 : Spell Factory Full
2015-08-16 18:45:36 : Waiting for Main Screen
2015-08-16 18:45:39 : Time Idle: 00:22:47
2015-08-16 18:45:39 : ====== Waiting for full army ======
2015-08-16 18:45:51 : Checking Army Camp...
2015-08-16 18:45:53 : Total Army Camp capacity: 190/220
2015-08-16 18:45:54 :  - No. of Archers: 88
2015-08-16 18:45:54 :  - No. of Giants: 10
2015-08-16 18:45:54 :  - No. of Wizards: 13
2015-08-16 18:45:55 : Training Troops...
2015-08-16 18:46:12 : Spell Factory Full
2015-08-16 18:46:17 : Waiting for Main Screen
2015-08-16 18:46:27 : Waiting for Main Screen
2015-08-16 18:46:29 : Time Idle: 00:23:38
2015-08-16 18:46:29 : ====== Waiting for full army ======
2015-08-16 18:46:41 : Checking Army Camp...
2015-08-16 18:46:43 : Total Army Camp capacity: 190/220
2015-08-16 18:46:44 :  - No. of Archers: 88
2015-08-16 18:46:44 :  - No. of Giants: 10
2015-08-16 18:46:44 :  - No. of Wizards: 13
2015-08-16 18:46:45 : Training Troops...
2015-08-16 18:47:02 : Spell Factory Full
2015-08-16 18:47:12 : Waiting for Main Screen
2015-08-16 18:47:17 : Waiting for Main Screen
2015-08-16 18:47:19 : Time Idle: 00:24:27
2015-08-16 18:47:20 : ====== Waiting for full army ======
2015-08-16 18:47:31 : Checking Army Camp...
2015-08-16 18:47:33 : Total Army Camp capacity: 198/220
2015-08-16 18:47:34 :  - No. of Archers: 88
2015-08-16 18:47:35 :  - No. of Giants: 10
2015-08-16 18:47:35 :  - No. of Wizards: 15
2015-08-16 18:47:35 : Training Troops...
2015-08-16 18:47:53 : Spell Factory Full
2015-08-16 18:47:58 : Waiting for Main Screen
2015-08-16 18:48:00 : Time Idle: 00:25:08
2015-08-16 18:48:00 : ====== Waiting for full army ======
2015-08-16 18:48:12 : Checking Army Camp...
2015-08-16 18:48:14 : Total Army Camp capacity: 206/220
2015-08-16 18:48:15 :  - No. of Archers: 88
2015-08-16 18:48:16 :  - No. of Giants: 10
2015-08-16 18:48:16 :  - No. of Wizards: 17
2015-08-16 18:48:16 : Training Troops...
2015-08-16 18:48:34 : Spell Factory Full
2015-08-16 18:48:39 : Waiting for Main Screen
2015-08-16 18:48:41 : Time Idle: 00:25:49
2015-08-16 18:48:42 : ====== Waiting for full army ======
2015-08-16 18:48:53 : Collecting Resources
2015-08-16 18:49:00 : Checking Army Camp...
2015-08-16 18:49:01 : Total Army Camp capacity: 206/220
2015-08-16 18:49:03 :  - No. of Archers: 88
2015-08-16 18:49:03 :  - No. of Giants: 10
2015-08-16 18:49:03 :  - No. of Wizards: 17
2015-08-16 18:49:03 : Training Troops...
2015-08-16 18:49:22 : Spell Factory Full
2015-08-16 18:49:27 : Waiting for Main Screen
2015-08-16 18:49:29 : Time Idle: 00:26:37
2015-08-16 18:49:30 : ====== Waiting for full army ======
2015-08-16 18:49:41 : Checking Army Camp...
2015-08-16 18:49:43 : Total Army Camp capacity: 216/220
2015-08-16 18:49:44 :  - No. of Archers: 88
2015-08-16 18:49:45 :  - No. of Giants: 12
2015-08-16 18:49:45 :  - No. of Wizards: 17
2015-08-16 18:49:45 : Training Troops...
2015-08-16 18:50:07 : Spell Factory Full
2015-08-16 18:50:12 : Waiting for Main Screen
2015-08-16 18:50:22 : Waiting for Main Screen
2015-08-16 18:50:24 : Time Idle: 00:27:31
2015-08-16 18:50:24 : ====== Waiting for full army ======
2015-08-16 18:50:36 : Checking Army Camp...
2015-08-16 18:50:38 : Total Army Camp capacity: 218/220
2015-08-16 18:50:39 :  - No. of Archers: 90
2015-08-16 18:50:39 :  - No. of Giants: 12
2015-08-16 18:50:39 :  - No. of Wizards: 17
2015-08-16 18:50:40 : Training Troops...
2015-08-16 18:50:59 : Spell Factory Full
2015-08-16 18:51:08 : Waiting for Main Screen
2015-08-16 18:51:13 : Waiting for Main Screen
2015-08-16 18:51:16 : Time Idle: 00:28:23
2015-08-16 18:51:16 : ====== Waiting for full army ======
2015-08-16 18:51:28 : Checking Army Camp...
2015-08-16 18:51:30 : Total Army Camp capacity: 220/220
2015-08-16 18:51:31 :  - No. of Archers: 92
2015-08-16 18:51:31 :  - No. of Giants: 12
2015-08-16 18:51:31 :  - No. of Wizards: 17
2015-08-16 18:51:32 : Training Troops...
2015-08-16 18:51:33 : Your Army Camps are now Full
2015-08-16 18:51:33 : Too few Arch, train first.
2015-08-16 18:52:04 : Spell Factory not found...
2015-08-16 18:52:06 : Going to Attack...
2015-08-16 18:52:12 : ============== Searching For Dead Base ===============
2015-08-16 18:52:12 : ~~~~~~~~~~~~~~~ SEARCH CONDITIONS ~~~~~~~~~~~~~~~~
2015-08-16 18:52:12 : Meet: Gold and Elixir
2015-08-16 18:52:12 : ~~~~~~~~~~~~~~ RESOURCE CONDITIONS ~~~~~~~~~~~~~~~
2015-08-16 18:52:12 : Aim: [G]: 999999 [E]: 999999 [D]:    0 [T]: 0 for: Dead Base
2015-08-16 18:52:12 : ============== Searching For Live Base ===============
2015-08-16 18:52:12 : ~~~~~~~~~~~~~~~ SEARCH CONDITIONS ~~~~~~~~~~~~~~~~
2015-08-16 18:52:12 : Meet: Gold and Elixir
2015-08-16 18:52:12 : ~~~~~~~~~~~~~~ RESOURCE CONDITIONS ~~~~~~~~~~~~~~~
2015-08-16 18:52:12 : Aim: [G]: 999999 [E]: 999999 [D]:    0 [T]: 0 for: Live Base
2015-08-16 18:52:12 : ~~~~~~~~~~~~~~~ ADVANCED SETTINGS ~~~~~~~~~~~~~~~~
2015-08-16 18:52:12 : THSnipe Combo, 4 Tile(s), , Attack6:PB6
2015-08-16 18:52:12 : ==================================================
2015-08-16 18:52:15 :   1> [G]:  35185 [E]:  16665 [D]:  184 [T]:22 [TH]:10, In
2015-08-16 18:52:21 :   2> [G]: 122944 [E]:  77558 [D]:  103 [T]:16 [TH]:10, In
2015-08-16 18:52:29 :   3> [G]:  96191 [E]: 111981 [D]: 1289 [T]:23 [TH]: 9, In
2015-08-16 18:52:37 :   4> [G]:  94193 [E]: 179137 [D]: 1470 [T]:17 [TH]:10, In
2015-08-16 18:52:42 :   5> [G]: 199022 [E]:  88422 [D]: 1689 [T]:28 [TH]:10, In
2015-08-16 18:52:49 :   6> [G]:  43633 [E]:  95628 [D]:  367 [T]:20 [TH]:10, In
2015-08-16 18:52:55 :   7> [G]: 103799 [E]:  58671 [D]: 2478 [T]:22 [TH]:10, In
2015-08-16 18:53:02 :   8> [G]: 220664 [E]: 218036 [D]: 1802 [T]:34 [TH]:10, In
2015-08-16 18:53:09 :   9> [G]:  52885 [E]:  18145 [D]: 1086 [T]:20 [TH]: 9, In
2015-08-16 18:53:13 :  10> [G]:  62204 [E]:  80980 [D]:  473 [T]:11 [TH]: 9, In
2015-08-16 18:53:17 :  11> [G]: 134289 [E]: 162061 [D]: 1848 [T]:16 [TH]: 9, In
2015-08-16 18:53:21 :  12> [G]: 119219 [E]:  33098 [D]:   58 [T]:20 [TH]: 9, In
2015-08-16 18:53:26 :  13> [G]:  49032 [E]:  57113 [D]:  573 [T]:12 [TH]:10, In
2015-08-16 18:53:30 :  14> [G]:  66244 [E]:  86032 [D]:  464 [T]:12 [TH]: 9, In
2015-08-16 18:53:37 :  15> [G]:  69373 [E]:  85998 [D]: 1594 [T]:23 [TH]: -, -
2015-08-16 18:53:45 :  16> [G]:  47585 [E]:  64819 [D]: 1658 [T]:28 [TH]:10, In
2015-08-16 18:53:49 :  17> [G]:  66965 [E]: 144984 [D]:  438 [T]:16 [TH]: 9, In
2015-08-16 18:53:53 :  18> [G]:  82318 [E]: 200102 [D]:  677 [T]:18 [TH]:10, In
2015-08-16 18:53:59 :  19> [G]:  25458 [E]:  57132 [D]: 1134 [T]:36 [TH]: 9, In
2015-08-16 18:54:03 :  20> [G]:  26992 [E]:  77836 [D]:  389 [T]:14 [TH]: 9, In
2015-08-16 18:54:12 :  21> [G]: 111154 [E]:  80727 [D]: 2131 [T]:31 [TH]:10, In
2015-08-16 18:54:21 :  22> [G]:  31903 [E]: 235675 [D]: 1772 [T]:16 [TH]:10, In
2015-08-16 18:54:28 :  23> [G]:  44063 [E]:  69631 [D]: 1428 [T]: 9 [TH]: 9, In
2015-08-16 18:54:32 :  24> [G]:  93968 [E]:  60115 [D]: 1247 [T]: 7 [TH]: 9, In
2015-08-16 18:54:38 :  25> [G]:  45707 [E]:  10935 [D]: 1229 [T]:18 [TH]: 9, In
2015-08-16 18:54:44 :  26> [G]:  57959 [E]:   3624 [D]:  518 [T]:10 [TH]: 9, In
2015-08-16 18:54:48 :  27> [G]:  24240 [E]:  72533 [D]:   44 [T]:24 [TH]: 9, In
2015-08-16 18:54:56 :  28> [G]:  61319 [E]:  85616 [D]: 2166 [T]:27 [TH]:10, In
2015-08-16 18:55:00 :  29> [G]: 149195 [E]:  17706 [D]:   86 [T]: 9 [TH]: 9, In
2015-08-16 18:55:07 :  30> [G]:  41030 [E]: 151518 [D]: 1227 [T]: 5 [TH]: 9, In
2015-08-16 18:55:11 :  31> [G]:  18781 [E]: 204468 [D]:  785 [T]: 5 [TH]: 9, In
2015-08-16 18:55:16 :  32> [G]:  27616 [E]:  88983 [D]:  197 [T]:11 [TH]: 9, In
2015-08-16 18:55:21 :  33> [G]: 114425 [E]:  16166 [D]:  945 [T]:17 [TH]:10, In
2015-08-16 18:55:25 :  34> [G]:  37465 [E]:  21134 [D]:  274 [T]: 4 [TH]: 9, In
2015-08-16 18:55:30 :  35> [G]: 103400 [E]: 103418 [D]:  619 [T]:26 [TH]: 9, In
2015-08-16 18:55:34 :  36> [G]:  17151 [E]:  75571 [D]:  313 [T]:11 [TH]: 9, In
2015-08-16 18:55:39 :  37> [G]: 100481 [E]: 137254 [D]:  642 [T]:33 [TH]:10, In
2015-08-16 18:55:44 :  38> [G]:  90700 [E]: 140791 [D]: 3105 [T]:25 [TH]:10, In
2015-08-16 18:55:51 :  39> [G]:  80150 [E]:   4813 [D]:  215 [T]:15 [TH]: 9, In
2015-08-16 18:55:56 :  40> [G]:  68962 [E]: 130542 [D]:  303 [T]:13 [TH]:10, In
2015-08-16 18:56:01 :  41> [G]:  58875 [E]:  88381 [D]: 1391 [T]: 6 [TH]: 9, In
2015-08-16 18:56:06 :  42> [G]:  22122 [E]:  16532 [D]:  495 [T]: 2 [TH]: 8, In
2015-08-16 18:56:12 :  43> [G]:  58730 [E]: 147110 [D]: 1902 [T]:15 [TH]:10, In
2015-08-16 18:56:16 :  44> [G]: 146992 [E]:  86214 [D]: 1059 [T]: 7 [TH]: 9, In
2015-08-16 18:56:21 :  45> [G]:  98689 [E]:  76385 [D]:  962 [T]:12 [TH]: 9, In
2015-08-16 18:56:26 :  46> [G]:  15408 [E]:  91852 [D]:  260 [T]:34 [TH]: 9, In
2015-08-16 18:56:33 :  47> [G]: 252628 [E]:  73232 [D]:  435 [T]:17 [TH]:10, In
2015-08-16 18:56:38 :  48> [G]:  38508 [E]:  94545 [D]:  267 [T]:12 [TH]: 9, In
2015-08-16 18:56:43 :  49> [G]: 305639 [E]: 313387 [D]: 1150 [T]:12 [TH]: 9, In
2015-08-16 18:56:48 :  50> [G]:  93441 [E]:  78989 [D]: 1514 [T]: 6 [TH]: 9, In
2015-08-16 18:56:53 :  51> [G]:  80220 [E]:  94066 [D]:  584 [T]: 7 [TH]: 9, In
2015-08-16 18:56:58 :  52> [G]: 159142 [E]: 271732 [D]: 1757 [T]:30 [TH]:10, In
2015-08-16 18:57:03 :  53> [G]:  37376 [E]:  58667 [D]:  273 [T]: 5 [TH]: 9, In
2015-08-16 18:57:08 :  54> [G]:  78759 [E]: 110151 [D]:  558 [T]:13 [TH]: 9, In
2015-08-16 18:57:12 :  55> [G]:  17351 [E]: 265716 [D]: 2011 [T]:21 [TH]:10, In
2015-08-16 18:57:18 :  56> [G]:  43167 [E]:   6429 [D]:  277 [T]:10 [TH]: 9, In
2015-08-16 18:57:22 :  57> [G]:  66064 [E]:  26484 [D]:  265 [T]:19 [TH]: 9, In
2015-08-16 18:57:28 :  58> [G]: 121104 [E]:   5043 [D]:  156 [T]:22 [TH]: 9, In
2015-08-16 18:57:32 :  59> [G]: 107435 [E]:  62419 [D]:  495 [T]: 9 [TH]: 9, In
2015-08-16 18:57:37 :  60> [G]:  60905 [E]:  54430 [D]: 1215 [T]:33 [TH]:10, In
2015-08-16 18:57:41 :  61> [G]:  70223 [E]: 128726 [D]:  450 [T]: 1 [TH]: 8, In
2015-08-16 18:57:45 :  62> [G]:  80810 [E]:  54070 [D]:  159 [T]: 1 [TH]: 8, In
2015-08-16 18:57:49 :  63> [G]:  12979 [E]:  83704 [D]:  404 [T]: 9 [TH]: 9, In
2015-08-16 18:57:53 :  64> [G]:  21841 [E]:  54194 [D]:  100 [T]: 2 [TH]: 8, In
2015-08-16 18:57:57 :  65> [G]:  32100 [E]:  54562 [D]:    4 [T]: 1 [TH]: 8, In
2015-08-16 18:58:02 :  66> [G]:  18207 [E]:  37009 [D]:  367 [T]:14 [TH]:10, In
2015-08-16 18:58:06 :  67> [G]:  70358 [E]:  69114 [D]:  691 [T]:40 [TH]: 9, In
2015-08-16 18:58:11 :  68> [G]:  19792 [E]:  17265 [D]:  923 [T]:10 [TH]: 9, In
2015-08-16 18:58:15 :  69> [G]:  40974 [E]:  27316 [D]:  657 [T]:24 [TH]: 9, In
2015-08-16 18:58:19 :  70> [G]:   4941 [E]:  13956 [D]:  818 [T]: 5 [TH]: 9, In
2015-08-16 18:58:24 :  71> [G]:  25726 [E]:  11218 [D]:  545 [T]:17 [TH]: 9, In
2015-08-16 18:58:32 :  72> [G]:  79728 [E]:  13699 [D]:  672 [T]: 3 [TH]: 8, In
2015-08-16 18:58:37 :  73> [G]: 101051 [E]: 157701 [D]:  739 [T]:16 [TH]:10, In
2015-08-16 18:58:41 :  74> [G]:  25648 [E]: 100094 [D]:  664 [T]: 4 [TH]: 8, In
2015-08-16 18:58:46 :  75> [G]:  76258 [E]:   4792 [D]:  764 [T]: 7 [TH]: 9, In
2015-08-16 18:58:50 :  76> [G]: 106210 [E]:  49958 [D]:   65 [T]:16 [TH]: 9, In
2015-08-16 18:58:54 :  77> [G]:  38819 [E]:   5754 [D]:  175 [T]:11 [TH]: 9, In
2015-08-16 18:58:58 :  78> [G]:  58765 [E]:  87064 [D]:  608 [T]:12 [TH]: 9, In
2015-08-16 18:59:02 :  79> [G]:  24189 [E]: 129367 [D]:  408 [T]: 3 [TH]: 8, In
2015-08-16 18:59:06 :  80> [G]: 111755 [E]:  58939 [D]:  602 [T]:14 [TH]: 9, In
2015-08-16 18:59:11 :  81> [G]:  13995 [E]: 120387 [D]:   70 [T]:28 [TH]: 9, In
2015-08-16 18:59:16 :  82> [G]:  78281 [E]: 186253 [D]: 1577 [T]: 3 [TH]: 9, In
2015-08-16 18:59:21 :  83> [G]:  33377 [E]:  75829 [D]: 1050 [T]:21 [TH]:10, In
2015-08-16 18:59:27 :  84> [G]:   2560 [E]:  60088 [D]:   85 [T]:14 [TH]: 9, In
2015-08-16 18:59:32 :  85> [G]:  31267 [E]:  38239 [D]:  567 [T]:23 [TH]: 9, In
2015-08-16 18:59:39 :  86> [G]:  98960 [E]:  38845 [D]:    9 [T]: 6 [TH]: 9, In
2015-08-16 18:59:47 :  87> [G]:  15222 [E]:  98094 [D]:   18 [T]:10 [TH]: 9, In
2015-08-16 18:59:51 :  88> [G]:  61352 [E]:  31239 [D]:  823 [T]:23 [TH]: 9, In
2015-08-16 18:59:55 :  89> [G]: 329208 [E]: 331103 [D]:  733 [T]: 2 [TH]: 8, In
2015-08-16 19:00:00 :  90> [G]:  72343 [E]:  20679 [D]:   84 [T]:23 [TH]:10, In
2015-08-16 19:00:04 :  91> [G]:  24516 [E]:   3719 [D]:   20 [T]: 4 [TH]: 9, In
2015-08-16 19:00:08 :  92> [G]:  17482 [E]:  85765 [D]:  541 [T]:12 [TH]: 8, In
2015-08-16 19:00:15 :  93> [G]: 175982 [E]:  84593 [D]:  770 [T]: 3 [TH]: 9, In
2015-08-16 19:00:19 :  94> [G]:  88818 [E]:  67783 [D]:  147 [T]:13 [TH]: 9, In
2015-08-16 19:00:23 :  95> [G]:  53463 [E]: 112155 [D]:  902 [T]:32 [TH]: 9, In
2015-08-16 19:00:27 :  96> [G]: 115345 [E]:  25503 [D]: 1095 [T]: 9 [TH]: 9, In
2015-08-16 19:00:32 :  97> [G]:  16280 [E]:  33154 [D]:  933 [T]: 9 [TH]: 9, In
2015-08-16 19:00:36 :  98> [G]:  36107 [E]:  47588 [D]:  243 [T]: 1 [TH]: 8, In
2015-08-16 19:00:39 :  99> [G]:  21694 [E]:  39748 [D]:  233 [T]: 1 [TH]: 8, In
2015-08-16 19:00:44 : 100> [G]:  55527 [E]: 105443 [D]:  967 [T]: 6 [TH]: 9, In
2015-08-16 19:00:52 : 101> [G]:  15245 [E]:  50620 [D]:  462 [T]: 3 [TH]: 8, In
2015-08-16 19:00:57 : 102> [G]:  63602 [E]:  70692 [D]:  916 [T]: 9 [TH]: 9, In
2015-08-16 19:01:02 : 103> [G]:  22708 [E]:  85000 [D]:   55 [T]: 1 [TH]: 8, In
2015-08-16 19:01:06 : 104> [G]:  62717 [E]:  15749 [D]:   79 [T]:23 [TH]: 9, In
2015-08-16 19:01:10 : 105> [G]:   2158 [E]:  74937 [D]:  832 [T]: 1 [TH]: 8, In
2015-08-16 19:01:14 : 106> [G]:  17261 [E]:  70355 [D]:  667 [T]:14 [TH]: 9, In
2015-08-16 19:01:20 : 107> [G]:  94331 [E]:  55398 [D]:  721 [T]: 4 [TH]: 9, In
2015-08-16 19:01:24 : 108> [G]:   3391 [E]:  21567 [D]:  201 [T]: 2 [TH]: 8, In
2015-08-16 19:01:28 : 109> [G]:   6650 [E]:  47093 [D]:  992 [T]: 2 [TH]: 8, In
2015-08-16 19:01:33 : 110> [G]: 181478 [E]: 206515 [D]: 1710 [T]:30 [TH]:10, In
2015-08-16 19:01:37 : 111> [G]: 110322 [E]:  22759 [D]:  563 [T]:30 [TH]: 9, In
2015-08-16 19:01:43 : 112> [G]:  42736 [E]: 103024 [D]:  297 [T]: 8 [TH]: 9, In
2015-08-16 19:01:47 : 113> [G]: 278613 [E]: 108715 [D]: 1806 [T]:14 [TH]: -, -
2015-08-16 19:01:52 : 114> [G]:  23076 [E]: 116963 [D]:  460 [T]:25 [TH]: 9, In
2015-08-16 19:01:56 : 115> [G]:  63471 [E]: 129005 [D]:  415 [T]: 3 [TH]: 8, In
2015-08-16 19:01:59 : 116> [G]:  24127 [E]:  80215 [D]:   32 [T]: 1 [TH]: 8, In
2015-08-16 19:02:04 : 117> [G]:  62692 [E]:  81748 [D]:  474 [T]:11 [TH]: 9, In
2015-08-16 19:02:08 : 118> [G]:  20891 [E]: 115651 [D]: 1328 [T]:28 [TH]: 9, In
2015-08-16 19:02:12 : 119> [G]:  22774 [E]:  33305 [D]:  649 [T]: 2 [TH]: 8, In
2015-08-16 19:02:17 : 120> [G]:  45564 [E]: 158370 [D]:  968 [T]:30 [TH]: -, -
2015-08-16 19:02:21 : 121> [G]:  36550 [E]:  56480 [D]:  442 [T]: 2 [TH]: 8, In
2015-08-16 19:02:26 : 122> [G]:  25459 [E]: 133722 [D]: 2089 [T]:19 [TH]:10, In
2015-08-16 19:02:30 : 123> [G]:  36671 [E]:  15792 [D]:  122 [T]:16 [TH]: 9, In
2015-08-16 19:02:34 : 124> [G]:  72744 [E]:  68635 [D]:  925 [T]:34 [TH]: 9, In
2015-08-16 19:02:38 : 125> [G]: 115125 [E]:  16866 [D]:  948 [T]:17 [TH]:10, In
2015-08-16 19:02:42 : 126> [G]:  47546 [E]:  71515 [D]:  961 [T]:10 [TH]: 9, In
2015-08-16 19:02:47 : 127> [G]:  16114 [E]:  20361 [D]:  152 [T]: 1 [TH]: 7, In
2015-08-16 19:02:51 : 128> [G]:   8830 [E]:  58970 [D]:  917 [T]:18 [TH]: 9, In
2015-08-16 19:02:56 : 129> [G]:  33554 [E]: 168799 [D]:  371 [T]: 5 [TH]: 9, In
2015-08-16 19:03:01 : 130> [G]:  70884 [E]:  49482 [D]: 1394 [T]: 5 [TH]: 9, In
2015-08-16 19:03:06 : 131> [G]:  23582 [E]:  19898 [D]:  572 [T]:27 [TH]:10, In
2015-08-16 19:03:10 : 132> [G]:  87400 [E]:   2200 [D]:  966 [T]: 8 [TH]: 9, In
2015-08-16 19:03:14 : 133> [G]: 121212 [E]:  69111 [D]:  712 [T]: 1 [TH]: 8, In
2015-08-16 19:03:19 : 134> [G]:  26324 [E]: 104807 [D]:  683 [T]:11 [TH]: 9, In
2015-08-16 19:03:23 : 135> [G]:  28691 [E]:  68670 [D]:  376 [T]: 3 [TH]: 8, In
2015-08-16 19:03:27 : 136> [G]: 161262 [E]: 179492 [D]:  518 [T]:36 [TH]: 9, In
2015-08-16 19:03:32 : 137> [G]: 167640 [E]: 133812 [D]: 1023 [T]: 6 [TH]: 9, In
2015-08-16 19:03:37 : 138> [G]:  11318 [E]:  74338 [D]:  584 [T]:14 [TH]: 9, In
2015-08-16 19:03:41 : 139> [G]:  99769 [E]: 130264 [D]:  954 [T]:20 [TH]: 9, In
2015-08-16 19:03:46 : 140> [G]:  68847 [E]:   9869 [D]:  463 [T]: 2 [TH]: 8, In
2015-08-16 19:03:50 : 141> [G]:  52929 [E]:  22812 [D]:  965 [T]: 4 [TH]: 8, In
2015-08-16 19:03:54 : 142> [G]:   8231 [E]:  86660 [D]: 1029 [T]: 7 [TH]: 9, In
2015-08-16 19:03:58 : 143> [G]:  54274 [E]:   6610 [D]:  522 [T]: 9 [TH]:10, In
2015-08-16 19:04:03 : 144> [G]: 200510 [E]: 301378 [D]:  759 [T]: 5 [TH]: 9, In
2015-08-16 19:04:07 : 145> [G]:  57549 [E]:  16860 [D]:  860 [T]: 9 [TH]: 9, In
2015-08-16 19:04:11 : 146> [G]:  88159 [E]:  74381 [D]:   52 [T]: 6 [TH]: 9, In
2015-08-16 19:04:15 : 147> [G]:  23841 [E]:  98478 [D]:  219 [T]: 3 [TH]: 9, In
2015-08-16 19:04:20 : 148> [G]: 149408 [E]:  26685 [D]: 1702 [T]: 8 [TH]: 9, In
2015-08-16 19:04:24 : 149> [G]:  49908 [E]:  67606 [D]: 1467 [T]: 5 [TH]: 9, In
2015-08-16 19:04:28 : 150> [G]:  13169 [E]:   1096 [D]:  104 [T]:18 [TH]: 9, In
2015-08-16 19:04:32 : 151> [G]:  15227 [E]:  14185 [D]: 1434 [T]:26 [TH]: 9, In
2015-08-16 19:04:37 : 152> [G]:  84579 [E]:  12817 [D]: 1255 [T]:19 [TH]: 9, In
2015-08-16 19:04:41 : 153> [G]:  41281 [E]:  76154 [D]:  465 [T]:21 [TH]: 9, In
2015-08-16 19:04:44 : 154> [G]:   8940 [E]:  11032 [D]:  113 [T]:16 [TH]: 9, In
2015-08-16 19:04:49 : 155> [G]:  55872 [E]: 143242 [D]:  281 [T]:16 [TH]: 9, In
2015-08-16 19:04:53 : 156> [G]:  79427 [E]: 110818 [D]:  563 [T]:14 [TH]: 9, In
2015-08-16 19:04:57 : 157> [G]: 321021 [E]:  45149 [D]:  341 [T]:31 [TH]:10, In
2015-08-16 19:05:02 : 158> [G]:  34342 [E]: 286653 [D]: 1458 [T]:18 [TH]: 8, In
2015-08-16 19:05:07 : 159> [G]:  71830 [E]:  79980 [D]:  242 [T]:18 [TH]:10, In
2015-08-16 19:05:10 : 160> [G]:  70016 [E]:  51992 [D]:  450 [T]: 1 [TH]: 8, In
2015-08-16 19:05:15 : 161> [G]: 109138 [E]: 164768 [D]:  392 [T]:21 [TH]: 9, In
2015-08-16 19:05:20 : 162> [G]:  36615 [E]:  31280 [D]: 1012 [T]:14 [TH]:10, In
2015-08-16 19:05:24 : 163> [G]:  36792 [E]:  81080 [D]:  649 [T]: 4 [TH]: 9, In
2015-08-16 19:05:28 : 164> [G]:  99251 [E]: 112874 [D]:  537 [T]: 2 [TH]: 8, In
2015-08-16 19:05:32 : 165> [G]:  13502 [E]:  28336 [D]:  549 [T]: 1 [TH]: 8, In
2015-08-16 19:05:36 : 166> [G]:  50058 [E]:  53800 [D]:  179 [T]: 1 [TH]: 8, In
2015-08-16 19:05:40 : 167> [G]: 122459 [E]: 112426 [D]:  611 [T]:23 [TH]: 9, In
2015-08-16 19:05:44 : 168> [G]:  31126 [E]:  17545 [D]:  126 [T]: 7 [TH]: 9, In
2015-08-16 19:05:49 : 169> [G]: 137667 [E]: 250254 [D]: 1309 [T]:30 [TH]:10, In
2015-08-16 19:05:54 : 170> [G]:  37380 [E]:  87040 [D]:  244 [T]:12 [TH]: 9, In
2015-08-16 19:05:58 : 171> [G]:  28918 [E]: 198437 [D]: 2013 [T]:29 [TH]:10, In
2015-08-16 19:06:03 : 172> [G]:  99857 [E]: 110825 [D]:  383 [T]:13 [TH]: 9, In
2015-08-16 19:06:08 : 173> [G]: 113272 [E]:  97546 [D]: 1025 [T]:31 [TH]: 9, In
2015-08-16 19:06:12 : 174> [G]:  38444 [E]:  46579 [D]:  540 [T]: 2 [TH]: 8, In
2015-08-16 19:06:16 : 175> [G]:  67706 [E]: 117807 [D]:  270 [T]:22 [TH]: 9, In
2015-08-16 19:06:21 : 176> [G]: 126131 [E]: 138902 [D]: 1118 [T]: 4 [TH]: 8, In
2015-08-16 19:06:25 : 177> [G]:  90227 [E]:   6606 [D]:  661 [T]: 2 [TH]: 8, In
2015-08-16 19:06:28 : 178> [G]:  11467 [E]:    917 [D]:  395 [T]: 2 [TH]: 8, In
2015-08-16 19:06:33 : 179> [G]:  55315 [E]:  82248 [D]:  512 [T]: 6 [TH]: 9, In
2015-08-16 19:06:37 : 180> [G]:  69942 [E]:  40842 [D]:  704 [T]: 1 [TH]: 8, In
2015-08-16 19:06:41 : 181> [G]:  48196 [E]: 105482 [D]:  616 [T]: 2 [TH]: 8, In
2015-08-16 19:06:46 : 182> [G]:  14400 [E]: 173264 [D]:  800 [T]:10 [TH]: 9, In
2015-08-16 19:06:52 : 183> [G]:  37858 [E]:  15540 [D]:  712 [T]:34 [TH]:10, In
2015-08-16 19:06:56 : 184> [G]: 178067 [E]: 215115 [D]: 2556 [T]:18 [TH]:10, In
2015-08-16 19:07:02 : 185> [G]: 105107 [E]: 130165 [D]: 1104 [T]: 8 [TH]: 9, In
2015-08-16 19:07:06 : 186> [G]:  52965 [E]:  12926 [D]: 1288 [T]:22 [TH]: 9, In
2015-08-16 19:07:10 : 187> [G]:  73052 [E]:  71825 [D]: 1110 [T]: 7 [TH]: 9, In
2015-08-16 19:07:14 : 188> [G]: 102434 [E]:  91939 [D]: 1164 [T]:17 [TH]: 9, In
2015-08-16 19:07:18 : 189> [G]:  75544 [E]:  99467 [D]:  634 [T]: 9 [TH]: 9, In
2015-08-16 19:07:22 : 190> [G]: 123321 [E]:  26580 [D]:  810 [T]: 1 [TH]: 8, In
2015-08-16 19:07:26 : 191> [G]:  97864 [E]: 148232 [D]:  452 [T]: 1 [TH]: 8, In
2015-08-16 19:07:30 : 192> [G]:  26765 [E]:  65231 [D]: 1503 [T]:24 [TH]: 9, In
2015-08-16 19:07:34 : 193> [G]:  81093 [E]: 176878 [D]:  609 [T]: 1 [TH]: 8, In
2015-08-16 19:07:38 : 194> [G]: 102708 [E]:  87223 [D]:  780 [T]:20 [TH]: 9, In
2015-08-16 19:07:43 : 195> [G]:  75822 [E]:  52482 [D]:  569 [T]:16 [TH]: 9, In
2015-08-16 19:07:49 : 196> [G]: 122744 [E]: 207124 [D]: 2745 [T]: 8 [TH]: 9, In
2015-08-16 19:07:53 : 197> [G]:  27638 [E]:  77623 [D]:  234 [T]: 1 [TH]: 8, In
2015-08-16 19:07:59 : 198> [G]:  36398 [E]:  47887 [D]:  243 [T]: 1 [TH]: 8, In
2015-08-16 19:08:02 : 199> [G]:  21100 [E]:  45809 [D]:  563 [T]: 2 [TH]: 8, In
2015-08-16 19:08:08 : 200> [G]:  36891 [E]: 159528 [D]:  976 [T]: 2 [TH]: 8, In
2015-08-16 19:08:14 : 201> [G]:  78124 [E]: 140452 [D]:  740 [T]:38 [TH]: 9, In
2015-08-16 19:08:17 : 202> [G]:   8004 [E]:   4852 [D]:  198 [T]: 1 [TH]: 8, In
2015-08-16 19:08:21 : 203> [G]:  12095 [E]:  55106 [D]:   87 [T]: 1 [TH]: 8, In
2015-08-16 19:08:24 : 204> [G]:   7571 [E]:  14563 [D]:  210 [T]: 1 [TH]: 7, In
2015-08-16 19:08:28 : 205> [G]:  59469 [E]:  54098 [D]:  446 [T]: 3 [TH]: 9, In
2015-08-16 19:08:32 : 206> [G]:  43760 [E]: 142175 [D]:  203 [T]: 4 [TH]: 9, In
2015-08-16 19:08:37 : 207> [G]:  91395 [E]: 115949 [D]: 3340 [T]:24 [TH]:10, In
2015-08-16 19:08:41 : 208> [G]:  89269 [E]: 147929 [D]:  422 [T]: 1 [TH]: 8, In
2015-08-16 19:08:46 : 209> [G]:  27074 [E]:  21915 [D]:  111 [T]:10 [TH]: 9, In
2015-08-16 19:08:50 : 210> [G]:  19400 [E]:  57773 [D]:  501 [T]:25 [TH]:10, In
2015-08-16 19:08:54 : 211> [G]:  31393 [E]:  67616 [D]: 1644 [T]:19 [TH]: 9, In
2015-08-16 19:09:00 : 212> [G]:  80314 [E]:  47739 [D]: 1100 [T]: 8 [TH]: 9, In
2015-08-16 19:09:04 : 213> [G]:  30566 [E]:  51485 [D]:  474 [T]: 5 [TH]: 8, In
2015-08-16 19:09:07 : Checking Trapped TH
2015-08-16 19:09:08 : Mortar Found
2015-08-16 19:09:08 : 214> [G]:  63177 [E]: 263009 [D]:  872 [T]:22 [TH]: 8, Out
2015-08-16 19:09:08 : Mortar found near TH, skipping...
2015-08-16 19:09:08 : Trap found, skipping base...
2015-08-16 19:09:08 : ~~~~~~~~~~~~~~~ TH Outside Found! ~~~~~~~~~~~~~~~~
2015-08-16 19:09:08 : ================ Search Complete =================
2015-08-16 19:09:08 : Initiating attack for: TH Snipe
2015-08-16 19:09:11 : -Archers 92
2015-08-16 19:09:11 : -Giants 12
2015-08-16 19:09:11 : -Wizards 17
2015-08-16 19:09:11 : -Clan Castle 
2015-08-16 19:09:11 : -King 
2015-08-16 19:09:11 : -Heal Spells 4
2015-08-16 19:09:11 :  ====== Start Attack ====== 
2015-08-16 19:09:47 : Checking if the battle has finished
2015-08-16 19:09:49 : detected [G]:  [E]:  [DE]:  |  Exit now 
2015-08-16 19:09:49 : Battle has finished
2015-08-16 19:09:49 : Returning Home
2015-08-16 19:10:31 : End of Attack scene slow to appear, attack values my not be correct
2015-08-16 19:10:44 : End of Attack scene read gold error, attack values my not be correct
2015-08-16 19:10:44 : Loot: [G]:  [E]:  [DE]:  [T]: 
2015-08-16 19:10:45 : Bonus [G]:  [E]: 
2015-08-16 19:10:48 : Stars earned: 2
2015-08-16 19:12:30 : Cannot return home.
2015-08-16 19:12:30 : Trying to locate Main Screen
2015-08-16 19:12:31 : Waiting for Main Screen
2015-08-16 19:12:33 : Main Screen Located
2015-08-16 19:12:37 : Trying to locate Main Screen
2015-08-16 19:12:37 : Main Screen Located
2015-08-16 19:12:38 : Village Report
2015-08-16 19:12:38 : No. of Free/Total Builders: 0/4
2015-08-16 19:12:39 :  [T]: 2 693
2015-08-16 19:12:39 :  [G]: 2 197 371 [E]: 2 191 239 [D]: 15 416 [GEM]: 57
2015-08-16 19:12:39 : Collecting Resources
2015-08-16 19:12:44 : ClashGameBot was Paused!
2015-08-16 19:13:29 : ClashGameBot was Resumed.
2015-08-16 19:13:30 : ClashGameBot was Paused!
