2015-07-28 23:03:32 : ~~~ Clash Game Bot v4.1 Powered by GameBot.org ~~~
2015-07-28 23:03:32 : GameBot.org.exe Executable running on WIN_7  X64
2015-07-28 23:03:32 : =================== Bot Start ====================
2015-07-28 23:03:32 : -------------------------  Current Profile: 01 --------------------------
2015-07-28 23:03:32 : Trying to locate Main Screen
2015-07-28 23:03:32 : Main Screen Located
2015-07-28 23:03:34 : Detecting your Buildings..
2015-07-28 23:03:37 : Language setting is English: Correct.
2015-07-28 23:03:38 : Trying to locate Main Screen
2015-07-28 23:03:38 : Main Screen Located
2015-07-28 23:03:39 : Halt Attack, Stay Online/Collect...
2015-07-28 23:03:41 : Collecting Resources
2015-07-28 23:04:08 : Checking if Village needs Rearming..
2015-07-28 23:04:16 : Village Report
2015-07-28 23:04:16 : No. of Free/Total Builders: 0/4
2015-07-28 23:04:16 :  [T]: 1 389
2015-07-28 23:04:16 :  [G]: 2 200 388 [E]: 5 712 146 [D]: 61 088 [GEM]: 948
2015-07-28 23:04:21 : Checking Troop Upgrade in Laboratory ...
2015-07-28 23:04:21 : Updating village values [E]: 5712146 [D]: 61088
2015-07-28 23:04:22 : Trouble finding research button, try again...
2015-07-28 23:04:23 : No free builder, Upgrade Walls skipped..
2015-07-28 23:04:40 : Time Idle: 00:00:14
2015-07-28 23:05:06 : Time Idle: 00:00:39
2015-07-28 23:05:20 : Time Idle: 00:00:53
2015-07-28 23:05:33 : Collecting Resources
2015-07-28 23:05:40 : Time Idle: 00:01:12
2015-07-28 23:05:54 : Time Idle: 00:01:26
2015-07-28 23:06:08 : Time Idle: 00:01:40
2015-07-28 23:06:22 : Time Idle: 00:01:54
2015-07-28 23:06:37 : Time Idle: 00:02:08
2015-07-28 23:06:51 : Time Idle: 00:02:22
2015-07-28 23:07:05 : Time Idle: 00:02:36
2015-07-28 23:07:19 : Time Idle: 00:02:50
2015-07-28 23:07:33 : Time Idle: 00:03:04
2015-07-28 23:07:47 : Time Idle: 00:03:18
2015-07-28 23:08:01 : Time Idle: 00:03:31
2015-07-28 23:08:15 : Collecting Resources
2015-07-28 23:08:21 : Time Idle: 00:03:51
2015-07-28 23:08:35 : Time Idle: 00:04:05
2015-07-28 23:08:49 : Time Idle: 00:04:19
2015-07-28 23:09:04 : Time Idle: 00:04:33
2015-07-28 23:09:18 : Time Idle: 00:04:47
2015-07-28 23:09:32 : Time Idle: 00:05:00
2015-07-28 23:09:46 : Time Idle: 00:05:14
2015-07-28 23:10:00 : Time Idle: 00:05:28
2015-07-28 23:10:15 : Time Idle: 00:05:42
2015-07-28 23:10:29 : Time Idle: 00:05:56
2015-07-28 23:10:43 : Time Idle: 00:06:10
2015-07-28 23:10:56 : Collecting Resources
2015-07-28 23:11:03 : Time Idle: 00:06:30
2015-07-28 23:11:17 : Time Idle: 00:06:44
2015-07-28 23:11:31 : Time Idle: 00:06:58
2015-07-28 23:11:45 : Time Idle: 00:07:12
2015-07-28 23:12:00 : Time Idle: 00:07:25
2015-07-28 23:12:14 : Time Idle: 00:07:39
2015-07-28 23:12:28 : Time Idle: 00:07:53
2015-07-28 23:12:43 : Time Idle: 00:08:08
2015-07-28 23:12:57 : Time Idle: 00:08:22
2015-07-28 23:13:11 : Time Idle: 00:08:35
2015-07-28 23:13:25 : Time Idle: 00:08:49
2015-07-28 23:13:38 : Collecting Resources
2015-07-28 23:13:46 : Time Idle: 00:09:10
2015-07-28 23:14:00 : Time Idle: 00:09:24
2015-07-28 23:14:14 : Time Idle: 00:09:37
2015-07-28 23:14:28 : Time Idle: 00:09:52
2015-07-28 23:14:43 : Time Idle: 00:10:06
2015-07-28 23:14:57 : Time Idle: 00:10:20
2015-07-28 23:15:11 : Time Idle: 00:10:34
2015-07-28 23:15:25 : Time Idle: 00:10:47
2015-07-28 23:15:39 : Time Idle: 00:11:01
2015-07-28 23:15:54 : Time Idle: 00:11:15
2015-07-28 23:16:08 : Time Idle: 00:11:29
2015-07-28 23:16:21 : Collecting Resources
2015-07-28 23:16:28 : Time Idle: 00:11:49
2015-07-28 23:16:42 : Time Idle: 00:12:03
2015-07-28 23:16:56 : Time Idle: 00:12:17
2015-07-28 23:17:10 : Time Idle: 00:12:31
2015-07-28 23:17:25 : Time Idle: 00:12:45
2015-07-28 23:17:39 : Time Idle: 00:12:58
2015-07-28 23:17:53 : Time Idle: 00:13:12
2015-07-28 23:18:07 : Time Idle: 00:13:26
2015-07-28 23:18:21 : Time Idle: 00:13:40
2015-07-28 23:18:35 : Time Idle: 00:13:54
2015-07-28 23:18:50 : Time Idle: 00:14:08
2015-07-28 23:19:03 : Collecting Resources
2015-07-28 23:19:10 : Time Idle: 00:14:28
2015-07-28 23:19:24 : Time Idle: 00:14:42
2015-07-28 23:19:38 : Time Idle: 00:14:55
2015-07-28 23:19:52 : Time Idle: 00:15:09
2015-07-28 23:20:06 : Time Idle: 00:15:23
2015-07-28 23:20:20 : Time Idle: 00:15:37
2015-07-28 23:20:35 : Time Idle: 00:15:51
2015-07-28 23:20:49 : Time Idle: 00:16:05
2015-07-28 23:21:03 : Time Idle: 00:16:19
2015-07-28 23:21:17 : Time Idle: 00:16:33
2015-07-28 23:21:31 : Time Idle: 00:16:47
2015-07-28 23:21:45 : Collecting Resources
2015-07-28 23:21:51 : Time Idle: 00:17:07
2015-07-28 23:22:05 : Time Idle: 00:17:20
2015-07-28 23:22:20 : Time Idle: 00:17:34
2015-07-28 23:22:34 : Time Idle: 00:17:48
2015-07-28 23:22:48 : Time Idle: 00:18:02
2015-07-28 23:23:02 : Time Idle: 00:18:16
2015-07-28 23:23:16 : Time Idle: 00:18:30
2015-07-28 23:23:31 : Time Idle: 00:18:44
2015-07-28 23:23:45 : Time Idle: 00:18:58
2015-07-28 23:23:59 : Time Idle: 00:19:12
2015-07-28 23:24:13 : Time Idle: 00:19:26
2015-07-28 23:24:27 : Collecting Resources
2015-07-28 23:24:33 : Time Idle: 00:19:46
2015-07-28 23:24:48 : Time Idle: 00:20:00
2015-07-28 23:25:02 : Time Idle: 00:20:14
2015-07-28 23:25:16 : Time Idle: 00:20:28
2015-07-28 23:25:30 : Time Idle: 00:20:42
2015-07-28 23:25:45 : Time Idle: 00:20:56
2015-07-28 23:25:59 : Time Idle: 00:21:10
2015-07-28 23:26:13 : Time Idle: 00:21:24
2015-07-28 23:26:27 : Time Idle: 00:21:38
2015-07-28 23:26:41 : Time Idle: 00:21:52
2015-07-28 23:26:56 : Time Idle: 00:22:05
2015-07-28 23:27:09 : Collecting Resources
2015-07-28 23:27:16 : Time Idle: 00:22:25
2015-07-28 23:27:30 : Time Idle: 00:22:39
2015-07-28 23:27:30 : ClashGameBot was Resumed.
2015-07-28 23:27:45 : Waiting for Main Screen
2015-07-28 23:27:54 : ClashGameBot was Paused!
2015-07-28 23:29:32 : ClashGameBot was Resumed.
2015-07-28 23:29:36 : Trying to locate Main Screen
2015-07-28 23:29:36 : Main Screen Located
2015-07-28 23:29:36 : Halt Attack, Stay Online/Collect...
2015-07-28 23:29:38 : Collecting Resources
2015-07-28 23:29:46 : Checking if Village needs Rearming..
2015-07-28 23:29:54 : Village Report
2015-07-28 23:29:54 : Cannot get Free/Total Builders
2015-07-28 23:29:54 : No. of Free/Total Builders: 0/0
2015-07-28 23:29:54 :  [T]: 
2015-07-28 23:29:54 :  [G]:  [E]:  [D]:  [GEM]: 94
2015-07-28 23:29:58 : Checking Troop Upgrade in Laboratory ...
2015-07-28 23:29:59 : Updating village values [E]: 5716171 [D]: 61110
2015-07-28 23:30:00 : Trouble finding research button, try again...
2015-07-28 23:30:01 : No free builder, Upgrade Walls skipped..
2015-07-28 23:30:18 : Time Idle: 00:00:14
2015-07-28 23:30:19 : Trying to locate Main Screen
2015-07-28 23:30:19 : Main Screen Located
2015-07-28 23:30:20 : Halt Attack, Stay Online/Collect...
2015-07-28 23:30:22 : Collecting Resources
2015-07-28 23:30:29 : Checking if Village needs Rearming..
2015-07-28 23:30:37 : Village Report
2015-07-28 23:30:37 : No. of Free/Total Builders: 0/4
2015-07-28 23:30:37 :  [T]: 1 389
2015-07-28 23:30:37 :  [G]: 2 203 229 [E]: 5 716 171 [D]: 61 110 [GEM]: 948
2015-07-28 23:30:42 : Checking Troop Upgrade in Laboratory ...
2015-07-28 23:30:42 : Updating village values [E]: 5716171 [D]: 61110
2015-07-28 23:30:43 : Trouble finding research button, try again...
2015-07-28 23:30:44 : No free builder, Upgrade Walls skipped..
2015-07-28 23:31:01 : Time Idle: 00:00:13
2015-07-28 23:31:03 : Trying to locate Main Screen
2015-07-28 23:31:03 : Main Screen Located
2015-07-28 23:31:03 : Halt Attack, Stay Online/Collect...
2015-07-28 23:31:05 : Collecting Resources
2015-07-28 23:31:11 : Checking if Village needs Rearming..
2015-07-28 23:31:20 : Village Report
2015-07-28 23:31:20 : No. of Free/Total Builders: 0/4
2015-07-28 23:31:20 :  [T]: 1 389
2015-07-28 23:31:20 :  [G]: 2 203 229 [E]: 5 716 171 [D]: 61 110 [GEM]: 948
2015-07-28 23:31:25 : Checking Troop Upgrade in Laboratory ...
2015-07-28 23:31:25 : Updating village values [E]: 5716171 [D]: 61110
2015-07-28 23:31:26 : Trouble finding research button, try again...
2015-07-28 23:31:27 : No free builder, Upgrade Walls skipped..
2015-07-28 23:31:44 : Time Idle: 00:00:14
2015-07-28 23:31:45 : Trying to locate Main Screen
2015-07-28 23:31:45 : Main Screen Located
2015-07-28 23:31:46 : Halt Attack, Stay Online/Collect...
2015-07-28 23:31:48 : Collecting Resources
2015-07-28 23:31:55 : Checking if Village needs Rearming..
2015-07-28 23:32:04 : Village Report
2015-07-28 23:32:04 : No. of Free/Total Builders: 0/4
2015-07-28 23:32:04 :  [T]: 1 389
2015-07-28 23:32:04 :  [G]: 2 203 229 [E]: 5 716 171 [D]: 61 112 [GEM]: 948
2015-07-28 23:32:08 : Checking Troop Upgrade in Laboratory ...
2015-07-28 23:32:08 : Updating village values [E]: 5716171 [D]: 61112
2015-07-28 23:32:10 : Trouble finding research button, try again...
2015-07-28 23:32:11 : No free builder, Upgrade Walls skipped..
2015-07-28 23:32:28 : Time Idle: 00:00:14
2015-07-28 23:32:29 : Trying to locate Main Screen
2015-07-28 23:32:29 : Main Screen Located
2015-07-28 23:32:29 : Halt Attack, Stay Online/Collect...
2015-07-28 23:32:31 : Collecting Resources
2015-07-28 23:32:38 : Checking if Village needs Rearming..
2015-07-28 23:32:47 : Village Report
2015-07-28 23:32:47 : No. of Free/Total Builders: 0/4
2015-07-28 23:32:47 :  [T]: 1 389
2015-07-28 23:32:47 :  [G]: 2 203 229 [E]: 5 716 171 [D]: 61 112 [GEM]: 948
2015-07-28 23:32:51 : Checking Troop Upgrade in Laboratory ...
2015-07-28 23:32:51 : Updating village values [E]: 5716171 [D]: 61112
2015-07-28 23:32:53 : Trouble finding research button, try again...
2015-07-28 23:32:54 : No free builder, Upgrade Walls skipped..
2015-07-28 23:33:11 : Time Idle: 00:00:13
2015-07-28 23:33:12 : Trying to locate Main Screen
2015-07-28 23:33:12 : Main Screen Located
2015-07-28 23:33:13 : Halt Attack, Stay Online/Collect...
2015-07-28 23:33:14 : Collecting Resources
2015-07-28 23:33:21 : Checking if Village needs Rearming..
2015-07-28 23:33:29 : Village Report
2015-07-28 23:33:29 : No. of Free/Total Builders: 0/4
2015-07-28 23:33:29 :  [T]: 1 389
2015-07-28 23:33:30 :  [G]: 2 203 229 [E]: 5 716 171 [D]: 61 112 [GEM]: 948
2015-07-28 23:33:34 : Checking Troop Upgrade in Laboratory ...
2015-07-28 23:33:34 : Updating village values [E]: 5716171 [D]: 61112
2015-07-28 23:33:35 : Trouble finding research button, try again...
2015-07-28 23:33:36 : No free builder, Upgrade Walls skipped..
2015-07-28 23:33:53 : Time Idle: 00:00:14
2015-07-28 23:33:55 : Trying to locate Main Screen
2015-07-28 23:33:55 : Main Screen Located
2015-07-28 23:33:55 : Halt Attack, Stay Online/Collect...
2015-07-28 23:33:57 : Collecting Resources
2015-07-28 23:34:04 : Checking if Village needs Rearming..
2015-07-28 23:34:13 : Village Report
2015-07-28 23:34:13 : No. of Free/Total Builders: 0/4
2015-07-28 23:34:13 :  [T]: 1 389
2015-07-28 23:34:13 :  [G]: 2 203 229 [E]: 5 716 171 [D]: 61 114 [GEM]: 948
2015-07-28 23:34:17 : Checking Troop Upgrade in Laboratory ...
2015-07-28 23:34:17 : Updating village values [E]: 5716171 [D]: 61114
2015-07-28 23:34:19 : Trouble finding research button, try again...
2015-07-28 23:34:20 : No free builder, Upgrade Walls skipped..
2015-07-28 23:34:37 : Time Idle: 00:00:13
2015-07-28 23:34:38 : Trying to locate Main Screen
2015-07-28 23:34:38 : Main Screen Located
2015-07-28 23:34:38 : Halt Attack, Stay Online/Collect...
2015-07-28 23:34:40 : Collecting Resources
2015-07-28 23:34:47 : Checking if Village needs Rearming..
2015-07-28 23:34:56 : Village Report
2015-07-28 23:34:56 : No. of Free/Total Builders: 0/4
2015-07-28 23:34:56 :  [T]: 1 389
2015-07-28 23:34:56 :  [G]: 2 204 483 [E]: 5 717 330 [D]: 61 114 [GEM]: 948
2015-07-28 23:35:01 : Checking Troop Upgrade in Laboratory ...
2015-07-28 23:35:01 : Updating village values [E]: 5717330 [D]: 61114
2015-07-28 23:35:02 : Trouble finding research button, try again...
2015-07-28 23:35:03 : No free builder, Upgrade Walls skipped..
2015-07-28 23:35:20 : Time Idle: 00:00:13
2015-07-28 23:35:21 : Trying to locate Main Screen
2015-07-28 23:35:21 : Main Screen Located
2015-07-28 23:35:22 : Halt Attack, Stay Online/Collect...
2015-07-28 23:35:24 : Collecting Resources
2015-07-28 23:35:30 : Checking if Village needs Rearming..
2015-07-28 23:35:39 : Village Report
2015-07-28 23:35:39 : No. of Free/Total Builders: 0/4
2015-07-28 23:35:39 :  [T]: 1 389
2015-07-28 23:35:39 :  [G]: 2 204 483 [E]: 5 717 330 [D]: 61 114 [GEM]: 948
2015-07-28 23:35:43 : Checking Troop Upgrade in Laboratory ...
2015-07-28 23:35:44 : Updating village values [E]: 5717330 [D]: 61114
2015-07-28 23:35:45 : Trouble finding research button, try again...
2015-07-28 23:35:46 : No free builder, Upgrade Walls skipped..
2015-07-28 23:36:03 : Time Idle: 00:00:13
2015-07-28 23:36:04 : Trying to locate Main Screen
2015-07-28 23:36:04 : Main Screen Located
2015-07-28 23:36:05 : Halt Attack, Stay Online/Collect...
2015-07-28 23:36:06 : Collecting Resources
2015-07-28 23:36:13 : Checking if Village needs Rearming..
2015-07-28 23:36:22 : Village Report
2015-07-28 23:36:22 : No. of Free/Total Builders: 0/4
2015-07-28 23:36:22 :  [T]: 1 389
2015-07-28 23:36:22 :  [G]: 2 204 483 [E]: 5 717 330 [D]: 61 116 [GEM]: 948
2015-07-28 23:36:27 : Checking Troop Upgrade in Laboratory ...
2015-07-28 23:36:27 : Updating village values [E]: 5717330 [D]: 61116
2015-07-28 23:36:28 : Trouble finding research button, try again...
2015-07-28 23:36:29 : No free builder, Upgrade Walls skipped..
2015-07-28 23:36:45 : Collecting Resources
2015-07-28 23:36:52 : Time Idle: 00:00:19
2015-07-28 23:36:53 : Trying to locate Main Screen
2015-07-28 23:36:53 : Main Screen Located
2015-07-28 23:36:54 : Halt Attack, Stay Online/Collect...
2015-07-28 23:36:55 : Collecting Resources
2015-07-28 23:37:02 : Checking if Village needs Rearming..
2015-07-28 23:37:11 : Village Report
2015-07-28 23:37:11 : No. of Free/Total Builders: 0/4
2015-07-28 23:37:11 :  [T]: 1 389
2015-07-28 23:37:11 :  [G]: 2 204 483 [E]: 5 717 330 [D]: 61 116 [GEM]: 948
2015-07-28 23:37:15 : Checking Troop Upgrade in Laboratory ...
2015-07-28 23:37:15 : Updating village values [E]: 5717330 [D]: 61116
2015-07-28 23:37:17 : Trouble finding research button, try again...
2015-07-28 23:37:18 : No free builder, Upgrade Walls skipped..
2015-07-28 23:37:35 : Time Idle: 00:00:13
2015-07-28 23:37:36 : Trying to locate Main Screen
2015-07-28 23:37:36 : Main Screen Located
2015-07-28 23:37:37 : Halt Attack, Stay Online/Collect...
2015-07-28 23:37:38 : Collecting Resources
2015-07-28 23:37:45 : Checking if Village needs Rearming..
2015-07-28 23:37:54 : Village Report
2015-07-28 23:37:54 : No. of Free/Total Builders: 0/4
2015-07-28 23:37:54 :  [T]: 1 389
2015-07-28 23:37:54 :  [G]: 2 204 483 [E]: 5 717 330 [D]: 61 116 [GEM]: 948
2015-07-28 23:37:59 : Checking Troop Upgrade in Laboratory ...
2015-07-28 23:37:59 : Updating village values [E]: 5717330 [D]: 61116
2015-07-28 23:38:00 : Trouble finding research button, try again...
2015-07-28 23:38:01 : No free builder, Upgrade Walls skipped..
2015-07-28 23:38:18 : Time Idle: 00:00:14
2015-07-28 23:38:19 : Trying to locate Main Screen
2015-07-28 23:38:19 : Main Screen Located
2015-07-28 23:38:20 : Halt Attack, Stay Online/Collect...
2015-07-28 23:38:22 : Collecting Resources
2015-07-28 23:38:29 : Checking if Village needs Rearming..
2015-07-28 23:38:37 : Village Report
2015-07-28 23:38:37 : No. of Free/Total Builders: 0/4
2015-07-28 23:38:37 :  [T]: 1 389
2015-07-28 23:38:37 :  [G]: 2 204 483 [E]: 5 717 330 [D]: 61 118 [GEM]: 948
2015-07-28 23:38:42 : Checking Troop Upgrade in Laboratory ...
2015-07-28 23:38:42 : Updating village values [E]: 5717330 [D]: 61118
2015-07-28 23:38:43 : Trouble finding research button, try again...
2015-07-28 23:38:44 : No free builder, Upgrade Walls skipped..
2015-07-28 23:39:01 : Time Idle: 00:00:14
2015-07-28 23:39:03 : Trying to locate Main Screen
2015-07-28 23:39:03 : Main Screen Located
2015-07-28 23:39:03 : Halt Attack, Stay Online/Collect...
2015-07-28 23:39:05 : Collecting Resources
2015-07-28 23:39:12 : Checking if Village needs Rearming..
2015-07-28 23:39:20 : Village Report
2015-07-28 23:39:20 : No. of Free/Total Builders: 0/4
2015-07-28 23:39:20 :  [T]: 1 389
2015-07-28 23:39:21 :  [G]: 2 204 483 [E]: 5 717 330 [D]: 61 118 [GEM]: 948
2015-07-28 23:39:25 : Checking Troop Upgrade in Laboratory ...
2015-07-28 23:39:25 : Updating village values [E]: 5717330 [D]: 61118
2015-07-28 23:39:26 : Trouble finding research button, try again...
2015-07-28 23:39:27 : No free builder, Upgrade Walls skipped..
2015-07-28 23:39:45 : Time Idle: 00:00:14
2015-07-28 23:39:46 : Trying to locate Main Screen
2015-07-28 23:39:46 : Main Screen Located
2015-07-28 23:39:47 : Halt Attack, Stay Online/Collect...
2015-07-28 23:39:48 : Collecting Resources
2015-07-28 23:39:55 : Checking if Village needs Rearming..
2015-07-28 23:40:04 : Village Report
2015-07-28 23:40:04 : No. of Free/Total Builders: 0/4
2015-07-28 23:40:04 :  [T]: 1 389
2015-07-28 23:40:04 :  [G]: 2 204 483 [E]: 5 717 330 [D]: 61 118 [GEM]: 948
2015-07-28 23:40:08 : Checking Troop Upgrade in Laboratory ...
2015-07-28 23:40:08 : Updating village values [E]: 5717330 [D]: 61118
2015-07-28 23:40:10 : Trouble finding research button, try again...
2015-07-28 23:40:11 : No free builder, Upgrade Walls skipped..
2015-07-28 23:40:28 : Time Idle: 00:00:14
2015-07-28 23:40:29 : Trying to locate Main Screen
2015-07-28 23:40:29 : Main Screen Located
2015-07-28 23:40:30 : Halt Attack, Stay Online/Collect...
2015-07-28 23:40:31 : Collecting Resources
2015-07-28 23:40:38 : Checking if Village needs Rearming..
2015-07-28 23:40:47 : Village Report
2015-07-28 23:40:47 : No. of Free/Total Builders: 0/4
2015-07-28 23:40:48 :  [T]: 1 389
2015-07-28 23:40:48 :  [G]: 2 204 483 [E]: 5 717 330 [D]: 61 120 [GEM]: 948
2015-07-28 23:40:52 : Checking Troop Upgrade in Laboratory ...
2015-07-28 23:40:52 : Updating village values [E]: 5717330 [D]: 61120
2015-07-28 23:40:54 : Trouble finding research button, try again...
2015-07-28 23:40:55 : No free builder, Upgrade Walls skipped..
2015-07-28 23:41:11 : Time Idle: 00:00:13
2015-07-28 23:41:13 : Trying to locate Main Screen
2015-07-28 23:41:13 : Main Screen Located
2015-07-28 23:41:13 : Halt Attack, Stay Online/Collect...
2015-07-28 23:41:15 : Collecting Resources
2015-07-28 23:41:22 : Checking if Village needs Rearming..
2015-07-28 23:41:30 : Village Report
2015-07-28 23:41:30 : No. of Free/Total Builders: 0/4
2015-07-28 23:41:30 :  [T]: 1 389
2015-07-28 23:41:31 :  [G]: 2 204 483 [E]: 5 717 537 [D]: 61 120 [GEM]: 948
2015-07-28 23:41:35 : Checking Troop Upgrade in Laboratory ...
2015-07-28 23:41:35 : Updating village values [E]: 5717537 [D]: 61120
2015-07-28 23:41:36 : Trouble finding research button, try again...
2015-07-28 23:41:37 : No free builder, Upgrade Walls skipped..
2015-07-28 23:41:54 : Time Idle: 00:00:14
2015-07-28 23:41:56 : Trying to locate Main Screen
2015-07-28 23:41:56 : Main Screen Located
2015-07-28 23:41:56 : Halt Attack, Stay Online/Collect...
2015-07-28 23:41:58 : Collecting Resources
2015-07-28 23:42:05 : Checking if Village needs Rearming..
2015-07-28 23:42:13 : Village Report
2015-07-28 23:42:14 : No. of Free/Total Builders: 0/4
2015-07-28 23:42:14 :  [T]: 1 389
2015-07-28 23:42:14 :  [G]: 2 204 483 [E]: 5 718 453 [D]: 61 120 [GEM]: 948
2015-07-28 23:42:18 : Checking Troop Upgrade in Laboratory ...
2015-07-28 23:42:18 : Updating village values [E]: 5718453 [D]: 61120
2015-07-28 23:42:20 : Trouble finding research button, try again...
2015-07-28 23:42:21 : No free builder, Upgrade Walls skipped..
2015-07-28 23:42:38 : Time Idle: 00:00:13
2015-07-28 23:42:39 : Trying to locate Main Screen
2015-07-28 23:42:39 : Main Screen Located
2015-07-28 23:42:40 : Halt Attack, Stay Online/Collect...
2015-07-28 23:42:41 : Collecting Resources
2015-07-28 23:42:48 : Checking if Village needs Rearming..
2015-07-28 23:42:57 : Village Report
2015-07-28 23:42:57 : No. of Free/Total Builders: 0/4
2015-07-28 23:42:57 :  [T]: 1 389
2015-07-28 23:42:57 :  [G]: 2 204 483 [E]: 5 718 453 [D]: 61 122 [GEM]: 948
2015-07-28 23:43:01 : Checking Troop Upgrade in Laboratory ...
2015-07-28 23:43:01 : Updating village values [E]: 5718453 [D]: 61122
2015-07-28 23:43:03 : Trouble finding research button, try again...
2015-07-28 23:43:04 : No free builder, Upgrade Walls skipped..
2015-07-28 23:43:21 : Time Idle: 00:00:14
2015-07-28 23:43:22 : Trying to locate Main Screen
2015-07-28 23:43:22 : Main Screen Located
2015-07-28 23:43:23 : Halt Attack, Stay Online/Collect...
2015-07-28 23:43:24 : Collecting Resources
2015-07-28 23:43:31 : Checking if Village needs Rearming..
2015-07-28 23:43:39 : Village Report
2015-07-28 23:43:40 : No. of Free/Total Builders: 0/4
2015-07-28 23:43:40 :  [T]: 1 389
2015-07-28 23:43:40 :  [G]: 2 204 483 [E]: 5 718 453 [D]: 61 122 [GEM]: 948
2015-07-28 23:43:44 : Checking Troop Upgrade in Laboratory ...
2015-07-28 23:43:44 : Updating village values [E]: 5718453 [D]: 61122
2015-07-28 23:43:46 : Trouble finding research button, try again...
2015-07-28 23:43:47 : No free builder, Upgrade Walls skipped..
2015-07-28 23:44:04 : Time Idle: 00:00:13
2015-07-28 23:44:05 : Trying to locate Main Screen
2015-07-28 23:44:05 : Main Screen Located
2015-07-28 23:44:06 : Halt Attack, Stay Online/Collect...
2015-07-28 23:44:07 : Collecting Resources
2015-07-28 23:44:14 : Checking if Village needs Rearming..
2015-07-28 23:44:22 : Village Report
2015-07-28 23:44:22 : No. of Free/Total Builders: 0/4
2015-07-28 23:44:22 :  [T]: 1 389
2015-07-28 23:44:23 :  [G]: 2 204 483 [E]: 5 718 453 [D]: 61 122 [GEM]: 948
2015-07-28 23:44:27 : Checking Troop Upgrade in Laboratory ...
2015-07-28 23:44:27 : Updating village values [E]: 5718453 [D]: 61122
2015-07-28 23:44:29 : Trouble finding research button, try again...
2015-07-28 23:44:30 : No free builder, Upgrade Walls skipped..
2015-07-28 23:44:46 : Collecting Resources
2015-07-28 23:44:53 : Time Idle: 00:00:20
2015-07-28 23:44:54 : Trying to locate Main Screen
2015-07-28 23:44:54 : Main Screen Located
2015-07-28 23:44:55 : Halt Attack, Stay Online/Collect...
2015-07-28 23:44:56 : Collecting Resources
2015-07-28 23:45:03 : Checking if Village needs Rearming..
2015-07-28 23:45:12 : Village Report
2015-07-28 23:45:12 : No. of Free/Total Builders: 0/4
2015-07-28 23:45:12 :  [T]: 1 389
2015-07-28 23:45:12 :  [G]: 2 205 737 [E]: 5 718 453 [D]: 61 124 [GEM]: 948
2015-07-28 23:45:16 : Checking Troop Upgrade in Laboratory ...
2015-07-28 23:45:16 : Updating village values [E]: 5718453 [D]: 61124
2015-07-28 23:45:18 : Trouble finding research button, try again...
2015-07-28 23:45:19 : No free builder, Upgrade Walls skipped..
2015-07-28 23:45:36 : Time Idle: 00:00:14
2015-07-28 23:45:37 : Trying to locate Main Screen
2015-07-28 23:45:37 : Main Screen Located
2015-07-28 23:45:38 : Halt Attack, Stay Online/Collect...
2015-07-28 23:45:39 : Collecting Resources
2015-07-28 23:45:47 : Checking if Village needs Rearming..
2015-07-28 23:45:55 : Village Report
2015-07-28 23:45:55 : No. of Free/Total Builders: 0/4
2015-07-28 23:45:55 :  [T]: 1 389
2015-07-28 23:45:55 :  [G]: 2 205 737 [E]: 5 718 453 [D]: 61 124 [GEM]: 948
2015-07-28 23:46:00 : Checking Troop Upgrade in Laboratory ...
2015-07-28 23:46:00 : Updating village values [E]: 5718453 [D]: 61124
2015-07-28 23:46:01 : Trouble finding research button, try again...
2015-07-28 23:46:02 : No free builder, Upgrade Walls skipped..
2015-07-28 23:46:19 : Time Idle: 00:00:14
2015-07-28 23:46:21 : Trying to locate Main Screen
2015-07-28 23:46:21 : Main Screen Located
2015-07-28 23:46:21 : Halt Attack, Stay Online/Collect...
2015-07-28 23:46:23 : Collecting Resources
2015-07-28 23:46:30 : Checking if Village needs Rearming..
2015-07-28 23:46:38 : Village Report
2015-07-28 23:46:38 : No. of Free/Total Builders: 0/4
2015-07-28 23:46:38 :  [T]: 1 389
2015-07-28 23:46:38 :  [G]: 2 205 737 [E]: 5 718 453 [D]: 61 124 [GEM]: 948
2015-07-28 23:46:43 : Checking Troop Upgrade in Laboratory ...
2015-07-28 23:46:43 : Updating village values [E]: 5718453 [D]: 61124
2015-07-28 23:46:44 : Trouble finding research button, try again...
2015-07-28 23:46:45 : No free builder, Upgrade Walls skipped..
2015-07-28 23:47:02 : Time Idle: 00:00:13
2015-07-28 23:47:03 : Trying to locate Main Screen
2015-07-28 23:47:03 : Main Screen Located
2015-07-28 23:47:04 : Halt Attack, Stay Online/Collect...
2015-07-28 23:47:06 : Collecting Resources
2015-07-28 23:47:13 : Checking if Village needs Rearming..
2015-07-28 23:47:21 : Village Report
2015-07-28 23:47:21 : No. of Free/Total Builders: 0/4
2015-07-28 23:47:21 :  [T]: 1 389
2015-07-28 23:47:21 :  [G]: 2 205 737 [E]: 5 718 453 [D]: 61 126 [GEM]: 948
2015-07-28 23:47:26 : Checking Troop Upgrade in Laboratory ...
2015-07-28 23:47:26 : Updating village values [E]: 5718453 [D]: 61126
2015-07-28 23:47:27 : Trouble finding research button, try again...
2015-07-28 23:47:28 : No free builder, Upgrade Walls skipped..
2015-07-28 23:47:46 : Time Idle: 00:00:14
2015-07-28 23:47:47 : Trying to locate Main Screen
2015-07-28 23:47:47 : Main Screen Located
2015-07-28 23:47:48 : Halt Attack, Stay Online/Collect...
2015-07-28 23:47:49 : Collecting Resources
2015-07-28 23:47:56 : Checking if Village needs Rearming..
2015-07-28 23:48:04 : Village Report
2015-07-28 23:48:04 : No. of Free/Total Builders: 0/4
2015-07-28 23:48:05 :  [T]: 1 389
2015-07-28 23:48:05 :  [G]: 2 205 737 [E]: 5 718 453 [D]: 61 126 [GEM]: 948
2015-07-28 23:48:09 : Checking Troop Upgrade in Laboratory ...
2015-07-28 23:48:09 : Updating village values [E]: 5718453 [D]: 61126
2015-07-28 23:48:11 : Trouble finding research button, try again...
2015-07-28 23:48:12 : No free builder, Upgrade Walls skipped..
2015-07-28 23:48:27 : Waiting for Main Screen
2015-07-28 23:48:34 : Trying to locate Main Screen
2015-07-28 23:48:34 : Main Screen Located
2015-07-28 23:48:35 : Halt Attack, Stay Online/Collect...
2015-07-28 23:48:37 : Collecting Resources
2015-07-28 23:48:43 : Checking if Village needs Rearming..
2015-07-28 23:48:51 : Village Report
2015-07-28 23:48:52 : Cannot get Free/Total Builders
2015-07-28 23:48:52 : No. of Free/Total Builders: 0/0
2015-07-28 23:48:52 :  [T]: 1 389
2015-07-28 23:48:52 :  [G]: 2 205 737 [E]: 5 718 684 [D]: 61 126 [GEM]: 948
2015-07-28 23:48:56 : Checking Troop Upgrade in Laboratory ...
2015-07-28 23:48:56 : Updating village values [E]: 5718684 [D]: 61126
2015-07-28 23:48:58 : Trouble finding research button, try again...
2015-07-28 23:48:59 : No free builder, Upgrade Walls skipped..
2015-07-28 23:49:16 : Waiting for Main Screen
2015-07-28 23:49:19 : Trying to locate Main Screen
2015-07-28 23:49:19 : Main Screen Located
2015-07-28 23:49:20 : Halt Attack, Stay Online/Collect...
2015-07-28 23:49:22 : Collecting Resources
2015-07-28 23:49:28 : Checking if Village needs Rearming..
2015-07-28 23:49:37 : Village Report
2015-07-28 23:49:37 : Cannot get Free/Total Builders
2015-07-28 23:49:37 : No. of Free/Total Builders: 0/0
2015-07-28 23:49:37 :  [T]: 1 389
2015-07-28 23:49:37 :  [G]: 2 205 737 [E]: 5 719 612 [D]: 61 128 [GEM]: 948
2015-07-28 23:49:42 : Checking Troop Upgrade in Laboratory ...
2015-07-28 23:49:42 : Updating village values [E]: 5719612 [D]: 61128
2015-07-28 23:49:43 : Trouble finding research button, try again...
2015-07-28 23:49:44 : No free builder, Upgrade Walls skipped..
2015-07-28 23:50:01 : Waiting for Main Screen
2015-07-28 23:50:05 : Trying to locate Main Screen
2015-07-28 23:50:05 : Main Screen Located
2015-07-28 23:50:06 : Halt Attack, Stay Online/Collect...
2015-07-28 23:50:07 : Collecting Resources
2015-07-28 23:50:14 : Checking if Village needs Rearming..
2015-07-28 23:50:22 : Village Report
2015-07-28 23:50:22 : Cannot get Free/Total Builders
2015-07-28 23:50:22 : No. of Free/Total Builders: 0/0
2015-07-28 23:50:22 :  [T]: 1 389
2015-07-28 23:50:23 :  [G]: 2 205 737 [E]: 5 719 612 [D]: 61 128 [GEM]: 948
2015-07-28 23:50:27 : Checking Troop Upgrade in Laboratory ...
2015-07-28 23:50:27 : Updating village values [E]: 5719612 [D]: 61128
2015-07-28 23:50:28 : Trouble finding research button, try again...
2015-07-28 23:50:29 : No free builder, Upgrade Walls skipped..
2015-07-28 23:50:46 : Waiting for Main Screen
2015-07-28 23:50:50 : Trying to locate Main Screen
2015-07-28 23:50:50 : Main Screen Located
2015-07-28 23:50:51 : Halt Attack, Stay Online/Collect...
2015-07-28 23:50:52 : Collecting Resources
2015-07-28 23:50:59 : Checking if Village needs Rearming..
2015-07-28 23:51:07 : Village Report
2015-07-28 23:51:07 : Cannot get Free/Total Builders
2015-07-28 23:51:07 : No. of Free/Total Builders: 0/0
2015-07-28 23:51:07 :  [T]: 1 389
2015-07-28 23:51:08 :  [G]: 2 205 737 [E]: 5 719 612 [D]: 61 128 [GEM]: 948
2015-07-28 23:51:12 : Checking Troop Upgrade in Laboratory ...
2015-07-28 23:51:12 : Updating village values [E]: 5719612 [D]: 61128
2015-07-28 23:51:13 : Trouble finding research button, try again...
2015-07-28 23:51:14 : No free builder, Upgrade Walls skipped..
2015-07-28 23:51:31 : Waiting for Main Screen
2015-07-28 23:51:35 : Trying to locate Main Screen
2015-07-28 23:51:35 : Main Screen Located
2015-07-28 23:51:36 : Halt Attack, Stay Online/Collect...
2015-07-28 23:51:37 : Collecting Resources
2015-07-28 23:51:44 : Checking if Village needs Rearming..
2015-07-28 23:51:53 : Village Report
2015-07-28 23:51:53 : Cannot get Free/Total Builders
2015-07-28 23:51:53 : No. of Free/Total Builders: 0/0
2015-07-28 23:51:53 :  [T]: 1 389
2015-07-28 23:51:53 :  [G]: 2 205 737 [E]: 5 719 612 [D]: 61 130 [GEM]: 948
2015-07-28 23:51:58 : Checking Troop Upgrade in Laboratory ...
2015-07-28 23:51:58 : Updating village values [E]: 5719612 [D]: 61130
2015-07-28 23:51:59 : Trouble finding research button, try again...
2015-07-28 23:52:00 : No free builder, Upgrade Walls skipped..
2015-07-28 23:52:17 : Waiting for Main Screen
2015-07-28 23:52:21 : Trying to locate Main Screen
2015-07-28 23:52:21 : Main Screen Located
2015-07-28 23:52:21 : Halt Attack, Stay Online/Collect...
2015-07-28 23:52:23 : Collecting Resources
2015-07-28 23:52:29 : Checking if Village needs Rearming..
2015-07-28 23:52:38 : Village Report
2015-07-28 23:52:38 : Cannot get Free/Total Builders
2015-07-28 23:52:38 : No. of Free/Total Builders: 0/0
2015-07-28 23:52:38 :  [T]: 1 389
2015-07-28 23:52:38 :  [G]: 2 205 737 [E]: 5 719 612 [D]: 61 130 [GEM]: 948
2015-07-28 23:52:42 : Checking Troop Upgrade in Laboratory ...
2015-07-28 23:52:43 : Updating village values [E]: 5719612 [D]: 61130
2015-07-28 23:52:44 : Trouble finding research button, try again...
2015-07-28 23:52:45 : No free builder, Upgrade Walls skipped..
2015-07-28 23:53:02 : Waiting for Main Screen
2015-07-28 23:53:06 : Trying to locate Main Screen
2015-07-28 23:53:06 : Main Screen Located
2015-07-28 23:53:06 : Halt Attack, Stay Online/Collect...
2015-07-28 23:53:08 : Collecting Resources
2015-07-28 23:53:15 : Checking if Village needs Rearming..
2015-07-28 23:53:23 : Village Report
2015-07-28 23:53:23 : Cannot get Free/Total Builders
2015-07-28 23:53:23 : No. of Free/Total Builders: 0/0
2015-07-28 23:53:23 :  [T]: 1 389
2015-07-28 23:53:23 :  [G]: 2 205 737 [E]: 5 719 612 [D]: 61 130 [GEM]: 948
2015-07-28 23:53:28 : Checking Troop Upgrade in Laboratory ...
2015-07-28 23:53:28 : Updating village values [E]: 5719612 [D]: 61130
2015-07-28 23:53:29 : Trouble finding research button, try again...
2015-07-28 23:53:30 : No free builder, Upgrade Walls skipped..
2015-07-28 23:53:47 : Waiting for Main Screen
2015-07-28 23:53:51 : Trying to locate Main Screen
2015-07-28 23:53:51 : Main Screen Located
2015-07-28 23:53:52 : Halt Attack, Stay Online/Collect...
2015-07-28 23:53:53 : Collecting Resources
2015-07-28 23:54:00 : Checking if Village needs Rearming..
2015-07-28 23:54:08 : Village Report
2015-07-28 23:54:08 : Cannot get Free/Total Builders
2015-07-28 23:54:08 : No. of Free/Total Builders: 0/0
2015-07-28 23:54:08 :  [T]: 1 389
2015-07-28 23:54:09 :  [G]: 2 205 737 [E]: 5 719 612 [D]: 61 132 [GEM]: 948
2015-07-28 23:54:13 : Checking Troop Upgrade in Laboratory ...
2015-07-28 23:54:13 : Updating village values [E]: 5719612 [D]: 61132
2015-07-28 23:54:14 : Trouble finding research button, try again...
2015-07-28 23:54:15 : No free builder, Upgrade Walls skipped..
2015-07-28 23:54:32 : Waiting for Main Screen
2015-07-28 23:54:36 : Trying to locate Main Screen
2015-07-28 23:54:36 : Main Screen Located
2015-07-28 23:54:37 : Halt Attack, Stay Online/Collect...
2015-07-28 23:54:38 : Collecting Resources
2015-07-28 23:54:45 : Checking if Village needs Rearming..
2015-07-28 23:54:54 : Village Report
2015-07-28 23:54:54 : Cannot get Free/Total Builders
2015-07-28 23:54:54 : No. of Free/Total Builders: 0/0
2015-07-28 23:54:54 :  [T]: 1 389
2015-07-28 23:54:54 :  [G]: 2 206 965 [E]: 5 719 612 [D]: 61 132 [GEM]: 948
2015-07-28 23:54:58 : Checking Troop Upgrade in Laboratory ...
2015-07-28 23:54:59 : Updating village values [E]: 5719612 [D]: 61132
2015-07-28 23:55:00 : Trouble finding research button, try again...
2015-07-28 23:55:01 : No free builder, Upgrade Walls skipped..
2015-07-28 23:55:18 : Time Idle: 00:00:13
2015-07-28 23:55:19 : Trying to locate Main Screen
2015-07-28 23:55:19 : Main Screen Located
2015-07-28 23:55:20 : Halt Attack, Stay Online/Collect...
2015-07-28 23:55:21 : Collecting Resources
2015-07-28 23:55:28 : Checking if Village needs Rearming..
2015-07-28 23:55:36 : Village Report
2015-07-28 23:55:36 : Cannot get Free/Total Builders
2015-07-28 23:55:36 : No. of Free/Total Builders: 0/0
2015-07-28 23:55:36 :  [T]: 1 389
2015-07-28 23:55:36 :  [G]: 2 206 965 [E]: 5 719 612 [D]: 61 132 [GEM]: 948
2015-07-28 23:55:41 : Checking Troop Upgrade in Laboratory ...
2015-07-28 23:55:41 : Updating village values [E]: 5719612 [D]: 61132
2015-07-28 23:55:43 : Trouble finding research button, try again...
2015-07-28 23:55:43 : No free builder, Upgrade Walls skipped..
2015-07-28 23:56:00 : Waiting for Main Screen
2015-07-28 23:56:04 : Trying to locate Main Screen
2015-07-28 23:56:05 : Main Screen Located
2015-07-28 23:56:05 : Halt Attack, Stay Online/Collect...
2015-07-28 23:56:07 : Collecting Resources
2015-07-28 23:56:13 : Checking if Village needs Rearming..
2015-07-28 23:56:22 : Waiting for Main Screen
2015-07-28 23:56:24 : Trying to locate Main Screen
2015-07-28 23:56:24 : Main Screen Located
2015-07-28 23:56:24 : Halt Attack, Stay Online/Collect...
2015-07-28 23:56:26 : Collecting Resources
2015-07-28 23:56:33 : Checking if Village needs Rearming..
2015-07-28 23:56:42 : Village Report
2015-07-28 23:56:42 : No. of Free/Total Builders: 0/4
2015-07-28 23:56:42 :  [T]: 1 389
2015-07-28 23:56:42 :  [G]: 2 206 965 [E]: 5 720 737 [D]: 61 134 [GEM]: 948
2015-07-28 23:56:46 : Checking Troop Upgrade in Laboratory ...
2015-07-28 23:56:47 : Updating village values [E]: 5720737 [D]: 61134
2015-07-28 23:56:48 : Trouble finding research button, try again...
2015-07-28 23:56:49 : No free builder, Upgrade Walls skipped..
2015-07-28 23:57:02 : ClashGameBot was Paused!
