2015-08-02 00:40:06 : ~~~ Clash Game Bot v4.1 Powered by GameBot.org ~~~
2015-08-02 00:40:06 : GameBot.org.exe Executable running on WIN_7  X64
2015-08-02 00:40:06 : =================== Bot Start ====================
2015-08-02 00:40:06 : -------------------------  Current Profile: 01 --------------------------
2015-08-02 00:40:06 : Trying to locate Main Screen
2015-08-02 00:40:06 : Main Screen Located
2015-08-02 00:40:07 : Detecting your Buildings..
2015-08-02 00:40:12 : Language setting is English: Correct.
2015-08-02 00:40:13 : Trying to locate Main Screen
2015-08-02 00:40:13 : Main Screen Located
2015-08-02 00:40:13 : Gold Storages are full!
2015-08-02 00:40:13 : Halt Attack, Stay Online/Train/Collect/Donate...
2015-08-02 00:40:15 : Collecting Resources
2015-08-02 00:40:21 : Checking if Village needs Rearming..
2015-08-02 00:40:29 : Village Report
2015-08-02 00:40:29 : No. of Free/Total Builders: 0/4
2015-08-02 00:40:29 :  [T]: 1 649
2015-08-02 00:40:29 :  [G]: 6 001 000 [E]: 4 681 143 [D]: 61 088 [GEM]: 954
2015-08-02 00:40:33 : Checking Army Camp...
2015-08-02 00:40:34 : Total Army Camp capacity: 113/200
2015-08-02 00:40:35 :  - No. of Barbarians: 35
2015-08-02 00:40:36 :  - No. of Archers: 78
2015-08-02 00:40:36 : Barracks and Spell factory status: 
2015-08-02 00:40:36 : - Barracks detected: 4 | Available: 3 | Upgrading: 1
2015-08-02 00:40:36 : - Dark Barracks detected: 2 | Available: 2 | Upgrading: 0
2015-08-02 00:40:36 : - Spell factory detected: 1 | Available: 1 | Upgrading: 0
2015-08-02 00:40:36 : - Dark Spell factory detected: 1 | Available: 0 | Upgrading: 1
2015-08-02 00:40:36 : Training Troops...
