2015-08-18 08:14:24 :  Clash Game Bot v4.1.1-6 merge Powered by GameBot.org 
2015-08-18 08:14:24 : GameBot.org.exe Executable running on WIN_7 Service Pack 1 X64
2015-08-18 08:14:24 : =================== Bot Start ====================
2015-08-18 08:14:24 : -------------------------  Current Profile: 01 --------------------------
2015-08-18 08:14:24 : Trying to locate Main Screen
2015-08-18 08:14:24 : Main Screen Located
2015-08-18 08:14:25 : Detecting your Buildings..
2015-08-18 08:14:33 : Language setting is English: Correct.
2015-08-18 08:14:34 : Trying to locate Main Screen
2015-08-18 08:14:34 : Main Screen Located
2015-08-18 08:14:36 : Village Report
2015-08-18 08:14:36 : No. of Free/Total Builders: 0/4
2015-08-18 08:14:36 :  [T]: 2 600
2015-08-18 08:14:36 :  [G]: 5 391 628 [E]: 4 543 603 [D]: 6 893 [GEM]: 57
2015-08-18 08:14:36 : Collecting Resources
2015-08-18 08:14:44 : ClashGameBot was Paused!
2015-08-18 08:14:53 : ClashGameBot was Resumed.
2015-08-18 08:14:58 : Chat Request: def
2015-08-18 08:14:58 : Custom Donation Keyword found: def
2015-08-18 08:15:01 : No Giants available to donate..
2015-08-18 08:15:05 : No Minions available to donate..
2015-08-18 08:15:05 : Donating 6 Archers
2015-08-18 08:15:07 : Chat Request: any
2015-08-18 08:15:07 : Custom Donation Keyword found: any
2015-08-18 08:15:10 : No Giants available to donate..
2015-08-18 08:15:12 : ClashGameBot was Paused!
2015-08-18 08:15:55 : ClashGameBot was Resumed.
2015-08-18 08:15:57 : Unable to donate Minions. Donate screen not visible, will retry next run.
2015-08-18 08:16:01 : No Archers available to donate..
2015-08-18 08:16:06 : Waiting for Main Screen
2015-08-18 08:16:09 : Trying to locate Main Screen
2015-08-18 08:16:09 : Main Screen Located
2015-08-18 08:16:11 : Village Report
2015-08-18 08:16:11 : No. of Free/Total Builders: 0/4
2015-08-18 08:16:11 :  [T]: 2 600
2015-08-18 08:16:11 :  [G]: 5 398 487 [E]: 4 550 822 [D]: 6 673 [GEM]: 57
2015-08-18 08:16:12 : Collecting Resources
2015-08-18 08:16:23 : Chat Request: any
2015-08-18 08:16:23 : Custom Donation Keyword found: any
2015-08-18 08:16:26 : No Giants available to donate..
2015-08-18 08:16:29 : No Minions available to donate..
2015-08-18 08:16:30 : Donating 6 Archers
2015-08-18 08:16:32 : Chat Request: barchers
2015-08-18 08:16:32 : Barbarians Keyword found: barch
2015-08-18 08:16:35 : No Barbarians available to donate..
2015-08-18 08:16:36 : Archers Keyword found: arc
2015-08-18 08:16:39 : No Archers available to donate..
2015-08-18 08:16:41 : Chat Request: drag po plsss
2015-08-18 08:16:41 : Dragons Keyword found: drag
2015-08-18 08:16:44 : No Dragons available to donate..
2015-08-18 08:16:46 : Checking Army Camp...
2015-08-18 08:16:48 : Total Army Camp capacity: 102/220
2015-08-18 08:16:50 :  - No. of Barbarians: 2
2015-08-18 08:16:51 :  - No. of Archers: 100
2015-08-18 08:16:51 : Barracks and Spell factory status: 
2015-08-18 08:16:51 : - Barracks detected: 4 | Available: 4 | Upgrading: 0
2015-08-18 08:16:51 : - Dark Barracks detected: 2 | Available: 2 | Upgrading: 0
2015-08-18 08:16:51 : - Spell factory detected: 1 | Available: 1 | Upgrading: 0
2015-08-18 08:16:51 : - Dark Spell factory detected: 1 | Available: 1 | Upgrading: 0
2015-08-18 08:16:51 : Training Troops...
2015-08-18 08:17:09 : Spell Factory Full
2015-08-18 08:17:09 : Created 1 Spell(s)
2015-08-18 08:17:11 : 0
2015-08-18 08:17:13 : Requesting Clan Castle Troops
2015-08-18 08:17:19 : ====== Waiting for full army ======
2015-08-18 08:17:30 : Checking Army Camp...
2015-08-18 08:17:34 : Total Army Camp capacity: 9/220
2015-08-18 08:17:36 :  - No. of Barbarians: 6
2015-08-18 08:17:36 :  - No. of Archers: 103
2015-08-18 08:17:36 : Training Troops...
2015-08-18 08:17:43 : Spell Factory Full
2015-08-18 08:17:45 : Time Idle: 00:00:25
2015-08-18 08:17:45 : ====== Waiting for full army ======
2015-08-18 08:17:57 : Checking Army Camp...
2015-08-18 08:17:58 : Total Army Camp capacity: 113/220
2015-08-18 08:18:00 :  - No. of Barbarians: 7
2015-08-18 08:18:00 :  - No. of Archers: 106
2015-08-18 08:18:00 : Training Troops...
2015-08-18 08:18:09 : Spell Factory Full
2015-08-18 08:18:10 : ClashGameBot was Paused!
2015-08-18 08:18:17 : ClashGameBot was Resumed.
2015-08-18 08:18:18 : Time Idle: 00:00:59
2015-08-18 08:18:18 : ====== Waiting for full army ======
2015-08-18 08:18:30 : Checking Army Camp...
2015-08-18 08:18:32 : Total Army Camp capacity: 129/220
2015-08-18 08:18:33 :  - No. of Barbarians: 23
2015-08-18 08:18:33 :  - No. of Archers: 106
2015-08-18 08:18:34 : Training Troops...
2015-08-18 08:18:42 : Spell Factory Full
2015-08-18 08:18:44 : Time Idle: 00:01:24
2015-08-18 08:18:44 : ====== Waiting for full army ======
2015-08-18 08:18:56 : Checking Army Camp...
2015-08-18 08:18:58 : Total Army Camp capacity: 149/220
2015-08-18 08:18:59 :  - No. of Barbarians: 44
2015-08-18 08:18:59 :  - No. of Archers: 106
2015-08-18 08:19:00 : Training Troops...
2015-08-18 08:19:08 : Spell Factory Full
2015-08-18 08:19:10 : Time Idle: 00:01:50
2015-08-18 08:19:10 : ====== Waiting for full army ======
2015-08-18 08:19:22 : Checking Army Camp...
2015-08-18 08:19:24 : Total Army Camp capacity: 171/220
2015-08-18 08:19:25 :  - No. of Barbarians: 65
2015-08-18 08:19:25 :  - No. of Archers: 106
2015-08-18 08:19:26 : Training Troops...
2015-08-18 08:19:34 : Spell Factory Full
2015-08-18 08:19:36 : Time Idle: 00:02:16
2015-08-18 08:19:36 : ====== Waiting for full army ======
2015-08-18 08:19:38 : Chat Request: wiz po
2015-08-18 08:19:38 : Wizards Keyword found: wiz
2015-08-18 08:19:41 : No Wizards available to donate..
2015-08-18 08:19:43 : Chat Request: barchers
2015-08-18 08:19:43 : Barbarians Keyword found: barch
2015-08-18 08:19:43 : Donating Barbarians
2015-08-18 08:19:45 : Chat Request: drag po plsss
2015-08-18 08:19:45 : Dragons Keyword found: drag
2015-08-18 08:19:48 : No Dragons available to donate..
2015-08-18 08:20:01 : Checking Army Camp...
2015-08-18 08:20:03 : Total Army Camp capacity: 200/220
2015-08-18 08:20:04 :  - No. of Barbarians: 94
2015-08-18 08:20:04 :  - No. of Archers: 106
2015-08-18 08:20:05 : Training Troops...
2015-08-18 08:20:14 : Spell Factory Full
2015-08-18 08:20:17 : Time Idle: 00:02:56
2015-08-18 08:20:17 : ====== Waiting for full army ======
2015-08-18 08:20:29 : Checking Army Camp...
2015-08-18 08:20:30 : Total Army Camp capacity: 220/220
2015-08-18 08:20:31 :  - No. of Barbarians: 114
2015-08-18 08:20:32 :  - No. of Archers: 106
2015-08-18 08:20:32 : Training Troops...
2015-08-18 08:20:33 : ClashGameBot was Paused!
2015-08-18 08:20:39 : ClashGameBot was Resumed.
2015-08-18 08:20:42 : Training Overview Window didn't open
2015-08-18 08:20:43 : Going to Attack...
2015-08-18 08:20:49 : ============== Searching For Dead Base ===============
2015-08-18 08:20:49 : ~~~~~~~~~~~~~~~ SEARCH CONDITIONS ~~~~~~~~~~~~~~~~
2015-08-18 08:20:49 : Meet: Gold or Elixir, Max TH 8
2015-08-18 08:20:49 : ~~~~~~~~~~~~~~ RESOURCE CONDITIONS ~~~~~~~~~~~~~~~
2015-08-18 08:20:49 : Aim: [G]:      0 [E]:      0 [D]:    0 [T]: 0 [TH]: 8 for: Dead Base
2015-08-18 08:20:49 : ============== Searching For Live Base ===============
2015-08-18 08:20:49 : ~~~~~~~~~~~~~~~ SEARCH CONDITIONS ~~~~~~~~~~~~~~~~
2015-08-18 08:20:49 : Meet: Gold or Elixir, Max TH 8
2015-08-18 08:20:49 : ~~~~~~~~~~~~~~ RESOURCE CONDITIONS ~~~~~~~~~~~~~~~
2015-08-18 08:20:49 : Aim: [G]:      0 [E]:      0 [D]:    0 [T]: 0 [TH]: 8 for: Live Base
2015-08-18 08:20:49 : ~~~~~~~~~~~~~~~ ADVANCED SETTINGS ~~~~~~~~~~~~~~~~
2015-08-18 08:20:49 : THSnipe Combo, 6 Tile(s), AttackTH, Attack6:PB6
2015-08-18 08:20:49 : ==================================================
2015-08-18 08:20:51 :   1> [G]:  71736 [E]: 148344 [D]: 1006 [T]:22 [TH]: 9, In
2015-08-18 08:20:57 :   2> [G]:  27964 [E]:  84721 [D]:  642 [T]:22 [TH]:10, In
2015-08-18 08:21:01 :   3> [G]:  63000 [E]:  73420 [D]:  355 [T]:15 [TH]: 9, In
2015-08-18 08:21:05 :   4> [G]:  53892 [E]:  41794 [D]:  539 [T]:32 [TH]: 9, In
2015-08-18 08:21:09 :   5> [G]:  71417 [E]: 174616 [D]:  919 [T]:17 [TH]:10, In
2015-08-18 08:21:15 :   6> [G]:  38927 [E]: 141557 [D]:  678 [T]:14 [TH]: 9, In
2015-08-18 08:21:20 :   7> [G]: 160910 [E]:  80382 [D]:  522 [T]:26 [TH]: 9, In
2015-08-18 08:21:25 :   8> [G]: 358767 [E]: 177313 [D]:  865 [T]:13 [TH]:10, In
2015-08-18 08:21:31 :   9> [G]:  50480 [E]: 103234 [D]:  994 [T]:25 [TH]:10, In
2015-08-18 08:21:35 :  10> [G]: 137098 [E]: 170843 [D]: 1213 [T]:18 [TH]: 9, In
2015-08-18 08:21:39 :  11> [G]:  17207 [E]:  56828 [D]:  321 [T]:17 [TH]: 9, In
2015-08-18 08:21:45 :  12> [G]:   6017 [E]:  32367 [D]:  813 [T]:13 [TH]:10, In
2015-08-18 08:21:50 :  13> [G]: 123762 [E]:  88028 [D]: 3457 [T]:28 [TH]:10, In
2015-08-18 08:21:54 :  14> [G]: 161933 [E]: 100117 [D]:  290 [T]:24 [TH]: 9, In
2015-08-18 08:21:58 :  15> [G]:  61100 [E]:  25334 [D]:  342 [T]:23 [TH]:10, In
2015-08-18 08:22:04 :  16> [G]:  86879 [E]:  20002 [D]:  632 [T]:19 [TH]: 9, In
2015-08-18 08:22:07 :  17> [G]:  86879 [E]:  20002 [D]:  632 [T]:19 [TH]: 9, In
2015-08-18 08:22:11 :  18> [G]:  80522 [E]:  70475 [D]: 1081 [T]:22 [TH]: 9, In
2015-08-18 08:22:17 :  19> [G]:  34519 [E]:  33869 [D]:  195 [T]:14 [TH]: 9, In
2015-08-18 08:22:21 :  20> [G]:  41504 [E]:  33051 [D]:  305 [T]:25 [TH]: 9, In
2015-08-18 08:22:25 :  21> [G]:  14955 [E]:  82019 [D]:  268 [T]:22 [TH]: 9, In
2015-08-18 08:22:30 :  22> [G]:   9611 [E]: 105102 [D]:  369 [T]:23 [TH]: 9, In
2015-08-18 08:22:36 :  23> [G]: 119028 [E]:  13494 [D]:  910 [T]:24 [TH]: 9, In
2015-08-18 08:22:40 :  24> [G]:  27544 [E]:  53629 [D]:  562 [T]:26 [TH]: 9, In
2015-08-18 08:22:46 :  25> [G]:  16719 [E]:  26956 [D]:  974 [T]:13 [TH]: 9, In
2015-08-18 08:22:52 :  26> [G]: 115957 [E]:  72797 [D]:  556 [T]:21 [TH]:10, In
2015-08-18 08:22:56 :  27> [G]:  56232 [E]:  19488 [D]:  833 [T]:21 [TH]: 9, In
2015-08-18 08:23:02 :  28> [G]:   7867 [E]:  17472 [D]:  783 [T]:21 [TH]: 9, In
2015-08-18 08:23:07 :  29> [G]:  71757 [E]:  52534 [D]:  895 [T]: 9 [TH]: 8, In
2015-08-18 08:23:07 : ~~~~~~~~~~~~~~~~ Live Base Found! ~~~~~~~~~~~~~~~~
2015-08-18 08:23:07 : ================ Search Complete =================
2015-08-18 08:23:07 : Initiating attack for: Live Base
2015-08-18 08:23:10 : -Barbarians 114
2015-08-18 08:23:10 : -Archers 106
2015-08-18 08:23:10 : -Clan Castle 
2015-08-18 08:23:10 : -Heal Spells 3
2015-08-18 08:23:10 :  ====== Start Attack ====== 
2015-08-18 08:23:12 : Attacking with four fingers
2015-08-18 08:23:13 : Dropping only wave of 114 Barbarians
2015-08-18 08:23:19 : Dropping only wave of 106 Archers
2015-08-18 08:23:24 : Dropping Clan Castle
2015-08-18 08:23:26 : Dropping left over troops
2015-08-18 08:23:26 : Checking remaining unused troops for: Live Base
2015-08-18 08:23:29 : -Clan Castle 
2015-08-18 08:23:29 : -Heal Spells 3
2015-08-18 08:23:37 : Checking remaining unused troops for: Live Base
2015-08-18 08:23:40 : -Clan Castle 
2015-08-18 08:23:40 : -Heal Spells 3
2015-08-18 08:23:49 : Finished Attacking, waiting for the battle to end
2015-08-18 08:23:49 : Checking if the battle has finished
2015-08-18 08:23:49 : One Star Reach, exit
2015-08-18 08:23:50 : Returning Home
2015-08-18 08:23:57 : Waiting for Main Screen
2015-08-18 08:24:05 : Zooming Out
2015-08-18 08:24:09 : ClashGameBot was Paused!
