2015-08-18 08:33:13 :  Clash Game Bot v4.1.1-6 merge Powered by GameBot.org 
2015-08-18 08:33:13 : GameBot.org.exe Executable running on WIN_7 Service Pack 1 X64
2015-08-18 08:33:13 : =================== Bot Start ====================
2015-08-18 08:33:13 : -------------------------  Current Profile: 01 --------------------------
2015-08-18 08:33:13 : Trying to locate Main Screen
2015-08-18 08:33:13 : Main Screen Located
2015-08-18 08:33:14 : Detecting your Buildings..
2015-08-18 08:33:22 : Language setting is English: Correct.
2015-08-18 08:33:23 : Trying to locate Main Screen
2015-08-18 08:33:23 : Main Screen Located
2015-08-18 08:33:25 : Village Report
2015-08-18 08:33:25 : No. of Free/Total Builders: 0/4
2015-08-18 08:33:25 :  [T]: 2 567
2015-08-18 08:33:25 :  [G]: 5 371 073 [E]: 4 446 758 [D]: 6 691 [GEM]: 17
2015-08-18 08:33:26 : Collecting Resources
2015-08-18 08:33:37 : Chat Request: any
2015-08-18 08:33:37 : Custom Donation Keyword found: any
2015-08-18 08:33:41 : No Giants available to donate..
2015-08-18 08:33:44 : No Minions available to donate..
2015-08-18 08:33:45 : Donating 6 Archers
2015-08-18 08:33:47 : Chat Request: mnions
2015-08-18 08:33:48 : Chat Request: wiz po
2015-08-18 08:33:48 : Wizards Keyword found: wiz
2015-08-18 08:33:51 : No Wizards available to donate..
2015-08-18 08:33:53 : Chat Request: drag po plsss
2015-08-18 08:33:53 : Dragons Keyword found: drag
2015-08-18 08:33:57 : No Dragons available to donate..
2015-08-18 08:33:59 : Checking Army Camp...
2015-08-18 08:34:00 : Total Army Camp capacity: 220/220
2015-08-18 08:34:03 :  - No. of Barbarians: 110
2015-08-18 08:34:03 :  - No. of Archers: 110
2015-08-18 08:34:03 : Barracks and Spell factory status: 
2015-08-18 08:34:03 : - Barracks detected: 4 | Available: 4 | Upgrading: 0
2015-08-18 08:34:03 : - Dark Barracks detected: 2 | Available: 2 | Upgrading: 0
2015-08-18 08:34:03 : - Spell factory detected: 1 | Available: 1 | Upgrading: 0
2015-08-18 08:34:03 : - Dark Spell factory detected: 1 | Available: 1 | Upgrading: 0
2015-08-18 08:34:04 : Training Troops...
2015-08-18 08:34:05 : Your Army Camps are now Full
2015-08-18 08:34:32 : Spell Factory not found...
2015-08-18 08:34:34 : 0
2015-08-18 08:34:35 : Requesting Clan Castle Troops
2015-08-18 08:34:54 : Zooming Out
2015-08-18 08:34:59 : Going to Attack...
2015-08-18 08:35:04 : ============== Searching For Dead Base ===============
2015-08-18 08:35:04 : ~~~~~~~~~~~~~~~ SEARCH CONDITIONS ~~~~~~~~~~~~~~~~
2015-08-18 08:35:04 : Meet: Gold or Elixir, Max TH 8
2015-08-18 08:35:04 : ~~~~~~~~~~~~~~ RESOURCE CONDITIONS ~~~~~~~~~~~~~~~
2015-08-18 08:35:04 : Aim: [G]:      0 [E]:      0 [D]:    0 [T]: 0 [TH]: 8 for: Dead Base
2015-08-18 08:35:04 : ============== Searching For Live Base ===============
2015-08-18 08:35:04 : ~~~~~~~~~~~~~~~ SEARCH CONDITIONS ~~~~~~~~~~~~~~~~
2015-08-18 08:35:04 : Meet: Gold or Elixir, Max TH 8
2015-08-18 08:35:04 : ~~~~~~~~~~~~~~ RESOURCE CONDITIONS ~~~~~~~~~~~~~~~
2015-08-18 08:35:04 : Aim: [G]:      0 [E]:      0 [D]:    0 [T]: 0 [TH]: 8 for: Live Base
2015-08-18 08:35:04 : ~~~~~~~~~~~~~~~ ADVANCED SETTINGS ~~~~~~~~~~~~~~~~
2015-08-18 08:35:04 : THSnipe Combo, 6 Tile(s), AttackTH, Attack6:PB6
2015-08-18 08:35:04 : ==================================================
2015-08-18 08:35:07 :   1> [G]:  48297 [E]: 145628 [D]: 1991 [T]:21 [TH]: 9, In
2015-08-18 08:35:11 :   2> [G]: 437389 [E]:  85462 [D]: 1631 [T]:13 [TH]:10, In
2015-08-18 08:35:16 :   3> [G]: 208085 [E]: 157651 [D]:  366 [T]:26 [TH]:10, In
2015-08-18 08:35:20 :   4> [G]:  80461 [E]: 132060 [D]: 1058 [T]:28 [TH]: 9, In
2015-08-18 08:35:24 :   5> [G]: 104755 [E]: 243691 [D]: 1116 [T]:26 [TH]: 9, In
2015-08-18 08:35:27 :   6> [G]: 137376 [E]: 120089 [D]: 2142 [T]:21 [TH]: 9, In
2015-08-18 08:35:31 :   7> [G]:  75116 [E]: 200294 [D]: 1715 [T]:23 [TH]: 9, In
2015-08-18 08:35:35 :   8> [G]: 129756 [E]: 155658 [D]: 1069 [T]:18 [TH]: 9, In
2015-08-18 08:35:38 :   9> [G]:  44449 [E]:  56678 [D]:  633 [T]:28 [TH]: 9, In
2015-08-18 08:35:43 :  10> [G]:  79769 [E]:  70481 [D]: 1003 [T]:29 [TH]: 9, In
2015-08-18 08:35:47 :  11> [G]:  33615 [E]:  17208 [D]:  133 [T]:24 [TH]: 9, In
2015-08-18 08:35:52 :  12> [G]: 147074 [E]: 216491 [D]:  923 [T]:23 [TH]:10, In
2015-08-18 08:35:56 :  13> [G]: 129116 [E]:  79483 [D]:  589 [T]:30 [TH]: 9, In
2015-08-18 08:36:00 :  14> [G]:  35111 [E]:  50092 [D]: 1473 [T]:14 [TH]: 9, In
2015-08-18 08:36:04 :  15> [G]:  73474 [E]: 113511 [D]: 1128 [T]:25 [TH]: 9, In
2015-08-18 08:36:08 :  16> [G]:  55530 [E]:  58509 [D]: 1349 [T]:14 [TH]: 9, In
2015-08-18 08:36:12 :  17> [G]:  59610 [E]: 163324 [D]:  957 [T]:23 [TH]: 9, In
2015-08-18 08:36:16 :  18> [G]: 122636 [E]:  14036 [D]: 1067 [T]:24 [TH]: 9, In
2015-08-18 08:36:21 :  19> [G]:  99490 [E]:  66512 [D]: 1498 [T]:20 [TH]:10, In
2015-08-18 08:36:27 :  20> [G]: 131531 [E]: 209189 [D]: 2533 [T]:33 [TH]:10, In
2015-08-18 08:36:33 :  21> [G]:  17401 [E]:  17209 [D]:  372 [T]:20 [TH]:10, In
2015-08-18 08:36:37 :  22> [G]:  91225 [E]:  39955 [D]:  307 [T]:20 [TH]: 9, In
2015-08-18 08:36:43 :  23> [G]:  55631 [E]:  63042 [D]:  740 [T]:22 [TH]:10, In
2015-08-18 08:36:49 :  24> [G]:  15778 [E]:  69412 [D]: 1700 [T]:26 [TH]:10, In
2015-08-18 08:36:54 :  25> [G]:  65166 [E]:   9354 [D]: 1125 [T]:17 [TH]: 9, In
2015-08-18 08:37:00 :  26> [G]:  78987 [E]:   4881 [D]:  761 [T]:14 [TH]: 9, In
2015-08-18 08:37:04 :  27> [G]:  52197 [E]:  61295 [D]: 1242 [T]:28 [TH]: 9, In
2015-08-18 08:37:11 :  28> [G]:  57075 [E]:  40591 [D]:  843 [T]:22 [TH]:10, In
2015-08-18 08:37:15 :  29> [G]:  57629 [E]:  98130 [D]:  273 [T]:16 [TH]: 9, In
2015-08-18 08:37:21 :  30> [G]:  28432 [E]:  11611 [D]:   87 [T]:26 [TH]: 9, In
2015-08-18 08:37:25 :  31> [G]:  32335 [E]: 129942 [D]: 1135 [T]:17 [TH]: 9, In
2015-08-18 08:37:30 :  32> [G]: 193811 [E]: 109179 [D]: 1232 [T]:34 [TH]:10, In
2015-08-18 08:37:36 :  33> [G]: 106309 [E]:  39667 [D]:  164 [T]:13 [TH]:10, In
2015-08-18 08:37:40 :  34> [G]:  35824 [E]:  81683 [D]:  287 [T]:25 [TH]: 9, In
2015-08-18 08:37:44 :  35> [G]:  10765 [E]:   3592 [D]: 1378 [T]:21 [TH]: 9, In
2015-08-18 08:37:48 :  36> [G]: 101867 [E]:  69239 [D]: 2720 [T]:24 [TH]: 9, In
2015-08-18 08:37:54 :  37> [G]:  94178 [E]: 219490 [D]:  420 [T]:19 [TH]:10, In
2015-08-18 08:38:01 :  38> [G]:  54239 [E]: 222393 [D]: 2237 [T]:20 [TH]:10, In
2015-08-18 08:38:05 :  39> [G]:  80883 [E]: 163201 [D]:  462 [T]:19 [TH]: 9, In
2015-08-18 08:38:09 :  40> [G]:  38718 [E]: 142827 [D]: 1455 [T]:16 [TH]: 9, In
2015-08-18 08:38:13 :  41> [G]:  17030 [E]:  68158 [D]:  201 [T]: 9 [TH]: 8, In
2015-08-18 08:38:13 : ~~~~~~~~~~~~~~~~ Live Base Found! ~~~~~~~~~~~~~~~~
2015-08-18 08:38:13 : ================ Search Complete =================
2015-08-18 08:38:13 : Initiating attack for: Live Base
2015-08-18 08:38:16 : -Barbarians 110
2015-08-18 08:38:16 : -Archers 110
2015-08-18 08:38:16 : -Clan Castle 
2015-08-18 08:38:16 : -Heal Spells 4
2015-08-18 08:38:16 : -Poison Spells 1
2015-08-18 08:38:16 :  ====== Start Attack ====== 
2015-08-18 08:38:18 : Attacking with four fingers
2015-08-18 08:38:19 : Dropping only wave of 110 Barbarians
2015-08-18 08:38:25 : Dropping only wave of 110 Archers
2015-08-18 08:38:30 : Dropping Clan Castle
2015-08-18 08:38:31 : Dropping left over troops
2015-08-18 08:38:31 : Checking remaining unused troops for: Live Base
2015-08-18 08:38:34 : -Clan Castle 
2015-08-18 08:38:34 : -Heal Spells 4
2015-08-18 08:38:34 : -Poison Spells 1
2015-08-18 08:38:43 : Checking remaining unused troops for: Live Base
2015-08-18 08:38:46 : -Clan Castle 
2015-08-18 08:38:46 : -Heal Spells 4
2015-08-18 08:38:46 : -Poison Spells 1
2015-08-18 08:38:54 : Finished Attacking, waiting for the battle to end
2015-08-18 08:38:54 : Checking if the battle has finished
2015-08-18 08:38:55 : One Star Reach, exit
2015-08-18 08:38:56 : Returning Home
2015-08-18 08:39:01 : Loot: [G]: 3 943 [E]: 15 859 [DE]: 3 [T]: 3
2015-08-18 08:39:01 : Bonus [G]: 100 000 [E]: 100 000 [DE]: 500
2015-08-18 08:39:04 : Your league level is: Master III
2015-08-18 08:39:04 : Stars earned: 1
2015-08-18 08:39:11 : Trying to locate Main Screen
2015-08-18 08:39:11 : Main Screen Located
2015-08-18 08:39:13 : Village Report
2015-08-18 08:39:13 : No. of Free/Total Builders: 0/4
2015-08-18 08:39:13 :  [T]: 2 570
2015-08-18 08:39:13 :  [G]: 5 449 686 [E]: 4 569 178 [D]: 7 194 [GEM]: 17
2015-08-18 08:39:14 : Collecting Resources
2015-08-18 08:39:24 : Chat Request: witch pls
2015-08-18 08:39:24 : Witches Keyword found: witch
2015-08-18 08:39:27 : No Witches available to donate..
2015-08-18 08:39:29 : Chat Request: mnions
2015-08-18 08:39:31 : Chat Request: drag po plsss
2015-08-18 08:39:31 : Dragons Keyword found: drag
2015-08-18 08:39:35 : No Dragons available to donate..
2015-08-18 08:39:37 : Checking Army Camp...
2015-08-18 08:39:38 : Total Army Camp capacity: 199/220
2015-08-18 08:39:39 :  - No. of Barbarians: 96
2015-08-18 08:39:40 :  - No. of Archers: 103
2015-08-18 08:39:40 : Training Troops...
2015-08-18 08:39:52 : Spell Factory Full
2015-08-18 08:39:54 : 0
2015-08-18 08:39:56 : Requesting Clan Castle Troops
2015-08-18 08:40:01 : ====== Waiting for full army ======
2015-08-18 08:40:13 : Checking Army Camp...
2015-08-18 08:40:15 : Total Army Camp capacity: 211/220
2015-08-18 08:40:16 :  - No. of Barbarians: 108
2015-08-18 08:40:16 :  - No. of Archers: 103
2015-08-18 08:40:17 : Training Troops...
2015-08-18 08:40:31 : Checking Army Camp...
2015-08-18 08:40:33 : Total Army Camp capacity: 213/220
2015-08-18 08:40:34 :  - No. of Barbarians: 108
2015-08-18 08:40:34 :  - No. of Archers: 105
2015-08-18 08:40:35 : Training Troops...
2015-08-18 08:40:36 : ClashGameBot was Paused!
2015-08-18 08:40:42 : ClashGameBot was Resumed.
2015-08-18 08:40:44 : some error occurred, cannot open barrack
2015-08-18 08:40:44 : Checking Army Camp...
2015-08-18 08:40:46 : Total Army Camp capacity: 219/220
2015-08-18 08:40:47 :  - No. of Barbarians: 108
2015-08-18 08:40:48 :  - No. of Archers: 111
2015-08-18 08:40:48 : Training Troops...
2015-08-18 08:40:49 : Your Army Camps are now Full
2015-08-18 08:41:13 : Spell Factory not found...
2015-08-18 08:41:15 : Going to Attack...
2015-08-18 08:41:21 : ============== Searching For Dead Base ===============
2015-08-18 08:41:21 : ~~~~~~~~~~~~~~~ SEARCH CONDITIONS ~~~~~~~~~~~~~~~~
2015-08-18 08:41:21 : Meet: Gold or Elixir, Max TH 8
2015-08-18 08:41:21 : ~~~~~~~~~~~~~~ RESOURCE CONDITIONS ~~~~~~~~~~~~~~~
2015-08-18 08:41:21 : Aim: [G]:      0 [E]:      0 [D]:    0 [T]: 0 [TH]: 8 for: Dead Base
2015-08-18 08:41:21 : ============== Searching For Live Base ===============
2015-08-18 08:41:21 : ~~~~~~~~~~~~~~~ SEARCH CONDITIONS ~~~~~~~~~~~~~~~~
2015-08-18 08:41:21 : Meet: Gold or Elixir, Max TH 8
2015-08-18 08:41:21 : ~~~~~~~~~~~~~~ RESOURCE CONDITIONS ~~~~~~~~~~~~~~~
2015-08-18 08:41:21 : Aim: [G]:      0 [E]:      0 [D]:    0 [T]: 0 [TH]: 8 for: Live Base
2015-08-18 08:41:21 : ~~~~~~~~~~~~~~~ ADVANCED SETTINGS ~~~~~~~~~~~~~~~~
2015-08-18 08:41:21 : THSnipe Combo, 6 Tile(s), AttackTH, Attack6:PB6
2015-08-18 08:41:21 : ==================================================
2015-08-18 08:41:23 :   1> [G]:  73720 [E]:  76732 [D]: 1477 [T]:14 [TH]: 9, In
2015-08-18 08:41:27 :   2> [G]: 307312 [E]: 235253 [D]: 1823 [T]:25 [TH]: 9, In
2015-08-18 08:41:31 :   3> [G]:  51404 [E]: 231564 [D]: 2770 [T]:17 [TH]:10, In
2015-08-18 08:41:37 :   4> [G]:  30956 [E]:  14800 [D]:  635 [T]:18 [TH]: 9, In
2015-08-18 08:41:41 :   5> [G]:  82534 [E]:  68535 [D]:  747 [T]:18 [TH]:10, In
2015-08-18 08:41:48 :   6> [G]:  61836 [E]:   1888 [D]: 1132 [T]:24 [TH]:10, In
2015-08-18 08:41:53 :   7> [G]: 107860 [E]:  34811 [D]: 1106 [T]:14 [TH]: 9, In
2015-08-18 08:41:57 :   8> [G]: 112201 [E]:  28387 [D]:  521 [T]:26 [TH]: 9, In
2015-08-18 08:42:01 :   9> [G]:  23545 [E]: 108265 [D]:  638 [T]:19 [TH]: 9, In
2015-08-18 08:42:06 :  10> [G]:  38016 [E]:  58655 [D]:  330 [T]:22 [TH]: 9, In
2015-08-18 08:42:10 :  11> [G]: 171083 [E]:  79898 [D]:  934 [T]:29 [TH]: 9, In
2015-08-18 08:42:14 :  12> [G]:  58712 [E]:  23710 [D]: 1176 [T]:18 [TH]: 9, In
2015-08-18 08:42:18 :  13> [G]:  43110 [E]: 120234 [D]: 1358 [T]:14 [TH]: 9, In
2015-08-18 08:42:24 :  14> [G]:  15669 [E]:  14519 [D]:  121 [T]:21 [TH]:10, In
2015-08-18 08:42:30 :  15> [G]:  23436 [E]: 127753 [D]:  910 [T]:36 [TH]: 9, In
2015-08-18 08:42:34 :  16> [G]:  74396 [E]:  64310 [D]:  393 [T]:18 [TH]: 9, In
2015-08-18 08:42:40 :  17> [G]:  89809 [E]:  98558 [D]: 1849 [T]:27 [TH]: 9, In
2015-08-18 08:42:47 :  18> [G]: 262379 [E]: 286545 [D]: 1398 [T]:21 [TH]:10, In
2015-08-18 08:42:53 :  19> [G]:  72295 [E]: 106177 [D]: 2086 [T]:25 [TH]:10, In
2015-08-18 08:42:57 : Checking Trapped TH
2015-08-18 08:42:59 : Mortar Found
2015-08-18 08:42:59 :  20> [G]: 139923 [E]: 243030 [D]: 2296 [T]:15 [TH]:10, Out
2015-08-18 08:42:59 : Mortar found near TH, skipping...
2015-08-18 08:42:59 : Trap found, skipping base...
2015-08-18 08:42:59 : ~~~~~~~~~~~~~~~ TH Outside Found! ~~~~~~~~~~~~~~~~
2015-08-18 08:42:59 : ================ Search Complete =================
2015-08-18 08:42:59 : Initiating attack for: TH Snipe
2015-08-18 08:43:01 : -Barbarians 108
2015-08-18 08:43:01 : -Archers 112
2015-08-18 08:43:01 : -Clan Castle 
2015-08-18 08:43:01 : -Heal Spells 4
2015-08-18 08:43:01 : -Poison Spells 1
2015-08-18 08:43:01 :  ====== Start Attack ====== 
2015-08-18 08:43:04 : Checking if the battle has finished
2015-08-18 08:43:06 : detected [G]: 139923 [E]: 243030 [DE]: 2296 |  Exit in 178 sec.
2015-08-18 08:43:08 : detected [G]: 139923 [E]: 243030 [DE]: 2296 |  Exit in 176 sec.
2015-08-18 08:43:09 : detected [G]: 139923 [E]: 243030 [DE]: 2296 |  Exit in 175 sec.
2015-08-18 08:43:11 : detected [G]: 139923 [E]: 243030 [DE]: 2296 |  Exit in 173 sec.
2015-08-18 08:43:13 : detected [G]: 139923 [E]: 243030 [DE]: 2296 |  Exit in 171 sec.
2015-08-18 08:43:14 : detected [G]: 139923 [E]: 243030 [DE]: 2296 |  Exit in 170 sec.
2015-08-18 08:43:16 : detected [G]: 139923 [E]: 243030 [DE]: 2296 |  Exit in 168 sec.
2015-08-18 08:43:18 : detected [G]: 139923 [E]: 243030 [DE]: 2296 |  Exit in 166 sec.
2015-08-18 08:43:19 : detected [G]: 139923 [E]: 243030 [DE]: 2296 |  Exit in 164 sec.
2015-08-18 08:43:21 : detected [G]: 139923 [E]: 243030 [DE]: 2296 |  Exit in 163 sec.
2015-08-18 08:43:23 : detected [G]: 139923 [E]: 243030 [DE]: 2296 |  Exit in 161 sec.
2015-08-18 08:43:25 : detected [G]: 139923 [E]: 243030 [DE]: 2296 |  Exit in 159 sec.
2015-08-18 08:43:26 : detected [G]: 139923 [E]: 243030 [DE]: 2296 |  Exit in 158 sec.
2015-08-18 08:43:28 : detected [G]: 139923 [E]: 243030 [DE]: 2296 |  Exit in 156 sec.
2015-08-18 08:43:30 : detected [G]: 139923 [E]: 243030 [DE]: 2296 |  Exit in 154 sec.
2015-08-18 08:43:31 : detected [G]: 139923 [E]: 243030 [DE]: 2296 |  Exit in 152 sec.
2015-08-18 08:43:33 : detected [G]: 139923 [E]: 243030 [DE]: 2296 |  Exit in 151 sec.
2015-08-18 08:43:35 : detected [G]: 139923 [E]: 243030 [DE]: 2296 |  Exit in 149 sec.
2015-08-18 08:43:37 : detected [G]: 139923 [E]: 243030 [DE]: 2296 |  Exit in 147 sec.
2015-08-18 08:43:38 : detected [G]: 139923 [E]: 243030 [DE]: 2296 |  Exit in 146 sec.
2015-08-18 08:43:40 : detected [G]: 139923 [E]: 243030 [DE]: 2296 |  Exit in 144 sec.
2015-08-18 08:43:42 : detected [G]: 139923 [E]: 243030 [DE]: 2296 |  Exit in 142 sec.
2015-08-18 08:43:43 : detected [G]: 139923 [E]: 243030 [DE]: 2296 |  Exit in 140 sec.
2015-08-18 08:43:45 : detected [G]: 139923 [E]: 243030 [DE]: 2296 |  Exit in 139 sec.
2015-08-18 08:43:47 : detected [G]: 139923 [E]: 243030 [DE]: 2296 |  Exit in 137 sec.
