2015-08-02 16:31:56 : ~ Clash Game Bot v4.1MODS Powered by GameBot.org ~
2015-08-02 16:31:56 : GameBot.org.exe Executable running on WIN_7  X64
2015-08-02 16:31:56 : =================== Bot Start ====================
2015-08-02 16:31:56 : -------------------------  Current Profile: 01 --------------------------
2015-08-02 16:31:56 : Trying to locate Main Screen
2015-08-02 16:31:56 : Main Screen Located
2015-08-02 16:31:57 : Detecting your Buildings..
2015-08-02 16:32:04 : Language setting is English: Correct.
2015-08-02 16:32:05 : Trying to locate Main Screen
2015-08-02 16:32:05 : Main Screen Located
2015-08-02 16:32:06 : Collecting Resources
2015-08-02 16:32:14 : Checking if Village needs Rearming..
2015-08-02 16:32:22 : Village Report
2015-08-02 16:32:22 : No. of Free/Total Builders: 0/4
2015-08-02 16:32:22 :  [T]: 1 779
2015-08-02 16:32:22 :  [G]: 5 596 856 [E]: 4 986 372 [D]: 60 701 [GEM]: 953
2015-08-02 16:32:25 : Chat Request: archers sorciers merci
2015-08-02 16:32:25 : Archers Keyword found: archers
2015-08-02 16:32:25 : Donating Archers
2015-08-02 16:32:27 : Chat Request: pekka max svp pour gdc bouclier
2015-08-02 16:32:27 : General Blacklist Keyword found: gdc
2015-08-02 16:32:29 : Checking Army Camp...
2015-08-02 16:32:31 : Total Army Camp capacity: 27/200
2015-08-02 16:32:31 :  - Barbarian max qty    : 60
2015-08-02 16:32:31 :  - Archer max qty     : 40
2015-08-02 16:32:31 :  - Giant max qty     : 0
2015-08-02 16:32:32 :  - No. of Archers: 27
2015-08-02 16:32:32 : Barracks and Spell factory status: 
2015-08-02 16:32:32 : - Barracks detected: 4 | Available: 3 | Upgrading: 1
2015-08-02 16:32:32 : - Dark Barracks detected: 2 | Available: 2 | Upgrading: 0
2015-08-02 16:32:32 : - Spell factory detected: 1 | Available: 1 | Upgrading: 0
2015-08-02 16:32:32 : - Dark Spell factory detected: 1 | Available: 0 | Upgrading: 1
2015-08-02 16:32:32 : Training Troops...
2015-08-02 16:32:56 : Requesting Clan Castle Troops
2015-08-02 16:32:56 : Your Clan Castle is already full or you are not in a clan.
2015-08-02 16:32:58 : Checking Troop Upgrade in Laboratory ...
2015-08-02 16:32:58 : Updating village values [E]: 4980492 [D]: 60701
2015-08-02 16:32:59 : Insufficent Elixir for Pekka, Lab requires: 6000000 + 250000 user reserve
2015-08-02 16:33:03 : Finished kicking
2015-08-02 16:33:03 : ====== Waiting for full army ======
2015-08-02 16:33:15 : Checking Army Camp...
2015-08-02 16:33:17 : Total Army Camp capacity: 31/200
2015-08-02 16:33:18 :  - No. of Archers: 31
2015-08-02 16:33:18 : Training Troops...
2015-08-02 16:33:26 : Time Idle: 00:00:23
2015-08-02 16:33:27 : ====== Waiting for full army ======
2015-08-02 16:33:38 : Checking Army Camp...
2015-08-02 16:33:40 : Total Army Camp capacity: 34/200
2015-08-02 16:33:41 :  - No. of Archers: 34
2015-08-02 16:33:41 : Training Troops...
2015-08-02 16:33:49 : Time Idle: 00:00:45
2015-08-02 16:33:50 : ====== Waiting for full army ======
2015-08-02 16:34:01 : Checking Army Camp...
2015-08-02 16:34:03 : Total Army Camp capacity: 36/200
2015-08-02 16:34:04 :  - No. of Archers: 37
2015-08-02 16:34:04 : Training Troops...
2015-08-02 16:34:13 : Time Idle: 00:01:08
2015-08-02 16:34:13 : ====== Waiting for full army ======
2015-08-02 16:34:25 : Checking Army Camp...
2015-08-02 16:34:27 : Total Army Camp capacity: 39/200
2015-08-02 16:34:27 :  - No. of Archers: 39
2015-08-02 16:34:28 : Training Troops...
2015-08-02 16:34:36 : Time Idle: 00:01:31
2015-08-02 16:34:36 : ====== Waiting for full army ======
2015-08-02 16:34:48 : Checking Army Camp...
2015-08-02 16:34:50 : Total Army Camp capacity: 42/200
2015-08-02 16:34:51 :  - No. of Archers: 42
2015-08-02 16:34:51 : Training Troops...
2015-08-02 16:34:59 : Time Idle: 00:01:54
2015-08-02 16:34:59 : ====== Waiting for full army ======
2015-08-02 16:35:12 : Collecting Resources
2015-08-02 16:35:18 : Checking Army Camp...
2015-08-02 16:35:20 : Total Army Camp capacity: 46/200
2015-08-02 16:35:21 :  - No. of Archers: 46
2015-08-02 16:35:21 : Training Troops...
2015-08-02 16:35:29 : Time Idle: 00:02:24
2015-08-02 16:35:29 : ====== Waiting for full army ======
2015-08-02 16:35:41 : Checking Army Camp...
2015-08-02 16:35:43 : Total Army Camp capacity: 48/200
2015-08-02 16:35:44 :  - No. of Archers: 48
2015-08-02 16:35:44 : Training Troops...
2015-08-02 16:35:52 : Time Idle: 00:02:47
2015-08-02 16:35:52 : ====== Waiting for full army ======
2015-08-02 16:36:04 : Checking Army Camp...
2015-08-02 16:36:06 : Total Army Camp capacity: 51/200
2015-08-02 16:36:07 :  - No. of Archers: 51
2015-08-02 16:36:07 : Training Troops...
2015-08-02 16:36:15 : Time Idle: 00:03:10
2015-08-02 16:36:16 : ====== Waiting for full army ======
2015-08-02 16:36:27 : Checking Army Camp...
2015-08-02 16:36:29 : Total Army Camp capacity: 54/200
2015-08-02 16:36:30 :  - No. of Archers: 54
2015-08-02 16:36:30 : Training Troops...
2015-08-02 16:36:39 : Time Idle: 00:03:32
2015-08-02 16:36:39 : ====== Waiting for full army ======
2015-08-02 16:36:50 : Checking Army Camp...
2015-08-02 16:36:52 : Total Army Camp capacity: 56/200
2015-08-02 16:36:53 :  - No. of Archers: 57
2015-08-02 16:36:53 : Training Troops...
2015-08-02 16:37:01 : Time Idle: 00:03:55
2015-08-02 16:37:01 : ====== Waiting for full army ======
2015-08-02 16:37:13 : Checking Army Camp...
2015-08-02 16:37:15 : Total Army Camp capacity: 59/200
2015-08-02 16:37:16 :  - No. of Archers: 59
2015-08-02 16:37:16 : Training Troops...
2015-08-02 16:37:24 : Time Idle: 00:04:18
2015-08-02 16:37:24 : ====== Waiting for full army ======
2015-08-02 16:37:36 : Checking Army Camp...
2015-08-02 16:37:38 : Total Army Camp capacity: 62/200
2015-08-02 16:37:39 :  - No. of Archers: 62
2015-08-02 16:37:39 : Training Troops...
2015-08-02 16:37:47 : Time Idle: 00:04:40
2015-08-02 16:37:47 : ====== Waiting for full army ======
2015-08-02 16:37:59 : Checking Army Camp...
2015-08-02 16:38:01 : Total Army Camp capacity: 64/200
2015-08-02 16:38:02 :  - No. of Archers: 64
2015-08-02 16:38:02 : Training Troops...
2015-08-02 16:38:10 : Time Idle: 00:05:03
2015-08-02 16:38:11 : ====== Waiting for full army ======
2015-08-02 16:38:22 : Checking Army Camp...
2015-08-02 16:38:24 : Total Army Camp capacity: 67/200
2015-08-02 16:38:25 :  - No. of Archers: 67
2015-08-02 16:38:25 : Training Troops...
2015-08-02 16:38:33 : Time Idle: 00:05:26
2015-08-02 16:38:34 : ====== Waiting for full army ======
2015-08-02 16:38:45 : Checking Army Camp...
2015-08-02 16:38:47 : Total Army Camp capacity: 70/200
2015-08-02 16:38:48 :  - No. of Archers: 70
2015-08-02 16:38:48 : Training Troops...
2015-08-02 16:38:56 : Time Idle: 00:05:48
2015-08-02 16:38:56 : ====== Waiting for full army ======
2015-08-02 16:39:08 : Checking Army Camp...
2015-08-02 16:39:10 : Total Army Camp capacity: 73/200
2015-08-02 16:39:11 :  - No. of Archers: 73
2015-08-02 16:39:11 : Training Troops...
2015-08-02 16:39:20 : Time Idle: 00:06:12
2015-08-02 16:39:20 : ====== Waiting for full army ======
2015-08-02 16:39:32 : Collecting Resources
2015-08-02 16:39:38 : Checking Army Camp...
2015-08-02 16:39:40 : Total Army Camp capacity: 76/200
2015-08-02 16:39:41 :  - No. of Archers: 76
2015-08-02 16:39:41 : Training Troops...
2015-08-02 16:39:49 : Time Idle: 00:06:41
2015-08-02 16:39:49 : ====== Waiting for full army ======
2015-08-02 16:40:01 : Checking Army Camp...
2015-08-02 16:40:03 : Total Army Camp capacity: 79/200
2015-08-02 16:40:04 :  - No. of Archers: 79
2015-08-02 16:40:04 : Training Troops...
2015-08-02 16:40:12 : Time Idle: 00:07:04
2015-08-02 16:40:13 : ====== Waiting for full army ======
2015-08-02 16:40:24 : Checking Army Camp...
2015-08-02 16:40:26 : Total Army Camp capacity: 82/200
2015-08-02 16:40:27 :  - No. of Archers: 82
2015-08-02 16:40:27 : Training Troops...
2015-08-02 16:40:35 : Time Idle: 00:07:26
2015-08-02 16:40:35 : ====== Waiting for full army ======
2015-08-02 16:40:47 : Checking Army Camp...
2015-08-02 16:40:49 : Total Army Camp capacity: 85/200
2015-08-02 16:40:50 :  - No. of Archers: 85
2015-08-02 16:40:50 : Training Troops...
2015-08-02 16:40:58 : Time Idle: 00:07:49
2015-08-02 16:40:59 : ====== Waiting for full army ======
2015-08-02 16:41:11 : Checking Army Camp...
2015-08-02 16:41:12 : Total Army Camp capacity: 88/200
2015-08-02 16:41:13 :  - No. of Archers: 88
2015-08-02 16:41:14 : Training Troops...
2015-08-02 16:41:22 : Time Idle: 00:08:12
2015-08-02 16:41:22 : ====== Waiting for full army ======
2015-08-02 16:41:29 : Chat Request: pekka max svp pour gdc bouclier
2015-08-02 16:41:29 : General Blacklist Keyword found: gdc
2015-08-02 16:41:36 : Checking Army Camp...
2015-08-02 16:41:38 : Total Army Camp capacity: 91/200
2015-08-02 16:41:39 :  - No. of Archers: 91
2015-08-02 16:41:39 : Training Troops...
2015-08-02 16:41:47 : Time Idle: 00:08:37
2015-08-02 16:41:47 : ====== Waiting for full army ======
2015-08-02 16:41:59 : Checking Army Camp...
2015-08-02 16:42:01 : Total Army Camp capacity: 94/200
2015-08-02 16:42:02 :  - No. of Archers: 94
2015-08-02 16:42:02 : Training Troops...
2015-08-02 16:42:10 : Time Idle: 00:09:00
2015-08-02 16:42:11 : ====== Waiting for full army ======
2015-08-02 16:42:22 : Checking Army Camp...
2015-08-02 16:42:24 : Total Army Camp capacity: 96/200
2015-08-02 16:42:25 :  - No. of Archers: 97
2015-08-02 16:42:25 : Training Troops...
2015-08-02 16:42:33 : Time Idle: 00:09:23
2015-08-02 16:42:34 : ====== Waiting for full army ======
2015-08-02 16:42:35 : Chat Request: archer soso svp
2015-08-02 16:42:35 : Archers Keyword found: arch
2015-08-02 16:42:35 : Donating Archers
2015-08-02 16:42:37 : Chat Request: pekka max svp pour gdc bouclier
2015-08-02 16:42:37 : General Blacklist Keyword found: gdc
2015-08-02 16:42:50 : Checking Army Camp...
2015-08-02 16:42:52 : Total Army Camp capacity: 94/200
2015-08-02 16:42:52 :  - No. of Archers: 94
2015-08-02 16:42:53 : Training Troops...
2015-08-02 16:43:01 : Time Idle: 00:09:50
2015-08-02 16:43:01 : ====== Waiting for full army ======
2015-08-02 16:43:13 : Checking Army Camp...
2015-08-02 16:43:15 : Total Army Camp capacity: 96/200
2015-08-02 16:43:16 :  - No. of Archers: 97
2015-08-02 16:43:16 : Training Troops...
2015-08-02 16:43:24 : Time Idle: 00:10:13
2015-08-02 16:43:24 : ====== Waiting for full army ======
2015-08-02 16:43:36 : Checking Army Camp...
2015-08-02 16:43:38 : Total Army Camp capacity: 99/200
2015-08-02 16:43:39 :  - No. of Archers: 99
2015-08-02 16:43:39 : Training Troops...
2015-08-02 16:43:47 : Time Idle: 00:10:36
2015-08-02 16:43:47 : ====== Waiting for full army ======
2015-08-02 16:43:51 : Chat Request: pekka max svp pour gdc bouclier
2015-08-02 16:43:51 : General Blacklist Keyword found: gdc
2015-08-02 16:44:01 : Collecting Resources
2015-08-02 16:44:06 : Checking Army Camp...
2015-08-02 16:44:08 : Total Army Camp capacity: 103/200
2015-08-02 16:44:09 :  - No. of Archers: 103
2015-08-02 16:44:09 : Training Troops...
2015-08-02 16:44:18 : Time Idle: 00:11:07
2015-08-02 16:44:18 : ====== Waiting for full army ======
2015-08-02 16:44:30 : Checking Army Camp...
2015-08-02 16:44:32 : Total Army Camp capacity: 106/200
2015-08-02 16:44:33 :  - No. of Archers: 106
2015-08-02 16:44:33 : Training Troops...
2015-08-02 16:44:41 : Time Idle: 00:11:29
2015-08-02 16:44:41 : ====== Waiting for full army ======
2015-08-02 16:44:46 : Chat Request: Poubelle
2015-08-02 16:44:46 : Archers Keyword found: poubelle
2015-08-02 16:44:46 : Donating Archers
2015-08-02 16:44:48 : Chat Request: pekka max svp pour gdc bouclier
2015-08-02 16:44:48 : General Blacklist Keyword found: gdc
2015-08-02 16:44:57 : Checking Army Camp...
2015-08-02 16:44:59 : Total Army Camp capacity: 103/200
2015-08-02 16:45:00 :  - No. of Archers: 103
2015-08-02 16:45:00 : Training Troops...
2015-08-02 16:45:08 : Time Idle: 00:11:56
2015-08-02 16:45:09 : ====== Waiting for full army ======
2015-08-02 16:45:20 : Checking Army Camp...
2015-08-02 16:45:22 : Total Army Camp capacity: 106/200
2015-08-02 16:45:23 :  - No. of Archers: 106
2015-08-02 16:45:23 : Training Troops...
2015-08-02 16:45:32 : Time Idle: 00:12:19
2015-08-02 16:45:32 : ====== Waiting for full army ======
2015-08-02 16:45:38 : Chat Request: pekka max svp pour gdc bouclier
2015-08-02 16:45:38 : General Blacklist Keyword found: gdc
2015-08-02 16:45:45 : Checking Army Camp...
2015-08-02 16:45:47 : Total Army Camp capacity: 109/200
2015-08-02 16:45:48 :  - No. of Archers: 109
2015-08-02 16:45:48 : Training Troops...
2015-08-02 16:45:57 : Time Idle: 00:12:44
2015-08-02 16:45:57 : ====== Waiting for full army ======
2015-08-02 16:46:03 : Chat Request: pekka max svp pour gdc bouclier
2015-08-02 16:46:03 : General Blacklist Keyword found: gdc
2015-08-02 16:46:08 : Chat Request: pekka max svp pour gdc bouclier
2015-08-02 16:46:08 : General Blacklist Keyword found: gdc
2015-08-02 16:46:13 : Checking Army Camp...
2015-08-02 16:46:14 : Total Army Camp capacity: 112/200
2015-08-02 16:46:15 :  - No. of Archers: 112
2015-08-02 16:46:16 : Training Troops...
2015-08-02 16:46:24 : Time Idle: 00:13:11
2015-08-02 16:46:24 : ====== Waiting for full army ======
2015-08-02 16:46:36 : Checking Army Camp...
2015-08-02 16:46:38 : Total Army Camp capacity: 115/200
2015-08-02 16:46:39 :  - No. of Archers: 115
2015-08-02 16:46:39 : Training Troops...
2015-08-02 16:46:47 : Time Idle: 00:13:34
2015-08-02 16:46:47 : ====== Waiting for full army ======
2015-08-02 16:46:48 : Chat Request: pekka 5 svp merci bouclier activ
2015-08-02 16:47:01 : Checking Army Camp...
2015-08-02 16:47:03 : Total Army Camp capacity: 118/200
2015-08-02 16:47:04 :  - No. of Archers: 118
2015-08-02 16:47:04 : Training Troops...
2015-08-02 16:47:13 : Time Idle: 00:13:59
2015-08-02 16:47:13 : ====== Waiting for full army ======
2015-08-02 16:47:25 : Checking Army Camp...
2015-08-02 16:47:27 : Total Army Camp capacity: 121/200
2015-08-02 16:47:28 :  - No. of Archers: 121
2015-08-02 16:47:28 : Training Troops...
2015-08-02 16:47:36 : Time Idle: 00:14:22
2015-08-02 16:47:36 : ====== Waiting for full army ======
2015-08-02 16:47:48 : Checking Army Camp...
2015-08-02 16:47:49 : Total Army Camp capacity: 123/200
2015-08-02 16:47:50 :  - No. of Archers: 123
2015-08-02 16:47:51 : Training Troops...
2015-08-02 16:47:59 : Time Idle: 00:14:45
2015-08-02 16:47:59 : ====== Waiting for full army ======
2015-08-02 16:48:11 : Checking Army Camp...
2015-08-02 16:48:13 : Total Army Camp capacity: 126/200
2015-08-02 16:48:14 :  - No. of Archers: 126
2015-08-02 16:48:14 : Training Troops...
2015-08-02 16:48:22 : Time Idle: 00:15:08
2015-08-02 16:48:22 : ====== Waiting for full army ======
2015-08-02 16:48:34 : Collecting Resources
2015-08-02 16:48:40 : Checking Army Camp...
2015-08-02 16:48:42 : Total Army Camp capacity: 130/200
2015-08-02 16:48:43 :  - No. of Archers: 130
2015-08-02 16:48:43 : Training Troops...
2015-08-02 16:48:51 : Time Idle: 00:15:37
2015-08-02 16:48:51 : ====== Waiting for full army ======
2015-08-02 16:49:03 : Checking Army Camp...
2015-08-02 16:49:05 : Total Army Camp capacity: 132/200
2015-08-02 16:49:06 :  - No. of Archers: 133
2015-08-02 16:49:06 : Training Troops...
2015-08-02 16:49:15 : Time Idle: 00:16:00
2015-08-02 16:49:15 : ====== Waiting for full army ======
2015-08-02 16:49:27 : Checking Army Camp...
2015-08-02 16:49:29 : Total Army Camp capacity: 135/200
2015-08-02 16:49:30 :  - No. of Archers: 135
2015-08-02 16:49:30 : Training Troops...
2015-08-02 16:49:38 : Time Idle: 00:16:23
2015-08-02 16:49:38 : ====== Waiting for full army ======
2015-08-02 16:49:50 : Checking Army Camp...
2015-08-02 16:49:52 : Total Army Camp capacity: 138/200
2015-08-02 16:49:53 :  - No. of Archers: 138
2015-08-02 16:49:53 : Training Troops...
2015-08-02 16:50:01 : Time Idle: 00:16:46
2015-08-02 16:50:01 : ====== Waiting for full army ======
2015-08-02 16:50:13 : Checking Army Camp...
2015-08-02 16:50:15 : Total Army Camp capacity: 141/200
2015-08-02 16:50:16 :  - No. of Archers: 141
2015-08-02 16:50:16 : Training Troops...
2015-08-02 16:50:24 : Time Idle: 00:17:08
2015-08-02 16:50:24 : ====== Waiting for full army ======
2015-08-02 16:50:36 : Checking Army Camp...
2015-08-02 16:50:38 : Total Army Camp capacity: 143/200
2015-08-02 16:50:39 :  - No. of Archers: 143
2015-08-02 16:50:39 : Training Troops...
2015-08-02 16:50:47 : Time Idle: 00:17:31
2015-08-02 16:50:47 : ====== Waiting for full army ======
2015-08-02 16:50:59 : Checking Army Camp...
2015-08-02 16:51:01 : Total Army Camp capacity: 146/200
2015-08-02 16:51:02 :  - No. of Archers: 146
2015-08-02 16:51:02 : Training Troops...
2015-08-02 16:51:10 : Time Idle: 00:17:54
2015-08-02 16:51:10 : ====== Waiting for full army ======
2015-08-02 16:51:22 : Checking Army Camp...
2015-08-02 16:51:24 : Total Army Camp capacity: 149/200
2015-08-02 16:51:25 :  - No. of Archers: 149
2015-08-02 16:51:25 : Training Troops...
2015-08-02 16:51:33 : Time Idle: 00:18:16
2015-08-02 16:51:33 : ====== Waiting for full army ======
2015-08-02 16:51:45 : Checking Army Camp...
2015-08-02 16:51:47 : Total Army Camp capacity: 151/200
2015-08-02 16:51:48 :  - No. of Archers: 151
2015-08-02 16:51:48 : Training Troops...
2015-08-02 16:51:56 : Time Idle: 00:18:39
2015-08-02 16:51:56 : ====== Waiting for full army ======
2015-08-02 16:52:08 : Checking Army Camp...
2015-08-02 16:52:10 : Total Army Camp capacity: 154/200
2015-08-02 16:52:11 :  - No. of Archers: 154
2015-08-02 16:52:11 : Training Troops...
2015-08-02 16:52:18 : Time Idle: 00:19:01
2015-08-02 16:52:19 : ====== Waiting for full army ======
2015-08-02 16:52:30 : Checking Army Camp...
2015-08-02 16:52:32 : Total Army Camp capacity: 157/200
2015-08-02 16:52:33 :  - No. of Archers: 157
2015-08-02 16:52:33 : Training Troops...
2015-08-02 16:52:41 : Time Idle: 00:19:24
2015-08-02 16:52:42 : ====== Waiting for full army ======
2015-08-02 16:52:53 : Collecting Resources
2015-08-02 16:52:59 : Checking Army Camp...
2015-08-02 16:53:01 : Total Army Camp capacity: 160/200
2015-08-02 16:53:02 :  - No. of Archers: 160
2015-08-02 16:53:02 : Training Troops...
2015-08-02 16:53:11 : Time Idle: 00:19:53
2015-08-02 16:53:11 : ====== Waiting for full army ======
2015-08-02 16:53:23 : Checking Army Camp...
2015-08-02 16:53:24 : Total Army Camp capacity: 163/200
2015-08-02 16:53:25 :  - No. of Archers: 163
2015-08-02 16:53:26 : Training Troops...
2015-08-02 16:53:33 : Time Idle: 00:20:15
2015-08-02 16:53:34 : ====== Waiting for full army ======
2015-08-02 16:53:45 : Checking Army Camp...
2015-08-02 16:53:47 : Total Army Camp capacity: 166/200
2015-08-02 16:53:48 :  - No. of Archers: 166
2015-08-02 16:53:48 : Training Troops...
2015-08-02 16:53:56 : Time Idle: 00:20:38
2015-08-02 16:53:57 : ====== Waiting for full army ======
2015-08-02 16:54:08 : Checking Army Camp...
2015-08-02 16:54:10 : Total Army Camp capacity: 169/200
2015-08-02 16:54:11 :  - No. of Archers: 169
2015-08-02 16:54:11 : Training Troops...
2015-08-02 16:54:20 : Time Idle: 00:21:01
2015-08-02 16:54:20 : ====== Waiting for full army ======
2015-08-02 16:54:31 : Checking Army Camp...
2015-08-02 16:54:33 : Total Army Camp capacity: 172/200
2015-08-02 16:54:34 :  - No. of Archers: 172
2015-08-02 16:54:35 : Training Troops...
2015-08-02 16:54:43 : Time Idle: 00:21:24
2015-08-02 16:54:43 : ====== Waiting for full army ======
2015-08-02 16:54:55 : Checking Army Camp...
2015-08-02 16:54:57 : Total Army Camp capacity: 175/200
2015-08-02 16:54:58 :  - No. of Archers: 175
2015-08-02 16:54:58 : Training Troops...
2015-08-02 16:55:06 : Time Idle: 00:21:47
2015-08-02 16:55:06 : ====== Waiting for full army ======
2015-08-02 16:55:18 : Checking Army Camp...
2015-08-02 16:55:20 : Total Army Camp capacity: 177/200
2015-08-02 16:55:21 :  - No. of Archers: 177
2015-08-02 16:55:21 : Training Troops...
2015-08-02 16:55:29 : Time Idle: 00:22:10
2015-08-02 16:55:29 : ====== Waiting for full army ======
2015-08-02 16:55:41 : Checking Army Camp...
2015-08-02 16:55:43 : Total Army Camp capacity: 180/200
2015-08-02 16:55:44 :  - No. of Archers: 180
2015-08-02 16:55:44 : Training Troops...
2015-08-02 16:55:52 : Time Idle: 00:22:33
2015-08-02 16:55:52 : ====== Waiting for full army ======
2015-08-02 16:56:04 : Checking Army Camp...
2015-08-02 16:56:06 : Total Army Camp capacity: 183/200
2015-08-02 16:56:07 :  - No. of Archers: 183
2015-08-02 16:56:07 : Training Troops...
2015-08-02 16:56:16 : Time Idle: 00:22:56
2015-08-02 16:56:16 : ====== Waiting for full army ======
2015-08-02 16:56:27 : Checking Army Camp...
2015-08-02 16:56:29 : Total Army Camp capacity: 185/200
2015-08-02 16:56:30 :  - No. of Archers: 185
2015-08-02 16:56:31 : Training Troops...
2015-08-02 16:56:38 : Time Idle: 00:23:18
2015-08-02 16:56:38 : ====== Waiting for full army ======
2015-08-02 16:56:50 : Checking Army Camp...
2015-08-02 16:56:52 : Total Army Camp capacity: 188/200
2015-08-02 16:56:53 :  - No. of Archers: 188
2015-08-02 16:56:53 : Training Troops...
2015-08-02 16:57:01 : Time Idle: 00:23:41
2015-08-02 16:57:01 : ====== Waiting for full army ======
2015-08-02 16:57:13 : Collecting Resources
2015-08-02 16:57:19 : Checking Army Camp...
2015-08-02 16:57:21 : Total Army Camp capacity: 192/200
2015-08-02 16:57:22 :  - No. of Archers: 192
2015-08-02 16:57:23 : Training Troops...
2015-08-02 16:57:31 : Time Idle: 00:24:10
2015-08-02 16:57:31 : ====== Waiting for full army ======
2015-08-02 16:57:43 : Checking Army Camp...
2015-08-02 16:57:44 : Total Army Camp capacity: 194/200
2015-08-02 16:57:46 :  - No. of Archers: 194
2015-08-02 16:57:46 : Training Troops...
2015-08-02 16:57:53 : Time Idle: 00:24:32
2015-08-02 16:57:54 : ====== Waiting for full army ======
2015-08-02 16:58:05 : Checking Army Camp...
2015-08-02 16:58:07 : Total Army Camp capacity: 197/200
2015-08-02 16:58:08 :  - No. of Archers: 197
2015-08-02 16:58:08 : Training Troops...
2015-08-02 16:58:17 : Time Idle: 00:24:55
2015-08-02 16:58:17 : ====== Waiting for full army ======
2015-08-02 16:58:29 : Checking Army Camp...
2015-08-02 16:58:30 : Total Army Camp capacity: 200/200
2015-08-02 16:58:32 :  - No. of Archers: 200
2015-08-02 16:58:32 : Barbarian : + 120 qty...
2015-08-02 16:58:32 : Archer : - 120 qty...
2015-08-02 16:58:32 : Giant : no adjustment required...
2015-08-02 16:58:32 : Clearing barrack to retrain for rectification
2015-08-02 16:59:10 : Time taken to rectify unbalanced troops : 00:13:20
2015-08-02 16:59:11 : Waiting for Full Army...
2015-08-02 16:59:37 : Checking Army Camp...
2015-08-02 16:59:38 : Total Army Camp capacity: 86/200
2015-08-02 16:59:39 :  - No. of Barbarians: 6
2015-08-02 16:59:39 :  - No. of Archers: 80
2015-08-02 16:59:40 : Waiting for Full Army...
2015-08-02 17:00:05 : Checking Army Camp...
2015-08-02 17:00:07 : Total Army Camp capacity: 89/200
2015-08-02 17:00:08 :  - No. of Barbarians: 9
2015-08-02 17:00:08 :  - No. of Archers: 80
2015-08-02 17:00:08 : Waiting for Full Army...
2015-08-02 17:00:33 : Checking Army Camp...
2015-08-02 17:00:35 : Total Army Camp capacity: 95/200
2015-08-02 17:00:36 :  - No. of Barbarians: 15
2015-08-02 17:00:36 :  - No. of Archers: 80
2015-08-02 17:00:36 : Waiting for Full Army...
2015-08-02 17:01:01 : Checking Army Camp...
2015-08-02 17:01:03 : Total Army Camp capacity: 98/200
2015-08-02 17:01:04 :  - No. of Barbarians: 18
2015-08-02 17:01:04 :  - No. of Archers: 80
2015-08-02 17:01:04 : Waiting for Full Army...
2015-08-02 17:01:29 : Checking Army Camp...
2015-08-02 17:01:31 : Total Army Camp capacity: 101/200
2015-08-02 17:01:32 :  - No. of Barbarians: 21
2015-08-02 17:01:32 :  - No. of Archers: 80
2015-08-02 17:01:33 : Waiting for Full Army...
2015-08-02 17:01:58 : Checking Army Camp...
2015-08-02 17:01:59 : Total Army Camp capacity: 107/200
2015-08-02 17:02:00 :  - No. of Barbarians: 27
2015-08-02 17:02:01 :  - No. of Archers: 80
2015-08-02 17:02:01 : Waiting for Full Army...
2015-08-02 17:02:26 : Checking Army Camp...
2015-08-02 17:02:28 : Total Army Camp capacity: 110/200
2015-08-02 17:02:29 :  - No. of Barbarians: 30
2015-08-02 17:02:29 :  - No. of Archers: 80
2015-08-02 17:02:29 : Waiting for Full Army...
2015-08-02 17:02:54 : Checking Army Camp...
2015-08-02 17:02:56 : Total Army Camp capacity: 116/200
2015-08-02 17:02:57 :  - No. of Barbarians: 36
2015-08-02 17:02:57 :  - No. of Archers: 80
2015-08-02 17:02:57 : Waiting for Full Army...
2015-08-02 17:03:22 : Checking Army Camp...
2015-08-02 17:03:24 : Total Army Camp capacity: 119/200
2015-08-02 17:03:25 :  - No. of Barbarians: 39
2015-08-02 17:03:25 :  - No. of Archers: 80
2015-08-02 17:03:25 : Waiting for Full Army...
2015-08-02 17:03:50 : Checking Army Camp...
2015-08-02 17:03:52 : Total Army Camp capacity: 122/200
2015-08-02 17:03:53 :  - No. of Barbarians: 43
2015-08-02 17:03:53 :  - No. of Archers: 80
2015-08-02 17:03:54 : Waiting for Full Army...
2015-08-02 17:04:19 : Checking Army Camp...
2015-08-02 17:04:20 : Total Army Camp capacity: 128/200
2015-08-02 17:04:21 :  - No. of Barbarians: 48
2015-08-02 17:04:22 :  - No. of Archers: 80
2015-08-02 17:04:22 : Waiting for Full Army...
2015-08-02 17:04:47 : Checking Army Camp...
2015-08-02 17:04:49 : Total Army Camp capacity: 131/200
2015-08-02 17:04:50 :  - No. of Barbarians: 51
2015-08-02 17:04:50 :  - No. of Archers: 80
2015-08-02 17:04:50 : Waiting for Full Army...
2015-08-02 17:05:15 : Checking Army Camp...
2015-08-02 17:05:17 : Total Army Camp capacity: 137/200
2015-08-02 17:05:18 :  - No. of Barbarians: 57
2015-08-02 17:05:18 :  - No. of Archers: 80
2015-08-02 17:05:18 : Waiting for Full Army...
2015-08-02 17:05:43 : Checking Army Camp...
2015-08-02 17:05:45 : Total Army Camp capacity: 140/200
2015-08-02 17:05:47 :  - No. of Barbarians: 60
2015-08-02 17:05:47 :  - No. of Archers: 80
2015-08-02 17:05:47 : Waiting for Full Army...
2015-08-02 17:06:12 : Checking Army Camp...
2015-08-02 17:06:14 : Total Army Camp capacity: 146/200
2015-08-02 17:06:15 :  - No. of Barbarians: 66
2015-08-02 17:06:15 :  - No. of Archers: 80
2015-08-02 17:06:15 : Waiting for Full Army...
2015-08-02 17:06:40 : Checking Army Camp...
2015-08-02 17:06:42 : Total Army Camp capacity: 149/200
2015-08-02 17:06:44 :  - No. of Barbarians: 69
2015-08-02 17:06:44 :  - No. of Archers: 80
2015-08-02 17:06:44 : Waiting for Full Army...
2015-08-02 17:07:09 : Checking Army Camp...
2015-08-02 17:07:11 : Total Army Camp capacity: 152/200
2015-08-02 17:07:12 :  - No. of Barbarians: 72
2015-08-02 17:07:12 :  - No. of Archers: 80
2015-08-02 17:07:12 : Waiting for Full Army...
2015-08-02 17:07:37 : Checking Army Camp...
2015-08-02 17:07:39 : Total Army Camp capacity: 158/200
2015-08-02 17:07:40 :  - No. of Barbarians: 78
2015-08-02 17:07:40 :  - No. of Archers: 80
2015-08-02 17:07:41 : Waiting for Full Army...
2015-08-02 17:08:06 : Checking Army Camp...
2015-08-02 17:08:08 : Total Army Camp capacity: 161/200
2015-08-02 17:08:09 :  - No. of Barbarians: 81
2015-08-02 17:08:09 :  - No. of Archers: 80
2015-08-02 17:08:09 : Waiting for Full Army...
2015-08-02 17:08:34 : Checking Army Camp...
2015-08-02 17:08:36 : Total Army Camp capacity: 167/200
2015-08-02 17:08:37 :  - No. of Barbarians: 87
2015-08-02 17:08:37 :  - No. of Archers: 80
2015-08-02 17:08:37 : Waiting for Full Army...
2015-08-02 17:09:02 : Checking Army Camp...
2015-08-02 17:09:04 : Total Army Camp capacity: 170/200
2015-08-02 17:09:05 :  - No. of Barbarians: 90
2015-08-02 17:09:05 :  - No. of Archers: 80
2015-08-02 17:09:06 : Waiting for Full Army...
2015-08-02 17:09:31 : Checking Army Camp...
2015-08-02 17:09:33 : Total Army Camp capacity: 174/200
2015-08-02 17:09:34 :  - No. of Barbarians: 95
2015-08-02 17:09:34 :  - No. of Archers: 80
2015-08-02 17:09:34 : Waiting for Full Army...
2015-08-02 17:09:59 : Checking Army Camp...
2015-08-02 17:10:01 : Total Army Camp capacity: 179/200
2015-08-02 17:10:02 :  - No. of Barbarians: 99
2015-08-02 17:10:02 :  - No. of Archers: 80
2015-08-02 17:10:02 : Waiting for Full Army...
2015-08-02 17:10:10 : Pushbullet: removed 1 messages older than 6 h 
2015-08-02 17:10:27 : Checking Army Camp...
2015-08-02 17:10:29 : Total Army Camp capacity: 182/200
2015-08-02 17:10:30 :  - No. of Barbarians: 102
2015-08-02 17:10:30 :  - No. of Archers: 80
2015-08-02 17:10:31 : Waiting for Full Army...
2015-08-02 17:10:56 : Checking Army Camp...
2015-08-02 17:10:57 : Total Army Camp capacity: 188/200
2015-08-02 17:10:59 :  - No. of Barbarians: 108
2015-08-02 17:10:59 :  - No. of Archers: 80
2015-08-02 17:10:59 : Waiting for Full Army...
2015-08-02 17:11:24 : Checking Army Camp...
2015-08-02 17:11:26 : Total Army Camp capacity: 191/200
2015-08-02 17:11:27 :  - No. of Barbarians: 111
2015-08-02 17:11:27 :  - No. of Archers: 80
2015-08-02 17:11:27 : Waiting for Full Army...
2015-08-02 17:11:52 : Checking Army Camp...
2015-08-02 17:11:54 : Total Army Camp capacity: 197/200
2015-08-02 17:11:55 :  - No. of Barbarians: 117
2015-08-02 17:11:55 :  - No. of Archers: 80
2015-08-02 17:11:55 : Waiting for Full Army...
2015-08-02 17:12:21 : Checking Army Camp...
2015-08-02 17:12:22 : Total Army Camp capacity: 200/200
2015-08-02 17:12:23 :  - No. of Barbarians: 10
2015-08-02 17:12:24 :  - No. of Archers: 80
2015-08-02 17:12:24 : Barbarian : + 110 qty...
2015-08-02 17:12:24 : Archer : no adjustment required...
2015-08-02 17:12:24 : Giant : no adjustment required...
2015-08-02 17:12:24 : Clearing barrack to retrain for rectification
2015-08-02 17:12:43 : Time taken to rectify unbalanced troops : 00:12:55
2015-08-02 17:12:44 : Waiting for Full Army...
2015-08-02 17:13:09 : Checking Army Camp...
2015-08-02 17:13:11 : Total Army Camp capacity: 200/200
2015-08-02 17:13:12 :  - No. of Barbarians: 10
2015-08-02 17:13:12 :  - No. of Archers: 80
2015-08-02 17:13:12 : Barbarian : + 110 qty...
2015-08-02 17:13:12 : Archer : no adjustment required...
2015-08-02 17:13:12 : Giant : no adjustment required...
2015-08-02 17:13:12 : Clearing barrack to retrain for rectification
2015-08-02 17:13:38 : Time taken to rectify unbalanced troops : 00:16:32
2015-08-02 17:13:39 : Waiting for Full Army...
2015-08-02 17:14:04 : Checking Army Camp...
2015-08-02 17:14:06 : Total Army Camp capacity: 200/200
2015-08-02 17:14:07 :  - No. of Barbarians: 10
2015-08-02 17:14:07 :  - No. of Archers: 80
2015-08-02 17:14:07 : Barbarian : + 110 qty...
2015-08-02 17:14:07 : Archer : no adjustment required...
2015-08-02 17:14:07 : Giant : no adjustment required...
2015-08-02 17:14:08 : Clearing barrack to retrain for rectification
2015-08-02 17:14:33 : Time taken to rectify unbalanced troops : 00:17:44
2015-08-02 17:14:34 : Waiting for Full Army...
2015-08-02 17:14:59 : Checking Army Camp...
2015-08-02 17:15:01 : Total Army Camp capacity: 200/200
2015-08-02 17:15:02 :  - No. of Barbarians: 10
2015-08-02 17:15:02 :  - No. of Archers: 80
2015-08-02 17:15:02 : Barbarian : + 110 qty...
2015-08-02 17:15:02 : Archer : no adjustment required...
2015-08-02 17:15:02 : Giant : no adjustment required...
2015-08-02 17:15:02 : Clearing barrack to retrain for rectification
2015-08-02 17:15:27 : Time taken to rectify unbalanced troops : 00:18:08
2015-08-02 17:15:28 : Waiting for Full Army...
2015-08-02 17:15:53 : Checking Army Camp...
2015-08-02 17:15:55 : Total Army Camp capacity: 200/200
2015-08-02 17:15:56 :  - No. of Barbarians: 10
2015-08-02 17:15:56 :  - No. of Archers: 80
2015-08-02 17:15:56 : Barbarian : + 110 qty...
2015-08-02 17:15:56 : Archer : no adjustment required...
2015-08-02 17:15:56 : Giant : no adjustment required...
2015-08-02 17:15:56 : Clearing barrack to retrain for rectification
2015-08-02 17:16:22 : Time taken to rectify unbalanced troops : 00:18:16
2015-08-02 17:16:23 : Waiting for Full Army...
2015-08-02 17:16:48 : Checking Army Camp...
2015-08-02 17:16:50 : Total Army Camp capacity: 200/200
2015-08-02 17:16:51 :  - No. of Barbarians: 10
2015-08-02 17:16:51 :  - No. of Archers: 80
2015-08-02 17:16:51 : Barbarian : + 110 qty...
2015-08-02 17:16:51 : Archer : no adjustment required...
2015-08-02 17:16:51 : Giant : no adjustment required...
2015-08-02 17:16:51 : Clearing barrack to retrain for rectification
2015-08-02 17:17:16 : Time taken to rectify unbalanced troops : 00:18:19
2015-08-02 17:17:17 : Waiting for Full Army...
2015-08-02 17:17:42 : Checking Army Camp...
2015-08-02 17:17:44 : Total Army Camp capacity: 200/200
2015-08-02 17:17:45 :  - No. of Barbarians: 10
2015-08-02 17:17:45 :  - No. of Archers: 80
2015-08-02 17:17:45 : Barbarian : + 110 qty...
2015-08-02 17:17:45 : Archer : no adjustment required...
2015-08-02 17:17:45 : Giant : no adjustment required...
2015-08-02 17:17:45 : Clearing barrack to retrain for rectification
2015-08-02 17:18:11 : Time taken to rectify unbalanced troops : 00:18:20
2015-08-02 17:18:12 : Waiting for Full Army...
2015-08-02 17:18:37 : Checking Army Camp...
2015-08-02 17:18:39 : Total Army Camp capacity: 200/200
2015-08-02 17:18:40 :  - No. of Barbarians: 10
2015-08-02 17:18:40 :  - No. of Archers: 80
2015-08-02 17:18:40 : Barbarian : + 110 qty...
2015-08-02 17:18:40 : Archer : no adjustment required...
2015-08-02 17:18:40 : Giant : no adjustment required...
2015-08-02 17:18:40 : Clearing barrack to retrain for rectification
2015-08-02 17:19:05 : Time taken to rectify unbalanced troops : 00:18:20
2015-08-02 17:19:06 : Waiting for Full Army...
2015-08-02 17:19:31 : Checking Army Camp...
2015-08-02 17:19:33 : Total Army Camp capacity: 200/200
2015-08-02 17:19:34 :  - No. of Barbarians: 10
2015-08-02 17:19:34 :  - No. of Archers: 80
2015-08-02 17:19:34 : Barbarian : + 110 qty...
2015-08-02 17:19:34 : Archer : no adjustment required...
2015-08-02 17:19:34 : Giant : no adjustment required...
2015-08-02 17:19:34 : Clearing barrack to retrain for rectification
2015-08-02 17:19:59 : Time taken to rectify unbalanced troops : 00:18:20
2015-08-02 17:20:00 : Waiting for Full Army...
2015-08-02 17:20:25 : Checking Army Camp...
2015-08-02 17:20:27 : Total Army Camp capacity: 200/200
2015-08-02 17:20:28 :  - No. of Barbarians: 10
2015-08-02 17:20:28 :  - No. of Archers: 80
2015-08-02 17:20:28 : Barbarian : + 110 qty...
2015-08-02 17:20:28 : Archer : no adjustment required...
2015-08-02 17:20:28 : Giant : no adjustment required...
2015-08-02 17:20:28 : Clearing barrack to retrain for rectification
2015-08-02 17:20:53 : Time taken to rectify unbalanced troops : 00:18:20
2015-08-02 17:20:54 : Waiting for Full Army...
2015-08-02 17:21:19 : Checking Army Camp...
2015-08-02 17:21:21 : Total Army Camp capacity: 200/200
2015-08-02 17:21:22 :  - No. of Barbarians: 10
2015-08-02 17:21:22 :  - No. of Archers: 80
2015-08-02 17:21:22 : Barbarian : + 110 qty...
2015-08-02 17:21:22 : Archer : no adjustment required...
2015-08-02 17:21:22 : Giant : no adjustment required...
2015-08-02 17:21:22 : Clearing barrack to retrain for rectification
2015-08-02 17:21:47 : Time taken to rectify unbalanced troops : 00:18:20
2015-08-02 17:21:48 : Waiting for Full Army...
2015-08-02 17:22:11 : ClashGameBot was Paused!
2015-08-02 17:22:38 : Pushbullet: Your bot is currently paused, no action was taken
