2015-08-01 00:27:35 : ~~~ Clash Game Bot v4.1 Powered by GameBot.org ~~~
2015-08-01 00:27:35 : GameBot.org.exe Executable running on WIN_7  X64
2015-08-01 00:27:35 : =================== Bot Start ====================
2015-08-01 00:27:35 : -------------------------  Current Profile: 01 --------------------------
2015-08-01 00:27:35 : Trying to locate Main Screen
2015-08-01 00:27:36 : Zooming Out
2015-08-01 00:27:37 : Main Screen Located
2015-08-01 00:27:38 : Detecting your Buildings..
2015-08-01 00:27:43 : Language setting is English: Correct.
2015-08-01 00:27:44 : Trying to locate Main Screen
2015-08-01 00:27:44 : Main Screen Located
2015-08-01 00:27:45 : Collecting Resources
2015-08-01 00:27:52 : Checking if Village needs Rearming..
2015-08-01 00:28:00 : Village Report
2015-08-01 00:28:00 : No. of Free/Total Builders: 0/4
2015-08-01 00:28:00 :  [T]: 1 490
2015-08-01 00:28:00 :  [G]: 6 001 000 [E]: 5 880 844 [D]: 68 987 [GEM]: 955
2015-08-01 00:28:03 : Checking Army Camp...
2015-08-01 00:28:05 : Total Army Camp capacity: 188/200
2015-08-01 00:28:06 :  - No. of Barbarians: 10
2015-08-01 00:28:06 :  - No. of Archers: 68
2015-08-01 00:28:06 : Barracks and Spell factory status: 
2015-08-01 00:28:06 : - Barracks detected: 4 | Available: 3 | Upgrading: 1
2015-08-01 00:28:06 : - Dark Barracks detected: 2 | Available: 2 | Upgrading: 0
2015-08-01 00:28:06 : - Spell factory detected: 1 | Available: 1 | Upgrading: 0
2015-08-01 00:28:06 : - Dark Spell factory detected: 1 | Available: 1 | Upgrading: 0
2015-08-01 00:28:06 : Training Troops...
2015-08-01 00:28:23 :  ====== Unbreakable Mode enabled! ====== 
2015-08-01 00:28:27 : Going to Attack...
2015-08-01 00:28:35 : Returning Home For Defense
2015-08-01 00:28:38 : Closing Clash Of Clans
2015-08-01 00:28:40 : Waiting 10 Minutes for Defense Attacks
2015-08-01 00:39:03 : Zooming Out
2015-08-01 00:39:07 : Trying to locate Main Screen
2015-08-01 00:39:07 : Main Screen Located
2015-08-01 00:39:08 : Collecting Resources
2015-08-01 00:39:16 : Checking if Village needs Rearming..
2015-08-01 00:39:23 : Village Report
2015-08-01 00:39:23 : No. of Free/Total Builders: 0/4
2015-08-01 00:39:23 :  [T]: 1 490
2015-08-01 00:39:24 :  [G]: 6 001 000 [E]: 5 863 051 [D]: 69 003 [GEM]: 955
2015-08-01 00:39:26 : Checking Army Camp...
2015-08-01 00:39:28 : Total Army Camp capacity: 200/200
2015-08-01 00:39:29 :  - No. of Barbarians: 10
2015-08-01 00:39:29 :  - No. of Archers: 80
2015-08-01 00:39:29 : Training Troops...
2015-08-01 00:39:30 : Your Army Camps are now Full
2015-08-01 00:39:51 :  ====== Unbreakable Mode enabled! ====== 
2015-08-01 00:39:54 : Going to Attack...
2015-08-01 00:40:02 : Returning Home For Defense
2015-08-01 00:40:06 : Closing Clash Of Clans
2015-08-01 00:40:07 : Waiting 10 Minutes for Defense Attacks
2015-08-01 00:50:31 : Zooming Out
2015-08-01 00:50:35 : Trying to locate Main Screen
2015-08-01 00:50:35 : Main Screen Located
2015-08-01 00:50:36 : Collecting Resources
2015-08-01 00:50:44 : Checking if Village needs Rearming..
2015-08-01 00:50:52 : Village Report
2015-08-01 00:50:52 : No. of Free/Total Builders: 0/4
2015-08-01 00:50:52 :  [T]: 1 490
2015-08-01 00:50:52 :  [G]: 6 001 000 [E]: 5 840 602 [D]: 69 019 [GEM]: 955
2015-08-01 00:50:54 : Checking Army Camp...
2015-08-01 00:50:56 : Total Army Camp capacity: 200/200
2015-08-01 00:50:57 :  - No. of Barbarians: 10
2015-08-01 00:50:57 :  - No. of Archers: 80
2015-08-01 00:50:58 : Training Troops...
2015-08-01 00:50:58 : Your Army Camps are now Full
2015-08-01 00:51:22 :  ====== Unbreakable Mode enabled! ====== 
2015-08-01 00:51:25 : Going to Attack...
2015-08-01 00:51:33 : Returning Home For Defense
2015-08-01 00:51:37 : Closing Clash Of Clans
2015-08-01 00:51:38 : Waiting 10 Minutes for Defense Attacks
2015-08-01 01:02:02 : Zooming Out
2015-08-01 01:02:05 : Trying to locate Main Screen
2015-08-01 01:02:05 : Main Screen Located
2015-08-01 01:02:06 : Collecting Resources
2015-08-01 01:02:14 : Checking if Village needs Rearming..
2015-08-01 01:02:22 : Village Report
2015-08-01 01:02:22 : No. of Free/Total Builders: 0/4
2015-08-01 01:02:22 :  [T]: 1 490
2015-08-01 01:02:22 :  [G]: 6 001 000 [E]: 5 842 459 [D]: 69 035 [GEM]: 955
2015-08-01 01:02:24 : Checking Army Camp...
2015-08-01 01:02:26 : Total Army Camp capacity: 200/200
2015-08-01 01:02:27 :  - No. of Barbarians: 10
2015-08-01 01:02:27 :  - No. of Archers: 80
2015-08-01 01:02:27 : Training Troops...
2015-08-01 01:02:28 : Your Army Camps are now Full
2015-08-01 01:02:51 :  ====== Unbreakable Mode enabled! ====== 
2015-08-01 01:02:54 : Going to Attack...
2015-08-01 01:03:02 : Returning Home For Defense
2015-08-01 01:03:06 : Closing Clash Of Clans
2015-08-01 01:03:08 : Waiting 10 Minutes for Defense Attacks
2015-08-01 01:13:32 : Zooming Out
2015-08-01 01:13:35 : Trying to locate Main Screen
2015-08-01 01:13:35 : Main Screen Located
2015-08-01 01:13:36 : Collecting Resources
2015-08-01 01:13:44 : Checking if Village needs Rearming..
2015-08-01 01:13:52 : Village Report
2015-08-01 01:13:52 : No. of Free/Total Builders: 0/4
2015-08-01 01:13:52 :  [T]: 1 490
2015-08-01 01:13:52 :  [G]: 6 001 000 [E]: 5 844 316 [D]: 69 051 [GEM]: 955
2015-08-01 01:13:54 : Checking Army Camp...
2015-08-01 01:13:56 : Total Army Camp capacity: 200/200
2015-08-01 01:13:57 :  - No. of Barbarians: 10
2015-08-01 01:13:57 :  - No. of Archers: 80
2015-08-01 01:13:57 : Training Troops...
2015-08-01 01:13:58 : Your Army Camps are now Full
2015-08-01 01:14:22 :  ====== Unbreakable Mode enabled! ====== 
2015-08-01 01:14:25 : Going to Attack...
2015-08-01 01:14:33 : Returning Home For Defense
2015-08-01 01:14:36 : Closing Clash Of Clans
2015-08-01 01:14:38 : Waiting 10 Minutes for Defense Attacks
2015-08-01 01:25:02 : Zooming Out
2015-08-01 01:25:05 : Trying to locate Main Screen
2015-08-01 01:25:05 : Main Screen Located
2015-08-01 01:25:06 : Collecting Resources
2015-08-01 01:25:14 : Checking if Village needs Rearming..
2015-08-01 01:25:22 : Village Report
2015-08-01 01:25:22 : No. of Free/Total Builders: 0/4
2015-08-01 01:25:22 :  [T]: 1 490
2015-08-01 01:25:22 :  [G]: 6 001 000 [E]: 5 846 173 [D]: 69 067 [GEM]: 955
2015-08-01 01:25:24 : Checking Army Camp...
2015-08-01 01:25:26 : Total Army Camp capacity: 200/200
2015-08-01 01:25:27 :  - No. of Barbarians: 10
2015-08-01 01:25:28 :  - No. of Archers: 80
2015-08-01 01:25:28 : Training Troops...
2015-08-01 01:25:29 : Your Army Camps are now Full
2015-08-01 01:25:52 :  ====== Unbreakable Mode enabled! ====== 
2015-08-01 01:25:55 : Going to Attack...
2015-08-01 01:26:03 : Returning Home For Defense
2015-08-01 01:26:07 : Closing Clash Of Clans
2015-08-01 01:26:08 : Waiting 10 Minutes for Defense Attacks
2015-08-01 01:36:35 : Zooming Out
2015-08-01 01:36:39 : Trying to locate Main Screen
2015-08-01 01:36:39 : Main Screen Located
2015-08-01 01:36:40 : Collecting Resources
2015-08-01 01:36:48 : Checking if Village needs Rearming..
2015-08-01 01:36:52 : Rearmed Trap(s)
2015-08-01 01:36:57 : Village Report
2015-08-01 01:36:57 : No. of Free/Total Builders: 0/4
2015-08-01 01:36:57 :  [T]: 1 514
2015-08-01 01:36:57 :  [G]: 5 926 459 [E]: 5 847 270 [D]: 67 604 [GEM]: 955
2015-08-01 01:37:00 : Checking Army Camp...
2015-08-01 01:37:01 : Total Army Camp capacity: 200/200
2015-08-01 01:37:02 :  - No. of Barbarians: 10
2015-08-01 01:37:03 :  - No. of Archers: 80
2015-08-01 01:37:03 : Training Troops...
2015-08-01 01:37:03 : Your Army Camps are now Full
2015-08-01 01:37:27 :  ====== Unbreakable Mode enabled! ====== 
2015-08-01 01:37:30 : Going to Attack...
2015-08-01 01:37:38 : Returning Home For Defense
2015-08-01 01:37:42 : Closing Clash Of Clans
2015-08-01 01:37:43 : Waiting 10 Minutes for Defense Attacks
2015-08-01 01:48:07 : Zooming Out
2015-08-01 01:48:11 : Trying to locate Main Screen
2015-08-01 01:48:11 : Main Screen Located
2015-08-01 01:48:12 : Collecting Resources
2015-08-01 01:48:21 : Checking if Village needs Rearming..
2015-08-01 01:48:29 : Village Report
2015-08-01 01:48:29 : No. of Free/Total Builders: 0/4
2015-08-01 01:48:29 :  [T]: 1 514
2015-08-01 01:48:29 :  [G]: 5 928 258 [E]: 5 849 424 [D]: 67 620 [GEM]: 955
2015-08-01 01:48:32 : Checking Army Camp...
2015-08-01 01:48:33 : Total Army Camp capacity: 200/200
2015-08-01 01:48:34 :  - No. of Barbarians: 10
2015-08-01 01:48:35 :  - No. of Archers: 80
2015-08-01 01:48:35 : Training Troops...
2015-08-01 01:48:35 : Your Army Camps are now Full
2015-08-01 01:48:59 :  ====== Unbreakable Mode enabled! ====== 
2015-08-01 01:49:02 : Going to Attack...
2015-08-01 01:49:10 : Returning Home For Defense
2015-08-01 01:49:14 : Closing Clash Of Clans
2015-08-01 01:49:15 : Waiting 10 Minutes for Defense Attacks
2015-08-01 01:59:39 : Zooming Out
2015-08-01 01:59:42 : Trying to locate Main Screen
2015-08-01 01:59:43 : Main Screen Located
2015-08-01 01:59:44 : Collecting Resources
2015-08-01 01:59:52 : Checking if Village needs Rearming..
2015-08-01 02:00:00 : Village Report
2015-08-01 02:00:00 : No. of Free/Total Builders: 0/4
2015-08-01 02:00:00 :  [T]: 1 514
2015-08-01 02:00:01 :  [G]: 5 930 052 [E]: 5 851 285 [D]: 67 636 [GEM]: 955
2015-08-01 02:00:03 : Checking Army Camp...
2015-08-01 02:00:05 : Total Army Camp capacity: 200/200
2015-08-01 02:00:06 :  - No. of Barbarians: 10
2015-08-01 02:00:06 :  - No. of Archers: 80
2015-08-01 02:00:06 : Training Troops...
2015-08-01 02:00:07 : Your Army Camps are now Full
2015-08-01 02:00:31 :  ====== Unbreakable Mode enabled! ====== 
2015-08-01 02:00:34 : Going to Attack...
2015-08-01 02:00:42 : Returning Home For Defense
2015-08-01 02:00:46 : Closing Clash Of Clans
2015-08-01 02:00:47 : Waiting 10 Minutes for Defense Attacks
2015-08-01 02:11:11 : Zooming Out
2015-08-01 02:11:15 : Trying to locate Main Screen
2015-08-01 02:11:15 : Main Screen Located
2015-08-01 02:11:16 : Collecting Resources
2015-08-01 02:11:25 : Checking if Village needs Rearming..
2015-08-01 02:11:33 : Village Report
2015-08-01 02:11:33 : No. of Free/Total Builders: 0/4
2015-08-01 02:11:33 :  [T]: 1 514
2015-08-01 02:11:33 :  [G]: 5 931 850 [E]: 5 853 147 [D]: 67 652 [GEM]: 955
2015-08-01 02:11:35 : Checking Army Camp...
2015-08-01 02:11:37 : Total Army Camp capacity: 200/200
2015-08-01 02:11:38 :  - No. of Barbarians: 10
2015-08-01 02:11:38 :  - No. of Archers: 80
2015-08-01 02:11:39 : Training Troops...
2015-08-01 02:11:39 : Your Army Camps are now Full
2015-08-01 02:12:03 :  ====== Unbreakable Mode enabled! ====== 
2015-08-01 02:12:06 : Going to Attack...
2015-08-01 02:12:14 : Returning Home For Defense
2015-08-01 02:12:18 : Closing Clash Of Clans
2015-08-01 02:12:20 : Waiting 10 Minutes for Defense Attacks
2015-08-01 02:22:36 : Base is under attack, waiting 30 seocnds for end
2015-08-01 02:23:06 : Base is under attack, waiting 30 seocnds for end
2015-08-01 02:23:37 : Base is under attack, waiting 30 seocnds for end
2015-08-01 02:24:07 : Base is under attack, waiting 30 seocnds for end
2015-08-01 02:24:50 : Zooming Out
2015-08-01 02:24:54 : Trying to locate Main Screen
2015-08-01 02:24:54 : Main Screen Located
2015-08-01 02:24:55 : Collecting Resources
2015-08-01 02:25:02 : Checking if Village needs Rearming..
2015-08-01 02:25:06 : Rearmed Trap(s)
2015-08-01 02:25:11 : Village Report
2015-08-01 02:25:12 : No. of Free/Total Builders: 0/4
2015-08-01 02:25:12 :  [T]: 1 506
2015-08-01 02:25:12 :  [G]: 5 658 395 [E]: 5 764 305 [D]: 65 870 [GEM]: 955
2015-08-01 02:25:14 : Checking Army Camp...
2015-08-01 02:25:16 : Total Army Camp capacity: 200/200
2015-08-01 02:25:17 :  - No. of Barbarians: 10
2015-08-01 02:25:18 :  - No. of Archers: 80
2015-08-01 02:25:18 : Training Troops...
2015-08-01 02:25:18 : Your Army Camps are now Full
2015-08-01 02:25:42 :  ====== Unbreakable Mode enabled! ====== 
2015-08-01 02:25:45 : Going to Attack...
2015-08-01 02:25:53 : Returning Home For Defense
2015-08-01 02:25:56 : Closing Clash Of Clans
2015-08-01 02:25:58 : Waiting 10 Minutes for Defense Attacks
2015-08-01 02:36:22 : Zooming Out
2015-08-01 02:36:25 : Trying to locate Main Screen
2015-08-01 02:36:25 : Main Screen Located
2015-08-01 02:36:26 : Collecting Resources
2015-08-01 02:36:35 : Checking if Village needs Rearming..
2015-08-01 02:36:43 : Village Report
2015-08-01 02:36:43 : No. of Free/Total Builders: 0/4
2015-08-01 02:36:43 :  [T]: 1 506
2015-08-01 02:36:43 :  [G]: 5 661 181 [E]: 5 766 460 [D]: 65 886 [GEM]: 955
2015-08-01 02:36:46 : Checking Army Camp...
2015-08-01 02:36:48 : Total Army Camp capacity: 200/200
2015-08-01 02:36:49 :  - No. of Barbarians: 10
2015-08-01 02:36:49 :  - No. of Archers: 80
2015-08-01 02:36:49 : Training Troops...
2015-08-01 02:36:50 : Your Army Camps are now Full
2015-08-01 02:37:13 :  ====== Unbreakable Mode enabled! ====== 
2015-08-01 02:37:16 : Going to Attack...
2015-08-01 02:37:26 : Returning Home For Defense
2015-08-01 02:37:30 : Closing Clash Of Clans
2015-08-01 02:37:31 : Waiting 10 Minutes for Defense Attacks
2015-08-01 02:47:55 : Zooming Out
2015-08-01 02:47:58 : Trying to locate Main Screen
2015-08-01 02:47:59 : Main Screen Located
2015-08-01 02:48:00 : Collecting Resources
2015-08-01 02:48:08 : Checking if Village needs Rearming..
2015-08-01 02:48:16 : Village Report
2015-08-01 02:48:17 : No. of Free/Total Builders: 0/4
2015-08-01 02:48:17 :  [T]: 1 506
2015-08-01 02:48:17 :  [G]: 5 662 981 [E]: 5 768 327 [D]: 65 902 [GEM]: 955
2015-08-01 02:48:19 : Checking Army Camp...
2015-08-01 02:48:21 : Total Army Camp capacity: 200/200
2015-08-01 02:48:22 :  - No. of Barbarians: 10
2015-08-01 02:48:22 :  - No. of Archers: 80
2015-08-01 02:48:22 : Training Troops...
2015-08-01 02:48:23 : Your Army Camps are now Full
2015-08-01 02:48:46 :  ====== Unbreakable Mode enabled! ====== 
2015-08-01 02:48:49 : Going to Attack...
2015-08-01 02:48:57 : Returning Home For Defense
2015-08-01 02:49:01 : Closing Clash Of Clans
2015-08-01 02:49:03 : Waiting 10 Minutes for Defense Attacks
2015-08-01 02:59:27 : Zooming Out
2015-08-01 02:59:30 : Trying to locate Main Screen
2015-08-01 02:59:30 : Main Screen Located
2015-08-01 02:59:31 : Collecting Resources
2015-08-01 02:59:40 : Checking if Village needs Rearming..
2015-08-01 02:59:48 : Village Report
2015-08-01 02:59:48 : No. of Free/Total Builders: 0/4
2015-08-01 02:59:48 :  [T]: 1 506
2015-08-01 02:59:48 :  [G]: 5 664 776 [E]: 5 770 189 [D]: 65 918 [GEM]: 955
2015-08-01 02:59:51 : Checking Army Camp...
2015-08-01 02:59:52 : Total Army Camp capacity: 200/200
2015-08-01 02:59:53 :  - No. of Barbarians: 10
2015-08-01 02:59:54 :  - No. of Archers: 80
2015-08-01 02:59:54 : Training Troops...
2015-08-01 02:59:54 : Your Army Camps are now Full
2015-08-01 03:00:19 :  ====== Unbreakable Mode enabled! ====== 
2015-08-01 03:00:22 : Going to Attack...
2015-08-01 03:00:30 : Returning Home For Defense
2015-08-01 03:00:34 : Closing Clash Of Clans
2015-08-01 03:00:35 : Waiting 10 Minutes for Defense Attacks
2015-08-01 03:10:59 : Zooming Out
2015-08-01 03:11:03 : Trying to locate Main Screen
2015-08-01 03:11:03 : Main Screen Located
2015-08-01 03:11:04 : Collecting Resources
2015-08-01 03:11:13 : Checking if Village needs Rearming..
2015-08-01 03:11:21 : Village Report
2015-08-01 03:11:21 : No. of Free/Total Builders: 0/4
2015-08-01 03:11:21 :  [T]: 1 506
2015-08-01 03:11:21 :  [G]: 5 666 571 [E]: 5 772 051 [D]: 65 934 [GEM]: 955
2015-08-01 03:11:23 : Checking Army Camp...
2015-08-01 03:11:25 : Total Army Camp capacity: 200/200
2015-08-01 03:11:26 :  - No. of Barbarians: 10
2015-08-01 03:11:26 :  - No. of Archers: 80
2015-08-01 03:11:27 : Training Troops...
2015-08-01 03:11:27 : Your Army Camps are now Full
2015-08-01 03:11:51 :  ====== Unbreakable Mode enabled! ====== 
2015-08-01 03:11:54 : Going to Attack...
2015-08-01 03:12:02 : Returning Home For Defense
2015-08-01 03:12:06 : Closing Clash Of Clans
2015-08-01 03:12:07 : Waiting 10 Minutes for Defense Attacks
2015-08-01 03:22:31 : Zooming Out
2015-08-01 03:22:35 : Trying to locate Main Screen
2015-08-01 03:22:35 : Main Screen Located
2015-08-01 03:22:36 : Collecting Resources
2015-08-01 03:22:45 : Checking if Village needs Rearming..
2015-08-01 03:22:52 : Village Report
2015-08-01 03:22:52 : No. of Free/Total Builders: 0/4
2015-08-01 03:22:52 :  [T]: 1 506
2015-08-01 03:22:53 :  [G]: 5 668 365 [E]: 5 773 912 [D]: 65 950 [GEM]: 955
2015-08-01 03:22:55 : Checking Army Camp...
2015-08-01 03:22:57 : Total Army Camp capacity: 200/200
2015-08-01 03:22:58 :  - No. of Barbarians: 10
2015-08-01 03:22:58 :  - No. of Archers: 80
2015-08-01 03:22:58 : Training Troops...
2015-08-01 03:22:59 : Your Army Camps are now Full
2015-08-01 03:23:22 :  ====== Unbreakable Mode enabled! ====== 
2015-08-01 03:23:25 : Going to Attack...
2015-08-01 03:23:33 : Returning Home For Defense
2015-08-01 03:23:37 : Closing Clash Of Clans
2015-08-01 03:23:39 : Waiting 10 Minutes for Defense Attacks
2015-08-01 03:34:02 : Zooming Out
2015-08-01 03:34:06 : Trying to locate Main Screen
2015-08-01 03:34:06 : Main Screen Located
2015-08-01 03:34:07 : Collecting Resources
2015-08-01 03:34:16 : Checking if Village needs Rearming..
2015-08-01 03:34:24 : Village Report
2015-08-01 03:34:24 : No. of Free/Total Builders: 0/4
2015-08-01 03:34:24 :  [T]: 1 506
2015-08-01 03:34:24 :  [G]: 5 670 157 [E]: 5 775 773 [D]: 65 966 [GEM]: 955
2015-08-01 03:34:26 : Checking Army Camp...
2015-08-01 03:34:28 : Total Army Camp capacity: 200/200
2015-08-01 03:34:29 :  - No. of Barbarians: 10
2015-08-01 03:34:29 :  - No. of Archers: 80
2015-08-01 03:34:29 : Training Troops...
2015-08-01 03:34:30 : Your Army Camps are now Full
2015-08-01 03:34:53 :  ====== Unbreakable Mode enabled! ====== 
2015-08-01 03:34:57 : Going to Attack...
2015-08-01 03:35:05 : Returning Home For Defense
2015-08-01 03:35:08 : Closing Clash Of Clans
2015-08-01 03:35:10 : Waiting 10 Minutes for Defense Attacks
2015-08-01 03:45:34 : Zooming Out
2015-08-01 03:45:37 : Trying to locate Main Screen
2015-08-01 03:45:38 : Main Screen Located
2015-08-01 03:45:39 : Collecting Resources
2015-08-01 03:45:47 : Checking if Village needs Rearming..
2015-08-01 03:45:55 : Village Report
2015-08-01 03:45:55 : No. of Free/Total Builders: 0/4
2015-08-01 03:45:55 :  [T]: 1 506
2015-08-01 03:45:56 :  [G]: 5 671 950 [E]: 5 777 632 [D]: 65 982 [GEM]: 955
2015-08-01 03:45:58 : Checking Army Camp...
2015-08-01 03:46:00 : Total Army Camp capacity: 200/200
2015-08-01 03:46:01 :  - No. of Barbarians: 10
2015-08-01 03:46:01 :  - No. of Archers: 80
2015-08-01 03:46:01 : Training Troops...
2015-08-01 03:46:02 : Your Army Camps are now Full
2015-08-01 03:46:26 :  ====== Unbreakable Mode enabled! ====== 
2015-08-01 03:46:29 : Going to Attack...
2015-08-01 03:46:37 : Returning Home For Defense
2015-08-01 03:46:41 : Closing Clash Of Clans
2015-08-01 03:46:42 : Waiting 10 Minutes for Defense Attacks
2015-08-01 03:57:06 : Zooming Out
2015-08-01 03:57:10 : Trying to locate Main Screen
2015-08-01 03:57:10 : Main Screen Located
2015-08-01 03:57:11 : Collecting Resources
2015-08-01 03:57:20 : Checking if Village needs Rearming..
2015-08-01 03:57:28 : Village Report
2015-08-01 03:57:28 : No. of Free/Total Builders: 0/4
2015-08-01 03:57:28 :  [T]: 1 506
2015-08-01 03:57:28 :  [G]: 5 673 748 [E]: 5 779 494 [D]: 65 998 [GEM]: 955
2015-08-01 03:57:31 : Checking Army Camp...
2015-08-01 03:57:33 : Total Army Camp capacity: 200/200
2015-08-01 03:57:34 :  - No. of Barbarians: 10
2015-08-01 03:57:34 :  - No. of Archers: 80
2015-08-01 03:57:34 : Training Troops...
2015-08-01 03:57:35 : Your Army Camps are now Full
2015-08-01 03:57:58 :  ====== Unbreakable Mode enabled! ====== 
2015-08-01 03:58:01 : Going to Attack...
2015-08-01 03:58:09 : Returning Home For Defense
2015-08-01 03:58:13 : Closing Clash Of Clans
2015-08-01 03:58:14 : Waiting 10 Minutes for Defense Attacks
2015-08-01 04:08:38 : Zooming Out
2015-08-01 04:08:42 : Trying to locate Main Screen
2015-08-01 04:08:42 : Main Screen Located
2015-08-01 04:08:43 : Collecting Resources
2015-08-01 04:08:52 : Checking if Village needs Rearming..
2015-08-01 04:08:59 : Village Report
2015-08-01 04:08:59 : No. of Free/Total Builders: 0/4
2015-08-01 04:08:59 :  [T]: 1 506
2015-08-01 04:09:00 :  [G]: 5 675 542 [E]: 5 781 356 [D]: 66 014 [GEM]: 955
2015-08-01 04:09:02 : Checking Army Camp...
2015-08-01 04:09:04 : Total Army Camp capacity: 200/200
2015-08-01 04:09:05 :  - No. of Barbarians: 10
2015-08-01 04:09:05 :  - No. of Archers: 80
2015-08-01 04:09:05 : Training Troops...
2015-08-01 04:09:06 : Your Army Camps are now Full
2015-08-01 04:09:30 :  ====== Unbreakable Mode enabled! ====== 
2015-08-01 04:09:33 : Going to Attack...
2015-08-01 04:09:41 : Returning Home For Defense
2015-08-01 04:09:44 : Closing Clash Of Clans
2015-08-01 04:09:46 : Waiting 10 Minutes for Defense Attacks
2015-08-01 04:20:10 : Zooming Out
2015-08-01 04:20:14 : Trying to locate Main Screen
2015-08-01 04:20:14 : Main Screen Located
2015-08-01 04:20:15 : Collecting Resources
2015-08-01 04:20:24 : Checking if Village needs Rearming..
2015-08-01 04:20:32 : Village Report
2015-08-01 04:20:32 : No. of Free/Total Builders: 0/4
2015-08-01 04:20:32 :  [T]: 1 506
2015-08-01 04:20:32 :  [G]: 5 677 339 [E]: 5 783 218 [D]: 66 030 [GEM]: 955
2015-08-01 04:20:34 : Checking Army Camp...
2015-08-01 04:20:36 : Total Army Camp capacity: 200/200
2015-08-01 04:20:37 :  - No. of Barbarians: 10
2015-08-01 04:20:37 :  - No. of Archers: 80
2015-08-01 04:20:37 : Training Troops...
2015-08-01 04:20:38 : Your Army Camps are now Full
2015-08-01 04:21:02 :  ====== Unbreakable Mode enabled! ====== 
2015-08-01 04:21:05 : Going to Attack...
2015-08-01 04:21:13 : Returning Home For Defense
2015-08-01 04:21:17 : Closing Clash Of Clans
2015-08-01 04:21:18 : Waiting 10 Minutes for Defense Attacks
2015-08-01 04:31:42 : Zooming Out
2015-08-01 04:31:46 : Trying to locate Main Screen
2015-08-01 04:31:46 : Main Screen Located
2015-08-01 04:31:47 : Collecting Resources
2015-08-01 04:31:55 : Checking if Village needs Rearming..
2015-08-01 04:32:03 : Village Report
2015-08-01 04:32:03 : No. of Free/Total Builders: 0/4
2015-08-01 04:32:03 :  [T]: 1 506
2015-08-01 04:32:04 :  [G]: 5 679 124 [E]: 5 785 071 [D]: 66 046 [GEM]: 955
2015-08-01 04:32:06 : Checking Army Camp...
2015-08-01 04:32:08 : Total Army Camp capacity: 200/200
2015-08-01 04:32:09 :  - No. of Barbarians: 10
2015-08-01 04:32:09 :  - No. of Archers: 80
2015-08-01 04:32:09 : Training Troops...
2015-08-01 04:32:10 : Your Army Camps are now Full
2015-08-01 04:32:33 :  ====== Unbreakable Mode enabled! ====== 
2015-08-01 04:32:37 : Going to Attack...
2015-08-01 04:32:45 : Returning Home For Defense
2015-08-01 04:32:48 : Closing Clash Of Clans
2015-08-01 04:32:50 : Waiting 10 Minutes for Defense Attacks
2015-08-01 04:43:13 : Zooming Out
2015-08-01 04:43:17 : Trying to locate Main Screen
2015-08-01 04:43:17 : Main Screen Located
2015-08-01 04:43:18 : Collecting Resources
2015-08-01 04:43:27 : Checking if Village needs Rearming..
2015-08-01 04:43:35 : Village Report
2015-08-01 04:43:35 : No. of Free/Total Builders: 0/4
2015-08-01 04:43:35 :  [T]: 1 506
2015-08-01 04:43:35 :  [G]: 5 680 917 [E]: 5 786 932 [D]: 66 062 [GEM]: 955
2015-08-01 04:43:37 : Checking Army Camp...
2015-08-01 04:43:39 : Total Army Camp capacity: 200/200
2015-08-01 04:43:40 :  - No. of Barbarians: 10
2015-08-01 04:43:40 :  - No. of Archers: 80
2015-08-01 04:43:40 : Training Troops...
2015-08-01 04:43:41 : Your Army Camps are now Full
2015-08-01 04:44:04 :  ====== Unbreakable Mode enabled! ====== 
2015-08-01 04:44:08 : Going to Attack...
2015-08-01 04:44:16 : Returning Home For Defense
2015-08-01 04:44:19 : Closing Clash Of Clans
2015-08-01 04:44:21 : Waiting 10 Minutes for Defense Attacks
2015-08-01 04:54:45 : Zooming Out
2015-08-01 04:54:48 : Trying to locate Main Screen
2015-08-01 04:54:48 : Main Screen Located
2015-08-01 04:54:49 : Collecting Resources
2015-08-01 04:54:58 : Checking if Village needs Rearming..
2015-08-01 04:55:06 : Village Report
2015-08-01 04:55:06 : No. of Free/Total Builders: 0/4
2015-08-01 04:55:06 :  [T]: 1 506
2015-08-01 04:55:06 :  [G]: 5 682 703 [E]: 5 788 789 [D]: 66 078 [GEM]: 955
2015-08-01 04:55:08 : Checking Army Camp...
2015-08-01 04:55:10 : Total Army Camp capacity: 200/200
2015-08-01 04:55:11 :  - No. of Barbarians: 10
2015-08-01 04:55:12 :  - No. of Archers: 80
2015-08-01 04:55:12 : Training Troops...
2015-08-01 04:55:13 : Your Army Camps are now Full
2015-08-01 04:55:36 :  ====== Unbreakable Mode enabled! ====== 
2015-08-01 04:55:39 : Going to Attack...
2015-08-01 04:55:47 : Returning Home For Defense
2015-08-01 04:55:51 : Closing Clash Of Clans
2015-08-01 04:55:52 : Waiting 10 Minutes for Defense Attacks
2015-08-01 05:06:16 : Zooming Out
2015-08-01 05:06:20 : Trying to locate Main Screen
2015-08-01 05:06:20 : Main Screen Located
2015-08-01 05:06:21 : Collecting Resources
2015-08-01 05:06:30 : Checking if Village needs Rearming..
2015-08-01 05:06:38 : Village Report
2015-08-01 05:06:38 : No. of Free/Total Builders: 0/4
2015-08-01 05:06:38 :  [T]: 1 506
2015-08-01 05:06:38 :  [G]: 5 684 496 [E]: 5 790 651 [D]: 66 094 [GEM]: 955
2015-08-01 05:06:41 : Checking Army Camp...
2015-08-01 05:06:42 : Total Army Camp capacity: 200/200
2015-08-01 05:06:44 :  - No. of Barbarians: 10
2015-08-01 05:06:44 :  - No. of Archers: 80
2015-08-01 05:06:44 : Training Troops...
2015-08-01 05:06:45 : Your Army Camps are now Full
2015-08-01 05:07:08 :  ====== Unbreakable Mode enabled! ====== 
2015-08-01 05:07:11 : Going to Attack...
2015-08-01 05:07:19 : Returning Home For Defense
2015-08-01 05:07:23 : Closing Clash Of Clans
2015-08-01 05:07:24 : Waiting 10 Minutes for Defense Attacks
2015-08-01 05:17:48 : Zooming Out
2015-08-01 05:17:52 : Trying to locate Main Screen
2015-08-01 05:17:52 : Main Screen Located
2015-08-01 05:17:53 : Collecting Resources
2015-08-01 05:18:02 : Checking if Village needs Rearming..
2015-08-01 05:18:10 : Village Report
2015-08-01 05:18:10 : No. of Free/Total Builders: 0/4
2015-08-01 05:18:10 :  [T]: 1 506
2015-08-01 05:18:10 :  [G]: 5 686 284 [E]: 5 792 508 [D]: 66 110 [GEM]: 955
2015-08-01 05:18:12 : Checking Army Camp...
2015-08-01 05:18:14 : Total Army Camp capacity: 200/200
2015-08-01 05:18:15 :  - No. of Barbarians: 10
2015-08-01 05:18:15 :  - No. of Archers: 80
2015-08-01 05:18:16 : Training Troops...
2015-08-01 05:18:16 : Your Army Camps are now Full
2015-08-01 05:18:40 :  ====== Unbreakable Mode enabled! ====== 
2015-08-01 05:18:43 : Going to Attack...
2015-08-01 05:18:51 : Returning Home For Defense
2015-08-01 05:18:55 : Closing Clash Of Clans
2015-08-01 05:18:56 : Waiting 10 Minutes for Defense Attacks
2015-08-01 05:29:20 : Zooming Out
2015-08-01 05:29:24 : Trying to locate Main Screen
2015-08-01 05:29:24 : Main Screen Located
2015-08-01 05:29:25 : Collecting Resources
2015-08-01 05:29:33 : Checking if Village needs Rearming..
2015-08-01 05:29:41 : Village Report
2015-08-01 05:29:41 : No. of Free/Total Builders: 0/4
2015-08-01 05:29:41 :  [T]: 1 506
2015-08-01 05:29:42 :  [G]: 5 688 075 [E]: 5 794 366 [D]: 66 126 [GEM]: 955
2015-08-01 05:29:44 : Checking Army Camp...
2015-08-01 05:29:46 : Total Army Camp capacity: 200/200
2015-08-01 05:29:47 :  - No. of Barbarians: 10
2015-08-01 05:29:47 :  - No. of Archers: 80
2015-08-01 05:29:47 : Training Troops...
2015-08-01 05:29:48 : Your Army Camps are now Full
2015-08-01 05:30:10 :  ====== Unbreakable Mode enabled! ====== 
2015-08-01 05:30:13 : Going to Attack...
2015-08-01 05:30:21 : Returning Home For Defense
2015-08-01 05:30:27 : Window clean required, but no problem for ClashGameBot!
2015-08-01 05:30:27 : Closing Clash Of Clans
2015-08-01 05:30:29 : Waiting 10 Minutes for Defense Attacks
2015-08-01 05:40:53 : Zooming Out
2015-08-01 05:40:57 : Trying to locate Main Screen
2015-08-01 05:40:57 : Main Screen Located
2015-08-01 05:40:58 : Collecting Resources
2015-08-01 05:41:07 : Checking if Village needs Rearming..
2015-08-01 05:41:15 : Village Report
2015-08-01 05:41:15 : No. of Free/Total Builders: 0/4
2015-08-01 05:41:15 :  [T]: 1 506
2015-08-01 05:41:15 :  [G]: 5 689 875 [E]: 5 804 030 [D]: 66 142 [GEM]: 955
2015-08-01 05:41:17 : Checking Army Camp...
2015-08-01 05:41:19 : Total Army Camp capacity: 200/200
2015-08-01 05:41:20 :  - No. of Barbarians: 10
2015-08-01 05:41:20 :  - No. of Archers: 80
2015-08-01 05:41:21 : Training Troops...
2015-08-01 05:41:21 : Your Army Camps are now Full
2015-08-01 05:41:44 :  ====== Unbreakable Mode enabled! ====== 
2015-08-01 05:41:47 : Going to Attack...
2015-08-01 05:41:55 : Returning Home For Defense
2015-08-01 05:41:59 : Closing Clash Of Clans
2015-08-01 05:42:00 : Waiting 10 Minutes for Defense Attacks
2015-08-01 05:52:24 : Zooming Out
2015-08-01 05:52:28 : Trying to locate Main Screen
2015-08-01 05:52:28 : Main Screen Located
2015-08-01 05:52:29 : Collecting Resources
2015-08-01 05:52:38 : Checking if Village needs Rearming..
2015-08-01 05:52:46 : Village Report
2015-08-01 05:52:46 : No. of Free/Total Builders: 0/4
2015-08-01 05:52:46 :  [T]: 1 506
2015-08-01 05:52:46 :  [G]: 5 691 650 [E]: 5 798 077 [D]: 66 158 [GEM]: 955
2015-08-01 05:52:48 : Checking Army Camp...
2015-08-01 05:52:50 : Total Army Camp capacity: 200/200
2015-08-01 05:52:51 :  - No. of Barbarians: 10
2015-08-01 05:52:51 :  - No. of Archers: 80
2015-08-01 05:52:52 : Training Troops...
2015-08-01 05:52:52 : Your Army Camps are now Full
2015-08-01 05:53:16 :  ====== Unbreakable Mode enabled! ====== 
2015-08-01 05:53:19 : Going to Attack...
2015-08-01 05:53:27 : Returning Home For Defense
2015-08-01 05:53:31 : Closing Clash Of Clans
2015-08-01 05:53:32 : Waiting 10 Minutes for Defense Attacks
2015-08-01 06:03:56 : Zooming Out
2015-08-01 06:04:00 : Trying to locate Main Screen
2015-08-01 06:04:00 : Main Screen Located
2015-08-01 06:04:01 : Collecting Resources
2015-08-01 06:04:09 : Checking if Village needs Rearming..
2015-08-01 06:04:17 : Village Report
2015-08-01 06:04:17 : No. of Free/Total Builders: 0/4
2015-08-01 06:04:17 :  [T]: 1 506
2015-08-01 06:04:18 :  [G]: 5 693 435 [E]: 5 799 932 [D]: 66 174 [GEM]: 955
2015-08-01 06:04:20 : Checking Army Camp...
2015-08-01 06:04:22 : Total Army Camp capacity: 200/200
2015-08-01 06:04:23 :  - No. of Barbarians: 10
2015-08-01 06:04:23 :  - No. of Archers: 80
2015-08-01 06:04:23 : Training Troops...
2015-08-01 06:04:24 : Your Army Camps are now Full
2015-08-01 06:04:47 :  ====== Unbreakable Mode enabled! ====== 
2015-08-01 06:04:50 : Going to Attack...
2015-08-01 06:04:58 : Returning Home For Defense
2015-08-01 06:05:02 : Closing Clash Of Clans
2015-08-01 06:05:03 : Waiting 10 Minutes for Defense Attacks
2015-08-01 06:15:27 : Zooming Out
2015-08-01 06:15:31 : Trying to locate Main Screen
2015-08-01 06:15:31 : Main Screen Located
2015-08-01 06:15:32 : Collecting Resources
2015-08-01 06:15:41 : Checking if Village needs Rearming..
2015-08-01 06:15:49 : Village Report
2015-08-01 06:15:49 : No. of Free/Total Builders: 0/4
2015-08-01 06:15:49 :  [T]: 1 506
2015-08-01 06:15:49 :  [G]: 5 695 225 [E]: 5 801 790 [D]: 66 190 [GEM]: 955
2015-08-01 06:15:52 : Checking Army Camp...
2015-08-01 06:15:54 : Total Army Camp capacity: 200/200
2015-08-01 06:15:55 :  - No. of Barbarians: 10
2015-08-01 06:15:55 :  - No. of Archers: 80
2015-08-01 06:15:55 : Training Troops...
2015-08-01 06:15:56 : Your Army Camps are now Full
2015-08-01 06:16:19 :  ====== Unbreakable Mode enabled! ====== 
2015-08-01 06:16:22 : Going to Attack...
2015-08-01 06:16:30 : Returning Home For Defense
2015-08-01 06:16:34 : Closing Clash Of Clans
2015-08-01 06:16:35 : Waiting 10 Minutes for Defense Attacks
2015-08-01 06:26:59 : Zooming Out
2015-08-01 06:27:03 : Trying to locate Main Screen
2015-08-01 06:27:03 : Main Screen Located
2015-08-01 06:27:04 : Collecting Resources
2015-08-01 06:27:13 : Checking if Village needs Rearming..
2015-08-01 06:27:21 : Village Report
2015-08-01 06:27:21 : No. of Free/Total Builders: 0/4
2015-08-01 06:27:21 :  [T]: 1 506
2015-08-01 06:27:22 :  [G]: 5 697 025 [E]: 5 803 652 [D]: 66 206 [GEM]: 955
2015-08-01 06:27:24 : Checking Army Camp...
2015-08-01 06:27:26 : Total Army Camp capacity: 200/200
2015-08-01 06:27:27 :  - No. of Barbarians: 10
2015-08-01 06:27:27 :  - No. of Archers: 80
2015-08-01 06:27:27 : Training Troops...
2015-08-01 06:27:28 : Your Army Camps are now Full
2015-08-01 06:27:51 :  ====== Unbreakable Mode enabled! ====== 
2015-08-01 06:27:54 : Going to Attack...
2015-08-01 06:28:02 : Returning Home For Defense
2015-08-01 06:28:06 : Closing Clash Of Clans
2015-08-01 06:28:07 : Waiting 10 Minutes for Defense Attacks
2015-08-01 06:38:31 : Zooming Out
2015-08-01 06:38:35 : Trying to locate Main Screen
2015-08-01 06:38:35 : Main Screen Located
2015-08-01 06:38:36 : Collecting Resources
2015-08-01 06:38:44 : Checking if Village needs Rearming..
2015-08-01 06:38:52 : Village Report
2015-08-01 06:38:52 : No. of Free/Total Builders: 0/4
2015-08-01 06:38:52 :  [T]: 1 506
2015-08-01 06:38:53 :  [G]: 5 698 813 [E]: 5 805 509 [D]: 66 222 [GEM]: 955
2015-08-01 06:38:55 : Checking Army Camp...
2015-08-01 06:38:57 : Total Army Camp capacity: 200/200
2015-08-01 06:38:58 :  - No. of Barbarians: 10
2015-08-01 06:38:58 :  - No. of Archers: 80
2015-08-01 06:38:58 : Training Troops...
2015-08-01 06:38:59 : Your Army Camps are now Full
2015-08-01 06:39:23 :  ====== Unbreakable Mode enabled! ====== 
2015-08-01 06:39:26 : Going to Attack...
2015-08-01 06:39:34 : Returning Home For Defense
2015-08-01 06:39:37 : Closing Clash Of Clans
2015-08-01 06:39:39 : Waiting 10 Minutes for Defense Attacks
2015-08-01 06:50:03 : Zooming Out
2015-08-01 06:50:06 : Trying to locate Main Screen
2015-08-01 06:50:06 : Main Screen Located
2015-08-01 06:50:08 : Collecting Resources
2015-08-01 06:50:16 : Checking if Village needs Rearming..
2015-08-01 06:50:24 : Village Report
2015-08-01 06:50:24 : No. of Free/Total Builders: 0/4
2015-08-01 06:50:24 :  [T]: 1 506
2015-08-01 06:50:24 :  [G]: 5 700 601 [E]: 5 807 366 [D]: 66 238 [GEM]: 955
2015-08-01 06:50:26 : Checking Army Camp...
2015-08-01 06:50:28 : Total Army Camp capacity: 200/200
2015-08-01 06:50:29 :  - No. of Barbarians: 10
2015-08-01 06:50:29 :  - No. of Archers: 80
2015-08-01 06:50:30 : Training Troops...
2015-08-01 06:50:30 : Your Army Camps are now Full
2015-08-01 06:50:54 :  ====== Unbreakable Mode enabled! ====== 
2015-08-01 06:50:57 : Going to Attack...
2015-08-01 06:51:05 : Returning Home For Defense
2015-08-01 06:51:09 : Closing Clash Of Clans
2015-08-01 06:51:10 : Waiting 10 Minutes for Defense Attacks
2015-08-01 07:01:33 : Zooming Out
2015-08-01 07:01:37 : Trying to locate Main Screen
2015-08-01 07:01:37 : Main Screen Located
2015-08-01 07:01:38 : Collecting Resources
2015-08-01 07:01:47 : Checking if Village needs Rearming..
2015-08-01 07:01:55 : Village Report
2015-08-01 07:01:55 : No. of Free/Total Builders: 0/4
2015-08-01 07:01:55 :  [T]: 1 506
2015-08-01 07:01:55 :  [G]: 5 702 386 [E]: 5 809 223 [D]: 66 254 [GEM]: 955
2015-08-01 07:01:57 : Checking Army Camp...
2015-08-01 07:01:59 : Total Army Camp capacity: 200/200
2015-08-01 07:02:00 :  - No. of Barbarians: 10
2015-08-01 07:02:00 :  - No. of Archers: 80
2015-08-01 07:02:01 : Training Troops...
2015-08-01 07:02:01 : Your Army Camps are now Full
2015-08-01 07:02:25 :  ====== Unbreakable Mode enabled! ====== 
2015-08-01 07:02:28 : Going to Attack...
2015-08-01 07:02:36 : Returning Home For Defense
2015-08-01 07:02:40 : Closing Clash Of Clans
2015-08-01 07:02:41 : Waiting 10 Minutes for Defense Attacks
2015-08-01 07:13:05 : Zooming Out
2015-08-01 07:13:08 : Trying to locate Main Screen
2015-08-01 07:13:09 : Main Screen Located
2015-08-01 07:13:10 : Collecting Resources
2015-08-01 07:13:18 : Checking if Village needs Rearming..
2015-08-01 07:13:26 : Village Report
2015-08-01 07:13:26 : No. of Free/Total Builders: 0/4
2015-08-01 07:13:26 :  [T]: 1 506
2015-08-01 07:13:27 :  [G]: 5 704 179 [E]: 5 811 085 [D]: 66 270 [GEM]: 955
2015-08-01 07:13:29 : Checking Army Camp...
2015-08-01 07:13:31 : Total Army Camp capacity: 200/200
2015-08-01 07:13:32 :  - No. of Barbarians: 10
2015-08-01 07:13:32 :  - No. of Archers: 80
2015-08-01 07:13:32 : Training Troops...
2015-08-01 07:13:33 : Your Army Camps are now Full
2015-08-01 07:13:54 :  ====== Unbreakable Mode enabled! ====== 
2015-08-01 07:13:58 : Going to Attack...
2015-08-01 07:14:06 : Returning Home For Defense
2015-08-01 07:14:10 : Closing Clash Of Clans
2015-08-01 07:14:11 : Waiting 10 Minutes for Defense Attacks
2015-08-01 07:24:35 : Zooming Out
2015-08-01 07:24:39 : Trying to locate Main Screen
2015-08-01 07:24:39 : Main Screen Located
2015-08-01 07:24:40 : Collecting Resources
2015-08-01 07:24:48 : Checking if Village needs Rearming..
2015-08-01 07:24:56 : Village Report
2015-08-01 07:24:56 : No. of Free/Total Builders: 0/4
2015-08-01 07:24:56 :  [T]: 1 506
2015-08-01 07:24:56 :  [G]: 5 705 964 [E]: 5 820 742 [D]: 66 286 [GEM]: 955
2015-08-01 07:24:59 : Checking Army Camp...
2015-08-01 07:25:01 : Total Army Camp capacity: 200/200
2015-08-01 07:25:02 :  - No. of Barbarians: 10
2015-08-01 07:25:02 :  - No. of Archers: 80
2015-08-01 07:25:02 : Training Troops...
2015-08-01 07:25:03 : Your Army Camps are now Full
2015-08-01 07:25:25 :  ====== Unbreakable Mode enabled! ====== 
2015-08-01 07:25:29 : Going to Attack...
2015-08-01 07:25:36 : Returning Home For Defense
2015-08-01 07:25:40 : Closing Clash Of Clans
2015-08-01 07:25:41 : Waiting 10 Minutes for Defense Attacks
2015-08-01 07:36:09 : Zooming Out
2015-08-01 07:36:13 : Trying to locate Main Screen
2015-08-01 07:36:13 : Main Screen Located
2015-08-01 07:36:14 : Collecting Resources
2015-08-01 07:36:22 : Checking if Village needs Rearming..
2015-08-01 07:36:26 : Rearmed Trap(s)
2015-08-01 07:36:31 : Village Report
2015-08-01 07:36:31 : No. of Free/Total Builders: 0/4
2015-08-01 07:36:31 :  [T]: 1 529
2015-08-01 07:36:31 :  [G]: 5 515 739 [E]: 5 724 118 [D]: 64 499 [GEM]: 955
2015-08-01 07:36:34 : Checking Army Camp...
2015-08-01 07:36:35 : Total Army Camp capacity: 200/200
2015-08-01 07:36:37 :  - No. of Barbarians: 10
2015-08-01 07:36:37 :  - No. of Archers: 80
2015-08-01 07:36:37 : Training Troops...
2015-08-01 07:36:38 : Your Army Camps are now Full
2015-08-01 07:37:01 :  ====== Unbreakable Mode enabled! ====== 
2015-08-01 07:37:04 : Going to Attack...
2015-08-01 07:37:12 : Returning Home For Defense
2015-08-01 07:37:16 : Closing Clash Of Clans
2015-08-01 07:37:17 : Waiting 10 Minutes for Defense Attacks
2015-08-01 07:47:34 : Base is under attack, waiting 30 seocnds for end
2015-08-01 07:48:04 : Base is under attack, waiting 30 seocnds for end
2015-08-01 07:48:48 : Zooming Out
2015-08-01 07:48:51 : Trying to locate Main Screen
2015-08-01 07:48:51 : Main Screen Located
2015-08-01 07:48:52 : Collecting Resources
2015-08-01 07:49:01 : Checking if Village needs Rearming..
2015-08-01 07:49:05 : Rearmed Trap(s)
2015-08-01 07:49:10 : Village Report
2015-08-01 07:49:10 : No. of Free/Total Builders: 0/4
2015-08-01 07:49:10 :  [T]: 1 553
2015-08-01 07:49:10 :  [G]: 5 382 115 [E]: 5 722 470 [D]: 62 511 [GEM]: 955
2015-08-01 07:49:12 : Checking Army Camp...
2015-08-01 07:49:14 : Total Army Camp capacity: 200/200
2015-08-01 07:49:15 :  - No. of Barbarians: 10
2015-08-01 07:49:15 :  - No. of Archers: 80
2015-08-01 07:49:16 : Training Troops...
2015-08-01 07:49:16 : Your Army Camps are now Full
2015-08-01 07:49:40 :  ====== Unbreakable Mode enabled! ====== 
2015-08-01 07:49:43 : Going to Attack...
2015-08-01 07:49:51 : Returning Home For Defense
2015-08-01 07:49:55 : Closing Clash Of Clans
2015-08-01 07:49:56 : Waiting 10 Minutes for Defense Attacks
2015-08-01 08:00:20 : Zooming Out
2015-08-01 08:00:24 : Trying to locate Main Screen
2015-08-01 08:00:24 : Main Screen Located
2015-08-01 08:00:25 : Collecting Resources
2015-08-01 08:00:34 : Checking if Village needs Rearming..
2015-08-01 08:00:41 : Village Report
2015-08-01 08:00:41 : No. of Free/Total Builders: 0/4
2015-08-01 08:00:41 :  [T]: 1 553
2015-08-01 08:00:42 :  [G]: 5 383 916 [E]: 5 724 739 [D]: 62 527 [GEM]: 955
2015-08-01 08:00:44 : Checking Army Camp...
2015-08-01 08:00:46 : Total Army Camp capacity: 200/200
2015-08-01 08:00:47 :  - No. of Barbarians: 10
2015-08-01 08:00:47 :  - No. of Archers: 80
2015-08-01 08:00:47 : Training Troops...
2015-08-01 08:00:48 : Your Army Camps are now Full
2015-08-01 08:01:11 :  ====== Unbreakable Mode enabled! ====== 
2015-08-01 08:01:14 : Going to Attack...
2015-08-01 08:01:22 : Returning Home For Defense
2015-08-01 08:01:26 : Closing Clash Of Clans
2015-08-01 08:01:27 : Waiting 10 Minutes for Defense Attacks
2015-08-01 08:11:51 : Zooming Out
2015-08-01 08:11:55 : Trying to locate Main Screen
2015-08-01 08:11:55 : Main Screen Located
2015-08-01 08:11:56 : Collecting Resources
2015-08-01 08:12:05 : Checking if Village needs Rearming..
2015-08-01 08:12:13 : Village Report
2015-08-01 08:12:13 : No. of Free/Total Builders: 0/4
2015-08-01 08:12:13 :  [T]: 1 553
2015-08-01 08:12:13 :  [G]: 5 385 711 [E]: 5 726 601 [D]: 62 543 [GEM]: 955
2015-08-01 08:12:15 : Checking Army Camp...
2015-08-01 08:12:17 : Total Army Camp capacity: 200/200
2015-08-01 08:12:18 :  - No. of Barbarians: 10
2015-08-01 08:12:19 :  - No. of Archers: 80
2015-08-01 08:12:19 : Training Troops...
2015-08-01 08:12:20 : Your Army Camps are now Full
2015-08-01 08:12:43 :  ====== Unbreakable Mode enabled! ====== 
2015-08-01 08:12:46 : Going to Attack...
2015-08-01 08:12:54 : Returning Home For Defense
2015-08-01 08:12:57 : Closing Clash Of Clans
2015-08-01 08:12:59 : Waiting 10 Minutes for Defense Attacks
2015-08-01 08:23:23 : Zooming Out
2015-08-01 08:23:26 : Trying to locate Main Screen
2015-08-01 08:23:27 : Main Screen Located
2015-08-01 08:23:28 : Collecting Resources
2015-08-01 08:23:37 : Checking if Village needs Rearming..
2015-08-01 08:23:45 : Village Report
2015-08-01 08:23:45 : No. of Free/Total Builders: 0/4
2015-08-01 08:23:45 :  [T]: 1 553
2015-08-01 08:23:45 :  [G]: 5 387 499 [E]: 5 728 458 [D]: 62 559 [GEM]: 955
2015-08-01 08:23:47 : Checking Army Camp...
2015-08-01 08:23:49 : Total Army Camp capacity: 200/200
2015-08-01 08:23:50 :  - No. of Barbarians: 10
2015-08-01 08:23:50 :  - No. of Archers: 80
2015-08-01 08:23:50 : Training Troops...
2015-08-01 08:23:51 : Your Army Camps are now Full
2015-08-01 08:24:15 :  ====== Unbreakable Mode enabled! ====== 
2015-08-01 08:24:18 : Going to Attack...
2015-08-01 08:24:26 : Returning Home For Defense
2015-08-01 08:24:30 : Closing Clash Of Clans
2015-08-01 08:24:32 : Waiting 10 Minutes for Defense Attacks
2015-08-01 08:34:55 : Zooming Out
2015-08-01 08:34:59 : Trying to locate Main Screen
2015-08-01 08:34:59 : Main Screen Located
2015-08-01 08:35:00 : Collecting Resources
2015-08-01 08:35:09 : Checking if Village needs Rearming..
2015-08-01 08:35:17 : Village Report
2015-08-01 08:35:17 : No. of Free/Total Builders: 0/4
2015-08-01 08:35:17 :  [T]: 1 553
2015-08-01 08:35:17 :  [G]: 5 389 297 [E]: 5 730 320 [D]: 62 575 [GEM]: 955
2015-08-01 08:35:20 : Checking Army Camp...
2015-08-01 08:35:21 : Total Army Camp capacity: 200/200
2015-08-01 08:35:22 :  - No. of Barbarians: 10
2015-08-01 08:35:23 :  - No. of Archers: 80
2015-08-01 08:35:23 : Training Troops...
2015-08-01 08:35:23 : Your Army Camps are now Full
2015-08-01 08:35:46 :  ====== Unbreakable Mode enabled! ====== 
2015-08-01 08:35:49 : Going to Attack...
2015-08-01 08:35:57 : Returning Home For Defense
2015-08-01 08:36:00 : Closing Clash Of Clans
2015-08-01 08:36:02 : Waiting 10 Minutes for Defense Attacks
2015-08-01 08:46:26 : Zooming Out
2015-08-01 08:46:29 : Trying to locate Main Screen
2015-08-01 08:46:29 : Main Screen Located
2015-08-01 08:46:30 : Collecting Resources
2015-08-01 08:46:39 : Checking if Village needs Rearming..
2015-08-01 08:46:47 : Village Report
2015-08-01 08:46:47 : No. of Free/Total Builders: 0/4
2015-08-01 08:46:47 :  [T]: 1 553
2015-08-01 08:46:47 :  [G]: 5 391 084 [E]: 5 739 977 [D]: 62 591 [GEM]: 955
2015-08-01 08:46:49 : Checking Army Camp...
2015-08-01 08:46:51 : Total Army Camp capacity: 200/200
2015-08-01 08:46:52 :  - No. of Barbarians: 10
2015-08-01 08:46:53 :  - No. of Archers: 80
2015-08-01 08:46:53 : Training Troops...
2015-08-01 08:46:53 : Your Army Camps are now Full
2015-08-01 08:47:16 :  ====== Unbreakable Mode enabled! ====== 
2015-08-01 08:47:19 : Going to Attack...
2015-08-01 08:47:27 : Returning Home For Defense
2015-08-01 08:47:31 : Closing Clash Of Clans
2015-08-01 08:47:32 : Waiting 10 Minutes for Defense Attacks
2015-08-01 08:57:56 : Zooming Out
2015-08-01 08:57:59 : Trying to locate Main Screen
2015-08-01 08:57:59 : Main Screen Located
2015-08-01 08:58:00 : Collecting Resources
2015-08-01 08:58:09 : Checking if Village needs Rearming..
2015-08-01 08:58:17 : Village Report
2015-08-01 08:58:17 : No. of Free/Total Builders: 0/4
2015-08-01 08:58:17 :  [T]: 1 553
2015-08-01 08:58:17 :  [G]: 5 392 869 [E]: 5 734 031 [D]: 62 607 [GEM]: 955
2015-08-01 08:58:20 : Checking Army Camp...
2015-08-01 08:58:22 : Total Army Camp capacity: 200/200
2015-08-01 08:58:23 :  - No. of Barbarians: 10
2015-08-01 08:58:23 :  - No. of Archers: 80
2015-08-01 08:58:23 : Training Troops...
2015-08-01 08:58:24 : Your Army Camps are now Full
2015-08-01 08:58:47 :  ====== Unbreakable Mode enabled! ====== 
2015-08-01 08:58:50 : Going to Attack...
2015-08-01 08:58:58 : Returning Home For Defense
2015-08-01 08:59:02 : Closing Clash Of Clans
2015-08-01 08:59:03 : Waiting 10 Minutes for Defense Attacks
2015-08-01 09:09:27 : Zooming Out
2015-08-01 09:09:31 : Trying to locate Main Screen
2015-08-01 09:09:31 : Main Screen Located
2015-08-01 09:09:32 : Collecting Resources
2015-08-01 09:09:41 : Checking if Village needs Rearming..
2015-08-01 09:09:48 : Village Report
2015-08-01 09:09:48 : No. of Free/Total Builders: 0/4
2015-08-01 09:09:48 :  [T]: 1 553
2015-08-01 09:09:49 :  [G]: 5 394 663 [E]: 5 735 893 [D]: 62 623 [GEM]: 955
2015-08-01 09:09:51 : Checking Army Camp...
2015-08-01 09:09:53 : Total Army Camp capacity: 200/200
2015-08-01 09:09:54 :  - No. of Barbarians: 10
2015-08-01 09:09:54 :  - No. of Archers: 80
2015-08-01 09:09:54 : Training Troops...
2015-08-01 09:09:55 : Your Army Camps are now Full
2015-08-01 09:10:18 :  ====== Unbreakable Mode enabled! ====== 
2015-08-01 09:10:21 : Going to Attack...
2015-08-01 09:10:29 : Returning Home For Defense
2015-08-01 09:10:33 : Closing Clash Of Clans
2015-08-01 09:10:34 : Waiting 10 Minutes for Defense Attacks
2015-08-01 09:20:58 : Zooming Out
2015-08-01 09:21:02 : Trying to locate Main Screen
2015-08-01 09:21:02 : Main Screen Located
2015-08-01 09:21:03 : Collecting Resources
2015-08-01 09:21:11 : Checking if Village needs Rearming..
2015-08-01 09:21:19 : Village Report
2015-08-01 09:21:19 : No. of Free/Total Builders: 0/4
2015-08-01 09:21:20 :  [T]: 1 553
2015-08-01 09:21:20 :  [G]: 5 396 448 [E]: 5 737 750 [D]: 62 639 [GEM]: 955
2015-08-01 09:21:22 : Checking Army Camp...
2015-08-01 09:21:24 : Total Army Camp capacity: 200/200
2015-08-01 09:21:25 :  - No. of Barbarians: 10
2015-08-01 09:21:25 :  - No. of Archers: 80
2015-08-01 09:21:25 : Training Troops...
2015-08-01 09:21:26 : Your Army Camps are now Full
2015-08-01 09:21:49 :  ====== Unbreakable Mode enabled! ====== 
2015-08-01 09:21:52 : Going to Attack...
2015-08-01 09:22:00 : Returning Home For Defense
2015-08-01 09:22:04 : Closing Clash Of Clans
2015-08-01 09:22:05 : Waiting 10 Minutes for Defense Attacks
2015-08-01 09:32:30 : Zooming Out
2015-08-01 09:32:33 : Trying to locate Main Screen
2015-08-01 09:32:33 : Main Screen Located
2015-08-01 09:32:34 : Collecting Resources
2015-08-01 09:32:43 : Checking if Village needs Rearming..
2015-08-01 09:32:51 : Village Report
2015-08-01 09:32:51 : No. of Free/Total Builders: 0/4
2015-08-01 09:32:51 :  [T]: 1 553
2015-08-01 09:32:51 :  [G]: 5 398 244 [E]: 5 739 612 [D]: 62 655 [GEM]: 955
2015-08-01 09:32:53 : Checking Army Camp...
2015-08-01 09:32:55 : Total Army Camp capacity: 200/200
2015-08-01 09:32:56 :  - No. of Barbarians: 10
2015-08-01 09:32:56 :  - No. of Archers: 80
2015-08-01 09:32:57 : Training Troops...
2015-08-01 09:32:57 : Your Army Camps are now Full
2015-08-01 09:33:21 :  ====== Unbreakable Mode enabled! ====== 
2015-08-01 09:33:24 : Going to Attack...
2015-08-01 09:33:32 : Returning Home For Defense
2015-08-01 09:33:36 : Closing Clash Of Clans
2015-08-01 09:33:37 : Waiting 10 Minutes for Defense Attacks
2015-08-01 09:44:01 : Zooming Out
2015-08-01 09:44:05 : Trying to locate Main Screen
2015-08-01 09:44:05 : Main Screen Located
2015-08-01 09:44:06 : Collecting Resources
2015-08-01 09:44:14 : Checking if Village needs Rearming..
2015-08-01 09:44:23 : Village Report
2015-08-01 09:44:23 : No. of Free/Total Builders: 0/4
2015-08-01 09:44:23 :  [T]: 1 553
2015-08-01 09:44:23 :  [G]: 5 400 041 [E]: 5 741 474 [D]: 62 671 [GEM]: 955
2015-08-01 09:44:26 : Checking Army Camp...
2015-08-01 09:44:27 : Total Army Camp capacity: 200/200
2015-08-01 09:44:29 :  - No. of Barbarians: 10
2015-08-01 09:44:29 :  - No. of Archers: 80
2015-08-01 09:44:29 : Training Troops...
2015-08-01 09:44:30 : Your Army Camps are now Full
2015-08-01 09:44:53 :  ====== Unbreakable Mode enabled! ====== 
2015-08-01 09:44:56 : Going to Attack...
2015-08-01 09:45:04 : Returning Home For Defense
2015-08-01 09:45:08 : Closing Clash Of Clans
2015-08-01 09:45:09 : Waiting 10 Minutes for Defense Attacks
2015-08-01 09:55:33 : Zooming Out
2015-08-01 09:55:37 : Trying to locate Main Screen
2015-08-01 09:55:37 : Main Screen Located
2015-08-01 09:55:38 : Collecting Resources
2015-08-01 09:55:47 : Checking if Village needs Rearming..
2015-08-01 09:55:55 : Village Report
2015-08-01 09:55:55 : No. of Free/Total Builders: 0/4
2015-08-01 09:55:55 :  [T]: 1 553
2015-08-01 09:55:55 :  [G]: 5 401 841 [E]: 5 743 338 [D]: 62 687 [GEM]: 955
2015-08-01 09:55:58 : Checking Army Camp...
2015-08-01 09:55:59 : Total Army Camp capacity: 200/200
2015-08-01 09:56:00 :  - No. of Barbarians: 10
2015-08-01 09:56:01 :  - No. of Archers: 80
2015-08-01 09:56:01 : Training Troops...
2015-08-01 09:56:01 : Your Army Camps are now Full
2015-08-01 09:56:25 :  ====== Unbreakable Mode enabled! ====== 
2015-08-01 09:56:28 : Going to Attack...
2015-08-01 09:56:36 : Returning Home For Defense
2015-08-01 09:56:40 : Closing Clash Of Clans
2015-08-01 09:56:41 : Waiting 10 Minutes for Defense Attacks
2015-08-01 10:07:05 : Zooming Out
2015-08-01 10:07:09 : Trying to locate Main Screen
2015-08-01 10:07:09 : Main Screen Located
2015-08-01 10:07:10 : Collecting Resources
2015-08-01 10:07:19 : Checking if Village needs Rearming..
2015-08-01 10:07:27 : Village Report
2015-08-01 10:07:27 : No. of Free/Total Builders: 0/4
2015-08-01 10:07:27 :  [T]: 1 553
2015-08-01 10:07:27 :  [G]: 5 403 641 [E]: 5 745 200 [D]: 62 703 [GEM]: 955
2015-08-01 10:07:29 : Checking Army Camp...
2015-08-01 10:07:31 : Total Army Camp capacity: 200/200
2015-08-01 10:07:32 :  - No. of Barbarians: 10
2015-08-01 10:07:32 :  - No. of Archers: 80
2015-08-01 10:07:32 : Training Troops...
2015-08-01 10:07:33 : Your Army Camps are now Full
2015-08-01 10:07:56 :  ====== Unbreakable Mode enabled! ====== 
2015-08-01 10:08:00 : Going to Attack...
2015-08-01 10:08:08 : Returning Home For Defense
2015-08-01 10:08:11 : Closing Clash Of Clans
2015-08-01 10:08:13 : Waiting 10 Minutes for Defense Attacks
2015-08-01 10:18:40 : Zooming Out
2015-08-01 10:18:43 : Trying to locate Main Screen
2015-08-01 10:18:43 : Main Screen Located
2015-08-01 10:18:44 : Collecting Resources
2015-08-01 10:18:53 : Checking if Village needs Rearming..
2015-08-01 10:18:57 : Rearmed Trap(s)
2015-08-01 10:19:02 : Village Report
2015-08-01 10:19:02 : No. of Free/Total Builders: 0/4
2015-08-01 10:19:02 :  [T]: 1 547
2015-08-01 10:19:02 :  [G]: 5 253 875 [E]: 5 588 820 [D]: 62 716 [GEM]: 955
2015-08-01 10:19:04 : Checking Army Camp...
2015-08-01 10:19:06 : Total Army Camp capacity: 200/200
2015-08-01 10:19:07 :  - No. of Barbarians: 10
2015-08-01 10:19:07 :  - No. of Archers: 80
2015-08-01 10:19:07 : Training Troops...
2015-08-01 10:19:08 : Your Army Camps are now Full
2015-08-01 10:19:34 :  ====== Unbreakable Mode enabled! ====== 
2015-08-01 10:19:37 : Going to Attack...
2015-08-01 10:19:45 : Returning Home For Defense
2015-08-01 10:19:49 : Closing Clash Of Clans
2015-08-01 10:19:50 : Waiting 10 Minutes for Defense Attacks
2015-08-01 10:30:14 : Zooming Out
2015-08-01 10:30:18 : Trying to locate Main Screen
2015-08-01 10:30:18 : Main Screen Located
2015-08-01 10:30:19 : Collecting Resources
2015-08-01 10:30:28 : Checking if Village needs Rearming..
2015-08-01 10:30:36 : Village Report
2015-08-01 10:30:36 : No. of Free/Total Builders: 0/4
2015-08-01 10:30:36 :  [T]: 1 547
2015-08-01 10:30:36 :  [G]: 5 256 305 [E]: 5 590 647 [D]: 62 732 [GEM]: 955
2015-08-01 10:30:39 : Checking Army Camp...
2015-08-01 10:30:41 : Total Army Camp capacity: 200/200
2015-08-01 10:30:42 :  - No. of Barbarians: 10
2015-08-01 10:30:42 :  - No. of Archers: 80
2015-08-01 10:30:42 : Training Troops...
2015-08-01 10:30:43 : Your Army Camps are now Full
2015-08-01 10:31:06 :  ====== Unbreakable Mode enabled! ====== 
2015-08-01 10:31:09 : Going to Attack...
2015-08-01 10:31:17 : Returning Home For Defense
2015-08-01 10:31:21 : Closing Clash Of Clans
2015-08-01 10:31:23 : Waiting 10 Minutes for Defense Attacks
2015-08-01 10:41:46 : Zooming Out
2015-08-01 10:41:50 : Trying to locate Main Screen
2015-08-01 10:41:50 : Main Screen Located
2015-08-01 10:41:51 : Collecting Resources
2015-08-01 10:42:00 : Checking if Village needs Rearming..
2015-08-01 10:42:08 : Village Report
2015-08-01 10:42:08 : No. of Free/Total Builders: 0/4
2015-08-01 10:42:08 :  [T]: 1 547
2015-08-01 10:42:08 :  [G]: 5 258 100 [E]: 5 592 507 [D]: 62 748 [GEM]: 955
2015-08-01 10:42:10 : Checking Army Camp...
2015-08-01 10:42:12 : Total Army Camp capacity: 200/200
2015-08-01 10:42:13 :  - No. of Barbarians: 10
2015-08-01 10:42:14 :  - No. of Archers: 80
2015-08-01 10:42:14 : Training Troops...
2015-08-01 10:42:14 : Your Army Camps are now Full
2015-08-01 10:42:38 :  ====== Unbreakable Mode enabled! ====== 
2015-08-01 10:42:41 : Going to Attack...
2015-08-01 10:42:49 : Returning Home For Defense
2015-08-01 10:42:53 : Closing Clash Of Clans
2015-08-01 10:42:54 : Waiting 10 Minutes for Defense Attacks
2015-08-01 10:53:18 : Zooming Out
2015-08-01 10:53:22 : Trying to locate Main Screen
2015-08-01 10:53:22 : Main Screen Located
2015-08-01 10:53:23 : Collecting Resources
2015-08-01 10:53:32 : Checking if Village needs Rearming..
2015-08-01 10:53:40 : Village Report
2015-08-01 10:53:40 : No. of Free/Total Builders: 0/4
2015-08-01 10:53:40 :  [T]: 1 547
2015-08-01 10:53:40 :  [G]: 5 259 895 [E]: 5 594 369 [D]: 62 764 [GEM]: 955
2015-08-01 10:53:42 : Checking Army Camp...
2015-08-01 10:53:44 : Total Army Camp capacity: 200/200
2015-08-01 10:53:45 :  - No. of Barbarians: 10
2015-08-01 10:53:45 :  - No. of Archers: 80
2015-08-01 10:53:45 : Training Troops...
2015-08-01 10:53:46 : Your Army Camps are now Full
2015-08-01 10:54:10 :  ====== Unbreakable Mode enabled! ====== 
2015-08-01 10:54:13 : Going to Attack...
2015-08-01 10:54:21 : Returning Home For Defense
2015-08-01 10:54:25 : Closing Clash Of Clans
2015-08-01 10:54:26 : Waiting 10 Minutes for Defense Attacks
2015-08-01 11:04:54 : Checking Troop Upgrade in Laboratory ...
2015-08-01 11:04:55 : Updating village values [E]: 5503469 [D]: 60964
2015-08-01 11:04:56 : Trouble finding research button, try again...
2015-08-01 11:04:58 : Zooming Out
2015-08-01 11:05:03 : Going to Attack...
2015-08-01 11:05:08 : ============== Searching For Dead Base ===============
2015-08-01 11:05:08 : ~~~~~~~~~~~~~~~ SEARCH CONDITIONS ~~~~~~~~~~~~~~~~
2015-08-01 11:05:08 : Meet: Gold or Elixir, TH Outside
2015-08-01 11:05:08 : ~~~~~~~~~~~~~~ RESOURCE CONDITIONS ~~~~~~~~~~~~~~~
2015-08-01 11:05:08 : Aim: [G]: 200000 [E]: 200000 [D]:    0 [T]: 0, Out, Out, Out for: Dead Base
2015-08-01 11:05:09 : ~~~~~~~~~~~~~~~ ADVANCED SETTINGS ~~~~~~~~~~~~~~~~
2015-08-01 11:05:09 : THSnipe Combo, 1 Tile(s), 
2015-08-01 11:05:09 : ==================================================
2015-08-01 11:05:10 :   1> [G]:  36621 [E]:  83748 [D]:  147 [T]:18 [TH]: 7, In
2015-08-01 11:05:12 :   2> [G]:  36621 [E]:  83748 [D]:  147 [T]:18 [TH]: 7, In
2015-08-01 11:05:14 :   3> [G]:  36621 [E]:  83748 [D]:  147 [T]:18 [TH]: 7, In
2015-08-01 11:05:16 :   4> [G]:  36621 [E]:  83748 [D]:  147 [T]:18 [TH]: 7, In
2015-08-01 11:05:18 :   5> [G]:  36621 [E]:  83748 [D]:  147 [T]:18 [TH]: 7, In
2015-08-01 11:05:20 : Trying to locate Main Screen
2015-08-01 11:05:21 : Returning Home
