2015-08-02 12:17:26 : ~~~ Clash Game Bot v4.1 Powered by GameBot.org ~~~
2015-08-02 12:17:26 : GameBot.org.exe Executable running on WIN_7  X64
2015-08-02 12:17:26 : =================== Bot Start ====================
2015-08-02 12:17:26 : -------------------------  Current Profile: 01 --------------------------
2015-08-02 12:17:26 : Trying to locate Main Screen
2015-08-02 12:17:26 : Main Screen Located
2015-08-02 12:17:27 : Detecting your Buildings..
2015-08-02 12:17:32 : Language setting is English: Correct.
2015-08-02 12:17:33 : Trying to locate Main Screen
2015-08-02 12:17:33 : Main Screen Located
2015-08-02 12:17:35 : Collecting Resources
2015-08-02 12:17:41 : Checking if Village needs Rearming..
2015-08-02 12:17:49 : Village Report
2015-08-02 12:17:49 : No. of Free/Total Builders: 0/4
2015-08-02 12:17:49 :  [T]: 1 678
2015-08-02 12:17:49 :  [G]: 5 170 500 [E]: 4 649 465 [D]: 58 920 [GEM]: 953
2015-08-02 12:17:52 : Checking Army Camp...
2015-08-02 12:17:54 : Total Army Camp capacity: 193/200
2015-08-02 12:17:55 :  - No. of Barbarians: 101
2015-08-02 12:17:55 :  - No. of Archers: 92
2015-08-02 12:17:55 : Barracks and Spell factory status: 
2015-08-02 12:17:55 : - Barracks detected: 4 | Available: 3 | Upgrading: 1
2015-08-02 12:17:55 : - Dark Barracks detected: 2 | Available: 2 | Upgrading: 0
2015-08-02 12:17:55 : - Spell factory detected: 1 | Available: 1 | Upgrading: 0
2015-08-02 12:17:55 : - Dark Spell factory detected: 1 | Available: 0 | Upgrading: 1
2015-08-02 12:17:55 : Training Troops...
2015-08-02 12:18:10 :  ====== Unbreakable Mode enabled! ====== 
2015-08-02 12:18:10 : Oops, Out of Dark Elxir - back to farming
2015-08-02 12:18:10 : Checking Troop Upgrade in Laboratory ...
2015-08-02 12:18:10 : Updating village values [E]: 4669865 [D]: 58920
2015-08-02 12:18:12 : Insufficent Elixir for Pekka, Lab requires: 6000000 + 250000 user reserve
2015-08-02 12:18:16 : ====== Waiting for full army ======
2015-08-02 12:18:27 : Checking Army Camp...
2015-08-02 12:18:29 : Total Army Camp capacity: 197/200
2015-08-02 12:18:30 :  - No. of Barbarians: 103
2015-08-02 12:18:30 :  - No. of Archers: 94
2015-08-02 12:18:31 : Training Troops...
2015-08-02 12:18:38 : Time Idle: 00:00:21
2015-08-02 12:18:38 : ====== Waiting for full army ======
2015-08-02 12:18:50 : Checking Army Camp...
2015-08-02 12:18:51 : Total Army Camp capacity: 200/200
2015-08-02 12:18:53 :  - No. of Barbarians: 105
2015-08-02 12:18:53 :  - No. of Archers: 95
2015-08-02 12:18:53 : Training Troops...
2015-08-02 12:18:54 : Your Army Camps are now Full
2015-08-02 12:19:13 : Going to Attack...
2015-08-02 12:19:19 : ============== Searching For Dead Base ===============
2015-08-02 12:19:19 : ~~~~~~~~~~~~~~~ SEARCH CONDITIONS ~~~~~~~~~~~~~~~~
2015-08-02 12:19:19 : Meet: Gold and Elixir
2015-08-02 12:19:19 : ~~~~~~~~~~~~~~ RESOURCE CONDITIONS ~~~~~~~~~~~~~~~
2015-08-02 12:19:19 : Aim: [G]: 200000 [E]: 200000 [D]:    0 [T]: 0 for: Dead Base
2015-08-02 12:19:19 : ~~~~~~~~~~~~~~~ ADVANCED SETTINGS ~~~~~~~~~~~~~~~~
2015-08-02 12:19:19 : THSnipe Combo, 1 Tile(s), AttackTH, Attack1:Normal
2015-08-02 12:19:19 : ==================================================
2015-08-02 12:19:21 :   1> [G]:  72714 [E]:  53422 [D]:  377 [T]:21 [TH]: 8, In
2015-08-02 12:19:24 :   2> [G]:  58094 [E]: 126456 [D]: 1160 [T]:18 [TH]: 8, In
2015-08-02 12:19:27 :   3> [G]: 102780 [E]: 134719 [D]:  141 [T]:28 [TH]: 7, In
2015-08-02 12:19:33 :   4> [G]:  71982 [E]:  67759 [D]:  323 [T]:33 [TH]: 7, In
2015-08-02 12:19:36 :   5> [G]: 275374 [E]: 304740 [D]: 1066 [T]:33 [TH]: 8, In
2015-08-02 12:19:37 : ~~~~~~~~~~~~~~~~ Dead Base Found! ~~~~~~~~~~~~~~~~
2015-08-02 12:19:37 : ================ Search Complete =================
2015-08-02 12:19:38 : Initiating attack for: Dead Base
2015-08-02 12:19:41 : -Barbarians 105
2015-08-02 12:19:41 : -Archers 95
2015-08-02 12:19:41 : -Clan Castle 
2015-08-02 12:19:41 : -Lightning Spells 2
2015-08-02 12:19:41 : -Poison Spells 1
2015-08-02 12:19:41 :  ====== Start Attack ====== 
2015-08-02 12:19:43 : Calculating Smart Attack Strategy
2015-08-02 12:19:43 : Calculated  (in 0.66 seconds) :
2015-08-02 12:19:43 : Locating Mines, Collectors & Drills
2015-08-02 12:19:45 : Located  (in 1.61 seconds) :
2015-08-02 12:19:45 : [0] Gold Mines
2015-08-02 12:19:45 : [0] Elixir Collectors
2015-08-02 12:19:45 : [2] Dark Elixir Drill/s
2015-08-02 12:19:45 : Attacking on all sides
2015-08-02 12:19:46 : Dropping first wave of Barbarians 53
2015-08-02 12:19:50 : Dropping first wave of Archers 48
2015-08-02 12:19:52 : Dropping second wave of Barbarians 53
2015-08-02 12:19:55 : Dropping second wave of Archers 48
2015-08-02 12:20:00 : Dropping left over troops
2015-08-02 12:20:00 : Checking remaining unused troops for: Dead Base
2015-08-02 12:20:03 : -Clan Castle 
2015-08-02 12:20:03 : -Lightning Spells 2
2015-08-02 12:20:03 : -Poison Spells 1
2015-08-02 12:20:12 : Checking remaining unused troops for: Dead Base
2015-08-02 12:20:15 : -Clan Castle 
2015-08-02 12:20:15 : -Lightning Spells 2
2015-08-02 12:20:15 : -Poison Spells 1
2015-08-02 12:20:23 : Finished Attacking, waiting for the battle to end
2015-08-02 12:20:23 : Checking if the battle has finished
2015-08-02 12:20:25 : detected [G]: 124388 [E]: 154740 [DE]: 541 |  Exit in 18 sec.
2015-08-02 12:20:27 : detected [G]: 124388 [E]: 154740 [DE]: 541 |  Exit in 16 sec.
2015-08-02 12:20:29 : detected [G]: 124388 [E]: 154740 [DE]: 541 |  Exit in 14 sec.
2015-08-02 12:20:31 : detected [G]: 124388 [E]: 154740 [DE]: 541 |  Exit in 13 sec.
2015-08-02 12:20:32 : detected [G]: 124388 [E]: 154740 [DE]: 541 |  Exit in 11 sec.
2015-08-02 12:20:34 : detected [G]: 124388 [E]: 154740 [DE]: 541 |  Exit in  9 sec.
2015-08-02 12:20:36 : detected [G]: 124388 [E]: 154740 [DE]: 541 |  Exit in  8 sec.
2015-08-02 12:20:38 : detected [G]: 124388 [E]: 154740 [DE]: 541 |  Exit in  6 sec.
2015-08-02 12:20:39 : detected [G]: 124388 [E]: 154740 [DE]: 541 |  Exit in  4 sec.
2015-08-02 12:20:41 : detected [G]: 124388 [E]: 154740 [DE]: 541 |  Exit in  2 sec.
2015-08-02 12:20:43 : detected [G]: 124388 [E]: 154740 [DE]: 541 |  Exit in  1 sec.
2015-08-02 12:20:44 : detected [G]: 124388 [E]: 154740 [DE]: 541 |  Exit in  0 sec.
2015-08-02 12:20:44 : Gold & Elixir & DE no change detected, exit
2015-08-02 12:20:44 : Returning Home
2015-08-02 12:20:49 : Loot: [G]: 150 986 [E]: 150 000 [DE]: 525 [T]: -17
2015-08-02 12:20:49 : Stars earned: 0
2015-08-02 12:20:57 : Trying to locate Main Screen
2015-08-02 12:20:57 : Main Screen Located
2015-08-02 12:20:58 : Collecting Resources
2015-08-02 12:21:06 : Checking if Village needs Rearming..
2015-08-02 12:21:13 : Village Report
2015-08-02 12:21:13 : No. of Free/Total Builders: 0/4
2015-08-02 12:21:14 :  [T]: 1 661
2015-08-02 12:21:14 :  [G]: 5 318 586 [E]: 4 794 413 [D]: 59 455 [GEM]: 953
2015-08-02 12:21:16 : Checking Army Camp...
2015-08-02 12:21:18 : Total Army Camp capacity: 15/200
2015-08-02 12:21:19 :  - No. of Archers: 15
2015-08-02 12:21:19 : Training Troops...
2015-08-02 12:21:29 :  ====== Unbreakable Mode restarted! ====== 
2015-08-02 12:21:29 : Oops, wait for 70% troops filled
2015-08-02 12:21:30 : Trying to locate Main Screen
2015-08-02 12:21:30 : Main Screen Located
2015-08-02 12:21:32 : Collecting Resources
2015-08-02 12:21:38 : Checking if Village needs Rearming..
2015-08-02 12:21:46 : Village Report
2015-08-02 12:21:46 : No. of Free/Total Builders: 0/4
2015-08-02 12:21:46 :  [T]: 1 661
2015-08-02 12:21:47 :  [G]: 5 318 586 [E]: 4 793 832 [D]: 59 455 [GEM]: 953
2015-08-02 12:21:49 : Checking Army Camp...
2015-08-02 12:21:51 : Total Army Camp capacity: 18/200
2015-08-02 12:21:52 :  - No. of Archers: 18
2015-08-02 12:21:52 : Training Troops...
2015-08-02 12:22:01 :  ====== Unbreakable Mode enabled! ====== 
2015-08-02 12:22:01 : Oops, wait for 70% troops filled
2015-08-02 12:22:02 : Trying to locate Main Screen
2015-08-02 12:22:02 : Main Screen Located
2015-08-02 12:22:03 : Collecting Resources
2015-08-02 12:22:10 : Checking if Village needs Rearming..
2015-08-02 12:22:18 : Village Report
2015-08-02 12:22:18 : No. of Free/Total Builders: 0/4
2015-08-02 12:22:18 :  [T]: 1 661
2015-08-02 12:22:18 :  [G]: 5 318 993 [E]: 4 794 167 [D]: 59 457 [GEM]: 953
2015-08-02 12:22:21 : Checking Army Camp...
2015-08-02 12:22:22 : Total Army Camp capacity: 22/200
2015-08-02 12:22:24 :  - No. of Archers: 22
2015-08-02 12:22:24 : Training Troops...
2015-08-02 12:22:32 :  ====== Unbreakable Mode enabled! ====== 
2015-08-02 12:22:32 : Oops, wait for 70% troops filled
2015-08-02 12:22:33 : Trying to locate Main Screen
2015-08-02 12:22:33 : Main Screen Located
2015-08-02 12:22:35 : Collecting Resources
2015-08-02 12:22:42 : Checking if Village needs Rearming..
2015-08-02 12:22:50 : Village Report
2015-08-02 12:22:50 : No. of Free/Total Builders: 0/4
2015-08-02 12:22:50 :  [T]: 1 661
2015-08-02 12:22:50 :  [G]: 5 321 203 [E]: 4 794 167 [D]: 59 457 [GEM]: 953
2015-08-02 12:22:53 : Checking Army Camp...
2015-08-02 12:22:54 : Total Army Camp capacity: 27/200
2015-08-02 12:22:55 :  - No. of Archers: 27
2015-08-02 12:22:56 : Training Troops...
2015-08-02 12:23:05 :  ====== Unbreakable Mode enabled! ====== 
2015-08-02 12:23:05 : Oops, wait for 70% troops filled
2015-08-02 12:23:06 : Trying to locate Main Screen
2015-08-02 12:23:06 : Main Screen Located
2015-08-02 12:23:07 : Collecting Resources
2015-08-02 12:23:15 : Checking if Village needs Rearming..
2015-08-02 12:23:23 : Village Report
2015-08-02 12:23:23 : No. of Free/Total Builders: 0/4
2015-08-02 12:23:23 :  [T]: 1 661
2015-08-02 12:23:23 :  [G]: 5 321 203 [E]: 4 793 567 [D]: 59 459 [GEM]: 953
2015-08-02 12:23:26 : Checking Army Camp...
2015-08-02 12:23:27 : Total Army Camp capacity: 30/200
2015-08-02 12:23:29 :  - No. of Archers: 30
2015-08-02 12:23:29 : Training Troops...
2015-08-02 12:23:37 :  ====== Unbreakable Mode enabled! ====== 
2015-08-02 12:23:37 : Oops, wait for 70% troops filled
2015-08-02 12:23:38 : Trying to locate Main Screen
2015-08-02 12:23:38 : Main Screen Located
2015-08-02 12:23:39 : Collecting Resources
2015-08-02 12:23:46 : Checking if Village needs Rearming..
2015-08-02 12:23:56 : Village Report
2015-08-02 12:23:56 : No. of Free/Total Builders: 0/4
2015-08-02 12:23:56 :  [T]: 1 661
2015-08-02 12:23:56 :  [G]: 5 321 203 [E]: 4 793 567 [D]: 59 459 [GEM]: 953
2015-08-02 12:23:58 : Checking Army Camp...
2015-08-02 12:24:00 : Total Army Camp capacity: 34/200
2015-08-02 12:24:02 :  - No. of Archers: 34
2015-08-02 12:24:02 : Training Troops...
2015-08-02 12:24:11 :  ====== Unbreakable Mode enabled! ====== 
2015-08-02 12:24:11 : Oops, wait for 70% troops filled
2015-08-02 12:24:12 : Trying to locate Main Screen
2015-08-02 12:24:12 : Main Screen Located
2015-08-02 12:24:13 : Collecting Resources
2015-08-02 12:24:20 : Checking if Village needs Rearming..
2015-08-02 12:24:29 : Village Report
2015-08-02 12:24:29 : No. of Free/Total Builders: 0/4
2015-08-02 12:24:29 :  [T]: 1 661
2015-08-02 12:24:29 :  [G]: 5 321 203 [E]: 4 793 567 [D]: 59 461 [GEM]: 953
2015-08-02 12:24:32 : Checking Army Camp...
2015-08-02 12:24:33 : Total Army Camp capacity: 38/200
2015-08-02 12:24:35 :  - No. of Archers: 38
2015-08-02 12:24:35 : Training Troops...
2015-08-02 12:24:44 :  ====== Unbreakable Mode enabled! ====== 
2015-08-02 12:24:44 : Oops, wait for 70% troops filled
2015-08-02 12:24:45 : Trying to locate Main Screen
2015-08-02 12:24:45 : Main Screen Located
2015-08-02 12:24:46 : Collecting Resources
2015-08-02 12:24:53 : Checking if Village needs Rearming..
2015-08-02 12:25:05 : Village Report
2015-08-02 12:25:05 : No. of Free/Total Builders: 0/4
2015-08-02 12:25:05 :  [T]: 1 661
2015-08-02 12:25:06 :  [G]: 5 321 203 [E]: 4 794 518 [D]: 59 461 [GEM]: 953
2015-08-02 12:25:08 : Checking Army Camp...
2015-08-02 12:25:10 : Total Army Camp capacity: 42/200
2015-08-02 12:25:11 :  - No. of Archers: 42
2015-08-02 12:25:11 : Training Troops...
2015-08-02 12:25:20 :  ====== Unbreakable Mode enabled! ====== 
2015-08-02 12:25:20 : Oops, wait for 70% troops filled
2015-08-02 12:25:21 : Trying to locate Main Screen
2015-08-02 12:25:21 : Main Screen Located
2015-08-02 12:25:22 : Collecting Resources
2015-08-02 12:25:29 : Checking if Village needs Rearming..
2015-08-02 12:25:39 : Village Report
2015-08-02 12:25:39 : No. of Free/Total Builders: 0/4
2015-08-02 12:25:39 :  [T]: 1 661
2015-08-02 12:25:39 :  [G]: 5 321 203 [E]: 4 794 518 [D]: 59 463 [GEM]: 953
2015-08-02 12:25:41 : Checking Army Camp...
2015-08-02 12:25:43 : Total Army Camp capacity: 46/200
2015-08-02 12:25:44 :  - No. of Archers: 46
2015-08-02 12:25:44 : Training Troops...
2015-08-02 12:25:53 :  ====== Unbreakable Mode enabled! ====== 
2015-08-02 12:25:53 : Oops, wait for 70% troops filled
2015-08-02 12:25:54 : Trying to locate Main Screen
2015-08-02 12:25:54 : Main Screen Located
2015-08-02 12:25:55 : Collecting Resources
2015-08-02 12:26:02 : Checking if Village needs Rearming..
2015-08-02 12:26:11 : Village Report
2015-08-02 12:26:11 : No. of Free/Total Builders: 0/4
2015-08-02 12:26:11 :  [T]: 1 661
2015-08-02 12:26:11 :  [G]: 5 321 203 [E]: 4 794 837 [D]: 59 463 [GEM]: 953
2015-08-02 12:26:13 : Checking Army Camp...
2015-08-02 12:26:15 : Total Army Camp capacity: 50/200
2015-08-02 12:26:16 :  - No. of Archers: 51
2015-08-02 12:26:17 : Training Troops...
2015-08-02 12:26:25 :  ====== Unbreakable Mode enabled! ====== 
2015-08-02 12:26:25 : Oops, wait for 70% troops filled
2015-08-02 12:26:26 : Trying to locate Main Screen
2015-08-02 12:26:26 : Main Screen Located
2015-08-02 12:26:28 : Collecting Resources
2015-08-02 12:26:35 : Checking if Village needs Rearming..
2015-08-02 12:26:44 : Village Report
2015-08-02 12:26:44 : No. of Free/Total Builders: 0/4
2015-08-02 12:26:44 :  [T]: 1 661
2015-08-02 12:26:45 :  [G]: 5 321 203 [E]: 4 795 158 [D]: 59 465 [GEM]: 953
2015-08-02 12:26:47 : Checking Army Camp...
2015-08-02 12:26:49 : Total Army Camp capacity: 54/200
2015-08-02 12:26:50 :  - No. of Archers: 54
2015-08-02 12:26:50 : Training Troops...
2015-08-02 12:26:59 :  ====== Unbreakable Mode enabled! ====== 
2015-08-02 12:26:59 : Oops, wait for 70% troops filled
2015-08-02 12:27:00 : Trying to locate Main Screen
2015-08-02 12:27:00 : Main Screen Located
2015-08-02 12:27:01 : Collecting Resources
2015-08-02 12:27:07 : Checking if Village needs Rearming..
2015-08-02 12:27:16 : Village Report
2015-08-02 12:27:16 : No. of Free/Total Builders: 0/4
2015-08-02 12:27:16 :  [T]: 1 661
2015-08-02 12:27:16 :  [G]: 5 321 614 [E]: 4 795 158 [D]: 59 465 [GEM]: 953
2015-08-02 12:27:19 : Checking Army Camp...
2015-08-02 12:27:21 : Total Army Camp capacity: 58/200
2015-08-02 12:27:22 :  - No. of Archers: 58
2015-08-02 12:27:22 : Training Troops...
2015-08-02 12:27:31 :  ====== Unbreakable Mode enabled! ====== 
2015-08-02 12:27:31 : Oops, wait for 70% troops filled
2015-08-02 12:27:32 : Trying to locate Main Screen
2015-08-02 12:27:32 : Main Screen Located
2015-08-02 12:27:33 : Collecting Resources
2015-08-02 12:27:40 : Checking if Village needs Rearming..
2015-08-02 12:27:50 : Village Report
2015-08-02 12:27:50 : No. of Free/Total Builders: 0/4
2015-08-02 12:27:50 :  [T]: 1 661
2015-08-02 12:27:50 :  [G]: 5 323 260 [E]: 4 795 158 [D]: 59 467 [GEM]: 953
2015-08-02 12:27:53 : Checking Army Camp...
2015-08-02 12:27:54 : Total Army Camp capacity: 62/200
2015-08-02 12:27:56 :  - No. of Archers: 62
2015-08-02 12:27:56 : Training Troops...
2015-08-02 12:28:05 :  ====== Unbreakable Mode enabled! ====== 
2015-08-02 12:28:05 : Oops, wait for 70% troops filled
2015-08-02 12:28:06 : Trying to locate Main Screen
2015-08-02 12:28:06 : Main Screen Located
2015-08-02 12:28:07 : Collecting Resources
2015-08-02 12:28:14 : Checking if Village needs Rearming..
2015-08-02 12:28:25 : Village Report
2015-08-02 12:28:25 : No. of Free/Total Builders: 0/4
2015-08-02 12:28:25 :  [T]: 1 661
2015-08-02 12:28:25 :  [G]: 5 323 811 [E]: 4 795 158 [D]: 59 467 [GEM]: 953
2015-08-02 12:28:27 : Checking Army Camp...
2015-08-02 12:28:29 : Total Army Camp capacity: 66/200
2015-08-02 12:28:31 :  - No. of Archers: 66
2015-08-02 12:28:31 : Training Troops...
2015-08-02 12:28:40 :  ====== Unbreakable Mode enabled! ====== 
2015-08-02 12:28:41 : Oops, wait for 70% troops filled
2015-08-02 12:28:42 : Trying to locate Main Screen
2015-08-02 12:28:42 : Main Screen Located
2015-08-02 12:28:43 : Collecting Resources
2015-08-02 12:28:50 : Checking if Village needs Rearming..
2015-08-02 12:28:58 : Village Report
2015-08-02 12:28:58 : No. of Free/Total Builders: 0/4
2015-08-02 12:28:58 :  [T]: 1 661
2015-08-02 12:28:58 :  [G]: 5 323 811 [E]: 4 796 151 [D]: 59 469 [GEM]: 953
2015-08-02 12:29:01 : Checking Army Camp...
2015-08-02 12:29:03 : Total Army Camp capacity: 70/200
2015-08-02 12:29:04 :  - No. of Archers: 70
2015-08-02 12:29:04 : Training Troops...
2015-08-02 12:29:13 :  ====== Unbreakable Mode enabled! ====== 
2015-08-02 12:29:13 : Oops, wait for 70% troops filled
2015-08-02 12:29:14 : Trying to locate Main Screen
2015-08-02 12:29:14 : Main Screen Located
2015-08-02 12:29:15 : Collecting Resources
2015-08-02 12:29:21 : Checking if Village needs Rearming..
2015-08-02 12:29:30 : Village Report
2015-08-02 12:29:30 : No. of Free/Total Builders: 0/4
2015-08-02 12:29:30 :  [T]: 1 661
2015-08-02 12:29:31 :  [G]: 5 323 811 [E]: 4 796 151 [D]: 59 469 [GEM]: 953
2015-08-02 12:29:33 : Checking Army Camp...
2015-08-02 12:29:35 : Total Army Camp capacity: 74/200
2015-08-02 12:29:36 :  - No. of Archers: 74
2015-08-02 12:29:36 : Training Troops...
2015-08-02 12:29:45 :  ====== Unbreakable Mode enabled! ====== 
2015-08-02 12:29:45 : Oops, wait for 70% troops filled
2015-08-02 12:29:46 : Trying to locate Main Screen
2015-08-02 12:29:46 : Main Screen Located
2015-08-02 12:29:47 : Collecting Resources
2015-08-02 12:29:54 : Checking if Village needs Rearming..
2015-08-02 12:30:02 : Village Report
2015-08-02 12:30:02 : No. of Free/Total Builders: 0/4
2015-08-02 12:30:02 :  [T]: 1 661
2015-08-02 12:30:02 :  [G]: 5 323 811 [E]: 4 796 151 [D]: 59 471 [GEM]: 953
2015-08-02 12:30:04 : Checking Army Camp...
2015-08-02 12:30:06 : Total Army Camp capacity: 78/200
2015-08-02 12:30:07 :  - No. of Archers: 78
2015-08-02 12:30:08 : Training Troops...
2015-08-02 12:30:16 :  ====== Unbreakable Mode enabled! ====== 
2015-08-02 12:30:16 : Oops, wait for 70% troops filled
2015-08-02 12:30:18 : Trying to locate Main Screen
2015-08-02 12:30:18 : Main Screen Located
2015-08-02 12:30:19 : Collecting Resources
2015-08-02 12:30:25 : Checking if Village needs Rearming..
2015-08-02 12:30:34 : Village Report
2015-08-02 12:30:34 : No. of Free/Total Builders: 0/4
2015-08-02 12:30:34 :  [T]: 1 661
2015-08-02 12:30:34 :  [G]: 5 323 811 [E]: 4 796 472 [D]: 59 471 [GEM]: 953
2015-08-02 12:30:36 : Checking Army Camp...
2015-08-02 12:30:38 : Total Army Camp capacity: 82/200
2015-08-02 12:30:39 :  - No. of Barbarians: 2
2015-08-02 12:30:39 :  - No. of Archers: 80
2015-08-02 12:30:40 : Training Troops...
2015-08-02 12:30:49 :  ====== Unbreakable Mode enabled! ====== 
2015-08-02 12:30:49 : Oops, wait for 70% troops filled
2015-08-02 12:30:50 : Trying to locate Main Screen
2015-08-02 12:30:50 : Main Screen Located
2015-08-02 12:30:51 : Collecting Resources
2015-08-02 12:31:00 : Checking if Village needs Rearming..
2015-08-02 12:31:08 : Village Report
2015-08-02 12:31:08 : No. of Free/Total Builders: 0/4
2015-08-02 12:31:08 :  [T]: 1 661
2015-08-02 12:31:09 :  [G]: 5 323 811 [E]: 4 796 793 [D]: 59 473 [GEM]: 953
2015-08-02 12:31:11 : Checking Army Camp...
2015-08-02 12:31:13 : Total Army Camp capacity: 87/200
2015-08-02 12:31:14 :  - No. of Barbarians: 7
2015-08-02 12:31:14 :  - No. of Archers: 80
2015-08-02 12:31:14 : Training Troops...
2015-08-02 12:31:24 :  ====== Unbreakable Mode enabled! ====== 
2015-08-02 12:31:24 : Oops, wait for 70% troops filled
2015-08-02 12:31:25 : Trying to locate Main Screen
2015-08-02 12:31:25 : Main Screen Located
2015-08-02 12:31:26 : Collecting Resources
2015-08-02 12:31:33 : Checking if Village needs Rearming..
2015-08-02 12:31:40 : Village Report
2015-08-02 12:31:40 : No. of Free/Total Builders: 0/4
2015-08-02 12:31:40 :  [T]: 1 661
2015-08-02 12:31:41 :  [G]: 5 323 811 [E]: 4 796 793 [D]: 59 473 [GEM]: 953
2015-08-02 12:31:43 : Checking Army Camp...
2015-08-02 12:31:45 : Total Army Camp capacity: 93/200
2015-08-02 12:31:46 :  - No. of Barbarians: 13
2015-08-02 12:31:46 :  - No. of Archers: 80
2015-08-02 12:31:46 : Training Troops...
2015-08-02 12:31:56 :  ====== Unbreakable Mode enabled! ====== 
2015-08-02 12:31:56 : Oops, wait for 70% troops filled
2015-08-02 12:31:57 : Trying to locate Main Screen
2015-08-02 12:31:57 : Main Screen Located
2015-08-02 12:31:58 : Collecting Resources
2015-08-02 12:32:05 : Checking if Village needs Rearming..
2015-08-02 12:32:13 : Village Report
2015-08-02 12:32:13 : No. of Free/Total Builders: 0/4
2015-08-02 12:32:13 :  [T]: 1 661
2015-08-02 12:32:14 :  [G]: 5 324 220 [E]: 4 796 793 [D]: 59 475 [GEM]: 953
2015-08-02 12:32:16 : Checking Army Camp...
2015-08-02 12:32:18 : Total Army Camp capacity: 97/200
2015-08-02 12:32:19 :  - No. of Barbarians: 17
2015-08-02 12:32:19 :  - No. of Archers: 80
2015-08-02 12:32:19 : Training Troops...
2015-08-02 12:32:29 :  ====== Unbreakable Mode enabled! ====== 
2015-08-02 12:32:29 : Oops, wait for 70% troops filled
2015-08-02 12:32:30 : Trying to locate Main Screen
2015-08-02 12:32:30 : Main Screen Located
2015-08-02 12:32:31 : Collecting Resources
2015-08-02 12:32:39 : Checking if Village needs Rearming..
2015-08-02 12:32:46 : Village Report
2015-08-02 12:32:46 : No. of Free/Total Builders: 0/4
2015-08-02 12:32:47 :  [T]: 1 661
2015-08-02 12:32:47 :  [G]: 5 325 860 [E]: 4 797 741 [D]: 59 475 [GEM]: 953
2015-08-02 12:32:49 : Checking Army Camp...
2015-08-02 12:32:51 : Total Army Camp capacity: 102/200
2015-08-02 12:32:52 :  - No. of Barbarians: 22
2015-08-02 12:32:52 :  - No. of Archers: 80
2015-08-02 12:32:52 : Training Troops...
2015-08-02 12:33:01 :  ====== Unbreakable Mode enabled! ====== 
2015-08-02 12:33:02 : Oops, wait for 70% troops filled
2015-08-02 12:33:03 : Trying to locate Main Screen
2015-08-02 12:33:03 : Main Screen Located
2015-08-02 12:33:04 : Collecting Resources
2015-08-02 12:33:11 : Checking if Village needs Rearming..
2015-08-02 12:33:19 : Village Report
2015-08-02 12:33:19 : No. of Free/Total Builders: 0/4
2015-08-02 12:33:19 :  [T]: 1 661
2015-08-02 12:33:19 :  [G]: 5 325 860 [E]: 4 797 741 [D]: 59 477 [GEM]: 953
2015-08-02 12:33:21 : Checking Army Camp...
2015-08-02 12:33:23 : Total Army Camp capacity: 108/200
2015-08-02 12:33:25 :  - No. of Barbarians: 28
2015-08-02 12:33:25 :  - No. of Archers: 80
2015-08-02 12:33:25 : Training Troops...
2015-08-02 12:33:34 :  ====== Unbreakable Mode enabled! ====== 
2015-08-02 12:33:34 : Oops, wait for 70% troops filled
2015-08-02 12:33:35 : Trying to locate Main Screen
2015-08-02 12:33:36 : Main Screen Located
2015-08-02 12:33:37 : Collecting Resources
2015-08-02 12:33:43 : Checking if Village needs Rearming..
2015-08-02 12:33:52 : Village Report
2015-08-02 12:33:52 : No. of Free/Total Builders: 0/4
2015-08-02 12:33:52 :  [T]: 1 661
2015-08-02 12:33:52 :  [G]: 5 326 403 [E]: 4 797 741 [D]: 59 477 [GEM]: 953
2015-08-02 12:33:55 : Checking Army Camp...
2015-08-02 12:33:56 : Total Army Camp capacity: 111/200
2015-08-02 12:33:58 :  - No. of Barbarians: 31
2015-08-02 12:33:58 :  - No. of Archers: 80
2015-08-02 12:33:58 : Training Troops...
2015-08-02 12:34:07 :  ====== Unbreakable Mode enabled! ====== 
2015-08-02 12:34:07 : Oops, wait for 70% troops filled
2015-08-02 12:34:08 : Trying to locate Main Screen
2015-08-02 12:34:08 : Main Screen Located
2015-08-02 12:34:10 : Collecting Resources
2015-08-02 12:34:17 : Checking if Village needs Rearming..
2015-08-02 12:34:26 : Village Report
2015-08-02 12:34:26 : No. of Free/Total Builders: 0/4
2015-08-02 12:34:26 :  [T]: 1 661
2015-08-02 12:34:26 :  [G]: 5 326 403 [E]: 4 797 741 [D]: 59 479 [GEM]: 953
2015-08-02 12:34:28 : Checking Army Camp...
2015-08-02 12:34:30 : Total Army Camp capacity: 117/200
2015-08-02 12:34:31 :  - No. of Barbarians: 37
2015-08-02 12:34:32 :  - No. of Archers: 80
2015-08-02 12:34:32 : Training Troops...
2015-08-02 12:34:42 :  ====== Unbreakable Mode enabled! ====== 
2015-08-02 12:34:42 : Oops, wait for 70% troops filled
2015-08-02 12:34:43 : Trying to locate Main Screen
2015-08-02 12:34:43 : Main Screen Located
2015-08-02 12:34:44 : Collecting Resources
2015-08-02 12:34:51 : Waiting for Main Screen
2015-08-02 12:34:55 : Trying to locate Main Screen
2015-08-02 12:34:55 : Main Screen Located
2015-08-02 12:34:57 : Collecting Resources
2015-08-02 12:35:03 : Checking if Village needs Rearming..
2015-08-02 12:35:11 : Village Report
2015-08-02 12:35:11 : No. of Free/Total Builders: 0/4
2015-08-02 12:35:11 :  [T]: 1 661
2015-08-02 12:35:12 :  [G]: 5 326 403 [E]: 4 798 059 [D]: 59 479 [GEM]: 953
2015-08-02 12:35:14 : Checking Army Camp...
2015-08-02 12:35:16 : Total Army Camp capacity: 123/200
2015-08-02 12:35:17 :  - No. of Barbarians: 43
2015-08-02 12:35:17 :  - No. of Archers: 80
2015-08-02 12:35:17 : Training Troops...
2015-08-02 12:35:27 :  ====== Unbreakable Mode enabled! ====== 
2015-08-02 12:35:27 : Oops, wait for 70% troops filled
2015-08-02 12:35:28 : Trying to locate Main Screen
2015-08-02 12:35:28 : Main Screen Located
2015-08-02 12:35:29 : Collecting Resources
2015-08-02 12:35:36 : Checking if Village needs Rearming..
2015-08-02 12:35:45 : Village Report
2015-08-02 12:35:45 : No. of Free/Total Builders: 0/4
2015-08-02 12:35:45 :  [T]: 1 661
2015-08-02 12:35:45 :  [G]: 5 326 403 [E]: 4 798 393 [D]: 59 481 [GEM]: 953
2015-08-02 12:35:48 : Checking Army Camp...
2015-08-02 12:35:52 : Total Army Camp capacity: 129/200
2015-08-02 12:35:54 :  - No. of Barbarians: 49
2015-08-02 12:35:55 :  - No. of Archers: 80
2015-08-02 12:35:55 : Training Troops...
2015-08-02 12:36:04 :  ====== Unbreakable Mode enabled! ====== 
2015-08-02 12:36:04 : Oops, wait for 70% troops filled
2015-08-02 12:36:05 : Trying to locate Main Screen
2015-08-02 12:36:05 : Main Screen Located
2015-08-02 12:36:06 : Collecting Resources
2015-08-02 12:36:13 : Checking if Village needs Rearming..
2015-08-02 12:36:22 : Village Report
2015-08-02 12:36:22 : No. of Free/Total Builders: 0/4
2015-08-02 12:36:22 :  [T]: 1 661
2015-08-02 12:36:22 :  [G]: 5 326 403 [E]: 4 799 287 [D]: 59 481 [GEM]: 953
2015-08-02 12:36:24 : Checking Army Camp...
2015-08-02 12:36:26 : Total Army Camp capacity: 135/200
2015-08-02 12:36:27 :  - No. of Barbarians: 55
2015-08-02 12:36:27 :  - No. of Archers: 80
2015-08-02 12:36:28 : Training Troops...
2015-08-02 12:36:37 :  ====== Unbreakable Mode enabled! ====== 
2015-08-02 12:36:37 : Oops, wait for 70% troops filled
2015-08-02 12:36:38 : Trying to locate Main Screen
2015-08-02 12:36:38 : Main Screen Located
2015-08-02 12:36:39 : Collecting Resources
2015-08-02 12:36:46 : Checking if Village needs Rearming..
2015-08-02 12:36:54 : Village Report
2015-08-02 12:36:54 : No. of Free/Total Builders: 0/4
2015-08-02 12:36:54 :  [T]: 1 661
2015-08-02 12:36:54 :  [G]: 5 326 403 [E]: 4 799 287 [D]: 59 483 [GEM]: 953
2015-08-02 12:36:57 : Checking Army Camp...
2015-08-02 12:36:58 : Total Army Camp capacity: 138/200
2015-08-02 12:37:00 :  - No. of Barbarians: 58
2015-08-02 12:37:00 :  - No. of Archers: 80
2015-08-02 12:37:00 : Training Troops...
2015-08-02 12:37:09 :  ====== Unbreakable Mode enabled! ====== 
2015-08-02 12:37:09 : Oops, wait for 70% troops filled
2015-08-02 12:37:10 : Trying to locate Main Screen
2015-08-02 12:37:10 : Main Screen Located
2015-08-02 12:37:11 : Collecting Resources
2015-08-02 12:37:18 : Checking if Village needs Rearming..
2015-08-02 12:37:26 : Village Report
2015-08-02 12:37:26 : No. of Free/Total Builders: 0/4
2015-08-02 12:37:26 :  [T]: 1 661
2015-08-02 12:37:26 :  [G]: 5 326 834 [E]: 4 799 287 [D]: 59 483 [GEM]: 953
2015-08-02 12:37:29 : Checking Army Camp...
2015-08-02 12:37:31 : Total Army Camp capacity: 144/200
2015-08-02 12:37:32 :  - No. of Barbarians: 64
2015-08-02 12:37:32 :  - No. of Archers: 80
2015-08-02 12:37:32 : Training Troops...
2015-08-02 12:37:41 :  ====== Unbreakable Mode enabled! ====== 
2015-08-02 12:37:41 : Oops, Out of Dark Elxir - back to farming
2015-08-02 12:37:41 : Checking Troop Upgrade in Laboratory ...
2015-08-02 12:37:42 : Updating village values [E]: 4799287 [D]: 59483
2015-08-02 12:37:43 : Insufficent Elixir for Pekka, Lab requires: 6000000 + 250000 user reserve
2015-08-02 12:37:47 : ====== Waiting for full army ======
2015-08-02 12:37:59 : Checking Army Camp...
2015-08-02 12:38:01 : Total Army Camp capacity: 148/200
2015-08-02 12:38:02 :  - No. of Barbarians: 68
2015-08-02 12:38:02 :  - No. of Archers: 80
2015-08-02 12:38:03 : Training Troops...
2015-08-02 12:38:10 : Time Idle: 00:00:23
2015-08-02 12:38:10 : ====== Waiting for full army ======
2015-08-02 12:38:22 : Checking Army Camp...
2015-08-02 12:38:24 : Total Army Camp capacity: 151/200
2015-08-02 12:38:25 :  - No. of Barbarians: 71
2015-08-02 12:38:25 :  - No. of Archers: 80
2015-08-02 12:38:26 : Training Troops...
2015-08-02 12:38:33 : Time Idle: 00:00:45
2015-08-02 12:38:33 : ====== Waiting for full army ======
2015-08-02 12:38:45 : Checking Army Camp...
2015-08-02 12:38:47 : Total Army Camp capacity: 156/200
2015-08-02 12:38:48 :  - No. of Barbarians: 76
2015-08-02 12:38:48 :  - No. of Archers: 80
2015-08-02 12:38:48 : Training Troops...
2015-08-02 12:38:55 : Time Idle: 00:01:07
2015-08-02 12:38:56 : ====== Waiting for full army ======
2015-08-02 12:39:07 : Checking Army Camp...
2015-08-02 12:39:09 : Total Army Camp capacity: 159/200
2015-08-02 12:39:10 :  - No. of Barbarians: 79
2015-08-02 12:39:10 :  - No. of Archers: 80
2015-08-02 12:39:11 : Training Troops...
2015-08-02 12:39:18 : Time Idle: 00:01:29
2015-08-02 12:39:18 : ====== Waiting for full army ======
2015-08-02 12:39:30 : Collecting Resources
2015-08-02 12:39:36 : Checking Army Camp...
2015-08-02 12:39:38 : Total Army Camp capacity: 162/200
2015-08-02 12:39:39 :  - No. of Barbarians: 82
2015-08-02 12:39:40 :  - No. of Archers: 80
2015-08-02 12:39:40 : Training Troops...
2015-08-02 12:39:47 : Time Idle: 00:01:58
2015-08-02 12:39:47 : ====== Waiting for full army ======
2015-08-02 12:39:59 : Checking Army Camp...
2015-08-02 12:40:01 : Total Army Camp capacity: 166/200
2015-08-02 12:40:02 :  - No. of Barbarians: 86
2015-08-02 12:40:02 :  - No. of Archers: 80
2015-08-02 12:40:02 : Training Troops...
2015-08-02 12:40:10 : Time Idle: 00:02:21
2015-08-02 12:40:10 : ====== Waiting for full army ======
2015-08-02 12:40:22 : Checking Army Camp...
2015-08-02 12:40:24 : Total Army Camp capacity: 169/200
2015-08-02 12:40:25 :  - No. of Barbarians: 89
2015-08-02 12:40:25 :  - No. of Archers: 80
2015-08-02 12:40:25 : Training Troops...
2015-08-02 12:40:32 : Time Idle: 00:02:43
2015-08-02 12:40:33 : ====== Waiting for full army ======
2015-08-02 12:40:44 : Checking Army Camp...
2015-08-02 12:40:46 : Total Army Camp capacity: 174/200
2015-08-02 12:40:47 :  - No. of Barbarians: 94
2015-08-02 12:40:48 :  - No. of Archers: 80
2015-08-02 12:40:48 : Training Troops...
2015-08-02 12:40:55 : Time Idle: 00:03:05
2015-08-02 12:40:55 : ====== Waiting for full army ======
2015-08-02 12:41:07 : Checking Army Camp...
2015-08-02 12:41:09 : Total Army Camp capacity: 177/200
2015-08-02 12:41:10 :  - No. of Barbarians: 97
2015-08-02 12:41:10 :  - No. of Archers: 80
2015-08-02 12:41:10 : Training Troops...
2015-08-02 12:41:17 : Time Idle: 00:03:28
2015-08-02 12:41:18 : ====== Waiting for full army ======
2015-08-02 12:41:29 : Checking Army Camp...
2015-08-02 12:41:31 : Total Army Camp capacity: 180/200
2015-08-02 12:41:32 :  - No. of Barbarians: 100
2015-08-02 12:41:32 :  - No. of Archers: 80
2015-08-02 12:41:33 : Training Troops...
2015-08-02 12:41:40 : Time Idle: 00:03:50
2015-08-02 12:41:40 : ====== Waiting for full army ======
2015-08-02 12:41:52 : Checking Army Camp...
2015-08-02 12:41:54 : Total Army Camp capacity: 183/200
2015-08-02 12:41:55 :  - No. of Barbarians: 103
2015-08-02 12:41:55 :  - No. of Archers: 80
2015-08-02 12:41:56 : Training Troops...
2015-08-02 12:42:03 : Time Idle: 00:04:12
2015-08-02 12:42:03 : ====== Waiting for full army ======
2015-08-02 12:42:15 : Checking Army Camp...
2015-08-02 12:42:17 : Total Army Camp capacity: 186/200
2015-08-02 12:42:18 :  - No. of Barbarians: 106
2015-08-02 12:42:18 :  - No. of Archers: 80
2015-08-02 12:42:18 : Training Troops...
2015-08-02 12:42:25 : Time Idle: 00:04:35
2015-08-02 12:42:26 : ====== Waiting for full army ======
2015-08-02 12:42:37 : Checking Army Camp...
2015-08-02 12:42:39 : Total Army Camp capacity: 188/200
2015-08-02 12:42:40 :  - No. of Barbarians: 108
2015-08-02 12:42:40 :  - No. of Archers: 80
2015-08-02 12:42:41 : Training Troops...
2015-08-02 12:42:48 : Time Idle: 00:04:57
2015-08-02 12:42:48 : ====== Waiting for full army ======
2015-08-02 12:43:00 : Checking Army Camp...
2015-08-02 12:43:02 : Total Army Camp capacity: 191/200
2015-08-02 12:43:03 :  - No. of Barbarians: 111
2015-08-02 12:43:03 :  - No. of Archers: 80
2015-08-02 12:43:03 : Training Troops...
2015-08-02 12:43:11 : Time Idle: 00:05:19
2015-08-02 12:43:11 : ====== Waiting for full army ======
2015-08-02 12:43:23 : Checking Army Camp...
2015-08-02 12:43:24 : Total Army Camp capacity: 193/200
2015-08-02 12:43:25 :  - No. of Barbarians: 113
2015-08-02 12:43:26 :  - No. of Archers: 80
2015-08-02 12:43:26 : Training Troops...
2015-08-02 12:43:33 : Time Idle: 00:05:42
2015-08-02 12:43:34 : ====== Waiting for full army ======
2015-08-02 12:43:45 : Collecting Resources
2015-08-02 12:43:52 : Checking Army Camp...
2015-08-02 12:43:54 : Total Army Camp capacity: 196/200
2015-08-02 12:43:55 :  - No. of Barbarians: 116
2015-08-02 12:43:55 :  - No. of Archers: 80
2015-08-02 12:43:55 : Training Troops...
2015-08-02 12:44:03 : Time Idle: 00:06:11
2015-08-02 12:44:03 : ====== Waiting for full army ======
2015-08-02 12:44:15 : Checking Army Camp...
2015-08-02 12:44:17 : Total Army Camp capacity: 198/200
2015-08-02 12:44:18 :  - No. of Barbarians: 118
2015-08-02 12:44:18 :  - No. of Archers: 80
2015-08-02 12:44:18 : Training Troops...
2015-08-02 12:44:26 : Time Idle: 00:06:34
2015-08-02 12:44:26 : ====== Waiting for full army ======
2015-08-02 12:44:38 : Checking Army Camp...
2015-08-02 12:44:40 : Total Army Camp capacity: 200/200
2015-08-02 12:44:41 :  - No. of Barbarians: 10
2015-08-02 12:44:41 :  - No. of Archers: 80
2015-08-02 12:44:41 : Training Troops...
2015-08-02 12:44:42 : Your Army Camps are now Full
2015-08-02 12:44:59 : Going to Attack...
2015-08-02 12:45:05 : ============== Searching For Dead Base ===============
2015-08-02 12:45:05 : ~~~~~~~~~~~~~~~ SEARCH CONDITIONS ~~~~~~~~~~~~~~~~
2015-08-02 12:45:05 : Meet: Gold and Elixir
2015-08-02 12:45:05 : ~~~~~~~~~~~~~~ RESOURCE CONDITIONS ~~~~~~~~~~~~~~~
2015-08-02 12:45:05 : Aim: [G]: 200000 [E]: 200000 [D]:    0 [T]: 0 for: Dead Base
2015-08-02 12:45:05 : ~~~~~~~~~~~~~~~ ADVANCED SETTINGS ~~~~~~~~~~~~~~~~
2015-08-02 12:45:05 : THSnipe Combo, 1 Tile(s), AttackTH, Attack1:Normal
2015-08-02 12:45:05 : ==================================================
2015-08-02 12:45:06 :   1> [G]:  58283 [E]:  60868 [D]:    0 [T]:18 [TH]: 7, In
2015-08-02 12:45:10 :   2> [G]: 136687 [E]: 158096 [D]:  813 [T]:34 [TH]: 8, In
2015-08-02 12:45:13 :   3> [G]:  85535 [E]:  66905 [D]:  185 [T]:23 [TH]: 7, In
2015-08-02 12:45:20 :   4> [G]: 188797 [E]: 114044 [D]:  265 [T]:18 [TH]: 7, In
2015-08-02 12:45:23 :   5> [G]:  88836 [E]:  98712 [D]:  912 [T]:21 [TH]: 8, In
2015-08-02 12:45:27 :   6> [G]: 121929 [E]: 181991 [D]:  982 [T]:13 [TH]: 8, In
2015-08-02 12:45:30 :   7> [G]:  89879 [E]: 133489 [D]:  211 [T]:16 [TH]: 7, In
2015-08-02 12:45:33 :   8> [G]:  69521 [E]: 119105 [D]:  621 [T]:23 [TH]: 8, In
2015-08-02 12:45:37 :   9> [G]: 111510 [E]: 402503 [D]:  284 [T]:20 [TH]:10, Out
2015-08-02 12:45:37 : ~~~~~~~~~~~~~~~ TH Outside Found! ~~~~~~~~~~~~~~~~
2015-08-02 12:45:37 : ================ Search Complete =================
2015-08-02 12:45:37 : Initiating attack for: TH Snipe
2015-08-02 12:45:40 : -Barbarians 120
2015-08-02 12:45:40 : -Archers 80
2015-08-02 12:45:40 : -Clan Castle 
2015-08-02 12:45:40 : -King 
2015-08-02 12:45:40 : -Lightning Spells 3
2015-08-02 12:45:40 : -Poison Spells 1
2015-08-02 12:45:40 :  ====== Start Attack ====== 
2015-08-02 12:45:42 : Normal Attacking TH Outside with BAM PULSE!
2015-08-02 12:45:42 : Dropping first wave of 6 Barbarians
2015-08-02 12:45:43 : Zooming in...
2015-08-02 12:45:46 : Done zooming.
2015-08-02 12:45:46 : Scrolling to bottom...
2015-08-02 12:45:51 : Deployment of Barbarians Successful!
2015-08-02 12:45:53 : Dropping first wave of 6 Archers
2015-08-02 12:45:54 : Deployment of Archers Successful!
2015-08-02 12:45:56 : No  troop Found!!!
2015-08-02 12:46:18 : Townhall has been destroyed!
2015-08-02 12:46:19 : Zooming Out
2015-08-02 12:46:27 : Checking if the battle has finished
2015-08-02 12:46:29 : detected [G]:  [E]:  [DE]:  |  Exit now 
2015-08-02 12:46:29 : Gold & Elixir & DE = 0, end battle 
2015-08-02 12:46:31 : Battle has finished
2015-08-02 12:46:31 : Returning Home
2015-08-02 12:46:35 : Loot: [G]: 1 148 [E]: 1 000 [DE]:  [T]: 6
2015-08-02 12:46:36 : Bonus [G]: 11 000 [E]: 11 000
2015-08-02 12:46:37 : Your league level is: Gold II
2015-08-02 12:46:37 : Stars earned: 1
2015-08-02 12:46:45 : Trying to locate Main Screen
2015-08-02 12:46:45 : Main Screen Located
2015-08-02 12:46:46 : Collecting Resources
2015-08-02 12:46:54 : Checking if Village needs Rearming..
2015-08-02 12:47:02 : Village Report
2015-08-02 12:47:02 : No. of Free/Total Builders: 0/4
2015-08-02 12:47:02 :  [T]: 1 667
2015-08-02 12:47:02 :  [G]: 5 340 326 [E]: 4 773 982 [D]: 59 507 [GEM]: 953
2015-08-02 12:47:04 : Checking Army Camp...
2015-08-02 12:47:06 : Total Army Camp capacity: 200/200
2015-08-02 12:47:07 :  - No. of Barbarians: 114
2015-08-02 12:47:07 :  - No. of Archers: 86
2015-08-02 12:47:08 : Barracks and Spell factory status: 
2015-08-02 12:47:08 : - Barracks detected: 4 | Available: 3 | Upgrading: 1
2015-08-02 12:47:08 : - Dark Barracks detected: 2 | Available: 2 | Upgrading: 0
2015-08-02 12:47:08 : - Spell factory detected: 1 | Available: 1 | Upgrading: 0
2015-08-02 12:47:08 : - Dark Spell factory detected: 1 | Available: 0 | Upgrading: 1
2015-08-02 12:47:08 : Training Troops...
2015-08-02 12:47:08 : Your Army Camps are now Full
2015-08-02 12:47:33 :  ====== Unbreakable Mode restarted! ====== 
2015-08-02 12:47:33 : Oops, Out of Dark Elxir - back to farming
2015-08-02 12:47:33 : Checking Troop Upgrade in Laboratory ...
2015-08-02 12:47:33 : Updating village values [E]: 4770382 [D]: 59507
2015-08-02 12:47:35 : Insufficent Elixir for Pekka, Lab requires: 6000000 + 250000 user reserve
2015-08-02 12:47:39 : Going to Attack...
2015-08-02 12:47:45 : ============== Searching For Dead Base ===============
2015-08-02 12:47:45 : ~~~~~~~~~~~~~~~ SEARCH CONDITIONS ~~~~~~~~~~~~~~~~
2015-08-02 12:47:45 : Meet: Gold and Elixir
2015-08-02 12:47:45 : ~~~~~~~~~~~~~~ RESOURCE CONDITIONS ~~~~~~~~~~~~~~~
2015-08-02 12:47:45 : Aim: [G]: 200000 [E]: 200000 [D]:    0 [T]: 0 for: Dead Base
2015-08-02 12:47:45 : ~~~~~~~~~~~~~~~ ADVANCED SETTINGS ~~~~~~~~~~~~~~~~
2015-08-02 12:47:45 : THSnipe Combo, 1 Tile(s), AttackTH, Attack1:Normal
2015-08-02 12:47:45 : ==================================================
2015-08-02 12:47:46 :   1> [G]:  67936 [E]:  25897 [D]:   62 [T]:31 [TH]: 7, In
2015-08-02 12:47:49 :   2> [G]:  63627 [E]:  41895 [D]:  260 [T]:14 [TH]: 7, In
2015-08-02 12:47:56 :   3> [G]: 198906 [E]:  32639 [D]:  432 [T]:26 [TH]: 7, In
2015-08-02 12:47:59 :   4> [G]:  74044 [E]: 102344 [D]:  512 [T]:17 [TH]: 8, In
2015-08-02 12:48:06 :   5> [G]:  89564 [E]:  65959 [D]:  416 [T]:16 [TH]: 7, In
2015-08-02 12:48:09 :   6> [G]:  25763 [E]:   4023 [D]:  510 [T]:14 [TH]: 8, In
2015-08-02 12:48:16 :   7> [G]: 101599 [E]:  77688 [D]:  248 [T]:19 [TH]: 8, In
2015-08-02 12:48:19 :   8> [G]:  22671 [E]:  27436 [D]:  461 [T]:13 [TH]: 7, In
2015-08-02 12:48:26 :   9> [G]: 303393 [E]: 211341 [D]:  468 [T]:14 [TH]: 8, In
2015-08-02 12:48:26 : ~~~~~~~~~~~~~~~~ Not a Dead Base ~~~~~~~~~~~~~~~~~
2015-08-02 12:48:30 :  10> [G]:  60236 [E]: 240880 [D]: 1146 [T]:27 [TH]: 8, In
2015-08-02 12:48:33 :  11> [G]:  17851 [E]: 164341 [D]:  227 [T]:28 [TH]: 8, In
2015-08-02 12:48:35 :  12> [G]: 204513 [E]: 136068 [D]:  941 [T]:31 [TH]: 7, In
2015-08-02 12:48:42 :  13> [G]:  67725 [E]:   6525 [D]:  107 [T]:19 [TH]: 7, In
2015-08-02 12:48:45 :  14> [G]:  49458 [E]: 155488 [D]:  288 [T]:27 [TH]: 7, In
2015-08-02 12:48:48 :  15> [G]:  37466 [E]:  10004 [D]:  N/A [T]:12 [TH]:4-6, In
2015-08-02 12:48:55 :  16> [G]:  77743 [E]:  51105 [D]: 1146 [T]:17 [TH]: 8, In
2015-08-02 12:48:58 :  17> [G]:  90012 [E]:  17308 [D]:  199 [T]:16 [TH]: 7, In
2015-08-02 12:49:04 :  18> [G]:  70408 [E]: 104371 [D]:  365 [T]:24 [TH]: 7, In
2015-08-02 12:49:07 :  19> [G]:  49890 [E]:  48079 [D]:  197 [T]:30 [TH]: 7, In
2015-08-02 12:49:10 :  20> [G]:  23953 [E]:  68465 [D]:   58 [T]:31 [TH]: 7, In
2015-08-02 12:49:10 : Aim: [G]: 198000 [E]: 198000 [D]:    0 [T]: 0 for: Dead Base
2015-08-02 12:49:13 :  21> [G]: 144801 [E]:  52344 [D]:  359 [T]:33 [TH]: 7, In
2015-08-02 12:49:20 :  22> [G]: 141589 [E]: 195711 [D]:  677 [T]:21 [TH]: 8, In
2015-08-02 12:49:23 :  23> [G]: 105750 [E]:  61279 [D]:  318 [T]:22 [TH]: 7, In
2015-08-02 12:49:30 :  24> [G]:  51702 [E]: 167770 [D]: 1650 [T]:30 [TH]: 9, In
2015-08-02 12:49:34 :  25> [G]:  79104 [E]: 101972 [D]: 1531 [T]:16 [TH]: 8, In
2015-08-02 12:49:37 :  26> [G]:  27000 [E]:  27000 [D]:    0 [T]:31 [TH]: 7, In
2015-08-02 12:49:40 :  27> [G]:  82942 [E]: 252906 [D]: 1149 [T]:15 [TH]: 8, In
2015-08-02 12:49:43 :  28> [G]:  12724 [E]: 241078 [D]:  659 [T]:18 [TH]: 8, In
2015-08-02 12:49:47 :  29> [G]:  43970 [E]:  46539 [D]:  112 [T]:23 [TH]:10, In
2015-08-02 12:49:50 :  30> [G]: 141285 [E]: 114497 [D]:  240 [T]:26 [TH]: 8, In
2015-08-02 12:49:53 :  31> [G]: 192849 [E]: 175277 [D]:  188 [T]:26 [TH]: 8, In
2015-08-02 12:49:57 :  32> [G]:  24324 [E]: 111797 [D]:  515 [T]:27 [TH]: 8, In
2015-08-02 12:50:00 :  33> [G]: 237364 [E]:  25456 [D]:  975 [T]:23 [TH]: 9, In
2015-08-02 12:50:03 :  34> [G]:  92681 [E]: 109815 [D]:  557 [T]:33 [TH]: 7, In
2015-08-02 12:50:06 :  35> [G]:  51633 [E]: 111098 [D]:  960 [T]:16 [TH]: 8, In
2015-08-02 12:50:10 :  36> [G]:  57794 [E]:  57210 [D]:  751 [T]:14 [TH]: 9, In
2015-08-02 12:50:13 :  37> [G]: 150363 [E]: 109171 [D]: 1104 [T]:24 [TH]: 8, In
2015-08-02 12:50:16 :  38> [G]:  80464 [E]:  93720 [D]:  149 [T]:17 [TH]: 9, In
2015-08-02 12:50:19 :  39> [G]:  59869 [E]: 156383 [D]:  582 [T]:24 [TH]: 7, Out
2015-08-02 12:50:19 : ~~~~~~~~~~~~~~~ TH Outside Found! ~~~~~~~~~~~~~~~~
2015-08-02 12:50:19 : ================ Search Complete =================
2015-08-02 12:50:20 : Initiating attack for: TH Snipe
2015-08-02 12:50:22 : -Barbarians 114
2015-08-02 12:50:22 : -Archers 86
2015-08-02 12:50:22 : -Clan Castle 
2015-08-02 12:50:22 : -King 
2015-08-02 12:50:22 : -Lightning Spells 3
2015-08-02 12:50:22 : -Poison Spells 1
2015-08-02 12:50:22 :  ====== Start Attack ====== 
2015-08-02 12:50:24 : Normal Attacking TH Outside with BAM PULSE!
2015-08-02 12:50:24 : Dropping first wave of 6 Barbarians
2015-08-02 12:50:26 : Deployment of Barbarians Successful!
2015-08-02 12:50:28 : Dropping first wave of 6 Archers
2015-08-02 12:50:30 : Deployment of Archers Successful!
2015-08-02 12:50:31 : No  troop Found!!!
2015-08-02 12:50:46 : Townhall has been destroyed!
2015-08-02 12:50:49 : Checking if the battle has finished
2015-08-02 12:50:51 : detected [G]:  [E]:  [DE]:  |  Exit now 
2015-08-02 12:50:51 : Gold & Elixir & DE = 0, end battle 
2015-08-02 12:50:53 : Battle has finished
2015-08-02 12:50:53 : Returning Home
2015-08-02 12:50:57 : Loot: [G]: 900 [E]: 900 [DE]:  [T]: 8
2015-08-02 12:50:58 : Bonus [G]: 11 000 [E]: 11 000
2015-08-02 12:50:59 : Your league level is: Gold II
2015-08-02 12:50:59 : Stars earned: 1
2015-08-02 12:51:07 : Trying to locate Main Screen
2015-08-02 12:51:07 : Main Screen Located
2015-08-02 12:51:08 : Collecting Resources
2015-08-02 12:51:16 : Checking if Village needs Rearming..
2015-08-02 12:51:24 : Village Report
2015-08-02 12:51:24 : No. of Free/Total Builders: 0/4
2015-08-02 12:51:24 :  [T]: 1 675
2015-08-02 12:51:24 :  [G]: 5 330 216 [E]: 4 785 206 [D]: 59 519 [GEM]: 953
2015-08-02 12:51:27 : Checking Army Camp...
2015-08-02 12:51:28 : Total Army Camp capacity: 200/200
2015-08-02 12:51:29 :  - No. of Barbarians: 108
2015-08-02 12:51:30 :  - No. of Archers: 92
2015-08-02 12:51:30 : Barracks and Spell factory status: 
2015-08-02 12:51:30 : - Barracks detected: 4 | Available: 3 | Upgrading: 1
2015-08-02 12:51:30 : - Dark Barracks detected: 2 | Available: 2 | Upgrading: 0
2015-08-02 12:51:30 : - Spell factory detected: 1 | Available: 1 | Upgrading: 0
2015-08-02 12:51:30 : - Dark Spell factory detected: 1 | Available: 0 | Upgrading: 1
2015-08-02 12:51:30 : Training Troops...
2015-08-02 12:51:30 : Your Army Camps are now Full
2015-08-02 12:51:54 :  ====== Unbreakable Mode restarted! ====== 
2015-08-02 12:51:54 : Oops, Out of Dark Elxir - back to farming
2015-08-02 12:51:54 : Checking Troop Upgrade in Laboratory ...
2015-08-02 12:51:54 : Updating village values [E]: 4789406 [D]: 59519
2015-08-02 12:51:55 : Insufficent Elixir for Pekka, Lab requires: 6000000 + 250000 user reserve
2015-08-02 12:51:59 : Going to Attack...
2015-08-02 12:52:05 : ============== Searching For Dead Base ===============
2015-08-02 12:52:05 : ~~~~~~~~~~~~~~~ SEARCH CONDITIONS ~~~~~~~~~~~~~~~~
2015-08-02 12:52:05 : Meet: Gold and Elixir
2015-08-02 12:52:05 : ~~~~~~~~~~~~~~ RESOURCE CONDITIONS ~~~~~~~~~~~~~~~
2015-08-02 12:52:05 : Aim: [G]: 200000 [E]: 200000 [D]:    0 [T]: 0 for: Dead Base
2015-08-02 12:52:05 : ~~~~~~~~~~~~~~~ ADVANCED SETTINGS ~~~~~~~~~~~~~~~~
2015-08-02 12:52:05 : THSnipe Combo, 1 Tile(s), AttackTH, Attack1:Normal
2015-08-02 12:52:05 : ==================================================
2015-08-02 12:52:07 :   1> [G]:  74991 [E]:  79882 [D]:  487 [T]:25 [TH]: 7, In
2015-08-02 12:52:10 :   2> [G]:  13125 [E]:   2500 [D]:  N/A [T]:13 [TH]:4-6, In
2015-08-02 12:52:13 :   3> [G]:  79111 [E]:  70490 [D]:   71 [T]:28 [TH]: 7, In
2015-08-02 12:52:16 :   4> [G]: 181740 [E]:  44533 [D]:  817 [T]:26 [TH]: 8, In
2015-08-02 12:52:19 :   5> [G]:  79088 [E]:  90198 [D]:  628 [T]:14 [TH]: 8, In
2015-08-02 12:52:23 :   6> [G]:  90113 [E]:  97038 [D]:  210 [T]:25 [TH]: 8, In
2015-08-02 12:52:26 :   7> [G]: 102242 [E]: 126017 [D]:  574 [T]:19 [TH]: 8, In
2015-08-02 12:52:29 :   8> [G]: 339212 [E]: 155414 [D]: 1653 [T]:20 [TH]: 8, In
2015-08-02 12:52:33 :   9> [G]: 104055 [E]: 111406 [D]: 1153 [T]:16 [TH]: 8, In
2015-08-02 12:52:36 :  10> [G]: 145500 [E]:  35173 [D]:  553 [T]:23 [TH]: 8, In
2015-08-02 12:52:39 :  11> [G]: 203646 [E]: 139884 [D]:  312 [T]:13 [TH]: 8, In
2015-08-02 12:52:42 :  12> [G]:  49372 [E]: 186716 [D]:  517 [T]:13 [TH]: 7, In
2015-08-02 12:52:45 :  13> [G]:  62234 [E]: 154509 [D]:  796 [T]:29 [TH]: 8, Out
2015-08-02 12:52:45 : ~~~~~~~~~~~~~~~ TH Outside Found! ~~~~~~~~~~~~~~~~
2015-08-02 12:52:45 : ================ Search Complete =================
2015-08-02 12:52:46 : Initiating attack for: TH Snipe
2015-08-02 12:52:48 : -Barbarians 108
2015-08-02 12:52:48 : -Archers 92
2015-08-02 12:52:48 : -Clan Castle 
2015-08-02 12:52:48 : -King 
2015-08-02 12:52:48 : -Lightning Spells 3
2015-08-02 12:52:48 : -Poison Spells 1
2015-08-02 12:52:48 :  ====== Start Attack ====== 
2015-08-02 12:52:50 : Normal Attacking TH Outside with BAM PULSE!
2015-08-02 12:52:51 : Dropping first wave of 6 Barbarians
2015-08-02 12:52:52 : Deployment of Barbarians Successful!
2015-08-02 12:52:54 : Dropping first wave of 6 Archers
2015-08-02 12:52:56 : Deployment of Archers Successful!
2015-08-02 12:52:57 : No  troop Found!!!
2015-08-02 12:53:28 : Dropping second wave of 6 Barbarians
2015-08-02 12:53:30 : Deployment of Barbarians Successful!
2015-08-02 12:53:32 : Dropping second wave of 6 Archers
2015-08-02 12:53:34 : Deployment of Archers Successful!
2015-08-02 12:53:35 : No  troop Found!!!
2015-08-02 12:53:55 : Dropping third wave of 6 Barbarians
2015-08-02 12:53:57 : Deployment of Barbarians Successful!
2015-08-02 12:54:00 : No  troop Found!!!
2015-08-02 12:54:00 : Dropping third wave of 6 Archers
2015-08-02 12:54:02 : Deployment of Archers Successful!
2015-08-02 12:54:24 : Normal Attacking TH Outside in FULL!
2015-08-02 12:54:24 : No  troop Found!!!
2015-08-02 12:54:24 : No  troop Found!!!
2015-08-02 12:54:24 : Dropping first wave of 25 Archers
2015-08-02 12:54:28 : Deployment of Archers Successful!
2015-08-02 12:54:29 : Dropping first wave of 25 Barbarians
2015-08-02 12:54:33 : Deployment of Barbarians Successful!
2015-08-02 12:54:34 : Dropping King
2015-08-02 12:54:36 : Dropping Clan Castle
2015-08-02 12:54:37 : Waiting 9 seconds before activating King/Queen
2015-08-02 12:54:46 : Activate King's power
2015-08-02 12:54:46 : No  troop Found!!!
2015-08-02 12:55:07 : No  troop Found!!!
2015-08-02 12:55:07 : No  troop Found!!!
2015-08-02 12:55:07 : Dropping first wave of 25 Archers
2015-08-02 12:55:11 : Deployment of Archers Successful!
2015-08-02 12:55:12 : Dropping first wave of 25 Barbarians
2015-08-02 12:55:15 : Deployment of Barbarians Successful!
2015-08-02 12:55:17 : No  troop Found!!!
2015-08-02 12:55:17 : Dropping King
2015-08-02 12:55:19 : Dropping Clan Castle
2015-08-02 12:55:20 : Waiting 9 seconds before activating King/Queen
2015-08-02 12:55:29 : Activate King's power
2015-08-02 12:55:29 : No  troop Found!!!
2015-08-02 12:55:49 : ~Finished Attacking, waiting to finish
2015-08-02 12:56:23 : Checking if the battle has finished
2015-08-02 12:56:24 : detected [G]:  [E]:  [DE]:  |  Exit now 
2015-08-02 12:56:24 : Gold & Elixir & DE = 0, end battle 
2015-08-02 12:56:26 : Battle has finished
2015-08-02 12:56:26 : Returning Home
2015-08-02 12:56:30 : Loot: [G]: 289 [E]: 289 [DE]:  [T]: -20
2015-08-02 12:56:30 : Stars earned: 0
2015-08-02 12:56:38 : Trying to locate Main Screen
2015-08-02 12:56:38 : Main Screen Located
2015-08-02 12:56:39 : Collecting Resources
2015-08-02 12:56:48 : Checking if Village needs Rearming..
2015-08-02 12:56:56 : Village Report
2015-08-02 12:56:56 : No. of Free/Total Builders: 0/4
2015-08-02 12:56:56 :  [T]: 1 655
2015-08-02 12:56:57 :  [G]: 5 327 663 [E]: 4 791 881 [D]: 59 533 [GEM]: 953
2015-08-02 12:56:59 : Checking Army Camp...
2015-08-02 12:57:01 : Total Army Camp capacity: 100/200
2015-08-02 12:57:02 :  - No. of Barbarians: 40
2015-08-02 12:57:02 :  - No. of Archers: 60
2015-08-02 12:57:02 : Barracks and Spell factory status: 
2015-08-02 12:57:02 : - Barracks detected: 4 | Available: 3 | Upgrading: 1
2015-08-02 12:57:02 : - Dark Barracks detected: 2 | Available: 2 | Upgrading: 0
2015-08-02 12:57:02 : - Spell factory detected: 1 | Available: 1 | Upgrading: 0
2015-08-02 12:57:02 : - Dark Spell factory detected: 1 | Available: 0 | Upgrading: 1
2015-08-02 12:57:02 : Training Troops...
2015-08-02 12:57:21 :  ====== Unbreakable Mode restarted! ====== 
2015-08-02 12:57:21 : Oops, wait for 70% troops filled
2015-08-02 12:57:22 : Trying to locate Main Screen
2015-08-02 12:57:22 : Main Screen Located
2015-08-02 12:57:23 : Collecting Resources
2015-08-02 12:57:30 : Checking if Village needs Rearming..
2015-08-02 12:57:38 : Village Report
2015-08-02 12:57:38 : No. of Free/Total Builders: 0/4
2015-08-02 12:57:38 :  [T]: 1 655
2015-08-02 12:57:38 :  [G]: 5 327 663 [E]: 4 796 081 [D]: 59 533 [GEM]: 953
2015-08-02 12:57:40 : Checking Army Camp...
2015-08-02 12:57:42 : Total Army Camp capacity: 105/200
2015-08-02 12:57:43 :  - No. of Barbarians: 40
2015-08-02 12:57:43 :  - No. of Archers: 65
2015-08-02 12:57:44 : Training Troops...
2015-08-02 12:57:52 :  ====== Unbreakable Mode enabled! ====== 
2015-08-02 12:57:52 : Oops, wait for 70% troops filled
2015-08-02 12:57:53 : Trying to locate Main Screen
2015-08-02 12:57:53 : Main Screen Located
2015-08-02 12:57:54 : Collecting Resources
2015-08-02 12:58:01 : Checking if Village needs Rearming..
2015-08-02 12:58:10 : Village Report
2015-08-02 12:58:10 : No. of Free/Total Builders: 0/4
2015-08-02 12:58:10 :  [T]: 1 655
2015-08-02 12:58:10 :  [G]: 5 327 663 [E]: 4 796 081 [D]: 59 535 [GEM]: 953
2015-08-02 12:58:13 : Checking Army Camp...
2015-08-02 12:58:14 : Total Army Camp capacity: 108/200
2015-08-02 12:58:15 :  - No. of Barbarians: 40
2015-08-02 12:58:16 :  - No. of Archers: 68
2015-08-02 12:58:16 : Training Troops...
2015-08-02 12:58:24 :  ====== Unbreakable Mode enabled! ====== 
2015-08-02 12:58:24 : Oops, wait for 70% troops filled
2015-08-02 12:58:25 : Trying to locate Main Screen
2015-08-02 12:58:25 : Main Screen Located
2015-08-02 12:58:26 : Collecting Resources
2015-08-02 12:58:33 : Checking if Village needs Rearming..
2015-08-02 12:58:41 : Village Report
2015-08-02 12:58:41 : No. of Free/Total Builders: 0/4
2015-08-02 12:58:41 :  [T]: 1 655
2015-08-02 12:58:41 :  [G]: 5 327 663 [E]: 4 796 081 [D]: 59 535 [GEM]: 953
2015-08-02 12:58:44 : Checking Army Camp...
2015-08-02 12:58:46 : Total Army Camp capacity: 112/200
2015-08-02 12:58:47 :  - No. of Barbarians: 40
2015-08-02 12:58:47 :  - No. of Archers: 72
2015-08-02 12:58:47 : Training Troops...
2015-08-02 12:58:55 :  ====== Unbreakable Mode enabled! ====== 
2015-08-02 12:58:55 : Oops, wait for 70% troops filled
2015-08-02 12:58:56 : Trying to locate Main Screen
2015-08-02 12:58:56 : Main Screen Located
2015-08-02 12:58:58 : Collecting Resources
2015-08-02 12:59:04 : Checking if Village needs Rearming..
2015-08-02 12:59:12 : Village Report
2015-08-02 12:59:12 : No. of Free/Total Builders: 0/4
2015-08-02 12:59:12 :  [T]: 1 655
2015-08-02 12:59:13 :  [G]: 5 327 663 [E]: 4 796 081 [D]: 59 537 [GEM]: 953
2015-08-02 12:59:15 : Checking Army Camp...
2015-08-02 12:59:17 : Total Army Camp capacity: 116/200
2015-08-02 12:59:18 :  - No. of Barbarians: 40
2015-08-02 12:59:18 :  - No. of Archers: 76
2015-08-02 12:59:18 : Training Troops...
2015-08-02 12:59:27 :  ====== Unbreakable Mode enabled! ====== 
2015-08-02 12:59:27 : Oops, wait for 70% troops filled
2015-08-02 12:59:28 : Trying to locate Main Screen
2015-08-02 12:59:28 : Main Screen Located
2015-08-02 12:59:29 : Collecting Resources
2015-08-02 12:59:35 : Checking if Village needs Rearming..
2015-08-02 12:59:43 : Village Report
2015-08-02 12:59:43 : No. of Free/Total Builders: 0/4
2015-08-02 12:59:43 :  [T]: 1 655
2015-08-02 12:59:43 :  [G]: 5 327 663 [E]: 4 796 081 [D]: 59 537 [GEM]: 953
2015-08-02 12:59:46 : Checking Army Camp...
2015-08-02 12:59:48 : Total Army Camp capacity: 120/200
2015-08-02 12:59:49 :  - No. of Barbarians: 40
2015-08-02 12:59:49 :  - No. of Archers: 80
2015-08-02 12:59:49 : Training Troops...
2015-08-02 12:59:58 :  ====== Unbreakable Mode enabled! ====== 
2015-08-02 12:59:58 : Oops, wait for 70% troops filled
2015-08-02 12:59:59 : Trying to locate Main Screen
2015-08-02 12:59:59 : Main Screen Located
2015-08-02 13:00:00 : Collecting Resources
2015-08-02 13:00:07 : Checking if Village needs Rearming..
2015-08-02 13:00:15 : Village Report
2015-08-02 13:00:15 : No. of Free/Total Builders: 0/4
2015-08-02 13:00:15 :  [T]: 1 655
2015-08-02 13:00:16 :  [G]: 5 327 663 [E]: 4 796 081 [D]: 59 539 [GEM]: 953
2015-08-02 13:00:18 : Checking Army Camp...
2015-08-02 13:00:20 : Total Army Camp capacity: 125/200
2015-08-02 13:00:21 :  - No. of Barbarians: 45
2015-08-02 13:00:21 :  - No. of Archers: 80
2015-08-02 13:00:21 : Training Troops...
2015-08-02 13:00:31 :  ====== Unbreakable Mode enabled! ====== 
2015-08-02 13:00:31 : Oops, wait for 70% troops filled
2015-08-02 13:00:32 : Trying to locate Main Screen
2015-08-02 13:00:32 : Main Screen Located
2015-08-02 13:00:33 : Collecting Resources
2015-08-02 13:00:40 : Checking if Village needs Rearming..
2015-08-02 13:00:48 : Village Report
2015-08-02 13:00:48 : No. of Free/Total Builders: 0/4
2015-08-02 13:00:48 :  [T]: 1 655
2015-08-02 13:00:48 :  [G]: 5 327 663 [E]: 4 797 056 [D]: 59 539 [GEM]: 953
2015-08-02 13:00:51 : Checking Army Camp...
2015-08-02 13:00:53 : Total Army Camp capacity: 129/200
2015-08-02 13:00:54 :  - No. of Barbarians: 49
2015-08-02 13:00:54 :  - No. of Archers: 80
2015-08-02 13:00:54 : Training Troops...
2015-08-02 13:01:03 :  ====== Unbreakable Mode enabled! ====== 
2015-08-02 13:01:03 : Oops, wait for 70% troops filled
2015-08-02 13:01:04 : Trying to locate Main Screen
2015-08-02 13:01:04 : Main Screen Located
2015-08-02 13:01:05 : Collecting Resources
2015-08-02 13:01:12 : Checking if Village needs Rearming..
2015-08-02 13:01:20 : Village Report
2015-08-02 13:01:20 : No. of Free/Total Builders: 0/4
2015-08-02 13:01:20 :  [T]: 1 655
2015-08-02 13:01:20 :  [G]: 5 327 663 [E]: 4 797 700 [D]: 59 541 [GEM]: 953
2015-08-02 13:01:23 : Checking Army Camp...
2015-08-02 13:01:25 : Total Army Camp capacity: 135/200
2015-08-02 13:01:26 :  - No. of Barbarians: 55
2015-08-02 13:01:26 :  - No. of Archers: 80
2015-08-02 13:01:26 : Training Troops...
2015-08-02 13:01:35 :  ====== Unbreakable Mode enabled! ====== 
2015-08-02 13:01:35 : Oops, wait for 70% troops filled
2015-08-02 13:01:37 : Trying to locate Main Screen
2015-08-02 13:01:37 : Main Screen Located
2015-08-02 13:01:38 : Collecting Resources
2015-08-02 13:01:45 : Checking if Village needs Rearming..
2015-08-02 13:01:53 : Village Report
2015-08-02 13:01:53 : No. of Free/Total Builders: 0/4
2015-08-02 13:01:53 :  [T]: 1 655
2015-08-02 13:01:53 :  [G]: 5 329 721 [E]: 4 797 700 [D]: 59 541 [GEM]: 953
2015-08-02 13:01:55 : Checking Army Camp...
2015-08-02 13:01:57 : Total Army Camp capacity: 139/200
2015-08-02 13:01:58 :  - No. of Barbarians: 59
2015-08-02 13:01:58 :  - No. of Archers: 80
2015-08-02 13:01:58 : Training Troops...
2015-08-02 13:02:08 :  ====== Unbreakable Mode enabled! ====== 
2015-08-02 13:02:08 : Oops, wait for 70% troops filled
2015-08-02 13:02:09 : Trying to locate Main Screen
2015-08-02 13:02:09 : Main Screen Located
2015-08-02 13:02:10 : Collecting Resources
2015-08-02 13:02:17 : Checking if Village needs Rearming..
2015-08-02 13:02:25 : Village Report
2015-08-02 13:02:25 : No. of Free/Total Builders: 0/4
2015-08-02 13:02:25 :  [T]: 1 655
2015-08-02 13:02:25 :  [G]: 5 330 269 [E]: 4 797 700 [D]: 59 543 [GEM]: 953
2015-08-02 13:02:27 : Checking Army Camp...
2015-08-02 13:02:29 : Total Army Camp capacity: 144/200
2015-08-02 13:02:30 :  - No. of Barbarians: 64
2015-08-02 13:02:30 :  - No. of Archers: 80
2015-08-02 13:02:31 : Training Troops...
2015-08-02 13:02:40 :  ====== Unbreakable Mode enabled! ====== 
2015-08-02 13:02:40 : Oops, Out of Dark Elxir - back to farming
2015-08-02 13:02:40 : Checking Troop Upgrade in Laboratory ...
2015-08-02 13:02:40 : Updating village values [E]: 4797700 [D]: 59543
2015-08-02 13:02:42 : Insufficent Elixir for Pekka, Lab requires: 6000000 + 250000 user reserve
2015-08-02 13:02:46 : ====== Waiting for full army ======
2015-08-02 13:02:57 : Checking Army Camp...
2015-08-02 13:02:59 : Total Army Camp capacity: 148/200
2015-08-02 13:03:00 :  - No. of Barbarians: 68
2015-08-02 13:03:00 :  - No. of Archers: 80
2015-08-02 13:03:00 : Training Troops...
2015-08-02 13:03:08 : Time Idle: 00:00:22
2015-08-02 13:03:08 : ====== Waiting for full army ======
2015-08-02 13:03:20 : Checking Army Camp...
2015-08-02 13:03:22 : Total Army Camp capacity: 152/200
2015-08-02 13:03:23 :  - No. of Barbarians: 72
2015-08-02 13:03:23 :  - No. of Archers: 80
2015-08-02 13:03:23 : Training Troops...
2015-08-02 13:03:31 : Time Idle: 00:00:44
2015-08-02 13:03:31 : ====== Waiting for full army ======
2015-08-02 13:03:43 : Checking Army Camp...
2015-08-02 13:03:44 : Total Army Camp capacity: 155/200
2015-08-02 13:03:46 :  - No. of Barbarians: 76
2015-08-02 13:03:46 :  - No. of Archers: 80
2015-08-02 13:03:46 : Training Troops...
2015-08-02 13:03:53 : Time Idle: 00:01:06
2015-08-02 13:03:53 : ====== Waiting for full army ======
2015-08-02 13:04:05 : Checking Army Camp...
2015-08-02 13:04:07 : Total Army Camp capacity: 159/200
2015-08-02 13:04:08 :  - No. of Barbarians: 79
2015-08-02 13:04:08 :  - No. of Archers: 80
2015-08-02 13:04:08 : Training Troops...
2015-08-02 13:04:16 : Time Idle: 00:01:29
2015-08-02 13:04:16 : ====== Waiting for full army ======
2015-08-02 13:04:28 : Checking Army Camp...
2015-08-02 13:04:29 : Total Army Camp capacity: 162/200
2015-08-02 13:04:31 :  - No. of Barbarians: 82
2015-08-02 13:04:31 :  - No. of Archers: 80
2015-08-02 13:04:31 : Training Troops...
2015-08-02 13:04:38 : Time Idle: 00:01:51
2015-08-02 13:04:38 : ====== Waiting for full army ======
2015-08-02 13:04:50 : Checking Army Camp...
2015-08-02 13:04:52 : Total Army Camp capacity: 165/200
2015-08-02 13:04:53 :  - No. of Barbarians: 85
2015-08-02 13:04:53 :  - No. of Archers: 80
2015-08-02 13:04:53 : Training Troops...
2015-08-02 13:05:01 : Time Idle: 00:02:13
2015-08-02 13:05:01 : ====== Waiting for full army ======
2015-08-02 13:05:13 : Checking Army Camp...
2015-08-02 13:05:14 : Total Army Camp capacity: 168/200
2015-08-02 13:05:15 :  - No. of Barbarians: 88
2015-08-02 13:05:15 :  - No. of Archers: 80
2015-08-02 13:05:16 : Training Troops...
2015-08-02 13:05:23 : Time Idle: 00:02:35
2015-08-02 13:05:23 : ====== Waiting for full army ======
2015-08-02 13:05:35 : Checking Army Camp...
2015-08-02 13:05:37 : Total Army Camp capacity: 172/200
2015-08-02 13:05:38 :  - No. of Barbarians: 92
2015-08-02 13:05:38 :  - No. of Archers: 80
2015-08-02 13:05:38 : Training Troops...
2015-08-02 13:05:45 : Time Idle: 00:02:57
2015-08-02 13:05:46 : ====== Waiting for full army ======
2015-08-02 13:05:57 : Collecting Resources
2015-08-02 13:06:04 : Checking Army Camp...
2015-08-02 13:06:06 : Total Army Camp capacity: 177/200
2015-08-02 13:06:07 :  - No. of Barbarians: 97
2015-08-02 13:06:07 :  - No. of Archers: 80
2015-08-02 13:06:07 : Training Troops...
2015-08-02 13:06:15 : Time Idle: 00:03:26
2015-08-02 13:06:15 : ====== Waiting for full army ======
2015-08-02 13:06:27 : Checking Army Camp...
2015-08-02 13:06:28 : Total Army Camp capacity: 180/200
2015-08-02 13:06:30 :  - No. of Barbarians: 100
2015-08-02 13:06:30 :  - No. of Archers: 80
2015-08-02 13:06:30 : Training Troops...
2015-08-02 13:06:37 : Time Idle: 00:03:48
2015-08-02 13:06:37 : ====== Waiting for full army ======
2015-08-02 13:06:49 : Checking Army Camp...
2015-08-02 13:06:51 : Total Army Camp capacity: 183/200
2015-08-02 13:06:52 :  - No. of Barbarians: 103
2015-08-02 13:06:52 :  - No. of Archers: 80
2015-08-02 13:06:52 : Training Troops...
2015-08-02 13:06:59 : Time Idle: 00:04:10
2015-08-02 13:07:00 : ====== Waiting for full army ======
2015-08-02 13:07:11 : Checking Army Camp...
2015-08-02 13:07:13 : Total Army Camp capacity: 186/200
2015-08-02 13:07:14 :  - No. of Barbarians: 106
2015-08-02 13:07:15 :  - No. of Archers: 80
2015-08-02 13:07:15 : Training Troops...
2015-08-02 13:07:22 : Time Idle: 00:04:33
2015-08-02 13:07:22 : ====== Waiting for full army ======
2015-08-02 13:07:34 : Checking Army Camp...
2015-08-02 13:07:36 : Total Army Camp capacity: 190/200
2015-08-02 13:07:37 :  - No. of Barbarians: 110
2015-08-02 13:07:37 :  - No. of Archers: 80
2015-08-02 13:07:37 : Training Troops...
2015-08-02 13:07:44 : Time Idle: 00:04:55
2015-08-02 13:07:45 : ====== Waiting for full army ======
2015-08-02 13:07:56 : Checking Army Camp...
2015-08-02 13:07:58 : Total Army Camp capacity: 193/200
2015-08-02 13:07:59 :  - No. of Barbarians: 113
2015-08-02 13:07:59 :  - No. of Archers: 80
2015-08-02 13:08:00 : Training Troops...
2015-08-02 13:08:07 : Time Idle: 00:05:17
2015-08-02 13:08:07 : ====== Waiting for full army ======
2015-08-02 13:08:19 : Checking Army Camp...
2015-08-02 13:08:21 : Total Army Camp capacity: 197/200
2015-08-02 13:08:22 :  - No. of Barbarians: 117
2015-08-02 13:08:22 :  - No. of Archers: 80
2015-08-02 13:08:22 : Training Troops...
2015-08-02 13:08:30 : Checking Army Camp...
2015-08-02 13:08:31 : Total Army Camp capacity: 198/200
2015-08-02 13:08:33 :  - No. of Barbarians: 118
2015-08-02 13:08:33 :  - No. of Archers: 80
2015-08-02 13:08:33 : Training Troops...
2015-08-02 13:08:43 : Time Idle: 00:05:53
2015-08-02 13:08:44 : ====== Waiting for full army ======
2015-08-02 13:08:55 : Checking Army Camp...
2015-08-02 13:08:57 : Total Army Camp capacity: 199/200
2015-08-02 13:08:58 :  - No. of Barbarians: 118
2015-08-02 13:08:58 :  - No. of Archers: 81
2015-08-02 13:08:59 : Training Troops...
2015-08-02 13:08:59 : Your Army Camps are now Full
2015-08-02 13:09:18 : Going to Attack...
2015-08-02 13:09:24 : ============== Searching For Dead Base ===============
2015-08-02 13:09:24 : ~~~~~~~~~~~~~~~ SEARCH CONDITIONS ~~~~~~~~~~~~~~~~
2015-08-02 13:09:24 : Meet: Gold and Elixir
2015-08-02 13:09:24 : ~~~~~~~~~~~~~~ RESOURCE CONDITIONS ~~~~~~~~~~~~~~~
2015-08-02 13:09:24 : Aim: [G]: 200000 [E]: 200000 [D]:    0 [T]: 0 for: Dead Base
2015-08-02 13:09:24 : ~~~~~~~~~~~~~~~ ADVANCED SETTINGS ~~~~~~~~~~~~~~~~
2015-08-02 13:09:24 : THSnipe Combo, 1 Tile(s), AttackTH, Attack1:Normal
2015-08-02 13:09:24 : ==================================================
2015-08-02 13:09:25 :   1> [G]:  27000 [E]:  27000 [D]:    0 [T]:27 [TH]: 7, In
2015-08-02 13:09:28 :   2> [G]:  84131 [E]: 160399 [D]:  329 [T]:14 [TH]: 7, In
2015-08-02 13:09:35 :   3> [G]: 144950 [E]: 158706 [D]:  315 [T]:31 [TH]: 8, In
2015-08-02 13:09:37 :   4> [G]:  47204 [E]:  93442 [D]:  737 [T]:15 [TH]: 7, In
2015-08-02 13:09:44 :   5> [G]:  79158 [E]:  62747 [D]:   60 [T]:26 [TH]:10, In
2015-08-02 13:09:48 :   6> [G]:  75038 [E]:  59619 [D]:  740 [T]:14 [TH]: 8, In
2015-08-02 13:09:51 :   7> [G]:  84879 [E]:  77211 [D]:  605 [T]:18 [TH]: 7, In
2015-08-02 13:09:59 :   8> [G]:  16856 [E]: 123781 [D]: 1271 [T]:30 [TH]:10, Out
2015-08-02 13:09:59 : ~~~~~~~~~~~~~~~ TH Outside Found! ~~~~~~~~~~~~~~~~
2015-08-02 13:09:59 : ================ Search Complete =================
2015-08-02 13:09:59 : Initiating attack for: TH Snipe
2015-08-02 13:10:02 : -Barbarians 118
2015-08-02 13:10:02 : -Archers 82
2015-08-02 13:10:02 : -Clan Castle 
2015-08-02 13:10:02 : -King 
2015-08-02 13:10:02 : -Lightning Spells 3
2015-08-02 13:10:02 : -Poison Spells 1
2015-08-02 13:10:02 :  ====== Start Attack ====== 
2015-08-02 13:10:04 : Normal Attacking TH Outside with BAM PULSE!
2015-08-02 13:10:04 : Dropping first wave of 6 Barbarians
2015-08-02 13:10:06 : Deployment of Barbarians Successful!
2015-08-02 13:10:08 : Dropping first wave of 6 Archers
2015-08-02 13:10:10 : Deployment of Archers Successful!
2015-08-02 13:10:11 : No  troop Found!!!
2015-08-02 13:10:42 : Dropping second wave of 6 Barbarians
2015-08-02 13:10:44 : Deployment of Barbarians Successful!
2015-08-02 13:10:45 : Dropping second wave of 6 Archers
2015-08-02 13:10:47 : Deployment of ArchersNOT Successful!
2015-08-02 13:10:47 : No  troop Found!!!
2015-08-02 13:11:08 : Dropping third wave of 6 Barbarians
2015-08-02 13:11:10 : Deployment of Barbarians Successful!
2015-08-02 13:11:11 : No  troop Found!!!
2015-08-02 13:11:11 : Dropping third wave of 6 Archers
2015-08-02 13:11:13 : Deployment of Archers Successful!
2015-08-02 13:11:17 : Townhall has been destroyed!
2015-08-02 13:11:20 : Checking if the battle has finished
2015-08-02 13:11:22 : detected [G]: 15629 [E]: 122781 [DE]: 1271 |  Exit in 18 sec.
2015-08-02 13:11:22 : Gold & Elixir & DE change detected, waiting...
2015-08-02 13:11:26 : detected [G]: 15629 [E]: 122781 [DE]: 1271 |  Exit in 18 sec.
2015-08-02 13:11:27 : detected [G]: 15629 [E]: 122781 [DE]: 1271 |  Exit in 16 sec.
2015-08-02 13:11:29 : detected [G]: 15629 [E]: 122781 [DE]: 1271 |  Exit in 15 sec.
2015-08-02 13:11:31 : detected [G]: 15629 [E]: 122781 [DE]: 1271 |  Exit in 13 sec.
2015-08-02 13:11:32 : detected [G]: 15629 [E]: 122781 [DE]: 1271 |  Exit in 11 sec.
2015-08-02 13:11:34 : detected [G]: 15629 [E]: 122781 [DE]: 1271 |  Exit in  9 sec.
2015-08-02 13:11:36 : detected [G]: 15629 [E]: 122781 [DE]: 1271 |  Exit in  8 sec.
2015-08-02 13:11:37 : detected [G]: 15629 [E]: 122781 [DE]: 1271 |  Exit in  6 sec.
2015-08-02 13:11:39 : detected [G]: 15629 [E]: 122781 [DE]: 1271 |  Exit in  4 sec.
2015-08-02 13:11:41 : detected [G]: 15629 [E]: 122781 [DE]: 1271 |  Exit in  3 sec.
2015-08-02 13:11:42 : detected [G]: 15629 [E]: 122781 [DE]: 1271 |  Exit in  1 sec.
2015-08-02 13:11:44 : detected [G]: 15629 [E]: 122781 [DE]: 1271 |  Exit in  0 sec.
2015-08-02 13:11:44 : Gold & Elixir & DE no change detected, exit
2015-08-02 13:11:44 : Returning Home
2015-08-02 13:11:48 : Loot: [G]: 1 227 [E]: 1 000 [DE]:  [T]: 10
2015-08-02 13:11:49 : Bonus [G]: 11 000 [E]: 11 000
2015-08-02 13:11:50 : Your league level is: Gold II
2015-08-02 13:11:51 : Stars earned: 1
2015-08-02 13:11:58 : Trying to locate Main Screen
2015-08-02 13:11:58 : Main Screen Located
2015-08-02 13:11:59 : Collecting Resources
