2015-08-18 04:21:36 :  Clash Game Bot v4.1.1-6 merge Powered by GameBot.org 
2015-08-18 04:21:36 : GameBot.org.exe Executable running on WIN_7 Service Pack 1 X64
2015-08-18 04:21:36 : =================== Bot Start ====================
2015-08-18 04:21:36 : -------------------------  Current Profile: 01 --------------------------
2015-08-18 04:21:36 : Trying to locate Main Screen
2015-08-18 04:21:40 : Waiting for Main Screen
2015-08-18 04:21:42 : Main Screen Located
2015-08-18 04:21:43 : Detecting your Buildings..
2015-08-18 04:21:51 : Language setting is English: Correct.
2015-08-18 04:21:52 : Trying to locate Main Screen
2015-08-18 04:21:52 : Main Screen Located
2015-08-18 04:21:54 : Village Report
2015-08-18 04:21:54 : No. of Free/Total Builders: 0/4
2015-08-18 04:21:54 :  [T]: 2 612
2015-08-18 04:21:54 :  [G]: 4 548 290 [E]: 3 867 440 [D]: 1 572 [GEM]: 57
2015-08-18 04:21:55 : Collecting Resources
2015-08-18 04:22:05 : Checking Army Camp...
2015-08-18 04:22:07 : Total Army Camp capacity: 91/220
2015-08-18 04:22:10 :  - No. of Archers: 92
2015-08-18 04:22:10 : Barracks and Spell factory status: 
2015-08-18 04:22:10 : - Barracks detected: 4 | Available: 4 | Upgrading: 0
2015-08-18 04:22:10 : - Dark Barracks detected: 2 | Available: 2 | Upgrading: 0
2015-08-18 04:22:10 : - Spell factory detected: 1 | Available: 1 | Upgrading: 0
2015-08-18 04:22:10 : - Dark Spell factory detected: 1 | Available: 1 | Upgrading: 0
2015-08-18 04:22:10 : Training Troops...
2015-08-18 04:22:28 : Spell Factory Full
2015-08-18 04:22:30 : 0
2015-08-18 04:22:32 : Requesting Clan Castle Troops
2015-08-18 04:22:32 : Request has already been made
2015-08-18 04:22:34 : ====== Waiting for full army ======
2015-08-18 04:22:46 : Checking Army Camp...
2015-08-18 04:22:48 : Total Army Camp capacity: 95/220
2015-08-18 04:22:49 :  - No. of Archers: 95
2015-08-18 04:22:50 : Training Troops...
2015-08-18 04:22:58 : Spell Factory Full
2015-08-18 04:23:00 : Time Idle: 00:00:25
2015-08-18 04:23:00 : ====== Waiting for full army ======
2015-08-18 04:23:12 : Checking Army Camp...
2015-08-18 04:23:14 : Total Army Camp capacity: 99/220
2015-08-18 04:23:15 :  - No. of Archers: 99
2015-08-18 04:23:15 : Training Troops...
