2015-08-16 18:14:03 :  Clash Game Bot v4.1.1-6 merge Powered by GameBot.org 
2015-08-16 18:14:03 : GameBot.org.exe Executable running on WIN_7 Service Pack 1 X64
2015-08-16 18:14:03 : =================== Bot Start ====================
2015-08-16 18:14:03 : -------------------------  Current Profile: 01 --------------------------
2015-08-16 18:14:03 : Trying to locate Main Screen
2015-08-16 18:14:03 : Main Screen Located
2015-08-16 18:14:04 : Detecting your Buildings..
2015-08-16 18:14:12 : Language setting is English: Correct.
2015-08-16 18:14:13 : Trying to locate Main Screen
2015-08-16 18:14:13 : Main Screen Located
2015-08-16 18:14:15 : Village Report
2015-08-16 18:14:15 : No. of Free/Total Builders: 0/4
2015-08-16 18:14:15 :  [T]: 2 693
2015-08-16 18:14:15 :  [G]: 2 341 856 [E]: 2 387 263 [D]: 15 382 [GEM]: 57
2015-08-16 18:14:15 : Collecting Resources
2015-08-16 18:14:19 : ClashGameBot was Paused!
2015-08-16 18:14:44 : ClashGameBot was Resumed.
2015-08-16 18:14:50 : Chat Request: giant
2015-08-16 18:14:50 : Giants Keyword found: giant
2015-08-16 18:14:51 : Donating Giants
2015-08-16 18:14:53 : Chat Request: pekka
2015-08-16 18:14:53 : Pekkas Keyword found: pekka
2015-08-16 18:14:56 : No Pekkas available to donate..
2015-08-16 18:14:56 : Donating Archersas subtitute.
2015-08-16 18:14:59 : Checking Army Camp...
2015-08-16 18:15:01 : Total Army Camp capacity: 118/220
2015-08-16 18:15:04 :  - No. of Archers: 14
2015-08-16 18:15:04 :  - No. of Giants: 8
2015-08-16 18:15:04 :  - No. of Wizards: 16
2015-08-16 18:15:04 : Barracks and Spell factory status: 
2015-08-16 18:15:04 : - Barracks detected: 4 | Available: 4 | Upgrading: 0
2015-08-16 18:15:04 : - Dark Barracks detected: 2 | Available: 2 | Upgrading: 0
2015-08-16 18:15:04 : - Spell factory detected: 1 | Available: 1 | Upgrading: 0
2015-08-16 18:15:04 : - Dark Spell factory detected: 1 | Available: 1 | Upgrading: 0
2015-08-16 18:15:05 : Training Troops...
2015-08-16 18:15:28 : Spell Factory Full
2015-08-16 18:15:28 : Created 1 Spell(s)
2015-08-16 18:15:29 : 0
2015-08-16 18:15:30 : ClashGameBot was Paused!
