2015-08-14 15:26:50 :  Clash Game Bot v4.1.1 MODS Powered by GameBot.org ~
2015-08-14 15:26:50 : GameBot.org.exe Executable running on WIN_7  X64
2015-08-14 15:26:50 : =================== Bot Start ====================
2015-08-14 15:26:50 : -------------------------  Current Profile: 01 --------------------------
2015-08-14 15:26:50 : Trying to locate Main Screen
2015-08-14 15:26:50 : Main Screen Located
2015-08-14 15:26:52 : Detecting your Buildings..
2015-08-14 15:27:00 : Language setting is English: Correct.
2015-08-14 15:27:01 : Trying to locate Main Screen
2015-08-14 15:27:01 : Main Screen Located
2015-08-14 15:27:02 : Village Report
2015-08-14 15:27:02 : No. of Free/Total Builders: 0/5
2015-08-14 15:27:02 :  [T]: 3 071
2015-08-14 15:27:03 :  [G]: 5 942 735 [E]: 5 821 454 [D]: 80 000 [GEM]: 77
2015-08-14 15:27:03 : Trying to locate Main Screen
2015-08-14 15:27:03 : Main Screen Located
2015-08-14 15:27:05 : Temprory account Detected...
2015-08-14 15:27:05 : Collecting Resources
2015-08-14 15:27:13 : Checking if Village needs Rearming..
2015-08-14 15:27:22 : Checking Army Camp...
2015-08-14 15:27:24 : Total Army Camp capacity: 200/200
2015-08-14 15:27:27 :  - No. of Barbarians: 39
2015-08-14 15:27:27 :  - No. of Archers: 106
2015-08-14 15:27:27 :  - No. of Giants: 11
2015-08-14 15:27:27 : Barracks and Spell factory status: 
2015-08-14 15:27:27 : - Barracks detected: 4 | Available: 4 | Upgrading: 0
2015-08-14 15:27:27 : - Dark Barracks detected: 2 | Available: 1 | Upgrading: 1
2015-08-14 15:27:27 : - Spell factory detected: 1 | Available: 1 | Upgrading: 0
2015-08-14 15:27:27 : - Dark Spell factory detected: 1 | Available: 1 | Upgrading: 0
2015-08-14 15:27:27 : Training Troops...
2015-08-14 15:27:28 : Your Army Camps are now Full
2015-08-14 15:27:28 : Too many Arch, train last.
2015-08-14 15:27:28 : Too few Barb, train first.
2015-08-14 15:27:50 : 0
2015-08-14 15:27:53 : Clear an Obstacle on the Field
2015-08-14 15:27:53 : No. of Free/Total Builders: 0/5
2015-08-14 15:27:53 : No Builders
2015-08-14 15:27:53 : Finished kicking
2015-08-14 15:27:53 : Going to Attack...
2015-08-14 15:27:59 : ============== Searching For Dead Base ===============
2015-08-14 15:27:59 : ~~~~~~~~~~~~~~~ SEARCH CONDITIONS ~~~~~~~~~~~~~~~~
2015-08-14 15:27:59 : Meet: Gold and Elixir, TH Outside
2015-08-14 15:27:59 : ~~~~~~~~~~~~~~ RESOURCE CONDITIONS ~~~~~~~~~~~~~~~
2015-08-14 15:27:59 : Aim: [G]: 999999 [E]: 999999 [D]:    0 [T]: 0, Out for: Dead Base
2015-08-14 15:27:59 : ============== Searching For Live Base ===============
2015-08-14 15:27:59 : ~~~~~~~~~~~~~~~ SEARCH CONDITIONS ~~~~~~~~~~~~~~~~
2015-08-14 15:27:59 : Meet: Gold and Elixir, TH Outside
2015-08-14 15:27:59 : ~~~~~~~~~~~~~~ RESOURCE CONDITIONS ~~~~~~~~~~~~~~~
2015-08-14 15:27:59 : Aim: [G]: 999999 [E]: 999999 [D]:    0 [T]: 0, Out for: Live Base
2015-08-14 15:27:59 : ~~~~~~~~~~~~~~~ ADVANCED SETTINGS ~~~~~~~~~~~~~~~~
2015-08-14 15:27:59 : THSnipe Combo, 1 Tile(s), AttackTH, Attack3:GBarch
2015-08-14 15:27:59 : ==================================================
2015-08-14 15:28:03 :   1> [G]: 183241 [E]:  88850 [D]: 1604 [T]:17 [TH]:10, In
2015-08-14 15:28:11 :   2> [G]:  11119 [E]: 200477 [D]: 1250 [T]:14 [TH]:10, In
2015-08-14 15:28:20 :   3> [G]:  13484 [E]:   9630 [D]: 1219 [T]:31 [TH]:10, In
2015-08-14 15:28:54 : Trying to locate Main Screen
2015-08-14 15:28:55 : Returning Home
2015-08-14 15:28:59 : Waiting for Main Screen
2015-08-14 15:28:59 : Main Screen Located
2015-08-14 15:28:59 : Cannot locate Next button, Restarting Bot...
2015-08-14 15:29:01 : Trying to locate Main Screen
2015-08-14 15:29:01 : Main Screen Located
2015-08-14 15:29:01 : Restarted after Out of Sync Error: Attack Now
2015-08-14 15:29:02 : Going to Attack...
2015-08-14 15:29:08 : ============== Searching For Dead Base ===============
2015-08-14 15:29:08 : ~~~~~~~~~~~~~~~ SEARCH CONDITIONS ~~~~~~~~~~~~~~~~
2015-08-14 15:29:08 : Meet: Gold and Elixir, TH Outside
2015-08-14 15:29:08 : ~~~~~~~~~~~~~~ RESOURCE CONDITIONS ~~~~~~~~~~~~~~~
2015-08-14 15:29:08 : Aim: [G]: 999999 [E]: 999999 [D]:    0 [T]: 0, Out, Out for: Dead Base
2015-08-14 15:29:08 : ============== Searching For Live Base ===============
2015-08-14 15:29:08 : ~~~~~~~~~~~~~~~ SEARCH CONDITIONS ~~~~~~~~~~~~~~~~
2015-08-14 15:29:08 : Meet: Gold and Elixir, TH Outside
2015-08-14 15:29:08 : ~~~~~~~~~~~~~~ RESOURCE CONDITIONS ~~~~~~~~~~~~~~~
2015-08-14 15:29:08 : Aim: [G]: 999999 [E]: 999999 [D]:    0 [T]: 0, Out, Out for: Live Base
2015-08-14 15:29:08 : ~~~~~~~~~~~~~~~ ADVANCED SETTINGS ~~~~~~~~~~~~~~~~
2015-08-14 15:29:08 : THSnipe Combo, 1 Tile(s), AttackTH, Attack3:GBarch
2015-08-14 15:29:08 : ==================================================
2015-08-14 15:29:14 :   4> [G]: 283543 [E]:  83280 [D]: 1534 [T]:18 [TH]:10, In
2015-08-14 15:29:22 :   5> [G]:  54084 [E]:  94659 [D]:  827 [T]:16 [TH]:10, In
2015-08-14 15:29:31 :   6> [G]:  91951 [E]: 164651 [D]: 1552 [T]:15 [TH]:10, In
2015-08-14 15:29:40 :   7> [G]: 119903 [E]:  56532 [D]:  579 [T]:14 [TH]:10, In
2015-08-14 15:29:47 :   8> [G]:  39037 [E]:  62508 [D]:   39 [T]: 1 [TH]: 8, In
2015-08-14 15:29:56 :   9> [G]:  81396 [E]: 113500 [D]: 2189 [T]: 1 [TH]: 9, In
2015-08-14 15:30:05 :  10> [G]:  96215 [E]: 186027 [D]:  551 [T]:18 [TH]:10, In
2015-08-14 15:30:13 :  11> [G]:  58563 [E]: 130537 [D]: 1100 [T]:30 [TH]:10, In
2015-08-14 15:30:21 :  12> [G]:  46571 [E]: 130671 [D]:  735 [T]: 2 [TH]: 9, In
2015-08-14 15:30:28 :  13> [G]:  81951 [E]:  25591 [D]:  864 [T]: 1 [TH]: 9, In
2015-08-14 15:30:33 :  14> [G]: 110355 [E]:  94368 [D]:  692 [T]: 4 [TH]: 9, In
