2015-08-17 20:14:47 :  Clash Game Bot v4.1.1-6 merge Powered by GameBot.org 
2015-08-17 20:14:47 : GameBot.org.exe Executable running on WIN_7 Service Pack 1 X64
2015-08-17 20:14:47 : =================== Bot Start ====================
2015-08-17 20:14:47 : -------------------------  Current Profile: 01 --------------------------
2015-08-17 20:14:47 : Trying to locate Main Screen
2015-08-17 20:14:47 : Main Screen Located
2015-08-17 20:14:48 : Detecting your Buildings..
2015-08-17 20:14:56 : Language setting is English: Correct.
2015-08-17 20:14:57 : Trying to locate Main Screen
2015-08-17 20:14:57 : Main Screen Located
2015-08-17 20:14:59 : Village Report
2015-08-17 20:14:59 : No. of Free/Total Builders: 0/4
2015-08-17 20:14:59 :  [T]: 2 666
2015-08-17 20:14:59 :  [G]: 3 070 064 [E]: 3 090 760 [D]: 32 844 [GEM]: 57
2015-08-17 20:14:59 : Collecting Resources
2015-08-17 20:15:11 : Chat Request: witch po sana
2015-08-17 20:15:11 : Witches Keyword found: witch
2015-08-17 20:15:14 : No Witches available to donate..
2015-08-17 20:15:16 : Checking Army Camp...
2015-08-17 20:15:18 : Total Army Camp capacity: 68/220
2015-08-17 20:15:21 :  - No. of Barbarians: 48
2015-08-17 20:15:21 :  - No. of Archers: 20
2015-08-17 20:15:21 : Barracks and Spell factory status: 
2015-08-17 20:15:21 : - Barracks detected: 4 | Available: 4 | Upgrading: 0
2015-08-17 20:15:21 : - Dark Barracks detected: 2 | Available: 2 | Upgrading: 0
2015-08-17 20:15:21 : - Spell factory detected: 1 | Available: 1 | Upgrading: 0
2015-08-17 20:15:21 : - Dark Spell factory detected: 1 | Available: 1 | Upgrading: 0
2015-08-17 20:15:21 : Training Troops...
2015-08-17 20:15:38 : Spell Factory Full
2015-08-17 20:15:40 : 0
2015-08-17 20:15:41 : Requesting Clan Castle Troops
2015-08-17 20:15:42 : Request has already been made
2015-08-17 20:15:44 : ====== Waiting for full army ======
2015-08-17 20:15:55 : Checking Army Camp...
2015-08-17 20:15:57 : Total Army Camp capacity: 74/220
2015-08-17 20:15:58 :  - No. of Barbarians: 48
2015-08-17 20:15:59 :  - No. of Archers: 26
2015-08-17 20:15:59 : Training Troops...
2015-08-17 20:16:07 : Spell Factory Full
2015-08-17 20:16:09 : Time Idle: 00:00:25
2015-08-17 20:16:10 : ====== Waiting for full army ======
2015-08-17 20:16:21 : Checking Army Camp...
2015-08-17 20:16:23 : Total Army Camp capacity: 78/220
2015-08-17 20:16:24 :  - No. of Barbarians: 48
2015-08-17 20:16:25 :  - No. of Archers: 30
2015-08-17 20:16:25 : Training Troops...
2015-08-17 20:16:33 : Spell Factory Full
2015-08-17 20:16:35 : Time Idle: 00:00:51
2015-08-17 20:16:36 : ====== Waiting for full army ======
2015-08-17 20:16:47 : Checking Army Camp...
2015-08-17 20:16:49 : Total Army Camp capacity: 82/220
2015-08-17 20:16:50 :  - No. of Barbarians: 48
2015-08-17 20:16:50 :  - No. of Archers: 35
2015-08-17 20:16:51 : Training Troops...
2015-08-17 20:16:59 : Spell Factory Full
2015-08-17 20:17:01 : Time Idle: 00:01:17
2015-08-17 20:17:02 : ====== Waiting for full army ======
2015-08-17 20:17:03 : Chat Request: hog,arch wiz
2015-08-17 20:17:03 : Archers Keyword found: arc
2015-08-17 20:17:03 : Donating Archers
2015-08-17 20:17:06 : Chat Request: witch po sana
2015-08-17 20:17:06 : Witches Keyword found: witch
2015-08-17 20:17:09 : No Witches available to donate..
2015-08-17 20:17:22 : Checking Army Camp...
2015-08-17 20:17:24 : Total Army Camp capacity: 81/220
2015-08-17 20:17:25 :  - No. of Barbarians: 48
2015-08-17 20:17:25 :  - No. of Archers: 33
2015-08-17 20:17:26 : Training Troops...
2015-08-17 20:17:34 : Spell Factory Full
2015-08-17 20:17:36 : Time Idle: 00:01:51
2015-08-17 20:17:37 : ====== Waiting for full army ======
2015-08-17 20:17:48 : Checking Army Camp...
2015-08-17 20:17:50 : Total Army Camp capacity: 85/220
2015-08-17 20:17:51 :  - No. of Barbarians: 48
2015-08-17 20:17:51 :  - No. of Archers: 37
2015-08-17 20:17:52 : Training Troops...
2015-08-17 20:18:02 : Spell Factory Full
2015-08-17 20:18:04 : Time Idle: 00:02:19
2015-08-17 20:18:04 : ====== Waiting for full army ======
2015-08-17 20:18:16 : Checking Army Camp...
2015-08-17 20:18:18 : Total Army Camp capacity: 89/220
2015-08-17 20:18:19 :  - No. of Barbarians: 48
2015-08-17 20:18:19 :  - No. of Archers: 41
2015-08-17 20:18:19 : Training Troops...
2015-08-17 20:18:28 : Spell Factory Full
2015-08-17 20:18:30 : Time Idle: 00:02:44
2015-08-17 20:18:30 : ====== Waiting for full army ======
2015-08-17 20:18:42 : Checking Army Camp...
2015-08-17 20:18:44 : Total Army Camp capacity: 93/220
2015-08-17 20:18:45 :  - No. of Barbarians: 48
2015-08-17 20:18:45 :  - No. of Archers: 46
2015-08-17 20:18:45 : Training Troops...
2015-08-17 20:18:53 : Spell Factory Full
2015-08-17 20:18:56 : Time Idle: 00:03:10
2015-08-17 20:18:56 : ====== Waiting for full army ======
2015-08-17 20:19:07 : Checking Army Camp...
2015-08-17 20:19:09 : Total Army Camp capacity: 98/220
2015-08-17 20:19:10 :  - No. of Barbarians: 48
2015-08-17 20:19:10 :  - No. of Archers: 50
2015-08-17 20:19:11 : Training Troops...
2015-08-17 20:19:19 : Spell Factory Full
2015-08-17 20:19:21 : Time Idle: 00:03:35
2015-08-17 20:19:21 : ====== Waiting for full army ======
2015-08-17 20:19:33 : Checking Army Camp...
2015-08-17 20:19:35 : Total Army Camp capacity: 102/220
2015-08-17 20:19:36 :  - No. of Barbarians: 48
2015-08-17 20:19:36 :  - No. of Archers: 54
2015-08-17 20:19:37 : Training Troops...
2015-08-17 20:19:45 : Spell Factory Full
2015-08-17 20:19:47 : Time Idle: 00:04:01
2015-08-17 20:19:47 : ====== Waiting for full army ======
2015-08-17 20:19:59 : Checking Army Camp...
2015-08-17 20:20:01 : Total Army Camp capacity: 106/220
2015-08-17 20:20:02 :  - No. of Barbarians: 48
2015-08-17 20:20:03 :  - No. of Archers: 58
2015-08-17 20:20:03 : Training Troops...
2015-08-17 20:20:12 : Spell Factory Full
2015-08-17 20:20:13 : Time Idle: 00:04:27
2015-08-17 20:20:14 : ====== Waiting for full army ======
2015-08-17 20:20:26 : Checking Army Camp...
2015-08-17 20:20:27 : Total Army Camp capacity: 111/220
2015-08-17 20:20:29 :  - No. of Barbarians: 48
2015-08-17 20:20:29 :  - No. of Archers: 63
2015-08-17 20:20:29 : Training Troops...
2015-08-17 20:20:38 : Spell Factory Full
2015-08-17 20:20:40 : Time Idle: 00:04:53
2015-08-17 20:20:40 : ====== Waiting for full army ======
2015-08-17 20:20:42 : Chat Request: any
2015-08-17 20:20:42 : Custom Donation Keyword found: any
2015-08-17 20:20:45 : No Giants available to donate..
2015-08-17 20:20:48 : No Wizards available to donate..
2015-08-17 20:20:49 : Donating 6 Archers
2015-08-17 20:20:51 : Chat Request: witch po sana
2015-08-17 20:20:51 : Witches Keyword found: witch
2015-08-17 20:20:55 : No Witches available to donate..
2015-08-17 20:21:08 : Collecting Resources
2015-08-17 20:21:15 : Checking Army Camp...
2015-08-17 20:21:17 : Total Army Camp capacity: 113/220
2015-08-17 20:21:18 :  - No. of Barbarians: 48
2015-08-17 20:21:18 :  - No. of Archers: 65
2015-08-17 20:21:19 : Training Troops...
2015-08-17 20:21:27 : Spell Factory Full
2015-08-17 20:21:30 : Time Idle: 00:05:43
2015-08-17 20:21:30 : ====== Waiting for full army ======
2015-08-17 20:21:41 : Checking Army Camp...
2015-08-17 20:21:43 : Total Army Camp capacity: 117/220
2015-08-17 20:21:44 :  - No. of Barbarians: 48
2015-08-17 20:21:45 :  - No. of Archers: 69
2015-08-17 20:21:45 : Training Troops...
2015-08-17 20:21:53 : Spell Factory Full
2015-08-17 20:21:55 : Time Idle: 00:06:08
2015-08-17 20:21:55 : ====== Waiting for full army ======
2015-08-17 20:22:07 : Checking Army Camp...
2015-08-17 20:22:09 : Total Army Camp capacity: 121/220
2015-08-17 20:22:10 :  - No. of Barbarians: 48
2015-08-17 20:22:10 :  - No. of Archers: 73
2015-08-17 20:22:11 : Training Troops...
2015-08-17 20:22:19 : Spell Factory Full
2015-08-17 20:22:21 : Time Idle: 00:06:34
2015-08-17 20:22:21 : ====== Waiting for full army ======
2015-08-17 20:22:33 : Checking Army Camp...
2015-08-17 20:22:35 : Total Army Camp capacity: 125/220
2015-08-17 20:22:36 :  - No. of Barbarians: 48
2015-08-17 20:22:36 :  - No. of Archers: 77
2015-08-17 20:22:37 : Training Troops...
2015-08-17 20:22:45 : Spell Factory Full
2015-08-17 20:22:47 : Time Idle: 00:06:59
2015-08-17 20:22:47 : ====== Waiting for full army ======
2015-08-17 20:22:59 : Checking Army Camp...
2015-08-17 20:23:01 : Total Army Camp capacity: 130/220
2015-08-17 20:23:02 :  - No. of Barbarians: 48
2015-08-17 20:23:02 :  - No. of Archers: 82
2015-08-17 20:23:03 : Training Troops...
2015-08-17 20:23:11 : Spell Factory Full
2015-08-17 20:23:13 : Time Idle: 00:07:25
2015-08-17 20:23:13 : ====== Waiting for full army ======
2015-08-17 20:23:25 : Checking Army Camp...
2015-08-17 20:23:27 : Total Army Camp capacity: 134/220
2015-08-17 20:23:28 :  - No. of Barbarians: 48
2015-08-17 20:23:28 :  - No. of Archers: 86
2015-08-17 20:23:29 : Training Troops...
2015-08-17 20:23:37 : Spell Factory Full
2015-08-17 20:23:39 : Time Idle: 00:07:50
2015-08-17 20:23:39 : ====== Waiting for full army ======
2015-08-17 20:23:51 : Checking Army Camp...
2015-08-17 20:23:53 : Total Army Camp capacity: 138/220
2015-08-17 20:23:54 :  - No. of Barbarians: 48
2015-08-17 20:23:54 :  - No. of Archers: 90
2015-08-17 20:23:55 : Training Troops...
2015-08-17 20:24:03 : Spell Factory Full
2015-08-17 20:24:05 : Time Idle: 00:08:16
2015-08-17 20:24:05 : ====== Waiting for full army ======
2015-08-17 20:24:17 : Checking Army Camp...
2015-08-17 20:24:19 : Total Army Camp capacity: 142/220
2015-08-17 20:24:20 :  - No. of Barbarians: 48
2015-08-17 20:24:20 :  - No. of Archers: 94
2015-08-17 20:24:21 : Training Troops...
2015-08-17 20:24:29 : Spell Factory Full
2015-08-17 20:24:31 : Time Idle: 00:08:42
2015-08-17 20:24:31 : ====== Waiting for full army ======
2015-08-17 20:24:43 : Checking Army Camp...
2015-08-17 20:24:44 : Total Army Camp capacity: 147/220
2015-08-17 20:24:45 :  - No. of Barbarians: 48
2015-08-17 20:24:46 :  - No. of Archers: 99
2015-08-17 20:24:46 : Training Troops...
2015-08-17 20:24:57 : Spell Factory Full
2015-08-17 20:24:59 : Time Idle: 00:09:10
2015-08-17 20:24:59 : ====== Waiting for full army ======
2015-08-17 20:25:11 : Checking Army Camp...
2015-08-17 20:25:13 : Total Army Camp capacity: 151/220
2015-08-17 20:25:14 :  - No. of Barbarians: 52
2015-08-17 20:25:14 :  - No. of Archers: 99
2015-08-17 20:25:15 : Training Troops...
2015-08-17 20:25:23 : Spell Factory Full
2015-08-17 20:25:25 : Time Idle: 00:09:36
2015-08-17 20:25:25 : ====== Waiting for full army ======
2015-08-17 20:25:37 : Checking Army Camp...
2015-08-17 20:25:39 : Total Army Camp capacity: 157/220
2015-08-17 20:25:40 :  - No. of Barbarians: 58
2015-08-17 20:25:40 :  - No. of Archers: 99
2015-08-17 20:25:41 : Training Troops...
2015-08-17 20:25:49 : Spell Factory Full
2015-08-17 20:25:51 : Time Idle: 00:10:01
2015-08-17 20:25:51 : ====== Waiting for full army ======
2015-08-17 20:26:03 : Collecting Resources
2015-08-17 20:26:10 : Checking Army Camp...
2015-08-17 20:26:11 : Total Army Camp capacity: 163/220
2015-08-17 20:26:12 :  - No. of Barbarians: 64
2015-08-17 20:26:13 :  - No. of Archers: 99
2015-08-17 20:26:13 : Training Troops...
2015-08-17 20:26:21 : Spell Factory Full
2015-08-17 20:26:23 : Time Idle: 00:10:34
2015-08-17 20:26:24 : ====== Waiting for full army ======
2015-08-17 20:26:35 : Checking Army Camp...
2015-08-17 20:26:37 : Total Army Camp capacity: 168/220
2015-08-17 20:26:38 :  - No. of Barbarians: 70
2015-08-17 20:26:38 :  - No. of Archers: 99
2015-08-17 20:26:39 : Training Troops...
2015-08-17 20:26:47 : Spell Factory Full
2015-08-17 20:26:49 : Time Idle: 00:10:59
2015-08-17 20:26:49 : ====== Waiting for full army ======
2015-08-17 20:27:01 : Checking Army Camp...
2015-08-17 20:27:03 : Total Army Camp capacity: 174/220
2015-08-17 20:27:04 :  - No. of Barbarians: 75
2015-08-17 20:27:04 :  - No. of Archers: 99
2015-08-17 20:27:05 : Training Troops...
2015-08-17 20:27:13 : Spell Factory Full
2015-08-17 20:27:15 : Time Idle: 00:11:25
2015-08-17 20:27:15 : ====== Waiting for full army ======
2015-08-17 20:27:27 : Checking Army Camp...
2015-08-17 20:27:29 : Total Army Camp capacity: 179/220
2015-08-17 20:27:30 :  - No. of Barbarians: 80
2015-08-17 20:27:30 :  - No. of Archers: 99
2015-08-17 20:27:31 : Training Troops...
2015-08-17 20:27:39 : Spell Factory Full
2015-08-17 20:27:41 : Time Idle: 00:11:50
2015-08-17 20:27:41 : ====== Waiting for full army ======
2015-08-17 20:27:53 : Checking Army Camp...
2015-08-17 20:27:55 : Total Army Camp capacity: 184/220
2015-08-17 20:27:56 :  - No. of Barbarians: 85
2015-08-17 20:27:56 :  - No. of Archers: 99
2015-08-17 20:27:57 : Training Troops...
2015-08-17 20:28:05 : Spell Factory Full
2015-08-17 20:28:07 : Time Idle: 00:12:16
2015-08-17 20:28:07 : ====== Waiting for full army ======
2015-08-17 20:28:19 : Checking Army Camp...
2015-08-17 20:28:21 : Total Army Camp capacity: 189/220
2015-08-17 20:28:22 :  - No. of Barbarians: 91
2015-08-17 20:28:22 :  - No. of Archers: 99
2015-08-17 20:28:23 : Training Troops...
2015-08-17 20:28:31 : Spell Factory Full
2015-08-17 20:28:33 : Time Idle: 00:12:42
2015-08-17 20:28:33 : ====== Waiting for full army ======
2015-08-17 20:28:35 : ClashGameBot was Paused!
2015-08-17 20:29:11 : ClashGameBot was Resumed.
2015-08-17 20:29:20 : Checking Army Camp...
2015-08-17 20:29:22 : Total Army Camp capacity: 202/220
2015-08-17 20:29:23 :  - No. of Barbarians: 103
2015-08-17 20:29:23 :  - No. of Archers: 99
2015-08-17 20:29:24 : Training Troops...
2015-08-17 20:29:32 : Spell Factory Full
2015-08-17 20:29:34 : Time Idle: 00:13:42
2015-08-17 20:29:34 : ====== Waiting for full army ======
2015-08-17 20:29:46 : Checking Army Camp...
2015-08-17 20:29:48 : Total Army Camp capacity: 207/220
2015-08-17 20:29:49 :  - No. of Barbarians: 108
2015-08-17 20:29:49 :  - No. of Archers: 99
2015-08-17 20:29:50 : Training Troops...
2015-08-17 20:29:59 : Spell Factory Full
2015-08-17 20:30:01 : Time Idle: 00:14:10
2015-08-17 20:30:01 : ====== Waiting for full army ======
2015-08-17 20:30:13 : Checking Army Camp...
2015-08-17 20:30:15 : Total Army Camp capacity: 211/220
2015-08-17 20:30:16 :  - No. of Barbarians: 108
2015-08-17 20:30:16 :  - No. of Archers: 103
2015-08-17 20:30:17 : Training Troops...
2015-08-17 20:30:26 : Spell Factory Full
2015-08-17 20:30:28 : Time Idle: 00:14:36
2015-08-17 20:30:28 : ====== Waiting for full army ======
2015-08-17 20:30:40 : Checking Army Camp...
2015-08-17 20:30:42 : Total Army Camp capacity: 215/220
2015-08-17 20:30:43 :  - No. of Barbarians: 108
2015-08-17 20:30:43 :  - No. of Archers: 107
2015-08-17 20:30:44 : Training Troops...
2015-08-17 20:30:53 : Spell Factory Full
2015-08-17 20:30:55 : Time Idle: 00:15:03
2015-08-17 20:30:55 : ====== Waiting for full army ======
2015-08-17 20:31:07 : Checking Army Camp...
2015-08-17 20:31:09 : Total Army Camp capacity: 219/220
2015-08-17 20:31:10 :  - No. of Barbarians: 108
2015-08-17 20:31:11 :  - No. of Archers: 111
2015-08-17 20:31:11 : Training Troops...
2015-08-17 20:31:12 : Your Army Camps are now Full
2015-08-17 20:31:12 : Too few Barb, train first.
2015-08-17 20:31:33 : Spell Factory not found...
2015-08-17 20:31:35 : Going to Attack...
2015-08-17 20:31:41 : ============== Searching For Dead Base ===============
2015-08-17 20:31:41 : ~~~~~~~~~~~~~~~ SEARCH CONDITIONS ~~~~~~~~~~~~~~~~
2015-08-17 20:31:41 : Meet: Gold or Elixir, Max TH 8
2015-08-17 20:31:41 : ~~~~~~~~~~~~~~ RESOURCE CONDITIONS ~~~~~~~~~~~~~~~
2015-08-17 20:31:41 : Aim: [G]:      0 [E]:      0 [D]:    0 [T]: 0 [TH]: 8 for: Dead Base
2015-08-17 20:31:41 : ============== Searching For Live Base ===============
2015-08-17 20:31:41 : ~~~~~~~~~~~~~~~ SEARCH CONDITIONS ~~~~~~~~~~~~~~~~
2015-08-17 20:31:41 : Meet: Gold or Elixir, Max TH 8
2015-08-17 20:31:41 : ~~~~~~~~~~~~~~ RESOURCE CONDITIONS ~~~~~~~~~~~~~~~
2015-08-17 20:31:41 : Aim: [G]:      0 [E]:      0 [D]:    0 [T]: 0 [TH]: 8 for: Live Base
2015-08-17 20:31:41 : ~~~~~~~~~~~~~~~ ADVANCED SETTINGS ~~~~~~~~~~~~~~~~
2015-08-17 20:31:41 : THSnipe Combo, 5 Tile(s), AttackTH, Attack6:PB6
2015-08-17 20:31:41 : ==================================================
2015-08-17 20:31:44 :   1> [G]:  43386 [E]:  80706 [D]:  494 [T]:17 [TH]:10, In
2015-08-17 20:31:49 :   2> [G]:  71603 [E]:  60489 [D]:  978 [T]:13 [TH]: 9, In
2015-08-17 20:31:56 :   3> [G]: 223993 [E]: 119294 [D]:  954 [T]:33 [TH]:10, In
2015-08-17 20:32:00 :   4> [G]:  40386 [E]:  63960 [D]:  979 [T]:24 [TH]: 9, In
2015-08-17 20:32:10 :   5> [G]:  61784 [E]:  97377 [D]: 1676 [T]:16 [TH]: 9, In
2015-08-17 20:32:14 :   6> [G]:  37533 [E]:  72340 [D]:  558 [T]:20 [TH]: 9, In
2015-08-17 20:32:21 :   7> [G]: 148623 [E]: 164024 [D]:  593 [T]:31 [TH]:10, In
2015-08-17 20:32:26 :   8> [G]:  67912 [E]: 119604 [D]: 1068 [T]:16 [TH]:10, In
2015-08-17 20:32:33 :   9> [G]:  85593 [E]: 106156 [D]: 1684 [T]:24 [TH]:10, In
2015-08-17 20:32:40 :  10> [G]:  55624 [E]:  42829 [D]: 1400 [T]:34 [TH]:10, In
2015-08-17 20:32:44 :  11> [G]:  72900 [E]:  56126 [D]:  853 [T]: 8 [TH]: 9, In
2015-08-17 20:32:49 :  12> [G]:  23850 [E]:  24060 [D]:  581 [T]:31 [TH]: 9, In
2015-08-17 20:32:54 :  13> [G]:  39642 [E]: 118138 [D]: 1194 [T]:19 [TH]: 9, In
2015-08-17 20:32:57 :  14> [G]:  12885 [E]:  46585 [D]:  136 [T]: 7 [TH]: 9, In
2015-08-17 20:33:05 :  15> [G]:  54992 [E]: 101140 [D]:  556 [T]:27 [TH]:10, In
2015-08-17 20:33:13 :  16> [G]:  40117 [E]:  96614 [D]:   32 [T]: 7 [TH]: 9, In
2015-08-17 20:33:21 :  17> [G]:  72045 [E]: 155835 [D]:  713 [T]:25 [TH]:10, In
2015-08-17 20:33:26 :  18> [G]:  62005 [E]: 128261 [D]:  447 [T]:22 [TH]: 9, In
2015-08-17 20:33:31 :  19> [G]:  32248 [E]: 272106 [D]:  172 [T]: 6 [TH]: 8, In
2015-08-17 20:33:31 : ~~~~~~~~~~~~~~~~ Live Base Found! ~~~~~~~~~~~~~~~~
2015-08-17 20:33:31 : ================ Search Complete =================
2015-08-17 20:33:31 : Initiating attack for: Live Base
2015-08-17 20:33:34 : -Barbarians 109
2015-08-17 20:33:34 : -Archers 111
2015-08-17 20:33:34 : -Clan Castle 
2015-08-17 20:33:34 : -Heal Spells 4
2015-08-17 20:33:34 :  ====== Start Attack ====== 
2015-08-17 20:33:36 : Calculating Smart Attack Strategy
2015-08-17 20:33:36 : Calculated  (in 0.65 seconds) :
2015-08-17 20:33:36 : Locating Mines, Collectors & Drills
2015-08-17 20:33:41 : Located  (in 4.66 seconds) :
2015-08-17 20:33:41 : [6] Gold Mines
2015-08-17 20:33:41 : [0] Elixir Collectors
2015-08-17 20:33:41 : [1] Dark Elixir Drill/s
2015-08-17 20:33:41 : Attacking on all sides
2015-08-17 20:33:43 : Dropping first wave of Barbarians 55
2015-08-17 20:33:46 : Dropping first wave of Archers 56
2015-08-17 20:33:48 : Dropping Clan Castle
2015-08-17 20:33:50 : Dropping second wave of Barbarians 55
2015-08-17 20:33:52 : Dropping second wave of Archers 56
2015-08-17 20:33:57 : Dropping left over troops
2015-08-17 20:33:57 : Checking remaining unused troops for: Live Base
2015-08-17 20:34:00 : -Clan Castle 
2015-08-17 20:34:00 : -Heal Spells 4
2015-08-17 20:34:09 : Checking remaining unused troops for: Live Base
2015-08-17 20:34:12 : -Clan Castle 
2015-08-17 20:34:12 : -Heal Spells 4
2015-08-17 20:34:19 : ClashGameBot was Paused!
2015-08-17 20:34:38 : ClashGameBot was Resumed.
2015-08-17 20:34:38 : Zooming Out
2015-08-17 20:34:40 : Zooming Out
2015-08-17 20:34:42 : Finished Attacking, waiting for the battle to end
2015-08-17 20:34:42 : Checking if the battle has finished
2015-08-17 20:34:44 : detected [G]:  [E]:  [DE]:  |  Exit now 
2015-08-17 20:34:44 : Battle has finished
2015-08-17 20:34:44 : Returning Home
2015-08-17 20:34:48 : Loot: [G]: 802 [E]: 30 774 [DE]:  [T]: 2
2015-08-17 20:34:49 : Bonus [G]: 100 000 [E]: 100 000 [DE]: 500
2015-08-17 20:34:52 : Your league level is: Master III
2015-08-17 20:34:52 : Stars earned: 1
2015-08-17 20:34:59 : Trying to locate Main Screen
2015-08-17 20:34:59 : Main Screen Located
2015-08-17 20:35:01 : Village Report
2015-08-17 20:35:01 : No. of Free/Total Builders: 0/4
2015-08-17 20:35:01 :  [T]: 2 668
2015-08-17 20:35:01 :  [G]: 3 163 338 [E]: 3 157 125 [D]: 33 360 [GEM]: 57
2015-08-17 20:35:02 : Collecting Resources
2015-08-17 20:35:15 : Chat Request: witch po sana
2015-08-17 20:35:15 : Witches Keyword found: witch
2015-08-17 20:35:18 : No Witches available to donate..
2015-08-17 20:35:20 : Checking Army Camp...
2015-08-17 20:35:22 : Total Army Camp capacity: 45/220
2015-08-17 20:35:23 :  - No. of Barbarians: 45
2015-08-17 20:35:24 : Training Troops...
2015-08-17 20:35:32 : Spell Factory Full
2015-08-17 20:35:32 : Created 1 Spell(s)
2015-08-17 20:35:34 : 0
2015-08-17 20:35:36 : Requesting Clan Castle Troops
2015-08-17 20:35:42 : ====== Waiting for full army ======
2015-08-17 20:35:54 : Collecting Resources
2015-08-17 20:35:59 : Checking Army Camp...
2015-08-17 20:36:01 : Total Army Camp capacity: 51/220
2015-08-17 20:36:02 :  - No. of Barbarians: 47
2015-08-17 20:36:02 :  - No. of Archers: 4
2015-08-17 20:36:03 : Training Troops...
2015-08-17 20:36:11 : Spell Factory Full
2015-08-17 20:36:13 : Time Idle: 00:00:30
2015-08-17 20:36:13 : ====== Waiting for full army ======
2015-08-17 20:36:25 : Checking Army Camp...
2015-08-17 20:36:27 : Total Army Camp capacity: 55/220
2015-08-17 20:36:28 :  - No. of Barbarians: 47
2015-08-17 20:36:28 :  - No. of Archers: 8
2015-08-17 20:36:29 : Training Troops...
2015-08-17 20:36:36 : Spell Factory Full
2015-08-17 20:36:38 : Time Idle: 00:00:56
2015-08-17 20:36:38 : ====== Waiting for full army ======
2015-08-17 20:36:50 : Checking Army Camp...
2015-08-17 20:36:52 : Total Army Camp capacity: 59/220
2015-08-17 20:36:53 :  - No. of Barbarians: 47
2015-08-17 20:36:53 :  - No. of Archers: 12
2015-08-17 20:36:54 : Training Troops...
2015-08-17 20:37:02 : Spell Factory Full
2015-08-17 20:37:04 : Time Idle: 00:01:21
2015-08-17 20:37:04 : ====== Waiting for full army ======
2015-08-17 20:37:16 : Checking Army Camp...
2015-08-17 20:37:18 : Total Army Camp capacity: 63/220
2015-08-17 20:37:19 :  - No. of Barbarians: 47
2015-08-17 20:37:19 :  - No. of Archers: 16
2015-08-17 20:37:19 : Training Troops...
2015-08-17 20:37:27 : Spell Factory Full
2015-08-17 20:37:29 : Time Idle: 00:01:46
2015-08-17 20:37:29 : ====== Waiting for full army ======
2015-08-17 20:37:41 : Checking Army Camp...
2015-08-17 20:37:43 : Total Army Camp capacity: 67/220
2015-08-17 20:37:44 :  - No. of Barbarians: 47
2015-08-17 20:37:44 :  - No. of Archers: 20
2015-08-17 20:37:45 : Training Troops...
2015-08-17 20:37:52 : Spell Factory Full
2015-08-17 20:37:54 : Time Idle: 00:02:11
2015-08-17 20:37:55 : ====== Waiting for full army ======
2015-08-17 20:38:06 : Checking Army Camp...
2015-08-17 20:38:08 : Total Army Camp capacity: 71/220
2015-08-17 20:38:09 :  - No. of Barbarians: 47
2015-08-17 20:38:09 :  - No. of Archers: 24
2015-08-17 20:38:10 : Training Troops...
2015-08-17 20:38:18 : Spell Factory Full
2015-08-17 20:38:20 : Time Idle: 00:02:36
2015-08-17 20:38:20 : ====== Waiting for full army ======
2015-08-17 20:38:21 : Chat Request: any
2015-08-17 20:38:21 : Custom Donation Keyword found: any
2015-08-17 20:38:24 : No Giants available to donate..
2015-08-17 20:38:28 : No Wizards available to donate..
2015-08-17 20:38:29 : Donating 6 Archers
2015-08-17 20:38:31 : Chat Request: witch po sana
2015-08-17 20:38:31 : Witches Keyword found: witch
2015-08-17 20:38:34 : No Witches available to donate..
2015-08-17 20:38:47 : Checking Army Camp...
2015-08-17 20:38:49 : Total Army Camp capacity: 73/220
2015-08-17 20:38:50 :  - No. of Barbarians: 47
2015-08-17 20:38:50 :  - No. of Archers: 26
2015-08-17 20:38:51 : Training Troops...
2015-08-17 20:38:59 : Spell Factory Full
2015-08-17 20:39:01 : Time Idle: 00:03:17
2015-08-17 20:39:01 : ====== Waiting for full army ======
2015-08-17 20:39:13 : Checking Army Camp...
2015-08-17 20:39:15 : Total Army Camp capacity: 77/220
2015-08-17 20:39:16 :  - No. of Barbarians: 47
2015-08-17 20:39:16 :  - No. of Archers: 30
2015-08-17 20:39:17 : Training Troops...
2015-08-17 20:39:24 : Spell Factory Full
2015-08-17 20:39:26 : Time Idle: 00:03:42
2015-08-17 20:39:26 : ====== Waiting for full army ======
2015-08-17 20:39:38 : Checking Army Camp...
2015-08-17 20:39:40 : Total Army Camp capacity: 81/220
2015-08-17 20:39:41 :  - No. of Barbarians: 47
2015-08-17 20:39:41 :  - No. of Archers: 34
2015-08-17 20:39:42 : Training Troops...
2015-08-17 20:39:51 : Spell Factory Full
2015-08-17 20:39:53 : Time Idle: 00:04:09
2015-08-17 20:39:53 : ====== Waiting for full army ======
2015-08-17 20:40:05 : Checking Army Camp...
2015-08-17 20:40:07 : Total Army Camp capacity: 85/220
2015-08-17 20:40:08 :  - No. of Barbarians: 47
2015-08-17 20:40:08 :  - No. of Archers: 38
2015-08-17 20:40:09 : Training Troops...
