2015-07-30 20:30:31 : ~~~ Clash Game Bot v4.1 Powered by GameBot.org ~~~
2015-07-30 20:30:31 : GameBot.org.exe Executable running on WIN_7  X64
2015-07-30 20:30:31 : =================== Bot Start ====================
2015-07-30 20:30:31 : -------------------------  Current Profile: 01 --------------------------
2015-07-30 20:30:31 : Trying to locate Main Screen
2015-07-30 20:30:31 : Main Screen Located
2015-07-30 20:30:32 : Detecting your Buildings..
2015-07-30 20:30:36 : Language setting is English: Correct.
2015-07-30 20:30:38 : Trying to locate Main Screen
2015-07-30 20:30:38 : Main Screen Located
2015-07-30 20:30:38 : Gold Storages are full!
2015-07-30 20:30:38 : Elixir Storages are full!
2015-07-30 20:30:38 : Halt Attack, Stay Online/Train/Collect/Donate...
2015-07-30 20:30:39 : Collecting Resources
2015-07-30 20:30:47 : Checking if Village needs Rearming..
2015-07-30 20:30:55 : Village Report
2015-07-30 20:30:55 : No. of Free/Total Builders: 0/4
2015-07-30 20:30:55 :  [T]: 1 412
2015-07-30 20:30:55 :  [G]: 6 001 000 [E]: 6 001 000 [D]: 71 522 [GEM]: 955
2015-07-30 20:30:58 : Checking Army Camp...
2015-07-30 20:31:00 : Total Army Camp capacity: 200/200
2015-07-30 20:31:01 :  - No. of Barbarians: 10
2015-07-30 20:31:01 :  - No. of Archers: 80
2015-07-30 20:31:01 : Barracks and Spell factory status: 
2015-07-30 20:31:01 : - Barracks detected: 4 | Available: 3 | Upgrading: 1
2015-07-30 20:31:01 : - Dark Barracks detected: 2 | Available: 2 | Upgrading: 0
2015-07-30 20:31:01 : - Spell factory detected: 1 | Available: 1 | Upgrading: 0
2015-07-30 20:31:01 : - Dark Spell factory detected: 1 | Available: 1 | Upgrading: 0
2015-07-30 20:31:01 : Training Troops...
2015-07-30 20:31:02 : Your Army Camps are now Full
2015-07-30 20:31:27 :  ====== Unbreakable Mode enabled! ====== 
2015-07-30 20:31:30 : Going to Attack...
2015-07-30 20:31:38 : Returning Home For Defense
2015-07-30 20:31:42 : Closing Clash Of Clans
2015-07-30 20:31:43 : Waiting 5 Minutes for Defense Attacks
2015-07-30 20:37:07 : Zooming Out
2015-07-30 20:37:11 : Trying to locate Main Screen
2015-07-30 20:37:11 : Main Screen Located
2015-07-30 20:37:11 : Gold Storages are full!
2015-07-30 20:37:11 : Elixir Storages are full!
2015-07-30 20:37:11 : Halt Attack, Stay Online/Train/Collect/Donate...
2015-07-30 20:37:12 : Collecting Resources
2015-07-30 20:37:21 : Checking if Village needs Rearming..
2015-07-30 20:37:28 : Village Report
2015-07-30 20:37:28 : No. of Free/Total Builders: 0/4
2015-07-30 20:37:28 :  [T]: 1 412
2015-07-30 20:37:29 :  [G]: 6 001 000 [E]: 6 001 000 [D]: 71 530 [GEM]: 955
2015-07-30 20:37:35 :  ====== Unbreakable Mode enabled! ====== 
2015-07-30 20:37:38 : Going to Attack...
2015-07-30 20:37:46 : Returning Home For Defense
2015-07-30 20:37:50 : Closing Clash Of Clans
2015-07-30 20:37:52 : Waiting 5 Minutes for Defense Attacks
2015-07-30 20:43:15 : Zooming Out
2015-07-30 20:43:19 : Trying to locate Main Screen
2015-07-30 20:43:19 : Main Screen Located
2015-07-30 20:43:19 : Gold Storages are full!
2015-07-30 20:43:19 : Elixir Storages are full!
2015-07-30 20:43:19 : Halt Attack, Stay Online/Train/Collect/Donate...
2015-07-30 20:43:20 : Collecting Resources
2015-07-30 20:43:29 : Checking if Village needs Rearming..
2015-07-30 20:43:37 : Village Report
2015-07-30 20:43:37 : No. of Free/Total Builders: 0/4
2015-07-30 20:43:37 :  [T]: 1 412
2015-07-30 20:43:37 :  [G]: 6 001 000 [E]: 6 001 000 [D]: 71 538 [GEM]: 955
2015-07-30 20:43:44 :  ====== Unbreakable Mode enabled! ====== 
2015-07-30 20:43:47 : Going to Attack...
2015-07-30 20:43:55 : Returning Home For Defense
2015-07-30 20:43:59 : Closing Clash Of Clans
2015-07-30 20:44:00 : Waiting 5 Minutes for Defense Attacks
2015-07-30 20:49:23 : Zooming Out
2015-07-30 20:49:27 : Trying to locate Main Screen
2015-07-30 20:49:27 : Main Screen Located
2015-07-30 20:49:27 : Gold Storages are full!
2015-07-30 20:49:27 : Elixir Storages are full!
2015-07-30 20:49:27 : Halt Attack, Stay Online/Train/Collect/Donate...
2015-07-30 20:49:29 : Collecting Resources
2015-07-30 20:49:37 : Checking if Village needs Rearming..
2015-07-30 20:49:45 : Village Report
2015-07-30 20:49:45 : No. of Free/Total Builders: 0/4
2015-07-30 20:49:45 :  [T]: 1 412
2015-07-30 20:49:45 :  [G]: 6 001 000 [E]: 6 001 000 [D]: 71 542 [GEM]: 955
2015-07-30 20:49:52 :  ====== Unbreakable Mode enabled! ====== 
2015-07-30 20:49:55 : Going to Attack...
2015-07-30 20:50:03 : Returning Home For Defense
2015-07-30 20:50:07 : Closing Clash Of Clans
2015-07-30 20:50:08 : Waiting 5 Minutes for Defense Attacks
2015-07-30 20:53:06 : Pushbullet: Your bot is currently paused, no action was taken
2015-07-30 20:55:29 : Another Device has connected, waiting 2 minutes 0 seconds
2015-07-30 20:56:38 : Pushbullet: removed 1 messages older than 6 h 
2015-07-30 20:57:35 : Another Device has connected, waiting 2 minutes 0 seconds
2015-07-30 20:58:06 : Pushbullet: received command syntax wrong, command ignored.
2015-07-30 20:59:40 : Waiting for Main Screen
2015-07-30 20:59:44 : Zooming Out
2015-07-30 20:59:46 : Checking Troop Upgrade in Laboratory ...
2015-07-30 20:59:46 : Updating village values [E]: 5959500 [D]: 71542
2015-07-30 20:59:47 : Trouble finding research button, try again...
2015-07-30 20:59:52 : Trying to locate Main Screen
2015-07-30 20:59:52 : Main Screen Located
2015-07-30 20:59:52 : Gold Storages are full!
2015-07-30 20:59:52 : Halt Attack, Stay Online/Train/Collect/Donate...
2015-07-30 20:59:54 : Collecting Resources
2015-07-30 21:00:03 : Checking if Village needs Rearming..
2015-07-30 21:00:06 : Pushbullet: Your request has been received from ' berni. Help has been sent
2015-07-30 21:00:13 : Village Report
2015-07-30 21:00:13 : No. of Free/Total Builders: 0/4
2015-07-30 21:00:13 :  [T]: 1 412
2015-07-30 21:00:13 :  [G]: 6 001 000 [E]: 5 992 051 [D]: 71 559 [GEM]: 955
2015-07-30 21:00:19 :  ====== Unbreakable Mode enabled! ====== 
2015-07-30 21:00:23 : Going to Attack...
2015-07-30 21:00:31 : Returning Home For Defense
2015-07-30 21:00:35 : Closing Clash Of Clans
2015-07-30 21:00:36 : Waiting 5 Minutes for Defense Attacks
2015-07-30 21:01:06 : Your request has been received. Bot is now stopped
