2015-08-02 11:53:32 : ~~~ Clash Game Bot v4.1 Powered by GameBot.org ~~~
2015-08-02 11:53:32 : GameBot.org.exe Executable running on WIN_7  X64
2015-08-02 11:53:32 : =================== Bot Start ====================
2015-08-02 11:53:32 : -------------------------  Current Profile: 01 --------------------------
2015-08-02 11:53:32 : Trying to locate Main Screen
2015-08-02 11:53:32 : Main Screen Located
2015-08-02 11:53:33 : Detecting your Buildings..
2015-08-02 11:53:38 : Language setting is English: Correct.
2015-08-02 11:53:39 : Trying to locate Main Screen
2015-08-02 11:53:39 : Main Screen Located
2015-08-02 11:53:40 : Collecting Resources
2015-08-02 11:53:46 : Checking if Village needs Rearming..
2015-08-02 11:53:54 : Village Report
2015-08-02 11:53:54 : No. of Free/Total Builders: 0/4
2015-08-02 11:53:54 :  [T]: 1 661
2015-08-02 11:53:54 :  [G]: 5 140 601 [E]: 4 658 793 [D]: 58 868 [GEM]: 953
2015-08-02 11:53:56 : Checking Army Camp...
2015-08-02 11:53:58 : Total Army Camp capacity: 44/200
2015-08-02 11:53:59 :  - No. of Archers: 44
2015-08-02 11:53:59 : Barracks and Spell factory status: 
2015-08-02 11:53:59 : - Barracks detected: 4 | Available: 3 | Upgrading: 1
2015-08-02 11:53:59 : - Dark Barracks detected: 2 | Available: 2 | Upgrading: 0
2015-08-02 11:53:59 : - Spell factory detected: 1 | Available: 1 | Upgrading: 0
2015-08-02 11:53:59 : - Dark Spell factory detected: 1 | Available: 0 | Upgrading: 1
2015-08-02 11:53:59 : Training Troops...
2015-08-02 11:54:22 :  ====== Unbreakable Mode enabled! ====== 
2015-08-02 11:54:22 : Oops, wait for 70% troops filled
2015-08-02 11:54:23 : Trying to locate Main Screen
2015-08-02 11:54:23 : Main Screen Located
2015-08-02 11:54:24 : Collecting Resources
2015-08-02 11:54:30 : Checking if Village needs Rearming..
2015-08-02 11:54:40 : Village Report
2015-08-02 11:54:40 : No. of Free/Total Builders: 0/4
2015-08-02 11:54:40 :  [T]: 1 661
2015-08-02 11:54:40 :  [G]: 5 140 601 [E]: 4 658 493 [D]: 58 868 [GEM]: 953
2015-08-02 11:54:43 : Checking Army Camp...
2015-08-02 11:54:44 : Total Army Camp capacity: 48/200
2015-08-02 11:54:45 :  - No. of Archers: 48
2015-08-02 11:54:46 : Training Troops...
2015-08-02 11:54:54 :  ====== Unbreakable Mode enabled! ====== 
2015-08-02 11:54:54 : Oops, wait for 70% troops filled
2015-08-02 11:54:55 : Trying to locate Main Screen
2015-08-02 11:54:55 : Main Screen Located
2015-08-02 11:54:56 : Collecting Resources
2015-08-02 11:55:04 : Checking if Village needs Rearming..
2015-08-02 11:55:13 : Village Report
2015-08-02 11:55:13 : No. of Free/Total Builders: 0/4
2015-08-02 11:55:14 :  [T]: 1 661
2015-08-02 11:55:14 :  [G]: 5 140 601 [E]: 4 659 400 [D]: 58 870 [GEM]: 953
2015-08-02 11:55:16 : Checking Army Camp...
2015-08-02 11:55:18 : Total Army Camp capacity: 51/200
2015-08-02 11:55:19 :  - No. of Archers: 52
2015-08-02 11:55:19 : Training Troops...
2015-08-02 11:55:28 :  ====== Unbreakable Mode enabled! ====== 
2015-08-02 11:55:28 : Oops, wait for 70% troops filled
2015-08-02 11:55:29 : Trying to locate Main Screen
2015-08-02 11:55:29 : Main Screen Located
2015-08-02 11:55:30 : Collecting Resources
2015-08-02 11:55:37 : Checking if Village needs Rearming..
2015-08-02 11:55:45 : Village Report
2015-08-02 11:55:45 : No. of Free/Total Builders: 0/4
2015-08-02 11:55:45 :  [T]: 1 661
2015-08-02 11:55:45 :  [G]: 5 140 601 [E]: 4 660 007 [D]: 58 870 [GEM]: 953
2015-08-02 11:55:48 : Checking Army Camp...
2015-08-02 11:55:49 : Total Army Camp capacity: 56/200
2015-08-02 11:55:51 :  - No. of Archers: 56
2015-08-02 11:55:51 : Training Troops...
2015-08-02 11:55:59 :  ====== Unbreakable Mode enabled! ====== 
2015-08-02 11:55:59 : Oops, wait for 70% troops filled
2015-08-02 11:56:00 : Trying to locate Main Screen
2015-08-02 11:56:00 : Main Screen Located
2015-08-02 11:56:02 : Collecting Resources
2015-08-02 11:56:08 : Checking if Village needs Rearming..
2015-08-02 11:56:16 : Village Report
2015-08-02 11:56:17 : No. of Free/Total Builders: 0/4
2015-08-02 11:56:17 :  [T]: 1 661
2015-08-02 11:56:17 :  [G]: 5 140 601 [E]: 4 660 007 [D]: 58 872 [GEM]: 953
2015-08-02 11:56:19 : Checking Army Camp...
2015-08-02 11:56:21 : Total Army Camp capacity: 60/200
2015-08-02 11:56:22 :  - No. of Archers: 60
2015-08-02 11:56:22 : Training Troops...
2015-08-02 11:56:31 :  ====== Unbreakable Mode enabled! ====== 
2015-08-02 11:56:31 : Oops, wait for 70% troops filled
2015-08-02 11:56:32 : Trying to locate Main Screen
2015-08-02 11:56:32 : Main Screen Located
2015-08-02 11:56:33 : Collecting Resources
2015-08-02 11:56:40 : Checking if Village needs Rearming..
2015-08-02 11:56:48 : Village Report
2015-08-02 11:56:48 : No. of Free/Total Builders: 0/4
2015-08-02 11:56:48 :  [T]: 1 661
2015-08-02 11:56:48 :  [G]: 5 140 601 [E]: 4 660 007 [D]: 58 872 [GEM]: 953
2015-08-02 11:56:51 : Checking Army Camp...
2015-08-02 11:56:53 : Total Army Camp capacity: 63/200
2015-08-02 11:56:54 :  - No. of Archers: 63
2015-08-02 11:56:54 : Training Troops...
2015-08-02 11:57:03 :  ====== Unbreakable Mode enabled! ====== 
2015-08-02 11:57:03 : Oops, wait for 70% troops filled
2015-08-02 11:57:04 : Trying to locate Main Screen
2015-08-02 11:57:04 : Main Screen Located
2015-08-02 11:57:05 : Collecting Resources
2015-08-02 11:57:12 : Checking if Village needs Rearming..
2015-08-02 11:57:20 : Village Report
2015-08-02 11:57:20 : No. of Free/Total Builders: 0/4
2015-08-02 11:57:20 :  [T]: 1 661
2015-08-02 11:57:20 :  [G]: 5 141 001 [E]: 4 660 007 [D]: 58 874 [GEM]: 953
2015-08-02 11:57:23 : Checking Army Camp...
2015-08-02 11:57:25 : Total Army Camp capacity: 67/200
2015-08-02 11:57:26 :  - No. of Archers: 67
2015-08-02 11:57:26 : Training Troops...
2015-08-02 11:57:34 :  ====== Unbreakable Mode enabled! ====== 
2015-08-02 11:57:34 : Oops, wait for 70% troops filled
2015-08-02 11:57:35 : Trying to locate Main Screen
2015-08-02 11:57:35 : Main Screen Located
2015-08-02 11:57:37 : Collecting Resources
2015-08-02 11:57:44 : Checking if Village needs Rearming..
2015-08-02 11:57:52 : Village Report
2015-08-02 11:57:52 : No. of Free/Total Builders: 0/4
2015-08-02 11:57:52 :  [T]: 1 661
2015-08-02 11:57:52 :  [G]: 5 143 280 [E]: 4 660 007 [D]: 58 874 [GEM]: 953
2015-08-02 11:57:55 : Checking Army Camp...
2015-08-02 11:57:56 : Total Army Camp capacity: 71/200
2015-08-02 11:57:57 :  - No. of Archers: 71
2015-08-02 11:57:58 : Training Troops...
2015-08-02 11:58:06 :  ====== Unbreakable Mode enabled! ====== 
2015-08-02 11:58:06 : Oops, wait for 70% troops filled
2015-08-02 11:58:07 : Trying to locate Main Screen
2015-08-02 11:58:07 : Main Screen Located
2015-08-02 11:58:08 : Collecting Resources
2015-08-02 11:58:15 : Checking if Village needs Rearming..
2015-08-02 11:58:23 : Village Report
2015-08-02 11:58:23 : No. of Free/Total Builders: 0/4
2015-08-02 11:58:23 :  [T]: 1 661
2015-08-02 11:58:23 :  [G]: 5 143 280 [E]: 4 660 007 [D]: 58 876 [GEM]: 953
2015-08-02 11:58:26 : Checking Army Camp...
2015-08-02 11:58:27 : Total Army Camp capacity: 75/200
2015-08-02 11:58:28 :  - No. of Archers: 75
2015-08-02 11:58:29 : Training Troops...
2015-08-02 11:58:37 :  ====== Unbreakable Mode enabled! ====== 
2015-08-02 11:58:37 : Oops, wait for 70% troops filled
2015-08-02 11:58:38 : Trying to locate Main Screen
2015-08-02 11:58:38 : Main Screen Located
2015-08-02 11:58:39 : Collecting Resources
2015-08-02 11:58:46 : Checking if Village needs Rearming..
2015-08-02 11:58:54 : Village Report
2015-08-02 11:58:54 : No. of Free/Total Builders: 0/4
2015-08-02 11:58:54 :  [T]: 1 661
2015-08-02 11:58:54 :  [G]: 5 143 280 [E]: 4 660 941 [D]: 58 876 [GEM]: 953
2015-08-02 11:58:57 : Checking Army Camp...
2015-08-02 11:58:59 : Total Army Camp capacity: 78/200
2015-08-02 11:59:00 :  - No. of Archers: 78
2015-08-02 11:59:00 : Training Troops...
2015-08-02 11:59:08 :  ====== Unbreakable Mode enabled! ====== 
2015-08-02 11:59:08 : Oops, wait for 70% troops filled
2015-08-02 11:59:10 : Trying to locate Main Screen
2015-08-02 11:59:10 : Main Screen Located
2015-08-02 11:59:11 : Collecting Resources
2015-08-02 11:59:17 : Checking if Village needs Rearming..
2015-08-02 11:59:25 : Village Report
2015-08-02 11:59:25 : No. of Free/Total Builders: 0/4
2015-08-02 11:59:25 :  [T]: 1 661
2015-08-02 11:59:26 :  [G]: 5 143 280 [E]: 4 660 941 [D]: 58 878 [GEM]: 953
2015-08-02 11:59:28 : Checking Army Camp...
2015-08-02 11:59:30 : Total Army Camp capacity: 83/200
2015-08-02 11:59:31 :  - No. of Barbarians: 2
2015-08-02 11:59:31 :  - No. of Archers: 81
2015-08-02 11:59:31 : Training Troops...
2015-08-02 11:59:40 :  ====== Unbreakable Mode enabled! ====== 
2015-08-02 11:59:40 : Oops, wait for 70% troops filled
2015-08-02 11:59:41 : Trying to locate Main Screen
2015-08-02 11:59:41 : Main Screen Located
2015-08-02 11:59:42 : Collecting Resources
2015-08-02 11:59:49 : Checking if Village needs Rearming..
2015-08-02 11:59:57 : Village Report
2015-08-02 11:59:57 : No. of Free/Total Builders: 0/4
2015-08-02 11:59:57 :  [T]: 1 661
2015-08-02 11:59:57 :  [G]: 5 143 280 [E]: 4 661 555 [D]: 58 878 [GEM]: 953
2015-08-02 12:00:00 : Checking Army Camp...
2015-08-02 12:00:02 : Total Army Camp capacity: 87/200
2015-08-02 12:00:03 :  - No. of Barbarians: 6
2015-08-02 12:00:03 :  - No. of Archers: 81
2015-08-02 12:00:03 : Training Troops...
2015-08-02 12:00:12 :  ====== Unbreakable Mode enabled! ====== 
2015-08-02 12:00:12 : Oops, wait for 70% troops filled
2015-08-02 12:00:13 : Trying to locate Main Screen
2015-08-02 12:00:13 : Main Screen Located
2015-08-02 12:00:14 : Collecting Resources
2015-08-02 12:00:21 : Checking if Village needs Rearming..
2015-08-02 12:00:29 : Village Report
2015-08-02 12:00:29 : No. of Free/Total Builders: 0/4
2015-08-02 12:00:29 :  [T]: 1 661
2015-08-02 12:00:29 :  [G]: 5 143 280 [E]: 4 661 555 [D]: 58 880 [GEM]: 953
2015-08-02 12:00:31 : Checking Army Camp...
2015-08-02 12:00:33 : Total Army Camp capacity: 92/200
2015-08-02 12:00:34 :  - No. of Barbarians: 11
2015-08-02 12:00:35 :  - No. of Archers: 81
2015-08-02 12:00:35 : Training Troops...
2015-08-02 12:00:44 :  ====== Unbreakable Mode enabled! ====== 
2015-08-02 12:00:44 : Oops, wait for 70% troops filled
2015-08-02 12:00:45 : Trying to locate Main Screen
2015-08-02 12:00:45 : Main Screen Located
2015-08-02 12:00:46 : Collecting Resources
2015-08-02 12:00:53 : Checking if Village needs Rearming..
2015-08-02 12:01:01 : Village Report
2015-08-02 12:01:01 : No. of Free/Total Builders: 0/4
2015-08-02 12:01:01 :  [T]: 1 661
2015-08-02 12:01:02 :  [G]: 5 143 280 [E]: 4 661 555 [D]: 58 880 [GEM]: 953
2015-08-02 12:01:04 : Checking Army Camp...
2015-08-02 12:01:06 : Total Army Camp capacity: 97/200
2015-08-02 12:01:07 :  - No. of Barbarians: 16
2015-08-02 12:01:07 :  - No. of Archers: 81
2015-08-02 12:01:07 : Training Troops...
2015-08-02 12:01:16 :  ====== Unbreakable Mode enabled! ====== 
2015-08-02 12:01:16 : Oops, wait for 70% troops filled
2015-08-02 12:01:17 : Trying to locate Main Screen
2015-08-02 12:01:17 : Main Screen Located
2015-08-02 12:01:19 : Collecting Resources
2015-08-02 12:01:25 : Checking if Village needs Rearming..
2015-08-02 12:01:34 : Village Report
2015-08-02 12:01:34 : No. of Free/Total Builders: 0/4
2015-08-02 12:01:34 :  [T]: 1 661
2015-08-02 12:01:34 :  [G]: 5 143 280 [E]: 4 661 555 [D]: 58 882 [GEM]: 953
2015-08-02 12:01:37 : Checking Army Camp...
2015-08-02 12:01:38 : Total Army Camp capacity: 102/200
2015-08-02 12:01:39 :  - No. of Barbarians: 21
2015-08-02 12:01:39 :  - No. of Archers: 81
2015-08-02 12:01:40 : Training Troops...
2015-08-02 12:01:49 :  ====== Unbreakable Mode enabled! ====== 
2015-08-02 12:01:49 : Oops, wait for 70% troops filled
2015-08-02 12:01:50 : Trying to locate Main Screen
2015-08-02 12:01:50 : Main Screen Located
2015-08-02 12:01:51 : Collecting Resources
2015-08-02 12:01:58 : Checking if Village needs Rearming..
2015-08-02 12:02:06 : Village Report
2015-08-02 12:02:06 : No. of Free/Total Builders: 0/4
2015-08-02 12:02:06 :  [T]: 1 661
2015-08-02 12:02:06 :  [G]: 5 143 280 [E]: 4 661 555 [D]: 58 882 [GEM]: 953
2015-08-02 12:02:08 : Checking Army Camp...
2015-08-02 12:02:10 : Total Army Camp capacity: 107/200
2015-08-02 12:02:11 :  - No. of Barbarians: 26
2015-08-02 12:02:11 :  - No. of Archers: 81
2015-08-02 12:02:12 : Training Troops...
2015-08-02 12:02:21 :  ====== Unbreakable Mode enabled! ====== 
2015-08-02 12:02:21 : Oops, wait for 70% troops filled
2015-08-02 12:02:22 : Trying to locate Main Screen
2015-08-02 12:02:22 : Main Screen Located
2015-08-02 12:02:23 : Collecting Resources
2015-08-02 12:02:31 : Checking if Village needs Rearming..
2015-08-02 12:02:39 : Village Report
2015-08-02 12:02:39 : No. of Free/Total Builders: 0/4
2015-08-02 12:02:39 :  [T]: 1 661
2015-08-02 12:02:39 :  [G]: 5 143 716 [E]: 4 662 493 [D]: 58 884 [GEM]: 953
2015-08-02 12:02:42 : Checking Army Camp...
2015-08-02 12:02:43 : Total Army Camp capacity: 111/200
2015-08-02 12:02:45 :  - No. of Barbarians: 30
2015-08-02 12:02:45 :  - No. of Archers: 81
2015-08-02 12:02:45 : Training Troops...
2015-08-02 12:02:54 :  ====== Unbreakable Mode enabled! ====== 
2015-08-02 12:02:54 : Oops, wait for 70% troops filled
2015-08-02 12:02:55 : Trying to locate Main Screen
2015-08-02 12:02:55 : Main Screen Located
2015-08-02 12:02:56 : Collecting Resources
2015-08-02 12:03:04 : Checking if Village needs Rearming..
2015-08-02 12:03:13 : Village Report
2015-08-02 12:03:13 : No. of Free/Total Builders: 0/4
2015-08-02 12:03:13 :  [T]: 1 661
2015-08-02 12:03:13 :  [G]: 5 146 016 [E]: 4 662 493 [D]: 58 884 [GEM]: 953
2015-08-02 12:03:15 : Checking Army Camp...
2015-08-02 12:03:17 : Total Army Camp capacity: 117/200
2015-08-02 12:03:18 :  - No. of Barbarians: 36
2015-08-02 12:03:18 :  - No. of Archers: 81
2015-08-02 12:03:18 : Training Troops...
2015-08-02 12:03:28 :  ====== Unbreakable Mode enabled! ====== 
2015-08-02 12:03:28 : Oops, wait for 70% troops filled
2015-08-02 12:03:29 : Trying to locate Main Screen
2015-08-02 12:03:29 : Main Screen Located
2015-08-02 12:03:30 : Collecting Resources
2015-08-02 12:03:37 : Checking if Village needs Rearming..
2015-08-02 12:03:45 : Village Report
2015-08-02 12:03:45 : No. of Free/Total Builders: 0/4
2015-08-02 12:03:45 :  [T]: 1 661
2015-08-02 12:03:45 :  [G]: 5 146 016 [E]: 4 662 493 [D]: 58 886 [GEM]: 953
2015-08-02 12:03:47 : Checking Army Camp...
2015-08-02 12:03:49 : Total Army Camp capacity: 121/200
2015-08-02 12:03:50 :  - No. of Barbarians: 41
2015-08-02 12:03:50 :  - No. of Archers: 81
2015-08-02 12:03:50 : Training Troops...
2015-08-02 12:04:00 :  ====== Unbreakable Mode enabled! ====== 
2015-08-02 12:04:00 : Oops, wait for 70% troops filled
2015-08-02 12:04:01 : Trying to locate Main Screen
2015-08-02 12:04:01 : Main Screen Located
2015-08-02 12:04:02 : Collecting Resources
2015-08-02 12:04:08 : Checking if Village needs Rearming..
2015-08-02 12:04:17 : Village Report
2015-08-02 12:04:17 : No. of Free/Total Builders: 0/4
2015-08-02 12:04:17 :  [T]: 1 661
2015-08-02 12:04:17 :  [G]: 5 146 016 [E]: 4 663 123 [D]: 58 886 [GEM]: 953
2015-08-02 12:04:19 : Checking Army Camp...
2015-08-02 12:04:21 : Total Army Camp capacity: 126/200
2015-08-02 12:04:22 :  - No. of Barbarians: 45
2015-08-02 12:04:22 :  - No. of Archers: 81
2015-08-02 12:04:23 : Training Troops...
2015-08-02 12:04:32 :  ====== Unbreakable Mode enabled! ====== 
2015-08-02 12:04:32 : Oops, wait for 70% troops filled
2015-08-02 12:04:33 : Trying to locate Main Screen
2015-08-02 12:04:33 : Main Screen Located
2015-08-02 12:04:34 : Collecting Resources
2015-08-02 12:04:41 : Checking if Village needs Rearming..
2015-08-02 12:04:49 : Village Report
2015-08-02 12:04:49 : No. of Free/Total Builders: 0/4
2015-08-02 12:04:49 :  [T]: 1 661
2015-08-02 12:04:49 :  [G]: 5 146 016 [E]: 4 663 123 [D]: 58 888 [GEM]: 953
2015-08-02 12:04:52 : Checking Army Camp...
2015-08-02 12:04:54 : Total Army Camp capacity: 131/200
2015-08-02 12:04:55 :  - No. of Barbarians: 50
2015-08-02 12:04:55 :  - No. of Archers: 81
2015-08-02 12:04:55 : Training Troops...
2015-08-02 12:05:04 :  ====== Unbreakable Mode enabled! ====== 
2015-08-02 12:05:04 : Oops, wait for 70% troops filled
2015-08-02 12:05:05 : Trying to locate Main Screen
2015-08-02 12:05:05 : Main Screen Located
2015-08-02 12:05:06 : Collecting Resources
2015-08-02 12:05:13 : Waiting for Main Screen
2015-08-02 12:05:18 : Trying to locate Main Screen
2015-08-02 12:05:18 : Main Screen Located
2015-08-02 12:05:19 : Collecting Resources
2015-08-02 12:05:25 : Checking if Village needs Rearming..
2015-08-02 12:05:34 : Village Report
2015-08-02 12:05:34 : No. of Free/Total Builders: 0/4
2015-08-02 12:05:34 :  [T]: 1 661
2015-08-02 12:05:34 :  [G]: 5 146 016 [E]: 4 663 123 [D]: 58 888 [GEM]: 953
2015-08-02 12:05:36 : Checking Army Camp...
2015-08-02 12:05:38 : Total Army Camp capacity: 138/200
2015-08-02 12:05:39 :  - No. of Barbarians: 57
2015-08-02 12:05:40 :  - No. of Archers: 81
2015-08-02 12:05:40 : Training Troops...
2015-08-02 12:05:49 :  ====== Unbreakable Mode enabled! ====== 
2015-08-02 12:05:49 : Oops, wait for 70% troops filled
2015-08-02 12:05:50 : Trying to locate Main Screen
2015-08-02 12:05:50 : Main Screen Located
2015-08-02 12:05:51 : Collecting Resources
2015-08-02 12:05:58 : Checking if Village needs Rearming..
2015-08-02 12:06:07 : Village Report
2015-08-02 12:06:07 : No. of Free/Total Builders: 0/4
2015-08-02 12:06:07 :  [T]: 1 661
2015-08-02 12:06:07 :  [G]: 5 146 016 [E]: 4 663 123 [D]: 58 890 [GEM]: 953
2015-08-02 12:06:09 : Checking Army Camp...
2015-08-02 12:06:11 : Total Army Camp capacity: 143/200
2015-08-02 12:06:12 :  - No. of Barbarians: 62
2015-08-02 12:06:12 :  - No. of Archers: 81
2015-08-02 12:06:13 : Training Troops...
2015-08-02 12:06:22 :  ====== Unbreakable Mode enabled! ====== 
2015-08-02 12:06:22 : Oops, Out of Dark Elxir - back to farming
2015-08-02 12:06:22 : Checking Troop Upgrade in Laboratory ...
2015-08-02 12:06:22 : Updating village values [E]: 4663123 [D]: 58890
2015-08-02 12:06:24 : Insufficent Elixir for Pekka, Lab requires: 6000000 + 250000 user reserve
2015-08-02 12:06:28 : ====== Waiting for full army ======
2015-08-02 12:06:39 : Collecting Resources
2015-08-02 12:06:45 : Checking Army Camp...
2015-08-02 12:06:47 : Total Army Camp capacity: 148/200
2015-08-02 12:06:48 :  - No. of Barbarians: 67
2015-08-02 12:06:48 :  - No. of Archers: 81
2015-08-02 12:06:49 : Training Troops...
2015-08-02 12:06:56 : Time Idle: 00:00:28
2015-08-02 12:06:56 : ====== Waiting for full army ======
2015-08-02 12:07:08 : Checking Army Camp...
2015-08-02 12:07:10 : Total Army Camp capacity: 151/200
2015-08-02 12:07:11 :  - No. of Barbarians: 71
2015-08-02 12:07:11 :  - No. of Archers: 81
2015-08-02 12:07:11 : Training Troops...
2015-08-02 12:07:19 : Time Idle: 00:00:50
2015-08-02 12:07:19 : ====== Waiting for full army ======
2015-08-02 12:07:31 : Checking Army Camp...
2015-08-02 12:07:33 : Total Army Camp capacity: 155/200
2015-08-02 12:07:34 :  - No. of Barbarians: 74
2015-08-02 12:07:34 :  - No. of Archers: 81
2015-08-02 12:07:34 : Training Troops...
2015-08-02 12:07:42 : Time Idle: 00:01:13
2015-08-02 12:07:42 : ====== Waiting for full army ======
2015-08-02 12:07:53 : Checking Army Camp...
2015-08-02 12:07:55 : Total Army Camp capacity: 158/200
2015-08-02 12:07:56 :  - No. of Barbarians: 78
2015-08-02 12:07:57 :  - No. of Archers: 81
2015-08-02 12:07:57 : Training Troops...
2015-08-02 12:08:04 : Time Idle: 00:01:35
2015-08-02 12:08:04 : ====== Waiting for full army ======
2015-08-02 12:08:16 : Checking Army Camp...
2015-08-02 12:08:18 : Total Army Camp capacity: 162/200
2015-08-02 12:08:19 :  - No. of Barbarians: 81
2015-08-02 12:08:20 :  - No. of Archers: 81
2015-08-02 12:08:20 : Training Troops...
2015-08-02 12:08:27 : Time Idle: 00:01:58
2015-08-02 12:08:27 : ====== Waiting for full army ======
2015-08-02 12:08:39 : Checking Army Camp...
2015-08-02 12:08:41 : Total Army Camp capacity: 165/200
2015-08-02 12:08:42 :  - No. of Barbarians: 84
2015-08-02 12:08:42 :  - No. of Archers: 81
2015-08-02 12:08:42 : Training Troops...
2015-08-02 12:08:49 : Time Idle: 00:02:20
2015-08-02 12:08:50 : ====== Waiting for full army ======
2015-08-02 12:09:01 : Checking Army Camp...
2015-08-02 12:09:03 : Total Army Camp capacity: 168/200
2015-08-02 12:09:04 :  - No. of Barbarians: 87
2015-08-02 12:09:05 :  - No. of Archers: 81
2015-08-02 12:09:05 : Training Troops...
2015-08-02 12:09:12 : Time Idle: 00:02:42
2015-08-02 12:09:12 : ====== Waiting for full army ======
2015-08-02 12:09:24 : Checking Army Camp...
2015-08-02 12:09:26 : Total Army Camp capacity: 172/200
2015-08-02 12:09:27 :  - No. of Barbarians: 91
2015-08-02 12:09:27 :  - No. of Archers: 81
2015-08-02 12:09:27 : Training Troops...
2015-08-02 12:09:35 : Time Idle: 00:03:05
2015-08-02 12:09:35 : ====== Waiting for full army ======
2015-08-02 12:09:47 : Checking Army Camp...
2015-08-02 12:09:48 : Total Army Camp capacity: 175/200
2015-08-02 12:09:50 :  - No. of Barbarians: 94
2015-08-02 12:09:50 :  - No. of Archers: 81
2015-08-02 12:09:50 : Training Troops...
2015-08-02 12:09:57 : Time Idle: 00:03:27
2015-08-02 12:09:57 : ====== Waiting for full army ======
2015-08-02 12:10:09 : Checking Army Camp...
2015-08-02 12:10:11 : Total Army Camp capacity: 179/200
2015-08-02 12:10:12 :  - No. of Barbarians: 98
2015-08-02 12:10:12 :  - No. of Archers: 81
2015-08-02 12:10:12 : Training Troops...
2015-08-02 12:10:19 : Time Idle: 00:03:49
2015-08-02 12:10:20 : ====== Waiting for full army ======
2015-08-02 12:10:31 : Checking Army Camp...
2015-08-02 12:10:33 : Total Army Camp capacity: 182/200
2015-08-02 12:10:34 :  - No. of Barbarians: 101
2015-08-02 12:10:34 :  - No. of Archers: 81
2015-08-02 12:10:34 : Training Troops...
2015-08-02 12:10:42 : Time Idle: 00:04:11
2015-08-02 12:10:42 : ====== Waiting for full army ======
2015-08-02 12:10:54 : Collecting Resources
2015-08-02 12:11:02 : Checking Army Camp...
2015-08-02 12:11:04 : Total Army Camp capacity: 186/200
2015-08-02 12:11:05 :  - No. of Barbarians: 105
2015-08-02 12:11:05 :  - No. of Archers: 81
2015-08-02 12:11:05 : Training Troops...
2015-08-02 12:11:12 : Time Idle: 00:04:41
2015-08-02 12:11:13 : ====== Waiting for full army ======
2015-08-02 12:11:24 : Checking Army Camp...
2015-08-02 12:11:26 : Total Army Camp capacity: 190/200
2015-08-02 12:11:27 :  - No. of Barbarians: 109
2015-08-02 12:11:27 :  - No. of Archers: 81
2015-08-02 12:11:28 : Training Troops...
2015-08-02 12:11:35 : Time Idle: 00:05:03
2015-08-02 12:11:35 : ====== Waiting for full army ======
2015-08-02 12:11:47 : Checking Army Camp...
2015-08-02 12:11:49 : Total Army Camp capacity: 193/200
2015-08-02 12:11:50 :  - No. of Barbarians: 112
2015-08-02 12:11:50 :  - No. of Archers: 81
2015-08-02 12:11:50 : Training Troops...
2015-08-02 12:11:57 : Time Idle: 00:05:25
2015-08-02 12:11:57 : ====== Waiting for full army ======
2015-08-02 12:12:09 : Checking Army Camp...
2015-08-02 12:12:11 : Total Army Camp capacity: 196/200
2015-08-02 12:12:12 :  - No. of Barbarians: 116
2015-08-02 12:12:12 :  - No. of Archers: 81
2015-08-02 12:12:12 : Training Troops...
2015-08-02 12:12:19 : Time Idle: 00:05:47
2015-08-02 12:12:20 : ====== Waiting for full army ======
2015-08-02 12:12:31 : Checking Army Camp...
2015-08-02 12:12:33 : Total Army Camp capacity: 200/200
2015-08-02 12:12:34 :  - No. of Barbarians: 119
2015-08-02 12:12:35 :  - No. of Archers: 81
2015-08-02 12:12:35 : Training Troops...
2015-08-02 12:12:35 : Your Army Camps are now Full
2015-08-02 12:12:53 : Going to Attack...
2015-08-02 12:12:59 : ============== Searching For Dead Base ===============
2015-08-02 12:12:59 : ~~~~~~~~~~~~~~~ SEARCH CONDITIONS ~~~~~~~~~~~~~~~~
2015-08-02 12:12:59 : Meet: Gold and Elixir
2015-08-02 12:12:59 : ~~~~~~~~~~~~~~ RESOURCE CONDITIONS ~~~~~~~~~~~~~~~
2015-08-02 12:12:59 : Aim: [G]: 200000 [E]: 200000 [D]:    0 [T]: 0 for: Dead Base
2015-08-02 12:12:59 : ~~~~~~~~~~~~~~~ ADVANCED SETTINGS ~~~~~~~~~~~~~~~~
2015-08-02 12:12:59 : THSnipe Combo, 1 Tile(s), AttackTH, Attack1:Normal
2015-08-02 12:12:59 : ==================================================
2015-08-02 12:13:00 :   1> [G]:  65615 [E]:  24163 [D]:  340 [T]:22 [TH]: 8, In
2015-08-02 12:13:03 :   2> [G]:  82800 [E]:  88429 [D]:  745 [T]:19 [TH]: 7, In
2015-08-02 12:13:09 :   3> [G]: 144157 [E]:  92706 [D]:  400 [T]:15 [TH]: 8, In
2015-08-02 12:13:12 :   4> [G]:  51810 [E]:  53832 [D]:  603 [T]:30 [TH]: 7, In
2015-08-02 12:13:19 :   5> [G]:  50000 [E]:  30000 [D]:  122 [T]:34 [TH]: 8, In
2015-08-02 12:13:22 :   6> [G]:  27190 [E]: 164421 [D]:  176 [T]:30 [TH]: 7, In
2015-08-02 12:13:28 :   7> [G]:  76924 [E]: 118842 [D]:  719 [T]:23 [TH]: 7, In
2015-08-02 12:13:31 :   8> [G]:  91232 [E]: 111175 [D]:  640 [T]:14 [TH]: 8, In
2015-08-02 12:13:34 :   9> [G]:  23268 [E]: 299118 [D]: 1172 [T]:13 [TH]: 8, In
2015-08-02 12:13:38 :  10> [G]: 142274 [E]: 147606 [D]: 2188 [T]:20 [TH]: 9, Out
2015-08-02 12:13:38 : ~~~~~~~~~~~~~~~ TH Outside Found! ~~~~~~~~~~~~~~~~
2015-08-02 12:13:40 : ================ Search Complete =================
2015-08-02 12:13:40 : Initiating attack for: TH Snipe
2015-08-02 12:13:43 : -Barbarians 119
2015-08-02 12:13:43 : -Archers 81
2015-08-02 12:13:43 : -Clan Castle 
2015-08-02 12:13:43 : -Lightning Spells 2
2015-08-02 12:13:43 : -Poison Spells 1
2015-08-02 12:13:43 :  ====== Start Attack ====== 
2015-08-02 12:13:45 : Normal Attacking TH Outside with BAM PULSE!
2015-08-02 12:13:45 : Dropping first wave of 6 Barbarians
2015-08-02 12:13:45 : Zooming in...
2015-08-02 12:13:48 : Done zooming.
2015-08-02 12:13:49 : Scrolling to bottom...
2015-08-02 12:13:53 : Deployment of Barbarians Successful!
2015-08-02 12:13:55 : Dropping first wave of 6 Archers
2015-08-02 12:13:57 : Deployment of Archers Successful!
2015-08-02 12:13:58 : No  troop Found!!!
2015-08-02 12:14:17 : Townhall has been destroyed!
2015-08-02 12:14:19 : Zooming Out
2015-08-02 12:14:27 : Checking if the battle has finished
2015-08-02 12:14:29 : detected [G]:  [E]:  [DE]:  |  Exit now 
2015-08-02 12:14:29 : Gold & Elixir & DE = 0, end battle 
2015-08-02 12:14:31 : Battle has finished
2015-08-02 12:14:31 : Returning Home
2015-08-02 12:14:35 : Loot: [G]: 1 000 [E]: 2 106 [DE]:  [T]: 6
2015-08-02 12:14:36 : Bonus [G]: 11 000 [E]: 11 000
2015-08-02 12:14:37 : Your league level is: Gold II
2015-08-02 12:14:37 : Stars earned: 1
2015-08-02 12:14:45 : Trying to locate Main Screen
2015-08-02 12:14:45 : Main Screen Located
2015-08-02 12:14:46 : Collecting Resources
2015-08-02 12:14:54 : Checking if Village needs Rearming..
2015-08-02 12:15:02 : Village Report
2015-08-02 12:15:02 : No. of Free/Total Builders: 0/4
2015-08-02 12:15:02 :  [T]: 1 667
2015-08-02 12:15:02 :  [G]: 5 156 361 [E]: 4 639 993 [D]: 58 914 [GEM]: 953
2015-08-02 12:15:05 : Checking Army Camp...
2015-08-02 12:15:06 : Total Army Camp capacity: 200/200
2015-08-02 12:15:08 :  - No. of Barbarians: 113
2015-08-02 12:15:08 :  - No. of Archers: 87
2015-08-02 12:15:08 : Barracks and Spell factory status: 
2015-08-02 12:15:08 : - Barracks detected: 4 | Available: 3 | Upgrading: 1
2015-08-02 12:15:08 : - Dark Barracks detected: 2 | Available: 2 | Upgrading: 0
2015-08-02 12:15:08 : - Spell factory detected: 1 | Available: 1 | Upgrading: 0
2015-08-02 12:15:08 : - Dark Spell factory detected: 1 | Available: 0 | Upgrading: 1
2015-08-02 12:15:08 : Training Troops...
2015-08-02 12:15:09 : Your Army Camps are now Full
2015-08-02 12:15:33 :  ====== Unbreakable Mode restarted! ====== 
2015-08-02 12:15:33 : Oops, Out of Dark Elxir - back to farming
2015-08-02 12:15:33 : Checking Troop Upgrade in Laboratory ...
2015-08-02 12:15:33 : Updating village values [E]: 4636393 [D]: 58914
2015-08-02 12:15:34 : Insufficent Elixir for Pekka, Lab requires: 6000000 + 250000 user reserve
2015-08-02 12:15:38 : Going to Attack...
2015-08-02 12:15:44 : ============== Searching For Dead Base ===============
2015-08-02 12:15:44 : ~~~~~~~~~~~~~~~ SEARCH CONDITIONS ~~~~~~~~~~~~~~~~
2015-08-02 12:15:44 : Meet: Gold and Elixir
2015-08-02 12:15:44 : ~~~~~~~~~~~~~~ RESOURCE CONDITIONS ~~~~~~~~~~~~~~~
2015-08-02 12:15:44 : Aim: [G]: 200000 [E]: 200000 [D]:    0 [T]: 0 for: Dead Base
2015-08-02 12:15:44 : ~~~~~~~~~~~~~~~ ADVANCED SETTINGS ~~~~~~~~~~~~~~~~
2015-08-02 12:15:44 : THSnipe Combo, 1 Tile(s), AttackTH, Attack1:Normal
2015-08-02 12:15:44 : ==================================================
2015-08-02 12:15:46 :   1> [G]:  88971 [E]: 106137 [D]:  247 [T]:25 [TH]: -, -
2015-08-02 12:15:50 :   2> [G]: 184170 [E]: 402789 [D]: 1482 [T]:33 [TH]:10, Out
2015-08-02 12:15:50 : ~~~~~~~~~~~~~~~ TH Outside Found! ~~~~~~~~~~~~~~~~
2015-08-02 12:15:51 : ================ Search Complete =================
2015-08-02 12:15:52 : Initiating attack for: TH Snipe
2015-08-02 12:15:55 : -Barbarians 113
2015-08-02 12:15:55 : -Archers 87
2015-08-02 12:15:55 : -Clan Castle 
2015-08-02 12:15:55 : -Lightning Spells 2
2015-08-02 12:15:55 : -Poison Spells 1
2015-08-02 12:15:55 :  ====== Start Attack ====== 
2015-08-02 12:15:57 : Normal Attacking TH Outside with BAM PULSE!
2015-08-02 12:15:57 : Dropping first wave of 6 Barbarians
2015-08-02 12:15:59 : Deployment of Barbarians Successful!
2015-08-02 12:16:01 : Dropping first wave of 6 Archers
2015-08-02 12:16:03 : Deployment of Archers Successful!
2015-08-02 12:16:04 : No  troop Found!!!
2015-08-02 12:16:35 : Dropping second wave of 6 Barbarians
2015-08-02 12:16:37 : Deployment of Barbarians Successful!
2015-08-02 12:16:39 : Dropping second wave of 6 Archers
2015-08-02 12:16:41 : Deployment of Archers Successful!
2015-08-02 12:16:42 : No  troop Found!!!
2015-08-02 12:16:44 : Townhall has been destroyed!
2015-08-02 12:16:47 : Checking if the battle has finished
2015-08-02 12:16:49 : detected [G]:  [E]:  [DE]:  |  Exit now 
2015-08-02 12:16:49 : Gold & Elixir & DE = 0, end battle 
2015-08-02 12:16:51 : Battle has finished
2015-08-02 12:16:51 : Returning Home
2015-08-02 12:16:56 : Loot: [G]: 1 000 [E]: 1 151 [DE]:  [T]: 11
2015-08-02 12:16:56 : Bonus [G]: 11 000 [E]: 11 000
2015-08-02 12:16:58 : Your league level is: Gold II
2015-08-02 12:16:58 : Stars earned: 1
2015-08-02 12:17:05 : Trying to locate Main Screen
2015-08-02 12:17:05 : Main Screen Located
2015-08-02 12:17:06 : Collecting Resources
