2015-08-17 15:05:30 :  Clash Game Bot v4.1.1-6 merge Powered by GameBot.org 
2015-08-17 15:05:30 : GameBot.org.exe Executable running on WIN_7 Service Pack 1 X64
2015-08-17 15:05:30 : =================== Bot Start ====================
2015-08-17 15:05:30 : -------------------------  Current Profile: 01 --------------------------
2015-08-17 15:05:30 : Trying to locate Main Screen
2015-08-17 15:05:31 : Main Screen Located
2015-08-17 15:05:32 : Detecting your Buildings..
2015-08-17 15:05:40 : Language setting is English: Correct.
2015-08-17 15:05:41 : Trying to locate Main Screen
2015-08-17 15:05:41 : Main Screen Located
2015-08-17 15:05:42 : Village Report
2015-08-17 15:05:42 : No. of Free/Total Builders: 0/4
2015-08-17 15:05:42 :  [T]: 2 714
2015-08-17 15:05:42 :  [G]: 2 605 566 [E]: 3 225 814 [D]: 28 607 [GEM]: 57
2015-08-17 15:05:43 : Collecting Resources
2015-08-17 15:05:53 : Chat Request: drag
2015-08-17 15:05:53 : Dragons Keyword found: drag
2015-08-17 15:05:57 : No Dragons available to donate..
2015-08-17 15:05:59 : Checking Army Camp...
2015-08-17 15:06:01 : Total Army Camp capacity: 178/220
2015-08-17 15:06:03 :  - No. of Barbarians: 8
2015-08-17 15:06:03 :  - No. of Archers: 106
2015-08-17 15:06:04 :  - No. of Goblins: 8
2015-08-17 15:06:04 :  - No. of Giants: 8
2015-08-17 15:06:04 :  - No. of Wizards: 4
2015-08-17 15:06:04 : Barracks and Spell factory status: 
2015-08-17 15:06:04 : - Barracks detected: 4 | Available: 4 | Upgrading: 0
2015-08-17 15:06:04 : - Dark Barracks detected: 2 | Available: 2 | Upgrading: 0
2015-08-17 15:06:04 : - Spell factory detected: 1 | Available: 1 | Upgrading: 0
2015-08-17 15:06:04 : - Dark Spell factory detected: 1 | Available: 1 | Upgrading: 0
2015-08-17 15:06:05 : Training Troops...
2015-08-17 15:06:26 : Spell Factory Full
2015-08-17 15:06:28 : 0
2015-08-17 15:06:29 : Requesting Clan Castle Troops
2015-08-17 15:06:30 : Your Clan Castle is already full or you are not in a clan.
2015-08-17 15:06:32 : ====== Waiting for full army ======
2015-08-17 15:06:43 : Checking Army Camp...
2015-08-17 15:06:45 : Total Army Camp capacity: 181/220
2015-08-17 15:06:47 :  - No. of Barbarians: 8
2015-08-17 15:06:47 :  - No. of Archers: 109
2015-08-17 15:06:47 :  - No. of Goblins: 8
2015-08-17 15:06:47 :  - No. of Giants: 8
2015-08-17 15:06:47 :  - No. of Wizards: 4
2015-08-17 15:06:48 : Training Troops...
2015-08-17 15:07:05 : Spell Factory Full
2015-08-17 15:07:07 : Time Idle: 00:00:35
2015-08-17 15:07:07 : ====== Waiting for full army ======
2015-08-17 15:07:19 : Checking Army Camp...
2015-08-17 15:07:21 : Total Army Camp capacity: 186/220
2015-08-17 15:07:22 :  - No. of Barbarians: 8
2015-08-17 15:07:22 :  - No. of Archers: 114
2015-08-17 15:07:22 :  - No. of Goblins: 8
2015-08-17 15:07:23 :  - No. of Giants: 8
2015-08-17 15:07:23 :  - No. of Wizards: 4
2015-08-17 15:07:23 : Training Troops...
2015-08-17 15:07:42 : Checking Army Camp...
2015-08-17 15:07:44 : Total Army Camp capacity: 190/220
2015-08-17 15:07:45 :  - No. of Barbarians: 8
2015-08-17 15:07:45 :  - No. of Archers: 118
2015-08-17 15:07:45 :  - No. of Goblins: 8
2015-08-17 15:07:45 :  - No. of Giants: 8
2015-08-17 15:07:45 :  - No. of Wizards: 4
2015-08-17 15:07:46 : Training Troops...
2015-08-17 15:08:08 : Spell Factory Full
2015-08-17 15:08:10 : Time Idle: 00:01:37
2015-08-17 15:08:10 : ====== Waiting for full army ======
2015-08-17 15:08:11 : Chat Request: kahit ano lang po
2015-08-17 15:08:11 : Custom Donation Keyword found: kahit
2015-08-17 15:08:15 : No Hog Riders available to donate..
2015-08-17 15:08:18 : No Balloons available to donate..
2015-08-17 15:08:19 : Donating 6 Archers
2015-08-17 15:08:21 : Chat Request: kahit ano lang po
2015-08-17 15:08:21 : Custom Donation Keyword found: kahit
2015-08-17 15:08:24 : No Hog Riders available to donate..
2015-08-17 15:08:28 : No Balloons available to donate..
2015-08-17 15:08:28 : Donating 6 Archers
2015-08-17 15:08:30 : Chat Request: drag
2015-08-17 15:08:30 : Dragons Keyword found: drag
2015-08-17 15:08:33 : No Dragons available to donate..
2015-08-17 15:08:56 : Checking Army Camp...
2015-08-17 15:08:58 : Total Army Camp capacity: 187/220
2015-08-17 15:08:59 :  - No. of Barbarians: 8
2015-08-17 15:08:59 :  - No. of Archers: 115
2015-08-17 15:09:00 :  - No. of Goblins: 8
2015-08-17 15:09:00 :  - No. of Giants: 8
2015-08-17 15:09:00 :  - No. of Wizards: 4
2015-08-17 15:09:00 : Training Troops...
2015-08-17 15:09:18 : Spell Factory Full
2015-08-17 15:09:20 : Time Idle: 00:02:47
2015-08-17 15:09:20 : ====== Waiting for full army ======
2015-08-17 15:09:32 : Checking Army Camp...
2015-08-17 15:09:34 : Total Army Camp capacity: 192/220
2015-08-17 15:09:35 :  - No. of Barbarians: 8
2015-08-17 15:09:35 :  - No. of Archers: 120
2015-08-17 15:09:35 :  - No. of Goblins: 8
2015-08-17 15:09:36 :  - No. of Giants: 8
2015-08-17 15:09:36 :  - No. of Wizards: 4
2015-08-17 15:09:36 : Training Troops...
2015-08-17 15:09:54 : Spell Factory Full
2015-08-17 15:09:56 : Time Idle: 00:03:23
2015-08-17 15:09:56 : ====== Waiting for full army ======
2015-08-17 15:10:08 : Checking Army Camp...
2015-08-17 15:10:10 : Total Army Camp capacity: 198/220
2015-08-17 15:10:12 :  - No. of Barbarians: 8
2015-08-17 15:10:12 :  - No. of Archers: 127
2015-08-17 15:10:12 :  - No. of Goblins: 8
2015-08-17 15:10:12 :  - No. of Giants: 8
2015-08-17 15:10:12 :  - No. of Wizards: 4
2015-08-17 15:10:13 : Training Troops...
2015-08-17 15:10:30 : Spell Factory Full
2015-08-17 15:10:32 : Time Idle: 00:03:59
2015-08-17 15:10:33 : ====== Waiting for full army ======
2015-08-17 15:10:44 : Checking Army Camp...
2015-08-17 15:10:46 : Total Army Camp capacity: 204/220
2015-08-17 15:10:47 :  - No. of Barbarians: 8
2015-08-17 15:10:47 :  - No. of Archers: 132
2015-08-17 15:10:47 :  - No. of Goblins: 8
2015-08-17 15:10:48 :  - No. of Giants: 8
2015-08-17 15:10:48 :  - No. of Wizards: 4
2015-08-17 15:10:48 : Training Troops...
2015-08-17 15:11:06 : Spell Factory Full
2015-08-17 15:11:08 : Time Idle: 00:04:35
2015-08-17 15:11:09 : ====== Waiting for full army ======
2015-08-17 15:11:20 : Checking Army Camp...
2015-08-17 15:11:22 : Total Army Camp capacity: 210/220
2015-08-17 15:11:23 :  - No. of Barbarians: 8
2015-08-17 15:11:24 :  - No. of Archers: 138
2015-08-17 15:11:24 :  - No. of Goblins: 8
2015-08-17 15:11:24 :  - No. of Giants: 8
2015-08-17 15:11:24 :  - No. of Wizards: 4
2015-08-17 15:11:25 : Training Troops...
2015-08-17 15:11:42 : Spell Factory Full
2015-08-17 15:11:44 : Time Idle: 00:05:10
2015-08-17 15:11:44 : ====== Waiting for full army ======
2015-08-17 15:11:56 : Checking Army Camp...
2015-08-17 15:11:58 : Total Army Camp capacity: 215/220
2015-08-17 15:11:59 :  - No. of Barbarians: 8
2015-08-17 15:11:59 :  - No. of Archers: 143
2015-08-17 15:11:59 :  - No. of Goblins: 8
2015-08-17 15:11:59 :  - No. of Giants: 8
2015-08-17 15:12:00 :  - No. of Wizards: 4
2015-08-17 15:12:00 : Training Troops...
2015-08-17 15:12:18 : Spell Factory Full
2015-08-17 15:12:20 : Time Idle: 00:05:46
2015-08-17 15:12:20 : ====== Waiting for full army ======
2015-08-17 15:12:32 : Checking Army Camp...
2015-08-17 15:12:34 : Total Army Camp capacity: 220/220
2015-08-17 15:12:35 :  - No. of Barbarians: 8
2015-08-17 15:12:35 :  - No. of Archers: 148
2015-08-17 15:12:35 :  - No. of Goblins: 8
2015-08-17 15:12:35 :  - No. of Giants: 8
2015-08-17 15:12:36 :  - No. of Wizards: 4
2015-08-17 15:12:36 : Training Troops...
2015-08-17 15:12:37 : Your Army Camps are now Full
2015-08-17 15:12:37 : Too few Arch, train first.
2015-08-17 15:12:37 : Too few Barb, train first.
2015-08-17 15:12:37 : Too few Gobl, train first.
2015-08-17 15:13:06 : Spell Factory not found...
2015-08-17 15:13:08 : Going to Attack...
2015-08-17 15:13:13 : ============== Searching For Dead Base ===============
2015-08-17 15:13:13 : ~~~~~~~~~~~~~~~ SEARCH CONDITIONS ~~~~~~~~~~~~~~~~
2015-08-17 15:13:14 : Meet: Gold or Elixir, Max TH 8
2015-08-17 15:13:14 : ~~~~~~~~~~~~~~ RESOURCE CONDITIONS ~~~~~~~~~~~~~~~
2015-08-17 15:13:14 : Aim: [G]:      0 [E]:      0 [D]:    0 [T]: 0 [TH]: 8 for: Dead Base
2015-08-17 15:13:14 : ~~~~~~~~~~~~~~~ ADVANCED SETTINGS ~~~~~~~~~~~~~~~~
2015-08-17 15:13:14 : THSnipe Combo, 6 Tile(s), AttackTH, Attack6:PB6
2015-08-17 15:13:14 : ==================================================
2015-08-17 15:13:16 :   1> [G]:  58241 [E]:  23786 [D]: 1369 [T]:19 [TH]: 9, In
2015-08-17 15:13:22 :   2> [G]:  10748 [E]:  83612 [D]: 1865 [T]:29 [TH]: 9, In
2015-08-17 15:13:27 :   3> [G]:  28129 [E]: 147268 [D]:  901 [T]:13 [TH]: 9, In
2015-08-17 15:13:35 :   4> [G]:  62395 [E]:  34139 [D]:  820 [T]:20 [TH]:10, In
2015-08-17 15:13:40 :   5> [G]:  12696 [E]:  65126 [D]: 1396 [T]:16 [TH]: 9, In
2015-08-17 15:13:46 :   6> [G]:  49434 [E]:  24329 [D]: 1060 [T]:19 [TH]:10, In
2015-08-17 15:13:52 :   7> [G]:  42308 [E]:  46043 [D]:  410 [T]:14 [TH]: 9, In
2015-08-17 15:13:57 :   8> [G]:  66378 [E]:  49654 [D]:  387 [T]:15 [TH]: 9, In
2015-08-17 15:14:02 :   9> [G]:  33783 [E]:  98577 [D]:  227 [T]:13 [TH]: 9, In
2015-08-17 15:14:07 :  10> [G]:  62253 [E]: 188903 [D]: 1067 [T]:14 [TH]: 9, In
2015-08-17 15:14:15 :  11> [G]:  94211 [E]: 180122 [D]: 1621 [T]:13 [TH]: 9, In
2015-08-17 15:14:20 :  12> [G]: 181895 [E]:  59223 [D]: 1041 [T]:15 [TH]: 9, In
2015-08-17 15:14:28 :  13> [G]: 116224 [E]: 128519 [D]: 1080 [T]:21 [TH]:10, In
2015-08-17 15:14:33 :  14> [G]:  57653 [E]:   7327 [D]: 1008 [T]:25 [TH]: 9, In
2015-08-17 15:14:40 :  15> [G]:  94415 [E]: 141014 [D]:  899 [T]:14 [TH]: 9, In
2015-08-17 15:14:45 :  16> [G]:  66613 [E]:  80027 [D]:  983 [T]:25 [TH]:10, In
2015-08-17 15:14:53 :  17> [G]:  86845 [E]: 161914 [D]:  834 [T]:22 [TH]:10, In
2015-08-17 15:15:00 :  18> [G]: 132141 [E]:  91081 [D]:  408 [T]:34 [TH]:10, In
2015-08-17 15:15:05 :  19> [G]:  80395 [E]:  28351 [D]: 1521 [T]:28 [TH]: 9, In
2015-08-17 15:15:10 :  20> [G]:  13335 [E]:  23057 [D]:  450 [T]:13 [TH]: 9, In
2015-08-17 15:15:15 :  21> [G]: 124802 [E]: 124721 [D]:  427 [T]:21 [TH]: 9, In
2015-08-17 15:15:22 :  22> [G]:  44921 [E]: 163542 [D]: 1397 [T]:24 [TH]:10, In
2015-08-17 15:15:30 :  23> [G]:  77530 [E]: 100805 [D]:  120 [T]:24 [TH]:10, In
2015-08-17 15:15:37 :  24> [G]: 122338 [E]:  76136 [D]: 2870 [T]:15 [TH]:10, In
2015-08-17 15:15:44 :  25> [G]: 262312 [E]: 195112 [D]: 1302 [T]:18 [TH]:10, In
2015-08-17 15:15:49 :  26> [G]:  80088 [E]:  91694 [D]:  296 [T]:28 [TH]: 9, In
2015-08-17 15:15:57 :  27> [G]:  62370 [E]:  49342 [D]: 2558 [T]:33 [TH]:10, In
2015-08-17 15:16:06 :  28> [G]:  67285 [E]:  67179 [D]: 1263 [T]:21 [TH]:10, In
2015-08-17 15:16:13 :  29> [G]:  53513 [E]: 155029 [D]:  349 [T]:21 [TH]: 9, In
2015-08-17 15:16:18 :  30> [G]: 126539 [E]:  85687 [D]: 1464 [T]:25 [TH]: 9, In
2015-08-17 15:16:24 :  31> [G]: 147497 [E]:  73322 [D]:  239 [T]:15 [TH]:10, In
2015-08-17 15:16:29 :  32> [G]:  40479 [E]:  41505 [D]:  896 [T]:14 [TH]: 9, In
2015-08-17 15:16:36 :  33> [G]:  13259 [E]:  27229 [D]:  852 [T]: 7 [TH]: 9, In
2015-08-17 15:16:41 :  34> [G]:  37731 [E]:  30119 [D]:  642 [T]:24 [TH]: 9, In
2015-08-17 15:16:47 :  35> [G]:  81982 [E]: 156575 [D]:  618 [T]:23 [TH]:10, In
2015-08-17 15:16:52 :  36> [G]:  71057 [E]:  59957 [D]: 1021 [T]:13 [TH]: 9, In
2015-08-17 15:16:57 :  37> [G]:  74439 [E]:  46835 [D]:  322 [T]:15 [TH]: 9, In
2015-08-17 15:17:04 :  38> [G]:  33286 [E]: 322069 [D]: 1327 [T]:34 [TH]:10, In
2015-08-17 15:17:09 : ClashGameBot was Paused!
2015-08-17 15:17:16 : ClashGameBot was Resumed.
2015-08-17 15:17:18 :  39> [G]:  25244 [E]:  36237 [D]:  306 [T]:13 [TH]:10, In
2015-08-17 15:17:23 :  40> [G]:  40923 [E]:  23767 [D]:  867 [T]: 8 [TH]: 9, In
2015-08-17 15:17:28 :  41> [G]:  40937 [E]: 104792 [D]:  570 [T]:14 [TH]: 9, In
2015-08-17 15:17:34 : ClashGameBot was Paused!
2015-08-17 15:17:39 : ClashGameBot was Resumed.
2015-08-17 15:17:40 :  42> [G]: 328501 [E]: 157485 [D]: 2480 [T]: 8 [TH]: 9, In
2015-08-17 15:17:48 : Checking Trapped TH
2015-08-17 15:17:48 : Inferno Tower Found
2015-08-17 15:17:48 :  43> [G]: 109085 [E]:   3608 [D]: 2410 [T]:16 [TH]:10, Out
2015-08-17 15:17:48 : Inferno Tower found near TH, skipping...
2015-08-17 15:17:48 : Trap found, skipping base...
2015-08-17 15:17:53 :  44> [G]:  63784 [E]:  62558 [D]:  988 [T]:23 [TH]: 9, In
2015-08-17 15:17:59 :  45> [G]: 161495 [E]:  60274 [D]:  186 [T]:13 [TH]:10, In
2015-08-17 15:18:04 :  46> [G]:  76613 [E]:  35772 [D]:  274 [T]:33 [TH]:10, In
2015-08-17 15:18:12 :  47> [G]: 131079 [E]:  12334 [D]: 1477 [T]:26 [TH]: -, -
2015-08-17 15:18:17 :  48> [G]:  97198 [E]:  45513 [D]:  318 [T]: 3 [TH]: 8, In
2015-08-17 15:18:17 : ~~~~~~~~~~~~~~~~ Not a Dead Base ~~~~~~~~~~~~~~~~~
2015-08-17 15:18:22 :  49> [G]:  63847 [E]: 144501 [D]: 1018 [T]:27 [TH]: 9, In
2015-08-17 15:18:27 :  50> [G]:  41685 [E]:  36162 [D]:  600 [T]:11 [TH]: 9, In
2015-08-17 15:18:32 :  51> [G]:  46306 [E]: 178543 [D]:  278 [T]:19 [TH]: 9, In
2015-08-17 15:18:37 :  52> [G]:  96200 [E]:  14738 [D]:  212 [T]: 8 [TH]: 8, In
2015-08-17 15:18:38 : ~~~~~~~~~~~~~~~~ Not a Dead Base ~~~~~~~~~~~~~~~~~
2015-08-17 15:18:45 :  53> [G]:  86410 [E]:  83610 [D]: 2914 [T]:30 [TH]:10, In
2015-08-17 15:18:51 :  54> [G]:  32501 [E]:  47774 [D]: 1162 [T]:25 [TH]: 9, In
2015-08-17 15:18:56 :  55> [G]:  39561 [E]: 100103 [D]:  422 [T]:37 [TH]: 9, In
2015-08-17 15:19:01 :  56> [G]:  81688 [E]:  29486 [D]:  975 [T]: 2 [TH]: 8, In
2015-08-17 15:19:01 : ~~~~~~~~~~~~~~~~ Not a Dead Base ~~~~~~~~~~~~~~~~~
2015-08-17 15:19:02 : ClashGameBot was Paused!
2015-08-17 15:19:06 : ClashGameBot was Resumed.
2015-08-17 15:19:09 :  57> [G]: 115305 [E]: 142621 [D]: 3000 [T]:22 [TH]:10, In
2015-08-17 15:19:15 : Checking Trapped TH
2015-08-17 15:19:16 : Mortar Found
2015-08-17 15:19:16 :  58> [G]:  17958 [E]:  40941 [D]:  140 [T]:23 [TH]: 9, Out
2015-08-17 15:19:16 : Mortar found near TH, skipping...
2015-08-17 15:19:16 : Trap found, skipping base...
2015-08-17 15:19:21 :  59> [G]: 157913 [E]: 244873 [D]: 1854 [T]:12 [TH]: 9, In
2015-08-17 15:19:24 : ClashGameBot was Paused!
2015-08-17 15:19:39 : ClashGameBot was Resumed.
2015-08-17 15:19:41 :  60> [G]:  37296 [E]:  85417 [D]:  924 [T]: 3 [TH]: 8, In
2015-08-17 15:19:42 : ~~~~~~~~~~~~~~~~ Not a Dead Base ~~~~~~~~~~~~~~~~~
2015-08-17 15:19:46 :  61> [G]: 134803 [E]: 119455 [D]:  747 [T]: 2 [TH]: 8, In
2015-08-17 15:19:47 : ~~~~~~~~~~~~~~~~ Not a Dead Base ~~~~~~~~~~~~~~~~~
2015-08-17 15:19:54 :  62> [G]: 102448 [E]: 182065 [D]:  625 [T]:14 [TH]:10, In
2015-08-17 15:20:01 :  63> [G]:  77363 [E]:  71180 [D]:  627 [T]:13 [TH]: 9, In
2015-08-17 15:20:06 :  64> [G]:  35396 [E]:  34534 [D]:  877 [T]: 9 [TH]: 9, In
2015-08-17 15:20:14 :  65> [G]:  28376 [E]:  94993 [D]: 1418 [T]:18 [TH]: 9, In
2015-08-17 15:20:19 :  66> [G]:  47567 [E]:  60738 [D]: 1004 [T]:25 [TH]: 9, In
2015-08-17 15:20:24 :  67> [G]:   3549 [E]:  50177 [D]:  779 [T]:21 [TH]: 9, In
2015-08-17 15:20:29 :  68> [G]: 149931 [E]: 150429 [D]:  877 [T]:30 [TH]: 9, In
2015-08-17 15:20:34 :  69> [G]: 147023 [E]: 141966 [D]: 1317 [T]:16 [TH]: 9, In
2015-08-17 15:20:39 :  70> [G]:  21753 [E]:  61967 [D]:  976 [T]:16 [TH]: 9, In
2015-08-17 15:20:44 :  71> [G]:  73675 [E]:  58247 [D]:  162 [T]:14 [TH]: 9, In
2015-08-17 15:20:48 : ClashGameBot was Paused!
