2015-08-17 20:44:26 :  Clash Game Bot v4.1.1-6 merge Powered by GameBot.org 
2015-08-17 20:44:26 : GameBot.org.exe Executable running on WIN_7 Service Pack 1 X64
2015-08-17 20:44:26 : =================== Bot Start ====================
2015-08-17 20:44:26 : -------------------------  Current Profile: 01 --------------------------
2015-08-17 20:44:26 : Trying to locate Main Screen
2015-08-17 20:44:27 : Waiting for Main Screen
2015-08-17 20:44:29 : Main Screen Located
2015-08-17 20:44:31 : Detecting your Buildings..
2015-08-17 20:44:38 : Language setting is English: Correct.
2015-08-17 20:44:39 : Trying to locate Main Screen
2015-08-17 20:44:39 : Main Screen Located
2015-08-17 20:44:41 : Village Report
2015-08-17 20:44:41 : No. of Free/Total Builders: 0/4
2015-08-17 20:44:41 :  [T]: 2 668
2015-08-17 20:44:41 :  [G]: 3 168 383 [E]: 3 128 523 [D]: 33 374 [GEM]: 57
2015-08-17 20:44:42 : Collecting Resources
2015-08-17 20:44:53 : Chat Request: witch po sana
2015-08-17 20:44:53 : Witches Keyword found: witch
2015-08-17 20:44:56 : No Witches available to donate..
2015-08-17 20:44:58 : Checking Army Camp...
2015-08-17 20:45:00 : Total Army Camp capacity: 125/220
2015-08-17 20:45:02 :  - No. of Barbarians: 47
2015-08-17 20:45:02 :  - No. of Archers: 78
2015-08-17 20:45:03 : Barracks and Spell factory status: 
2015-08-17 20:45:03 : - Barracks detected: 4 | Available: 4 | Upgrading: 0
2015-08-17 20:45:03 : - Dark Barracks detected: 2 | Available: 2 | Upgrading: 0
2015-08-17 20:45:03 : - Spell factory detected: 1 | Available: 1 | Upgrading: 0
2015-08-17 20:45:03 : - Dark Spell factory detected: 1 | Available: 1 | Upgrading: 0
2015-08-17 20:45:03 : Training Troops...
2015-08-17 20:45:19 : Spell Factory Full
2015-08-17 20:45:21 : 0
2015-08-17 20:45:23 : Requesting Clan Castle Troops
2015-08-17 20:45:24 : Request has already been made
2015-08-17 20:45:25 : ====== Waiting for full army ======
2015-08-17 20:45:37 : Checking Army Camp...
2015-08-17 20:45:39 : Total Army Camp capacity: 129/220
2015-08-17 20:45:40 :  - No. of Barbarians: 47
2015-08-17 20:45:40 :  - No. of Archers: 82
2015-08-17 20:45:41 : Training Troops...
2015-08-17 20:45:49 : Spell Factory Full
2015-08-17 20:45:51 : Time Idle: 00:00:25
2015-08-17 20:45:51 : ====== Waiting for full army ======
2015-08-17 20:46:03 : Checking Army Camp...
2015-08-17 20:46:05 : Total Army Camp capacity: 133/220
2015-08-17 20:46:06 :  - No. of Barbarians: 47
2015-08-17 20:46:06 :  - No. of Archers: 86
2015-08-17 20:46:07 : Training Troops...
2015-08-17 20:46:15 : Spell Factory Full
2015-08-17 20:46:17 : Time Idle: 00:00:51
2015-08-17 20:46:17 : ====== Waiting for full army ======
2015-08-17 20:46:29 : Checking Army Camp...
2015-08-17 20:46:30 : Total Army Camp capacity: 137/220
2015-08-17 20:46:32 :  - No. of Barbarians: 47
2015-08-17 20:46:32 :  - No. of Archers: 91
2015-08-17 20:46:32 : Training Troops...
2015-08-17 20:46:41 : Spell Factory Full
2015-08-17 20:46:43 : Time Idle: 00:01:16
2015-08-17 20:46:43 : ====== Waiting for full army ======
2015-08-17 20:46:55 : Checking Army Camp...
2015-08-17 20:46:57 : Total Army Camp capacity: 142/220
2015-08-17 20:46:58 :  - No. of Barbarians: 47
2015-08-17 20:46:58 :  - No. of Archers: 95
2015-08-17 20:46:58 : Training Troops...
2015-08-17 20:47:07 : Spell Factory Full
2015-08-17 20:47:09 : Time Idle: 00:01:42
2015-08-17 20:47:09 : ====== Waiting for full army ======
2015-08-17 20:47:21 : Checking Army Camp...
2015-08-17 20:47:22 : Total Army Camp capacity: 146/220
2015-08-17 20:47:24 : Training Troops...
2015-08-17 20:47:32 : Spell Factory Full
2015-08-17 20:47:34 : Time Idle: 00:02:08
2015-08-17 20:47:34 : ====== Waiting for full army ======
2015-08-17 20:47:46 : Checking Army Camp...
2015-08-17 20:47:48 : Total Army Camp capacity: 150/220
2015-08-17 20:47:49 :  - No. of Barbarians: 47
2015-08-17 20:47:49 :  - No. of Archers: 103
2015-08-17 20:47:50 : Training Troops...
2015-08-17 20:47:58 : Spell Factory Full
2015-08-17 20:48:00 : Time Idle: 00:02:33
2015-08-17 20:48:00 : ====== Waiting for full army ======
2015-08-17 20:48:12 : Checking Army Camp...
2015-08-17 20:48:14 : Total Army Camp capacity: 154/220
2015-08-17 20:48:15 :  - No. of Barbarians: 47
2015-08-17 20:48:15 :  - No. of Archers: 107
2015-08-17 20:48:16 : Training Troops...
2015-08-17 20:48:24 : Spell Factory Full
2015-08-17 20:48:26 : Time Idle: 00:02:59
2015-08-17 20:48:26 : ====== Waiting for full army ======
2015-08-17 20:48:38 : Checking Army Camp...
2015-08-17 20:48:40 : Total Army Camp capacity: 158/220
2015-08-17 20:48:41 :  - No. of Barbarians: 47
2015-08-17 20:48:41 :  - No. of Archers: 111
2015-08-17 20:48:42 : Training Troops...
2015-08-17 20:48:51 : Spell Factory Full
2015-08-17 20:48:53 : Time Idle: 00:03:26
2015-08-17 20:48:54 : ====== Waiting for full army ======
2015-08-17 20:49:05 : Checking Army Camp...
2015-08-17 20:49:07 : Total Army Camp capacity: 163/220
2015-08-17 20:49:08 :  - No. of Barbarians: 52
2015-08-17 20:49:08 :  - No. of Archers: 111
2015-08-17 20:49:09 : Training Troops...
2015-08-17 20:49:18 : Spell Factory Full
2015-08-17 20:49:20 : Time Idle: 00:03:53
2015-08-17 20:49:21 : ====== Waiting for full army ======
2015-08-17 20:49:32 : Checking Army Camp...
2015-08-17 20:49:34 : Total Army Camp capacity: 169/220
2015-08-17 20:49:35 :  - No. of Barbarians: 58
2015-08-17 20:49:36 :  - No. of Archers: 111
2015-08-17 20:49:36 : Training Troops...
2015-08-17 20:49:46 : Spell Factory Full
2015-08-17 20:49:48 : Time Idle: 00:04:20
2015-08-17 20:49:48 : ====== Waiting for full army ======
2015-08-17 20:50:00 : Checking Army Camp...
2015-08-17 20:50:02 : Total Army Camp capacity: 174/220
2015-08-17 20:50:03 :  - No. of Barbarians: 63
2015-08-17 20:50:03 :  - No. of Archers: 111
2015-08-17 20:50:03 : Training Troops...
2015-08-17 20:50:13 : Spell Factory Full
2015-08-17 20:50:15 : Time Idle: 00:04:46
2015-08-17 20:50:15 : ====== Waiting for full army ======
2015-08-17 20:50:27 : Collecting Resources
2015-08-17 20:50:34 : Checking Army Camp...
2015-08-17 20:50:36 : Total Army Camp capacity: 182/220
2015-08-17 20:50:37 :  - No. of Barbarians: 71
2015-08-17 20:50:37 :  - No. of Archers: 111
2015-08-17 20:50:38 : Training Troops...
2015-08-17 20:50:48 : Spell Factory Full
2015-08-17 20:50:50 : Time Idle: 00:05:21
2015-08-17 20:50:50 : ====== Waiting for full army ======
2015-08-17 20:51:02 : Checking Army Camp...
2015-08-17 20:51:04 : Total Army Camp capacity: 186/220
2015-08-17 20:51:05 :  - No. of Barbarians: 75
2015-08-17 20:51:05 :  - No. of Archers: 111
2015-08-17 20:51:06 : Training Troops...
2015-08-17 20:51:15 : Spell Factory Full
2015-08-17 20:51:17 : Time Idle: 00:05:48
2015-08-17 20:51:17 : ====== Waiting for full army ======
2015-08-17 20:51:29 : Checking Army Camp...
2015-08-17 20:51:31 : Total Army Camp capacity: 192/220
2015-08-17 20:51:32 :  - No. of Barbarians: 81
2015-08-17 20:51:32 :  - No. of Archers: 111
2015-08-17 20:51:33 : Training Troops...
2015-08-17 20:51:43 : Spell Factory Full
2015-08-17 20:51:43 : Created 1 Spell(s)
2015-08-17 20:51:45 : Time Idle: 00:06:16
2015-08-17 20:51:45 : ====== Waiting for full army ======
2015-08-17 20:51:57 : Checking Army Camp...
2015-08-17 20:51:59 : Total Army Camp capacity: 198/220
2015-08-17 20:52:00 :  - No. of Barbarians: 87
2015-08-17 20:52:00 :  - No. of Archers: 111
2015-08-17 20:52:01 : Training Troops...
2015-08-17 20:52:10 : Spell Factory Full
2015-08-17 20:52:12 : Time Idle: 00:06:43
2015-08-17 20:52:12 : ====== Waiting for full army ======
2015-08-17 20:52:24 : Checking Army Camp...
2015-08-17 20:52:26 : Total Army Camp capacity: 203/220
2015-08-17 20:52:27 :  - No. of Barbarians: 92
2015-08-17 20:52:27 :  - No. of Archers: 111
2015-08-17 20:52:28 : Training Troops...
2015-08-17 20:52:37 : Spell Factory Full
2015-08-17 20:52:39 : Time Idle: 00:07:10
2015-08-17 20:52:40 : ====== Waiting for full army ======
2015-08-17 20:52:51 : Checking Army Camp...
2015-08-17 20:52:53 : Total Army Camp capacity: 209/220
2015-08-17 20:52:54 :  - No. of Barbarians: 98
2015-08-17 20:52:55 :  - No. of Archers: 111
2015-08-17 20:52:55 : Training Troops...
2015-08-17 20:53:04 : Spell Factory Full
2015-08-17 20:53:06 : Time Idle: 00:07:37
2015-08-17 20:53:07 : ====== Waiting for full army ======
2015-08-17 20:53:18 : Checking Army Camp...
2015-08-17 20:53:20 : Total Army Camp capacity: 214/220
2015-08-17 20:53:21 :  - No. of Barbarians: 103
2015-08-17 20:53:22 :  - No. of Archers: 111
2015-08-17 20:53:22 : Training Troops...
2015-08-17 20:53:32 : Spell Factory Full
2015-08-17 20:53:33 : Time Idle: 00:08:03
2015-08-17 20:53:34 : ====== Waiting for full army ======
2015-08-17 20:53:46 : Checking Army Camp...
2015-08-17 20:53:47 : Total Army Camp capacity: 218/220
2015-08-17 20:53:48 :  - No. of Barbarians: 107
2015-08-17 20:53:49 :  - No. of Archers: 111
2015-08-17 20:53:49 : Training Troops...
2015-08-17 20:53:59 : Checking Army Camp...
2015-08-17 20:54:01 : Total Army Camp capacity: 218/220
2015-08-17 20:54:02 :  - No. of Barbarians: 107
2015-08-17 20:54:02 :  - No. of Archers: 111
2015-08-17 20:54:03 : Training Troops...
2015-08-17 20:54:17 : Spell Factory Full
2015-08-17 20:54:19 : Time Idle: 00:08:48
2015-08-17 20:54:19 : ====== Waiting for full army ======
2015-08-17 20:54:31 : Checking Army Camp...
2015-08-17 20:54:33 : Total Army Camp capacity: 220/220
2015-08-17 20:54:34 :  - No. of Barbarians: 107
2015-08-17 20:54:34 :  - No. of Archers: 113
2015-08-17 20:54:34 : Training Troops...
2015-08-17 20:54:35 : Your Army Camps are now Full
2015-08-17 20:54:35 : Too few Barb, train first.
2015-08-17 20:54:58 : Spell Factory not found...
2015-08-17 20:55:00 : Going to Attack...
2015-08-17 20:55:06 : ============== Searching For Dead Base ===============
2015-08-17 20:55:06 : ~~~~~~~~~~~~~~~ SEARCH CONDITIONS ~~~~~~~~~~~~~~~~
2015-08-17 20:55:06 : Meet: Gold or Elixir, Max TH 8
2015-08-17 20:55:06 : ~~~~~~~~~~~~~~ RESOURCE CONDITIONS ~~~~~~~~~~~~~~~
2015-08-17 20:55:06 : Aim: [G]:      0 [E]:      0 [D]:    0 [T]: 0 [TH]: 8 for: Dead Base
2015-08-17 20:55:06 : ============== Searching For Live Base ===============
2015-08-17 20:55:06 : ~~~~~~~~~~~~~~~ SEARCH CONDITIONS ~~~~~~~~~~~~~~~~
2015-08-17 20:55:06 : Meet: Gold or Elixir, Dark, Max TH 8
2015-08-17 20:55:06 : ~~~~~~~~~~~~~~ RESOURCE CONDITIONS ~~~~~~~~~~~~~~~
2015-08-17 20:55:06 : Aim: [G]:      0 [E]:      0 [D]: 1000 [T]: 0 [TH]: 8 for: Live Base
2015-08-17 20:55:06 : ~~~~~~~~~~~~~~~ ADVANCED SETTINGS ~~~~~~~~~~~~~~~~
2015-08-17 20:55:06 : THSnipe Combo, 5 Tile(s), AttackTH, Attack6:PB6
2015-08-17 20:55:06 : ==================================================
2015-08-17 20:55:09 :   1> [G]:  83597 [E]:  26827 [D]:  214 [T]:33 [TH]:10, In
2015-08-17 20:55:13 :   2> [G]: 113556 [E]:  10030 [D]:  797 [T]:21 [TH]: 9, In
2015-08-17 20:55:18 :   3> [G]:  82934 [E]:  43779 [D]: 1515 [T]:19 [TH]: 9, In
2015-08-17 20:55:24 :   4> [G]:  11361 [E]:  57351 [D]:   80 [T]:31 [TH]: 9, In
2015-08-17 20:55:31 :   5> [G]: 274644 [E]: 204703 [D]: 1887 [T]:33 [TH]:10, In
2015-08-17 20:55:35 :   6> [G]:   2800 [E]:  40796 [D]:  268 [T]:14 [TH]: 9, In
2015-08-17 20:55:42 :   7> [G]:  10231 [E]:  46998 [D]:  614 [T]:28 [TH]:10, In
2015-08-17 20:55:46 :   8> [G]:  47120 [E]: 137510 [D]:  738 [T]:20 [TH]: 9, In
2015-08-17 20:55:51 :   9> [G]:   7823 [E]: 140129 [D]:  744 [T]:10 [TH]: 9, In
2015-08-17 20:55:55 :  10> [G]:  59773 [E]:  48862 [D]:  140 [T]:34 [TH]:10, In
2015-08-17 20:55:59 :  11> [G]:  74949 [E]:  43691 [D]:  416 [T]:31 [TH]: 9, In
2015-08-17 20:56:03 :  12> [G]:  53565 [E]: 131977 [D]:  559 [T]:26 [TH]: 9, In
2015-08-17 20:56:09 :  13> [G]:  49493 [E]:  35281 [D]: 1376 [T]:25 [TH]:10, In
2015-08-17 20:56:14 :  14> [G]:  69883 [E]:  99508 [D]:  429 [T]:15 [TH]: 9, In
2015-08-17 20:56:17 :  15> [G]: 140091 [E]: 168890 [D]:  896 [T]:14 [TH]: 9, In
2015-08-17 20:56:22 :  16> [G]:  13219 [E]: 157052 [D]:  829 [T]:21 [TH]: 9, In
2015-08-17 20:56:28 :  17> [G]:  33898 [E]:   2873 [D]: 1110 [T]:35 [TH]:10, In
2015-08-17 20:56:32 :  18> [G]:  37899 [E]:   1978 [D]: 1245 [T]:12 [TH]: 9, In
2015-08-17 20:56:37 :  19> [G]: 144543 [E]:  61089 [D]:  194 [T]:12 [TH]: 9, In
2015-08-17 20:56:44 :  20> [G]: 221189 [E]: 306033 [D]: 2627 [T]:35 [TH]: -, -
2015-08-17 20:56:51 :  21> [G]: 119744 [E]:   2186 [D]:    4 [T]:12 [TH]: 9, In
2015-08-17 20:56:58 :  22> [G]: 397783 [E]: 402262 [D]: 2454 [T]:29 [TH]: -, -
2015-08-17 20:57:05 :  23> [G]:  62279 [E]:  54433 [D]: 1156 [T]:27 [TH]:10, In
2015-08-17 20:57:12 :  24> [G]: 122582 [E]: 220561 [D]:  990 [T]:30 [TH]:10, In
2015-08-17 20:57:19 :  25> [G]:  11987 [E]: 272216 [D]: 1162 [T]: 7 [TH]: 8, In
2015-08-17 20:57:19 : ~~~~~~~~~~~~~~~~ Live Base Found! ~~~~~~~~~~~~~~~~
2015-08-17 20:57:19 : ================ Search Complete =================
2015-08-17 20:57:19 : Initiating attack for: Live Base
2015-08-17 20:57:22 : -Barbarians 107
2015-08-17 20:57:22 : -Archers 113
2015-08-17 20:57:22 : -Clan Castle 
2015-08-17 20:57:22 : -Heal Spells 4
2015-08-17 20:57:22 :  ====== Start Attack ====== 
2015-08-17 20:57:24 : Attacking with four fingers
2015-08-17 20:57:25 : Dropping only wave of 107 Barbarians
2015-08-17 20:57:30 : Dropping only wave of 113 Archers
2015-08-17 20:57:36 : Dropping Clan Castle
2015-08-17 20:57:37 : Dropping left over troops
2015-08-17 20:57:37 : Checking remaining unused troops for: Live Base
2015-08-17 20:57:40 : -Clan Castle 
2015-08-17 20:57:40 : -Heal Spells 4
2015-08-17 20:57:48 : Checking remaining unused troops for: Live Base
2015-08-17 20:57:51 : -Clan Castle 
2015-08-17 20:57:51 : -Heal Spells 4
2015-08-17 20:58:00 : Finished Attacking, waiting for the battle to end
2015-08-17 20:58:00 : Checking if the battle has finished
2015-08-17 20:58:02 : detected [G]: 9946 [E]: 270000 [DE]: 1161 |  Exit in 178 sec.
2015-08-17 20:58:04 : detected [G]: 9946 [E]: 270000 [DE]: 1161 |  Exit in 176 sec.
2015-08-17 20:58:05 : detected [G]: 9946 [E]: 270000 [DE]: 1161 |  Exit in 174 sec.
2015-08-17 20:58:07 : detected [G]:  [E]:  [DE]:  |  Exit now 
2015-08-17 20:58:07 : Battle has finished
2015-08-17 20:58:07 : Returning Home
2015-08-17 20:58:12 : Loot: [G]: 2 041 [E]: 2 216 [DE]: 1 [T]: 5
2015-08-17 20:58:13 : Bonus [G]: 100 000 [E]: 100 000 [DE]: 500
2015-08-17 20:58:15 : Your league level is: Master III
2015-08-17 20:58:15 : Stars earned: 2
2015-08-17 20:58:23 : Trying to locate Main Screen
2015-08-17 20:58:23 : Main Screen Located
2015-08-17 20:58:24 : Village Report
2015-08-17 20:58:24 : No. of Free/Total Builders: 0/4
2015-08-17 20:58:24 :  [T]: 2 673
2015-08-17 20:58:25 :  [G]: 3 254 368 [E]: 3 170 931 [D]: 33 881 [GEM]: 57
2015-08-17 20:58:25 : Collecting Resources
2015-08-17 20:58:37 : Checking Army Camp...
2015-08-17 20:58:38 : Total Army Camp capacity: 44/220
2015-08-17 20:58:40 :  - No. of Barbarians: 44
2015-08-17 20:58:40 : Training Troops...
2015-08-17 20:58:47 : Spell Factory Full
