2015-08-01 21:15:10 : ~ Clash Game Bot v4.1MODS Powered by GameBot.org ~
2015-08-01 21:15:10 : GameBot.org.exe Executable running on WIN_7  X64
2015-08-01 21:15:10 : =================== Bot Start ====================
2015-08-01 21:15:10 : -------------------------  Current Profile: 01 --------------------------
2015-08-01 21:15:10 : Trying to locate Main Screen
2015-08-01 21:15:10 : Main Screen Located
2015-08-01 21:15:11 : Detecting your Buildings..
2015-08-01 21:15:19 : Language setting is English: Correct.
2015-08-01 21:15:20 : Trying to locate Main Screen
2015-08-01 21:15:20 : Main Screen Located
2015-08-01 21:15:21 : Collecting Resources
2015-08-01 21:15:28 : Checking if Village needs Rearming..
2015-08-01 21:15:35 : Village Report
2015-08-01 21:15:36 : No. of Free/Total Builders: 0/4
2015-08-01 21:15:36 :  [T]: 1 696
2015-08-01 21:15:36 :  [G]: 4 522 419 [E]: 3 548 536 [D]: 59 533 [GEM]: 954
2015-08-01 21:15:39 : Chat Request: archers sorciers merci
2015-08-01 21:15:39 : Archers Keyword found: archers
2015-08-01 21:15:40 : Donating Archers
2015-08-01 21:15:42 : Chat Request: soso max merci
2015-08-01 21:15:44 : Checking Army Camp...
2015-08-01 21:15:46 : Total Army Camp capacity: 187/200
2015-08-01 21:15:49 :  - No. of Barbarians: 10
2015-08-01 21:15:49 :  - No. of Archers: 67
2015-08-01 21:15:49 : Barracks and Spell factory status: 
2015-08-01 21:15:49 : - Barracks detected: 4 | Available: 3 | Upgrading: 1
2015-08-01 21:15:49 : - Dark Barracks detected: 2 | Available: 2 | Upgrading: 0
2015-08-01 21:15:49 : - Spell factory detected: 1 | Available: 1 | Upgrading: 0
2015-08-01 21:15:49 : - Dark Spell factory detected: 1 | Available: 0 | Upgrading: 1
2015-08-01 21:15:49 : Training Troops...
2015-08-01 21:16:06 : Requesting Clan Castle Troops
2015-08-01 21:16:06 : Your Clan Castle is already full or you are not in a clan.
2015-08-01 21:16:07 :  ====== Unbreakable Mode enabled! ====== 
2015-08-01 21:16:07 : Oops, Out of Dark Elxir - back to farming
2015-08-01 21:16:07 : Checking Troop Upgrade in Laboratory ...
2015-08-01 21:16:07 : Updating village values [E]: 3529366 [D]: 59533
2015-08-01 21:16:10 : Insufficent Elixir for Pekka, Lab requires: 6000000 + 250000 user reserve
2015-08-01 21:16:13 : Finished kicking
2015-08-01 21:16:13 : ====== Waiting for full army ======
2015-08-01 21:16:20 : Chat Request: soso max merci
2015-08-01 21:16:26 : Chat Request: ì soso max merci
2015-08-01 21:16:31 : Checking Army Camp...
2015-08-01 21:16:32 : Total Army Camp capacity: 190/200
2015-08-01 21:16:33 :  - No. of Barbarians: 10
2015-08-01 21:16:34 :  - No. of Archers: 70
2015-08-01 21:16:34 : Training Troops...
2015-08-01 21:16:41 : Time Idle: 00:00:27
2015-08-01 21:16:42 : ====== Waiting for full army ======
2015-08-01 21:16:53 : Checking Army Camp...
2015-08-01 21:16:55 : Total Army Camp capacity: 193/200
2015-08-01 21:16:56 :  - No. of Barbarians: 10
2015-08-01 21:16:56 :  - No. of Archers: 73
2015-08-01 21:16:57 : Training Troops...
2015-08-01 21:17:03 : Time Idle: 00:00:49
2015-08-01 21:17:03 : ====== Waiting for full army ======
2015-08-01 21:17:15 : Checking Army Camp...
2015-08-01 21:17:17 : Total Army Camp capacity: 196/200
2015-08-01 21:17:18 :  - No. of Barbarians: 10
2015-08-01 21:17:18 :  - No. of Archers: 76
2015-08-01 21:17:18 : Training Troops...
2015-08-01 21:17:25 : Time Idle: 00:01:10
2015-08-01 21:17:25 : ====== Waiting for full army ======
2015-08-01 21:17:37 : Checking Army Camp...
2015-08-01 21:17:39 : Total Army Camp capacity: 199/200
2015-08-01 21:17:40 :  - No. of Barbarians: 10
2015-08-01 21:17:40 :  - No. of Archers: 79
2015-08-01 21:17:40 : Training Troops...
2015-08-01 21:17:41 : Your Army Camps are now Full
2015-08-01 21:18:01 : Going to Attack...
2015-08-01 21:18:07 : ============== Searching For Dead Base ===============
2015-08-01 21:18:07 : ~~~~~~~~~~~~~~~ SEARCH CONDITIONS ~~~~~~~~~~~~~~~~
2015-08-01 21:18:07 : Meet: Gold and Elixir
2015-08-01 21:18:07 : ~~~~~~~~~~~~~~ RESOURCE CONDITIONS ~~~~~~~~~~~~~~~
2015-08-01 21:18:07 : Aim: [G]: 200000 [E]: 200000 [D]:    0 [T]: 0 for: Dead Base
2015-08-01 21:18:07 : ~~~~~~~~~~~~~~~ ADVANCED SETTINGS ~~~~~~~~~~~~~~~~
2015-08-01 21:18:07 : THSnipe Combo, 1 Tile(s), AttackTH, Attack3:GBarch
2015-08-01 21:18:07 : ==================================================
2015-08-01 21:18:08 :   1> [G]: 113109 [E]: 131867 [D]:  477 [T]:27 [TH]: 7, In
2015-08-01 21:18:11 :   2> [G]:  53429 [E]:  54413 [D]:  257 [T]:23 [TH]: 8, In
2015-08-01 21:18:14 :   3> [G]: 180048 [E]: 211458 [D]:    0 [T]:31 [TH]: 7, In
2015-08-01 21:18:17 :   4> [G]:  32552 [E]:  89968 [D]: 1427 [T]:32 [TH]: 9, In
2015-08-01 21:18:25 :   5> [G]:  28782 [E]:  26888 [D]:  283 [T]:16 [TH]: 7, In
2015-08-01 21:18:27 :   6> [G]:  36017 [E]:  11976 [D]:  N/A [T]:34 [TH]: 7, In
2015-08-01 21:18:34 :   7> [G]:  38114 [E]: 175402 [D]:  963 [T]:21 [TH]: 8, In
2015-08-01 21:18:37 :   8> [G]: 190509 [E]: 241011 [D]:  454 [T]:23 [TH]: 7, In
2015-08-01 21:18:40 :   9> [G]: 215260 [E]: 211820 [D]:  121 [T]:21 [TH]: 8, In
2015-08-01 21:18:40 : ~~~~~~~~~~~~~~~~ Dead Base Found! ~~~~~~~~~~~~~~~~
2015-08-01 21:18:42 : ================ Search Complete =================
2015-08-01 21:18:42 : Initiating attack for: Dead Base
2015-08-01 21:18:45 : -Barbarians 120
2015-08-01 21:18:45 : -Archers 79
2015-08-01 21:18:45 : -Clan Castle 
2015-08-01 21:18:45 : -King 
2015-08-01 21:18:45 : -Lightning Spells 3
2015-08-01 21:18:45 : -Poison Spells 1
2015-08-01 21:18:45 :  ====== Start Attack ====== 
2015-08-01 21:18:47 : Calculating Smart Attack Strategy
2015-08-01 21:18:48 : Calculated  (in 0.74 seconds) :
2015-08-01 21:18:48 : Locating Mines, Collectors & Drills
2015-08-01 21:18:52 : Located  (in 4.69 seconds) :
2015-08-01 21:18:52 : [6] Gold Mines
2015-08-01 21:18:52 : [5] Elixir Collectors
2015-08-01 21:18:52 : [0] Dark Elixir Drill/s
2015-08-01 21:18:53 : Four fingers Barch deployment style
2015-08-01 21:18:54 : Dropping first wave of Barbarians 120
2015-08-01 21:19:01 : Dropping first wave of Archers 79
2015-08-01 21:19:06 : Dropping King
2015-08-01 21:19:09 : Dropping left over troops
2015-08-01 21:19:09 : Checking remaining unused troops for: Dead Base
2015-08-01 21:19:12 : -Clan Castle 
2015-08-01 21:19:12 : -Lightning Spells 3
2015-08-01 21:19:12 : -Poison Spells 1
2015-08-01 21:19:21 : Checking remaining unused troops for: Dead Base
2015-08-01 21:19:24 : -Clan Castle 
2015-08-01 21:19:24 : -Lightning Spells 3
2015-08-01 21:19:24 : -Poison Spells 1
2015-08-01 21:19:24 : King is getting weak, Activating King's power
2015-08-01 21:19:32 : Finished Attacking, waiting for the battle to end
2015-08-01 21:19:32 : Checking if the battle has finished
2015-08-01 21:19:34 : detected [G]: 0 [E]: 3337 [DE]: 121 |  Exit in 18 sec.
2015-08-01 21:19:37 : detected [G]: 0 [E]: 3337 [DE]: 121 |  Exit in 16 sec.
2015-08-01 21:19:38 : detected [G]: 0 [E]: 3337 [DE]: 121 |  Exit in 14 sec.
2015-08-01 21:19:40 : detected [G]: 0 [E]: 3337 [DE]: 121 |  Exit in 12 sec.
2015-08-01 21:19:42 : detected [G]: 0 [E]: 3337 [DE]: 121 |  Exit in 10 sec.
2015-08-01 21:19:44 : detected [G]: 0 [E]: 3337 [DE]: 121 |  Exit in  9 sec.
2015-08-01 21:19:45 : detected [G]: 0 [E]: 3337 [DE]: 85 |  Exit in  7 sec.
2015-08-01 21:19:45 : Gold & Elixir & DE change detected, waiting...
2015-08-01 21:19:49 : detected [G]: 0 [E]: 3337 [DE]: 15 |  Exit in 18 sec.
2015-08-01 21:19:50 : detected [G]: 0 [E]: 3337 [DE]: 15 |  Exit in 16 sec.
2015-08-01 21:19:52 : detected [G]: 0 [E]: 3337 [DE]: 1 |  Exit in 15 sec.
2015-08-01 21:19:52 : Gold & Elixir & DE change detected, waiting...
2015-08-01 21:19:55 : detected [G]: 0 [E]: 3337 [DE]: 1 |  Exit in 18 sec.
2015-08-01 21:19:57 : detected [G]: 0 [E]: 3337 [DE]: 1 |  Exit in 16 sec.
2015-08-01 21:19:59 : detected [G]: 0 [E]: 3337 [DE]: 1 |  Exit in 14 sec.
2015-08-01 21:20:00 : detected [G]: 0 [E]: 3337 [DE]: 1 |  Exit in 13 sec.
2015-08-01 21:20:02 : detected [G]: 0 [E]: 3337 [DE]: 1 |  Exit in 11 sec.
2015-08-01 21:20:04 : detected [G]: 0 [E]: 3337 [DE]: 1 |  Exit in  9 sec.
2015-08-01 21:20:05 : detected [G]: 0 [E]: 3337 [DE]: 1 |  Exit in  8 sec.
2015-08-01 21:20:07 : detected [G]: 0 [E]: 3337 [DE]: 1 |  Exit in  6 sec.
2015-08-01 21:20:09 : detected [G]: 0 [E]: 3337 [DE]: 1 |  Exit in  4 sec.
2015-08-01 21:20:11 : detected [G]: 0 [E]: 3337 [DE]: 1 |  Exit in  3 sec.
2015-08-01 21:20:12 : detected [G]: 0 [E]: 3337 [DE]: 1 |  Exit in  1 sec.
2015-08-01 21:20:14 : detected [G]: 0 [E]: 3337 [DE]: 1 |  Exit in  0 sec.
2015-08-01 21:20:14 : Gold & Elixir & DE no change detected, exit
2015-08-01 21:20:14 : Returning Home
2015-08-01 21:20:19 : Loot: [G]: 215 260 [E]: 208 483 [DE]: 120 [T]: 7
2015-08-01 21:20:19 : Bonus [G]: 11 000 [E]: 11 000
2015-08-01 21:20:21 : Your league level is: Gold II
2015-08-01 21:20:21 : Stars earned: 1
2015-08-01 21:20:29 : Trying to locate Main Screen
2015-08-01 21:20:29 : Main Screen Located
2015-08-01 21:20:30 : Collecting Resources
