2015-08-17 19:08:48 :  Clash Game Bot v4.1.1-6 merge Powered by GameBot.org 
2015-08-17 19:08:48 : GameBot.org.au3 Script running on WIN_7 Service Pack 1 X64
2015-08-17 19:08:48 : =================== Bot Start ====================
2015-08-17 19:08:48 : -------------------------  Current Profile: 01 --------------------------
2015-08-17 19:08:49 : Trying to locate Main Screen
2015-08-17 19:08:49 : Main Screen Located
2015-08-17 19:08:50 : Detecting your Buildings..
2015-08-17 19:08:57 : Language setting is English: Correct.
2015-08-17 19:08:59 : Trying to locate Main Screen
2015-08-17 19:08:59 : Main Screen Located
2015-08-17 19:09:00 : Village Report
2015-08-17 19:09:00 : No. of Free/Total Builders: 0/4
2015-08-17 19:09:00 :  [T]: 2 665
2015-08-17 19:09:00 :  [G]: 2 862 760 [E]: 2 918 212 [D]: 32 507 [GEM]: 57
2015-08-17 19:09:01 : Collecting Resources
2015-08-17 19:09:14 : Chat Request: barchers
2015-08-17 19:09:14 : Barbarians Keyword found: barch
2015-08-17 19:09:18 : No Barbarians available to donate..
2015-08-17 19:09:18 : Archers Keyword found: arc
2015-08-17 19:09:21 : No Archers available to donate..
2015-08-17 19:09:23 : Chat Request: witch po sana
2015-08-17 19:09:23 : Witches Keyword found: witch
2015-08-17 19:09:26 : Unable to donate Witches. Donate screen not visible, will retry next run.
2015-08-17 19:09:28 : Checking Army Camp...
2015-08-17 19:09:30 : Total Army Camp capacity: 171/220
2015-08-17 19:09:33 :  - No. of Giants: 19
2015-08-17 19:09:33 :  - No. of Wizards: 19
2015-08-17 19:09:33 : Barracks and Spell factory status: 
2015-08-17 19:09:33 : - Barracks detected: 4 | Available: 4 | Upgrading: 0
2015-08-17 19:09:33 : - Dark Barracks detected: 2 | Available: 2 | Upgrading: 0
2015-08-17 19:09:33 : - Spell factory detected: 1 | Available: 1 | Upgrading: 0
2015-08-17 19:09:33 : - Dark Spell factory detected: 1 | Available: 1 | Upgrading: 0
2015-08-17 19:09:34 : Training Troops...
2015-08-17 19:09:53 : Spell Factory Full
2015-08-17 19:09:55 : 0
2015-08-17 19:09:57 : Requesting Clan Castle Troops
2015-08-17 19:09:57 : Your Clan Castle is already full or you are not in a clan.
2015-08-17 19:09:59 : ====== Waiting for full army ======
2015-08-17 19:10:11 : Checking Army Camp...
2015-08-17 19:10:13 : Total Army Camp capacity: 174/220
2015-08-17 19:10:14 :  - No. of Archers: 3
2015-08-17 19:10:14 :  - No. of Giants: 19
2015-08-17 19:10:14 :  - No. of Wizards: 19
2015-08-17 19:10:15 : Training Troops...
2015-08-17 19:10:23 : Spell Factory Full
2015-08-17 19:10:25 : Time Idle: 00:00:26
2015-08-17 19:10:25 : ====== Waiting for full army ======
2015-08-17 19:10:37 : Checking Army Camp...
2015-08-17 19:10:39 : Total Army Camp capacity: 179/220
2015-08-17 19:10:40 :  - No. of Archers: 8
2015-08-17 19:10:41 :  - No. of Giants: 19
2015-08-17 19:10:41 :  - No. of Wizards: 19
2015-08-17 19:10:41 : Training Troops...
2015-08-17 19:10:50 : Spell Factory Full
2015-08-17 19:10:52 : Time Idle: 00:00:52
2015-08-17 19:10:52 : ====== Waiting for full army ======
2015-08-17 19:11:04 : Checking Army Camp...
2015-08-17 19:11:06 : Total Army Camp capacity: 183/220
2015-08-17 19:11:07 :  - No. of Archers: 12
2015-08-17 19:11:07 :  - No. of Giants: 19
2015-08-17 19:11:07 :  - No. of Wizards: 19
2015-08-17 19:11:08 : Training Troops...
2015-08-17 19:11:16 : Spell Factory Full
2015-08-17 19:11:18 : Time Idle: 00:01:18
2015-08-17 19:11:18 : ====== Waiting for full army ======
2015-08-17 19:11:30 : Checking Army Camp...
2015-08-17 19:11:32 : Total Army Camp capacity: 187/220
2015-08-17 19:11:33 :  - No. of Archers: 16
2015-08-17 19:11:33 :  - No. of Giants: 19
2015-08-17 19:11:33 :  - No. of Wizards: 19
2015-08-17 19:11:34 : Training Troops...
2015-08-17 19:11:42 : Spell Factory Full
2015-08-17 19:11:44 : Time Idle: 00:01:44
2015-08-17 19:11:45 : ====== Waiting for full army ======
2015-08-17 19:11:57 : Checking Army Camp...
2015-08-17 19:11:59 : Total Army Camp capacity: 191/220
2015-08-17 19:12:00 :  - No. of Archers: 20
2015-08-17 19:12:00 :  - No. of Giants: 19
2015-08-17 19:12:00 :  - No. of Wizards: 19
2015-08-17 19:12:01 : Training Troops...
2015-08-17 19:12:09 : Spell Factory Full
2015-08-17 19:12:11 : Time Idle: 00:02:10
2015-08-17 19:12:11 : ====== Waiting for full army ======
2015-08-17 19:12:23 : Checking Army Camp...
2015-08-17 19:12:25 : Total Army Camp capacity: 195/220
2015-08-17 19:12:26 :  - No. of Archers: 24
2015-08-17 19:12:26 :  - No. of Giants: 19
2015-08-17 19:12:26 :  - No. of Wizards: 19
2015-08-17 19:12:27 : Training Troops...
2015-08-17 19:12:35 : Spell Factory Full
2015-08-17 19:12:37 : Time Idle: 00:02:36
2015-08-17 19:12:37 : ====== Waiting for full army ======
2015-08-17 19:12:49 : Checking Army Camp...
2015-08-17 19:12:51 : Total Army Camp capacity: 199/220
2015-08-17 19:12:52 :  - No. of Archers: 28
2015-08-17 19:12:52 :  - No. of Giants: 19
2015-08-17 19:12:53 :  - No. of Wizards: 19
2015-08-17 19:12:53 : Training Troops...
2015-08-17 19:13:02 : Spell Factory Full
2015-08-17 19:13:04 : Time Idle: 00:03:02
2015-08-17 19:13:04 : ====== Waiting for full army ======
2015-08-17 19:13:16 : Checking Army Camp...
2015-08-17 19:13:18 : Total Army Camp capacity: 203/220
2015-08-17 19:13:19 :  - No. of Archers: 32
2015-08-17 19:13:19 :  - No. of Giants: 19
2015-08-17 19:13:19 :  - No. of Wizards: 19
2015-08-17 19:13:20 : Training Troops...
2015-08-17 19:13:28 : Spell Factory Full
2015-08-17 19:13:30 : Time Idle: 00:03:29
2015-08-17 19:13:30 : ====== Waiting for full army ======
2015-08-17 19:13:42 : Checking Army Camp...
2015-08-17 19:13:44 : Total Army Camp capacity: 207/220
2015-08-17 19:13:45 :  - No. of Archers: 36
2015-08-17 19:13:45 :  - No. of Giants: 19
2015-08-17 19:13:45 :  - No. of Wizards: 19
2015-08-17 19:13:46 : Training Troops...
2015-08-17 19:13:55 : Spell Factory Full
2015-08-17 19:13:57 : Time Idle: 00:03:55
2015-08-17 19:13:57 : ====== Waiting for full army ======
2015-08-17 19:14:09 : Checking Army Camp...
2015-08-17 19:14:11 : Total Army Camp capacity: 211/220
2015-08-17 19:14:12 :  - No. of Archers: 41
2015-08-17 19:14:12 :  - No. of Giants: 19
2015-08-17 19:14:12 :  - No. of Wizards: 19
2015-08-17 19:14:13 : Training Troops...
2015-08-17 19:14:22 : Spell Factory Full
2015-08-17 19:14:24 : Time Idle: 00:04:22
2015-08-17 19:14:24 : ====== Waiting for full army ======
2015-08-17 19:14:36 : Checking Army Camp...
2015-08-17 19:14:38 : Total Army Camp capacity: 216/220
2015-08-17 19:14:39 :  - No. of Archers: 45
2015-08-17 19:14:39 :  - No. of Giants: 19
2015-08-17 19:14:39 :  - No. of Wizards: 19
2015-08-17 19:14:40 : Training Troops...
2015-08-17 19:14:48 : Spell Factory Full
2015-08-17 19:14:50 : Time Idle: 00:04:48
2015-08-17 19:14:50 : ====== Waiting for full army ======
2015-08-17 19:15:02 : Collecting Resources
2015-08-17 19:15:08 : Checking Army Camp...
2015-08-17 19:15:10 : Total Army Camp capacity: 220/220
2015-08-17 19:15:11 :  - No. of Archers: 49
2015-08-17 19:15:12 :  - No. of Giants: 19
2015-08-17 19:15:12 :  - No. of Wizards: 19
2015-08-17 19:15:12 : Training Troops...
2015-08-17 19:15:13 : Your Army Camps are now Full
2015-08-17 19:15:13 : Too many Giant, train last.
2015-08-17 19:15:13 : Too many Wiza, train last.
2015-08-17 19:15:13 : Too few Arch, train first.
2015-08-17 19:15:13 : Too few Barb, train first.
2015-08-17 19:15:39 : Spell Factory not found...
2015-08-17 19:15:41 : Going to Attack...
2015-08-17 19:15:47 : ============== Searching For Dead Base ===============
2015-08-17 19:15:47 : ~~~~~~~~~~~~~~~ SEARCH CONDITIONS ~~~~~~~~~~~~~~~~
2015-08-17 19:15:47 : Meet: Gold or Elixir, Max TH 8
2015-08-17 19:15:47 : ~~~~~~~~~~~~~~ RESOURCE CONDITIONS ~~~~~~~~~~~~~~~
2015-08-17 19:15:47 : Aim: [G]:      0 [E]:      0 [D]:    0 [T]: 0 [TH]: 8 for: Dead Base
2015-08-17 19:15:47 : ============== Searching For Live Base ===============
2015-08-17 19:15:47 : ~~~~~~~~~~~~~~~ SEARCH CONDITIONS ~~~~~~~~~~~~~~~~
2015-08-17 19:15:47 : Meet: Gold or Elixir, Max TH 8
2015-08-17 19:15:47 : ~~~~~~~~~~~~~~ RESOURCE CONDITIONS ~~~~~~~~~~~~~~~
2015-08-17 19:15:47 : Aim: [G]:      0 [E]:      0 [D]:    0 [T]: 0 [TH]: 8 for: Live Base
2015-08-17 19:15:47 : ~~~~~~~~~~~~~~~ ADVANCED SETTINGS ~~~~~~~~~~~~~~~~
2015-08-17 19:15:47 : THSnipe Combo, 5 Tile(s), , Attack6:PB6
2015-08-17 19:15:47 : ==================================================
2015-08-17 19:15:51 :   1> [G]:  34668 [E]:  35818 [D]:  764 [T]:15 [TH]:10, In
2015-08-17 19:15:57 :   2> [G]: 108530 [E]: 123292 [D]:  183 [T]:11 [TH]:10, In
2015-08-17 19:16:01 :   3> [G]:  32760 [E]:  30193 [D]:   79 [T]:22 [TH]: 9, In
2015-08-17 19:16:05 :   4> [G]:   3952 [E]:  36626 [D]:  435 [T]:25 [TH]: 9, In
2015-08-17 19:16:14 :   5> [G]:  22863 [E]: 109003 [D]:  570 [T]: 9 [TH]: 9, In
2015-08-17 19:16:19 :   6> [G]: 121715 [E]:   5690 [D]:  659 [T]:24 [TH]: 9, In
2015-08-17 19:16:24 :   7> [G]:  28422 [E]:  57477 [D]: 1332 [T]:18 [TH]: 9, In
2015-08-17 19:16:31 :   8> [G]:  85696 [E]:  33867 [D]: 1475 [T]:33 [TH]:10, In
2015-08-17 19:16:36 :   9> [G]:  21049 [E]:   6032 [D]:  459 [T]:28 [TH]: 9, In
2015-08-17 19:16:42 :  10> [G]: 139797 [E]: 141744 [D]: 2376 [T]:34 [TH]: 9, In
2015-08-17 19:16:45 :  11> [G]:  52287 [E]:  34996 [D]:  563 [T]:17 [TH]: 9, In
2015-08-17 19:16:52 :  12> [G]: 143523 [E]:  86093 [D]:  504 [T]:15 [TH]:10, In
2015-08-17 19:17:00 :  13> [G]:   3200 [E]: 120495 [D]:  411 [T]:10 [TH]: 9, In
2015-08-17 19:17:06 :  14> [G]:  81766 [E]:  62222 [D]:  902 [T]: 9 [TH]: 9, In
2015-08-17 19:17:10 :  15> [G]:  75481 [E]: 110800 [D]:  614 [T]:13 [TH]: 9, In
2015-08-17 19:17:14 :  16> [G]: 134335 [E]: 108215 [D]:  738 [T]:12 [TH]: 9, In
2015-08-17 19:17:22 :  17> [G]: 117321 [E]: 400233 [D]: 2404 [T]: 9 [TH]: 9, In
2015-08-17 19:17:27 :  18> [G]:  36966 [E]:  22254 [D]:  398 [T]: 7 [TH]: 8, In
2015-08-17 19:17:27 : ~~~~~~~~~~~~~~~~ Live Base Found! ~~~~~~~~~~~~~~~~
2015-08-17 19:17:27 : ================ Search Complete =================
2015-08-17 19:17:27 : Initiating attack for: Live Base
2015-08-17 19:17:30 : -Archers 49
2015-08-17 19:17:30 : -Giants 19
2015-08-17 19:17:30 : -Wizards 19
2015-08-17 19:17:30 : -Clan Castle 
2015-08-17 19:17:30 : -King 
2015-08-17 19:17:30 : -Heal Spells 4
2015-08-17 19:17:30 :  ====== Start Attack ====== 
2015-08-17 19:17:32 : Calculating Smart Attack Strategy
2015-08-17 19:17:33 : Calculated  (in 1.02 seconds) :
2015-08-17 19:17:33 : Locating Mines, Collectors & Drills
2015-08-17 19:17:39 : Located  (in 5.53 seconds) :
2015-08-17 19:17:39 : [5] Gold Mines
2015-08-17 19:17:39 : [0] Elixir Collectors
2015-08-17 19:17:39 : [2] Dark Elixir Drill/s
2015-08-17 19:17:39 : Attacking on all sides
2015-08-17 19:17:40 : Dropping first wave of Giants 19
2015-08-17 19:17:46 : Dropping first wave of Archers 25
2015-08-17 19:17:48 : Dropping Clan Castle
2015-08-17 19:17:49 : Dropping first wave of Wizards 19
2015-08-17 19:17:53 : Dropping second wave of Archers 25
2015-08-17 19:17:55 : Dropping King
2015-08-17 19:17:58 : Dropping left over troops
2015-08-17 19:17:58 : Checking remaining unused troops for: Live Base
2015-08-17 19:18:00 : -Clan Castle 
2015-08-17 19:18:00 : -Heal Spells 4
2015-08-17 19:18:04 : King is getting weak, Activating King's power
2015-08-17 19:18:09 : Checking remaining unused troops for: Live Base
2015-08-17 19:18:12 : -Clan Castle 
2015-08-17 19:18:12 : -Heal Spells 4
2015-08-17 19:18:17 : ClashGameBot was Paused!
2015-08-17 19:18:56 : ClashGameBot was Resumed.
2015-08-17 19:18:59 : Finished Attacking, waiting for the battle to end
2015-08-17 19:18:59 : Checking if the battle has finished
2015-08-17 19:19:01 : detected [G]: 36424 [E]: 14499 [DE]: 0 |  Exit in 178 sec.
2015-08-17 19:19:03 : detected [G]: 36424 [E]: 14499 [DE]:  |  Exit in 176 sec.
2015-08-17 19:19:03 : Gold & Elixir & DE no change detected, exit
2015-08-17 19:19:03 : Returning Home
2015-08-17 19:19:08 : Loot: [G]: 542 [E]: 7 755 [DE]: 398 [T]: 2
2015-08-17 19:19:08 : Bonus [G]: 100 000 [E]: 100 000 [DE]: 500
2015-08-17 19:19:11 : Your league level is: Master III
2015-08-17 19:19:11 : Stars earned: 1
2015-08-17 19:19:18 : Trying to locate Main Screen
2015-08-17 19:19:18 : Main Screen Located
2015-08-17 19:19:20 : Village Report
2015-08-17 19:19:20 : No. of Free/Total Builders: 0/4
2015-08-17 19:19:20 :  [T]: 2 667
2015-08-17 19:19:20 :  [G]: 2 953 680 [E]: 3 066 545 [D]: 33 415 [GEM]: 57
2015-08-17 19:19:21 : Collecting Resources
2015-08-17 19:19:33 : Chat Request: witch po sana
2015-08-17 19:19:33 : Witches Keyword found: witch
2015-08-17 19:19:36 : No Witches available to donate..
2015-08-17 19:19:38 : Checking Army Camp...
2015-08-17 19:19:40 : Total Army Camp capacity: 39/220
2015-08-17 19:19:41 :  - No. of Archers: 39
2015-08-17 19:19:41 : Training Troops...
2015-08-17 19:19:49 : Spell Factory Full
2015-08-17 19:19:49 : Created 1 Spell(s)
2015-08-17 19:19:51 : 0
2015-08-17 19:19:52 : Requesting Clan Castle Troops
2015-08-17 19:19:58 : ====== Waiting for full army ======
2015-08-17 19:20:10 : Checking Army Camp...
2015-08-17 19:20:12 : Total Army Camp capacity: 44/220
2015-08-17 19:20:13 :  - No. of Archers: 44
2015-08-17 19:20:13 : Training Troops...
2015-08-17 19:20:19 : Spell Factory Full
2015-08-17 19:20:21 : Time Idle: 00:00:23
2015-08-17 19:20:22 : ====== Waiting for full army ======
2015-08-17 19:20:33 : Checking Army Camp...
2015-08-17 19:20:35 : Total Army Camp capacity: 48/220
2015-08-17 19:20:36 :  - No. of Archers: 48
2015-08-17 19:20:37 : Training Troops...
2015-08-17 19:20:45 : Spell Factory Full
2015-08-17 19:20:47 : Time Idle: 00:00:48
2015-08-17 19:20:47 : ====== Waiting for full army ======
2015-08-17 19:20:59 : Checking Army Camp...
2015-08-17 19:21:00 : Total Army Camp capacity: 53/220
2015-08-17 19:21:01 :  - No. of Barbarians: 5
2015-08-17 19:21:01 :  - No. of Archers: 48
2015-08-17 19:21:02 : Training Troops...
2015-08-17 19:21:10 : Spell Factory Full
2015-08-17 19:21:12 : Time Idle: 00:01:12
2015-08-17 19:21:12 : ====== Waiting for full army ======
2015-08-17 19:21:24 : Checking Army Camp...
2015-08-17 19:21:25 : Total Army Camp capacity: 58/220
2015-08-17 19:21:26 :  - No. of Barbarians: 10
2015-08-17 19:21:27 :  - No. of Archers: 48
2015-08-17 19:21:27 : Training Troops...
2015-08-17 19:21:34 : Spell Factory Full
2015-08-17 19:21:36 : Time Idle: 00:01:37
2015-08-17 19:21:37 : ====== Waiting for full army ======
2015-08-17 19:21:48 : Checking Army Camp...
2015-08-17 19:21:50 : Total Army Camp capacity: 63/220
2015-08-17 19:21:51 :  - No. of Barbarians: 15
2015-08-17 19:21:51 :  - No. of Archers: 48
2015-08-17 19:21:52 : Training Troops...
2015-08-17 19:22:00 : Spell Factory Full
2015-08-17 19:22:02 : Time Idle: 00:02:02
2015-08-17 19:22:02 : ====== Waiting for full army ======
2015-08-17 19:22:05 : ClashGameBot was Paused!
2015-08-17 19:23:33 : ClashGameBot was Resumed.
2015-08-17 19:23:41 : Checking Army Camp...
2015-08-17 19:23:43 : Total Army Camp capacity: 85/220
2015-08-17 19:23:44 :  - No. of Barbarians: 38
2015-08-17 19:23:44 :  - No. of Archers: 48
2015-08-17 19:23:45 : Training Troops...
2015-08-17 19:23:53 : Spell Factory Full
2015-08-17 19:23:55 : Time Idle: 00:03:55
2015-08-17 19:23:55 : ====== Waiting for full army ======
2015-08-17 19:24:07 : Checking Army Camp...
2015-08-17 19:24:09 : Total Army Camp capacity: 91/220
2015-08-17 19:24:10 :  - No. of Barbarians: 43
2015-08-17 19:24:10 :  - No. of Archers: 48
2015-08-17 19:24:10 : Training Troops...
2015-08-17 19:24:18 : Spell Factory Full
2015-08-17 19:24:20 : Time Idle: 00:04:20
2015-08-17 19:24:20 : ====== Waiting for full army ======
2015-08-17 19:24:32 : Checking Army Camp...
2015-08-17 19:24:34 : Total Army Camp capacity: 96/220
2015-08-17 19:24:35 :  - No. of Barbarians: 48
2015-08-17 19:24:35 :  - No. of Archers: 48
2015-08-17 19:24:36 : Training Troops...
2015-08-17 19:24:44 : Checking Army Camp...
2015-08-17 19:24:45 : Total Army Camp capacity: 96/220
2015-08-17 19:24:46 :  - No. of Barbarians: 48
2015-08-17 19:24:47 :  - No. of Archers: 48
2015-08-17 19:24:47 : Training Troops...
2015-08-17 19:24:59 : Spell Factory Full
2015-08-17 19:25:01 : Time Idle: 00:05:01
2015-08-17 19:25:01 : ====== Waiting for full army ======
2015-08-17 19:25:13 : Checking Army Camp...
2015-08-17 19:25:15 : Total Army Camp capacity: 98/220
2015-08-17 19:25:16 :  - No. of Barbarians: 48
2015-08-17 19:25:16 :  - No. of Archers: 50
2015-08-17 19:25:17 : Training Troops...
2015-08-17 19:25:24 : Spell Factory Full
2015-08-17 19:25:26 : Time Idle: 00:05:25
2015-08-17 19:25:26 : ====== Waiting for full army ======
2015-08-17 19:25:28 : ClashGameBot was Paused!
2015-08-17 19:26:01 : ClashGameBot was Resumed.
2015-08-17 19:26:06 : Chat Request: witch po sana
2015-08-17 19:26:06 : Witches Keyword found: witch
2015-08-17 19:26:09 : Unable to donate Witches. Donate screen not visible, will retry next run.
2015-08-17 19:26:17 : Checking Army Camp...
2015-08-17 19:26:19 : Total Army Camp capacity: 108/220
2015-08-17 19:26:21 : Training Troops...
2015-08-17 19:26:28 : Spell Factory Full
2015-08-17 19:26:30 : Time Idle: 00:06:29
2015-08-17 19:26:31 : ====== Waiting for full army ======
2015-08-17 19:26:42 : Collecting Resources
2015-08-17 19:26:50 : Checking Army Camp...
2015-08-17 19:26:52 : Total Army Camp capacity: 113/220
2015-08-17 19:26:53 :  - No. of Barbarians: 48
2015-08-17 19:26:53 :  - No. of Archers: 65
2015-08-17 19:26:54 : Training Troops...
2015-08-17 19:27:01 : Spell Factory Full
2015-08-17 19:27:03 : Time Idle: 00:07:02
2015-08-17 19:27:03 : ====== Waiting for full army ======
2015-08-17 19:27:15 : Checking Army Camp...
2015-08-17 19:27:17 : Total Army Camp capacity: 117/220
2015-08-17 19:27:18 :  - No. of Barbarians: 48
2015-08-17 19:27:18 :  - No. of Archers: 69
2015-08-17 19:27:19 : Training Troops...
2015-08-17 19:27:26 : Spell Factory Full
2015-08-17 19:27:28 : Time Idle: 00:07:27
2015-08-17 19:27:28 : ====== Waiting for full army ======
2015-08-17 19:27:40 : Checking Army Camp...
2015-08-17 19:27:42 : Total Army Camp capacity: 121/220
2015-08-17 19:27:43 :  - No. of Barbarians: 48
2015-08-17 19:27:43 :  - No. of Archers: 73
2015-08-17 19:27:44 : Training Troops...
2015-08-17 19:27:51 : Spell Factory Full
2015-08-17 19:27:53 : Time Idle: 00:07:51
2015-08-17 19:27:53 : ====== Waiting for full army ======
2015-08-17 19:27:55 : Chat Request: witch po sana
2015-08-17 19:27:55 : Witches Keyword found: witch
2015-08-17 19:27:58 : Unable to donate Witches. Donate screen not visible, will retry next run.
2015-08-17 19:28:10 : Checking Army Camp...
2015-08-17 19:28:12 : Total Army Camp capacity: 126/220
2015-08-17 19:28:13 :  - No. of Barbarians: 48
2015-08-17 19:28:14 :  - No. of Archers: 79
2015-08-17 19:28:14 : Training Troops...
2015-08-17 19:28:22 : Spell Factory Full
2015-08-17 19:28:24 : Time Idle: 00:08:21
2015-08-17 19:28:24 : ====== Waiting for full army ======
2015-08-17 19:28:36 : Checking Army Camp...
2015-08-17 19:28:37 : Total Army Camp capacity: 130/220
2015-08-17 19:28:38 :  - No. of Barbarians: 48
2015-08-17 19:28:39 :  - No. of Archers: 83
2015-08-17 19:28:39 : Training Troops...
2015-08-17 19:28:47 : Spell Factory Full
2015-08-17 19:28:48 : Time Idle: 00:08:46
2015-08-17 19:28:49 : ====== Waiting for full army ======
2015-08-17 19:29:00 : Checking Army Camp...
2015-08-17 19:29:02 : Total Army Camp capacity: 134/220
2015-08-17 19:29:03 :  - No. of Barbarians: 48
2015-08-17 19:29:04 :  - No. of Archers: 87
2015-08-17 19:29:04 : Training Troops...
2015-08-17 19:29:12 : Spell Factory Full
2015-08-17 19:29:14 : Time Idle: 00:09:11
2015-08-17 19:29:14 : ====== Waiting for full army ======
2015-08-17 19:29:25 : Checking Army Camp...
2015-08-17 19:29:27 : Total Army Camp capacity: 138/220
2015-08-17 19:29:28 :  - No. of Barbarians: 48
2015-08-17 19:29:29 :  - No. of Archers: 91
2015-08-17 19:29:29 : Training Troops...
2015-08-17 19:29:37 : Spell Factory Full
2015-08-17 19:29:38 : Time Idle: 00:09:35
2015-08-17 19:29:39 : ====== Waiting for full army ======
2015-08-17 19:29:50 : Checking Army Camp...
2015-08-17 19:29:52 : Total Army Camp capacity: 142/220
2015-08-17 19:29:53 :  - No. of Barbarians: 48
2015-08-17 19:29:53 :  - No. of Archers: 95
2015-08-17 19:29:54 : Training Troops...
2015-08-17 19:30:01 : Spell Factory Full
2015-08-17 19:30:03 : Time Idle: 00:10:00
2015-08-17 19:30:03 : ====== Waiting for full army ======
2015-08-17 19:30:15 : Checking Army Camp...
2015-08-17 19:30:17 : Total Army Camp capacity: 146/220
2015-08-17 19:30:18 :  - No. of Barbarians: 48
2015-08-17 19:30:18 :  - No. of Archers: 99
2015-08-17 19:30:19 : Training Troops...
2015-08-17 19:30:26 : Spell Factory Full
2015-08-17 19:30:28 : Time Idle: 00:10:25
2015-08-17 19:30:28 : ====== Waiting for full army ======
2015-08-17 19:30:40 : Checking Army Camp...
2015-08-17 19:30:42 : Total Army Camp capacity: 150/220
2015-08-17 19:30:43 :  - No. of Barbarians: 48
2015-08-17 19:30:43 :  - No. of Archers: 102
2015-08-17 19:30:44 : Training Troops...
2015-08-17 19:30:51 : Spell Factory Full
2015-08-17 19:30:53 : Time Idle: 00:10:49
2015-08-17 19:30:53 : ====== Waiting for full army ======
2015-08-17 19:31:11 : Waiting for Main Screen
2015-08-17 19:31:13 : Village must take a break, wait ...
2015-08-17 19:34:00 : Zooming Out
2015-08-17 19:34:05 : Trying to locate Main Screen
2015-08-17 19:34:05 : Main Screen Located
2015-08-17 19:34:07 : Village Report
2015-08-17 19:34:07 : No. of Free/Total Builders: 0/4
2015-08-17 19:34:07 :  [T]: 2 660
2015-08-17 19:34:07 :  [G]: 2 957 559 [E]: 3 024 849 [D]: 31 754 [GEM]: 57
2015-08-17 19:34:08 : Collecting Resources
2015-08-17 19:34:19 : Chat Request: witch po sana
2015-08-17 19:34:19 : Witches Keyword found: witch
2015-08-17 19:34:22 : Unable to donate Witches. Donate screen not visible, will retry next run.
2015-08-17 19:34:24 : Checking Army Camp...
2015-08-17 19:34:26 : Total Army Camp capacity: 176/220
2015-08-17 19:34:27 :  - No. of Barbarians: 48
2015-08-17 19:34:27 :  - No. of Archers: 128
2015-08-17 19:34:28 : Training Troops...
2015-08-17 19:34:36 : Checking Army Camp...
2015-08-17 19:34:38 : Total Army Camp capacity: 176/220
2015-08-17 19:34:39 :  - No. of Barbarians: 48
2015-08-17 19:34:39 :  - No. of Archers: 128
2015-08-17 19:34:40 : Training Troops...
2015-08-17 19:34:51 : Spell Factory Full
2015-08-17 19:34:53 : 0
2015-08-17 19:34:54 : Requesting Clan Castle Troops
2015-08-17 19:34:55 : Request has already been made
2015-08-17 19:34:57 : ====== Waiting for full army ======
2015-08-17 19:35:08 : Checking Army Camp...
2015-08-17 19:35:10 : Total Army Camp capacity: 179/220
2015-08-17 19:35:11 :  - No. of Barbarians: 48
2015-08-17 19:35:11 :  - No. of Archers: 131
2015-08-17 19:35:12 : Training Troops...
2015-08-17 19:35:19 : Spell Factory Full
2015-08-17 19:35:21 : Time Idle: 00:00:24
2015-08-17 19:35:22 : ====== Waiting for full army ======
2015-08-17 19:35:33 : Collecting Resources
2015-08-17 19:35:39 : Checking Army Camp...
2015-08-17 19:35:41 : Total Army Camp capacity: 184/220
2015-08-17 19:35:42 :  - No. of Barbarians: 48
2015-08-17 19:35:42 :  - No. of Archers: 136
2015-08-17 19:35:43 : Training Troops...
2015-08-17 19:35:50 : Spell Factory Full
2015-08-17 19:35:52 : Time Idle: 00:00:55
2015-08-17 19:35:52 : ====== Waiting for full army ======
2015-08-17 19:36:04 : Checking Army Camp...
2015-08-17 19:36:06 : Total Army Camp capacity: 188/220
2015-08-17 19:36:07 :  - No. of Barbarians: 48
2015-08-17 19:36:07 :  - No. of Archers: 140
2015-08-17 19:36:08 : Training Troops...
2015-08-17 19:36:16 : Spell Factory Full
2015-08-17 19:36:16 : Created 1 Spell(s)
2015-08-17 19:36:18 : Time Idle: 00:01:21
2015-08-17 19:36:19 : ====== Waiting for full army ======
2015-08-17 19:36:30 : Checking Army Camp...
2015-08-17 19:36:32 : Total Army Camp capacity: 192/220
2015-08-17 19:36:33 :  - No. of Barbarians: 48
2015-08-17 19:36:33 :  - No. of Archers: 144
2015-08-17 19:36:34 : Training Troops...
2015-08-17 19:36:42 : Spell Factory Full
2015-08-17 19:36:44 : Time Idle: 00:01:46
2015-08-17 19:36:44 : ====== Waiting for full army ======
2015-08-17 19:36:56 : Checking Army Camp...
2015-08-17 19:36:57 : Total Army Camp capacity: 196/220
2015-08-17 19:36:59 :  - No. of Barbarians: 48
2015-08-17 19:36:59 :  - No. of Archers: 148
2015-08-17 19:36:59 : Training Troops...
2015-08-17 19:37:07 : Spell Factory Full
2015-08-17 19:37:09 : Time Idle: 00:02:11
2015-08-17 19:37:09 : ====== Waiting for full army ======
2015-08-17 19:37:21 : Checking Army Camp...
2015-08-17 19:37:23 : Total Army Camp capacity: 200/220
2015-08-17 19:37:24 :  - No. of Barbarians: 48
2015-08-17 19:37:24 :  - No. of Archers: 152
2015-08-17 19:37:25 : Training Troops...
2015-08-17 19:37:32 : Spell Factory Full
2015-08-17 19:37:34 : Time Idle: 00:02:35
2015-08-17 19:37:34 : ====== Waiting for full army ======
2015-08-17 19:37:46 : Checking Army Camp...
2015-08-17 19:37:48 : Total Army Camp capacity: 204/220
2015-08-17 19:37:49 :  - No. of Barbarians: 48
2015-08-17 19:37:49 :  - No. of Archers: 156
2015-08-17 19:37:49 : Training Troops...
2015-08-17 19:37:57 : Spell Factory Full
2015-08-17 19:37:59 : Time Idle: 00:03:00
2015-08-17 19:37:59 : ====== Waiting for full army ======
2015-08-17 19:38:11 : Checking Army Camp...
2015-08-17 19:38:13 : Total Army Camp capacity: 208/220
2015-08-17 19:38:14 :  - No. of Barbarians: 48
2015-08-17 19:38:14 :  - No. of Archers: 160
2015-08-17 19:38:15 : Training Troops...
2015-08-17 19:38:22 : Spell Factory Full
2015-08-17 19:38:24 : Time Idle: 00:03:25
2015-08-17 19:38:24 : ====== Waiting for full army ======
2015-08-17 19:38:26 : Chat Request: hog,arch wiz
2015-08-17 19:38:26 : Archers Keyword found: arc
2015-08-17 19:38:26 : Donating Archers
2015-08-17 19:38:28 : Chat Request: witch po sana
2015-08-17 19:38:28 : Witches Keyword found: witch
2015-08-17 19:38:31 : Unable to donate Witches. Donate screen not visible, will retry next run.
2015-08-17 19:38:44 : Checking Army Camp...
2015-08-17 19:38:46 : Total Army Camp capacity: 207/220
2015-08-17 19:38:47 :  - No. of Barbarians: 48
2015-08-17 19:38:47 :  - No. of Archers: 159
2015-08-17 19:38:48 : Training Troops...
2015-08-17 19:38:55 : Spell Factory Full
2015-08-17 19:38:57 : Time Idle: 00:03:58
2015-08-17 19:38:57 : ====== Waiting for full army ======
2015-08-17 19:39:09 : Checking Army Camp...
2015-08-17 19:39:11 : Total Army Camp capacity: 211/220
2015-08-17 19:39:12 :  - No. of Barbarians: 48
2015-08-17 19:39:12 :  - No. of Archers: 163
2015-08-17 19:39:13 : Training Troops...
2015-08-17 19:39:20 : Spell Factory Full
2015-08-17 19:39:22 : Time Idle: 00:04:22
2015-08-17 19:39:22 : ====== Waiting for full army ======
2015-08-17 19:39:33 : Checking Army Camp...
2015-08-17 19:39:35 : Total Army Camp capacity: 215/220
2015-08-17 19:39:37 :  - No. of Barbarians: 48
2015-08-17 19:39:37 :  - No. of Archers: 167
2015-08-17 19:39:37 : Training Troops...
2015-08-17 19:39:45 : Spell Factory Full
2015-08-17 19:39:47 : Time Idle: 00:04:47
2015-08-17 19:39:47 : ====== Waiting for full army ======
2015-08-17 19:39:59 : Checking Army Camp...
2015-08-17 19:40:00 : Total Army Camp capacity: 219/220
2015-08-17 19:40:02 :  - No. of Barbarians: 48
2015-08-17 19:40:02 :  - No. of Archers: 171
2015-08-17 19:40:02 : Training Troops...
2015-08-17 19:40:03 : Your Army Camps are now Full
2015-08-17 19:40:03 : Too few Arch, train first.
2015-08-17 19:40:03 : Too few Barb, train first.
2015-08-17 19:40:23 : Spell Factory not found...
2015-08-17 19:40:25 : Going to Attack...
2015-08-17 19:40:30 : ============== Searching For Dead Base ===============
2015-08-17 19:40:30 : ~~~~~~~~~~~~~~~ SEARCH CONDITIONS ~~~~~~~~~~~~~~~~
2015-08-17 19:40:30 : Meet: Gold or Elixir, Max TH 8
2015-08-17 19:40:30 : ~~~~~~~~~~~~~~ RESOURCE CONDITIONS ~~~~~~~~~~~~~~~
2015-08-17 19:40:30 : Aim: [G]:      0 [E]:      0 [D]:    0 [T]: 0 [TH]: 8 for: Dead Base
2015-08-17 19:40:30 : ============== Searching For Live Base ===============
2015-08-17 19:40:30 : ~~~~~~~~~~~~~~~ SEARCH CONDITIONS ~~~~~~~~~~~~~~~~
2015-08-17 19:40:30 : Meet: Gold or Elixir, Max TH 8
2015-08-17 19:40:30 : ~~~~~~~~~~~~~~ RESOURCE CONDITIONS ~~~~~~~~~~~~~~~
2015-08-17 19:40:30 : Aim: [G]:      0 [E]:      0 [D]:    0 [T]: 0 [TH]: 8 for: Live Base
2015-08-17 19:40:30 : ~~~~~~~~~~~~~~~ ADVANCED SETTINGS ~~~~~~~~~~~~~~~~
2015-08-17 19:40:30 : THSnipe Combo, 5 Tile(s), , Attack6:PB6
2015-08-17 19:40:30 : ==================================================
2015-08-17 19:40:35 :   1> [G]:  52242 [E]:  24450 [D]:  263 [T]:25 [TH]: 9, In
2015-08-17 19:40:42 :   2> [G]: 199193 [E]: 109788 [D]:  327 [T]:25 [TH]:10, In
2015-08-17 19:40:51 :   3> [G]: 236137 [E]:  99744 [D]:  320 [T]:24 [TH]:10, In
2015-08-17 19:40:58 :   4> [G]: 101204 [E]: 235483 [D]:  613 [T]:20 [TH]:10, In
2015-08-17 19:41:03 :   5> [G]: 105941 [E]:  11700 [D]: 1302 [T]:21 [TH]: 9, In
2015-08-17 19:41:07 :   6> [G]:  26738 [E]: 104166 [D]:  508 [T]:11 [TH]: 9, In
2015-08-17 19:41:12 :   7> [G]:  31103 [E]:  62665 [D]:  679 [T]:21 [TH]: 9, In
2015-08-17 19:41:17 :   8> [G]:   8504 [E]:  41821 [D]:  269 [T]:24 [TH]: 9, In
2015-08-17 19:41:23 :   9> [G]:  38240 [E]:  68216 [D]:  689 [T]:22 [TH]:10, In
2015-08-17 19:41:31 :  10> [G]: 170551 [E]:  63076 [D]: 1580 [T]:14 [TH]:10, In
2015-08-17 19:41:35 :  11> [G]:  43233 [E]:  24693 [D]:  167 [T]:19 [TH]:10, In
2015-08-17 19:41:39 :  12> [G]:  59567 [E]: 112001 [D]:  521 [T]:32 [TH]: 9, In
2015-08-17 19:41:43 :  13> [G]:  26310 [E]:  14863 [D]:  382 [T]:38 [TH]: 9, In
2015-08-17 19:41:51 :  14> [G]: 201708 [E]: 217651 [D]:  884 [T]:29 [TH]:10, In
2015-08-17 19:41:57 :  15> [G]:  61931 [E]: 109439 [D]:  473 [T]:19 [TH]:10, In
2015-08-17 19:42:01 :  16> [G]: 175126 [E]: 271505 [D]: 1756 [T]: 9 [TH]: 8, In
2015-08-17 19:42:02 : ~~~~~~~~~~~~~~~~ Live Base Found! ~~~~~~~~~~~~~~~~
2015-08-17 19:42:02 : ================ Search Complete =================
2015-08-17 19:42:02 : Initiating attack for: Live Base
2015-08-17 19:42:04 : -Barbarians 48
2015-08-17 19:42:04 : -Archers 172
2015-08-17 19:42:04 : -Clan Castle 
2015-08-17 19:42:04 : -Heal Spells 3
2015-08-17 19:42:04 :  ====== Start Attack ====== 
2015-08-17 19:42:06 : Calculating Smart Attack Strategy
2015-08-17 19:42:07 : Calculated  (in 0.61 seconds) :
2015-08-17 19:42:07 : Locating Mines, Collectors & Drills
2015-08-17 19:42:11 : Located  (in 3.68 seconds) :
2015-08-17 19:42:11 : [6] Gold Mines
2015-08-17 19:42:11 : [0] Elixir Collectors
2015-08-17 19:42:11 : [2] Dark Elixir Drill/s
2015-08-17 19:42:11 : Attacking on all sides
2015-08-17 19:42:13 : Dropping first wave of Barbarians 24
2015-08-17 19:42:16 : Dropping first wave of Archers 86
2015-08-17 19:42:20 : Dropping Clan Castle
2015-08-17 19:42:21 : Dropping second wave of Barbarians 24
2015-08-17 19:42:24 : Dropping second wave of Archers 86
2015-08-17 19:42:31 : Dropping left over troops
2015-08-17 19:42:31 : Checking remaining unused troops for: Live Base
2015-08-17 19:42:33 : -Clan Castle 
2015-08-17 19:42:33 : -Heal Spells 3
2015-08-17 19:42:42 : Checking remaining unused troops for: Live Base
2015-08-17 19:42:45 : -Clan Castle 
2015-08-17 19:42:45 : -Heal Spells 3
2015-08-17 19:42:53 : Finished Attacking, waiting for the battle to end
2015-08-17 19:42:53 : Checking if the battle has finished
2015-08-17 19:42:56 : detected [G]: 174412 [E]: 270520 [DE]: 1752 |  Exit in 178 sec.
2015-08-17 19:42:56 : Gold & Elixir & DE change detected, waiting...
2015-08-17 19:42:59 : detected [G]: 173972 [E]: 270070 [DE]: 1752 |  Exit in 178 sec.
2015-08-17 19:42:59 : Gold & Elixir & DE change detected, waiting...
2015-08-17 19:43:02 : detected [G]: 173892 [E]: 270000 [DE]: 1752 |  Exit in 178 sec.
2015-08-17 19:43:04 : detected [G]: 173892 [E]: 270000 [DE]: 1752 |  Exit in 176 sec.
2015-08-17 19:43:06 : detected [G]: 173892 [E]: 270000 [DE]: 1752 |  Exit in 175 sec.
2015-08-17 19:43:07 : detected [G]: 173892 [E]: 270000 [DE]: 1752 |  Exit in 173 sec.
2015-08-17 19:43:09 : detected [G]: 173892 [E]: 270000 [DE]: 1752 |  Exit in 171 sec.
2015-08-17 19:43:11 : detected [G]: 173892 [E]: 270000 [DE]: 1752 |  Exit in 169 sec.
2015-08-17 19:43:12 : detected [G]: 173892 [E]: 270000 [DE]: 1752 |  Exit in 168 sec.
2015-08-17 19:43:14 : detected [G]: 173892 [E]: 270000 [DE]: 1752 |  Exit in 166 sec.
2015-08-17 19:43:16 : detected [G]: 173892 [E]: 270000 [DE]: 1752 |  Exit in 164 sec.
2015-08-17 19:43:18 : detected [G]: 173892 [E]: 270000 [DE]: 1752 |  Exit in 163 sec.
2015-08-17 19:43:19 : detected [G]: 173892 [E]: 270000 [DE]: 1752 |  Exit in 161 sec.
2015-08-17 19:43:21 : detected [G]: 173892 [E]: 270000 [DE]: 1752 |  Exit in 159 sec.
2015-08-17 19:43:23 : detected [G]: 173892 [E]: 270000 [DE]: 1752 |  Exit in 158 sec.
2015-08-17 19:43:24 : detected [G]: 173892 [E]: 270000 [DE]: 1752 |  Exit in 156 sec.
2015-08-17 19:43:26 : detected [G]: 173892 [E]: 270000 [DE]: 1752 |  Exit in 154 sec.
2015-08-17 19:43:28 : detected [G]: 173892 [E]: 270000 [DE]: 1752 |  Exit in 152 sec.
2015-08-17 19:43:29 : detected [G]: 173892 [E]: 270000 [DE]: 1752 |  Exit in 151 sec.
2015-08-17 19:43:31 : detected [G]: 173892 [E]: 270000 [DE]: 1752 |  Exit in 149 sec.
2015-08-17 19:43:33 : detected [G]: 173892 [E]: 270000 [DE]: 1752 |  Exit in 147 sec.
2015-08-17 19:43:35 : detected [G]: 173892 [E]: 270000 [DE]: 1752 |  Exit in 146 sec.
2015-08-17 19:43:36 : detected [G]: 173892 [E]: 270000 [DE]: 1752 |  Exit in 144 sec.
2015-08-17 19:43:38 : detected [G]: 173892 [E]: 270000 [DE]: 1752 |  Exit in 142 sec.
2015-08-17 19:43:40 : detected [G]: 173892 [E]: 270000 [DE]: 1752 |  Exit in 140 sec.
2015-08-17 19:43:41 : detected [G]: 173892 [E]: 270000 [DE]: 1752 |  Exit in 139 sec.
2015-08-17 19:43:43 : detected [G]: 173892 [E]: 270000 [DE]: 1752 |  Exit in 137 sec.
2015-08-17 19:43:45 : detected [G]: 173892 [E]: 270000 [DE]: 1752 |  Exit in 135 sec.
2015-08-17 19:43:47 : detected [G]: 173892 [E]: 270000 [DE]: 1752 |  Exit in 134 sec.
2015-08-17 19:43:48 : detected [G]: 173892 [E]: 270000 [DE]:  |  Exit in 132 sec.
2015-08-17 19:43:48 : Gold & Elixir & DE change detected, waiting...
2015-08-17 19:43:51 : detected [G]:  [E]:  [DE]:  |  Exit now 
2015-08-17 19:43:51 : Battle has finished
2015-08-17 19:43:51 : Returning Home
2015-08-17 19:43:56 : Loot: [G]: 1 234 [E]: 1 505 [DE]: 4 [T]: 3
2015-08-17 19:43:56 : Bonus [G]: 100 000 [E]: 100 000 [DE]: 500
2015-08-17 19:43:59 : Your league level is: Master III
2015-08-17 19:43:59 : Stars earned: 1
2015-08-17 19:44:07 : Trying to locate Main Screen
2015-08-17 19:44:07 : Main Screen Located
2015-08-17 19:44:08 : Village Report
2015-08-17 19:44:08 : No. of Free/Total Builders: 0/4
2015-08-17 19:44:08 :  [T]: 2 663
2015-08-17 19:44:08 :  [G]: 3 049 338 [E]: 3 070 111 [D]: 32 264 [GEM]: 57
2015-08-17 19:44:09 : Collecting Resources
2015-08-17 19:44:21 : Chat Request: witch po sana
2015-08-17 19:44:21 : Witches Keyword found: witch
2015-08-17 19:44:24 : Unable to donate Witches. Donate screen not visible, will retry next run.
2015-08-17 19:44:26 : Checking Army Camp...
2015-08-17 19:44:28 : Total Army Camp capacity: 39/220
2015-08-17 19:44:29 :  - No. of Archers: 39
2015-08-17 19:44:30 : Training Troops...
2015-08-17 19:44:36 : Spell Factory Full
2015-08-17 19:44:38 : 0
2015-08-17 19:44:40 : Requesting Clan Castle Troops
2015-08-17 19:44:45 : ====== Waiting for full army ======
2015-08-17 19:44:57 : Collecting Resources
2015-08-17 19:45:03 : Checking Army Camp...
2015-08-17 19:45:05 : Total Army Camp capacity: 43/220
2015-08-17 19:45:06 :  - No. of Archers: 43
2015-08-17 19:45:07 : Training Troops...
2015-08-17 19:45:14 : Spell Factory Full
2015-08-17 19:45:16 : Time Idle: 00:00:30
2015-08-17 19:45:16 : ====== Waiting for full army ======
2015-08-17 19:45:17 : Chat Request: any
2015-08-17 19:45:17 : Custom Donation Keyword found: any
2015-08-17 19:45:20 : No Giants available to donate..
2015-08-17 19:45:24 : No Wizards available to donate..
2015-08-17 19:45:25 : Donating 6 Archers
2015-08-17 19:45:27 : Chat Request: witch po sana
2015-08-17 19:45:27 : Witches Keyword found: witch
2015-08-17 19:45:30 : No Witches available to donate..
2015-08-17 19:45:43 : Checking Army Camp...
2015-08-17 19:45:45 : Total Army Camp capacity: 45/220
2015-08-17 19:45:46 :  - No. of Barbarians: 4
2015-08-17 19:45:46 :  - No. of Archers: 41
2015-08-17 19:45:47 : Training Troops...
2015-08-17 19:45:54 : Spell Factory Full
2015-08-17 19:45:56 : Time Idle: 00:01:10
2015-08-17 19:45:56 : ====== Waiting for full army ======
2015-08-17 19:46:08 : Checking Army Camp...
2015-08-17 19:46:10 : Total Army Camp capacity: 51/220
2015-08-17 19:46:11 :  - No. of Barbarians: 10
2015-08-17 19:46:11 :  - No. of Archers: 41
2015-08-17 19:46:12 : Training Troops...
2015-08-17 19:46:20 : Spell Factory Full
2015-08-17 19:46:22 : Time Idle: 00:01:35
2015-08-17 19:46:22 : ====== Waiting for full army ======
2015-08-17 19:46:34 : Checking Army Camp...
2015-08-17 19:46:35 : Total Army Camp capacity: 56/220
2015-08-17 19:46:36 :  - No. of Barbarians: 15
2015-08-17 19:46:37 :  - No. of Archers: 41
2015-08-17 19:46:37 : Training Troops...
2015-08-17 19:46:45 : Spell Factory Full
2015-08-17 19:46:47 : Time Idle: 00:02:00
2015-08-17 19:46:47 : ====== Waiting for full army ======
2015-08-17 19:46:59 : Checking Army Camp...
2015-08-17 19:47:01 : Total Army Camp capacity: 61/220
2015-08-17 19:47:02 :  - No. of Barbarians: 20
2015-08-17 19:47:02 :  - No. of Archers: 41
2015-08-17 19:47:03 : Training Troops...
2015-08-17 19:47:10 : Spell Factory Full
2015-08-17 19:47:12 : Time Idle: 00:02:25
2015-08-17 19:47:12 : ====== Waiting for full army ======
2015-08-17 19:47:24 : Checking Army Camp...
2015-08-17 19:47:26 : Total Army Camp capacity: 65/220
2015-08-17 19:47:27 :  - No. of Barbarians: 24
2015-08-17 19:47:27 :  - No. of Archers: 41
2015-08-17 19:47:28 : Training Troops...
2015-08-17 19:47:35 : Spell Factory Full
2015-08-17 19:47:37 : Time Idle: 00:02:50
2015-08-17 19:47:38 : ====== Waiting for full army ======
2015-08-17 19:47:49 : Checking Army Camp...
2015-08-17 19:47:51 : Total Army Camp capacity: 71/220
2015-08-17 19:47:52 :  - No. of Barbarians: 30
2015-08-17 19:47:52 :  - No. of Archers: 41
2015-08-17 19:47:53 : Training Troops...
2015-08-17 19:48:01 : Spell Factory Full
2015-08-17 19:48:03 : Time Idle: 00:03:16
2015-08-17 19:48:03 : ====== Waiting for full army ======
2015-08-17 19:48:15 : Checking Army Camp...
2015-08-17 19:48:17 : Total Army Camp capacity: 76/220
2015-08-17 19:48:18 :  - No. of Barbarians: 35
2015-08-17 19:48:18 :  - No. of Archers: 41
2015-08-17 19:48:18 : Training Troops...
2015-08-17 19:48:26 : Spell Factory Full
2015-08-17 19:48:28 : Time Idle: 00:03:40
2015-08-17 19:48:28 : ====== Waiting for full army ======
2015-08-17 19:48:40 : Checking Army Camp...
2015-08-17 19:48:42 : Total Army Camp capacity: 81/220
2015-08-17 19:48:43 :  - No. of Barbarians: 40
2015-08-17 19:48:43 :  - No. of Archers: 41
2015-08-17 19:48:44 : Training Troops...
2015-08-17 19:48:51 : Spell Factory Full
2015-08-17 19:48:53 : Time Idle: 00:04:06
2015-08-17 19:48:53 : ====== Waiting for full army ======
2015-08-17 19:49:05 : Checking Army Camp...
2015-08-17 19:49:07 : Total Army Camp capacity: 85/220
2015-08-17 19:49:08 :  - No. of Barbarians: 45
2015-08-17 19:49:08 :  - No. of Archers: 41
2015-08-17 19:49:09 : Training Troops...
2015-08-17 19:49:17 : Spell Factory Full
2015-08-17 19:49:19 : Time Idle: 00:04:31
2015-08-17 19:49:19 : ====== Waiting for full army ======
2015-08-17 19:49:31 : Checking Army Camp...
2015-08-17 19:49:33 : Total Army Camp capacity: 89/220
2015-08-17 19:49:34 :  - No. of Barbarians: 48
2015-08-17 19:49:34 :  - No. of Archers: 41
2015-08-17 19:49:35 : Training Troops...
2015-08-17 19:49:43 : Checking Army Camp...
2015-08-17 19:49:45 : Total Army Camp capacity: 89/220
2015-08-17 19:49:46 :  - No. of Barbarians: 48
2015-08-17 19:49:46 :  - No. of Archers: 41
2015-08-17 19:49:46 : Training Troops...
2015-08-17 19:49:58 : Spell Factory Full
2015-08-17 19:50:00 : Time Idle: 00:05:12
2015-08-17 19:50:00 : ====== Waiting for full army ======
2015-08-17 19:50:12 : Collecting Resources
2015-08-17 19:50:18 : Checking Army Camp...
2015-08-17 19:50:20 : Total Army Camp capacity: 93/220
2015-08-17 19:50:21 :  - No. of Barbarians: 48
2015-08-17 19:50:21 :  - No. of Archers: 45
2015-08-17 19:50:22 : Training Troops...
2015-08-17 19:50:29 : Spell Factory Full
2015-08-17 19:50:31 : Time Idle: 00:05:43
2015-08-17 19:50:32 : ====== Waiting for full army ======
2015-08-17 19:50:43 : Checking Army Camp...
2015-08-17 19:50:45 : Total Army Camp capacity: 97/220
2015-08-17 19:50:46 :  - No. of Barbarians: 48
2015-08-17 19:50:46 :  - No. of Archers: 49
2015-08-17 19:50:47 : Training Troops...
2015-08-17 19:50:55 : Spell Factory Full
2015-08-17 19:50:57 : Time Idle: 00:06:08
2015-08-17 19:50:57 : ====== Waiting for full army ======
2015-08-17 19:51:09 : Checking Army Camp...
2015-08-17 19:51:11 : Total Army Camp capacity: 101/220
2015-08-17 19:51:12 :  - No. of Barbarians: 48
2015-08-17 19:51:12 :  - No. of Archers: 53
2015-08-17 19:51:12 : Training Troops...
2015-08-17 19:51:20 : Spell Factory Full
2015-08-17 19:51:22 : Time Idle: 00:06:33
2015-08-17 19:51:22 : ====== Waiting for full army ======
2015-08-17 19:51:34 : Checking Army Camp...
2015-08-17 19:51:36 : Total Army Camp capacity: 105/220
2015-08-17 19:51:37 :  - No. of Barbarians: 48
2015-08-17 19:51:37 :  - No. of Archers: 57
2015-08-17 19:51:38 : Training Troops...
2015-08-17 19:51:45 : Spell Factory Full
2015-08-17 19:51:47 : Time Idle: 00:06:58
2015-08-17 19:51:47 : ====== Waiting for full army ======
2015-08-17 19:51:59 : Checking Army Camp...
2015-08-17 19:52:01 : Total Army Camp capacity: 109/220
2015-08-17 19:52:02 :  - No. of Barbarians: 48
2015-08-17 19:52:02 :  - No. of Archers: 61
2015-08-17 19:52:03 : Training Troops...
2015-08-17 19:52:10 : Spell Factory Full
2015-08-17 19:52:12 : Time Idle: 00:07:23
2015-08-17 19:52:12 : ====== Waiting for full army ======
2015-08-17 19:52:24 : Checking Army Camp...
2015-08-17 19:52:26 : Total Army Camp capacity: 113/220
2015-08-17 19:52:27 :  - No. of Barbarians: 48
2015-08-17 19:52:27 :  - No. of Archers: 65
2015-08-17 19:52:28 : Training Troops...
2015-08-17 19:52:35 : Spell Factory Full
2015-08-17 19:52:37 : Time Idle: 00:07:48
2015-08-17 19:52:38 : ====== Waiting for full army ======
2015-08-17 19:52:50 : Checking Army Camp...
2015-08-17 19:52:52 : Total Army Camp capacity: 117/220
2015-08-17 19:52:53 :  - No. of Barbarians: 48
2015-08-17 19:52:53 :  - No. of Archers: 69
2015-08-17 19:52:53 : Training Troops...
2015-08-17 19:53:01 : Spell Factory Full
2015-08-17 19:53:03 : Time Idle: 00:08:13
2015-08-17 19:53:03 : ====== Waiting for full army ======
2015-08-17 19:53:15 : Checking Army Camp...
2015-08-17 19:53:17 : Total Army Camp capacity: 121/220
2015-08-17 19:53:18 :  - No. of Barbarians: 48
2015-08-17 19:53:18 :  - No. of Archers: 73
2015-08-17 19:53:19 : Training Troops...
2015-08-17 19:53:27 : Spell Factory Full
2015-08-17 19:53:29 : Time Idle: 00:08:38
2015-08-17 19:53:29 : ====== Waiting for full army ======
2015-08-17 19:53:41 : Checking Army Camp...
2015-08-17 19:53:42 : Total Army Camp capacity: 125/220
2015-08-17 19:53:44 :  - No. of Barbarians: 48
2015-08-17 19:53:44 :  - No. of Archers: 77
2015-08-17 19:53:44 : Training Troops...
2015-08-17 19:53:52 : Spell Factory Full
2015-08-17 19:53:54 : Time Idle: 00:09:03
2015-08-17 19:53:54 : ====== Waiting for full army ======
2015-08-17 19:54:06 : Checking Army Camp...
2015-08-17 19:54:08 : Total Army Camp capacity: 129/220
2015-08-17 19:54:09 :  - No. of Barbarians: 48
2015-08-17 19:54:09 :  - No. of Archers: 81
2015-08-17 19:54:09 : Training Troops...
2015-08-17 19:54:17 : Spell Factory Full
2015-08-17 19:54:19 : Time Idle: 00:09:28
2015-08-17 19:54:19 : ====== Waiting for full army ======
2015-08-17 19:54:31 : Checking Army Camp...
2015-08-17 19:54:33 : Total Army Camp capacity: 133/220
2015-08-17 19:54:34 :  - No. of Barbarians: 48
2015-08-17 19:54:34 :  - No. of Archers: 85
2015-08-17 19:54:35 : Training Troops...
2015-08-17 19:54:43 : Spell Factory Full
2015-08-17 19:54:45 : Time Idle: 00:09:54
2015-08-17 19:54:45 : ====== Waiting for full army ======
2015-08-17 19:54:57 : Collecting Resources
2015-08-17 19:55:04 : Checking Army Camp...
2015-08-17 19:55:06 : Total Army Camp capacity: 137/220
2015-08-17 19:55:07 :  - No. of Barbarians: 48
2015-08-17 19:55:08 :  - No. of Archers: 90
2015-08-17 19:55:08 : Training Troops...
2015-08-17 19:55:16 : Spell Factory Full
2015-08-17 19:55:18 : Time Idle: 00:10:27
2015-08-17 19:55:18 : ====== Waiting for full army ======
2015-08-17 19:55:30 : Checking Army Camp...
2015-08-17 19:55:32 : Total Army Camp capacity: 142/220
2015-08-17 19:55:33 :  - No. of Barbarians: 48
2015-08-17 19:55:33 :  - No. of Archers: 94
2015-08-17 19:55:34 : Training Troops...
2015-08-17 19:55:41 : Spell Factory Full
2015-08-17 19:55:43 : Time Idle: 00:10:51
2015-08-17 19:55:43 : ====== Waiting for full army ======
2015-08-17 19:55:55 : Checking Army Camp...
2015-08-17 19:55:57 : Total Army Camp capacity: 146/220
2015-08-17 19:55:58 :  - No. of Barbarians: 48
2015-08-17 19:55:58 :  - No. of Archers: 98
2015-08-17 19:55:59 : Training Troops...
2015-08-17 19:56:08 : Spell Factory Full
2015-08-17 19:56:08 : Created 1 Spell(s)
2015-08-17 19:56:10 : Time Idle: 00:11:18
2015-08-17 19:56:10 : ====== Waiting for full army ======
2015-08-17 19:56:22 : Checking Army Camp...
2015-08-17 19:56:24 : Total Army Camp capacity: 150/220
2015-08-17 19:56:25 :  - No. of Barbarians: 48
2015-08-17 19:56:25 :  - No. of Archers: 102
2015-08-17 19:56:25 : Training Troops...
2015-08-17 19:56:33 : Spell Factory Full
2015-08-17 19:56:35 : Time Idle: 00:11:43
2015-08-17 19:56:35 : ====== Waiting for full army ======
2015-08-17 19:56:47 : Checking Army Camp...
2015-08-17 19:56:49 : Total Army Camp capacity: 154/220
2015-08-17 19:56:50 :  - No. of Barbarians: 48
2015-08-17 19:56:50 :  - No. of Archers: 106
2015-08-17 19:56:51 : Training Troops...
2015-08-17 19:56:58 : Spell Factory Full
2015-08-17 19:57:00 : Time Idle: 00:12:08
2015-08-17 19:57:00 : ====== Waiting for full army ======
2015-08-17 19:57:12 : Checking Army Camp...
2015-08-17 19:57:14 : Total Army Camp capacity: 158/220
2015-08-17 19:57:15 :  - No. of Barbarians: 48
2015-08-17 19:57:15 :  - No. of Archers: 110
2015-08-17 19:57:15 : Training Troops...
2015-08-17 19:57:23 : Spell Factory Full
2015-08-17 19:57:25 : Time Idle: 00:12:33
2015-08-17 19:57:25 : ====== Waiting for full army ======
2015-08-17 19:57:37 : Checking Army Camp...
2015-08-17 19:57:39 : Total Army Camp capacity: 162/220
2015-08-17 19:57:40 :  - No. of Barbarians: 48
2015-08-17 19:57:40 :  - No. of Archers: 114
2015-08-17 19:57:41 : Training Troops...
2015-08-17 19:57:48 : Spell Factory Full
2015-08-17 19:57:50 : Time Idle: 00:12:58
2015-08-17 19:57:51 : ====== Waiting for full army ======
2015-08-17 19:57:52 : Chat Request: hog,arch wiz
2015-08-17 19:57:52 : Archers Keyword found: arc
2015-08-17 19:57:52 : Donating Archers
2015-08-17 19:57:55 : Chat Request: witch po sana
2015-08-17 19:57:55 : Witches Keyword found: witch
2015-08-17 19:57:58 : No Witches available to donate..
2015-08-17 19:58:11 : Checking Army Camp...
2015-08-17 19:58:13 : Total Army Camp capacity: 162/220
2015-08-17 19:58:14 :  - No. of Barbarians: 48
2015-08-17 19:58:14 :  - No. of Archers: 114
2015-08-17 19:58:15 : Training Troops...
2015-08-17 19:58:23 : Checking Army Camp...
2015-08-17 19:58:25 : Total Army Camp capacity: 163/220
2015-08-17 19:58:26 :  - No. of Barbarians: 48
2015-08-17 19:58:27 :  - No. of Archers: 115
2015-08-17 19:58:27 : Training Troops...
2015-08-17 19:58:39 : Spell Factory Full
2015-08-17 19:58:41 : Time Idle: 00:13:48
2015-08-17 19:58:41 : ====== Waiting for full army ======
2015-08-17 19:58:53 : Checking Army Camp...
2015-08-17 19:58:55 : Total Army Camp capacity: 165/220
2015-08-17 19:58:56 :  - No. of Barbarians: 48
2015-08-17 19:58:56 :  - No. of Archers: 117
2015-08-17 19:58:57 : Training Troops...
2015-08-17 19:59:04 : Spell Factory Full
2015-08-17 19:59:06 : Time Idle: 00:14:13
2015-08-17 19:59:07 : ====== Waiting for full army ======
2015-08-17 19:59:18 : Checking Army Camp...
2015-08-17 19:59:20 : Total Army Camp capacity: 169/220
2015-08-17 19:59:21 :  - No. of Barbarians: 48
2015-08-17 19:59:21 :  - No. of Archers: 121
2015-08-17 19:59:22 : Training Troops...
2015-08-17 19:59:30 : Spell Factory Full
2015-08-17 19:59:32 : Time Idle: 00:14:38
2015-08-17 19:59:32 : ====== Waiting for full army ======
2015-08-17 19:59:44 : Checking Army Camp...
2015-08-17 19:59:46 : Total Army Camp capacity: 173/220
2015-08-17 19:59:47 :  - No. of Barbarians: 48
2015-08-17 19:59:47 :  - No. of Archers: 125
2015-08-17 19:59:48 : Training Troops...
2015-08-17 19:59:55 : Spell Factory Full
2015-08-17 19:59:57 : Time Idle: 00:15:04
2015-08-17 19:59:58 : ====== Waiting for full army ======
2015-08-17 20:00:09 : Collecting Resources
2015-08-17 20:00:16 : Checking Army Camp...
2015-08-17 20:00:18 : Total Army Camp capacity: 179/220
2015-08-17 20:00:19 :  - No. of Barbarians: 48
2015-08-17 20:00:19 :  - No. of Archers: 131
2015-08-17 20:00:20 : Training Troops...
2015-08-17 20:00:28 : Spell Factory Full
2015-08-17 20:00:30 : Time Idle: 00:15:36
2015-08-17 20:00:30 : ====== Waiting for full army ======
2015-08-17 20:00:42 : Checking Army Camp...
2015-08-17 20:00:44 : Total Army Camp capacity: 183/220
2015-08-17 20:00:44 :  - No. of Barbarians: 48
2015-08-17 20:00:45 :  - No. of Archers: 135
2015-08-17 20:00:45 : Training Troops...
2015-08-17 20:00:53 : Spell Factory Full
2015-08-17 20:00:55 : Time Idle: 00:16:01
2015-08-17 20:00:55 : ====== Waiting for full army ======
2015-08-17 20:01:07 : Checking Army Camp...
2015-08-17 20:01:09 : Total Army Camp capacity: 187/220
2015-08-17 20:01:10 :  - No. of Barbarians: 48
2015-08-17 20:01:10 :  - No. of Archers: 139
2015-08-17 20:01:11 : Training Troops...
2015-08-17 20:01:18 : Spell Factory Full
2015-08-17 20:01:20 : Time Idle: 00:16:26
2015-08-17 20:01:20 : ====== Waiting for full army ======
2015-08-17 20:01:22 : Chat Request: any
2015-08-17 20:01:22 : Custom Donation Keyword found: any
2015-08-17 20:01:25 : No Giants available to donate..
2015-08-17 20:01:29 : No Wizards available to donate..
2015-08-17 20:01:29 : Donating 6 Archers
2015-08-17 20:01:32 : Chat Request: witch po sana
2015-08-17 20:01:32 : Witches Keyword found: witch
2015-08-17 20:01:35 : No Witches available to donate..
2015-08-17 20:01:48 : Checking Army Camp...
2015-08-17 20:01:50 : Total Army Camp capacity: 191/220
2015-08-17 20:01:51 :  - No. of Barbarians: 48
2015-08-17 20:01:51 :  - No. of Archers: 143
2015-08-17 20:01:52 : Training Troops...
2015-08-17 20:01:59 : Spell Factory Full
2015-08-17 20:02:01 : Time Idle: 00:17:07
2015-08-17 20:02:02 : ====== Waiting for full army ======
2015-08-17 20:02:04 : Chat Request: witch po sana
2015-08-17 20:02:04 : Witches Keyword found: witch
2015-08-17 20:02:07 : No Witches available to donate..
2015-08-17 20:02:20 : Checking Army Camp...
2015-08-17 20:02:22 : Total Army Camp capacity: 197/220
2015-08-17 20:02:23 :  - No. of Barbarians: 48
2015-08-17 20:02:23 :  - No. of Archers: 149
2015-08-17 20:02:23 : Training Troops...
2015-08-17 20:02:31 : Spell Factory Full
2015-08-17 20:02:33 : Time Idle: 00:17:38
2015-08-17 20:02:33 : ====== Waiting for full army ======
2015-08-17 20:02:45 : Checking Army Camp...
2015-08-17 20:02:47 : Total Army Camp capacity: 201/220
2015-08-17 20:02:48 :  - No. of Barbarians: 48
2015-08-17 20:02:48 :  - No. of Archers: 153
2015-08-17 20:02:49 : Training Troops...
2015-08-17 20:02:56 : Spell Factory Full
2015-08-17 20:02:58 : Time Idle: 00:18:03
2015-08-17 20:02:59 : ====== Waiting for full army ======
2015-08-17 20:03:02 : ClashGameBot was Paused!
