2015-07-28 20:04:40 : ~~~ Clash Game Bot v4.1 Powered by GameBot.org ~~~
2015-07-28 20:04:40 : GameBot.org.exe Executable running on WIN_7  X64
2015-07-28 20:04:40 : =================== Bot Start ====================
2015-07-28 20:04:40 : -------------------------  Current Profile: 01 --------------------------
2015-07-28 20:04:40 : Trying to locate Main Screen
2015-07-28 20:04:47 : Waiting for Main Screen
2015-07-28 20:04:48 : Zooming Out
2015-07-28 20:04:50 : Main Screen Located
2015-07-28 20:04:51 : Detecting your Buildings..
2015-07-28 20:04:57 : Language setting is English: Correct.
2015-07-28 20:04:58 : Trying to locate Main Screen
2015-07-28 20:04:58 : Main Screen Located
2015-07-28 20:04:59 : Collecting Resources
2015-07-28 20:05:06 : Checking if Village needs Rearming..
2015-07-28 20:05:14 : Village Report
2015-07-28 20:05:14 : No. of Free/Total Builders: 0/4
2015-07-28 20:05:14 :  [T]: 1 324
2015-07-28 20:05:14 :  [G]: 1 006 117 [E]: 6 001 000 [D]: 58 855 [GEM]: 948
2015-07-28 20:05:16 : Checking Army Camp...
2015-07-28 20:05:18 : Total Army Camp capacity: 115/200
2015-07-28 20:05:21 :  - No. of Barbarians: 115
2015-07-28 20:05:21 : Barracks and Spell factory status: 
2015-07-28 20:05:21 : - Barracks detected: 4 | Available: 4 | Upgrading: 0
2015-07-28 20:05:21 : - Dark Barracks detected: 2 | Available: 2 | Upgrading: 0
2015-07-28 20:05:21 : - Spell factory detected: 1 | Available: 1 | Upgrading: 0
2015-07-28 20:05:21 : - Dark Spell factory detected: 1 | Available: 1 | Upgrading: 0
2015-07-28 20:05:21 : Training Troops...
2015-07-28 20:05:41 : Checking Troop Upgrade in Laboratory ...
2015-07-28 20:05:41 : Updating village values [E]: 5994850 [D]: 58855
2015-07-28 20:05:42 : Trouble finding research button, try again...
2015-07-28 20:05:43 : No free builder, Upgrade Walls skipped..
2015-07-28 20:05:46 : ====== Waiting for full army ======
2015-07-28 20:05:58 : Checking Army Camp...
2015-07-28 20:05:59 : Total Army Camp capacity: 120/200
2015-07-28 20:06:00 :  - No. of Barbarians: 116
2015-07-28 20:06:01 :  - No. of Archers: 4
2015-07-28 20:06:01 : Training Troops...
2015-07-28 20:06:09 : Time Idle: 00:00:22
2015-07-28 20:06:09 : ====== Waiting for full army ======
2015-07-28 20:06:21 : Checking Army Camp...
2015-07-28 20:06:22 : Total Army Camp capacity: 123/200
2015-07-28 20:06:23 :  - No. of Barbarians: 116
2015-07-28 20:06:24 :  - No. of Archers: 7
2015-07-28 20:06:24 : Training Troops...
2015-07-28 20:06:31 : Time Idle: 00:00:44
2015-07-28 20:06:31 : ====== Waiting for full army ======
2015-07-28 20:06:43 : Checking Army Camp...
2015-07-28 20:06:45 : Total Army Camp capacity: 126/200
2015-07-28 20:06:46 :  - No. of Barbarians: 116
2015-07-28 20:06:46 :  - No. of Archers: 11
2015-07-28 20:06:46 : Training Troops...
