2015-08-02 19:11:02 : ~ Clash Game Bot v4.1MODS Powered by GameBot.org ~
2015-08-02 19:11:02 : GameBot.org.exe Executable running on WIN_7  X64
2015-08-02 19:11:02 : =================== Bot Start ====================
2015-08-02 19:11:02 : -------------------------  Current Profile: 01 --------------------------
2015-08-02 19:11:02 : Trying to locate Main Screen
2015-08-02 19:11:02 : Main Screen Located
2015-08-02 19:11:03 : Detecting your Buildings..
2015-08-02 19:11:09 : Language setting is English: Correct.
2015-08-02 19:11:10 : Trying to locate Main Screen
2015-08-02 19:11:10 : Main Screen Located
2015-08-02 19:11:11 : Collecting Resources
2015-08-02 19:11:19 : Checking if Village needs Rearming..
2015-08-02 19:11:27 : Village Report
2015-08-02 19:11:27 : No. of Free/Total Builders: 0/4
2015-08-02 19:11:27 :  [T]: 1 803
2015-08-02 19:11:27 :  [G]: 5 838 024 [E]: 5 112 972 [D]: 61 157 [GEM]: 953
2015-08-02 19:11:30 : Checking Army Camp...
2015-08-02 19:11:32 : Total Army Camp capacity: 200/200
2015-08-02 19:11:33 :  - No. of Barbarians: 122
2015-08-02 19:11:33 :  - No. of Archers: 78
2015-08-02 19:11:33 : Barracks and Spell factory status: 
2015-08-02 19:11:34 : - Barracks detected: 4 | Available: 3 | Upgrading: 1
2015-08-02 19:11:34 : - Dark Barracks detected: 2 | Available: 2 | Upgrading: 0
2015-08-02 19:11:34 : - Spell factory detected: 1 | Available: 1 | Upgrading: 0
2015-08-02 19:11:34 : - Dark Spell factory detected: 1 | Available: 0 | Upgrading: 1
2015-08-02 19:11:34 : Training Troops...
2015-08-02 19:11:34 : Your Army Camps are now Full
2015-08-02 19:11:57 : Requesting Clan Castle Troops
2015-08-02 19:11:58 : Your Clan Castle is already full or you are not in a clan.
2015-08-02 19:11:59 : Checking Troop Upgrade in Laboratory ...
2015-08-02 19:11:59 : Updating village values [E]: 5105172 [D]: 61157
2015-08-02 19:12:01 : Insufficent Elixir for Pekka, Lab requires: 6000000 + 250000 user reserve
2015-08-02 19:12:04 : Finished kicking
2015-08-02 19:12:04 : Going to Attack...
2015-08-02 19:12:10 : ============== Searching For Dead Base ===============
2015-08-02 19:12:10 : ~~~~~~~~~~~~~~~ SEARCH CONDITIONS ~~~~~~~~~~~~~~~~
2015-08-02 19:12:10 : Meet: Gold and Elixir
2015-08-02 19:12:10 : ~~~~~~~~~~~~~~ RESOURCE CONDITIONS ~~~~~~~~~~~~~~~
2015-08-02 19:12:10 : Aim: [G]: 200000 [E]: 200000 [D]:    0 [T]: 0, Out for: Dead Base
2015-08-02 19:12:10 : ~~~~~~~~~~~~~~~ ADVANCED SETTINGS ~~~~~~~~~~~~~~~~
2015-08-02 19:12:10 : THSnipe Combo, 1 Tile(s), 
2015-08-02 19:12:10 : ==================================================
2015-08-02 19:12:11 :   1> [G]: 122013 [E]:  56393 [D]:   84 [T]:25 [TH]: 7, In
2015-08-02 19:12:14 :   2> [G]:   8215 [E]:   3689 [D]:   81 [T]:25 [TH]: 7, In
2015-08-02 19:12:22 :   3> [G]:  23488 [E]: 143845 [D]:  833 [T]:34 [TH]: 8, In
2015-08-02 19:12:25 :   4> [G]: 128391 [E]: 192402 [D]:  799 [T]:18 [TH]: 8, In
2015-08-02 19:12:28 :   5> [G]:  56971 [E]: 133158 [D]:  136 [T]:18 [TH]: 8, In
2015-08-02 19:12:31 :   6> [G]:  93086 [E]: 110002 [D]:  527 [T]:19 [TH]: 8, In
2015-08-02 19:12:35 :   7> [G]:  57416 [E]:  52179 [D]:  512 [T]:18 [TH]: 9, In
2015-08-02 19:12:38 :   8> [G]:  90760 [E]: 327945 [D]: 2072 [T]:33 [TH]: 8, In
2015-08-02 19:12:44 :   9> [G]:  15318 [E]:  57943 [D]:  535 [T]:25 [TH]: 7, In
2015-08-02 19:12:48 :  10> [G]:  68051 [E]: 100899 [D]:  393 [T]:13 [TH]: 8, In
2015-08-02 19:12:51 :  11> [G]:  60479 [E]:  64931 [D]:  248 [T]:30 [TH]: 7, In
2015-08-02 19:12:58 :  12> [G]: 152247 [E]:  82317 [D]:  820 [T]:13 [TH]: 8, In
2015-08-02 19:13:01 :  13> [G]: 113978 [E]: 102017 [D]:  233 [T]:16 [TH]: 8, In
2015-08-02 19:13:04 :  14> [G]:  85409 [E]: 171763 [D]:  521 [T]:14 [TH]: 9, In
2015-08-02 19:13:10 :  15> [G]: 128621 [E]: 186158 [D]:  469 [T]:32 [TH]: 8, In
2015-08-02 19:13:13 :  16> [G]:  97265 [E]: 107739 [D]:  449 [T]:32 [TH]: 8, In
2015-08-02 19:13:18 :  17> [G]:  62656 [E]: 100931 [D]:  N/A [T]:16 [TH]: 7, In
2015-08-02 19:13:21 :  18> [G]: 539848 [E]: 516454 [D]: 4139 [T]:18 [TH]: 9, Out
2015-08-02 19:13:21 : Inferno Tower found, but not near TH.
2015-08-02 19:13:21 : ~~~~~~~~~~~~~~~~ Dead Base Found! ~~~~~~~~~~~~~~~~
2015-08-02 19:13:21 : ================ Search Complete =================
2015-08-02 19:13:22 : Initiating attack for: Dead Base
2015-08-02 19:13:24 : -Barbarians 122
2015-08-02 19:13:24 : -Archers 78
2015-08-02 19:13:25 : -Clan Castle 
2015-08-02 19:13:25 : -King 
2015-08-02 19:13:25 : -Lightning Spells 3
2015-08-02 19:13:25 : -Poison Spells 1
2015-08-02 19:13:25 :  ====== Start Attack ====== 
2015-08-02 19:13:27 : Calculating Smart Attack Strategy
2015-08-02 19:13:27 : Calculated  (in 0.59 seconds) :
2015-08-02 19:13:27 : Locating Mines, Collectors & Drills
2015-08-02 19:13:31 : Located  (in 3.48 seconds) :
2015-08-02 19:13:31 : [6] Gold Mines
2015-08-02 19:13:31 : [6] Elixir Collectors
2015-08-02 19:13:31 : [0] Dark Elixir Drill/s
2015-08-02 19:13:31 : Attacking on all sides
2015-08-02 19:13:32 : Dropping first wave of Barbarians 61
2015-08-02 19:13:37 : Dropping first wave of Archers 39
