2015-08-17 20:40:51 :  Clash Game Bot v4.1.1-6 merge Powered by GameBot.org 
2015-08-17 20:40:51 : GameBot.org.exe Executable running on WIN_7 Service Pack 1 X64
2015-08-17 20:40:51 : =================== Bot Start ====================
2015-08-17 20:40:51 : -------------------------  Current Profile: 01 --------------------------
2015-08-17 20:40:51 : Trying to locate Main Screen
2015-08-17 20:40:53 : Waiting for Main Screen
2015-08-17 20:40:55 : Main Screen Located
2015-08-17 20:40:56 : Detecting your Buildings..
2015-08-17 20:41:04 : Language setting is English: Correct.
2015-08-17 20:41:05 : Trying to locate Main Screen
2015-08-17 20:41:05 : Main Screen Located
2015-08-17 20:41:06 : Village Report
2015-08-17 20:41:06 : No. of Free/Total Builders: 0/4
2015-08-17 20:41:07 :  [T]: 2 668
2015-08-17 20:41:07 :  [G]: 3 165 758 [E]: 3 138 713 [D]: 33 368 [GEM]: 57
2015-08-17 20:41:07 : Collecting Resources
2015-08-17 20:41:19 : Chat Request: witch po sana
2015-08-17 20:41:19 : Witches Keyword found: witch
2015-08-17 20:41:22 : No Witches available to donate..
2015-08-17 20:41:24 : Checking Army Camp...
2015-08-17 20:41:26 : Total Army Camp capacity: 97/220
2015-08-17 20:41:29 :  - No. of Barbarians: 47
2015-08-17 20:41:29 :  - No. of Archers: 50
2015-08-17 20:41:29 : Barracks and Spell factory status: 
2015-08-17 20:41:29 : - Barracks detected: 4 | Available: 4 | Upgrading: 0
2015-08-17 20:41:29 : - Dark Barracks detected: 2 | Available: 2 | Upgrading: 0
2015-08-17 20:41:29 : - Spell factory detected: 1 | Available: 1 | Upgrading: 0
2015-08-17 20:41:29 : - Dark Spell factory detected: 1 | Available: 1 | Upgrading: 0
2015-08-17 20:41:29 : Training Troops...
2015-08-17 20:41:46 : Spell Factory Full
2015-08-17 20:41:48 : 0
2015-08-17 20:41:49 : Requesting Clan Castle Troops
2015-08-17 20:41:50 : Request has already been made
2015-08-17 20:41:52 : ====== Waiting for full army ======
2015-08-17 20:42:03 : Checking Army Camp...
2015-08-17 20:42:05 : Total Army Camp capacity: 103/220
2015-08-17 20:42:07 :  - No. of Barbarians: 47
2015-08-17 20:42:07 :  - No. of Archers: 56
2015-08-17 20:42:07 : Training Troops...
2015-08-17 20:42:16 : Spell Factory Full
2015-08-17 20:42:18 : Time Idle: 00:00:25
2015-08-17 20:42:18 : ====== Waiting for full army ======
2015-08-17 20:42:19 : Chat Request: any
2015-08-17 20:42:19 : Custom Donation Keyword found: any
2015-08-17 20:42:23 : No Giants available to donate..
2015-08-17 20:42:26 : No Wizards available to donate..
2015-08-17 20:42:27 : Donating 6 Archers
2015-08-17 20:42:29 : Chat Request: witch po sana
2015-08-17 20:42:29 : Witches Keyword found: witch
2015-08-17 20:42:33 : No Witches available to donate..
2015-08-17 20:42:46 : Checking Army Camp...
2015-08-17 20:42:47 : Total Army Camp capacity: 103/220
2015-08-17 20:42:49 :  - No. of Barbarians: 47
2015-08-17 20:42:49 :  - No. of Archers: 56
2015-08-17 20:42:49 : Training Troops...
