2015-08-18 14:44:33 :  Clash Game Bot v4.1.1 MODS Powered by GameBot.org ~
2015-08-18 14:44:33 : GameBot.org.exe Executable running on WIN_7  X64
2015-08-18 14:44:33 : =================== Bot Start ====================
2015-08-18 14:44:33 : -------------------------  Current Profile: 01 --------------------------
2015-08-18 14:44:33 : Trying to locate Main Screen
2015-08-18 14:44:33 : Main Screen Located
2015-08-18 14:44:34 : Detecting your Buildings..
2015-08-18 14:44:42 : Language setting is English: Correct.
2015-08-18 14:44:43 : Trying to locate Main Screen
2015-08-18 14:44:43 : Main Screen Located
2015-08-18 14:44:45 : Village Report
2015-08-18 14:44:45 : No. of Free/Total Builders: 0/5
2015-08-18 14:44:45 :  [T]: 3 220
2015-08-18 14:44:45 :  [G]: 6 001 000 [E]: 2 226 469 [D]: 80 000 [GEM]: 2 098
2015-08-18 14:44:45 : Trying to locate Main Screen
2015-08-18 14:44:45 : Main Screen Located
2015-08-18 14:44:47 : Temprory account Detected...
2015-08-18 14:44:48 : Collecting Resources
2015-08-18 14:44:56 : Checking if Village needs Rearming..
2015-08-18 14:45:04 : Checking Army Camp...
2015-08-18 14:45:06 : Total Army Camp capacity: 200/200
2015-08-18 14:45:09 :  - No. of Barbarians: 55
2015-08-18 14:45:09 :  - No. of Archers: 75
2015-08-18 14:45:09 :  - No. of Giants: 14
2015-08-18 14:45:09 : Barracks and Spell factory status: 
2015-08-18 14:45:09 : - Barracks detected: 4 | Available: 4 | Upgrading: 0
2015-08-18 14:45:09 : - Dark Barracks detected: 2 | Available: 1 | Upgrading: 1
2015-08-18 14:45:09 : - Spell factory detected: 1 | Available: 1 | Upgrading: 0
2015-08-18 14:45:09 : - Dark Spell factory detected: 1 | Available: 1 | Upgrading: 0
2015-08-18 14:45:10 : Training Troops...
2015-08-18 14:45:10 : Your Army Camps are now Full
2015-08-18 14:45:34 : 0
2015-08-18 14:45:37 : Clear an Obstacle on the Field
2015-08-18 14:45:37 : No. of Free/Total Builders: 0/5
2015-08-18 14:45:37 : No Builders
2015-08-18 14:45:37 : Finished kicking
2015-08-18 14:45:37 : Going to Attack...
2015-08-18 14:45:42 : ============== Searching For Dead Base ===============
2015-08-18 14:45:42 : ~~~~~~~~~~~~~~~ SEARCH CONDITIONS ~~~~~~~~~~~~~~~~
2015-08-18 14:45:42 : Meet: Gold and Elixir, TH Outside
2015-08-18 14:45:42 : Meet One and Attack!
2015-08-18 14:45:42 : ~~~~~~~~~~~~~~ RESOURCE CONDITIONS ~~~~~~~~~~~~~~~
2015-08-18 14:45:42 : Aim: [G]: 999999 [E]: 999999 [D]:    0 [T]: 0, Out for: Dead Base
2015-08-18 14:45:42 : ============== Searching For Live Base ===============
2015-08-18 14:45:42 : ~~~~~~~~~~~~~~~ SEARCH CONDITIONS ~~~~~~~~~~~~~~~~
2015-08-18 14:45:42 : Meet: Gold and Elixir, TH Outside
2015-08-18 14:45:43 : Meet One and Attack!
2015-08-18 14:45:43 : ~~~~~~~~~~~~~~ RESOURCE CONDITIONS ~~~~~~~~~~~~~~~
2015-08-18 14:45:43 : Aim: [G]: 999999 [E]: 999999 [D]:    0 [T]: 0, Out for: Live Base
2015-08-18 14:45:43 : ~~~~~~~~~~~~~~~ ADVANCED SETTINGS ~~~~~~~~~~~~~~~~
2015-08-18 14:45:43 : THSnipe Combo, 1 Tile(s), AttackTH, Attack3:GBarch
2015-08-18 14:45:43 : ==================================================
2015-08-18 14:45:52 :   1> [G]:  99135 [E]:  49339 [D]: 1866 [T]:16 [TH]:10, In
2015-08-18 14:46:00 :   2> [G]: 172617 [E]:  99372 [D]: 2037 [T]:28 [TH]:10, In
2015-08-18 14:46:09 :   3> [G]:  28016 [E]:  52222 [D]: 2541 [T]:17 [TH]:10, In
2015-08-18 14:46:19 :   4> [G]: 153322 [E]: 151053 [D]: 1390 [T]:16 [TH]:10, In
2015-08-18 14:46:26 :   5> [G]:  86036 [E]:  35764 [D]: 1183 [T]: 4 [TH]: 9, In
2015-08-18 14:46:36 :   6> [G]: 109087 [E]:  70741 [D]: 1897 [T]:14 [TH]:10, In
2015-08-18 14:46:43 :   7> [G]: 240499 [E]: 147543 [D]: 1781 [T]:14 [TH]:10, In
2015-08-18 14:46:48 : Checking Trapped TH
2015-08-18 14:46:50 :   8> [G]:  51627 [E]:   7320 [D]: 1857 [T]: 1 [TH]: 8, Out
2015-08-18 14:46:50 : No major traps found near TH.
2015-08-18 14:46:52 : ~~~~~~~~~~~~~~~ TH Outside Found! ~~~~~~~~~~~~~~~~
2015-08-18 14:46:53 : ================ Search Complete =================
2015-08-18 14:46:53 : Initiating attack for: TH Snipe
2015-08-18 14:46:56 : -Barbarians 55
2015-08-18 14:46:56 : -Archers 75
2015-08-18 14:46:56 : -Giants 14
2015-08-18 14:46:57 : -Clan Castle 
2015-08-18 14:46:57 : -King 
2015-08-18 14:46:57 : -Lightning Spells 2
2015-08-18 14:46:57 : -Poison Spells 1
2015-08-18 14:46:57 :  ====== Start Attack ====== 
2015-08-18 14:46:59 : Sending 1st wave of archers and Barbarians.
2015-08-18 14:46:59 : Dropping first wave of 10 Archers
2015-08-18 14:47:02 : Deployment of Archers Successful!
2015-08-18 14:47:04 : Dropping first wave of 10 Barbarians
2015-08-18 14:47:07 : Deployment of Barbarians Successful!
2015-08-18 14:47:16 : Townhall has been destroyed!
2015-08-18 14:47:20 : Checking if the battle has finished
2015-08-18 14:47:23 : detected [G]:  [E]:  [DE]:  |  Exit now 
2015-08-18 14:47:23 : Battle has finished
2015-08-18 14:47:23 : Returning Home
2015-08-18 14:47:29 : Loot: [G]: 1 000 [E]: 1 000 [DE]:  [T]: 1
2015-08-18 14:47:31 : Bonus [G]: 180 000 [E]: 180 000 [DE]: 1 200
2015-08-18 14:47:34 : Your league level is: Champion
2015-08-18 14:47:34 : Stars earned: 1
2015-08-18 14:47:42 : Trying to locate Main Screen
2015-08-18 14:47:43 : Main Screen Located
2015-08-18 14:47:45 : Village Report
2015-08-18 14:47:45 : No. of Free/Total Builders: 0/5
2015-08-18 14:47:45 :  [T]: 3 221
2015-08-18 14:47:46 :  [G]: 6 001 000 [E]: 2 410 422 [D]: 80 000 [GEM]: 2 098
2015-08-18 14:47:46 : Trying to locate Main Screen
2015-08-18 14:47:46 : Main Screen Located
2015-08-18 14:47:49 : Temprory account Detected...
2015-08-18 14:47:50 : Collecting Resources
2015-08-18 14:48:03 : Checking if Village needs Rearming..
2015-08-18 14:48:13 : Checking Army Camp...
2015-08-18 14:48:16 : Total Army Camp capacity: 200/200
2015-08-18 14:48:17 :  - No. of Barbarians: 45
2015-08-18 14:48:17 :  - No. of Archers: 85
2015-08-18 14:48:18 :  - No. of Giants: 14
2015-08-18 14:48:18 : Barracks and Spell factory status: 
2015-08-18 14:48:19 : - Barracks detected: 4 | Available: 4 | Upgrading: 0
2015-08-18 14:48:19 : - Dark Barracks detected: 2 | Available: 1 | Upgrading: 1
2015-08-18 14:48:19 : - Spell factory detected: 1 | Available: 1 | Upgrading: 0
2015-08-18 14:48:19 : - Dark Spell factory detected: 1 | Available: 1 | Upgrading: 0
2015-08-18 14:48:19 : Training Troops...
2015-08-18 14:48:21 : Your Army Camps are now Full
2015-08-18 14:49:45 : 0
2015-08-18 14:49:50 : Clear an Obstacle on the Field
2015-08-18 14:49:50 : No. of Free/Total Builders: 0/5
2015-08-18 14:49:50 : No Builders
2015-08-18 14:49:50 : Finished kicking
2015-08-18 14:49:51 : Going to Attack...
2015-08-18 14:49:57 : ============== Searching For Dead Base ===============
2015-08-18 14:49:57 : ~~~~~~~~~~~~~~~ SEARCH CONDITIONS ~~~~~~~~~~~~~~~~
2015-08-18 14:49:57 : Meet: Gold and Elixir, TH Outside
2015-08-18 14:49:57 : Meet One and Attack!
2015-08-18 14:49:57 : ~~~~~~~~~~~~~~ RESOURCE CONDITIONS ~~~~~~~~~~~~~~~
2015-08-18 14:49:57 : Aim: [G]: 999999 [E]: 999999 [D]:    0 [T]: 0, Out, Out for: Dead Base
2015-08-18 14:49:57 : ============== Searching For Live Base ===============
2015-08-18 14:49:57 : ~~~~~~~~~~~~~~~ SEARCH CONDITIONS ~~~~~~~~~~~~~~~~
2015-08-18 14:49:57 : Meet: Gold and Elixir, TH Outside
2015-08-18 14:49:57 : Meet One and Attack!
2015-08-18 14:49:57 : ~~~~~~~~~~~~~~ RESOURCE CONDITIONS ~~~~~~~~~~~~~~~
2015-08-18 14:49:57 : Aim: [G]: 999999 [E]: 999999 [D]:    0 [T]: 0, Out, Out for: Live Base
2015-08-18 14:49:57 : ~~~~~~~~~~~~~~~ ADVANCED SETTINGS ~~~~~~~~~~~~~~~~
2015-08-18 14:49:57 : THSnipe Combo, 1 Tile(s), AttackTH, Attack3:GBarch
2015-08-18 14:49:57 : ==================================================
2015-08-18 14:50:06 :   1> [G]:  62708 [E]:  82065 [D]: 1227 [T]:17 [TH]:10, In
2015-08-18 14:50:19 :   2> [G]: 195453 [E]: 125494 [D]:  376 [T]:27 [TH]:10, In
2015-08-18 14:50:32 :   3> [G]:  94061 [E]:  66395 [D]: 1131 [T]:19 [TH]:10, In
2015-08-18 14:50:44 :   4> [G]: 150937 [E]:  12301 [D]: 3081 [T]:28 [TH]:10, In
2015-08-18 14:50:57 :   5> [G]: 334578 [E]: 123030 [D]:  461 [T]:27 [TH]:10, In
2015-08-18 14:51:09 :   6> [G]:  78497 [E]:  35276 [D]: 1157 [T]: 2 [TH]: 9, In
2015-08-18 14:51:27 :   7> [G]:  19215 [E]: 101146 [D]:  726 [T]: 1 [TH]: 9, In
2015-08-18 14:51:36 :   8> [G]:  72679 [E]:  81933 [D]:  801 [T]: 2 [TH]: 9, In
2015-08-18 14:51:47 :   9> [G]:  84433 [E]: 153587 [D]:  783 [T]: 3 [TH]: 9, In
2015-08-18 14:52:01 :  10> [G]:  77615 [E]: 122536 [D]: 1195 [T]:30 [TH]:10, In
2015-08-18 14:52:11 :  11> [G]:  87615 [E]: 160625 [D]:  331 [T]: 4 [TH]: 9, In
2015-08-18 14:52:21 :  12> [G]:  88084 [E]: 125339 [D]:  587 [T]: 3 [TH]: 9, In
2015-08-18 14:52:38 :  13> [G]:  97773 [E]: 105498 [D]: 1211 [T]:17 [TH]:10, In
2015-08-18 14:52:46 :  14> [G]:  55261 [E]:  67387 [D]:  464 [T]: 3 [TH]: 9, In
2015-08-18 14:52:53 :  15> [G]:  71207 [E]: 146242 [D]: 3139 [T]:14 [TH]:10, In
2015-08-18 14:53:05 :  16> [G]:  31999 [E]:  50898 [D]: 1788 [T]: 2 [TH]: 9, In
2015-08-18 14:53:14 :  17> [G]:  35978 [E]: 255768 [D]:  169 [T]: 2 [TH]: 9, In
2015-08-18 14:53:27 :  18> [G]: 290712 [E]: 114237 [D]: 1519 [T]:32 [TH]:10, In
2015-08-18 14:53:36 :  19> [G]:  11081 [E]:  13590 [D]: 1112 [T]: 1 [TH]: 9, In
2015-08-18 14:53:45 :  20> [G]:  13165 [E]:  49922 [D]:   57 [T]: 1 [TH]: 9, In
2015-08-18 14:53:52 :  21> [G]: 105933 [E]:  46070 [D]:  222 [T]: 1 [TH]: 9, In
2015-08-18 14:54:01 :  22> [G]:  61383 [E]:  23572 [D]:  627 [T]: 2 [TH]: 9, In
2015-08-18 14:54:08 :  23> [G]:  49211 [E]:  47834 [D]: 1371 [T]: 2 [TH]: 9, In
2015-08-18 14:54:14 :  24> [G]:  63031 [E]: 135975 [D]:  625 [T]: 1 [TH]: 9, In
2015-08-18 14:54:21 :  25> [G]: 206211 [E]: 148486 [D]: 1691 [T]: 5 [TH]: 9, In
2015-08-18 14:54:29 :  26> [G]: 299887 [E]: 131285 [D]: 1714 [T]:21 [TH]:10, In
2015-08-18 14:54:38 :  27> [G]: 158354 [E]: 124043 [D]: 1339 [T]:23 [TH]:10, In
2015-08-18 14:54:43 :  28> [G]:  81392 [E]:  43523 [D]: 1064 [T]: 3 [TH]: 9, In
2015-08-18 14:54:50 :  29> [G]:  66891 [E]:  82021 [D]:  170 [T]: 1 [TH]: 9, In
2015-08-18 14:54:56 :  30> [G]:  11359 [E]: 162647 [D]:  417 [T]: 1 [TH]: 9, In
2015-08-18 14:55:02 :  31> [G]:  93216 [E]:  51944 [D]:  507 [T]: 1 [TH]: 9, In
2015-08-18 14:55:11 :  32> [G]:   9758 [E]: 128153 [D]: 1593 [T]:26 [TH]:10, In
2015-08-18 14:55:14 :  33> [G]:  38181 [E]:  24986 [D]:  120 [T]: 1 [TH]: 9, In
2015-08-18 14:55:19 :  34> [G]:  19981 [E]:  81382 [D]:  843 [T]: 1 [TH]: 9, In
2015-08-18 14:55:28 :  35> [G]: 209273 [E]:  40238 [D]:  712 [T]:20 [TH]:10, In
2015-08-18 14:55:34 :  36> [G]:   6134 [E]:  21536 [D]:  423 [T]: 1 [TH]: 9, In
2015-08-18 14:55:42 :  37> [G]:  13428 [E]:  85427 [D]:  260 [T]:26 [TH]:10, In
2015-08-18 14:55:47 :  38> [G]:  44852 [E]: 158719 [D]:  369 [T]: 3 [TH]: 9, In
2015-08-18 14:55:56 :  39> [G]: 162184 [E]:  51537 [D]:  633 [T]:14 [TH]:10, In
2015-08-18 14:56:02 :  40> [G]:  21554 [E]:  10050 [D]:  598 [T]: 1 [TH]: 9, In
2015-08-18 14:56:11 :  41> [G]: 103493 [E]: 124089 [D]:   44 [T]:28 [TH]:10, In
2015-08-18 14:56:17 :  42> [G]:  68627 [E]:  59190 [D]:  568 [T]: 1 [TH]: 9, In
2015-08-18 14:56:25 :  43> [G]: 271654 [E]: 193960 [D]: 3251 [T]:14 [TH]:10, In
2015-08-18 14:56:32 :  44> [G]: 136355 [E]: 129676 [D]:  789 [T]: 2 [TH]: 9, In
2015-08-18 14:56:37 :  45> [G]: 323097 [E]: 245314 [D]: 2203 [T]: 1 [TH]: 9, In
2015-08-18 14:56:42 :  46> [G]:  70732 [E]:  25182 [D]:   73 [T]: 2 [TH]: 9, In
2015-08-18 14:56:48 :  47> [G]:  72749 [E]:  56330 [D]:  906 [T]: 1 [TH]: 9, In
2015-08-18 14:56:55 :  48> [G]:  13046 [E]:  20179 [D]: 1020 [T]: 2 [TH]: 9, In
2015-08-18 14:57:02 :  49> [G]:  50057 [E]:  27241 [D]:  183 [T]: 1 [TH]: 9, In
2015-08-18 14:57:08 :  50> [G]:  15477 [E]:  70432 [D]:  827 [T]: 8 [TH]: 9, In
2015-08-18 14:57:14 :  51> [G]:  48315 [E]: 144105 [D]:  530 [T]: 1 [TH]: 9, In
2015-08-18 14:57:19 :  52> [G]: 138451 [E]: 115593 [D]: 1066 [T]: 3 [TH]: 9, In
2015-08-18 14:57:25 :  53> [G]:  16843 [E]: 110503 [D]:   72 [T]: 2 [TH]: 9, In
2015-08-18 14:57:30 :  54> [G]:  74240 [E]: 118721 [D]:  791 [T]: 2 [TH]: 9, In
2015-08-18 14:57:35 :  55> [G]: 128148 [E]: 133948 [D]:  624 [T]: 1 [TH]: 9, In
2015-08-18 14:57:43 :  56> [G]:  34270 [E]:  59528 [D]:  561 [T]: 1 [TH]: -, -
2015-08-18 14:57:46 :  57> [G]:  65374 [E]: 250013 [D]: 1766 [T]: 1 [TH]: 9, In
2015-08-18 14:57:51 :  58> [G]:  35537 [E]:  39573 [D]:  220 [T]:21 [TH]:10, In
2015-08-18 14:57:57 :  59> [G]:  42985 [E]:  40018 [D]:  953 [T]: 6 [TH]: 9, In
2015-08-18 14:58:05 :  60> [G]: 100568 [E]: 134880 [D]: 1471 [T]:26 [TH]:10, In
2015-08-18 14:58:12 :  61> [G]:  30653 [E]:  88447 [D]:  191 [T]: 1 [TH]: 9, In
2015-08-18 14:58:17 :  62> [G]:  75498 [E]:   5128 [D]:  320 [T]: 3 [TH]: 9, In
2015-08-18 14:58:22 :  63> [G]:  63068 [E]:  65543 [D]: 1219 [T]:14 [TH]:10, In
2015-08-18 14:58:28 :  64> [G]: 134621 [E]: 140569 [D]: 1063 [T]: 4 [TH]: 9, In
2015-08-18 14:58:35 :  65> [G]:   4364 [E]:  49526 [D]:  461 [T]: 1 [TH]: 9, In
2015-08-18 14:58:39 :  66> [G]: 200768 [E]: 220651 [D]:  938 [T]: 2 [TH]: 9, In
2015-08-18 14:58:47 :  67> [G]: 153859 [E]: 166882 [D]: 3319 [T]: 1 [TH]: 9, In
2015-08-18 14:58:54 :  68> [G]:  42857 [E]: 120291 [D]:  917 [T]: 1 [TH]: 9, In
2015-08-18 14:59:01 :  69> [G]:  37229 [E]:  37058 [D]:  783 [T]: 2 [TH]: 9, In
2015-08-18 14:59:09 :  70> [G]:  77244 [E]: 126776 [D]: 2575 [T]:24 [TH]:10, In
2015-08-18 14:59:15 :  71> [G]:  34469 [E]:  96632 [D]:   71 [T]: 4 [TH]: 9, In
2015-08-18 14:59:20 :  72> [G]:  46328 [E]:  47072 [D]: 1617 [T]: 7 [TH]: 9, In
2015-08-18 14:59:29 :  73> [G]:  90965 [E]:  57483 [D]: 1884 [T]:30 [TH]:10, In
2015-08-18 14:59:32 :  74> [G]:   9103 [E]:  17237 [D]:  421 [T]: 3 [TH]: -, -
2015-08-18 14:59:42 :  75> [G]:  96784 [E]: 134836 [D]: 2650 [T]:18 [TH]:10, In
2015-08-18 14:59:51 :  76> [G]:  67210 [E]:  65676 [D]: 2145 [T]:31 [TH]:10, In
2015-08-18 14:59:56 :  77> [G]: 170876 [E]:  51553 [D]:  441 [T]: 2 [TH]: 9, In
2015-08-18 15:00:02 :  78> [G]:  25851 [E]:  84002 [D]:  544 [T]: 1 [TH]: 9, In
2015-08-18 15:00:07 :  79> [G]:  71894 [E]:  71605 [D]:  240 [T]: 1 [TH]: 9, In
2015-08-18 15:00:11 :  80> [G]:  68369 [E]:  51597 [D]: 1455 [T]: 2 [TH]: 9, In
2015-08-18 15:00:19 :  81> [G]:  59322 [E]: 111481 [D]:  274 [T]: 5 [TH]: 9, In
2015-08-18 15:00:29 :  82> [G]: 344400 [E]: 238456 [D]:  503 [T]:17 [TH]:10, In
2015-08-18 15:00:34 :  83> [G]:  22369 [E]:  15408 [D]:  189 [T]: 4 [TH]: 9, In
2015-08-18 15:00:43 :  84> [G]:  61724 [E]:  59276 [D]: 1621 [T]:29 [TH]:10, In
2015-08-18 15:00:53 :  85> [G]: 109816 [E]:  72685 [D]: 1138 [T]: 1 [TH]: 9, In
2015-08-18 15:01:01 :  86> [G]: 405829 [E]: 186432 [D]:  444 [T]:14 [TH]:10, In
2015-08-18 15:01:06 :  87> [G]:  45359 [E]: 100559 [D]: 1111 [T]: 1 [TH]: 9, In
2015-08-18 15:01:14 :  88> [G]:  76708 [E]: 276628 [D]: 2042 [T]: 1 [TH]: 8, In
2015-08-18 15:01:22 :  89> [G]: 105514 [E]:  91624 [D]: 1831 [T]:23 [TH]:10, In
2015-08-18 15:01:28 :  90> [G]:  25554 [E]:  52076 [D]:   92 [T]: 1 [TH]: 9, In
2015-08-18 15:01:37 :  91> [G]: 143130 [E]: 198465 [D]: 1035 [T]:16 [TH]:10, In
2015-08-18 15:01:42 :  92> [G]:  18860 [E]:   9185 [D]:  306 [T]: 4 [TH]: 9, In
2015-08-18 15:01:57 :  93> [G]: 308571 [E]:  19529 [D]:  457 [T]:16 [TH]:10, In
2015-08-18 15:02:02 :  94> [G]:  25628 [E]:  30225 [D]:  795 [T]: 4 [TH]: 9, In
2015-08-18 15:02:11 :  95> [G]:  71965 [E]: 118435 [D]:  317 [T]:22 [TH]:10, In
2015-08-18 15:02:17 :  96> [G]:  49049 [E]: 140203 [D]:  830 [T]: 1 [TH]: 9, In
2015-08-18 15:02:22 :  97> [G]:  70099 [E]:  34600 [D]:  652 [T]: 2 [TH]: 9, In
2015-08-18 15:02:26 :  98> [G]: 168974 [E]:  79688 [D]: 1129 [T]: 2 [TH]: 9, In
2015-08-18 15:02:37 :  99> [G]: 218510 [E]:  66577 [D]: 2201 [T]:26 [TH]:10, In
2015-08-18 15:02:42 : 100> [G]:  44196 [E]:  97486 [D]:  470 [T]: 2 [TH]: 9, In
2015-08-18 15:02:52 : 101> [G]:  49457 [E]: 109838 [D]: 1262 [T]:25 [TH]:10, In
2015-08-18 15:03:01 : 102> [G]: 102190 [E]: 141106 [D]: 3134 [T]:21 [TH]:10, In
2015-08-18 15:03:06 : 103> [G]:  83289 [E]: 109474 [D]:  190 [T]: 3 [TH]: 9, In
2015-08-18 15:03:21 : 104> [G]:  29606 [E]:  39804 [D]: 1337 [T]:27 [TH]:10, In
2015-08-18 15:03:30 : 105> [G]:   2528 [E]:  37398 [D]: 1929 [T]:27 [TH]: -, -
2015-08-18 15:03:43 : 106> [G]: 112380 [E]:  29553 [D]: 1170 [T]:23 [TH]:10, In
2015-08-18 15:03:49 : 107> [G]:  42660 [E]:  35726 [D]:  756 [T]: 1 [TH]: 9, In
2015-08-18 15:03:55 : 108> [G]:  24317 [E]:  16355 [D]:  525 [T]: 1 [TH]: 9, In
2015-08-18 15:04:03 : 109> [G]:  95609 [E]:  63158 [D]: 1147 [T]: 2 [TH]: 9, In
2015-08-18 15:04:12 : 110> [G]: 369923 [E]:  60398 [D]: 1687 [T]:17 [TH]:10, In
2015-08-18 15:04:17 : 111> [G]:  98359 [E]:  10657 [D]:  782 [T]: 1 [TH]: 9, In
2015-08-18 15:04:24 : 112> [G]:  12449 [E]:  63718 [D]: 1328 [T]: 2 [TH]: 9, In
2015-08-18 15:04:33 : 113> [G]: 103947 [E]:  72052 [D]:  537 [T]:17 [TH]:10, In
2015-08-18 15:04:38 : 114> [G]:  75827 [E]:  98727 [D]: 1398 [T]: 1 [TH]: 9, In
2015-08-18 15:04:46 : 115> [G]:  97954 [E]:   3988 [D]:  666 [T]: 1 [TH]: 9, In
2015-08-18 15:04:56 : 116> [G]: 174475 [E]: 345514 [D]: 1748 [T]:17 [TH]:10, In
2015-08-18 15:04:59 : 117> [G]:  32574 [E]: 119589 [D]: 1603 [T]: 1 [TH]: 9, In
2015-08-18 15:05:09 : 118> [G]:  57124 [E]: 129849 [D]: 1040 [T]: 1 [TH]: 9, In
2015-08-18 15:05:18 : 119> [G]:  16774 [E]:  55209 [D]: 1120 [T]:27 [TH]:10, In
2015-08-18 15:05:24 : 120> [G]:  29657 [E]:  52933 [D]:  543 [T]: 6 [TH]: 9, In
2015-08-18 15:05:33 : 121> [G]:  98817 [E]:  24542 [D]:  177 [T]:19 [TH]:10, In
2015-08-18 15:05:43 : 122> [G]:  35960 [E]:  12266 [D]:  936 [T]: 1 [TH]: 9, In
2015-08-18 15:05:48 : 123> [G]:  21873 [E]: 100587 [D]:  799 [T]: 2 [TH]: 9, In
2015-08-18 15:05:57 : 124> [G]:  34975 [E]:  68070 [D]:  425 [T]:13 [TH]:10, In
2015-08-18 15:06:03 : 125> [G]: 117000 [E]: 337238 [D]: 1702 [T]: 7 [TH]: 9, In
2015-08-18 15:06:11 : 126> [G]:  43268 [E]:  81655 [D]: 3057 [T]:30 [TH]: -, -
2015-08-18 15:06:18 : 127> [G]: 118152 [E]: 162228 [D]: 1138 [T]: 1 [TH]: 9, In
2015-08-18 15:06:23 : 128> [G]:  79677 [E]:  36453 [D]: 1195 [T]: 2 [TH]: 9, In
2015-08-18 15:06:28 : 129> [G]:  28140 [E]: 105326 [D]: 1414 [T]: 1 [TH]: 9, In
2015-08-18 15:06:38 : 130> [G]:  50323 [E]:  89349 [D]:   43 [T]:28 [TH]:10, In
2015-08-18 15:06:41 : 131> [G]:  84228 [E]:  19070 [D]:  997 [T]: 1 [TH]: 9, In
2015-08-18 15:06:46 : 132> [G]:  33418 [E]: 121796 [D]: 1822 [T]: 1 [TH]: 9, In
2015-08-18 15:06:54 : 133> [G]:  41911 [E]:  93801 [D]: 1433 [T]:26 [TH]:10, In
2015-08-18 15:06:58 : 134> [G]:  47597 [E]: 157167 [D]:  536 [T]: 1 [TH]: 9, In
2015-08-18 15:07:06 : 135> [G]:  18188 [E]:  79333 [D]:  426 [T]:27 [TH]:10, In
2015-08-18 15:07:11 : 136> [G]: 109280 [E]:  41774 [D]:  444 [T]: 1 [TH]: 9, In
2015-08-18 15:07:20 : 137> [G]:  41698 [E]:  42584 [D]: 1082 [T]:16 [TH]:10, In
2015-08-18 15:07:28 : 138> [G]:  51402 [E]: 117530 [D]:  892 [T]:18 [TH]:10, In
2015-08-18 15:07:38 : 139> [G]: 115445 [E]: 105602 [D]: 3026 [T]:16 [TH]:10, In
2015-08-18 15:07:46 : 140> [G]:  96724 [E]: 204382 [D]: 1482 [T]:21 [TH]:10, In
2015-08-18 15:07:51 : 141> [G]:  13198 [E]: 131603 [D]:  942 [T]: 1 [TH]: 9, In
2015-08-18 15:07:58 : 142> [G]:  53872 [E]:  51730 [D]:  343 [T]: 2 [TH]: 9, In
2015-08-18 15:08:05 : 143> [G]:  81838 [E]: 176216 [D]:  152 [T]: 1 [TH]: 9, In
2015-08-18 15:08:10 : 144> [G]:  66154 [E]:  96110 [D]:  780 [T]: 1 [TH]: 9, In
2015-08-18 15:08:19 : 145> [G]: 194943 [E]: 210448 [D]: 1072 [T]:32 [TH]:10, In
2015-08-18 15:08:27 : 146> [G]:   2353 [E]:  75183 [D]:  979 [T]: 4 [TH]: 9, In
2015-08-18 15:08:32 : 147> [G]: 111544 [E]:  47499 [D]:  669 [T]: 2 [TH]: 9, In
2015-08-18 15:08:37 : 148> [G]:  94863 [E]:  15321 [D]:  503 [T]: 2 [TH]: 9, In
2015-08-18 15:08:43 : 149> [G]:  86665 [E]:  67768 [D]: 1133 [T]: 1 [TH]: 9, In
2015-08-18 15:08:51 : 150> [G]: 111865 [E]:  78965 [D]:  598 [T]: 3 [TH]: 9, In
2015-08-18 15:08:55 : 151> [G]:  48953 [E]:  56966 [D]:  583 [T]: 1 [TH]: 9, In
2015-08-18 15:09:01 : 152> [G]:  52902 [E]: 115953 [D]:   77 [T]: 1 [TH]: 9, In
2015-08-18 15:09:05 : 153> [G]:  70860 [E]: 112777 [D]:  829 [T]:31 [TH]:10, In
2015-08-18 15:09:11 : 154> [G]:  30043 [E]: 138206 [D]:  664 [T]: 1 [TH]: 9, In
2015-08-18 15:09:19 : 155> [G]:  69754 [E]:  74407 [D]:  587 [T]: 1 [TH]: 9, In
2015-08-18 15:09:29 : 156> [G]: 260285 [E]: 158895 [D]: 2628 [T]:21 [TH]:10, In
2015-08-18 15:09:33 : 157> [G]:  87272 [E]:  90491 [D]: 1155 [T]: 2 [TH]: 9, In
2015-08-18 15:09:38 : Checking Trapped TH
2015-08-18 15:09:39 : Wizard Tower Found
2015-08-18 15:09:39 : 158> [G]: 248630 [E]: 353313 [D]: 2480 [T]: 1 [TH]: 9, Out
2015-08-18 15:09:39 : Wizard Tower found near TH, skipping...5
2015-08-18 15:09:40 : Trap found, skipping base...
2015-08-18 15:09:40 : ~~~~~~~~~~~~~~~~ Live Base Found! ~~~~~~~~~~~~~~~~
2015-08-18 15:09:42 : ================ Search Complete =================
2015-08-18 15:09:42 : Initiating attack for: Live Base
2015-08-18 15:09:45 : -Barbarians 45
2015-08-18 15:09:45 : -Archers 85
2015-08-18 15:09:45 : -Giants 14
2015-08-18 15:09:45 : -Clan Castle 
2015-08-18 15:09:45 : -King 
2015-08-18 15:09:45 : -Lightning Spells 2
2015-08-18 15:09:45 : -Poison Spells 1
2015-08-18 15:09:45 :  ====== Start Attack ====== 
2015-08-18 15:09:47 : Sending 1st wave of archers and Barbarians.
2015-08-18 15:09:47 : Dropping first wave of 10 Archers
2015-08-18 15:09:49 : Deployment of Archers Successful!
2015-08-18 15:09:51 : Dropping first wave of 8 Barbarians
2015-08-18 15:09:53 : Deployment of Barbarians Successful!
2015-08-18 15:10:21 : Sending second wave of archers And Barbarians.
2015-08-18 15:10:21 : Dropping second wave of 16 Archers
2015-08-18 15:10:23 : Deployment of Archers Successful!
2015-08-18 15:10:24 : Dropping first wave of 16 Barbarians
2015-08-18 15:10:27 : Deployment of Barbarians Successful!
2015-08-18 15:10:55 : Still no star - Let's send in more diverse troops!
2015-08-18 15:10:55 : Dropping first wave of 2 Giants
2015-08-18 15:10:57 : Deployment of Giants Successful!
2015-08-18 15:10:58 : Dropping second wave of 6 Giants
2015-08-18 15:11:00 : Deployment of Giants Successful!
2015-08-18 15:11:01 : Dropping first wave of 12 Barbarians
2015-08-18 15:11:04 : Deployment of Barbarians Successful!
2015-08-18 15:11:05 : Dropping first wave of 16 Barbarians
2015-08-18 15:11:08 : Deployment of Barbarians Successful!
2015-08-18 15:11:09 : Dropping third wave of 24 Archers
2015-08-18 15:11:13 : Deployment of Archers Successful!
2015-08-18 15:11:15 : ClashGameBot was Paused!
2015-08-18 15:13:01 : ClashGameBot was Resumed.
2015-08-18 15:13:02 : No Archers troop Found!!!
2015-08-18 15:13:28 : Hope the rest of your troops can finish the job!
2015-08-18 15:13:28 : No Giants troop Found!!!
2015-08-18 15:13:29 : No Barbarians troop Found!!!
2015-08-18 15:13:29 : No Archers troop Found!!!
2015-08-18 15:13:29 : No Barbarians troop Found!!!
2015-08-18 15:13:29 : No Archers troop Found!!!
2015-08-18 15:13:29 : No Barbarians troop Found!!!
2015-08-18 15:13:29 : No Archers troop Found!!!
