2015-07-31 00:08:39 : Starting BlueStacks
2015-07-31 00:08:51 : BlueStacks Loaded, took 11.86 seconds to begin.
2015-07-31 00:08:51 : ~~~ Clash Game Bot v4.1 Powered by GameBot.org ~~~
2015-07-31 00:08:51 : GameBot.org.exe Executable running on WIN_7  X64
2015-07-31 00:08:51 : =================== Bot Start ====================
2015-07-31 00:08:51 : -------------------------  Current Profile: 01 --------------------------
2015-07-31 00:08:52 : Trying to locate Main Screen
2015-07-31 00:08:56 : Waiting for Main Screen
2015-07-31 00:09:09 : Zooming Out
2015-07-31 00:09:11 : Main Screen Located
2015-07-31 00:09:12 : Detecting your Buildings..
2015-07-31 00:09:17 : Language setting is English: Correct.
2015-07-31 00:09:18 : Trying to locate Main Screen
2015-07-31 00:09:18 : Main Screen Located
2015-07-31 00:09:19 : Collecting Resources
2015-07-31 00:09:27 : Checking if Village needs Rearming..
2015-07-31 00:09:35 : Village Report
2015-07-31 00:09:35 : No. of Free/Total Builders: 0/4
2015-07-31 00:09:35 :  [T]: 1 437
2015-07-31 00:09:36 :  [G]: 5 857 002 [E]: 5 887 312 [D]: 71 382 [GEM]: 955
2015-07-31 00:09:38 : Checking Army Camp...
2015-07-31 00:09:40 : Total Army Camp capacity: 200/200
2015-07-31 00:09:41 :  - No. of Barbarians: 80
2015-07-31 00:09:41 :  - No. of Archers: 66
2015-07-31 00:09:41 :  - No. of Balloons: 6
2015-07-31 00:09:41 :  - No. of Wizards: 6
2015-07-31 00:09:42 : Barracks and Spell factory status: 
2015-07-31 00:09:42 : - Barracks detected: 4 | Available: 3 | Upgrading: 1
2015-07-31 00:09:42 : - Dark Barracks detected: 2 | Available: 2 | Upgrading: 0
2015-07-31 00:09:42 : - Spell factory detected: 1 | Available: 1 | Upgrading: 0
2015-07-31 00:09:42 : - Dark Spell factory detected: 1 | Available: 1 | Upgrading: 0
2015-07-31 00:09:42 : Training Troops...
2015-07-31 00:09:43 : Your Army Camps are now Full
2015-07-31 00:09:43 : Too many Ball, train last.
2015-07-31 00:09:43 : Too many Wiza, train last.
2015-07-31 00:10:09 :  ====== Unbreakable Mode enabled! ====== 
2015-07-31 00:10:12 : Going to Attack...
2015-07-31 00:10:20 : Returning Home For Defense
2015-07-31 00:10:24 : Closing Clash Of Clans
2015-07-31 00:10:26 : Waiting 5 Minutes for Defense Attacks
2015-07-31 00:15:49 : Zooming Out
2015-07-31 00:15:52 : Trying to locate Main Screen
2015-07-31 00:15:52 : Main Screen Located
2015-07-31 00:15:54 : Collecting Resources
2015-07-31 00:16:03 : Checking if Village needs Rearming..
2015-07-31 00:16:11 : Village Report
2015-07-31 00:16:11 : No. of Free/Total Builders: 0/4
2015-07-31 00:16:11 :  [T]: 1 437
2015-07-31 00:16:11 :  [G]: 5 859 407 [E]: 5 883 487 [D]: 71 390 [GEM]: 955
2015-07-31 00:16:14 : Checking Army Camp...
2015-07-31 00:16:15 : Total Army Camp capacity: 200/200
2015-07-31 00:16:16 :  - No. of Barbarians: 80
2015-07-31 00:16:16 :  - No. of Archers: 66
2015-07-31 00:16:17 :  - No. of Balloons: 6
2015-07-31 00:16:17 :  - No. of Wizards: 6
2015-07-31 00:16:17 : Training Troops...
2015-07-31 00:16:18 : Your Army Camps are now Full
2015-07-31 00:16:42 :  ====== Unbreakable Mode enabled! ====== 
2015-07-31 00:16:45 : Going to Attack...
2015-07-31 00:16:53 : Returning Home For Defense
2015-07-31 00:16:57 : Closing Clash Of Clans
2015-07-31 00:16:58 : Waiting 5 Minutes for Defense Attacks
2015-07-31 00:22:24 : Zooming Out
2015-07-31 00:22:28 : Trying to locate Main Screen
2015-07-31 00:22:28 : Main Screen Located
2015-07-31 00:22:29 : Collecting Resources
2015-07-31 00:22:40 : Checking if Village needs Rearming..
2015-07-31 00:23:01 : Village Report
2015-07-31 00:23:01 : No. of Free/Total Builders: 0/4
2015-07-31 00:23:01 :  [T]: 1 437
2015-07-31 00:23:01 :  [G]: 5 858 827 [E]: 5 885 551 [D]: 71 398 [GEM]: 955
2015-07-31 00:23:03 : Checking Army Camp...
2015-07-31 00:23:05 : Total Army Camp capacity: 200/200
2015-07-31 00:23:06 :  - No. of Barbarians: 80
2015-07-31 00:23:06 :  - No. of Archers: 66
2015-07-31 00:23:07 :  - No. of Balloons: 6
2015-07-31 00:23:07 :  - No. of Wizards: 6
2015-07-31 00:23:07 : Training Troops...
2015-07-31 00:23:08 : Your Army Camps are now Full
2015-07-31 00:23:31 :  ====== Unbreakable Mode enabled! ====== 
2015-07-31 00:23:34 : Going to Attack...
2015-07-31 00:23:42 : Returning Home For Defense
2015-07-31 00:23:46 : Closing Clash Of Clans
2015-07-31 00:23:47 : Waiting 5 Minutes for Defense Attacks
