2015-08-17 14:47:56 :  Clash Game Bot v4.1.1-6 merge Powered by GameBot.org 
2015-08-17 14:47:56 : GameBot.org.exe Executable running on WIN_7 Service Pack 1 X64
2015-08-17 14:47:56 : =================== Bot Start ====================
2015-08-17 14:47:56 : -------------------------  Current Profile: 01 --------------------------
2015-08-17 14:47:56 : Trying to locate Main Screen
2015-08-17 14:47:56 : Main Screen Located
2015-08-17 14:47:57 : Detecting your Buildings..
2015-08-17 14:48:03 : Language setting is English: Correct.
2015-08-17 14:48:04 : Trying to locate Main Screen
2015-08-17 14:48:04 : Main Screen Located
2015-08-17 14:48:06 : Village Report
2015-08-17 14:48:06 : No. of Free/Total Builders: 0/4
2015-08-17 14:48:06 :  [T]: 2 714
2015-08-17 14:48:06 :  [G]: 2 595 486 [E]: 3 279 066 [D]: 28 581 [GEM]: 57
2015-08-17 14:48:07 : Collecting Resources
2015-08-17 14:48:20 : Chat Request: hog giant pls
2015-08-17 14:48:20 : Giants Keyword found: giant
2015-08-17 14:48:24 : No Giants available to donate..
2015-08-17 14:48:24 : Hog Riders Keyword found: hog
2015-08-17 14:48:27 : No Hog Riders available to donate..
2015-08-17 14:48:29 : Chat Request: any
2015-08-17 14:48:29 : Custom Donation Keyword found: any
2015-08-17 14:48:32 : No Hog Riders available to donate..
2015-08-17 14:48:36 : No Balloons available to donate..
2015-08-17 14:48:36 : Donating 6 Archers
2015-08-17 14:48:39 : Checking Army Camp...
2015-08-17 14:48:40 : ClashGameBot was Paused!
2015-08-17 14:48:57 : ClashGameBot was Resumed.
2015-08-17 14:48:58 : Total Army Camp capacity: 90/220
2015-08-17 14:49:00 :  - No. of Barbarians: 8
2015-08-17 14:49:00 :  - No. of Archers: 74
2015-08-17 14:49:00 :  - No. of Goblins: 8
2015-08-17 14:49:00 : Barracks and Spell factory status: 
2015-08-17 14:49:00 : - Barracks detected: 4 | Available: 4 | Upgrading: 0
2015-08-17 14:49:00 : - Dark Barracks detected: 2 | Available: 2 | Upgrading: 0
2015-08-17 14:49:00 : - Spell factory detected: 1 | Available: 1 | Upgrading: 0
2015-08-17 14:49:00 : - Dark Spell factory detected: 1 | Available: 1 | Upgrading: 0
2015-08-17 14:49:01 : Training Troops...
2015-08-17 14:49:01 : ClashGameBot was Paused!
2015-08-17 14:49:03 : ClashGameBot was Resumed.
2015-08-17 14:49:27 : Spell Factory Full
2015-08-17 14:49:27 : Created 1 Spell(s)
2015-08-17 14:49:29 : 0
2015-08-17 14:49:31 : Requesting Clan Castle Troops
2015-08-17 14:49:37 : ====== Waiting for full army ======
2015-08-17 14:49:48 : Collecting Resources
2015-08-17 14:49:54 : Checking Army Camp...
2015-08-17 14:49:56 : Total Army Camp capacity: 115/220
2015-08-17 14:49:57 :  - No. of Barbarians: 8
2015-08-17 14:49:57 :  - No. of Archers: 79
2015-08-17 14:49:57 :  - No. of Goblins: 8
2015-08-17 14:49:58 :  - No. of Giants: 4
2015-08-17 14:49:58 : Training Troops...
2015-08-17 14:50:11 : Spell Factory Full
2015-08-17 14:50:13 : Time Idle: 00:00:36
2015-08-17 14:50:14 : ====== Waiting for full army ======
2015-08-17 14:50:26 : Checking Army Camp...
2015-08-17 14:50:27 : Total Army Camp capacity: 120/220
2015-08-17 14:50:29 :  - No. of Barbarians: 8
2015-08-17 14:50:29 :  - No. of Archers: 84
2015-08-17 14:50:29 :  - No. of Goblins: 8
2015-08-17 14:50:29 :  - No. of Giants: 4
2015-08-17 14:50:30 : Training Troops...
2015-08-17 14:50:43 : Spell Factory Full
2015-08-17 14:50:45 : Time Idle: 00:01:07
2015-08-17 14:50:45 : ====== Waiting for full army ======
2015-08-17 14:50:57 : Checking Army Camp...
2015-08-17 14:50:59 : Total Army Camp capacity: 125/220
2015-08-17 14:51:00 :  - No. of Barbarians: 8
2015-08-17 14:51:00 :  - No. of Archers: 89
2015-08-17 14:51:00 :  - No. of Goblins: 8
2015-08-17 14:51:00 :  - No. of Giants: 4
2015-08-17 14:51:01 : Training Troops...
2015-08-17 14:51:14 : Spell Factory Full
2015-08-17 14:51:16 : Time Idle: 00:01:39
2015-08-17 14:51:16 : ====== Waiting for full army ======
2015-08-17 14:51:28 : Checking Army Camp...
2015-08-17 14:51:30 : Total Army Camp capacity: 130/220
2015-08-17 14:51:31 :  - No. of Barbarians: 8
2015-08-17 14:51:31 :  - No. of Archers: 94
2015-08-17 14:51:32 :  - No. of Goblins: 8
2015-08-17 14:51:32 :  - No. of Giants: 4
2015-08-17 14:51:32 : Training Troops...
2015-08-17 14:51:45 : Spell Factory Full
2015-08-17 14:51:47 : Time Idle: 00:02:09
2015-08-17 14:51:47 : ====== Waiting for full army ======
2015-08-17 14:51:59 : Checking Army Camp...
2015-08-17 14:52:01 : Total Army Camp capacity: 135/220
2015-08-17 14:52:02 :  - No. of Barbarians: 8
2015-08-17 14:52:02 :  - No. of Archers: 99
2015-08-17 14:52:03 :  - No. of Goblins: 8
2015-08-17 14:52:03 :  - No. of Giants: 4
2015-08-17 14:52:03 : Training Troops...
2015-08-17 14:52:16 : Spell Factory Full
2015-08-17 14:52:18 : Time Idle: 00:02:40
2015-08-17 14:52:19 : ====== Waiting for full army ======
2015-08-17 14:52:30 : Checking Army Camp...
2015-08-17 14:52:32 : Total Army Camp capacity: 140/220
2015-08-17 14:52:33 :  - No. of Barbarians: 8
2015-08-17 14:52:33 :  - No. of Archers: 104
2015-08-17 14:52:34 :  - No. of Goblins: 8
2015-08-17 14:52:34 :  - No. of Giants: 4
2015-08-17 14:52:34 : Training Troops...
2015-08-17 14:52:47 : Spell Factory Full
2015-08-17 14:52:49 : Time Idle: 00:03:11
2015-08-17 14:52:50 : ====== Waiting for full army ======
2015-08-17 14:53:01 : Checking Army Camp...
2015-08-17 14:53:03 : Total Army Camp capacity: 145/220
2015-08-17 14:53:04 :  - No. of Barbarians: 8
2015-08-17 14:53:05 :  - No. of Archers: 109
2015-08-17 14:53:05 :  - No. of Goblins: 8
2015-08-17 14:53:05 :  - No. of Giants: 4
2015-08-17 14:53:05 : Training Troops...
2015-08-17 14:53:18 : Spell Factory Full
2015-08-17 14:53:20 : Time Idle: 00:03:42
2015-08-17 14:53:21 : ====== Waiting for full army ======
2015-08-17 14:53:33 : Checking Army Camp...
2015-08-17 14:53:34 : Total Army Camp capacity: 150/220
2015-08-17 14:53:36 :  - No. of Barbarians: 8
2015-08-17 14:53:36 :  - No. of Archers: 114
2015-08-17 14:53:36 :  - No. of Goblins: 8
2015-08-17 14:53:36 :  - No. of Giants: 4
2015-08-17 14:53:37 : Training Troops...
2015-08-17 14:53:50 : Spell Factory Full
2015-08-17 14:53:52 : Time Idle: 00:04:13
2015-08-17 14:53:52 : ====== Waiting for full army ======
2015-08-17 14:53:53 : Chat Request: drag
2015-08-17 14:53:54 : Dragons Keyword found: drag
2015-08-17 14:53:57 : No Dragons available to donate..
2015-08-17 14:53:59 : Chat Request: hog giant pls
2015-08-17 14:53:59 : Giants Keyword found: giant
2015-08-17 14:53:59 : Donating Giants
2015-08-17 14:54:12 : Checking Army Camp...
2015-08-17 14:54:18 : Total Army Camp capacity: 134/220
2015-08-17 14:54:19 :  - No. of Barbarians: 8
2015-08-17 14:54:20 :  - No. of Archers: 118
2015-08-17 14:54:20 :  - No. of Goblins: 8
2015-08-17 14:54:20 : Training Troops...
2015-08-17 14:54:36 : Spell Factory Full
2015-08-17 14:54:38 : Time Idle: 00:04:59
2015-08-17 14:54:39 : ====== Waiting for full army ======
2015-08-17 14:54:50 : Checking Army Camp...
2015-08-17 14:54:52 : Total Army Camp capacity: 134/220
2015-08-17 14:54:53 :  - No. of Barbarians: 8
2015-08-17 14:54:54 :  - No. of Archers: 118
2015-08-17 14:54:54 :  - No. of Goblins: 8
2015-08-17 14:54:55 : Training Troops...
2015-08-17 14:55:11 : Spell Factory Full
2015-08-17 14:55:13 : Time Idle: 00:05:33
2015-08-17 14:55:13 : ====== Waiting for full army ======
2015-08-17 14:55:25 : Checking Army Camp...
2015-08-17 14:55:26 : Total Army Camp capacity: 134/220
2015-08-17 14:55:28 :  - No. of Barbarians: 8
2015-08-17 14:55:28 :  - No. of Archers: 118
2015-08-17 14:55:28 :  - No. of Goblins: 8
2015-08-17 14:55:29 : Training Troops...
2015-08-17 14:55:45 : Spell Factory Full
2015-08-17 14:55:47 : Time Idle: 00:06:07
2015-08-17 14:55:47 : ====== Waiting for full army ======
2015-08-17 14:55:59 : Collecting Resources
2015-08-17 14:56:05 : Checking Army Camp...
2015-08-17 14:56:07 : Total Army Camp capacity: 154/220
2015-08-17 14:56:08 :  - No. of Barbarians: 8
2015-08-17 14:56:08 :  - No. of Archers: 118
2015-08-17 14:56:08 :  - No. of Goblins: 8
2015-08-17 14:56:08 :  - No. of Giants: 4
2015-08-17 14:56:09 : Training Troops...
2015-08-17 14:56:25 : Spell Factory Full
2015-08-17 14:56:27 : Time Idle: 00:06:47
2015-08-17 14:56:28 : ====== Waiting for full army ======
2015-08-17 14:56:39 : Checking Army Camp...
2015-08-17 14:56:41 : Total Army Camp capacity: 154/220
2015-08-17 14:56:42 :  - No. of Barbarians: 8
2015-08-17 14:56:42 :  - No. of Archers: 118
2015-08-17 14:56:42 :  - No. of Goblins: 8
2015-08-17 14:56:43 :  - No. of Giants: 4
2015-08-17 14:56:43 : Training Troops...
2015-08-17 14:56:59 : Spell Factory Full
2015-08-17 14:57:01 : Time Idle: 00:07:21
2015-08-17 14:57:02 : ====== Waiting for full army ======
2015-08-17 14:57:13 : Checking Army Camp...
2015-08-17 14:57:15 : Total Army Camp capacity: 154/220
2015-08-17 14:57:16 :  - No. of Barbarians: 8
2015-08-17 14:57:17 :  - No. of Archers: 118
2015-08-17 14:57:17 :  - No. of Goblins: 8
2015-08-17 14:57:17 :  - No. of Giants: 4
2015-08-17 14:57:17 : Training Troops...
2015-08-17 14:57:35 : Spell Factory Full
2015-08-17 14:57:35 : Created 1 Spell(s)
2015-08-17 14:57:37 : Time Idle: 00:07:56
2015-08-17 14:57:37 : ====== Waiting for full army ======
2015-08-17 14:57:49 : Checking Army Camp...
2015-08-17 14:57:51 : Total Army Camp capacity: 169/220
2015-08-17 14:57:52 :  - No. of Barbarians: 8
2015-08-17 14:57:52 :  - No. of Archers: 118
2015-08-17 14:57:52 :  - No. of Goblins: 8
2015-08-17 14:57:52 :  - No. of Giants: 7
2015-08-17 14:57:53 : Training Troops...
2015-08-17 14:58:11 : Spell Factory Full
2015-08-17 14:58:12 : ClashGameBot was Paused!
2015-08-17 14:59:54 : ClashGameBot was Resumed.
2015-08-17 14:59:55 : Time Idle: 00:10:15
2015-08-17 14:59:56 : ====== Waiting for full army ======
2015-08-17 15:00:07 : Checking Army Camp...
2015-08-17 15:00:09 : Total Army Camp capacity: 174/220
2015-08-17 15:00:11 :  - No. of Barbarians: 8
2015-08-17 15:00:11 :  - No. of Archers: 118
2015-08-17 15:00:11 :  - No. of Goblins: 8
2015-08-17 15:00:11 :  - No. of Giants: 8
2015-08-17 15:00:12 : Training Troops...
2015-08-17 15:00:29 : Spell Factory Full
2015-08-17 15:00:31 : Time Idle: 00:10:50
2015-08-17 15:00:31 : ====== Waiting for full army ======
2015-08-17 15:00:43 : Checking Army Camp...
2015-08-17 15:00:45 : Total Army Camp capacity: 174/220
2015-08-17 15:00:46 :  - No. of Barbarians: 8
2015-08-17 15:00:46 :  - No. of Archers: 118
2015-08-17 15:00:46 :  - No. of Goblins: 8
2015-08-17 15:00:46 :  - No. of Giants: 8
2015-08-17 15:00:47 : Training Troops...
2015-08-17 15:01:04 : Spell Factory Full
2015-08-17 15:01:06 : Time Idle: 00:11:24
2015-08-17 15:01:06 : ====== Waiting for full army ======
2015-08-17 15:01:18 : Checking Army Camp...
2015-08-17 15:01:19 : Total Army Camp capacity: 174/220
2015-08-17 15:01:21 :  - No. of Barbarians: 8
2015-08-17 15:01:21 :  - No. of Archers: 118
2015-08-17 15:01:21 :  - No. of Goblins: 8
2015-08-17 15:01:21 :  - No. of Giants: 8
2015-08-17 15:01:22 : Training Troops...
2015-08-17 15:01:39 : Spell Factory Full
2015-08-17 15:01:41 : Time Idle: 00:11:59
2015-08-17 15:01:41 : ====== Waiting for full army ======
2015-08-17 15:01:53 : Checking Army Camp...
2015-08-17 15:01:55 : Total Army Camp capacity: 174/220
2015-08-17 15:01:56 :  - No. of Barbarians: 8
2015-08-17 15:01:56 :  - No. of Archers: 118
2015-08-17 15:01:56 :  - No. of Goblins: 8
2015-08-17 15:01:56 :  - No. of Giants: 8
2015-08-17 15:01:57 : Training Troops...
