2015-08-17 15:24:26 :  Clash Game Bot v4.1.1-6 merge Powered by GameBot.org 
2015-08-17 15:24:26 : GameBot.org.exe Executable running on WIN_7 Service Pack 1 X64
2015-08-17 15:24:26 : =================== Bot Start ====================
2015-08-17 15:24:26 : -------------------------  Current Profile: 01 --------------------------
2015-08-17 15:24:27 : Trying to locate Main Screen
2015-08-17 15:24:27 : Main Screen Located
2015-08-17 15:24:28 : Detecting your Buildings..
2015-08-17 15:24:34 : Language setting is English: Correct.
2015-08-17 15:24:35 : Trying to locate Main Screen
2015-08-17 15:24:35 : Main Screen Located
2015-08-17 15:24:37 : Village Report
2015-08-17 15:24:37 : No. of Free/Total Builders: 0/4
2015-08-17 15:24:37 :  [T]: 2 676
2015-08-17 15:24:37 :  [G]: 2 556 848 [E]: 3 152 913 [D]: 29 063 [GEM]: 57
2015-08-17 15:24:37 : Collecting Resources
2015-08-17 15:24:51 : Chat Request: any plz
2015-08-17 15:24:51 : Custom Donation Keyword found: any
2015-08-17 15:24:54 : No Hog Riders available to donate..
2015-08-17 15:24:57 : No Balloons available to donate..
2015-08-17 15:24:58 : Donating 6 Archers
2015-08-17 15:25:00 : Chat Request: drag
2015-08-17 15:25:00 : Dragons Keyword found: drag
2015-08-17 15:25:03 : No Dragons available to donate..
2015-08-17 15:25:05 : Checking Army Camp...
2015-08-17 15:25:07 : Total Army Camp capacity: 114/220
2015-08-17 15:25:08 :  - No. of Barbarians: 8
2015-08-17 15:25:08 :  - No. of Archers: 78
2015-08-17 15:25:08 :  - No. of Goblins: 8
2015-08-17 15:25:09 :  - No. of Giants: 4
2015-08-17 15:25:09 : Barracks and Spell factory status: 
2015-08-17 15:25:09 : - Barracks detected: 4 | Available: 4 | Upgrading: 0
2015-08-17 15:25:09 : - Dark Barracks detected: 2 | Available: 2 | Upgrading: 0
2015-08-17 15:25:09 : - Spell factory detected: 1 | Available: 1 | Upgrading: 0
2015-08-17 15:25:09 : - Dark Spell factory detected: 1 | Available: 1 | Upgrading: 0
2015-08-17 15:25:09 : Training Troops...
2015-08-17 15:25:33 : Spell Factory Full
2015-08-17 15:25:33 : Created 1 Spell(s)
2015-08-17 15:25:35 : 0
2015-08-17 15:25:37 : Requesting Clan Castle Troops
2015-08-17 15:25:43 : ====== Waiting for full army ======
2015-08-17 15:25:55 : Checking Army Camp...
2015-08-17 15:25:57 : Total Army Camp capacity: 117/220
2015-08-17 15:25:58 :  - No. of Barbarians: 8
2015-08-17 15:25:58 :  - No. of Archers: 81
2015-08-17 15:25:58 :  - No. of Goblins: 8
2015-08-17 15:25:58 :  - No. of Giants: 4
2015-08-17 15:25:59 : Training Troops...
2015-08-17 15:26:14 : Spell Factory Full
2015-08-17 15:26:16 : Time Idle: 00:00:33
2015-08-17 15:26:17 : ====== Waiting for full army ======
2015-08-17 15:26:28 : Checking Army Camp...
2015-08-17 15:26:30 : Total Army Camp capacity: 120/220
2015-08-17 15:26:31 :  - No. of Barbarians: 8
2015-08-17 15:26:32 :  - No. of Archers: 84
2015-08-17 15:26:32 :  - No. of Goblins: 8
2015-08-17 15:26:32 :  - No. of Giants: 4
2015-08-17 15:26:33 : Training Troops...
2015-08-17 15:26:48 : Spell Factory Full
2015-08-17 15:26:50 : Time Idle: 00:01:07
2015-08-17 15:26:51 : ====== Waiting for full army ======
2015-08-17 15:26:52 : Chat Request: any
2015-08-17 15:26:52 : Custom Donation Keyword found: any
2015-08-17 15:26:56 : No Hog Riders available to donate..
2015-08-17 15:26:59 : No Balloons available to donate..
2015-08-17 15:27:00 : Donating 6 Archers
2015-08-17 15:27:02 : Chat Request: drag
2015-08-17 15:27:02 : Dragons Keyword found: drag
