2015-08-18 09:55:22 :  Clash Game Bot v4.1.1-6 merge Powered by GameBot.org 
2015-08-18 09:55:22 : GameBot.org.exe Executable running on WIN_7 Service Pack 1 X64
2015-08-18 09:55:22 : =================== Bot Start ====================
2015-08-18 09:55:22 : -------------------------  Current Profile: 01 --------------------------
2015-08-18 09:55:22 : Trying to locate Main Screen
2015-08-18 09:55:22 : Main Screen Located
2015-08-18 09:55:23 : Detecting your Buildings..
2015-08-18 09:55:31 : Language setting is English: Correct.
2015-08-18 09:55:32 : Trying to locate Main Screen
2015-08-18 09:55:32 : Main Screen Located
2015-08-18 09:55:34 : Village Report
2015-08-18 09:55:34 : No. of Free/Total Builders: 0/4
2015-08-18 09:55:34 :  [T]: 2 585
2015-08-18 09:55:34 :  [G]: 6 131 440 [E]: 5 160 523 [D]: 10 601 [GEM]: 17
2015-08-18 09:55:34 : Collecting Resources
2015-08-18 09:55:43 : ClashGameBot was Paused!
2015-08-18 09:56:03 : ClashGameBot was Resumed.
2015-08-18 09:56:07 : Chat Request: witch pls
2015-08-18 09:56:07 : Witches Keyword found: witch
2015-08-18 09:56:10 : No Witches available to donate..
2015-08-18 09:56:12 : Checking Army Camp...
2015-08-18 09:56:14 : Total Army Camp capacity: 216/220
2015-08-18 09:56:17 :  - No. of Barbarians: 108
2015-08-18 09:56:17 :  - No. of Archers: 108
2015-08-18 09:56:17 : Barracks and Spell factory status: 
2015-08-18 09:56:17 : - Barracks detected: 4 | Available: 4 | Upgrading: 0
2015-08-18 09:56:17 : - Dark Barracks detected: 2 | Available: 2 | Upgrading: 0
2015-08-18 09:56:17 : - Spell factory detected: 1 | Available: 1 | Upgrading: 0
2015-08-18 09:56:17 : - Dark Spell factory detected: 1 | Available: 1 | Upgrading: 0
2015-08-18 09:56:18 : Training Troops...
2015-08-18 09:56:32 : Spell Factory Full
2015-08-18 09:56:32 : Created 1 Spell(s)
2015-08-18 09:56:34 : 0
2015-08-18 09:56:35 : Requesting Clan Castle Troops
2015-08-18 09:56:41 : ====== Waiting for full army ======
2015-08-18 09:56:43 : Chat Request: any
2015-08-18 09:56:43 : Custom Donation Keyword found: any
2015-08-18 09:56:46 : No Giants available to donate..
2015-08-18 09:56:49 : No Minions available to donate..
2015-08-18 09:56:50 : Donating 6 Archers
2015-08-18 09:56:52 : Chat Request: witch pls
2015-08-18 09:56:53 : Witches Keyword found: witch
2015-08-18 09:56:56 : No Witches available to donate..
2015-08-18 09:57:08 : Checking Army Camp...
2015-08-18 09:57:10 : Total Army Camp capacity: 210/220
2015-08-18 09:57:11 :  - No. of Barbarians: 108
2015-08-18 09:57:12 :  - No. of Archers: 102
2015-08-18 09:57:12 : Training Troops...
2015-08-18 09:57:27 : Checking Army Camp...
2015-08-18 09:57:29 : Total Army Camp capacity: 214/220
2015-08-18 09:57:30 :  - No. of Barbarians: 108
2015-08-18 09:57:31 :  - No. of Archers: 106
2015-08-18 09:57:31 : Training Troops...
2015-08-18 09:57:41 : Spell Factory Full
2015-08-18 09:57:43 : Time Idle: 00:01:01
2015-08-18 09:57:43 : ====== Waiting for full army ======
2015-08-18 09:57:54 : Checking Army Camp...
2015-08-18 09:57:56 : Total Army Camp capacity: 220/220
2015-08-18 09:57:57 :  - No. of Barbarians: 108
2015-08-18 09:57:57 :  - No. of Archers: 112
2015-08-18 09:57:58 : Training Troops...
2015-08-18 09:57:59 : Your Army Camps are now Full
2015-08-18 09:58:24 : Spell Factory not found...
2015-08-18 09:58:26 : Going to Attack...
2015-08-18 09:58:31 : ============== Searching For Dead Base ===============
2015-08-18 09:58:31 : ~~~~~~~~~~~~~~~ SEARCH CONDITIONS ~~~~~~~~~~~~~~~~
2015-08-18 09:58:31 : Meet: Gold or Elixir, Max TH 8
2015-08-18 09:58:31 : ~~~~~~~~~~~~~~ RESOURCE CONDITIONS ~~~~~~~~~~~~~~~
2015-08-18 09:58:31 : Aim: [G]:      0 [E]:      0 [D]:    0 [T]: 0 [TH]: 8 for: Dead Base
2015-08-18 09:58:31 : ============== Searching For Live Base ===============
2015-08-18 09:58:31 : ~~~~~~~~~~~~~~~ SEARCH CONDITIONS ~~~~~~~~~~~~~~~~
2015-08-18 09:58:31 : Meet: Gold or Elixir, Max TH 8
2015-08-18 09:58:31 : ~~~~~~~~~~~~~~ RESOURCE CONDITIONS ~~~~~~~~~~~~~~~
2015-08-18 09:58:31 : Aim: [G]:      0 [E]:      0 [D]:    0 [T]: 0 [TH]: 8 for: Live Base
2015-08-18 09:58:32 : ~~~~~~~~~~~~~~~ ADVANCED SETTINGS ~~~~~~~~~~~~~~~~
2015-08-18 09:58:32 : THSnipe Combo, 6 Tile(s), AttackTH, Attack6:PB6
2015-08-18 09:58:32 : ==================================================
2015-08-18 09:58:34 :   1> [G]:  44495 [E]: 233481 [D]: 1900 [T]:15 [TH]:10, In
2015-08-18 09:58:40 :   2> [G]:  10806 [E]:  66061 [D]:  374 [T]:23 [TH]: 9, In
2015-08-18 09:58:44 :   3> [G]:  25353 [E]:  23559 [D]:   67 [T]:15 [TH]: 9, In
2015-08-18 09:58:49 :   4> [G]: 299257 [E]:  79435 [D]:  779 [T]:14 [TH]:10, In
2015-08-18 09:58:52 :   5> [G]:  37951 [E]:  66170 [D]:  325 [T]:28 [TH]: 9, In
2015-08-18 09:58:57 :   6> [G]: 138837 [E]: 150964 [D]:  211 [T]:14 [TH]: 8, In
2015-08-18 09:58:57 : ~~~~~~~~~~~~~~~~ Live Base Found! ~~~~~~~~~~~~~~~~
2015-08-18 09:58:57 : ================ Search Complete =================
2015-08-18 09:58:57 : Initiating attack for: Live Base
2015-08-18 09:59:00 : -Barbarians 108
2015-08-18 09:59:00 : -Archers 112
2015-08-18 09:59:00 : -Clan Castle 
2015-08-18 09:59:00 : -Heal Spells 1
2015-08-18 09:59:00 : -Poison Spells 2
2015-08-18 09:59:00 :  ====== Start Attack ====== 
2015-08-18 09:59:02 : Attacking with four fingers
2015-08-18 09:59:03 : Dropping only wave of 108 Barbarians
2015-08-18 09:59:08 : Dropping only wave of 112 Archers
2015-08-18 09:59:13 : Dropping Clan Castle
2015-08-18 09:59:15 : Dropping left over troops
2015-08-18 09:59:15 : Checking remaining unused troops for: Live Base
2015-08-18 09:59:18 : -Clan Castle 
2015-08-18 09:59:18 : -Heal Spells 1
2015-08-18 09:59:18 : -Poison Spells 2
2015-08-18 09:59:26 : Checking remaining unused troops for: Live Base
2015-08-18 09:59:29 : -Clan Castle 
2015-08-18 09:59:29 : -Heal Spells 1
2015-08-18 09:59:29 : -Poison Spells 2
2015-08-18 09:59:37 : Finished Attacking, waiting for the battle to end
2015-08-18 09:59:37 : Checking if the battle has finished
2015-08-18 09:59:38 : One Star Reach, exit
2015-08-18 09:59:39 : Returning Home
2015-08-18 09:59:44 : Loot: [G]: 134 181 [E]: 142 965 [DE]: 201 [T]: 4
2015-08-18 09:59:44 : Bonus [G]: 100 000 [E]: 100 000 [DE]: 500
2015-08-18 09:59:47 : Your league level is: Master III
2015-08-18 09:59:47 : Stars earned: 1
2015-08-18 09:59:54 : Trying to locate Main Screen
2015-08-18 09:59:54 : Main Screen Located
2015-08-18 09:59:56 : Village Report
2015-08-18 09:59:56 : No. of Free/Total Builders: 0/4
2015-08-18 09:59:56 :  [T]: 2 589
2015-08-18 09:59:56 :  [G]: 6 367 358 [E]: 5 334 330 [D]: 11 302 [GEM]: 17
2015-08-18 09:59:57 : Collecting Resources
2015-08-18 10:00:07 : Chat Request: super guard pls
2015-08-18 10:00:07 : Custom Donation Keyword found: guard
2015-08-18 10:00:10 : No Giants available to donate..
2015-08-18 10:00:14 : No Minions available to donate..
2015-08-18 10:00:14 : Donating 6 Archers
2015-08-18 10:00:16 : Chat Request: any
2015-08-18 10:00:16 : Custom Donation Keyword found: any
2015-08-18 10:00:19 : No Giants available to donate..
2015-08-18 10:00:23 : No Minions available to donate..
2015-08-18 10:00:24 : Donating 6 Archers
2015-08-18 10:00:26 : Chat Request: witch pls
2015-08-18 10:00:26 : Witches Keyword found: witch
2015-08-18 10:00:30 : No Witches available to donate..
2015-08-18 10:00:32 : Checking Army Camp...
2015-08-18 10:00:33 : Total Army Camp capacity: 72/220
2015-08-18 10:00:35 :  - No. of Archers: 76
2015-08-18 10:00:35 : Training Troops...
2015-08-18 10:00:44 : Spell Factory Full
2015-08-18 10:00:46 : 0
2015-08-18 10:00:47 : Requesting Clan Castle Troops
2015-08-18 10:00:48 : Request has already been made
2015-08-18 10:00:49 : ====== Waiting for full army ======
2015-08-18 10:01:01 : Checking Army Camp...
2015-08-18 10:01:03 : Total Army Camp capacity: 92/220
2015-08-18 10:01:04 :  - No. of Archers: 92
2015-08-18 10:01:05 : Training Troops...
2015-08-18 10:01:13 : Spell Factory Full
2015-08-18 10:01:15 : Time Idle: 00:00:25
2015-08-18 10:01:15 : ====== Waiting for full army ======
2015-08-18 10:01:27 : Checking Army Camp...
2015-08-18 10:01:29 : Total Army Camp capacity: 112/220
2015-08-18 10:01:30 :  - No. of Barbarians: 12
2015-08-18 10:01:30 :  - No. of Archers: 100
2015-08-18 10:01:31 : Training Troops...
2015-08-18 10:01:42 : Spell Factory Full
2015-08-18 10:01:43 : Time Idle: 00:00:53
2015-08-18 10:01:44 : ====== Waiting for full army ======
2015-08-18 10:01:55 : Checking Army Camp...
2015-08-18 10:01:57 : Total Army Camp capacity: 136/220
2015-08-18 10:01:58 :  - No. of Barbarians: 36
2015-08-18 10:01:59 :  - No. of Archers: 100
2015-08-18 10:01:59 : Training Troops...
2015-08-18 10:02:07 : Spell Factory Full
2015-08-18 10:02:09 : Time Idle: 00:01:19
2015-08-18 10:02:09 : ====== Waiting for full army ======
2015-08-18 10:02:21 : Checking Army Camp...
2015-08-18 10:02:23 : Total Army Camp capacity: 156/220
2015-08-18 10:02:24 :  - No. of Barbarians: 56
2015-08-18 10:02:24 :  - No. of Archers: 100
2015-08-18 10:02:25 : Training Troops...
2015-08-18 10:02:33 : Spell Factory Full
2015-08-18 10:02:35 : Time Idle: 00:01:44
2015-08-18 10:02:35 : ====== Waiting for full army ======
2015-08-18 10:02:47 : Checking Army Camp...
2015-08-18 10:02:49 : Total Army Camp capacity: 176/220
2015-08-18 10:02:50 :  - No. of Barbarians: 76
2015-08-18 10:02:50 :  - No. of Archers: 100
2015-08-18 10:02:51 : Training Troops...
2015-08-18 10:02:59 : Spell Factory Full
2015-08-18 10:03:01 : Time Idle: 00:02:10
2015-08-18 10:03:01 : ====== Waiting for full army ======
2015-08-18 10:03:13 : Checking Army Camp...
2015-08-18 10:03:15 : Total Army Camp capacity: 196/220
2015-08-18 10:03:16 :  - No. of Barbarians: 96
2015-08-18 10:03:16 :  - No. of Archers: 100
2015-08-18 10:03:17 : Training Troops...
2015-08-18 10:03:25 : Spell Factory Full
2015-08-18 10:03:27 : Time Idle: 00:02:36
2015-08-18 10:03:27 : ====== Waiting for full army ======
2015-08-18 10:03:39 : Checking Army Camp...
2015-08-18 10:03:41 : Total Army Camp capacity: 216/220
2015-08-18 10:03:42 :  - No. of Barbarians: 108
2015-08-18 10:03:42 :  - No. of Archers: 108
2015-08-18 10:03:43 : Training Troops...
2015-08-18 10:03:53 : Checking Army Camp...
2015-08-18 10:03:55 : Total Army Camp capacity: 220/220
2015-08-18 10:03:56 :  - No. of Barbarians: 108
2015-08-18 10:03:56 :  - No. of Archers: 112
2015-08-18 10:03:57 : Training Troops...
2015-08-18 10:03:58 : Your Army Camps are now Full
2015-08-18 10:04:21 : Spell Factory not found...
2015-08-18 10:04:23 : Going to Attack...
2015-08-18 10:04:29 : ============== Searching For Dead Base ===============
2015-08-18 10:04:29 : ~~~~~~~~~~~~~~~ SEARCH CONDITIONS ~~~~~~~~~~~~~~~~
2015-08-18 10:04:29 : Meet: Gold or Elixir, Max TH 8
2015-08-18 10:04:29 : ~~~~~~~~~~~~~~ RESOURCE CONDITIONS ~~~~~~~~~~~~~~~
2015-08-18 10:04:29 : Aim: [G]:      0 [E]:      0 [D]:    0 [T]: 0 [TH]: 8 for: Dead Base
2015-08-18 10:04:29 : ============== Searching For Live Base ===============
2015-08-18 10:04:29 : ~~~~~~~~~~~~~~~ SEARCH CONDITIONS ~~~~~~~~~~~~~~~~
2015-08-18 10:04:29 : Meet: Gold or Elixir, Max TH 8
2015-08-18 10:04:29 : ~~~~~~~~~~~~~~ RESOURCE CONDITIONS ~~~~~~~~~~~~~~~
2015-08-18 10:04:29 : Aim: [G]:      0 [E]:      0 [D]:    0 [T]: 0 [TH]: 8 for: Live Base
2015-08-18 10:04:29 : ~~~~~~~~~~~~~~~ ADVANCED SETTINGS ~~~~~~~~~~~~~~~~
2015-08-18 10:04:29 : THSnipe Combo, 6 Tile(s), AttackTH, Attack6:PB6
2015-08-18 10:04:29 : ==================================================
2015-08-18 10:04:31 :   1> [G]: 109006 [E]:  91947 [D]:  898 [T]:19 [TH]: 9, In
2015-08-18 10:04:35 :   2> [G]:  36524 [E]:  86375 [D]: 1041 [T]:26 [TH]: 9, In
2015-08-18 10:04:41 :   3> [G]:  70367 [E]:  64003 [D]:  294 [T]:13 [TH]: 9, In
2015-08-18 10:04:47 :   4> [G]:  90534 [E]:  44319 [D]:  708 [T]:24 [TH]:10, In
2015-08-18 10:04:52 :   5> [G]:  47945 [E]:  72290 [D]:  674 [T]:29 [TH]: 9, In
2015-08-18 10:04:59 :   6> [G]:  56454 [E]:  76218 [D]:  313 [T]:30 [TH]:10, In
2015-08-18 10:05:05 :   7> [G]: 314974 [E]:  73473 [D]:  308 [T]:16 [TH]:10, In
2015-08-18 10:05:09 :   8> [G]:  33684 [E]: 104962 [D]: 1639 [T]:21 [TH]:10, In
2015-08-18 10:05:14 :   9> [G]:  69935 [E]:  98468 [D]:  737 [T]:20 [TH]: 9, In
2015-08-18 10:05:18 :  10> [G]: 117811 [E]:  26242 [D]:  162 [T]:31 [TH]:10, In
2015-08-18 10:05:24 :  11> [G]:  13899 [E]:  40046 [D]:  667 [T]:18 [TH]:10, In
2015-08-18 10:05:28 :  12> [G]:  69233 [E]:  74318 [D]: 1111 [T]:16 [TH]: 9, In
2015-08-18 10:05:33 :  13> [G]: 348517 [E]:  84838 [D]:  348 [T]:29 [TH]:10, In
2015-08-18 10:05:40 :  14> [G]: 137468 [E]:  28412 [D]:  485 [T]:32 [TH]:10, In
2015-08-18 10:05:44 :  15> [G]:  46896 [E]:  91443 [D]:  809 [T]:26 [TH]: 9, In
2015-08-18 10:05:48 :  16> [G]: 163360 [E]:  79934 [D]:  123 [T]:21 [TH]: 9, In
2015-08-18 10:05:53 :  17> [G]:  63422 [E]:  87698 [D]: 2330 [T]:25 [TH]:10, In
2015-08-18 10:05:57 :  18> [G]:  94959 [E]:  49095 [D]: 1199 [T]:22 [TH]: 9, In
2015-08-18 10:06:04 :  19> [G]: 152208 [E]:  48244 [D]: 3591 [T]:18 [TH]:10, In
2015-08-18 10:06:08 :  20> [G]:  61823 [E]:  66633 [D]: 1738 [T]:30 [TH]:10, In
2015-08-18 10:06:13 :  21> [G]:  44577 [E]:  17682 [D]: 1384 [T]:22 [TH]: 9, In
2015-08-18 10:06:17 :  22> [G]:   3498 [E]:  41741 [D]:  546 [T]:15 [TH]: 9, In
2015-08-18 10:06:22 :  23> [G]:  26950 [E]: 103625 [D]:  773 [T]:27 [TH]:10, In
2015-08-18 10:06:26 :  24> [G]:  24783 [E]:  40709 [D]: 2277 [T]:26 [TH]:10, In
2015-08-18 10:06:30 :  25> [G]:  78972 [E]:  93136 [D]: 1233 [T]:14 [TH]: 9, In
2015-08-18 10:06:34 :  26> [G]:  62476 [E]: 122427 [D]: 1551 [T]:15 [TH]: 9, In
2015-08-18 10:06:39 :  27> [G]:  37937 [E]:  14697 [D]:  149 [T]:15 [TH]: 9, In
2015-08-18 10:06:43 :  28> [G]:  39847 [E]:  59570 [D]:  708 [T]:21 [TH]: 9, In
2015-08-18 10:06:47 :  29> [G]:  55350 [E]:  59624 [D]:  309 [T]:31 [TH]:10, In
2015-08-18 10:06:51 :  30> [G]:  48730 [E]:  64297 [D]:  300 [T]:26 [TH]: 9, In
2015-08-18 10:06:57 :  31> [G]:  24098 [E]: 100600 [D]:  858 [T]:21 [TH]: 9, In
2015-08-18 10:07:03 :  32> [G]:  38991 [E]: 185607 [D]:  557 [T]:15 [TH]: 9, In
2015-08-18 10:07:07 :  33> [G]:  58644 [E]: 105623 [D]:  435 [T]:27 [TH]: 9, In
2015-08-18 10:07:11 :  34> [G]:  50091 [E]: 138761 [D]: 1424 [T]:15 [TH]: 9, In
2015-08-18 10:07:13 : ClashGameBot was Paused!
