2015-08-02 00:05:12 : ~ Clash Game Bot v4.1MODS Powered by GameBot.org ~
2015-08-02 00:05:12 : GameBot.org.exe Executable running on WIN_7  X64
2015-08-02 00:05:12 : =================== Bot Start ====================
2015-08-02 00:05:12 : -------------------------  Current Profile: 01 --------------------------
2015-08-02 00:05:12 : Trying to locate Main Screen
2015-08-02 00:05:12 : Main Screen Located
2015-08-02 00:05:13 : Detecting your Buildings..
2015-08-02 00:05:17 : Language setting is English: Correct.
2015-08-02 00:05:18 : Trying to locate Main Screen
2015-08-02 00:05:18 : Main Screen Located
2015-08-02 00:05:19 : Collecting Resources
2015-08-02 00:05:26 : Checking if Village needs Rearming..
2015-08-02 00:05:33 : Village Report
2015-08-02 00:05:33 : No. of Free/Total Builders: 0/4
2015-08-02 00:05:34 :  [T]: 1 645
2015-08-02 00:05:34 :  [G]: 5 900 341 [E]: 4 509 750 [D]: 61 005 [GEM]: 954
2015-08-02 00:05:37 : Checking Army Camp...
2015-08-02 00:05:39 : Total Army Camp capacity: 94/200
2015-08-02 00:05:39 :  - Barbarian max qty    : 60
2015-08-02 00:05:39 :  - Archer max qty     : 40
2015-08-02 00:05:39 :  - Giant max qty     : 0
2015-08-02 00:05:40 :  - No. of Barbarians: 5
2015-08-02 00:05:40 :  - No. of Archers: 89
2015-08-02 00:05:40 : Barracks and Spell factory status: 
2015-08-02 00:05:40 : - Barracks detected: 4 | Available: 3 | Upgrading: 1
2015-08-02 00:05:40 : - Dark Barracks detected: 2 | Available: 2 | Upgrading: 0
2015-08-02 00:05:40 : - Spell factory detected: 1 | Available: 1 | Upgrading: 0
2015-08-02 00:05:40 : - Dark Spell factory detected: 1 | Available: 0 | Upgrading: 1
2015-08-02 00:05:40 : Training Troops...
2015-08-02 00:06:00 : Requesting Clan Castle Troops
2015-08-02 00:06:00 : Your Clan Castle is already full or you are not in a clan.
2015-08-02 00:06:01 :  ====== Unbreakable Mode enabled! ====== 
2015-08-02 00:06:01 : Oops, wait for 70% troops filled
2015-08-02 00:06:02 : Trying to locate Main Screen
2015-08-02 00:06:02 : Main Screen Located
2015-08-02 00:06:03 : Collecting Resources
2015-08-02 00:06:10 : Checking if Village needs Rearming..
2015-08-02 00:06:19 : Village Report
2015-08-02 00:06:19 : No. of Free/Total Builders: 0/4
2015-08-02 00:06:19 :  [T]: 1 645
2015-08-02 00:06:20 :  [G]: 5 900 744 [E]: 4 504 500 [D]: 61 007 [GEM]: 
2015-08-02 00:06:23 : Checking Army Camp...
2015-08-02 00:06:25 : Total Army Camp capacity: 99/200
2015-08-02 00:06:25 :  - Barbarian max qty    : 60
2015-08-02 00:06:25 :  - Archer max qty     : 40
2015-08-02 00:06:25 :  - Giant max qty     : 0
2015-08-02 00:06:26 :  - No. of Barbarians: 10
2015-08-02 00:06:26 :  - No. of Archers: 89
2015-08-02 00:06:26 : Training Troops...
2015-08-02 00:06:35 : Requesting Clan Castle Troops
2015-08-02 00:06:35 : Cannot detect button request troops.
2015-08-02 00:06:36 :  ====== Unbreakable Mode enabled! ====== 
2015-08-02 00:06:36 : Oops, wait for 70% troops filled
2015-08-02 00:06:37 : Trying to locate Main Screen
2015-08-02 00:06:37 : Main Screen Located
2015-08-02 00:06:38 : Collecting Resources
2015-08-02 00:06:45 : Checking if Village needs Rearming..
2015-08-02 00:06:55 : Village Report
2015-08-02 00:06:55 : No. of Free/Total Builders: 0/4
2015-08-02 00:06:55 :  [T]: 1 645
2015-08-02 00:06:55 :  [G]: 5 900 744 [E]: 4 504 350 [D]: 61 008 [GEM]: 
2015-08-02 00:06:59 : Checking Army Camp...
2015-08-02 00:07:01 : Total Army Camp capacity: 104/200
2015-08-02 00:07:01 :  - Barbarian max qty    : 60
2015-08-02 00:07:01 :  - Archer max qty     : 40
2015-08-02 00:07:01 :  - Giant max qty     : 0
2015-08-02 00:07:02 :  - No. of Barbarians: 15
2015-08-02 00:07:02 :  - No. of Archers: 89
2015-08-02 00:07:02 : Training Troops...
2015-08-02 00:07:10 : Requesting Clan Castle Troops
2015-08-02 00:07:10 : Cannot detect button request troops.
2015-08-02 00:07:12 :  ====== Unbreakable Mode enabled! ====== 
2015-08-02 00:07:12 : Oops, wait for 70% troops filled
2015-08-02 00:07:13 : Trying to locate Main Screen
2015-08-02 00:07:13 : Main Screen Located
2015-08-02 00:07:14 : Collecting Resources
2015-08-02 00:07:21 : Checking if Village needs Rearming..
2015-08-02 00:07:31 : Village Report
2015-08-02 00:07:31 : No. of Free/Total Builders: 0/4
2015-08-02 00:07:31 :  [T]: 1 645
2015-08-02 00:07:31 :  [G]: 5 900 744 [E]: 4 505 112 [D]: 61 009 [GEM]: 
2015-08-02 00:07:34 : Checking Army Camp...
2015-08-02 00:07:36 : Total Army Camp capacity: 110/200
2015-08-02 00:07:36 :  - Barbarian max qty    : 60
2015-08-02 00:07:36 :  - Archer max qty     : 40
2015-08-02 00:07:36 :  - Giant max qty     : 0
2015-08-02 00:07:37 :  - No. of Barbarians: 21
2015-08-02 00:07:37 :  - No. of Archers: 89
2015-08-02 00:07:38 : Training Troops...
2015-08-02 00:07:45 : Requesting Clan Castle Troops
2015-08-02 00:07:46 : Cannot detect button request troops.
2015-08-02 00:07:47 :  ====== Unbreakable Mode enabled! ====== 
2015-08-02 00:07:47 : Oops, wait for 70% troops filled
2015-08-02 00:07:48 : Trying to locate Main Screen
2015-08-02 00:07:48 : Main Screen Located
2015-08-02 00:07:49 : Collecting Resources
2015-08-02 00:07:56 : Checking if Village needs Rearming..
2015-08-02 00:08:06 : Village Report
2015-08-02 00:08:06 : No. of Free/Total Builders: 0/4
2015-08-02 00:08:07 :  [T]: 1 645
2015-08-02 00:08:07 :  [G]: 5 900 744 [E]: 4 505 332 [D]: 61 010 [GEM]: 
2015-08-02 00:08:10 : Checking Army Camp...
2015-08-02 00:08:12 : Total Army Camp capacity: 115/200
2015-08-02 00:08:12 :  - Barbarian max qty    : 60
2015-08-02 00:08:12 :  - Archer max qty     : 40
2015-08-02 00:08:12 :  - Giant max qty     : 0
2015-08-02 00:08:13 :  - No. of Barbarians: 26
2015-08-02 00:08:13 :  - No. of Archers: 89
2015-08-02 00:08:13 : Training Troops...
2015-08-02 00:08:21 : Requesting Clan Castle Troops
2015-08-02 00:08:22 : Cannot detect button request troops.
2015-08-02 00:08:23 :  ====== Unbreakable Mode enabled! ====== 
2015-08-02 00:08:23 : Oops, wait for 70% troops filled
2015-08-02 00:08:24 : Trying to locate Main Screen
2015-08-02 00:08:24 : Main Screen Located
2015-08-02 00:08:25 : Collecting Resources
2015-08-02 00:08:32 : Checking if Village needs Rearming..
2015-08-02 00:08:42 : Village Report
2015-08-02 00:08:42 : No. of Free/Total Builders: 0/4
2015-08-02 00:08:42 :  [T]: 1 645
2015-08-02 00:08:42 :  [G]: 5 900 744 [E]: 4 505 332 [D]: 61 011 [GEM]: 
2015-08-02 00:08:46 : Checking Army Camp...
2015-08-02 00:08:47 : Total Army Camp capacity: 120/200
2015-08-02 00:08:47 :  - Barbarian max qty    : 60
2015-08-02 00:08:47 :  - Archer max qty     : 40
2015-08-02 00:08:47 :  - Giant max qty     : 0
2015-08-02 00:08:48 :  - No. of Barbarians: 31
2015-08-02 00:08:48 :  - No. of Archers: 89
2015-08-02 00:08:49 : Training Troops...
2015-08-02 00:08:57 : Requesting Clan Castle Troops
2015-08-02 00:08:57 : Cannot detect button request troops.
2015-08-02 00:08:58 :  ====== Unbreakable Mode enabled! ====== 
2015-08-02 00:08:58 : Oops, wait for 70% troops filled
2015-08-02 00:08:59 : Trying to locate Main Screen
2015-08-02 00:08:59 : Main Screen Located
2015-08-02 00:09:00 : Collecting Resources
2015-08-02 00:09:07 : Checking if Village needs Rearming..
2015-08-02 00:09:18 : Village Report
2015-08-02 00:09:18 : No. of Free/Total Builders: 0/4
2015-08-02 00:09:18 :  [T]: 1 645
2015-08-02 00:09:18 :  [G]: 5 900 744 [E]: 4 505 332 [D]: 61 012 [GEM]: 
2015-08-02 00:09:21 : Checking Army Camp...
2015-08-02 00:09:23 : Total Army Camp capacity: 125/200
2015-08-02 00:09:23 :  - Barbarian max qty    : 60
2015-08-02 00:09:23 :  - Archer max qty     : 40
2015-08-02 00:09:23 :  - Giant max qty     : 0
2015-08-02 00:09:24 :  - No. of Barbarians: 36
2015-08-02 00:09:24 :  - No. of Archers: 89
2015-08-02 00:09:25 : Training Troops...
2015-08-02 00:09:32 : Requesting Clan Castle Troops
2015-08-02 00:09:33 : Cannot detect button request troops.
2015-08-02 00:09:34 :  ====== Unbreakable Mode enabled! ====== 
2015-08-02 00:09:34 : Oops, wait for 70% troops filled
2015-08-02 00:09:35 : Trying to locate Main Screen
2015-08-02 00:09:35 : Main Screen Located
2015-08-02 00:09:36 : Collecting Resources
2015-08-02 00:09:43 : Checking if Village needs Rearming..
2015-08-02 00:09:52 : Village Report
2015-08-02 00:09:52 : No. of Free/Total Builders: 0/4
2015-08-02 00:09:53 :  [T]: 1 645
2015-08-02 00:09:53 :  [G]: 5 900 744 [E]: 4 505 332 [D]: 61 013 [GEM]: 
2015-08-02 00:09:56 : Checking Army Camp...
2015-08-02 00:09:58 : Total Army Camp capacity: 131/200
2015-08-02 00:09:58 :  - Barbarian max qty    : 60
2015-08-02 00:09:58 :  - Archer max qty     : 40
2015-08-02 00:09:58 :  - Giant max qty     : 0
2015-08-02 00:09:59 :  - No. of Barbarians: 42
2015-08-02 00:09:59 :  - No. of Archers: 89
2015-08-02 00:09:59 : Training Troops...
2015-08-02 00:10:07 : Requesting Clan Castle Troops
2015-08-02 00:10:08 : Cannot detect button request troops.
2015-08-02 00:10:09 :  ====== Unbreakable Mode enabled! ====== 
2015-08-02 00:10:09 : Oops, wait for 70% troops filled
2015-08-02 00:10:10 : Trying to locate Main Screen
2015-08-02 00:10:10 : Main Screen Located
2015-08-02 00:10:11 : Collecting Resources
2015-08-02 00:10:17 : Checking if Village needs Rearming..
2015-08-02 00:10:27 : Village Report
2015-08-02 00:10:27 : No. of Free/Total Builders: 0/4
2015-08-02 00:10:27 :  [T]: 1 645
2015-08-02 00:10:27 :  [G]: 5 900 744 [E]: 4 505 332 [D]: 61 014 [GEM]: 
2015-08-02 00:10:31 : Checking Army Camp...
2015-08-02 00:10:33 : Total Army Camp capacity: 136/200
2015-08-02 00:10:33 :  - Barbarian max qty    : 60
2015-08-02 00:10:33 :  - Archer max qty     : 40
2015-08-02 00:10:33 :  - Giant max qty     : 0
2015-08-02 00:10:34 :  - No. of Barbarians: 48
2015-08-02 00:10:34 :  - No. of Archers: 89
2015-08-02 00:10:34 : Training Troops...
2015-08-02 00:10:42 : Requesting Clan Castle Troops
2015-08-02 00:10:42 : Cannot detect button request troops.
2015-08-02 00:10:43 :  ====== Unbreakable Mode enabled! ====== 
2015-08-02 00:10:43 : Oops, wait for 70% troops filled
2015-08-02 00:10:44 : Trying to locate Main Screen
2015-08-02 00:10:44 : Main Screen Located
2015-08-02 00:10:45 : Collecting Resources
2015-08-02 00:10:53 : Checking if Village needs Rearming..
2015-08-02 00:11:03 : Village Report
2015-08-02 00:11:03 : No. of Free/Total Builders: 0/4
2015-08-02 00:11:03 :  [T]: 1 645
2015-08-02 00:11:03 :  [G]: 5 900 744 [E]: 4 505 998 [D]: 61 015 [GEM]: 
2015-08-02 00:11:06 : Checking Army Camp...
2015-08-02 00:11:08 : Total Army Camp capacity: 141/200
2015-08-02 00:11:08 :  - Barbarian max qty    : 60
2015-08-02 00:11:08 :  - Archer max qty     : 40
2015-08-02 00:11:08 :  - Giant max qty     : 0
2015-08-02 00:11:09 :  - No. of Barbarians: 52
2015-08-02 00:11:09 :  - No. of Archers: 89
2015-08-02 00:11:09 : Training Troops...
2015-08-02 00:11:17 : Requesting Clan Castle Troops
2015-08-02 00:11:18 : Cannot detect button request troops.
2015-08-02 00:11:19 :  ====== Unbreakable Mode enabled! ====== 
2015-08-02 00:11:19 : Oops, Out of Dark Elxir - back to farming
2015-08-02 00:11:19 : Checking Troop Upgrade in Laboratory ...
2015-08-02 00:11:19 : Updating village values [E]: 4505998 [D]: 61015
2015-08-02 00:11:20 : Trouble finding research button, try again...
2015-08-02 00:11:24 : Finished kicking
2015-08-02 00:11:24 : ====== Waiting for full army ======
2015-08-02 00:11:36 : Checking Army Camp...
2015-08-02 00:11:38 : Total Army Camp capacity: 146/200
2015-08-02 00:11:39 :  - No. of Barbarians: 57
2015-08-02 00:11:39 :  - No. of Archers: 89
2015-08-02 00:11:39 : Training Troops...
2015-08-02 00:11:45 : Time Idle: 00:00:21
2015-08-02 00:11:46 : ====== Waiting for full army ======
2015-08-02 00:11:57 : Checking Army Camp...
2015-08-02 00:11:59 : Total Army Camp capacity: 149/200
2015-08-02 00:12:00 :  - No. of Barbarians: 60
2015-08-02 00:12:00 :  - No. of Archers: 89
2015-08-02 00:12:00 : Training Troops...
2015-08-02 00:12:07 : Time Idle: 00:00:42
2015-08-02 00:12:07 : ====== Waiting for full army ======
2015-08-02 00:12:19 : Checking Army Camp...
2015-08-02 00:12:21 : Total Army Camp capacity: 152/200
2015-08-02 00:12:22 :  - No. of Barbarians: 63
2015-08-02 00:12:22 :  - No. of Archers: 89
2015-08-02 00:12:22 : Training Troops...
2015-08-02 00:12:28 : Time Idle: 00:01:03
2015-08-02 00:12:29 : ====== Waiting for full army ======
2015-08-02 00:12:40 : Checking Army Camp...
2015-08-02 00:12:42 : Total Army Camp capacity: 155/200
2015-08-02 00:12:44 :  - No. of Barbarians: 66
2015-08-02 00:12:44 :  - No. of Archers: 89
2015-08-02 00:12:44 : Training Troops...
2015-08-02 00:12:50 : Time Idle: 00:01:25
2015-08-02 00:12:51 : ====== Waiting for full army ======
2015-08-02 00:13:03 : Checking Army Camp...
2015-08-02 00:13:05 : Total Army Camp capacity: 159/200
2015-08-02 00:13:06 :  - No. of Barbarians: 70
2015-08-02 00:13:06 :  - No. of Archers: 89
2015-08-02 00:13:06 : Training Troops...
2015-08-02 00:13:12 : Time Idle: 00:01:46
2015-08-02 00:13:12 : ====== Waiting for full army ======
2015-08-02 00:13:24 : Checking Army Camp...
2015-08-02 00:13:26 : Total Army Camp capacity: 162/200
2015-08-02 00:13:27 :  - No. of Barbarians: 73
2015-08-02 00:13:27 :  - No. of Archers: 89
2015-08-02 00:13:27 : Training Troops...
2015-08-02 00:13:34 : Time Idle: 00:02:07
2015-08-02 00:13:34 : ====== Waiting for full army ======
2015-08-02 00:13:36 : Chat Request: def svp
2015-08-02 00:13:36 : Archers Keyword found: def
2015-08-02 00:13:36 : Donating Archers
2015-08-02 00:13:49 : Checking Army Camp...
2015-08-02 00:13:51 : Total Army Camp capacity: 160/200
2015-08-02 00:13:52 :  - No. of Barbarians: 77
2015-08-02 00:13:53 :  - No. of Archers: 83
2015-08-02 00:13:53 : Training Troops...
2015-08-02 00:13:59 : Time Idle: 00:02:32
2015-08-02 00:13:59 : ====== Waiting for full army ======
2015-08-02 00:14:11 : Checking Army Camp...
2015-08-02 00:14:13 : Total Army Camp capacity: 163/200
2015-08-02 00:14:14 :  - No. of Barbarians: 80
2015-08-02 00:14:14 :  - No. of Archers: 83
2015-08-02 00:14:14 : Training Troops...
2015-08-02 00:14:21 : Time Idle: 00:02:54
2015-08-02 00:14:21 : ====== Waiting for full army ======
2015-08-02 00:14:24 : Chat Request: archer soso svp
2015-08-02 00:14:24 : Archers Keyword found: arch
2015-08-02 00:14:24 : Donating Archers
2015-08-02 00:14:36 : Checking Army Camp...
2015-08-02 00:14:38 : Total Army Camp capacity: 161/200
2015-08-02 00:14:39 :  - No. of Barbarians: 84
2015-08-02 00:14:39 :  - No. of Archers: 77
2015-08-02 00:14:39 : Training Troops...
2015-08-02 00:14:44 : Pushbullet: removed 5 messages older than 6 h 
2015-08-02 00:14:48 : Time Idle: 00:03:21
2015-08-02 00:14:48 : ====== Waiting for full army ======
2015-08-02 00:14:50 : Chat Request: J ai besoin de troupes de renfort
2015-08-02 00:14:50 : Archers Keyword found: troupes
2015-08-02 00:14:50 : Donating Archers
2015-08-02 00:15:04 : Checking Army Camp...
2015-08-02 00:15:06 : Total Army Camp capacity: 159/200
2015-08-02 00:15:07 :  - No. of Barbarians: 88
2015-08-02 00:15:07 :  - No. of Archers: 71
2015-08-02 00:15:07 : Training Troops...
2015-08-02 00:15:13 : Time Idle: 00:03:45
2015-08-02 00:15:13 : ====== Waiting for full army ======
2015-08-02 00:15:25 : Collecting Resources
2015-08-02 00:15:32 : Checking Army Camp...
2015-08-02 00:15:34 : Total Army Camp capacity: 163/200
2015-08-02 00:15:35 :  - No. of Barbarians: 93
2015-08-02 00:15:35 :  - No. of Archers: 71
2015-08-02 00:15:35 : Training Troops...
2015-08-02 00:15:41 : Time Idle: 00:04:13
2015-08-02 00:15:42 : ====== Waiting for full army ======
2015-08-02 00:15:54 : Checking Army Camp...
2015-08-02 00:15:56 : Total Army Camp capacity: 167/200
2015-08-02 00:15:57 :  - No. of Barbarians: 96
2015-08-02 00:15:57 :  - No. of Archers: 71
2015-08-02 00:15:58 : Training Troops...
2015-08-02 00:16:04 : Time Idle: 00:04:36
2015-08-02 00:16:05 : ====== Waiting for full army ======
2015-08-02 00:16:16 : Checking Army Camp...
2015-08-02 00:16:18 : Total Army Camp capacity: 170/200
2015-08-02 00:16:19 :  - No. of Barbarians: 99
2015-08-02 00:16:20 :  - No. of Archers: 71
2015-08-02 00:16:20 : Training Troops...
2015-08-02 00:16:26 : Time Idle: 00:04:57
2015-08-02 00:16:26 : ====== Waiting for full army ======
2015-08-02 00:16:38 : Checking Army Camp...
2015-08-02 00:16:40 : Total Army Camp capacity: 173/200
2015-08-02 00:16:41 :  - No. of Barbarians: 102
2015-08-02 00:16:41 :  - No. of Archers: 71
2015-08-02 00:16:41 : Training Troops...
2015-08-02 00:16:48 : Time Idle: 00:05:19
2015-08-02 00:16:48 : ====== Waiting for full army ======
2015-08-02 00:17:00 : Checking Army Camp...
2015-08-02 00:17:01 : Total Army Camp capacity: 176/200
2015-08-02 00:17:02 :  - No. of Barbarians: 105
2015-08-02 00:17:03 :  - No. of Archers: 71
2015-08-02 00:17:03 : Training Troops...
2015-08-02 00:17:09 : Time Idle: 00:05:40
2015-08-02 00:17:09 : ====== Waiting for full army ======
2015-08-02 00:17:21 : Checking Army Camp...
2015-08-02 00:17:23 : Total Army Camp capacity: 179/200
2015-08-02 00:17:24 :  - No. of Barbarians: 108
2015-08-02 00:17:24 :  - No. of Archers: 71
2015-08-02 00:17:24 : Training Troops...
2015-08-02 00:17:31 : Time Idle: 00:06:01
2015-08-02 00:17:31 : ====== Waiting for full army ======
2015-08-02 00:17:43 : Checking Army Camp...
2015-08-02 00:17:45 : Total Army Camp capacity: 182/200
2015-08-02 00:17:46 :  - No. of Barbarians: 111
2015-08-02 00:17:46 :  - No. of Archers: 71
2015-08-02 00:17:46 : Training Troops...
2015-08-02 00:17:52 : Time Idle: 00:06:23
2015-08-02 00:17:53 : ====== Waiting for full army ======
2015-08-02 00:18:04 : Checking Army Camp...
2015-08-02 00:18:06 : Total Army Camp capacity: 186/200
2015-08-02 00:18:07 :  - No. of Barbarians: 115
2015-08-02 00:18:07 :  - No. of Archers: 71
2015-08-02 00:18:07 : Training Troops...
2015-08-02 00:18:14 : Time Idle: 00:06:44
2015-08-02 00:18:14 : ====== Waiting for full army ======
2015-08-02 00:18:26 : Checking Army Camp...
2015-08-02 00:18:27 : Total Army Camp capacity: 189/200
2015-08-02 00:18:28 :  - No. of Barbarians: 118
2015-08-02 00:18:29 :  - No. of Archers: 71
2015-08-02 00:18:29 : Training Troops...
2015-08-02 00:18:35 : Time Idle: 00:07:05
2015-08-02 00:18:35 : ====== Waiting for full army ======
2015-08-02 00:18:47 : Checking Army Camp...
2015-08-02 00:18:49 : Total Army Camp capacity: 192/200
2015-08-02 00:18:50 :  - No. of Barbarians: 121
2015-08-02 00:18:50 :  - No. of Archers: 71
2015-08-02 00:18:50 : Training Troops...
2015-08-02 00:18:57 : Time Idle: 00:07:26
2015-08-02 00:18:57 : ====== Waiting for full army ======
2015-08-02 00:19:09 : Checking Army Camp...
2015-08-02 00:19:11 : Total Army Camp capacity: 196/200
2015-08-02 00:19:12 :  - No. of Barbarians: 125
2015-08-02 00:19:12 :  - No. of Archers: 71
2015-08-02 00:19:12 : Training Troops...
2015-08-02 00:19:20 : Time Idle: 00:07:49
2015-08-02 00:19:20 : ====== Waiting for full army ======
2015-08-02 00:19:32 : Collecting Resources
2015-08-02 00:19:39 : Checking Army Camp...
2015-08-02 00:19:41 : Total Army Camp capacity: 200/200
2015-08-02 00:19:42 :  - No. of Barbarians: 129
2015-08-02 00:19:42 :  - No. of Archers: 71
2015-08-02 00:19:42 : Barbarian : - 128 qty...
2015-08-02 00:19:42 : Archer : + 128 qty...
2015-08-02 00:19:42 : Giant : no adjustment required...
2015-08-02 00:19:42 : Clearing barrack to retrain for rectification
2015-08-02 00:20:01 : Time taken to rectify unbalanced troops : -1011703408:29:52
2015-08-02 00:20:02 : Waiting for Full Army...
2015-08-02 00:20:27 : Checking Army Camp...
2015-08-02 00:20:29 : Total Army Camp capacity: 200/200
2015-08-02 00:20:30 :  - No. of Barbarians: 129
2015-08-02 00:20:30 :  - No. of Archers: 71
2015-08-02 00:20:30 : Barbarian : - 128 qty...
2015-08-02 00:20:30 : Archer : + 128 qty...
2015-08-02 00:20:30 : Giant : no adjustment required...
2015-08-02 00:20:30 : Clearing barrack to retrain for rectification
2015-08-02 00:20:48 : Time taken to rectify unbalanced troops : 1011703408:-29:-53
2015-08-02 00:20:49 : Waiting for Full Army...
2015-08-02 00:21:14 : Checking Army Camp...
2015-08-02 00:21:16 : Total Army Camp capacity: 200/200
2015-08-02 00:21:17 :  - No. of Barbarians: 129
2015-08-02 00:21:17 :  - No. of Archers: 71
2015-08-02 00:21:17 : Barbarian : - 128 qty...
2015-08-02 00:21:17 : Archer : + 128 qty...
2015-08-02 00:21:17 : Giant : no adjustment required...
2015-08-02 00:21:17 : Clearing barrack to retrain for rectification
2015-08-02 00:21:35 : Time taken to rectify unbalanced troops : -1011703408:29:52
2015-08-02 00:21:37 : Waiting for Full Army...
2015-08-02 00:22:02 : Checking Army Camp...
2015-08-02 00:22:04 : Total Army Camp capacity: 200/200
2015-08-02 00:22:05 :  - No. of Barbarians: 129
2015-08-02 00:22:05 :  - No. of Archers: 71
2015-08-02 00:22:05 : Barbarian : - 128 qty...
2015-08-02 00:22:05 : Archer : + 128 qty...
2015-08-02 00:22:05 : Giant : no adjustment required...
2015-08-02 00:22:05 : Clearing barrack to retrain for rectification
2015-08-02 00:22:23 : Time taken to rectify unbalanced troops : 1011703408:-29:-53
2015-08-02 00:22:24 : Waiting for Full Army...
2015-08-02 00:22:49 : Checking Army Camp...
2015-08-02 00:22:51 : Total Army Camp capacity: 200/200
2015-08-02 00:22:52 :  - No. of Barbarians: 129
2015-08-02 00:22:52 :  - No. of Archers: 71
2015-08-02 00:22:52 : Barbarian : - 128 qty...
2015-08-02 00:22:52 : Archer : + 128 qty...
2015-08-02 00:22:52 : Giant : no adjustment required...
2015-08-02 00:22:52 : Clearing barrack to retrain for rectification
2015-08-02 00:23:10 : Time taken to rectify unbalanced troops : -1011703408:29:52
2015-08-02 00:23:11 : Waiting for Full Army...
2015-08-02 00:23:36 : Checking Army Camp...
2015-08-02 00:23:38 : Total Army Camp capacity: 200/200
2015-08-02 00:23:39 :  - No. of Barbarians: 129
2015-08-02 00:23:39 :  - No. of Archers: 71
2015-08-02 00:23:39 : Barbarian : - 128 qty...
2015-08-02 00:23:39 : Archer : + 128 qty...
2015-08-02 00:23:39 : Giant : no adjustment required...
2015-08-02 00:23:39 : Clearing barrack to retrain for rectification
2015-08-02 00:24:11 : ClashGameBot was Paused!
