2015-07-31 00:34:14 : ~~~ Clash Game Bot v4.1 Powered by GameBot.org ~~~
2015-07-31 00:34:14 : GameBot.org.exe Executable running on WIN_7  X64
2015-07-31 00:34:14 : =================== Bot Start ====================
2015-07-31 00:34:14 : -------------------------  Current Profile: 01 --------------------------
2015-07-31 00:34:14 : Trying to locate Main Screen
2015-07-31 00:34:17 : Waiting for Main Screen
2015-07-31 00:34:27 : Zooming Out
2015-07-31 00:34:29 : Main Screen Located
2015-07-31 00:34:30 : Detecting your Buildings..
2015-07-31 00:34:36 : Language setting is English: Correct.
2015-07-31 00:34:37 : Trying to locate Main Screen
2015-07-31 00:34:37 : Main Screen Located
2015-07-31 00:34:38 : Collecting Resources
2015-07-31 00:34:46 : Checking if Village needs Rearming..
2015-07-31 00:34:54 : Village Report
2015-07-31 00:34:54 : No. of Free/Total Builders: 0/4
2015-07-31 00:34:54 :  [T]: 1 421
2015-07-31 00:34:54 :  [G]: 5 681 343 [E]: 5 709 051 [D]: 69 612 [GEM]: 955
2015-07-31 00:34:57 : Checking Army Camp...
2015-07-31 00:34:59 : Total Army Camp capacity: 200/200
2015-07-31 00:35:00 :  - No. of Barbarians: 80
2015-07-31 00:35:00 :  - No. of Archers: 66
2015-07-31 00:35:00 :  - No. of Balloons: 6
2015-07-31 00:35:00 :  - No. of Wizards: 6
2015-07-31 00:35:00 : Barracks and Spell factory status: 
2015-07-31 00:35:00 : - Barracks detected: 4 | Available: 3 | Upgrading: 1
2015-07-31 00:35:00 : - Dark Barracks detected: 2 | Available: 2 | Upgrading: 0
2015-07-31 00:35:00 : - Spell factory detected: 1 | Available: 1 | Upgrading: 0
2015-07-31 00:35:00 : - Dark Spell factory detected: 1 | Available: 1 | Upgrading: 0
2015-07-31 00:35:00 : Training Troops...
2015-07-31 00:35:01 : Your Army Camps are now Full
2015-07-31 00:35:01 : Too many Ball, train last.
2015-07-31 00:35:01 : Too many Wiza, train last.
