2015-07-27 00:34:06 : ~~~ Clash Game Bot v4.1 Powered by GameBot.org ~~~
2015-07-27 00:34:06 : GameBot.org.exe Executable running on WIN_7  X64
2015-07-27 00:34:06 : =================== Bot Start ====================
2015-07-27 00:34:06 : -------------------------  Current Profile: 01 --------------------------
2015-07-27 00:34:06 : Trying to locate Main Screen
2015-07-27 00:34:13 : Waiting for Main Screen
2015-07-27 00:34:15 : Zooming Out
2015-07-27 00:34:16 : Main Screen Located
2015-07-27 00:34:18 : Detecting your Buildings..
2015-07-27 00:34:24 : Language setting is English: Correct.
2015-07-27 00:34:25 : Trying to locate Main Screen
2015-07-27 00:34:25 : Main Screen Located
2015-07-27 00:34:26 : Collecting Resources
2015-07-27 00:34:33 : Checking if Village needs Rearming..
2015-07-27 00:34:40 : Village Report
2015-07-27 00:34:40 : No. of Free/Total Builders: 1/4
2015-07-27 00:34:40 :  [T]: 1 317
2015-07-27 00:34:40 :  [G]: 301 620 [E]: 5 581 988 [D]: 40 452 [GEM]: 815
2015-07-27 00:34:43 : Checking Army Camp...
2015-07-27 00:34:45 : Total Army Camp capacity: 25/200
2015-07-27 00:34:47 :  - No. of Archers: 25
2015-07-27 00:34:47 : Barracks and Spell factory status: 
2015-07-27 00:34:47 : - Barracks detected: 4 | Available: 4 | Upgrading: 0
2015-07-27 00:34:47 : - Dark Barracks detected: 2 | Available: 2 | Upgrading: 0
2015-07-27 00:34:47 : - Spell factory detected: 1 | Available: 1 | Upgrading: 0
2015-07-27 00:34:47 : - Dark Spell factory detected: 1 | Available: 1 | Upgrading: 0
2015-07-27 00:34:47 : Training Troops...
2015-07-27 00:35:17 : ====== Waiting for full army ======
2015-07-27 00:35:29 : Checking Army Camp...
2015-07-27 00:35:31 : Total Army Camp capacity: 29/200
2015-07-27 00:35:31 :  - No. of Archers: 29
2015-07-27 00:35:32 : Training Troops...
2015-07-27 00:35:40 : Time Idle: 00:00:23
2015-07-27 00:35:41 : ====== Waiting for full army ======
2015-07-27 00:35:52 : Checking Army Camp...
2015-07-27 00:35:54 : Total Army Camp capacity: 32/200
2015-07-27 00:35:55 :  - No. of Archers: 33
2015-07-27 00:35:55 : Training Troops...
2015-07-27 00:36:05 : Time Idle: 00:00:48
2015-07-27 00:36:06 : ====== Waiting for full army ======
2015-07-27 00:36:17 : Checking Army Camp...
2015-07-27 00:36:19 : Total Army Camp capacity: 36/200
2015-07-27 00:36:20 :  - No. of Archers: 36
2015-07-27 00:36:20 : Training Troops...
2015-07-27 00:36:30 : Time Idle: 00:01:12
2015-07-27 00:36:31 : ====== Waiting for full army ======
