2015-08-18 02:59:27 :  Clash Game Bot v4.1.1-6 merge Powered by GameBot.org 
2015-08-18 02:59:27 : GameBot.org.exe Executable running on WIN_7 Service Pack 1 X64
2015-08-18 02:59:27 : =================== Bot Start ====================
2015-08-18 02:59:27 : -------------------------  Current Profile: 01 --------------------------
2015-08-18 02:59:27 : Trying to locate Main Screen
2015-08-18 02:59:27 : Main Screen Located
2015-08-18 02:59:28 : Detecting your Buildings..
2015-08-18 02:59:34 : Language setting is English: Correct.
2015-08-18 02:59:35 : Trying to locate Main Screen
2015-08-18 02:59:35 : Main Screen Located
2015-08-18 02:59:37 : Village Report
2015-08-18 02:59:37 : No. of Free/Total Builders: 0/4
2015-08-18 02:59:37 :  [T]: 2 638
2015-08-18 02:59:37 :  [G]: 4 293 967 [E]: 3 652 163 [D]: 464 [GEM]: 57
2015-08-18 02:59:38 : Collecting Resources
2015-08-18 02:59:49 : Checking Army Camp...
2015-08-18 02:59:51 : Total Army Camp capacity: 94/220
2015-08-18 02:59:52 :  - No. of Barbarians: 33
2015-08-18 02:59:52 :  - No. of Archers: 35
2015-08-18 02:59:52 :  - No. of Minions: 13
2015-08-18 02:59:52 : Barracks and Spell factory status: 
2015-08-18 02:59:52 : - Barracks detected: 4 | Available: 4 | Upgrading: 0
2015-08-18 02:59:52 : - Dark Barracks detected: 2 | Available: 2 | Upgrading: 0
2015-08-18 02:59:52 : - Spell factory detected: 1 | Available: 1 | Upgrading: 0
2015-08-18 02:59:52 : - Dark Spell factory detected: 1 | Available: 1 | Upgrading: 0
2015-08-18 02:59:53 : Training Troops...
2015-08-18 02:59:58 : Set Max Troop in Barracks 0 to 60
2015-08-18 02:59:59 : Training 0 Archer/s
2015-08-18 03:00:06 : Set Max Troop in Barracks 1 to 75
2015-08-18 03:00:07 : Training 0 Archer/s
2015-08-18 03:00:13 : Set Max Troop in Barracks 2 to 60
2015-08-18 03:00:14 : Training 0 Archer/s
2015-08-18 03:00:20 : Set Max Troop in Barracks 3 to 60
2015-08-18 03:00:20 : Training 0 Barb/s
2015-08-18 03:00:35 : Spell Factory Full
2015-08-18 03:00:37 : 0
2015-08-18 03:00:39 : Requesting Clan Castle Troops
2015-08-18 03:00:45 : ====== Waiting for full army ======
2015-08-18 03:00:57 : ====== Army more than 20% ======
2015-08-18 03:00:57 : Checking Army Camp...
2015-08-18 03:00:59 : Total Army Camp capacity: 104/220
2015-08-18 03:01:00 :  - No. of Barbarians: 36
2015-08-18 03:01:00 :  - No. of Archers: 42
2015-08-18 03:01:00 :  - No. of Minions: 13
2015-08-18 03:01:01 : Training Troops...
2015-08-18 03:01:03 : Training 2 Archer/s
2015-08-18 03:01:06 : Training 2 Archer/s
2015-08-18 03:01:09 : Training 2 Archer/s
2015-08-18 03:01:12 : Training 2 Barb/s
2015-08-18 03:01:25 : Spell Factory Full
2015-08-18 03:01:26 : Requesting Clan Castle Troops
2015-08-18 03:01:27 : Request has already been made
2015-08-18 03:01:29 : Time Idle: 00:00:43
2015-08-18 03:01:29 : ====== Waiting for full army ======
2015-08-18 03:01:41 : ====== Army more than 40% ======
2015-08-18 03:01:41 : Checking Army Camp...
2015-08-18 03:01:43 : Total Army Camp capacity: 116/220
2015-08-18 03:01:44 :  - No. of Barbarians: 38
2015-08-18 03:01:44 :  - No. of Archers: 48
2015-08-18 03:01:44 :  - No. of Minions: 15
2015-08-18 03:01:45 : Training Troops...
2015-08-18 03:01:47 : Training 2 Archer/s
2015-08-18 03:01:50 : Training 2 Archer/s
2015-08-18 03:01:53 : Training 2 Archer/s
2015-08-18 03:01:56 : Training 2 Barb/s
2015-08-18 03:02:09 : Spell Factory Full
2015-08-18 03:02:10 : Requesting Clan Castle Troops
2015-08-18 03:02:11 : Request has already been made
2015-08-18 03:02:13 : Time Idle: 00:01:27
2015-08-18 03:02:13 : ====== Waiting for full army ======
2015-08-18 03:02:25 : Checking Army Camp...
2015-08-18 03:02:27 : Total Army Camp capacity: 127/220
2015-08-18 03:02:28 :  - No. of Barbarians: 40
2015-08-18 03:02:28 :  - No. of Archers: 53
2015-08-18 03:02:28 :  - No. of Minions: 17
2015-08-18 03:02:30 : Time Idle: 00:01:44
2015-08-18 03:02:31 : ====== Waiting for full army ======
2015-08-18 03:02:42 : Checking Army Camp...
2015-08-18 03:02:44 : Total Army Camp capacity: 134/220
2015-08-18 03:02:45 :  - No. of Barbarians: 41
2015-08-18 03:02:45 :  - No. of Archers: 55
2015-08-18 03:02:46 :  - No. of Minions: 19
2015-08-18 03:02:47 : Time Idle: 00:02:01
2015-08-18 03:02:48 : ====== Waiting for full army ======
2015-08-18 03:03:00 : ====== Army more than 60% ======
2015-08-18 03:03:00 : Checking Army Camp...
2015-08-18 03:03:01 : Total Army Camp capacity: 137/220
2015-08-18 03:03:03 :  - No. of Barbarians: 42
2015-08-18 03:03:03 :  - No. of Archers: 57
2015-08-18 03:03:03 :  - No. of Minions: 19
2015-08-18 03:03:03 : Training Troops...
2015-08-18 03:03:06 : Training 3 Archer/s
2015-08-18 03:03:09 : Training 3 Archer/s
2015-08-18 03:03:12 : Training 3 Archer/s
2015-08-18 03:03:15 : Training 3 Barb/s
2015-08-18 03:03:27 : Spell Factory Full
2015-08-18 03:03:29 : Requesting Clan Castle Troops
2015-08-18 03:03:29 : Request has already been made
2015-08-18 03:03:31 : Time Idle: 00:02:45
2015-08-18 03:03:32 : ====== Waiting for full army ======
2015-08-18 03:03:43 : Checking Army Camp...
2015-08-18 03:03:45 : Total Army Camp capacity: 148/220
2015-08-18 03:03:46 :  - No. of Barbarians: 44
2015-08-18 03:03:47 :  - No. of Archers: 62
2015-08-18 03:03:47 :  - No. of Minions: 21
2015-08-18 03:03:49 : Time Idle: 00:03:02
2015-08-18 03:03:49 : ====== Waiting for full army ======
2015-08-18 03:04:01 : Checking Army Camp...
2015-08-18 03:04:03 : Total Army Camp capacity: 151/220
2015-08-18 03:04:04 :  - No. of Barbarians: 45
2015-08-18 03:04:04 :  - No. of Archers: 64
2015-08-18 03:04:04 :  - No. of Minions: 21
2015-08-18 03:04:06 : Time Idle: 00:03:19
2015-08-18 03:04:06 : ====== Waiting for full army ======
2015-08-18 03:04:18 : Checking Army Camp...
2015-08-18 03:04:20 : Total Army Camp capacity: 159/220
2015-08-18 03:04:21 :  - No. of Barbarians: 46
2015-08-18 03:04:21 :  - No. of Archers: 67
2015-08-18 03:04:22 :  - No. of Minions: 23
2015-08-18 03:04:24 : Time Idle: 00:03:37
2015-08-18 03:04:24 : ====== Waiting for full army ======
2015-08-18 03:04:36 : Checking Army Camp...
2015-08-18 03:04:38 : Total Army Camp capacity: 161/220
2015-08-18 03:04:39 :  - No. of Barbarians: 47
2015-08-18 03:04:39 :  - No. of Archers: 69
2015-08-18 03:04:39 :  - No. of Minions: 23
2015-08-18 03:04:41 : Time Idle: 00:03:54
2015-08-18 03:04:41 : ====== Waiting for full army ======
2015-08-18 03:04:53 : Checking Army Camp...
2015-08-18 03:04:55 : Total Army Camp capacity: 163/220
2015-08-18 03:04:56 :  - No. of Barbarians: 47
2015-08-18 03:04:56 :  - No. of Archers: 70
2015-08-18 03:04:56 :  - No. of Minions: 23
2015-08-18 03:04:58 : Time Idle: 00:04:11
2015-08-18 03:04:59 : ====== Waiting for full army ======
2015-08-18 03:05:10 : Collecting Resources
2015-08-18 03:05:16 : Checking Army Camp...
2015-08-18 03:05:18 : Total Army Camp capacity: 172/220
2015-08-18 03:05:20 :  - No. of Barbarians: 49
2015-08-18 03:05:20 :  - No. of Archers: 73
2015-08-18 03:05:20 :  - No. of Minions: 25
2015-08-18 03:05:22 : Time Idle: 00:04:34
2015-08-18 03:05:22 : ====== Waiting for full army ======
2015-08-18 03:05:34 : Checking Army Camp...
2015-08-18 03:05:36 : Total Army Camp capacity: 175/220
2015-08-18 03:05:37 :  - No. of Barbarians: 49
2015-08-18 03:05:37 :  - No. of Archers: 76
2015-08-18 03:05:37 :  - No. of Minions: 25
2015-08-18 03:05:39 : Time Idle: 00:04:51
2015-08-18 03:05:39 : ====== Waiting for full army ======
2015-08-18 03:05:51 : Checking Army Camp...
2015-08-18 03:05:53 : Total Army Camp capacity: 182/220
2015-08-18 03:05:54 :  - No. of Barbarians: 50
2015-08-18 03:05:54 :  - No. of Archers: 78
2015-08-18 03:05:54 :  - No. of Minions: 27
2015-08-18 03:05:56 : Time Idle: 00:05:08
2015-08-18 03:05:56 : ====== Waiting for full army ======
2015-08-18 03:06:08 : ====== Army more than 80% ======
2015-08-18 03:06:08 : Checking Army Camp...
2015-08-18 03:06:10 : Total Army Camp capacity: 184/220
2015-08-18 03:06:11 :  - No. of Barbarians: 51
2015-08-18 03:06:11 :  - No. of Archers: 79
2015-08-18 03:06:11 :  - No. of Minions: 27
2015-08-18 03:06:12 : Training Troops...
2015-08-18 03:06:14 : Training 8 Archer/s
2015-08-18 03:06:16 : ClashGameBot was Paused!
2015-08-18 03:10:17 : ClashGameBot was Resumed.
2015-08-18 03:10:19 : Training 13 Archer/s
2015-08-18 03:10:23 : Training 12 Archer/s
2015-08-18 03:10:26 : Training 16 Barb/s
2015-08-18 03:10:39 : Spell Factory Full
2015-08-18 03:10:40 : Requesting Clan Castle Troops
2015-08-18 03:10:41 : Request has already been made
2015-08-18 03:10:43 : Time Idle: 00:09:54
2015-08-18 03:10:43 : ====== Waiting for full army ======
2015-08-18 03:10:55 : Checking Army Camp...
2015-08-18 03:10:57 : Total Army Camp capacity: 220/220
2015-08-18 03:10:58 :  - No. of Barbarians: 58
2015-08-18 03:10:58 :  - No. of Archers: 96
2015-08-18 03:10:58 :  - No. of Minions: 33
2015-08-18 03:11:00 : Going to Attack...
2015-08-18 03:11:06 : ============== Searching For Dead Base ===============
2015-08-18 03:11:06 : ~~~~~~~~~~~~~~~ SEARCH CONDITIONS ~~~~~~~~~~~~~~~~
2015-08-18 03:11:06 : Meet: Gold or Elixir, Max TH 8
2015-08-18 03:11:06 : ~~~~~~~~~~~~~~ RESOURCE CONDITIONS ~~~~~~~~~~~~~~~
2015-08-18 03:11:06 : Aim: [G]:      0 [E]:      0 [D]:    0 [T]: 0 [TH]: 8 for: Dead Base
2015-08-18 03:11:06 : ============== Searching For Live Base ===============
2015-08-18 03:11:06 : ~~~~~~~~~~~~~~~ SEARCH CONDITIONS ~~~~~~~~~~~~~~~~
2015-08-18 03:11:06 : Meet: Gold or Elixir, Max TH 8
2015-08-18 03:11:06 : ~~~~~~~~~~~~~~ RESOURCE CONDITIONS ~~~~~~~~~~~~~~~
2015-08-18 03:11:06 : Aim: [G]:      0 [E]:      0 [D]:    0 [T]: 0 [TH]: 8 for: Live Base
2015-08-18 03:11:06 : ~~~~~~~~~~~~~~~ ADVANCED SETTINGS ~~~~~~~~~~~~~~~~
2015-08-18 03:11:06 : THSnipe Combo, 4 Tile(s), AttackTH, Attack5:MasterGiBAM
2015-08-18 03:11:06 : ==================================================
2015-08-18 03:11:08 :   1> [G]:  44675 [E]:  92008 [D]: 1124 [T]:27 [TH]: 9, In
2015-08-18 03:11:13 :   2> [G]: 119383 [E]:  65738 [D]:  474 [T]:16 [TH]: 9, In
2015-08-18 03:11:17 :   3> [G]:  56512 [E]:  54849 [D]: 1595 [T]:22 [TH]: 9, In
2015-08-18 03:11:22 :   4> [G]:  23895 [E]:  26389 [D]:  319 [T]:31 [TH]: 9, In
2015-08-18 03:11:26 :   5> [G]:  35371 [E]:  80977 [D]:  228 [T]:31 [TH]:10, In
2015-08-18 03:11:30 :   6> [G]:  55167 [E]: 198649 [D]: 1513 [T]:29 [TH]:10, In
2015-08-18 03:11:35 :   7> [G]:  12489 [E]:  13769 [D]:   72 [T]:15 [TH]: 9, In
2015-08-18 03:11:40 :   8> [G]:  70322 [E]: 231816 [D]:  182 [T]:20 [TH]:10, In
2015-08-18 03:11:43 :   9> [G]:  50952 [E]:  88024 [D]:  947 [T]:17 [TH]: 9, In
2015-08-18 03:11:50 :  10> [G]:  21741 [E]:  53762 [D]: 1239 [T]:29 [TH]:10, In
2015-08-18 03:11:56 :  11> [G]:  54412 [E]:  67332 [D]: 1011 [T]:31 [TH]:10, In
2015-08-18 03:12:03 :  12> [G]: 101991 [E]:  78300 [D]:  596 [T]:34 [TH]:10, In
2015-08-18 03:12:07 :  13> [G]:  15670 [E]:  54900 [D]:  288 [T]:19 [TH]:10, In
2015-08-18 03:12:16 :  14> [G]:  89648 [E]:  83742 [D]: 1448 [T]:17 [TH]:10, In
2015-08-18 03:12:20 :  15> [G]:  25729 [E]:  22497 [D]:  272 [T]:18 [TH]: 9, In
2015-08-18 03:12:26 :  16> [G]: 108683 [E]:  53197 [D]:  335 [T]:27 [TH]: 9, In
2015-08-18 03:12:33 :  17> [G]:  11380 [E]:  50046 [D]: 1050 [T]:30 [TH]: 9, In
2015-08-18 03:12:37 :  18> [G]:  49255 [E]: 178019 [D]: 1507 [T]:24 [TH]: 9, In
2015-08-18 03:12:43 :  19> [G]: 406119 [E]: 407119 [D]: 1851 [T]:32 [TH]:10, In
2015-08-18 03:12:47 : Checking Trapped TH
2015-08-18 03:12:48 : Mortar Found
2015-08-18 03:12:48 :  20> [G]:  34235 [E]:  62401 [D]:  207 [T]:18 [TH]: 9, Out
2015-08-18 03:12:48 : Mortar found near TH, skipping...
2015-08-18 03:12:48 : Trap found, skipping base...
2015-08-18 03:12:55 :  21> [G]: 168051 [E]: 167924 [D]:  898 [T]:31 [TH]:10, In
2015-08-18 03:12:59 :  22> [G]:  15111 [E]: 119711 [D]: 1296 [T]:15 [TH]:10, In
2015-08-18 03:13:03 :  23> [G]:  55672 [E]: 162440 [D]:  858 [T]:24 [TH]: 9, In
2015-08-18 03:13:07 :  24> [G]:  51632 [E]:  74217 [D]:  801 [T]:14 [TH]: 9, In
2015-08-18 03:13:11 :  25> [G]:   5928 [E]: 125495 [D]: 1707 [T]:34 [TH]: 9, In
2015-08-18 03:13:15 :  26> [G]:  54103 [E]:  70958 [D]: 1152 [T]:13 [TH]: 9, In
2015-08-18 03:13:20 :  27> [G]:  69319 [E]:  28582 [D]:  676 [T]: 7 [TH]: 8, In
2015-08-18 03:13:20 : ~~~~~~~~~~~~~~~~ Live Base Found! ~~~~~~~~~~~~~~~~
2015-08-18 03:13:20 : ================ Search Complete =================
2015-08-18 03:13:20 : Initiating attack for: Live Base
2015-08-18 03:13:23 : -Barbarians 58
2015-08-18 03:13:23 : -Archers 96
2015-08-18 03:13:23 : -Minions 33
2015-08-18 03:13:23 : -Clan Castle 
2015-08-18 03:13:23 : -Heal Spells 4
2015-08-18 03:13:23 :  ====== Start Attack ====== 
2015-08-18 03:13:25 : Attacking with four fingers
2015-08-18 03:13:27 : Dropping only wave of 58 Barbarians
2015-08-18 03:13:30 : Dropping only wave of 96 Archers
2015-08-18 03:13:35 : Dropping only wave of 33 Minions
2015-08-18 03:13:36 : Dropping Clan Castle
2015-08-18 03:13:38 : Dropping left over troops
2015-08-18 03:13:38 : Checking remaining unused troops for: Live Base
2015-08-18 03:13:41 : -Minions 0
2015-08-18 03:13:41 : -Clan Castle 
2015-08-18 03:13:41 : -Heal Spells 4
2015-08-18 03:13:49 : Checking remaining unused troops for: Live Base
2015-08-18 03:13:52 : -Minions 0
2015-08-18 03:13:52 : -Clan Castle 
2015-08-18 03:13:52 : -Heal Spells 4
2015-08-18 03:14:01 : Finished Attacking, waiting for the battle to end
2015-08-18 03:14:01 : Checking if the battle has finished
2015-08-18 03:14:03 : detected [G]: 57164 [E]: 28141 [DE]: 675 |  Exit in 178 sec.
2015-08-18 03:14:03 : Gold & Elixir & DE change detected, waiting...
2015-08-18 03:14:07 : detected [G]: 55976 [E]: 28141 [DE]: 675 |  Exit in 178 sec.
2015-08-18 03:14:08 : detected [G]: 55976 [E]: 28141 [DE]: 675 |  Exit in 176 sec.
2015-08-18 03:14:10 : detected [G]: 55976 [E]: 28141 [DE]: 675 |  Exit in 174 sec.
2015-08-18 03:14:12 : detected [G]: 55976 [E]: 28141 [DE]: 675 |  Exit in 173 sec.
2015-08-18 03:14:13 : detected [G]: 55976 [E]: 28141 [DE]: 675 |  Exit in 171 sec.
2015-08-18 03:14:15 : detected [G]: 55976 [E]: 28141 [DE]: 675 |  Exit in 169 sec.
2015-08-18 03:14:17 : detected [G]: 55976 [E]: 28141 [DE]: 675 |  Exit in 167 sec.
2015-08-18 03:14:19 : detected [G]: 55976 [E]: 28141 [DE]: 675 |  Exit in 166 sec.
2015-08-18 03:14:20 : detected [G]: 55976 [E]: 28141 [DE]: 675 |  Exit in 164 sec.
2015-08-18 03:14:22 : detected [G]: 55976 [E]: 28141 [DE]: 675 |  Exit in 162 sec.
2015-08-18 03:14:24 : detected [G]: 55976 [E]: 28141 [DE]: 675 |  Exit in 161 sec.
2015-08-18 03:14:25 : detected [G]: 55976 [E]: 28141 [DE]: 675 |  Exit in 159 sec.
