2015-08-17 20:59:27 :  Clash Game Bot v4.1.1-6 merge Powered by GameBot.org 
2015-08-17 20:59:27 : GameBot.org.exe Executable running on WIN_7 Service Pack 1 X64
2015-08-17 20:59:27 : =================== Bot Start ====================
2015-08-17 20:59:27 : -------------------------  Current Profile: 01 --------------------------
2015-08-17 20:59:28 : Trying to locate Main Screen
2015-08-17 20:59:28 : Main Screen Located
2015-08-17 20:59:29 : Detecting your Buildings..
2015-08-17 20:59:36 : Language setting is English: Correct.
2015-08-17 20:59:37 : Trying to locate Main Screen
2015-08-17 20:59:37 : Main Screen Located
2015-08-17 20:59:39 : Village Report
2015-08-17 20:59:39 : No. of Free/Total Builders: 0/4
2015-08-17 20:59:39 :  [T]: 2 673
2015-08-17 20:59:39 :  [G]: 3 257 381 [E]: 3 172 939 [D]: 33 887 [GEM]: 57
2015-08-17 20:59:40 : Collecting Resources
2015-08-17 20:59:50 : Checking Army Camp...
2015-08-17 20:59:52 : Total Army Camp capacity: 56/220
2015-08-17 20:59:55 :  - No. of Barbarians: 48
2015-08-17 20:59:55 :  - No. of Archers: 8
2015-08-17 20:59:55 : Barracks and Spell factory status: 
2015-08-17 20:59:55 : - Barracks detected: 4 | Available: 4 | Upgrading: 0
2015-08-17 20:59:55 : - Dark Barracks detected: 2 | Available: 2 | Upgrading: 0
2015-08-17 20:59:55 : - Spell factory detected: 1 | Available: 1 | Upgrading: 0
2015-08-17 20:59:55 : - Dark Spell factory detected: 1 | Available: 1 | Upgrading: 0
2015-08-17 20:59:56 : Training Troops...
2015-08-17 21:00:14 : Spell Factory Full
2015-08-17 21:00:16 : 0
2015-08-17 21:00:18 : Requesting Clan Castle Troops
2015-08-17 21:00:23 : ====== Waiting for full army ======
2015-08-17 21:00:35 : Checking Army Camp...
2015-08-17 21:00:37 : Total Army Camp capacity: 63/220
2015-08-17 21:00:38 :  - No. of Barbarians: 48
2015-08-17 21:00:38 :  - No. of Archers: 15
2015-08-17 21:00:39 : Training Troops...
2015-08-17 21:00:47 : Spell Factory Full
2015-08-17 21:00:49 : Time Idle: 00:00:25
2015-08-17 21:00:50 : ====== Waiting for full army ======
