2015-08-17 11:09:39 :  Clash Game Bot v4.1.1-6 merge Powered by GameBot.org 
2015-08-17 11:09:39 : GameBot.org.exe Executable running on WIN_7 Service Pack 1 X64
2015-08-17 11:09:39 : =================== Bot Start ====================
2015-08-17 11:09:39 : -------------------------  Current Profile: 01 --------------------------
2015-08-17 11:09:39 : Trying to locate Main Screen
2015-08-17 11:09:40 : Waiting for Main Screen
2015-08-17 11:09:42 : Main Screen Located
2015-08-17 11:09:43 : Detecting your Buildings..
2015-08-17 11:09:48 : ClashGameBot was Paused!
2015-08-17 11:10:05 : ClashGameBot was Resumed.
2015-08-17 11:10:09 : Language setting is English: Correct.
2015-08-17 11:10:10 : Trying to locate Main Screen
2015-08-17 11:10:10 : Main Screen Located
2015-08-17 11:10:12 : Village Report
2015-08-17 11:10:12 : No. of Free/Total Builders: 0/4
2015-08-17 11:10:12 :  [T]: 2 703
2015-08-17 11:10:12 :  [G]: 3 114 532 [E]: 3 025 686 [D]: 25 489 [GEM]: 57
2015-08-17 11:10:13 : Collecting Resources
2015-08-17 11:10:23 : Chat Request: hogs
2015-08-17 11:10:23 : Hog Riders Keyword found: hog
2015-08-17 11:10:26 : No Hog Riders available to donate..
2015-08-17 11:10:28 : Checking Army Camp...
2015-08-17 11:10:30 : Total Army Camp capacity: 220/220
2015-08-17 11:10:33 :  - No. of Barbarians: 10
2015-08-17 11:10:33 :  - No. of Archers: 115
2015-08-17 11:10:33 :  - No. of Goblins: 95
2015-08-17 11:10:33 : Barracks and Spell factory status: 
2015-08-17 11:10:33 : - Barracks detected: 4 | Available: 4 | Upgrading: 0
2015-08-17 11:10:33 : - Dark Barracks detected: 2 | Available: 2 | Upgrading: 0
2015-08-17 11:10:33 : - Spell factory detected: 1 | Available: 1 | Upgrading: 0
2015-08-17 11:10:33 : - Dark Spell factory detected: 1 | Available: 1 | Upgrading: 0
2015-08-17 11:10:34 : Training Troops...
2015-08-17 11:10:34 : Your Army Camps are now Full
2015-08-17 11:10:34 : Too few Barb, train first.
2015-08-17 11:10:34 : Too many Gobl, train last.
2015-08-17 11:11:06 : Spell Factory not found...
2015-08-17 11:11:08 : 0
2015-08-17 11:11:10 : Requesting Clan Castle Troops
2015-08-17 11:11:11 : Your Clan Castle is already full or you are not in a clan.
2015-08-17 11:11:12 : Going to Attack...
2015-08-17 11:11:18 : ============== Searching For Dead Base ===============
2015-08-17 11:11:18 : ~~~~~~~~~~~~~~~ SEARCH CONDITIONS ~~~~~~~~~~~~~~~~
2015-08-17 11:11:18 : Meet: Gold and Elixir
2015-08-17 11:11:18 : ~~~~~~~~~~~~~~ RESOURCE CONDITIONS ~~~~~~~~~~~~~~~
2015-08-17 11:11:18 : Aim: [G]: 999999 [E]: 999999 [D]:    0 [T]: 0 for: Dead Base
2015-08-17 11:11:18 : ============== Searching For Live Base ===============
2015-08-17 11:11:18 : ~~~~~~~~~~~~~~~ SEARCH CONDITIONS ~~~~~~~~~~~~~~~~
2015-08-17 11:11:18 : Meet: Gold and Elixir
2015-08-17 11:11:18 : ~~~~~~~~~~~~~~ RESOURCE CONDITIONS ~~~~~~~~~~~~~~~
2015-08-17 11:11:18 : Aim: [G]: 999999 [E]: 999999 [D]:    0 [T]: 0 for: Live Base
2015-08-17 11:11:18 : ~~~~~~~~~~~~~~~ ADVANCED SETTINGS ~~~~~~~~~~~~~~~~
2015-08-17 11:11:18 : THSnipe Combo, 4 Tile(s), , Attack6:PB6
2015-08-17 11:11:18 : ==================================================
2015-08-17 11:11:20 :   1> [G]: 214381 [E]: 111213 [D]: 1803 [T]:17 [TH]: 9, In
2015-08-17 11:11:27 :   2> [G]:  30609 [E]:  33300 [D]: 1139 [T]:13 [TH]: 9, In
2015-08-17 11:11:34 :   3> [G]: 274141 [E]: 198515 [D]:  895 [T]:20 [TH]:10, In
2015-08-17 11:11:38 :   4> [G]:  70218 [E]: 123005 [D]:  537 [T]:18 [TH]: 9, In
2015-08-17 11:11:43 :   5> [G]:  59823 [E]: 128896 [D]:  400 [T]:13 [TH]: 9, In
2015-08-17 11:11:48 :   6> [G]: 104740 [E]: 114231 [D]: 1081 [T]:14 [TH]: 9, In
2015-08-17 11:11:52 :   7> [G]:  72050 [E]:  52629 [D]:  838 [T]:21 [TH]:10, In
2015-08-17 11:11:58 :   8> [G]:  64616 [E]:  97651 [D]: 1331 [T]:33 [TH]:10, In
2015-08-17 11:12:04 :   9> [G]: 109992 [E]:  18133 [D]: 2221 [T]:24 [TH]:10, In
2015-08-17 11:12:11 :  10> [G]: 224592 [E]:  81716 [D]:  987 [T]:23 [TH]:10, In
2015-08-17 11:12:16 :  11> [G]:  29616 [E]:  75765 [D]:  592 [T]:21 [TH]:10, In
2015-08-17 11:12:20 :  12> [G]:  56972 [E]:  91035 [D]:  341 [T]:13 [TH]: 9, In
2015-08-17 11:12:25 :  13> [G]: 171815 [E]:  73817 [D]: 1060 [T]:34 [TH]:10, In
2015-08-17 11:12:31 :  14> [G]:  82364 [E]:  72313 [D]: 2074 [T]:14 [TH]:10, In
2015-08-17 11:12:36 :  15> [G]: 422295 [E]: 107989 [D]: 1199 [T]:26 [TH]:10, In
2015-08-17 11:12:39 :  16> [G]: 118387 [E]: 163083 [D]:  929 [T]:27 [TH]: 9, In
2015-08-17 11:12:44 :  17> [G]:  65527 [E]:  35655 [D]: 1284 [T]:23 [TH]: 9, In
2015-08-17 11:12:49 :  18> [G]: 254049 [E]: 253988 [D]: 1615 [T]:21 [TH]:10, In
2015-08-17 11:12:54 :  19> [G]:  84683 [E]: 149665 [D]: 1459 [T]:10 [TH]: 9, In
2015-08-17 11:13:00 :  20> [G]: 256336 [E]:  27908 [D]:  911 [T]:33 [TH]:10, In
2015-08-17 11:13:06 :  21> [G]:  46842 [E]:  64184 [D]: 1641 [T]:19 [TH]:10, In
2015-08-17 11:13:10 :  22> [G]:  33960 [E]: 281907 [D]: 1334 [T]: 7 [TH]: 8, In
2015-08-17 11:13:17 :  23> [G]: 100968 [E]:  79509 [D]:  949 [T]:34 [TH]:10, In
2015-08-17 11:13:21 :  24> [G]:   1700 [E]:   4576 [D]: 1547 [T]:22 [TH]: 9, In
