2015-07-28 20:07:26 : ~~~ Clash Game Bot v4.1 Powered by GameBot.org ~~~
2015-07-28 20:07:26 : GameBot.org.exe Executable running on WIN_7  X64
2015-07-28 20:07:26 : =================== Bot Start ====================
2015-07-28 20:07:26 : -------------------------  Current Profile: 01 --------------------------
2015-07-28 20:07:26 : Trying to locate Main Screen
2015-07-28 20:07:26 : Main Screen Located
2015-07-28 20:07:27 : Detecting your Buildings..
2015-07-28 20:07:32 : Language setting is English: Correct.
2015-07-28 20:07:33 : Trying to locate Main Screen
2015-07-28 20:07:33 : Main Screen Located
2015-07-28 20:07:34 : Collecting Resources
2015-07-28 20:07:41 : Checking if Village needs Rearming..
2015-07-28 20:07:49 : Village Report
2015-07-28 20:07:49 : No. of Free/Total Builders: 0/4
2015-07-28 20:07:49 :  [T]: 1 324
2015-07-28 20:07:50 :  [G]: 1 006 117 [E]: 5 997 494 [D]: 58 857 [GEM]: 
2015-07-28 20:07:53 : Checking Army Camp...
2015-07-28 20:07:55 : Total Army Camp capacity: 137/200
2015-07-28 20:07:56 :  - No. of Barbarians: 116
2015-07-28 20:07:56 :  - No. of Archers: 21
2015-07-28 20:07:56 : Barracks and Spell factory status: 
2015-07-28 20:07:56 : - Barracks detected: 4 | Available: 4 | Upgrading: 0
2015-07-28 20:07:56 : - Dark Barracks detected: 2 | Available: 2 | Upgrading: 0
2015-07-28 20:07:56 : - Spell factory detected: 0 | Available: 0 | Upgrading: 0
2015-07-28 20:07:56 : - Dark Spell factory detected: 0 | Available: 0 | Upgrading: 0
2015-07-28 20:07:56 : Training Troops...
2015-07-28 20:08:15 : Checking Troop Upgrade in Laboratory ...
2015-07-28 20:08:15 : Updating village values [E]: 5996650 [D]: 58857
2015-07-28 20:08:16 : Trouble finding research button, try again...
2015-07-28 20:08:17 : No free builder, Upgrade Walls skipped..
2015-07-28 20:08:20 : ====== Waiting for full army ======
2015-07-28 20:08:32 : Checking Army Camp...
2015-07-28 20:08:34 : Total Army Camp capacity: 144/200
2015-07-28 20:08:35 :  - No. of Barbarians: 116
2015-07-28 20:08:35 :  - No. of Archers: 28
2015-07-28 20:08:35 : Training Troops...
2015-07-28 20:08:42 : Time Idle: 00:00:22
2015-07-28 20:08:43 : ====== Waiting for full army ======
2015-07-28 20:08:54 : Checking Army Camp...
2015-07-28 20:08:56 : Total Army Camp capacity: 147/200
2015-07-28 20:08:57 :  - No. of Barbarians: 116
2015-07-28 20:08:57 :  - No. of Archers: 31
2015-07-28 20:08:57 : Training Troops...
2015-07-28 20:09:05 : Time Idle: 00:00:44
2015-07-28 20:09:05 : ====== Waiting for full army ======
2015-07-28 20:09:17 : Checking Army Camp...
2015-07-28 20:09:19 : Total Army Camp capacity: 150/200
2015-07-28 20:09:20 :  - No. of Barbarians: 116
2015-07-28 20:09:20 :  - No. of Archers: 34
2015-07-28 20:09:21 : Training Troops...
2015-07-28 20:09:28 : Time Idle: 00:01:07
2015-07-28 20:09:28 : ====== Waiting for full army ======
2015-07-28 20:09:40 : Checking Army Camp...
2015-07-28 20:09:42 : Total Army Camp capacity: 153/200
2015-07-28 20:09:43 :  - No. of Barbarians: 116
2015-07-28 20:09:43 :  - No. of Archers: 38
2015-07-28 20:09:43 : Training Troops...
2015-07-28 20:09:51 : Time Idle: 00:01:29
2015-07-28 20:09:51 : ====== Waiting for full army ======
2015-07-28 20:10:03 : Checking Army Camp...
2015-07-28 20:10:04 : Total Army Camp capacity: 157/200
2015-07-28 20:10:05 :  - No. of Barbarians: 116
2015-07-28 20:10:06 :  - No. of Archers: 41
2015-07-28 20:10:06 : Training Troops...
2015-07-28 20:10:14 : Time Idle: 00:01:52
2015-07-28 20:10:14 : ====== Waiting for full army ======
2015-07-28 20:10:26 : Checking Army Camp...
2015-07-28 20:10:28 : Total Army Camp capacity: 160/200
2015-07-28 20:10:29 :  - No. of Barbarians: 116
2015-07-28 20:10:29 :  - No. of Archers: 45
2015-07-28 20:10:29 : Training Troops...
2015-07-28 20:10:37 : Time Idle: 00:02:15
2015-07-28 20:10:38 : ====== Waiting for full army ======
2015-07-28 20:10:49 : Checking Army Camp...
2015-07-28 20:10:51 : Total Army Camp capacity: 164/200
2015-07-28 20:10:52 :  - No. of Barbarians: 116
2015-07-28 20:10:52 :  - No. of Archers: 48
2015-07-28 20:10:53 : Training Troops...
2015-07-28 20:11:00 : Time Idle: 00:02:38
2015-07-28 20:11:00 : ====== Waiting for full army ======
2015-07-28 20:11:12 : Checking Army Camp...
2015-07-28 20:11:14 : Total Army Camp capacity: 168/200
2015-07-28 20:11:15 :  - No. of Barbarians: 116
2015-07-28 20:11:15 :  - No. of Archers: 52
2015-07-28 20:11:15 : Training Troops...
2015-07-28 20:11:23 : Time Idle: 00:03:00
2015-07-28 20:11:23 : ====== Waiting for full army ======
2015-07-28 20:11:35 : Collecting Resources
2015-07-28 20:11:41 : Checking Army Camp...
2015-07-28 20:11:43 : Total Army Camp capacity: 172/200
2015-07-28 20:11:44 :  - No. of Barbarians: 116
2015-07-28 20:11:44 :  - No. of Archers: 56
2015-07-28 20:11:44 : Training Troops...
2015-07-28 20:11:52 : Time Idle: 00:03:29
2015-07-28 20:11:53 : ====== Waiting for full army ======
2015-07-28 20:12:04 : Checking Army Camp...
2015-07-28 20:12:06 : Total Army Camp capacity: 176/200
2015-07-28 20:12:07 :  - No. of Barbarians: 116
2015-07-28 20:12:07 :  - No. of Archers: 60
2015-07-28 20:12:08 : Training Troops...
2015-07-28 20:12:15 : Time Idle: 00:03:52
2015-07-28 20:12:16 : ====== Waiting for full army ======
2015-07-28 20:12:27 : Checking Army Camp...
2015-07-28 20:12:29 : Total Army Camp capacity: 180/200
2015-07-28 20:12:30 :  - No. of Barbarians: 116
2015-07-28 20:12:31 :  - No. of Archers: 64
2015-07-28 20:12:31 : Training Troops...
2015-07-28 20:12:39 : Time Idle: 00:04:15
2015-07-28 20:12:39 : ====== Waiting for full army ======
2015-07-28 20:12:51 : Checking Army Camp...
2015-07-28 20:12:53 : Total Army Camp capacity: 184/200
2015-07-28 20:12:53 :  - No. of Barbarians: 116
2015-07-28 20:12:54 :  - No. of Archers: 68
2015-07-28 20:12:54 : Training Troops...
2015-07-28 20:13:02 : Time Idle: 00:04:38
2015-07-28 20:13:02 : ====== Waiting for full army ======
2015-07-28 20:13:14 : Checking Army Camp...
2015-07-28 20:13:16 : Total Army Camp capacity: 188/200
2015-07-28 20:13:17 :  - No. of Barbarians: 116
2015-07-28 20:13:17 :  - No. of Archers: 72
2015-07-28 20:13:17 : Training Troops...
2015-07-28 20:13:25 : Time Idle: 00:05:01
2015-07-28 20:13:25 : ====== Waiting for full army ======
2015-07-28 20:13:37 : Checking Army Camp...
2015-07-28 20:13:39 : Total Army Camp capacity: 192/200
2015-07-28 20:13:40 :  - No. of Barbarians: 116
2015-07-28 20:13:40 :  - No. of Archers: 76
2015-07-28 20:13:40 : Training Troops...
2015-07-28 20:13:48 : Time Idle: 00:05:24
2015-07-28 20:13:48 : ====== Waiting for full army ======
2015-07-28 20:14:00 : Checking Army Camp...
2015-07-28 20:14:02 : Total Army Camp capacity: 196/200
2015-07-28 20:14:03 :  - No. of Barbarians: 116
2015-07-28 20:14:03 :  - No. of Archers: 80
2015-07-28 20:14:03 : Training Troops...
2015-07-28 20:14:14 : Time Idle: 00:05:49
2015-07-28 20:14:14 : ====== Waiting for full army ======
2015-07-28 20:14:26 : Checking Army Camp...
2015-07-28 20:14:28 : Total Army Camp capacity: 200/200
2015-07-28 20:14:29 :  - No. of Barbarians: 10
2015-07-28 20:14:29 :  - No. of Archers: 80
2015-07-28 20:14:29 : Training Troops...
2015-07-28 20:14:30 : Your Army Camps are now Full
2015-07-28 20:14:51 : Going to Attack...
2015-07-28 20:14:57 : ============== Searching For Dead Base ===============
2015-07-28 20:14:57 : ~~~~~~~~~~~~~~~ SEARCH CONDITIONS ~~~~~~~~~~~~~~~~
2015-07-28 20:14:57 : Meet: Gold and Elixir
2015-07-28 20:14:57 : ~~~~~~~~~~~~~~ RESOURCE CONDITIONS ~~~~~~~~~~~~~~~
2015-07-28 20:14:57 : Aim: [G]: 200000 [E]:  50000 [D]:    0 [T]: 0 for: Dead Base
2015-07-28 20:14:57 : ==================================================
2015-07-28 20:14:58 :   1> [G]: 120322 [E]: 310657 [D]: 1242 [T]:33
2015-07-28 20:15:01 :   2> [G]:  22460 [E]:  17893 [D]:  N/A [T]:29
2015-07-28 20:15:07 :   3> [G]:  45283 [E]:  43100 [D]:   81 [T]:29
2015-07-28 20:15:10 :   4> [G]:  26088 [E]:  11495 [D]:  N/A [T]:25
2015-07-28 20:15:16 :   5> [G]: 102922 [E]:  41507 [D]:  307 [T]:18
2015-07-28 20:15:19 :   6> [G]:   2089 [E]:   9302 [D]:  N/A [T]:34
2015-07-28 20:15:25 :   7> [G]:  32414 [E]:  10070 [D]:  N/A [T]:29
2015-07-28 20:15:27 :   8> [G]: 149263 [E]:  66265 [D]:   88 [T]:17
2015-07-28 20:15:33 :   9> [G]: 135698 [E]: 107246 [D]: 2288 [T]:15
2015-07-28 20:15:37 :  10> [G]: 106505 [E]: 179439 [D]:  357 [T]:28
2015-07-28 20:15:43 :  11> [G]:  20212 [E]:  28902 [D]:  N/A [T]:29
2015-07-28 20:15:46 :  12> [G]: 109522 [E]: 347303 [D]: 2296 [T]:22
2015-07-28 20:15:52 :  13> [G]:   2236 [E]:   3497 [D]:  295 [T]:17
2015-07-28 20:15:55 :  14> [G]:  57558 [E]:  89998 [D]:  532 [T]:31
2015-07-28 20:16:02 :  15> [G]:  69762 [E]:  49026 [D]: 1253 [T]:28
2015-07-28 20:16:05 :  16> [G]:  13084 [E]:   9790 [D]:  N/A [T]:28
2015-07-28 20:16:12 :  17> [G]: 354556 [E]:  33040 [D]: 1012 [T]:32
2015-07-28 20:16:15 :  18> [G]:  59032 [E]:  42752 [D]:  285 [T]:32
2015-07-28 20:16:22 :  19> [G]:  56951 [E]:   4167 [D]:  300 [T]:18
2015-07-28 20:16:25 :  20> [G]: 175489 [E]: 233995 [D]: 1282 [T]:18
2015-07-28 20:16:25 : Aim: [G]: 198000 [E]:  48000 [D]:    0 [T]: 0 for: Dead Base
2015-07-28 20:16:31 :  21> [G]:  71000 [E]: 138839 [D]:  258 [T]:26
2015-07-28 20:16:34 :  22> [G]:  97213 [E]:  79704 [D]: 1113 [T]:16
2015-07-28 20:16:40 :  23> [G]:  48870 [E]:  82919 [D]:  162 [T]:26
2015-07-28 20:16:43 :  24> [G]:  98791 [E]: 309690 [D]:  351 [T]:34
2015-07-28 20:16:50 :  25> [G]:  22930 [E]:  67089 [D]:  616 [T]:28
2015-07-28 20:16:52 :  26> [G]:  23040 [E]:   7205 [D]:   56 [T]:13
2015-07-28 20:16:59 :  27> [G]: 308365 [E]: 290153 [D]:  345 [T]:13
2015-07-28 20:16:59 : ~~~~~~~~~~~~~~~~ Dead Base Found! ~~~~~~~~~~~~~~~~
2015-07-28 20:17:01 : ================ Search Complete =================
2015-07-28 20:17:01 : Initiating attack for: Dead Base
2015-07-28 20:17:03 : -Barbarians 120
2015-07-28 20:17:03 : -Archers 80
2015-07-28 20:17:03 : -Clan Castle 
2015-07-28 20:17:03 : -King 
2015-07-28 20:17:03 : -Lightning Spells 2
2015-07-28 20:17:03 : -Rage Spells 1
2015-07-28 20:17:03 : -Poison Spells 1
2015-07-28 20:17:03 :  ====== Start Attack ====== 
2015-07-28 20:17:05 : Calculating Smart Attack Strategy
2015-07-28 20:17:06 : Calculated  (in 0.57 seconds) :
2015-07-28 20:17:06 : Locating Mines, Collectors & Drills
2015-07-28 20:17:07 : Located  (in 0.97 seconds) :
2015-07-28 20:17:07 : [6] Gold Mines
2015-07-28 20:17:07 : [0] Elixir Collectors
2015-07-28 20:17:07 : [0] Dark Elixir Drill/s
2015-07-28 20:17:07 : Attacking on all sides
2015-07-28 20:17:08 : Dropping first wave of Barbarians 60
2015-07-28 20:17:12 : Dropping first wave of Archers 40
2015-07-28 20:17:16 : Dropping second wave of Barbarians 60
2015-07-28 20:17:19 : Dropping second wave of Archers 40
2015-07-28 20:17:22 : Dropping King
2015-07-28 20:17:25 : Dropping left over troops
2015-07-28 20:17:25 : Checking remaining unused troops for: Dead Base
2015-07-28 20:17:27 : -Clan Castle 
2015-07-28 20:17:27 : -Lightning Spells 2
2015-07-28 20:17:27 : -Rage Spells 1
2015-07-28 20:17:27 : -Poison Spells 1
2015-07-28 20:17:36 : Checking remaining unused troops for: Dead Base
2015-07-28 20:17:38 : -Clan Castle 
2015-07-28 20:17:38 : -Lightning Spells 2
2015-07-28 20:17:38 : -Rage Spells 1
2015-07-28 20:17:38 : -Poison Spells 1
2015-07-28 20:17:46 : Finished Attacking, waiting for the battle to end
2015-07-28 20:17:46 : Checking if the battle has finished
2015-07-28 20:17:48 : detected [G]: 60300 [E]: 132337 [DE]: 225 |  Exit in 18 sec.
2015-07-28 20:17:48 : Gold & Elixir & DE change detected, waiting...
2015-07-28 20:17:51 : detected [G]: 30173 [E]: 132337 [DE]: 225 |  Exit in 18 sec.
2015-07-28 20:17:52 : detected [G]: 30173 [E]: 132337 [DE]: 225 |  Exit in 17 sec.
2015-07-28 20:17:53 : detected [G]: 30173 [E]: 132337 [DE]: 225 |  Exit in 16 sec.
2015-07-28 20:17:55 : detected [G]: 30173 [E]: 132337 [DE]: 225 |  Exit in 15 sec.
2015-07-28 20:17:56 : detected [G]: 30173 [E]: 132337 [DE]: 115 |  Exit in 14 sec.
2015-07-28 20:17:56 : Gold & Elixir & DE change detected, waiting...
2015-07-28 20:17:59 : detected [G]: 30173 [E]: 132337 [DE]: 0 |  Exit in 18 sec.
2015-07-28 20:18:00 : detected [G]: 30173 [E]: 132337 [DE]: 0 |  Exit in 17 sec.
2015-07-28 20:18:01 : detected [G]: 30173 [E]: 99191 [DE]: 0 |  Exit in 16 sec.
2015-07-28 20:18:01 : Gold & Elixir & DE change detected, waiting...
2015-07-28 20:18:04 : detected [G]: 30173 [E]: 99191 [DE]: 0 |  Exit in 18 sec.
2015-07-28 20:18:05 : detected [G]: 30173 [E]: 99191 [DE]: 0 |  Exit in 17 sec.
2015-07-28 20:18:06 : detected [G]: 30173 [E]: 98058 [DE]: 0 |  Exit in 16 sec.
2015-07-28 20:18:06 : Gold & Elixir & DE change detected, waiting...
2015-07-28 20:18:09 : detected [G]: 30173 [E]: 85155 [DE]: 0 |  Exit in 18 sec.
2015-07-28 20:18:09 : Gold & Elixir & DE change detected, waiting...
2015-07-28 20:18:12 : detected [G]: 30173 [E]: 47605 [DE]: 0 |  Exit in 18 sec.
2015-07-28 20:18:12 : Gold & Elixir & DE change detected, waiting...
2015-07-28 20:18:15 : detected [G]: 30173 [E]: 46472 [DE]: 0 |  Exit in 18 sec.
2015-07-28 20:18:15 : Gold & Elixir & DE change detected, waiting...
2015-07-28 20:18:17 : King is getting weak, Activating King's power
2015-07-28 20:18:18 : detected [G]: 30173 [E]: 41940 [DE]: 0 |  Exit in 18 sec.
2015-07-28 20:18:18 : Gold & Elixir & DE change detected, waiting...
2015-07-28 20:18:22 : detected [G]: 30173 [E]: 0 [DE]: 0 |  Exit in 18 sec.
2015-07-28 20:18:22 : Gold & Elixir & DE change detected, waiting...
2015-07-28 20:18:25 : detected [G]: 30173 [E]: 0 [DE]: 0 |  Exit in 18 sec.
2015-07-28 20:18:27 : detected [G]: 30173 [E]: 0 [DE]: 0 |  Exit in 16 sec.
2015-07-28 20:18:28 : detected [G]: 30173 [E]: 0 [DE]: 0 |  Exit in 14 sec.
2015-07-28 20:18:30 : detected [G]: 30173 [E]: 0 [DE]: 0 |  Exit in 13 sec.
2015-07-28 20:18:32 : detected [G]: 30173 [E]: 0 [DE]: 0 |  Exit in 11 sec.
2015-07-28 20:18:34 : detected [G]: 30173 [E]: 0 [DE]: 0 |  Exit in  9 sec.
2015-07-28 20:18:35 : detected [G]: 30173 [E]: 0 [DE]: 0 |  Exit in  8 sec.
2015-07-28 20:18:37 : detected [G]: 30173 [E]: 0 [DE]: 0 |  Exit in  6 sec.
2015-07-28 20:18:39 : detected [G]: 30173 [E]: 0 [DE]: 0 |  Exit in  4 sec.
2015-07-28 20:18:40 : detected [G]: 12694 [E]: 0 [DE]: 0 |  Exit in  3 sec.
2015-07-28 20:18:40 : Gold & Elixir & DE change detected, waiting...
2015-07-28 20:18:44 : detected [G]: 0 [E]: 0 [DE]: 0 |  Exit in 18 sec.
2015-07-28 20:18:45 : detected [G]: 0 [E]: 0 [DE]: 0 |  Exit in 16 sec.
2015-07-28 20:18:47 : detected [G]: 0 [E]: 0 [DE]: 0 |  Exit in 15 sec.
2015-07-28 20:18:49 : detected [G]: 0 [E]: 0 [DE]: 0 |  Exit in 13 sec.
2015-07-28 20:18:50 : detected [G]: 0 [E]: 0 [DE]: 0 |  Exit in 11 sec.
2015-07-28 20:18:52 : detected [G]: 0 [E]: 0 [DE]: 0 |  Exit in  9 sec.
2015-07-28 20:18:54 : detected [G]: 0 [E]: 0 [DE]: 0 |  Exit in  8 sec.
2015-07-28 20:18:56 : detected [G]: 0 [E]: 0 [DE]: 0 |  Exit in  6 sec.
2015-07-28 20:18:57 : detected [G]: 0 [E]: 0 [DE]: 0 |  Exit in  4 sec.
2015-07-28 20:18:59 : detected [G]: 0 [E]: 0 [DE]: 0 |  Exit in  3 sec.
2015-07-28 20:19:01 : detected [G]: 0 [E]: 0 [DE]: 0 |  Exit in  1 sec.
2015-07-28 20:19:03 : detected [G]: 0 [E]: 0 [DE]: 0 |  Exit in  0 sec.
2015-07-28 20:19:03 : Gold & Elixir & DE no change detected, exit
2015-07-28 20:19:03 : Returning Home
2015-07-28 20:19:07 : Loot: [G]: 308 365 [E]: 290 153 [DE]: 345 [T]: 4
2015-07-28 20:19:08 : Bonus [G]: 4 000 [E]: 4 000
2015-07-28 20:19:09 : Your league level is: Silver I
2015-07-28 20:19:09 : Stars earned: 1
2015-07-28 20:19:16 : Trying to locate Main Screen
2015-07-28 20:19:16 : Main Screen Located
2015-07-28 20:19:18 : Collecting Resources
2015-07-28 20:19:24 : Checking if Village needs Rearming..
