2015-08-18 17:07:06 :  Clash Game Bot v4.1.1 MODS Powered by GameBot.org ~
2015-08-18 17:07:06 : GameBot.org.exe Executable running on WIN_7  X64
2015-08-18 17:07:06 : =================== Bot Start ====================
2015-08-18 17:07:06 : -------------------------  Current Profile: 01 --------------------------
2015-08-18 17:07:07 : Trying to locate Main Screen
2015-08-18 17:07:07 : Main Screen Located
2015-08-18 17:07:08 : Detecting your Buildings..
2015-08-18 17:07:18 : Language setting is English: Correct.
2015-08-18 17:07:19 : Trying to locate Main Screen
2015-08-18 17:07:19 : Main Screen Located
2015-08-18 17:07:21 : Village Report
2015-08-18 17:07:21 : No. of Free/Total Builders: 0/5
2015-08-18 17:07:21 :  [T]: 3 225
2015-08-18 17:07:21 :  [G]: 5 994 040 [E]: 3 191 277 [D]: 80 000 [GEM]: 2 129
2015-08-18 17:07:21 : Trying to locate Main Screen
2015-08-18 17:07:21 : Main Screen Located
2015-08-18 17:07:23 : Temprory account Detected...
2015-08-18 17:07:24 : Collecting Resources
2015-08-18 17:07:32 : Checking if Village needs Rearming..
2015-08-18 17:07:42 : Checking Army Camp...
2015-08-18 17:07:44 : Total Army Camp capacity: 200/200
2015-08-18 17:07:47 :  - No. of Barbarians: 38
2015-08-18 17:07:47 :  - No. of Archers: 102
2015-08-18 17:07:47 :  - No. of Giants: 12
2015-08-18 17:07:47 : Barracks and Spell factory status: 
2015-08-18 17:07:47 : - Barracks detected: 4 | Available: 4 | Upgrading: 0
2015-08-18 17:07:47 : - Dark Barracks detected: 2 | Available: 1 | Upgrading: 1
2015-08-18 17:07:47 : - Spell factory detected: 1 | Available: 1 | Upgrading: 0
2015-08-18 17:07:47 : - Dark Spell factory detected: 1 | Available: 1 | Upgrading: 0
2015-08-18 17:07:47 : Training Troops...
2015-08-18 17:07:48 : Your Army Camps are now Full
2015-08-18 17:07:48 : Too many Arch, train last.
2015-08-18 17:07:48 : Too few Barb, train first.
2015-08-18 17:08:08 : 0
2015-08-18 17:08:09 : Requesting Clan Castle Troops
2015-08-18 17:08:10 : Your Clan Castle is already full or you are not in a clan.
2015-08-18 17:08:13 : Clear an Obstacle on the Field
2015-08-18 17:08:13 : No. of Free/Total Builders: 0/5
2015-08-18 17:08:13 : No Builders
2015-08-18 17:08:13 : Finished kicking
2015-08-18 17:08:13 : Going to Attack...
2015-08-18 17:08:19 : ============== Searching For Dead Base ===============
2015-08-18 17:08:19 : ~~~~~~~~~~~~~~~ SEARCH CONDITIONS ~~~~~~~~~~~~~~~~
2015-08-18 17:08:19 : Meet: Gold and Elixir, TH Outside
2015-08-18 17:08:19 : Meet One and Attack!
2015-08-18 17:08:19 : ~~~~~~~~~~~~~~ RESOURCE CONDITIONS ~~~~~~~~~~~~~~~
2015-08-18 17:08:19 : Aim: [G]: 999999 [E]: 999999 [D]:    0 [T]: 0, Out for: Dead Base
2015-08-18 17:08:19 : ============== Searching For Live Base ===============
2015-08-18 17:08:19 : ~~~~~~~~~~~~~~~ SEARCH CONDITIONS ~~~~~~~~~~~~~~~~
2015-08-18 17:08:19 : Meet: Gold and Elixir, TH Outside
2015-08-18 17:08:19 : Meet One and Attack!
2015-08-18 17:08:19 : ~~~~~~~~~~~~~~ RESOURCE CONDITIONS ~~~~~~~~~~~~~~~
2015-08-18 17:08:19 : Aim: [G]: 999999 [E]: 999999 [D]:    0 [T]: 0, Out for: Live Base
2015-08-18 17:08:19 : ~~~~~~~~~~~~~~~ ADVANCED SETTINGS ~~~~~~~~~~~~~~~~
2015-08-18 17:08:19 : THSnipe Combo, 1 Tile(s), AttackTH, Attack3:GBarch
2015-08-18 17:08:19 : ==================================================
2015-08-18 17:08:21 :   1> [G]: 224395 [E]: 177554 [D]: 1220 [T]:26 [TH]:10, In
2015-08-18 17:08:32 :   2> [G]: 230593 [E]: 142281 [D]:  899 [T]:24 [TH]:10, In
