2015-08-17 08:25:39 :  Clash Game Bot v4.1.1-6 merge Powered by GameBot.org 
2015-08-17 08:25:39 : GameBot.org.exe Executable running on WIN_7 Service Pack 1 X64
2015-08-17 08:25:39 : =================== Bot Start ====================
2015-08-17 08:25:39 : -------------------------  Current Profile: 01 --------------------------
2015-08-17 08:25:39 : Trying to locate Main Screen
2015-08-17 08:25:39 : Main Screen Located
2015-08-17 08:25:40 : Detecting your Buildings..
2015-08-17 08:25:40 : Locating Town Hall ...
2015-08-17 08:25:44 : Townhall: (143,312)
2015-08-17 08:25:52 : Your Town Hall Level read as: 9
2015-08-17 08:25:53 : Locating Barrack...
2015-08-17 08:26:01 : Locate success Barrack: (439,329)
2015-08-17 08:26:01 : Locating Army Camp...
2015-08-17 08:26:06 : Army Camp: (361,460)
2015-08-17 08:26:11 : $TotalCamp = 220
2015-08-17 08:26:11 : Locating Clan Castle...
2015-08-17 08:26:14 : Clan Castle: (294,309)
2015-08-17 08:26:26 : Verifying your Mines/Extractors/Drills ...wait ...
2015-08-17 08:26:28 : Total No. of Gold Mines: 6
2015-08-17 08:26:30 : Total No. of Elixir Collectors: 6
2015-08-17 08:26:32 : Language setting is English: Correct.
2015-08-17 08:26:33 : Trying to locate Main Screen
2015-08-17 08:26:33 : Main Screen Located
2015-08-17 08:26:35 : Village Report
2015-08-17 08:26:35 : No. of Free/Total Builders: 0/4
2015-08-17 08:26:35 :  [T]: 2 721
2015-08-17 08:26:35 :  [G]: 2 811 019 [E]: 2 863 854 [D]: 22 717 [GEM]: 57
2015-08-17 08:26:36 : Collecting Resources
2015-08-17 08:26:46 : Chat Request: hogs
2015-08-17 08:26:46 : Hog Riders Keyword found: hog
2015-08-17 08:26:49 : No Hog Riders available to donate..
2015-08-17 08:26:51 : Chat Request: hogs
2015-08-17 08:26:51 : Hog Riders Keyword found: hog
2015-08-17 08:26:54 : No Hog Riders available to donate..
2015-08-17 08:26:56 : Checking Army Camp...
2015-08-17 08:26:58 : Total Army Camp capacity: 200/220
2015-08-17 08:27:01 :  - No. of Giants: 24
2015-08-17 08:27:01 :  - No. of Wizards: 20
2015-08-17 08:27:01 : Barracks and Spell factory status: 
2015-08-17 08:27:01 : - Barracks detected: 4 | Available: 4 | Upgrading: 0
2015-08-17 08:27:01 : - Dark Barracks detected: 2 | Available: 2 | Upgrading: 0
2015-08-17 08:27:01 : - Spell factory detected: 1 | Available: 1 | Upgrading: 0
2015-08-17 08:27:01 : - Dark Spell factory detected: 1 | Available: 1 | Upgrading: 0
2015-08-17 08:27:02 : Training Troops...
2015-08-17 08:27:18 : Spell Factory Full
2015-08-17 08:27:18 : Created 2 Spell(s)
2015-08-17 08:27:20 : 0
2015-08-17 08:27:22 : Requesting Clan Castle Troops
2015-08-17 08:27:22 : Your Clan Castle is already full or you are not in a clan.
2015-08-17 08:27:24 : ====== Waiting for full army ======
2015-08-17 08:27:36 : Checking Army Camp...
2015-08-17 08:27:38 : Total Army Camp capacity: 200/220
2015-08-17 08:27:39 :  - No. of Giants: 24
2015-08-17 08:27:39 :  - No. of Wizards: 20
2015-08-17 08:27:40 : Training Troops...
2015-08-17 08:27:57 : Checking Army Camp...
2015-08-17 08:27:58 : Total Army Camp capacity: 200/220
2015-08-17 08:28:00 :  - No. of Giants: 24
2015-08-17 08:28:00 :  - No. of Wizards: 20
2015-08-17 08:28:00 : Training Troops...
2015-08-17 08:28:11 : Spell Factory Full
2015-08-17 08:28:13 : Time Idle: 00:00:49
2015-08-17 08:28:14 : ====== Waiting for full army ======
2015-08-17 08:28:25 : Checking Army Camp...
2015-08-17 08:28:26 : ClashGameBot was Paused!
2015-08-17 08:28:52 : ClashGameBot was Resumed.
2015-08-17 08:29:03 : Army size read error, Troop numbers can't be trained correctly
2015-08-17 08:29:03 : Total Army Camp capacity: 0/220
2015-08-17 08:29:06 : Training Troops...
2015-08-17 08:29:06 : No barrack avaiable, cannot start train
2015-08-17 08:29:08 : Waiting for Main Screen
2015-08-17 08:29:12 : Trying to locate Main Screen
2015-08-17 08:29:12 : Main Screen Located
2015-08-17 08:29:14 : Village Report
2015-08-17 08:29:14 : No. of Free/Total Builders: 0/4
2015-08-17 08:29:14 :  [T]: 2 721
2015-08-17 08:29:14 :  [G]: 2 813 593 [E]: 2 800 999 [D]: 22 717 [GEM]: 57
2015-08-17 08:29:14 : Collecting Resources
2015-08-17 08:29:25 : Chat Request: hogs
2015-08-17 08:29:25 : Hog Riders Keyword found: hog
2015-08-17 08:29:28 : No Hog Riders available to donate..
2015-08-17 08:29:30 : Checking Army Camp...
2015-08-17 08:29:32 : Total Army Camp capacity: 215/220
2015-08-17 08:29:33 :  - No. of Archers: 15
2015-08-17 08:29:33 :  - No. of Giants: 24
2015-08-17 08:29:33 :  - No. of Wizards: 20
2015-08-17 08:29:34 : Training Troops...
2015-08-17 08:29:45 : Spell Factory Full
2015-08-17 08:29:47 : 0
2015-08-17 08:29:49 : Requesting Clan Castle Troops
2015-08-17 08:29:49 : Your Clan Castle is already full or you are not in a clan.
2015-08-17 08:29:51 : ====== Waiting for full army ======
2015-08-17 08:30:02 : Checking Army Camp...
2015-08-17 08:30:04 : Total Army Camp capacity: 220/220
2015-08-17 08:30:05 :  - No. of Archers: 20
2015-08-17 08:30:06 :  - No. of Giants: 24
2015-08-17 08:30:06 :  - No. of Wizards: 20
2015-08-17 08:30:06 : Training Troops...
2015-08-17 08:30:07 : Your Army Camps are now Full
2015-08-17 08:30:07 : Too few Arch, train first.
2015-08-17 08:30:32 : Spell Factory not found...
2015-08-17 08:30:34 : Going to Attack...
2015-08-17 08:30:40 : ============== Searching For Dead Base ===============
2015-08-17 08:30:40 : ~~~~~~~~~~~~~~~ SEARCH CONDITIONS ~~~~~~~~~~~~~~~~
2015-08-17 08:30:40 : Meet: Gold and Elixir
2015-08-17 08:30:40 : ~~~~~~~~~~~~~~ RESOURCE CONDITIONS ~~~~~~~~~~~~~~~
2015-08-17 08:30:40 : Aim: [G]: 999999 [E]: 999999 [D]:    0 [T]: 0 for: Dead Base
2015-08-17 08:30:40 : ============== Searching For Live Base ===============
2015-08-17 08:30:40 : ~~~~~~~~~~~~~~~ SEARCH CONDITIONS ~~~~~~~~~~~~~~~~
2015-08-17 08:30:40 : Meet: Gold and Elixir
2015-08-17 08:30:40 : ~~~~~~~~~~~~~~ RESOURCE CONDITIONS ~~~~~~~~~~~~~~~
2015-08-17 08:30:40 : Aim: [G]: 999999 [E]: 999999 [D]:    0 [T]: 0 for: Live Base
2015-08-17 08:30:40 : ~~~~~~~~~~~~~~~ ADVANCED SETTINGS ~~~~~~~~~~~~~~~~
2015-08-17 08:30:40 : THSnipe Combo, 4 Tile(s), , Attack6:PB6
2015-08-17 08:30:40 : ==================================================
2015-08-17 08:30:42 :   1> [G]: 104524 [E]: 104453 [D]: 1290 [T]:17 [TH]: 9, In
2015-08-17 08:30:49 :   2> [G]:  41924 [E]: 206807 [D]:  446 [T]:22 [TH]:10, In
2015-08-17 08:30:54 :   3> [G]: 161119 [E]:  67096 [D]: 2364 [T]:20 [TH]:10, In
2015-08-17 08:31:00 :   4> [G]:  63485 [E]: 156137 [D]:  992 [T]:26 [TH]:10, In
2015-08-17 08:31:04 :   5> [G]:  98732 [E]:  16255 [D]:  765 [T]:18 [TH]: 9, In
2015-08-17 08:31:09 :   6> [G]:  22275 [E]: 204730 [D]:  679 [T]:19 [TH]: 9, In
2015-08-17 08:31:13 :   7> [G]: 219839 [E]:   5335 [D]:  778 [T]:17 [TH]:10, In
2015-08-17 08:31:19 :   8> [G]:  42943 [E]:  37018 [D]:  286 [T]:29 [TH]:10, In
2015-08-17 08:31:23 :   9> [G]:  64942 [E]: 124281 [D]:  738 [T]:22 [TH]: 9, In
2015-08-17 08:31:28 :  10> [G]: 156983 [E]: 214213 [D]:  438 [T]:20 [TH]: 9, In
2015-08-17 08:31:32 :  11> [G]:  80347 [E]: 106751 [D]: 1068 [T]:30 [TH]:10, In
2015-08-17 08:31:36 :  12> [G]:  36747 [E]:   1443 [D]:  918 [T]:29 [TH]: 9, In
2015-08-17 08:31:41 :  13> [G]: 311538 [E]: 257383 [D]: 2298 [T]:11 [TH]: 9, In
2015-08-17 08:31:45 :  14> [G]:  64182 [E]: 174753 [D]:  367 [T]:13 [TH]:10, In
2015-08-17 08:31:50 :  15> [G]:  24048 [E]:  48916 [D]:  916 [T]:31 [TH]: 9, In
2015-08-17 08:31:54 :  16> [G]: 143197 [E]:  62094 [D]:   63 [T]:33 [TH]: 9, In
2015-08-17 08:31:57 :  17> [G]:  59191 [E]: 101901 [D]:  704 [T]:15 [TH]: 9, In
2015-08-17 08:32:02 :  18> [G]:  54158 [E]: 139627 [D]:   49 [T]:10 [TH]: 9, In
2015-08-17 08:32:06 :  19> [G]:  61583 [E]:  37101 [D]: 1406 [T]:22 [TH]: 9, In
2015-08-17 08:32:13 :  20> [G]: 159644 [E]: 239263 [D]: 1689 [T]:14 [TH]:10, In
2015-08-17 08:32:17 :  21> [G]:  18465 [E]:   4664 [D]:  283 [T]:18 [TH]: 9, In
2015-08-17 08:32:21 :  22> [G]:  36360 [E]: 124163 [D]:  307 [T]:15 [TH]: 9, In
2015-08-17 08:32:26 :  23> [G]:  83568 [E]: 159842 [D]: 1530 [T]:32 [TH]:10, In
2015-08-17 08:32:30 :  24> [G]: 385966 [E]: 239609 [D]: 2889 [T]:25 [TH]:10, In
2015-08-17 08:32:35 :  25> [G]:  55863 [E]:  39094 [D]: 1277 [T]:16 [TH]:10, In
2015-08-17 08:32:39 :  26> [G]:  18901 [E]:  36027 [D]: 1104 [T]:21 [TH]: 9, In
2015-08-17 08:32:45 :  27> [G]:  25600 [E]: 100116 [D]:   70 [T]:21 [TH]: 9, In
2015-08-17 08:32:49 :  28> [G]:   3287 [E]:  59939 [D]:  623 [T]:10 [TH]: 9, In
2015-08-17 08:32:54 :  29> [G]:  57018 [E]:  69977 [D]:  645 [T]:28 [TH]:10, In
2015-08-17 08:32:57 :  30> [G]:  47364 [E]: 105386 [D]: 1366 [T]:23 [TH]: 9, In
2015-08-17 08:33:02 :  31> [G]: 115181 [E]:  44416 [D]:  648 [T]:15 [TH]: 9, In
2015-08-17 08:33:06 :  32> [G]:  66252 [E]:  71036 [D]:  138 [T]:26 [TH]: 9, In
2015-08-17 08:33:10 :  33> [G]:  97186 [E]:  83050 [D]: 1225 [T]:26 [TH]: 9, In
2015-08-17 08:33:14 :  34> [G]: 249375 [E]: 193234 [D]: 1304 [T]:27 [TH]: 9, In
2015-08-17 08:33:18 :  35> [G]:   4505 [E]: 153977 [D]:  531 [T]:14 [TH]: 9, In
2015-08-17 08:33:23 :  36> [G]:  48330 [E]:  46438 [D]: 2044 [T]:17 [TH]:10, In
2015-08-17 08:33:27 :  37> [G]:  26381 [E]:   7088 [D]:  515 [T]:21 [TH]: 9, In
2015-08-17 08:33:31 :  38> [G]:  51611 [E]:  43895 [D]:  648 [T]:13 [TH]: 9, In
2015-08-17 08:33:35 :  39> [G]:  39438 [E]:  36026 [D]:  689 [T]:18 [TH]: 9, In
2015-08-17 08:33:40 :  40> [G]: 133490 [E]:  40317 [D]:  936 [T]:19 [TH]: 9, In
2015-08-17 08:33:43 :  41> [G]:  44746 [E]:  54612 [D]:  659 [T]:18 [TH]: 9, In
2015-08-17 08:33:50 :  42> [G]:  78357 [E]:  60469 [D]: 2533 [T]:19 [TH]:10, In
2015-08-17 08:33:57 :  43> [G]:  70040 [E]:  80959 [D]: 2253 [T]:20 [TH]:10, In
2015-08-17 08:34:01 :  44> [G]: 147051 [E]:  43928 [D]: 1458 [T]:15 [TH]: 9, In
2015-08-17 08:34:05 :  45> [G]: 143422 [E]:  61379 [D]: 1141 [T]:17 [TH]: 9, In
2015-08-17 08:34:11 :  46> [G]: 278349 [E]: 117471 [D]: 2172 [T]:31 [TH]:10, In
2015-08-17 08:34:15 :  47> [G]:  75929 [E]:  92755 [D]:   35 [T]:14 [TH]: 9, In
2015-08-17 08:34:20 :  48> [G]:  62235 [E]:  46195 [D]:  715 [T]:23 [TH]: 9, In
2015-08-17 08:34:26 :  49> [G]:  57030 [E]: 204605 [D]:  979 [T]:25 [TH]: 9, In
2015-08-17 08:34:30 :  50> [G]: 137569 [E]:  92920 [D]: 1077 [T]:13 [TH]: 9, In
2015-08-17 08:34:37 : Checking Trapped TH
2015-08-17 08:34:39 :  51> [G]: 418279 [E]: 121064 [D]: 1292 [T]:26 [TH]:10, Out
2015-08-17 08:34:39 : No major traps found near TH.
2015-08-17 08:34:39 : ~~~~~~~~~~~~~~~ TH Outside Found! ~~~~~~~~~~~~~~~~
2015-08-17 08:34:39 : ================ Search Complete =================
2015-08-17 08:34:39 : Initiating attack for: TH Snipe
2015-08-17 08:34:42 : -Archers 20
2015-08-17 08:34:42 : -Giants 24
2015-08-17 08:34:42 : -Wizards 20
2015-08-17 08:34:42 : -Clan Castle 
2015-08-17 08:34:42 : -King 
2015-08-17 08:34:42 : -Heal Spells 4
2015-08-17 08:34:42 :  ====== Start Attack ====== 
2015-08-17 08:34:44 : Free meal
2015-08-17 08:34:44 : Dropping first wave of 5 Archers
2015-08-17 08:34:45 : Deployment of Archers Successful!
2015-08-17 08:34:46 : Dropping second wave of 10 Archers
2015-08-17 08:34:49 : Deployment of Archers Successful!
2015-08-17 08:35:15 : Fool me once shame on you, fool me twice shame on me
2015-08-17 08:35:15 : No  troop Found!!!
2015-08-17 08:35:15 : No  troop Found!!!
2015-08-17 08:35:15 : No  troop Found!!!
2015-08-17 08:35:15 : Dropping only wave of 10 Archers
2015-08-17 08:35:17 : Deployment of Archers Successful!
2015-08-17 08:35:18 : No  troop Found!!!
2015-08-17 08:35:26 : Townhall has been destroyed!
2015-08-17 08:35:29 : Checking if the battle has finished
2015-08-17 08:35:31 : detected [G]:  [E]:  [DE]:  |  Exit now 
2015-08-17 08:35:31 : Battle has finished
2015-08-17 08:35:31 : Returning Home
2015-08-17 08:35:35 : Loot: [G]: 1 000 [E]: 1 000 [DE]:  [T]: 8
2015-08-17 08:35:36 : Bonus [G]: 100 000 [E]: 100 000 [DE]: 500
2015-08-17 08:35:39 : Your league level is: Master III
2015-08-17 08:35:39 : Stars earned: 1
2015-08-17 08:35:46 : Trying to locate Main Screen
2015-08-17 08:35:46 : Main Screen Located
2015-08-17 08:35:48 : Village Report
2015-08-17 08:35:48 : No. of Free/Total Builders: 0/4
2015-08-17 08:35:48 :  [T]: 2 729
2015-08-17 08:35:48 :  [G]: 2 876 343 [E]: 2 807 999 [D]: 23 220 [GEM]: 57
2015-08-17 08:35:49 : Collecting Resources
2015-08-17 08:35:59 : Chat Request: hogs
2015-08-17 08:35:59 : Hog Riders Keyword found: hog
2015-08-17 08:36:03 : No Hog Riders available to donate..
2015-08-17 08:36:05 : Checking Army Camp...
2015-08-17 08:36:06 : Total Army Camp capacity: 220/220
2015-08-17 08:36:08 :  - No. of Archers: 20
2015-08-17 08:36:08 :  - No. of Giants: 24
2015-08-17 08:36:08 :  - No. of Wizards: 20
2015-08-17 08:36:08 : Barracks and Spell factory status: 
2015-08-17 08:36:08 : - Barracks detected: 4 | Available: 4 | Upgrading: 0
2015-08-17 08:36:08 : - Dark Barracks detected: 2 | Available: 2 | Upgrading: 0
2015-08-17 08:36:08 : - Spell factory detected: 1 | Available: 1 | Upgrading: 0
2015-08-17 08:36:08 : - Dark Spell factory detected: 1 | Available: 1 | Upgrading: 0
2015-08-17 08:36:09 : Training Troops...
2015-08-17 08:36:09 : Your Army Camps are now Full
2015-08-17 08:36:09 : Too many Arch, train last.
2015-08-17 08:36:36 : Spell Factory not found...
2015-08-17 08:36:38 : 0
2015-08-17 08:36:40 : Requesting Clan Castle Troops
2015-08-17 08:36:40 : Your Clan Castle is already full or you are not in a clan.
2015-08-17 08:36:42 : Going to Attack...
2015-08-17 08:36:48 : ============== Searching For Dead Base ===============
2015-08-17 08:36:48 : ~~~~~~~~~~~~~~~ SEARCH CONDITIONS ~~~~~~~~~~~~~~~~
2015-08-17 08:36:48 : Meet: Gold and Elixir
2015-08-17 08:36:48 : ~~~~~~~~~~~~~~ RESOURCE CONDITIONS ~~~~~~~~~~~~~~~
2015-08-17 08:36:48 : Aim: [G]: 999999 [E]: 999999 [D]:    0 [T]: 0 for: Dead Base
2015-08-17 08:36:48 : ============== Searching For Live Base ===============
2015-08-17 08:36:48 : ~~~~~~~~~~~~~~~ SEARCH CONDITIONS ~~~~~~~~~~~~~~~~
2015-08-17 08:36:48 : Meet: Gold and Elixir
2015-08-17 08:36:48 : ~~~~~~~~~~~~~~ RESOURCE CONDITIONS ~~~~~~~~~~~~~~~
2015-08-17 08:36:48 : Aim: [G]: 999999 [E]: 999999 [D]:    0 [T]: 0 for: Live Base
2015-08-17 08:36:48 : ~~~~~~~~~~~~~~~ ADVANCED SETTINGS ~~~~~~~~~~~~~~~~
2015-08-17 08:36:48 : THSnipe Combo, 4 Tile(s), , Attack6:PB6
2015-08-17 08:36:48 : ==================================================
2015-08-17 08:36:51 :   1> [G]:  75251 [E]:  22107 [D]: 1347 [T]:17 [TH]:10, In
2015-08-17 08:36:55 :   2> [G]:  63987 [E]:   5189 [D]:  616 [T]:21 [TH]:10, In
2015-08-17 08:36:59 :   3> [G]:  54473 [E]:  15863 [D]:  915 [T]:25 [TH]: 9, In
2015-08-17 08:37:06 :   4> [G]:  38339 [E]:  43311 [D]: 2014 [T]:32 [TH]:10, In
2015-08-17 08:37:13 :   5> [G]:  69948 [E]:  15284 [D]: 2320 [T]:15 [TH]:10, In
2015-08-17 08:37:17 :   6> [G]:  80269 [E]:  61055 [D]: 1112 [T]:22 [TH]: 9, In
2015-08-17 08:37:21 :   7> [G]:  12373 [E]:  73530 [D]: 1458 [T]:16 [TH]: 9, In
2015-08-17 08:37:27 :   8> [G]: 272905 [E]: 216487 [D]: 1713 [T]:34 [TH]:10, In
2015-08-17 08:37:32 :   9> [G]:  64458 [E]: 168126 [D]: 2944 [T]:15 [TH]: -, -
2015-08-17 08:37:37 :  10> [G]:  97400 [E]:  12464 [D]: 1029 [T]:21 [TH]: 9, In
2015-08-17 08:37:43 :  11> [G]:  71696 [E]: 102238 [D]:  292 [T]:17 [TH]:10, In
2015-08-17 08:37:47 :  12> [G]: 132719 [E]: 139820 [D]: 1137 [T]:15 [TH]: 9, In
2015-08-17 08:37:54 :  13> [G]:  43078 [E]:  37732 [D]: 2149 [T]:22 [TH]:10, In
2015-08-17 08:37:58 :  14> [G]:  11263 [E]:  47340 [D]:   11 [T]:16 [TH]:10, In
2015-08-17 08:38:05 :  15> [G]:  39225 [E]: 139700 [D]: 1950 [T]:32 [TH]:10, In
2015-08-17 08:38:11 :  16> [G]:  54520 [E]:  57095 [D]:  388 [T]:12 [TH]: 9, In
2015-08-17 08:38:15 :  17> [G]:  80596 [E]:  87530 [D]: 1242 [T]:19 [TH]: 9, In
2015-08-17 08:38:19 :  18> [G]: 132658 [E]: 188930 [D]: 1262 [T]:19 [TH]: 9, In
2015-08-17 08:38:23 :  19> [G]:  20400 [E]:  40597 [D]:  465 [T]:15 [TH]: 9, In
2015-08-17 08:38:30 :  20> [G]: 176664 [E]: 107212 [D]: 2264 [T]:31 [TH]:10, In
2015-08-17 08:38:36 :  21> [G]:  93450 [E]:  80977 [D]: 3117 [T]:15 [TH]:10, In
2015-08-17 08:38:40 :  22> [G]:  89544 [E]:  63681 [D]:  400 [T]:12 [TH]: 9, In
2015-08-17 08:38:45 :  23> [G]:  66496 [E]:  88572 [D]: 1202 [T]:25 [TH]: 9, In
2015-08-17 08:38:49 :  24> [G]:  81492 [E]:  48290 [D]: 1151 [T]:15 [TH]: 9, In
2015-08-17 08:38:53 :  25> [G]:  10438 [E]:  42172 [D]:  892 [T]:28 [TH]: 9, In
2015-08-17 08:38:57 :  26> [G]: 277387 [E]: 210257 [D]: 1512 [T]:26 [TH]:10, In
2015-08-17 08:39:01 :  27> [G]:  79946 [E]: 105645 [D]:  200 [T]:27 [TH]: 9, In
2015-08-17 08:39:07 :  28> [G]:   3979 [E]: 219682 [D]:  926 [T]:19 [TH]: 9, In
2015-08-17 08:39:11 :  29> [G]: 224582 [E]: 153699 [D]: 1028 [T]:17 [TH]:10, In
2015-08-17 08:39:18 :  30> [G]:  73763 [E]:  79708 [D]:  571 [T]:20 [TH]:10, In
2015-08-17 08:39:24 :  31> [G]:  28934 [E]: 114354 [D]:  266 [T]:31 [TH]:10, In
2015-08-17 08:39:29 :  32> [G]:  56693 [E]:  65257 [D]:  190 [T]:15 [TH]:10, In
2015-08-17 08:39:33 :  33> [G]: 362557 [E]: 204490 [D]:  678 [T]:12 [TH]:10, In
2015-08-17 08:39:37 :  34> [G]:  33149 [E]: 159276 [D]:  127 [T]:24 [TH]: 9, In
2015-08-17 08:39:43 :  35> [G]:  65934 [E]: 131569 [D]: 1383 [T]:28 [TH]:10, In
2015-08-17 08:39:47 :  36> [G]:  85445 [E]:   9437 [D]: 1197 [T]:27 [TH]: 9, In
2015-08-17 08:39:52 :  37> [G]: 345459 [E]: 324426 [D]: 1287 [T]:17 [TH]:10, In
2015-08-17 08:39:56 :  38> [G]:  78536 [E]:  65555 [D]:  632 [T]:22 [TH]: 9, In
2015-08-17 08:40:00 :  39> [G]: 133922 [E]: 169698 [D]:  886 [T]: 9 [TH]: 9, In
2015-08-17 08:40:05 :  40> [G]:  86073 [E]:  38267 [D]:  313 [T]:21 [TH]:10, In
2015-08-17 08:40:11 :  41> [G]: 186114 [E]: 220488 [D]:  767 [T]:17 [TH]:10, In
2015-08-17 08:40:15 :  42> [G]:  15619 [E]: 135230 [D]:  964 [T]:13 [TH]: 9, In
2015-08-17 08:40:19 :  43> [G]: 143514 [E]: 129890 [D]:  319 [T]:14 [TH]: 9, In
2015-08-17 08:40:23 :  44> [G]:  21905 [E]:  83619 [D]: 1032 [T]:20 [TH]: 9, In
2015-08-17 08:40:29 :  45> [G]:  83889 [E]: 146223 [D]: 1654 [T]:32 [TH]:10, In
2015-08-17 08:40:34 :  46> [G]:  71332 [E]: 108831 [D]: 1318 [T]:15 [TH]:10, In
2015-08-17 08:40:40 :  47> [G]: 120850 [E]:  23285 [D]:  529 [T]:14 [TH]: 9, In
2015-08-17 08:40:44 :  48> [G]:   9108 [E]:   3972 [D]:  138 [T]:18 [TH]: 9, In
2015-08-17 08:40:48 :  49> [G]:  41524 [E]:  64546 [D]:  931 [T]:31 [TH]: 9, In
2015-08-17 08:40:55 :  50> [G]:  52394 [E]: 128310 [D]: 1660 [T]:27 [TH]:10, In
2015-08-17 08:41:01 :  51> [G]:  94242 [E]: 211472 [D]: 3035 [T]:31 [TH]:10, In
2015-08-17 08:41:04 : ClashGameBot was Paused!
2015-08-17 08:41:10 : ClashGameBot was Resumed.
2015-08-17 08:41:12 :  52> [G]: 187723 [E]:  75978 [D]:  299 [T]:22 [TH]: 9, In
2015-08-17 08:41:14 : ClashGameBot was Paused!
2015-08-17 08:41:23 : ClashGameBot was Resumed.
2015-08-17 08:41:25 :  53> [G]:  85347 [E]:  89129 [D]:  477 [T]:22 [TH]:10, In
2015-08-17 08:41:28 : ClashGameBot was Paused!
2015-08-17 08:41:39 : ClashGameBot was Resumed.
2015-08-17 08:41:40 :  54> [G]:  29212 [E]:  31477 [D]:  788 [T]:37 [TH]: 9, In
2015-08-17 08:41:47 :  55> [G]:  99321 [E]: 170871 [D]: 1532 [T]:13 [TH]:10, In
2015-08-17 08:41:51 :  56> [G]:  78069 [E]:  14667 [D]: 1174 [T]:11 [TH]: 9, In
2015-08-17 08:41:53 : ClashGameBot was Paused!
2015-08-17 08:41:58 : ClashGameBot was Resumed.
2015-08-17 08:42:00 :  57> [G]: 142723 [E]:  77816 [D]:  410 [T]:10 [TH]: 9, In
2015-08-17 08:42:03 : ClashGameBot was Paused!
2015-08-17 08:42:08 : ClashGameBot was Resumed.
2015-08-17 08:42:09 :  58> [G]:  75395 [E]: 232341 [D]:  699 [T]:12 [TH]: 9, In
2015-08-17 08:42:13 :  59> [G]:  30751 [E]:  28786 [D]: 1668 [T]:14 [TH]: 9, In
2015-08-17 08:42:15 : ClashGameBot was Paused!
2015-08-17 08:42:37 : ClashGameBot was Resumed.
2015-08-17 08:42:39 :  60> [G]: 340460 [E]: 174303 [D]:  392 [T]:12 [TH]: 9, In
2015-08-17 08:42:45 :  61> [G]:  47909 [E]: 149173 [D]: 1278 [T]:24 [TH]:10, In
2015-08-17 08:42:50 :  62> [G]:  57340 [E]:  15003 [D]: 1585 [T]:24 [TH]: 9, In
2015-08-17 08:42:54 :  63> [G]:  66705 [E]:  74138 [D]:  859 [T]:20 [TH]: 9, In
2015-08-17 08:42:58 :  64> [G]: 118959 [E]:  75933 [D]:  296 [T]:22 [TH]: 9, In
2015-08-17 08:43:01 :  65> [G]:  40437 [E]:  70524 [D]:  497 [T]:14 [TH]: 9, In
2015-08-17 08:43:05 : ClashGameBot was Paused!
2015-08-17 08:43:11 : ClashGameBot was Resumed.
2015-08-17 08:43:13 :  66> [G]:  11318 [E]: 103851 [D]:  206 [T]: 2 [TH]: 8, In
2015-08-17 08:43:17 :  67> [G]:  68731 [E]: 184716 [D]:  343 [T]:12 [TH]: 9, In
2015-08-17 08:43:21 :  68> [G]:  20254 [E]:  28290 [D]:  353 [T]:12 [TH]: 9, In
2015-08-17 08:43:25 :  69> [G]:  67105 [E]:  17828 [D]:  114 [T]:28 [TH]: 9, In
2015-08-17 08:43:29 :  70> [G]:   9194 [E]:  48846 [D]: 1309 [T]:20 [TH]: 9, In
2015-08-17 08:43:32 : ClashGameBot was Paused!
