2015-08-18 10:38:56 :  Clash Game Bot v4.1.1-6 merge Powered by GameBot.org 
2015-08-18 10:38:56 : GameBot.org.exe Executable running on WIN_7 Service Pack 1 X64
2015-08-18 10:38:56 : =================== Bot Start ====================
2015-08-18 10:38:56 : -------------------------  Current Profile: 01 --------------------------
2015-08-18 10:38:56 : Trying to locate Main Screen
2015-08-18 10:38:57 : Waiting for Main Screen
2015-08-18 10:39:00 : Main Screen Located
2015-08-18 10:39:01 : Detecting your Buildings..
2015-08-18 10:39:09 : Language setting is English: Correct.
2015-08-18 10:39:10 : Trying to locate Main Screen
2015-08-18 10:39:10 : Main Screen Located
2015-08-18 10:39:12 : Village Report
2015-08-18 10:39:12 : No. of Free/Total Builders: 0/4
2015-08-18 10:39:12 :  [T]: 2 531
2015-08-18 10:39:12 :  [G]: 6 432 968 [E]: 5 319 102 [D]: 12 282 [GEM]: 17
2015-08-18 10:39:12 : Collecting Resources
2015-08-18 10:39:23 : Chat Request: any
2015-08-18 10:39:23 : Custom Donation Keyword found: any
2015-08-18 10:39:26 : No Giants available to donate..
2015-08-18 10:39:30 : No Minions available to donate..
2015-08-18 10:39:31 : Donating 6 Archers
2015-08-18 10:39:33 : Chat Request: witch pls
2015-08-18 10:39:33 : Witches Keyword found: witch
2015-08-18 10:39:36 : No Witches available to donate..
2015-08-18 10:39:39 : Checking Army Camp...
2015-08-18 10:39:40 : Total Army Camp capacity: 177/220
2015-08-18 10:39:43 :  - No. of Barbarians: 75
2015-08-18 10:39:43 :  - No. of Archers: 102
2015-08-18 10:39:43 : Barracks and Spell factory status: 
2015-08-18 10:39:44 : - Barracks detected: 4 | Available: 4 | Upgrading: 0
2015-08-18 10:39:44 : - Dark Barracks detected: 2 | Available: 2 | Upgrading: 0
2015-08-18 10:39:44 : - Spell factory detected: 1 | Available: 1 | Upgrading: 0
2015-08-18 10:39:44 : - Dark Spell factory detected: 1 | Available: 1 | Upgrading: 0
2015-08-18 10:39:44 : Training Troops...
2015-08-18 10:39:58 : Spell Factory Full
2015-08-18 10:40:00 : 0
2015-08-18 10:40:02 : Requesting Clan Castle Troops
2015-08-18 10:40:08 : ====== Waiting for full army ======
2015-08-18 10:40:20 : Checking Army Camp...
2015-08-18 10:40:21 : Total Army Camp capacity: 182/220
2015-08-18 10:40:23 :  - No. of Barbarians: 76
2015-08-18 10:40:23 :  - No. of Archers: 106
2015-08-18 10:40:23 : Training Troops...
2015-08-18 10:40:32 : Spell Factory Full
2015-08-18 10:40:34 : Time Idle: 00:00:26
2015-08-18 10:40:34 : ====== Waiting for full army ======
2015-08-18 10:40:46 : Checking Army Camp...
2015-08-18 10:40:48 : Total Army Camp capacity: 186/220
2015-08-18 10:40:49 :  - No. of Barbarians: 76
2015-08-18 10:40:49 :  - No. of Archers: 110
2015-08-18 10:40:50 : Training Troops...
2015-08-18 10:40:59 : Spell Factory Full
2015-08-18 10:41:01 : Time Idle: 00:00:52
2015-08-18 10:41:01 : ====== Waiting for full army ======
2015-08-18 10:41:13 : Checking Army Camp...
2015-08-18 10:41:15 : Total Army Camp capacity: 190/220
2015-08-18 10:41:16 :  - No. of Barbarians: 80
2015-08-18 10:41:16 :  - No. of Archers: 110
2015-08-18 10:41:17 : Training Troops...
2015-08-18 10:41:26 : Spell Factory Full
2015-08-18 10:41:28 : Time Idle: 00:01:19
2015-08-18 10:41:28 : ====== Waiting for full army ======
2015-08-18 10:41:40 : Checking Army Camp...
2015-08-18 10:41:42 : Total Army Camp capacity: 196/220
2015-08-18 10:41:43 :  - No. of Barbarians: 87
2015-08-18 10:41:43 :  - No. of Archers: 110
2015-08-18 10:41:44 : Training Troops...
2015-08-18 10:41:53 : Spell Factory Full
2015-08-18 10:41:55 : Time Idle: 00:01:46
2015-08-18 10:41:55 : ====== Waiting for full army ======
2015-08-18 10:42:07 : Checking Army Camp...
2015-08-18 10:42:09 : Total Army Camp capacity: 202/220
2015-08-18 10:42:10 :  - No. of Barbarians: 92
2015-08-18 10:42:11 :  - No. of Archers: 110
2015-08-18 10:42:11 : Training Troops...
2015-08-18 10:42:21 : Spell Factory Full
2015-08-18 10:42:23 : Time Idle: 00:02:14
2015-08-18 10:42:23 : ====== Waiting for full army ======
2015-08-18 10:42:35 : Checking Army Camp...
2015-08-18 10:42:37 : Total Army Camp capacity: 207/220
2015-08-18 10:42:38 :  - No. of Barbarians: 97
2015-08-18 10:42:38 :  - No. of Archers: 110
2015-08-18 10:42:39 : Training Troops...
2015-08-18 10:42:48 : Spell Factory Full
2015-08-18 10:42:50 : Time Idle: 00:02:41
2015-08-18 10:42:51 : ====== Waiting for full army ======
2015-08-18 10:42:52 : Chat Request: any
2015-08-18 10:42:52 : Custom Donation Keyword found: any
2015-08-18 10:42:55 : No Giants available to donate..
2015-08-18 10:42:59 : No Minions available to donate..
2015-08-18 10:42:59 : Donating 6 Archers
2015-08-18 10:43:02 : Chat Request: witch pls
2015-08-18 10:43:02 : Witches Keyword found: witch
2015-08-18 10:43:05 : No Witches available to donate..
2015-08-18 10:43:18 : Checking Army Camp...
2015-08-18 10:43:20 : Total Army Camp capacity: 214/220
2015-08-18 10:43:21 :  - No. of Barbarians: 106
2015-08-18 10:43:21 :  - No. of Archers: 108
2015-08-18 10:43:22 : Training Troops...
2015-08-18 10:43:34 : Checking Army Camp...
2015-08-18 10:43:36 : Total Army Camp capacity: 216/220
2015-08-18 10:43:37 :  - No. of Barbarians: 108
2015-08-18 10:43:37 :  - No. of Archers: 108
2015-08-18 10:43:38 : Training Troops...
2015-08-18 10:43:53 : Spell Factory Full
2015-08-18 10:43:55 : Time Idle: 00:03:45
2015-08-18 10:43:55 : ====== Waiting for full army ======
2015-08-18 10:43:57 : Chat Request: witch pls
2015-08-18 10:43:57 : Witches Keyword found: witch
2015-08-18 10:44:01 : No Witches available to donate..
2015-08-18 10:44:13 : Checking Army Camp...
2015-08-18 10:44:15 : Total Army Camp capacity: 220/220
2015-08-18 10:44:16 :  - No. of Barbarians: 108
2015-08-18 10:44:17 :  - No. of Archers: 112
2015-08-18 10:44:17 : Training Troops...
2015-08-18 10:44:18 : Your Army Camps are now Full
2015-08-18 10:44:43 : Spell Factory not found...
2015-08-18 10:44:45 : Going to Attack...
2015-08-18 10:44:51 : ============== Searching For Dead Base ===============
2015-08-18 10:44:51 : ~~~~~~~~~~~~~~~ SEARCH CONDITIONS ~~~~~~~~~~~~~~~~
2015-08-18 10:44:51 : Meet: Gold and Elixir, Max TH 8
2015-08-18 10:44:51 : Meet One and Attack!
2015-08-18 10:44:51 : ~~~~~~~~~~~~~~ RESOURCE CONDITIONS ~~~~~~~~~~~~~~~
2015-08-18 10:44:51 : Aim: [G]: 999999 [E]: 999999 [D]:    0 [T]: 0 [TH]: 8 for: Dead Base
2015-08-18 10:44:51 : ============== Searching For Live Base ===============
2015-08-18 10:44:51 : ~~~~~~~~~~~~~~~ SEARCH CONDITIONS ~~~~~~~~~~~~~~~~
2015-08-18 10:44:51 : Meet: Gold and Elixir, Max TH 8
2015-08-18 10:44:51 : Meet One and Attack!
2015-08-18 10:44:51 : ~~~~~~~~~~~~~~ RESOURCE CONDITIONS ~~~~~~~~~~~~~~~
2015-08-18 10:44:51 : Aim: [G]: 999999 [E]: 999999 [D]:    0 [T]: 0 [TH]: 8 for: Live Base
2015-08-18 10:44:51 : ~~~~~~~~~~~~~~~ ADVANCED SETTINGS ~~~~~~~~~~~~~~~~
2015-08-18 10:44:51 : THSnipe Combo, 6 Tile(s), AttackTH, Attack6:PB6
2015-08-18 10:44:51 : ==================================================
2015-08-18 10:44:53 : Checking Trapped TH
2015-08-18 10:44:55 :   1> [G]:  53517 [E]:  51713 [D]: 1663 [T]:33 [TH]: 9, Out
2015-08-18 10:44:55 : No major traps found near TH.
2015-08-18 10:44:55 : ~~~~~~~~~~~~~~~ TH Outside Found! ~~~~~~~~~~~~~~~~
2015-08-18 10:44:55 : ================ Search Complete =================
2015-08-18 10:44:55 : Initiating attack for: TH Snipe
2015-08-18 10:44:58 : -Barbarians 108
2015-08-18 10:44:58 : -Archers 112
2015-08-18 10:44:58 : -Clan Castle 
2015-08-18 10:44:58 : -King 
2015-08-18 10:44:58 : -Heal Spells 3
2015-08-18 10:44:58 : -Poison Spells 3
2015-08-18 10:44:58 :  ====== Start Attack ====== 
2015-08-18 10:45:00 : Free meal
2015-08-18 10:45:00 : Dropping first wave of 5 Archers
2015-08-18 10:45:01 : Deployment of Archers Successful!
2015-08-18 10:45:02 : Dropping second wave of 10 Archers
2015-08-18 10:45:05 : Deployment of Archers Successful!
2015-08-18 10:45:31 : Fool me once shame on you, fool me twice shame on me
2015-08-18 10:45:31 : Dropping first wave of 5 Barbarians
2015-08-18 10:45:33 : Deployment of Barbarians Successful!
2015-08-18 10:45:34 : Dropping second wave of 10 Barbarians
2015-08-18 10:45:36 : Deployment of Barbarians Successful!
2015-08-18 10:45:36 : No  troop Found!!!
2015-08-18 10:45:36 : Dropping only wave of 15 Archers
2015-08-18 10:45:39 : Deployment of Archers Successful!
2015-08-18 10:45:40 : No  troop Found!!!
2015-08-18 10:46:05 : Now I am really angry!
2015-08-18 10:46:05 : No  troop Found!!!
2015-08-18 10:46:05 : No  troop Found!!!
2015-08-18 10:46:05 : Dropping second wave of 10 Barbarians
2015-08-18 10:46:08 : Deployment of Barbarians Successful!
2015-08-18 10:46:08 : No  troop Found!!!
2015-08-18 10:46:08 : No  troop Found!!!
2015-08-18 10:46:08 : No  troop Found!!!
2015-08-18 10:46:08 : Dropping only wave of 10 Archers
2015-08-18 10:46:11 : Deployment of Archers Successful!
2015-08-18 10:46:11 : No  troop Found!!!
2015-08-18 10:46:37 : ALL IN!!!
2015-08-18 10:46:37 : No  troop Found!!!
2015-08-18 10:46:37 : No  troop Found!!!
2015-08-18 10:46:37 : No  troop Found!!!
2015-08-18 10:46:37 : No  troop Found!!!
2015-08-18 10:46:37 : No  troop Found!!!
2015-08-18 10:46:37 : No  troop Found!!!
