2015-08-17 17:29:51 :  Clash Game Bot v4.1.1-6 merge Powered by GameBot.org 
2015-08-17 17:29:51 : GameBot.org.exe Executable running on WIN_7 Service Pack 1 X64
2015-08-17 17:29:51 : =================== Bot Start ====================
2015-08-17 17:29:51 : -------------------------  Current Profile: 01 --------------------------
2015-08-17 17:29:51 : Trying to locate Main Screen
2015-08-17 17:29:51 : Main Screen Located
2015-08-17 17:29:52 : Detecting your Buildings..
2015-08-17 17:30:00 : Language setting is English: Correct.
2015-08-17 17:30:01 : Trying to locate Main Screen
2015-08-17 17:30:01 : Main Screen Located
2015-08-17 17:30:02 : Village Report
2015-08-17 17:30:03 : No. of Free/Total Builders: 0/4
2015-08-17 17:30:03 :  [T]: 2 662
2015-08-17 17:30:03 :  [G]: 2 750 036 [E]: 2 977 724 [D]: 30 981 [GEM]: 57
2015-08-17 17:30:03 : Collecting Resources
2015-08-17 17:30:15 : ClashGameBot was Paused!
2015-08-17 17:30:18 : ClashGameBot was Resumed.
2015-08-17 17:30:20 : Chat Request: hog giant pls
2015-08-17 17:30:20 : Giants Keyword found: giant
2015-08-17 17:30:20 : Donating Giants
2015-08-17 17:30:22 : Chat Request: witch po sana
2015-08-17 17:30:22 : Witches Keyword found: witch
2015-08-17 17:30:26 : Unable to donate Witches. Donate screen not visible, will retry next run.
2015-08-17 17:30:27 : Checking Army Camp...
2015-08-17 17:30:29 : ClashGameBot was Paused!
2015-08-17 17:42:33 : ClashGameBot was Resumed.
2015-08-17 17:42:34 : Total Army Camp capacity: 153/220
2015-08-17 17:42:36 : Barracks and Spell factory status: 
2015-08-17 17:42:36 : - Barracks detected: 1 | Available: 1 | Upgrading: 0
2015-08-17 17:42:36 : - Dark Barracks detected: 0 | Available: 0 | Upgrading: 0
2015-08-17 17:42:36 : - Spell factory detected: 0 | Available: 0 | Upgrading: 0
2015-08-17 17:42:36 : - Dark Spell factory detected: 0 | Available: 0 | Upgrading: 0
2015-08-17 17:42:37 : Training Troops...
2015-08-17 17:42:49 : Spell Factory not found...
2015-08-17 17:42:51 : 0
2015-08-17 17:42:53 : Requesting Clan Castle Troops
2015-08-17 17:42:59 : ====== Waiting for full army ======
2015-08-17 17:43:00 : Chat Request: any
2015-08-17 17:43:00 : Custom Donation Keyword found: any
2015-08-17 17:43:03 : No Giants available to donate..
2015-08-17 17:43:07 : No Wizards available to donate..
2015-08-17 17:43:10 : No Archers available to donate..
2015-08-17 17:43:12 : Chat Request: witch po sana
2015-08-17 17:43:12 : Witches Keyword found: witch
2015-08-17 17:43:15 : Unable to donate Witches. Donate screen not visible, will retry next run.
2015-08-17 17:43:28 : Checking Army Camp...
2015-08-17 17:43:30 : Total Army Camp capacity: 169/220
2015-08-17 17:43:32 :  - No. of Giants: 21
2015-08-17 17:43:32 :  - No. of Wizards: 16
2015-08-17 17:43:33 : Training Troops...
2015-08-17 17:43:46 : Spell Factory Full
2015-08-17 17:43:48 : Time Idle: 00:00:49
2015-08-17 17:43:49 : ====== Waiting for full army ======
2015-08-17 17:44:00 : Checking Army Camp...
2015-08-17 17:44:02 : Total Army Camp capacity: 169/220
2015-08-17 17:44:03 :  - No. of Giants: 21
2015-08-17 17:44:04 :  - No. of Wizards: 16
2015-08-17 17:44:04 : Training Troops...
2015-08-17 17:44:15 : Spell Factory Full
2015-08-17 17:44:17 : Time Idle: 00:01:18
2015-08-17 17:44:18 : ====== Waiting for full army ======
2015-08-17 17:44:29 : Checking Army Camp...
2015-08-17 17:44:31 : Total Army Camp capacity: 169/220
2015-08-17 17:44:33 :  - No. of Giants: 21
2015-08-17 17:44:33 :  - No. of Wizards: 16
2015-08-17 17:44:33 : Training Troops...
2015-08-17 17:44:45 : Spell Factory Full
2015-08-17 17:44:47 : Time Idle: 00:01:47
2015-08-17 17:44:47 : ====== Waiting for full army ======
2015-08-17 17:44:59 : Checking Army Camp...
2015-08-17 17:45:01 : Total Army Camp capacity: 174/220
2015-08-17 17:45:02 :  - No. of Giants: 22
2015-08-17 17:45:02 :  - No. of Wizards: 16
2015-08-17 17:45:03 : Training Troops...
2015-08-17 17:45:15 : Spell Factory Full
2015-08-17 17:45:17 : Time Idle: 00:02:17
2015-08-17 17:45:17 : ====== Waiting for full army ======
2015-08-17 17:45:29 : Checking Army Camp...
2015-08-17 17:45:31 : Total Army Camp capacity: 174/220
2015-08-17 17:45:32 :  - No. of Giants: 22
2015-08-17 17:45:32 :  - No. of Wizards: 16
2015-08-17 17:45:33 : Training Troops...
2015-08-17 17:45:44 : Spell Factory Full
2015-08-17 17:45:46 : Time Idle: 00:02:46
2015-08-17 17:45:47 : ====== Waiting for full army ======
2015-08-17 17:45:58 : Checking Army Camp...
2015-08-17 17:46:00 : Total Army Camp capacity: 189/220
2015-08-17 17:46:01 :  - No. of Giants: 25
2015-08-17 17:46:02 :  - No. of Wizards: 16
2015-08-17 17:46:02 : Training Troops...
2015-08-17 17:46:14 : Spell Factory Full
2015-08-17 17:46:16 : Time Idle: 00:03:16
2015-08-17 17:46:16 : ====== Waiting for full army ======
2015-08-17 17:46:28 : Checking Army Camp...
2015-08-17 17:46:30 : Total Army Camp capacity: 189/220
2015-08-17 17:46:31 :  - No. of Giants: 25
2015-08-17 17:46:31 :  - No. of Wizards: 16
2015-08-17 17:46:32 : Training Troops...
2015-08-17 17:46:44 : Spell Factory Full
2015-08-17 17:46:46 : Time Idle: 00:03:45
2015-08-17 17:46:46 : ====== Waiting for full army ======
2015-08-17 17:46:58 : Checking Army Camp...
2015-08-17 17:47:00 : Total Army Camp capacity: 194/220
2015-08-17 17:47:01 :  - No. of Giants: 26
2015-08-17 17:47:01 :  - No. of Wizards: 16
2015-08-17 17:47:02 : Training Troops...
2015-08-17 17:47:14 : Spell Factory Full
2015-08-17 17:47:16 : Time Idle: 00:04:15
2015-08-17 17:47:16 : ====== Waiting for full army ======
2015-08-17 17:47:28 : Checking Army Camp...
2015-08-17 17:47:30 : Total Army Camp capacity: 194/220
2015-08-17 17:47:31 :  - No. of Giants: 26
2015-08-17 17:47:31 :  - No. of Wizards: 16
2015-08-17 17:47:32 : Training Troops...
2015-08-17 17:47:43 : Spell Factory Full
2015-08-17 17:47:45 : Time Idle: 00:04:44
2015-08-17 17:47:45 : ====== Waiting for full army ======
2015-08-17 17:47:57 : Checking Army Camp...
2015-08-17 17:47:59 : Total Army Camp capacity: 209/220
2015-08-17 17:48:00 :  - No. of Giants: 29
2015-08-17 17:48:01 :  - No. of Wizards: 16
2015-08-17 17:48:01 : Training Troops...
2015-08-17 17:48:13 : Spell Factory Full
2015-08-17 17:48:15 : Time Idle: 00:05:13
2015-08-17 17:48:15 : ====== Waiting for full army ======
2015-08-17 17:48:27 : Checking Army Camp...
2015-08-17 17:48:29 : Total Army Camp capacity: 209/220
2015-08-17 17:48:30 :  - No. of Giants: 29
2015-08-17 17:48:30 :  - No. of Wizards: 16
2015-08-17 17:48:31 : Training Troops...
2015-08-17 17:48:42 : Spell Factory Full
2015-08-17 17:48:44 : Time Idle: 00:05:43
2015-08-17 17:48:45 : ====== Waiting for full army ======
2015-08-17 17:48:56 : Collecting Resources
2015-08-17 17:49:05 : Checking Army Camp...
2015-08-17 17:49:07 : Total Army Camp capacity: 214/220
2015-08-17 17:49:08 :  - No. of Giants: 30
2015-08-17 17:49:08 :  - No. of Wizards: 16
2015-08-17 17:49:09 : Training Troops...
2015-08-17 17:49:21 : Spell Factory Full
2015-08-17 17:49:23 : Time Idle: 00:06:21
2015-08-17 17:49:23 : ====== Waiting for full army ======
2015-08-17 17:49:34 : Chat Request: hog,arch wiz
2015-08-17 17:49:34 : Archers Keyword found: arc
2015-08-17 17:49:37 : No Archers available to donate..
2015-08-17 17:49:37 : Wizards Keyword found: wiz
2015-08-17 17:49:38 : Donating Wizards
2015-08-17 17:49:40 : Chat Request: witch po sana
2015-08-17 17:49:40 : Witches Keyword found: witch
2015-08-17 17:49:43 : No Witches available to donate..
2015-08-17 17:49:46 : Checking Army Camp...
2015-08-17 17:49:48 : Total Army Camp capacity: 217/220
2015-08-17 17:49:49 :  - No. of Giants: 33
2015-08-17 17:49:50 :  - No. of Wizards: 13
2015-08-17 17:49:50 : Training Troops...
2015-08-17 17:50:02 : Spell Factory Full
2015-08-17 17:50:04 : Time Idle: 00:07:02
2015-08-17 17:50:04 : ====== Waiting for full army ======
2015-08-17 17:50:16 : Checking Army Camp...
2015-08-17 17:50:18 : Total Army Camp capacity: 217/220
2015-08-17 17:50:19 :  - No. of Giants: 33
2015-08-17 17:50:19 :  - No. of Wizards: 13
2015-08-17 17:50:20 : Training Troops...
2015-08-17 17:50:31 : Spell Factory Full
2015-08-17 17:50:33 : Time Idle: 00:07:31
2015-08-17 17:50:34 : ====== Waiting for full army ======
2015-08-17 17:50:45 : Checking Army Camp...
2015-08-17 17:50:47 : Total Army Camp capacity: 217/220
2015-08-17 17:50:48 :  - No. of Giants: 33
2015-08-17 17:50:48 :  - No. of Wizards: 13
2015-08-17 17:50:49 : Training Troops...
2015-08-17 17:51:02 : Spell Factory Full
2015-08-17 17:51:04 : Time Idle: 00:08:02
2015-08-17 17:51:05 : ====== Waiting for full army ======
2015-08-17 17:51:16 : Checking Army Camp...
2015-08-17 17:51:18 : Total Army Camp capacity: 217/220
2015-08-17 17:51:19 :  - No. of Giants: 33
2015-08-17 17:51:20 :  - No. of Wizards: 13
2015-08-17 17:51:20 : Training Troops...
2015-08-17 17:51:32 : Spell Factory Full
2015-08-17 17:51:34 : Time Idle: 00:08:31
2015-08-17 17:51:34 : ====== Waiting for full army ======
2015-08-17 17:51:46 : Checking Army Camp...
2015-08-17 17:51:48 : Total Army Camp capacity: 219/220
2015-08-17 17:51:49 :  - No. of Archers: 2
2015-08-17 17:51:49 :  - No. of Giants: 33
2015-08-17 17:51:49 :  - No. of Wizards: 13
2015-08-17 17:51:50 : Training Troops...
2015-08-17 17:51:51 : Your Army Camps are now Full
2015-08-17 17:51:51 : Too many Arch, train last.
2015-08-17 17:52:16 : Spell Factory not found...
2015-08-17 17:52:18 : Going to Attack...
2015-08-17 17:52:24 : ============== Searching For Dead Base ===============
2015-08-17 17:52:24 : ~~~~~~~~~~~~~~~ SEARCH CONDITIONS ~~~~~~~~~~~~~~~~
2015-08-17 17:52:24 : Meet: Gold or Elixir, Max TH 8
2015-08-17 17:52:24 : ~~~~~~~~~~~~~~ RESOURCE CONDITIONS ~~~~~~~~~~~~~~~
2015-08-17 17:52:24 : Aim: [G]:      0 [E]:      0 [D]:    0 [T]: 0 [TH]: 8 for: Dead Base
2015-08-17 17:52:24 : ~~~~~~~~~~~~~~~ ADVANCED SETTINGS ~~~~~~~~~~~~~~~~
2015-08-17 17:52:24 : THSnipe Combo, 5 Tile(s), , Attack6:PB6
2015-08-17 17:52:24 : ==================================================
2015-08-17 17:52:26 :   1> [G]:  32161 [E]:  95172 [D]:  899 [T]:22 [TH]: 9, In
2015-08-17 17:52:31 :   2> [G]: 127891 [E]:  51212 [D]:  352 [T]:17 [TH]:10, In
2015-08-17 17:52:37 :   3> [G]: 399910 [E]: 219341 [D]:  207 [T]:19 [TH]:10, In
2015-08-17 17:52:43 :   4> [G]:  58341 [E]:  43613 [D]:  367 [T]:17 [TH]:10, In
2015-08-17 17:52:48 :   5> [G]: 126600 [E]:  46068 [D]:  420 [T]:21 [TH]:10, In
2015-08-17 17:52:53 :   6> [G]:   6747 [E]: 236655 [D]:  572 [T]:12 [TH]: 9, In
2015-08-17 17:52:57 :   7> [G]:  48249 [E]: 295674 [D]:  446 [T]:16 [TH]:10, In
2015-08-17 17:53:01 :   8> [G]: 212587 [E]:  46621 [D]:  303 [T]:19 [TH]: 9, In
2015-08-17 17:53:05 :   9> [G]:  22185 [E]:  87140 [D]:   27 [T]:17 [TH]: 9, In
2015-08-17 17:53:12 :  10> [G]:  31712 [E]:  84344 [D]:   88 [T]:13 [TH]:10, In
2015-08-17 17:53:19 :  11> [G]:  73687 [E]:  38383 [D]:  985 [T]:30 [TH]:10, In
2015-08-17 17:53:23 :  12> [G]: 149882 [E]: 140082 [D]:  901 [T]:21 [TH]:10, In
2015-08-17 17:53:27 :  13> [G]:  72456 [E]:  37564 [D]:  656 [T]:21 [TH]: 9, In
2015-08-17 17:53:33 :  14> [G]:  63143 [E]:  27889 [D]: 1339 [T]:19 [TH]: 9, In
2015-08-17 17:53:38 :  15> [G]:  43627 [E]:  54294 [D]: 2175 [T]:25 [TH]:10, In
2015-08-17 17:53:44 :  16> [G]: 113224 [E]:  24086 [D]:  852 [T]:15 [TH]: 9, In
2015-08-17 17:53:48 :  17> [G]:  37268 [E]:  89287 [D]: 1278 [T]:25 [TH]: 9, In
2015-08-17 17:53:54 :  18> [G]: 125283 [E]:  21295 [D]:  830 [T]:25 [TH]: 9, In
2015-08-17 17:54:01 :  19> [G]: 117960 [E]:  59127 [D]:  640 [T]:33 [TH]:10, In
2015-08-17 17:54:05 :  20> [G]:  86936 [E]: 122457 [D]:  799 [T]:34 [TH]:10, In
2015-08-17 17:54:09 :  21> [G]:  28235 [E]:  72379 [D]:  307 [T]:25 [TH]: 9, In
2015-08-17 17:54:13 :  22> [G]: 160338 [E]:  75125 [D]:   81 [T]:29 [TH]:10, In
2015-08-17 17:54:20 :  23> [G]:  17655 [E]: 106379 [D]: 1330 [T]:26 [TH]:10, In
2015-08-17 17:54:25 :  24> [G]:  55584 [E]:  73024 [D]:  810 [T]:34 [TH]:10, In
2015-08-17 17:54:31 :  25> [G]: 123342 [E]: 160953 [D]: 1154 [T]:11 [TH]: 9, In
2015-08-17 17:54:38 :  26> [G]:  47800 [E]: 128046 [D]: 1257 [T]:17 [TH]:10, In
2015-08-17 17:54:42 :  27> [G]:  92312 [E]: 101073 [D]:  762 [T]:16 [TH]: 9, In
2015-08-17 17:54:46 :  28> [G]: 104145 [E]:  33312 [D]:  131 [T]:33 [TH]: 9, In
2015-08-17 17:54:53 :  29> [G]:  75625 [E]: 183022 [D]: 2466 [T]:33 [TH]:10, In
2015-08-17 17:54:59 :  30> [G]: 140341 [E]: 170737 [D]: 1330 [T]: 9 [TH]: 9, In
2015-08-17 17:55:05 :  31> [G]:  40774 [E]: 188586 [D]:  971 [T]:27 [TH]:10, In
2015-08-17 17:55:09 :  32> [G]:  67215 [E]:  63928 [D]:  634 [T]:23 [TH]: 9, In
2015-08-17 17:55:16 :  33> [G]:  23456 [E]:  52651 [D]:  718 [T]:20 [TH]:10, In
2015-08-17 17:55:20 :  34> [G]:  71735 [E]:  74747 [D]:  930 [T]:15 [TH]: 9, In
2015-08-17 17:55:25 :  35> [G]: 102503 [E]:  92621 [D]: 1910 [T]:30 [TH]:10, In
2015-08-17 17:55:29 :  36> [G]:  41107 [E]:  35479 [D]:  389 [T]:19 [TH]: 9, In
2015-08-17 17:55:33 :  37> [G]: 165784 [E]:  67615 [D]: 2003 [T]:14 [TH]: 9, In
2015-08-17 17:55:37 :  38> [G]:  68529 [E]:  75202 [D]: 2024 [T]:14 [TH]:10, In
2015-08-17 17:55:44 :  39> [G]:  19253 [E]:  31312 [D]: 1301 [T]:33 [TH]:10, In
2015-08-17 17:55:48 :  40> [G]:  36878 [E]: 150970 [D]: 1133 [T]:20 [TH]: 9, In
2015-08-17 17:55:52 :  41> [G]: 183872 [E]: 107763 [D]: 1967 [T]:15 [TH]: 9, In
2015-08-17 17:55:56 :  42> [G]: 139083 [E]: 213701 [D]: 2404 [T]:18 [TH]: 9, In
2015-08-17 17:56:01 :  43> [G]: 152053 [E]: 143749 [D]: 1476 [T]:16 [TH]: 9, In
2015-08-17 17:56:04 :  44> [G]: 180917 [E]:  52862 [D]:  309 [T]:18 [TH]: 9, In
2015-08-17 17:56:09 :  45> [G]:  29992 [E]: 156990 [D]:  674 [T]:16 [TH]: 9, In
2015-08-17 17:56:15 :  46> [G]:  81162 [E]:  94102 [D]:  440 [T]:18 [TH]:10, In
2015-08-17 17:56:19 :  47> [G]: 150024 [E]: 167170 [D]:  528 [T]:25 [TH]: 9, In
2015-08-17 17:56:24 :  48> [G]:  10687 [E]:   6070 [D]:  443 [T]:28 [TH]:10, In
2015-08-17 17:56:30 :  49> [G]:  10013 [E]:  34564 [D]:  781 [T]:37 [TH]: 9, In
2015-08-17 17:56:34 :  50> [G]:  34574 [E]: 141737 [D]:  905 [T]:28 [TH]: 9, In
2015-08-17 17:56:39 :  51> [G]: 542923 [E]: 138025 [D]: 2412 [T]:13 [TH]:10, In
2015-08-17 17:56:44 :  52> [G]:  54257 [E]:  76803 [D]:  848 [T]:18 [TH]: 9, In
2015-08-17 17:56:48 :  53> [G]:  55481 [E]:  47675 [D]:  485 [T]:22 [TH]: 9, In
2015-08-17 17:56:54 :  54> [G]:  14394 [E]: 181009 [D]:  835 [T]:18 [TH]:10, In
2015-08-17 17:56:58 :  55> [G]: 231204 [E]:  79856 [D]: 1426 [T]:20 [TH]: 9, In
2015-08-17 17:57:04 :  56> [G]:  46188 [E]:  72138 [D]: 1665 [T]:15 [TH]:10, In
2015-08-17 17:57:08 :  57> [G]:  94192 [E]: 117548 [D]: 1593 [T]:36 [TH]: 9, In
2015-08-17 17:57:12 :  58> [G]:  25548 [E]:  73915 [D]:  631 [T]:15 [TH]: 9, In
2015-08-17 17:57:17 :  59> [G]: 250527 [E]: 196657 [D]: 2828 [T]:26 [TH]: 9, In
2015-08-17 17:57:22 :  60> [G]:  32113 [E]: 104686 [D]:  794 [T]: 4 [TH]: 8, In
2015-08-17 17:57:22 : ~~~~~~~~~~~~~~~~ Not a Dead Base ~~~~~~~~~~~~~~~~~
2015-08-17 17:57:26 :  61> [G]:  26941 [E]: 138836 [D]: 1022 [T]:21 [TH]: 9, In
2015-08-17 17:57:31 :  62> [G]:  44028 [E]:  47077 [D]:  688 [T]:20 [TH]: 9, In
2015-08-17 17:57:37 :  63> [G]:   6356 [E]:   4217 [D]: 1567 [T]:17 [TH]: 9, In
2015-08-17 17:57:41 :  64> [G]:  64373 [E]:  58889 [D]:  947 [T]:19 [TH]: 9, In
2015-08-17 17:57:47 :  65> [G]:  74119 [E]:  76852 [D]:  983 [T]: 2 [TH]: 8, In
2015-08-17 17:57:47 : ~~~~~~~~~~~~~~~~ Not a Dead Base ~~~~~~~~~~~~~~~~~
2015-08-17 17:57:52 :  66> [G]:  97983 [E]:  64636 [D]:  845 [T]:18 [TH]: 9, In
2015-08-17 17:57:56 :  67> [G]:  63076 [E]:  27149 [D]:  841 [T]:15 [TH]: 9, In
2015-08-17 17:58:00 :  68> [G]: 170388 [E]: 118246 [D]:  442 [T]:25 [TH]:10, In
2015-08-17 17:58:05 :  69> [G]:  25988 [E]: 213170 [D]: 1019 [T]: 6 [TH]: 8, In
2015-08-17 17:58:05 : ~~~~~~~~~~~~~~~~ Not a Dead Base ~~~~~~~~~~~~~~~~~
2015-08-17 17:58:09 :  70> [G]:  76004 [E]: 170615 [D]: 1474 [T]:14 [TH]: 9, In
2015-08-17 17:58:13 :  71> [G]:  85635 [E]: 117663 [D]:  624 [T]:11 [TH]: 9, In
2015-08-17 17:58:17 :  72> [G]:  83805 [E]:  39016 [D]:  461 [T]:11 [TH]: 9, In
2015-08-17 17:58:22 :  73> [G]:  47519 [E]:  37626 [D]:  192 [T]:11 [TH]: 9, In
2015-08-17 17:58:25 :  74> [G]:  23990 [E]:  77613 [D]:  851 [T]:19 [TH]: 9, In
2015-08-17 17:58:30 :  75> [G]:  29799 [E]:  44128 [D]:  668 [T]:12 [TH]: 9, In
2015-08-17 17:58:34 :  76> [G]:  64839 [E]: 121391 [D]: 1118 [T]:16 [TH]: 9, In
2015-08-17 17:58:38 :  77> [G]:  19835 [E]: 103335 [D]:  890 [T]:26 [TH]: 9, In
2015-08-17 17:58:44 :  78> [G]:  70469 [E]: 110345 [D]:  746 [T]:19 [TH]: 9, In
2015-08-17 17:58:48 :  79> [G]:  79463 [E]: 169151 [D]:   62 [T]:17 [TH]: 9, In
2015-08-17 17:58:53 :  80> [G]:  66250 [E]: 152178 [D]:  176 [T]:13 [TH]: 9, In
2015-08-17 17:58:58 :  81> [G]:  29412 [E]: 193212 [D]:  923 [T]:15 [TH]: 9, In
2015-08-17 17:59:02 :  82> [G]:  56240 [E]: 135774 [D]:   20 [T]:22 [TH]:10, In
2015-08-17 17:59:06 :  83> [G]:  56839 [E]: 109673 [D]:  528 [T]:29 [TH]: 9, In
2015-08-17 17:59:11 :  84> [G]:  98014 [E]:  95539 [D]:  345 [T]:20 [TH]: 9, In
2015-08-17 17:59:15 :  85> [G]: 154751 [E]: 202413 [D]: 1945 [T]:23 [TH]: 9, In
2015-08-17 17:59:19 :  86> [G]:  42620 [E]:  25551 [D]:  286 [T]: 3 [TH]: 8, In
2015-08-17 17:59:19 : ~~~~~~~~~~~~~~~~ Not a Dead Base ~~~~~~~~~~~~~~~~~
2015-08-17 17:59:23 :  87> [G]:  84547 [E]: 104297 [D]:  616 [T]:23 [TH]: 9, In
2015-08-17 17:59:27 :  88> [G]: 170698 [E]:  43889 [D]: 1496 [T]:21 [TH]: 9, In
2015-08-17 17:59:31 :  89> [G]:  55004 [E]: 236326 [D]: 2897 [T]:26 [TH]:10, In
2015-08-17 17:59:35 :  90> [G]:  69247 [E]:  52659 [D]: 1322 [T]:10 [TH]: 9, In
2015-08-17 17:59:40 :  91> [G]:  66199 [E]:  67864 [D]: 1328 [T]:19 [TH]: 9, In
2015-08-17 17:59:44 :  92> [G]:  77616 [E]:  18142 [D]:  459 [T]:31 [TH]: 9, In
2015-08-17 17:59:48 :  93> [G]:  47209 [E]: 235339 [D]:  865 [T]:30 [TH]:10, In
2015-08-17 17:59:52 :  94> [G]: 100927 [E]:  37930 [D]:  986 [T]:34 [TH]: 9, In
2015-08-17 17:59:57 :  95> [G]:  20925 [E]:  68590 [D]:  881 [T]:21 [TH]:10, In
2015-08-17 18:00:02 :  96> [G]: 136202 [E]:   7636 [D]: 1731 [T]: 8 [TH]: 9, In
2015-08-17 18:00:06 :  97> [G]:  70511 [E]:  72304 [D]:  668 [T]:19 [TH]: 9, In
2015-08-17 18:00:11 :  98> [G]: 129618 [E]: 175620 [D]:  931 [T]:13 [TH]:10, In
2015-08-17 18:00:15 :  99> [G]:  78408 [E]:  75152 [D]:   64 [T]: 6 [TH]: 8, In
2015-08-17 18:00:15 : ~~~~~~~~~~~~~~~~ Not a Dead Base ~~~~~~~~~~~~~~~~~
2015-08-17 18:00:19 : 100> [G]: 106760 [E]:  80795 [D]:  681 [T]:16 [TH]: 9, In
2015-08-17 18:00:24 : 101> [G]:  27654 [E]:  32638 [D]:   72 [T]: 2 [TH]: 8, In
2015-08-17 18:00:24 : ~~~~~~~~~~~~~~~~ Not a Dead Base ~~~~~~~~~~~~~~~~~
2015-08-17 18:00:30 : 102> [G]:  58436 [E]:  96718 [D]: 1640 [T]:32 [TH]: -, -
2015-08-17 18:00:34 : 103> [G]:  64288 [E]: 112878 [D]:  188 [T]:28 [TH]: 9, In
2015-08-17 18:00:38 : 104> [G]:  76505 [E]:  39180 [D]: 1057 [T]:25 [TH]: 9, In
2015-08-17 18:00:45 : 105> [G]: 148551 [E]:  50263 [D]: 2444 [T]:30 [TH]:10, In
2015-08-17 18:00:50 : 106> [G]:   6797 [E]:  35859 [D]:  795 [T]:16 [TH]:10, In
2015-08-17 18:00:54 : 107> [G]: 135178 [E]: 163640 [D]:  104 [T]: 3 [TH]: 8, In
2015-08-17 18:00:54 : ~~~~~~~~~~~~~~~~ Not a Dead Base ~~~~~~~~~~~~~~~~~
2015-08-17 18:00:59 : 108> [G]:  48429 [E]:  85142 [D]:  159 [T]:29 [TH]: 9, In
2015-08-17 18:01:03 : 109> [G]:  63267 [E]:  11941 [D]:  655 [T]:12 [TH]: 9, In
2015-08-17 18:01:07 : 110> [G]: 114719 [E]:  72251 [D]:  519 [T]:27 [TH]: 9, In
2015-08-17 18:01:12 : 111> [G]: 113852 [E]:  55686 [D]: 1083 [T]:21 [TH]: 9, In
2015-08-17 18:01:17 : 112> [G]:  61695 [E]:  87700 [D]:  718 [T]:24 [TH]:10, In
2015-08-17 18:01:21 : 113> [G]: 143154 [E]: 151011 [D]: 1495 [T]:19 [TH]: 9, In
2015-08-17 18:01:25 : 114> [G]: 138349 [E]:  48812 [D]:  803 [T]:23 [TH]: 9, In
2015-08-17 18:01:29 : 115> [G]:  64699 [E]:  28778 [D]:  309 [T]: 1 [TH]: 8, In
2015-08-17 18:01:29 : ~~~~~~~~~~~~~~~~ Not a Dead Base ~~~~~~~~~~~~~~~~~
2015-08-17 18:01:34 : 116> [G]:  14055 [E]:   9609 [D]:   71 [T]:19 [TH]:10, In
2015-08-17 18:01:38 : 117> [G]:  81982 [E]: 145742 [D]:  816 [T]:16 [TH]: 9, In
2015-08-17 18:01:42 : 118> [G]:   4473 [E]:  11085 [D]:    6 [T]:23 [TH]: 9, In
2015-08-17 18:01:46 : 119> [G]: 119157 [E]:  33236 [D]: 1009 [T]:11 [TH]: 9, In
2015-08-17 18:01:50 : 120> [G]:  46133 [E]:  87924 [D]: 1192 [T]:13 [TH]: 9, In
2015-08-17 18:01:54 : 121> [G]:  15934 [E]:  81237 [D]:  666 [T]:14 [TH]: 9, In
2015-08-17 18:01:58 : 122> [G]:  29584 [E]:  34105 [D]:  886 [T]: 3 [TH]: 8, In
2015-08-17 18:01:58 : ~~~~~~~~~~~~~~~~ Not a Dead Base ~~~~~~~~~~~~~~~~~
2015-08-17 18:02:03 : 123> [G]:  42847 [E]:  68168 [D]:  106 [T]:10 [TH]: 9, In
2015-08-17 18:02:07 : 124> [G]:  40514 [E]: 169379 [D]: 1014 [T]:10 [TH]: 9, In
2015-08-17 18:02:12 : 125> [G]:  13706 [E]:  36608 [D]: 2561 [T]:20 [TH]:10, In
2015-08-17 18:02:15 : 126> [G]:  98637 [E]:  49500 [D]:  116 [T]: 1 [TH]: 8, In
2015-08-17 18:02:16 : ~~~~~~~~~~~~~~~~ Not a Dead Base ~~~~~~~~~~~~~~~~~
2015-08-17 18:02:22 : 127> [G]: 144942 [E]: 115399 [D]:   21 [T]:13 [TH]:10, In
2015-08-17 18:02:26 : 128> [G]:  67096 [E]:  42346 [D]:  201 [T]: 1 [TH]: 8, In
2015-08-17 18:02:26 : ~~~~~~~~~~~~~~~~ Not a Dead Base ~~~~~~~~~~~~~~~~~
2015-08-17 18:02:32 : 129> [G]:  40181 [E]: 160106 [D]:  431 [T]:18 [TH]:10, In
2015-08-17 18:02:36 : 130> [G]:  94262 [E]:  64464 [D]:  977 [T]:12 [TH]: 9, In
2015-08-17 18:02:40 : 131> [G]:  51120 [E]:  38627 [D]:  832 [T]:24 [TH]: 9, In
2015-08-17 18:02:45 : 132> [G]:  31576 [E]:  27044 [D]: 1751 [T]:27 [TH]:10, In
2015-08-17 18:02:49 : 133> [G]:  17358 [E]:  29763 [D]:  613 [T]:21 [TH]: 9, In
2015-08-17 18:02:53 : 134> [G]:  34023 [E]:   4904 [D]:  992 [T]:12 [TH]: 9, In
2015-08-17 18:02:57 : 135> [G]:  35003 [E]:  26223 [D]:  740 [T]:33 [TH]: 9, In
2015-08-17 18:03:01 : 136> [G]:  26326 [E]:  82198 [D]:  789 [T]:16 [TH]:10, In
2015-08-17 18:03:05 : 137> [G]: 142484 [E]:  55602 [D]:  975 [T]:24 [TH]: 9, In
2015-08-17 18:03:09 : 138> [G]: 107120 [E]:  37911 [D]:  288 [T]:14 [TH]: 9, In
2015-08-17 18:03:14 : 139> [G]: 324052 [E]: 255269 [D]: 1101 [T]:28 [TH]:10, In
2015-08-17 18:03:18 : 140> [G]:  82902 [E]:  61874 [D]:  626 [T]:21 [TH]: 9, In
2015-08-17 18:03:22 : 141> [G]:  19317 [E]: 127342 [D]:  747 [T]:18 [TH]: 9, In
2015-08-17 18:03:27 : 142> [G]: 187004 [E]: 129298 [D]:   68 [T]:18 [TH]:10, In
2015-08-17 18:03:31 : 143> [G]:  20017 [E]:  99381 [D]:   80 [T]: 3 [TH]: 8, In
2015-08-17 18:03:31 : ~~~~~~~~~~~~~~~~ Not a Dead Base ~~~~~~~~~~~~~~~~~
2015-08-17 18:03:35 : 144> [G]:  74299 [E]:  73197 [D]:  161 [T]: 1 [TH]: 8, In
2015-08-17 18:03:36 : ~~~~~~~~~~~~~~~~ Not a Dead Base ~~~~~~~~~~~~~~~~~
2015-08-17 18:03:40 : 145> [G]:  46363 [E]:  96689 [D]:  959 [T]:18 [TH]: 9, In
2015-08-17 18:03:43 : 146> [G]:  45506 [E]:  96240 [D]:  571 [T]: 2 [TH]: 8, In
2015-08-17 18:03:44 : ~~~~~~~~~~~~~~~~ Not a Dead Base ~~~~~~~~~~~~~~~~~
2015-08-17 18:03:47 : 147> [G]:  47469 [E]:  80764 [D]: 1707 [T]: 5 [TH]: 8, In
2015-08-17 18:03:47 : ~~~~~~~~~~~~~~~~ Not a Dead Base ~~~~~~~~~~~~~~~~~
2015-08-17 18:03:51 : 148> [G]:   9680 [E]:  82933 [D]:  308 [T]: 1 [TH]: 8, In
2015-08-17 18:03:51 : ~~~~~~~~~~~~~~~~ Not a Dead Base ~~~~~~~~~~~~~~~~~
2015-08-17 18:03:55 : 149> [G]:  61105 [E]:  41474 [D]:  754 [T]: 2 [TH]: 8, In
2015-08-17 18:03:55 : ~~~~~~~~~~~~~~~~ Not a Dead Base ~~~~~~~~~~~~~~~~~
2015-08-17 18:04:01 : 150> [G]:  81925 [E]: 172047 [D]:  703 [T]:23 [TH]: 9, In
2015-08-17 18:04:05 : 151> [G]:  24884 [E]:  62620 [D]:  580 [T]: 3 [TH]: 8, In
2015-08-17 18:04:05 : ~~~~~~~~~~~~~~~~ Not a Dead Base ~~~~~~~~~~~~~~~~~
2015-08-17 18:04:09 : 152> [G]:  40240 [E]:  48578 [D]:  588 [T]: 2 [TH]: 8, In
2015-08-17 18:04:09 : ~~~~~~~~~~~~~~~~ Not a Dead Base ~~~~~~~~~~~~~~~~~
2015-08-17 18:04:13 : 153> [G]:  23384 [E]:  62396 [D]:  589 [T]: 2 [TH]: 8, In
2015-08-17 18:04:14 : ~~~~~~~~~~~~~~~~ Not a Dead Base ~~~~~~~~~~~~~~~~~
2015-08-17 18:04:17 : 154> [G]:  53225 [E]:  50893 [D]:  386 [T]:10 [TH]: 9, In
2015-08-17 18:04:21 : 155> [G]:  56801 [E]:  47270 [D]:  129 [T]: 4 [TH]: 8, In
2015-08-17 18:04:21 : ~~~~~~~~~~~~~~~~ Not a Dead Base ~~~~~~~~~~~~~~~~~
2015-08-17 18:04:25 : 156> [G]:  59341 [E]:  15168 [D]:  959 [T]:19 [TH]: 9, In
2015-08-17 18:04:29 : 157> [G]:  90391 [E]: 134033 [D]: 1279 [T]:23 [TH]: 9, In
2015-08-17 18:04:35 : 158> [G]: 107934 [E]: 173084 [D]:  821 [T]:30 [TH]: 9, In
2015-08-17 18:04:39 : 159> [G]:  13189 [E]:   3258 [D]:   35 [T]: 2 [TH]: 8, In
2015-08-17 18:04:39 : ~~~~~~~~~~~~~~~~ Not a Dead Base ~~~~~~~~~~~~~~~~~
2015-08-17 18:04:39 : ClashGameBot was Paused!
2015-08-17 18:04:42 : ClashGameBot was Resumed.
2015-08-17 18:04:45 : 160> [G]:  37180 [E]:  74793 [D]:  811 [T]: 2 [TH]: 8, In
2015-08-17 18:04:45 : ~~~~~~~~~~~~~~~~ Not a Dead Base ~~~~~~~~~~~~~~~~~
2015-08-17 18:04:49 : 161> [G]:  11732 [E]:  66165 [D]:  128 [T]:17 [TH]: 9, In
2015-08-17 18:04:53 : 162> [G]:  22342 [E]:  64466 [D]:  153 [T]: 2 [TH]: 8, In
2015-08-17 18:04:54 : ~~~~~~~~~~~~~~~~ Not a Dead Base ~~~~~~~~~~~~~~~~~
2015-08-17 18:04:54 : ClashGameBot was Paused!
2015-08-17 18:04:56 : ClashGameBot was Resumed.
2015-08-17 18:04:59 : 163> [G]:  54052 [E]:  52708 [D]:  360 [T]:10 [TH]: 9, In
2015-08-17 18:05:04 : 164> [G]:  68565 [E]:   4347 [D]:  600 [T]:26 [TH]:10, In
2015-08-17 18:05:08 : 165> [G]:  11487 [E]: 137860 [D]:  513 [T]: 1 [TH]: 8, In
2015-08-17 18:05:08 : ~~~~~~~~~~~~~~~~ Not a Dead Base ~~~~~~~~~~~~~~~~~
2015-08-17 18:05:12 : 166> [G]:  23949 [E]: 111039 [D]:  833 [T]:26 [TH]: 9, In
2015-08-17 18:05:16 : 167> [G]:  55335 [E]:  47324 [D]: 1386 [T]:21 [TH]: 9, In
2015-08-17 18:05:22 : 168> [G]: 128231 [E]:  80340 [D]:  858 [T]: 2 [TH]: 8, In
2015-08-17 18:05:22 : ~~~~~~~~~~~~~~~~ Not a Dead Base ~~~~~~~~~~~~~~~~~
2015-08-17 18:05:26 : 169> [G]:  36770 [E]:  63990 [D]:  284 [T]:12 [TH]: 9, In
2015-08-17 18:05:31 : 170> [G]:  14361 [E]:  16462 [D]:  117 [T]: 4 [TH]: 8, In
2015-08-17 18:05:31 : ~~~~~~~~~~~~~~~~ Not a Dead Base ~~~~~~~~~~~~~~~~~
2015-08-17 18:05:36 : 171> [G]:  75327 [E]:  36595 [D]:  613 [T]:21 [TH]:10, In
2015-08-17 18:05:41 : 172> [G]:  26379 [E]:  69828 [D]:  706 [T]: 8 [TH]: 9, In
2015-08-17 18:05:44 : ClashGameBot was Paused!
2015-08-17 18:05:54 : ClashGameBot was Resumed.
2015-08-17 18:05:55 : 173> [G]:  24324 [E]:  50891 [D]:  181 [T]: 2 [TH]: 8, In
2015-08-17 18:05:55 : ~~~~~~~~~~~~~~~~ Not a Dead Base ~~~~~~~~~~~~~~~~~
2015-08-17 18:05:59 : 174> [G]:  37483 [E]:  93025 [D]:  615 [T]:23 [TH]:10, In
2015-08-17 18:06:04 : 175> [G]:  31749 [E]:  15160 [D]:  577 [T]:16 [TH]: 9, In
2015-08-17 18:06:07 : 176> [G]:  57574 [E]:  12520 [D]:  116 [T]: 2 [TH]: 8, In
2015-08-17 18:06:08 : ~~~~~~~~~~~~~~~~ Not a Dead Base ~~~~~~~~~~~~~~~~~
2015-08-17 18:06:11 : 177> [G]:  30360 [E]: 149905 [D]:  110 [T]: 8 [TH]: 9, In
2015-08-17 18:06:17 : 178> [G]: 102962 [E]: 163465 [D]:  435 [T]: 1 [TH]: 8, In
2015-08-17 18:06:17 : ~~~~~~~~~~~~~~~~ Not a Dead Base ~~~~~~~~~~~~~~~~~
2015-08-17 18:06:21 : 179> [G]:  91966 [E]:  56718 [D]:  489 [T]:30 [TH]: 9, In
2015-08-17 18:06:25 : 180> [G]:  12113 [E]:  59096 [D]:  375 [T]: 3 [TH]: 8, In
2015-08-17 18:06:25 : ~~~~~~~~~~~~~~~~ Not a Dead Base ~~~~~~~~~~~~~~~~~
2015-08-17 18:06:29 : ClashGameBot was Paused!
2015-08-17 18:06:33 : ClashGameBot was Resumed.
2015-08-17 18:06:34 : 181> [G]:  27598 [E]:  99123 [D]: 1682 [T]:14 [TH]: 9, In
2015-08-17 18:06:38 : 182> [G]:  63590 [E]: 137667 [D]: 1330 [T]:22 [TH]: 9, In
2015-08-17 18:06:43 : 183> [G]:  38921 [E]: 158218 [D]:  700 [T]:22 [TH]: 9, In
2015-08-17 18:06:46 : ClashGameBot was Paused!
2015-08-17 18:06:52 : ClashGameBot was Resumed.
2015-08-17 18:06:53 : 184> [G]: 156168 [E]:  21045 [D]:  815 [T]: 9 [TH]: 9, In
2015-08-17 18:06:56 : ClashGameBot was Paused!
