2015-08-17 07:13:29 :  Clash Game Bot v4.1.1-6 merge Powered by GameBot.org 
2015-08-17 07:13:29 : GameBot.org.exe Executable running on WIN_7 Service Pack 1 X64
2015-08-17 07:13:29 : =================== Bot Start ====================
2015-08-17 07:13:29 : -------------------------  Current Profile: 01 --------------------------
2015-08-17 07:13:29 : Trying to locate Main Screen
2015-08-17 07:13:30 : Main Screen Located
2015-08-17 07:13:31 : Detecting your Buildings..
2015-08-17 07:13:39 : Language setting is English: Correct.
2015-08-17 07:13:40 : Trying to locate Main Screen
2015-08-17 07:13:40 : Main Screen Located
2015-08-17 07:13:41 : Village Report
2015-08-17 07:13:41 : No. of Free/Total Builders: 0/4
2015-08-17 07:13:41 :  [T]: 2 714
2015-08-17 07:13:41 :  [G]: 2 641 448 [E]: 2 839 593 [D]: 21 638 [GEM]: 57
2015-08-17 07:13:42 : Collecting Resources
2015-08-17 07:13:52 : Chat Request: def
2015-08-17 07:13:52 : Custom Donation Keyword found: def
2015-08-17 07:13:55 : No Hog Riders available to donate..
2015-08-17 07:13:58 : No Balloons available to donate..
2015-08-17 07:13:59 : Donating 6 Archers
2015-08-17 07:14:01 : Chat Request: wizard
2015-08-17 07:14:01 : Wizards Keyword found: wiz
2015-08-17 07:14:04 : No Wizards available to donate..
2015-08-17 07:14:06 : Chat Request: hogs
2015-08-17 07:14:06 : Hog Riders Keyword found: hog
2015-08-17 07:14:09 : No Hog Riders available to donate..
2015-08-17 07:14:11 : Checking Army Camp...
2015-08-17 07:14:13 : Total Army Camp capacity: 218/220
2015-08-17 07:14:16 :  - No. of Archers: 68
2015-08-17 07:14:16 :  - No. of Giants: 18
2015-08-17 07:14:16 :  - No. of Wizards: 15
2015-08-17 07:14:16 : Barracks and Spell factory status: 
2015-08-17 07:14:16 : - Barracks detected: 4 | Available: 4 | Upgrading: 0
2015-08-17 07:14:16 : - Dark Barracks detected: 2 | Available: 2 | Upgrading: 0
2015-08-17 07:14:16 : - Spell factory detected: 1 | Available: 1 | Upgrading: 0
2015-08-17 07:14:16 : - Dark Spell factory detected: 1 | Available: 1 | Upgrading: 0
2015-08-17 07:14:17 : Training Troops...
2015-08-17 07:14:39 : Spell Factory Full
2015-08-17 07:14:41 : 0
2015-08-17 07:14:43 : Requesting Clan Castle Troops
2015-08-17 07:14:43 : Your Clan Castle is already full or you are not in a clan.
2015-08-17 07:14:45 : ====== Waiting for full army ======
2015-08-17 07:14:57 : Checking Army Camp...
2015-08-17 07:14:59 : Total Army Camp capacity: 220/220
2015-08-17 07:15:00 :  - No. of Archers: 70
2015-08-17 07:15:00 :  - No. of Giants: 18
2015-08-17 07:15:00 :  - No. of Wizards: 15
2015-08-17 07:15:01 : Training Troops...
2015-08-17 07:15:01 : Your Army Camps are now Full
2015-08-17 07:15:01 : Too many Arch, train last.
2015-08-17 07:15:31 : Spell Factory not found...
2015-08-17 07:15:33 : Going to Attack...
2015-08-17 07:15:38 : ============== Searching For Dead Base ===============
2015-08-17 07:15:38 : ~~~~~~~~~~~~~~~ SEARCH CONDITIONS ~~~~~~~~~~~~~~~~
2015-08-17 07:15:38 : Meet: Gold and Elixir
2015-08-17 07:15:38 : ~~~~~~~~~~~~~~ RESOURCE CONDITIONS ~~~~~~~~~~~~~~~
2015-08-17 07:15:38 : Aim: [G]: 999999 [E]: 999999 [D]:    0 [T]: 0 for: Dead Base
2015-08-17 07:15:38 : ============== Searching For Live Base ===============
2015-08-17 07:15:38 : ~~~~~~~~~~~~~~~ SEARCH CONDITIONS ~~~~~~~~~~~~~~~~
2015-08-17 07:15:38 : Meet: Gold and Elixir
2015-08-17 07:15:38 : ~~~~~~~~~~~~~~ RESOURCE CONDITIONS ~~~~~~~~~~~~~~~
2015-08-17 07:15:38 : Aim: [G]: 999999 [E]: 999999 [D]:    0 [T]: 0 for: Live Base
2015-08-17 07:15:38 : ~~~~~~~~~~~~~~~ ADVANCED SETTINGS ~~~~~~~~~~~~~~~~
2015-08-17 07:15:39 : THSnipe Combo, 4 Tile(s), , Attack6:PB6
2015-08-17 07:15:39 : ==================================================
2015-08-17 07:15:43 :   1> [G]:  60560 [E]:  81503 [D]:  913 [T]:21 [TH]:10, In
2015-08-17 07:15:49 :   2> [G]:  42918 [E]:  21168 [D]:  640 [T]:17 [TH]:10, In
2015-08-17 07:15:56 :   3> [G]: 148291 [E]: 117452 [D]: 1228 [T]:22 [TH]:10, In
2015-08-17 07:16:01 :   4> [G]:  82356 [E]:   8886 [D]:  917 [T]:13 [TH]: 9, In
2015-08-17 07:16:08 :   5> [G]:  82819 [E]:  78919 [D]:  915 [T]:26 [TH]:10, In
2015-08-17 07:16:15 :   6> [G]:  62125 [E]:  81320 [D]: 1818 [T]:17 [TH]:10, In
2015-08-17 07:16:21 :   7> [G]: 131338 [E]:  90493 [D]: 1326 [T]:22 [TH]:10, In
2015-08-17 07:16:25 :   8> [G]: 157385 [E]:   3562 [D]:  140 [T]:14 [TH]: 9, In
2015-08-17 07:16:31 :   9> [G]:  14367 [E]:  55013 [D]:  597 [T]:14 [TH]:10, In
2015-08-17 07:16:36 :  10> [G]:  49945 [E]:  36813 [D]:  638 [T]:28 [TH]: 9, In
2015-08-17 07:16:40 :  11> [G]: 146184 [E]: 111812 [D]:  257 [T]:24 [TH]:10, In
2015-08-17 07:16:44 :  12> [G]:  53483 [E]:   1982 [D]: 1170 [T]:15 [TH]: 9, In
2015-08-17 07:16:49 :  13> [G]:  54396 [E]: 230355 [D]: 1369 [T]:27 [TH]:10, In
2015-08-17 07:16:54 : ClashGameBot was Paused!
2015-08-17 07:16:55 : ClashGameBot was Resumed.
2015-08-17 07:16:57 :  14> [G]: 178267 [E]: 241863 [D]: 1072 [T]:22 [TH]:10, In
2015-08-17 07:17:02 : ClashGameBot was Paused!
2015-08-17 07:17:07 : ClashGameBot was Resumed.
2015-08-17 07:17:09 :  15> [G]:  19915 [E]:  14883 [D]:  967 [T]:32 [TH]:10, In
2015-08-17 07:17:13 :  16> [G]:  10152 [E]:  64294 [D]: 1176 [T]:15 [TH]: 9, In
2015-08-17 07:17:18 :  17> [G]: 147709 [E]: 127439 [D]: 1611 [T]:34 [TH]:10, In
2015-08-17 07:17:20 : ClashGameBot was Paused!
