2015-08-18 07:54:44 :  Clash Game Bot v4.1.1-6 merge Powered by GameBot.org 
2015-08-18 07:54:44 : GameBot.org.exe Executable running on WIN_7 Service Pack 1 X64
2015-08-18 07:54:44 : =================== Bot Start ====================
2015-08-18 07:54:44 : -------------------------  Current Profile: 01 --------------------------
2015-08-18 07:54:44 : Trying to locate Main Screen
2015-08-18 07:54:44 : Main Screen Located
2015-08-18 07:54:45 : Detecting your Buildings..
2015-08-18 07:54:53 : Language setting is English: Correct.
2015-08-18 07:54:54 : Trying to locate Main Screen
2015-08-18 07:54:54 : Main Screen Located
2015-08-18 07:54:56 : Village Report
2015-08-18 07:54:56 : No. of Free/Total Builders: 0/4
2015-08-18 07:54:56 :  [T]: 2 627
2015-08-18 07:54:56 :  [G]: 5 417 495 [E]: 4 299 054 [D]: 6 790 [GEM]: 57
2015-08-18 07:54:57 : Collecting Resources
2015-08-18 07:55:08 : ClashGameBot was Paused!
2015-08-18 07:55:14 : ClashGameBot was Resumed.
2015-08-18 07:55:16 : Chat Request: any
2015-08-18 07:55:16 : Custom Donation Keyword found: any
2015-08-18 07:55:19 : No Giants available to donate..
2015-08-18 07:55:23 : No Minions available to donate..
2015-08-18 07:55:23 : Donating 6 Archers
2015-08-18 07:55:25 : Chat Request: hog,arch wiz
2015-08-18 07:55:25 : Archers Keyword found: arc
2015-08-18 07:55:26 : Donating Archers
2015-08-18 07:55:28 : Chat Request: any
2015-08-18 07:55:28 : Custom Donation Keyword found: any
2015-08-18 07:55:31 : No Giants available to donate..
2015-08-18 07:55:35 : No Minions available to donate..
2015-08-18 07:55:35 : Donating 6 Archers
2015-08-18 07:55:38 : Chat Request: drag po plsss
2015-08-18 07:55:38 : Dragons Keyword found: drag
2015-08-18 07:55:41 : No Dragons available to donate..
2015-08-18 07:55:43 : Checking Army Camp...
2015-08-18 07:55:45 : Total Army Camp capacity: 131/220
2015-08-18 07:55:48 :  - No. of Barbarians: 47
2015-08-18 07:55:48 :  - No. of Archers: 84
2015-08-18 07:55:48 : Barracks and Spell factory status: 
2015-08-18 07:55:48 : - Barracks detected: 4 | Available: 4 | Upgrading: 0
2015-08-18 07:55:48 : - Dark Barracks detected: 2 | Available: 2 | Upgrading: 0
2015-08-18 07:55:48 : - Spell factory detected: 1 | Available: 1 | Upgrading: 0
2015-08-18 07:55:48 : - Dark Spell factory detected: 1 | Available: 1 | Upgrading: 0
2015-08-18 07:55:49 : Training Troops...
2015-08-18 07:56:03 : Spell Factory Full
2015-08-18 07:56:05 : 0
2015-08-18 07:56:07 : Requesting Clan Castle Troops
2015-08-18 07:56:13 : ====== Waiting for full army ======
2015-08-18 07:56:25 : Checking Army Camp...
2015-08-18 07:56:27 : Total Army Camp capacity: 135/220
2015-08-18 07:56:28 :  - No. of Barbarians: 47
2015-08-18 07:56:28 :  - No. of Archers: 88
2015-08-18 07:56:29 : Training Troops...
2015-08-18 07:56:37 : Spell Factory Full
2015-08-18 07:56:39 : Time Idle: 00:00:25
2015-08-18 07:56:39 : ====== Waiting for full army ======
2015-08-18 07:56:51 : Checking Army Camp...
2015-08-18 07:56:53 : Total Army Camp capacity: 139/220
2015-08-18 07:56:54 :  - No. of Barbarians: 47
2015-08-18 07:56:54 :  - No. of Archers: 92
2015-08-18 07:56:55 : Training Troops...
2015-08-18 07:57:03 : Spell Factory Full
2015-08-18 07:57:05 : Time Idle: 00:00:51
2015-08-18 07:57:05 : ====== Waiting for full army ======
2015-08-18 07:57:17 : Checking Army Camp...
2015-08-18 07:57:19 : Total Army Camp capacity: 143/220
2015-08-18 07:57:20 :  - No. of Barbarians: 47
2015-08-18 07:57:20 :  - No. of Archers: 96
2015-08-18 07:57:21 : Training Troops...
2015-08-18 07:57:29 : Spell Factory Full
2015-08-18 07:57:31 : Time Idle: 00:01:17
2015-08-18 07:57:31 : ====== Waiting for full army ======
2015-08-18 07:57:43 : Checking Army Camp...
2015-08-18 07:57:45 : Total Army Camp capacity: 147/220
2015-08-18 07:57:46 :  - No. of Barbarians: 47
2015-08-18 07:57:46 :  - No. of Archers: 100
2015-08-18 07:57:47 : Training Troops...
2015-08-18 07:57:55 : Spell Factory Full
2015-08-18 07:57:57 : Time Idle: 00:01:43
2015-08-18 07:57:58 : ====== Waiting for full army ======
2015-08-18 07:58:09 : Checking Army Camp...
2015-08-18 07:58:11 : Total Army Camp capacity: 151/220
2015-08-18 07:58:12 :  - No. of Barbarians: 47
2015-08-18 07:58:13 :  - No. of Archers: 104
2015-08-18 07:58:13 : Training Troops...
2015-08-18 07:58:22 : Spell Factory Full
2015-08-18 07:58:24 : Time Idle: 00:02:09
2015-08-18 07:58:24 : ====== Waiting for full army ======
2015-08-18 07:58:36 : Checking Army Camp...
2015-08-18 07:58:37 : Total Army Camp capacity: 155/220
2015-08-18 07:58:39 :  - No. of Barbarians: 47
2015-08-18 07:58:39 :  - No. of Archers: 108
2015-08-18 07:58:39 : Training Troops...
2015-08-18 07:58:51 : Spell Factory Full
2015-08-18 07:58:53 : Time Idle: 00:02:38
2015-08-18 07:58:53 : ====== Waiting for full army ======
2015-08-18 07:58:55 : Chat Request: drag po plsss
2015-08-18 07:58:55 : Dragons Keyword found: drag
2015-08-18 07:58:58 : No Dragons available to donate..
2015-08-18 07:59:11 : Checking Army Camp...
2015-08-18 07:59:13 : Total Army Camp capacity: 163/220
2015-08-18 07:59:14 :  - No. of Barbarians: 55
2015-08-18 07:59:14 :  - No. of Archers: 108
2015-08-18 07:59:15 : Training Troops...
2015-08-18 07:59:26 : Spell Factory Full
2015-08-18 07:59:28 : Time Idle: 00:03:13
2015-08-18 07:59:28 : ====== Waiting for full army ======
2015-08-18 07:59:40 : Checking Army Camp...
2015-08-18 07:59:42 : Total Army Camp capacity: 168/220
2015-08-18 07:59:43 :  - No. of Barbarians: 60
2015-08-18 07:59:43 :  - No. of Archers: 108
2015-08-18 07:59:44 : Training Troops...
2015-08-18 07:59:55 : Spell Factory Full
2015-08-18 07:59:57 : Time Idle: 00:03:42
2015-08-18 07:59:57 : ====== Waiting for full army ======
2015-08-18 08:00:09 : Checking Army Camp...
2015-08-18 08:00:11 : Total Army Camp capacity: 175/220
2015-08-18 08:00:12 :  - No. of Barbarians: 67
2015-08-18 08:00:12 :  - No. of Archers: 108
2015-08-18 08:00:13 : Training Troops...
2015-08-18 08:00:24 : Spell Factory Full
2015-08-18 08:00:27 : Time Idle: 00:04:11
2015-08-18 08:00:27 : ====== Waiting for full army ======
2015-08-18 08:00:39 : Checking Army Camp...
2015-08-18 08:00:41 : Total Army Camp capacity: 179/220
2015-08-18 08:00:42 :  - No. of Barbarians: 72
2015-08-18 08:00:42 :  - No. of Archers: 108
2015-08-18 08:00:42 : Training Troops...
2015-08-18 08:00:54 : Spell Factory Full
2015-08-18 08:00:56 : Time Idle: 00:04:40
2015-08-18 08:00:56 : ====== Waiting for full army ======
2015-08-18 08:01:08 : Checking Army Camp...
2015-08-18 08:01:10 : Total Army Camp capacity: 186/220
2015-08-18 08:01:11 :  - No. of Barbarians: 79
2015-08-18 08:01:11 :  - No. of Archers: 108
2015-08-18 08:01:12 : Training Troops...
2015-08-18 08:01:23 : Spell Factory Full
2015-08-18 08:01:25 : Time Idle: 00:05:09
2015-08-18 08:01:25 : ====== Waiting for full army ======
2015-08-18 08:01:37 : Collecting Resources
2015-08-18 08:01:43 : Checking Army Camp...
2015-08-18 08:01:45 : Total Army Camp capacity: 193/220
2015-08-18 08:01:46 :  - No. of Barbarians: 85
2015-08-18 08:01:46 :  - No. of Archers: 108
2015-08-18 08:01:47 : Training Troops...
2015-08-18 08:01:58 : Spell Factory Full
2015-08-18 08:02:00 : Time Idle: 00:05:44
2015-08-18 08:02:00 : ====== Waiting for full army ======
2015-08-18 08:02:12 : Checking Army Camp...
2015-08-18 08:02:14 : Total Army Camp capacity: 199/220
2015-08-18 08:02:15 :  - No. of Barbarians: 91
2015-08-18 08:02:15 :  - No. of Archers: 108
2015-08-18 08:02:16 : Training Troops...
2015-08-18 08:02:27 : Spell Factory Full
2015-08-18 08:02:29 : Time Idle: 00:06:12
2015-08-18 08:02:29 : ====== Waiting for full army ======
2015-08-18 08:02:41 : Checking Army Camp...
2015-08-18 08:02:43 : Total Army Camp capacity: 204/220
2015-08-18 08:02:44 :  - No. of Barbarians: 96
2015-08-18 08:02:44 :  - No. of Archers: 108
2015-08-18 08:02:45 : Training Troops...
2015-08-18 08:02:56 : Spell Factory Full
2015-08-18 08:02:58 : Time Idle: 00:06:41
2015-08-18 08:02:58 : ====== Waiting for full army ======
2015-08-18 08:03:10 : Checking Army Camp...
2015-08-18 08:03:12 : Total Army Camp capacity: 211/220
2015-08-18 08:03:13 :  - No. of Barbarians: 103
2015-08-18 08:03:13 :  - No. of Archers: 108
2015-08-18 08:03:14 : Training Troops...
2015-08-18 08:03:25 : Spell Factory Full
2015-08-18 08:03:27 : Time Idle: 00:07:10
2015-08-18 08:03:28 : ====== Waiting for full army ======
2015-08-18 08:03:39 : Checking Army Camp...
2015-08-18 08:03:41 : Total Army Camp capacity: 215/220
2015-08-18 08:03:42 :  - No. of Barbarians: 107
2015-08-18 08:03:42 :  - No. of Archers: 108
2015-08-18 08:03:43 : Training Troops...
2015-08-18 08:03:55 : Checking Army Camp...
2015-08-18 08:03:57 : Total Army Camp capacity: 215/220
2015-08-18 08:03:58 :  - No. of Barbarians: 107
2015-08-18 08:03:58 :  - No. of Archers: 108
2015-08-18 08:03:59 : Training Troops...
2015-08-18 08:04:14 : Spell Factory Full
2015-08-18 08:04:16 : Time Idle: 00:07:58
2015-08-18 08:04:16 : ====== Waiting for full army ======
2015-08-18 08:04:28 : Checking Army Camp...
2015-08-18 08:04:30 : Total Army Camp capacity: 217/220
2015-08-18 08:04:31 :  - No. of Barbarians: 107
2015-08-18 08:04:31 :  - No. of Archers: 110
2015-08-18 08:04:32 : Training Troops...
2015-08-18 08:04:41 : Spell Factory Full
2015-08-18 08:04:43 : Time Idle: 00:08:25
2015-08-18 08:04:43 : ====== Waiting for full army ======
2015-08-18 08:04:55 : Checking Army Camp...
2015-08-18 08:04:57 : Total Army Camp capacity: 220/220
2015-08-18 08:04:58 :  - No. of Barbarians: 107
2015-08-18 08:04:58 :  - No. of Archers: 113
2015-08-18 08:04:59 : Training Troops...
2015-08-18 08:05:00 : Your Army Camps are now Full
2015-08-18 08:05:25 : Spell Factory not found...
2015-08-18 08:05:26 : Going to Attack...
2015-08-18 08:05:32 : ============== Searching For Dead Base ===============
2015-08-18 08:05:32 : ~~~~~~~~~~~~~~~ SEARCH CONDITIONS ~~~~~~~~~~~~~~~~
2015-08-18 08:05:32 : Meet: Gold or Elixir, Max TH 8
2015-08-18 08:05:32 : ~~~~~~~~~~~~~~ RESOURCE CONDITIONS ~~~~~~~~~~~~~~~
2015-08-18 08:05:32 : Aim: [G]:      0 [E]:      0 [D]:    0 [T]: 0 [TH]: 8 for: Dead Base
2015-08-18 08:05:32 : ============== Searching For Live Base ===============
2015-08-18 08:05:32 : ~~~~~~~~~~~~~~~ SEARCH CONDITIONS ~~~~~~~~~~~~~~~~
2015-08-18 08:05:32 : Meet: Gold or Elixir, Max TH 8
2015-08-18 08:05:32 : ~~~~~~~~~~~~~~ RESOURCE CONDITIONS ~~~~~~~~~~~~~~~
2015-08-18 08:05:32 : Aim: [G]:      0 [E]:      0 [D]:    0 [T]: 0 [TH]: 8 for: Live Base
2015-08-18 08:05:32 : ~~~~~~~~~~~~~~~ ADVANCED SETTINGS ~~~~~~~~~~~~~~~~
2015-08-18 08:05:32 : THSnipe Combo, 6 Tile(s), AttackTH, Attack6:PB6
2015-08-18 08:05:32 : ==================================================
2015-08-18 08:05:36 :   1> [G]:  35119 [E]:  54176 [D]:  532 [T]:28 [TH]: 9, In
2015-08-18 08:05:40 :   2> [G]:  52724 [E]: 354412 [D]: 1879 [T]:13 [TH]: 9, In
2015-08-18 08:05:45 :   3> [G]:  27517 [E]: 105769 [D]:  852 [T]:33 [TH]:10, In
2015-08-18 08:05:50 :   4> [G]:  48926 [E]:  22438 [D]:  784 [T]:18 [TH]: 9, In
2015-08-18 08:05:57 :   5> [G]: 102132 [E]: 135478 [D]:  593 [T]:21 [TH]:10, In
2015-08-18 08:06:04 :   6> [G]: 112763 [E]:  23436 [D]: 2940 [T]:14 [TH]:10, In
2015-08-18 08:06:08 :   7> [G]: 279233 [E]: 212545 [D]: 1283 [T]:18 [TH]: 9, In
2015-08-18 08:06:12 :   8> [G]: 153430 [E]: 146751 [D]: 1849 [T]:18 [TH]: 9, In
2015-08-18 08:06:18 :   9> [G]:  26567 [E]:  24970 [D]:  697 [T]:27 [TH]:10, In
2015-08-18 08:06:22 :  10> [G]:  67370 [E]:  55384 [D]:  166 [T]:14 [TH]: 9, In
2015-08-18 08:06:27 :  11> [G]: 219918 [E]: 114227 [D]:  298 [T]:13 [TH]: 9, In
2015-08-18 08:06:33 :  12> [G]:  11348 [E]: 117957 [D]: 1268 [T]:25 [TH]: 9, In
2015-08-18 08:06:41 :  13> [G]:  22848 [E]: 230115 [D]: 1130 [T]:15 [TH]: 9, In
2015-08-18 08:06:48 :  14> [G]: 152675 [E]: 307579 [D]: 1023 [T]:23 [TH]:10, In
2015-08-18 08:06:51 :  15> [G]: 237224 [E]: 102549 [D]: 1006 [T]:22 [TH]: 9, In
2015-08-18 08:06:56 :  16> [G]:  34285 [E]:  45066 [D]: 2256 [T]:14 [TH]: 9, In
2015-08-18 08:07:00 :  17> [G]:  12093 [E]:  87514 [D]: 1420 [T]:14 [TH]: 9, In
2015-08-18 08:07:06 :  18> [G]:  95156 [E]: 123710 [D]: 2384 [T]:23 [TH]:10, In
2015-08-18 08:07:10 :  19> [G]: 131014 [E]:  85997 [D]: 2708 [T]:34 [TH]:10, In
2015-08-18 08:07:16 :  20> [G]:  62624 [E]:  37147 [D]:  950 [T]:19 [TH]: 9, In
2015-08-18 08:07:20 :  21> [G]:  26115 [E]:  55210 [D]:  162 [T]:22 [TH]: 9, In
2015-08-18 08:07:24 :  22> [G]:  17343 [E]:  68247 [D]:  661 [T]:20 [TH]: 9, In
2015-08-18 08:07:29 :  23> [G]:  92437 [E]:  39929 [D]:  870 [T]:28 [TH]: 9, In
2015-08-18 08:07:33 :  24> [G]:  39728 [E]:  75986 [D]:  958 [T]:38 [TH]: 9, In
2015-08-18 08:07:39 :  25> [G]:  38370 [E]:  57504 [D]: 1258 [T]:20 [TH]:10, In
2015-08-18 08:07:43 :  26> [G]:  76421 [E]:  58973 [D]: 1158 [T]:32 [TH]: 9, In
2015-08-18 08:07:47 :  27> [G]:  29795 [E]:  25944 [D]:  807 [T]:20 [TH]: 9, In
2015-08-18 08:07:51 :  28> [G]:  42115 [E]:  48983 [D]:  791 [T]:31 [TH]: 9, In
2015-08-18 08:07:58 :  29> [G]:  22942 [E]:  99728 [D]:  715 [T]:31 [TH]:10, In
2015-08-18 08:08:03 :  30> [G]:  62119 [E]:  95918 [D]:  873 [T]:29 [TH]:10, In
2015-08-18 08:08:08 :  31> [G]:  35224 [E]:  48224 [D]:   35 [T]:29 [TH]:10, In
2015-08-18 08:08:16 :  32> [G]: 126244 [E]: 125125 [D]:  670 [T]:17 [TH]: 9, In
2015-08-18 08:08:21 :  33> [G]:  60364 [E]: 130404 [D]: 1205 [T]:17 [TH]: 9, In
2015-08-18 08:08:25 :  34> [G]: 157178 [E]: 102615 [D]:  740 [T]:25 [TH]: 9, In
2015-08-18 08:08:29 :  35> [G]:  58122 [E]:  74701 [D]:  306 [T]:21 [TH]: 9, In
2015-08-18 08:08:33 :  36> [G]: 166956 [E]: 184945 [D]:  781 [T]:13 [TH]: 9, In
2015-08-18 08:08:37 :  37> [G]:  22274 [E]:  78983 [D]: 1266 [T]:29 [TH]: 9, In
2015-08-18 08:08:44 :  38> [G]:  28559 [E]: 127247 [D]:    5 [T]:14 [TH]:10, In
2015-08-18 08:08:48 :  39> [G]:  35126 [E]:  86719 [D]:  518 [T]:24 [TH]: 9, In
2015-08-18 08:08:52 :  40> [G]: 121739 [E]: 117505 [D]:  771 [T]:16 [TH]: 9, In
2015-08-18 08:08:57 :  41> [G]:   7721 [E]:  40118 [D]:  134 [T]:13 [TH]: 9, In
2015-08-18 08:09:04 : Checking Trapped TH
2015-08-18 08:09:05 : Inferno Tower Found
2015-08-18 08:09:05 :  42> [G]: 115188 [E]:  68673 [D]:  621 [T]:18 [TH]:10, Out
2015-08-18 08:09:05 : Inferno Tower found near TH, skipping...
2015-08-18 08:09:05 : Trap found, skipping base...
2015-08-18 08:09:05 : ~~~~~~~~~~~~~~~ TH Outside Found! ~~~~~~~~~~~~~~~~
2015-08-18 08:09:05 : ================ Search Complete =================
2015-08-18 08:09:05 : Initiating attack for: TH Snipe
2015-08-18 08:09:07 : -Barbarians 107
2015-08-18 08:09:07 : -Archers 113
2015-08-18 08:09:07 : -Clan Castle 
2015-08-18 08:09:07 : -King 
2015-08-18 08:09:08 : -Heal Spells 4
2015-08-18 08:09:08 :  ====== Start Attack ====== 
2015-08-18 08:09:10 : Free meal
2015-08-18 08:09:10 : Dropping first wave of 5 Archers
2015-08-18 08:09:11 : Deployment of Archers Successful!
2015-08-18 08:09:12 : Dropping second wave of 10 Archers
2015-08-18 08:09:15 : Deployment of Archers Successful!
2015-08-18 08:09:41 : Fool me once shame on you, fool me twice shame on me
2015-08-18 08:09:41 : Dropping first wave of 5 Barbarians
2015-08-18 08:09:42 : Deployment of Barbarians Successful!
2015-08-18 08:09:44 : Dropping second wave of 10 Barbarians
2015-08-18 08:09:46 : Deployment of Barbarians Successful!
2015-08-18 08:09:46 : No  troop Found!!!
2015-08-18 08:09:46 : Dropping only wave of 15 Archers
2015-08-18 08:09:49 : Deployment of Archers Successful!
2015-08-18 08:09:50 : No  troop Found!!!
2015-08-18 08:10:15 : Now I am really angry!
2015-08-18 08:10:16 : No  troop Found!!!
2015-08-18 08:10:16 : No  troop Found!!!
2015-08-18 08:10:16 : Dropping second wave of 15 Barbarians
2015-08-18 08:10:18 : Deployment of Barbarians Successful!
2015-08-18 08:10:19 : No  troop Found!!!
2015-08-18 08:10:19 : No  troop Found!!!
2015-08-18 08:10:19 : No  troop Found!!!
2015-08-18 08:10:19 : Dropping only wave of 15 Archers
2015-08-18 08:10:22 : Deployment of Archers Successful!
2015-08-18 08:10:23 : No  troop Found!!!
2015-08-18 08:10:26 : ClashGameBot was Paused!
