2015-08-17 15:29:02 :  Clash Game Bot v4.1.1-6 merge Powered by GameBot.org 
2015-08-17 15:29:02 : GameBot.org.exe Executable running on WIN_7 Service Pack 1 X64
2015-08-17 15:29:02 : =================== Bot Start ====================
2015-08-17 15:29:02 : -------------------------  Current Profile: 01 --------------------------
2015-08-17 15:29:02 : Trying to locate Main Screen
2015-08-17 15:29:02 : Main Screen Located
2015-08-17 15:29:04 : Detecting your Buildings..
2015-08-17 15:29:10 : Language setting is English: Correct.
2015-08-17 15:29:11 : Trying to locate Main Screen
2015-08-17 15:29:11 : Main Screen Located
2015-08-17 15:29:13 : Village Report
2015-08-17 15:29:13 : No. of Free/Total Builders: 0/4
2015-08-17 15:29:13 :  [T]: 2 676
2015-08-17 15:29:13 :  [G]: 2 564 430 [E]: 3 126 737 [D]: 29 081 [GEM]: 57
2015-08-17 15:29:13 : Collecting Resources
2015-08-17 15:29:24 : Chat Request: drag
2015-08-17 15:29:24 : Dragons Keyword found: drag
2015-08-17 15:29:27 : No Dragons available to donate..
2015-08-17 15:29:29 : Checking Army Camp...
2015-08-17 15:29:31 : Total Army Camp capacity: 141/220
2015-08-17 15:29:32 :  - No. of Barbarians: 8
2015-08-17 15:29:32 :  - No. of Archers: 100
2015-08-17 15:29:32 :  - No. of Goblins: 8
2015-08-17 15:29:33 :  - No. of Giants: 5
2015-08-17 15:29:33 : Barracks and Spell factory status: 
2015-08-17 15:29:33 : - Barracks detected: 4 | Available: 4 | Upgrading: 0
2015-08-17 15:29:33 : - Dark Barracks detected: 2 | Available: 2 | Upgrading: 0
2015-08-17 15:29:33 : - Spell factory detected: 1 | Available: 1 | Upgrading: 0
2015-08-17 15:29:33 : - Dark Spell factory detected: 1 | Available: 1 | Upgrading: 0
2015-08-17 15:29:33 : Training Troops...
2015-08-17 15:29:48 : Spell Factory Full
2015-08-17 15:29:49 : 0
2015-08-17 15:29:51 : Requesting Clan Castle Troops
2015-08-17 15:29:52 : Request has already been made
2015-08-17 15:29:53 : ====== Waiting for full army ======
2015-08-17 15:30:05 : Collecting Resources
2015-08-17 15:30:11 : Checking Army Camp...
2015-08-17 15:30:13 : Total Army Camp capacity: 143/220
2015-08-17 15:30:14 :  - No. of Barbarians: 8
2015-08-17 15:30:14 :  - No. of Archers: 102
2015-08-17 15:30:14 :  - No. of Goblins: 8
2015-08-17 15:30:14 :  - No. of Giants: 5
2015-08-17 15:30:15 : Training Troops...
2015-08-17 15:30:26 : Spell Factory Full
2015-08-17 15:30:28 : Time Idle: 00:00:34
2015-08-17 15:30:28 : ====== Waiting for full army ======
2015-08-17 15:30:40 : Checking Army Camp...
2015-08-17 15:30:42 : Total Army Camp capacity: 143/220
2015-08-17 15:30:43 :  - No. of Barbarians: 8
2015-08-17 15:30:43 :  - No. of Archers: 102
2015-08-17 15:30:43 :  - No. of Goblins: 8
2015-08-17 15:30:43 :  - No. of Giants: 5
2015-08-17 15:30:44 : Training Troops...
2015-08-17 15:30:55 : Spell Factory Full
2015-08-17 15:30:57 : Time Idle: 00:01:03
2015-08-17 15:30:57 : ====== Waiting for full army ======
2015-08-17 15:31:08 : Checking Army Camp...
2015-08-17 15:31:10 : Total Army Camp capacity: 143/220
2015-08-17 15:31:12 :  - No. of Barbarians: 8
2015-08-17 15:31:12 :  - No. of Archers: 102
2015-08-17 15:31:12 :  - No. of Goblins: 8
2015-08-17 15:31:12 :  - No. of Giants: 5
2015-08-17 15:31:13 : Training Troops...
2015-08-17 15:31:23 : Spell Factory Full
2015-08-17 15:31:25 : Time Idle: 00:01:31
2015-08-17 15:31:26 : ====== Waiting for full army ======
2015-08-17 15:31:38 : Checking Army Camp...
2015-08-17 15:31:39 : Total Army Camp capacity: 148/220
2015-08-17 15:31:41 :  - No. of Barbarians: 8
2015-08-17 15:31:41 :  - No. of Archers: 102
2015-08-17 15:31:41 :  - No. of Goblins: 8
2015-08-17 15:31:41 :  - No. of Giants: 6
2015-08-17 15:31:42 : Training Troops...
2015-08-17 15:31:53 : Spell Factory Full
2015-08-17 15:31:55 : Time Idle: 00:02:00
2015-08-17 15:31:55 : ====== Waiting for full army ======
2015-08-17 15:32:07 : Checking Army Camp...
2015-08-17 15:32:09 : Total Army Camp capacity: 158/220
2015-08-17 15:32:10 :  - No. of Barbarians: 8
2015-08-17 15:32:10 :  - No. of Archers: 102
2015-08-17 15:32:10 :  - No. of Goblins: 8
2015-08-17 15:32:10 :  - No. of Giants: 8
2015-08-17 15:32:11 : Training Troops...
