2015-08-02 13:12:56 : ~~~ Clash Game Bot v4.1 Powered by GameBot.org ~~~
2015-08-02 13:12:56 : GameBot.org.exe Executable running on WIN_7  X64
2015-08-02 13:12:56 : =================== Bot Start ====================
2015-08-02 13:12:56 : -------------------------  Current Profile: 01 --------------------------
2015-08-02 13:12:56 : Trying to locate Main Screen
2015-08-02 13:12:56 : Main Screen Located
2015-08-02 13:12:57 : Detecting your Buildings..
2015-08-02 13:13:01 : Language setting is English: Correct.
2015-08-02 13:13:02 : Trying to locate Main Screen
2015-08-02 13:13:02 : Main Screen Located
2015-08-02 13:13:03 : Collecting Resources
2015-08-02 13:13:10 : Checking if Village needs Rearming..
2015-08-02 13:13:18 : Village Report
2015-08-02 13:13:18 : No. of Free/Total Builders: 0/4
2015-08-02 13:13:18 :  [T]: 1 665
2015-08-02 13:13:19 :  [G]: 5 343 134 [E]: 4 773 074 [D]: 59 573 [GEM]: 953
2015-08-02 13:13:21 : Checking Army Camp...
2015-08-02 13:13:23 : Total Army Camp capacity: 93/200
2015-08-02 13:13:24 :  - No. of Barbarians: 51
2015-08-02 13:13:24 :  - No. of Archers: 42
2015-08-02 13:13:24 : Barracks and Spell factory status: 
2015-08-02 13:13:24 : - Barracks detected: 4 | Available: 3 | Upgrading: 1
2015-08-02 13:13:24 : - Dark Barracks detected: 2 | Available: 2 | Upgrading: 0
2015-08-02 13:13:24 : - Spell factory detected: 1 | Available: 1 | Upgrading: 0
2015-08-02 13:13:24 : - Dark Spell factory detected: 1 | Available: 0 | Upgrading: 1
2015-08-02 13:13:24 : Training Troops...
2015-08-02 13:13:45 :  ====== Unbreakable Mode enabled! ====== 
2015-08-02 13:13:45 : Oops, wait for 70% troops filled
2015-08-02 13:13:46 : Trying to locate Main Screen
2015-08-02 13:13:46 : Main Screen Located
2015-08-02 13:13:47 : Collecting Resources
2015-08-02 13:13:53 : Checking if Village needs Rearming..
2015-08-02 13:14:01 : Village Report
2015-08-02 13:14:01 : No. of Free/Total Builders: 0/4
2015-08-02 13:14:01 :  [T]: 1 665
2015-08-02 13:14:01 :  [G]: 5 343 134 [E]: 4 783 424 [D]: 59 573 [GEM]: 953
2015-08-02 13:14:04 : Checking Army Camp...
2015-08-02 13:14:06 : Total Army Camp capacity: 97/200
2015-08-02 13:14:07 :  - No. of Barbarians: 51
2015-08-02 13:14:07 :  - No. of Archers: 46
2015-08-02 13:14:07 : Training Troops...
2015-08-02 13:14:16 :  ====== Unbreakable Mode enabled! ====== 
2015-08-02 13:14:16 : Oops, wait for 70% troops filled
2015-08-02 13:14:17 : Trying to locate Main Screen
2015-08-02 13:14:17 : Main Screen Located
2015-08-02 13:14:18 : Collecting Resources
2015-08-02 13:14:25 : Checking if Village needs Rearming..
2015-08-02 13:14:33 : Village Report
2015-08-02 13:14:33 : No. of Free/Total Builders: 0/4
2015-08-02 13:14:33 :  [T]: 1 665
2015-08-02 13:14:33 :  [G]: 5 343 134 [E]: 4 783 424 [D]: 59 575 [GEM]: 953
2015-08-02 13:14:35 : Checking Army Camp...
2015-08-02 13:14:37 : Total Army Camp capacity: 100/200
2015-08-02 13:14:38 :  - No. of Barbarians: 51
2015-08-02 13:14:38 :  - No. of Archers: 49
2015-08-02 13:14:39 : Training Troops...
2015-08-02 13:14:47 :  ====== Unbreakable Mode enabled! ====== 
2015-08-02 13:14:47 : Oops, wait for 70% troops filled
2015-08-02 13:14:48 : Trying to locate Main Screen
2015-08-02 13:14:48 : Main Screen Located
2015-08-02 13:14:49 : Collecting Resources
2015-08-02 13:14:56 : Checking if Village needs Rearming..
2015-08-02 13:15:05 : Village Report
2015-08-02 13:15:05 : No. of Free/Total Builders: 0/4
2015-08-02 13:15:05 :  [T]: 1 665
2015-08-02 13:15:05 :  [G]: 5 343 134 [E]: 4 783 424 [D]: 59 575 [GEM]: 953
2015-08-02 13:15:07 : Checking Army Camp...
2015-08-02 13:15:09 : Total Army Camp capacity: 104/200
2015-08-02 13:15:10 :  - No. of Barbarians: 51
2015-08-02 13:15:10 :  - No. of Archers: 53
2015-08-02 13:15:10 : Training Troops...
2015-08-02 13:15:19 :  ====== Unbreakable Mode enabled! ====== 
2015-08-02 13:15:19 : Oops, wait for 70% troops filled
2015-08-02 13:15:20 : Trying to locate Main Screen
2015-08-02 13:15:20 : Main Screen Located
2015-08-02 13:15:21 : Collecting Resources
2015-08-02 13:15:28 : Checking if Village needs Rearming..
2015-08-02 13:15:36 : Village Report
2015-08-02 13:15:36 : No. of Free/Total Builders: 0/4
2015-08-02 13:15:36 :  [T]: 1 665
2015-08-02 13:15:36 :  [G]: 5 343 134 [E]: 4 783 424 [D]: 59 577 [GEM]: 953
2015-08-02 13:15:39 : Checking Army Camp...
2015-08-02 13:15:40 : Total Army Camp capacity: 108/200
2015-08-02 13:15:41 :  - No. of Barbarians: 51
2015-08-02 13:15:42 :  - No. of Archers: 57
2015-08-02 13:15:42 : Training Troops...
2015-08-02 13:15:50 :  ====== Unbreakable Mode enabled! ====== 
2015-08-02 13:15:50 : Oops, wait for 70% troops filled
2015-08-02 13:15:51 : Trying to locate Main Screen
2015-08-02 13:15:51 : Main Screen Located
2015-08-02 13:15:52 : Collecting Resources
2015-08-02 13:15:59 : Checking if Village needs Rearming..
2015-08-02 13:16:08 : Village Report
2015-08-02 13:16:08 : No. of Free/Total Builders: 0/4
2015-08-02 13:16:08 :  [T]: 1 665
2015-08-02 13:16:08 :  [G]: 5 343 134 [E]: 4 784 395 [D]: 59 577 [GEM]: 953
2015-08-02 13:16:10 : Checking Army Camp...
2015-08-02 13:16:12 : Total Army Camp capacity: 112/200
2015-08-02 13:16:13 :  - No. of Barbarians: 51
2015-08-02 13:16:13 :  - No. of Archers: 61
2015-08-02 13:16:14 : Training Troops...
2015-08-02 13:16:22 :  ====== Unbreakable Mode enabled! ====== 
2015-08-02 13:16:22 : Oops, wait for 70% troops filled
2015-08-02 13:16:23 : Trying to locate Main Screen
2015-08-02 13:16:23 : Main Screen Located
2015-08-02 13:16:24 : Collecting Resources
2015-08-02 13:16:31 : Checking if Village needs Rearming..
2015-08-02 13:16:39 : Village Report
2015-08-02 13:16:40 : No. of Free/Total Builders: 0/4
2015-08-02 13:16:40 :  [T]: 1 665
2015-08-02 13:16:40 :  [G]: 5 343 134 [E]: 4 785 035 [D]: 59 579 [GEM]: 953
2015-08-02 13:16:42 : Checking Army Camp...
2015-08-02 13:16:44 : Total Army Camp capacity: 115/200
2015-08-02 13:16:45 :  - No. of Barbarians: 51
2015-08-02 13:16:45 :  - No. of Archers: 64
2015-08-02 13:16:45 : Training Troops...
2015-08-02 13:16:54 :  ====== Unbreakable Mode enabled! ====== 
2015-08-02 13:16:54 : Oops, wait for 70% troops filled
2015-08-02 13:16:55 : Trying to locate Main Screen
2015-08-02 13:16:55 : Main Screen Located
2015-08-02 13:16:56 : Collecting Resources
2015-08-02 13:17:03 : Checking if Village needs Rearming..
2015-08-02 13:17:11 : Village Report
2015-08-02 13:17:11 : No. of Free/Total Builders: 0/4
2015-08-02 13:17:11 :  [T]: 1 665
2015-08-02 13:17:11 :  [G]: 5 345 178 [E]: 4 785 035 [D]: 59 579 [GEM]: 953
2015-08-02 13:17:14 : Checking Army Camp...
2015-08-02 13:17:15 : Total Army Camp capacity: 119/200
2015-08-02 13:17:17 :  - No. of Barbarians: 51
2015-08-02 13:17:17 :  - No. of Archers: 68
2015-08-02 13:17:17 : Training Troops...
2015-08-02 13:17:25 :  ====== Unbreakable Mode enabled! ====== 
2015-08-02 13:17:25 : Oops, wait for 70% troops filled
2015-08-02 13:17:26 : Trying to locate Main Screen
2015-08-02 13:17:26 : Main Screen Located
2015-08-02 13:17:27 : Collecting Resources
2015-08-02 13:17:34 : Checking if Village needs Rearming..
2015-08-02 13:17:42 : Village Report
2015-08-02 13:17:42 : No. of Free/Total Builders: 0/4
2015-08-02 13:17:43 :  [T]: 1 665
2015-08-02 13:17:43 :  [G]: 5 345 721 [E]: 4 785 035 [D]: 59 581 [GEM]: 953
2015-08-02 13:17:45 : Checking Army Camp...
2015-08-02 13:17:47 : Total Army Camp capacity: 123/200
2015-08-02 13:17:48 :  - No. of Barbarians: 51
2015-08-02 13:17:48 :  - No. of Archers: 72
2015-08-02 13:17:48 : Training Troops...
2015-08-02 13:17:57 :  ====== Unbreakable Mode enabled! ====== 
2015-08-02 13:17:57 : Oops, wait for 70% troops filled
2015-08-02 13:17:58 : Trying to locate Main Screen
2015-08-02 13:17:58 : Main Screen Located
2015-08-02 13:17:59 : Collecting Resources
2015-08-02 13:18:05 : Checking if Village needs Rearming..
2015-08-02 13:18:13 : Village Report
2015-08-02 13:18:13 : No. of Free/Total Builders: 0/4
2015-08-02 13:18:13 :  [T]: 1 665
2015-08-02 13:18:14 :  [G]: 5 345 721 [E]: 4 785 035 [D]: 59 581 [GEM]: 953
2015-08-02 13:18:16 : Checking Army Camp...
2015-08-02 13:18:18 : Total Army Camp capacity: 127/200
2015-08-02 13:18:19 :  - No. of Barbarians: 51
2015-08-02 13:18:19 :  - No. of Archers: 76
2015-08-02 13:18:19 : Training Troops...
2015-08-02 13:18:28 :  ====== Unbreakable Mode enabled! ====== 
2015-08-02 13:18:28 : Oops, wait for 70% troops filled
2015-08-02 13:18:29 : Trying to locate Main Screen
2015-08-02 13:18:29 : Main Screen Located
2015-08-02 13:18:30 : Collecting Resources
2015-08-02 13:18:37 : Checking if Village needs Rearming..
2015-08-02 13:18:45 : Village Report
2015-08-02 13:18:45 : No. of Free/Total Builders: 0/4
2015-08-02 13:18:45 :  [T]: 1 665
2015-08-02 13:18:45 :  [G]: 5 345 721 [E]: 4 785 035 [D]: 59 583 [GEM]: 953
2015-08-02 13:18:47 : Checking Army Camp...
2015-08-02 13:18:49 : Total Army Camp capacity: 131/200
2015-08-02 13:18:50 :  - No. of Barbarians: 52
2015-08-02 13:18:50 :  - No. of Archers: 79
2015-08-02 13:18:50 : Training Troops...
2015-08-02 13:19:00 :  ====== Unbreakable Mode enabled! ====== 
2015-08-02 13:19:00 : Oops, wait for 70% troops filled
2015-08-02 13:19:01 : Trying to locate Main Screen
2015-08-02 13:19:01 : Main Screen Located
2015-08-02 13:19:02 : Collecting Resources
2015-08-02 13:19:09 : Checking if Village needs Rearming..
2015-08-02 13:19:17 : Village Report
2015-08-02 13:19:17 : No. of Free/Total Builders: 0/4
2015-08-02 13:19:17 :  [T]: 1 665
2015-08-02 13:19:17 :  [G]: 5 345 721 [E]: 4 785 035 [D]: 59 583 [GEM]: 953
2015-08-02 13:19:19 : Checking Army Camp...
2015-08-02 13:19:21 : Total Army Camp capacity: 136/200
2015-08-02 13:19:22 :  - No. of Barbarians: 57
2015-08-02 13:19:22 :  - No. of Archers: 79
2015-08-02 13:19:22 : Training Troops...
2015-08-02 13:19:32 :  ====== Unbreakable Mode enabled! ====== 
2015-08-02 13:19:32 : Oops, wait for 70% troops filled
2015-08-02 13:19:33 : Trying to locate Main Screen
2015-08-02 13:19:33 : Main Screen Located
2015-08-02 13:19:34 : Collecting Resources
2015-08-02 13:19:41 : Checking if Village needs Rearming..
2015-08-02 13:19:49 : Village Report
2015-08-02 13:19:49 : No. of Free/Total Builders: 0/4
2015-08-02 13:19:49 :  [T]: 1 665
2015-08-02 13:19:49 :  [G]: 5 345 721 [E]: 4 785 963 [D]: 59 585 [GEM]: 953
2015-08-02 13:19:52 : Checking Army Camp...
2015-08-02 13:19:54 : Total Army Camp capacity: 141/200
2015-08-02 13:19:55 :  - No. of Barbarians: 62
2015-08-02 13:19:55 :  - No. of Archers: 79
2015-08-02 13:19:55 : Training Troops...
2015-08-02 13:20:04 :  ====== Unbreakable Mode enabled! ====== 
2015-08-02 13:20:04 : Oops, Out of Dark Elxir - back to farming
2015-08-02 13:20:04 : Checking Troop Upgrade in Laboratory ...
2015-08-02 13:20:04 : Updating village values [E]: 4785963 [D]: 59585
2015-08-02 13:20:06 : Insufficent Elixir for Pekka, Lab requires: 6000000 + 250000 user reserve
2015-08-02 13:20:10 : ====== Waiting for full army ======
2015-08-02 13:20:22 : Checking Army Camp...
2015-08-02 13:20:24 : Total Army Camp capacity: 145/200
2015-08-02 13:20:25 :  - No. of Barbarians: 66
2015-08-02 13:20:26 :  - No. of Archers: 79
2015-08-02 13:20:26 : Training Troops...
2015-08-02 13:20:33 : Time Idle: 00:00:22
2015-08-02 13:20:33 : ====== Waiting for full army ======
2015-08-02 13:20:45 : Checking Army Camp...
2015-08-02 13:20:47 : Total Army Camp capacity: 148/200
2015-08-02 13:20:48 :  - No. of Barbarians: 69
2015-08-02 13:20:48 :  - No. of Archers: 79
2015-08-02 13:20:48 : Training Troops...
2015-08-02 13:20:56 : Time Idle: 00:00:44
2015-08-02 13:20:56 : ====== Waiting for full army ======
2015-08-02 13:21:08 : Checking Army Camp...
2015-08-02 13:21:10 : Total Army Camp capacity: 152/200
2015-08-02 13:21:11 :  - No. of Barbarians: 73
2015-08-02 13:21:11 :  - No. of Archers: 79
2015-08-02 13:21:11 : Training Troops...
2015-08-02 13:21:18 : Time Idle: 00:01:07
2015-08-02 13:21:19 : ====== Waiting for full army ======
2015-08-02 13:21:30 : Collecting Resources
2015-08-02 13:21:36 : Checking Army Camp...
2015-08-02 13:21:38 : Total Army Camp capacity: 156/200
2015-08-02 13:21:39 :  - No. of Barbarians: 78
2015-08-02 13:21:39 :  - No. of Archers: 79
2015-08-02 13:21:39 : Training Troops...
2015-08-02 13:21:47 : Time Idle: 00:01:35
2015-08-02 13:21:47 : ====== Waiting for full army ======
2015-08-02 13:21:59 : Checking Army Camp...
2015-08-02 13:22:00 : Total Army Camp capacity: 160/200
2015-08-02 13:22:01 :  - No. of Barbarians: 81
2015-08-02 13:22:02 :  - No. of Archers: 79
2015-08-02 13:22:02 : Training Troops...
2015-08-02 13:22:09 : Time Idle: 00:01:57
2015-08-02 13:22:09 : ====== Waiting for full army ======
2015-08-02 13:22:21 : Checking Army Camp...
2015-08-02 13:22:23 : Total Army Camp capacity: 163/200
2015-08-02 13:22:24 :  - No. of Barbarians: 84
2015-08-02 13:22:24 :  - No. of Archers: 79
2015-08-02 13:22:24 : Training Troops...
2015-08-02 13:22:31 : Time Idle: 00:02:19
2015-08-02 13:22:32 : ====== Waiting for full army ======
2015-08-02 13:22:43 : Checking Army Camp...
2015-08-02 13:22:45 : Total Army Camp capacity: 166/200
2015-08-02 13:22:46 :  - No. of Barbarians: 87
2015-08-02 13:22:46 :  - No. of Archers: 79
2015-08-02 13:22:47 : Training Troops...
2015-08-02 13:22:54 : Time Idle: 00:02:41
2015-08-02 13:22:54 : ====== Waiting for full army ======
2015-08-02 13:23:06 : Checking Army Camp...
2015-08-02 13:23:07 : Total Army Camp capacity: 169/200
2015-08-02 13:23:09 :  - No. of Barbarians: 90
2015-08-02 13:23:09 :  - No. of Archers: 79
2015-08-02 13:23:09 : Training Troops...
2015-08-02 13:23:16 : Time Idle: 00:03:03
2015-08-02 13:23:16 : ====== Waiting for full army ======
2015-08-02 13:23:28 : Checking Army Camp...
2015-08-02 13:23:30 : Total Army Camp capacity: 173/200
2015-08-02 13:23:31 :  - No. of Barbarians: 94
2015-08-02 13:23:31 :  - No. of Archers: 79
2015-08-02 13:23:31 : Training Troops...
2015-08-02 13:23:38 : Time Idle: 00:03:25
2015-08-02 13:23:39 : ====== Waiting for full army ======
2015-08-02 13:23:50 : Checking Army Camp...
2015-08-02 13:23:52 : Total Army Camp capacity: 176/200
2015-08-02 13:23:53 :  - No. of Barbarians: 97
2015-08-02 13:23:53 :  - No. of Archers: 79
2015-08-02 13:23:54 : Training Troops...
2015-08-02 13:24:01 : Time Idle: 00:03:48
2015-08-02 13:24:02 : ====== Waiting for full army ======
2015-08-02 13:24:13 : Checking Army Camp...
2015-08-02 13:24:15 : Total Army Camp capacity: 180/200
2015-08-02 13:24:17 :  - No. of Barbarians: 101
2015-08-02 13:24:17 :  - No. of Archers: 79
2015-08-02 13:24:17 : Training Troops...
2015-08-02 13:24:24 : Time Idle: 00:04:10
2015-08-02 13:24:24 : ====== Waiting for full army ======
2015-08-02 13:24:36 : Checking Army Camp...
2015-08-02 13:24:38 : Total Army Camp capacity: 183/200
2015-08-02 13:24:39 :  - No. of Barbarians: 104
2015-08-02 13:24:39 :  - No. of Archers: 79
2015-08-02 13:24:39 : Training Troops...
2015-08-02 13:24:47 : Time Idle: 00:04:33
2015-08-02 13:24:47 : ====== Waiting for full army ======
2015-08-02 13:24:59 : Checking Army Camp...
2015-08-02 13:25:00 : Total Army Camp capacity: 187/200
2015-08-02 13:25:02 :  - No. of Barbarians: 108
2015-08-02 13:25:02 :  - No. of Archers: 79
2015-08-02 13:25:02 : Training Troops...
2015-08-02 13:25:10 : Time Idle: 00:04:55
2015-08-02 13:25:10 : ====== Waiting for full army ======
2015-08-02 13:25:21 : Checking Army Camp...
2015-08-02 13:25:23 : Total Army Camp capacity: 190/200
2015-08-02 13:25:25 :  - No. of Barbarians: 111
2015-08-02 13:25:25 :  - No. of Archers: 79
2015-08-02 13:25:25 : Training Troops...
2015-08-02 13:25:32 : Time Idle: 00:05:18
2015-08-02 13:25:32 : ====== Waiting for full army ======
2015-08-02 13:25:44 : Collecting Resources
2015-08-02 13:25:52 : Checking Army Camp...
2015-08-02 13:25:54 : Total Army Camp capacity: 194/200
2015-08-02 13:25:55 :  - No. of Barbarians: 116
2015-08-02 13:25:55 :  - No. of Archers: 79
2015-08-02 13:25:56 : Training Troops...
2015-08-02 13:26:03 : Time Idle: 00:05:48
2015-08-02 13:26:03 : ====== Waiting for full army ======
2015-08-02 13:26:15 : Checking Army Camp...
2015-08-02 13:26:17 : Total Army Camp capacity: 198/200
2015-08-02 13:26:18 :  - No. of Barbarians: 119
2015-08-02 13:26:18 :  - No. of Archers: 79
2015-08-02 13:26:18 : Training Troops...
2015-08-02 13:26:26 : Checking Army Camp...
2015-08-02 13:26:28 : Total Army Camp capacity: 199/200
2015-08-02 13:26:29 :  - No. of Barbarians: 10
2015-08-02 13:26:29 :  - No. of Archers: 79
2015-08-02 13:26:29 : Training Troops...
2015-08-02 13:26:30 : Your Army Camps are now Full
2015-08-02 13:26:47 : Going to Attack...
2015-08-02 13:26:53 : ============== Searching For Dead Base ===============
2015-08-02 13:26:53 : ~~~~~~~~~~~~~~~ SEARCH CONDITIONS ~~~~~~~~~~~~~~~~
2015-08-02 13:26:53 : Meet: Gold and Elixir, Max TH 8, Weak Base(Mortar: 5, WizTower: 4)
2015-08-02 13:26:53 : ~~~~~~~~~~~~~~ RESOURCE CONDITIONS ~~~~~~~~~~~~~~~
2015-08-02 13:26:53 : Aim: [G]: 200000 [E]: 200000 [D]:    0 [T]: 0 [TH]: 8 for: Dead Base
2015-08-02 13:26:53 : ~~~~~~~~~~~~~~~ ADVANCED SETTINGS ~~~~~~~~~~~~~~~~
2015-08-02 13:26:53 : THSnipe Combo, 1 Tile(s), 
2015-08-02 13:26:53 : ==================================================
2015-08-02 13:26:55 :   1> [G]:  64509 [E]: 139847 [D]:  717 [T]:29 [TH]: 9, In
2015-08-02 13:26:56 : ~~~~~~~~~ Not a Weak Base for Dead Base ~~~~~~~~~~
2015-08-02 13:27:00 :   2> [G]:  52706 [E]: 102454 [D]: 1138 [T]:33 [TH]: 8, In
2015-08-02 13:27:02 : ~~~~~~~~~ Not a Weak Base for Dead Base ~~~~~~~~~~
2015-08-02 13:27:09 :   3> [G]:  96360 [E]: 187851 [D]:  560 [T]:15 [TH]: 9, In
2015-08-02 13:27:10 : ~~~~~~~~~ Not a Weak Base for Dead Base ~~~~~~~~~~
2015-08-02 13:27:14 :   4> [G]: 300689 [E]: 158610 [D]:  107 [T]:15 [TH]: 8, Out
2015-08-02 13:27:15 : ~~~~~~~~~~~~~~~ TH Outside Found! ~~~~~~~~~~~~~~~~
2015-08-02 13:27:15 : ================ Search Complete =================
2015-08-02 13:27:16 : Initiating attack for: TH Snipe
2015-08-02 13:27:18 : -Barbarians 120
2015-08-02 13:27:19 : -Archers 79
2015-08-02 13:27:19 : -Clan Castle 
2015-08-02 13:27:19 : -King 
2015-08-02 13:27:19 : -Lightning Spells 3
2015-08-02 13:27:19 : -Poison Spells 1
2015-08-02 13:27:19 :  ====== Start Attack ====== 
2015-08-02 13:27:21 : Normal Attacking TH Outside with BAM PULSE!
2015-08-02 13:27:21 : Dropping first wave of 6 Barbarians
2015-08-02 13:27:23 : Deployment of Barbarians Successful!
2015-08-02 13:27:24 : Dropping first wave of 6 Archers
2015-08-02 13:27:26 : Deployment of Archers Successful!
2015-08-02 13:27:28 : No  troop Found!!!
2015-08-02 13:27:58 : Dropping second wave of 6 Barbarians
2015-08-02 13:28:00 : Deployment of Barbarians Successful!
2015-08-02 13:28:02 : Dropping second wave of 6 Archers
2015-08-02 13:28:03 : Deployment of Archers Successful!
2015-08-02 13:28:05 : No  troop Found!!!
2015-08-02 13:28:26 : Dropping third wave of 6 Barbarians
2015-08-02 13:28:27 : Deployment of Barbarians Successful!
2015-08-02 13:28:29 : No  troop Found!!!
2015-08-02 13:28:29 : Dropping third wave of 6 Archers
2015-08-02 13:28:31 : Deployment of Archers Successful!
2015-08-02 13:28:53 : Normal Attacking TH Outside in FULL!
2015-08-02 13:28:53 : No  troop Found!!!
2015-08-02 13:28:53 : No  troop Found!!!
2015-08-02 13:28:53 : Dropping first wave of 25 Archers
2015-08-02 13:28:56 : Deployment of Archers Successful!
2015-08-02 13:28:58 : Dropping first wave of 25 Barbarians
2015-08-02 13:29:01 : Deployment of Barbarians Successful!
2015-08-02 13:29:04 : Townhall has been destroyed!
2015-08-02 13:29:07 : Checking if the battle has finished
2015-08-02 13:29:09 : detected [G]:  [E]:  [DE]:  |  Exit now 
2015-08-02 13:29:09 : Gold & Elixir & DE = 0, end battle 
2015-08-02 13:29:10 : Battle has finished
2015-08-02 13:29:10 : Returning Home
2015-08-02 13:29:15 : Loot: [G]: 397 [E]: 10 558 [DE]:  [T]: 5
2015-08-02 13:29:15 : Bonus [G]: 11 000 [E]: 11 000
2015-08-02 13:29:17 : Your league level is: Gold II
2015-08-02 13:29:17 : Stars earned: 1
2015-08-02 13:29:24 : Trying to locate Main Screen
2015-08-02 13:29:25 : Main Screen Located
2015-08-02 13:29:26 : Collecting Resources
2015-08-02 13:29:33 : Checking if Village needs Rearming..
2015-08-02 13:29:42 : Village Report
2015-08-02 13:29:42 : No. of Free/Total Builders: 0/4
2015-08-02 13:29:42 :  [T]: 1 670
2015-08-02 13:29:42 :  [G]: 5 359 284 [E]: 4 770 864 [D]: 59 611 [GEM]: 953
2015-08-02 13:29:44 : Checking Army Camp...
2015-08-02 13:29:46 : Total Army Camp capacity: 134/200
2015-08-02 13:29:47 :  - No. of Barbarians: 77
2015-08-02 13:29:47 :  - No. of Archers: 57
2015-08-02 13:29:48 : Barracks and Spell factory status: 
2015-08-02 13:29:48 : - Barracks detected: 4 | Available: 3 | Upgrading: 1
2015-08-02 13:29:48 : - Dark Barracks detected: 2 | Available: 2 | Upgrading: 0
2015-08-02 13:29:48 : - Spell factory detected: 1 | Available: 1 | Upgrading: 0
2015-08-02 13:29:48 : - Dark Spell factory detected: 1 | Available: 0 | Upgrading: 1
2015-08-02 13:29:48 : Training Troops...
2015-08-02 13:30:07 :  ====== Unbreakable Mode restarted! ====== 
2015-08-02 13:30:07 : Oops, wait for 70% troops filled
2015-08-02 13:30:08 : Trying to locate Main Screen
2015-08-02 13:30:08 : Main Screen Located
2015-08-02 13:30:09 : Collecting Resources
2015-08-02 13:30:16 : Checking if Village needs Rearming..
2015-08-02 13:30:24 : Village Report
2015-08-02 13:30:24 : No. of Free/Total Builders: 0/4
2015-08-02 13:30:24 :  [T]: 1 670
2015-08-02 13:30:24 :  [G]: 5 359 284 [E]: 4 793 100 [D]: 59 611 [GEM]: 953
2015-08-02 13:30:27 : Checking Army Camp...
2015-08-02 13:30:28 : Total Army Camp capacity: 137/200
2015-08-02 13:30:30 :  - No. of Barbarians: 77
2015-08-02 13:30:30 :  - No. of Archers: 60
2015-08-02 13:30:30 : Training Troops...
2015-08-02 13:30:38 :  ====== Unbreakable Mode enabled! ====== 
2015-08-02 13:30:38 : Oops, wait for 70% troops filled
2015-08-02 13:30:39 : Trying to locate Main Screen
2015-08-02 13:30:39 : Main Screen Located
2015-08-02 13:30:41 : Collecting Resources
2015-08-02 13:30:48 : Checking if Village needs Rearming..
2015-08-02 13:30:56 : Village Report
2015-08-02 13:30:56 : No. of Free/Total Builders: 0/4
2015-08-02 13:30:56 :  [T]: 1 670
2015-08-02 13:30:56 :  [G]: 5 361 316 [E]: 4 793 100 [D]: 59 613 [GEM]: 953
2015-08-02 13:30:59 : Checking Army Camp...
2015-08-02 13:31:00 : Total Army Camp capacity: 140/200
2015-08-02 13:31:02 :  - No. of Barbarians: 77
2015-08-02 13:31:02 :  - No. of Archers: 63
2015-08-02 13:31:02 : Training Troops...
2015-08-02 13:31:11 :  ====== Unbreakable Mode enabled! ====== 
2015-08-02 13:31:11 : Oops, wait for 70% troops filled
2015-08-02 13:31:12 : Trying to locate Main Screen
2015-08-02 13:31:12 : Main Screen Located
2015-08-02 13:31:13 : Collecting Resources
2015-08-02 13:31:19 : Checking if Village needs Rearming..
2015-08-02 13:31:27 : Village Report
2015-08-02 13:31:27 : No. of Free/Total Builders: 0/4
2015-08-02 13:31:27 :  [T]: 1 670
2015-08-02 13:31:27 :  [G]: 5 361 856 [E]: 4 793 100 [D]: 59 613 [GEM]: 953
2015-08-02 13:31:30 : Checking Army Camp...
2015-08-02 13:31:32 : Total Army Camp capacity: 144/200
2015-08-02 13:31:33 :  - No. of Barbarians: 77
2015-08-02 13:31:33 :  - No. of Archers: 67
2015-08-02 13:31:33 : Training Troops...
2015-08-02 13:31:42 :  ====== Unbreakable Mode enabled! ====== 
2015-08-02 13:31:42 : Oops, Out of Dark Elxir - back to farming
2015-08-02 13:31:42 : Checking Troop Upgrade in Laboratory ...
2015-08-02 13:31:42 : Updating village values [E]: 4793100 [D]: 59613
2015-08-02 13:31:44 : Insufficent Elixir for Pekka, Lab requires: 6000000 + 250000 user reserve
2015-08-02 13:31:47 : ====== Waiting for full army ======
2015-08-02 13:31:59 : Checking Army Camp...
2015-08-02 13:32:01 : Total Army Camp capacity: 148/200
2015-08-02 13:32:02 :  - No. of Barbarians: 77
2015-08-02 13:32:02 :  - No. of Archers: 71
2015-08-02 13:32:02 : Training Troops...
2015-08-02 13:32:09 : Time Idle: 00:00:21
2015-08-02 13:32:09 : ====== Waiting for full army ======
2015-08-02 13:32:21 : Checking Army Camp...
2015-08-02 13:32:23 : Total Army Camp capacity: 150/200
2015-08-02 13:32:24 :  - No. of Barbarians: 77
2015-08-02 13:32:24 :  - No. of Archers: 73
2015-08-02 13:32:24 : Training Troops...
2015-08-02 13:32:31 : Time Idle: 00:00:43
2015-08-02 13:32:31 : ====== Waiting for full army ======
2015-08-02 13:32:43 : Checking Army Camp...
2015-08-02 13:32:45 : Total Army Camp capacity: 152/200
2015-08-02 13:32:46 :  - No. of Barbarians: 77
2015-08-02 13:32:46 :  - No. of Archers: 75
2015-08-02 13:32:46 : Training Troops...
2015-08-02 13:32:53 : Time Idle: 00:01:04
2015-08-02 13:32:53 : ====== Waiting for full army ======
2015-08-02 13:33:05 : Checking Army Camp...
2015-08-02 13:33:07 : Total Army Camp capacity: 156/200
2015-08-02 13:33:08 :  - No. of Barbarians: 78
2015-08-02 13:33:08 :  - No. of Archers: 78
2015-08-02 13:33:08 : Training Troops...
2015-08-02 13:33:16 : Time Idle: 00:01:27
2015-08-02 13:33:16 : ====== Waiting for full army ======
2015-08-02 13:33:27 : Checking Army Camp...
2015-08-02 13:33:29 : Total Army Camp capacity: 159/200
2015-08-02 13:33:30 :  - No. of Barbarians: 81
2015-08-02 13:33:31 :  - No. of Archers: 78
2015-08-02 13:33:31 : Training Troops...
2015-08-02 13:33:38 : Time Idle: 00:01:49
2015-08-02 13:33:38 : ====== Waiting for full army ======
2015-08-02 13:33:50 : Checking Army Camp...
2015-08-02 13:33:52 : Total Army Camp capacity: 163/200
2015-08-02 13:33:53 :  - No. of Barbarians: 85
2015-08-02 13:33:53 :  - No. of Archers: 78
2015-08-02 13:33:53 : Training Troops...
2015-08-02 13:34:01 : Time Idle: 00:02:11
2015-08-02 13:34:01 : ====== Waiting for full army ======
2015-08-02 13:34:13 : Checking Army Camp...
2015-08-02 13:34:14 : Total Army Camp capacity: 166/200
2015-08-02 13:34:16 :  - No. of Barbarians: 88
2015-08-02 13:34:16 :  - No. of Archers: 78
2015-08-02 13:34:16 : Training Troops...
2015-08-02 13:34:23 : Time Idle: 00:02:33
2015-08-02 13:34:23 : ====== Waiting for full army ======
2015-08-02 13:34:35 : Checking Army Camp...
2015-08-02 13:34:37 : Total Army Camp capacity: 170/200
2015-08-02 13:34:38 :  - No. of Barbarians: 92
2015-08-02 13:34:38 :  - No. of Archers: 78
2015-08-02 13:34:38 : Training Troops...
2015-08-02 13:34:46 : Time Idle: 00:02:56
2015-08-02 13:34:46 : ====== Waiting for full army ======
2015-08-02 13:34:58 : Checking Army Camp...
2015-08-02 13:35:00 : Total Army Camp capacity: 173/200
2015-08-02 13:35:01 :  - No. of Barbarians: 95
2015-08-02 13:35:01 :  - No. of Archers: 78
2015-08-02 13:35:01 : Training Troops...
2015-08-02 13:35:09 : Time Idle: 00:03:18
2015-08-02 13:35:09 : ====== Waiting for full army ======
2015-08-02 13:35:20 : Collecting Resources
2015-08-02 13:35:27 : Checking Army Camp...
2015-08-02 13:35:29 : Total Army Camp capacity: 177/200
2015-08-02 13:35:30 :  - No. of Barbarians: 99
2015-08-02 13:35:30 :  - No. of Archers: 78
2015-08-02 13:35:30 : Training Troops...
2015-08-02 13:35:37 : Time Idle: 00:03:47
2015-08-02 13:35:38 : ====== Waiting for full army ======
2015-08-02 13:35:49 : Checking Army Camp...
2015-08-02 13:35:51 : Total Army Camp capacity: 180/200
2015-08-02 13:35:52 :  - No. of Barbarians: 103
2015-08-02 13:35:52 :  - No. of Archers: 78
2015-08-02 13:35:52 : Training Troops...
2015-08-02 13:36:00 : Time Idle: 00:04:09
2015-08-02 13:36:00 : ====== Waiting for full army ======
2015-08-02 13:36:12 : Checking Army Camp...
2015-08-02 13:36:14 : Total Army Camp capacity: 184/200
2015-08-02 13:36:15 :  - No. of Barbarians: 106
2015-08-02 13:36:15 :  - No. of Archers: 78
2015-08-02 13:36:15 : Training Troops...
2015-08-02 13:36:22 : Time Idle: 00:04:31
2015-08-02 13:36:22 : ====== Waiting for full army ======
2015-08-02 13:36:34 : Checking Army Camp...
2015-08-02 13:36:36 : Total Army Camp capacity: 187/200
2015-08-02 13:36:37 :  - No. of Barbarians: 110
2015-08-02 13:36:37 :  - No. of Archers: 78
2015-08-02 13:36:37 : Training Troops...
2015-08-02 13:36:44 : Time Idle: 00:04:53
2015-08-02 13:36:45 : ====== Waiting for full army ======
2015-08-02 13:36:56 : Checking Army Camp...
2015-08-02 13:36:58 : Total Army Camp capacity: 191/200
2015-08-02 13:36:59 :  - No. of Barbarians: 113
2015-08-02 13:36:59 :  - No. of Archers: 78
2015-08-02 13:37:00 : Training Troops...
2015-08-02 13:37:07 : Time Idle: 00:05:15
2015-08-02 13:37:07 : ====== Waiting for full army ======
2015-08-02 13:37:19 : Checking Army Camp...
2015-08-02 13:37:21 : Total Army Camp capacity: 194/200
2015-08-02 13:37:22 :  - No. of Barbarians: 116
2015-08-02 13:37:22 :  - No. of Archers: 78
2015-08-02 13:37:22 : Training Troops...
2015-08-02 13:37:30 : Time Idle: 00:05:38
2015-08-02 13:37:30 : ====== Waiting for full army ======
2015-08-02 13:37:42 : Checking Army Camp...
2015-08-02 13:37:44 : Total Army Camp capacity: 197/200
2015-08-02 13:37:45 :  - No. of Barbarians: 119
2015-08-02 13:37:45 :  - No. of Archers: 78
2015-08-02 13:37:45 : Training Troops...
2015-08-02 13:37:52 : Checking Army Camp...
2015-08-02 13:37:54 : Total Army Camp capacity: 197/200
2015-08-02 13:37:55 :  - No. of Barbarians: 119
2015-08-02 13:37:55 :  - No. of Archers: 78
2015-08-02 13:37:55 : Training Troops...
2015-08-02 13:38:06 : Time Idle: 00:06:13
2015-08-02 13:38:06 : ====== Waiting for full army ======
2015-08-02 13:38:18 : Checking Army Camp...
2015-08-02 13:38:20 : Total Army Camp capacity: 198/200
2015-08-02 13:38:21 :  - No. of Barbarians: 119
2015-08-02 13:38:21 :  - No. of Archers: 79
2015-08-02 13:38:21 : Training Troops...
2015-08-02 13:38:28 : Time Idle: 00:06:36
2015-08-02 13:38:29 : ====== Waiting for full army ======
2015-08-02 13:38:40 : Checking Army Camp...
2015-08-02 13:38:42 : Total Army Camp capacity: 200/200
2015-08-02 13:38:43 :  - No. of Barbarians: 119
2015-08-02 13:38:43 :  - No. of Archers: 81
2015-08-02 13:38:44 : Training Troops...
2015-08-02 13:38:44 : Your Army Camps are now Full
2015-08-02 13:39:01 : Going to Attack...
2015-08-02 13:39:07 : ============== Searching For Dead Base ===============
2015-08-02 13:39:07 : ~~~~~~~~~~~~~~~ SEARCH CONDITIONS ~~~~~~~~~~~~~~~~
2015-08-02 13:39:07 : Meet: Gold and Elixir, Max TH 8, Weak Base(Mortar: 5, WizTower: 4)
2015-08-02 13:39:07 : ~~~~~~~~~~~~~~ RESOURCE CONDITIONS ~~~~~~~~~~~~~~~
2015-08-02 13:39:07 : Aim: [G]: 200000 [E]: 200000 [D]:    0 [T]: 0 [TH]: 8 for: Dead Base
2015-08-02 13:39:07 : ~~~~~~~~~~~~~~~ ADVANCED SETTINGS ~~~~~~~~~~~~~~~~
2015-08-02 13:39:07 : THSnipe Combo, 1 Tile(s), 
2015-08-02 13:39:07 : ==================================================
2015-08-02 13:39:09 :   1> [G]: 119979 [E]: 190582 [D]:  823 [T]:14 [TH]: 8, In
2015-08-02 13:39:11 : ~~~~~~~~~ Not a Weak Base for Dead Base ~~~~~~~~~~
2015-08-02 13:39:14 :   2> [G]:   6947 [E]:   6412 [D]:  N/A [T]:13 [TH]:4-6, In
2015-08-02 13:39:16 : ~~~~~~~~~ Not a Weak Base for Dead Base ~~~~~~~~~~
2015-08-02 13:39:19 :   3> [G]: 101375 [E]: 166552 [D]:  397 [T]:27 [TH]: 8, In
2015-08-02 13:39:22 : ~~~~~~~~~ Not a Weak Base for Dead Base ~~~~~~~~~~
2015-08-02 13:39:25 :   4> [G]:  98214 [E]:  87056 [D]:   76 [T]:19 [TH]: 9, In
2015-08-02 13:39:27 : ~~~~~~~~~ Not a Weak Base for Dead Base ~~~~~~~~~~
2015-08-02 13:39:30 :   5> [G]:  31449 [E]:  48245 [D]:  221 [T]:23 [TH]: 7, In
2015-08-02 13:39:33 : ~~~~~~~~~ Not a Weak Base for Dead Base ~~~~~~~~~~
2015-08-02 13:39:36 :   6> [G]:  40529 [E]: 158786 [D]:   49 [T]:21 [TH]: 8, In
2015-08-02 13:39:38 : ~~~~~~~~~ Not a Weak Base for Dead Base ~~~~~~~~~~
2015-08-02 13:39:41 :   7> [G]:  85705 [E]:  70928 [D]:  N/A [T]:22 [TH]: 7, In
2015-08-02 13:39:47 :   8> [G]:  31401 [E]:  52531 [D]:  648 [T]:14 [TH]: 7, In
2015-08-02 13:39:49 : ~~~~~~~~~ Not a Weak Base for Dead Base ~~~~~~~~~~
2015-08-02 13:39:52 :   9> [G]:  76897 [E]: 106203 [D]:  399 [T]:32 [TH]: 8, In
2015-08-02 13:39:54 : ~~~~~~~~~ Not a Weak Base for Dead Base ~~~~~~~~~~
2015-08-02 13:39:57 :  10> [G]: 101019 [E]:  58183 [D]:  528 [T]:14 [TH]: 8, In
2015-08-02 13:39:59 : ~~~~~~~~~ Not a Weak Base for Dead Base ~~~~~~~~~~
2015-08-02 13:40:02 :  11> [G]: 141352 [E]: 102297 [D]:  809 [T]:20 [TH]: 8, In
2015-08-02 13:40:04 : ~~~~~~~~~ Not a Weak Base for Dead Base ~~~~~~~~~~
2015-08-02 13:40:08 :  12> [G]:  76929 [E]: 158856 [D]:  514 [T]:32 [TH]: 8, In
2015-08-02 13:40:10 : ~~~~~~~~~ Not a Weak Base for Dead Base ~~~~~~~~~~
2015-08-02 13:40:13 :  13> [G]:  12150 [E]:  12150 [D]:    0 [T]:28 [TH]: 7, In
2015-08-02 13:40:14 : ~~~~~~~~~ Not a Weak Base for Dead Base ~~~~~~~~~~
2015-08-02 13:40:18 :  14> [G]:  96704 [E]: 105100 [D]:  226 [T]:34 [TH]: 8, In
2015-08-02 13:40:20 : ~~~~~~~~~ Not a Weak Base for Dead Base ~~~~~~~~~~
2015-08-02 13:40:23 :  15> [G]:  74887 [E]:  67359 [D]:   59 [T]:33 [TH]: 7, In
2015-08-02 13:40:25 : ~~~~~~~~~ Not a Weak Base for Dead Base ~~~~~~~~~~
2015-08-02 13:40:29 :  16> [G]: 130337 [E]: 199169 [D]:  296 [T]:34 [TH]: 8, In
2015-08-02 13:40:31 : ~~~~~~~~~ Not a Weak Base for Dead Base ~~~~~~~~~~
2015-08-02 13:40:34 :  17> [G]:  64863 [E]: 130671 [D]:  221 [T]:28 [TH]: 9, Out
2015-08-02 13:40:36 : ~~~~~~~~~~~~~~~ TH Outside Found! ~~~~~~~~~~~~~~~~
2015-08-02 13:40:36 : ================ Search Complete =================
2015-08-02 13:40:37 : Initiating attack for: TH Snipe
2015-08-02 13:40:39 : -Barbarians 119
2015-08-02 13:40:39 : -Archers 81
2015-08-02 13:40:39 : -Clan Castle 
2015-08-02 13:40:39 : -King 
2015-08-02 13:40:39 : -Lightning Spells 3
2015-08-02 13:40:39 : -Poison Spells 1
2015-08-02 13:40:39 :  ====== Start Attack ====== 
2015-08-02 13:40:41 : Normal Attacking TH Outside with BAM PULSE!
2015-08-02 13:40:42 : Dropping first wave of 6 Barbarians
2015-08-02 13:40:43 : Deployment of Barbarians Successful!
2015-08-02 13:40:45 : Dropping first wave of 6 Archers
2015-08-02 13:40:47 : Deployment of Archers Successful!
2015-08-02 13:40:48 : No  troop Found!!!
2015-08-02 13:41:07 : Townhall has been destroyed!
2015-08-02 13:41:10 : Checking if the battle has finished
2015-08-02 13:41:12 : detected [G]:  [E]:  [DE]:  |  Exit now 
2015-08-02 13:41:12 : Gold & Elixir & DE = 0, end battle 
2015-08-02 13:41:13 : Battle has finished
2015-08-02 13:41:13 : Returning Home
2015-08-02 13:41:17 : Loot: [G]: 1 000 [E]: 1 000 [DE]:  [T]: 9
2015-08-02 13:41:18 : Bonus [G]: 11 000 [E]: 11 000
2015-08-02 13:41:19 : Your league level is: Gold II
2015-08-02 13:41:19 : Stars earned: 1
2015-08-02 13:41:27 : Trying to locate Main Screen
2015-08-02 13:41:27 : Main Screen Located
2015-08-02 13:41:28 : Collecting Resources
2015-08-02 13:41:37 : Checking if Village needs Rearming..
2015-08-02 13:41:45 : Village Report
2015-08-02 13:41:45 : No. of Free/Total Builders: 0/4
2015-08-02 13:41:45 :  [T]: 1 679
2015-08-02 13:41:46 :  [G]: 5 369 501 [E]: 4 770 487 [D]: 59 643 [GEM]: 953
2015-08-02 13:41:48 : Checking Army Camp...
2015-08-02 13:41:50 : Total Army Camp capacity: 200/200
2015-08-02 13:41:51 :  - No. of Barbarians: 113
2015-08-02 13:41:51 :  - No. of Archers: 87
2015-08-02 13:41:51 : Barracks and Spell factory status: 
2015-08-02 13:41:51 : - Barracks detected: 4 | Available: 3 | Upgrading: 1
2015-08-02 13:41:51 : - Dark Barracks detected: 2 | Available: 2 | Upgrading: 0
2015-08-02 13:41:51 : - Spell factory detected: 1 | Available: 1 | Upgrading: 0
2015-08-02 13:41:51 : - Dark Spell factory detected: 1 | Available: 0 | Upgrading: 1
2015-08-02 13:41:51 : Training Troops...
2015-08-02 13:41:52 : Your Army Camps are now Full
2015-08-02 13:42:16 :  ====== Unbreakable Mode restarted! ====== 
2015-08-02 13:42:16 : Oops, Out of Dark Elxir - back to farming
2015-08-02 13:42:16 : Checking Troop Upgrade in Laboratory ...
2015-08-02 13:42:16 : Updating village values [E]: 4764787 [D]: 59643
2015-08-02 13:42:18 : Insufficent Elixir for Pekka, Lab requires: 6000000 + 250000 user reserve
2015-08-02 13:42:22 : Going to Attack...
2015-08-02 13:42:27 : ============== Searching For Dead Base ===============
2015-08-02 13:42:27 : ~~~~~~~~~~~~~~~ SEARCH CONDITIONS ~~~~~~~~~~~~~~~~
2015-08-02 13:42:27 : Meet: Gold and Elixir, Max TH 8, Weak Base(Mortar: 5, WizTower: 4)
2015-08-02 13:42:27 : ~~~~~~~~~~~~~~ RESOURCE CONDITIONS ~~~~~~~~~~~~~~~
2015-08-02 13:42:27 : Aim: [G]: 200000 [E]: 200000 [D]:    0 [T]: 0 [TH]: 8 for: Dead Base
2015-08-02 13:42:27 : ~~~~~~~~~~~~~~~ ADVANCED SETTINGS ~~~~~~~~~~~~~~~~
2015-08-02 13:42:27 : THSnipe Combo, 1 Tile(s), 
2015-08-02 13:42:27 : ==================================================
2015-08-02 13:42:29 :   1> [G]: 233063 [E]:  49676 [D]:  609 [T]:17 [TH]: 7, In
2015-08-02 13:42:30 : ~~~~~~~~~ Not a Weak Base for Dead Base ~~~~~~~~~~
2015-08-02 13:42:33 :   2> [G]:  59954 [E]:  45925 [D]:  451 [T]:21 [TH]: 7, In
2015-08-02 13:42:36 : ~~~~~~~~~ Not a Weak Base for Dead Base ~~~~~~~~~~
2015-08-02 13:42:39 :   3> [G]:  65473 [E]: 151550 [D]:  857 [T]:32 [TH]: -, -
2015-08-02 13:42:41 : ~~~~~~~~~ Not a Weak Base for Dead Base ~~~~~~~~~~
2015-08-02 13:42:44 :   4> [G]: 107687 [E]: 101476 [D]:  240 [T]:22 [TH]: 8, In
2015-08-02 13:42:46 : ~~~~~~~~~ Not a Weak Base for Dead Base ~~~~~~~~~~
2015-08-02 13:42:49 :   5> [G]: 108956 [E]: 125376 [D]:  217 [T]:19 [TH]: 9, Out
2015-08-02 13:42:51 : ~~~~~~~~~~~~~~~ TH Outside Found! ~~~~~~~~~~~~~~~~
2015-08-02 13:42:51 : ================ Search Complete =================
2015-08-02 13:42:51 : Initiating attack for: TH Snipe
2015-08-02 13:42:54 : -Barbarians 113
2015-08-02 13:42:54 : -Archers 87
2015-08-02 13:42:54 : -Clan Castle 
2015-08-02 13:42:54 : -King 
2015-08-02 13:42:54 : -Lightning Spells 3
2015-08-02 13:42:54 : -Poison Spells 1
2015-08-02 13:42:54 :  ====== Start Attack ====== 
2015-08-02 13:42:56 : Normal Attacking TH Outside with BAM PULSE!
2015-08-02 13:42:56 : Dropping first wave of 6 Barbarians
2015-08-02 13:42:58 : Deployment of Barbarians Successful!
2015-08-02 13:43:00 : Dropping first wave of 6 Archers
2015-08-02 13:43:02 : Deployment of Archers Successful!
2015-08-02 13:43:03 : No  troop Found!!!
2015-08-02 13:43:34 : Dropping second wave of 6 Barbarians
2015-08-02 13:43:36 : Deployment of Barbarians Successful!
2015-08-02 13:43:37 : Dropping second wave of 6 Archers
2015-08-02 13:43:39 : Deployment of Archers Successful!
2015-08-02 13:43:41 : No  troop Found!!!
2015-08-02 13:44:01 : Dropping third wave of 6 Barbarians
2015-08-02 13:44:03 : Deployment of Barbarians Successful!
2015-08-02 13:44:05 : No  troop Found!!!
2015-08-02 13:44:05 : Dropping third wave of 6 Archers
2015-08-02 13:44:06 : Deployment of Archers Successful!
2015-08-02 13:44:28 : Normal Attacking TH Outside in FULL!
2015-08-02 13:44:28 : No  troop Found!!!
2015-08-02 13:44:28 : No  troop Found!!!
2015-08-02 13:44:28 : Dropping first wave of 25 Archers
2015-08-02 13:44:32 : Deployment of Archers Successful!
2015-08-02 13:44:33 : Dropping first wave of 25 Barbarians
2015-08-02 13:44:37 : Deployment of Barbarians Successful!
2015-08-02 13:44:40 : Townhall has been destroyed!
2015-08-02 13:44:43 : Checking if the battle has finished
2015-08-02 13:44:44 : detected [G]:  [E]:  [DE]:  |  Exit now 
2015-08-02 13:44:44 : Gold & Elixir & DE = 0, end battle 
2015-08-02 13:44:47 : Battle has finished
2015-08-02 13:44:47 : Returning Home
2015-08-02 13:44:51 : Loot: [G]: 1 000 [E]: 1 000 [DE]:  [T]: 6
2015-08-02 13:44:51 : Bonus [G]: 11 000 [E]: 11 000
2015-08-02 13:44:53 : Your league level is: Gold II
2015-08-02 13:44:53 : Stars earned: 1
2015-08-02 13:45:00 : Trying to locate Main Screen
2015-08-02 13:45:00 : Main Screen Located
2015-08-02 13:45:01 : Collecting Resources
2015-08-02 13:45:09 : Checking if Village needs Rearming..
2015-08-02 13:45:18 : Village Report
2015-08-02 13:45:18 : No. of Free/Total Builders: 0/4
2015-08-02 13:45:18 :  [T]: 1 685
2015-08-02 13:45:18 :  [G]: 5 378 601 [E]: 4 777 672 [D]: 59 653 [GEM]: 953
2015-08-02 13:45:20 : Checking Army Camp...
2015-08-02 13:45:22 : Total Army Camp capacity: 136/200
2015-08-02 13:45:23 :  - No. of Barbarians: 70
2015-08-02 13:45:23 :  - No. of Archers: 67
2015-08-02 13:45:24 : Barracks and Spell factory status: 
2015-08-02 13:45:24 : - Barracks detected: 4 | Available: 3 | Upgrading: 1
2015-08-02 13:45:24 : - Dark Barracks detected: 2 | Available: 2 | Upgrading: 0
2015-08-02 13:45:24 : - Spell factory detected: 1 | Available: 1 | Upgrading: 0
2015-08-02 13:45:24 : - Dark Spell factory detected: 1 | Available: 0 | Upgrading: 1
2015-08-02 13:45:24 : Training Troops...
2015-08-02 13:45:43 :  ====== Unbreakable Mode restarted! ====== 
2015-08-02 13:45:43 : Oops, wait for 70% troops filled
2015-08-02 13:45:44 : Trying to locate Main Screen
2015-08-02 13:45:44 : Main Screen Located
2015-08-02 13:45:45 : Collecting Resources
2015-08-02 13:45:51 : Checking if Village needs Rearming..
2015-08-02 13:45:59 : Village Report
2015-08-02 13:45:59 : No. of Free/Total Builders: 0/4
2015-08-02 13:45:59 :  [T]: 1 685
2015-08-02 13:45:59 :  [G]: 5 378 601 [E]: 4 800 788 [D]: 59 653 [GEM]: 953
2015-08-02 13:46:02 : Checking Army Camp...
2015-08-02 13:46:04 : Total Army Camp capacity: 141/200
2015-08-02 13:46:05 :  - No. of Barbarians: 70
2015-08-02 13:46:05 :  - No. of Archers: 71
2015-08-02 13:46:05 : Training Troops...
2015-08-02 13:46:14 :  ====== Unbreakable Mode enabled! ====== 
2015-08-02 13:46:14 : Oops, Out of Dark Elxir - back to farming
2015-08-02 13:46:14 : Checking Troop Upgrade in Laboratory ...
2015-08-02 13:46:14 : Updating village values [E]: 4800788 [D]: 59653
2015-08-02 13:46:16 : Insufficent Elixir for Pekka, Lab requires: 6000000 + 250000 user reserve
2015-08-02 13:46:20 : ====== Waiting for full army ======
2015-08-02 13:46:31 : Checking Army Camp...
2015-08-02 13:46:33 : Total Army Camp capacity: 144/200
2015-08-02 13:46:34 :  - No. of Barbarians: 70
2015-08-02 13:46:34 :  - No. of Archers: 74
2015-08-02 13:46:35 : Training Troops...
2015-08-02 13:46:41 : Time Idle: 00:00:21
2015-08-02 13:46:42 : ====== Waiting for full army ======
2015-08-02 13:46:53 : Checking Army Camp...
2015-08-02 13:46:55 : Total Army Camp capacity: 147/200
2015-08-02 13:46:56 :  - No. of Barbarians: 70
2015-08-02 13:46:56 :  - No. of Archers: 77
2015-08-02 13:46:57 : Training Troops...
2015-08-02 13:47:03 : Time Idle: 00:00:43
2015-08-02 13:47:03 : ====== Waiting for full army ======
2015-08-02 13:47:15 : Collecting Resources
2015-08-02 13:47:22 : Checking Army Camp...
2015-08-02 13:47:24 : Total Army Camp capacity: 150/200
2015-08-02 13:47:25 :  - No. of Barbarians: 70
2015-08-02 13:47:25 :  - No. of Archers: 80
2015-08-02 13:47:25 : Training Troops...
2015-08-02 13:47:32 : Time Idle: 00:01:12
2015-08-02 13:47:32 : ====== Waiting for full army ======
2015-08-02 13:47:44 : Checking Army Camp...
2015-08-02 13:47:46 : Total Army Camp capacity: 153/200
2015-08-02 13:47:47 :  - No. of Barbarians: 73
2015-08-02 13:47:47 :  - No. of Archers: 80
2015-08-02 13:47:47 : Training Troops...
2015-08-02 13:47:55 : Time Idle: 00:01:34
2015-08-02 13:47:55 : ====== Waiting for full army ======
2015-08-02 13:48:06 : Checking Army Camp...
2015-08-02 13:48:09 : Total Army Camp capacity: 157/200
2015-08-02 13:48:10 :  - No. of Barbarians: 77
2015-08-02 13:48:10 :  - No. of Archers: 80
2015-08-02 13:48:10 : Training Troops...
2015-08-02 13:48:17 : Time Idle: 00:01:56
2015-08-02 13:48:18 : ====== Waiting for full army ======
2015-08-02 13:48:29 : Checking Army Camp...
2015-08-02 13:48:31 : Total Army Camp capacity: 160/200
2015-08-02 13:48:32 :  - No. of Barbarians: 80
2015-08-02 13:48:32 :  - No. of Archers: 80
2015-08-02 13:48:33 : Training Troops...
2015-08-02 13:48:40 : Time Idle: 00:02:18
2015-08-02 13:48:40 : ====== Waiting for full army ======
2015-08-02 13:48:52 : Checking Army Camp...
2015-08-02 13:48:54 : Total Army Camp capacity: 164/200
2015-08-02 13:48:55 :  - No. of Barbarians: 84
2015-08-02 13:48:55 :  - No. of Archers: 80
2015-08-02 13:48:55 : Training Troops...
2015-08-02 13:49:02 : Time Idle: 00:02:40
2015-08-02 13:49:03 : ====== Waiting for full army ======
2015-08-02 13:49:14 : Checking Army Camp...
2015-08-02 13:49:16 : Total Army Camp capacity: 167/200
2015-08-02 13:49:17 :  - No. of Barbarians: 88
2015-08-02 13:49:17 :  - No. of Archers: 80
2015-08-02 13:49:18 : Training Troops...
2015-08-02 13:49:25 : Time Idle: 00:03:03
2015-08-02 13:49:25 : ====== Waiting for full army ======
2015-08-02 13:49:37 : Checking Army Camp...
2015-08-02 13:49:39 : Total Army Camp capacity: 171/200
2015-08-02 13:49:40 :  - No. of Barbarians: 91
2015-08-02 13:49:40 :  - No. of Archers: 80
2015-08-02 13:49:40 : Training Troops...
2015-08-02 13:49:47 : Time Idle: 00:03:25
2015-08-02 13:49:48 : ====== Waiting for full army ======
2015-08-02 13:49:59 : Checking Army Camp...
2015-08-02 13:50:01 : Total Army Camp capacity: 174/200
2015-08-02 13:50:02 :  - No. of Barbarians: 94
2015-08-02 13:50:02 :  - No. of Archers: 80
2015-08-02 13:50:02 : Training Troops...
2015-08-02 13:50:10 : Time Idle: 00:03:47
2015-08-02 13:50:10 : ====== Waiting for full army ======
2015-08-02 13:50:22 : Checking Army Camp...
2015-08-02 13:50:24 : Total Army Camp capacity: 177/200
2015-08-02 13:50:25 :  - No. of Barbarians: 97
2015-08-02 13:50:25 :  - No. of Archers: 80
2015-08-02 13:50:25 : Training Troops...
2015-08-02 13:50:32 : Time Idle: 00:04:09
2015-08-02 13:50:32 : ====== Waiting for full army ======
2015-08-02 13:50:44 : Checking Army Camp...
2015-08-02 13:50:46 : Total Army Camp capacity: 180/200
2015-08-02 13:50:47 :  - No. of Barbarians: 100
2015-08-02 13:50:47 :  - No. of Archers: 80
2015-08-02 13:50:47 : Training Troops...
2015-08-02 13:50:55 : Time Idle: 00:04:31
2015-08-02 13:50:55 : ====== Waiting for full army ======
2015-08-02 13:51:07 : Checking Army Camp...
2015-08-02 13:51:09 : Total Army Camp capacity: 184/200
2015-08-02 13:51:10 :  - No. of Barbarians: 104
2015-08-02 13:51:10 :  - No. of Archers: 80
2015-08-02 13:51:10 : Training Troops...
2015-08-02 13:51:18 : Time Idle: 00:04:54
2015-08-02 13:51:18 : ====== Waiting for full army ======
2015-08-02 13:51:30 : Collecting Resources
2015-08-02 13:51:36 : Checking Army Camp...
2015-08-02 13:51:38 : Total Army Camp capacity: 189/200
2015-08-02 13:51:39 :  - No. of Barbarians: 109
2015-08-02 13:51:40 :  - No. of Archers: 80
2015-08-02 13:51:40 : Training Troops...
2015-08-02 13:51:47 : Time Idle: 00:05:23
2015-08-02 13:51:47 : ====== Waiting for full army ======
2015-08-02 13:51:59 : Checking Army Camp...
2015-08-02 13:52:01 : Total Army Camp capacity: 192/200
2015-08-02 13:52:02 :  - No. of Barbarians: 112
2015-08-02 13:52:02 :  - No. of Archers: 80
2015-08-02 13:52:02 : Training Troops...
2015-08-02 13:52:10 : Time Idle: 00:05:46
2015-08-02 13:52:10 : ====== Waiting for full army ======
2015-08-02 13:52:22 : Checking Army Camp...
2015-08-02 13:52:24 : Total Army Camp capacity: 195/200
2015-08-02 13:52:25 :  - No. of Barbarians: 115
2015-08-02 13:52:25 :  - No. of Archers: 80
2015-08-02 13:52:25 : Training Troops...
2015-08-02 13:52:32 : Time Idle: 00:06:08
2015-08-02 13:52:33 : ====== Waiting for full army ======
2015-08-02 13:52:44 : Checking Army Camp...
2015-08-02 13:52:46 : Total Army Camp capacity: 198/200
2015-08-02 13:52:47 :  - No. of Barbarians: 118
2015-08-02 13:52:47 :  - No. of Archers: 80
2015-08-02 13:52:47 : Training Troops...
2015-08-02 13:52:55 : Checking Army Camp...
2015-08-02 13:52:57 : Total Army Camp capacity: 198/200
2015-08-02 13:52:58 :  - No. of Barbarians: 118
2015-08-02 13:52:58 :  - No. of Archers: 80
2015-08-02 13:52:58 : Training Troops...
2015-08-02 13:53:09 : Time Idle: 00:06:44
2015-08-02 13:53:09 : ====== Waiting for full army ======
2015-08-02 13:53:21 : Checking Army Camp...
2015-08-02 13:53:23 : Total Army Camp capacity: 199/200
2015-08-02 13:53:24 :  - No. of Barbarians: 118
2015-08-02 13:53:24 :  - No. of Archers: 81
2015-08-02 13:53:24 : Training Troops...
2015-08-02 13:53:25 : Your Army Camps are now Full
2015-08-02 13:53:44 : Going to Attack...
2015-08-02 13:53:50 : ============== Searching For Dead Base ===============
2015-08-02 13:53:50 : ~~~~~~~~~~~~~~~ SEARCH CONDITIONS ~~~~~~~~~~~~~~~~
2015-08-02 13:53:50 : Meet: Gold and Elixir, Max TH 8, Weak Base(Mortar: 5, WizTower: 4)
2015-08-02 13:53:50 : ~~~~~~~~~~~~~~ RESOURCE CONDITIONS ~~~~~~~~~~~~~~~
2015-08-02 13:53:50 : Aim: [G]: 200000 [E]: 200000 [D]:    0 [T]: 0 [TH]: 8 for: Dead Base
2015-08-02 13:53:50 : ~~~~~~~~~~~~~~~ ADVANCED SETTINGS ~~~~~~~~~~~~~~~~
2015-08-02 13:53:50 : THSnipe Combo, 1 Tile(s), 
2015-08-02 13:53:50 : ==================================================
2015-08-02 13:53:51 :   1> [G]: 161727 [E]: 107982 [D]:  460 [T]:13 [TH]: 7, In
2015-08-02 13:53:53 : ~~~~~~~~~ Not a Weak Base for Dead Base ~~~~~~~~~~
2015-08-02 13:53:56 :   2> [G]: 161528 [E]:  15963 [D]:  440 [T]:13 [TH]: 7, In
2015-08-02 13:53:58 : ~~~~~~~~~ Not a Weak Base for Dead Base ~~~~~~~~~~
2015-08-02 13:54:01 :   3> [G]:  99975 [E]: 130791 [D]:  213 [T]:32 [TH]: 8, Out
2015-08-02 13:54:04 : ~~~~~~~~~~~~~~~ TH Outside Found! ~~~~~~~~~~~~~~~~
2015-08-02 13:54:04 : ================ Search Complete =================
2015-08-02 13:54:04 : Initiating attack for: TH Snipe
2015-08-02 13:54:07 : -Barbarians 118
2015-08-02 13:54:07 : -Archers 82
2015-08-02 13:54:07 : -Clan Castle 
2015-08-02 13:54:07 : -King 
2015-08-02 13:54:07 : -Lightning Spells 3
2015-08-02 13:54:07 : -Poison Spells 1
2015-08-02 13:54:07 :  ====== Start Attack ====== 
2015-08-02 13:54:09 : Normal Attacking TH Outside with BAM PULSE!
2015-08-02 13:54:09 : Dropping first wave of 6 Barbarians
2015-08-02 13:54:10 : Zooming in...
2015-08-02 13:54:13 : Done zooming.
2015-08-02 13:54:13 : Scrolling to bottom...
2015-08-02 13:54:18 : Deployment of Barbarians Successful!
2015-08-02 13:54:19 : Dropping first wave of 6 Archers
2015-08-02 13:54:21 : Deployment of Archers Successful!
2015-08-02 13:54:23 : No  troop Found!!!
2015-08-02 13:54:53 : Dropping second wave of 6 Barbarians
2015-08-02 13:54:55 : Deployment of BarbariansNOT Successful!
2015-08-02 13:54:56 : Dropping second wave of 6 Archers
2015-08-02 13:54:57 : Deployment of Archers Successful!
2015-08-02 13:54:59 : No  troop Found!!!
2015-08-02 13:55:10 : Townhall has been destroyed!
2015-08-02 13:55:12 : Zooming Out
2015-08-02 13:55:20 : Checking if the battle has finished
2015-08-02 13:55:22 : detected [G]:  [E]:  [DE]:  |  Exit now 
2015-08-02 13:55:22 : Gold & Elixir & DE = 0, end battle 
2015-08-02 13:55:23 : Battle has finished
2015-08-02 13:55:23 : Returning Home
2015-08-02 13:55:27 : Loot: [G]: 1 000 [E]: 1 000 [DE]:  [T]: 10
2015-08-02 13:55:28 : Bonus [G]: 11 000 [E]: 11 000
2015-08-02 13:55:29 : Your league level is: Gold II
2015-08-02 13:55:29 : Stars earned: 1
2015-08-02 13:55:37 : Trying to locate Main Screen
2015-08-02 13:55:37 : Main Screen Located
2015-08-02 13:55:38 : Collecting Resources
2015-08-02 13:55:47 : Checking if Village needs Rearming..
2015-08-02 13:55:55 : Village Report
2015-08-02 13:55:56 : Cannot get Free/Total Builders
2015-08-02 13:55:56 : No. of Free/Total Builders: 0/0
2015-08-02 13:55:56 :  [T]: 1 695
2015-08-02 13:55:56 :  [G]: 5 396 125 [E]: 4 775 807 [D]: 59 683 [GEM]: 953
2015-08-02 13:55:58 : Checking Army Camp...
2015-08-02 13:56:00 : Total Army Camp capacity: 69/200
2015-08-02 13:56:01 :  - No. of Archers: 69
2015-08-02 13:56:01 : Barracks and Spell factory status: 
2015-08-02 13:56:01 : - Barracks detected: 4 | Available: 3 | Upgrading: 1
2015-08-02 13:56:01 : - Dark Barracks detected: 2 | Available: 2 | Upgrading: 0
2015-08-02 13:56:01 : - Spell factory detected: 1 | Available: 1 | Upgrading: 0
2015-08-02 13:56:01 : - Dark Spell factory detected: 1 | Available: 0 | Upgrading: 1
2015-08-02 13:56:01 : Training Troops...
2015-08-02 13:56:23 :  ====== Unbreakable Mode restarted! ====== 
2015-08-02 13:56:23 : Oops, wait for 70% troops filled
2015-08-02 13:56:24 : Trying to locate Main Screen
2015-08-02 13:56:24 : Main Screen Located
2015-08-02 13:56:25 : Collecting Resources
2015-08-02 13:56:32 : Checking if Village needs Rearming..
2015-08-02 13:56:40 : Village Report
2015-08-02 13:56:40 : No. of Free/Total Builders: 0/4
2015-08-02 13:56:40 :  [T]: 1 695
2015-08-02 13:56:40 :  [G]: 5 396 125 [E]: 4 790 207 [D]: 59 683 [GEM]: 953
2015-08-02 13:56:43 : Checking Army Camp...
2015-08-02 13:56:44 : Total Army Camp capacity: 74/200
2015-08-02 13:56:46 :  - No. of Archers: 74
2015-08-02 13:56:46 : Training Troops...
2015-08-02 13:56:54 :  ====== Unbreakable Mode enabled! ====== 
2015-08-02 13:56:54 : Oops, wait for 70% troops filled
2015-08-02 13:56:55 : Trying to locate Main Screen
2015-08-02 13:56:55 : Main Screen Located
2015-08-02 13:56:56 : Collecting Resources
2015-08-02 13:56:57 : ClashGameBot was Paused!
