2015-08-17 16:22:36 :  Clash Game Bot v4.1.1 MODS Powered by GameBot.org ~
2015-08-17 16:22:36 : GameBot.org.exe Executable running on WIN_7  X64
2015-08-17 16:22:36 : =================== Bot Start ====================
2015-08-17 16:22:36 : -------------------------  Current Profile: 01 --------------------------
2015-08-17 16:22:36 : Trying to locate Main Screen
2015-08-17 16:22:36 : Main Screen Located
2015-08-17 16:22:37 : Detecting your Buildings..
2015-08-17 16:22:43 : Language setting is English: Correct.
2015-08-17 16:22:44 : Trying to locate Main Screen
2015-08-17 16:22:44 : Main Screen Located
2015-08-17 16:22:46 : Village Report
2015-08-17 16:22:46 : No. of Free/Total Builders: 0/5
2015-08-17 16:22:46 :  [T]: 3 209
2015-08-17 16:22:46 :  [G]: 6 001 000 [E]: 750 053 [D]: 80 000 [GEM]: 2 098
2015-08-17 16:22:46 : Trying to locate Main Screen
2015-08-17 16:22:46 : Main Screen Located
2015-08-17 16:22:48 : Temprory account Detected...
2015-08-17 16:22:49 : Collecting Resources
2015-08-17 16:22:57 : Checking if Village needs Rearming..
2015-08-17 16:23:05 : Checking Army Camp...
2015-08-17 16:23:07 : Total Army Camp capacity: 200/200
2015-08-17 16:23:09 :  - No. of Barbarians: 73
2015-08-17 16:23:10 :  - No. of Archers: 47
2015-08-17 16:23:10 :  - No. of Giants: 16
2015-08-17 16:23:10 : Barracks and Spell factory status: 
2015-08-17 16:23:10 : - Barracks detected: 4 | Available: 4 | Upgrading: 0
2015-08-17 16:23:10 : - Dark Barracks detected: 2 | Available: 1 | Upgrading: 1
2015-08-17 16:23:10 : - Spell factory detected: 1 | Available: 1 | Upgrading: 0
2015-08-17 16:23:10 : - Dark Spell factory detected: 1 | Available: 1 | Upgrading: 0
2015-08-17 16:23:10 : Training Troops...
2015-08-17 16:23:11 : Your Army Camps are now Full
2015-08-17 16:23:11 : Too many Giant, train last.
2015-08-17 16:23:11 : Too few Arch, train first.
2015-08-17 16:23:11 : Too many Barb, train last.
2015-08-17 16:23:31 : 0
