2015-08-18 08:24:35 :  Clash Game Bot v4.1.1-6 merge Powered by GameBot.org 
2015-08-18 08:24:35 : GameBot.org.exe Executable running on WIN_7 Service Pack 1 X64
2015-08-18 08:24:35 : =================== Bot Start ====================
2015-08-18 08:24:35 : -------------------------  Current Profile: 01 --------------------------
2015-08-18 08:24:36 : Trying to locate Main Screen
2015-08-18 08:24:39 : Waiting for Main Screen
2015-08-18 08:24:41 : Main Screen Located
2015-08-18 08:24:42 : Detecting your Buildings..
2015-08-18 08:24:48 : Language setting is English: Correct.
2015-08-18 08:24:49 : Trying to locate Main Screen
2015-08-18 08:24:50 : Main Screen Located
2015-08-18 08:24:51 : Village Report
2015-08-18 08:24:51 : No. of Free/Total Builders: 0/4
2015-08-18 08:24:51 :  [T]: 2 567
2015-08-18 08:24:51 :  [G]: 5 377 753 [E]: 4 522 998 [D]: 6 677 [GEM]: 17
2015-08-18 08:24:52 : Collecting Resources
2015-08-18 08:25:02 : Chat Request: mnions
2015-08-18 08:25:04 : Chat Request: wiz po
2015-08-18 08:25:04 : Wizards Keyword found: wiz
2015-08-18 08:25:07 : No Wizards available to donate..
2015-08-18 08:25:09 : Chat Request: drag po plsss
2015-08-18 08:25:09 : Dragons Keyword found: drag
2015-08-18 08:25:12 : No Dragons available to donate..
2015-08-18 08:25:14 : Checking Army Camp...
2015-08-18 08:25:16 : Total Army Camp capacity: 194/220
2015-08-18 08:25:17 :  - No. of Barbarians: 86
2015-08-18 08:25:17 :  - No. of Archers: 108
2015-08-18 08:25:18 : Barracks and Spell factory status: 
2015-08-18 08:25:18 : - Barracks detected: 4 | Available: 4 | Upgrading: 0
2015-08-18 08:25:18 : - Dark Barracks detected: 2 | Available: 2 | Upgrading: 0
2015-08-18 08:25:18 : - Spell factory detected: 1 | Available: 1 | Upgrading: 0
2015-08-18 08:25:18 : - Dark Spell factory detected: 1 | Available: 1 | Upgrading: 0
2015-08-18 08:25:18 : Training Troops...
2015-08-18 08:25:30 : Spell Factory Full
2015-08-18 08:25:32 : 0
2015-08-18 08:25:34 : Requesting Clan Castle Troops
2015-08-18 08:25:35 : Request has already been made
2015-08-18 08:25:36 : ====== Waiting for full army ======
2015-08-18 08:25:48 : Checking Army Camp...
2015-08-18 08:25:50 : Total Army Camp capacity: 212/220
2015-08-18 08:25:51 :  - No. of Barbarians: 104
2015-08-18 08:25:51 :  - No. of Archers: 108
2015-08-18 08:25:52 : Training Troops...
2015-08-18 08:26:02 : Checking Army Camp...
2015-08-18 08:26:04 : Total Army Camp capacity: 218/220
2015-08-18 08:26:05 :  - No. of Barbarians: 110
2015-08-18 08:26:05 :  - No. of Archers: 108
2015-08-18 08:26:06 : Training Troops...
2015-08-18 08:26:20 : Spell Factory Full
2015-08-18 08:26:20 : Created 1 Spell(s)
2015-08-18 08:26:22 : Time Idle: 00:00:46
2015-08-18 08:26:22 : ====== Waiting for full army ======
2015-08-18 08:26:24 : Chat Request: any
2015-08-18 08:26:24 : Custom Donation Keyword found: any
2015-08-18 08:26:27 : No Giants available to donate..
2015-08-18 08:26:30 : No Minions available to donate..
2015-08-18 08:26:31 : Donating 6 Archers
2015-08-18 08:26:33 : Chat Request: mnions
2015-08-18 08:26:34 : Chat Request: wiz po
2015-08-18 08:26:34 : Wizards Keyword found: wiz
2015-08-18 08:26:38 : No Wizards available to donate..
2015-08-18 08:26:40 : Chat Request: drag po plsss
2015-08-18 08:26:40 : Dragons Keyword found: drag
2015-08-18 08:26:43 : No Dragons available to donate..
2015-08-18 08:26:56 : Checking Army Camp...
2015-08-18 08:26:58 : Total Army Camp capacity: 220/220
2015-08-18 08:26:59 :  - No. of Barbarians: 110
2015-08-18 08:26:59 :  - No. of Archers: 110
2015-08-18 08:26:59 : Training Troops...
2015-08-18 08:27:00 : Your Army Camps are now Full
2015-08-18 08:27:25 : Spell Factory not found...
2015-08-18 08:27:27 : Going to Attack...
2015-08-18 08:27:33 : ============== Searching For Dead Base ===============
2015-08-18 08:27:33 : ~~~~~~~~~~~~~~~ SEARCH CONDITIONS ~~~~~~~~~~~~~~~~
2015-08-18 08:27:33 : Meet: Gold or Elixir, Max TH 8
2015-08-18 08:27:33 : ~~~~~~~~~~~~~~ RESOURCE CONDITIONS ~~~~~~~~~~~~~~~
2015-08-18 08:27:33 : Aim: [G]:      0 [E]:      0 [D]:    0 [T]: 0 [TH]: 8 for: Dead Base
2015-08-18 08:27:33 : ============== Searching For Live Base ===============
2015-08-18 08:27:33 : ~~~~~~~~~~~~~~~ SEARCH CONDITIONS ~~~~~~~~~~~~~~~~
2015-08-18 08:27:33 : Meet: Gold or Elixir, Max TH 8
2015-08-18 08:27:33 : ~~~~~~~~~~~~~~ RESOURCE CONDITIONS ~~~~~~~~~~~~~~~
2015-08-18 08:27:33 : Aim: [G]:      0 [E]:      0 [D]:    0 [T]: 0 [TH]: 8 for: Live Base
2015-08-18 08:27:33 : ~~~~~~~~~~~~~~~ ADVANCED SETTINGS ~~~~~~~~~~~~~~~~
2015-08-18 08:27:33 : THSnipe Combo, 6 Tile(s), AttackTH, Attack6:PB6
2015-08-18 08:27:33 : ==================================================
2015-08-18 08:27:35 :   1> [G]:  59848 [E]:  87376 [D]: 1121 [T]:22 [TH]: 9, In
2015-08-18 08:27:42 :   2> [G]:  17200 [E]:  63889 [D]:  579 [T]:33 [TH]: 9, In
2015-08-18 08:27:47 :   3> [G]: 196992 [E]:  74332 [D]:  367 [T]:26 [TH]: 9, In
2015-08-18 08:27:52 :   4> [G]: 100067 [E]: 143001 [D]: 1464 [T]:14 [TH]: 9, In
2015-08-18 08:27:57 :   5> [G]:  33384 [E]:  18106 [D]:  361 [T]:17 [TH]: 9, In
2015-08-18 08:28:01 :   6> [G]:  40862 [E]:  42627 [D]:  999 [T]:30 [TH]:10, In
2015-08-18 08:28:07 :   7> [G]:  83966 [E]: 296603 [D]: 1305 [T]:15 [TH]:10, In
2015-08-18 08:28:11 :   8> [G]:  74716 [E]:  99124 [D]:  177 [T]:23 [TH]: 9, In
2015-08-18 08:28:18 :   9> [G]:  22544 [E]: 126435 [D]:  910 [T]:27 [TH]:10, In
2015-08-18 08:28:24 : Checking Trapped TH
2015-08-18 08:28:24 : Inferno Tower Found
2015-08-18 08:28:24 :  10> [G]:  51061 [E]:   6561 [D]:  910 [T]:30 [TH]:10, Out
2015-08-18 08:28:24 : Inferno Tower found near TH, skipping...
2015-08-18 08:28:24 : Trap found, skipping base...
2015-08-18 08:28:24 : ~~~~~~~~~~~~~~~ TH Outside Found! ~~~~~~~~~~~~~~~~
2015-08-18 08:28:24 : ================ Search Complete =================
2015-08-18 08:28:24 : Initiating attack for: TH Snipe
2015-08-18 08:28:27 : -Barbarians 110
2015-08-18 08:28:27 : -Archers 110
2015-08-18 08:28:27 : -Clan Castle 
2015-08-18 08:28:27 : -Heal Spells 4
2015-08-18 08:28:27 :  ====== Start Attack ====== 
2015-08-18 08:29:03 : Checking if the battle has finished
2015-08-18 08:29:04 : detected [G]:  [E]:  [DE]:  |  Exit now 
2015-08-18 08:29:04 : Battle has finished
2015-08-18 08:29:04 : Returning Home
2015-08-18 08:29:46 : End of Attack scene slow to appear, attack values my not be correct
2015-08-18 08:29:59 : End of Attack scene read gold error, attack values my not be correct
2015-08-18 08:29:59 : Loot: [G]:  [E]:  [DE]:  [T]: 
2015-08-18 08:30:00 : Bonus [G]:  [E]: 
2015-08-18 08:30:03 : Stars earned: 3
2015-08-18 08:31:45 : Cannot return home.
2015-08-18 08:31:45 : Trying to locate Main Screen
2015-08-18 08:31:46 : Waiting for Main Screen
2015-08-18 08:31:48 : Main Screen Located
2015-08-18 08:31:52 : Trying to locate Main Screen
2015-08-18 08:31:52 : Main Screen Located
2015-08-18 08:31:53 : Village Report
2015-08-18 08:31:54 : No. of Free/Total Builders: 0/4
2015-08-18 08:31:54 :  [T]: 2 567
2015-08-18 08:31:54 :  [G]: 5 371 073 [E]: 4 446 758 [D]: 6 685 [GEM]: 17
