2015-07-27 00:41:29 : ~~~ Clash Game Bot v4.1 Powered by GameBot.org ~~~
2015-07-27 00:41:29 : GameBot.org.exe Executable running on WIN_7  X64
2015-07-27 00:41:29 : =================== Bot Start ====================
2015-07-27 00:41:29 : -------------------------  Current Profile: 01 --------------------------
2015-07-27 00:41:29 : Trying to locate Main Screen
2015-07-27 00:41:29 : Main Screen Located
2015-07-27 00:41:30 : Detecting your Buildings..
2015-07-27 00:41:35 : Language setting is English: Correct.
2015-07-27 00:41:36 : Trying to locate Main Screen
2015-07-27 00:41:36 : Main Screen Located
2015-07-27 00:41:37 : Collecting Resources
2015-07-27 00:41:44 : Checking if Village needs Rearming..
2015-07-27 00:41:51 : Village Report
2015-07-27 00:41:51 : No. of Free/Total Builders: 1/4
2015-07-27 00:41:51 :  [T]: 1 317
2015-07-27 00:41:51 :  [G]: 301 620 [E]: 5 459 544 [D]: 40 367 [GEM]: 815
2015-07-27 00:41:54 : Checking Army Camp...
2015-07-27 00:41:56 : Total Army Camp capacity: 89/200
2015-07-27 00:41:57 :  - No. of Archers: 90
2015-07-27 00:41:57 : Barracks and Spell factory status: 
2015-07-27 00:41:57 : - Barracks detected: 4 | Available: 4 | Upgrading: 0
2015-07-27 00:41:57 : - Dark Barracks detected: 2 | Available: 2 | Upgrading: 0
2015-07-27 00:41:57 : - Spell factory detected: 1 | Available: 1 | Upgrading: 0
2015-07-27 00:41:57 : - Dark Spell factory detected: 1 | Available: 1 | Upgrading: 0
2015-07-27 00:41:57 : Training Troops...
2015-07-27 00:42:26 : Checking Troop Upgrade in Laboratory ...
2015-07-27 00:42:26 : Updating village values [E]: 5458344 [D]: 40367
2015-07-27 00:42:27 : Trouble finding research button, try again...
2015-07-27 00:42:28 : Checking Upgrade Walls
2015-07-27 00:42:28 : Gold is below minimum, Skipping Upgrade
2015-07-27 00:42:31 : ====== Waiting for full army ======
2015-07-27 00:42:43 : Checking Army Camp...
2015-07-27 00:42:45 : Total Army Camp capacity: 97/200
2015-07-27 00:42:46 :  - No. of Archers: 97
2015-07-27 00:42:46 : Training Troops...
2015-07-27 00:42:56 : Time Idle: 00:00:24
2015-07-27 00:42:57 : ====== Waiting for full army ======
2015-07-27 00:43:08 : Checking Army Camp...
2015-07-27 00:43:10 : Total Army Camp capacity: 101/200
2015-07-27 00:43:11 :  - No. of Archers: 101
2015-07-27 00:43:11 : Training Troops...
2015-07-27 00:43:21 : Time Idle: 00:00:49
2015-07-27 00:43:21 : ====== Waiting for full army ======
2015-07-27 00:43:33 : Checking Army Camp...
2015-07-27 00:43:35 : Total Army Camp capacity: 105/200
2015-07-27 00:43:36 :  - No. of Archers: 105
2015-07-27 00:43:36 : Training Troops...
2015-07-27 00:43:47 : Time Idle: 00:01:14
2015-07-27 00:43:47 : ====== Waiting for full army ======
2015-07-27 00:43:59 : Checking Army Camp...
2015-07-27 00:44:01 : Total Army Camp capacity: 109/200
2015-07-27 00:44:02 :  - No. of Archers: 109
2015-07-27 00:44:02 : Training Troops...
2015-07-27 00:44:10 : Time Idle: 00:01:37
2015-07-27 00:44:10 : ====== Waiting for full army ======
2015-07-27 00:44:22 : Checking Army Camp...
2015-07-27 00:44:24 : Total Army Camp capacity: 113/200
2015-07-27 00:44:25 :  - No. of Archers: 113
2015-07-27 00:44:25 : Training Troops...
2015-07-27 00:44:33 : Time Idle: 00:02:00
2015-07-27 00:44:33 : ====== Waiting for full army ======
2015-07-27 00:44:45 : Checking Army Camp...
2015-07-27 00:44:47 : Total Army Camp capacity: 116/200
2015-07-27 00:44:48 :  - No. of Archers: 116
2015-07-27 00:44:48 : Training Troops...
2015-07-27 00:44:56 : Time Idle: 00:02:22
2015-07-27 00:44:56 : ====== Waiting for full army ======
2015-07-27 00:46:03 : Pushbullet: removed 141 messages older than 6 h 
2015-07-27 00:46:06 : Checking Army Camp...
2015-07-27 00:46:08 : Total Army Camp capacity: 129/200
2015-07-27 00:46:09 :  - No. of Archers: 129
2015-07-27 00:46:09 : Training Troops...
2015-07-27 00:46:17 : Time Idle: 00:03:43
2015-07-27 00:46:17 : ====== Waiting for full army ======
2015-07-27 00:46:29 : Checking Army Camp...
2015-07-27 00:46:31 : Total Army Camp capacity: 133/200
2015-07-27 00:46:32 :  - No. of Archers: 133
2015-07-27 00:46:32 : Training Troops...
2015-07-27 00:46:40 : Time Idle: 00:04:06
2015-07-27 00:46:40 : ====== Waiting for full army ======
2015-07-27 00:46:52 : Collecting Resources
2015-07-27 00:46:58 : Checking Army Camp...
2015-07-27 00:47:00 : Total Army Camp capacity: 137/200
2015-07-27 00:47:01 :  - No. of Archers: 137
2015-07-27 00:47:01 : Training Troops...
2015-07-27 00:47:09 : Time Idle: 00:04:35
2015-07-27 00:47:09 : ====== Waiting for full army ======
2015-07-27 00:47:21 : Checking Army Camp...
2015-07-27 00:47:23 : Total Army Camp capacity: 141/200
2015-07-27 00:47:24 :  - No. of Archers: 141
2015-07-27 00:47:24 : Training Troops...
2015-07-27 00:47:32 : Time Idle: 00:04:57
2015-07-27 00:47:32 : ====== Waiting for full army ======
2015-07-27 00:47:44 : Checking Army Camp...
2015-07-27 00:47:46 : Total Army Camp capacity: 145/200
2015-07-27 00:47:47 :  - No. of Archers: 145
2015-07-27 00:47:47 : Training Troops...
2015-07-27 00:47:55 : Time Idle: 00:05:20
2015-07-27 00:47:55 : ====== Waiting for full army ======
2015-07-27 00:48:07 : Checking Army Camp...
2015-07-27 00:48:09 : Total Army Camp capacity: 149/200
2015-07-27 00:48:10 :  - No. of Archers: 149
2015-07-27 00:48:10 : Training Troops...
2015-07-27 00:48:17 : Time Idle: 00:05:42
2015-07-27 00:48:18 : ====== Waiting for full army ======
2015-07-27 00:48:29 : Checking Army Camp...
2015-07-27 00:48:31 : Total Army Camp capacity: 152/200
2015-07-27 00:48:32 :  - No. of Archers: 152
2015-07-27 00:48:32 : Training Troops...
2015-07-27 00:48:40 : Time Idle: 00:06:05
2015-07-27 00:48:40 : ====== Waiting for full army ======
2015-07-27 00:48:52 : Checking Army Camp...
2015-07-27 00:48:54 : Total Army Camp capacity: 156/200
2015-07-27 00:48:55 :  - No. of Archers: 156
2015-07-27 00:48:56 : Training Troops...
2015-07-27 00:49:04 : Time Idle: 00:06:28
2015-07-27 00:49:04 : ====== Waiting for full army ======
2015-07-27 00:49:16 : Checking Army Camp...
2015-07-27 00:49:18 : Total Army Camp capacity: 159/200
2015-07-27 00:49:19 :  - No. of Archers: 159
2015-07-27 00:49:19 : Training Troops...
2015-07-27 00:49:27 : Time Idle: 00:06:50
2015-07-27 00:49:27 : ====== Waiting for full army ======
2015-07-27 00:49:38 : Checking Army Camp...
2015-07-27 00:49:40 : Total Army Camp capacity: 163/200
2015-07-27 00:49:41 :  - No. of Archers: 163
2015-07-27 00:49:41 : Training Troops...
2015-07-27 00:49:49 : Time Idle: 00:07:12
2015-07-27 00:49:49 : ====== Waiting for full army ======
2015-07-27 00:50:01 : Checking Army Camp...
2015-07-27 00:50:03 : Total Army Camp capacity: 166/200
2015-07-27 00:50:04 :  - No. of Archers: 167
2015-07-27 00:50:04 : Training Troops...
2015-07-27 00:50:12 : Time Idle: 00:07:35
2015-07-27 00:50:12 : ====== Waiting for full army ======
2015-07-27 00:50:24 : Checking Army Camp...
2015-07-27 00:50:25 : Total Army Camp capacity: 170/200
2015-07-27 00:50:26 :  - No. of Archers: 10
2015-07-27 00:50:27 : Training Troops...
2015-07-27 00:50:34 : Time Idle: 00:07:57
2015-07-27 00:50:34 : ====== Waiting for full army ======
2015-07-27 00:50:46 : Checking Army Camp...
2015-07-27 00:50:48 : Total Army Camp capacity: 174/200
2015-07-27 00:50:49 :  - No. of Archers: 174
2015-07-27 00:50:49 : Training Troops...
2015-07-27 00:50:57 : Time Idle: 00:08:19
2015-07-27 00:50:57 : ====== Waiting for full army ======
2015-07-27 00:51:09 : Collecting Resources
2015-07-27 00:51:15 : Checking Army Camp...
2015-07-27 00:51:17 : Total Army Camp capacity: 179/200
2015-07-27 00:51:18 :  - No. of Barbarians: 3
2015-07-27 00:51:18 :  - No. of Archers: 176
2015-07-27 00:51:18 : Training Troops...
2015-07-27 00:51:27 : Time Idle: 00:08:49
2015-07-27 00:51:27 : ====== Waiting for full army ======
2015-07-27 00:51:39 : Checking Army Camp...
2015-07-27 00:51:41 : Total Army Camp capacity: 185/200
2015-07-27 00:51:42 :  - No. of Barbarians: 9
2015-07-27 00:51:42 :  - No. of Archers: 176
2015-07-27 00:51:42 : Training Troops...
2015-07-27 00:51:51 : Time Idle: 00:09:13
2015-07-27 00:51:51 : ====== Waiting for full army ======
2015-07-27 00:52:03 : Checking Army Camp...
2015-07-27 00:52:05 : Total Army Camp capacity: 189/200
2015-07-27 00:52:06 :  - No. of Barbarians: 13
2015-07-27 00:52:06 :  - No. of Archers: 176
2015-07-27 00:52:06 : Training Troops...
2015-07-27 00:52:15 : Time Idle: 00:09:37
2015-07-27 00:52:16 : ====== Waiting for full army ======
2015-07-27 00:52:28 : Checking Army Camp...
2015-07-27 00:52:29 : Total Army Camp capacity: 194/200
2015-07-27 00:52:30 :  - No. of Barbarians: 18
2015-07-27 00:52:31 :  - No. of Archers: 176
2015-07-27 00:52:31 : Training Troops...
2015-07-27 00:52:40 : Time Idle: 00:10:01
2015-07-27 00:52:40 : ====== Waiting for full army ======
2015-07-27 00:52:52 : Checking Army Camp...
2015-07-27 00:52:54 : Total Army Camp capacity: 198/200
2015-07-27 00:52:54 :  - No. of Barbarians: 23
2015-07-27 00:52:55 :  - No. of Archers: 176
2015-07-27 00:52:55 : Training Troops...
2015-07-27 00:53:06 : Time Idle: 00:10:27
2015-07-27 00:53:06 : ====== Waiting for full army ======
2015-07-27 00:53:18 : Checking Army Camp...
2015-07-27 00:53:20 : Total Army Camp capacity: 200/200
2015-07-27 00:53:21 :  - No. of Barbarians: 24
2015-07-27 00:53:21 :  - No. of Archers: 176
2015-07-27 00:53:21 : Training Troops...
2015-07-27 00:53:22 : Your Army Camps are now Full
2015-07-27 00:53:45 : Going to Attack...
2015-07-27 00:53:51 : ============== Searching For Dead Base ===============
2015-07-27 00:53:51 : ~~~~~~~~~~~~~~~ SEARCH CONDITIONS ~~~~~~~~~~~~~~~~
2015-07-27 00:53:51 : Meet: Gold and Elixir
2015-07-27 00:53:51 : ~~~~~~~~~~~~~~ RESOURCE CONDITIONS ~~~~~~~~~~~~~~~
2015-07-27 00:53:51 : Aim: [G]: 200000 [E]:  50000 [D]:    0 [T]: 0 for: Dead Base
2015-07-27 00:53:51 : ==================================================
2015-07-27 00:53:52 :   1> [G]: 243576 [E]: 193362 [D]:    0 [T]:29
2015-07-27 00:53:53 : ~~~~~~~~~~~~~~~~ Dead Base Found! ~~~~~~~~~~~~~~~~
2015-07-27 00:53:55 : ================ Search Complete =================
2015-07-27 00:53:55 : Initiating attack for: Dead Base
2015-07-27 00:53:57 : -Barbarians 24
2015-07-27 00:53:57 : -Archers 176
2015-07-27 00:53:57 : -Clan Castle 
2015-07-27 00:53:57 : -King 
2015-07-27 00:53:57 : -Poison Spells 1
2015-07-27 00:53:57 :  ====== Start Attack ====== 
2015-07-27 00:53:59 : Calculating Smart Attack Strategy
2015-07-27 00:54:00 : Calculated  (in 0.76 seconds) :
2015-07-27 00:54:00 : Locating Mines, Collectors & Drills
2015-07-27 00:54:01 : Located  (in 0.85 seconds) :
2015-07-27 00:54:01 : [6] Gold Mines
2015-07-27 00:54:01 : [0] Elixir Collectors
2015-07-27 00:54:01 : [0] Dark Elixir Drill/s
2015-07-27 00:54:01 : Attacking on all sides
2015-07-27 00:54:02 : Dropping first wave of Barbarians 12
2015-07-27 00:54:05 : Dropping first wave of Archers 88
2015-07-27 00:54:11 : Dropping second wave of Barbarians 12
2015-07-27 00:54:13 : Dropping second wave of Archers 88
2015-07-27 00:54:19 : Dropping King
2015-07-27 00:54:21 : Dropping left over troops
2015-07-27 00:54:21 : Checking remaining unused troops for: Dead Base
2015-07-27 00:54:23 : -Clan Castle 
2015-07-27 00:54:23 : -Poison Spells 1
2015-07-27 00:54:32 : Checking remaining unused troops for: Dead Base
2015-07-27 00:54:34 : -Clan Castle 
2015-07-27 00:54:34 : -Poison Spells 1
2015-07-27 00:54:42 : Waiting 9 seconds before activating Hero abilities
2015-07-27 00:54:51 : Activating King's power
2015-07-27 00:54:51 : Finished Attacking, waiting for the battle to end
2015-07-27 00:54:51 : Checking if the battle has finished
2015-07-27 00:54:54 : detected [G]: 0 [E]: 36841 [DE]: 0 |  Exit in 18 sec.
2015-07-27 00:54:55 : detected [G]: 0 [E]: 33065 [DE]: 0 |  Exit in 16 sec.
2015-07-27 00:54:55 : Gold & Elixir & DE change detected, waiting...
2015-07-27 00:54:59 : detected [G]: 0 [E]: 13230 [DE]: 0 |  Exit in 18 sec.
2015-07-27 00:54:59 : Gold & Elixir & DE change detected, waiting...
2015-07-27 00:55:02 : detected [G]: 0 [E]: 0 [DE]: 0 |  Exit in 18 sec.
2015-07-27 00:55:02 : Gold & Elixir & DE change detected, waiting...
2015-07-27 00:55:06 : detected [G]: 0 [E]: 0 [DE]: 0 |  Exit in 18 sec.
2015-07-27 00:55:07 : detected [G]: 0 [E]: 0 [DE]: 0 |  Exit in 16 sec.
2015-07-27 00:55:09 : detected [G]: 0 [E]: 0 [DE]: 0 |  Exit in 14 sec.
2015-07-27 00:55:11 : detected [G]: 0 [E]: 0 [DE]: 0 |  Exit in 13 sec.
2015-07-27 00:55:13 : detected [G]: 0 [E]: 0 [DE]: 0 |  Exit in 11 sec.
2015-07-27 00:55:14 : detected [G]: 0 [E]: 0 [DE]: 0 |  Exit in  9 sec.
2015-07-27 00:55:16 : detected [G]: 0 [E]: 0 [DE]: 0 |  Exit in  8 sec.
2015-07-27 00:55:18 : detected [G]: 0 [E]: 0 [DE]: 0 |  Exit in  6 sec.
2015-07-27 00:55:19 : detected [G]: 0 [E]: 0 [DE]: 0 |  Exit in  4 sec.
2015-07-27 00:55:21 : detected [G]: 0 [E]: 0 [DE]: 0 |  Exit in  3 sec.
2015-07-27 00:55:23 : detected [G]: 0 [E]: 0 [DE]: 0 |  Exit in  1 sec.
2015-07-27 00:55:25 : detected [G]: 0 [E]: 0 [DE]: 0 |  Exit in  0 sec.
2015-07-27 00:55:25 : Gold & Elixir & DE no change detected, exit
2015-07-27 00:55:25 : Returning Home
2015-07-27 00:55:29 : Loot: [G]: 243 576 [E]: 193 362 [DE]:  [T]: 9
2015-07-27 00:55:29 : Bonus [G]: 4 000 [E]: 4 000
2015-07-27 00:55:31 : Your league level is: Silver I
2015-07-27 00:55:31 : Stars earned: 1
2015-07-27 00:55:31 : Taking snapshot of your loot
2015-07-27 00:55:39 : Trying to locate Main Screen
2015-07-27 00:55:39 : Main Screen Located
2015-07-27 00:55:40 : Collecting Resources
2015-07-27 00:55:47 : Checking if Village needs Rearming..
2015-07-27 00:55:55 : Village Report
2015-07-27 00:55:55 : No. of Free/Total Builders: 1/4
2015-07-27 00:55:55 :  [T]: 1 326
2015-07-27 00:55:55 :  [G]: 551 476 [E]: 5 637 132 [D]: 40 385 [GEM]: 815
2015-07-27 00:55:57 : Checking Army Camp...
2015-07-27 00:55:59 : Total Army Camp capacity: 21/200
2015-07-27 00:56:00 :  - No. of Archers: 21
2015-07-27 00:56:00 : Training Troops...
