2015-08-18 09:36:47 :  Clash Game Bot v4.1.1-6 merge Powered by GameBot.org 
2015-08-18 09:36:47 : GameBot.org.exe Executable running on WIN_7 Service Pack 1 X64
2015-08-18 09:36:47 : =================== Bot Start ====================
2015-08-18 09:36:47 : -------------------------  Current Profile: 01 --------------------------
2015-08-18 09:36:47 : Trying to locate Main Screen
2015-08-18 09:36:47 : Main Screen Located
2015-08-18 09:36:48 : Detecting your Buildings..
2015-08-18 09:36:57 : Language setting is English: Correct.
2015-08-18 09:36:58 : Trying to locate Main Screen
2015-08-18 09:36:58 : Main Screen Located
2015-08-18 09:36:59 : Village Report
2015-08-18 09:36:59 : No. of Free/Total Builders: 0/4
2015-08-18 09:36:59 :  [T]: 2 577
2015-08-18 09:36:59 :  [G]: 5 869 640 [E]: 4 953 861 [D]: 9 431 [GEM]: 17
2015-08-18 09:37:00 : Collecting Resources
2015-08-18 09:37:11 : Chat Request: any
2015-08-18 09:37:11 : Custom Donation Keyword found: any
2015-08-18 09:37:14 : No Giants available to donate..
2015-08-18 09:37:18 : No Minions available to donate..
2015-08-18 09:37:18 : Donating 6 Archers
2015-08-18 09:37:20 : Chat Request: drag
2015-08-18 09:37:20 : Dragons Keyword found: drag
2015-08-18 09:37:23 : No Dragons available to donate..
2015-08-18 09:37:25 : Chat Request: def
2015-08-18 09:37:25 : Custom Donation Keyword found: def
2015-08-18 09:37:28 : No Giants available to donate..
2015-08-18 09:37:29 : ClashGameBot was Paused!
2015-08-18 09:38:09 : ClashGameBot was Resumed.
2015-08-18 09:38:13 : No Minions available to donate..
2015-08-18 09:38:13 : Donating 6 Archers
2015-08-18 09:38:16 : Chat Request: witch pls
2015-08-18 09:38:16 : Witches Keyword found: witch
2015-08-18 09:38:19 : No Witches available to donate..
2015-08-18 09:38:21 : Checking Army Camp...
2015-08-18 09:38:23 : Total Army Camp capacity: 220/220
2015-08-18 09:38:26 :  - No. of Barbarians: 112
2015-08-18 09:38:26 :  - No. of Archers: 108
2015-08-18 09:38:26 : Barracks and Spell factory status: 
2015-08-18 09:38:26 : - Barracks detected: 4 | Available: 4 | Upgrading: 0
2015-08-18 09:38:26 : - Dark Barracks detected: 2 | Available: 2 | Upgrading: 0
2015-08-18 09:38:26 : - Spell factory detected: 1 | Available: 1 | Upgrading: 0
2015-08-18 09:38:26 : - Dark Spell factory detected: 1 | Available: 1 | Upgrading: 0
2015-08-18 09:38:27 : Training Troops...
2015-08-18 09:38:27 : Your Army Camps are now Full
2015-08-18 09:38:54 : Spell Factory not found...
2015-08-18 09:38:56 : 0
2015-08-18 09:38:58 : Requesting Clan Castle Troops
2015-08-18 09:39:04 : Going to Attack...
2015-08-18 09:39:10 : ============== Searching For Dead Base ===============
2015-08-18 09:39:10 : ~~~~~~~~~~~~~~~ SEARCH CONDITIONS ~~~~~~~~~~~~~~~~
2015-08-18 09:39:10 : Meet: Gold or Elixir, Max TH 8
2015-08-18 09:39:10 : ~~~~~~~~~~~~~~ RESOURCE CONDITIONS ~~~~~~~~~~~~~~~
2015-08-18 09:39:10 : Aim: [G]:      0 [E]:      0 [D]:    0 [T]: 0 [TH]: 8 for: Dead Base
2015-08-18 09:39:10 : ============== Searching For Live Base ===============
2015-08-18 09:39:10 : ~~~~~~~~~~~~~~~ SEARCH CONDITIONS ~~~~~~~~~~~~~~~~
2015-08-18 09:39:10 : Meet: Gold or Elixir, Max TH 8
2015-08-18 09:39:10 : ~~~~~~~~~~~~~~ RESOURCE CONDITIONS ~~~~~~~~~~~~~~~
2015-08-18 09:39:10 : Aim: [G]:      0 [E]:      0 [D]:    0 [T]: 0 [TH]: 8 for: Live Base
2015-08-18 09:39:10 : ~~~~~~~~~~~~~~~ ADVANCED SETTINGS ~~~~~~~~~~~~~~~~
2015-08-18 09:39:10 : THSnipe Combo, 6 Tile(s), AttackTH, Attack6:PB6
2015-08-18 09:39:10 : ==================================================
2015-08-18 09:39:12 :   1> [G]:  15475 [E]:  80784 [D]: 1525 [T]:33 [TH]:10, In
2015-08-18 09:39:16 :   2> [G]:  34123 [E]:  84179 [D]:  374 [T]:27 [TH]: 9, In
2015-08-18 09:39:23 :   3> [G]: 261432 [E]: 100374 [D]: 1718 [T]:19 [TH]:10, In
2015-08-18 09:39:27 :   4> [G]:  44350 [E]:  80301 [D]:  373 [T]:22 [TH]: 9, In
2015-08-18 09:39:32 :   5> [G]:  54312 [E]:  17710 [D]:  688 [T]:24 [TH]:10, In
2015-08-18 09:39:37 :   6> [G]:  15657 [E]: 170486 [D]:  948 [T]:20 [TH]: 9, In
2015-08-18 09:39:42 :   7> [G]:  76450 [E]: 111427 [D]:  844 [T]:21 [TH]: 9, In
2015-08-18 09:39:46 :   8> [G]:  15923 [E]:  76437 [D]:  237 [T]:15 [TH]:10, In
2015-08-18 09:39:51 :   9> [G]:  82648 [E]: 228099 [D]: 1696 [T]:20 [TH]:10, In
2015-08-18 09:39:55 :  10> [G]: 182989 [E]: 289705 [D]: 1261 [T]:11 [TH]: 8, In
2015-08-18 09:39:55 : ~~~~~~~~~~~~~~~~ Live Base Found! ~~~~~~~~~~~~~~~~
2015-08-18 09:39:55 : ================ Search Complete =================
2015-08-18 09:39:55 : Initiating attack for: Live Base
2015-08-18 09:39:58 : -Barbarians 112
2015-08-18 09:39:58 : -Archers 108
2015-08-18 09:39:58 : -Clan Castle 
2015-08-18 09:39:58 : -King 
2015-08-18 09:39:58 : -Heal Spells 4
2015-08-18 09:39:58 : -Poison Spells 1
2015-08-18 09:39:58 :  ====== Start Attack ====== 
2015-08-18 09:40:00 : Attacking with four fingers
2015-08-18 09:40:01 : Dropping only wave of 112 Barbarians
2015-08-18 09:40:06 : Dropping only wave of 108 Archers
2015-08-18 09:40:11 : Dropping Clan Castle
2015-08-18 09:40:12 : Dropping King
2015-08-18 09:40:13 : Dropping left over troops
2015-08-18 09:40:13 : Checking remaining unused troops for: Live Base
2015-08-18 09:40:16 : -Clan Castle 
2015-08-18 09:40:16 : -Heal Spells 4
2015-08-18 09:40:16 : -Poison Spells 1
2015-08-18 09:40:24 : Checking remaining unused troops for: Live Base
2015-08-18 09:40:27 : -Clan Castle 
2015-08-18 09:40:27 : -Heal Spells 4
2015-08-18 09:40:27 : -Poison Spells 1
2015-08-18 09:40:36 : Finished Attacking, waiting for the battle to end
2015-08-18 09:40:36 : Checking if the battle has finished
2015-08-18 09:40:37 : One Star Reach, exit
2015-08-18 09:40:38 : Activating King's power to restore some health before EndBattle
2015-08-18 09:40:38 : Returning Home
2015-08-18 09:40:42 : Loot: [G]: 20 410 [E]: 22 233 [DE]: 69 [T]: 3
2015-08-18 09:40:43 : Bonus [G]: 100 000 [E]: 100 000 [DE]: 500
2015-08-18 09:40:45 : Your league level is: Master III
2015-08-18 09:40:45 : Stars earned: 1
2015-08-18 09:40:53 : Trying to locate Main Screen
2015-08-18 09:40:53 : Main Screen Located
2015-08-18 09:40:54 : Village Report
2015-08-18 09:40:55 : No. of Free/Total Builders: 0/4
2015-08-18 09:40:55 :  [T]: 2 580
2015-08-18 09:40:55 :  [G]: 5 993 379 [E]: 5 076 950 [D]: 10 000 [GEM]: 17
2015-08-18 09:40:55 : Collecting Resources
2015-08-18 09:41:07 : Checking Army Camp...
2015-08-18 09:41:09 : Total Army Camp capacity: 80/220
2015-08-18 09:41:10 :  - No. of Archers: 80
2015-08-18 09:41:11 : Training Troops...
2015-08-18 09:41:19 : Spell Factory Full
2015-08-18 09:41:21 : 0
2015-08-18 09:41:23 : Requesting Clan Castle Troops
2015-08-18 09:41:24 : Request has already been made
2015-08-18 09:41:25 : ====== Waiting for full army ======
2015-08-18 09:41:37 : Checking Army Camp...
2015-08-18 09:41:39 : Total Army Camp capacity: 100/220
2015-08-18 09:41:40 :  - No. of Archers: 100
2015-08-18 09:41:40 : Training Troops...
2015-08-18 09:41:49 : Spell Factory Full
2015-08-18 09:41:51 : Time Idle: 00:00:25
2015-08-18 09:41:51 : ====== Waiting for full army ======
2015-08-18 09:42:03 : Checking Army Camp...
2015-08-18 09:42:04 : Total Army Camp capacity: 116/220
2015-08-18 09:42:06 :  - No. of Barbarians: 8
2015-08-18 09:42:06 :  - No. of Archers: 108
2015-08-18 09:42:06 : Training Troops...
2015-08-18 09:42:18 : Spell Factory Full
2015-08-18 09:42:20 : Time Idle: 00:00:54
2015-08-18 09:42:20 : ====== Waiting for full army ======
2015-08-18 09:42:32 : Checking Army Camp...
2015-08-18 09:42:34 : Total Army Camp capacity: 140/220
2015-08-18 09:42:35 :  - No. of Barbarians: 32
2015-08-18 09:42:35 :  - No. of Archers: 108
2015-08-18 09:42:35 : Training Troops...
2015-08-18 09:42:46 : Spell Factory Full
2015-08-18 09:42:48 : Time Idle: 00:01:22
2015-08-18 09:42:49 : ====== Waiting for full army ======
2015-08-18 09:43:00 : Checking Army Camp...
2015-08-18 09:43:02 : Total Army Camp capacity: 164/220
2015-08-18 09:43:03 :  - No. of Barbarians: 56
2015-08-18 09:43:04 :  - No. of Archers: 108
2015-08-18 09:43:04 : Training Troops...
2015-08-18 09:43:15 : Spell Factory Full
2015-08-18 09:43:17 : Time Idle: 00:01:51
2015-08-18 09:43:18 : ====== Waiting for full army ======
2015-08-18 09:43:30 : Checking Army Camp...
2015-08-18 09:43:31 : Total Army Camp capacity: 188/220
2015-08-18 09:43:33 :  - No. of Barbarians: 80
2015-08-18 09:43:33 :  - No. of Archers: 108
2015-08-18 09:43:33 : Training Troops...
2015-08-18 09:43:45 : Spell Factory Full
2015-08-18 09:43:47 : Time Idle: 00:02:20
2015-08-18 09:43:47 : ====== Waiting for full army ======
2015-08-18 09:43:59 : Checking Army Camp...
2015-08-18 09:44:00 : Total Army Camp capacity: 212/220
2015-08-18 09:44:02 :  - No. of Barbarians: 104
2015-08-18 09:44:02 :  - No. of Archers: 108
2015-08-18 09:44:02 : Training Troops...
2015-08-18 09:44:14 : Spell Factory Full
2015-08-18 09:44:16 : Time Idle: 00:02:49
2015-08-18 09:44:17 : ====== Waiting for full army ======
2015-08-18 09:44:28 : Checking Army Camp...
2015-08-18 09:44:30 : Total Army Camp capacity: 216/220
2015-08-18 09:44:31 :  - No. of Barbarians: 108
2015-08-18 09:44:32 :  - No. of Archers: 108
2015-08-18 09:44:32 : Training Troops...
2015-08-18 09:44:48 : Checking Army Camp...
2015-08-18 09:44:49 : Total Army Camp capacity: 220/220
2015-08-18 09:44:51 :  - No. of Barbarians: 108
2015-08-18 09:44:51 :  - No. of Archers: 112
2015-08-18 09:44:51 : Training Troops...
2015-08-18 09:44:52 : Your Army Camps are now Full
2015-08-18 09:45:17 : Spell Factory not found...
2015-08-18 09:45:19 : Going to Attack...
2015-08-18 09:45:25 : ============== Searching For Dead Base ===============
2015-08-18 09:45:25 : ~~~~~~~~~~~~~~~ SEARCH CONDITIONS ~~~~~~~~~~~~~~~~
2015-08-18 09:45:25 : Meet: Gold or Elixir, Max TH 8
2015-08-18 09:45:25 : ~~~~~~~~~~~~~~ RESOURCE CONDITIONS ~~~~~~~~~~~~~~~
2015-08-18 09:45:25 : Aim: [G]:      0 [E]:      0 [D]:    0 [T]: 0 [TH]: 8 for: Dead Base
2015-08-18 09:45:25 : ============== Searching For Live Base ===============
2015-08-18 09:45:25 : ~~~~~~~~~~~~~~~ SEARCH CONDITIONS ~~~~~~~~~~~~~~~~
2015-08-18 09:45:25 : Meet: Gold or Elixir, Max TH 8
2015-08-18 09:45:25 : ~~~~~~~~~~~~~~ RESOURCE CONDITIONS ~~~~~~~~~~~~~~~
2015-08-18 09:45:25 : Aim: [G]:      0 [E]:      0 [D]:    0 [T]: 0 [TH]: 8 for: Live Base
2015-08-18 09:45:25 : ~~~~~~~~~~~~~~~ ADVANCED SETTINGS ~~~~~~~~~~~~~~~~
2015-08-18 09:45:25 : THSnipe Combo, 6 Tile(s), AttackTH, Attack6:PB6
2015-08-18 09:45:25 : ==================================================
2015-08-18 09:45:27 :   1> [G]: 179502 [E]: 132485 [D]: 1023 [T]:18 [TH]: 9, In
2015-08-18 09:45:31 :   2> [G]:  39122 [E]:  90945 [D]:  566 [T]:34 [TH]: 9, In
2015-08-18 09:45:36 :   3> [G]: 258641 [E]: 101668 [D]: 1621 [T]:29 [TH]:10, In
2015-08-18 09:45:42 :   4> [G]: 167370 [E]: 122660 [D]:  200 [T]:23 [TH]:10, In
2015-08-18 09:45:46 :   5> [G]:  76576 [E]:  48398 [D]: 1379 [T]:21 [TH]:10, In
2015-08-18 09:45:54 :   6> [G]:  74944 [E]:  65227 [D]:  582 [T]:16 [TH]:10, In
2015-08-18 09:46:01 :   7> [G]:  90499 [E]: 121485 [D]:  858 [T]:20 [TH]:10, In
2015-08-18 09:46:07 :   8> [G]:  93311 [E]: 151108 [D]:  909 [T]:30 [TH]:10, In
2015-08-18 09:46:11 :   9> [G]: 105040 [E]: 108227 [D]:  214 [T]:21 [TH]: 9, In
2015-08-18 09:46:15 :  10> [G]:  91351 [E]:   1219 [D]:  486 [T]:24 [TH]: 9, In
2015-08-18 09:46:19 :  11> [G]:  26191 [E]:   4907 [D]:  328 [T]:25 [TH]:10, In
2015-08-18 09:46:25 :  12> [G]:  48768 [E]:   1792 [D]:  433 [T]:14 [TH]: 9, In
2015-08-18 09:46:29 :  13> [G]:  75536 [E]:  97180 [D]:  764 [T]:12 [TH]: 9, In
2015-08-18 09:46:33 : Checking Trapped TH
2015-08-18 09:46:34 : Mortar Found
2015-08-18 09:46:34 :  14> [G]: 327647 [E]:  82933 [D]: 2686 [T]:19 [TH]: 9, Out
2015-08-18 09:46:34 : Mortar found near TH, skipping...
2015-08-18 09:46:34 : Trap found, skipping base...
2015-08-18 09:46:34 : ~~~~~~~~~~~~~~~ TH Outside Found! ~~~~~~~~~~~~~~~~
2015-08-18 09:46:34 : ================ Search Complete =================
2015-08-18 09:46:34 : Initiating attack for: TH Snipe
2015-08-18 09:46:37 : -Barbarians 108
2015-08-18 09:46:37 : -Archers 112
2015-08-18 09:46:37 : -Clan Castle 
2015-08-18 09:46:37 : -King 
2015-08-18 09:46:37 : -Heal Spells 4
2015-08-18 09:46:37 : -Poison Spells 1
2015-08-18 09:46:37 :  ====== Start Attack ====== 
2015-08-18 09:46:39 : Free meal
2015-08-18 09:46:39 : Dropping first wave of 5 Archers
2015-08-18 09:46:41 : Deployment of Archers Successful!
2015-08-18 09:46:42 : Dropping second wave of 15 Archers
2015-08-18 09:46:45 : Deployment of Archers Successful!
2015-08-18 09:46:57 : ClashGameBot was Paused!
