2015-08-17 12:55:40 :  Clash Game Bot v4.1.1-6 merge Powered by GameBot.org 
2015-08-17 12:55:40 : GameBot.org.exe Executable running on WIN_7 Service Pack 1 X64
2015-08-17 12:55:40 : =================== Bot Start ====================
2015-08-17 12:55:40 : -------------------------  Current Profile: 01 --------------------------
2015-08-17 12:55:40 : Trying to locate Main Screen
2015-08-17 12:55:40 : Main Screen Located
2015-08-17 12:55:41 : Detecting your Buildings..
2015-08-17 12:55:49 : Language setting is English: Correct.
2015-08-17 12:55:50 : Trying to locate Main Screen
2015-08-17 12:55:50 : Main Screen Located
2015-08-17 12:55:52 : Village Report
2015-08-17 12:55:52 : No. of Free/Total Builders: 0/4
2015-08-17 12:55:52 :  [T]: 2 722
2015-08-17 12:55:52 :  [G]: 3 172 662 [E]: 3 408 185 [D]: 27 576 [GEM]: 57
2015-08-17 12:55:53 : Collecting Resources
2015-08-17 12:56:06 : Checking Army Camp...
2015-08-17 12:56:08 : Total Army Camp capacity: 127/220
2015-08-17 12:56:11 :  - No. of Barbarians: 19
2015-08-17 12:56:11 :  - No. of Archers: 91
2015-08-17 12:56:11 :  - No. of Goblins: 12
2015-08-17 12:56:11 :  - No. of Giants: 1
2015-08-17 12:56:11 : Barracks and Spell factory status: 
2015-08-17 12:56:11 : - Barracks detected: 4 | Available: 4 | Upgrading: 0
2015-08-17 12:56:11 : - Dark Barracks detected: 2 | Available: 2 | Upgrading: 0
2015-08-17 12:56:11 : - Spell factory detected: 1 | Available: 1 | Upgrading: 0
2015-08-17 12:56:11 : - Dark Spell factory detected: 1 | Available: 1 | Upgrading: 0
2015-08-17 12:56:12 : Training Troops...
2015-08-17 12:56:12 : ClashGameBot was Paused!
2015-08-17 12:57:35 : ClashGameBot was Resumed.
2015-08-17 12:57:38 : Training Overview Window didn't open
2015-08-17 12:57:39 : 0
2015-08-17 12:57:41 : Requesting Clan Castle Troops
2015-08-17 12:57:41 : Your Clan Castle is already full or you are not in a clan.
2015-08-17 12:57:43 : ====== Waiting for full army ======
2015-08-17 12:57:54 : Checking Army Camp...
2015-08-17 12:57:56 : Total Army Camp capacity: 143/220
2015-08-17 12:57:57 :  - No. of Barbarians: 19
2015-08-17 12:57:58 :  - No. of Archers: 87
2015-08-17 12:57:58 :  - No. of Goblins: 12
2015-08-17 12:57:58 :  - No. of Giants: 5
2015-08-17 12:57:58 : Barracks and Spell factory status: 
2015-08-17 12:57:58 : - Barracks detected: 4 | Available: 4 | Upgrading: 0
2015-08-17 12:57:58 : - Dark Barracks detected: 2 | Available: 2 | Upgrading: 0
2015-08-17 12:57:58 : - Spell factory detected: 1 | Available: 1 | Upgrading: 0
2015-08-17 12:57:58 : - Dark Spell factory detected: 1 | Available: 1 | Upgrading: 0
2015-08-17 12:57:59 : Training Troops...
2015-08-17 12:58:20 : Spell Factory Full
2015-08-17 12:58:22 : Time Idle: 00:00:39
2015-08-17 12:58:22 : ====== Waiting for full army ======
2015-08-17 12:58:34 : Checking Army Camp...
2015-08-17 12:58:36 : Total Army Camp capacity: 145/220
2015-08-17 12:58:37 :  - No. of Barbarians: 19
2015-08-17 12:58:37 :  - No. of Archers: 90
2015-08-17 12:58:37 :  - No. of Goblins: 12
2015-08-17 12:58:38 :  - No. of Giants: 5
2015-08-17 12:58:38 : Training Troops...
2015-08-17 12:58:54 : Spell Factory Full
2015-08-17 12:58:55 : ClashGameBot was Paused!
2015-08-17 12:59:36 : ClashGameBot was Resumed.
2015-08-17 12:59:37 : Time Idle: 00:01:54
2015-08-17 12:59:37 : ====== Waiting for full army ======
2015-08-17 12:59:49 : Checking Army Camp...
2015-08-17 12:59:51 : Total Army Camp capacity: 158/220
2015-08-17 12:59:52 :  - No. of Barbarians: 19
2015-08-17 12:59:52 :  - No. of Archers: 102
2015-08-17 12:59:52 :  - No. of Goblins: 12
2015-08-17 12:59:53 :  - No. of Giants: 5
2015-08-17 12:59:53 : Training Troops...
