2015-08-17 11:23:37 :  Clash Game Bot v4.1.1-6 merge Powered by GameBot.org 
2015-08-17 11:23:37 : GameBot.org.exe Executable running on WIN_7 Service Pack 1 X64
2015-08-17 11:23:37 : =================== Bot Start ====================
2015-08-17 11:23:37 : -------------------------  Current Profile: 01 --------------------------
2015-08-17 11:23:37 : Trying to locate Main Screen
2015-08-17 11:23:37 : Main Screen Located
2015-08-17 11:23:38 : Detecting your Buildings..
2015-08-17 11:23:46 : Language setting is English: Correct.
2015-08-17 11:23:47 : Trying to locate Main Screen
2015-08-17 11:23:47 : Main Screen Located
2015-08-17 11:23:48 : Village Report
2015-08-17 11:23:48 : No. of Free/Total Builders: 0/4
2015-08-17 11:23:48 :  [T]: 2 703
2015-08-17 11:23:49 :  [G]: 3 098 949 [E]: 2 986 101 [D]: 25 501 [GEM]: 57
2015-08-17 11:23:49 : Collecting Resources
2015-08-17 11:23:50 : ClashGameBot was Paused!
2015-08-17 11:24:19 : ClashGameBot was Resumed.
2015-08-17 11:24:28 : Chat Request: hogs
2015-08-17 11:24:28 : Hog Riders Keyword found: hog
2015-08-17 11:24:31 : No Hog Riders available to donate..
2015-08-17 11:24:33 : Checking Army Camp...
2015-08-17 11:24:35 : Total Army Camp capacity: 220/220
2015-08-17 11:24:38 :  - No. of Barbarians: 10
2015-08-17 11:24:38 :  - No. of Archers: 115
2015-08-17 11:24:38 :  - No. of Goblins: 95
2015-08-17 11:24:38 : Barracks and Spell factory status: 
2015-08-17 11:24:38 : - Barracks detected: 4 | Available: 4 | Upgrading: 0
2015-08-17 11:24:38 : - Dark Barracks detected: 2 | Available: 2 | Upgrading: 0
2015-08-17 11:24:38 : - Spell factory detected: 1 | Available: 1 | Upgrading: 0
2015-08-17 11:24:38 : - Dark Spell factory detected: 1 | Available: 1 | Upgrading: 0
2015-08-17 11:24:39 : Training Troops...
2015-08-17 11:24:40 : Your Army Camps are now Full
2015-08-17 11:24:40 : Too few Barb, train first.
2015-08-17 11:24:40 : Too many Gobl, train last.
2015-08-17 11:25:11 : Spell Factory not found...
2015-08-17 11:25:13 : 0
2015-08-17 11:25:15 : Requesting Clan Castle Troops
2015-08-17 11:25:16 : Your Clan Castle is already full or you are not in a clan.
2015-08-17 11:25:17 : Going to Attack...
2015-08-17 11:25:23 : ============== Searching For Dead Base ===============
2015-08-17 11:25:23 : ~~~~~~~~~~~~~~~ SEARCH CONDITIONS ~~~~~~~~~~~~~~~~
2015-08-17 11:25:23 : Meet: Gold and Elixir
2015-08-17 11:25:23 : ~~~~~~~~~~~~~~ RESOURCE CONDITIONS ~~~~~~~~~~~~~~~
2015-08-17 11:25:23 : Aim: [G]: 999999 [E]: 999999 [D]:    0 [T]: 0 for: Dead Base
2015-08-17 11:25:23 : ============== Searching For Live Base ===============
2015-08-17 11:25:23 : ~~~~~~~~~~~~~~~ SEARCH CONDITIONS ~~~~~~~~~~~~~~~~
2015-08-17 11:25:23 : Meet: Gold and Elixir
2015-08-17 11:25:23 : ~~~~~~~~~~~~~~ RESOURCE CONDITIONS ~~~~~~~~~~~~~~~
2015-08-17 11:25:23 : Aim: [G]: 999999 [E]: 999999 [D]:    0 [T]: 0 for: Live Base
2015-08-17 11:25:23 : ~~~~~~~~~~~~~~~ ADVANCED SETTINGS ~~~~~~~~~~~~~~~~
2015-08-17 11:25:23 : THSnipe Combo, 8 Tile(s), , Attack6:PB6
2015-08-17 11:25:23 : ==================================================
2015-08-17 11:25:26 :   1> [G]: 126814 [E]: 118054 [D]:  350 [T]:15 [TH]: 9, In
2015-08-17 11:25:30 :   2> [G]:  62736 [E]:  38268 [D]:  948 [T]:30 [TH]:10, In
2015-08-17 11:25:36 :   3> [G]: 100227 [E]:  83359 [D]:   47 [T]:17 [TH]: 9, In
2015-08-17 11:25:41 :   4> [G]:   9162 [E]:  98368 [D]:  657 [T]:26 [TH]:10, In
2015-08-17 11:25:45 :   5> [G]:  50646 [E]:   8511 [D]: 1647 [T]:17 [TH]: 9, In
2015-08-17 11:25:49 :   6> [G]:  51401 [E]: 118332 [D]: 1232 [T]:19 [TH]:10, In
2015-08-17 11:25:53 :   7> [G]:  90516 [E]: 269190 [D]:  934 [T]:26 [TH]: 9, In
2015-08-17 11:25:58 :   8> [G]: 401495 [E]: 402895 [D]: 1256 [T]:15 [TH]: -, -
2015-08-17 11:26:01 :   9> [G]:  57714 [E]: 128023 [D]: 1181 [T]:13 [TH]: 9, In
2015-08-17 11:26:06 :  10> [G]:  23638 [E]:  52866 [D]:  854 [T]:19 [TH]: 9, In
2015-08-17 11:26:13 :  11> [G]:  10873 [E]: 155005 [D]: 1551 [T]:16 [TH]:10, In
2015-08-17 11:26:17 :  12> [G]:  90298 [E]: 156316 [D]: 1056 [T]:31 [TH]:10, In
2015-08-17 11:26:23 :  13> [G]: 153224 [E]: 195131 [D]: 1693 [T]:33 [TH]:10, In
2015-08-17 11:26:27 :  14> [G]:  45920 [E]:  19407 [D]:  332 [T]:24 [TH]:10, In
2015-08-17 11:26:31 :  15> [G]: 225356 [E]: 129498 [D]: 1336 [T]:28 [TH]: 9, In
2015-08-17 11:26:37 :  16> [G]: 264100 [E]: 199872 [D]: 3771 [T]:21 [TH]:10, In
2015-08-17 11:26:41 :  17> [G]:  47739 [E]:  91085 [D]: 1556 [T]:26 [TH]: 9, In
2015-08-17 11:26:45 :  18> [G]:  69097 [E]:  31828 [D]: 1274 [T]:21 [TH]: 9, In
2015-08-17 11:26:51 :  19> [G]: 145482 [E]: 102637 [D]:  305 [T]:10 [TH]: 9, In
2015-08-17 11:26:58 :  20> [G]:  59344 [E]:  13103 [D]:  693 [T]:23 [TH]:10, In
2015-08-17 11:27:02 :  21> [G]: 116903 [E]:  56813 [D]: 1372 [T]:27 [TH]: 9, In
2015-08-17 11:27:08 :  22> [G]: 139714 [E]: 132820 [D]: 1664 [T]:25 [TH]:10, In
2015-08-17 11:27:13 :  23> [G]: 102374 [E]: 165237 [D]: 2173 [T]:31 [TH]:10, In
2015-08-17 11:27:17 :  24> [G]:  36401 [E]:  78787 [D]: 1081 [T]:20 [TH]: 9, In
2015-08-17 11:27:22 :  25> [G]: 124853 [E]: 265056 [D]:  883 [T]:32 [TH]:10, In
2015-08-17 11:27:26 :  26> [G]: 223075 [E]:  24031 [D]: 2469 [T]:17 [TH]:10, In
2015-08-17 11:27:33 :  27> [G]:  69433 [E]:  40079 [D]:  337 [T]:24 [TH]:10, In
2015-08-17 11:27:37 :  28> [G]: 111724 [E]:  98499 [D]:   39 [T]:30 [TH]: 9, In
2015-08-17 11:27:42 :  29> [G]:  33303 [E]:  27929 [D]:  576 [T]:12 [TH]: 9, In
2015-08-17 11:27:47 :  30> [G]:  57499 [E]:  86206 [D]:  634 [T]:13 [TH]: 9, In
2015-08-17 11:27:52 :  31> [G]:  55073 [E]: 104091 [D]:  134 [T]:26 [TH]: 9, In
2015-08-17 11:27:54 : ClashGameBot was Paused!
2015-08-17 11:28:09 : ClashGameBot was Resumed.
2015-08-17 11:28:11 : Checking Trapped TH
2015-08-17 11:28:12 : Hidden Tesla Found
2015-08-17 11:28:12 :  32> [G]:        [E]:        [D]:  N/A [T]:   [TH]: 9, Out
2015-08-17 11:28:12 : Hidden Tesla found near TH, skipping...
2015-08-17 11:28:12 : Trap found, skipping base...
2015-08-17 11:28:12 : ~~~~~~~~~~~~~~~ TH Outside Found! ~~~~~~~~~~~~~~~~
2015-08-17 11:28:12 : ================ Search Complete =================
2015-08-17 11:28:12 : Initiating attack for: TH Snipe
2015-08-17 11:28:15 :  ====== Start Attack ====== 
