2015-08-02 11:02:09 : ~~~ Clash Game Bot v4.1 Powered by GameBot.org ~~~
2015-08-02 11:02:09 : GameBot.org.exe Executable running on WIN_7  X64
2015-08-02 11:02:09 : =================== Bot Start ====================
2015-08-02 11:02:09 : -------------------------  Current Profile: 01 --------------------------
2015-08-02 11:02:09 : Trying to locate Main Screen
2015-08-02 11:02:09 : Main Screen Located
2015-08-02 11:02:10 : Detecting your Buildings..
2015-08-02 11:02:15 : Language setting is English: Correct.
2015-08-02 11:02:16 : Trying to locate Main Screen
2015-08-02 11:02:18 : Waiting for Main Screen
2015-08-02 11:02:24 : Main Screen Located
2015-08-02 11:02:25 : Collecting Resources
2015-08-02 11:02:31 : Checking if Village needs Rearming..
2015-08-02 11:02:39 : Village Report
2015-08-02 11:02:39 : Cannot get Free/Total Builders
2015-08-02 11:02:39 : No. of Free/Total Builders: 0/0
2015-08-02 11:02:39 :  [T]: 1 615
2015-08-02 11:02:39 :  [G]: 5 864 193 [E]: 4 434 355 [D]: 58 361 [GEM]: 954
2015-08-02 11:02:41 : Checking Army Camp...
2015-08-02 11:02:43 : Total Army Camp capacity: 200/200
2015-08-02 11:02:44 :  - No. of Barbarians: 131
2015-08-02 11:02:44 :  - No. of Archers: 69
2015-08-02 11:02:45 : Barracks and Spell factory status: 
2015-08-02 11:02:45 : - Barracks detected: 4 | Available: 3 | Upgrading: 1
2015-08-02 11:02:45 : - Dark Barracks detected: 2 | Available: 2 | Upgrading: 0
2015-08-02 11:02:45 : - Spell factory detected: 1 | Available: 1 | Upgrading: 0
2015-08-02 11:02:45 : - Dark Spell factory detected: 1 | Available: 0 | Upgrading: 1
2015-08-02 11:02:45 : Training Troops...
2015-08-02 11:02:45 : Your Army Camps are now Full
2015-08-02 11:03:09 :  ====== Unbreakable Mode enabled! ====== 
2015-08-02 11:03:10 : Oops, Out of Dark Elxir - back to farming
2015-08-02 11:03:10 : Checking Troop Upgrade in Laboratory ...
2015-08-02 11:03:10 : Updating village values [E]: 4430005 [D]: 58361
2015-08-02 11:03:11 : Trouble finding research button, try again...
2015-08-02 11:03:15 : Going to Attack...
2015-08-02 11:03:20 : ============== Searching For Dead Base ===============
2015-08-02 11:03:20 : ~~~~~~~~~~~~~~~ SEARCH CONDITIONS ~~~~~~~~~~~~~~~~
2015-08-02 11:03:20 : Meet: Gold and Elixir
2015-08-02 11:03:20 : ~~~~~~~~~~~~~~ RESOURCE CONDITIONS ~~~~~~~~~~~~~~~
2015-08-02 11:03:20 : Aim: [G]: 200000 [E]: 200000 [D]:    0 [T]: 0 for: Dead Base
2015-08-02 11:03:20 : ~~~~~~~~~~~~~~~ ADVANCED SETTINGS ~~~~~~~~~~~~~~~~
2015-08-02 11:03:20 : THSnipe Combo, 1 Tile(s), AttackTH, Attack1:Normal
2015-08-02 11:03:20 : ==================================================
2015-08-02 11:03:22 :   1> [G]:  36476 [E]:  83368 [D]:  573 [T]:30 [TH]: 9, In
2015-08-02 11:03:24 :   2> [G]:  36476 [E]:  83368 [D]:  573 [T]:30 [TH]: 9, In
2015-08-02 11:03:27 :   3> [G]:  36476 [E]:  83368 [D]:  573 [T]:30 [TH]: 9, In
2015-08-02 11:03:29 :   4> [G]:  36476 [E]:  83368 [D]:  573 [T]:30 [TH]: 9, In
2015-08-02 11:03:31 :   5> [G]:  36476 [E]:  83368 [D]:  573 [T]:30 [TH]: 9, In
2015-08-02 11:03:33 : Trying to locate Main Screen
2015-08-02 11:03:34 : Returning Home
2015-08-02 11:03:37 : Waiting for Main Screen
2015-08-02 11:03:39 : Zooming Out
2015-08-02 11:03:39 : Main Screen Located
2015-08-02 11:03:39 : Cannot locate Next button, Restarting Bot...
2015-08-02 11:03:41 : Trying to locate Main Screen
2015-08-02 11:03:41 : Main Screen Located
2015-08-02 11:03:41 : Restarted after Out of Sync Error: Attack Now
2015-08-02 11:03:41 : Going to Attack...
2015-08-02 11:03:47 : ============== Searching For Dead Base ===============
2015-08-02 11:03:47 : ~~~~~~~~~~~~~~~ SEARCH CONDITIONS ~~~~~~~~~~~~~~~~
2015-08-02 11:03:47 : Meet: Gold and Elixir
2015-08-02 11:03:47 : ~~~~~~~~~~~~~~ RESOURCE CONDITIONS ~~~~~~~~~~~~~~~
2015-08-02 11:03:47 : Aim: [G]: 200000 [E]: 200000 [D]:    0 [T]: 0 for: Dead Base
2015-08-02 11:03:47 : ~~~~~~~~~~~~~~~ ADVANCED SETTINGS ~~~~~~~~~~~~~~~~
2015-08-02 11:03:47 : THSnipe Combo, 1 Tile(s), AttackTH, Attack1:Normal
2015-08-02 11:03:47 : ==================================================
2015-08-02 11:03:48 :   6> [G]:  71680 [E]: 153747 [D]:  779 [T]:26 [TH]: 9, In
2015-08-02 11:03:52 :   7> [G]: 109582 [E]: 200368 [D]:  387 [T]:14 [TH]:10, In
2015-08-02 11:03:55 :   8> [G]:  49532 [E]:  55965 [D]: 1051 [T]:17 [TH]: 8, In
2015-08-02 11:03:58 :   9> [G]: 103555 [E]: 179882 [D]: 1531 [T]:26 [TH]: 8, In
2015-08-02 11:04:01 :  10> [G]: 124575 [E]:  98083 [D]:  286 [T]:15 [TH]: 8, In
2015-08-02 11:04:04 :  11> [G]: 291639 [E]: 133092 [D]:  880 [T]:13 [TH]: 7, In
2015-08-02 11:04:11 :  12> [G]:  22782 [E]:  35260 [D]:  N/A [T]:13 [TH]: -, -
2015-08-02 11:04:14 :  13> [G]: 113678 [E]: 126306 [D]:  297 [T]:32 [TH]: 8, In
2015-08-02 11:04:17 :  14> [G]: 105981 [E]: 156643 [D]:  215 [T]:27 [TH]: 8, In
2015-08-02 11:04:24 :  15> [G]: 119844 [E]:  19647 [D]:  752 [T]:23 [TH]: 8, In
2015-08-02 11:04:27 :  16> [G]: 114292 [E]:  18690 [D]:  218 [T]:15 [TH]: 7, In
2015-08-02 11:04:34 :  17> [G]:  74634 [E]: 119554 [D]:  158 [T]:24 [TH]: 7, In
2015-08-02 11:04:37 :  18> [G]: 151141 [E]: 151482 [D]:  961 [T]:14 [TH]: 8, In
2015-08-02 11:04:41 :  19> [G]:  61168 [E]:  77657 [D]:  135 [T]:17 [TH]: 8, In
2015-08-02 11:04:44 :  20> [G]: 138610 [E]: 122588 [D]: 1344 [T]:29 [TH]: 8, In
2015-08-02 11:04:44 : Aim: [G]: 198000 [E]: 198000 [D]:    0 [T]: 0 for: Dead Base
2015-08-02 11:04:47 :  21> [G]:  58797 [E]:  73895 [D]:  309 [T]:27 [TH]: 7, In
2015-08-02 11:04:54 :  22> [G]:  55640 [E]:  23797 [D]:   44 [T]:25 [TH]: 9, In
2015-08-02 11:04:57 :  23> [G]: 155152 [E]: 288724 [D]: 1275 [T]:28 [TH]: 8, In
2015-08-02 11:05:01 :  24> [G]:  27499 [E]: 173977 [D]:  343 [T]:28 [TH]: 8, Out
2015-08-02 11:05:01 : ~~~~~~~~~~~~~~~ TH Outside Found! ~~~~~~~~~~~~~~~~
2015-08-02 11:05:02 : ================ Search Complete =================
2015-08-02 11:05:02 : Initiating attack for: TH Snipe
2015-08-02 11:05:05 : -Barbarians 130
2015-08-02 11:05:05 : -Archers 70
2015-08-02 11:05:05 : -Clan Castle 
2015-08-02 11:05:05 : -King 
2015-08-02 11:05:05 : -Lightning Spells 3
2015-08-02 11:05:05 : -Poison Spells 1
2015-08-02 11:05:05 :  ====== Start Attack ====== 
2015-08-02 11:05:07 : Normal Attacking TH Outside with BAM PULSE!
2015-08-02 11:05:07 : Dropping first wave of 6 Barbarians
2015-08-02 11:05:09 : Deployment of Barbarians Successful!
2015-08-02 11:05:11 : Dropping first wave of 6 Archers
2015-08-02 11:05:13 : Deployment of Archers Successful!
2015-08-02 11:05:14 : No  troop Found!!!
2015-08-02 11:05:45 : Dropping second wave of 6 Barbarians
2015-08-02 11:05:47 : Deployment of Barbarians Successful!
2015-08-02 11:05:48 : Dropping second wave of 6 Archers
2015-08-02 11:05:50 : Deployment of Archers Successful!
2015-08-02 11:05:52 : No  troop Found!!!
2015-08-02 11:05:54 : Townhall has been destroyed!
2015-08-02 11:05:57 : Checking if the battle has finished
2015-08-02 11:05:59 : detected [G]:  [E]:  [DE]:  |  Exit now 
2015-08-02 11:05:59 : Gold & Elixir & DE = 0, end battle 
2015-08-02 11:06:00 : Battle has finished
2015-08-02 11:06:00 : Returning Home
2015-08-02 11:06:04 : Loot: [G]: 1 420 [E]: 1 000 [DE]:  [T]: 9
2015-08-02 11:06:04 : Bonus [G]: 11 000 [E]: 11 000
2015-08-02 11:06:06 : Your league level is: Gold II
2015-08-02 11:06:06 : Stars earned: 1
2015-08-02 11:06:13 : Trying to locate Main Screen
2015-08-02 11:06:13 : Main Screen Located
2015-08-02 11:06:14 : Collecting Resources
2015-08-02 11:06:23 : Checking if Village needs Rearming..
2015-08-02 11:06:32 : Village Report
2015-08-02 11:06:32 : No. of Free/Total Builders: 0/4
2015-08-02 11:06:32 :  [T]: 1 605
2015-08-02 11:06:32 :  [G]: 5 867 698 [E]: 4 443 700 [D]: 58 373 [GEM]: 954
2015-08-02 11:06:34 : Checking Army Camp...
2015-08-02 11:06:36 : Total Army Camp capacity: 173/200
2015-08-02 11:06:37 :  - No. of Barbarians: 102
2015-08-02 11:06:37 :  - No. of Archers: 71
2015-08-02 11:06:37 : Barracks and Spell factory status: 
2015-08-02 11:06:37 : - Barracks detected: 4 | Available: 3 | Upgrading: 1
2015-08-02 11:06:37 : - Dark Barracks detected: 2 | Available: 2 | Upgrading: 0
2015-08-02 11:06:37 : - Spell factory detected: 1 | Available: 1 | Upgrading: 0
2015-08-02 11:06:37 : - Dark Spell factory detected: 1 | Available: 0 | Upgrading: 1
2015-08-02 11:06:37 : Training Troops...
2015-08-02 11:06:55 :  ====== Unbreakable Mode restarted! ====== 
2015-08-02 11:06:55 : Oops, Out of Dark Elxir - back to farming
2015-08-02 11:06:55 : Checking Troop Upgrade in Laboratory ...
2015-08-02 11:06:55 : Updating village values [E]: 4471750 [D]: 58373
2015-08-02 11:06:57 : Insufficent Elixir for Pekka, Lab requires: 6000000 + 250000 user reserve
2015-08-02 11:07:01 : ====== Waiting for full army ======
2015-08-02 11:07:12 : Checking Army Camp...
2015-08-02 11:07:14 : Total Army Camp capacity: 177/200
2015-08-02 11:07:15 :  - No. of Barbarians: 102
2015-08-02 11:07:15 :  - No. of Archers: 75
2015-08-02 11:07:15 : Training Troops...
2015-08-02 11:07:22 : Time Idle: 00:00:21
2015-08-02 11:07:22 : ====== Waiting for full army ======
2015-08-02 11:07:34 : Checking Army Camp...
2015-08-02 11:07:36 : Total Army Camp capacity: 179/200
2015-08-02 11:07:37 :  - No. of Barbarians: 102
2015-08-02 11:07:37 :  - No. of Archers: 77
2015-08-02 11:07:37 : Training Troops...
2015-08-02 11:07:44 : Time Idle: 00:00:42
2015-08-02 11:07:44 : ====== Waiting for full army ======
2015-08-02 11:07:47 : ClashGameBot was Paused!
2015-08-02 11:22:41 : ClashGameBot was Resumed.
2015-08-02 11:22:42 : Zooming Out
2015-08-02 11:22:52 : Checking Army Camp...
2015-08-02 11:22:54 : Total Army Camp capacity: 200/200
2015-08-02 11:22:55 :  - No. of Barbarians: 10
2015-08-02 11:22:55 :  - No. of Archers: 80
2015-08-02 11:22:55 : Training Troops...
2015-08-02 11:22:56 : Your Army Camps are now Full
2015-08-02 11:23:16 : Going to Attack...
2015-08-02 11:23:22 : ============== Searching For Dead Base ===============
2015-08-02 11:23:22 : ~~~~~~~~~~~~~~~ SEARCH CONDITIONS ~~~~~~~~~~~~~~~~
2015-08-02 11:23:22 : Meet: Gold and Elixir
2015-08-02 11:23:22 : ~~~~~~~~~~~~~~ RESOURCE CONDITIONS ~~~~~~~~~~~~~~~
2015-08-02 11:23:22 : Aim: [G]: 200000 [E]: 200000 [D]:    0 [T]: 0 for: Dead Base
2015-08-02 11:23:22 : ~~~~~~~~~~~~~~~ ADVANCED SETTINGS ~~~~~~~~~~~~~~~~
2015-08-02 11:23:22 : THSnipe Combo, 1 Tile(s), AttackTH, Attack1:Normal
2015-08-02 11:23:22 : ==================================================
2015-08-02 11:23:24 :   1> [G]: 111707 [E]: 207095 [D]:  892 [T]:31 [TH]: 8, In
2015-08-02 11:23:27 :   2> [G]:  99045 [E]: 162009 [D]:  258 [T]:15 [TH]: 8, In
2015-08-02 11:23:30 :   3> [G]:  42030 [E]: 107025 [D]:  478 [T]:13 [TH]: 8, In
2015-08-02 11:23:33 :   4> [G]:  52855 [E]:  29503 [D]:  176 [T]:23 [TH]: 7, In
2015-08-02 11:23:40 :   5> [G]:  22028 [E]:  38412 [D]:  N/A [T]:15 [TH]:4-6, In
2015-08-02 11:23:43 :   6> [G]:  75021 [E]: 172154 [D]:  509 [T]:17 [TH]: 8, In
2015-08-02 11:23:46 :   7> [G]:  59861 [E]:  33652 [D]:  132 [T]:31 [TH]: 8, In
2015-08-02 11:23:53 :   8> [G]: 321227 [E]: 314560 [D]: 1116 [T]:29 [TH]: 8, In
2015-08-02 11:23:53 : ~~~~~~~~~~~~~~~~ Not a Dead Base ~~~~~~~~~~~~~~~~~
2015-08-02 11:23:56 :   9> [G]: 149541 [E]: 140700 [D]:  249 [T]:32 [TH]: 8, In
2015-08-02 11:24:02 :  10> [G]:  32678 [E]:  92692 [D]:  932 [T]:15 [TH]: 9, In
2015-08-02 11:24:05 :  11> [G]:  87277 [E]:  82926 [D]:   80 [T]:19 [TH]: 8, In
2015-08-02 11:24:11 :  12> [G]:  73055 [E]:  63060 [D]:   67 [T]:24 [TH]: 8, In
2015-08-02 11:24:14 :  13> [G]:  33911 [E]: 253922 [D]: 1132 [T]:26 [TH]: 8, In
2015-08-02 11:24:18 :  14> [G]: 137844 [E]:  81205 [D]:  272 [T]:29 [TH]:10, In
2015-08-02 11:24:21 :  15> [G]:  91097 [E]:  78782 [D]:  191 [T]:17 [TH]: 7, In
2015-08-02 11:24:23 :  16> [G]:  32294 [E]:  35228 [D]:  280 [T]:21 [TH]: 8, In
2015-08-02 11:24:30 :  17> [G]: 186946 [E]:  77649 [D]: 1201 [T]:13 [TH]: 8, In
2015-08-02 11:24:34 :  18> [G]: 133227 [E]:  75664 [D]:  320 [T]:13 [TH]: 8, In
2015-08-02 11:24:36 :  19> [G]:  17531 [E]:  63198 [D]:  N/A [T]:17 [TH]:4-6, In
2015-08-02 11:24:43 :  20> [G]:  61901 [E]:  57568 [D]:  711 [T]:16 [TH]: 8, In
2015-08-02 11:24:43 : Aim: [G]: 198000 [E]: 198000 [D]:    0 [T]: 0 for: Dead Base
2015-08-02 11:24:46 :  21> [G]:  47701 [E]: 129971 [D]: 1514 [T]:15 [TH]: 8, Out
2015-08-02 11:24:46 : ~~~~~~~~~~~~~~~ TH Outside Found! ~~~~~~~~~~~~~~~~
2015-08-02 11:24:48 : ================ Search Complete =================
2015-08-02 11:24:48 : Initiating attack for: TH Snipe
2015-08-02 11:24:50 : -Barbarians 120
2015-08-02 11:24:50 : -Archers 80
2015-08-02 11:24:50 : -Clan Castle 
2015-08-02 11:24:50 : -King 
2015-08-02 11:24:50 : -Lightning Spells 3
2015-08-02 11:24:50 : -Poison Spells 1
2015-08-02 11:24:50 :  ====== Start Attack ====== 
2015-08-02 11:24:52 : Normal Attacking TH Outside with BAM PULSE!
2015-08-02 11:24:52 : Dropping first wave of 6 Barbarians
2015-08-02 11:24:54 : Deployment of Barbarians Successful!
2015-08-02 11:24:56 : Dropping first wave of 6 Archers
2015-08-02 11:24:58 : Deployment of ArchersNOT Successful!
2015-08-02 11:24:58 : No  troop Found!!!
2015-08-02 11:25:17 : Townhall has been destroyed!
2015-08-02 11:25:20 : Checking if the battle has finished
2015-08-02 11:25:21 : detected [G]:  [E]:  [DE]:  |  Exit now 
2015-08-02 11:25:21 : Gold & Elixir & DE = 0, end battle 
2015-08-02 11:25:23 : Battle has finished
2015-08-02 11:25:23 : Returning Home
2015-08-02 11:25:27 : Loot: [G]: 1 000 [E]: 1 716 [DE]:  [T]: 5
2015-08-02 11:25:28 : Bonus [G]: 11 000 [E]: 11 000
2015-08-02 11:25:29 : Your league level is: Gold II
2015-08-02 11:25:29 : Stars earned: 1
2015-08-02 11:25:37 : Trying to locate Main Screen
2015-08-02 11:25:37 : Main Screen Located
2015-08-02 11:25:38 : Collecting Resources
2015-08-02 11:25:48 : Checking if Village needs Rearming..
2015-08-02 11:25:56 : Village Report
2015-08-02 11:25:56 : No. of Free/Total Builders: 0/4
2015-08-02 11:25:56 :  [T]: 1 610
2015-08-02 11:25:56 :  [G]: 5 877 337 [E]: 4 452 230 [D]: 58 429 [GEM]: 954
2015-08-02 11:25:58 : Checking Army Camp...
2015-08-02 11:26:00 : Total Army Camp capacity: 200/200
2015-08-02 11:26:01 :  - No. of Barbarians: 108
2015-08-02 11:26:01 :  - No. of Archers: 92
2015-08-02 11:26:02 : Barracks and Spell factory status: 
2015-08-02 11:26:02 : - Barracks detected: 4 | Available: 3 | Upgrading: 1
2015-08-02 11:26:02 : - Dark Barracks detected: 2 | Available: 2 | Upgrading: 0
2015-08-02 11:26:02 : - Spell factory detected: 1 | Available: 1 | Upgrading: 0
2015-08-02 11:26:02 : - Dark Spell factory detected: 1 | Available: 0 | Upgrading: 1
2015-08-02 11:26:02 : Training Troops...
2015-08-02 11:26:02 : Your Army Camps are now Full
2015-08-02 11:26:11 :  ====== Unbreakable Mode restarted! ====== 
2015-08-02 11:26:11 : Oops, Out of Dark Elxir - back to farming
2015-08-02 11:26:11 : Checking Troop Upgrade in Laboratory ...
2015-08-02 11:26:11 : Updating village values [E]: 4453130 [D]: 58429
2015-08-02 11:26:13 : Insufficent Elixir for Pekka, Lab requires: 6000000 + 250000 user reserve
2015-08-02 11:26:17 : Going to Attack...
2015-08-02 11:26:23 : ============== Searching For Dead Base ===============
2015-08-02 11:26:23 : ~~~~~~~~~~~~~~~ SEARCH CONDITIONS ~~~~~~~~~~~~~~~~
2015-08-02 11:26:23 : Meet: Gold and Elixir
2015-08-02 11:26:23 : ~~~~~~~~~~~~~~ RESOURCE CONDITIONS ~~~~~~~~~~~~~~~
2015-08-02 11:26:23 : Aim: [G]: 200000 [E]: 200000 [D]:    0 [T]: 0 for: Dead Base
2015-08-02 11:26:23 : ~~~~~~~~~~~~~~~ ADVANCED SETTINGS ~~~~~~~~~~~~~~~~
2015-08-02 11:26:23 : THSnipe Combo, 1 Tile(s), AttackTH, Attack1:Normal
2015-08-02 11:26:23 : ==================================================
2015-08-02 11:26:24 :   1> [G]: 398278 [E]: 398274 [D]: 1463 [T]:16 [TH]: 8, Out
2015-08-02 11:26:24 : ~~~~~~~~~~~~~~~ TH Outside Found! ~~~~~~~~~~~~~~~~
2015-08-02 11:26:26 : ================ Search Complete =================
2015-08-02 11:26:26 : Initiating attack for: TH Snipe
2015-08-02 11:26:28 : -Barbarians 108
2015-08-02 11:26:28 : -Archers 92
2015-08-02 11:26:28 : -Clan Castle 
2015-08-02 11:26:28 : -King 
2015-08-02 11:26:28 : -Lightning Spells 3
2015-08-02 11:26:28 : -Poison Spells 1
2015-08-02 11:26:28 :  ====== Start Attack ====== 
2015-08-02 11:26:31 : Normal Attacking TH Outside with BAM PULSE!
2015-08-02 11:26:31 : Dropping first wave of 6 Barbarians
2015-08-02 11:26:32 : Deployment of Barbarians Successful!
2015-08-02 11:26:34 : Dropping first wave of 6 Archers
2015-08-02 11:26:36 : Deployment of Archers Successful!
2015-08-02 11:26:38 : No  troop Found!!!
2015-08-02 11:26:54 : Townhall has been destroyed!
2015-08-02 11:26:57 : Checking if the battle has finished
2015-08-02 11:26:59 : detected [G]:  [E]:  [DE]:  |  Exit now 
2015-08-02 11:26:59 : Gold & Elixir & DE = 0, end battle 
2015-08-02 11:27:01 : Battle has finished
2015-08-02 11:27:01 : Returning Home
2015-08-02 11:27:06 : Loot: [G]: 1 000 [E]: 1 000 [DE]:  [T]: 5
2015-08-02 11:27:06 : Bonus [G]: 11 000 [E]: 11 000
2015-08-02 11:27:08 : Your league level is: Gold II
2015-08-02 11:27:08 : Stars earned: 1
2015-08-02 11:27:16 : Trying to locate Main Screen
2015-08-02 11:27:16 : Main Screen Located
2015-08-02 11:27:17 : Collecting Resources
2015-08-02 11:27:24 : Checking if Village needs Rearming..
2015-08-02 11:27:32 : Village Report
2015-08-02 11:27:32 : No. of Free/Total Builders: 0/4
2015-08-02 11:27:32 :  [T]: 1 615
2015-08-02 11:27:32 :  [G]: 5 888 757 [E]: 4 465 130 [D]: 58 433 [GEM]: 954
2015-08-02 11:27:34 : Checking Army Camp...
2015-08-02 11:27:36 : Total Army Camp capacity: 199/200
2015-08-02 11:27:37 :  - No. of Barbarians: 102
2015-08-02 11:27:37 :  - No. of Archers: 97
2015-08-02 11:27:37 : Barracks and Spell factory status: 
2015-08-02 11:27:37 : - Barracks detected: 4 | Available: 3 | Upgrading: 1
2015-08-02 11:27:37 : - Dark Barracks detected: 2 | Available: 2 | Upgrading: 0
2015-08-02 11:27:37 : - Spell factory detected: 1 | Available: 1 | Upgrading: 0
2015-08-02 11:27:37 : - Dark Spell factory detected: 1 | Available: 0 | Upgrading: 1
2015-08-02 11:27:38 : Training Troops...
2015-08-02 11:27:38 : Your Army Camps are now Full
2015-08-02 11:27:38 : Too many Arch, train last.
2015-08-02 11:28:00 :  ====== Unbreakable Mode restarted! ====== 
2015-08-02 11:28:00 : Oops, Out of Dark Elxir - back to farming
2015-08-02 11:28:00 : Checking Troop Upgrade in Laboratory ...
2015-08-02 11:28:00 : Updating village values [E]: 4460330 [D]: 58433
2015-08-02 11:28:02 : Insufficent Elixir for Pekka, Lab requires: 6000000 + 250000 user reserve
2015-08-02 11:28:05 : Going to Attack...
2015-08-02 11:28:11 : ============== Searching For Dead Base ===============
2015-08-02 11:28:11 : ~~~~~~~~~~~~~~~ SEARCH CONDITIONS ~~~~~~~~~~~~~~~~
2015-08-02 11:28:11 : Meet: Gold and Elixir
2015-08-02 11:28:11 : ~~~~~~~~~~~~~~ RESOURCE CONDITIONS ~~~~~~~~~~~~~~~
2015-08-02 11:28:12 : Aim: [G]: 200000 [E]: 200000 [D]:    0 [T]: 0 for: Dead Base
2015-08-02 11:28:12 : ~~~~~~~~~~~~~~~ ADVANCED SETTINGS ~~~~~~~~~~~~~~~~
2015-08-02 11:28:12 : THSnipe Combo, 1 Tile(s), AttackTH, Attack1:Normal
2015-08-02 11:28:12 : ==================================================
2015-08-02 11:28:13 :   1> [G]: 249858 [E]: 301554 [D]: 1742 [T]:21 [TH]: 8, Out
2015-08-02 11:28:13 : ~~~~~~~~~~~~~~~ TH Outside Found! ~~~~~~~~~~~~~~~~
2015-08-02 11:28:15 : ================ Search Complete =================
2015-08-02 11:28:15 : Initiating attack for: TH Snipe
2015-08-02 11:28:17 : -Barbarians 103
2015-08-02 11:28:17 : -Archers 97
2015-08-02 11:28:17 : -Clan Castle 
2015-08-02 11:28:17 : -King 
2015-08-02 11:28:17 : -Lightning Spells 3
2015-08-02 11:28:17 : -Poison Spells 1
2015-08-02 11:28:17 :  ====== Start Attack ====== 
2015-08-02 11:28:19 : Normal Attacking TH Outside with BAM PULSE!
2015-08-02 11:28:20 : Dropping first wave of 6 Barbarians
2015-08-02 11:28:20 : Zooming in...
2015-08-02 11:28:23 : Done zooming.
2015-08-02 11:28:24 : Scrolling to bottom...
2015-08-02 11:28:28 : Deployment of Barbarians Successful!
2015-08-02 11:28:30 : Dropping first wave of 6 Archers
2015-08-02 11:28:32 : Deployment of Archers Successful!
2015-08-02 11:28:33 : No  troop Found!!!
2015-08-02 11:28:48 : Townhall has been destroyed!
2015-08-02 11:28:50 : Zooming Out
2015-08-02 11:28:58 : Checking if the battle has finished
2015-08-02 11:29:00 : detected [G]:  [E]:  [DE]:  |  Exit now 
2015-08-02 11:29:00 : Gold & Elixir & DE = 0, end battle 
2015-08-02 11:29:00 : Battle has finished
2015-08-02 11:29:00 : Returning Home
2015-08-02 11:29:05 : Loot: [G]: 1 000 [E]: 1 000 [DE]:  [T]: 7
2015-08-02 11:29:05 : Bonus [G]: 11 000 [E]: 11 000
2015-08-02 11:29:07 : Your league level is: Gold II
2015-08-02 11:29:07 : Stars earned: 1
2015-08-02 11:29:15 : Trying to locate Main Screen
2015-08-02 11:29:15 : Main Screen Located
2015-08-02 11:29:16 : Collecting Resources
2015-08-02 11:29:23 : Checking if Village needs Rearming..
2015-08-02 11:29:31 : Village Report
2015-08-02 11:29:31 : No. of Free/Total Builders: 0/4
2015-08-02 11:29:31 :  [T]: 1 622
2015-08-02 11:29:32 :  [G]: 5 900 177 [E]: 4 473 224 [D]: 58 437 [GEM]: 954
2015-08-02 11:29:34 : Checking Army Camp...
2015-08-02 11:29:36 : Total Army Camp capacity: 200/200
2015-08-02 11:29:37 :  - No. of Barbarians: 109
2015-08-02 11:29:37 :  - No. of Archers: 91
2015-08-02 11:29:37 : Barracks and Spell factory status: 
2015-08-02 11:29:37 : - Barracks detected: 4 | Available: 3 | Upgrading: 1
2015-08-02 11:29:37 : - Dark Barracks detected: 2 | Available: 2 | Upgrading: 0
2015-08-02 11:29:37 : - Spell factory detected: 1 | Available: 1 | Upgrading: 0
2015-08-02 11:29:37 : - Dark Spell factory detected: 1 | Available: 0 | Upgrading: 1
2015-08-02 11:29:37 : Training Troops...
2015-08-02 11:29:38 : Your Army Camps are now Full
2015-08-02 11:30:01 :  ====== Unbreakable Mode restarted! ====== 
2015-08-02 11:30:01 : Oops, Out of Dark Elxir - back to farming
2015-08-02 11:30:01 : Checking Troop Upgrade in Laboratory ...
2015-08-02 11:30:01 : Updating village values [E]: 4460474 [D]: 58437
2015-08-02 11:30:03 : Insufficent Elixir for Pekka, Lab requires: 6000000 + 250000 user reserve
2015-08-02 11:30:07 : Going to Attack...
2015-08-02 11:30:13 : ============== Searching For Dead Base ===============
2015-08-02 11:30:13 : ~~~~~~~~~~~~~~~ SEARCH CONDITIONS ~~~~~~~~~~~~~~~~
2015-08-02 11:30:13 : Meet: Gold and Elixir
2015-08-02 11:30:13 : ~~~~~~~~~~~~~~ RESOURCE CONDITIONS ~~~~~~~~~~~~~~~
2015-08-02 11:30:13 : Aim: [G]: 200000 [E]: 200000 [D]:    0 [T]: 0 for: Dead Base
2015-08-02 11:30:13 : ~~~~~~~~~~~~~~~ ADVANCED SETTINGS ~~~~~~~~~~~~~~~~
2015-08-02 11:30:13 : THSnipe Combo, 1 Tile(s), AttackTH, Attack1:Normal
2015-08-02 11:30:13 : ==================================================
2015-08-02 11:30:14 :   1> [G]:  51954 [E]: 172687 [D]:  105 [T]:13 [TH]: 8, In
2015-08-02 11:30:17 :   2> [G]: 136423 [E]:  48194 [D]:   91 [T]:18 [TH]: 7, In
2015-08-02 11:30:20 :   3> [G]: 105617 [E]:  86996 [D]:  152 [T]:17 [TH]: 7, In
2015-08-02 11:30:27 :   4> [G]: 150631 [E]: 172612 [D]: 1273 [T]:34 [TH]: 9, In
2015-08-02 11:30:28 : Trying to locate Main Screen
2015-08-02 11:30:35 : Waiting for Main Screen
2015-08-02 11:30:37 : Zooming Out
2015-08-02 11:30:39 : Main Screen Located
2015-08-02 11:30:39 : Cannot locate Next button, Restarting Bot...
2015-08-02 11:30:41 : Trying to locate Main Screen
2015-08-02 11:30:41 : Main Screen Located
2015-08-02 11:30:41 : Restarted after Out of Sync Error: Attack Now
2015-08-02 11:30:41 : Going to Attack...
2015-08-02 11:30:47 : ============== Searching For Dead Base ===============
2015-08-02 11:30:47 : ~~~~~~~~~~~~~~~ SEARCH CONDITIONS ~~~~~~~~~~~~~~~~
2015-08-02 11:30:47 : Meet: Gold and Elixir
2015-08-02 11:30:47 : ~~~~~~~~~~~~~~ RESOURCE CONDITIONS ~~~~~~~~~~~~~~~
2015-08-02 11:30:47 : Aim: [G]: 200000 [E]: 200000 [D]:    0 [T]: 0 for: Dead Base
2015-08-02 11:30:47 : ~~~~~~~~~~~~~~~ ADVANCED SETTINGS ~~~~~~~~~~~~~~~~
2015-08-02 11:30:47 : THSnipe Combo, 1 Tile(s), AttackTH, Attack1:Normal
2015-08-02 11:30:47 : ==================================================
2015-08-02 11:30:48 :   5> [G]:  53533 [E]: 169369 [D]:  205 [T]:27 [TH]: 8, In
2015-08-02 11:30:52 :   6> [G]: 151295 [E]: 300661 [D]:  834 [T]:17 [TH]: -, -
2015-08-02 11:30:55 :   7> [G]: 156544 [E]:  98276 [D]:  168 [T]:17 [TH]: 8, Out
2015-08-02 11:30:55 : ~~~~~~~~~~~~~~~ TH Outside Found! ~~~~~~~~~~~~~~~~
2015-08-02 11:30:56 : ================ Search Complete =================
2015-08-02 11:30:57 : Initiating attack for: TH Snipe
2015-08-02 11:30:59 : -Barbarians 109
2015-08-02 11:30:59 : -Archers 91
2015-08-02 11:30:59 : -Clan Castle 
2015-08-02 11:30:59 : -King 
2015-08-02 11:30:59 : -Lightning Spells 3
2015-08-02 11:30:59 : -Poison Spells 1
2015-08-02 11:30:59 :  ====== Start Attack ====== 
2015-08-02 11:31:01 : Normal Attacking TH Outside with BAM PULSE!
2015-08-02 11:31:01 : Dropping first wave of 6 Barbarians
2015-08-02 11:31:03 : Deployment of Barbarians Successful!
2015-08-02 11:31:05 : Dropping first wave of 6 Archers
2015-08-02 11:31:07 : Deployment of Archers Successful!
2015-08-02 11:31:08 : No  troop Found!!!
2015-08-02 11:31:25 : Townhall has been destroyed!
2015-08-02 11:31:28 : Checking if the battle has finished
2015-08-02 11:31:29 : detected [G]:  [E]:  [DE]:  |  Exit now 
2015-08-02 11:31:29 : Gold & Elixir & DE = 0, end battle 
2015-08-02 11:31:31 : Battle has finished
2015-08-02 11:31:31 : Returning Home
2015-08-02 11:31:36 : Loot: [G]: 1 000 [E]: 1 170 [DE]:  [T]: 5
2015-08-02 11:31:36 : Bonus [G]: 11 000 [E]: 11 000
2015-08-02 11:31:38 : Your league level is: Gold II
2015-08-02 11:31:38 : Stars earned: 1
2015-08-02 11:31:45 : Trying to locate Main Screen
2015-08-02 11:31:45 : Main Screen Located
2015-08-02 11:31:46 : Collecting Resources
2015-08-02 11:31:55 : Checking if Village needs Rearming..
2015-08-02 11:32:03 : Village Report
2015-08-02 11:32:03 : No. of Free/Total Builders: 0/4
2015-08-02 11:32:03 :  [T]: 1 627
2015-08-02 11:32:03 :  [G]: 5 910 608 [E]: 4 473 078 [D]: 58 443 [GEM]: 954
2015-08-02 11:32:05 : Checking Army Camp...
2015-08-02 11:32:07 : Total Army Camp capacity: 200/200
2015-08-02 11:32:08 :  - No. of Barbarians: 103
2015-08-02 11:32:08 :  - No. of Archers: 97
2015-08-02 11:32:08 : Barracks and Spell factory status: 
2015-08-02 11:32:08 : - Barracks detected: 4 | Available: 3 | Upgrading: 1
2015-08-02 11:32:08 : - Dark Barracks detected: 2 | Available: 2 | Upgrading: 0
2015-08-02 11:32:09 : - Spell factory detected: 1 | Available: 1 | Upgrading: 0
2015-08-02 11:32:09 : - Dark Spell factory detected: 1 | Available: 0 | Upgrading: 1
2015-08-02 11:32:09 : Training Troops...
2015-08-02 11:32:09 : Your Army Camps are now Full
2015-08-02 11:32:09 : Too many Arch, train last.
2015-08-02 11:32:32 :  ====== Unbreakable Mode restarted! ====== 
2015-08-02 11:32:32 : Oops, Out of Dark Elxir - back to farming
2015-08-02 11:32:32 : Checking Troop Upgrade in Laboratory ...
2015-08-02 11:32:32 : Updating village values [E]: 4480278 [D]: 58443
2015-08-02 11:32:34 : Insufficent Elixir for Pekka, Lab requires: 6000000 + 250000 user reserve
2015-08-02 11:32:37 : Going to Attack...
2015-08-02 11:32:44 : ============== Searching For Dead Base ===============
2015-08-02 11:32:44 : ~~~~~~~~~~~~~~~ SEARCH CONDITIONS ~~~~~~~~~~~~~~~~
2015-08-02 11:32:44 : Meet: Gold and Elixir
2015-08-02 11:32:44 : ~~~~~~~~~~~~~~ RESOURCE CONDITIONS ~~~~~~~~~~~~~~~
2015-08-02 11:32:44 : Aim: [G]: 200000 [E]: 200000 [D]:    0 [T]: 0 for: Dead Base
2015-08-02 11:32:44 : ~~~~~~~~~~~~~~~ ADVANCED SETTINGS ~~~~~~~~~~~~~~~~
2015-08-02 11:32:44 : THSnipe Combo, 1 Tile(s), AttackTH, Attack1:Normal
2015-08-02 11:32:44 : ==================================================
2015-08-02 11:32:45 :   1> [G]:  99384 [E]:  60783 [D]: 1089 [T]:29 [TH]: 9, In
2015-08-02 11:32:48 :   2> [G]: 158569 [E]:  44106 [D]: 1405 [T]:29 [TH]: 8, In
2015-08-02 11:32:51 :   3> [G]:  63525 [E]:  68141 [D]:  134 [T]:26 [TH]: 7, In
2015-08-02 11:32:55 :   4> [G]:  62109 [E]:  42441 [D]:  718 [T]:18 [TH]: 8, In
2015-08-02 11:32:57 :   5> [G]:  23274 [E]:  26492 [D]:  544 [T]:24 [TH]: 7, In
2015-08-02 11:33:04 :   6> [G]:  20974 [E]: 117518 [D]:    0 [T]:15 [TH]: 7, In
2015-08-02 11:33:06 :   7> [G]:  41687 [E]:  53756 [D]:  380 [T]:26 [TH]: 7, In
2015-08-02 11:33:13 :   8> [G]: 109032 [E]: 173923 [D]:  748 [T]:32 [TH]: 8, In
2015-08-02 11:33:17 :   9> [G]: 113225 [E]:  35508 [D]:  616 [T]:22 [TH]: 8, In
2015-08-02 11:33:20 :  10> [G]: 111481 [E]: 202651 [D]:  580 [T]:17 [TH]: 8, In
2015-08-02 11:33:27 :  11> [G]: 150766 [E]: 132379 [D]:  502 [T]:17 [TH]: -, -
2015-08-02 11:33:31 :  12> [G]: 356515 [E]: 267391 [D]:  703 [T]:18 [TH]: 9, Out
2015-08-02 11:33:31 : ~~~~~~~~~~~~~~~ TH Outside Found! ~~~~~~~~~~~~~~~~
2015-08-02 11:33:32 : ================ Search Complete =================
2015-08-02 11:33:33 : Initiating attack for: TH Snipe
2015-08-02 11:33:35 : -Barbarians 103
2015-08-02 11:33:35 : -Archers 97
2015-08-02 11:33:35 : -Clan Castle 
2015-08-02 11:33:35 : -King 
2015-08-02 11:33:35 : -Lightning Spells 3
2015-08-02 11:33:35 : -Poison Spells 1
2015-08-02 11:33:35 :  ====== Start Attack ====== 
2015-08-02 11:33:37 : Normal Attacking TH Outside with BAM PULSE!
2015-08-02 11:33:37 : Dropping first wave of 6 Barbarians
2015-08-02 11:33:38 : Zooming in...
2015-08-02 11:33:41 : Done zooming.
2015-08-02 11:33:41 : Scrolling to bottom...
2015-08-02 11:33:46 : Deployment of Barbarians Successful!
2015-08-02 11:33:48 : Dropping first wave of 6 Archers
2015-08-02 11:33:50 : Deployment of Archers Successful!
2015-08-02 11:33:51 : No  troop Found!!!
2015-08-02 11:34:09 : Townhall has been destroyed!
2015-08-02 11:34:11 : Zooming Out
2015-08-02 11:34:19 : Checking if the battle has finished
2015-08-02 11:34:21 : detected [G]:  [E]:  [DE]:  |  Exit now 
2015-08-02 11:34:21 : Gold & Elixir & DE = 0, end battle 
2015-08-02 11:34:22 : Battle has finished
2015-08-02 11:34:22 : Returning Home
2015-08-02 11:34:26 : Loot: [G]: 1 000 [E]: 1 014 [DE]:  [T]: 6
2015-08-02 11:34:27 : Bonus [G]: 11 000 [E]: 11 000
2015-08-02 11:34:28 : Your league level is: Gold II
2015-08-02 11:34:28 : Stars earned: 1
2015-08-02 11:34:36 : Trying to locate Main Screen
2015-08-02 11:34:36 : Main Screen Located
2015-08-02 11:34:37 : Collecting Resources
2015-08-02 11:34:45 : Checking if Village needs Rearming..
2015-08-02 11:34:53 : Village Report
2015-08-02 11:34:53 : No. of Free/Total Builders: 1/4
2015-08-02 11:34:53 :  [T]: 1 633
2015-08-02 11:34:53 :  [G]: 5 915 648 [E]: 4 493 608 [D]: 58 449 [GEM]: 954
2015-08-02 11:34:56 : Checking Army Camp...
2015-08-02 11:34:57 : Total Army Camp capacity: 200/200
2015-08-02 11:34:58 :  - No. of Barbarians: 109
2015-08-02 11:34:59 :  - No. of Archers: 91
2015-08-02 11:34:59 : Barracks and Spell factory status: 
2015-08-02 11:34:59 : - Barracks detected: 4 | Available: 3 | Upgrading: 1
2015-08-02 11:34:59 : - Dark Barracks detected: 2 | Available: 2 | Upgrading: 0
2015-08-02 11:34:59 : - Spell factory detected: 1 | Available: 1 | Upgrading: 0
2015-08-02 11:34:59 : - Dark Spell factory detected: 1 | Available: 0 | Upgrading: 1
2015-08-02 11:34:59 : Training Troops...
2015-08-02 11:35:00 : Your Army Camps are now Full
2015-08-02 11:35:23 :  ====== Unbreakable Mode restarted! ====== 
2015-08-02 11:35:23 : Oops, Out of Dark Elxir - back to farming
2015-08-02 11:35:23 : Checking Troop Upgrade in Laboratory ...
2015-08-02 11:35:23 : Updating village values [E]: 4481008 [D]: 58449
2015-08-02 11:35:25 : Insufficent Elixir for Pekka, Lab requires: 6000000 + 250000 user reserve
2015-08-02 11:35:29 : Going to Attack...
2015-08-02 11:35:35 : ============== Searching For Dead Base ===============
2015-08-02 11:35:35 : ~~~~~~~~~~~~~~~ SEARCH CONDITIONS ~~~~~~~~~~~~~~~~
2015-08-02 11:35:35 : Meet: Gold and Elixir
2015-08-02 11:35:35 : ~~~~~~~~~~~~~~ RESOURCE CONDITIONS ~~~~~~~~~~~~~~~
2015-08-02 11:35:35 : Aim: [G]: 200000 [E]: 200000 [D]:    0 [T]: 0 for: Dead Base
2015-08-02 11:35:35 : ~~~~~~~~~~~~~~~ ADVANCED SETTINGS ~~~~~~~~~~~~~~~~
2015-08-02 11:35:35 : THSnipe Combo, 1 Tile(s), AttackTH, Attack1:Normal
2015-08-02 11:35:35 : ==================================================
2015-08-02 11:35:36 :   1> [G]:  93734 [E]:  61662 [D]:  145 [T]:22 [TH]: 7, In
2015-08-02 11:35:39 :   2> [G]: 153823 [E]:  90570 [D]:  646 [T]:15 [TH]: 8, In
2015-08-02 11:35:42 :   3> [G]: 107972 [E]: 110278 [D]:  704 [T]:34 [TH]: 7, In
2015-08-02 11:35:49 :   4> [G]:  81645 [E]: 272134 [D]:  691 [T]:18 [TH]: 8, In
2015-08-02 11:35:53 :   5> [G]:  43995 [E]:  54366 [D]:  542 [T]:24 [TH]: -, -
2015-08-02 11:35:56 :   6> [G]: 168238 [E]:  75019 [D]:  521 [T]:19 [TH]: 8, In
2015-08-02 11:36:00 :   7> [G]: 179450 [E]: 140485 [D]:  405 [T]:31 [TH]: 8, In
2015-08-02 11:36:02 :   8> [G]: 118532 [E]:  52410 [D]:   93 [T]:28 [TH]: 7, In
2015-08-02 11:36:09 :   9> [G]: 138538 [E]: 456631 [D]: 3300 [T]:26 [TH]: -, -
2015-08-02 11:36:13 :  10> [G]: 108192 [E]:  72842 [D]:  180 [T]:17 [TH]: 8, In
2015-08-02 11:36:16 :  11> [G]: 110103 [E]:  80471 [D]:  678 [T]:18 [TH]: 8, In
2015-08-02 11:36:19 :  12> [G]: 118452 [E]:  72332 [D]: 1022 [T]:31 [TH]: 8, In
2015-08-02 11:36:23 :  13> [G]: 110352 [E]:  79380 [D]: 1012 [T]:28 [TH]: 9, In
2015-08-02 11:36:26 :  14> [G]:  58569 [E]: 162771 [D]: 1297 [T]:32 [TH]: 9, In
2015-08-02 11:36:30 :  15> [G]: 112472 [E]:  74823 [D]: 1291 [T]:29 [TH]: 8, In
2015-08-02 11:36:32 :  16> [G]:  11027 [E]:  12544 [D]:  163 [T]:31 [TH]: 7, In
2015-08-02 11:36:38 :  17> [G]: 103670 [E]:  63215 [D]:  468 [T]:28 [TH]: 7, In
2015-08-02 11:36:41 :  18> [G]: 115178 [E]: 257142 [D]: 1393 [T]:24 [TH]: 8, In
2015-08-02 11:36:45 :  19> [G]:  65268 [E]: 402381 [D]: 1289 [T]:28 [TH]: -, -
2015-08-02 11:36:48 :  20> [G]:  79464 [E]: 118840 [D]:  346 [T]:25 [TH]: 7, In
2015-08-02 11:36:48 : Aim: [G]: 198000 [E]: 198000 [D]:    0 [T]: 0 for: Dead Base
2015-08-02 11:36:51 :  21> [G]:  61521 [E]:  94105 [D]:  451 [T]:28 [TH]: 9, In
2015-08-02 11:36:54 :  22> [G]:  20514 [E]:  61724 [D]:   32 [T]:34 [TH]: 7, In
2015-08-02 11:36:57 :  23> [G]:  70924 [E]:  64352 [D]:  N/A [T]:34 [TH]: 7, In
2015-08-02 11:37:04 :  24> [G]:  83474 [E]:  49529 [D]:  462 [T]:14 [TH]: 8, In
2015-08-02 11:37:07 :  25> [G]:  58098 [E]:  40374 [D]:   55 [T]:16 [TH]: 7, In
2015-08-02 11:37:11 :  26> [G]:  56831 [E]:  30978 [D]: 1282 [T]:25 [TH]: 9, In
2015-08-02 11:37:14 :  27> [G]:  30136 [E]:  48745 [D]:  484 [T]:27 [TH]: 9, In
2015-08-02 11:37:17 :  28> [G]:  63782 [E]: 166003 [D]:  201 [T]:27 [TH]: 8, In
2015-08-02 11:37:21 :  29> [G]:  89791 [E]:  99960 [D]:  475 [T]:29 [TH]: 9, In
2015-08-02 11:37:24 :  30> [G]:  85835 [E]:  99059 [D]:  144 [T]:27 [TH]: 9, In
2015-08-02 11:37:27 :  31> [G]:  75280 [E]: 160874 [D]:  610 [T]:14 [TH]:10, In
2015-08-02 11:37:31 :  32> [G]:  79022 [E]: 144840 [D]:  180 [T]:15 [TH]: 8, In
2015-08-02 11:37:33 :  33> [G]:  29688 [E]:   7051 [D]:  N/A [T]:12 [TH]:4-6, In
2015-08-02 11:37:40 :  34> [G]: 123834 [E]:  89967 [D]:  532 [T]:26 [TH]: 7, In
2015-08-02 11:37:43 :  35> [G]:  63469 [E]:  61097 [D]:  561 [T]:15 [TH]: 8, In
2015-08-02 11:37:46 :  36> [G]:  82902 [E]:  66582 [D]:  259 [T]:18 [TH]: 7, In
2015-08-02 11:37:49 :  37> [G]:  13265 [E]:  29861 [D]:  276 [T]:27 [TH]: 7, In
2015-08-02 11:37:56 :  38> [G]: 239809 [E]:  99313 [D]: 2092 [T]:18 [TH]: 8, Out
2015-08-02 11:37:56 : ~~~~~~~~~~~~~~~ TH Outside Found! ~~~~~~~~~~~~~~~~
2015-08-02 11:37:57 : ================ Search Complete =================
2015-08-02 11:37:59 : Initiating attack for: TH Snipe
2015-08-02 11:38:01 : -Barbarians 109
2015-08-02 11:38:01 : -Archers 91
2015-08-02 11:38:01 : -Clan Castle 
2015-08-02 11:38:01 : -King 
2015-08-02 11:38:01 : -Lightning Spells 3
2015-08-02 11:38:01 : -Poison Spells 1
2015-08-02 11:38:02 :  ====== Start Attack ====== 
2015-08-02 11:38:04 : Normal Attacking TH Outside with BAM PULSE!
2015-08-02 11:38:04 : Dropping first wave of 6 Barbarians
2015-08-02 11:38:05 : Deployment of Barbarians Successful!
2015-08-02 11:38:07 : Dropping first wave of 6 Archers
2015-08-02 11:38:09 : Deployment of Archers Successful!
2015-08-02 11:38:10 : No  troop Found!!!
2015-08-02 11:38:26 : Townhall has been destroyed!
2015-08-02 11:38:29 : Checking if the battle has finished
2015-08-02 11:38:31 : detected [G]:  [E]:  [DE]:  |  Exit now 
2015-08-02 11:38:31 : Gold & Elixir & DE = 0, end battle 
2015-08-02 11:38:33 : Battle has finished
2015-08-02 11:38:33 : Returning Home
2015-08-02 11:38:37 : Loot: [G]: 1 000 [E]: 1 000 [DE]:  [T]: 6
2015-08-02 11:38:37 : Bonus [G]: 11 000 [E]: 11 000
2015-08-02 11:38:39 : Your league level is: Gold II
2015-08-02 11:38:39 : Stars earned: 1
2015-08-02 11:38:47 : Trying to locate Main Screen
2015-08-02 11:38:47 : Main Screen Located
2015-08-02 11:38:48 : Collecting Resources
2015-08-02 11:38:57 : Checking if Village needs Rearming..
2015-08-02 11:39:06 : Village Report
2015-08-02 11:39:06 : No. of Free/Total Builders: 1/4
2015-08-02 11:39:06 :  [T]: 1 639
2015-08-02 11:39:06 :  [G]: 5 909 195 [E]: 4 494 564 [D]: 58 461 [GEM]: 954
2015-08-02 11:39:08 : Checking Army Camp...
2015-08-02 11:39:10 : Total Army Camp capacity: 200/200
2015-08-02 11:39:11 :  - No. of Barbarians: 103
2015-08-02 11:39:11 :  - No. of Archers: 97
2015-08-02 11:39:11 : Barracks and Spell factory status: 
2015-08-02 11:39:11 : - Barracks detected: 4 | Available: 3 | Upgrading: 1
2015-08-02 11:39:11 : - Dark Barracks detected: 2 | Available: 2 | Upgrading: 0
2015-08-02 11:39:11 : - Spell factory detected: 1 | Available: 1 | Upgrading: 0
2015-08-02 11:39:11 : - Dark Spell factory detected: 1 | Available: 0 | Upgrading: 1
2015-08-02 11:39:11 : Training Troops...
2015-08-02 11:39:12 : Your Army Camps are now Full
2015-08-02 11:39:12 : Too many Arch, train last.
2015-08-02 11:39:35 :  ====== Unbreakable Mode restarted! ====== 
2015-08-02 11:39:35 : Oops, Out of Dark Elxir - back to farming
2015-08-02 11:39:35 : Checking Troop Upgrade in Laboratory ...
2015-08-02 11:39:35 : Updating village values [E]: 4501764 [D]: 58461
2015-08-02 11:39:37 : Insufficent Elixir for Pekka, Lab requires: 6000000 + 250000 user reserve
2015-08-02 11:39:40 : Going to Attack...
2015-08-02 11:39:46 : ============== Searching For Dead Base ===============
2015-08-02 11:39:46 : ~~~~~~~~~~~~~~~ SEARCH CONDITIONS ~~~~~~~~~~~~~~~~
2015-08-02 11:39:46 : Meet: Gold and Elixir
2015-08-02 11:39:46 : ~~~~~~~~~~~~~~ RESOURCE CONDITIONS ~~~~~~~~~~~~~~~
2015-08-02 11:39:46 : Aim: [G]: 200000 [E]: 200000 [D]:    0 [T]: 0 for: Dead Base
2015-08-02 11:39:46 : ~~~~~~~~~~~~~~~ ADVANCED SETTINGS ~~~~~~~~~~~~~~~~
2015-08-02 11:39:46 : THSnipe Combo, 1 Tile(s), AttackTH, Attack1:Normal
2015-08-02 11:39:46 : ==================================================
2015-08-02 11:39:48 :   1> [G]:  49314 [E]: 163365 [D]:  216 [T]:13 [TH]: 8, Out
2015-08-02 11:39:48 : ~~~~~~~~~~~~~~~ TH Outside Found! ~~~~~~~~~~~~~~~~
2015-08-02 11:39:49 : ================ Search Complete =================
2015-08-02 11:39:50 : Initiating attack for: TH Snipe
2015-08-02 11:39:52 : -Barbarians 103
2015-08-02 11:39:52 : -Archers 97
2015-08-02 11:39:52 : -Clan Castle 
2015-08-02 11:39:52 : -King 
2015-08-02 11:39:52 : -Lightning Spells 3
2015-08-02 11:39:52 : -Poison Spells 1
2015-08-02 11:39:52 :  ====== Start Attack ====== 
2015-08-02 11:39:54 : Normal Attacking TH Outside with BAM PULSE!
2015-08-02 11:39:54 : Dropping first wave of 6 Barbarians
2015-08-02 11:39:56 : Deployment of Barbarians Successful!
2015-08-02 11:39:58 : Dropping first wave of 6 Archers
2015-08-02 11:40:00 : Deployment of Archers Successful!
2015-08-02 11:40:01 : No  troop Found!!!
2015-08-02 11:40:17 : Townhall has been destroyed!
2015-08-02 11:40:20 : Checking if the battle has finished
2015-08-02 11:40:22 : detected [G]:  [E]:  [DE]:  |  Exit now 
2015-08-02 11:40:22 : Gold & Elixir & DE = 0, end battle 
2015-08-02 11:40:23 : Battle has finished
2015-08-02 11:40:23 : Returning Home
2015-08-02 11:40:28 : Loot: [G]: 1 000 [E]: 1 000 [DE]:  [T]: 4
2015-08-02 11:40:28 : Bonus [G]: 11 000 [E]: 11 000
2015-08-02 11:40:30 : Your league level is: Gold II
2015-08-02 11:40:30 : Stars earned: 1
2015-08-02 11:40:38 : Trying to locate Main Screen
2015-08-02 11:40:38 : Main Screen Located
2015-08-02 11:40:39 : Collecting Resources
2015-08-02 11:40:46 : Checking if Village needs Rearming..
2015-08-02 11:40:54 : Village Report
2015-08-02 11:40:54 : No. of Free/Total Builders: 1/4
2015-08-02 11:40:54 :  [T]: 1 643
2015-08-02 11:40:54 :  [G]: 5 920 615 [E]: 4 513 764 [D]: 58 465 [GEM]: 954
2015-08-02 11:40:57 : Checking Army Camp...
2015-08-02 11:40:59 : Total Army Camp capacity: 200/200
2015-08-02 11:41:00 :  - No. of Barbarians: 109
2015-08-02 11:41:00 :  - No. of Archers: 91
2015-08-02 11:41:00 : Barracks and Spell factory status: 
2015-08-02 11:41:00 : - Barracks detected: 4 | Available: 3 | Upgrading: 1
2015-08-02 11:41:00 : - Dark Barracks detected: 2 | Available: 2 | Upgrading: 0
2015-08-02 11:41:00 : - Spell factory detected: 1 | Available: 1 | Upgrading: 0
2015-08-02 11:41:00 : - Dark Spell factory detected: 1 | Available: 0 | Upgrading: 1
2015-08-02 11:41:00 : Training Troops...
2015-08-02 11:41:01 : Your Army Camps are now Full
2015-08-02 11:41:25 :  ====== Unbreakable Mode restarted! ====== 
2015-08-02 11:41:25 : Oops, Out of Dark Elxir - back to farming
2015-08-02 11:41:25 : Checking Troop Upgrade in Laboratory ...
2015-08-02 11:41:25 : Updating village values [E]: 4501164 [D]: 58465
2015-08-02 11:41:27 : Insufficent Elixir for Pekka, Lab requires: 6000000 + 250000 user reserve
2015-08-02 11:41:31 : Going to Attack...
2015-08-02 11:41:37 : ============== Searching For Dead Base ===============
2015-08-02 11:41:37 : ~~~~~~~~~~~~~~~ SEARCH CONDITIONS ~~~~~~~~~~~~~~~~
2015-08-02 11:41:37 : Meet: Gold and Elixir
2015-08-02 11:41:37 : ~~~~~~~~~~~~~~ RESOURCE CONDITIONS ~~~~~~~~~~~~~~~
2015-08-02 11:41:37 : Aim: [G]: 200000 [E]: 200000 [D]:    0 [T]: 0 for: Dead Base
2015-08-02 11:41:37 : ~~~~~~~~~~~~~~~ ADVANCED SETTINGS ~~~~~~~~~~~~~~~~
2015-08-02 11:41:37 : THSnipe Combo, 1 Tile(s), AttackTH, Attack1:Normal
2015-08-02 11:41:37 : ==================================================
2015-08-02 11:41:39 :   1> [G]: 123964 [E]: 234514 [D]:  804 [T]:34 [TH]: 8, In
2015-08-02 11:41:42 :   2> [G]:  83707 [E]: 198698 [D]: 1627 [T]:24 [TH]: 8, In
2015-08-02 11:41:45 :   3> [G]:  78403 [E]: 132707 [D]:  882 [T]:22 [TH]: 8, In
2015-08-02 11:41:48 :   4> [G]:  88540 [E]:  68149 [D]:  122 [T]:23 [TH]: 9, In
2015-08-02 11:41:52 :   5> [G]:  99952 [E]:  66168 [D]:  142 [T]:22 [TH]: 8, In
2015-08-02 11:41:55 :   6> [G]:  27954 [E]: 171239 [D]:  148 [T]:19 [TH]: 9, In
2015-08-02 11:41:58 :   7> [G]: 142920 [E]:  53141 [D]:  804 [T]:24 [TH]: 9, In
2015-08-02 11:42:01 :   8> [G]:   4950 [E]:   4500 [D]:    0 [T]:34 [TH]: 7, In
2015-08-02 11:42:08 :   9> [G]: 271652 [E]:  61039 [D]: 1366 [T]:15 [TH]: 9, Out
2015-08-02 11:42:08 : ~~~~~~~~~~~~~~~ TH Outside Found! ~~~~~~~~~~~~~~~~
2015-08-02 11:42:09 : ================ Search Complete =================
2015-08-02 11:42:10 : Initiating attack for: TH Snipe
2015-08-02 11:42:12 : -Barbarians 109
2015-08-02 11:42:12 : -Archers 91
2015-08-02 11:42:12 : -Clan Castle 
2015-08-02 11:42:12 : -King 
2015-08-02 11:42:12 : -Lightning Spells 3
2015-08-02 11:42:12 : -Poison Spells 1
2015-08-02 11:42:12 :  ====== Start Attack ====== 
2015-08-02 11:42:14 : Normal Attacking TH Outside with BAM PULSE!
2015-08-02 11:42:14 : Dropping first wave of 6 Barbarians
2015-08-02 11:42:15 : Zooming in...
2015-08-02 11:42:17 : Done zooming.
2015-08-02 11:42:18 : Scrolling to bottom...
2015-08-02 11:42:23 : Deployment of Barbarians Successful!
2015-08-02 11:42:25 : Dropping first wave of 6 Archers
2015-08-02 11:42:27 : Deployment of Archers Successful!
2015-08-02 11:42:28 : No  troop Found!!!
2015-08-02 11:42:47 : Townhall has been destroyed!
2015-08-02 11:42:48 : Zooming Out
2015-08-02 11:42:57 : Checking if the battle has finished
2015-08-02 11:42:58 : detected [G]:  [E]:  [DE]:  |  Exit now 
2015-08-02 11:42:58 : Gold & Elixir & DE = 0, end battle 
2015-08-02 11:43:01 : Battle has finished
2015-08-02 11:43:01 : Returning Home
2015-08-02 11:43:05 : Loot: [G]: 1 000 [E]: 1 000 [DE]:  [T]: 5
2015-08-02 11:43:06 : Bonus [G]: 11 000 [E]: 11 000
2015-08-02 11:43:07 : Your league level is: Gold II
2015-08-02 11:43:07 : Stars earned: 1
2015-08-02 11:43:15 : Trying to locate Main Screen
2015-08-02 11:43:15 : Main Screen Located
2015-08-02 11:43:16 : Collecting Resources
2015-08-02 11:43:24 : Checking if Village needs Rearming..
2015-08-02 11:43:28 : ClashGameBot was Paused!
2015-08-02 11:44:06 : ClashGameBot was Resumed.
2015-08-02 11:44:11 : Village Report
2015-08-02 11:44:11 : No. of Free/Total Builders: 0/4
2015-08-02 11:44:11 :  [T]: 1 648
2015-08-02 11:44:11 :  [G]: 4 927 395 [E]: 4 514 976 [D]: 58 471 [GEM]: 953
2015-08-02 11:44:14 : Checking Army Camp...
2015-08-02 11:44:16 : Total Army Camp capacity: 200/200
2015-08-02 11:44:17 :  - No. of Barbarians: 103
2015-08-02 11:44:17 :  - No. of Archers: 97
2015-08-02 11:44:17 : Barracks and Spell factory status: 
2015-08-02 11:44:17 : - Barracks detected: 4 | Available: 3 | Upgrading: 1
2015-08-02 11:44:17 : - Dark Barracks detected: 2 | Available: 2 | Upgrading: 0
2015-08-02 11:44:17 : - Spell factory detected: 1 | Available: 1 | Upgrading: 0
2015-08-02 11:44:17 : - Dark Spell factory detected: 1 | Available: 0 | Upgrading: 1
2015-08-02 11:44:17 : Training Troops...
2015-08-02 11:44:18 : Your Army Camps are now Full
2015-08-02 11:44:18 : Too many Arch, train last.
2015-08-02 11:44:40 :  ====== Unbreakable Mode restarted! ====== 
2015-08-02 11:44:40 : Oops, Out of Dark Elxir - back to farming
2015-08-02 11:44:40 : Checking Troop Upgrade in Laboratory ...
2015-08-02 11:44:40 : Updating village values [E]: 4522176 [D]: 58471
2015-08-02 11:44:42 : Insufficent Elixir for Pekka, Lab requires: 6000000 + 250000 user reserve
2015-08-02 11:44:46 : Going to Attack...
2015-08-02 11:44:52 : ============== Searching For Dead Base ===============
2015-08-02 11:44:52 : ~~~~~~~~~~~~~~~ SEARCH CONDITIONS ~~~~~~~~~~~~~~~~
2015-08-02 11:44:52 : Meet: Gold and Elixir
2015-08-02 11:44:52 : ~~~~~~~~~~~~~~ RESOURCE CONDITIONS ~~~~~~~~~~~~~~~
2015-08-02 11:44:52 : Aim: [G]: 200000 [E]: 200000 [D]:    0 [T]: 0 for: Dead Base
2015-08-02 11:44:52 : ~~~~~~~~~~~~~~~ ADVANCED SETTINGS ~~~~~~~~~~~~~~~~
2015-08-02 11:44:52 : THSnipe Combo, 1 Tile(s), AttackTH, Attack1:Normal
2015-08-02 11:44:52 : ==================================================
2015-08-02 11:44:53 :   1> [G]: 109696 [E]:  88779 [D]:  549 [T]:32 [TH]: 7, In
2015-08-02 11:44:56 :   2> [G]: 166919 [E]: 105621 [D]:  814 [T]:31 [TH]: 8, In
2015-08-02 11:45:03 :   3> [G]:  95669 [E]:  67883 [D]:  282 [T]:32 [TH]: 9, In
2015-08-02 11:45:06 :   4> [G]:  43750 [E]:  65751 [D]:  281 [T]:18 [TH]: 8, In
2015-08-02 11:45:09 :   5> [G]: 118929 [E]: 109881 [D]:  546 [T]:16 [TH]: 8, In
2015-08-02 11:45:12 :   6> [G]: 135343 [E]: 351899 [D]: 1380 [T]:32 [TH]: 8, In
2015-08-02 11:45:20 :   7> [G]: 345737 [E]: 289180 [D]: 1105 [T]:30 [TH]: 9, In
2015-08-02 11:45:20 : ~~~~~~~~~~~~~~~~ Not a Dead Base ~~~~~~~~~~~~~~~~~
2015-08-02 11:45:23 :   8> [G]: 118347 [E]:  95118 [D]:  743 [T]:32 [TH]: 8, In
2015-08-02 11:45:26 :   9> [G]:  99746 [E]:  58666 [D]:  684 [T]:18 [TH]: 8, In
2015-08-02 11:45:33 :  10> [G]:  12077 [E]:  59936 [D]:   46 [T]:25 [TH]: 7, In
2015-08-02 11:45:36 :  11> [G]:  29700 [E]: 183262 [D]:  287 [T]:34 [TH]: 7, In
2015-08-02 11:45:39 :  12> [G]:  11798 [E]:   4558 [D]:  N/A [T]:12 [TH]:4-6, In
2015-08-02 11:45:41 :  13> [G]:  23568 [E]:   5585 [D]:  N/A [T]:13 [TH]:4-6, In
2015-08-02 11:45:49 :  14> [G]:  24164 [E]:  84980 [D]:   27 [T]:32 [TH]: 7, In
2015-08-02 11:45:52 :  15> [G]:  59670 [E]: 143781 [D]: 1580 [T]:25 [TH]: 8, In
2015-08-02 11:45:55 :  16> [G]:  28800 [E]:  33300 [D]:    0 [T]:31 [TH]: 7, In
2015-08-02 11:45:58 :  17> [G]:  82058 [E]:  40081 [D]:  338 [T]:17 [TH]: 8, In
2015-08-02 11:46:02 :  18> [G]:  99677 [E]: 121402 [D]:  292 [T]:18 [TH]: 7, In
2015-08-02 11:46:06 :  19> [G]:  50974 [E]:  55956 [D]:   93 [T]:13 [TH]: -, -
2015-08-02 11:46:09 :  20> [G]: 115449 [E]: 162439 [D]:  794 [T]:28 [TH]: 8, In
2015-08-02 11:46:09 : Aim: [G]: 198000 [E]: 198000 [D]:    0 [T]: 0 for: Dead Base
2015-08-02 11:46:12 :  21> [G]: 217954 [E]: 361684 [D]: 1169 [T]:14 [TH]: 9, Out
2015-08-02 11:46:13 : ~~~~~~~~~~~~~~~ TH Outside Found! ~~~~~~~~~~~~~~~~
2015-08-02 11:46:14 : ================ Search Complete =================
2015-08-02 11:46:14 : Initiating attack for: TH Snipe
2015-08-02 11:46:17 : -Barbarians 103
2015-08-02 11:46:17 : -Archers 97
2015-08-02 11:46:17 : -Clan Castle 
2015-08-02 11:46:17 : -King 
2015-08-02 11:46:17 : -Lightning Spells 3
2015-08-02 11:46:17 : -Poison Spells 1
2015-08-02 11:46:17 :  ====== Start Attack ====== 
2015-08-02 11:46:19 : Normal Attacking TH Outside with BAM PULSE!
2015-08-02 11:46:19 : Dropping first wave of 6 Barbarians
2015-08-02 11:46:21 : Deployment of Barbarians Successful!
2015-08-02 11:46:23 : Dropping first wave of 6 Archers
2015-08-02 11:46:25 : Deployment of Archers Successful!
2015-08-02 11:46:26 : No  troop Found!!!
2015-08-02 11:46:44 : Townhall has been destroyed!
2015-08-02 11:46:47 : Checking if the battle has finished
2015-08-02 11:46:48 : detected [G]:  [E]:  [DE]:  |  Exit now 
2015-08-02 11:46:48 : Gold & Elixir & DE = 0, end battle 
2015-08-02 11:46:50 : Battle has finished
2015-08-02 11:46:50 : Returning Home
2015-08-02 11:46:55 : Loot: [G]: 1 000 [E]: 1 410 [DE]:  [T]: 4
2015-08-02 11:46:55 : Bonus [G]: 11 000 [E]: 11 000
2015-08-02 11:46:57 : Your league level is: Gold II
2015-08-02 11:46:57 : Stars earned: 1
2015-08-02 11:47:05 : Trying to locate Main Screen
2015-08-02 11:47:05 : Main Screen Located
2015-08-02 11:47:06 : Collecting Resources
2015-08-02 11:47:15 : Checking if Village needs Rearming..
2015-08-02 11:47:23 : Village Report
2015-08-02 11:47:23 : No. of Free/Total Builders: 0/4
2015-08-02 11:47:23 :  [T]: 1 652
2015-08-02 11:47:23 :  [G]: 4 931 433 [E]: 4 535 540 [D]: 58 481 [GEM]: 953
2015-08-02 11:47:26 : Checking Army Camp...
2015-08-02 11:47:28 : Total Army Camp capacity: 200/200
2015-08-02 11:47:28 :  - No. of Barbarians: 109
2015-08-02 11:47:29 :  - No. of Archers: 91
2015-08-02 11:47:29 : Barracks and Spell factory status: 
2015-08-02 11:47:29 : - Barracks detected: 4 | Available: 3 | Upgrading: 1
2015-08-02 11:47:29 : - Dark Barracks detected: 2 | Available: 2 | Upgrading: 0
2015-08-02 11:47:29 : - Spell factory detected: 1 | Available: 1 | Upgrading: 0
2015-08-02 11:47:29 : - Dark Spell factory detected: 1 | Available: 0 | Upgrading: 1
2015-08-02 11:47:29 : Training Troops...
2015-08-02 11:47:30 : Your Army Camps are now Full
2015-08-02 11:47:53 :  ====== Unbreakable Mode restarted! ====== 
2015-08-02 11:47:53 : Oops, Out of Dark Elxir - back to farming
2015-08-02 11:47:53 : Checking Troop Upgrade in Laboratory ...
2015-08-02 11:47:53 : Updating village values [E]: 4522940 [D]: 58481
2015-08-02 11:47:55 : Insufficent Elixir for Pekka, Lab requires: 6000000 + 250000 user reserve
2015-08-02 11:47:59 : Going to Attack...
2015-08-02 11:48:05 : ============== Searching For Dead Base ===============
2015-08-02 11:48:05 : ~~~~~~~~~~~~~~~ SEARCH CONDITIONS ~~~~~~~~~~~~~~~~
2015-08-02 11:48:05 : Meet: Gold and Elixir
2015-08-02 11:48:05 : ~~~~~~~~~~~~~~ RESOURCE CONDITIONS ~~~~~~~~~~~~~~~
2015-08-02 11:48:05 : Aim: [G]: 200000 [E]: 200000 [D]:    0 [T]: 0 for: Dead Base
2015-08-02 11:48:05 : ~~~~~~~~~~~~~~~ ADVANCED SETTINGS ~~~~~~~~~~~~~~~~
2015-08-02 11:48:05 : THSnipe Combo, 1 Tile(s), AttackTH, Attack1:Normal
2015-08-02 11:48:05 : ==================================================
2015-08-02 11:48:06 :   1> [G]:  24461 [E]: 112017 [D]: 1403 [T]:13 [TH]: 9, In
2015-08-02 11:48:09 :   2> [G]: 120266 [E]: 116926 [D]:  440 [T]:16 [TH]: 7, In
2015-08-02 11:48:12 :   3> [G]:   5057 [E]:   6528 [D]: 1400 [T]:22 [TH]: 8, In
2015-08-02 11:48:16 :   4> [G]:  66009 [E]:  70664 [D]:  567 [T]:27 [TH]: 8, In
2015-08-02 11:48:19 :   5> [G]: 131622 [E]: 110667 [D]: 2322 [T]:17 [TH]: -, -
2015-08-02 11:48:22 :   6> [G]: 131190 [E]: 102988 [D]:  419 [T]:17 [TH]: 7, In
2015-08-02 11:48:29 :   7> [G]:  72261 [E]: 218139 [D]:  597 [T]:16 [TH]: 8, In
2015-08-02 11:48:32 :   8> [G]:   3549 [E]:  25652 [D]:  N/A [T]:14 [TH]: -, -
2015-08-02 11:48:39 :   9> [G]: 189520 [E]: 135811 [D]:  460 [T]:23 [TH]: 9, In
2015-08-02 11:48:43 :  10> [G]: 377833 [E]: 285997 [D]: 5601 [T]:17 [TH]:10, In
2015-08-02 11:48:44 : ~~~~~~~~~~~~~~~~ Not a Dead Base ~~~~~~~~~~~~~~~~~
2015-08-02 11:48:47 :  11> [G]:  81845 [E]:  83173 [D]: 1154 [T]:33 [TH]: 9, In
2015-08-02 11:48:51 :  12> [G]:  13678 [E]:  75207 [D]:  685 [T]:24 [TH]: -, -
2015-08-02 11:48:54 :  13> [G]:  53607 [E]:  85210 [D]:    0 [T]:23 [TH]: 7, In
2015-08-02 11:48:57 :  14> [G]:  13275 [E]: 134458 [D]:  541 [T]:18 [TH]: 8, In
2015-08-02 11:49:00 :  15> [G]: 136965 [E]: 172703 [D]:  705 [T]:21 [TH]: 8, In
2015-08-02 11:49:04 :  16> [G]: 122175 [E]:  77857 [D]: 1557 [T]:25 [TH]: 9, In
2015-08-02 11:49:07 :  17> [G]: 108617 [E]: 141404 [D]: 1401 [T]:13 [TH]: 9, In
2015-08-02 11:49:10 :  18> [G]: 268019 [E]: 242784 [D]: 1004 [T]:28 [TH]: 8, In
2015-08-02 11:49:10 : ~~~~~~~~~~~~~~~~ Dead Base Found! ~~~~~~~~~~~~~~~~
2015-08-02 11:49:12 : ================ Search Complete =================
2015-08-02 11:49:12 : Initiating attack for: Dead Base
2015-08-02 11:49:14 : -Barbarians 109
2015-08-02 11:49:14 : -Archers 91
2015-08-02 11:49:14 : -Clan Castle 
2015-08-02 11:49:14 : -King 
2015-08-02 11:49:14 : -Lightning Spells 3
2015-08-02 11:49:14 : -Poison Spells 1
2015-08-02 11:49:14 :  ====== Start Attack ====== 
2015-08-02 11:49:16 : Calculating Smart Attack Strategy
2015-08-02 11:49:17 : Calculated  (in 0.85 seconds) :
2015-08-02 11:49:17 : Locating Mines, Collectors & Drills
2015-08-02 11:49:19 : Located  (in 2.08 seconds) :
2015-08-02 11:49:19 : [6] Gold Mines
2015-08-02 11:49:19 : [6] Elixir Collectors
2015-08-02 11:49:19 : [0] Dark Elixir Drill/s
2015-08-02 11:49:19 : Attacking on all sides
2015-08-02 11:49:21 : Dropping first wave of Barbarians 55
2015-08-02 11:49:27 : Dropping first wave of Archers 46
2015-08-02 11:49:31 : Dropping second wave of Barbarians 55
2015-08-02 11:49:36 : Dropping second wave of Archers 46
2015-08-02 11:49:40 : Dropping King
2015-08-02 11:49:43 : Dropping left over troops
2015-08-02 11:49:43 : Checking remaining unused troops for: Dead Base
2015-08-02 11:49:45 : -Clan Castle 
2015-08-02 11:49:45 : -Lightning Spells 3
2015-08-02 11:49:45 : -Poison Spells 1
2015-08-02 11:49:53 : Checking remaining unused troops for: Dead Base
2015-08-02 11:49:55 : -Clan Castle 
2015-08-02 11:49:55 : -Lightning Spells 3
2015-08-02 11:49:55 : -Poison Spells 1
2015-08-02 11:50:04 : Finished Attacking, waiting for the battle to end
2015-08-02 11:50:04 : Checking if the battle has finished
2015-08-02 11:50:06 : detected [G]: 76918 [E]: 58633 [DE]: 837 |  Exit in 18 sec.
2015-08-02 11:50:06 : Gold & Elixir & DE change detected, waiting...
2015-08-02 11:50:09 : detected [G]: 76918 [E]: 58633 [DE]: 837 |  Exit in 18 sec.
2015-08-02 11:50:10 : detected [G]: 76918 [E]: 58633 [DE]: 837 |  Exit in 17 sec.
2015-08-02 11:50:11 : detected [G]: 76918 [E]: 58633 [DE]: 837 |  Exit in 16 sec.
2015-08-02 11:50:13 : detected [G]: 76918 [E]: 58633 [DE]: 837 |  Exit in 15 sec.
2015-08-02 11:50:13 : King is getting weak, Activating King's power
2015-08-02 11:50:14 : detected [G]: 76918 [E]: 58633 [DE]: 837 |  Exit in 13 sec.
2015-08-02 11:50:16 : detected [G]: 76918 [E]: 58633 [DE]: 837 |  Exit in 11 sec.
2015-08-02 11:50:18 : detected [G]: 76918 [E]: 58633 [DE]: 837 |  Exit in 10 sec.
2015-08-02 11:50:20 : detected [G]: 76918 [E]: 58633 [DE]: 803 |  Exit in  8 sec.
2015-08-02 11:50:20 : Gold & Elixir & DE change detected, waiting...
2015-08-02 11:50:23 : detected [G]: 76918 [E]: 58633 [DE]: 633 |  Exit in 18 sec.
2015-08-02 11:50:23 : Gold & Elixir & DE change detected, waiting...
2015-08-02 11:50:26 : detected [G]: 76918 [E]: 58633 [DE]: 633 |  Exit in 18 sec.
2015-08-02 11:50:28 : detected [G]: 69494 [E]: 58633 [DE]: 633 |  Exit in 16 sec.
2015-08-02 11:50:28 : Gold & Elixir & DE change detected, waiting...
2015-08-02 11:50:31 : detected [G]: 62070 [E]: 58633 [DE]: 633 |  Exit in 18 sec.
2015-08-02 11:50:33 : detected [G]: 62070 [E]: 58633 [DE]: 633 |  Exit in 16 sec.
2015-08-02 11:50:35 : detected [G]: 62070 [E]: 58633 [DE]: 633 |  Exit in 15 sec.
2015-08-02 11:50:37 : detected [G]: 62070 [E]: 58633 [DE]: 633 |  Exit in 13 sec.
2015-08-02 11:50:38 : detected [G]: 62070 [E]: 58633 [DE]: 633 |  Exit in 11 sec.
2015-08-02 11:50:40 : detected [G]: 62070 [E]: 58633 [DE]: 633 |  Exit in  9 sec.
2015-08-02 11:50:42 : detected [G]: 62070 [E]: 58633 [DE]: 633 |  Exit in  8 sec.
2015-08-02 11:50:43 : detected [G]: 62070 [E]: 58633 [DE]: 633 |  Exit in  6 sec.
2015-08-02 11:50:45 : detected [G]: 62070 [E]: 58633 [DE]: 633 |  Exit in  4 sec.
2015-08-02 11:50:47 : detected [G]: 62070 [E]: 58633 [DE]: 633 |  Exit in  3 sec.
2015-08-02 11:50:48 : detected [G]: 62070 [E]: 58633 [DE]: 633 |  Exit in  1 sec.
2015-08-02 11:50:50 : detected [G]: 62070 [E]: 58633 [DE]: 633 |  Exit in  0 sec.
2015-08-02 11:50:50 : Gold & Elixir & DE no change detected, exit
2015-08-02 11:50:50 : Returning Home
2015-08-02 11:50:55 : Loot: [G]: 205 949 [E]: 184 151 [DE]: 371 [T]: 9
2015-08-02 11:50:55 : Bonus [G]: 11 000 [E]: 11 000
2015-08-02 11:50:57 : Your league level is: Gold II
2015-08-02 11:50:57 : Stars earned: 1
2015-08-02 11:51:02 : ClashGameBot was Paused!
2015-08-02 11:51:15 : ClashGameBot was Resumed.
2015-08-02 11:51:18 : Trying to locate Main Screen
2015-08-02 11:51:18 : Main Screen Located
2015-08-02 11:51:19 : Collecting Resources
2015-08-02 11:51:27 : Checking if Village needs Rearming..
2015-08-02 11:51:35 : Village Report
2015-08-02 11:51:35 : No. of Free/Total Builders: 0/4
2015-08-02 11:51:35 :  [T]: 1 661
2015-08-02 11:51:35 :  [G]: 5 137 942 [E]: 4 660 293 [D]: 58 864 [GEM]: 953
2015-08-02 11:51:38 : Checking Army Camp...
2015-08-02 11:51:40 : Total Army Camp capacity: 27/200
2015-08-02 11:51:41 :  - No. of Archers: 27
2015-08-02 11:51:41 : Training Troops...
2015-08-02 11:51:50 : ClashGameBot was Paused!
2015-08-02 11:52:14 : ClashGameBot was Resumed.
2015-08-02 11:52:17 :  ====== Unbreakable Mode restarted! ====== 
2015-08-02 11:52:17 : Oops, wait for 70% troops filled
2015-08-02 11:52:18 : Trying to locate Main Screen
2015-08-02 11:52:18 : Main Screen Located
2015-08-02 11:52:19 : Collecting Resources
2015-08-02 11:52:27 : Checking if Village needs Rearming..
2015-08-02 11:52:34 : Village Report
2015-08-02 11:52:35 : No. of Free/Total Builders: 0/4
2015-08-02 11:52:35 :  [T]: 1 661
2015-08-02 11:52:35 :  [G]: 5 140 601 [E]: 4 658 793 [D]: 58 866 [GEM]: 953
2015-08-02 11:52:37 : Checking Army Camp...
2015-08-02 11:52:39 : Total Army Camp capacity: 34/200
2015-08-02 11:52:40 :  - No. of Archers: 34
2015-08-02 11:52:40 : Training Troops...
2015-08-02 11:52:49 :  ====== Unbreakable Mode enabled! ====== 
2015-08-02 11:52:49 : Oops, wait for 70% troops filled
2015-08-02 11:52:50 : Trying to locate Main Screen
2015-08-02 11:52:50 : Main Screen Located
