2015-08-01 23:59:40 : ~ Clash Game Bot v4.1MODS Powered by GameBot.org ~
2015-08-01 23:59:40 : GameBot.org.exe Executable running on WIN_7  X64
2015-08-01 23:59:40 : =================== Bot Start ====================
2015-08-01 23:59:40 : -------------------------  Current Profile: 01 --------------------------
2015-08-01 23:59:40 : Trying to locate Main Screen
2015-08-01 23:59:40 : Main Screen Located
2015-08-01 23:59:41 : Detecting your Buildings..
2015-08-01 23:59:46 : Language setting is English: Correct.
2015-08-01 23:59:47 : ClashGameBot was Paused!
2015-08-02 00:00:24 : ClashGameBot was Resumed.
2015-08-02 00:00:24 : Trying to locate Main Screen
2015-08-02 00:00:25 : Main Screen Located
2015-08-02 00:00:26 : Collecting Resources
2015-08-02 00:00:33 : Checking if Village needs Rearming..
2015-08-02 00:00:41 : Village Report
2015-08-02 00:00:41 : No. of Free/Total Builders: 0/4
2015-08-02 00:00:41 :  [T]: 1 645
2015-08-02 00:00:41 :  [G]: 5 897 802 [E]: 4 507 288 [D]: 60 996 [GEM]: 954
2015-08-02 00:00:44 : Checking Army Camp...
2015-08-02 00:00:46 : Total Army Camp capacity: 62/200
2015-08-02 00:00:47 :  - No. of Archers: 62
2015-08-02 00:00:47 : Barracks and Spell factory status: 
2015-08-02 00:00:47 : - Barracks detected: 4 | Available: 3 | Upgrading: 1
2015-08-02 00:00:47 : - Dark Barracks detected: 2 | Available: 2 | Upgrading: 0
2015-08-02 00:00:47 : - Spell factory detected: 1 | Available: 1 | Upgrading: 0
2015-08-02 00:00:47 : - Dark Spell factory detected: 1 | Available: 0 | Upgrading: 1
2015-08-02 00:00:47 : Training Troops...
2015-08-02 00:01:07 : Requesting Clan Castle Troops
2015-08-02 00:01:08 : Your Clan Castle is already full or you are not in a clan.
2015-08-02 00:01:09 :  ====== Unbreakable Mode enabled! ====== 
2015-08-02 00:01:09 : Oops, wait for 70% troops filled
2015-08-02 00:01:10 : Trying to locate Main Screen
2015-08-02 00:01:10 : Main Screen Located
2015-08-02 00:01:11 : Collecting Resources
2015-08-02 00:01:18 : Checking if Village needs Rearming..
2015-08-02 00:01:26 : Village Report
2015-08-02 00:01:26 : No. of Free/Total Builders: 0/4
2015-08-02 00:01:26 :  [T]: 1 645
2015-08-02 00:01:27 :  [G]: 5 898 202 [E]: 4 491 238 [D]: 60 998 [GEM]: 954
2015-08-02 00:01:30 : Checking Army Camp...
2015-08-02 00:01:32 : Total Army Camp capacity: 67/200
2015-08-02 00:01:33 :  - No. of Archers: 67
2015-08-02 00:01:33 : Training Troops...
2015-08-02 00:01:43 : Requesting Clan Castle Troops
2015-08-02 00:01:44 : Your Clan Castle is already full or you are not in a clan.
2015-08-02 00:01:45 :  ====== Unbreakable Mode enabled! ====== 
2015-08-02 00:01:45 : Oops, wait for 70% troops filled
2015-08-02 00:01:46 : Trying to locate Main Screen
2015-08-02 00:01:46 : Main Screen Located
2015-08-02 00:01:47 : Collecting Resources
2015-08-02 00:01:55 : Checking if Village needs Rearming..
