2015-08-17 13:43:31 :  Clash Game Bot v4.1.1-6 merge Powered by GameBot.org 
2015-08-17 13:43:31 : GameBot.org.exe Executable running on WIN_7 Service Pack 1 X64
2015-08-17 13:43:31 : =================== Bot Start ====================
2015-08-17 13:43:31 : -------------------------  Current Profile: 01 --------------------------
2015-08-17 13:43:31 : Trying to locate Main Screen
2015-08-17 13:43:31 : Main Screen Located
2015-08-17 13:43:32 : Detecting your Buildings..
2015-08-17 13:43:37 : Bad Army Camp location
2015-08-17 13:43:37 : Locating Army Camp...
2015-08-17 13:43:43 : Army Camp: (341,454)
2015-08-17 13:43:46 : $TotalCamp = 220
2015-08-17 13:43:50 : Language setting is English: Correct.
2015-08-17 13:43:51 : Trying to locate Main Screen
2015-08-17 13:43:51 : Main Screen Located
2015-08-17 13:43:52 : Village Report
2015-08-17 13:43:53 : No. of Free/Total Builders: 0/4
2015-08-17 13:43:53 :  [T]: 2 712
2015-08-17 13:43:53 :  [G]: 2 742 612 [E]: 3 054 687 [D]: 26 213 [GEM]: 57
2015-08-17 13:43:53 : Collecting Resources
2015-08-17 13:44:01 : ClashGameBot was Paused!
2015-08-17 13:44:11 : ClashGameBot was Resumed.
2015-08-17 13:44:16 : Chat Request: wizards
2015-08-17 13:44:16 : Wizards Keyword found: wiz
2015-08-17 13:44:16 : Donating Wizards
2015-08-17 13:44:18 : Chat Request: WizArchMinions Tia D
2015-08-17 13:44:18 : Archers Keyword found: arc
2015-08-17 13:44:18 : Donating Archers
2015-08-17 13:44:20 : Chat Request: hog giant pls
2015-08-17 13:44:21 : Giants Keyword found: giant
2015-08-17 13:44:21 : Donating Giants
2015-08-17 13:44:23 : Checking Army Camp...
2015-08-17 13:44:25 : Total Army Camp capacity: 169/220
2015-08-17 13:44:28 :  - No. of Barbarians: 19
2015-08-17 13:44:28 :  - No. of Archers: 111
2015-08-17 13:44:28 :  - No. of Goblins: 12
2015-08-17 13:44:29 :  - No. of Giants: 3
2015-08-17 13:44:29 :  - No. of Wizards: 3
2015-08-17 13:44:29 : Barracks and Spell factory status: 
2015-08-17 13:44:29 : - Barracks detected: 4 | Available: 4 | Upgrading: 0
2015-08-17 13:44:29 : - Dark Barracks detected: 2 | Available: 2 | Upgrading: 0
2015-08-17 13:44:29 : - Spell factory detected: 1 | Available: 1 | Upgrading: 0
2015-08-17 13:44:29 : - Dark Spell factory detected: 1 | Available: 1 | Upgrading: 0
2015-08-17 13:44:29 : Training Troops...
2015-08-17 13:44:30 : ClashGameBot was Paused!
2015-08-17 13:44:31 : ClashGameBot was Resumed.
2015-08-17 13:44:51 : Spell Factory Full
2015-08-17 13:44:53 : ClashGameBot was Paused!
2015-08-17 13:45:53 : ClashGameBot was Resumed.
2015-08-17 13:45:54 : 0
2015-08-17 13:45:56 : Requesting Clan Castle Troops
2015-08-17 13:46:02 : ====== Waiting for full army ======
2015-08-17 13:46:13 : Checking Army Camp...
2015-08-17 13:46:15 : Total Army Camp capacity: 169/220
2015-08-17 13:46:16 :  - No. of Barbarians: 19
2015-08-17 13:46:17 :  - No. of Archers: 111
2015-08-17 13:46:17 :  - No. of Goblins: 12
2015-08-17 13:46:17 :  - No. of Giants: 3
2015-08-17 13:46:17 :  - No. of Wizards: 3
2015-08-17 13:46:18 : Training Troops...
2015-08-17 13:46:41 : Checking Army Camp...
2015-08-17 13:46:43 : Total Army Camp capacity: 169/220
2015-08-17 13:46:45 : Training Troops...
2015-08-17 13:47:02 : Spell Factory Full
2015-08-17 13:47:04 : Time Idle: 00:01:02
2015-08-17 13:47:04 : ====== Waiting for full army ======
2015-08-17 13:47:17 : Checking Army Camp...
2015-08-17 13:47:19 : Total Army Camp capacity: 175/220
2015-08-17 13:47:21 :  - No. of Barbarians: 19
2015-08-17 13:47:21 :  - No. of Archers: 117
2015-08-17 13:47:21 :  - No. of Goblins: 12
2015-08-17 13:47:21 :  - No. of Giants: 3
2015-08-17 13:47:21 :  - No. of Wizards: 3
2015-08-17 13:47:22 : Training Troops...
2015-08-17 13:47:39 : Spell Factory Full
2015-08-17 13:47:41 : Time Idle: 00:01:39
2015-08-17 13:47:41 : ====== Waiting for full army ======
2015-08-17 13:47:53 : Checking Army Camp...
2015-08-17 13:47:55 : Total Army Camp capacity: 181/220
2015-08-17 13:47:56 :  - No. of Barbarians: 19
2015-08-17 13:47:56 :  - No. of Archers: 123
2015-08-17 13:47:57 :  - No. of Goblins: 12
2015-08-17 13:47:57 :  - No. of Giants: 3
2015-08-17 13:47:57 :  - No. of Wizards: 3
2015-08-17 13:47:58 : Training Troops...
2015-08-17 13:48:17 : Spell Factory Full
2015-08-17 13:48:19 : Time Idle: 00:02:16
2015-08-17 13:48:19 : ====== Waiting for full army ======
2015-08-17 13:48:31 : Checking Army Camp...
2015-08-17 13:48:33 : Total Army Camp capacity: 186/220
2015-08-17 13:48:34 :  - No. of Barbarians: 19
2015-08-17 13:48:34 :  - No. of Archers: 128
2015-08-17 13:48:34 :  - No. of Goblins: 12
2015-08-17 13:48:35 :  - No. of Giants: 3
2015-08-17 13:48:35 :  - No. of Wizards: 3
2015-08-17 13:48:35 : Training Troops...
2015-08-17 13:48:53 : Spell Factory Full
2015-08-17 13:48:55 : Time Idle: 00:02:52
2015-08-17 13:48:55 : ====== Waiting for full army ======
2015-08-17 13:49:07 : Checking Army Camp...
2015-08-17 13:49:09 : Total Army Camp capacity: 192/220
2015-08-17 13:49:10 :  - No. of Barbarians: 19
2015-08-17 13:49:10 :  - No. of Archers: 134
2015-08-17 13:49:10 :  - No. of Goblins: 12
2015-08-17 13:49:10 :  - No. of Giants: 3
2015-08-17 13:49:11 :  - No. of Wizards: 3
2015-08-17 13:49:11 : Training Troops...
2015-08-17 13:49:29 : Spell Factory Full
2015-08-17 13:49:31 : Time Idle: 00:03:28
2015-08-17 13:49:31 : ====== Waiting for full army ======
2015-08-17 13:49:43 : Checking Army Camp...
2015-08-17 13:49:45 : Total Army Camp capacity: 198/220
2015-08-17 13:49:46 :  - No. of Barbarians: 19
2015-08-17 13:49:46 :  - No. of Archers: 140
2015-08-17 13:49:46 :  - No. of Goblins: 12
2015-08-17 13:49:47 :  - No. of Giants: 3
2015-08-17 13:49:47 :  - No. of Wizards: 3
2015-08-17 13:49:47 : Training Troops...
2015-08-17 13:50:05 : Spell Factory Full
2015-08-17 13:50:07 : Time Idle: 00:04:03
2015-08-17 13:50:07 : ====== Waiting for full army ======
2015-08-17 13:50:15 : ClashGameBot was Paused!
2015-08-17 13:51:44 : ClashGameBot was Resumed.
2015-08-17 13:51:49 : Checking Army Camp...
2015-08-17 13:51:51 : Total Army Camp capacity: 218/220
2015-08-17 13:51:52 :  - No. of Barbarians: 19
2015-08-17 13:51:52 :  - No. of Archers: 160
2015-08-17 13:51:53 :  - No. of Goblins: 12
2015-08-17 13:51:53 :  - No. of Giants: 3
2015-08-17 13:51:53 :  - No. of Wizards: 3
2015-08-17 13:51:54 : Training Troops...
2015-08-17 13:52:12 : Spell Factory Full
2015-08-17 13:52:14 : Time Idle: 00:06:11
2015-08-17 13:52:15 : ====== Waiting for full army ======
2015-08-17 13:52:26 : Checking Army Camp...
2015-08-17 13:52:28 : Total Army Camp capacity: 220/220
2015-08-17 13:52:29 :  - No. of Barbarians: 19
2015-08-17 13:52:30 :  - No. of Archers: 162
2015-08-17 13:52:30 :  - No. of Goblins: 12
2015-08-17 13:52:30 :  - No. of Giants: 3
2015-08-17 13:52:30 :  - No. of Wizards: 3
2015-08-17 13:52:31 : Training Troops...
2015-08-17 13:52:31 : Your Army Camps are now Full
2015-08-17 13:52:31 : Too few Arch, train first.
2015-08-17 13:52:31 : Too few Barb, train first.
2015-08-17 13:52:31 : Too few Gobl, train first.
2015-08-17 13:53:00 : Spell Factory not found...
2015-08-17 13:53:02 : Going to Attack...
2015-08-17 13:53:08 : ============== Searching For Dead Base ===============
2015-08-17 13:53:08 : ~~~~~~~~~~~~~~~ SEARCH CONDITIONS ~~~~~~~~~~~~~~~~
2015-08-17 13:53:08 : Meet: Gold and Elixir, Dark, Max TH 8
2015-08-17 13:53:08 : ~~~~~~~~~~~~~~ RESOURCE CONDITIONS ~~~~~~~~~~~~~~~
2015-08-17 13:53:08 : Aim: [G]: 300000 [E]: 300000 [D]: 3000 [T]: 0 [TH]: 8 for: Dead Base
2015-08-17 13:53:08 : ============== Searching For Live Base ===============
2015-08-17 13:53:08 : ~~~~~~~~~~~~~~~ SEARCH CONDITIONS ~~~~~~~~~~~~~~~~
2015-08-17 13:53:08 : Meet: Gold and Elixir, Dark, Max TH 8
2015-08-17 13:53:08 : ~~~~~~~~~~~~~~ RESOURCE CONDITIONS ~~~~~~~~~~~~~~~
2015-08-17 13:53:08 : Aim: [G]: 500000 [E]: 500000 [D]: 5000 [T]: 0 [TH]: 8 for: Live Base
2015-08-17 13:53:08 : ~~~~~~~~~~~~~~~ ADVANCED SETTINGS ~~~~~~~~~~~~~~~~
2015-08-17 13:53:08 : THSnipe Combo, 6 Tile(s), , Attack6:PB6
2015-08-17 13:53:08 : ==================================================
2015-08-17 13:53:11 :   1> [G]:  41811 [E]:  58512 [D]:  281 [T]:12 [TH]: 9, In
2015-08-17 13:53:16 :   2> [G]: 118883 [E]:  62921 [D]: 1268 [T]:27 [TH]: 9, In
2015-08-17 13:53:20 :   3> [G]:  87884 [E]:  54769 [D]: 2218 [T]:18 [TH]:10, In
2015-08-17 13:53:24 :   4> [G]:  90802 [E]:  70870 [D]:  408 [T]:30 [TH]: 9, In
2015-08-17 13:53:29 :   5> [G]: 143489 [E]:  58668 [D]:  534 [T]:27 [TH]:10, In
2015-08-17 13:53:33 :   6> [G]:  49048 [E]:  53247 [D]:  819 [T]:23 [TH]: 9, In
2015-08-17 13:53:37 :   7> [G]:  58833 [E]:   4775 [D]: 1859 [T]:30 [TH]: 9, In
2015-08-17 13:53:41 :   8> [G]: 117525 [E]:  87563 [D]:  915 [T]:15 [TH]:10, In
2015-08-17 13:53:48 :   9> [G]: 287653 [E]: 263141 [D]:  846 [T]:30 [TH]:10, In
2015-08-17 13:53:54 :  10> [G]:  90770 [E]:  97138 [D]:  176 [T]:27 [TH]:10, In
2015-08-17 13:53:58 :  11> [G]:  22442 [E]: 100712 [D]:  619 [T]:32 [TH]:10, In
2015-08-17 13:54:03 :  12> [G]: 157997 [E]:  29186 [D]:  614 [T]:12 [TH]: 9, In
2015-08-17 13:54:07 :  13> [G]: 198320 [E]: 268903 [D]: 1292 [T]:31 [TH]:10, In
2015-08-17 13:54:11 :  14> [G]: 149999 [E]: 132593 [D]: 1542 [T]:30 [TH]: 9, In
2015-08-17 13:54:17 :  15> [G]: 263731 [E]:  59332 [D]:  278 [T]:27 [TH]:10, In
2015-08-17 13:54:23 :  16> [G]:  60241 [E]: 265755 [D]: 1539 [T]:28 [TH]:10, In
2015-08-17 13:54:29 :  17> [G]:  11918 [E]:   5910 [D]: 1096 [T]:23 [TH]:10, In
2015-08-17 13:54:34 :  18> [G]:  15988 [E]:  26550 [D]:  290 [T]:21 [TH]: 9, In
2015-08-17 13:54:40 :  19> [G]:  20499 [E]: 231619 [D]: 1215 [T]:19 [TH]:10, In
2015-08-17 13:54:47 :  20> [G]:  58553 [E]: 125683 [D]:  323 [T]:25 [TH]:10, In
2015-08-17 13:54:54 :  21> [G]:  22650 [E]:  35433 [D]: 1801 [T]:19 [TH]:10, In
2015-08-17 13:54:59 :  22> [G]: 140089 [E]:  77954 [D]: 1614 [T]:23 [TH]:10, In
2015-08-17 13:55:06 :  23> [G]: 128020 [E]:  14087 [D]: 1948 [T]:29 [TH]:10, In
2015-08-17 13:55:12 :  24> [G]:  86918 [E]:  59219 [D]: 2580 [T]:19 [TH]:10, In
2015-08-17 13:55:16 :  25> [G]:  20426 [E]:  98814 [D]: 1098 [T]:10 [TH]: 9, In
2015-08-17 13:55:20 :  26> [G]:  76588 [E]: 216835 [D]:  919 [T]:26 [TH]:10, In
2015-08-17 13:55:25 :  27> [G]:  13726 [E]:   6684 [D]:  535 [T]:10 [TH]: 9, In
2015-08-17 13:55:31 :  28> [G]:  89490 [E]: 138995 [D]:  142 [T]:22 [TH]:10, In
2015-08-17 13:55:34 :  29> [G]:  56945 [E]:  66288 [D]:  177 [T]: 8 [TH]: 9, In
2015-08-17 13:55:41 :  30> [G]:  33587 [E]:  57820 [D]:  391 [T]:33 [TH]:10, In
2015-08-17 13:55:45 :  31> [G]:  38845 [E]:  96612 [D]:  705 [T]:13 [TH]: 9, In
2015-08-17 13:55:49 :  32> [G]:  37752 [E]: 145767 [D]: 1059 [T]: 8 [TH]: 9, In
2015-08-17 13:55:54 :  33> [G]:  94868 [E]:  88921 [D]: 1284 [T]:12 [TH]: 9, In
2015-08-17 13:56:02 :  34> [G]:  31203 [E]:  18532 [D]:  349 [T]:17 [TH]:10, In
2015-08-17 13:56:07 :  35> [G]:  59786 [E]: 272819 [D]: 1823 [T]:16 [TH]:10, In
2015-08-17 13:56:11 :  36> [G]:  40819 [E]:  40975 [D]:  267 [T]:29 [TH]: 9, In
2015-08-17 13:56:15 :  37> [G]:  31974 [E]: 127225 [D]:  907 [T]:23 [TH]:10, In
2015-08-17 13:56:20 :  38> [G]: 140262 [E]: 162015 [D]: 1182 [T]:30 [TH]:10, In
2015-08-17 13:56:26 :  39> [G]:  92393 [E]:  37615 [D]: 2390 [T]:22 [TH]:10, In
2015-08-17 13:56:30 :  40> [G]:  85949 [E]:  75374 [D]:  747 [T]: 8 [TH]: 9, In
2015-08-17 13:56:35 :  41> [G]:  24135 [E]:  77318 [D]:  757 [T]:10 [TH]: 9, In
2015-08-17 13:56:39 :  42> [G]:  18521 [E]:  66828 [D]: 1003 [T]:21 [TH]: 9, In
2015-08-17 13:56:43 :  43> [G]:  82828 [E]: 133448 [D]:  919 [T]:13 [TH]: 9, In
2015-08-17 13:56:50 :  44> [G]:  40534 [E]:  12522 [D]:  895 [T]:15 [TH]:10, In
2015-08-17 13:56:56 :  45> [G]:  49358 [E]: 133778 [D]: 1364 [T]:26 [TH]:10, In
2015-08-17 13:57:03 :  46> [G]:  40692 [E]: 130340 [D]:  698 [T]:13 [TH]:10, In
2015-08-17 13:57:05 : ClashGameBot was Paused!
2015-08-17 13:57:12 : ClashGameBot was Resumed.
2015-08-17 13:57:15 :  47> [G]:  33751 [E]:  26180 [D]:  632 [T]: 2 [TH]: 8, In
2015-08-17 13:57:20 :  48> [G]:  61311 [E]:  71225 [D]:  406 [T]:25 [TH]:10, In
2015-08-17 13:57:24 :  49> [G]:  46544 [E]:  13640 [D]:  484 [T]: 2 [TH]: 8, In
2015-08-17 13:57:30 :  50> [G]:  23697 [E]:  86240 [D]:  111 [T]: 6 [TH]: 9, In
2015-08-17 13:57:34 :  51> [G]: 101677 [E]:  65564 [D]:  627 [T]:34 [TH]: 9, In
2015-08-17 13:57:39 :  52> [G]:  96432 [E]: 138818 [D]:  850 [T]:28 [TH]: 9, In
2015-08-17 13:57:42 :  53> [G]:  38268 [E]: 130214 [D]: 1162 [T]:13 [TH]: 9, In
2015-08-17 13:57:46 :  54> [G]: 190348 [E]:  44318 [D]:  567 [T]:29 [TH]:10, In
2015-08-17 13:57:51 :  55> [G]: 187133 [E]:  70645 [D]: 1189 [T]:30 [TH]: 9, In
2015-08-17 13:57:55 :  56> [G]:  24881 [E]: 111832 [D]: 2073 [T]:28 [TH]: 9, In
2015-08-17 13:57:59 : ClashGameBot was Paused!
2015-08-17 13:58:13 : ClashGameBot was Resumed.
2015-08-17 13:58:14 :  57> [G]:  34540 [E]:  12831 [D]:  279 [T]: 2 [TH]: 8, In
2015-08-17 13:58:17 :  58> [G]:  49500 [E]:  37107 [D]:  387 [T]: 5 [TH]: 8, In
2015-08-17 13:58:22 :  59> [G]: 178908 [E]: 107233 [D]:  410 [T]:24 [TH]:10, In
2015-08-17 13:58:27 :  60> [G]:  92985 [E]:  79348 [D]: 1359 [T]:20 [TH]:10, In
2015-08-17 13:58:31 :  61> [G]: 107403 [E]:  36546 [D]:  722 [T]:19 [TH]: 9, In
2015-08-17 13:58:34 :  62> [G]:  42537 [E]:   4473 [D]:  651 [T]:16 [TH]: 9, In
2015-08-17 13:58:38 :  63> [G]:  58304 [E]:  45467 [D]: 1031 [T]:19 [TH]: 9, In
2015-08-17 13:58:42 :  64> [G]:  43959 [E]: 121370 [D]:  672 [T]: 2 [TH]: 8, In
2015-08-17 13:58:45 : ClashGameBot was Paused!
2015-08-17 13:58:48 : ClashGameBot was Resumed.
2015-08-17 13:58:49 :  65> [G]:  49384 [E]:  41973 [D]:  916 [T]:17 [TH]: 9, In
2015-08-17 13:58:53 :  66> [G]: 149388 [E]:  31362 [D]:  577 [T]:28 [TH]: 9, In
2015-08-17 13:58:58 :  67> [G]: 358812 [E]:  77953 [D]:  872 [T]:14 [TH]:10, In
2015-08-17 13:59:02 :  68> [G]:  22206 [E]: 209699 [D]:  808 [T]:18 [TH]:10, In
2015-08-17 13:59:06 :  69> [G]:  61780 [E]:  95854 [D]:  820 [T]:37 [TH]: 9, In
2015-08-17 13:59:07 : ClashGameBot was Paused!
2015-08-17 13:59:08 : ClashGameBot was Resumed.
2015-08-17 13:59:08 : Zooming Out
2015-08-17 13:59:14 :  70> [G]:  15518 [E]:  64750 [D]:  381 [T]:18 [TH]:10, In
2015-08-17 13:59:19 :  71> [G]:  35980 [E]:  96386 [D]:  977 [T]:17 [TH]: 9, In
2015-08-17 13:59:22 : ClashGameBot was Paused!
2015-08-17 13:59:47 : ClashGameBot was Resumed.
2015-08-17 13:59:48 :  72> [G]:  33322 [E]: 107144 [D]:  451 [T]: 1 [TH]: 8, In
2015-08-17 13:59:52 :  73> [G]:  24569 [E]:  50880 [D]:  223 [T]: 2 [TH]: 8, In
2015-08-17 13:59:56 :  74> [G]: 181918 [E]:  35117 [D]: 2805 [T]:32 [TH]:10, In
2015-08-17 14:00:01 :  75> [G]:  56641 [E]: 160996 [D]: 1747 [T]:25 [TH]:10, In
2015-08-17 14:00:05 :  76> [G]:  84990 [E]: 277747 [D]:  794 [T]:19 [TH]:10, In
2015-08-17 14:00:09 :  77> [G]: 103114 [E]:  61813 [D]:  291 [T]:32 [TH]: 9, In
2015-08-17 14:00:13 : Checking Trapped TH
2015-08-17 14:00:15 : Mortar Found
2015-08-17 14:00:15 :  78> [G]:   7051 [E]:  59722 [D]:  278 [T]: 1 [TH]: 8, Out
2015-08-17 14:00:15 : Mortar found near TH, skipping...
2015-08-17 14:00:15 : Trap found, skipping base...
2015-08-17 14:00:19 :  79> [G]: 239280 [E]: 265094 [D]: 3479 [T]:21 [TH]: 9, In
2015-08-17 14:00:23 :  80> [G]:  20006 [E]:  95805 [D]:  648 [T]: 2 [TH]: 8, In
2015-08-17 14:00:27 :  81> [G]: 105124 [E]: 129737 [D]:  924 [T]:21 [TH]: 9, In
2015-08-17 14:00:31 :  82> [G]: 198261 [E]: 170335 [D]: 1023 [T]:22 [TH]: 9, In
2015-08-17 14:00:36 :  83> [G]:  83431 [E]: 106922 [D]:  139 [T]:27 [TH]: 9, In
2015-08-17 14:00:39 :  84> [G]:  51077 [E]:  63072 [D]:  248 [T]: 1 [TH]: 8, In
2015-08-17 14:00:43 :  85> [G]:  68583 [E]: 189480 [D]:  632 [T]:16 [TH]:10, In
2015-08-17 14:00:47 :  86> [G]:  21525 [E]:  41931 [D]:  826 [T]: 2 [TH]: 8, In
2015-08-17 14:00:51 :  87> [G]:  37631 [E]:  39072 [D]:  926 [T]:17 [TH]: 9, In
2015-08-17 14:00:56 :  88> [G]: 123730 [E]:  66345 [D]:  921 [T]:13 [TH]: 9, In
2015-08-17 14:00:59 :  89> [G]:  29081 [E]:  44020 [D]:  528 [T]: 1 [TH]: 8, In
2015-08-17 14:01:04 :  90> [G]: 121180 [E]:  99204 [D]:  923 [T]:16 [TH]: 9, In
2015-08-17 14:01:08 :  91> [G]: 131219 [E]:  87311 [D]:  657 [T]:18 [TH]: 9, In
2015-08-17 14:01:12 :  92> [G]:  38783 [E]:  66277 [D]: 1659 [T]:17 [TH]: 9, In
2015-08-17 14:01:18 :  93> [G]:   8704 [E]:  65905 [D]:  800 [T]:13 [TH]: 9, In
2015-08-17 14:01:22 :  94> [G]:  54220 [E]: 117605 [D]:  931 [T]:35 [TH]: 9, In
2015-08-17 14:01:26 :  95> [G]:  70270 [E]:  98338 [D]:  468 [T]: 2 [TH]: 8, In
2015-08-17 14:01:30 :  96> [G]:  38613 [E]:  56754 [D]:  719 [T]:34 [TH]:10, In
2015-08-17 14:01:37 :  97> [G]:   7046 [E]:  54125 [D]:  926 [T]: 6 [TH]: 9, In
2015-08-17 14:01:41 :  98> [G]:  11881 [E]: 362606 [D]: 2514 [T]:18 [TH]: 9, In
2015-08-17 14:01:46 : Checking Trapped TH
2015-08-17 14:01:47 : Mortar Found
2015-08-17 14:01:47 :  99> [G]:  69178 [E]:  33289 [D]: 1219 [T]:23 [TH]: 9, Out
2015-08-17 14:01:47 : Mortar found near TH, skipping...
2015-08-17 14:01:47 : Trap found, skipping base...
2015-08-17 14:01:51 : 100> [G]: 105134 [E]:  92265 [D]:  180 [T]:21 [TH]: 9, In
2015-08-17 14:01:57 : 101> [G]: 150844 [E]:  75254 [D]:  336 [T]:18 [TH]: 9, In
2015-08-17 14:02:01 : 102> [G]: 169565 [E]:  59660 [D]:  639 [T]: 3 [TH]: 8, In
2015-08-17 14:02:05 : 103> [G]:  45714 [E]:  53168 [D]:  526 [T]:17 [TH]: 9, In
2015-08-17 14:02:08 : 104> [G]:  45480 [E]:  63966 [D]:  506 [T]:13 [TH]: 8, In
2015-08-17 14:02:12 : 105> [G]:  56925 [E]: 109095 [D]: 1141 [T]:25 [TH]: 9, In
2015-08-17 14:02:16 : 106> [G]:  22323 [E]:  90666 [D]:  712 [T]:14 [TH]:10, In
2015-08-17 14:02:20 : 107> [G]:  75443 [E]: 124996 [D]: 1060 [T]:21 [TH]: 9, In
2015-08-17 14:02:24 : 108> [G]:  96997 [E]:  28199 [D]:  152 [T]:13 [TH]: 9, In
2015-08-17 14:02:28 : 109> [G]: 260013 [E]: 182408 [D]: 1179 [T]:29 [TH]:10, In
2015-08-17 14:02:32 : 110> [G]:  16865 [E]:   2696 [D]:  157 [T]: 2 [TH]: 8, In
2015-08-17 14:02:36 : 111> [G]:  71559 [E]: 306807 [D]:  761 [T]:15 [TH]:10, In
2015-08-17 14:02:40 : 112> [G]: 141682 [E]: 117755 [D]: 1706 [T]:34 [TH]: 9, In
2015-08-17 14:02:44 : 113> [G]:  53981 [E]:  38363 [D]:  734 [T]: 4 [TH]: 8, In
2015-08-17 14:02:48 : 114> [G]:  87650 [E]:  38259 [D]:  214 [T]: 1 [TH]: 8, In
2015-08-17 14:02:51 : 115> [G]: 108651 [E]: 158839 [D]:  402 [T]: 2 [TH]: 8, In
2015-08-17 14:02:55 : 116> [G]: 174097 [E]: 156008 [D]:  975 [T]: 4 [TH]: 8, In
2015-08-17 14:02:59 : 117> [G]:  34900 [E]:   6289 [D]:  181 [T]:24 [TH]: 9, In
2015-08-17 14:03:02 : 118> [G]:  86323 [E]:  68932 [D]:  137 [T]: 1 [TH]: 8, In
2015-08-17 14:03:07 : 119> [G]:  36398 [E]:  43060 [D]: 1174 [T]:17 [TH]: 9, In
2015-08-17 14:03:11 : 120> [G]:  91287 [E]:  30471 [D]: 1532 [T]:31 [TH]:10, In
2015-08-17 14:03:15 : 121> [G]:    671 [E]:  98608 [D]:  849 [T]: 4 [TH]: 8, In
2015-08-17 14:03:19 : Checking Trapped TH
2015-08-17 14:03:19 : Inferno Tower Found
2015-08-17 14:03:19 : 122> [G]: 189966 [E]:  11437 [D]:  551 [T]:26 [TH]:10, Out
2015-08-17 14:03:19 : Inferno Tower found near TH, skipping...
2015-08-17 14:03:19 : Trap found, skipping base...
2015-08-17 14:03:23 : 123> [G]:  39853 [E]:  23025 [D]:  761 [T]: 6 [TH]: 9, In
2015-08-17 14:03:27 : 124> [G]:  36056 [E]: 127018 [D]: 1126 [T]:23 [TH]:10, In
2015-08-17 14:03:31 : 125> [G]:  11645 [E]:  53530 [D]:  932 [T]:28 [TH]: 9, In
2015-08-17 14:03:34 : 126> [G]:  39719 [E]:   8497 [D]:  772 [T]:25 [TH]: 9, In
2015-08-17 14:03:39 : 127> [G]:  99164 [E]:  83753 [D]: 1149 [T]:22 [TH]: 9, In
2015-08-17 14:03:44 : 128> [G]:  84574 [E]:  95176 [D]:  511 [T]: 9 [TH]: 9, In
2015-08-17 14:03:49 : 129> [G]:  23226 [E]: 171777 [D]:  366 [T]: 9 [TH]: 9, In
2015-08-17 14:03:53 : 130> [G]: 113383 [E]:  77573 [D]: 1153 [T]:34 [TH]:10, In
2015-08-17 14:03:57 : 131> [G]:  75899 [E]:  87821 [D]:  573 [T]:23 [TH]: 9, In
2015-08-17 14:04:02 : 132> [G]: 119724 [E]: 137438 [D]:  109 [T]:20 [TH]: 9, In
2015-08-17 14:04:07 : 133> [G]:  74614 [E]: 100784 [D]:  944 [T]:21 [TH]:10, In
2015-08-17 14:04:12 : 134> [G]:  79339 [E]:  51523 [D]: 1026 [T]: 8 [TH]: 9, In
2015-08-17 14:04:17 : 135> [G]:  23813 [E]:  35196 [D]: 1501 [T]:16 [TH]: 9, In
2015-08-17 14:04:21 : 136> [G]:  90236 [E]: 180798 [D]:  393 [T]:22 [TH]:10, In
2015-08-17 14:04:25 : 137> [G]:  29680 [E]:  40434 [D]:   23 [T]: 5 [TH]: 8, In
2015-08-17 14:04:28 : 138> [G]:  61895 [E]: 130453 [D]:  973 [T]: 2 [TH]: 8, In
2015-08-17 14:04:32 : 139> [G]:  47384 [E]: 332948 [D]: 2498 [T]:13 [TH]: 9, In
2015-08-17 14:04:35 : 140> [G]:   1579 [E]:   6440 [D]:  212 [T]: 1 [TH]: 8, In
2015-08-17 14:04:39 : 141> [G]:  26744 [E]:   6452 [D]:  519 [T]: 1 [TH]: 8, In
2015-08-17 14:04:44 : 142> [G]:  50329 [E]:  98135 [D]:  635 [T]: 1 [TH]: 8, In
2015-08-17 14:04:48 : 143> [G]:  64467 [E]: 187315 [D]: 2486 [T]: 7 [TH]: 9, In
2015-08-17 14:04:52 : 144> [G]: 110261 [E]:  72029 [D]:  377 [T]: 6 [TH]: 9, In
2015-08-17 14:04:56 : 145> [G]: 178446 [E]: 260823 [D]: 2323 [T]:17 [TH]: 9, In
2015-08-17 14:05:00 : Checking Trapped TH
2015-08-17 14:05:01 : Mortar Found
2015-08-17 14:05:01 : Mortar Found
2015-08-17 14:05:01 : 146> [G]: 218357 [E]: 322047 [D]: 1819 [T]:16 [TH]: 9, Out
2015-08-17 14:05:01 : Mortar found near TH, skipping...
2015-08-17 14:05:01 : Trap found, skipping base...
2015-08-17 14:05:05 : 147> [G]: 174735 [E]:  38507 [D]: 1347 [T]:14 [TH]: 9, In
2015-08-17 14:05:09 : 148> [G]:  97548 [E]: 110005 [D]: 2442 [T]:15 [TH]: 9, In
2015-08-17 14:05:14 : 149> [G]:  26269 [E]:  38408 [D]:  947 [T]:13 [TH]:10, In
2015-08-17 14:05:18 : 150> [G]:  76093 [E]: 193176 [D]: 2072 [T]:18 [TH]:10, In
2015-08-17 14:05:21 : 151> [G]:  74490 [E]: 121987 [D]:  718 [T]: 1 [TH]: 8, In
2015-08-17 14:05:25 : 152> [G]:  12704 [E]:  39001 [D]:  918 [T]: 3 [TH]: 8, In
2015-08-17 14:05:29 : 153> [G]:   1473 [E]:  83601 [D]:  950 [T]: 1 [TH]: 8, In
2015-08-17 14:05:32 : 154> [G]:  43629 [E]:  36213 [D]:  112 [T]: 1 [TH]: 8, In
2015-08-17 14:05:36 : 155> [G]:  71642 [E]:  26014 [D]:  382 [T]: 2 [TH]: 8, In
2015-08-17 14:05:40 : 156> [G]:  58171 [E]: 156105 [D]:  504 [T]: 8 [TH]: 9, In
2015-08-17 14:05:44 : 157> [G]: 248117 [E]: 152430 [D]:  834 [T]: 1 [TH]: 8, In
2015-08-17 14:05:48 : 158> [G]:   1535 [E]:  25358 [D]:  512 [T]: 3 [TH]: 8, In
2015-08-17 14:05:52 : 159> [G]:  15045 [E]: 113678 [D]: 2190 [T]:13 [TH]: 9, In
2015-08-17 14:05:57 : Checking Trapped TH
2015-08-17 14:05:58 : Inferno Tower Found
2015-08-17 14:05:58 : 160> [G]:  33881 [E]:  68080 [D]:  414 [T]:28 [TH]:10, Out
2015-08-17 14:05:58 : Inferno Tower found near TH, skipping...
2015-08-17 14:05:58 : Trap found, skipping base...
2015-08-17 14:06:01 : 161> [G]:  18837 [E]:  63784 [D]: 1610 [T]:18 [TH]: 9, In
2015-08-17 14:06:05 : 162> [G]:  58141 [E]:   5875 [D]:   43 [T]: 2 [TH]: 8, In
2015-08-17 14:06:09 : 163> [G]: 100403 [E]:  15058 [D]: 1539 [T]:22 [TH]: 9, In
2015-08-17 14:06:13 : 164> [G]:  95360 [E]:  31281 [D]:  421 [T]: 4 [TH]: 8, In
2015-08-17 14:06:17 : 165> [G]:  10633 [E]:  86400 [D]:  571 [T]: 2 [TH]: 8, In
2015-08-17 14:06:21 : 166> [G]:  45871 [E]: 149554 [D]: 1464 [T]:13 [TH]: 9, In
2015-08-17 14:06:25 : 167> [G]: 106744 [E]:  56191 [D]:  130 [T]: 3 [TH]: 8, In
2015-08-17 14:06:28 : 168> [G]:   6276 [E]:  71556 [D]:  923 [T]: 3 [TH]: 8, In
2015-08-17 14:06:33 : 169> [G]: 125320 [E]:  26691 [D]:  326 [T]:12 [TH]: 9, In
2015-08-17 14:06:37 : 170> [G]:  73348 [E]: 133380 [D]:  620 [T]: 2 [TH]: 8, In
2015-08-17 14:06:41 : 171> [G]: 102030 [E]:  72211 [D]: 1343 [T]:14 [TH]: 9, In
2015-08-17 14:06:45 : 172> [G]:  22766 [E]:  35595 [D]:  256 [T]:14 [TH]: 9, In
2015-08-17 14:06:50 : 173> [G]:  60291 [E]:  79112 [D]:  325 [T]:28 [TH]:10, In
2015-08-17 14:06:54 : 174> [G]:    489 [E]:   5165 [D]:  309 [T]:12 [TH]: 9, In
2015-08-17 14:06:58 : 175> [G]: 160866 [E]: 120324 [D]: 1077 [T]:31 [TH]: 9, In
2015-08-17 14:07:03 : 176> [G]:  62576 [E]:  96649 [D]:  832 [T]:37 [TH]: 9, In
2015-08-17 14:07:07 : 177> [G]:  59535 [E]: 139980 [D]:  949 [T]: 6 [TH]: 9, In
2015-08-17 14:07:10 : 178> [G]:  40529 [E]: 272403 [D]: 1812 [T]: 4 [TH]: 8, In
2015-08-17 14:07:14 : Checking Trapped TH
2015-08-17 14:07:15 : Mortar Found
2015-08-17 14:07:15 : 179> [G]:  86196 [E]:  15952 [D]:  675 [T]:18 [TH]: 9, Out
2015-08-17 14:07:15 : Mortar found near TH, skipping...
2015-08-17 14:07:15 : Trap found, skipping base...
2015-08-17 14:07:19 : 180> [G]:  91150 [E]: 108302 [D]:  560 [T]: 2 [TH]: 8, In
2015-08-17 14:07:23 : 181> [G]:  56535 [E]:  21868 [D]:  699 [T]: 3 [TH]: 8, In
2015-08-17 14:07:26 : 182> [G]:   2065 [E]: 142329 [D]:  520 [T]: 2 [TH]: 8, In
2015-08-17 14:07:31 : 183> [G]:  62473 [E]: 178719 [D]: 1503 [T]:13 [TH]:10, In
2015-08-17 14:07:34 : 184> [G]:   8625 [E]: 105089 [D]:  116 [T]: 1 [TH]: 8, In
2015-08-17 14:07:39 : 185> [G]:  77566 [E]:  32323 [D]: 1000 [T]:16 [TH]:10, In
2015-08-17 14:07:43 : 186> [G]:  20108 [E]:   3043 [D]:  929 [T]:35 [TH]: 9, In
2015-08-17 14:07:47 : 187> [G]:  16881 [E]:  57191 [D]:  321 [T]: 3 [TH]: 8, In
2015-08-17 14:07:51 : 188> [G]: 134812 [E]:  85110 [D]:  182 [T]:11 [TH]: 9, In
2015-08-17 14:07:55 : 189> [G]: 104655 [E]: 135895 [D]:  376 [T]:16 [TH]: 9, In
2015-08-17 14:07:59 : 190> [G]:  93495 [E]:  28565 [D]:  685 [T]: 2 [TH]: 8, In
2015-08-17 14:08:03 : 191> [G]: 148185 [E]:  93266 [D]: 1017 [T]:16 [TH]: 9, In
2015-08-17 14:08:06 : 192> [G]:  49584 [E]:    417 [D]:  669 [T]: 1 [TH]: 8, In
2015-08-17 14:08:11 : 193> [G]: 122874 [E]:  54234 [D]:  695 [T]: 2 [TH]: -, -
2015-08-17 14:08:15 : 194> [G]:  93988 [E]:  60717 [D]: 1247 [T]:40 [TH]: 9, In
2015-08-17 14:08:20 : 195> [G]:  55998 [E]:  90963 [D]: 1235 [T]:22 [TH]:10, In
2015-08-17 14:08:24 : 196> [G]: 121924 [E]:  99861 [D]:  931 [T]:16 [TH]: 9, In
2015-08-17 14:08:27 : 197> [G]:  43583 [E]:  21731 [D]:  424 [T]: 2 [TH]: 8, In
2015-08-17 14:08:32 : 198> [G]:  42450 [E]: 117848 [D]:  232 [T]:25 [TH]: 9, In
2015-08-17 14:08:36 : 199> [G]: 115561 [E]: 107067 [D]:  338 [T]:22 [TH]: 9, In
2015-08-17 14:08:40 : 200> [G]: 160197 [E]: 103498 [D]:  311 [T]:14 [TH]: 9, In
2015-08-17 14:08:45 : Checking Trapped TH
2015-08-17 14:08:46 : Mortar Found
2015-08-17 14:08:46 : 201> [G]:  91910 [E]: 134911 [D]:  912 [T]: 8 [TH]: 9, Out
2015-08-17 14:08:46 : Mortar found near TH, skipping...
2015-08-17 14:08:46 : Trap found, skipping base...
2015-08-17 14:08:50 : 202> [G]:  41096 [E]:  78202 [D]:  673 [T]: 2 [TH]: 8, In
2015-08-17 14:08:55 : 203> [G]: 405647 [E]:  59881 [D]: 2658 [T]:31 [TH]:10, In
2015-08-17 14:09:02 : 204> [G]:  45458 [E]:  86981 [D]:  902 [T]:22 [TH]: 9, In
2015-08-17 14:09:05 : 205> [G]:  35642 [E]: 215630 [D]: 1527 [T]:32 [TH]: 9, In
2015-08-17 14:09:10 : 206> [G]: 270782 [E]:  98947 [D]:  252 [T]:20 [TH]:10, In
2015-08-17 14:09:14 : 207> [G]:  39822 [E]:  88550 [D]:  331 [T]:14 [TH]: 9, In
2015-08-17 14:09:18 : 208> [G]: 164902 [E]:  70762 [D]:  242 [T]:22 [TH]: 9, In
2015-08-17 14:09:21 : 209> [G]:  80591 [E]:  60688 [D]:   86 [T]: 1 [TH]: 8, In
2015-08-17 14:09:25 : 210> [G]:  97238 [E]: 105939 [D]:  310 [T]: 1 [TH]: 8, In
2015-08-17 14:09:29 : 211> [G]:  87837 [E]:  13844 [D]:  674 [T]:15 [TH]: 9, In
2015-08-17 14:09:33 : 212> [G]:  16942 [E]: 120036 [D]: 1471 [T]:13 [TH]: 9, In
2015-08-17 14:09:39 : 213> [G]:  77799 [E]:  92978 [D]: 1058 [T]: 8 [TH]: 9, In
2015-08-17 14:09:43 : 214> [G]:  14655 [E]: 144411 [D]: 1146 [T]: 2 [TH]: 8, In
2015-08-17 14:09:47 : 215> [G]: 240398 [E]: 102172 [D]:  165 [T]:13 [TH]: 9, In
2015-08-17 14:09:51 : 216> [G]:  59132 [E]: 108176 [D]: 1240 [T]:13 [TH]: 9, In
2015-08-17 14:09:56 : 217> [G]: 131562 [E]:  36464 [D]: 1382 [T]:25 [TH]: 9, In
2015-08-17 14:10:00 : 218> [G]:  82777 [E]: 356517 [D]: 1713 [T]:35 [TH]: 9, In
2015-08-17 14:10:04 : 219> [G]:  50849 [E]:   7767 [D]:  400 [T]: 1 [TH]: 8, In
2015-08-17 14:10:08 : 220> [G]: 141848 [E]:  57609 [D]:  542 [T]:15 [TH]: 9, In
2015-08-17 14:10:12 : 221> [G]:  49527 [E]:  17896 [D]: 1471 [T]:15 [TH]: 9, In
2015-08-17 14:10:16 : 222> [G]:  34869 [E]:  43887 [D]: 1145 [T]:21 [TH]: 9, In
2015-08-17 14:10:21 : 223> [G]:  27470 [E]:   5604 [D]:  630 [T]:22 [TH]: 9, In
2015-08-17 14:10:25 : 224> [G]: 358203 [E]: 266008 [D]: 1971 [T]:23 [TH]: 9, In
2015-08-17 14:10:29 : 225> [G]: 108708 [E]: 140384 [D]: 1845 [T]:30 [TH]:10, In
2015-08-17 14:10:33 : 226> [G]:  88792 [E]:  84852 [D]:  739 [T]:12 [TH]: 9, In
2015-08-17 14:10:37 : 227> [G]:  18822 [E]:   8833 [D]:  535 [T]: 2 [TH]: 8, In
2015-08-17 14:10:41 : 228> [G]:  39025 [E]:  27051 [D]:  740 [T]:20 [TH]: 9, In
2015-08-17 14:10:45 : 229> [G]:  98899 [E]: 139466 [D]:  988 [T]:21 [TH]: 9, In
2015-08-17 14:10:49 : 230> [G]: 107899 [E]: 114521 [D]: 1183 [T]:18 [TH]: 9, In
2015-08-17 14:10:53 : 231> [G]:  22968 [E]: 191651 [D]:  649 [T]:11 [TH]:10, In
2015-08-17 14:10:58 : 232> [G]:  51527 [E]:  37537 [D]:  238 [T]:23 [TH]: 9, In
2015-08-17 14:11:01 : 233> [G]: 125955 [E]:  89907 [D]: 1426 [T]:33 [TH]: 9, In
2015-08-17 14:11:05 : 234> [G]:   9206 [E]:  34588 [D]: 1916 [T]:20 [TH]: 9, In
2015-08-17 14:11:10 : 235> [G]:  39699 [E]:  67193 [D]: 1673 [T]:17 [TH]: 9, In
2015-08-17 14:11:13 : 236> [G]:  41159 [E]: 139971 [D]: 1229 [T]:13 [TH]: 9, In
2015-08-17 14:11:18 : 237> [G]:  55194 [E]:  58423 [D]:  246 [T]: 2 [TH]: -, -
2015-08-17 14:11:22 : 238> [G]:  82566 [E]:  14210 [D]:  523 [T]:15 [TH]: 9, In
2015-08-17 14:11:25 : 239> [G]: 250481 [E]: 238567 [D]:  361 [T]: 1 [TH]: 8, In
2015-08-17 14:11:29 : 240> [G]: 157573 [E]: 174779 [D]:  469 [T]:30 [TH]: 9, In
2015-08-17 14:11:34 : 241> [G]:  76286 [E]: 125839 [D]: 1062 [T]:21 [TH]: 9, In
2015-08-17 14:11:39 : 242> [G]:  11555 [E]: 111450 [D]:  849 [T]: 7 [TH]: 9, In
2015-08-17 14:11:43 : 243> [G]:  21698 [E]: 161122 [D]:  205 [T]: 2 [TH]: 8, In
2015-08-17 14:11:47 : 244> [G]: 130473 [E]:  85629 [D]:  614 [T]:38 [TH]: 9, In
2015-08-17 14:11:51 : 245> [G]:  24618 [E]:  23852 [D]:  539 [T]: 3 [TH]: 8, In
2015-08-17 14:11:55 : 246> [G]:   8620 [E]:  65757 [D]:  800 [T]:14 [TH]: 9, In
2015-08-17 14:11:59 : 247> [G]:  36566 [E]:  38320 [D]:  339 [T]:18 [TH]: 9, In
2015-08-17 14:12:03 : 248> [G]:  44237 [E]:  26610 [D]:  119 [T]: 2 [TH]: 8, In
2015-08-17 14:12:09 : 249> [G]:  48678 [E]: 112432 [D]:  699 [T]:14 [TH]: 9, In
2015-08-17 14:12:13 : 250> [G]:  15640 [E]: 191511 [D]:  858 [T]: 1 [TH]: 8, In
2015-08-17 14:12:16 : 251> [G]:  37575 [E]:  86688 [D]:  274 [T]: 1 [TH]: 8, In
2015-08-17 14:12:20 : 252> [G]: 108629 [E]: 170787 [D]: 1536 [T]: 2 [TH]: 8, In
2015-08-17 14:12:26 : 253> [G]:  56199 [E]:  99574 [D]:  612 [T]: 3 [TH]: 8, In
2015-08-17 14:12:29 : 254> [G]:  17306 [E]:   9437 [D]:  627 [T]: 3 [TH]: 8, In
2015-08-17 14:12:33 : 255> [G]:  64046 [E]:  67613 [D]:  319 [T]:14 [TH]: 9, In
2015-08-17 14:12:39 : 256> [G]: 328843 [E]: 378150 [D]:  837 [T]: 5 [TH]: 9, In
2015-08-17 14:12:43 : 257> [G]:  28583 [E]:   2871 [D]:  262 [T]: 2 [TH]: 8, In
2015-08-17 14:12:47 : 258> [G]:  34078 [E]: 165596 [D]: 1527 [T]:17 [TH]:10, In
2015-08-17 14:12:51 : 259> [G]:  58430 [E]: 100669 [D]:  345 [T]: 6 [TH]: 9, In
2015-08-17 14:12:56 : 260> [G]:  25179 [E]:  28584 [D]:  329 [T]:11 [TH]: 9, In
2015-08-17 14:12:59 : 261> [G]: 209259 [E]: 112107 [D]:  779 [T]: 3 [TH]: 8, In
2015-08-17 14:13:03 : 262> [G]:  31762 [E]:  11306 [D]:  177 [T]: 5 [TH]: 8, In
2015-08-17 14:13:07 : 263> [G]: 188856 [E]: 162830 [D]:  868 [T]:18 [TH]:10, In
2015-08-17 14:13:12 : 264> [G]:  32350 [E]: 131631 [D]:  877 [T]:21 [TH]: 9, In
2015-08-17 14:13:15 : 265> [G]:  31295 [E]:  41620 [D]:  531 [T]:16 [TH]: 9, In
2015-08-17 14:13:19 : 266> [G]:  31750 [E]:  74368 [D]:  177 [T]: 1 [TH]: 8, In
2015-08-17 14:13:23 : 267> [G]:  24682 [E]:   7803 [D]:  566 [T]: 2 [TH]: 8, In
2015-08-17 14:13:27 : 268> [G]:  42994 [E]:  28496 [D]:   87 [T]: 2 [TH]: 8, In
2015-08-17 14:13:30 : 269> [G]:  54689 [E]: 184476 [D]:  454 [T]: 3 [TH]: 8, In
2015-08-17 14:13:34 : 270> [G]: 118285 [E]: 128569 [D]:  319 [T]: 1 [TH]: 8, In
2015-08-17 14:13:38 : 271> [G]:  60994 [E]:  85906 [D]: 1047 [T]:17 [TH]: -, -
2015-08-17 14:13:42 : 272> [G]:  61827 [E]:  96382 [D]:  650 [T]:16 [TH]: 9, In
2015-08-17 14:13:46 : 273> [G]:   8659 [E]:  64206 [D]:  459 [T]: 4 [TH]: 8, In
2015-08-17 14:13:50 : 274> [G]: 137828 [E]:  47429 [D]:  245 [T]: 1 [TH]: 8, In
2015-08-17 14:13:55 : 275> [G]:  57150 [E]:  14979 [D]: 1190 [T]:25 [TH]:10, In
2015-08-17 14:13:59 : 276> [G]:  56292 [E]:   6508 [D]:  652 [T]:11 [TH]: 9, In
2015-08-17 14:14:03 : 277> [G]: 271979 [E]: 216627 [D]: 1806 [T]:21 [TH]: 8, In
2015-08-17 14:14:07 : Checking Trapped TH
2015-08-17 14:14:09 : Mortar Found
2015-08-17 14:14:09 : 278> [G]:  97757 [E]:  31306 [D]:  524 [T]: 7 [TH]: 9, Out
2015-08-17 14:14:09 : Mortar found near TH, skipping...
2015-08-17 14:14:09 : Trap found, skipping base...
2015-08-17 14:14:13 : 279> [G]: 129324 [E]: 150734 [D]:  593 [T]:13 [TH]: 9, In
2015-08-17 14:14:17 : 280> [G]:  47697 [E]:  39704 [D]: 1087 [T]:20 [TH]:10, In
2015-08-17 14:14:21 : 281> [G]:  23617 [E]:   9602 [D]:  381 [T]: 1 [TH]: 8, In
2015-08-17 14:14:25 : 282> [G]: 104842 [E]:  55044 [D]:  891 [T]: 5 [TH]: 9, In
2015-08-17 14:14:28 : 283> [G]:  13421 [E]:  61303 [D]:  767 [T]: 1 [TH]: 8, In
2015-08-17 14:14:33 : 284> [G]: 313357 [E]: 231250 [D]: 2268 [T]: 8 [TH]: 9, In
2015-08-17 14:14:37 : 285> [G]:  56706 [E]: 128153 [D]:  810 [T]:11 [TH]: 9, In
2015-08-17 14:14:41 : 286> [G]:   2013 [E]:   2483 [D]:  446 [T]:14 [TH]: 9, In
2015-08-17 14:14:45 : 287> [G]: 120361 [E]:  74493 [D]: 1037 [T]:15 [TH]: 9, In
2015-08-17 14:14:49 : 288> [G]:  37488 [E]: 121862 [D]:  940 [T]: 2 [TH]: 8, In
2015-08-17 14:14:54 : 289> [G]: 321835 [E]: 179465 [D]: 1514 [T]:17 [TH]:10, In
2015-08-17 14:14:58 : 290> [G]: 150817 [E]: 142423 [D]: 1648 [T]:26 [TH]: 9, In
2015-08-17 14:15:02 : 291> [G]:  32197 [E]:  82828 [D]:  845 [T]:22 [TH]:10, In
2015-08-17 14:15:06 : 292> [G]:  23101 [E]:  29092 [D]:  477 [T]:22 [TH]: 9, In
2015-08-17 14:15:10 : 293> [G]: 204259 [E]: 162806 [D]:  218 [T]:14 [TH]: 9, In
2015-08-17 14:15:14 : 294> [G]:  88302 [E]:  55189 [D]: 2221 [T]:18 [TH]:10, In
2015-08-17 14:15:18 : 295> [G]: 182353 [E]:  99096 [D]: 2609 [T]:30 [TH]: 9, In
2015-08-17 14:15:23 : 296> [G]: 147322 [E]: 226718 [D]:  801 [T]:24 [TH]: 9, In
2015-08-17 14:15:29 : 297> [G]:  14115 [E]:  25981 [D]:  286 [T]: 8 [TH]: 9, In
2015-08-17 14:15:33 : 298> [G]:  20822 [E]:  35947 [D]:  845 [T]: 1 [TH]: 8, In
2015-08-17 14:15:36 : 299> [G]:  62329 [E]:  83013 [D]:  279 [T]: 3 [TH]: 8, In
2015-08-17 14:15:40 : 300> [G]:  60551 [E]:  48054 [D]:  467 [T]: 3 [TH]: 8, In
2015-08-17 14:15:46 : 301> [G]: 288446 [E]: 281223 [D]: 1812 [T]:22 [TH]: 9, In
2015-08-17 14:15:50 : 302> [G]: 185682 [E]:  64662 [D]:  199 [T]:14 [TH]: 9, In
2015-08-17 14:15:54 : 303> [G]:  36633 [E]:  19921 [D]:   15 [T]:22 [TH]:10, In
2015-08-17 14:15:59 : 304> [G]:  42610 [E]:  34395 [D]: 1683 [T]: 8 [TH]: 9, In
2015-08-17 14:16:03 : 305> [G]:  77545 [E]:  77707 [D]:  559 [T]: 1 [TH]: 8, In
2015-08-17 14:16:07 : 306> [G]:  92996 [E]: 107794 [D]:  123 [T]:15 [TH]:10, In
2015-08-17 14:16:12 : 307> [G]:  37158 [E]:  25861 [D]: 1648 [T]:13 [TH]:10, In
2015-08-17 14:16:18 : 308> [G]:  70545 [E]:  35577 [D]:  623 [T]:18 [TH]: 9, In
2015-08-17 14:16:22 : 309> [G]:  24342 [E]:  70599 [D]:  995 [T]:19 [TH]: 9, In
2015-08-17 14:16:27 : 310> [G]:  42218 [E]:  66593 [D]:  220 [T]:28 [TH]:10, In
2015-08-17 14:16:31 : 311> [G]:  19068 [E]:  70182 [D]:  483 [T]:16 [TH]: 9, In
2015-08-17 14:16:35 : 312> [G]:   9758 [E]: 160540 [D]:  339 [T]: 1 [TH]: 8, In
2015-08-17 14:16:39 : 313> [G]:  88191 [E]:  14149 [D]:  676 [T]:15 [TH]: 9, In
2015-08-17 14:16:46 : 314> [G]: 194226 [E]: 143097 [D]: 1758 [T]:16 [TH]: 9, In
2015-08-17 14:16:50 : 315> [G]:  67406 [E]:  40138 [D]:    1 [T]: 2 [TH]: 8, In
2015-08-17 14:16:55 : 316> [G]:  50795 [E]:  20402 [D]: 1671 [T]:36 [TH]: 9, In
2015-08-17 14:16:58 : 317> [G]:  24227 [E]: 101843 [D]:  361 [T]: 7 [TH]: 9, In
2015-08-17 14:17:02 : 318> [G]: 281053 [E]: 225405 [D]:  868 [T]: 1 [TH]: 8, In
2015-08-17 14:17:06 : 319> [G]:  86849 [E]: 138155 [D]:  227 [T]: 1 [TH]: 8, In
2015-08-17 14:17:09 : 320> [G]:  26214 [E]: 135167 [D]:  701 [T]: 1 [TH]: 8, In
2015-08-17 14:17:13 : 321> [G]:  41341 [E]:  78549 [D]:  675 [T]: 2 [TH]: 8, In
2015-08-17 14:17:16 : 322> [G]: 105917 [E]: 108715 [D]:  223 [T]: 2 [TH]: 8, In
2015-08-17 14:17:20 : 323> [G]:  51367 [E]:   7396 [D]:  838 [T]:15 [TH]: 9, In
2015-08-17 14:17:24 : 324> [G]: 109535 [E]:   3826 [D]: 1584 [T]:21 [TH]: 9, In
2015-08-17 14:17:28 : 325> [G]:  26854 [E]:  37091 [D]: 1164 [T]:16 [TH]: 9, In
2015-08-17 14:17:33 : 326> [G]:  77853 [E]:  16690 [D]: 1271 [T]:18 [TH]:10, In
2015-08-17 14:17:37 : 327> [G]:  26160 [E]: 173120 [D]:  740 [T]:10 [TH]: 9, In
2015-08-17 14:17:41 : 328> [G]:  73932 [E]:   9340 [D]:  598 [T]: 6 [TH]: 9, In
2015-08-17 14:17:45 : 329> [G]:  27308 [E]:   6071 [D]: 1523 [T]:17 [TH]: 9, In
2015-08-17 14:17:49 : 330> [G]: 138887 [E]:  92725 [D]: 1400 [T]:25 [TH]: 9, In
2015-08-17 14:17:53 : 331> [G]:   2234 [E]:   6988 [D]:  216 [T]: 1 [TH]: 8, In
2015-08-17 14:17:53 : ClashGameBot was Paused!
2015-08-17 14:17:57 : ClashGameBot was Resumed.
2015-08-17 14:18:00 : 332> [G]:  49080 [E]:   1502 [D]:  342 [T]:11 [TH]: 9, In
2015-08-17 14:18:05 : 333> [G]:  93906 [E]:  49188 [D]: 1440 [T]:29 [TH]: 9, In
2015-08-17 14:18:09 : 334> [G]: 401325 [E]: 401329 [D]: 2127 [T]:18 [TH]:10, In
