2015-07-28 22:26:56 : ~~~ Clash Game Bot v4.1 Powered by GameBot.org ~~~
2015-07-28 22:26:56 : GameBot.org.exe Executable running on WIN_7  X64
2015-07-28 22:26:56 : =================== Bot Start ====================
2015-07-28 22:26:56 : -------------------------  Current Profile: 01 --------------------------
2015-07-28 22:26:56 : Trying to locate Main Screen
2015-07-28 22:26:57 : Another Device has connected, waiting 2 minutes 0 seconds
2015-07-28 22:29:00 : Waiting for Main Screen
2015-07-28 22:29:04 : Zooming Out
2015-07-28 22:29:06 : Main Screen Located
2015-07-28 22:29:07 : Detecting your Buildings..
2015-07-28 22:29:13 : Language setting is English: Correct.
2015-07-28 22:29:14 : Trying to locate Main Screen
2015-07-28 22:29:14 : Main Screen Located
2015-07-28 22:29:15 : Halt Attack, Stay Online/Collect...
2015-07-28 22:29:16 : Collecting Resources
2015-07-28 22:29:23 : Checking if Village needs Rearming..
2015-07-28 22:29:31 : Village Report
2015-07-28 22:29:31 : No. of Free/Total Builders: 0/4
2015-07-28 22:29:31 :  [T]: 1 389
2015-07-28 22:29:31 :  [G]: 2 196 357 [E]: 5 707 042 [D]: 61 058 [GEM]: 948
2015-07-28 22:29:37 : Checking Troop Upgrade in Laboratory ...
2015-07-28 22:29:37 : Updating village values [E]: 5707042 [D]: 61058
2015-07-28 22:29:38 : Trouble finding research button, try again...
2015-07-28 22:29:39 : No free builder, Upgrade Walls skipped..
2015-07-28 22:29:56 : Time Idle: 00:00:14
2015-07-28 22:30:09 : Collecting Resources
2015-07-28 22:30:16 : Time Idle: 00:00:34
2015-07-28 22:30:31 : Time Idle: 00:00:48
2015-07-28 22:30:46 : Time Idle: 00:01:03
2015-07-28 22:31:00 : Time Idle: 00:01:17
2015-07-28 22:31:14 : Time Idle: 00:01:31
2015-07-28 22:31:29 : Time Idle: 00:01:45
2015-07-28 22:31:43 : Time Idle: 00:01:59
2015-07-28 22:31:58 : Time Idle: 00:02:13
2015-07-28 22:32:12 : Time Idle: 00:02:28
2015-07-28 22:32:27 : Time Idle: 00:02:42
2015-07-28 22:32:41 : Time Idle: 00:02:56
2015-07-28 22:32:55 : Collecting Resources
2015-07-28 22:33:02 : Time Idle: 00:03:16
2015-07-28 22:33:16 : Time Idle: 00:03:31
2015-07-28 22:33:31 : Time Idle: 00:03:45
2015-07-28 22:33:46 : Time Idle: 00:03:59
2015-07-28 22:34:00 : Time Idle: 00:04:14
2015-07-28 22:34:15 : Time Idle: 00:04:28
2015-07-28 22:34:29 : Time Idle: 00:04:42
2015-07-28 22:34:44 : Time Idle: 00:04:57
2015-07-28 22:34:58 : Time Idle: 00:05:11
2015-07-28 22:35:13 : Time Idle: 00:05:25
2015-07-28 22:35:27 : Time Idle: 00:05:39
2015-07-28 22:35:41 : Collecting Resources
2015-07-28 22:35:48 : Time Idle: 00:05:59
2015-07-28 22:36:02 : Time Idle: 00:06:13
2015-07-28 22:36:17 : Time Idle: 00:06:28
2015-07-28 22:36:31 : Time Idle: 00:06:42
2015-07-28 22:36:46 : Time Idle: 00:06:56
2015-07-28 22:37:00 : Time Idle: 00:07:10
2015-07-28 22:37:15 : Time Idle: 00:07:25
2015-07-28 22:37:29 : Time Idle: 00:07:39
2015-07-28 22:37:44 : Time Idle: 00:07:53
2015-07-28 22:37:59 : Time Idle: 00:08:08
2015-07-28 22:38:13 : Time Idle: 00:08:22
2015-07-28 22:38:27 : Collecting Resources
2015-07-28 22:38:34 : Time Idle: 00:08:42
2015-07-28 22:38:48 : Time Idle: 00:08:57
2015-07-28 22:39:03 : Time Idle: 00:09:11
2015-07-28 22:39:17 : Time Idle: 00:09:25
2015-07-28 22:39:32 : Time Idle: 00:09:39
2015-07-28 22:39:46 : Time Idle: 00:09:53
2015-07-28 22:40:01 : Time Idle: 00:10:08
2015-07-28 22:40:15 : Time Idle: 00:10:22
2015-07-28 22:40:30 : Time Idle: 00:10:36
2015-07-28 22:40:44 : Time Idle: 00:10:51
2015-07-28 22:40:59 : Time Idle: 00:11:05
2015-07-28 22:41:13 : Collecting Resources
2015-07-28 22:41:20 : Time Idle: 00:11:25
2015-07-28 22:41:34 : Time Idle: 00:11:40
2015-07-28 22:41:49 : Time Idle: 00:11:54
2015-07-28 22:42:03 : Time Idle: 00:12:08
2015-07-28 22:42:18 : Time Idle: 00:12:23
2015-07-28 22:42:32 : Time Idle: 00:12:37
2015-07-28 22:42:47 : Time Idle: 00:12:51
2015-07-28 22:43:02 : Time Idle: 00:13:05
2015-07-28 22:43:16 : Time Idle: 00:13:20
2015-07-28 22:43:30 : Time Idle: 00:13:34
2015-07-28 22:43:45 : Time Idle: 00:13:48
2015-07-28 22:43:59 : Collecting Resources
2015-07-28 22:44:06 : Time Idle: 00:14:09
2015-07-28 22:44:21 : Time Idle: 00:14:23
2015-07-28 22:44:35 : Time Idle: 00:14:37
2015-07-28 22:44:50 : Time Idle: 00:14:52
2015-07-28 22:45:04 : Time Idle: 00:15:06
2015-07-28 22:45:19 : Time Idle: 00:15:20
2015-07-28 22:45:33 : Time Idle: 00:15:34
2015-07-28 22:45:48 : Time Idle: 00:15:49
2015-07-28 22:46:02 : Time Idle: 00:16:03
2015-07-28 22:46:17 : Time Idle: 00:16:17
2015-07-28 22:46:31 : Time Idle: 00:16:31
2015-07-28 22:46:45 : Collecting Resources
2015-07-28 22:46:52 : Time Idle: 00:16:51
2015-07-28 22:47:06 : Time Idle: 00:17:06
2015-07-28 22:47:21 : Time Idle: 00:17:20
2015-07-28 22:47:35 : Time Idle: 00:17:34
2015-07-28 22:47:50 : Time Idle: 00:17:48
2015-07-28 22:48:04 : Time Idle: 00:18:03
2015-07-28 22:48:19 : Time Idle: 00:18:17
2015-07-28 22:48:33 : Time Idle: 00:18:31
2015-07-28 22:48:48 : Time Idle: 00:18:45
2015-07-28 22:49:02 : Time Idle: 00:18:59
2015-07-28 22:49:17 : Time Idle: 00:19:14
2015-07-28 22:49:30 : Collecting Resources
2015-07-28 22:49:39 : Time Idle: 00:19:36
2015-07-28 22:49:53 : Waiting for Main Screen
2015-07-28 22:49:56 : Trying to locate Main Screen
2015-07-28 22:49:57 : Main Screen Located
2015-07-28 22:49:57 : Halt Attack, Stay Online/Collect...
2015-07-28 22:49:59 : Collecting Resources
2015-07-28 22:50:07 : Checking if Village needs Rearming..
2015-07-28 22:50:16 : Waiting for Main Screen
2015-07-28 22:50:17 : Trying to locate Main Screen
2015-07-28 22:50:17 : Main Screen Located
2015-07-28 22:50:18 : Halt Attack, Stay Online/Collect...
2015-07-28 22:50:20 : Collecting Resources
2015-07-28 22:50:26 : Checking if Village needs Rearming..
2015-07-28 22:50:35 : Village Report
2015-07-28 22:50:35 : No. of Free/Total Builders: 0/4
2015-07-28 22:50:35 :  [T]: 1 389
2015-07-28 22:50:35 :  [G]: 2 197 859 [E]: 5 709 817 [D]: 61 074 [GEM]: 948
2015-07-28 22:50:40 : Checking Troop Upgrade in Laboratory ...
2015-07-28 22:50:40 : Updating village values [E]: 5709817 [D]: 61074
2015-07-28 22:50:42 : Trouble finding research button, try again...
2015-07-28 22:50:43 : No free builder, Upgrade Walls skipped..
2015-07-28 22:51:00 : Time Idle: 00:00:14
2015-07-28 22:51:14 : Time Idle: 00:00:28
2015-07-28 22:51:28 : Training Overview Window didn't open
2015-07-28 22:51:31 : Waiting for Main Screen
2015-07-28 22:51:33 : Trying to locate Main Screen
2015-07-28 22:51:33 : Main Screen Located
2015-07-28 22:51:33 : Halt Attack, Stay Online/Collect...
2015-07-28 22:51:35 : Collecting Resources
2015-07-28 22:51:42 : Checking if Village needs Rearming..
2015-07-28 22:51:52 : Waiting for Main Screen
2015-07-28 22:51:53 : Trying to locate Main Screen
2015-07-28 22:51:53 : Main Screen Located
2015-07-28 22:51:53 : Halt Attack, Stay Online/Collect...
2015-07-28 22:51:55 : Collecting Resources
2015-07-28 22:52:02 : Checking if Village needs Rearming..
2015-07-28 22:52:11 : Waiting for Main Screen
2015-07-28 22:52:13 : Trying to locate Main Screen
2015-07-28 22:52:13 : Main Screen Located
2015-07-28 22:52:13 : Halt Attack, Stay Online/Collect...
2015-07-28 22:52:15 : Collecting Resources
2015-07-28 22:52:21 : Checking if Village needs Rearming..
2015-07-28 22:52:31 : Waiting for Main Screen
2015-07-28 22:52:32 : Trying to locate Main Screen
2015-07-28 22:52:32 : Main Screen Located
2015-07-28 22:52:32 : Halt Attack, Stay Online/Collect...
2015-07-28 22:52:34 : Collecting Resources
2015-07-28 22:52:41 : Checking if Village needs Rearming..
2015-07-28 22:52:49 : Village Report
2015-07-28 22:52:49 : No. of Free/Total Builders: 0/4
2015-07-28 22:52:49 :  [T]: 1 389
2015-07-28 22:52:49 :  [G]: 2 199 146 [E]: 5 709 817 [D]: 61 076 [GEM]: 948
2015-07-28 22:52:55 : Checking Troop Upgrade in Laboratory ...
2015-07-28 22:52:55 : Updating village values [E]: 5709817 [D]: 61076
2015-07-28 22:52:56 : Trouble finding research button, try again...
2015-07-28 22:52:59 : Waiting for Main Screen
2015-07-28 22:53:00 : Trying to locate Main Screen
2015-07-28 22:53:00 : Main Screen Located
2015-07-28 22:53:01 : Halt Attack, Stay Online/Collect...
2015-07-28 22:53:02 : Collecting Resources
2015-07-28 22:53:09 : Checking if Village needs Rearming..
2015-07-28 22:53:19 : Waiting for Main Screen
2015-07-28 22:53:20 : Trying to locate Main Screen
2015-07-28 22:53:20 : Main Screen Located
2015-07-28 22:53:20 : Halt Attack, Stay Online/Collect...
2015-07-28 22:53:22 : Collecting Resources
2015-07-28 22:53:29 : Checking if Village needs Rearming..
2015-07-28 22:53:38 : Waiting for Main Screen
2015-07-28 22:53:39 : Trying to locate Main Screen
2015-07-28 22:53:39 : Main Screen Located
2015-07-28 22:53:40 : Halt Attack, Stay Online/Collect...
2015-07-28 22:53:42 : Collecting Resources
2015-07-28 22:53:50 : Checking if Village needs Rearming..
2015-07-28 22:53:59 : Waiting for Main Screen
2015-07-28 22:54:00 : Trying to locate Main Screen
2015-07-28 22:54:00 : Main Screen Located
2015-07-28 22:54:01 : Halt Attack, Stay Online/Collect...
2015-07-28 22:54:03 : Collecting Resources
2015-07-28 22:54:09 : Checking if Village needs Rearming..
2015-07-28 22:54:17 : Village Report
2015-07-28 22:54:18 : No. of Free/Total Builders: 0/4
2015-07-28 22:54:18 :  [T]: 1 389
2015-07-28 22:54:18 :  [G]: 2 199 146 [E]: 5 710 918 [D]: 61 078 [GEM]: 948
2015-07-28 22:54:23 : Checking Troop Upgrade in Laboratory ...
2015-07-28 22:54:23 : Updating village values [E]: 5710918 [D]: 61078
2015-07-28 22:54:24 : Trouble finding research button, try again...
2015-07-28 22:54:28 : Waiting for Main Screen
2015-07-28 22:54:29 : Trying to locate Main Screen
2015-07-28 22:54:29 : Main Screen Located
2015-07-28 22:54:29 : Halt Attack, Stay Online/Collect...
2015-07-28 22:54:31 : Collecting Resources
2015-07-28 22:54:38 : Checking if Village needs Rearming..
2015-07-28 22:54:47 : Waiting for Main Screen
2015-07-28 22:54:48 : Trying to locate Main Screen
2015-07-28 22:54:48 : Main Screen Located
2015-07-28 22:54:49 : Halt Attack, Stay Online/Collect...
2015-07-28 22:54:51 : Collecting Resources
2015-07-28 22:54:57 : Checking if Village needs Rearming..
2015-07-28 22:55:06 : Village Report
2015-07-28 22:55:06 : No. of Free/Total Builders: 0/4
2015-07-28 22:55:06 :  [T]: 1 389
2015-07-28 22:55:06 :  [G]: 2 199 146 [E]: 5 710 918 [D]: 61 078 [GEM]: 948
2015-07-28 22:55:12 : Checking Troop Upgrade in Laboratory ...
2015-07-28 22:55:12 : Updating village values [E]: 5710918 [D]: 61078
2015-07-28 22:55:13 : Trouble finding research button, try again...
2015-07-28 22:55:14 : No free builder, Upgrade Walls skipped..
2015-07-28 22:55:31 : Training Overview Window didn't open
2015-07-28 22:55:34 : Waiting for Main Screen
2015-07-28 22:55:35 : Trying to locate Main Screen
2015-07-28 22:55:35 : Main Screen Located
2015-07-28 22:55:36 : Halt Attack, Stay Online/Collect...
2015-07-28 22:55:37 : Collecting Resources
2015-07-28 22:55:44 : Checking if Village needs Rearming..
2015-07-28 22:55:54 : Waiting for Main Screen
2015-07-28 22:55:55 : Trying to locate Main Screen
2015-07-28 22:55:55 : Main Screen Located
2015-07-28 22:55:56 : Halt Attack, Stay Online/Collect...
2015-07-28 22:55:57 : Collecting Resources
2015-07-28 22:56:05 : Checking if Village needs Rearming..
2015-07-28 22:56:14 : Waiting for Main Screen
2015-07-28 22:56:16 : Trying to locate Main Screen
2015-07-28 22:56:16 : Main Screen Located
2015-07-28 22:56:16 : Halt Attack, Stay Online/Collect...
2015-07-28 22:56:18 : Collecting Resources
2015-07-28 22:56:25 : Checking if Village needs Rearming..
2015-07-28 22:56:34 : Waiting for Main Screen
2015-07-28 22:56:36 : Trying to locate Main Screen
2015-07-28 22:56:36 : Main Screen Located
2015-07-28 22:56:37 : Halt Attack, Stay Online/Collect...
2015-07-28 22:56:38 : Collecting Resources
2015-07-28 22:56:48 : Waiting for Main Screen
2015-07-28 22:56:50 : Trying to locate Main Screen
2015-07-28 22:56:50 : Main Screen Located
2015-07-28 22:56:50 : ClashGameBot was Resumed.
2015-07-28 22:56:50 : Halt Attack, Stay Online/Collect...
2015-07-28 22:56:52 : Collecting Resources
2015-07-28 22:56:58 : Checking if Village needs Rearming..
2015-07-28 22:57:07 : Village Report
2015-07-28 22:57:07 : No. of Free/Total Builders: 0/4
2015-07-28 22:57:07 :  [T]: 1 389
2015-07-28 22:57:07 :  [G]: 2 199 146 [E]: 5 710 918 [D]: 61 080 [GEM]: 948
2015-07-28 22:57:11 : ClashGameBot was Paused!
2015-07-28 22:58:10 : ClashGameBot was Resumed.
2015-07-28 22:58:13 : Waiting for Main Screen
2015-07-28 22:58:14 : Trying to locate Main Screen
2015-07-28 22:58:14 : Main Screen Located
2015-07-28 22:58:15 : Halt Attack, Stay Online/Collect...
2015-07-28 22:58:17 : Collecting Resources
2015-07-28 22:58:24 : Checking if Village needs Rearming..
2015-07-28 22:58:32 : Village Report
2015-07-28 22:58:32 : No. of Free/Total Builders: 0/4
2015-07-28 22:58:32 :  [T]: 1 389
2015-07-28 22:58:32 :  [G]: 2 199 146 [E]: 5 710 918 [D]: 61 082 [GEM]: 948
2015-07-28 22:58:37 : Checking Troop Upgrade in Laboratory ...
2015-07-28 22:58:37 : Updating village values [E]: 5710918 [D]: 61082
2015-07-28 22:58:39 : Trouble finding research button, try again...
2015-07-28 22:58:40 : No free builder, Upgrade Walls skipped..
2015-07-28 22:58:57 : Waiting for Main Screen
2015-07-28 22:59:01 : Trying to locate Main Screen
2015-07-28 22:59:01 : Main Screen Located
2015-07-28 22:59:02 : Halt Attack, Stay Online/Collect...
2015-07-28 22:59:03 : Collecting Resources
2015-07-28 22:59:10 : Checking if Village needs Rearming..
2015-07-28 22:59:18 : Village Report
2015-07-28 22:59:18 : Cannot get Free/Total Builders
2015-07-28 22:59:18 : No. of Free/Total Builders: 0/0
2015-07-28 22:59:18 :  [T]: 1 389
2015-07-28 22:59:18 :  [G]: 2 199 146 [E]: 5 710 918 [D]: 61 082 [GEM]: 948
2015-07-28 22:59:23 : Checking Troop Upgrade in Laboratory ...
2015-07-28 22:59:23 : Updating village values [E]: 5710918 [D]: 61082
2015-07-28 22:59:25 : Trouble finding research button, try again...
2015-07-28 22:59:26 : No free builder, Upgrade Walls skipped..
2015-07-28 22:59:44 : Waiting for Main Screen
2015-07-28 22:59:47 : Trying to locate Main Screen
2015-07-28 22:59:47 : Main Screen Located
2015-07-28 22:59:48 : Halt Attack, Stay Online/Collect...
2015-07-28 22:59:50 : Collecting Resources
2015-07-28 22:59:56 : Checking if Village needs Rearming..
2015-07-28 23:00:05 : Village Report
2015-07-28 23:00:05 : Cannot get Free/Total Builders
2015-07-28 23:00:05 : No. of Free/Total Builders: 0/0
2015-07-28 23:00:05 :  [T]: 1 389
2015-07-28 23:00:05 :  [G]: 2 199 146 [E]: 5 710 918 [D]: 61 082 [GEM]: 948
2015-07-28 23:00:11 : Checking Troop Upgrade in Laboratory ...
2015-07-28 23:00:11 : Updating village values [E]: 5710918 [D]: 61082
2015-07-28 23:00:12 : Trouble finding research button, try again...
2015-07-28 23:00:13 : No free builder, Upgrade Walls skipped..
2015-07-28 23:00:30 : Time Idle: 00:00:14
2015-07-28 23:00:45 : Time Idle: 00:00:28
2015-07-28 23:01:00 : Time Idle: 00:00:43
2015-07-28 23:01:14 : Time Idle: 00:00:57
2015-07-28 23:01:29 : Waiting for Main Screen
2015-07-28 23:01:33 : Trying to locate Main Screen
2015-07-28 23:01:33 : Main Screen Located
2015-07-28 23:01:33 : Halt Attack, Stay Online/Collect...
2015-07-28 23:01:35 : Collecting Resources
2015-07-28 23:01:42 : Checking if Village needs Rearming..
2015-07-28 23:01:51 : Village Report
2015-07-28 23:01:51 : Cannot get Free/Total Builders
2015-07-28 23:01:51 : No. of Free/Total Builders: 0/0
2015-07-28 23:01:51 :  [T]: 1 389
2015-07-28 23:01:51 :  [G]: 2 200 388 [E]: 5 712 146 [D]: 61 086 [GEM]: 948
2015-07-28 23:01:56 : Checking Troop Upgrade in Laboratory ...
2015-07-28 23:01:56 : Updating village values [E]: 5712146 [D]: 61086
2015-07-28 23:01:58 : Trouble finding research button, try again...
2015-07-28 23:01:58 : No free builder, Upgrade Walls skipped..
2015-07-28 23:02:16 : Time Idle: 00:00:14
2015-07-28 23:02:31 : Waiting for Main Screen
2015-07-28 23:02:34 : Trying to locate Main Screen
2015-07-28 23:02:34 : Main Screen Located
2015-07-28 23:02:35 : Halt Attack, Stay Online/Collect...
2015-07-28 23:02:37 : Collecting Resources
2015-07-28 23:03:04 : Checking if Village needs Rearming..
