2015-08-01 23:30:29 : ~ Clash Game Bot v4.1MODS Powered by GameBot.org ~
2015-08-01 23:30:29 : GameBot.org.exe Executable running on WIN_7  X64
2015-08-01 23:30:29 : =================== Bot Start ====================
2015-08-01 23:30:29 : -------------------------  Current Profile: 01 --------------------------
2015-08-01 23:30:29 : Trying to locate Main Screen
2015-08-01 23:30:29 : Main Screen Located
2015-08-01 23:30:30 : Detecting your Buildings..
2015-08-01 23:30:35 : Language setting is English: Correct.
2015-08-01 23:30:36 : Trying to locate Main Screen
2015-08-01 23:30:36 : Main Screen Located
2015-08-01 23:30:37 : Collecting Resources
2015-08-01 23:30:44 : Checking if Village needs Rearming..
2015-08-01 23:30:52 : Village Report
2015-08-01 23:30:52 : No. of Free/Total Builders: 0/4
2015-08-01 23:30:52 :  [T]: 1 634
2015-08-01 23:30:52 :  [G]: 5 544 416 [E]: 4 252 972 [D]: 60 347 [GEM]: 954
2015-08-01 23:30:55 : Chat Request: n importe pr la nuit merci
2015-08-01 23:30:57 : Checking Army Camp...
2015-08-01 23:30:59 : Total Army Camp capacity: 69/200
2015-08-01 23:31:00 :  - No. of Archers: 69
2015-08-01 23:31:00 : Barracks and Spell factory status: 
2015-08-01 23:31:00 : - Barracks detected: 4 | Available: 3 | Upgrading: 1
2015-08-01 23:31:00 : - Dark Barracks detected: 2 | Available: 2 | Upgrading: 0
2015-08-01 23:31:00 : - Spell factory detected: 1 | Available: 1 | Upgrading: 0
2015-08-01 23:31:00 : - Dark Spell factory detected: 1 | Available: 0 | Upgrading: 1
2015-08-01 23:31:00 : Training Troops...
2015-08-01 23:31:23 : Requesting Clan Castle Troops
2015-08-01 23:31:24 : Your Clan Castle is already full or you are not in a clan.
2015-08-01 23:31:25 :  ====== Unbreakable Mode enabled! ====== 
2015-08-01 23:31:25 : Oops, wait for 70% troops filled
2015-08-01 23:31:26 : Trying to locate Main Screen
2015-08-01 23:31:26 : Main Screen Located
2015-08-01 23:31:26 : ClashGameBot was Paused!
2015-08-01 23:31:43 : ClashGameBot was Resumed.
2015-08-01 23:31:44 : Collecting Resources
2015-08-01 23:31:51 : Checking if Village needs Rearming..
2015-08-01 23:31:56 : ClashGameBot was Paused!
2015-08-01 23:32:28 : ClashGameBot was Resumed.
2015-08-01 23:32:32 : Village Report
2015-08-01 23:32:32 : No. of Free/Total Builders: 0/4
2015-08-01 23:32:32 :  [T]: 1 634
2015-08-01 23:32:32 :  [G]: 5 544 416 [E]: 4 173 983 [D]: 60 349 [GEM]: 954
2015-08-01 23:32:36 : Checking Army Camp...
2015-08-01 23:32:38 : Total Army Camp capacity: 66/200
2015-08-01 23:32:39 :  - No. of Archers: 66
2015-08-01 23:32:39 : Training Troops...
2015-08-01 23:32:49 : Requesting Clan Castle Troops
2015-08-01 23:32:49 : Your Clan Castle is already full or you are not in a clan.
2015-08-01 23:32:51 :  ====== Unbreakable Mode enabled! ====== 
2015-08-01 23:32:51 : Oops, wait for 70% troops filled
2015-08-01 23:32:52 : Trying to locate Main Screen
2015-08-01 23:32:52 : Main Screen Located
2015-08-01 23:32:53 : Collecting Resources
2015-08-01 23:33:00 : Checking if Village needs Rearming..
2015-08-01 23:33:05 : ClashGameBot was Paused!
2015-08-01 23:33:25 : ClashGameBot was Resumed.
2015-08-01 23:33:29 : Village Report
2015-08-01 23:33:29 : No. of Free/Total Builders: 0/4
2015-08-01 23:33:29 :  [T]: 1 634
2015-08-01 23:33:29 :  [G]: 5 544 416 [E]: 4 173 713 [D]: 60 351 [GEM]: 954
2015-08-01 23:33:30 : ClashGameBot was Paused!
2015-08-01 23:33:46 : ClashGameBot was Resumed.
2015-08-01 23:33:49 : Checking Army Camp...
2015-08-01 23:33:51 : Total Army Camp capacity: 63/200
2015-08-01 23:33:52 :  - No. of Archers: 63
2015-08-01 23:33:52 : Training Troops...
2015-08-01 23:34:01 : Requesting Clan Castle Troops
2015-08-01 23:34:02 : Your Clan Castle is already full or you are not in a clan.
2015-08-01 23:34:03 :  ====== Unbreakable Mode enabled! ====== 
2015-08-01 23:34:03 : Oops, wait for 70% troops filled
2015-08-01 23:34:04 : Trying to locate Main Screen
2015-08-01 23:34:04 : Main Screen Located
2015-08-01 23:34:05 : Collecting Resources
2015-08-01 23:34:13 : Checking if Village needs Rearming..
2015-08-01 23:34:21 : Village Report
2015-08-01 23:34:21 : No. of Free/Total Builders: 0/4
2015-08-01 23:34:21 :  [T]: 1 634
2015-08-01 23:34:21 :  [G]: 5 544 905 [E]: 4 175 073 [D]: 60 353 [GEM]: 954
2015-08-01 23:34:25 : Checking Army Camp...
2015-08-01 23:34:26 : Total Army Camp capacity: 67/200
2015-08-01 23:34:27 :  - No. of Archers: 67
2015-08-01 23:34:27 : Training Troops...
2015-08-01 23:34:36 : Requesting Clan Castle Troops
2015-08-01 23:34:36 : Your Clan Castle is already full or you are not in a clan.
2015-08-01 23:34:38 :  ====== Unbreakable Mode enabled! ====== 
2015-08-01 23:34:38 : Oops, wait for 70% troops filled
2015-08-01 23:34:39 : Trying to locate Main Screen
2015-08-01 23:34:39 : Main Screen Located
2015-08-01 23:34:40 : Collecting Resources
2015-08-01 23:34:46 : ClashGameBot was Paused!
2015-08-01 23:37:06 : ClashGameBot was Resumed.
2015-08-01 23:37:07 : Checking if Village needs Rearming..
2015-08-01 23:37:15 : Village Report
2015-08-01 23:37:15 : No. of Free/Total Builders: 0/4
2015-08-01 23:37:15 :  [T]: 1 634
2015-08-01 23:37:15 :  [G]: 5 544 905 [E]: 4 175 073 [D]: 60 353 [GEM]: 954
2015-08-01 23:37:18 : Checking Army Camp...
2015-08-01 23:37:20 : Total Army Camp capacity: 87/200
2015-08-01 23:37:21 :  - No. of Archers: 87
2015-08-01 23:37:21 : Training Troops...
2015-08-01 23:37:30 : Requesting Clan Castle Troops
2015-08-01 23:37:30 : Your Clan Castle is already full or you are not in a clan.
2015-08-01 23:37:31 :  ====== Unbreakable Mode enabled! ====== 
2015-08-01 23:37:31 : Oops, wait for 70% troops filled
2015-08-01 23:37:33 : Trying to locate Main Screen
2015-08-01 23:37:33 : Main Screen Located
2015-08-01 23:37:34 : Collecting Resources
2015-08-01 23:37:42 : Checking if Village needs Rearming..
2015-08-01 23:37:50 : Village Report
2015-08-01 23:37:50 : No. of Free/Total Builders: 0/4
2015-08-01 23:37:50 :  [T]: 1 634
2015-08-01 23:37:50 :  [G]: 5 547 947 [E]: 4 175 495 [D]: 60 361 [GEM]: 954
2015-08-01 23:37:54 : Checking Army Camp...
2015-08-01 23:37:56 : Total Army Camp capacity: 92/200
2015-08-01 23:37:57 :  - No. of Archers: 92
2015-08-01 23:37:57 : Training Troops...
2015-08-01 23:38:05 : Requesting Clan Castle Troops
2015-08-01 23:38:06 : Your Clan Castle is already full or you are not in a clan.
2015-08-01 23:38:07 :  ====== Unbreakable Mode enabled! ====== 
2015-08-01 23:38:07 : Oops, wait for 70% troops filled
2015-08-01 23:38:08 : Trying to locate Main Screen
2015-08-01 23:38:08 : Main Screen Located
2015-08-01 23:38:09 : Collecting Resources
2015-08-01 23:38:17 : Checking if Village needs Rearming..
2015-08-01 23:38:25 : Village Report
2015-08-01 23:38:25 : No. of Free/Total Builders: 0/4
2015-08-01 23:38:25 :  [T]: 1 634
2015-08-01 23:38:25 :  [G]: 5 547 947 [E]: 4 176 498 [D]: 60 361 [GEM]: 954
2015-08-01 23:38:29 : Checking Army Camp...
2015-08-01 23:38:31 : Total Army Camp capacity: 96/200
2015-08-01 23:38:31 :  - No. of Archers: 96
2015-08-01 23:38:32 : Training Troops...
2015-08-01 23:38:40 : Requesting Clan Castle Troops
2015-08-01 23:38:41 : Your Clan Castle is already full or you are not in a clan.
2015-08-01 23:38:42 :  ====== Unbreakable Mode enabled! ====== 
2015-08-01 23:38:42 : Oops, wait for 70% troops filled
2015-08-01 23:38:43 : Trying to locate Main Screen
2015-08-01 23:38:43 : Main Screen Located
2015-08-01 23:38:44 : Collecting Resources
2015-08-01 23:38:51 : Checking if Village needs Rearming..
2015-08-01 23:38:59 : Village Report
2015-08-01 23:38:59 : No. of Free/Total Builders: 0/4
2015-08-01 23:38:59 :  [T]: 1 634
2015-08-01 23:38:59 :  [G]: 5 547 947 [E]: 4 176 498 [D]: 60 363 [GEM]: 954
2015-08-01 23:39:03 : Checking Army Camp...
2015-08-01 23:39:05 : Total Army Camp capacity: 100/200
2015-08-01 23:39:05 :  - No. of Archers: 100
2015-08-01 23:39:06 : Training Troops...
2015-08-01 23:39:14 : Requesting Clan Castle Troops
2015-08-01 23:39:15 : Your Clan Castle is already full or you are not in a clan.
2015-08-01 23:39:16 :  ====== Unbreakable Mode enabled! ====== 
2015-08-01 23:39:16 : Oops, wait for 70% troops filled
2015-08-01 23:39:17 : Trying to locate Main Screen
2015-08-01 23:39:17 : Main Screen Located
2015-08-01 23:39:18 : Collecting Resources
2015-08-01 23:39:25 : Checking if Village needs Rearming..
2015-08-01 23:39:33 : Village Report
2015-08-01 23:39:33 : No. of Free/Total Builders: 0/4
2015-08-01 23:39:33 :  [T]: 1 634
2015-08-01 23:39:33 :  [G]: 5 548 374 [E]: 4 176 498 [D]: 60 363 [GEM]: 954
2015-08-01 23:39:37 : Checking Army Camp...
2015-08-01 23:39:38 : Total Army Camp capacity: 104/200
2015-08-01 23:39:39 :  - No. of Archers: 104
2015-08-01 23:39:40 : Training Troops...
2015-08-01 23:39:48 : Requesting Clan Castle Troops
2015-08-01 23:39:49 : Your Clan Castle is already full or you are not in a clan.
2015-08-01 23:39:50 :  ====== Unbreakable Mode enabled! ====== 
2015-08-01 23:39:50 : Oops, wait for 70% troops filled
2015-08-01 23:39:51 : Trying to locate Main Screen
2015-08-01 23:39:51 : Main Screen Located
2015-08-01 23:39:52 : Collecting Resources
2015-08-01 23:39:59 : Checking if Village needs Rearming..
2015-08-01 23:40:07 : Village Report
2015-08-01 23:40:07 : No. of Free/Total Builders: 0/4
2015-08-01 23:40:07 :  [T]: 1 634
2015-08-01 23:40:07 :  [G]: 5 548 374 [E]: 4 176 498 [D]: 60 365 [GEM]: 954
2015-08-01 23:40:11 : Checking Army Camp...
2015-08-01 23:40:13 : Total Army Camp capacity: 108/200
2015-08-01 23:40:13 :  - No. of Archers: 108
2015-08-01 23:40:14 : Training Troops...
2015-08-01 23:40:22 : Requesting Clan Castle Troops
2015-08-01 23:40:23 : Your Clan Castle is already full or you are not in a clan.
2015-08-01 23:40:24 :  ====== Unbreakable Mode enabled! ====== 
2015-08-01 23:40:24 : Oops, wait for 70% troops filled
2015-08-01 23:40:25 : Trying to locate Main Screen
2015-08-01 23:40:25 : Main Screen Located
2015-08-01 23:40:26 : Collecting Resources
2015-08-01 23:40:33 : Checking if Village needs Rearming..
2015-08-01 23:40:41 : Village Report
2015-08-01 23:40:41 : No. of Free/Total Builders: 0/4
2015-08-01 23:40:41 :  [T]: 1 634
2015-08-01 23:40:41 :  [G]: 5 548 374 [E]: 4 176 498 [D]: 60 365 [GEM]: 954
2015-08-01 23:40:44 : Checking Army Camp...
2015-08-01 23:40:46 : Total Army Camp capacity: 112/200
2015-08-01 23:40:47 :  - No. of Archers: 112
2015-08-01 23:40:48 : Training Troops...
2015-08-01 23:40:56 : Requesting Clan Castle Troops
2015-08-01 23:40:57 : Your Clan Castle is already full or you are not in a clan.
2015-08-01 23:40:58 :  ====== Unbreakable Mode enabled! ====== 
2015-08-01 23:40:58 : Oops, wait for 70% troops filled
2015-08-01 23:40:59 : Trying to locate Main Screen
2015-08-01 23:40:59 : Main Screen Located
2015-08-01 23:41:00 : Collecting Resources
2015-08-01 23:41:07 : Checking if Village needs Rearming..
2015-08-01 23:41:15 : Village Report
2015-08-01 23:41:15 : No. of Free/Total Builders: 0/4
2015-08-01 23:41:15 :  [T]: 1 634
2015-08-01 23:41:15 :  [G]: 5 548 374 [E]: 4 176 498 [D]: 60 367 [GEM]: 954
2015-08-01 23:41:19 : Checking Army Camp...
2015-08-01 23:41:21 : Total Army Camp capacity: 116/200
2015-08-01 23:41:22 :  - No. of Archers: 117
2015-08-01 23:41:22 : Training Troops...
2015-08-01 23:41:30 : Requesting Clan Castle Troops
2015-08-01 23:41:31 : Your Clan Castle is already full or you are not in a clan.
2015-08-01 23:41:32 :  ====== Unbreakable Mode enabled! ====== 
2015-08-01 23:41:32 : Oops, wait for 70% troops filled
2015-08-01 23:41:33 : Trying to locate Main Screen
2015-08-01 23:41:33 : Main Screen Located
2015-08-01 23:41:34 : Collecting Resources
2015-08-01 23:41:41 : Checking if Village needs Rearming..
2015-08-01 23:41:49 : Village Report
2015-08-01 23:41:49 : No. of Free/Total Builders: 0/4
2015-08-01 23:41:49 :  [T]: 1 634
2015-08-01 23:41:49 :  [G]: 5 548 374 [E]: 4 176 498 [D]: 60 367 [GEM]: 954
2015-08-01 23:41:53 : Checking Army Camp...
2015-08-01 23:41:55 : Total Army Camp capacity: 120/200
2015-08-01 23:41:56 :  - No. of Archers: 10
2015-08-01 23:41:56 : Training Troops...
2015-08-01 23:42:04 : Requesting Clan Castle Troops
2015-08-01 23:42:05 : Your Clan Castle is already full or you are not in a clan.
2015-08-01 23:42:06 :  ====== Unbreakable Mode enabled! ====== 
2015-08-01 23:42:06 : Oops, wait for 70% troops filled
2015-08-01 23:42:07 : Trying to locate Main Screen
2015-08-01 23:42:07 : Main Screen Located
2015-08-01 23:42:08 : Collecting Resources
2015-08-01 23:42:16 : Checking if Village needs Rearming..
2015-08-01 23:42:24 : Village Report
2015-08-01 23:42:24 : No. of Free/Total Builders: 0/4
2015-08-01 23:42:24 :  [T]: 1 634
2015-08-01 23:42:25 :  [G]: 5 548 374 [E]: 4 177 833 [D]: 60 369 [GEM]: 954
2015-08-01 23:42:28 : Checking Army Camp...
2015-08-01 23:42:30 : Total Army Camp capacity: 124/200
2015-08-01 23:42:31 :  - No. of Archers: 125
2015-08-01 23:42:31 : Training Troops...
2015-08-01 23:42:40 : Requesting Clan Castle Troops
2015-08-01 23:42:41 : Your Clan Castle is already full or you are not in a clan.
2015-08-01 23:42:42 :  ====== Unbreakable Mode enabled! ====== 
2015-08-01 23:42:42 : Oops, wait for 70% troops filled
2015-08-01 23:42:43 : Trying to locate Main Screen
2015-08-01 23:42:43 : Main Screen Located
2015-08-01 23:42:44 : Collecting Resources
2015-08-01 23:42:52 : Checking if Village needs Rearming..
2015-08-01 23:43:00 : Village Report
2015-08-01 23:43:00 : No. of Free/Total Builders: 0/4
2015-08-01 23:43:00 :  [T]: 1 634
2015-08-01 23:43:00 :  [G]: 5 550 597 [E]: 4 177 533 [D]: 60 369 [GEM]: 954
2015-08-01 23:43:04 : Checking Army Camp...
2015-08-01 23:43:06 : Total Army Camp capacity: 130/200
2015-08-01 23:43:07 :  - No. of Barbarians: 4
2015-08-01 23:43:07 :  - No. of Archers: 126
2015-08-01 23:43:07 : Training Troops...
2015-08-01 23:43:16 : Requesting Clan Castle Troops
2015-08-01 23:43:16 : Your Clan Castle is already full or you are not in a clan.
2015-08-01 23:43:18 :  ====== Unbreakable Mode enabled! ====== 
2015-08-01 23:43:18 : Oops, wait for 70% troops filled
2015-08-01 23:43:19 : Trying to locate Main Screen
2015-08-01 23:43:19 : Main Screen Located
2015-08-01 23:43:20 : Collecting Resources
2015-08-01 23:43:27 : Checking if Village needs Rearming..
2015-08-01 23:43:35 : Village Report
2015-08-01 23:43:35 : No. of Free/Total Builders: 0/4
2015-08-01 23:43:35 :  [T]: 1 634
2015-08-01 23:43:35 :  [G]: 5 550 597 [E]: 4 177 533 [D]: 60 371 [GEM]: 954
2015-08-01 23:43:38 : Checking Army Camp...
2015-08-01 23:43:40 : Total Army Camp capacity: 135/200
2015-08-01 23:43:41 :  - No. of Barbarians: 9
2015-08-01 23:43:41 :  - No. of Archers: 126
2015-08-01 23:43:41 : Training Troops...
2015-08-01 23:43:50 : Requesting Clan Castle Troops
2015-08-01 23:43:51 : Your Clan Castle is already full or you are not in a clan.
2015-08-01 23:43:52 :  ====== Unbreakable Mode enabled! ====== 
2015-08-01 23:43:52 : Oops, wait for 70% troops filled
2015-08-01 23:43:53 : Trying to locate Main Screen
2015-08-01 23:43:53 : Main Screen Located
2015-08-01 23:43:54 : Collecting Resources
2015-08-01 23:44:01 : Checking if Village needs Rearming..
2015-08-01 23:44:09 : Village Report
2015-08-01 23:44:09 : No. of Free/Total Builders: 0/4
2015-08-01 23:44:09 :  [T]: 1 634
2015-08-01 23:44:09 :  [G]: 5 550 597 [E]: 4 177 533 [D]: 60 371 [GEM]: 954
2015-08-01 23:44:13 : Checking Army Camp...
2015-08-01 23:44:15 : Total Army Camp capacity: 140/200
2015-08-01 23:44:16 :  - No. of Barbarians: 14
2015-08-01 23:44:16 :  - No. of Archers: 126
2015-08-01 23:44:16 : Training Troops...
2015-08-01 23:44:25 : Requesting Clan Castle Troops
2015-08-01 23:44:25 : Your Clan Castle is already full or you are not in a clan.
2015-08-01 23:44:27 :  ====== Unbreakable Mode enabled! ====== 
2015-08-01 23:44:27 : Oops, wait for 70% troops filled
2015-08-01 23:44:28 : Trying to locate Main Screen
2015-08-01 23:44:28 : Main Screen Located
2015-08-01 23:44:29 : Collecting Resources
2015-08-01 23:44:36 : Checking if Village needs Rearming..
2015-08-01 23:44:43 : Pushbullet: removed 3 messages older than 6 h 
2015-08-01 23:44:46 : Village Report
2015-08-01 23:44:46 : No. of Free/Total Builders: 0/4
2015-08-01 23:44:46 :  [T]: 1 634
2015-08-01 23:44:46 :  [G]: 5 551 026 [E]: 4 177 533 [D]: 60 373 [GEM]: 954
2015-08-01 23:44:50 : Checking Army Camp...
2015-08-01 23:44:52 : Total Army Camp capacity: 146/200
2015-08-01 23:44:52 :  - No. of Barbarians: 20
2015-08-01 23:44:53 :  - No. of Archers: 126
2015-08-01 23:44:53 : Training Troops...
2015-08-01 23:45:02 : Requesting Clan Castle Troops
2015-08-01 23:45:02 : Your Clan Castle is already full or you are not in a clan.
2015-08-01 23:45:04 :  ====== Unbreakable Mode enabled! ====== 
2015-08-01 23:45:04 : Oops, Out of Dark Elxir - back to farming
2015-08-01 23:45:04 : Checking Troop Upgrade in Laboratory ...
2015-08-01 23:45:04 : Updating village values [E]: 4177533 [D]: 60373
2015-08-01 23:45:06 : Insufficent Elixir for Pekka, Lab requires: 6000000 + 250000 user reserve
2015-08-01 23:45:09 : Finished kicking
2015-08-01 23:45:10 : ====== Waiting for full army ======
2015-08-01 23:45:11 : Chat Request: poubelle mrc d avance
2015-08-01 23:45:11 : Archers Keyword found: poubelle
2015-08-01 23:45:11 : Donating Archers
2015-08-01 23:45:25 : Checking Army Camp...
2015-08-01 23:45:27 : Total Army Camp capacity: 145/200
2015-08-01 23:45:28 :  - No. of Barbarians: 25
2015-08-01 23:45:28 :  - No. of Archers: 10
2015-08-01 23:45:28 : Training Troops...
2015-08-01 23:45:35 : Time Idle: 00:00:25
2015-08-01 23:45:35 : ====== Waiting for full army ======
2015-08-01 23:45:47 : Checking Army Camp...
2015-08-01 23:45:49 : Total Army Camp capacity: 148/200
2015-08-01 23:45:50 :  - No. of Barbarians: 28
2015-08-01 23:45:50 :  - No. of Archers: 10
2015-08-01 23:45:51 : Training Troops...
2015-08-01 23:45:58 : Time Idle: 00:00:48
2015-08-01 23:45:58 : ====== Waiting for full army ======
2015-08-01 23:46:10 : Checking Army Camp...
2015-08-01 23:46:12 : Total Army Camp capacity: 152/200
2015-08-01 23:46:13 :  - No. of Barbarians: 32
2015-08-01 23:46:13 :  - No. of Archers: 10
2015-08-01 23:46:14 : Training Troops...
2015-08-01 23:46:21 : Time Idle: 00:01:10
2015-08-01 23:46:21 : ====== Waiting for full army ======
2015-08-01 23:46:33 : Checking Army Camp...
2015-08-01 23:46:35 : Total Army Camp capacity: 155/200
2015-08-01 23:46:36 :  - No. of Barbarians: 35
2015-08-01 23:46:36 :  - No. of Archers: 10
2015-08-01 23:46:36 : Training Troops...
2015-08-01 23:46:44 : Time Idle: 00:01:33
2015-08-01 23:46:44 : ====== Waiting for full army ======
2015-08-01 23:46:56 : Checking Army Camp...
2015-08-01 23:46:58 : Total Army Camp capacity: 159/200
2015-08-01 23:46:59 :  - No. of Barbarians: 39
2015-08-01 23:46:59 :  - No. of Archers: 10
2015-08-01 23:46:59 : Training Troops...
2015-08-01 23:47:07 : Time Idle: 00:01:56
2015-08-01 23:47:07 : ====== Waiting for full army ======
2015-08-01 23:47:19 : Collecting Resources
2015-08-01 23:47:26 : Checking Army Camp...
2015-08-01 23:47:28 : Total Army Camp capacity: 163/200
2015-08-01 23:47:29 :  - No. of Barbarians: 43
2015-08-01 23:47:29 :  - No. of Archers: 10
2015-08-01 23:47:29 : Training Troops...
2015-08-01 23:47:37 : Time Idle: 00:02:25
2015-08-01 23:47:37 : ====== Waiting for full army ======
2015-08-01 23:47:49 : Checking Army Camp...
2015-08-01 23:47:51 : Total Army Camp capacity: 166/200
2015-08-01 23:47:52 :  - No. of Barbarians: 46
2015-08-01 23:47:52 :  - No. of Archers: 10
2015-08-01 23:47:52 : Training Troops...
2015-08-01 23:47:59 : Time Idle: 00:02:47
2015-08-01 23:47:59 : ====== Waiting for full army ======
2015-08-01 23:48:11 : Checking Army Camp...
2015-08-01 23:48:13 : Total Army Camp capacity: 170/200
2015-08-01 23:48:14 :  - No. of Barbarians: 50
2015-08-01 23:48:14 :  - No. of Archers: 10
2015-08-01 23:48:15 : Training Troops...
2015-08-01 23:48:22 : Time Idle: 00:03:09
2015-08-01 23:48:22 : ====== Waiting for full army ======
2015-08-01 23:48:34 : Checking Army Camp...
2015-08-01 23:48:36 : Total Army Camp capacity: 173/200
2015-08-01 23:48:36 :  - No. of Barbarians: 53
2015-08-01 23:48:37 :  - No. of Archers: 10
2015-08-01 23:48:37 : Training Troops...
2015-08-01 23:48:44 : Time Idle: 00:03:32
2015-08-01 23:48:44 : ====== Waiting for full army ======
2015-08-01 23:48:56 : Checking Army Camp...
2015-08-01 23:48:58 : Total Army Camp capacity: 177/200
2015-08-01 23:48:59 :  - No. of Barbarians: 57
2015-08-01 23:48:59 :  - No. of Archers: 10
2015-08-01 23:49:00 : Training Troops...
2015-08-01 23:49:07 : Time Idle: 00:03:54
2015-08-01 23:49:07 : ====== Waiting for full army ======
2015-08-01 23:49:19 : Checking Army Camp...
2015-08-01 23:49:21 : Total Army Camp capacity: 180/200
2015-08-01 23:49:22 :  - No. of Barbarians: 60
2015-08-01 23:49:22 :  - No. of Archers: 10
2015-08-01 23:49:22 : Training Troops...
2015-08-01 23:49:30 : Time Idle: 00:04:17
2015-08-01 23:49:30 : ====== Waiting for full army ======
2015-08-01 23:49:42 : Checking Army Camp...
2015-08-01 23:49:44 : Total Army Camp capacity: 183/200
2015-08-01 23:49:45 :  - No. of Barbarians: 63
2015-08-01 23:49:45 :  - No. of Archers: 10
2015-08-01 23:49:45 : Training Troops...
2015-08-01 23:49:53 : Time Idle: 00:04:39
2015-08-01 23:49:53 : ====== Waiting for full army ======
2015-08-01 23:50:05 : Checking Army Camp...
2015-08-01 23:50:07 : Total Army Camp capacity: 187/200
2015-08-01 23:50:08 :  - No. of Barbarians: 67
2015-08-01 23:50:08 :  - No. of Archers: 10
2015-08-01 23:50:08 : Training Troops...
2015-08-01 23:50:16 : Time Idle: 00:05:02
2015-08-01 23:50:16 : ====== Waiting for full army ======
2015-08-01 23:50:28 : Checking Army Camp...
2015-08-01 23:50:30 : Total Army Camp capacity: 190/200
2015-08-01 23:50:30 :  - No. of Barbarians: 70
2015-08-01 23:50:31 :  - No. of Archers: 10
2015-08-01 23:50:31 : Training Troops...
2015-08-01 23:50:38 : Time Idle: 00:05:24
2015-08-01 23:50:38 : ====== Waiting for full army ======
2015-08-01 23:50:50 : Checking Army Camp...
2015-08-01 23:50:52 : Total Army Camp capacity: 193/200
2015-08-01 23:50:53 :  - No. of Barbarians: 74
2015-08-01 23:50:53 :  - No. of Archers: 10
2015-08-01 23:50:53 : Training Troops...
2015-08-01 23:51:01 : Time Idle: 00:05:46
2015-08-01 23:51:01 : ====== Waiting for full army ======
2015-08-01 23:51:13 : Checking Army Camp...
2015-08-01 23:51:15 : Total Army Camp capacity: 197/200
2015-08-01 23:51:16 :  - No. of Barbarians: 77
2015-08-01 23:51:16 :  - No. of Archers: 10
2015-08-01 23:51:16 : Training Troops...
2015-08-01 23:51:23 : Time Idle: 00:06:09
2015-08-01 23:51:23 : ====== Waiting for full army ======
2015-08-01 23:51:35 : Collecting Resources
2015-08-01 23:51:44 : Checking Army Camp...
2015-08-01 23:51:46 : Total Army Camp capacity: 200/200
2015-08-01 23:51:47 :  - No. of Barbarians: 80
2015-08-01 23:51:47 :  - No. of Archers: 10
2015-08-01 23:51:47 : Training Troops...
2015-08-01 23:51:48 : Your Army Camps are now Full
2015-08-01 23:52:07 : Going to Attack...
2015-08-01 23:52:13 : ============== Searching For Dead Base ===============
2015-08-01 23:52:13 : ~~~~~~~~~~~~~~~ SEARCH CONDITIONS ~~~~~~~~~~~~~~~~
2015-08-01 23:52:13 : Meet: Gold and Elixir
2015-08-01 23:52:13 : ~~~~~~~~~~~~~~ RESOURCE CONDITIONS ~~~~~~~~~~~~~~~
2015-08-01 23:52:13 : Aim: [G]: 200000 [E]: 200000 [D]:    0 [T]: 0 for: Dead Base
2015-08-01 23:52:13 : ~~~~~~~~~~~~~~~ ADVANCED SETTINGS ~~~~~~~~~~~~~~~~
2015-08-01 23:52:13 : THSnipe Combo, 1 Tile(s), AttackTH, Attack3:GBarch
2015-08-01 23:52:13 : ==================================================
2015-08-01 23:52:15 :   1> [G]: 179237 [E]:  60417 [D]:  513 [T]:16 [TH]: 9, In
2015-08-01 23:52:17 :   2> [G]: 180378 [E]:   6770 [D]:  515 [T]:21 [TH]: 7, In
2015-08-01 23:52:24 :   3> [G]: 402845 [E]: 391872 [D]:  780 [T]:34 [TH]: 8, In
2015-08-01 23:52:24 : ~~~~~~~~~~~~~~~~ Dead Base Found! ~~~~~~~~~~~~~~~~
2015-08-01 23:52:25 : ================ Search Complete =================
2015-08-01 23:52:26 : Initiating attack for: Dead Base
2015-08-01 23:52:28 : -Barbarians 80
2015-08-01 23:52:28 : -Archers 120
2015-08-01 23:52:28 : -Clan Castle 
2015-08-01 23:52:28 : -Lightning Spells 3
2015-08-01 23:52:28 : -Poison Spells 1
2015-08-01 23:52:28 :  ====== Start Attack ====== 
2015-08-01 23:52:30 : Calculating Smart Attack Strategy
2015-08-01 23:52:31 : Calculated  (in 0.77 seconds) :
2015-08-01 23:52:31 : Locating Mines, Collectors & Drills
2015-08-01 23:52:33 : Located  (in 1.91 seconds) :
2015-08-01 23:52:33 : [6] Gold Mines
2015-08-01 23:52:33 : [6] Elixir Collectors
2015-08-01 23:52:33 : [0] Dark Elixir Drill/s
2015-08-01 23:52:33 : Four fingers Barch deployment style
2015-08-01 23:52:34 : Dropping first wave of Barbarians 80
2015-08-01 23:52:41 : Dropping first wave of Archers 120
2015-08-01 23:52:49 : Dropping last 42  of Archers
2015-08-01 23:52:53 : Dropping left over troops
2015-08-01 23:52:53 : Checking remaining unused troops for: Dead Base
2015-08-01 23:52:55 : -Clan Castle 
2015-08-01 23:52:55 : -Lightning Spells 3
2015-08-01 23:52:55 : -Poison Spells 1
2015-08-01 23:53:03 : Checking remaining unused troops for: Dead Base
2015-08-01 23:53:06 : -Clan Castle 
2015-08-01 23:53:06 : -Lightning Spells 3
2015-08-01 23:53:06 : -Poison Spells 1
2015-08-01 23:53:15 : Finished Attacking, waiting for the battle to end
2015-08-01 23:53:15 : Checking if the battle has finished
2015-08-01 23:53:17 : detected [G]: 143095 [E]: 108720 [DE]: 192 |  Exit in 18 sec.
2015-08-01 23:53:17 : Gold & Elixir & DE change detected, waiting...
2015-08-01 23:53:20 : detected [G]: 143095 [E]: 87602 [DE]: 192 |  Exit in 18 sec.
2015-08-01 23:53:20 : Gold & Elixir & DE change detected, waiting...
2015-08-01 23:53:24 : detected [G]: 143095 [E]: 65994 [DE]: 192 |  Exit in 18 sec.
2015-08-01 23:53:24 : Gold & Elixir & DE change detected, waiting...
2015-08-01 23:53:27 : detected [G]: 138384 [E]: 55629 [DE]: 192 |  Exit in 18 sec.
2015-08-01 23:53:27 : Gold & Elixir & DE change detected, waiting...
2015-08-01 23:53:31 : detected [G]: 135019 [E]: 47337 [DE]: 192 |  Exit in 18 sec.
2015-08-01 23:53:31 : Gold & Elixir & DE change detected, waiting...
2015-08-01 23:53:34 : detected [G]: 126943 [E]: 41118 [DE]: 192 |  Exit in 18 sec.
2015-08-01 23:53:34 : Gold & Elixir & DE change detected, waiting...
2015-08-01 23:53:37 : detected [G]: 118194 [E]: 41118 [DE]: 192 |  Exit in 18 sec.
2015-08-01 23:53:37 : Gold & Elixir & DE change detected, waiting...
2015-08-01 23:53:41 : detected [G]: 108772 [E]: 41118 [DE]: 192 |  Exit in 18 sec.
2015-08-01 23:53:41 : Gold & Elixir & DE change detected, waiting...
2015-08-01 23:53:44 : detected [G]: 100023 [E]: 41118 [DE]: 192 |  Exit in 18 sec.
2015-08-01 23:53:44 : Gold & Elixir & DE change detected, waiting...
2015-08-01 23:53:48 : detected [G]: 91947 [E]: 41118 [DE]: 192 |  Exit in 18 sec.
2015-08-01 23:53:48 : Gold & Elixir & DE change detected, waiting...
2015-08-01 23:53:51 : detected [G]: 81179 [E]: 41118 [DE]: 192 |  Exit in 18 sec.
2015-08-01 23:53:51 : Gold & Elixir & DE change detected, waiting...
2015-08-01 23:53:55 : detected [G]: 73098 [E]: 41118 [DE]: 192 |  Exit in 18 sec.
2015-08-01 23:53:55 : Gold & Elixir & DE change detected, waiting...
2015-08-01 23:53:58 : detected [G]: 72424 [E]: 41118 [DE]: 192 |  Exit in 18 sec.
2015-08-01 23:54:00 : detected [G]: 72424 [E]: 41118 [DE]: 192 |  Exit in 16 sec.
2015-08-01 23:54:02 : detected [G]: 72424 [E]: 41118 [DE]: 192 |  Exit in 14 sec.
2015-08-01 23:54:03 : detected [G]: 72424 [E]: 41118 [DE]: 192 |  Exit in 13 sec.
2015-08-01 23:54:05 : detected [G]: 72424 [E]: 41118 [DE]: 192 |  Exit in 11 sec.
2015-08-01 23:54:07 : detected [G]: 72424 [E]: 41118 [DE]: 192 |  Exit in  9 sec.
2015-08-01 23:54:09 : detected [G]: 72424 [E]: 41118 [DE]: 192 |  Exit in  8 sec.
2015-08-01 23:54:10 : detected [G]: 72424 [E]: 41118 [DE]: 192 |  Exit in  6 sec.
2015-08-01 23:54:12 : detected [G]: 72424 [E]: 41118 [DE]: 192 |  Exit in  4 sec.
2015-08-01 23:54:14 : detected [G]: 72424 [E]: 41118 [DE]: 192 |  Exit in  2 sec.
2015-08-01 23:54:15 : detected [G]: 72424 [E]: 41118 [DE]: 192 |  Exit in  1 sec.
2015-08-01 23:54:17 : detected [G]: 72424 [E]: 41118 [DE]: 192 |  Exit in  0 sec.
2015-08-01 23:54:17 : Gold & Elixir & DE no change detected, exit
2015-08-01 23:54:17 : Returning Home
2015-08-01 23:54:22 : Loot: [G]: 330 421 [E]: 350 754 [DE]: 588 [T]: 11
2015-08-01 23:54:22 : Bonus [G]: 11 000 [E]: 11 000
2015-08-01 23:54:24 : Your league level is: Gold II
2015-08-01 23:54:24 : Stars earned: 1
2015-08-01 23:54:32 : Trying to locate Main Screen
2015-08-01 23:54:32 : Main Screen Located
2015-08-01 23:54:33 : Collecting Resources
2015-08-01 23:54:40 : Checking if Village needs Rearming..
2015-08-01 23:54:48 : Village Report
2015-08-01 23:54:49 : Cannot get Free/Total Builders
2015-08-01 23:54:49 : No. of Free/Total Builders: 0/0
2015-08-01 23:54:49 :  [T]: 1 645
2015-08-01 23:54:49 :  [G]: 5 895 123 [E]: 4 508 789 [D]: 60 985 [GEM]: 954
2015-08-01 23:54:52 : Checking Army Camp...
2015-08-01 23:54:54 : Total Army Camp capacity: 20/200
2015-08-01 23:54:55 :  - No. of Archers: 20
2015-08-01 23:54:55 : Training Troops...
2015-08-01 23:55:04 : Requesting Clan Castle Troops
2015-08-01 23:55:10 :  ====== Unbreakable Mode restarted! ====== 
2015-08-01 23:55:10 : Oops, wait for 70% troops filled
2015-08-01 23:55:11 : Trying to locate Main Screen
2015-08-01 23:55:11 : Main Screen Located
2015-08-01 23:55:12 : Collecting Resources
2015-08-01 23:55:20 : Checking if Village needs Rearming..
2015-08-01 23:55:27 : Village Report
2015-08-01 23:55:28 : No. of Free/Total Builders: 0/4
2015-08-01 23:55:28 :  [T]: 1 645
2015-08-01 23:55:28 :  [G]: 5 895 123 [E]: 4 505 784 [D]: 60 985 [GEM]: 954
2015-08-01 23:55:31 : Checking Army Camp...
2015-08-01 23:55:33 : Total Army Camp capacity: 24/200
2015-08-01 23:55:34 :  - No. of Archers: 24
2015-08-01 23:55:34 : Training Troops...
2015-08-01 23:55:42 : Requesting Clan Castle Troops
2015-08-01 23:55:43 : Request has already been made
2015-08-01 23:55:44 :  ====== Unbreakable Mode enabled! ====== 
2015-08-01 23:55:44 : Oops, wait for 70% troops filled
2015-08-01 23:55:45 : Trying to locate Main Screen
2015-08-01 23:55:45 : Main Screen Located
2015-08-01 23:55:46 : Collecting Resources
2015-08-01 23:55:54 : Checking if Village needs Rearming..
2015-08-01 23:56:02 : Village Report
2015-08-01 23:56:02 : No. of Free/Total Builders: 0/4
2015-08-01 23:56:02 :  [T]: 1 645
2015-08-01 23:56:02 :  [G]: 5 895 123 [E]: 4 506 084 [D]: 60 987 [GEM]: 954
2015-08-01 23:56:05 : Checking Army Camp...
2015-08-01 23:56:07 : Total Army Camp capacity: 28/200
2015-08-01 23:56:08 :  - No. of Archers: 29
2015-08-01 23:56:08 : Training Troops...
2015-08-01 23:56:17 : Requesting Clan Castle Troops
2015-08-01 23:56:18 : Request has already been made
2015-08-01 23:56:19 :  ====== Unbreakable Mode enabled! ====== 
2015-08-01 23:56:19 : Oops, wait for 70% troops filled
2015-08-01 23:56:20 : Trying to locate Main Screen
2015-08-01 23:56:20 : Main Screen Located
2015-08-01 23:56:21 : Collecting Resources
2015-08-01 23:56:28 : Checking if Village needs Rearming..
2015-08-01 23:56:36 : Village Report
2015-08-01 23:56:36 : No. of Free/Total Builders: 0/4
2015-08-01 23:56:36 :  [T]: 1 645
2015-08-01 23:56:36 :  [G]: 5 895 523 [E]: 4 505 784 [D]: 60 987 [GEM]: 954
2015-08-01 23:56:40 : Checking Army Camp...
2015-08-01 23:56:42 : Total Army Camp capacity: 33/200
2015-08-01 23:56:43 :  - No. of Archers: 33
2015-08-01 23:56:43 : Training Troops...
2015-08-01 23:56:51 : Requesting Clan Castle Troops
2015-08-01 23:56:52 : Request has already been made
2015-08-01 23:56:53 :  ====== Unbreakable Mode enabled! ====== 
2015-08-01 23:56:53 : Oops, wait for 70% troops filled
2015-08-01 23:56:54 : Trying to locate Main Screen
2015-08-01 23:56:54 : Main Screen Located
2015-08-01 23:56:55 : Collecting Resources
2015-08-01 23:57:03 : Checking if Village needs Rearming..
2015-08-01 23:57:11 : Village Report
2015-08-01 23:57:11 : No. of Free/Total Builders: 0/4
2015-08-01 23:57:11 :  [T]: 1 645
2015-08-01 23:57:11 :  [G]: 5 897 802 [E]: 4 505 784 [D]: 60 989 [GEM]: 954
2015-08-01 23:57:14 : Checking Army Camp...
2015-08-01 23:57:16 : Total Army Camp capacity: 36/200
2015-08-01 23:57:17 :  - No. of Archers: 36
2015-08-01 23:57:18 : Training Troops...
