2015-07-31 00:37:45 : ~~~ Clash Game Bot v4.1 Powered by GameBot.org ~~~
2015-07-31 00:37:45 : GameBot.org.exe Executable running on WIN_7  X64
2015-07-31 00:37:45 : =================== Bot Start ====================
2015-07-31 00:37:45 : -------------------------  Current Profile: 01 --------------------------
2015-07-31 00:37:45 : Trying to locate Main Screen
2015-07-31 00:37:45 : Main Screen Located
2015-07-31 00:37:47 : Detecting your Buildings..
2015-07-31 00:37:51 : Language setting is English: Correct.
2015-07-31 00:37:52 : Trying to locate Main Screen
2015-07-31 00:37:52 : Main Screen Located
2015-07-31 00:37:53 : Collecting Resources
2015-07-31 00:38:01 : Checking if Village needs Rearming..
2015-07-31 00:38:05 : Rearmed Trap(s)
2015-07-31 00:38:11 : Village Report
2015-07-31 00:38:11 : No. of Free/Total Builders: 0/4
2015-07-31 00:38:11 :  [T]: 1 421
2015-07-31 00:38:11 :  [G]: 5 659 043 [E]: 5 708 751 [D]: 69 616 [GEM]: 955
2015-07-31 00:38:14 : Checking Army Camp...
2015-07-31 00:38:15 : Total Army Camp capacity: 200/200
2015-07-31 00:38:16 :  - No. of Barbarians: 80
2015-07-31 00:38:17 :  - No. of Archers: 66
2015-07-31 00:38:17 :  - No. of Balloons: 6
2015-07-31 00:38:17 :  - No. of Wizards: 6
2015-07-31 00:38:17 : Barracks and Spell factory status: 
2015-07-31 00:38:17 : - Barracks detected: 4 | Available: 3 | Upgrading: 1
2015-07-31 00:38:17 : - Dark Barracks detected: 2 | Available: 2 | Upgrading: 0
2015-07-31 00:38:17 : - Spell factory detected: 1 | Available: 1 | Upgrading: 0
2015-07-31 00:38:17 : - Dark Spell factory detected: 1 | Available: 1 | Upgrading: 0
2015-07-31 00:38:17 : Training Troops...
2015-07-31 00:38:18 : Your Army Camps are now Full
2015-07-31 00:38:18 : Too many Ball, train last.
2015-07-31 00:38:18 : Too many Wiza, train last.
2015-07-31 00:38:44 :  ====== Unbreakable Mode enabled! ====== 
2015-07-31 00:38:47 : Going to Attack...
2015-07-31 00:38:55 : Returning Home For Defense
2015-07-31 00:38:59 : Closing Clash Of Clans
2015-07-31 00:39:00 : Waiting 15 Minutes for Defense Attacks
2015-07-31 00:54:24 : Zooming Out
2015-07-31 00:54:28 : Trying to locate Main Screen
2015-07-31 00:54:28 : Main Screen Located
2015-07-31 00:54:29 : Collecting Resources
2015-07-31 00:54:39 : Checking if Village needs Rearming..
2015-07-31 00:54:47 : Village Report
2015-07-31 00:54:47 : No. of Free/Total Builders: 0/4
2015-07-31 00:54:47 :  [T]: 1 421
2015-07-31 00:54:47 :  [G]: 5 662 593 [E]: 5 711 113 [D]: 69 640 [GEM]: 955
2015-07-31 00:54:50 : Checking Army Camp...
2015-07-31 00:54:51 : Total Army Camp capacity: 200/200
2015-07-31 00:54:53 :  - No. of Barbarians: 80
2015-07-31 00:54:53 :  - No. of Archers: 66
2015-07-31 00:54:53 :  - No. of Balloons: 6
2015-07-31 00:54:53 :  - No. of Wizards: 6
2015-07-31 00:54:53 : Training Troops...
2015-07-31 00:54:54 : Your Army Camps are now Full
2015-07-31 00:55:16 :  ====== Unbreakable Mode enabled! ====== 
2015-07-31 00:55:19 : Going to Attack...
2015-07-31 00:55:27 : Returning Home For Defense
2015-07-31 00:55:31 : Closing Clash Of Clans
2015-07-31 00:55:32 : Waiting 15 Minutes for Defense Attacks
2015-07-31 01:10:56 : Zooming Out
2015-07-31 01:11:00 : Trying to locate Main Screen
2015-07-31 01:11:00 : Main Screen Located
2015-07-31 01:11:01 : Collecting Resources
2015-07-31 01:11:11 : Checking if Village needs Rearming..
2015-07-31 01:11:19 : Village Report
2015-07-31 01:11:19 : No. of Free/Total Builders: 0/4
2015-07-31 01:11:19 :  [T]: 1 421
2015-07-31 01:11:19 :  [G]: 5 665 426 [E]: 5 722 105 [D]: 69 664 [GEM]: 955
2015-07-31 01:11:22 : Checking Army Camp...
2015-07-31 01:11:24 : Total Army Camp capacity: 200/200
2015-07-31 01:11:25 :  - No. of Barbarians: 80
2015-07-31 01:11:25 :  - No. of Archers: 66
2015-07-31 01:11:25 :  - No. of Balloons: 6
2015-07-31 01:11:25 :  - No. of Wizards: 6
2015-07-31 01:11:25 : Training Troops...
2015-07-31 01:11:26 : Your Army Camps are now Full
2015-07-31 01:11:48 :  ====== Unbreakable Mode enabled! ====== 
2015-07-31 01:11:52 : Going to Attack...
2015-07-31 01:11:59 : Returning Home For Defense
2015-07-31 01:12:03 : Closing Clash Of Clans
2015-07-31 01:12:05 : Waiting 15 Minutes for Defense Attacks
2015-07-31 01:27:31 : Zooming Out
2015-07-31 01:27:35 : Trying to locate Main Screen
2015-07-31 01:27:35 : Main Screen Located
2015-07-31 01:27:36 : Collecting Resources
2015-07-31 01:27:46 : Checking if Village needs Rearming..
2015-07-31 01:27:54 : Village Report
2015-07-31 01:27:54 : No. of Free/Total Builders: 0/4
2015-07-31 01:27:54 :  [T]: 1 421
2015-07-31 01:27:54 :  [G]: 5 668 266 [E]: 5 717 505 [D]: 69 688 [GEM]: 955
2015-07-31 01:27:57 : Checking Army Camp...
2015-07-31 01:27:58 : Total Army Camp capacity: 200/200
2015-07-31 01:28:00 :  - No. of Barbarians: 80
2015-07-31 01:28:00 :  - No. of Archers: 66
2015-07-31 01:28:00 :  - No. of Balloons: 6
2015-07-31 01:28:00 :  - No. of Wizards: 6
2015-07-31 01:28:00 : Training Troops...
2015-07-31 01:28:01 : Your Army Camps are now Full
2015-07-31 01:28:24 :  ====== Unbreakable Mode enabled! ====== 
2015-07-31 01:28:27 : Going to Attack...
2015-07-31 01:28:35 : Returning Home For Defense
2015-07-31 01:28:39 : Closing Clash Of Clans
2015-07-31 01:28:41 : Waiting 15 Minutes for Defense Attacks
2015-07-31 01:44:05 : Zooming Out
2015-07-31 01:44:09 : Trying to locate Main Screen
2015-07-31 01:44:10 : Main Screen Located
2015-07-31 01:44:11 : Collecting Resources
2015-07-31 01:44:20 : Checking if Village needs Rearming..
2015-07-31 01:44:28 : Village Report
2015-07-31 01:44:28 : No. of Free/Total Builders: 0/4
2015-07-31 01:44:28 :  [T]: 1 421
2015-07-31 01:44:28 :  [G]: 5 671 106 [E]: 5 720 707 [D]: 69 712 [GEM]: 955
2015-07-31 01:44:30 : Checking Army Camp...
2015-07-31 01:44:32 : Total Army Camp capacity: 200/200
2015-07-31 01:44:33 :  - No. of Barbarians: 80
2015-07-31 01:44:34 :  - No. of Archers: 66
2015-07-31 01:44:34 :  - No. of Balloons: 6
2015-07-31 01:44:34 :  - No. of Wizards: 6
2015-07-31 01:44:34 : Training Troops...
2015-07-31 01:44:35 : Your Army Camps are now Full
2015-07-31 01:44:58 :  ====== Unbreakable Mode enabled! ====== 
2015-07-31 01:45:01 : Going to Attack...
2015-07-31 01:45:09 : Returning Home For Defense
2015-07-31 01:45:13 : Closing Clash Of Clans
2015-07-31 01:45:14 : Waiting 15 Minutes for Defense Attacks
2015-07-31 02:00:39 : Zooming Out
2015-07-31 02:00:42 : Trying to locate Main Screen
2015-07-31 02:00:42 : Main Screen Located
2015-07-31 02:00:43 : Collecting Resources
2015-07-31 02:00:53 : Checking if Village needs Rearming..
2015-07-31 02:01:01 : Village Report
2015-07-31 02:01:01 : No. of Free/Total Builders: 0/4
2015-07-31 02:01:01 :  [T]: 1 421
2015-07-31 02:01:01 :  [G]: 5 673 947 [E]: 5 723 909 [D]: 69 736 [GEM]: 955
2015-07-31 02:01:04 : Checking Army Camp...
2015-07-31 02:01:06 : Total Army Camp capacity: 200/200
2015-07-31 02:01:07 :  - No. of Barbarians: 80
2015-07-31 02:01:07 :  - No. of Archers: 66
2015-07-31 02:01:07 :  - No. of Balloons: 6
2015-07-31 02:01:07 :  - No. of Wizards: 6
2015-07-31 02:01:07 : Training Troops...
2015-07-31 02:01:08 : Your Army Camps are now Full
2015-07-31 02:01:30 :  ====== Unbreakable Mode enabled! ====== 
2015-07-31 02:01:33 : Going to Attack...
2015-07-31 02:01:41 : Returning Home For Defense
2015-07-31 02:01:45 : Closing Clash Of Clans
2015-07-31 02:01:46 : Waiting 15 Minutes for Defense Attacks
2015-07-31 02:17:10 : Zooming Out
2015-07-31 02:17:14 : Trying to locate Main Screen
2015-07-31 02:17:14 : Main Screen Located
2015-07-31 02:17:15 : Collecting Resources
2015-07-31 02:17:25 : Checking if Village needs Rearming..
2015-07-31 02:17:33 : Village Report
2015-07-31 02:17:33 : No. of Free/Total Builders: 0/4
2015-07-31 02:17:33 :  [T]: 1 421
2015-07-31 02:17:33 :  [G]: 5 676 786 [E]: 5 734 905 [D]: 69 760 [GEM]: 955
2015-07-31 02:17:36 : Checking Army Camp...
2015-07-31 02:17:38 : Total Army Camp capacity: 200/200
2015-07-31 02:17:39 :  - No. of Barbarians: 80
2015-07-31 02:17:39 :  - No. of Archers: 66
2015-07-31 02:17:39 :  - No. of Balloons: 6
2015-07-31 02:17:39 :  - No. of Wizards: 6
2015-07-31 02:17:39 : Training Troops...
2015-07-31 02:17:40 : Your Army Camps are now Full
2015-07-31 02:18:02 :  ====== Unbreakable Mode enabled! ====== 
2015-07-31 02:18:05 : Going to Attack...
2015-07-31 02:18:13 : Returning Home For Defense
2015-07-31 02:18:17 : Closing Clash Of Clans
2015-07-31 02:18:18 : Waiting 15 Minutes for Defense Attacks
2015-07-31 02:33:43 : Zooming Out
2015-07-31 02:33:47 : Trying to locate Main Screen
2015-07-31 02:33:47 : Main Screen Located
2015-07-31 02:33:48 : Collecting Resources
2015-07-31 02:33:58 : Checking if Village needs Rearming..
2015-07-31 02:34:05 : Village Report
2015-07-31 02:34:05 : No. of Free/Total Builders: 0/4
2015-07-31 02:34:05 :  [T]: 1 421
2015-07-31 02:34:06 :  [G]: 5 679 624 [E]: 5 730 301 [D]: 69 784 [GEM]: 955
2015-07-31 02:34:08 : Checking Army Camp...
2015-07-31 02:34:10 : Total Army Camp capacity: 200/200
2015-07-31 02:34:11 :  - No. of Barbarians: 80
2015-07-31 02:34:11 :  - No. of Archers: 66
2015-07-31 02:34:11 :  - No. of Balloons: 6
2015-07-31 02:34:11 :  - No. of Wizards: 6
2015-07-31 02:34:11 : Training Troops...
2015-07-31 02:34:12 : Your Army Camps are now Full
2015-07-31 02:34:35 :  ====== Unbreakable Mode enabled! ====== 
2015-07-31 02:34:38 : Going to Attack...
2015-07-31 02:34:46 : Returning Home For Defense
2015-07-31 02:34:50 : Closing Clash Of Clans
2015-07-31 02:34:51 : Waiting 15 Minutes for Defense Attacks
2015-07-31 02:50:16 : Zooming Out
2015-07-31 02:50:20 : Trying to locate Main Screen
2015-07-31 02:50:20 : Main Screen Located
2015-07-31 02:50:21 : Collecting Resources
2015-07-31 02:50:31 : Checking if Village needs Rearming..
2015-07-31 02:50:39 : Village Report
2015-07-31 02:50:39 : No. of Free/Total Builders: 0/4
2015-07-31 02:50:39 :  [T]: 1 421
2015-07-31 02:50:39 :  [G]: 5 682 465 [E]: 5 733 503 [D]: 69 808 [GEM]: 955
2015-07-31 02:50:41 : Checking Army Camp...
2015-07-31 02:50:43 : Total Army Camp capacity: 200/200
2015-07-31 02:50:44 :  - No. of Barbarians: 80
2015-07-31 02:50:44 :  - No. of Archers: 66
2015-07-31 02:50:44 :  - No. of Balloons: 6
2015-07-31 02:50:45 :  - No. of Wizards: 6
2015-07-31 02:50:45 : Training Troops...
2015-07-31 02:50:46 : Your Army Camps are now Full
2015-07-31 02:51:09 :  ====== Unbreakable Mode enabled! ====== 
2015-07-31 02:51:12 : Going to Attack...
2015-07-31 02:51:20 : Returning Home For Defense
2015-07-31 02:51:23 : Closing Clash Of Clans
2015-07-31 02:51:25 : Waiting 15 Minutes for Defense Attacks
2015-07-31 02:56:38 : Pushbullet: removed 1 messages older than 6 h 
2015-07-31 03:06:49 : Zooming Out
2015-07-31 03:06:53 : Trying to locate Main Screen
2015-07-31 03:06:53 : Main Screen Located
2015-07-31 03:06:54 : Collecting Resources
2015-07-31 03:07:04 : Checking if Village needs Rearming..
2015-07-31 03:07:12 : Village Report
2015-07-31 03:07:12 : No. of Free/Total Builders: 0/4
2015-07-31 03:07:12 :  [T]: 1 421
2015-07-31 03:07:12 :  [G]: 5 685 305 [E]: 5 736 699 [D]: 69 832 [GEM]: 955
2015-07-31 03:07:14 : Checking Army Camp...
2015-07-31 03:07:16 : Total Army Camp capacity: 200/200
2015-07-31 03:07:17 :  - No. of Barbarians: 80
2015-07-31 03:07:17 :  - No. of Archers: 66
2015-07-31 03:07:18 :  - No. of Balloons: 6
2015-07-31 03:07:18 :  - No. of Wizards: 6
2015-07-31 03:07:18 : Training Troops...
2015-07-31 03:07:19 : Your Army Camps are now Full
2015-07-31 03:07:42 :  ====== Unbreakable Mode enabled! ====== 
2015-07-31 03:07:45 : Going to Attack...
2015-07-31 03:07:53 : Returning Home For Defense
2015-07-31 03:07:57 : Closing Clash Of Clans
2015-07-31 03:07:58 : Waiting 15 Minutes for Defense Attacks
2015-07-31 03:23:23 : Zooming Out
2015-07-31 03:23:26 : Trying to locate Main Screen
2015-07-31 03:23:26 : Main Screen Located
2015-07-31 03:23:27 : Collecting Resources
2015-07-31 03:23:37 : Checking if Village needs Rearming..
2015-07-31 03:23:45 : Village Report
2015-07-31 03:23:45 : No. of Free/Total Builders: 0/4
2015-07-31 03:23:45 :  [T]: 1 421
2015-07-31 03:23:45 :  [G]: 5 688 145 [E]: 5 739 897 [D]: 69 856 [GEM]: 955
2015-07-31 03:23:48 : Checking Army Camp...
2015-07-31 03:23:50 : Total Army Camp capacity: 200/200
2015-07-31 03:23:51 :  - No. of Barbarians: 80
2015-07-31 03:23:51 :  - No. of Archers: 66
2015-07-31 03:23:51 :  - No. of Balloons: 6
2015-07-31 03:23:51 :  - No. of Wizards: 6
2015-07-31 03:23:51 : Training Troops...
2015-07-31 03:23:52 : Your Army Camps are now Full
2015-07-31 03:24:20 :  ====== Unbreakable Mode enabled! ====== 
2015-07-31 03:24:23 : Going to Attack...
2015-07-31 03:24:31 : Returning Home For Defense
2015-07-31 03:24:35 : Closing Clash Of Clans
2015-07-31 03:24:36 : Waiting 15 Minutes for Defense Attacks
2015-07-31 03:26:39 : Pushbullet: removed 3 messages older than 6 h 
2015-07-31 03:40:00 : Zooming Out
2015-07-31 03:40:04 : Trying to locate Main Screen
2015-07-31 03:40:04 : Main Screen Located
2015-07-31 03:40:05 : Collecting Resources
2015-07-31 03:40:15 : Checking if Village needs Rearming..
2015-07-31 03:40:23 : Village Report
2015-07-31 03:40:23 : No. of Free/Total Builders: 0/4
2015-07-31 03:40:23 :  [T]: 1 421
2015-07-31 03:40:23 :  [G]: 5 690 968 [E]: 5 743 080 [D]: 69 880 [GEM]: 955
2015-07-31 03:40:26 : Checking Army Camp...
2015-07-31 03:40:27 : Total Army Camp capacity: 200/200
2015-07-31 03:40:29 :  - No. of Barbarians: 80
2015-07-31 03:40:29 :  - No. of Archers: 66
2015-07-31 03:40:29 :  - No. of Balloons: 6
2015-07-31 03:40:29 :  - No. of Wizards: 6
2015-07-31 03:40:29 : Training Troops...
2015-07-31 03:40:30 : Your Army Camps are now Full
2015-07-31 03:40:53 :  ====== Unbreakable Mode enabled! ====== 
2015-07-31 03:40:56 : Going to Attack...
2015-07-31 03:41:04 : Returning Home For Defense
2015-07-31 03:41:08 : Closing Clash Of Clans
2015-07-31 03:41:09 : Waiting 15 Minutes for Defense Attacks
2015-07-31 03:56:34 : Zooming Out
2015-07-31 03:56:37 : Trying to locate Main Screen
2015-07-31 03:56:38 : Main Screen Located
2015-07-31 03:56:39 : Collecting Resources
2015-07-31 03:56:49 : Checking if Village needs Rearming..
2015-07-31 03:56:57 : Village Report
2015-07-31 03:56:57 : No. of Free/Total Builders: 0/4
2015-07-31 03:56:57 :  [T]: 1 421
2015-07-31 03:56:57 :  [G]: 5 693 808 [E]: 5 746 279 [D]: 69 904 [GEM]: 955
2015-07-31 03:56:59 : Checking Army Camp...
2015-07-31 03:57:01 : Total Army Camp capacity: 200/200
2015-07-31 03:57:02 :  - No. of Barbarians: 80
2015-07-31 03:57:02 :  - No. of Archers: 66
2015-07-31 03:57:03 :  - No. of Balloons: 6
2015-07-31 03:57:03 :  - No. of Wizards: 6
2015-07-31 03:57:03 : Training Troops...
2015-07-31 03:57:04 : Your Army Camps are now Full
2015-07-31 03:57:27 :  ====== Unbreakable Mode enabled! ====== 
2015-07-31 03:57:30 : Going to Attack...
2015-07-31 03:57:38 : Returning Home For Defense
2015-07-31 03:57:42 : Closing Clash Of Clans
2015-07-31 03:57:43 : Waiting 15 Minutes for Defense Attacks
2015-07-31 04:13:08 : Zooming Out
2015-07-31 04:13:12 : Trying to locate Main Screen
2015-07-31 04:13:12 : Main Screen Located
2015-07-31 04:13:13 : Collecting Resources
2015-07-31 04:13:23 : Checking if Village needs Rearming..
2015-07-31 04:13:30 : Village Report
2015-07-31 04:13:30 : No. of Free/Total Builders: 0/4
2015-07-31 04:13:30 :  [T]: 1 421
2015-07-31 04:13:31 :  [G]: 5 696 648 [E]: 5 749 481 [D]: 69 928 [GEM]: 955
2015-07-31 04:13:33 : Checking Army Camp...
2015-07-31 04:13:35 : Total Army Camp capacity: 200/200
2015-07-31 04:13:36 :  - No. of Barbarians: 80
2015-07-31 04:13:36 :  - No. of Archers: 66
2015-07-31 04:13:36 :  - No. of Balloons: 6
2015-07-31 04:13:36 :  - No. of Wizards: 6
2015-07-31 04:13:36 : Training Troops...
2015-07-31 04:13:37 : Your Army Camps are now Full
2015-07-31 04:14:00 :  ====== Unbreakable Mode enabled! ====== 
2015-07-31 04:14:04 : Going to Attack...
2015-07-31 04:14:12 : Returning Home For Defense
2015-07-31 04:14:15 : Closing Clash Of Clans
2015-07-31 04:14:17 : Waiting 15 Minutes for Defense Attacks
2015-07-31 04:29:41 : Zooming Out
2015-07-31 04:29:45 : Trying to locate Main Screen
2015-07-31 04:29:45 : Main Screen Located
2015-07-31 04:29:46 : Collecting Resources
2015-07-31 04:29:56 : Checking if Village needs Rearming..
2015-07-31 04:30:04 : Village Report
2015-07-31 04:30:04 : No. of Free/Total Builders: 0/4
2015-07-31 04:30:04 :  [T]: 1 421
2015-07-31 04:30:04 :  [G]: 5 699 463 [E]: 5 752 658 [D]: 69 952 [GEM]: 955
2015-07-31 04:30:06 : Checking Army Camp...
2015-07-31 04:30:09 : Total Army Camp capacity: 200/200
2015-07-31 04:30:10 :  - No. of Barbarians: 80
2015-07-31 04:30:10 :  - No. of Archers: 66
2015-07-31 04:30:10 :  - No. of Balloons: 6
2015-07-31 04:30:10 :  - No. of Wizards: 6
2015-07-31 04:30:10 : Training Troops...
2015-07-31 04:30:11 : Your Army Camps are now Full
2015-07-31 04:30:34 :  ====== Unbreakable Mode enabled! ====== 
2015-07-31 04:30:38 : Going to Attack...
2015-07-31 04:30:45 : Returning Home For Defense
2015-07-31 04:30:50 : Closing Clash Of Clans
2015-07-31 04:30:51 : Waiting 15 Minutes for Defense Attacks
2015-07-31 04:46:15 : Zooming Out
2015-07-31 04:46:19 : Trying to locate Main Screen
2015-07-31 04:46:19 : Main Screen Located
2015-07-31 04:46:20 : Collecting Resources
2015-07-31 04:46:30 : Checking if Village needs Rearming..
2015-07-31 04:46:38 : Village Report
2015-07-31 04:46:38 : No. of Free/Total Builders: 0/4
2015-07-31 04:46:38 :  [T]: 1 421
2015-07-31 04:46:38 :  [G]: 5 702 277 [E]: 5 755 832 [D]: 69 976 [GEM]: 955
2015-07-31 04:46:40 : Checking Army Camp...
2015-07-31 04:46:42 : Total Army Camp capacity: 200/200
2015-07-31 04:46:43 :  - No. of Barbarians: 80
2015-07-31 04:46:43 :  - No. of Archers: 66
2015-07-31 04:46:43 :  - No. of Balloons: 6
2015-07-31 04:46:44 :  - No. of Wizards: 6
2015-07-31 04:46:44 : Training Troops...
2015-07-31 04:46:44 : Your Army Camps are now Full
2015-07-31 04:47:08 :  ====== Unbreakable Mode enabled! ====== 
2015-07-31 04:47:11 : Going to Attack...
2015-07-31 04:47:19 : Returning Home For Defense
2015-07-31 04:47:23 : Closing Clash Of Clans
2015-07-31 04:47:24 : Waiting 15 Minutes for Defense Attacks
2015-07-31 05:02:48 : Zooming Out
2015-07-31 05:02:52 : Trying to locate Main Screen
2015-07-31 05:02:52 : Main Screen Located
2015-07-31 05:02:53 : Collecting Resources
2015-07-31 05:03:03 : Checking if Village needs Rearming..
2015-07-31 05:03:11 : Village Report
2015-07-31 05:03:11 : No. of Free/Total Builders: 0/4
2015-07-31 05:03:11 :  [T]: 1 421
2015-07-31 05:03:11 :  [G]: 5 705 117 [E]: 5 759 031 [D]: 70 000 [GEM]: 955
2015-07-31 05:03:14 : Checking Army Camp...
2015-07-31 05:03:15 : Total Army Camp capacity: 200/200
2015-07-31 05:03:16 :  - No. of Barbarians: 80
2015-07-31 05:03:17 :  - No. of Archers: 66
2015-07-31 05:03:17 :  - No. of Balloons: 6
2015-07-31 05:03:17 :  - No. of Wizards: 6
2015-07-31 05:03:17 : Training Troops...
2015-07-31 05:03:18 : Your Army Camps are now Full
2015-07-31 05:03:41 :  ====== Unbreakable Mode enabled! ====== 
2015-07-31 05:03:44 : Going to Attack...
2015-07-31 05:03:52 : Returning Home For Defense
2015-07-31 05:03:56 : Closing Clash Of Clans
2015-07-31 05:03:57 : Waiting 15 Minutes for Defense Attacks
2015-07-31 05:19:23 : Zooming Out
2015-07-31 05:19:27 : Trying to locate Main Screen
2015-07-31 05:19:27 : Main Screen Located
2015-07-31 05:19:28 : Collecting Resources
2015-07-31 05:19:38 : Checking if Village needs Rearming..
2015-07-31 05:19:42 : Rearmed Trap(s)
2015-07-31 05:19:47 : Village Report
2015-07-31 05:19:47 : No. of Free/Total Builders: 0/4
2015-07-31 05:19:47 :  [T]: 1 450
2015-07-31 05:19:47 :  [G]: 5 498 748 [E]: 5 662 344 [D]: 68 017 [GEM]: 955
2015-07-31 05:19:49 : Checking Army Camp...
2015-07-31 05:19:51 : Total Army Camp capacity: 200/200
2015-07-31 05:19:52 :  - No. of Barbarians: 80
2015-07-31 05:19:52 :  - No. of Archers: 66
2015-07-31 05:19:52 :  - No. of Balloons: 6
2015-07-31 05:19:52 :  - No. of Wizards: 6
2015-07-31 05:19:53 : Training Troops...
2015-07-31 05:19:53 : Your Army Camps are now Full
2015-07-31 05:20:17 :  ====== Unbreakable Mode enabled! ====== 
2015-07-31 05:20:20 : Going to Attack...
2015-07-31 05:20:28 : Returning Home For Defense
2015-07-31 05:20:32 : Closing Clash Of Clans
2015-07-31 05:20:33 : Waiting 15 Minutes for Defense Attacks
2015-07-31 05:35:58 : Zooming Out
2015-07-31 05:36:01 : Trying to locate Main Screen
2015-07-31 05:36:01 : Main Screen Located
2015-07-31 05:36:03 : Collecting Resources
2015-07-31 05:36:13 : Checking if Village needs Rearming..
2015-07-31 05:36:20 : Village Report
2015-07-31 05:36:20 : No. of Free/Total Builders: 0/4
2015-07-31 05:36:20 :  [T]: 1 450
2015-07-31 05:36:21 :  [G]: 5 501 594 [E]: 5 665 547 [D]: 68 041 [GEM]: 955
2015-07-31 05:36:23 : Checking Army Camp...
2015-07-31 05:36:25 : Total Army Camp capacity: 200/200
2015-07-31 05:36:26 :  - No. of Barbarians: 80
2015-07-31 05:36:26 :  - No. of Archers: 66
2015-07-31 05:36:26 :  - No. of Balloons: 6
2015-07-31 05:36:26 :  - No. of Wizards: 6
2015-07-31 05:36:26 : Training Troops...
2015-07-31 05:36:27 : Your Army Camps are now Full
2015-07-31 05:36:50 :  ====== Unbreakable Mode enabled! ====== 
2015-07-31 05:36:54 : Going to Attack...
2015-07-31 05:37:01 : Returning Home For Defense
2015-07-31 05:37:05 : Closing Clash Of Clans
2015-07-31 05:37:08 : Waiting 15 Minutes for Defense Attacks
2015-07-31 05:52:32 : Zooming Out
2015-07-31 05:52:36 : Trying to locate Main Screen
2015-07-31 05:52:36 : Main Screen Located
2015-07-31 05:52:37 : Collecting Resources
2015-07-31 05:52:47 : Checking if Village needs Rearming..
2015-07-31 05:52:55 : Village Report
2015-07-31 05:52:55 : No. of Free/Total Builders: 0/4
2015-07-31 05:52:55 :  [T]: 1 450
2015-07-31 05:52:55 :  [G]: 5 504 444 [E]: 5 668 755 [D]: 68 065 [GEM]: 955
2015-07-31 05:52:57 : Checking Army Camp...
2015-07-31 05:52:59 : Total Army Camp capacity: 200/200
2015-07-31 05:53:00 :  - No. of Barbarians: 80
2015-07-31 05:53:00 :  - No. of Archers: 66
2015-07-31 05:53:01 :  - No. of Balloons: 6
2015-07-31 05:53:01 :  - No. of Wizards: 6
2015-07-31 05:53:01 : Training Troops...
2015-07-31 05:53:02 : Your Army Camps are now Full
2015-07-31 05:53:25 :  ====== Unbreakable Mode enabled! ====== 
2015-07-31 05:53:28 : Going to Attack...
2015-07-31 05:53:36 : Returning Home For Defense
2015-07-31 05:53:40 : Closing Clash Of Clans
2015-07-31 05:53:41 : Waiting 15 Minutes for Defense Attacks
2015-07-31 06:09:06 : Zooming Out
2015-07-31 06:09:10 : Trying to locate Main Screen
2015-07-31 06:09:10 : Main Screen Located
2015-07-31 06:09:11 : Collecting Resources
2015-07-31 06:09:20 : Checking if Village needs Rearming..
2015-07-31 06:09:28 : Village Report
2015-07-31 06:09:28 : No. of Free/Total Builders: 0/4
2015-07-31 06:09:28 :  [T]: 1 450
2015-07-31 06:09:28 :  [G]: 5 507 285 [E]: 5 671 958 [D]: 68 089 [GEM]: 955
2015-07-31 06:09:31 : Checking Army Camp...
2015-07-31 06:09:33 : Total Army Camp capacity: 200/200
2015-07-31 06:09:34 :  - No. of Barbarians: 80
2015-07-31 06:09:34 :  - No. of Archers: 66
2015-07-31 06:09:34 :  - No. of Balloons: 6
2015-07-31 06:09:34 :  - No. of Wizards: 6
2015-07-31 06:09:34 : Training Troops...
2015-07-31 06:09:35 : Your Army Camps are now Full
2015-07-31 06:09:58 :  ====== Unbreakable Mode enabled! ====== 
2015-07-31 06:10:01 : Going to Attack...
2015-07-31 06:10:09 : Returning Home For Defense
2015-07-31 06:10:13 : Closing Clash Of Clans
2015-07-31 06:10:15 : Waiting 15 Minutes for Defense Attacks
2015-07-31 06:25:39 : Zooming Out
2015-07-31 06:25:43 : Trying to locate Main Screen
2015-07-31 06:25:43 : Main Screen Located
2015-07-31 06:25:44 : Collecting Resources
2015-07-31 06:25:54 : Checking if Village needs Rearming..
2015-07-31 06:26:02 : Village Report
2015-07-31 06:26:02 : No. of Free/Total Builders: 0/4
2015-07-31 06:26:02 :  [T]: 1 450
2015-07-31 06:26:02 :  [G]: 5 510 125 [E]: 5 675 159 [D]: 68 113 [GEM]: 955
2015-07-31 06:26:05 : Checking Army Camp...
2015-07-31 06:26:07 : Total Army Camp capacity: 200/200
2015-07-31 06:26:08 :  - No. of Barbarians: 80
2015-07-31 06:26:08 :  - No. of Archers: 66
2015-07-31 06:26:08 :  - No. of Balloons: 6
2015-07-31 06:26:08 :  - No. of Wizards: 6
2015-07-31 06:26:08 : Training Troops...
2015-07-31 06:26:09 : Your Army Camps are now Full
2015-07-31 06:26:32 :  ====== Unbreakable Mode enabled! ====== 
2015-07-31 06:26:35 : Going to Attack...
2015-07-31 06:26:43 : Returning Home For Defense
2015-07-31 06:26:47 : Closing Clash Of Clans
2015-07-31 06:26:48 : Waiting 15 Minutes for Defense Attacks
2015-07-31 06:42:16 : Zooming Out
2015-07-31 06:42:19 : Trying to locate Main Screen
2015-07-31 06:42:19 : Main Screen Located
2015-07-31 06:42:20 : Collecting Resources
2015-07-31 06:42:30 : Checking if Village needs Rearming..
2015-07-31 06:42:34 : Rearmed Trap(s)
2015-07-31 06:42:39 : Village Report
2015-07-31 06:42:39 : No. of Free/Total Builders: 0/4
2015-07-31 06:42:39 :  [T]: 1 468
2015-07-31 06:42:39 :  [G]: 5 405 958 [E]: 5 588 063 [D]: 66 331 [GEM]: 955
2015-07-31 06:42:42 : Checking Army Camp...
2015-07-31 06:42:44 : Total Army Camp capacity: 200/200
2015-07-31 06:42:45 :  - No. of Barbarians: 80
2015-07-31 06:42:45 :  - No. of Archers: 66
2015-07-31 06:42:45 :  - No. of Balloons: 6
2015-07-31 06:42:45 :  - No. of Wizards: 6
2015-07-31 06:42:45 : Training Troops...
2015-07-31 06:42:46 : Your Army Camps are now Full
2015-07-31 06:43:08 :  ====== Unbreakable Mode enabled! ====== 
2015-07-31 06:43:11 : Going to Attack...
2015-07-31 06:43:19 : Returning Home For Defense
2015-07-31 06:43:23 : Closing Clash Of Clans
2015-07-31 06:43:24 : Waiting 15 Minutes for Defense Attacks
2015-07-31 06:58:49 : Zooming Out
2015-07-31 06:58:53 : Trying to locate Main Screen
2015-07-31 06:58:53 : Main Screen Located
2015-07-31 06:58:54 : Collecting Resources
2015-07-31 06:59:04 : Checking if Village needs Rearming..
2015-07-31 06:59:12 : Village Report
2015-07-31 06:59:12 : No. of Free/Total Builders: 0/4
2015-07-31 06:59:12 :  [T]: 1 468
2015-07-31 06:59:12 :  [G]: 5 408 797 [E]: 5 599 059 [D]: 66 355 [GEM]: 955
2015-07-31 06:59:14 : Checking Army Camp...
2015-07-31 06:59:16 : Total Army Camp capacity: 200/200
2015-07-31 06:59:17 :  - No. of Barbarians: 80
2015-07-31 06:59:18 :  - No. of Archers: 66
2015-07-31 06:59:18 :  - No. of Balloons: 6
2015-07-31 06:59:18 :  - No. of Wizards: 6
2015-07-31 06:59:18 : Training Troops...
2015-07-31 06:59:19 : Your Army Camps are now Full
2015-07-31 06:59:41 :  ====== Unbreakable Mode enabled! ====== 
2015-07-31 06:59:44 : Going to Attack...
2015-07-31 06:59:52 : Returning Home For Defense
2015-07-31 06:59:56 : Closing Clash Of Clans
2015-07-31 06:59:57 : Waiting 15 Minutes for Defense Attacks
2015-07-31 07:15:23 : Zooming Out
2015-07-31 07:15:29 : Trying to locate Main Screen
2015-07-31 07:15:29 : Main Screen Located
2015-07-31 07:15:30 : Collecting Resources
2015-07-31 07:15:43 : Checking if Village needs Rearming..
2015-07-31 07:15:51 : Village Report
2015-07-31 07:15:51 : No. of Free/Total Builders: 0/4
2015-07-31 07:15:51 :  [T]: 1 468
2015-07-31 07:15:51 :  [G]: 5 411 654 [E]: 5 594 471 [D]: 66 379 [GEM]: 955
2015-07-31 07:15:54 : Checking Army Camp...
2015-07-31 07:15:56 : Total Army Camp capacity: 200/200
2015-07-31 07:15:57 :  - No. of Barbarians: 80
2015-07-31 07:15:57 :  - No. of Archers: 66
2015-07-31 07:15:57 :  - No. of Balloons: 6
2015-07-31 07:15:57 :  - No. of Wizards: 6
2015-07-31 07:15:57 : Training Troops...
2015-07-31 07:15:58 : Your Army Camps are now Full
2015-07-31 07:16:21 :  ====== Unbreakable Mode enabled! ====== 
2015-07-31 07:16:24 : Going to Attack...
2015-07-31 07:16:32 : Returning Home For Defense
2015-07-31 07:16:36 : Closing Clash Of Clans
2015-07-31 07:16:37 : Waiting 15 Minutes for Defense Attacks
2015-07-31 07:32:02 : Zooming Out
2015-07-31 07:32:05 : Trying to locate Main Screen
2015-07-31 07:32:05 : Main Screen Located
2015-07-31 07:32:07 : Collecting Resources
2015-07-31 07:32:16 : Checking if Village needs Rearming..
2015-07-31 07:32:24 : Village Report
2015-07-31 07:32:24 : No. of Free/Total Builders: 0/4
2015-07-31 07:32:24 :  [T]: 1 468
2015-07-31 07:32:24 :  [G]: 5 414 497 [E]: 5 597 676 [D]: 66 403 [GEM]: 955
2015-07-31 07:32:27 : Checking Army Camp...
2015-07-31 07:32:29 : Total Army Camp capacity: 200/200
2015-07-31 07:32:30 :  - No. of Barbarians: 80
2015-07-31 07:32:30 :  - No. of Archers: 66
2015-07-31 07:32:30 :  - No. of Balloons: 6
2015-07-31 07:32:30 :  - No. of Wizards: 6
2015-07-31 07:32:30 : Training Troops...
2015-07-31 07:32:31 : Your Army Camps are now Full
2015-07-31 07:32:54 :  ====== Unbreakable Mode enabled! ====== 
2015-07-31 07:32:57 : Going to Attack...
2015-07-31 07:33:05 : Returning Home For Defense
2015-07-31 07:33:09 : Closing Clash Of Clans
2015-07-31 07:33:11 : Waiting 15 Minutes for Defense Attacks
2015-07-31 07:48:35 : Zooming Out
2015-07-31 07:48:39 : Trying to locate Main Screen
2015-07-31 07:48:39 : Main Screen Located
2015-07-31 07:48:40 : Collecting Resources
2015-07-31 07:48:50 : Checking if Village needs Rearming..
2015-07-31 07:48:58 : Village Report
2015-07-31 07:48:58 : No. of Free/Total Builders: 0/4
2015-07-31 07:48:58 :  [T]: 1 468
2015-07-31 07:48:58 :  [G]: 5 417 337 [E]: 5 600 878 [D]: 66 427 [GEM]: 955
2015-07-31 07:49:00 : Checking Army Camp...
2015-07-31 07:49:02 : Total Army Camp capacity: 200/200
2015-07-31 07:49:03 :  - No. of Barbarians: 80
2015-07-31 07:49:04 :  - No. of Archers: 66
2015-07-31 07:49:04 :  - No. of Balloons: 6
2015-07-31 07:49:04 :  - No. of Wizards: 6
2015-07-31 07:49:04 : Training Troops...
2015-07-31 07:49:05 : Your Army Camps are now Full
2015-07-31 07:49:28 :  ====== Unbreakable Mode enabled! ====== 
2015-07-31 07:49:32 : Going to Attack...
2015-07-31 07:49:40 : Returning Home For Defense
2015-07-31 07:49:43 : Closing Clash Of Clans
2015-07-31 07:49:45 : Waiting 15 Minutes for Defense Attacks
2015-07-31 08:05:09 : Zooming Out
2015-07-31 08:05:13 : Trying to locate Main Screen
2015-07-31 08:05:13 : Main Screen Located
2015-07-31 08:05:14 : Collecting Resources
2015-07-31 08:05:24 : Checking if Village needs Rearming..
2015-07-31 08:05:32 : Village Report
2015-07-31 08:05:32 : No. of Free/Total Builders: 0/4
2015-07-31 08:05:32 :  [T]: 1 468
2015-07-31 08:05:32 :  [G]: 5 420 175 [E]: 5 604 074 [D]: 66 451 [GEM]: 955
2015-07-31 08:05:34 : Checking Army Camp...
2015-07-31 08:05:36 : Total Army Camp capacity: 200/200
2015-07-31 08:05:37 :  - No. of Barbarians: 80
2015-07-31 08:05:37 :  - No. of Archers: 66
2015-07-31 08:05:37 :  - No. of Balloons: 6
2015-07-31 08:05:37 :  - No. of Wizards: 6
2015-07-31 08:05:38 : Training Troops...
2015-07-31 08:05:38 : Your Army Camps are now Full
2015-07-31 08:06:02 :  ====== Unbreakable Mode enabled! ====== 
2015-07-31 08:06:05 : Going to Attack...
2015-07-31 08:06:13 : Returning Home For Defense
2015-07-31 08:06:16 : Closing Clash Of Clans
2015-07-31 08:06:18 : Waiting 15 Minutes for Defense Attacks
2015-07-31 08:21:42 : Zooming Out
2015-07-31 08:21:46 : Trying to locate Main Screen
2015-07-31 08:21:46 : Main Screen Located
2015-07-31 08:21:47 : Collecting Resources
2015-07-31 08:21:57 : Checking if Village needs Rearming..
2015-07-31 08:22:05 : Village Report
2015-07-31 08:22:05 : No. of Free/Total Builders: 0/4
2015-07-31 08:22:05 :  [T]: 1 468
2015-07-31 08:22:05 :  [G]: 5 422 998 [E]: 5 607 257 [D]: 66 475 [GEM]: 955
2015-07-31 08:22:07 : Checking Army Camp...
2015-07-31 08:22:09 : Total Army Camp capacity: 200/200
2015-07-31 08:22:10 :  - No. of Barbarians: 80
2015-07-31 08:22:11 :  - No. of Archers: 66
2015-07-31 08:22:11 :  - No. of Balloons: 6
2015-07-31 08:22:11 :  - No. of Wizards: 6
2015-07-31 08:22:11 : Training Troops...
2015-07-31 08:22:12 : Your Army Camps are now Full
2015-07-31 08:22:33 :  ====== Unbreakable Mode enabled! ====== 
2015-07-31 08:22:36 : Going to Attack...
2015-07-31 08:22:44 : Returning Home For Defense
2015-07-31 08:22:48 : Closing Clash Of Clans
2015-07-31 08:22:50 : Waiting 15 Minutes for Defense Attacks
2015-07-31 08:38:17 : Zooming Out
2015-07-31 08:38:21 : Trying to locate Main Screen
2015-07-31 08:38:21 : Main Screen Located
2015-07-31 08:38:22 : Collecting Resources
2015-07-31 08:38:32 : Checking if Village needs Rearming..
2015-07-31 08:38:40 : Village Report
2015-07-31 08:38:40 : No. of Free/Total Builders: 0/4
2015-07-31 08:38:40 :  [T]: 1 497
2015-07-31 08:38:40 :  [G]: 5 230 426 [E]: 5 618 678 [D]: 66 499 [GEM]: 955
2015-07-31 08:38:42 : Checking Army Camp...
2015-07-31 08:38:44 : Total Army Camp capacity: 200/200
2015-07-31 08:38:45 :  - No. of Barbarians: 80
2015-07-31 08:38:45 :  - No. of Archers: 66
2015-07-31 08:38:45 :  - No. of Balloons: 6
2015-07-31 08:38:46 :  - No. of Wizards: 6
2015-07-31 08:38:46 : Training Troops...
2015-07-31 08:38:46 : Your Army Camps are now Full
2015-07-31 08:39:09 :  ====== Unbreakable Mode enabled! ====== 
2015-07-31 08:39:12 : Going to Attack...
2015-07-31 08:39:20 : Returning Home For Defense
2015-07-31 08:39:24 : Closing Clash Of Clans
2015-07-31 08:39:25 : Waiting 15 Minutes for Defense Attacks
2015-07-31 08:54:50 : Zooming Out
2015-07-31 08:54:53 : Trying to locate Main Screen
2015-07-31 08:54:54 : Main Screen Located
2015-07-31 08:54:55 : Collecting Resources
2015-07-31 08:55:05 : Checking if Village needs Rearming..
2015-07-31 08:55:13 : Village Report
2015-07-31 08:55:13 : No. of Free/Total Builders: 0/4
2015-07-31 08:55:13 :  [T]: 1 497
2015-07-31 08:55:13 :  [G]: 5 233 265 [E]: 5 614 074 [D]: 66 523 [GEM]: 955
2015-07-31 08:55:15 : Checking Army Camp...
2015-07-31 08:55:17 : Total Army Camp capacity: 200/200
2015-07-31 08:55:18 :  - No. of Barbarians: 80
2015-07-31 08:55:18 :  - No. of Archers: 66
2015-07-31 08:55:18 :  - No. of Balloons: 6
2015-07-31 08:55:19 :  - No. of Wizards: 6
2015-07-31 08:55:19 : Training Troops...
2015-07-31 08:55:20 : Your Army Camps are now Full
2015-07-31 08:55:43 :  ====== Unbreakable Mode enabled! ====== 
2015-07-31 08:55:46 : Going to Attack...
2015-07-31 08:55:54 : Returning Home For Defense
2015-07-31 08:55:58 : Closing Clash Of Clans
2015-07-31 08:55:59 : Waiting 15 Minutes for Defense Attacks
2015-07-31 09:11:24 : Zooming Out
2015-07-31 09:11:28 : Trying to locate Main Screen
2015-07-31 09:11:28 : Main Screen Located
2015-07-31 09:11:29 : Collecting Resources
2015-07-31 09:11:39 : Checking if Village needs Rearming..
2015-07-31 09:11:47 : Village Report
2015-07-31 09:11:47 : No. of Free/Total Builders: 0/4
2015-07-31 09:11:47 :  [T]: 1 497
2015-07-31 09:11:47 :  [G]: 5 236 106 [E]: 5 617 277 [D]: 66 547 [GEM]: 955
2015-07-31 09:11:49 : Checking Army Camp...
2015-07-31 09:11:51 : Total Army Camp capacity: 200/200
2015-07-31 09:11:52 :  - No. of Barbarians: 80
2015-07-31 09:11:52 :  - No. of Archers: 66
2015-07-31 09:11:52 :  - No. of Balloons: 6
2015-07-31 09:11:53 :  - No. of Wizards: 6
2015-07-31 09:11:53 : Training Troops...
2015-07-31 09:11:54 : Your Army Camps are now Full
2015-07-31 09:12:17 :  ====== Unbreakable Mode enabled! ====== 
2015-07-31 09:12:20 : Going to Attack...
2015-07-31 09:12:28 : Returning Home For Defense
2015-07-31 09:12:32 : Closing Clash Of Clans
2015-07-31 09:12:33 : Waiting 15 Minutes for Defense Attacks
2015-07-31 09:27:58 : Zooming Out
2015-07-31 09:28:01 : Trying to locate Main Screen
2015-07-31 09:28:01 : Main Screen Located
2015-07-31 09:28:02 : Collecting Resources
2015-07-31 09:28:12 : Checking if Village needs Rearming..
2015-07-31 09:28:20 : Village Report
2015-07-31 09:28:20 : No. of Free/Total Builders: 0/4
2015-07-31 09:28:20 :  [T]: 1 497
2015-07-31 09:28:20 :  [G]: 5 238 946 [E]: 5 620 474 [D]: 66 571 [GEM]: 955
2015-07-31 09:28:23 : Checking Army Camp...
2015-07-31 09:28:25 : Total Army Camp capacity: 200/200
2015-07-31 09:28:26 :  - No. of Barbarians: 80
2015-07-31 09:28:26 :  - No. of Archers: 66
2015-07-31 09:28:26 :  - No. of Balloons: 6
2015-07-31 09:28:26 :  - No. of Wizards: 6
2015-07-31 09:28:26 : Training Troops...
2015-07-31 09:28:27 : Your Army Camps are now Full
2015-07-31 09:28:50 :  ====== Unbreakable Mode enabled! ====== 
2015-07-31 09:28:53 : Going to Attack...
2015-07-31 09:29:01 : Returning Home For Defense
2015-07-31 09:29:05 : Closing Clash Of Clans
2015-07-31 09:29:06 : Waiting 15 Minutes for Defense Attacks
2015-07-31 09:44:31 : Zooming Out
2015-07-31 09:44:34 : Trying to locate Main Screen
2015-07-31 09:44:34 : Main Screen Located
2015-07-31 09:44:36 : Collecting Resources
2015-07-31 09:44:46 : Checking if Village needs Rearming..
2015-07-31 09:44:53 : Village Report
2015-07-31 09:44:53 : No. of Free/Total Builders: 0/4
2015-07-31 09:44:53 :  [T]: 1 497
2015-07-31 09:44:54 :  [G]: 5 241 789 [E]: 5 623 676 [D]: 66 595 [GEM]: 955
2015-07-31 09:44:56 : Checking Army Camp...
2015-07-31 09:44:58 : Total Army Camp capacity: 200/200
2015-07-31 09:44:59 :  - No. of Barbarians: 80
2015-07-31 09:44:59 :  - No. of Archers: 66
2015-07-31 09:44:59 :  - No. of Balloons: 6
2015-07-31 09:44:59 :  - No. of Wizards: 6
2015-07-31 09:44:59 : Training Troops...
2015-07-31 09:45:00 : Your Army Camps are now Full
2015-07-31 09:45:24 :  ====== Unbreakable Mode enabled! ====== 
2015-07-31 09:45:27 : Going to Attack...
2015-07-31 09:45:35 : Returning Home For Defense
2015-07-31 09:45:39 : Closing Clash Of Clans
2015-07-31 09:45:40 : Waiting 15 Minutes for Defense Attacks
2015-07-31 10:01:24 : Waiting for Main Screen
2015-07-31 10:21:12 : Zooming Out
2015-07-31 10:21:14 : Checking Troop Upgrade in Laboratory ...
2015-07-31 10:21:14 : Updating village values [E]: 5623676 [D]: 66595
2015-07-31 10:21:16 : Insufficent Elixir for Pekka, Lab requires: 6000000 + 250000 user reserve
2015-07-31 10:21:18 : Trying to locate Main Screen
2015-07-31 10:21:18 : Main Screen Located
2015-07-31 10:21:19 : Collecting Resources
2015-07-31 10:21:29 : Checking if Village needs Rearming..
2015-07-31 10:21:37 : Village Report
2015-07-31 10:21:37 : No. of Free/Total Builders: 0/4
2015-07-31 10:21:37 :  [T]: 1 497
2015-07-31 10:21:37 :  [G]: 5 248 834 [E]: 5 630 813 [D]: 66 649 [GEM]: 955
2015-07-31 10:21:39 : Checking Army Camp...
2015-07-31 10:21:41 : Total Army Camp capacity: 200/200
2015-07-31 10:21:42 :  - No. of Barbarians: 80
2015-07-31 10:21:42 :  - No. of Archers: 66
2015-07-31 10:21:42 :  - No. of Balloons: 6
2015-07-31 10:21:43 :  - No. of Wizards: 6
2015-07-31 10:21:43 : Training Troops...
2015-07-31 10:21:44 : Your Army Camps are now Full
2015-07-31 10:22:07 :  ====== Unbreakable Mode enabled! ====== 
2015-07-31 10:22:11 : Going to Attack...
2015-07-31 10:23:07 : Excess Cloud Watching Time, Try again
2015-07-31 10:23:07 : Checking Troop Upgrade in Laboratory ...
2015-07-31 10:23:07 : Updating village values [E]: 
2015-07-31 10:23:09 : Trouble finding research button, try again...
2015-07-31 10:23:11 : Waiting for Main Screen
2015-07-31 10:23:14 : Trying to locate Main Screen
2015-07-31 10:23:14 : Main Screen Located
2015-07-31 10:23:15 : Collecting Resources
2015-07-31 10:23:23 : Checking if Village needs Rearming..
2015-07-31 10:23:31 : Village Report
2015-07-31 10:23:31 : No. of Free/Total Builders: 0/4
2015-07-31 10:23:31 :  [T]: 1 497
2015-07-31 10:23:31 :  [G]: 5 248 834 [E]: 5 630 813 [D]: 66 649 [GEM]: 955
2015-07-31 10:23:33 : Checking Army Camp...
2015-07-31 10:23:35 : Total Army Camp capacity: 200/200
2015-07-31 10:23:36 :  - No. of Barbarians: 80
2015-07-31 10:23:37 :  - No. of Archers: 66
2015-07-31 10:23:37 :  - No. of Balloons: 6
2015-07-31 10:23:37 :  - No. of Wizards: 6
2015-07-31 10:23:37 : Training Troops...
2015-07-31 10:23:38 : Your Army Camps are now Full
2015-07-31 10:24:01 :  ====== Unbreakable Mode enabled! ====== 
2015-07-31 10:24:04 : Going to Attack...
2015-07-31 10:25:01 : Excess Cloud Watching Time, Try again
2015-07-31 10:25:01 : Checking Troop Upgrade in Laboratory ...
2015-07-31 10:25:01 : Updating village values [E]: 
2015-07-31 10:25:03 : Trouble finding research button, try again...
2015-07-31 10:25:04 : Waiting for Main Screen
2015-07-31 10:25:08 : Trying to locate Main Screen
2015-07-31 10:25:08 : Main Screen Located
2015-07-31 10:25:09 : Collecting Resources
2015-07-31 10:25:17 : Checking if Village needs Rearming..
2015-07-31 10:25:25 : Village Report
2015-07-31 10:25:25 : No. of Free/Total Builders: 0/4
2015-07-31 10:25:25 :  [T]: 1 497
2015-07-31 10:25:25 :  [G]: 5 248 834 [E]: 5 630 813 [D]: 66 653 [GEM]: 955
2015-07-31 10:25:27 : Checking Army Camp...
2015-07-31 10:25:29 : Total Army Camp capacity: 200/200
2015-07-31 10:25:30 :  - No. of Barbarians: 80
2015-07-31 10:25:31 :  - No. of Archers: 66
2015-07-31 10:25:31 :  - No. of Balloons: 6
2015-07-31 10:25:31 :  - No. of Wizards: 6
2015-07-31 10:25:31 : Training Troops...
2015-07-31 10:25:32 : Your Army Camps are now Full
2015-07-31 10:25:53 :  ====== Unbreakable Mode enabled! ====== 
2015-07-31 10:25:57 : Going to Attack...
2015-07-31 10:26:04 : Returning Home For Defense
2015-07-31 10:26:09 : Closing Clash Of Clans
2015-07-31 10:26:10 : Waiting 15 Minutes for Defense Attacks
2015-07-31 10:29:00 : ClashGameBot was Resumed.
2015-07-31 10:29:06 : ClashGameBot was Paused!
