2015-08-14 12:47:23 :  Clash Game Bot v4.1.1 MODS Powered by GameBot.org ~
2015-08-14 12:47:23 : GameBot.org.exe Executable running on WIN_7  X64
2015-08-14 12:47:23 : =================== Bot Start ====================
2015-08-14 12:47:23 : -------------------------  Current Profile: 01 --------------------------
2015-08-14 12:47:23 : Trying to locate Main Screen
2015-08-14 12:47:24 : Main Screen Located
2015-08-14 12:47:25 : Detecting your Buildings..
2015-08-14 12:47:39 : Verifying your Mines/Extractors/Drills ...wait ...
2015-08-14 12:47:43 : Total No. of Gold Mines: 5
2015-08-14 12:47:47 : Total No. of Elixir Collectors: 6
2015-08-14 12:47:49 : Language setting is English: Correct.
2015-08-14 12:47:50 : Trying to locate Main Screen
2015-08-14 12:47:50 : Main Screen Located
2015-08-14 12:47:52 : Village Report
2015-08-14 12:47:52 : No. of Free/Total Builders: 0/5
2015-08-14 12:47:52 :  [T]: 3 134
2015-08-14 12:47:52 :  [G]: 5 985 965 [E]: 5 932 892 [D]: 80 000 [GEM]: 64
2015-08-14 12:47:52 : Trying to locate Main Screen
2015-08-14 12:47:52 : Main Screen Located
2015-08-14 12:47:55 : Temprory account Detected...
2015-08-14 12:47:55 : Collecting Resources
2015-08-14 12:48:03 : Checking if Village needs Rearming..
2015-08-14 12:48:12 : Checking Army Camp...
2015-08-14 12:48:14 : Total Army Camp capacity: 200/200
2015-08-14 12:48:17 :  - No. of Barbarians: 40
2015-08-14 12:48:17 :  - No. of Archers: 100
2015-08-14 12:48:17 :  - No. of Giants: 12
2015-08-14 12:48:17 : Barracks and Spell factory status: 
2015-08-14 12:48:17 : - Barracks detected: 4 | Available: 4 | Upgrading: 0
2015-08-14 12:48:17 : - Dark Barracks detected: 2 | Available: 1 | Upgrading: 1
2015-08-14 12:48:17 : - Spell factory detected: 1 | Available: 1 | Upgrading: 0
2015-08-14 12:48:17 : - Dark Spell factory detected: 1 | Available: 1 | Upgrading: 0
2015-08-14 12:48:17 : Training Troops...
2015-08-14 12:48:18 : Your Army Camps are now Full
2015-08-14 12:48:18 : Too few Barb, train first.
2015-08-14 12:48:43 : 0
2015-08-14 12:48:46 : Clear an Obstacle on the Field
2015-08-14 12:48:46 : No. of Free/Total Builders: 0/5
2015-08-14 12:48:46 : No Builders
2015-08-14 12:48:46 : Finished kicking
2015-08-14 12:48:46 : Going to Attack...
2015-08-14 12:48:52 : ============== Searching For Dead Base ===============
2015-08-14 12:48:52 : ~~~~~~~~~~~~~~~ SEARCH CONDITIONS ~~~~~~~~~~~~~~~~
2015-08-14 12:48:52 : Meet: Gold and Elixir, TH Outside
2015-08-14 12:48:52 : ~~~~~~~~~~~~~~ RESOURCE CONDITIONS ~~~~~~~~~~~~~~~
2015-08-14 12:48:52 : Aim: [G]: 999999 [E]: 999999 [D]:    0 [T]: 0, Out for: Dead Base
2015-08-14 12:48:52 : ~~~~~~~~~~~~~~~ ADVANCED SETTINGS ~~~~~~~~~~~~~~~~
2015-08-14 12:48:52 : THSnipe Combo, 1 Tile(s), AttackTH, Attack3:GBarch
2015-08-14 12:48:52 : ==================================================
2015-08-14 12:48:58 :   1> [G]: 203626 [E]: 217585 [D]: 1370 [T]:20 [TH]: 9, In
2015-08-14 12:49:04 :   2> [G]:  93402 [E]: 133396 [D]: 1961 [T]:34 [TH]:10, In
2015-08-14 12:49:08 :   3> [G]:  72188 [E]: 108121 [D]:  793 [T]:20 [TH]: 9, In
2015-08-14 12:49:13 :   4> [G]: 133054 [E]: 145312 [D]: 2186 [T]:21 [TH]:10, In
2015-08-14 12:49:18 :   5> [G]:  36962 [E]:  19283 [D]:  238 [T]: 8 [TH]: 9, In
2015-08-14 12:49:27 :   6> [G]: 137414 [E]: 103111 [D]: 1347 [T]:16 [TH]:10, In
2015-08-14 12:49:35 :   7> [G]: 273121 [E]:  80517 [D]: 1761 [T]:17 [TH]:10, In
2015-08-14 12:49:39 :   8> [G]:  31135 [E]: 199315 [D]:  728 [T]: 5 [TH]: 9, In
2015-08-14 12:49:51 :   9> [G]:  23381 [E]: 160931 [D]:  706 [T]:16 [TH]:10, In
2015-08-14 12:49:55 :  10> [G]:   3706 [E]:  76153 [D]: 1200 [T]:24 [TH]:10, In
2015-08-14 12:50:04 :  11> [G]:  56313 [E]:  66872 [D]: 1418 [T]: 4 [TH]: 9, In
2015-08-14 12:50:09 :  12> [G]:  57452 [E]:  37307 [D]:  892 [T]: 1 [TH]: 9, In
2015-08-14 12:50:12 :  13> [G]:  68236 [E]: 251013 [D]: 2072 [T]:19 [TH]:10, In
2015-08-14 12:50:18 :  14> [G]:  89653 [E]:  85277 [D]: 1080 [T]: 3 [TH]: 9, In
2015-08-14 12:50:25 :  15> [G]:  34576 [E]:  38434 [D]:  331 [T]: 2 [TH]: 9, In
2015-08-14 12:50:28 :  16> [G]:  98386 [E]: 128430 [D]:  654 [T]: 4 [TH]: 9, In
2015-08-14 12:50:33 :  17> [G]: 118134 [E]:  65289 [D]:  838 [T]: 1 [TH]: 9, In
2015-08-14 12:50:38 :  18> [G]:  86511 [E]: 293885 [D]:  535 [T]: 1 [TH]: 9, In
2015-08-14 12:50:45 :  19> [G]:  48120 [E]: 115878 [D]:  297 [T]: 1 [TH]: 9, In
2015-08-14 12:50:48 :  20> [G]: 114201 [E]:  46728 [D]:  483 [T]:13 [TH]: 9, In
2015-08-14 12:50:51 :  21> [G]:  35188 [E]:  41175 [D]:  582 [T]: 5 [TH]: 9, In
2015-08-14 12:50:56 :  22> [G]:  47561 [E]: 125202 [D]:  680 [T]: 1 [TH]: 9, In
2015-08-14 12:51:01 :  23> [G]:  71847 [E]:  13021 [D]:  310 [T]: 1 [TH]: 9, In
2015-08-14 12:51:06 :  24> [G]:  80623 [E]: 109105 [D]:  720 [T]: 9 [TH]: 9, In
2015-08-14 12:51:12 :  25> [G]:  20025 [E]:   5829 [D]:  337 [T]: 1 [TH]: 9, In
2015-08-14 12:51:17 :  26> [G]:  12312 [E]:  17992 [D]:  431 [T]: 1 [TH]: 9, In
2015-08-14 12:51:22 :  27> [G]: 167214 [E]:  95762 [D]:  518 [T]: 1 [TH]: 9, In
2015-08-14 12:51:32 :  28> [G]:  62349 [E]:  53178 [D]:  967 [T]: 1 [TH]: 9, In
2015-08-14 12:51:36 :  29> [G]:  39699 [E]:   9224 [D]:  857 [T]: 2 [TH]: 9, In
2015-08-14 12:51:42 :  30> [G]:  34342 [E]: 186662 [D]: 1267 [T]: 1 [TH]: 9, In
2015-08-14 12:51:47 :  31> [G]:  48022 [E]:  16236 [D]: 1023 [T]: 1 [TH]: 9, In
2015-08-14 12:51:52 :  32> [G]:  71881 [E]: 120245 [D]: 1193 [T]: 1 [TH]: 9, In
2015-08-14 12:51:58 :  33> [G]:  10421 [E]:  59375 [D]:  446 [T]: 2 [TH]: 9, In
2015-08-14 12:52:03 :  34> [G]:  52620 [E]:  88571 [D]:  910 [T]: 1 [TH]: 9, In
2015-08-14 12:52:07 :  35> [G]:  27245 [E]:  39358 [D]:  341 [T]: 3 [TH]: 9, In
2015-08-14 12:52:11 :  36> [G]:  67014 [E]:   7516 [D]:  614 [T]: 3 [TH]: 9, In
