2015-08-02 19:04:15 : ~ Clash Game Bot v4.1MODS Powered by GameBot.org ~
2015-08-02 19:04:15 : GameBot.org.exe Executable running on WIN_7  X64
2015-08-02 19:04:15 : =================== Bot Start ====================
2015-08-02 19:04:15 : -------------------------  Current Profile: 01 --------------------------
2015-08-02 19:04:16 : Trying to locate Main Screen
2015-08-02 19:04:17 : Zooming Out
2015-08-02 19:04:19 : Main Screen Located
2015-08-02 19:04:20 : Detecting your Buildings..
2015-08-02 19:04:27 : Language setting is English: Correct.
2015-08-02 19:04:28 : Trying to locate Main Screen
2015-08-02 19:04:28 : Main Screen Located
2015-08-02 19:04:29 : Collecting Resources
2015-08-02 19:04:37 : Checking if Village needs Rearming..
2015-08-02 19:04:45 : Village Report
2015-08-02 19:04:45 : No. of Free/Total Builders: 0/4
2015-08-02 19:04:45 :  [T]: 1 803
2015-08-02 19:04:45 :  [G]: 5 846 778 [E]: 5 130 611 [D]: 61 143 [GEM]: 953
2015-08-02 19:04:48 : Checking Army Camp...
2015-08-02 19:04:50 : Total Army Camp capacity: 200/200
2015-08-02 19:04:51 :  - No. of Barbarians: 122
2015-08-02 19:04:51 :  - No. of Archers: 78
2015-08-02 19:04:52 : Barracks and Spell factory status: 
2015-08-02 19:04:52 : - Barracks detected: 4 | Available: 3 | Upgrading: 1
2015-08-02 19:04:52 : - Dark Barracks detected: 2 | Available: 2 | Upgrading: 0
2015-08-02 19:04:52 : - Spell factory detected: 1 | Available: 1 | Upgrading: 0
2015-08-02 19:04:52 : - Dark Spell factory detected: 1 | Available: 0 | Upgrading: 1
2015-08-02 19:04:52 : Training Troops...
2015-08-02 19:04:52 : Your Army Camps are now Full
