2015-08-01 15:10:07 : ~~~ Clash Game Bot v4.1 Powered by GameBot.org ~~~
2015-08-01 15:10:07 : GameBot.org.exe Executable running on WIN_7  X64
2015-08-01 15:10:07 : =================== Bot Start ====================
2015-08-01 15:10:07 : -------------------------  Current Profile: 01 --------------------------
2015-08-01 15:10:07 : Trying to locate Main Screen
2015-08-01 15:10:09 : Zooming Out
2015-08-01 15:10:11 : Main Screen Located
2015-08-01 15:10:11 : Language setting is English: Correct.
2015-08-01 15:10:12 : Trying to locate Main Screen
2015-08-01 15:10:12 : Main Screen Located
2015-08-01 15:10:12 : Restarted after Out of Sync Error: Attack Now
2015-08-01 15:10:12 : Going to Attack...
2015-08-01 15:10:18 : ============== Searching For Dead Base ===============
2015-08-01 15:10:18 : ~~~~~~~~~~~~~~~ SEARCH CONDITIONS ~~~~~~~~~~~~~~~~
2015-08-01 15:10:18 : Meet: Gold or Elixir, TH Outside
2015-08-01 15:10:18 : ~~~~~~~~~~~~~~ RESOURCE CONDITIONS ~~~~~~~~~~~~~~~
2015-08-01 15:10:18 : Aim: [G]: 200000 [E]: 200000 [D]:    0 [T]: 0, Out, Out, Out, Out for: Dead Base
2015-08-01 15:10:18 : ~~~~~~~~~~~~~~~ ADVANCED SETTINGS ~~~~~~~~~~~~~~~~
2015-08-01 15:10:18 : THSnipe Combo, 1 Tile(s), AttackTH, Attack1:Normal
2015-08-01 15:10:18 : ==================================================
2015-08-01 15:10:19 :   6> [G]:  88802 [E]:  42995 [D]: 2435 [T]:34 [TH]: 9, Out
2015-08-01 15:10:19 : ~~~~~~~~~~~~~~~ TH Outside Found! ~~~~~~~~~~~~~~~~
2015-08-01 15:10:21 : ================ Search Complete =================
2015-08-01 15:10:21 : Initiating attack for: TH Snipe
2015-08-01 15:10:24 : -Barbarians 124
2015-08-01 15:10:24 : -Archers 76
2015-08-01 15:10:24 : -Clan Castle 
2015-08-01 15:10:24 : -King 
2015-08-01 15:10:24 : -Lightning Spells 2
2015-08-01 15:10:24 : -Poison Spells 2
2015-08-01 15:10:24 :  ====== Start Attack ====== 
2015-08-01 15:10:26 : Normal Attacking TH Outside with BAM PULSE!
2015-08-01 15:10:26 : Dropping first wave of 6 Barbarians
2015-08-01 15:10:28 : Deployment of Barbarians Successful!
2015-08-01 15:10:30 : Dropping first wave of 6 Archers
2015-08-01 15:10:32 : Deployment of Archers Successful!
2015-08-01 15:10:33 : No  troop Found!!!
2015-08-01 15:10:56 : Townhall has been destroyed!
2015-08-01 15:10:59 : Checking if the battle has finished
2015-08-01 15:11:01 : detected [G]:  [E]:  [DE]:  |  Exit now 
2015-08-01 15:11:01 : Battle has finished
2015-08-01 15:11:01 : Returning Home
2015-08-01 15:11:05 : Loot: [G]: 1 000 [E]: 1 000 [DE]:  [T]: 11
2015-08-01 15:11:05 : Bonus [G]: 11 000 [E]: 11 000
2015-08-01 15:11:07 : Your league level is: Gold II
2015-08-01 15:11:07 : Stars earned: 1
2015-08-01 15:11:14 : Trying to locate Main Screen
2015-08-01 15:11:14 : Main Screen Located
2015-08-01 15:11:15 : Collecting Resources
2015-08-01 15:11:25 : Checking if Village needs Rearming..
2015-08-01 15:11:33 : Village Report
2015-08-01 15:11:33 : No. of Free/Total Builders: 0/4
2015-08-01 15:11:33 :  [T]: 1 641
2015-08-01 15:11:33 :  [G]: 3 504 769 [E]: 2 680 625 [D]: 56 913 [GEM]: 954
2015-08-01 15:11:36 : Chat Request: Poubelle
