2015-07-27 00:18:39 : Starting BlueStacks
2015-07-27 00:18:53 : BlueStacks Loaded, took 12.88 seconds to begin.
2015-07-27 00:18:53 : ~~~ Clash Game Bot v4.1 Powered by GameBot.org ~~~
2015-07-27 00:18:53 : GameBot.org.exe Executable running on WIN_7  X64
2015-07-27 00:18:53 : =================== Bot Start ====================
2015-07-27 00:18:53 : -------------------------  Current Profile: 01 --------------------------
2015-07-27 00:18:55 : Trying to locate Main Screen
2015-07-27 00:18:59 : Waiting for Main Screen
2015-07-27 00:19:12 : Zooming Out
2015-07-27 00:19:14 : Main Screen Located
2015-07-27 00:19:15 : Detecting your Buildings..
2015-07-27 00:19:26 : Your Town Hall Level read as: 8
2015-07-27 00:19:27 : Locating Barrack...
2015-07-27 00:22:00 : Location not valid, try again
2015-07-27 00:22:15 : Locate Barrack Cancelled
2015-07-27 00:22:15 : Locating Army Camp...
2015-07-27 00:22:50 : Army Camp: (503,152)
2015-07-27 00:22:59 : $TotalCamp = 200
2015-07-27 00:22:59 : Locating Clan Castle...
2015-07-27 00:23:11 : Clan Castle: (390,299)
2015-07-27 00:23:21 : Verifying your Mines/Extractors/Drills ...wait ...
2015-07-27 00:23:24 : Total No. of Gold Mines: 5
2015-07-27 00:23:28 : Total No. of Elixir Collectors: 6
2015-07-27 00:23:30 : Language setting is English: Correct.
2015-07-27 00:23:31 : Trying to locate Main Screen
2015-07-27 00:23:31 : Main Screen Located
2015-07-27 00:23:33 : Collecting Resources
2015-07-27 00:23:39 : Checking if Village needs Rearming..
2015-07-27 00:23:47 : Village Report
2015-07-27 00:23:47 : No. of Free/Total Builders: 1/4
2015-07-27 00:23:47 :  [T]: 1 317
2015-07-27 00:23:47 :  [G]: 299 400 [E]: 5 592 913 [D]: 40 438 [GEM]: 815
2015-07-27 00:23:49 : Checking Army Camp...
2015-07-27 00:23:51 : Total Army Camp capacity: 0/200
2015-07-27 00:23:52 : Barracks and Spell factory status: 
2015-07-27 00:23:52 : - Barracks detected: 4 | Available: 4 | Upgrading: 0
2015-07-27 00:23:52 : - Dark Barracks detected: 2 | Available: 2 | Upgrading: 0
2015-07-27 00:23:52 : - Spell factory detected: 1 | Available: 1 | Upgrading: 0
2015-07-27 00:23:52 : - Dark Spell factory detected: 1 | Available: 1 | Upgrading: 0
2015-07-27 00:23:52 : Training Troops...
