2015-07-31 19:39:36 : ~~~ Clash Game Bot v4.1 Powered by GameBot.org ~~~
2015-07-31 19:39:36 : GameBot.org.exe Executable running on WIN_7  X64
2015-07-31 19:39:36 : =================== Bot Start ====================
2015-07-31 19:39:36 : -------------------------  Current Profile: 01 --------------------------
2015-07-31 19:39:36 : Trying to locate Main Screen
2015-07-31 19:39:38 : Zooming Out
2015-07-31 19:39:40 : Main Screen Located
2015-07-31 19:39:41 : Detecting your Buildings..
2015-07-31 19:39:47 : Language setting is English: Correct.
2015-07-31 19:39:48 : Trying to locate Main Screen
2015-07-31 19:39:48 : Main Screen Located
2015-07-31 19:39:49 : Collecting Resources
2015-07-31 19:39:57 : Checking if Village needs Rearming..
2015-07-31 19:40:05 : Village Report
2015-07-31 19:40:05 : No. of Free/Total Builders: 0/4
2015-07-31 19:40:05 :  [T]: 1 482
2015-07-31 19:40:05 :  [G]: 5 904 735 [E]: 5 653 113 [D]: 68 545 [GEM]: 955
2015-07-31 19:40:07 : Checking Army Camp...
2015-07-31 19:40:09 : Total Army Camp capacity: 120/200
2015-07-31 19:40:10 :  - No. of Barbarians: 26
2015-07-31 19:40:10 :  - No. of Archers: 94
2015-07-31 19:40:10 : Barracks and Spell factory status: 
2015-07-31 19:40:10 : - Barracks detected: 4 | Available: 3 | Upgrading: 1
2015-07-31 19:40:10 : - Dark Barracks detected: 2 | Available: 2 | Upgrading: 0
2015-07-31 19:40:10 : - Spell factory detected: 1 | Available: 1 | Upgrading: 0
2015-07-31 19:40:10 : - Dark Spell factory detected: 1 | Available: 1 | Upgrading: 0
2015-07-31 19:40:11 : Training Troops...
2015-07-31 19:40:33 :  ====== Unbreakable Mode enabled! ====== 
2015-07-31 19:40:33 : Oops, wait for 70% troops filled
2015-07-31 19:40:34 : Trying to locate Main Screen
2015-07-31 19:40:34 : Main Screen Located
2015-07-31 19:40:37 : Waiting for Main Screen
2015-07-31 19:40:40 : Trying to locate Main Screen
2015-07-31 19:40:40 : Main Screen Located
2015-07-31 19:40:41 : Collecting Resources
2015-07-31 19:40:49 : Checking if Village needs Rearming..
2015-07-31 19:40:57 : Village Report
2015-07-31 19:40:57 : Cannot get Free/Total Builders
2015-07-31 19:40:57 : No. of Free/Total Builders: 0/0
2015-07-31 19:40:57 :  [T]: 1 482
2015-07-31 19:40:57 :  [G]: 5 904 735 [E]: 5 619 213 [D]: 68 545 [GEM]: 955
2015-07-31 19:41:00 : Checking Army Camp...
2015-07-31 19:41:02 : Total Army Camp capacity: 125/200
2015-07-31 19:41:03 :  - No. of Barbarians: 28
2015-07-31 19:41:03 :  - No. of Archers: 97
2015-07-31 19:41:03 : Training Troops...
2015-07-31 19:41:13 :  ====== Unbreakable Mode enabled! ====== 
2015-07-31 19:41:13 : Oops, wait for 70% troops filled
2015-07-31 19:41:14 : Trying to locate Main Screen
2015-07-31 19:41:14 : Main Screen Located
2015-07-31 19:41:15 : Collecting Resources
2015-07-31 19:41:23 : Checking if Village needs Rearming..
2015-07-31 19:41:31 : Village Report
2015-07-31 19:41:31 : Cannot get Free/Total Builders
2015-07-31 19:41:31 : No. of Free/Total Builders: 0/0
2015-07-31 19:41:31 :  [T]: 1 482
2015-07-31 19:41:31 :  [G]: 5 904 735 [E]: 5 618 613 [D]: 68 545 [GEM]: 955
2015-07-31 19:41:34 : Checking Army Camp...
2015-07-31 19:41:35 : Total Army Camp capacity: 130/200
2015-07-31 19:41:36 :  - No. of Barbarians: 28
2015-07-31 19:41:37 :  - No. of Archers: 102
2015-07-31 19:41:37 : Training Troops...
2015-07-31 19:41:47 :  ====== Unbreakable Mode enabled! ====== 
2015-07-31 19:41:47 : Oops, wait for 70% troops filled
2015-07-31 19:41:48 : Trying to locate Main Screen
2015-07-31 19:41:48 : Main Screen Located
2015-07-31 19:41:49 : Collecting Resources
2015-07-31 19:41:57 : Checking if Village needs Rearming..
2015-07-31 19:42:05 : Village Report
2015-07-31 19:42:05 : Cannot get Free/Total Builders
2015-07-31 19:42:05 : No. of Free/Total Builders: 0/0
2015-07-31 19:42:05 :  [T]: 1 482
2015-07-31 19:42:05 :  [G]: 5 904 735 [E]: 5 617 863 [D]: 68 547 [GEM]: 955
2015-07-31 19:42:08 : Checking Army Camp...
2015-07-31 19:42:10 : Total Army Camp capacity: 134/200
2015-07-31 19:42:11 :  - No. of Barbarians: 28
2015-07-31 19:42:11 :  - No. of Archers: 106
2015-07-31 19:42:11 : Training Troops...
2015-07-31 19:42:21 :  ====== Unbreakable Mode enabled! ====== 
2015-07-31 19:42:21 : Oops, wait for 70% troops filled
2015-07-31 19:42:22 : Trying to locate Main Screen
2015-07-31 19:42:22 : Main Screen Located
2015-07-31 19:42:24 : Collecting Resources
2015-07-31 19:42:32 : Checking if Village needs Rearming..
2015-07-31 19:42:40 : Village Report
2015-07-31 19:42:40 : No. of Free/Total Builders: 0/4
2015-07-31 19:42:40 :  [T]: 1 482
2015-07-31 19:42:40 :  [G]: 5 904 735 [E]: 5 617 413 [D]: 68 547 [GEM]: 955
2015-07-31 19:42:43 : Checking Army Camp...
2015-07-31 19:42:44 : Total Army Camp capacity: 138/200
2015-07-31 19:42:45 :  - No. of Barbarians: 28
2015-07-31 19:42:45 :  - No. of Archers: 110
2015-07-31 19:42:46 : Training Troops...
2015-07-31 19:42:56 :  ====== Unbreakable Mode enabled! ====== 
2015-07-31 19:42:56 : Oops, wait for 70% troops filled
2015-07-31 19:42:57 : Trying to locate Main Screen
2015-07-31 19:42:57 : Main Screen Located
2015-07-31 19:42:58 : Collecting Resources
2015-07-31 19:43:06 : Checking if Village needs Rearming..
2015-07-31 19:43:15 : Village Report
2015-07-31 19:43:15 : No. of Free/Total Builders: 0/4
2015-07-31 19:43:15 :  [T]: 1 482
2015-07-31 19:43:15 :  [G]: 5 904 735 [E]: 5 616 813 [D]: 68 547 [GEM]: 955
2015-07-31 19:43:17 : Checking Army Camp...
2015-07-31 19:43:19 : Total Army Camp capacity: 142/200
2015-07-31 19:43:20 :  - No. of Barbarians: 28
2015-07-31 19:43:20 :  - No. of Archers: 114
2015-07-31 19:43:21 : Training Troops...
2015-07-31 19:43:31 :  ====== Unbreakable Mode enabled! ====== 
2015-07-31 19:43:34 : Going to Attack...
2015-07-31 19:43:42 : Returning Home For Defense
2015-07-31 19:43:46 : Closing Clash Of Clans
2015-07-31 19:43:47 : Waiting 15 Minutes for Defense Attacks
2015-07-31 19:59:11 : Zooming Out
2015-07-31 19:59:15 : Trying to locate Main Screen
2015-07-31 19:59:15 : Main Screen Located
2015-07-31 19:59:16 : Collecting Resources
2015-07-31 19:59:26 : Checking if Village needs Rearming..
2015-07-31 19:59:35 : Village Report
2015-07-31 19:59:35 : No. of Free/Total Builders: 0/4
2015-07-31 19:59:35 :  [T]: 1 482
2015-07-31 19:59:35 :  [G]: 5 908 209 [E]: 5 619 240 [D]: 68 571 [GEM]: 955
2015-07-31 19:59:37 : Checking Army Camp...
2015-07-31 19:59:39 : Total Army Camp capacity: 200/200
2015-07-31 19:59:40 :  - No. of Barbarians: 28
2015-07-31 19:59:40 :  - No. of Archers: 172
2015-07-31 19:59:40 : Training Troops...
2015-07-31 19:59:41 : Your Army Camps are now Full
2015-07-31 20:00:04 :  ====== Unbreakable Mode enabled! ====== 
2015-07-31 20:00:07 : Going to Attack...
2015-07-31 20:00:15 : Returning Home For Defense
2015-07-31 20:00:19 : Closing Clash Of Clans
2015-07-31 20:00:20 : Waiting 15 Minutes for Defense Attacks
2015-07-31 20:15:50 : Zooming Out
2015-07-31 20:15:55 : Trying to locate Main Screen
2015-07-31 20:15:55 : Main Screen Located
2015-07-31 20:15:57 : Collecting Resources
2015-07-31 20:16:12 : Checking if Village needs Rearming..
2015-07-31 20:16:20 : Village Report
2015-07-31 20:16:20 : No. of Free/Total Builders: 0/4
2015-07-31 20:16:20 :  [T]: 1 482
2015-07-31 20:16:20 :  [G]: 5 911 074 [E]: 5 608 890 [D]: 68 595 [GEM]: 955
2015-07-31 20:16:22 : Checking Army Camp...
2015-07-31 20:16:24 : Total Army Camp capacity: 200/200
2015-07-31 20:16:25 :  - No. of Barbarians: 28
2015-07-31 20:16:25 :  - No. of Archers: 172
2015-07-31 20:16:26 : Training Troops...
2015-07-31 20:16:26 : Your Army Camps are now Full
2015-07-31 20:16:50 :  ====== Unbreakable Mode enabled! ====== 
2015-07-31 20:16:53 : Going to Attack...
2015-07-31 20:17:01 : Returning Home For Defense
2015-07-31 20:17:05 : Closing Clash Of Clans
2015-07-31 20:17:06 : Waiting 15 Minutes for Defense Attacks
2015-07-31 20:32:31 : Zooming Out
2015-07-31 20:32:34 : Trying to locate Main Screen
2015-07-31 20:32:34 : Main Screen Located
2015-07-31 20:32:35 : Collecting Resources
2015-07-31 20:32:45 : Found tombstone ,  Removing...
2015-07-31 20:32:47 : Checking if Village needs Rearming..
2015-07-31 20:32:51 : Rearmed Trap(s)
2015-07-31 20:32:56 : Village Report
2015-07-31 20:32:56 : No. of Free/Total Builders: 0/4
2015-07-31 20:32:56 :  [T]: 1 503
2015-07-31 20:32:57 :  [G]: 5 809 696 [E]: 5 611 484 [D]: 68 614 [GEM]: 955
2015-07-31 20:32:59 : Checking Army Camp...
2015-07-31 20:33:01 : Total Army Camp capacity: 200/200
2015-07-31 20:33:02 :  - No. of Barbarians: 28
2015-07-31 20:33:02 :  - No. of Archers: 172
2015-07-31 20:33:02 : Training Troops...
2015-07-31 20:33:03 : Your Army Camps are now Full
2015-07-31 20:33:27 :  ====== Unbreakable Mode enabled! ====== 
2015-07-31 20:33:30 : Going to Attack...
2015-07-31 20:33:38 : Returning Home For Defense
2015-07-31 20:33:42 : Closing Clash Of Clans
2015-07-31 20:33:43 : Waiting 15 Minutes for Defense Attacks
2015-07-31 20:49:07 : Zooming Out
2015-07-31 20:49:11 : Trying to locate Main Screen
2015-07-31 20:49:11 : Main Screen Located
2015-07-31 20:49:13 : Collecting Resources
2015-07-31 20:49:23 : Checking if Village needs Rearming..
2015-07-31 20:49:31 : Village Report
2015-07-31 20:49:31 : No. of Free/Total Builders: 0/4
2015-07-31 20:49:31 :  [T]: 1 503
2015-07-31 20:49:31 :  [G]: 5 812 546 [E]: 5 614 172 [D]: 68 638 [GEM]: 955
2015-07-31 20:49:33 : Checking Army Camp...
2015-07-31 20:49:35 : Total Army Camp capacity: 200/200
2015-07-31 20:49:36 :  - No. of Barbarians: 28
2015-07-31 20:49:36 :  - No. of Archers: 172
2015-07-31 20:49:37 : Training Troops...
2015-07-31 20:49:37 : Your Army Camps are now Full
2015-07-31 20:49:37 : Checking Army Camp...
2015-07-31 20:49:39 : Total Army Camp capacity: 200/200
2015-07-31 20:49:40 :  - No. of Barbarians: 28
2015-07-31 20:49:40 :  - No. of Archers: 172
2015-07-31 20:49:40 : Training Troops...
2015-07-31 20:49:41 : Your Army Camps are now Full
2015-07-31 20:50:06 :  ====== Unbreakable Mode enabled! ====== 
2015-07-31 20:50:09 : Going to Attack...
2015-07-31 20:50:17 : Returning Home For Defense
2015-07-31 20:50:21 : Closing Clash Of Clans
2015-07-31 20:50:23 : Waiting 15 Minutes for Defense Attacks
2015-07-31 21:05:52 : Checking Troop Upgrade in Laboratory ...
2015-07-31 21:05:52 : Updating village values [E]: 5614172 [D]: 68638
2015-07-31 21:05:53 : Trouble finding research button, try again...
2015-07-31 21:05:56 : Zooming Out
2015-07-31 21:06:00 : Going to Attack...
2015-07-31 21:06:06 : ============== Searching For Dead Base ===============
2015-07-31 21:06:06 : ~~~~~~~~~~~~~~~ SEARCH CONDITIONS ~~~~~~~~~~~~~~~~
2015-07-31 21:06:06 : Meet: Gold or Elixir, TH Outside
2015-07-31 21:06:06 : Meet One and Attack!
2015-07-31 21:06:06 : ~~~~~~~~~~~~~~ RESOURCE CONDITIONS ~~~~~~~~~~~~~~~
2015-07-31 21:06:06 : Aim: [G]: 200000 [E]: 200000 [D]:    0 [T]: 0, Out for: Dead Base
2015-07-31 21:06:06 : ~~~~~~~~~~~~~~~ ADVANCED SETTINGS ~~~~~~~~~~~~~~~~
2015-07-31 21:06:06 : THSnipe Combo, 1 Tile(s), 
2015-07-31 21:06:06 : ==================================================
2015-07-31 21:06:07 :   1> [G]:  41144 [E]: 152043 [D]:  846 [T]:32 [TH]: 7, In
2015-07-31 21:06:09 :   2> [G]:  41144 [E]: 152043 [D]:  846 [T]:32 [TH]: 7, In
2015-07-31 21:06:12 :   3> [G]: 115597 [E]:  32851 [D]:  481 [T]:32 [TH]: 7, In
2015-07-31 21:06:19 :   4> [G]: 198173 [E]: 207781 [D]:  828 [T]:34 [TH]: 9, In
2015-07-31 21:06:19 : ~~~~~~~~~~~~~~~~ Dead Base Found! ~~~~~~~~~~~~~~~~
2015-07-31 21:06:21 : ================ Search Complete =================
2015-07-31 21:06:21 : Initiating attack for: Dead Base
2015-07-31 21:06:24 : -Barbarians 28
2015-07-31 21:06:24 : -Archers 172
2015-07-31 21:06:24 : -Clan Castle 
2015-07-31 21:06:24 : -King 
2015-07-31 21:06:24 : -Lightning Spells 2
2015-07-31 21:06:24 : -Poison Spells 2
2015-07-31 21:06:24 :  ====== Start Attack ====== 
2015-07-31 21:06:26 : Calculating Smart Attack Strategy
2015-07-31 21:06:27 : Calculated  (in 0.61 seconds) :
2015-07-31 21:06:27 : Locating Mines, Collectors & Drills
2015-07-31 21:06:29 : Located  (in 1.98 seconds) :
2015-07-31 21:06:29 : [6] Gold Mines
2015-07-31 21:06:29 : [6] Elixir Collectors
2015-07-31 21:06:29 : [0] Dark Elixir Drill/s
2015-07-31 21:06:29 : Attacking on all sides
2015-07-31 21:06:30 : Dropping first wave of Barbarians 14
2015-07-31 21:06:32 : Dropping first wave of Archers 86
2015-07-31 21:06:38 : Dropping second wave of Barbarians 14
2015-07-31 21:06:40 : Dropping second wave of Archers 86
2015-07-31 21:06:46 : Dropping King
2015-07-31 21:06:49 : Dropping last 3  of Barbarians
2015-07-31 21:06:50 : Dropping left over troops
2015-07-31 21:06:50 : Checking remaining unused troops for: Dead Base
2015-07-31 21:06:53 : -Clan Castle 
2015-07-31 21:06:53 : -Lightning Spells 2
2015-07-31 21:06:53 : -Poison Spells 2
2015-07-31 21:07:02 : Checking remaining unused troops for: Dead Base
2015-07-31 21:07:04 : -Clan Castle 
2015-07-31 21:07:04 : -Lightning Spells 2
2015-07-31 21:07:04 : -Poison Spells 2
2015-07-31 21:07:04 : King is getting weak, Activating King's power
2015-07-31 21:07:13 : Finished Attacking, waiting for the battle to end
2015-07-31 21:07:13 : Checking if the battle has finished
2015-07-31 21:07:15 : detected [G]: 58320 [E]: 0 [DE]: 828 |  Exit in 18 sec.
2015-07-31 21:07:17 : detected [G]: 58320 [E]: 0 [DE]: 828 |  Exit in 16 sec.
2015-07-31 21:07:19 : detected [G]: 58320 [E]: 0 [DE]: 828 |  Exit in 15 sec.
2015-07-31 21:07:20 : detected [G]: 58320 [E]: 0 [DE]: 828 |  Exit in 13 sec.
2015-07-31 21:07:22 : detected [G]: 58320 [E]: 0 [DE]: 828 |  Exit in 11 sec.
2015-07-31 21:07:24 : detected [G]: 58320 [E]: 0 [DE]: 828 |  Exit in 10 sec.
2015-07-31 21:07:25 : detected [G]: 58320 [E]: 0 [DE]: 828 |  Exit in  8 sec.
2015-07-31 21:07:27 : detected [G]: 58320 [E]: 0 [DE]: 828 |  Exit in  6 sec.
2015-07-31 21:07:29 : detected [G]: 58320 [E]: 0 [DE]: 828 |  Exit in  5 sec.
2015-07-31 21:07:30 : detected [G]: 58320 [E]: 0 [DE]: 828 |  Exit in  3 sec.
2015-07-31 21:07:32 : detected [G]: 58320 [E]: 0 [DE]: 828 |  Exit in  1 sec.
2015-07-31 21:07:34 : detected [G]: 58320 [E]: 0 [DE]: 828 |  Exit in  0 sec.
2015-07-31 21:07:34 : Gold & Elixir & DE no change detected, exit
2015-07-31 21:07:34 : Returning Home
2015-07-31 21:08:11 : Loot: [G]: 47 493 [E]: 162 526 [DE]: 55 [T]: 11
2015-07-31 21:08:11 : Bonus [G]:  [E]: 
2015-07-31 21:08:14 : Stars earned: 1
2015-07-31 21:08:28 : Trying to locate Main Screen
2015-07-31 21:08:28 : Main Screen Located
2015-07-31 21:08:28 : Gold Storages are full!
2015-07-31 21:08:30 : Collecting Resources
2015-07-31 21:08:40 : Checking if Village needs Rearming..
2015-07-31 21:08:48 : Village Report
2015-07-31 21:08:48 : No. of Free/Total Builders: 0/4
2015-07-31 21:08:48 :  [T]: 1 514
2015-07-31 21:08:48 :  [G]: 5 986 651 [E]: 5 833 069 [D]: 68 722 [GEM]: 955
2015-07-31 21:08:50 : Checking Army Camp...
2015-07-31 21:08:52 : Total Army Camp capacity: 21/200
2015-07-31 21:08:53 :  - No. of Archers: 21
2015-07-31 21:08:53 : Training Troops...
2015-07-31 21:09:03 :  ====== Unbreakable Mode enabled! ====== 
2015-07-31 21:09:03 : Oops, wait for 70% troops filled
2015-07-31 21:09:04 : Trying to locate Main Screen
2015-07-31 21:09:04 : Main Screen Located
2015-07-31 21:09:04 : Gold Storages are full!
2015-07-31 21:09:05 : Collecting Resources
2015-07-31 21:09:13 : Checking if Village needs Rearming..
2015-07-31 21:09:21 : Village Report
2015-07-31 21:09:21 : Cannot get Free/Total Builders
2015-07-31 21:09:21 : No. of Free/Total Builders: 0/0
2015-07-31 21:09:21 :  [T]: 1 514
2015-07-31 21:09:21 :  [G]: 5 986 651 [E]: 5 832 169 [D]: 68 722 [GEM]: 955
2015-07-31 21:09:24 : Checking Army Camp...
2015-07-31 21:09:35 : Army size read error, Troop numbers can't be trained correctly
2015-07-31 21:09:36 : Total Army Camp capacity: 0/200
2015-07-31 21:09:38 : Training Troops...
2015-07-31 21:09:38 : No barrack avaiable, cannot start train
2015-07-31 21:09:41 : Waiting for Main Screen
2015-07-31 21:09:44 : Trying to locate Main Screen
2015-07-31 21:09:44 : Main Screen Located
2015-07-31 21:09:44 : Gold Storages are full!
2015-07-31 21:09:45 : Collecting Resources
2015-07-31 21:09:53 : Checking if Village needs Rearming..
2015-07-31 21:10:01 : Village Report
2015-07-31 21:10:01 : Cannot get Free/Total Builders
2015-07-31 21:10:01 : No. of Free/Total Builders: 0/0
2015-07-31 21:10:01 :  [T]: 1 514
2015-07-31 21:10:01 :  [G]: 5 986 651 [E]: 5 772 169 [D]: 68 722 [GEM]: 955
2015-07-31 21:10:03 : Checking Army Camp...
2015-07-31 21:10:05 : Total Army Camp capacity: 30/200
2015-07-31 21:10:06 :  - No. of Archers: 30
2015-07-31 21:10:07 : Training Troops...
2015-07-31 21:10:15 :  ====== Unbreakable Mode enabled! ====== 
2015-07-31 21:10:15 : Oops, wait for 70% troops filled
2015-07-31 21:10:16 : Trying to locate Main Screen
2015-07-31 21:10:17 : Main Screen Located
2015-07-31 21:10:17 : Gold Storages are full!
2015-07-31 21:10:18 : Collecting Resources
2015-07-31 21:10:26 : Checking if Village needs Rearming..
2015-07-31 21:10:34 : Village Report
2015-07-31 21:10:34 : Cannot get Free/Total Builders
2015-07-31 21:10:34 : No. of Free/Total Builders: 0/0
2015-07-31 21:10:34 :  [T]: 1 514
2015-07-31 21:10:34 :  [G]: 5 986 651 [E]: 5 772 169 [D]: 68 722 [GEM]: 955
2015-07-31 21:10:36 : Checking Army Camp...
2015-07-31 21:10:38 : Total Army Camp capacity: 33/200
2015-07-31 21:10:39 :  - No. of Archers: 33
2015-07-31 21:10:39 : Training Troops...
2015-07-31 21:10:48 :  ====== Unbreakable Mode enabled! ====== 
2015-07-31 21:10:48 : Oops, wait for 70% troops filled
2015-07-31 21:10:49 : Trying to locate Main Screen
2015-07-31 21:10:49 : Main Screen Located
2015-07-31 21:10:49 : Gold Storages are full!
2015-07-31 21:10:50 : Collecting Resources
2015-07-31 21:10:59 : Checking if Village needs Rearming..
2015-07-31 21:11:06 : Village Report
2015-07-31 21:11:06 : No. of Free/Total Builders: 0/4
2015-07-31 21:11:06 :  [T]: 1 514
2015-07-31 21:11:07 :  [G]: 5 986 651 [E]: 5 772 169 [D]: 68 724 [GEM]: 955
2015-07-31 21:11:09 : Checking Army Camp...
2015-07-31 21:11:11 : Total Army Camp capacity: 39/200
2015-07-31 21:11:12 :  - No. of Archers: 39
2015-07-31 21:11:12 : Training Troops...
2015-07-31 21:11:21 :  ====== Unbreakable Mode enabled! ====== 
2015-07-31 21:11:21 : Oops, wait for 70% troops filled
2015-07-31 21:11:22 : Trying to locate Main Screen
2015-07-31 21:11:22 : Main Screen Located
2015-07-31 21:11:22 : Gold Storages are full!
2015-07-31 21:11:23 : Collecting Resources
2015-07-31 21:11:32 : Checking if Village needs Rearming..
2015-07-31 21:11:39 : Village Report
2015-07-31 21:11:39 : No. of Free/Total Builders: 0/4
2015-07-31 21:11:40 :  [T]: 1 514
2015-07-31 21:11:40 :  [G]: 5 986 651 [E]: 5 772 169 [D]: 68 724 [GEM]: 955
2015-07-31 21:11:42 : Checking Army Camp...
2015-07-31 21:11:44 : Total Army Camp capacity: 42/200
2015-07-31 21:11:45 :  - No. of Archers: 42
2015-07-31 21:11:45 : Training Troops...
2015-07-31 21:11:54 :  ====== Unbreakable Mode enabled! ====== 
2015-07-31 21:11:54 : Oops, wait for 70% troops filled
2015-07-31 21:11:55 : Trying to locate Main Screen
2015-07-31 21:11:55 : Main Screen Located
2015-07-31 21:11:55 : Gold Storages are full!
2015-07-31 21:11:56 : Collecting Resources
2015-07-31 21:12:04 : Checking if Village needs Rearming..
2015-07-31 21:12:12 : Village Report
2015-07-31 21:12:13 : No. of Free/Total Builders: 0/4
2015-07-31 21:12:13 :  [T]: 1 514
2015-07-31 21:12:13 :  [G]: 5 986 651 [E]: 5 772 169 [D]: 68 724 [GEM]: 955
2015-07-31 21:12:15 : Checking Army Camp...
2015-07-31 21:12:17 : Total Army Camp capacity: 45/200
2015-07-31 21:12:18 :  - No. of Archers: 45
2015-07-31 21:12:18 : Training Troops...
2015-07-31 21:12:27 :  ====== Unbreakable Mode enabled! ====== 
2015-07-31 21:12:27 : Oops, wait for 70% troops filled
2015-07-31 21:12:28 : Trying to locate Main Screen
2015-07-31 21:12:28 : Main Screen Located
2015-07-31 21:12:28 : Gold Storages are full!
2015-07-31 21:12:29 : Collecting Resources
2015-07-31 21:12:37 : Checking if Village needs Rearming..
2015-07-31 21:12:46 : Village Report
2015-07-31 21:12:46 : No. of Free/Total Builders: 0/4
2015-07-31 21:12:46 :  [T]: 1 514
2015-07-31 21:12:46 :  [G]: 5 986 651 [E]: 5 772 169 [D]: 68 724 [GEM]: 955
2015-07-31 21:12:48 : Checking Army Camp...
2015-07-31 21:12:50 : Total Army Camp capacity: 51/200
2015-07-31 21:12:51 :  - No. of Archers: 51
2015-07-31 21:12:51 : Training Troops...
2015-07-31 21:13:00 :  ====== Unbreakable Mode enabled! ====== 
2015-07-31 21:13:00 : Oops, wait for 70% troops filled
2015-07-31 21:13:01 : Trying to locate Main Screen
2015-07-31 21:13:01 : Main Screen Located
2015-07-31 21:13:01 : Gold Storages are full!
2015-07-31 21:13:02 : Collecting Resources
2015-07-31 21:13:11 : Checking if Village needs Rearming..
2015-07-31 21:13:20 : Village Report
2015-07-31 21:13:20 : No. of Free/Total Builders: 0/4
2015-07-31 21:13:20 :  [T]: 1 514
2015-07-31 21:13:20 :  [G]: 5 986 651 [E]: 5 772 169 [D]: 68 726 [GEM]: 955
2015-07-31 21:13:22 : Checking Army Camp...
2015-07-31 21:13:24 : Total Army Camp capacity: 54/200
2015-07-31 21:13:25 :  - No. of Archers: 54
2015-07-31 21:13:25 : Training Troops...
2015-07-31 21:13:34 :  ====== Unbreakable Mode enabled! ====== 
2015-07-31 21:13:34 : Oops, wait for 70% troops filled
2015-07-31 21:13:35 : Trying to locate Main Screen
2015-07-31 21:13:35 : Main Screen Located
2015-07-31 21:13:35 : Gold Storages are full!
2015-07-31 21:13:37 : Collecting Resources
2015-07-31 21:13:45 : Checking if Village needs Rearming..
2015-07-31 21:13:53 : Village Report
2015-07-31 21:13:53 : No. of Free/Total Builders: 0/4
2015-07-31 21:13:53 :  [T]: 1 514
2015-07-31 21:13:53 :  [G]: 5 986 651 [E]: 5 772 169 [D]: 68 726 [GEM]: 955
2015-07-31 21:13:56 : Checking Army Camp...
2015-07-31 21:13:57 : Total Army Camp capacity: 57/200
2015-07-31 21:13:58 :  - No. of Archers: 57
2015-07-31 21:13:59 : Training Troops...
2015-07-31 21:14:07 :  ====== Unbreakable Mode enabled! ====== 
2015-07-31 21:14:07 : Oops, wait for 70% troops filled
2015-07-31 21:14:08 : Trying to locate Main Screen
2015-07-31 21:14:08 : Main Screen Located
2015-07-31 21:14:08 : Gold Storages are full!
2015-07-31 21:14:09 : Collecting Resources
2015-07-31 21:14:18 : Checking if Village needs Rearming..
2015-07-31 21:14:29 : Village Report
2015-07-31 21:14:29 : No. of Free/Total Builders: 0/4
2015-07-31 21:14:29 :  [T]: 1 514
2015-07-31 21:14:29 :  [G]: 5 986 651 [E]: 5 772 169 [D]: 68 726 [GEM]: 955
2015-07-31 21:14:32 : Checking Army Camp...
2015-07-31 21:14:33 : Total Army Camp capacity: 63/200
2015-07-31 21:14:34 :  - No. of Archers: 63
2015-07-31 21:14:35 : Training Troops...
2015-07-31 21:14:43 :  ====== Unbreakable Mode enabled! ====== 
2015-07-31 21:14:43 : Oops, wait for 70% troops filled
2015-07-31 21:14:44 : Trying to locate Main Screen
2015-07-31 21:14:44 : Main Screen Located
2015-07-31 21:14:44 : Gold Storages are full!
2015-07-31 21:14:46 : Collecting Resources
2015-07-31 21:14:54 : Checking if Village needs Rearming..
2015-07-31 21:15:03 : Village Report
2015-07-31 21:15:03 : No. of Free/Total Builders: 0/4
2015-07-31 21:15:03 :  [T]: 1 514
2015-07-31 21:15:03 :  [G]: 5 986 651 [E]: 5 772 169 [D]: 68 726 [GEM]: 955
2015-07-31 21:15:05 : Checking Army Camp...
2015-07-31 21:15:07 : Total Army Camp capacity: 66/200
2015-07-31 21:15:08 :  - No. of Archers: 66
2015-07-31 21:15:08 : Training Troops...
2015-07-31 21:15:18 :  ====== Unbreakable Mode enabled! ====== 
2015-07-31 21:15:18 : Oops, wait for 70% troops filled
2015-07-31 21:15:19 : Trying to locate Main Screen
2015-07-31 21:15:19 : Main Screen Located
2015-07-31 21:15:19 : Gold Storages are full!
2015-07-31 21:15:20 : Collecting Resources
2015-07-31 21:15:28 : Checking if Village needs Rearming..
2015-07-31 21:15:36 : Village Report
2015-07-31 21:15:36 : No. of Free/Total Builders: 0/4
2015-07-31 21:15:36 :  [T]: 1 514
2015-07-31 21:15:36 :  [G]: 5 986 651 [E]: 5 772 169 [D]: 68 728 [GEM]: 955
2015-07-31 21:15:39 : Checking Army Camp...
2015-07-31 21:15:41 : Total Army Camp capacity: 69/200
2015-07-31 21:15:42 :  - No. of Archers: 72
2015-07-31 21:15:42 : Training Troops...
2015-07-31 21:15:51 :  ====== Unbreakable Mode enabled! ====== 
2015-07-31 21:15:51 : Oops, wait for 70% troops filled
2015-07-31 21:15:52 : Trying to locate Main Screen
2015-07-31 21:15:52 : Main Screen Located
2015-07-31 21:15:52 : Gold Storages are full!
2015-07-31 21:15:53 : Collecting Resources
2015-07-31 21:16:02 : Checking if Village needs Rearming..
2015-07-31 21:16:10 : Village Report
2015-07-31 21:16:10 : No. of Free/Total Builders: 0/4
2015-07-31 21:16:10 :  [T]: 1 514
2015-07-31 21:16:10 :  [G]: 5 986 651 [E]: 5 773 095 [D]: 68 728 [GEM]: 955
2015-07-31 21:16:13 : Checking Army Camp...
2015-07-31 21:16:15 : Total Army Camp capacity: 75/200
2015-07-31 21:16:16 :  - No. of Archers: 75
2015-07-31 21:16:16 : Training Troops...
2015-07-31 21:16:25 :  ====== Unbreakable Mode enabled! ====== 
2015-07-31 21:16:25 : Oops, wait for 70% troops filled
2015-07-31 21:16:26 : Trying to locate Main Screen
2015-07-31 21:16:26 : Main Screen Located
2015-07-31 21:16:26 : Gold Storages are full!
2015-07-31 21:16:27 : Collecting Resources
2015-07-31 21:16:35 : Checking if Village needs Rearming..
2015-07-31 21:16:44 : Village Report
2015-07-31 21:16:44 : No. of Free/Total Builders: 0/4
2015-07-31 21:16:44 :  [T]: 1 514
2015-07-31 21:16:44 :  [G]: 5 986 651 [E]: 5 773 095 [D]: 68 728 [GEM]: 955
2015-07-31 21:16:46 : Checking Army Camp...
2015-07-31 21:16:48 : Total Army Camp capacity: 78/200
2015-07-31 21:16:49 :  - No. of Archers: 78
2015-07-31 21:16:49 : Training Troops...
2015-07-31 21:16:59 :  ====== Unbreakable Mode enabled! ====== 
2015-07-31 21:16:59 : Oops, wait for 70% troops filled
2015-07-31 21:17:00 : Trying to locate Main Screen
2015-07-31 21:17:00 : Main Screen Located
2015-07-31 21:17:00 : Gold Storages are full!
2015-07-31 21:17:01 : Collecting Resources
2015-07-31 21:17:10 : Checking if Village needs Rearming..
2015-07-31 21:17:18 : Village Report
2015-07-31 21:17:18 : No. of Free/Total Builders: 0/4
2015-07-31 21:17:18 :  [T]: 1 514
2015-07-31 21:17:18 :  [G]: 5 986 651 [E]: 5 772 804 [D]: 68 728 [GEM]: 955
2015-07-31 21:17:20 : Checking Army Camp...
2015-07-31 21:17:22 : Total Army Camp capacity: 84/200
2015-07-31 21:17:23 :  - No. of Barbarians: 6
2015-07-31 21:17:23 :  - No. of Archers: 78
2015-07-31 21:17:24 : Training Troops...
2015-07-31 21:17:33 :  ====== Unbreakable Mode enabled! ====== 
2015-07-31 21:17:33 : Oops, wait for 70% troops filled
2015-07-31 21:17:34 : Trying to locate Main Screen
2015-07-31 21:17:34 : Main Screen Located
2015-07-31 21:17:34 : Gold Storages are full!
2015-07-31 21:17:35 : Collecting Resources
2015-07-31 21:17:43 : Checking if Village needs Rearming..
2015-07-31 21:17:52 : Village Report
2015-07-31 21:17:52 : No. of Free/Total Builders: 0/4
2015-07-31 21:17:52 :  [T]: 1 514
2015-07-31 21:17:52 :  [G]: 5 986 651 [E]: 5 772 804 [D]: 68 730 [GEM]: 955
2015-07-31 21:17:54 : Checking Army Camp...
2015-07-31 21:17:56 : Total Army Camp capacity: 90/200
2015-07-31 21:17:57 :  - No. of Barbarians: 12
2015-07-31 21:17:57 :  - No. of Archers: 78
2015-07-31 21:17:57 : Training Troops...
2015-07-31 21:18:06 :  ====== Unbreakable Mode enabled! ====== 
2015-07-31 21:18:06 : Oops, wait for 70% troops filled
2015-07-31 21:18:07 : Trying to locate Main Screen
2015-07-31 21:18:07 : Main Screen Located
2015-07-31 21:18:07 : Gold Storages are full!
2015-07-31 21:18:08 : Collecting Resources
2015-07-31 21:18:18 : Checking if Village needs Rearming..
2015-07-31 21:18:26 : Village Report
2015-07-31 21:18:26 : No. of Free/Total Builders: 0/4
2015-07-31 21:18:26 :  [T]: 1 514
2015-07-31 21:18:26 :  [G]: 5 988 251 [E]: 5 772 804 [D]: 68 730 [GEM]: 955
2015-07-31 21:18:29 : Checking Army Camp...
2015-07-31 21:18:31 : Total Army Camp capacity: 93/200
2015-07-31 21:18:31 :  - No. of Barbarians: 15
2015-07-31 21:18:32 :  - No. of Archers: 78
2015-07-31 21:18:32 : Training Troops...
2015-07-31 21:18:41 :  ====== Unbreakable Mode enabled! ====== 
2015-07-31 21:18:41 : Oops, wait for 70% troops filled
2015-07-31 21:18:42 : Trying to locate Main Screen
2015-07-31 21:18:42 : Main Screen Located
2015-07-31 21:18:42 : Gold Storages are full!
2015-07-31 21:18:43 : Collecting Resources
2015-07-31 21:18:52 : Checking if Village needs Rearming..
2015-07-31 21:19:00 : Village Report
2015-07-31 21:19:00 : No. of Free/Total Builders: 0/4
2015-07-31 21:19:00 :  [T]: 1 514
2015-07-31 21:19:00 :  [G]: 5 988 672 [E]: 5 772 804 [D]: 68 730 [GEM]: 955
2015-07-31 21:19:02 : Checking Army Camp...
2015-07-31 21:19:04 : Total Army Camp capacity: 99/200
2015-07-31 21:19:05 :  - No. of Barbarians: 21
2015-07-31 21:19:05 :  - No. of Archers: 78
2015-07-31 21:19:06 : Training Troops...
2015-07-31 21:19:15 :  ====== Unbreakable Mode enabled! ====== 
2015-07-31 21:19:15 : Oops, wait for 70% troops filled
2015-07-31 21:19:16 : Trying to locate Main Screen
2015-07-31 21:19:16 : Main Screen Located
2015-07-31 21:19:16 : Gold Storages are full!
2015-07-31 21:19:17 : Collecting Resources
2015-07-31 21:19:26 : Checking if Village needs Rearming..
2015-07-31 21:19:34 : Village Report
2015-07-31 21:19:34 : No. of Free/Total Builders: 0/4
2015-07-31 21:19:34 :  [T]: 1 514
2015-07-31 21:19:34 :  [G]: 5 988 672 [E]: 5 772 804 [D]: 68 730 [GEM]: 955
2015-07-31 21:19:36 : Checking Army Camp...
2015-07-31 21:19:38 : Total Army Camp capacity: 105/200
2015-07-31 21:19:39 :  - No. of Barbarians: 27
2015-07-31 21:19:39 :  - No. of Archers: 78
2015-07-31 21:19:39 : Training Troops...
2015-07-31 21:19:49 :  ====== Unbreakable Mode enabled! ====== 
2015-07-31 21:19:49 : Oops, wait for 70% troops filled
2015-07-31 21:19:50 : Trying to locate Main Screen
2015-07-31 21:19:50 : Main Screen Located
2015-07-31 21:19:50 : Gold Storages are full!
2015-07-31 21:19:51 : Collecting Resources
2015-07-31 21:19:59 : Checking if Village needs Rearming..
2015-07-31 21:20:07 : Village Report
2015-07-31 21:20:07 : No. of Free/Total Builders: 0/4
2015-07-31 21:20:07 :  [T]: 1 514
2015-07-31 21:20:07 :  [G]: 5 988 672 [E]: 5 772 804 [D]: 68 732 [GEM]: 955
2015-07-31 21:20:10 : Checking Army Camp...
2015-07-31 21:20:12 : Total Army Camp capacity: 108/200
2015-07-31 21:20:13 :  - No. of Barbarians: 33
2015-07-31 21:20:13 :  - No. of Archers: 78
2015-07-31 21:20:13 : Training Troops...
2015-07-31 21:20:22 :  ====== Unbreakable Mode enabled! ====== 
2015-07-31 21:20:22 : Oops, wait for 70% troops filled
2015-07-31 21:20:23 : Trying to locate Main Screen
2015-07-31 21:20:23 : Main Screen Located
2015-07-31 21:20:23 : Gold Storages are full!
2015-07-31 21:20:25 : Collecting Resources
2015-07-31 21:20:33 : Checking if Village needs Rearming..
2015-07-31 21:20:41 : Village Report
2015-07-31 21:20:41 : No. of Free/Total Builders: 0/4
2015-07-31 21:20:41 :  [T]: 1 514
2015-07-31 21:20:41 :  [G]: 5 988 672 [E]: 5 772 804 [D]: 68 732 [GEM]: 955
2015-07-31 21:20:43 : Checking Army Camp...
2015-07-31 21:20:45 : Total Army Camp capacity: 114/200
2015-07-31 21:20:46 :  - No. of Barbarians: 36
2015-07-31 21:20:46 :  - No. of Archers: 78
2015-07-31 21:20:46 : Training Troops...
2015-07-31 21:20:55 :  ====== Unbreakable Mode enabled! ====== 
2015-07-31 21:20:55 : Oops, wait for 70% troops filled
2015-07-31 21:20:57 : Trying to locate Main Screen
2015-07-31 21:20:57 : Main Screen Located
2015-07-31 21:20:57 : Gold Storages are full!
2015-07-31 21:20:58 : Collecting Resources
2015-07-31 21:21:06 : Checking if Village needs Rearming..
2015-07-31 21:21:14 : Village Report
2015-07-31 21:21:14 : No. of Free/Total Builders: 0/4
2015-07-31 21:21:14 :  [T]: 1 514
2015-07-31 21:21:14 :  [G]: 5 988 672 [E]: 5 772 804 [D]: 68 732 [GEM]: 955
2015-07-31 21:21:17 : Checking Army Camp...
2015-07-31 21:21:18 : Total Army Camp capacity: 120/200
2015-07-31 21:21:19 :  - No. of Barbarians: 42
2015-07-31 21:21:19 :  - No. of Archers: 78
2015-07-31 21:21:20 : Training Troops...
2015-07-31 21:21:29 :  ====== Unbreakable Mode enabled! ====== 
2015-07-31 21:21:29 : Oops, wait for 70% troops filled
2015-07-31 21:21:30 : Trying to locate Main Screen
2015-07-31 21:21:30 : Main Screen Located
2015-07-31 21:21:30 : Gold Storages are full!
2015-07-31 21:21:31 : Collecting Resources
2015-07-31 21:21:39 : Checking if Village needs Rearming..
2015-07-31 21:21:47 : Village Report
2015-07-31 21:21:47 : No. of Free/Total Builders: 0/4
2015-07-31 21:21:47 :  [T]: 1 514
2015-07-31 21:21:47 :  [G]: 5 988 672 [E]: 5 772 804 [D]: 68 732 [GEM]: 955
2015-07-31 21:21:50 : Checking Army Camp...
2015-07-31 21:21:52 : Total Army Camp capacity: 123/200
2015-07-31 21:21:53 :  - No. of Barbarians: 45
2015-07-31 21:21:53 :  - No. of Archers: 78
2015-07-31 21:21:53 : Training Troops...
2015-07-31 21:22:02 :  ====== Unbreakable Mode enabled! ====== 
2015-07-31 21:22:02 : Oops, wait for 70% troops filled
2015-07-31 21:22:03 : Trying to locate Main Screen
2015-07-31 21:22:03 : Main Screen Located
2015-07-31 21:22:03 : Gold Storages are full!
2015-07-31 21:22:04 : Collecting Resources
2015-07-31 21:22:13 : Checking if Village needs Rearming..
2015-07-31 21:22:21 : Village Report
2015-07-31 21:22:21 : No. of Free/Total Builders: 0/4
2015-07-31 21:22:21 :  [T]: 1 514
2015-07-31 21:22:21 :  [G]: 5 988 672 [E]: 5 772 804 [D]: 68 734 [GEM]: 955
2015-07-31 21:22:23 : Checking Army Camp...
2015-07-31 21:22:25 : Total Army Camp capacity: 129/200
2015-07-31 21:22:26 :  - No. of Barbarians: 51
2015-07-31 21:22:26 :  - No. of Archers: 78
2015-07-31 21:22:26 : Training Troops...
2015-07-31 21:22:35 :  ====== Unbreakable Mode enabled! ====== 
2015-07-31 21:22:35 : Oops, wait for 70% troops filled
2015-07-31 21:22:37 : Trying to locate Main Screen
2015-07-31 21:22:37 : Main Screen Located
2015-07-31 21:22:37 : Gold Storages are full!
2015-07-31 21:22:38 : Collecting Resources
2015-07-31 21:22:46 : Checking if Village needs Rearming..
2015-07-31 21:22:54 : Village Report
2015-07-31 21:22:54 : No. of Free/Total Builders: 0/4
2015-07-31 21:22:54 :  [T]: 1 514
2015-07-31 21:22:55 :  [G]: 5 988 672 [E]: 5 772 804 [D]: 68 734 [GEM]: 955
2015-07-31 21:22:57 : Checking Army Camp...
2015-07-31 21:22:59 : Total Army Camp capacity: 135/200
2015-07-31 21:23:00 :  - No. of Barbarians: 57
2015-07-31 21:23:00 :  - No. of Archers: 78
2015-07-31 21:23:00 : Training Troops...
2015-07-31 21:23:09 :  ====== Unbreakable Mode enabled! ====== 
2015-07-31 21:23:09 : Oops, wait for 70% troops filled
2015-07-31 21:23:10 : Trying to locate Main Screen
2015-07-31 21:23:10 : Main Screen Located
2015-07-31 21:23:10 : Gold Storages are full!
2015-07-31 21:23:12 : Collecting Resources
2015-07-31 21:23:20 : Checking if Village needs Rearming..
2015-07-31 21:23:28 : Village Report
2015-07-31 21:23:28 : No. of Free/Total Builders: 0/4
2015-07-31 21:23:28 :  [T]: 1 514
2015-07-31 21:23:29 :  [G]: 5 988 672 [E]: 5 773 720 [D]: 68 734 [GEM]: 955
2015-07-31 21:23:31 : Checking Army Camp...
2015-07-31 21:23:33 : Total Army Camp capacity: 138/200
2015-07-31 21:23:34 :  - No. of Barbarians: 63
2015-07-31 21:23:34 :  - No. of Archers: 78
2015-07-31 21:23:34 : Training Troops...
2015-07-31 21:23:43 :  ====== Unbreakable Mode enabled! ====== 
2015-07-31 21:23:43 : Oops, wait for 70% troops filled
2015-07-31 21:23:44 : Trying to locate Main Screen
2015-07-31 21:23:44 : Main Screen Located
2015-07-31 21:23:44 : Gold Storages are full!
2015-07-31 21:23:45 : Collecting Resources
2015-07-31 21:23:54 : Checking if Village needs Rearming..
2015-07-31 21:24:02 : Village Report
2015-07-31 21:24:02 : No. of Free/Total Builders: 0/4
2015-07-31 21:24:02 :  [T]: 1 514
2015-07-31 21:24:02 :  [G]: 5 988 672 [E]: 5 773 720 [D]: 68 734 [GEM]: 955
2015-07-31 21:24:04 : Checking Army Camp...
2015-07-31 21:24:06 : Total Army Camp capacity: 144/200
2015-07-31 21:24:07 :  - No. of Barbarians: 66
2015-07-31 21:24:07 :  - No. of Archers: 78
2015-07-31 21:24:08 : Training Troops...
2015-07-31 21:24:17 :  ====== Unbreakable Mode enabled! ====== 
2015-07-31 21:24:20 : Going to Attack...
2015-07-31 21:24:28 : Returning Home For Defense
2015-07-31 21:24:32 : Closing Clash Of Clans
2015-07-31 21:24:33 : Waiting 15 Minutes for Defense Attacks
2015-07-31 21:39:58 : Zooming Out
2015-07-31 21:40:02 : Trying to locate Main Screen
2015-07-31 21:40:02 : Main Screen Located
2015-07-31 21:40:02 : Gold Storages are full!
2015-07-31 21:40:03 : Collecting Resources
2015-07-31 21:40:13 : Checking if Village needs Rearming..
2015-07-31 21:40:21 : Village Report
2015-07-31 21:40:21 : Cannot get Free/Total Builders
2015-07-31 21:40:21 : No. of Free/Total Builders: 0/0
2015-07-31 21:40:21 :  [T]: 
2015-07-31 21:40:22 :  [G]:  [E]: 8 [D]:  [GEM]: 
2015-07-31 21:40:23 : Waiting for Main Screen
2015-07-31 21:40:29 : Trying to locate Main Screen
2015-07-31 21:40:29 : Main Screen Located
2015-07-31 21:40:29 : Gold Storages are full!
2015-07-31 21:40:30 : Collecting Resources
2015-07-31 21:40:37 : Waiting for Main Screen
2015-07-31 21:40:41 : Trying to locate Main Screen
2015-07-31 21:40:41 : Main Screen Located
2015-07-31 21:40:41 : Gold Storages are full!
2015-07-31 21:40:42 : Collecting Resources
2015-07-31 21:40:50 : Checking if Village needs Rearming..
2015-07-31 21:40:59 : Village Report
2015-07-31 21:40:59 : No. of Free/Total Builders: 0/4
2015-07-31 21:40:59 :  [T]: 1 514
2015-07-31 21:40:59 :  [G]: 5 992 604 [E]: 5 776 677 [D]: 68 758 [GEM]: 955
2015-07-31 21:41:01 : Checking Army Camp...
2015-07-31 21:41:03 : Total Army Camp capacity: 200/200
2015-07-31 21:41:04 :  - No. of Barbarians: 10
2015-07-31 21:41:04 :  - No. of Archers: 80
2015-07-31 21:41:04 : Training Troops...
2015-07-31 21:41:05 : Your Army Camps are now Full
2015-07-31 21:41:25 :  ====== Unbreakable Mode enabled! ====== 
2015-07-31 21:41:28 : Going to Attack...
2015-07-31 21:41:36 : Returning Home For Defense
2015-07-31 21:41:40 : Closing Clash Of Clans
2015-07-31 21:41:41 : Waiting 15 Minutes for Defense Attacks
2015-07-31 21:57:05 : Zooming Out
2015-07-31 21:57:09 : Trying to locate Main Screen
2015-07-31 21:57:09 : Main Screen Located
2015-07-31 21:57:09 : Gold Storages are full!
2015-07-31 21:57:10 : Collecting Resources
2015-07-31 21:57:21 : Checking if Village needs Rearming..
2015-07-31 21:57:28 : Village Report
2015-07-31 21:57:28 : Cannot get Free/Total Builders
2015-07-31 21:57:28 : No. of Free/Total Builders: 0/0
2015-07-31 21:57:28 :  [T]: 1 514
2015-07-31 21:57:29 :  [G]: 5 995 505 [E]: 5 738 905 [D]: 68 782 [GEM]: 955
2015-07-31 21:57:31 : Checking Army Camp...
2015-07-31 21:57:33 : Total Army Camp capacity: 200/200
2015-07-31 21:57:34 :  - No. of Barbarians: 10
2015-07-31 21:57:34 :  - No. of Archers: 80
2015-07-31 21:57:34 : Training Troops...
2015-07-31 21:57:35 : Your Army Camps are now Full
2015-07-31 21:58:00 : Waiting for Main Screen
2015-07-31 22:03:28 : Unable to load Clash Of Clans, Restarting...
2015-07-31 22:03:41 : Unable to load Clash Of Clans, Restarting...
2015-07-31 22:03:55 : Unable to load Clash Of Clans, Restarting...
2015-07-31 22:04:08 : Stuck trying to Restart BS...
2015-07-31 22:04:12 : Waiting for Main Screen
2015-07-31 22:04:34 : Zooming Out
2015-07-31 22:04:37 : Trying to locate Main Screen
2015-07-31 22:04:37 : Main Screen Located
2015-07-31 22:04:37 : Gold Storages are full!
2015-07-31 22:04:38 : Collecting Resources
2015-07-31 22:04:47 : Checking if Village needs Rearming..
2015-07-31 22:04:56 : Village Report
2015-07-31 22:04:56 : No. of Free/Total Builders: 0/4
2015-07-31 22:04:56 :  [T]: 1 514
2015-07-31 22:04:56 :  [G]: 5 995 505 [E]: 5 739 832 [D]: 68 792 [GEM]: 955
2015-07-31 22:04:58 : Checking Army Camp...
2015-07-31 22:05:00 : Total Army Camp capacity: 200/200
2015-07-31 22:05:01 :  - No. of Barbarians: 10
2015-07-31 22:05:01 :  - No. of Archers: 80
2015-07-31 22:05:01 : Training Troops...
2015-07-31 22:05:02 : Your Army Camps are now Full
2015-07-31 22:05:45 : Waiting for Main Screen
2015-07-31 22:11:00 : Unable to load Clash Of Clans, Restarting...
2015-07-31 22:11:14 : Unable to load Clash Of Clans, Restarting...
2015-07-31 22:11:28 : Unable to load Clash Of Clans, Restarting...
2015-07-31 22:11:42 : Stuck trying to Restart BS...
2015-07-31 22:11:47 : Waiting for Main Screen
2015-07-31 22:12:03 : Zooming Out
2015-07-31 22:12:06 : Trying to locate Main Screen
2015-07-31 22:12:06 : Main Screen Located
2015-07-31 22:12:06 : Gold Storages are full!
2015-07-31 22:12:07 : Collecting Resources
2015-07-31 22:12:18 : Checking if Village needs Rearming..
2015-07-31 22:12:26 : Village Report
2015-07-31 22:12:26 : Cannot get Free/Total Builders
2015-07-31 22:12:26 : No. of Free/Total Builders: 0/0
2015-07-31 22:12:26 :  [T]: 1 514
2015-07-31 22:12:26 :  [G]: 5 998 571 [E]: 5 741 752 [D]: 68 802 [GEM]: 955
2015-07-31 22:12:29 : Checking Army Camp...
2015-07-31 22:12:31 : Total Army Camp capacity: 200/200
2015-07-31 22:12:32 :  - No. of Barbarians: 10
2015-07-31 22:12:32 :  - No. of Archers: 80
2015-07-31 22:12:32 : Training Troops...
2015-07-31 22:12:33 : Your Army Camps are now Full
2015-07-31 22:12:58 : Waiting for Main Screen
2015-07-31 22:18:26 : Unable to load Clash Of Clans, Restarting...
2015-07-31 22:18:40 : Unable to load Clash Of Clans, Restarting...
2015-07-31 22:18:55 : Unable to load Clash Of Clans, Restarting...
2015-07-31 22:19:09 : Stuck trying to Restart BS...
2015-07-31 22:19:14 : Waiting for Main Screen
2015-07-31 22:19:31 : Zooming Out
2015-07-31 22:19:33 : Trying to locate Main Screen
2015-07-31 22:19:33 : Main Screen Located
2015-07-31 22:19:33 : Gold Storages are full!
2015-07-31 22:19:34 : Collecting Resources
2015-07-31 22:19:44 : Checking if Village needs Rearming..
2015-07-31 22:19:52 : Village Report
2015-07-31 22:19:52 : No. of Free/Total Builders: 0/4
2015-07-31 22:19:52 :  [T]: 1 514
2015-07-31 22:19:52 :  [G]: 5 998 571 [E]: 5 742 375 [D]: 68 812 [GEM]: 955
2015-07-31 22:19:55 : Checking Army Camp...
2015-07-31 22:19:57 : Total Army Camp capacity: 200/200
2015-07-31 22:19:58 :  - No. of Barbarians: 10
2015-07-31 22:19:58 :  - No. of Archers: 80
2015-07-31 22:19:58 : Training Troops...
2015-07-31 22:19:59 : Your Army Camps are now Full
2015-07-31 22:20:24 :  ====== Unbreakable Mode enabled! ====== 
2015-07-31 22:20:28 : Going to Attack...
2015-07-31 22:20:35 : Returning Home For Defense
2015-07-31 22:20:39 : Closing Clash Of Clans
2015-07-31 22:20:41 : Waiting 15 Minutes for Defense Attacks
2015-07-31 22:36:05 : Zooming Out
2015-07-31 22:36:09 : Trying to locate Main Screen
2015-07-31 22:36:09 : Main Screen Located
2015-07-31 22:36:09 : Gold Storages are full!
2015-07-31 22:36:10 : Collecting Resources
2015-07-31 22:36:21 : Zooming Out
2015-07-31 22:36:21 : Checking if Village needs Rearming..
2015-07-31 22:36:29 : Village Report
2015-07-31 22:36:29 : Cannot get Free/Total Builders
2015-07-31 22:36:29 : No. of Free/Total Builders: 0/0
2015-07-31 22:36:30 :  [T]: 1 514
2015-07-31 22:36:30 :  [G]: 6 001 000 [E]: 5 745 180 [D]: 68 836 [GEM]: 955
2015-07-31 22:36:32 : Checking Army Camp...
2015-07-31 22:36:34 : Total Army Camp capacity: 200/200
2015-07-31 22:36:35 :  - No. of Barbarians: 10
2015-07-31 22:36:35 :  - No. of Archers: 80
2015-07-31 22:36:35 : Training Troops...
2015-07-31 22:36:36 : Your Army Camps are now Full
2015-07-31 22:37:01 : Waiting for Main Screen
2015-07-31 22:42:29 : Unable to load Clash Of Clans, Restarting...
2015-07-31 22:42:44 : Unable to load Clash Of Clans, Restarting...
2015-07-31 22:42:59 : Unable to load Clash Of Clans, Restarting...
2015-07-31 22:43:13 : Stuck trying to Restart BS...
2015-07-31 22:43:17 : Waiting for Main Screen
2015-07-31 22:43:33 : Zooming Out
2015-07-31 22:43:36 : Trying to locate Main Screen
2015-07-31 22:43:36 : Main Screen Located
2015-07-31 22:43:36 : Gold Storages are full!
2015-07-31 22:43:37 : Collecting Resources
2015-07-31 22:43:47 : Checking if Village needs Rearming..
2015-07-31 22:43:55 : Village Report
2015-07-31 22:43:55 : No. of Free/Total Builders: 0/4
2015-07-31 22:43:55 :  [T]: 1 514
2015-07-31 22:43:56 :  [G]: 6 001 000 [E]: 5 746 091 [D]: 68 846 [GEM]: 955
2015-07-31 22:43:58 : Checking Army Camp...
2015-07-31 22:44:00 : Total Army Camp capacity: 200/200
2015-07-31 22:44:03 :  - No. of Barbarians: 10
2015-07-31 22:44:03 :  - No. of Archers: 80
2015-07-31 22:44:04 : Training Troops...
2015-07-31 22:44:05 : Your Army Camps are now Full
2015-07-31 22:44:44 :  ====== Unbreakable Mode enabled! ====== 
2015-07-31 22:44:47 : Going to Attack...
2015-07-31 22:44:55 : Returning Home For Defense
2015-07-31 22:45:00 : Closing Clash Of Clans
2015-07-31 22:45:01 : Waiting 15 Minutes for Defense Attacks
2015-07-31 23:00:26 : Zooming Out
2015-07-31 23:00:30 : Trying to locate Main Screen
2015-07-31 23:00:30 : Main Screen Located
2015-07-31 23:00:30 : Gold Storages are full!
2015-07-31 23:00:31 : Collecting Resources
2015-07-31 23:00:40 : Checking if Village needs Rearming..
2015-07-31 23:00:48 : Village Report
2015-07-31 23:00:48 : Cannot get Free/Total Builders
2015-07-31 23:00:48 : No. of Free/Total Builders: 0/0
2015-07-31 23:00:48 :  [T]: 1 514
2015-07-31 23:00:48 :  [G]: 6 001 000 [E]: 5 749 541 [D]: 68 870 [GEM]: 955
2015-07-31 23:00:50 : Checking Army Camp...
2015-07-31 23:00:52 : Total Army Camp capacity: 200/200
2015-07-31 23:00:53 :  - No. of Barbarians: 10
2015-07-31 23:00:54 :  - No. of Archers: 80
2015-07-31 23:00:54 : Training Troops...
2015-07-31 23:00:55 : Your Army Camps are now Full
2015-07-31 23:01:06 : Another Device has connected, waiting 2 minutes 0 seconds
2015-07-31 23:03:10 : Waiting for Main Screen
2015-07-31 23:03:13 : Zooming Out
2015-07-31 23:03:22 : Trying to locate Main Screen
2015-07-31 23:03:22 : Main Screen Located
2015-07-31 23:03:22 : Gold Storages are full!
2015-07-31 23:03:23 : Collecting Resources
2015-07-31 23:03:32 : Checking if Village needs Rearming..
2015-07-31 23:03:40 : Village Report
2015-07-31 23:03:40 : Cannot get Free/Total Builders
2015-07-31 23:03:40 : No. of Free/Total Builders: 0/0
2015-07-31 23:03:40 :  [T]: 
2015-07-31 23:03:40 :  [G]:  [E]:  [D]:  [GEM]: 
2015-07-31 23:03:41 : Another Device has connected, waiting 2 minutes 0 seconds
2015-07-31 23:05:44 : Waiting for Main Screen
2015-07-31 23:05:48 : Zooming Out
2015-07-31 23:05:51 : Trying to locate Main Screen
2015-07-31 23:05:51 : Main Screen Located
2015-07-31 23:05:51 : Gold Storages are full!
2015-07-31 23:05:52 : Collecting Resources
2015-07-31 23:06:01 : Checking if Village needs Rearming..
2015-07-31 23:06:08 : Village Report
2015-07-31 23:06:08 : Cannot get Free/Total Builders
2015-07-31 23:06:08 : No. of Free/Total Builders: 0/0
2015-07-31 23:06:08 :  [T]: 1 514
2015-07-31 23:06:09 :  [G]: 6 001 000 [E]: 5 749 541 [D]: 68 872 [GEM]: 955
2015-07-31 23:06:11 : Checking Army Camp...
2015-07-31 23:06:13 : Total Army Camp capacity: 200/200
2015-07-31 23:06:14 :  - No. of Barbarians: 10
2015-07-31 23:06:14 :  - No. of Archers: 80
2015-07-31 23:06:14 : Training Troops...
2015-07-31 23:06:18 : Waiting for Main Screen
2015-07-31 23:06:22 : Zooming Out
2015-07-31 23:06:23 : BS Error window detected
2015-07-31 23:06:23 : Another Device has connected, waiting 2 minutes 0 seconds
2015-07-31 23:08:26 : Error window cleared, continue Zoom out
2015-07-31 23:08:28 : Training Overview Window didn't open
2015-07-31 23:08:30 : Another Device has connected, waiting 2 minutes 0 seconds
2015-07-31 23:10:33 : Waiting for Main Screen
2015-07-31 23:10:35 : Another Device has connected, waiting 2 minutes 0 seconds
2015-07-31 23:12:40 : Another Device has connected, waiting 2 minutes 0 seconds
2015-07-31 23:14:45 : Another Device has connected, waiting 2 minutes 0 seconds
2015-07-31 23:16:52 : Zooming Out
2015-07-31 23:16:53 : BS Error window detected
2015-07-31 23:16:53 : Another Device has connected, waiting 2 minutes 0 seconds
2015-07-31 23:18:56 : Error window cleared, continue Zoom out
2015-07-31 23:18:57 : Trying to locate Main Screen
2015-07-31 23:19:00 : Waiting for Main Screen
2015-07-31 23:19:05 : Another Device has connected, waiting 2 minutes 0 seconds
2015-07-31 23:21:10 : Another Device has connected, waiting 2 minutes 0 seconds
2015-07-31 23:23:16 : Zooming Out
2015-07-31 23:23:18 : Main Screen Located
2015-07-31 23:23:18 : Gold Storages are full!
2015-07-31 23:23:19 : Collecting Resources
2015-07-31 23:23:28 : Checking if Village needs Rearming..
2015-07-31 23:23:36 : Village Report
2015-07-31 23:23:36 : Cannot get Free/Total Builders
2015-07-31 23:23:36 : No. of Free/Total Builders: 0/0
2015-07-31 23:23:36 :  [T]: 1 514
2015-07-31 23:23:36 :  [G]: 6 001 000 [E]: 5 753 675 [D]: 68 884 [GEM]: 955
2015-07-31 23:23:38 : Another Device has connected, waiting 2 minutes 0 seconds
2015-07-31 23:25:41 : Waiting for Main Screen
2015-07-31 23:25:45 : Zooming Out
2015-07-31 23:25:48 : Trying to locate Main Screen
2015-07-31 23:25:48 : Main Screen Located
2015-07-31 23:25:48 : Gold Storages are full!
2015-07-31 23:25:49 : Collecting Resources
2015-07-31 23:25:58 : Checking if Village needs Rearming..
2015-07-31 23:26:06 : Village Report
2015-07-31 23:26:06 : Cannot get Free/Total Builders
2015-07-31 23:26:06 : No. of Free/Total Builders: 0/0
2015-07-31 23:26:06 :  [T]: 1 514
2015-07-31 23:26:06 :  [G]: 6 001 000 [E]: 5 753 675 [D]: 68 885 [GEM]: 955
2015-07-31 23:26:08 : Checking Army Camp...
2015-07-31 23:26:10 : Total Army Camp capacity: 200/200
2015-07-31 23:26:11 :  - No. of Barbarians: 10
2015-07-31 23:26:11 :  - No. of Archers: 80
2015-07-31 23:26:11 : Training Troops...
2015-07-31 23:26:12 : Your Army Camps are now Full
2015-07-31 23:26:39 :  ====== Unbreakable Mode enabled! ====== 
2015-07-31 23:26:42 : Going to Attack...
2015-07-31 23:27:39 : Excess Cloud Watching Time, Try again
2015-07-31 23:27:39 : Checking Troop Upgrade in Laboratory ...
2015-07-31 23:27:39 : Updating village values [E]: 
2015-07-31 23:27:40 : Another Device has connected, waiting 2 minutes 0 seconds
2015-07-31 23:29:43 : Waiting for Main Screen
2015-07-31 23:29:47 : Zooming Out
2015-07-31 23:29:50 : Trouble finding research button, try again...
2015-07-31 23:29:52 : Trying to locate Main Screen
2015-07-31 23:29:52 : Main Screen Located
2015-07-31 23:29:52 : Gold Storages are full!
2015-07-31 23:29:53 : Collecting Resources
2015-07-31 23:30:01 : Checking if Village needs Rearming..
2015-07-31 23:30:09 : Village Report
2015-07-31 23:30:09 : No. of Free/Total Builders: 0/4
2015-07-31 23:30:09 :  [T]: 1 514
2015-07-31 23:30:09 :  [G]: 6 001 000 [E]: 5 751 425 [D]: 68 907 [GEM]: 955
2015-07-31 23:30:12 : Checking Army Camp...
2015-07-31 23:30:13 : Total Army Camp capacity: 200/200
2015-07-31 23:30:15 :  - No. of Barbarians: 10
2015-07-31 23:30:15 :  - No. of Archers: 80
2015-07-31 23:30:15 : Training Troops...
2015-07-31 23:30:16 : Your Army Camps are now Full
2015-07-31 23:30:39 :  ====== Unbreakable Mode enabled! ====== 
2015-07-31 23:30:43 : Going to Attack...
2015-07-31 23:30:51 : Returning Home For Defense
2015-07-31 23:30:55 : Closing Clash Of Clans
2015-07-31 23:30:56 : Waiting 15 Minutes for Defense Attacks
2015-07-31 23:46:19 : Another Device has connected, waiting 2 minutes 0 seconds
2015-07-31 23:48:25 : Checking Troop Upgrade in Laboratory ...
2015-07-31 23:48:25 : Updating village values [E]: 5753220 [D]: 68907
2015-07-31 23:48:27 : Trouble finding research button, try again...
2015-07-31 23:48:29 : Zooming Out
2015-07-31 23:48:34 : Going to Attack...
2015-07-31 23:48:40 : ============== Searching For Dead Base ===============
2015-07-31 23:48:40 : ~~~~~~~~~~~~~~~ SEARCH CONDITIONS ~~~~~~~~~~~~~~~~
2015-07-31 23:48:40 : Meet: Gold or Elixir, TH Outside
2015-07-31 23:48:40 : Meet One and Attack!
2015-07-31 23:48:40 : ~~~~~~~~~~~~~~ RESOURCE CONDITIONS ~~~~~~~~~~~~~~~
2015-07-31 23:48:40 : Aim: [G]: 200000 [E]: 200000 [D]:    0 [T]: 0, Out, Out for: Dead Base
2015-07-31 23:48:40 : ~~~~~~~~~~~~~~~ ADVANCED SETTINGS ~~~~~~~~~~~~~~~~
2015-07-31 23:48:40 : THSnipe Combo, 1 Tile(s), 
2015-07-31 23:48:40 : ==================================================
2015-07-31 23:48:41 :   1> [G]: 191923 [E]: 211107 [D]:  457 [T]:13 [TH]: 9, In
2015-07-31 23:48:42 : ~~~~~~~~~~~~~~~~ Not a Dead Base ~~~~~~~~~~~~~~~~~
2015-07-31 23:48:45 :   2> [G]: 159633 [E]:  26487 [D]:  443 [T]:19 [TH]: 8, In
2015-07-31 23:48:48 :   3> [G]: 153292 [E]: 188179 [D]:  922 [T]:17 [TH]: 8, In
2015-07-31 23:48:51 :   4> [G]: 313098 [E]: 319947 [D]: 1350 [T]:23 [TH]: 8, In
2015-07-31 23:48:52 : ~~~~~~~~~~~~~~~~ Dead Base Found! ~~~~~~~~~~~~~~~~
2015-07-31 23:48:53 : ================ Search Complete =================
2015-07-31 23:48:53 : Initiating attack for: Dead Base
2015-07-31 23:48:56 : -Barbarians 120
2015-07-31 23:48:56 : -Archers 80
2015-07-31 23:48:56 : -Clan Castle 
2015-07-31 23:48:56 : -King 
2015-07-31 23:48:56 : -Lightning Spells 2
2015-07-31 23:48:56 : -Poison Spells 2
2015-07-31 23:48:56 :  ====== Start Attack ====== 
2015-07-31 23:48:58 : Calculating Smart Attack Strategy
2015-07-31 23:48:59 : Calculated  (in 0.82 seconds) :
2015-07-31 23:48:59 : Locating Mines, Collectors & Drills
2015-07-31 23:49:01 : Located  (in 1.97 seconds) :
2015-07-31 23:49:01 : [6] Gold Mines
2015-07-31 23:49:01 : [6] Elixir Collectors
2015-07-31 23:49:01 : [0] Dark Elixir Drill/s
2015-07-31 23:49:01 : Attacking on all sides
2015-07-31 23:49:03 : Dropping first wave of Barbarians 60
2015-07-31 23:49:08 : Dropping first wave of Archers 40
2015-07-31 23:49:12 : Dropping second wave of Barbarians 60
2015-07-31 23:49:18 : Dropping second wave of Archers 40
2015-07-31 23:49:22 : Dropping King
2015-07-31 23:49:25 : Dropping last 8  of Archers
2015-07-31 23:49:26 : Dropping left over troops
2015-07-31 23:49:26 : Checking remaining unused troops for: Dead Base
2015-07-31 23:49:30 : -Clan Castle 
2015-07-31 23:49:30 : -Lightning Spells 2
2015-07-31 23:49:30 : -Poison Spells 2
2015-07-31 23:49:38 : Checking remaining unused troops for: Dead Base
2015-07-31 23:49:41 : -Clan Castle 
2015-07-31 23:49:41 : -Lightning Spells 2
2015-07-31 23:49:41 : -Poison Spells 2
2015-07-31 23:49:42 : King is getting weak, Activating King's power
2015-07-31 23:49:50 : Finished Attacking, waiting for the battle to end
2015-07-31 23:49:50 : Checking if the battle has finished
2015-07-31 23:49:52 : detected [G]: 130829 [E]: 200321 [DE]: 1350 |  Exit in 18 sec.
2015-07-31 23:49:54 : detected [G]: 130829 [E]: 200321 [DE]: 1350 |  Exit in 16 sec.
2015-07-31 23:49:56 : detected [G]: 130829 [E]: 200321 [DE]: 1350 |  Exit in 14 sec.
2015-07-31 23:49:57 : detected [G]: 130829 [E]: 200321 [DE]: 1350 |  Exit in 13 sec.
2015-07-31 23:49:59 : detected [G]: 130829 [E]: 200321 [DE]: 1350 |  Exit in 11 sec.
2015-07-31 23:50:01 : detected [G]: 130829 [E]: 200321 [DE]: 1350 |  Exit in  9 sec.
2015-07-31 23:50:02 : detected [G]: 130829 [E]: 200321 [DE]: 1350 |  Exit in  8 sec.
2015-07-31 23:50:04 : detected [G]: 130829 [E]: 200321 [DE]: 1350 |  Exit in  6 sec.
2015-07-31 23:50:06 : detected [G]: 130829 [E]: 200321 [DE]: 1350 |  Exit in  4 sec.
2015-07-31 23:50:07 : detected [G]: 130829 [E]: 200321 [DE]: 1350 |  Exit in  2 sec.
2015-07-31 23:50:09 : detected [G]: 130829 [E]: 200321 [DE]: 1350 |  Exit in  1 sec.
2015-07-31 23:50:11 : detected [G]: 130829 [E]: 200321 [DE]: 1350 |  Exit in  0 sec.
2015-07-31 23:50:11 : Gold & Elixir & DE no change detected, exit
2015-07-31 23:50:11 : Returning Home
2015-07-31 23:50:15 : Loot: [G]: 182 269 [E]: 119 626 [DE]:  [T]: -24
2015-07-31 23:50:15 : Stars earned: 0
2015-07-31 23:50:21 : Trying to locate Main Screen
2015-07-31 23:50:21 : Main Screen Located
2015-07-31 23:50:21 : Gold Storages are full!
2015-07-31 23:50:22 : Collecting Resources
2015-07-31 23:50:31 : Checking if Village needs Rearming..
2015-07-31 23:50:39 : Village Report
2015-07-31 23:50:39 : No. of Free/Total Builders: 0/4
2015-07-31 23:50:39 :  [T]: 1 490
2015-07-31 23:50:39 :  [G]: 6 001 000 [E]: 5 875 975 [D]: 68 922 [GEM]: 955
2015-07-31 23:50:41 : Checking Army Camp...
2015-07-31 23:50:43 : Total Army Camp capacity: 18/200
2015-07-31 23:50:44 :  - No. of Archers: 18
2015-07-31 23:50:44 : Training Troops...
2015-07-31 23:50:54 :  ====== Unbreakable Mode enabled! ====== 
2015-07-31 23:50:54 : Oops, wait for 70% troops filled
2015-07-31 23:50:56 : Trying to locate Main Screen
2015-07-31 23:50:56 : Main Screen Located
2015-07-31 23:50:56 : Gold Storages are full!
2015-07-31 23:50:57 : Collecting Resources
2015-07-31 23:51:05 : Checking if Village needs Rearming..
2015-07-31 23:51:13 : Village Report
2015-07-31 23:51:13 : No. of Free/Total Builders: 0/4
2015-07-31 23:51:13 :  [T]: 1 490
2015-07-31 23:51:14 :  [G]: 6 001 000 [E]: 5 875 075 [D]: 68 937 [GEM]: 955
2015-07-31 23:51:16 : Checking Army Camp...
2015-07-31 23:51:18 : Total Army Camp capacity: 21/200
2015-07-31 23:51:19 :  - No. of Archers: 21
2015-07-31 23:51:19 : Training Troops...
2015-07-31 23:51:26 : Another Device has connected, waiting 2 minutes 0 seconds
2015-07-31 23:53:29 : Waiting for Main Screen
2015-07-31 23:53:33 : Zooming Out
2015-07-31 23:53:37 : Trying to locate Main Screen
2015-07-31 23:53:37 : Main Screen Located
2015-07-31 23:53:37 : Gold Storages are full!
2015-07-31 23:53:38 : Collecting Resources
2015-07-31 23:53:46 : Checking if Village needs Rearming..
2015-07-31 23:53:54 : Village Report
2015-07-31 23:53:54 : No. of Free/Total Builders: 0/4
2015-07-31 23:53:54 :  [T]: 1 490
2015-07-31 23:53:54 :  [G]: 6 001 000 [E]: 5 875 105 [D]: 68 939 [GEM]: 955
2015-07-31 23:53:57 : Checking Army Camp...
2015-07-31 23:53:59 : Total Army Camp capacity: 33/200
2015-07-31 23:54:00 :  - No. of Archers: 33
2015-07-31 23:54:00 : Training Troops...
2015-07-31 23:54:08 :  ====== Unbreakable Mode enabled! ====== 
2015-07-31 23:54:08 : Oops, wait for 70% troops filled
2015-07-31 23:54:09 : Trying to locate Main Screen
2015-07-31 23:54:10 : Another Device has connected, waiting 2 minutes 0 seconds
2015-07-31 23:56:13 : Waiting for Main Screen
2015-07-31 23:56:16 : Another Device has connected, waiting 2 minutes 0 seconds
2015-07-31 23:58:23 : Zooming Out
2015-07-31 23:58:25 : Main Screen Located
2015-07-31 23:58:25 : Gold Storages are full!
2015-07-31 23:58:27 : Trying to locate Main Screen
2015-07-31 23:58:27 : Main Screen Located
2015-07-31 23:58:27 : Gold Storages are full!
2015-07-31 23:58:28 : Collecting Resources
2015-07-31 23:58:37 : Checking if Village needs Rearming..
2015-07-31 23:58:45 : Village Report
2015-07-31 23:58:45 : No. of Free/Total Builders: 0/4
2015-07-31 23:58:45 :  [T]: 1 490
2015-07-31 23:58:46 :  [G]: 6 001 000 [E]: 5 876 081 [D]: 68 942 [GEM]: 955
2015-07-31 23:58:48 : Checking Army Camp...
2015-07-31 23:58:50 : Total Army Camp capacity: 66/200
2015-07-31 23:58:51 :  - No. of Archers: 66
2015-07-31 23:58:51 : Training Troops...
2015-07-31 23:59:00 :  ====== Unbreakable Mode enabled! ====== 
2015-07-31 23:59:00 : Oops, wait for 70% troops filled
2015-07-31 23:59:01 : Trying to locate Main Screen
2015-07-31 23:59:01 : Main Screen Located
2015-07-31 23:59:01 : Gold Storages are full!
2015-07-31 23:59:02 : Collecting Resources
2015-07-31 23:59:10 : Checking if Village needs Rearming..
2015-07-31 23:59:16 : Pushbullet: Your bot is currently paused, no action was taken
2015-07-31 23:59:19 : Village Report
2015-07-31 23:59:20 : No. of Free/Total Builders: 0/4
2015-07-31 23:59:20 :  [T]: 1 490
2015-07-31 23:59:20 :  [G]: 6 001 000 [E]: 5 876 384 [D]: 68 947 [GEM]: 955
2015-07-31 23:59:22 : Checking Army Camp...
2015-07-31 23:59:24 : Total Army Camp capacity: 72/200
2015-07-31 23:59:25 :  - No. of Barbarians: 4
2015-07-31 23:59:25 :  - No. of Archers: 68
2015-07-31 23:59:25 : Training Troops...
2015-07-31 23:59:28 : Training Overview Window didn't open
2015-07-31 23:59:31 : Zooming Out
2015-07-31 23:59:31 : BS Error window detected
2015-07-31 23:59:31 : Another Device has connected, waiting 2 minutes 0 seconds
2015-08-01 00:01:34 : Error window cleared, continue Zoom out
2015-08-01 00:01:38 : Waiting for Main Screen
2015-08-01 00:01:45 : Zooming Out
2015-08-01 00:01:48 :  ====== Unbreakable Mode enabled! ====== 
2015-08-01 00:01:48 : Oops, wait for 70% troops filled
2015-08-01 00:01:49 : Trying to locate Main Screen
2015-08-01 00:01:50 : Another Device has connected, waiting 2 minutes 0 seconds
2015-08-01 00:03:53 : Waiting for Main Screen
2015-08-01 00:03:57 : Zooming Out
2015-08-01 00:03:58 : BS Error window detected
2015-08-01 00:03:58 : Another Device has connected, waiting 2 minutes 0 seconds
2015-08-01 00:06:01 : Error window cleared, continue Zoom out
2015-08-01 00:06:01 : Main Screen Located
2015-08-01 00:06:05 : Waiting for Main Screen
2015-08-01 00:06:13 : Another Device has connected, waiting 2 minutes 0 seconds
2015-08-01 00:08:20 : Zooming Out
2015-08-01 00:08:22 : Trying to locate Main Screen
2015-08-01 00:08:22 : Main Screen Located
2015-08-01 00:08:22 : Gold Storages are full!
2015-08-01 00:08:24 : Collecting Resources
2015-08-01 00:08:32 : Checking if Village needs Rearming..
2015-08-01 00:08:41 : Village Report
2015-08-01 00:08:41 : No. of Free/Total Builders: 0/4
2015-08-01 00:08:41 :  [T]: 1 490
2015-08-01 00:08:41 :  [G]: 6 001 000 [E]: 5 877 889 [D]: 68 953 [GEM]: 955
2015-08-01 00:08:43 : Checking Army Camp...
2015-08-01 00:08:45 : Total Army Camp capacity: 150/200
2015-08-01 00:08:46 :  - No. of Barbarians: 82
2015-08-01 00:08:46 :  - No. of Archers: 68
2015-08-01 00:08:46 : Training Troops...
2015-08-01 00:08:56 :  ====== Unbreakable Mode enabled! ====== 
2015-08-01 00:08:59 : Going to Attack...
2015-08-01 00:09:07 : Returning Home For Defense
2015-08-01 00:09:11 : Closing Clash Of Clans
2015-08-01 00:09:12 : Waiting 15 Minutes for Defense Attacks
