2015-07-31 00:00:58 : ~~~ Clash Game Bot v4.1 Powered by GameBot.org ~~~
2015-07-31 00:00:58 : GameBot.org.exe Executable running on WIN_7  X64
2015-07-31 00:00:58 : =================== Bot Start ====================
2015-07-31 00:00:58 : -------------------------  Current Profile: 01 --------------------------
2015-07-31 00:00:58 : Trying to locate Main Screen
2015-07-31 00:01:02 : Waiting for Main Screen
2015-07-31 00:01:13 : Zooming Out
2015-07-31 00:01:15 : Main Screen Located
2015-07-31 00:01:16 : Detecting your Buildings..
2015-07-31 00:01:22 : Language setting is English: Correct.
2015-07-31 00:01:23 : Trying to locate Main Screen
2015-07-31 00:01:23 : Main Screen Located
2015-07-31 00:01:24 : Collecting Resources
2015-07-31 00:01:32 : Checking if Village needs Rearming..
2015-07-31 00:01:40 : Village Report
2015-07-31 00:01:40 : No. of Free/Total Builders: 0/4
2015-07-31 00:01:40 :  [T]: 1 437
2015-07-31 00:01:40 :  [G]: 5 857 582 [E]: 5 927 941 [D]: 71 372 [GEM]: 955
2015-07-31 00:01:43 : Checking Army Camp...
2015-07-31 00:01:45 : Total Army Camp capacity: 181/200
2015-07-31 00:01:46 :  - No. of Barbarians: 80
2015-07-31 00:01:46 :  - No. of Archers: 47
2015-07-31 00:01:46 :  - No. of Balloons: 6
2015-07-31 00:01:46 :  - No. of Wizards: 6
2015-07-31 00:01:46 : Barracks and Spell factory status: 
2015-07-31 00:01:46 : - Barracks detected: 4 | Available: 3 | Upgrading: 1
2015-07-31 00:01:46 : - Dark Barracks detected: 2 | Available: 2 | Upgrading: 0
2015-07-31 00:01:46 : - Spell factory detected: 1 | Available: 1 | Upgrading: 0
2015-07-31 00:01:46 : - Dark Spell factory detected: 1 | Available: 1 | Upgrading: 0
2015-07-31 00:01:46 : Training Troops...
2015-07-31 00:02:06 :  ====== Unbreakable Mode enabled! ====== 
2015-07-31 00:02:09 : Going to Attack...
2015-07-31 00:02:17 : Returning Home For Defense
2015-07-31 00:02:21 : Closing Clash Of Clans
2015-07-31 00:02:22 : Waiting 5 Minutes for Defense Attacks
