2015-08-17 13:00:12 :  Clash Game Bot v4.1.1-6 merge Powered by GameBot.org 
2015-08-17 13:00:12 : GameBot.org.exe Executable running on WIN_7 Service Pack 1 X64
2015-08-17 13:00:12 : =================== Bot Start ====================
2015-08-17 13:00:12 : -------------------------  Current Profile: 01 --------------------------
2015-08-17 13:00:12 : Trying to locate Main Screen
2015-08-17 13:00:13 : Waiting for Main Screen
2015-08-17 13:00:15 : Main Screen Located
2015-08-17 13:00:16 : Detecting your Buildings..
2015-08-17 13:00:23 : Language setting is English: Correct.
2015-08-17 13:00:24 : Trying to locate Main Screen
2015-08-17 13:00:24 : Main Screen Located
2015-08-17 13:00:26 : Village Report
2015-08-17 13:00:26 : No. of Free/Total Builders: 0/4
2015-08-17 13:00:26 :  [T]: 2 722
2015-08-17 13:00:26 :  [G]: 3 180 169 [E]: 3 420 353 [D]: 27 588 [GEM]: 57
2015-08-17 13:00:26 : Collecting Resources
2015-08-17 13:00:38 : Checking Army Camp...
2015-08-17 13:00:39 : Total Army Camp capacity: 159/220
2015-08-17 13:00:41 :  - No. of Barbarians: 19
2015-08-17 13:00:41 :  - No. of Archers: 103
2015-08-17 13:00:41 :  - No. of Goblins: 12
2015-08-17 13:00:41 :  - No. of Giants: 5
2015-08-17 13:00:41 : Barracks and Spell factory status: 
2015-08-17 13:00:41 : - Barracks detected: 4 | Available: 4 | Upgrading: 0
2015-08-17 13:00:41 : - Dark Barracks detected: 2 | Available: 2 | Upgrading: 0
2015-08-17 13:00:41 : - Spell factory detected: 1 | Available: 1 | Upgrading: 0
2015-08-17 13:00:41 : - Dark Spell factory detected: 1 | Available: 1 | Upgrading: 0
2015-08-17 13:00:42 : Training Troops...
