2015-08-18 04:23:34 :  Clash Game Bot v4.1.1-6 merge Powered by GameBot.org 
2015-08-18 04:23:34 : GameBot.org.exe Executable running on WIN_7 Service Pack 1 X64
2015-08-18 04:23:34 : =================== Bot Start ====================
2015-08-18 04:23:34 : -------------------------  Current Profile: 01 --------------------------
2015-08-18 04:23:34 : Trying to locate Main Screen
2015-08-18 04:23:35 : Waiting for Main Screen
2015-08-18 04:23:38 : Main Screen Located
2015-08-18 04:23:39 : Detecting your Buildings..
2015-08-18 04:23:47 : Language setting is English: Correct.
2015-08-18 04:23:48 : Trying to locate Main Screen
2015-08-18 04:23:48 : Main Screen Located
2015-08-18 04:23:49 : Village Report
2015-08-18 04:23:49 : No. of Free/Total Builders: 0/4
2015-08-18 04:23:49 :  [T]: 2 612
2015-08-18 04:23:50 :  [G]: 4 548 290 [E]: 3 867 440 [D]: 1 576 [GEM]: 57
2015-08-18 04:23:50 : Collecting Resources
2015-08-18 04:24:01 : Checking Army Camp...
2015-08-18 04:24:03 : Total Army Camp capacity: 107/220
2015-08-18 04:24:05 :  - No. of Archers: 107
2015-08-18 04:24:05 : Barracks and Spell factory status: 
2015-08-18 04:24:05 : - Barracks detected: 4 | Available: 4 | Upgrading: 0
2015-08-18 04:24:05 : - Dark Barracks detected: 2 | Available: 2 | Upgrading: 0
2015-08-18 04:24:06 : - Spell factory detected: 1 | Available: 1 | Upgrading: 0
2015-08-18 04:24:06 : - Dark Spell factory detected: 1 | Available: 1 | Upgrading: 0
2015-08-18 04:24:06 : Training Troops...
2015-08-18 04:24:24 : Spell Factory Full
2015-08-18 04:24:26 : 0
2015-08-18 04:24:28 : Requesting Clan Castle Troops
2015-08-18 04:24:28 : Request has already been made
2015-08-18 04:24:30 : ====== Waiting for full army ======
2015-08-18 04:24:42 : Checking Army Camp...
2015-08-18 04:24:43 : Total Army Camp capacity: 112/220
2015-08-18 04:24:45 :  - No. of Barbarians: 4
2015-08-18 04:24:45 :  - No. of Archers: 108
2015-08-18 04:24:45 : Training Troops...
2015-08-18 04:24:57 : Spell Factory Full
2015-08-18 04:24:59 : Time Idle: 00:00:29
2015-08-18 04:24:59 : ====== Waiting for full army ======
2015-08-18 04:25:11 : Checking Army Camp...
2015-08-18 04:25:13 : Total Army Camp capacity: 117/220
2015-08-18 04:25:14 :  - No. of Barbarians: 10
2015-08-18 04:25:14 :  - No. of Archers: 108
2015-08-18 04:25:15 : Training Troops...
2015-08-18 04:25:26 : Spell Factory Full
2015-08-18 04:25:28 : Time Idle: 00:00:58
2015-08-18 04:25:28 : ====== Waiting for full army ======
2015-08-18 04:25:40 : Checking Army Camp...
2015-08-18 04:25:42 : Total Army Camp capacity: 124/220
2015-08-18 04:25:43 :  - No. of Barbarians: 16
2015-08-18 04:25:43 :  - No. of Archers: 108
2015-08-18 04:25:44 : Training Troops...
2015-08-18 04:25:55 : Spell Factory Full
2015-08-18 04:25:57 : Time Idle: 00:01:27
2015-08-18 04:25:58 : ====== Waiting for full army ======
2015-08-18 04:26:09 : Checking Army Camp...
2015-08-18 04:26:11 : Total Army Camp capacity: 129/220
2015-08-18 04:26:12 :  - No. of Barbarians: 21
2015-08-18 04:26:13 :  - No. of Archers: 108
2015-08-18 04:26:13 : Training Troops...
2015-08-18 04:26:25 : Spell Factory Full
2015-08-18 04:26:27 : Time Idle: 00:01:55
2015-08-18 04:26:27 : ====== Waiting for full army ======
2015-08-18 04:26:39 : Checking Army Camp...
2015-08-18 04:26:40 : Total Army Camp capacity: 135/220
2015-08-18 04:26:42 :  - No. of Barbarians: 28
2015-08-18 04:26:42 :  - No. of Archers: 108
2015-08-18 04:26:42 : Training Troops...
2015-08-18 04:26:54 : Spell Factory Full
2015-08-18 04:26:56 : Time Idle: 00:02:24
2015-08-18 04:26:56 : ====== Waiting for full army ======
2015-08-18 04:27:07 : Checking Army Camp...
2015-08-18 04:27:09 : Total Army Camp capacity: 141/220
2015-08-18 04:27:10 :  - No. of Barbarians: 33
2015-08-18 04:27:11 :  - No. of Archers: 108
2015-08-18 04:27:11 : Training Troops...
2015-08-18 04:27:22 : Spell Factory Full
2015-08-18 04:27:24 : Time Idle: 00:02:52
2015-08-18 04:27:24 : ====== Waiting for full army ======
2015-08-18 04:27:36 : Checking Army Camp...
2015-08-18 04:27:38 : Total Army Camp capacity: 147/220
2015-08-18 04:27:39 :  - No. of Barbarians: 39
2015-08-18 04:27:39 :  - No. of Archers: 108
2015-08-18 04:27:40 : Training Troops...
2015-08-18 04:27:51 : Spell Factory Full
2015-08-18 04:27:53 : Time Idle: 00:03:21
2015-08-18 04:27:53 : ====== Waiting for full army ======
2015-08-18 04:28:05 : Checking Army Camp...
2015-08-18 04:28:07 : Total Army Camp capacity: 152/220
2015-08-18 04:28:08 :  - No. of Barbarians: 44
2015-08-18 04:28:08 :  - No. of Archers: 108
2015-08-18 04:28:09 : Training Troops...
2015-08-18 04:28:20 : Spell Factory Full
2015-08-18 04:28:22 : Time Idle: 00:03:50
2015-08-18 04:28:22 : ====== Waiting for full army ======
2015-08-18 04:28:34 : Checking Army Camp...
2015-08-18 04:28:36 : Total Army Camp capacity: 158/220
2015-08-18 04:28:37 :  - No. of Barbarians: 50
2015-08-18 04:28:37 :  - No. of Archers: 108
2015-08-18 04:28:38 : Training Troops...
2015-08-18 04:28:49 : Spell Factory Full
2015-08-18 04:28:51 : Time Idle: 00:04:19
2015-08-18 04:28:52 : ====== Waiting for full army ======
2015-08-18 04:29:03 : Checking Army Camp...
2015-08-18 04:29:05 : Total Army Camp capacity: 164/220
2015-08-18 04:29:06 :  - No. of Barbarians: 56
2015-08-18 04:29:07 :  - No. of Archers: 108
2015-08-18 04:29:07 : Training Troops...
2015-08-18 04:29:18 : Spell Factory Full
2015-08-18 04:29:20 : Time Idle: 00:04:48
2015-08-18 04:29:21 : ====== Waiting for full army ======
2015-08-18 04:29:32 : Checking Army Camp...
2015-08-18 04:29:34 : Total Army Camp capacity: 170/220
2015-08-18 04:29:35 :  - No. of Barbarians: 62
2015-08-18 04:29:36 :  - No. of Archers: 108
2015-08-18 04:29:36 : Training Troops...
2015-08-18 04:29:47 : Spell Factory Full
2015-08-18 04:29:49 : Time Idle: 00:05:17
2015-08-18 04:29:50 : ====== Waiting for full army ======
2015-08-18 04:30:01 : Collecting Resources
2015-08-18 04:30:10 : Checking Army Camp...
2015-08-18 04:30:12 : Total Army Camp capacity: 177/220
2015-08-18 04:30:13 :  - No. of Barbarians: 69
2015-08-18 04:30:13 :  - No. of Archers: 108
2015-08-18 04:30:14 : Training Troops...
2015-08-18 04:30:26 : Spell Factory Full
2015-08-18 04:30:28 : Time Idle: 00:05:54
2015-08-18 04:30:28 : ====== Waiting for full army ======
2015-08-18 04:30:40 : Checking Army Camp...
2015-08-18 04:30:41 : Total Army Camp capacity: 184/220
2015-08-18 04:30:42 :  - No. of Barbarians: 76
2015-08-18 04:30:43 :  - No. of Archers: 108
2015-08-18 04:30:43 : Training Troops...
2015-08-18 04:30:55 : Spell Factory Full
2015-08-18 04:30:57 : Time Idle: 00:06:23
2015-08-18 04:30:57 : ====== Waiting for full army ======
2015-08-18 04:31:09 : Checking Army Camp...
2015-08-18 04:31:11 : Total Army Camp capacity: 189/220
2015-08-18 04:31:12 :  - No. of Barbarians: 81
2015-08-18 04:31:12 :  - No. of Archers: 108
2015-08-18 04:31:13 : Training Troops...
2015-08-18 04:31:24 : Spell Factory Full
2015-08-18 04:31:26 : Time Idle: 00:06:52
2015-08-18 04:31:26 : ====== Waiting for full army ======
2015-08-18 04:31:38 : Checking Army Camp...
2015-08-18 04:31:39 : Total Army Camp capacity: 195/220
2015-08-18 04:31:41 :  - No. of Barbarians: 87
2015-08-18 04:31:41 :  - No. of Archers: 108
2015-08-18 04:31:41 : Training Troops...
2015-08-18 04:31:52 : Spell Factory Full
2015-08-18 04:31:55 : Time Idle: 00:07:21
2015-08-18 04:31:55 : ====== Waiting for full army ======
2015-08-18 04:32:07 : Checking Army Camp...
2015-08-18 04:32:08 : Total Army Camp capacity: 200/220
2015-08-18 04:32:10 :  - No. of Barbarians: 92
2015-08-18 04:32:10 :  - No. of Archers: 108
2015-08-18 04:32:10 : Training Troops...
2015-08-18 04:32:21 : Spell Factory Full
2015-08-18 04:32:23 : Time Idle: 00:07:49
2015-08-18 04:32:24 : ====== Waiting for full army ======
2015-08-18 04:32:35 : Checking Army Camp...
2015-08-18 04:32:37 : Total Army Camp capacity: 207/220
2015-08-18 04:32:38 :  - No. of Barbarians: 99
2015-08-18 04:32:39 :  - No. of Archers: 108
2015-08-18 04:32:39 : Training Troops...
2015-08-18 04:32:51 : Spell Factory Full
2015-08-18 04:32:53 : Time Idle: 00:08:18
2015-08-18 04:32:53 : ====== Waiting for full army ======
2015-08-18 04:33:05 : Checking Army Camp...
2015-08-18 04:33:06 : Total Army Camp capacity: 212/220
2015-08-18 04:33:08 :  - No. of Barbarians: 104
2015-08-18 04:33:08 :  - No. of Archers: 108
2015-08-18 04:33:08 : Training Troops...
2015-08-18 04:33:20 : Spell Factory Full
2015-08-18 04:33:22 : Time Idle: 00:08:47
2015-08-18 04:33:22 : ====== Waiting for full army ======
2015-08-18 04:33:34 : Checking Army Camp...
2015-08-18 04:33:36 : Total Army Camp capacity: 216/220
2015-08-18 04:33:37 :  - No. of Barbarians: 108
2015-08-18 04:33:37 :  - No. of Archers: 108
2015-08-18 04:33:38 : Training Troops...
2015-08-18 04:33:50 : Checking Army Camp...
2015-08-18 04:33:52 : Total Army Camp capacity: 216/220
2015-08-18 04:33:53 :  - No. of Barbarians: 108
2015-08-18 04:33:53 :  - No. of Archers: 108
2015-08-18 04:33:54 : Training Troops...
2015-08-18 04:34:08 : Spell Factory Full
2015-08-18 04:34:10 : Time Idle: 00:09:35
2015-08-18 04:34:10 : ====== Waiting for full army ======
2015-08-18 04:34:22 : Checking Army Camp...
2015-08-18 04:34:24 : Total Army Camp capacity: 218/220
2015-08-18 04:34:25 :  - No. of Barbarians: 108
2015-08-18 04:34:26 :  - No. of Archers: 110
2015-08-18 04:34:26 : Training Troops...
2015-08-18 04:34:36 : Spell Factory Full
2015-08-18 04:34:38 : Time Idle: 00:10:03
2015-08-18 04:34:38 : ====== Waiting for full army ======
2015-08-18 04:34:50 : Checking Army Camp...
2015-08-18 04:34:52 : Total Army Camp capacity: 220/220
2015-08-18 04:34:53 :  - No. of Barbarians: 108
2015-08-18 04:34:53 :  - No. of Archers: 112
2015-08-18 04:34:54 : Training Troops...
2015-08-18 04:34:55 : Your Army Camps are now Full
2015-08-18 04:35:20 : Spell Factory not found...
2015-08-18 04:35:22 : Going to Attack...
2015-08-18 04:35:28 : ============== Searching For Dead Base ===============
2015-08-18 04:35:28 : ~~~~~~~~~~~~~~~ SEARCH CONDITIONS ~~~~~~~~~~~~~~~~
2015-08-18 04:35:28 : Meet: Gold or Elixir, Max TH 8
2015-08-18 04:35:28 : ~~~~~~~~~~~~~~ RESOURCE CONDITIONS ~~~~~~~~~~~~~~~
2015-08-18 04:35:28 : Aim: [G]:      0 [E]:      0 [D]:    0 [T]: 0 [TH]: 8 for: Dead Base
2015-08-18 04:35:28 : ============== Searching For Live Base ===============
2015-08-18 04:35:28 : ~~~~~~~~~~~~~~~ SEARCH CONDITIONS ~~~~~~~~~~~~~~~~
2015-08-18 04:35:28 : Meet: Gold or Elixir, Max TH 8
2015-08-18 04:35:28 : ~~~~~~~~~~~~~~ RESOURCE CONDITIONS ~~~~~~~~~~~~~~~
2015-08-18 04:35:28 : Aim: [G]:      0 [E]:      0 [D]:    0 [T]: 0 [TH]: 8 for: Live Base
2015-08-18 04:35:28 : ~~~~~~~~~~~~~~~ ADVANCED SETTINGS ~~~~~~~~~~~~~~~~
2015-08-18 04:35:28 : THSnipe Combo, 4 Tile(s), AttackTH, Attack5:MasterGiBAM
2015-08-18 04:35:28 : ==================================================
2015-08-18 04:35:30 :   1> [G]:  35555 [E]:  91008 [D]:  760 [T]:18 [TH]: 9, In
2015-08-18 04:35:34 :   2> [G]:  40665 [E]:  57013 [D]: 1757 [T]:29 [TH]:10, In
2015-08-18 04:35:39 :   3> [G]: 276060 [E]: 137454 [D]: 1616 [T]:33 [TH]: 9, In
2015-08-18 04:35:43 :   4> [G]:  42843 [E]:   6320 [D]: 1308 [T]:31 [TH]: 9, In
2015-08-18 04:35:49 :   5> [G]: 159764 [E]: 170561 [D]: 1252 [T]:30 [TH]:10, In
2015-08-18 04:35:55 :   6> [G]:  55889 [E]:  76493 [D]: 1068 [T]:17 [TH]: 9, In
2015-08-18 04:36:00 :   7> [G]:  60726 [E]:  73427 [D]: 1578 [T]:30 [TH]:10, In
2015-08-18 04:36:05 :   8> [G]:  49205 [E]:  21842 [D]:  495 [T]:25 [TH]: 9, In
2015-08-18 04:36:10 :   9> [G]: 179574 [E]: 100954 [D]: 2674 [T]:13 [TH]:10, In
2015-08-18 04:36:14 :  10> [G]: 125878 [E]: 103562 [D]: 3321 [T]:34 [TH]:10, In
2015-08-18 04:36:19 :  11> [G]:  25508 [E]:   4908 [D]:  377 [T]:28 [TH]: 9, In
2015-08-18 04:36:26 :  12> [G]:  99778 [E]: 131608 [D]:  266 [T]:13 [TH]: 9, In
2015-08-18 04:36:30 :  13> [G]: 120692 [E]:  86568 [D]:  797 [T]:24 [TH]: 9, In
2015-08-18 04:36:34 :  14> [G]:  65077 [E]:  73022 [D]:  493 [T]:23 [TH]: 9, In
2015-08-18 04:36:38 :  15> [G]:  90066 [E]: 174246 [D]: 1123 [T]:13 [TH]: 9, In
2015-08-18 04:36:42 :  16> [G]:  53998 [E]:  91345 [D]: 1177 [T]:24 [TH]: 9, In
2015-08-18 04:36:46 :  17> [G]: 159357 [E]: 160168 [D]:  354 [T]:22 [TH]: 9, In
2015-08-18 04:36:51 :  18> [G]:  84165 [E]: 108819 [D]: 1022 [T]:17 [TH]: 9, In
2015-08-18 04:36:55 :  19> [G]: 109189 [E]:  81093 [D]:  575 [T]:34 [TH]: 9, In
2015-08-18 04:36:59 :  20> [G]: 143331 [E]: 154232 [D]:  729 [T]:17 [TH]: 9, In
2015-08-18 04:37:04 :  21> [G]:  28142 [E]: 109892 [D]:  762 [T]:20 [TH]: 9, In
2015-08-18 04:37:08 :  22> [G]:  66363 [E]:  39207 [D]: 1868 [T]:33 [TH]:10, In
2015-08-18 04:37:13 :  23> [G]:  35001 [E]: 132500 [D]:  398 [T]:23 [TH]:10, In
2015-08-18 04:37:17 :  24> [G]: 145343 [E]:  97947 [D]:  499 [T]:21 [TH]: 9, In
2015-08-18 04:37:23 :  25> [G]:  79829 [E]:  42875 [D]:  258 [T]:26 [TH]:10, In
2015-08-18 04:37:27 :  26> [G]:  37687 [E]:  47276 [D]:  918 [T]:29 [TH]: 9, In
2015-08-18 04:37:34 :  27> [G]: 182006 [E]: 104773 [D]:  742 [T]:22 [TH]: 9, In
2015-08-18 04:37:40 :  28> [G]: 172401 [E]:  18080 [D]:   76 [T]:25 [TH]:10, In
2015-08-18 04:37:46 :  29> [G]:  82996 [E]:  90456 [D]:  884 [T]:24 [TH]:10, In
2015-08-18 04:37:52 :  30> [G]: 108443 [E]:  18347 [D]:  987 [T]:17 [TH]: 9, In
2015-08-18 04:37:57 : Checking Trapped TH
2015-08-18 04:37:59 : Wizard Tower Found
2015-08-18 04:37:59 :  31> [G]: 419241 [E]: 106704 [D]: 3602 [T]:16 [TH]:10, Out
2015-08-18 04:37:59 : Wizard Tower found near TH, skipping...
2015-08-18 04:37:59 : Trap found, skipping base...
2015-08-18 04:37:59 : ~~~~~~~~~~~~~~~ TH Outside Found! ~~~~~~~~~~~~~~~~
2015-08-18 04:37:59 : ================ Search Complete =================
2015-08-18 04:37:59 : Initiating attack for: TH Snipe
2015-08-18 04:38:01 : -Barbarians 108
2015-08-18 04:38:02 : -Archers 112
2015-08-18 04:38:02 : -Clan Castle 
2015-08-18 04:38:02 : -King 
2015-08-18 04:38:02 : -Heal Spells 4
2015-08-18 04:38:02 :  ====== Start Attack ====== 
2015-08-18 04:38:04 : Small attack first to get totally unprotected townhall
2015-08-18 04:38:04 : Dropping first wave of 9 Archers
2015-08-18 04:38:06 : Deployment of Archers Successful!
2015-08-18 04:38:39 :  Not a clear townhall Going In Full Power with GiPAM pulse
2015-08-18 04:38:39 : No  troop Found!!!
2015-08-18 04:38:39 : No  troop Found!!!
2015-08-18 04:38:39 : No  troop Found!!!
2015-08-18 04:38:39 : No  troop Found!!!
2015-08-18 04:38:39 : Dropping first wave of 15 Barbarians
2015-08-18 04:38:42 : Deployment of Barbarians Successful!
2015-08-18 04:38:44 : Dropping second wave of 20 Archers
2015-08-18 04:38:47 : Deployment of Archers Successful!
2015-08-18 04:38:54 : Dropping second wave of 30 Barbarians
2015-08-18 04:38:58 : Deployment of Barbarians Successful!
2015-08-18 04:39:00 : Dropping third wave of 60 Archers
2015-08-18 04:39:07 : Deployment of Archers Successful!
2015-08-18 04:39:09 : No  troop Found!!!
2015-08-18 04:39:30 : Heavily Protected sending in all Remaining Troops
2015-08-18 04:39:30 : No  troop Found!!!
2015-08-18 04:39:30 : No  troop Found!!!
2015-08-18 04:39:30 : No  troop Found!!!
2015-08-18 04:39:30 : No  troop Found!!!
2015-08-18 04:39:30 : No  troop Found!!!
2015-08-18 04:39:30 : No  troop Found!!!
2015-08-18 04:39:30 : No  troop Found!!!
2015-08-18 04:39:31 : No  troop Found!!!
2015-08-18 04:39:31 : No  troop Found!!!
2015-08-18 04:39:31 : No  troop Found!!!
2015-08-18 04:39:31 : No  troop Found!!!
2015-08-18 04:39:31 : No  troop Found!!!
2015-08-18 04:39:31 : No  troop Found!!!
2015-08-18 04:39:31 : No  troop Found!!!
2015-08-18 04:39:31 : Dropping last wave of 75 Barbarians
2015-08-18 04:39:40 : Deployment of Barbarians Successful!
2015-08-18 04:39:42 : Dropping last wave of 75 Archers
2015-08-18 04:39:51 : Deployment of Archers Successful!
2015-08-18 04:39:53 : Townhall has been destroyed!
2015-08-18 04:39:57 : Checking if the battle has finished
2015-08-18 04:39:59 : detected [G]:  [E]:  [DE]:  |  Exit now 
2015-08-18 04:39:59 : Battle has finished
2015-08-18 04:39:59 : Returning Home
2015-08-18 04:40:04 : Loot: [G]: 1 000 [E]: 7 198 [DE]:  [T]: 5
2015-08-18 04:40:04 : Bonus [G]: 100 000 [E]: 100 000 [DE]: 500
2015-08-18 04:40:07 : Your league level is: Master III
2015-08-18 04:40:07 : Stars earned: 1
2015-08-18 04:40:15 : Trying to locate Main Screen
2015-08-18 04:40:15 : Main Screen Located
2015-08-18 04:40:16 : Village Report
2015-08-18 04:40:16 : No. of Free/Total Builders: 0/4
2015-08-18 04:40:16 :  [T]: 2 617
2015-08-18 04:40:17 :  [G]: 4 630 413 [E]: 3 929 209 [D]: 2 084 [GEM]: 57
2015-08-18 04:40:17 : Collecting Resources
2015-08-18 04:40:28 : Checking Army Camp...
2015-08-18 04:40:30 : Total Army Camp capacity: 50/220
2015-08-18 04:40:31 :  - No. of Archers: 50
2015-08-18 04:40:32 : Training Troops...
2015-08-18 04:40:38 : Spell Factory Full
2015-08-18 04:40:40 : 0
2015-08-18 04:40:42 : Requesting Clan Castle Troops
2015-08-18 04:40:42 : Your Clan Castle is already full or you are not in a clan.
2015-08-18 04:40:44 : ====== Waiting for full army ======
2015-08-18 04:40:56 : Checking Army Camp...
2015-08-18 04:40:58 : Total Army Camp capacity: 55/220
2015-08-18 04:40:59 :  - No. of Archers: 55
2015-08-18 04:40:59 : Training Troops...
2015-08-18 04:41:06 : Spell Factory Full
2015-08-18 04:41:08 : Time Idle: 00:00:23
2015-08-18 04:41:08 : ====== Waiting for full army ======
2015-08-18 04:41:20 : Collecting Resources
2015-08-18 04:41:28 : Checking Army Camp...
2015-08-18 04:41:30 : Total Army Camp capacity: 60/220
2015-08-18 04:41:31 :  - No. of Archers: 60
2015-08-18 04:41:32 : Training Troops...
2015-08-18 04:41:38 : Spell Factory Full
2015-08-18 04:41:40 : Time Idle: 00:00:55
2015-08-18 04:41:40 : ====== Waiting for full army ======
2015-08-18 04:41:52 : Checking Army Camp...
2015-08-18 04:41:54 : Total Army Camp capacity: 64/220
2015-08-18 04:41:55 :  - No. of Archers: 64
2015-08-18 04:41:56 : Training Troops...
2015-08-18 04:42:02 : Spell Factory Full
2015-08-18 04:42:04 : Time Idle: 00:01:19
2015-08-18 04:42:04 : ====== Waiting for full army ======
2015-08-18 04:42:16 : Checking Army Camp...
2015-08-18 04:42:18 : Total Army Camp capacity: 68/220
2015-08-18 04:42:19 :  - No. of Archers: 68
2015-08-18 04:42:20 : Training Troops...
2015-08-18 04:42:26 : Spell Factory Full
2015-08-18 04:42:28 : Time Idle: 00:01:43
2015-08-18 04:42:28 : ====== Waiting for full army ======
2015-08-18 04:42:30 : Chat Request: kahit ano lang po
2015-08-18 04:42:30 : Custom Donation Keyword found: kahit
2015-08-18 04:42:33 : No Giants available to donate..
2015-08-18 04:42:36 : No Minions available to donate..
2015-08-18 04:42:37 : Donating 6 Archers
2015-08-18 04:42:50 : Checking Army Camp...
2015-08-18 04:42:52 : Total Army Camp capacity: 66/220
2015-08-18 04:42:53 :  - No. of Archers: 66
2015-08-18 04:42:54 : Training Troops...
2015-08-18 04:43:00 : Spell Factory Full
2015-08-18 04:43:02 : Time Idle: 00:02:16
2015-08-18 04:43:02 : ====== Waiting for full army ======
2015-08-18 04:43:14 : Checking Army Camp...
2015-08-18 04:43:16 : Total Army Camp capacity: 70/220
2015-08-18 04:43:17 :  - No. of Archers: 70
2015-08-18 04:43:17 : Training Troops...
2015-08-18 04:43:24 : Spell Factory Full
2015-08-18 04:43:26 : Time Idle: 00:02:40
2015-08-18 04:43:26 : ====== Waiting for full army ======
2015-08-18 04:43:38 : Checking Army Camp...
2015-08-18 04:43:40 : Total Army Camp capacity: 74/220
2015-08-18 04:43:41 :  - No. of Archers: 74
2015-08-18 04:43:41 : Training Troops...
2015-08-18 04:43:48 : Spell Factory Full
2015-08-18 04:43:50 : Time Idle: 00:03:04
2015-08-18 04:43:50 : ====== Waiting for full army ======
2015-08-18 04:44:02 : Checking Army Camp...
2015-08-18 04:44:04 : Total Army Camp capacity: 78/220
2015-08-18 04:44:05 :  - No. of Archers: 78
2015-08-18 04:44:05 : Training Troops...
2015-08-18 04:44:12 : Spell Factory Full
2015-08-18 04:44:14 : Time Idle: 00:03:28
2015-08-18 04:44:14 : ====== Waiting for full army ======
2015-08-18 04:44:26 : Checking Army Camp...
2015-08-18 04:44:28 : Total Army Camp capacity: 82/220
2015-08-18 04:44:29 :  - No. of Archers: 82
2015-08-18 04:44:29 : Training Troops...
2015-08-18 04:44:36 : Spell Factory Full
2015-08-18 04:44:38 : Time Idle: 00:03:51
2015-08-18 04:44:38 : ====== Waiting for full army ======
2015-08-18 04:44:50 : Checking Army Camp...
2015-08-18 04:44:52 : Total Army Camp capacity: 86/220
2015-08-18 04:44:53 :  - No. of Archers: 86
2015-08-18 04:44:53 : Training Troops...
2015-08-18 04:45:00 : Spell Factory Full
2015-08-18 04:45:02 : Time Idle: 00:04:15
2015-08-18 04:45:02 : ====== Waiting for full army ======
2015-08-18 04:45:14 : Checking Army Camp...
2015-08-18 04:45:16 : Total Army Camp capacity: 90/220
2015-08-18 04:45:17 :  - No. of Archers: 90
2015-08-18 04:45:18 : Training Troops...
2015-08-18 04:45:24 : Spell Factory Full
2015-08-18 04:45:26 : Time Idle: 00:04:39
2015-08-18 04:45:26 : ====== Waiting for full army ======
2015-08-18 04:45:38 : Checking Army Camp...
2015-08-18 04:45:40 : Total Army Camp capacity: 94/220
2015-08-18 04:45:41 :  - No. of Archers: 94
2015-08-18 04:45:42 : Training Troops...
2015-08-18 04:45:48 : Spell Factory Full
2015-08-18 04:45:50 : Time Idle: 00:05:03
2015-08-18 04:45:50 : ====== Waiting for full army ======
2015-08-18 04:46:02 : Collecting Resources
2015-08-18 04:46:08 : Checking Army Camp...
2015-08-18 04:46:10 : Total Army Camp capacity: 98/220
2015-08-18 04:46:11 :  - No. of Archers: 98
2015-08-18 04:46:12 : Training Troops...
2015-08-18 04:46:18 : Spell Factory Full
2015-08-18 04:46:20 : Time Idle: 00:05:33
2015-08-18 04:46:20 : ====== Waiting for full army ======
2015-08-18 04:46:32 : Checking Army Camp...
2015-08-18 04:46:34 : Total Army Camp capacity: 102/220
2015-08-18 04:46:35 :  - No. of Archers: 102
2015-08-18 04:46:36 : Training Troops...
2015-08-18 04:46:43 : Spell Factory Full
2015-08-18 04:46:45 : Time Idle: 00:05:58
2015-08-18 04:46:46 : ====== Waiting for full army ======
2015-08-18 04:46:58 : Checking Army Camp...
2015-08-18 04:47:00 : Total Army Camp capacity: 108/220
2015-08-18 04:47:01 :  - No. of Barbarians: 6
2015-08-18 04:47:01 :  - No. of Archers: 102
2015-08-18 04:47:01 : Training Troops...
2015-08-18 04:47:09 : Spell Factory Full
2015-08-18 04:47:11 : Time Idle: 00:06:23
2015-08-18 04:47:11 : ====== Waiting for full army ======
2015-08-18 04:47:23 : Checking Army Camp...
2015-08-18 04:47:25 : Total Army Camp capacity: 113/220
2015-08-18 04:47:26 :  - No. of Barbarians: 11
2015-08-18 04:47:26 :  - No. of Archers: 102
2015-08-18 04:47:27 : Training Troops...
2015-08-18 04:47:34 : Spell Factory Full
2015-08-18 04:47:36 : Time Idle: 00:06:48
2015-08-18 04:47:37 : ====== Waiting for full army ======
2015-08-18 04:47:48 : Checking Army Camp...
2015-08-18 04:47:50 : Total Army Camp capacity: 118/220
2015-08-18 04:47:51 :  - No. of Barbarians: 16
2015-08-18 04:47:51 :  - No. of Archers: 102
2015-08-18 04:47:52 : Training Troops...
2015-08-18 04:47:59 : Spell Factory Full
2015-08-18 04:48:01 : Time Idle: 00:07:13
2015-08-18 04:48:01 : ====== Waiting for full army ======
2015-08-18 04:48:13 : Checking Army Camp...
2015-08-18 04:48:15 : Total Army Camp capacity: 122/220
2015-08-18 04:48:16 :  - No. of Barbarians: 21
2015-08-18 04:48:16 :  - No. of Archers: 102
2015-08-18 04:48:17 : Training Troops...
2015-08-18 04:48:25 : Spell Factory Full
2015-08-18 04:48:27 : Time Idle: 00:07:38
2015-08-18 04:48:27 : ====== Waiting for full army ======
2015-08-18 04:48:39 : Checking Army Camp...
2015-08-18 04:48:41 : Total Army Camp capacity: 128/220
2015-08-18 04:48:42 :  - No. of Barbarians: 26
2015-08-18 04:48:42 :  - No. of Archers: 102
2015-08-18 04:48:42 : Training Troops...
2015-08-18 04:48:50 : Spell Factory Full
2015-08-18 04:48:52 : Time Idle: 00:08:03
2015-08-18 04:48:52 : ====== Waiting for full army ======
2015-08-18 04:49:04 : Checking Army Camp...
2015-08-18 04:49:06 : Total Army Camp capacity: 133/220
2015-08-18 04:49:07 :  - No. of Barbarians: 31
2015-08-18 04:49:07 :  - No. of Archers: 102
2015-08-18 04:49:08 : Training Troops...
2015-08-18 04:49:15 : Spell Factory Full
2015-08-18 04:49:17 : Time Idle: 00:08:28
2015-08-18 04:49:18 : ====== Waiting for full army ======
2015-08-18 04:49:29 : Checking Army Camp...
2015-08-18 04:49:31 : Total Army Camp capacity: 138/220
2015-08-18 04:49:32 :  - No. of Barbarians: 36
2015-08-18 04:49:33 :  - No. of Archers: 102
2015-08-18 04:49:33 : Training Troops...
2015-08-18 04:49:41 : Spell Factory Full
2015-08-18 04:49:43 : Time Idle: 00:08:53
2015-08-18 04:49:43 : ====== Waiting for full army ======
2015-08-18 04:49:55 : Checking Army Camp...
2015-08-18 04:49:57 : Total Army Camp capacity: 143/220
2015-08-18 04:49:58 :  - No. of Barbarians: 41
2015-08-18 04:49:58 :  - No. of Archers: 102
2015-08-18 04:49:58 : Training Troops...
2015-08-18 04:50:06 : Spell Factory Full
2015-08-18 04:50:08 : Time Idle: 00:09:18
2015-08-18 04:50:08 : ====== Waiting for full army ======
2015-08-18 04:50:20 : Checking Army Camp...
2015-08-18 04:50:22 : Total Army Camp capacity: 148/220
2015-08-18 04:50:23 :  - No. of Barbarians: 46
2015-08-18 04:50:23 :  - No. of Archers: 102
2015-08-18 04:50:23 : Training Troops...
2015-08-18 04:50:31 : Spell Factory Full
2015-08-18 04:50:33 : Time Idle: 00:09:43
2015-08-18 04:50:33 : ====== Waiting for full army ======
2015-08-18 04:50:45 : Collecting Resources
2015-08-18 04:50:51 : Checking Army Camp...
2015-08-18 04:50:53 : Total Army Camp capacity: 154/220
2015-08-18 04:50:54 :  - No. of Barbarians: 52
2015-08-18 04:50:54 :  - No. of Archers: 102
2015-08-18 04:50:55 : Training Troops...
2015-08-18 04:51:03 : Spell Factory Full
2015-08-18 04:51:05 : Time Idle: 00:10:14
2015-08-18 04:51:05 : ====== Waiting for full army ======
2015-08-18 04:51:17 : Checking Army Camp...
2015-08-18 04:51:18 : Total Army Camp capacity: 160/220
2015-08-18 04:51:20 :  - No. of Barbarians: 58
2015-08-18 04:51:20 :  - No. of Archers: 102
2015-08-18 04:51:20 : Training Troops...
2015-08-18 04:51:28 : Spell Factory Full
2015-08-18 04:51:30 : Time Idle: 00:10:40
2015-08-18 04:51:30 : ====== Waiting for full army ======
2015-08-18 04:51:42 : Checking Army Camp...
2015-08-18 04:51:44 : Total Army Camp capacity: 165/220
2015-08-18 04:51:45 :  - No. of Barbarians: 63
2015-08-18 04:51:45 :  - No. of Archers: 102
2015-08-18 04:51:46 : Training Troops...
2015-08-18 04:51:53 : Spell Factory Full
2015-08-18 04:51:55 : Time Idle: 00:11:05
2015-08-18 04:51:56 : ====== Waiting for full army ======
2015-08-18 04:52:07 : Checking Army Camp...
2015-08-18 04:52:09 : Total Army Camp capacity: 170/220
2015-08-18 04:52:10 :  - No. of Barbarians: 68
2015-08-18 04:52:10 :  - No. of Archers: 102
2015-08-18 04:52:11 : Training Troops...
2015-08-18 04:52:19 : Spell Factory Full
2015-08-18 04:52:21 : Time Idle: 00:11:30
2015-08-18 04:52:21 : ====== Waiting for full army ======
2015-08-18 04:52:33 : Checking Army Camp...
2015-08-18 04:52:35 : Total Army Camp capacity: 174/220
2015-08-18 04:52:36 :  - No. of Barbarians: 72
2015-08-18 04:52:36 :  - No. of Archers: 102
2015-08-18 04:52:37 : Training Troops...
2015-08-18 04:52:44 : Spell Factory Full
2015-08-18 04:52:46 : Time Idle: 00:11:55
2015-08-18 04:52:46 : ====== Waiting for full army ======
2015-08-18 04:52:58 : Checking Army Camp...
2015-08-18 04:53:00 : Total Army Camp capacity: 180/220
2015-08-18 04:53:01 :  - No. of Barbarians: 78
2015-08-18 04:53:01 :  - No. of Archers: 102
2015-08-18 04:53:02 : Training Troops...
2015-08-18 04:53:09 : Spell Factory Full
2015-08-18 04:53:11 : Time Idle: 00:12:20
2015-08-18 04:53:12 : ====== Waiting for full army ======
2015-08-18 04:53:23 : Checking Army Camp...
2015-08-18 04:53:25 : Total Army Camp capacity: 185/220
2015-08-18 04:53:26 :  - No. of Barbarians: 83
2015-08-18 04:53:26 :  - No. of Archers: 102
2015-08-18 04:53:27 : Training Troops...
2015-08-18 04:53:35 : Spell Factory Full
2015-08-18 04:53:36 : Time Idle: 00:12:45
2015-08-18 04:53:37 : ====== Waiting for full army ======
2015-08-18 04:53:48 : Checking Army Camp...
2015-08-18 04:53:50 : Total Army Camp capacity: 190/220
2015-08-18 04:53:52 :  - No. of Barbarians: 88
2015-08-18 04:53:52 :  - No. of Archers: 102
2015-08-18 04:53:52 : Training Troops...
2015-08-18 04:54:00 : Spell Factory Full
2015-08-18 04:54:02 : Time Idle: 00:13:10
2015-08-18 04:54:02 : ====== Waiting for full army ======
2015-08-18 04:54:14 : Checking Army Camp...
2015-08-18 04:54:16 : Total Army Camp capacity: 195/220
2015-08-18 04:54:17 :  - No. of Barbarians: 93
2015-08-18 04:54:17 :  - No. of Archers: 102
2015-08-18 04:54:18 : Training Troops...
2015-08-18 04:54:25 : Spell Factory Full
2015-08-18 04:54:27 : Time Idle: 00:13:35
2015-08-18 04:54:27 : ====== Waiting for full army ======
2015-08-18 04:54:39 : Checking Army Camp...
2015-08-18 04:54:41 : Total Army Camp capacity: 200/220
2015-08-18 04:54:42 :  - No. of Barbarians: 98
2015-08-18 04:54:42 :  - No. of Archers: 102
2015-08-18 04:54:43 : Training Troops...
2015-08-18 04:54:50 : Spell Factory Full
2015-08-18 04:54:52 : Time Idle: 00:14:00
2015-08-18 04:54:53 : ====== Waiting for full army ======
2015-08-18 04:55:04 : Checking Army Camp...
2015-08-18 04:55:06 : Total Army Camp capacity: 205/220
2015-08-18 04:55:08 :  - No. of Barbarians: 103
2015-08-18 04:55:08 :  - No. of Archers: 102
2015-08-18 04:55:08 : Training Troops...
2015-08-18 04:55:16 : Spell Factory Full
2015-08-18 04:55:18 : Time Idle: 00:14:25
2015-08-18 04:55:18 : ====== Waiting for full army ======
2015-08-18 04:55:30 : Collecting Resources
2015-08-18 04:55:39 : Checking Army Camp...
2015-08-18 04:55:40 : Total Army Camp capacity: 210/220
2015-08-18 04:55:42 :  - No. of Barbarians: 108
2015-08-18 04:55:42 :  - No. of Archers: 102
2015-08-18 04:55:42 : Training Troops...
2015-08-18 04:55:51 : Checking Army Camp...
2015-08-18 04:55:53 : Total Army Camp capacity: 210/220
2015-08-18 04:55:54 :  - No. of Barbarians: 108
2015-08-18 04:55:54 :  - No. of Archers: 102
2015-08-18 04:55:55 : Training Troops...
2015-08-18 04:56:07 : Spell Factory Full
2015-08-18 04:56:09 : Time Idle: 00:15:16
2015-08-18 04:56:09 : ====== Waiting for full army ======
2015-08-18 04:56:21 : Checking Army Camp...
2015-08-18 04:56:23 : Total Army Camp capacity: 212/220
2015-08-18 04:56:24 :  - No. of Barbarians: 108
2015-08-18 04:56:24 :  - No. of Archers: 104
2015-08-18 04:56:25 : Training Troops...
2015-08-18 04:56:33 : Spell Factory Full
2015-08-18 04:56:35 : Time Idle: 00:15:42
2015-08-18 04:56:35 : ====== Waiting for full army ======
2015-08-18 04:56:47 : Checking Army Camp...
2015-08-18 04:56:49 : Total Army Camp capacity: 216/220
2015-08-18 04:56:50 :  - No. of Barbarians: 108
2015-08-18 04:56:50 :  - No. of Archers: 108
2015-08-18 04:56:51 : Training Troops...
2015-08-18 04:56:59 : Spell Factory Full
2015-08-18 04:57:00 : Time Idle: 00:16:07
2015-08-18 04:57:01 : ====== Waiting for full army ======
2015-08-18 04:57:12 : Checking Army Camp...
2015-08-18 04:57:14 : Total Army Camp capacity: 220/220
2015-08-18 04:57:16 :  - No. of Barbarians: 108
2015-08-18 04:57:16 :  - No. of Archers: 112
2015-08-18 04:57:16 : Training Troops...
2015-08-18 04:57:17 : Your Army Camps are now Full
2015-08-18 04:57:42 : Spell Factory not found...
2015-08-18 04:57:44 : Going to Attack...
2015-08-18 04:57:50 : ============== Searching For Dead Base ===============
2015-08-18 04:57:50 : ~~~~~~~~~~~~~~~ SEARCH CONDITIONS ~~~~~~~~~~~~~~~~
2015-08-18 04:57:50 : Meet: Gold or Elixir, Max TH 8
2015-08-18 04:57:50 : ~~~~~~~~~~~~~~ RESOURCE CONDITIONS ~~~~~~~~~~~~~~~
2015-08-18 04:57:50 : Aim: [G]:      0 [E]:      0 [D]:    0 [T]: 0 [TH]: 8 for: Dead Base
2015-08-18 04:57:50 : ============== Searching For Live Base ===============
2015-08-18 04:57:50 : ~~~~~~~~~~~~~~~ SEARCH CONDITIONS ~~~~~~~~~~~~~~~~
2015-08-18 04:57:50 : Meet: Gold or Elixir, Max TH 8
2015-08-18 04:57:50 : ~~~~~~~~~~~~~~ RESOURCE CONDITIONS ~~~~~~~~~~~~~~~
2015-08-18 04:57:50 : Aim: [G]:      0 [E]:      0 [D]:    0 [T]: 0 [TH]: 8 for: Live Base
2015-08-18 04:57:50 : ~~~~~~~~~~~~~~~ ADVANCED SETTINGS ~~~~~~~~~~~~~~~~
2015-08-18 04:57:50 : THSnipe Combo, 4 Tile(s), AttackTH, Attack5:MasterGiBAM
2015-08-18 04:57:50 : ==================================================
2015-08-18 04:57:53 :   1> [G]: 188402 [E]: 189514 [D]: 2048 [T]:14 [TH]:10, In
2015-08-18 04:57:58 :   2> [G]:  25752 [E]:  43418 [D]:   95 [T]:34 [TH]: -, -
2015-08-18 04:58:05 :   3> [G]:  68320 [E]:  64805 [D]: 1367 [T]:29 [TH]: 9, In
2015-08-18 04:58:08 :   4> [G]:  42079 [E]:  46479 [D]:  502 [T]:16 [TH]: 9, In
2015-08-18 04:58:13 :   5> [G]: 149194 [E]: 134860 [D]: 1728 [T]:21 [TH]:10, In
2015-08-18 04:58:17 :   6> [G]: 114224 [E]:  17974 [D]: 1488 [T]:16 [TH]: 9, In
2015-08-18 04:58:24 :   7> [G]:  32002 [E]: 122902 [D]: 3093 [T]:30 [TH]:10, In
2015-08-18 04:58:30 :   8> [G]:   8045 [E]: 125860 [D]: 2006 [T]:21 [TH]:10, In
2015-08-18 04:58:35 : Checking Trapped TH
2015-08-18 04:58:36 :   9> [G]: 118239 [E]:  24419 [D]:   89 [T]:15 [TH]:10, Out
2015-08-18 04:58:36 : No major traps found near TH.
2015-08-18 04:58:36 : ~~~~~~~~~~~~~~~ TH Outside Found! ~~~~~~~~~~~~~~~~
2015-08-18 04:58:36 : ================ Search Complete =================
2015-08-18 04:58:36 : Initiating attack for: TH Snipe
2015-08-18 04:58:39 : -Barbarians 108
2015-08-18 04:58:39 : -Archers 112
2015-08-18 04:58:39 : -Clan Castle 
2015-08-18 04:58:39 : -King 
2015-08-18 04:58:39 : -Heal Spells 4
2015-08-18 04:58:39 :  ====== Start Attack ====== 
2015-08-18 04:58:41 : Small attack first to get totally unprotected townhall
2015-08-18 04:58:41 : Dropping first wave of 9 Archers
2015-08-18 04:58:44 : Deployment of Archers Successful!
2015-08-18 04:59:16 :  Not a clear townhall Going In Full Power with GiPAM pulse
2015-08-18 04:59:17 : No  troop Found!!!
2015-08-18 04:59:17 : No  troop Found!!!
2015-08-18 04:59:17 : No  troop Found!!!
2015-08-18 04:59:17 : No  troop Found!!!
2015-08-18 04:59:17 : Dropping first wave of 15 Barbarians
2015-08-18 04:59:20 : Deployment of Barbarians Successful!
2015-08-18 04:59:22 : Dropping second wave of 20 Archers
2015-08-18 04:59:25 : Deployment of Archers Successful!
2015-08-18 04:59:32 : Dropping second wave of 30 Barbarians
2015-08-18 04:59:36 : Deployment of Barbarians Successful!
2015-08-18 04:59:38 : Dropping third wave of 60 Archers
2015-08-18 04:59:45 : Deployment of Archers Successful!
2015-08-18 04:59:47 : Townhall has been destroyed!
2015-08-18 04:59:52 : Checking if the battle has finished
2015-08-18 04:59:54 : detected [G]:  [E]:  [DE]:  |  Exit now 
2015-08-18 04:59:54 : Battle has finished
2015-08-18 04:59:54 : Returning Home
2015-08-18 04:59:58 : Loot: [G]: 1 000 [E]: 1 000 [DE]:  [T]: 5
2015-08-18 04:59:59 : Bonus [G]: 100 000 [E]: 100 000 [DE]: 500
2015-08-18 05:00:01 : Your league level is: Master III
2015-08-18 05:00:02 : Stars earned: 1
2015-08-18 05:00:09 : Trying to locate Main Screen
2015-08-18 05:00:09 : Main Screen Located
2015-08-18 05:00:11 : Village Report
2015-08-18 05:00:11 : No. of Free/Total Builders: 0/4
2015-08-18 05:00:11 :  [T]: 2 622
2015-08-18 05:00:11 :  [G]: 4 733 545 [E]: 3 987 849 [D]: 2 606 [GEM]: 57
2015-08-18 05:00:12 : Collecting Resources
2015-08-18 05:00:23 : Checking Army Camp...
2015-08-18 05:00:25 : Total Army Camp capacity: 113/220
2015-08-18 05:00:26 :  - No. of Barbarians: 63
2015-08-18 05:00:26 :  - No. of Archers: 50
2015-08-18 05:00:27 : Training Troops...
2015-08-18 05:00:33 : Spell Factory Full
2015-08-18 05:00:35 : 0
2015-08-18 05:00:37 : Requesting Clan Castle Troops
2015-08-18 05:00:38 : Your Clan Castle is already full or you are not in a clan.
2015-08-18 05:00:39 : ====== Waiting for full army ======
2015-08-18 05:00:51 : Checking Army Camp...
2015-08-18 05:00:53 : Total Army Camp capacity: 117/220
2015-08-18 05:00:54 :  - No. of Barbarians: 63
2015-08-18 05:00:54 :  - No. of Archers: 54
2015-08-18 05:00:55 : Training Troops...
2015-08-18 05:01:01 : Spell Factory Full
2015-08-18 05:01:03 : Time Idle: 00:00:23
2015-08-18 05:01:03 : ====== Waiting for full army ======
2015-08-18 05:01:15 : Checking Army Camp...
2015-08-18 05:01:17 : Total Army Camp capacity: 121/220
2015-08-18 05:01:18 :  - No. of Barbarians: 63
2015-08-18 05:01:18 :  - No. of Archers: 58
2015-08-18 05:01:19 : Training Troops...
2015-08-18 05:01:25 : Spell Factory Full
2015-08-18 05:01:27 : Time Idle: 00:00:47
2015-08-18 05:01:28 : ====== Waiting for full army ======
2015-08-18 05:01:39 : Checking Army Camp...
2015-08-18 05:01:41 : Total Army Camp capacity: 125/220
2015-08-18 05:01:42 :  - No. of Barbarians: 63
2015-08-18 05:01:43 :  - No. of Archers: 62
2015-08-18 05:01:43 : Training Troops...
2015-08-18 05:01:50 : Spell Factory Full
2015-08-18 05:01:52 : Time Idle: 00:01:12
2015-08-18 05:01:52 : ====== Waiting for full army ======
2015-08-18 05:02:04 : Checking Army Camp...
2015-08-18 05:02:06 : Total Army Camp capacity: 129/220
2015-08-18 05:02:07 :  - No. of Barbarians: 63
2015-08-18 05:02:07 :  - No. of Archers: 66
2015-08-18 05:02:08 : Training Troops...
2015-08-18 05:02:14 : Spell Factory Full
2015-08-18 05:02:16 : Time Idle: 00:01:36
2015-08-18 05:02:17 : ====== Waiting for full army ======
2015-08-18 05:02:28 : Checking Army Camp...
2015-08-18 05:02:30 : Total Army Camp capacity: 133/220
2015-08-18 05:02:31 :  - No. of Barbarians: 63
2015-08-18 05:02:32 :  - No. of Archers: 70
2015-08-18 05:02:32 : Training Troops...
2015-08-18 05:02:39 : Spell Factory Full
2015-08-18 05:02:41 : Time Idle: 00:02:00
2015-08-18 05:02:41 : ====== Waiting for full army ======
2015-08-18 05:02:53 : Checking Army Camp...
2015-08-18 05:02:55 : Total Army Camp capacity: 137/220
2015-08-18 05:02:56 :  - No. of Barbarians: 63
2015-08-18 05:02:56 :  - No. of Archers: 74
2015-08-18 05:02:57 : Training Troops...
2015-08-18 05:03:03 : Spell Factory Full
2015-08-18 05:03:05 : Time Idle: 00:02:24
2015-08-18 05:03:05 : ====== Waiting for full army ======
2015-08-18 05:03:17 : Checking Army Camp...
2015-08-18 05:03:19 : Total Army Camp capacity: 140/220
2015-08-18 05:03:20 :  - No. of Barbarians: 63
2015-08-18 05:03:20 :  - No. of Archers: 77
2015-08-18 05:03:21 : Training Troops...
2015-08-18 05:03:27 : Spell Factory Full
2015-08-18 05:03:29 : Time Idle: 00:02:48
2015-08-18 05:03:29 : ====== Waiting for full army ======
2015-08-18 05:03:41 : Collecting Resources
2015-08-18 05:03:47 : Checking Army Camp...
2015-08-18 05:03:49 : Total Army Camp capacity: 145/220
2015-08-18 05:03:50 :  - No. of Barbarians: 63
2015-08-18 05:03:50 :  - No. of Archers: 83
2015-08-18 05:03:51 : Training Troops...
2015-08-18 05:03:57 : Spell Factory Full
2015-08-18 05:03:59 : Time Idle: 00:03:18
2015-08-18 05:04:00 : ====== Waiting for full army ======
2015-08-18 05:04:11 : Checking Army Camp...
2015-08-18 05:04:13 : Total Army Camp capacity: 149/220
2015-08-18 05:04:14 :  - No. of Barbarians: 63
2015-08-18 05:04:14 :  - No. of Archers: 86
2015-08-18 05:04:15 : Training Troops...
2015-08-18 05:04:22 : Spell Factory Full
2015-08-18 05:04:24 : Time Idle: 00:03:42
2015-08-18 05:04:24 : ====== Waiting for full army ======
2015-08-18 05:04:35 : Checking Army Camp...
2015-08-18 05:04:37 : Total Army Camp capacity: 153/220
2015-08-18 05:04:39 :  - No. of Barbarians: 63
2015-08-18 05:04:39 :  - No. of Archers: 90
2015-08-18 05:04:39 : Training Troops...
2015-08-18 05:04:46 : Spell Factory Full
2015-08-18 05:04:48 : Time Idle: 00:04:06
2015-08-18 05:04:48 : ====== Waiting for full army ======
2015-08-18 05:05:00 : Checking Army Camp...
2015-08-18 05:05:02 : Total Army Camp capacity: 157/220
2015-08-18 05:05:03 :  - No. of Barbarians: 63
2015-08-18 05:05:03 :  - No. of Archers: 94
2015-08-18 05:05:04 : Training Troops...
2015-08-18 05:05:10 : Spell Factory Full
2015-08-18 05:05:12 : Time Idle: 00:04:30
2015-08-18 05:05:12 : ====== Waiting for full army ======
2015-08-18 05:05:24 : Checking Army Camp...
2015-08-18 05:05:26 : Total Army Camp capacity: 161/220
2015-08-18 05:05:27 :  - No. of Barbarians: 63
2015-08-18 05:05:27 :  - No. of Archers: 98
2015-08-18 05:05:28 : Training Troops...
2015-08-18 05:05:34 : Spell Factory Full
2015-08-18 05:05:36 : Time Idle: 00:04:53
2015-08-18 05:05:36 : ====== Waiting for full army ======
2015-08-18 05:05:38 : Chat Request: kahit ano lang po
2015-08-18 05:05:38 : Custom Donation Keyword found: kahit
2015-08-18 05:05:41 : No Giants available to donate..
2015-08-18 05:05:45 : No Minions available to donate..
2015-08-18 05:05:45 : Donating 6 Archers
2015-08-18 05:05:59 : Checking Army Camp...
2015-08-18 05:06:00 : Total Army Camp capacity: 160/220
2015-08-18 05:06:02 :  - No. of Barbarians: 63
2015-08-18 05:06:02 :  - No. of Archers: 97
2015-08-18 05:06:02 : Training Troops...
2015-08-18 05:06:09 : Spell Factory Full
2015-08-18 05:06:11 : Time Idle: 00:05:28
2015-08-18 05:06:11 : ====== Waiting for full army ======
2015-08-18 05:06:23 : Checking Army Camp...
2015-08-18 05:06:25 : Total Army Camp capacity: 164/220
2015-08-18 05:06:26 :  - No. of Barbarians: 63
2015-08-18 05:06:26 :  - No. of Archers: 101
2015-08-18 05:06:27 : Training Troops...
2015-08-18 05:06:33 : Spell Factory Full
2015-08-18 05:06:35 : Time Idle: 00:05:52
2015-08-18 05:06:35 : ====== Waiting for full army ======
2015-08-18 05:06:47 : Checking Army Camp...
2015-08-18 05:06:49 : Total Army Camp capacity: 168/220
2015-08-18 05:06:50 :  - No. of Barbarians: 63
2015-08-18 05:06:50 :  - No. of Archers: 105
2015-08-18 05:06:51 : Training Troops...
2015-08-18 05:06:57 : Spell Factory Full
2015-08-18 05:06:59 : Time Idle: 00:06:16
2015-08-18 05:06:59 : ====== Waiting for full army ======
2015-08-18 05:07:11 : Checking Army Camp...
2015-08-18 05:07:13 : Total Army Camp capacity: 172/220
2015-08-18 05:07:14 :  - No. of Barbarians: 63
2015-08-18 05:07:14 :  - No. of Archers: 109
2015-08-18 05:07:15 : Training Troops...
2015-08-18 05:07:22 : Spell Factory Full
2015-08-18 05:07:24 : Time Idle: 00:06:40
2015-08-18 05:07:24 : ====== Waiting for full army ======
2015-08-18 05:07:36 : Checking Army Camp...
2015-08-18 05:07:37 : Total Army Camp capacity: 176/220
2015-08-18 05:07:39 :  - No. of Barbarians: 63
2015-08-18 05:07:39 :  - No. of Archers: 113
2015-08-18 05:07:40 : Training Troops...
2015-08-18 05:07:46 : Spell Factory Full
2015-08-18 05:07:48 : Time Idle: 00:07:04
2015-08-18 05:07:48 : ====== Waiting for full army ======
2015-08-18 05:08:00 : Checking Army Camp...
2015-08-18 05:08:02 : Total Army Camp capacity: 180/220
2015-08-18 05:08:03 :  - No. of Barbarians: 63
2015-08-18 05:08:03 :  - No. of Archers: 117
2015-08-18 05:08:04 : Training Troops...
2015-08-18 05:08:10 : Spell Factory Full
2015-08-18 05:08:12 : Time Idle: 00:07:28
2015-08-18 05:08:13 : ====== Waiting for full army ======
2015-08-18 05:08:24 : Collecting Resources
2015-08-18 05:08:33 : Checking Army Camp...
2015-08-18 05:08:35 : Total Army Camp capacity: 184/220
2015-08-18 05:08:36 :  - No. of Barbarians: 63
2015-08-18 05:08:37 :  - No. of Archers: 121
2015-08-18 05:08:37 : Training Troops...
2015-08-18 05:08:44 : Spell Factory Full
2015-08-18 05:08:46 : Time Idle: 00:08:02
2015-08-18 05:08:46 : ====== Waiting for full army ======
2015-08-18 05:08:58 : Checking Army Camp...
2015-08-18 05:09:00 : Total Army Camp capacity: 189/220
2015-08-18 05:09:01 :  - No. of Barbarians: 64
2015-08-18 05:09:01 :  - No. of Archers: 125
2015-08-18 05:09:02 : Training Troops...
2015-08-18 05:09:10 : Spell Factory Full
2015-08-18 05:09:11 : Time Idle: 00:08:27
2015-08-18 05:09:12 : ====== Waiting for full army ======
2015-08-18 05:09:24 : Checking Army Camp...
2015-08-18 05:09:25 : Total Army Camp capacity: 195/220
2015-08-18 05:09:27 :  - No. of Barbarians: 70
2015-08-18 05:09:27 :  - No. of Archers: 125
2015-08-18 05:09:27 : Training Troops...
2015-08-18 05:09:35 : Spell Factory Full
2015-08-18 05:09:37 : Time Idle: 00:08:52
2015-08-18 05:09:37 : ====== Waiting for full army ======
2015-08-18 05:09:49 : Checking Army Camp...
2015-08-18 05:09:51 : Total Army Camp capacity: 200/220
2015-08-18 05:09:52 :  - No. of Barbarians: 75
2015-08-18 05:09:52 :  - No. of Archers: 125
2015-08-18 05:09:53 : Training Troops...
2015-08-18 05:10:00 : Spell Factory Full
2015-08-18 05:10:02 : Time Idle: 00:09:17
2015-08-18 05:10:03 : ====== Waiting for full army ======
2015-08-18 05:10:14 : Checking Army Camp...
2015-08-18 05:10:16 : Total Army Camp capacity: 204/220
2015-08-18 05:10:17 :  - No. of Barbarians: 79
2015-08-18 05:10:18 :  - No. of Archers: 125
2015-08-18 05:10:18 : Training Troops...
2015-08-18 05:10:26 : Spell Factory Full
2015-08-18 05:10:28 : Time Idle: 00:09:42
2015-08-18 05:10:28 : ====== Waiting for full army ======
2015-08-18 05:10:40 : Checking Army Camp...
2015-08-18 05:10:42 : Total Army Camp capacity: 210/220
2015-08-18 05:10:43 :  - No. of Barbarians: 85
2015-08-18 05:10:43 :  - No. of Archers: 125
2015-08-18 05:10:44 : Training Troops...
2015-08-18 05:10:51 : Spell Factory Full
2015-08-18 05:10:53 : Time Idle: 00:10:08
2015-08-18 05:10:54 : ====== Waiting for full army ======
2015-08-18 05:11:05 : Checking Army Camp...
2015-08-18 05:11:07 : Total Army Camp capacity: 215/220
2015-08-18 05:11:09 :  - No. of Barbarians: 90
2015-08-18 05:11:09 :  - No. of Archers: 125
2015-08-18 05:11:09 : Training Troops...
2015-08-18 05:11:17 : Spell Factory Full
2015-08-18 05:11:19 : Time Idle: 00:10:33
2015-08-18 05:11:19 : ====== Waiting for full army ======
2015-08-18 05:11:31 : Checking Army Camp...
2015-08-18 05:11:33 : Total Army Camp capacity: 220/220
2015-08-18 05:11:34 :  - No. of Barbarians: 95
2015-08-18 05:11:35 :  - No. of Archers: 125
2015-08-18 05:11:35 : Training Troops...
2015-08-18 05:11:36 : Your Army Camps are now Full
2015-08-18 05:12:02 : Spell Factory not found...
2015-08-18 05:12:04 : Going to Attack...
2015-08-18 05:12:10 : ============== Searching For Dead Base ===============
2015-08-18 05:12:10 : ~~~~~~~~~~~~~~~ SEARCH CONDITIONS ~~~~~~~~~~~~~~~~
2015-08-18 05:12:10 : Meet: Gold or Elixir, Max TH 8
2015-08-18 05:12:10 : ~~~~~~~~~~~~~~ RESOURCE CONDITIONS ~~~~~~~~~~~~~~~
2015-08-18 05:12:10 : Aim: [G]:      0 [E]:      0 [D]:    0 [T]: 0 [TH]: 8 for: Dead Base
2015-08-18 05:12:10 : ============== Searching For Live Base ===============
2015-08-18 05:12:10 : ~~~~~~~~~~~~~~~ SEARCH CONDITIONS ~~~~~~~~~~~~~~~~
2015-08-18 05:12:10 : Meet: Gold or Elixir, Max TH 8
2015-08-18 05:12:10 : ~~~~~~~~~~~~~~ RESOURCE CONDITIONS ~~~~~~~~~~~~~~~
2015-08-18 05:12:10 : Aim: [G]:      0 [E]:      0 [D]:    0 [T]: 0 [TH]: 8 for: Live Base
2015-08-18 05:12:10 : ~~~~~~~~~~~~~~~ ADVANCED SETTINGS ~~~~~~~~~~~~~~~~
2015-08-18 05:12:10 : THSnipe Combo, 4 Tile(s), AttackTH, Attack5:MasterGiBAM
2015-08-18 05:12:10 : ==================================================
2015-08-18 05:12:12 :   1> [G]: 101263 [E]: 116537 [D]: 1569 [T]:24 [TH]:10, In
2015-08-18 05:12:19 :   2> [G]: 117351 [E]:  83288 [D]:  612 [T]:19 [TH]: 9, In
2015-08-18 05:12:25 :   3> [G]:  33122 [E]:   2180 [D]:  796 [T]:29 [TH]:10, In
2015-08-18 05:12:31 :   4> [G]:   5957 [E]: 184712 [D]:  905 [T]:25 [TH]:10, In
2015-08-18 05:12:36 :   5> [G]: 184500 [E]: 170903 [D]: 1679 [T]:24 [TH]:10, In
2015-08-18 05:12:40 :   6> [G]:  64668 [E]: 102752 [D]: 1366 [T]:25 [TH]: 9, In
2015-08-18 05:12:46 :   7> [G]:  59796 [E]:  27972 [D]:  329 [T]:24 [TH]: 9, In
2015-08-18 05:12:50 :   8> [G]: 162002 [E]:  61163 [D]: 1366 [T]:15 [TH]:10, In
2015-08-18 05:12:55 :   9> [G]: 155026 [E]:  70034 [D]: 1307 [T]:26 [TH]: 9, In
2015-08-18 05:13:01 :  10> [G]: 158685 [E]:  37563 [D]:  859 [T]:14 [TH]: 9, In
2015-08-18 05:13:05 :  11> [G]:  14463 [E]: 156999 [D]:  766 [T]:14 [TH]:10, In
2015-08-18 05:13:09 :  12> [G]: 177924 [E]:  85241 [D]: 2776 [T]:21 [TH]:10, In
2015-08-18 05:13:13 :  13> [G]:  11218 [E]:  17172 [D]:  488 [T]:20 [TH]: 9, In
2015-08-18 05:13:18 :  14> [G]: 133337 [E]: 199209 [D]: 1833 [T]:16 [TH]: 9, In
2015-08-18 05:13:25 :  15> [G]:  15621 [E]:  64800 [D]:  427 [T]:19 [TH]: 9, In
2015-08-18 05:13:31 :  16> [G]:  92996 [E]: 140819 [D]: 1333 [T]:26 [TH]:10, In
2015-08-18 05:13:37 :  17> [G]: 166081 [E]:  10799 [D]: 1318 [T]:27 [TH]:10, In
2015-08-18 05:13:41 :  18> [G]: 103639 [E]:  53593 [D]:  966 [T]:37 [TH]: 9, In
2015-08-18 05:13:45 :  19> [G]:  33192 [E]:  98587 [D]:  290 [T]:23 [TH]: 9, In
2015-08-18 05:13:49 :  20> [G]:  35299 [E]:  45012 [D]:  377 [T]:18 [TH]: 9, In
2015-08-18 05:13:55 :  21> [G]:   5342 [E]:  29015 [D]: 3054 [T]:34 [TH]:10, In
2015-08-18 05:13:59 :  22> [G]:  56712 [E]: 136486 [D]:  502 [T]:29 [TH]:10, In
2015-08-18 05:14:04 :  23> [G]: 111005 [E]:  71838 [D]:  420 [T]:26 [TH]:10, In
2015-08-18 05:14:09 :  24> [G]:  85467 [E]:  11921 [D]:  600 [T]:34 [TH]:10, In
2015-08-18 05:14:16 :  25> [G]: 186575 [E]: 204353 [D]: 3338 [T]:30 [TH]:10, In
2015-08-18 05:14:21 :  26> [G]:  13273 [E]: 187463 [D]: 2777 [T]:27 [TH]:10, In
2015-08-18 05:14:24 :  27> [G]:  34847 [E]:   6759 [D]:  851 [T]:25 [TH]: 9, In
2015-08-18 05:14:29 :  28> [G]:  66819 [E]:  54459 [D]:  638 [T]:25 [TH]: 9, In
2015-08-18 05:14:33 :  29> [G]:  68591 [E]:  36938 [D]:  768 [T]:13 [TH]: 9, In
2015-08-18 05:14:37 :  30> [G]:   3366 [E]: 128142 [D]:  869 [T]:34 [TH]: 9, In
2015-08-18 05:14:41 :  31> [G]:  78352 [E]: 224369 [D]:  293 [T]:29 [TH]: 9, In
2015-08-18 05:14:46 :  32> [G]:  73418 [E]:   4330 [D]:  152 [T]:28 [TH]: 9, In
2015-08-18 05:14:52 :  33> [G]:   6035 [E]:   2935 [D]: 1405 [T]:13 [TH]: 9, In
2015-08-18 05:14:56 :  34> [G]:  75204 [E]:  14588 [D]: 1590 [T]:27 [TH]: 9, In
2015-08-18 05:15:00 :  35> [G]: 132557 [E]:  90772 [D]:  960 [T]:15 [TH]: 9, In
2015-08-18 05:15:07 :  36> [G]: 103675 [E]: 113539 [D]: 1001 [T]:25 [TH]:10, In
2015-08-18 05:15:11 :  37> [G]:  90633 [E]: 147844 [D]: 1029 [T]:34 [TH]: 9, In
2015-08-18 05:15:17 :  38> [G]: 183026 [E]: 100686 [D]: 1407 [T]:18 [TH]:10, In
2015-08-18 05:15:21 :  39> [G]:  36126 [E]: 224972 [D]:  756 [T]: 6 [TH]: 8, In
2015-08-18 05:15:22 : ~~~~~~~~~~~~~~~~ Live Base Found! ~~~~~~~~~~~~~~~~
2015-08-18 05:15:22 : ================ Search Complete =================
2015-08-18 05:15:22 : Initiating attack for: Live Base
2015-08-18 05:15:25 : -Barbarians 95
2015-08-18 05:15:25 : -Archers 125
2015-08-18 05:15:25 : -Clan Castle 
2015-08-18 05:15:25 : -King 
2015-08-18 05:15:25 : -Heal Spells 4
2015-08-18 05:15:25 :  ====== Start Attack ====== 
2015-08-18 05:15:27 : Attacking with four fingers
2015-08-18 05:15:28 : Dropping only wave of 95 Barbarians
2015-08-18 05:15:33 : Dropping only wave of 125 Archers
2015-08-18 05:15:39 : Dropping Clan Castle
2015-08-18 05:15:40 : Dropping King
2015-08-18 05:15:41 : Dropping left over troops
2015-08-18 05:15:41 : Checking remaining unused troops for: Live Base
2015-08-18 05:15:44 : -Clan Castle 
2015-08-18 05:15:44 : -Heal Spells 4
2015-08-18 05:15:52 : Checking remaining unused troops for: Live Base
2015-08-18 05:15:55 : -Clan Castle 
2015-08-18 05:15:55 : -Heal Spells 4
2015-08-18 05:16:03 : King is getting weak, Activating King's power
2015-08-18 05:16:04 : Finished Attacking, waiting for the battle to end
2015-08-18 05:16:04 : Checking if the battle has finished
2015-08-18 05:16:04 : One Star Reach, exit
2015-08-18 05:16:05 : Returning Home
2015-08-18 05:16:10 : Loot: [G]: 999 [E]: 1 262 [DE]: 2 [T]: 2
2015-08-18 05:16:11 : Bonus [G]: 100 000 [E]: 100 000 [DE]: 500
2015-08-18 05:16:13 : Your league level is: Master III
2015-08-18 05:16:13 : Stars earned: 1
2015-08-18 05:16:21 : Trying to locate Main Screen
2015-08-18 05:16:21 : Main Screen Located
2015-08-18 05:16:23 : Village Report
2015-08-18 05:16:23 : No. of Free/Total Builders: 0/4
2015-08-18 05:16:23 :  [T]: 2 624
2015-08-18 05:16:23 :  [G]: 4 809 795 [E]: 4 056 771 [D]: 3 118 [GEM]: 57
2015-08-18 05:16:23 : Collecting Resources
2015-08-18 05:16:34 : Checking Army Camp...
2015-08-18 05:16:36 : Total Army Camp capacity: 44/220
2015-08-18 05:16:37 :  - No. of Archers: 44
2015-08-18 05:16:38 : Training Troops...
2015-08-18 05:16:46 : Spell Factory Full
2015-08-18 05:16:48 : 0
2015-08-18 05:16:50 : Requesting Clan Castle Troops
2015-08-18 05:16:56 : ====== Waiting for full army ======
2015-08-18 05:17:07 : Checking Army Camp...
2015-08-18 05:17:09 : Total Army Camp capacity: 49/220
2015-08-18 05:17:10 :  - No. of Archers: 49
2015-08-18 05:17:11 : Training Troops...
2015-08-18 05:17:19 : Spell Factory Full
2015-08-18 05:17:21 : Time Idle: 00:00:25
2015-08-18 05:17:22 : ====== Waiting for full army ======
2015-08-18 05:17:34 : Checking Army Camp...
2015-08-18 05:17:35 : Total Army Camp capacity: 54/220
2015-08-18 05:17:37 :  - No. of Archers: 54
2015-08-18 05:17:37 : Training Troops...
2015-08-18 05:17:46 : Spell Factory Full
2015-08-18 05:17:48 : Time Idle: 00:00:51
2015-08-18 05:17:48 : ====== Waiting for full army ======
2015-08-18 05:18:00 : Checking Army Camp...
2015-08-18 05:18:02 : Total Army Camp capacity: 58/220
2015-08-18 05:18:03 :  - No. of Archers: 58
2015-08-18 05:18:03 : Training Troops...
2015-08-18 05:18:12 : Spell Factory Full
2015-08-18 05:18:14 : Time Idle: 00:01:17
2015-08-18 05:18:14 : ====== Waiting for full army ======
2015-08-18 05:18:26 : Collecting Resources
2015-08-18 05:18:32 : Checking Army Camp...
2015-08-18 05:18:34 : Total Army Camp capacity: 63/220
2015-08-18 05:18:35 :  - No. of Archers: 64
2015-08-18 05:18:36 : Training Troops...
2015-08-18 05:18:44 : Spell Factory Full
2015-08-18 05:18:46 : Time Idle: 00:01:49
2015-08-18 05:18:46 : ====== Waiting for full army ======
2015-08-18 05:18:58 : Checking Army Camp...
2015-08-18 05:19:00 : Total Army Camp capacity: 68/220
2015-08-18 05:19:01 :  - No. of Archers: 68
2015-08-18 05:19:02 : Training Troops...
2015-08-18 05:19:10 : Spell Factory Full
2015-08-18 05:19:12 : Time Idle: 00:02:15
2015-08-18 05:19:12 : ====== Waiting for full army ======
2015-08-18 05:19:24 : Checking Army Camp...
2015-08-18 05:19:26 : Total Army Camp capacity: 72/220
2015-08-18 05:19:27 :  - No. of Archers: 72
2015-08-18 05:19:28 : Training Troops...
2015-08-18 05:19:36 : Spell Factory Full
2015-08-18 05:19:38 : Time Idle: 00:02:41
2015-08-18 05:19:38 : ====== Waiting for full army ======
2015-08-18 05:19:50 : Checking Army Camp...
2015-08-18 05:19:52 : Total Army Camp capacity: 76/220
2015-08-18 05:19:53 :  - No. of Archers: 76
2015-08-18 05:19:54 : Training Troops...
2015-08-18 05:20:02 : Spell Factory Full
2015-08-18 05:20:04 : Time Idle: 00:03:06
2015-08-18 05:20:04 : ====== Waiting for full army ======
2015-08-18 05:20:16 : Checking Army Camp...
2015-08-18 05:20:18 : Total Army Camp capacity: 80/220
2015-08-18 05:20:19 :  - No. of Archers: 80
2015-08-18 05:20:20 : Training Troops...
2015-08-18 05:20:28 : Spell Factory Full
2015-08-18 05:20:30 : Time Idle: 00:03:32
2015-08-18 05:20:30 : ====== Waiting for full army ======
2015-08-18 05:20:42 : Checking Army Camp...
2015-08-18 05:20:44 : Total Army Camp capacity: 84/220
2015-08-18 05:20:45 :  - No. of Archers: 84
2015-08-18 05:20:46 : Training Troops...
2015-08-18 05:20:54 : Spell Factory Full
2015-08-18 05:20:56 : Time Idle: 00:03:58
2015-08-18 05:20:56 : ====== Waiting for full army ======
2015-08-18 05:21:08 : Checking Army Camp...
2015-08-18 05:21:10 : Total Army Camp capacity: 88/220
2015-08-18 05:21:11 :  - No. of Archers: 88
2015-08-18 05:21:12 : Training Troops...
2015-08-18 05:21:20 : Spell Factory Full
2015-08-18 05:21:22 : Time Idle: 00:04:24
2015-08-18 05:21:22 : ====== Waiting for full army ======
2015-08-18 05:21:34 : Checking Army Camp...
2015-08-18 05:21:36 : Total Army Camp capacity: 92/220
2015-08-18 05:21:37 :  - No. of Archers: 92
2015-08-18 05:21:38 : Training Troops...
2015-08-18 05:21:46 : Spell Factory Full
2015-08-18 05:21:48 : Time Idle: 00:04:49
2015-08-18 05:21:48 : ====== Waiting for full army ======
2015-08-18 05:22:00 : Checking Army Camp...
2015-08-18 05:22:02 : Total Army Camp capacity: 96/220
2015-08-18 05:22:03 :  - No. of Archers: 96
2015-08-18 05:22:04 : Training Troops...
2015-08-18 05:22:12 : Spell Factory Full
2015-08-18 05:22:14 : Time Idle: 00:05:15
2015-08-18 05:22:15 : ====== Waiting for full army ======
2015-08-18 05:22:26 : Checking Army Camp...
2015-08-18 05:22:28 : Total Army Camp capacity: 100/220
2015-08-18 05:22:29 :  - No. of Archers: 100
2015-08-18 05:22:30 : Training Troops...
2015-08-18 05:22:38 : Spell Factory Full
2015-08-18 05:22:40 : Time Idle: 00:05:41
2015-08-18 05:22:41 : ====== Waiting for full army ======
2015-08-18 05:22:53 : Checking Army Camp...
2015-08-18 05:22:54 : Total Army Camp capacity: 104/220
2015-08-18 05:22:56 :  - No. of Archers: 104
2015-08-18 05:22:56 : Training Troops...
2015-08-18 05:23:05 : Spell Factory Full
2015-08-18 05:23:08 : Time Idle: 00:06:08
2015-08-18 05:23:08 : ====== Waiting for full army ======
2015-08-18 05:23:19 : Collecting Resources
2015-08-18 05:23:28 : Checking Army Camp...
2015-08-18 05:23:30 : Total Army Camp capacity: 112/220
2015-08-18 05:23:32 :  - No. of Barbarians: 4
2015-08-18 05:23:32 :  - No. of Archers: 108
2015-08-18 05:23:32 : Training Troops...
2015-08-18 05:23:43 : Spell Factory Full
2015-08-18 05:23:45 : Time Idle: 00:06:46
2015-08-18 05:23:46 : ====== Waiting for full army ======
2015-08-18 05:23:57 : Checking Army Camp...
2015-08-18 05:23:59 : Total Army Camp capacity: 117/220
2015-08-18 05:24:00 :  - No. of Barbarians: 9
2015-08-18 05:24:01 :  - No. of Archers: 108
2015-08-18 05:24:01 : Training Troops...
2015-08-18 05:24:13 : Spell Factory Full
2015-08-18 05:24:15 : Time Idle: 00:07:15
2015-08-18 05:24:15 : ====== Waiting for full army ======
2015-08-18 05:24:27 : Checking Army Camp...
2015-08-18 05:24:29 : Total Army Camp capacity: 123/220
2015-08-18 05:24:30 :  - No. of Barbarians: 16
2015-08-18 05:24:30 :  - No. of Archers: 108
2015-08-18 05:24:31 : Training Troops...
2015-08-18 05:24:42 : Spell Factory Full
2015-08-18 05:24:44 : Time Idle: 00:07:44
2015-08-18 05:24:44 : ====== Waiting for full army ======
2015-08-18 05:24:56 : Checking Army Camp...
2015-08-18 05:24:58 : Total Army Camp capacity: 129/220
2015-08-18 05:24:59 :  - No. of Barbarians: 21
2015-08-18 05:24:59 :  - No. of Archers: 108
2015-08-18 05:25:00 : Training Troops...
2015-08-18 05:25:11 : Spell Factory Full
2015-08-18 05:25:13 : Time Idle: 00:08:12
2015-08-18 05:25:13 : ====== Waiting for full army ======
2015-08-18 05:25:25 : Checking Army Camp...
2015-08-18 05:25:27 : Total Army Camp capacity: 135/220
2015-08-18 05:25:28 :  - No. of Barbarians: 27
2015-08-18 05:25:28 :  - No. of Archers: 108
2015-08-18 05:25:29 : Training Troops...
2015-08-18 05:25:40 : Spell Factory Full
2015-08-18 05:25:42 : Time Idle: 00:08:41
2015-08-18 05:25:42 : ====== Waiting for full army ======
2015-08-18 05:25:54 : Checking Army Camp...
2015-08-18 05:25:56 : Total Army Camp capacity: 140/220
2015-08-18 05:25:57 :  - No. of Barbarians: 32
2015-08-18 05:25:57 :  - No. of Archers: 108
2015-08-18 05:25:58 : Training Troops...
2015-08-18 05:26:09 : Spell Factory Full
2015-08-18 05:26:11 : Time Idle: 00:09:11
2015-08-18 05:26:12 : ====== Waiting for full army ======
2015-08-18 05:26:23 : Checking Army Camp...
2015-08-18 05:26:25 : Total Army Camp capacity: 147/220
2015-08-18 05:26:26 :  - No. of Barbarians: 39
2015-08-18 05:26:27 :  - No. of Archers: 108
2015-08-18 05:26:27 : Training Troops...
2015-08-18 05:26:38 : Spell Factory Full
2015-08-18 05:26:40 : Time Idle: 00:09:39
2015-08-18 05:26:41 : ====== Waiting for full army ======
2015-08-18 05:26:52 : Checking Army Camp...
2015-08-18 05:26:54 : Total Army Camp capacity: 152/220
2015-08-18 05:26:56 :  - No. of Barbarians: 44
2015-08-18 05:26:56 :  - No. of Archers: 108
2015-08-18 05:26:56 : Training Troops...
2015-08-18 05:27:08 : Spell Factory Full
2015-08-18 05:27:10 : Time Idle: 00:10:08
2015-08-18 05:27:10 : ====== Waiting for full army ======
2015-08-18 05:27:22 : Checking Army Camp...
2015-08-18 05:27:24 : Total Army Camp capacity: 158/220
2015-08-18 05:27:25 :  - No. of Barbarians: 51
2015-08-18 05:27:25 :  - No. of Archers: 108
2015-08-18 05:27:26 : Training Troops...
2015-08-18 05:27:37 : Spell Factory Full
2015-08-18 05:27:39 : Time Idle: 00:10:38
2015-08-18 05:27:39 : ====== Waiting for full army ======
2015-08-18 05:27:51 : Checking Army Camp...
2015-08-18 05:27:53 : Total Army Camp capacity: 164/220
2015-08-18 05:27:54 :  - No. of Barbarians: 56
2015-08-18 05:27:54 :  - No. of Archers: 108
2015-08-18 05:27:55 : Training Troops...
2015-08-18 05:28:06 : Spell Factory Full
2015-08-18 05:28:08 : Time Idle: 00:11:06
2015-08-18 05:28:08 : ====== Waiting for full army ======
2015-08-18 05:28:20 : Checking Army Camp...
2015-08-18 05:28:22 : Total Army Camp capacity: 170/220
2015-08-18 05:28:23 :  - No. of Barbarians: 62
2015-08-18 05:28:23 :  - No. of Archers: 108
2015-08-18 05:28:24 : Training Troops...
2015-08-18 05:28:35 : Spell Factory Full
2015-08-18 05:28:37 : Time Idle: 00:11:35
2015-08-18 05:28:37 : ====== Waiting for full army ======
2015-08-18 05:28:49 : Collecting Resources
2015-08-18 05:28:55 : Checking Army Camp...
2015-08-18 05:28:57 : Total Army Camp capacity: 176/220
2015-08-18 05:28:58 :  - No. of Barbarians: 69
2015-08-18 05:28:58 :  - No. of Archers: 108
2015-08-18 05:28:59 : Training Troops...
2015-08-18 05:29:10 : Spell Factory Full
2015-08-18 05:29:12 : Time Idle: 00:12:10
2015-08-18 05:29:13 : ====== Waiting for full army ======
2015-08-18 05:29:24 : Checking Army Camp...
2015-08-18 05:29:26 : Total Army Camp capacity: 183/220
2015-08-18 05:29:27 :  - No. of Barbarians: 75
2015-08-18 05:29:28 :  - No. of Archers: 108
2015-08-18 05:29:28 : Training Troops...
2015-08-18 05:29:40 : Spell Factory Full
2015-08-18 05:29:42 : Time Idle: 00:12:39
2015-08-18 05:29:42 : ====== Waiting for full army ======
2015-08-18 05:29:54 : Checking Army Camp...
2015-08-18 05:29:55 : Total Army Camp capacity: 188/220
2015-08-18 05:29:57 :  - No. of Barbarians: 80
2015-08-18 05:29:57 :  - No. of Archers: 108
2015-08-18 05:29:57 : Training Troops...
2015-08-18 05:30:09 : Spell Factory Full
2015-08-18 05:30:11 : Time Idle: 00:13:08
2015-08-18 05:30:11 : ====== Waiting for full army ======
2015-08-18 05:30:23 : Checking Army Camp...
2015-08-18 05:30:25 : Total Army Camp capacity: 195/220
2015-08-18 05:30:26 :  - No. of Barbarians: 87
2015-08-18 05:30:26 :  - No. of Archers: 108
2015-08-18 05:30:27 : Training Troops...
2015-08-18 05:30:38 : Spell Factory Full
2015-08-18 05:30:40 : Time Idle: 00:13:37
2015-08-18 05:30:40 : ====== Waiting for full army ======
2015-08-18 05:30:52 : Checking Army Camp...
2015-08-18 05:30:54 : Total Army Camp capacity: 200/220
2015-08-18 05:30:55 :  - No. of Barbarians: 92
2015-08-18 05:30:55 :  - No. of Archers: 108
2015-08-18 05:30:56 : Training Troops...
2015-08-18 05:31:07 : Spell Factory Full
2015-08-18 05:31:09 : Time Idle: 00:14:05
2015-08-18 05:31:09 : ====== Waiting for full army ======
2015-08-18 05:31:21 : Checking Army Camp...
2015-08-18 05:31:23 : Total Army Camp capacity: 206/220
2015-08-18 05:31:24 :  - No. of Barbarians: 98
2015-08-18 05:31:24 :  - No. of Archers: 108
2015-08-18 05:31:25 : Training Troops...
2015-08-18 05:31:36 : Spell Factory Full
2015-08-18 05:31:38 : Time Idle: 00:14:34
2015-08-18 05:31:38 : ====== Waiting for full army ======
2015-08-18 05:31:50 : Checking Army Camp...
2015-08-18 05:31:52 : Total Army Camp capacity: 212/220
2015-08-18 05:31:53 :  - No. of Barbarians: 104
2015-08-18 05:31:53 :  - No. of Archers: 108
2015-08-18 05:31:54 : Training Troops...
2015-08-18 05:32:06 : Spell Factory Full
2015-08-18 05:32:07 : Time Idle: 00:15:03
2015-08-18 05:32:08 : ====== Waiting for full army ======
2015-08-18 05:32:20 : Checking Army Camp...
2015-08-18 05:32:26 : Total Army Camp capacity: 216/220
2015-08-18 05:32:27 :  - No. of Barbarians: 108
2015-08-18 05:32:27 :  - No. of Archers: 108
2015-08-18 05:32:28 : Training Troops...
2015-08-18 05:32:39 : Checking Army Camp...
2015-08-18 05:32:41 : Total Army Camp capacity: 216/220
2015-08-18 05:32:42 :  - No. of Barbarians: 108
2015-08-18 05:32:43 :  - No. of Archers: 108
2015-08-18 05:32:43 : Training Troops...
2015-08-18 05:32:58 : Spell Factory Full
2015-08-18 05:33:00 : Time Idle: 00:15:56
2015-08-18 05:33:01 : ====== Waiting for full army ======
2015-08-18 05:33:02 : Chat Request: bantay tnx
2015-08-18 05:33:02 : Custom Donation Keyword found: bantay
2015-08-18 05:33:06 : No Giants available to donate..
2015-08-18 05:33:09 : No Minions available to donate..
2015-08-18 05:33:13 : No Archers available to donate..
2015-08-18 05:33:14 : Chat Request: bantay tnx
2015-08-18 05:33:14 : Custom Donation Keyword found: bantay
2015-08-18 05:33:18 : No Giants available to donate..
2015-08-18 05:33:21 : No Minions available to donate..
2015-08-18 05:33:22 : Donating 6 Archers
2015-08-18 05:33:35 : Checking Army Camp...
2015-08-18 05:33:37 : Total Army Camp capacity: 216/220
2015-08-18 05:33:38 :  - No. of Barbarians: 108
2015-08-18 05:33:38 :  - No. of Archers: 108
2015-08-18 05:33:39 : Training Troops...
2015-08-18 05:33:48 : Spell Factory Full
2015-08-18 05:33:50 : Time Idle: 00:16:46
2015-08-18 05:33:51 : ====== Waiting for full army ======
2015-08-18 05:34:02 : Checking Army Camp...
2015-08-18 05:34:04 : Total Army Camp capacity: 220/220
2015-08-18 05:34:05 :  - No. of Barbarians: 108
2015-08-18 05:34:06 :  - No. of Archers: 112
2015-08-18 05:34:06 : Training Troops...
2015-08-18 05:34:07 : Your Army Camps are now Full
2015-08-18 05:34:32 : Spell Factory not found...
2015-08-18 05:34:34 : Going to Attack...
2015-08-18 05:34:40 : ============== Searching For Dead Base ===============
2015-08-18 05:34:40 : ~~~~~~~~~~~~~~~ SEARCH CONDITIONS ~~~~~~~~~~~~~~~~
2015-08-18 05:34:40 : Meet: Gold or Elixir, Max TH 8
2015-08-18 05:34:40 : ~~~~~~~~~~~~~~ RESOURCE CONDITIONS ~~~~~~~~~~~~~~~
2015-08-18 05:34:40 : Aim: [G]:      0 [E]:      0 [D]:    0 [T]: 0 [TH]: 8 for: Dead Base
2015-08-18 05:34:40 : ============== Searching For Live Base ===============
2015-08-18 05:34:40 : ~~~~~~~~~~~~~~~ SEARCH CONDITIONS ~~~~~~~~~~~~~~~~
2015-08-18 05:34:40 : Meet: Gold or Elixir, Max TH 8
2015-08-18 05:34:40 : ~~~~~~~~~~~~~~ RESOURCE CONDITIONS ~~~~~~~~~~~~~~~
2015-08-18 05:34:40 : Aim: [G]:      0 [E]:      0 [D]:    0 [T]: 0 [TH]: 8 for: Live Base
2015-08-18 05:34:40 : ~~~~~~~~~~~~~~~ ADVANCED SETTINGS ~~~~~~~~~~~~~~~~
2015-08-18 05:34:40 : THSnipe Combo, 4 Tile(s), AttackTH, Attack5:MasterGiBAM
2015-08-18 05:34:40 : ==================================================
2015-08-18 05:34:43 :   1> [G]:   2292 [E]:  19516 [D]:  406 [T]:15 [TH]: 9, In
2015-08-18 05:34:47 :   2> [G]:  60648 [E]:  57009 [D]:  452 [T]:18 [TH]: 9, In
2015-08-18 05:34:51 :   3> [G]:  28252 [E]:  68928 [D]:  549 [T]:32 [TH]: 9, In
2015-08-18 05:34:57 :   4> [G]: 122867 [E]:  86856 [D]:  604 [T]:32 [TH]: 9, In
2015-08-18 05:35:02 :   5> [G]:  30564 [E]:  73912 [D]:  715 [T]:21 [TH]: 9, In
2015-08-18 05:35:07 :   6> [G]:  41618 [E]:  54601 [D]:  667 [T]:14 [TH]: 9, In
2015-08-18 05:35:12 :   7> [G]:  61290 [E]:  46389 [D]:  207 [T]:13 [TH]: 9, In
2015-08-18 05:35:16 :   8> [G]:  16991 [E]:  61106 [D]:   77 [T]:16 [TH]: 9, In
2015-08-18 05:35:20 :   9> [G]:  19152 [E]:  15188 [D]:  905 [T]:13 [TH]: 9, In
2015-08-18 05:35:26 :  10> [G]:  28661 [E]: 207081 [D]:  712 [T]:16 [TH]: 9, In
2015-08-18 05:35:31 :  11> [G]: 177841 [E]:  24182 [D]:  778 [T]:29 [TH]: 9, In
2015-08-18 05:35:35 :  12> [G]:  42498 [E]:  72048 [D]:  391 [T]:28 [TH]: 9, In
2015-08-18 05:35:39 :  13> [G]:  23841 [E]:  60869 [D]:  100 [T]:20 [TH]: 9, In
2015-08-18 05:35:46 :  14> [G]:  99379 [E]:  58524 [D]: 2518 [T]:25 [TH]:10, In
2015-08-18 05:35:53 :  15> [G]:  88602 [E]:  76253 [D]:  358 [T]:16 [TH]:10, In
2015-08-18 05:35:59 :  16> [G]: 182395 [E]:  96156 [D]: 3101 [T]:34 [TH]:10, In
2015-08-18 05:36:04 :  17> [G]:  21567 [E]: 252940 [D]:  816 [T]:31 [TH]:10, In
2015-08-18 05:36:08 :  18> [G]:  23526 [E]:  47997 [D]:  850 [T]:34 [TH]: 9, In
2015-08-18 05:36:15 :  19> [G]:  16256 [E]:  16175 [D]:  874 [T]:32 [TH]:10, In
2015-08-18 05:36:19 :  20> [G]:  44232 [E]:  24822 [D]:  954 [T]:23 [TH]: 9, In
2015-08-18 05:36:23 :  21> [G]:  78197 [E]:  84761 [D]: 1013 [T]:15 [TH]: 9, In
2015-08-18 05:36:27 :  22> [G]:  59966 [E]: 123759 [D]:  385 [T]:14 [TH]:10, In
2015-08-18 05:36:32 :  23> [G]:  29542 [E]:  48559 [D]:  191 [T]:17 [TH]: 9, In
2015-08-18 05:36:36 :  24> [G]: 259790 [E]:  61834 [D]: 1412 [T]:15 [TH]:10, In
2015-08-18 05:36:40 :  25> [G]:  26708 [E]:  74232 [D]:   66 [T]:23 [TH]: 9, In
2015-08-18 05:36:44 :  26> [G]:  19741 [E]:  54118 [D]: 1574 [T]:24 [TH]:10, In
2015-08-18 05:36:48 :  27> [G]:  54241 [E]:  77754 [D]:  832 [T]:29 [TH]: 9, In
2015-08-18 05:36:53 :  28> [G]:  49413 [E]:  49738 [D]: 1244 [T]:15 [TH]: 9, In
2015-08-18 05:36:56 :  29> [G]:   4165 [E]: 140094 [D]:  769 [T]:13 [TH]: 9, In
2015-08-18 05:37:03 :  30> [G]:  48430 [E]:  90984 [D]: 1172 [T]:17 [TH]:10, In
2015-08-18 05:37:06 :  31> [G]:  77951 [E]:  61428 [D]:  808 [T]:18 [TH]: 9, In
2015-08-18 05:37:11 :  32> [G]:  25795 [E]:  77128 [D]: 1613 [T]:22 [TH]: 9, In
2015-08-18 05:37:15 :  33> [G]: 118513 [E]:  96325 [D]:  882 [T]:21 [TH]: 9, In
2015-08-18 05:37:21 :  34> [G]:  15259 [E]:  10740 [D]:  681 [T]:16 [TH]: 9, In
2015-08-18 05:37:28 :  35> [G]:  74958 [E]:  84425 [D]:  519 [T]:17 [TH]:10, In
2015-08-18 05:37:31 :  36> [G]:  31888 [E]:  75498 [D]:  756 [T]:24 [TH]: 9, In
2015-08-18 05:37:36 :  37> [G]:  58672 [E]: 115034 [D]:  596 [T]:17 [TH]: 9, In
2015-08-18 05:37:40 :  38> [G]:  12423 [E]:  37911 [D]:  191 [T]:15 [TH]: 9, In
2015-08-18 05:37:45 :  39> [G]:  67412 [E]: 129456 [D]: 1090 [T]:17 [TH]: 9, In
2015-08-18 05:37:51 :  40> [G]:  65016 [E]: 142690 [D]: 1959 [T]:23 [TH]:10, In
2015-08-18 05:37:58 :  41> [G]:  96137 [E]: 105898 [D]:  327 [T]:29 [TH]:10, In
2015-08-18 05:38:03 :  42> [G]: 126949 [E]: 243241 [D]: 1036 [T]:19 [TH]: 9, In
2015-08-18 05:38:07 :  43> [G]:  84771 [E]: 209774 [D]: 1231 [T]:32 [TH]: 9, In
2015-08-18 05:38:14 :  44> [G]: 245758 [E]:  81182 [D]: 3031 [T]:32 [TH]:10, In
2015-08-18 05:38:18 :  45> [G]: 121044 [E]: 132757 [D]:  780 [T]:13 [TH]:10, In
2015-08-18 05:38:22 :  46> [G]: 143948 [E]: 143911 [D]: 1281 [T]:29 [TH]: 9, In
2015-08-18 05:38:27 :  47> [G]:  25777 [E]:  11111 [D]:  371 [T]:19 [TH]: 9, In
2015-08-18 05:38:32 :  48> [G]:  96623 [E]:  79627 [D]:  831 [T]: 9 [TH]: 8, In
2015-08-18 05:38:32 : ~~~~~~~~~~~~~~~~ Live Base Found! ~~~~~~~~~~~~~~~~
2015-08-18 05:38:32 : ================ Search Complete =================
2015-08-18 05:38:32 : Initiating attack for: Live Base
2015-08-18 05:38:35 : -Barbarians 108
2015-08-18 05:38:35 : -Archers 112
2015-08-18 05:38:35 : -Clan Castle 
2015-08-18 05:38:35 : -King 
2015-08-18 05:38:35 : -Heal Spells 4
2015-08-18 05:38:35 :  ====== Start Attack ====== 
2015-08-18 05:38:37 : Attacking with four fingers
2015-08-18 05:38:38 : Dropping only wave of 108 Barbarians
2015-08-18 05:38:44 : Dropping only wave of 112 Archers
2015-08-18 05:38:50 : Dropping Clan Castle
2015-08-18 05:38:51 : Dropping King
2015-08-18 05:38:52 : Dropping left over troops
2015-08-18 05:38:52 : Checking remaining unused troops for: Live Base
2015-08-18 05:38:55 : -Clan Castle 
2015-08-18 05:38:55 : -Heal Spells 4
2015-08-18 05:39:03 : Checking remaining unused troops for: Live Base
2015-08-18 05:39:06 : -Clan Castle 
2015-08-18 05:39:06 : -Heal Spells 4
2015-08-18 05:39:15 : Finished Attacking, waiting for the battle to end
2015-08-18 05:39:15 : Checking if the battle has finished
2015-08-18 05:39:17 : detected [G]: 96052 [E]: 60749 [DE]: 824 |  Exit in 178 sec.
2015-08-18 05:39:17 : Gold & Elixir & DE change detected, waiting...
2015-08-18 05:39:20 : detected [G]: 96052 [E]: 55913 [DE]: 824 |  Exit in 178 sec.
2015-08-18 05:39:20 : Gold & Elixir & DE change detected, waiting...
2015-08-18 05:39:21 : One Star Reach, exit
2015-08-18 05:39:22 : Activating King's power to restore some health before EndBattle
2015-08-18 05:39:22 : Returning Home
2015-08-18 05:39:27 : Loot: [G]: 571 [E]: 24 038 [DE]: 7 [T]: 3
2015-08-18 05:39:28 : Bonus [G]: 100 000 [E]: 100 000 [DE]: 500
2015-08-18 05:39:30 : Your league level is: Master III
2015-08-18 05:39:30 : Stars earned: 1
2015-08-18 05:39:38 : Trying to locate Main Screen
2015-08-18 05:39:38 : Main Screen Located
2015-08-18 05:39:40 : Village Report
2015-08-18 05:39:40 : No. of Free/Total Builders: 0/4
2015-08-18 05:39:40 :  [T]: 2 627
2015-08-18 05:39:40 :  [G]: 4 879 563 [E]: 4 134 768 [D]: 3 641 [GEM]: 57
2015-08-18 05:39:41 : Collecting Resources
2015-08-18 05:39:45 : ClashGameBot was Paused!
2015-08-18 05:42:39 : ClashGameBot was Resumed.
2015-08-18 05:42:49 : Chat Request: any
2015-08-18 05:42:49 : Custom Donation Keyword found: any
2015-08-18 05:42:52 : No Giants available to donate..
2015-08-18 05:42:56 : No Minions available to donate..
2015-08-18 05:42:56 : Donating 6 Archers
2015-08-18 05:42:59 : Checking Army Camp...
2015-08-18 05:43:01 : Total Army Camp capacity: 76/220
2015-08-18 05:43:02 :  - No. of Archers: 76
2015-08-18 05:43:02 : Training Troops...
2015-08-18 05:43:11 : Spell Factory Full
2015-08-18 05:43:13 : 0
2015-08-18 05:43:15 : Requesting Clan Castle Troops
2015-08-18 05:43:20 : ====== Waiting for full army ======
2015-08-18 05:43:28 : ClashGameBot was Paused!
2015-08-18 05:49:07 : ClashGameBot was Resumed.
2015-08-18 05:49:07 : Zooming Out
2015-08-18 05:49:15 : Checking Army Camp...
2015-08-18 05:49:16 : Total Army Camp capacity: 144/220
2015-08-18 05:49:17 :  - No. of Barbarians: 42
2015-08-18 05:49:18 :  - No. of Archers: 102
2015-08-18 05:49:18 : Training Troops...
2015-08-18 05:49:30 : Spell Factory Full
2015-08-18 05:49:32 : Time Idle: 00:06:11
2015-08-18 05:49:32 : ====== Waiting for full army ======
2015-08-18 05:49:44 : Collecting Resources
2015-08-18 05:49:50 : Checking Army Camp...
2015-08-18 05:49:52 : Total Army Camp capacity: 150/220
2015-08-18 05:49:53 :  - No. of Barbarians: 49
2015-08-18 05:49:53 :  - No. of Archers: 102
2015-08-18 05:49:54 : Training Troops...
2015-08-18 05:50:05 : Spell Factory Full
2015-08-18 05:50:07 : Time Idle: 00:06:46
2015-08-18 05:50:07 : ====== Waiting for full army ======
2015-08-18 05:50:19 : Checking Army Camp...
2015-08-18 05:50:21 : Total Army Camp capacity: 157/220
2015-08-18 05:50:22 :  - No. of Barbarians: 55
2015-08-18 05:50:22 :  - No. of Archers: 102
2015-08-18 05:50:23 : Training Troops...
2015-08-18 05:50:34 : Spell Factory Full
2015-08-18 05:50:36 : Time Idle: 00:07:14
2015-08-18 05:50:36 : ====== Waiting for full army ======
2015-08-18 05:50:48 : Checking Army Camp...
2015-08-18 05:50:50 : Total Army Camp capacity: 162/220
2015-08-18 05:50:51 :  - No. of Barbarians: 60
2015-08-18 05:50:51 :  - No. of Archers: 102
2015-08-18 05:50:51 : Training Troops...
2015-08-18 05:51:03 : Spell Factory Full
2015-08-18 05:51:05 : Time Idle: 00:07:43
2015-08-18 05:51:05 : ====== Waiting for full army ======
2015-08-18 05:51:17 : Checking Army Camp...
2015-08-18 05:51:19 : Total Army Camp capacity: 168/220
2015-08-18 05:51:20 :  - No. of Barbarians: 67
2015-08-18 05:51:20 :  - No. of Archers: 102
2015-08-18 05:51:21 : Training Troops...
2015-08-18 05:51:32 : Spell Factory Full
2015-08-18 05:51:34 : Time Idle: 00:08:12
2015-08-18 05:51:34 : ====== Waiting for full army ======
2015-08-18 05:51:46 : Checking Army Camp...
2015-08-18 05:51:48 : Total Army Camp capacity: 174/220
2015-08-18 05:51:49 :  - No. of Barbarians: 72
2015-08-18 05:51:49 :  - No. of Archers: 102
2015-08-18 05:51:50 : Training Troops...
2015-08-18 05:52:01 : Spell Factory Full
2015-08-18 05:52:03 : Time Idle: 00:08:41
2015-08-18 05:52:03 : ====== Waiting for full army ======
2015-08-18 05:52:15 : Checking Army Camp...
2015-08-18 05:52:17 : Total Army Camp capacity: 180/220
2015-08-18 05:52:18 :  - No. of Barbarians: 78
2015-08-18 05:52:18 :  - No. of Archers: 102
2015-08-18 05:52:19 : Training Troops...
2015-08-18 05:52:30 : Spell Factory Full
2015-08-18 05:52:32 : Time Idle: 00:09:10
2015-08-18 05:52:32 : ====== Waiting for full army ======
2015-08-18 05:52:44 : Checking Army Camp...
2015-08-18 05:52:46 : Total Army Camp capacity: 186/220
2015-08-18 05:52:47 :  - No. of Barbarians: 84
2015-08-18 05:52:47 :  - No. of Archers: 102
2015-08-18 05:52:48 : Training Troops...
2015-08-18 05:52:59 : Spell Factory Full
2015-08-18 05:53:01 : Time Idle: 00:09:39
2015-08-18 05:53:01 : ====== Waiting for full army ======
2015-08-18 05:53:13 : Checking Army Camp...
2015-08-18 05:53:15 : Total Army Camp capacity: 191/220
2015-08-18 05:53:16 :  - No. of Barbarians: 90
2015-08-18 05:53:16 :  - No. of Archers: 102
2015-08-18 05:53:17 : Training Troops...
2015-08-18 05:53:28 : Spell Factory Full
2015-08-18 05:53:30 : Time Idle: 00:10:07
2015-08-18 05:53:31 : ====== Waiting for full army ======
2015-08-18 05:53:42 : Checking Army Camp...
2015-08-18 05:53:44 : Total Army Camp capacity: 198/220
2015-08-18 05:53:46 :  - No. of Barbarians: 96
2015-08-18 05:53:46 :  - No. of Archers: 102
2015-08-18 05:53:46 : Training Troops...
2015-08-18 05:53:57 : Spell Factory Full
2015-08-18 05:53:59 : Time Idle: 00:10:36
2015-08-18 05:54:00 : ====== Waiting for full army ======
2015-08-18 05:54:11 : Checking Army Camp...
2015-08-18 05:54:13 : Total Army Camp capacity: 203/220
2015-08-18 05:54:14 :  - No. of Barbarians: 101
2015-08-18 05:54:15 :  - No. of Archers: 102
2015-08-18 05:54:15 : Training Troops...
2015-08-18 05:54:26 : Spell Factory Full
2015-08-18 05:54:29 : Time Idle: 00:11:05
2015-08-18 05:54:29 : ====== Waiting for full army ======
2015-08-18 05:54:41 : Checking Army Camp...
2015-08-18 05:54:43 : Total Army Camp capacity: 209/220
2015-08-18 05:54:44 :  - No. of Barbarians: 107
2015-08-18 05:54:44 :  - No. of Archers: 102
2015-08-18 05:54:45 : Training Troops...
2015-08-18 05:54:56 : Checking Army Camp...
2015-08-18 05:54:58 : Total Army Camp capacity: 210/220
2015-08-18 05:55:00 :  - No. of Barbarians: 108
2015-08-18 05:55:00 :  - No. of Archers: 102
2015-08-18 05:55:00 : Training Troops...
2015-08-18 05:55:16 : Spell Factory Full
2015-08-18 05:55:18 : Time Idle: 00:11:54
2015-08-18 05:55:18 : ====== Waiting for full army ======
2015-08-18 05:55:30 : Collecting Resources
2015-08-18 05:55:38 : Checking Army Camp...
2015-08-18 05:55:40 : Total Army Camp capacity: 214/220
2015-08-18 05:55:41 :  - No. of Barbarians: 108
2015-08-18 05:55:42 :  - No. of Archers: 106
2015-08-18 05:55:42 : Training Troops...
2015-08-18 05:55:52 : Spell Factory Full
2015-08-18 05:55:54 : Time Idle: 00:12:30
2015-08-18 05:55:54 : ====== Waiting for full army ======
2015-08-18 05:56:06 : Checking Army Camp...
2015-08-18 05:56:08 : Total Army Camp capacity: 218/220
2015-08-18 05:56:09 :  - No. of Barbarians: 108
2015-08-18 05:56:09 :  - No. of Archers: 110
2015-08-18 05:56:10 : Training Troops...
2015-08-18 05:56:20 : Spell Factory Full
2015-08-18 05:56:22 : Time Idle: 00:12:58
2015-08-18 05:56:22 : ====== Waiting for full army ======
2015-08-18 05:56:34 : Checking Army Camp...
2015-08-18 05:56:36 : Total Army Camp capacity: 220/220
2015-08-18 05:56:37 :  - No. of Barbarians: 108
2015-08-18 05:56:37 :  - No. of Archers: 112
2015-08-18 05:56:38 : Training Troops...
2015-08-18 05:56:39 : Your Army Camps are now Full
2015-08-18 05:57:04 : Spell Factory not found...
2015-08-18 05:57:06 : Going to Attack...
2015-08-18 05:57:11 : ============== Searching For Dead Base ===============
2015-08-18 05:57:11 : ~~~~~~~~~~~~~~~ SEARCH CONDITIONS ~~~~~~~~~~~~~~~~
2015-08-18 05:57:11 : Meet: Gold or Elixir, Max TH 8
2015-08-18 05:57:12 : ~~~~~~~~~~~~~~ RESOURCE CONDITIONS ~~~~~~~~~~~~~~~
2015-08-18 05:57:12 : Aim: [G]:      0 [E]:      0 [D]:    0 [T]: 0 [TH]: 8 for: Dead Base
2015-08-18 05:57:12 : ============== Searching For Live Base ===============
2015-08-18 05:57:12 : ~~~~~~~~~~~~~~~ SEARCH CONDITIONS ~~~~~~~~~~~~~~~~
2015-08-18 05:57:12 : Meet: Gold or Elixir, Max TH 8
2015-08-18 05:57:12 : ~~~~~~~~~~~~~~ RESOURCE CONDITIONS ~~~~~~~~~~~~~~~
2015-08-18 05:57:12 : Aim: [G]:      0 [E]:      0 [D]:    0 [T]: 0 [TH]: 8 for: Live Base
2015-08-18 05:57:12 : ~~~~~~~~~~~~~~~ ADVANCED SETTINGS ~~~~~~~~~~~~~~~~
2015-08-18 05:57:12 : THSnipe Combo, 4 Tile(s), AttackTH, Attack5:MasterGiBAM
2015-08-18 05:57:12 : ==================================================
2015-08-18 05:57:14 :   1> [G]: 109547 [E]: 106260 [D]:  424 [T]:27 [TH]: 9, In
2015-08-18 05:57:18 :   2> [G]:  17650 [E]: 112683 [D]:  825 [T]:21 [TH]: 9, In
2015-08-18 05:57:22 :   3> [G]: 113005 [E]: 107389 [D]:  528 [T]:26 [TH]: 9, In
2015-08-18 05:57:28 :   4> [G]: 139333 [E]: 156502 [D]:  714 [T]:14 [TH]: 9, In
2015-08-18 05:57:34 :   5> [G]:  68536 [E]:  93300 [D]:  470 [T]:29 [TH]:10, In
2015-08-18 05:57:41 :   6> [G]: 131061 [E]: 167626 [D]: 1025 [T]:15 [TH]:10, In
2015-08-18 05:57:45 :   7> [G]:  49276 [E]:  41001 [D]:  732 [T]:21 [TH]: 9, In
2015-08-18 05:57:49 :   8> [G]: 141933 [E]: 102763 [D]:  591 [T]:16 [TH]:10, In
2015-08-18 05:57:53 :   9> [G]:   6298 [E]: 111673 [D]:  819 [T]:12 [TH]: 8, In
2015-08-18 05:57:53 : ~~~~~~~~~~~~~~~~ Live Base Found! ~~~~~~~~~~~~~~~~
2015-08-18 05:57:53 : ================ Search Complete =================
2015-08-18 05:57:53 : Initiating attack for: Live Base
2015-08-18 05:57:56 : -Barbarians 108
2015-08-18 05:57:56 : -Archers 112
2015-08-18 05:57:56 : -Clan Castle 
2015-08-18 05:57:56 : -King 
2015-08-18 05:57:56 : -Heal Spells 4
2015-08-18 05:57:56 :  ====== Start Attack ====== 
2015-08-18 05:57:58 : Attacking with four fingers
2015-08-18 05:57:59 : Dropping only wave of 108 Barbarians
2015-08-18 05:58:04 : Dropping only wave of 112 Archers
2015-08-18 05:58:09 : Dropping Clan Castle
2015-08-18 05:58:10 : Dropping King
2015-08-18 05:58:11 : Dropping left over troops
2015-08-18 05:58:11 : Checking remaining unused troops for: Live Base
2015-08-18 05:58:14 : -Clan Castle 
2015-08-18 05:58:14 : -Heal Spells 4
2015-08-18 05:58:22 : Checking remaining unused troops for: Live Base
2015-08-18 05:58:25 : -Clan Castle 
2015-08-18 05:58:25 : -Heal Spells 4
2015-08-18 05:58:34 : Finished Attacking, waiting for the battle to end
2015-08-18 05:58:34 : Checking if the battle has finished
2015-08-18 05:58:35 : One Star Reach, exit
2015-08-18 05:58:36 : Activating King's power to restore some health before EndBattle
2015-08-18 05:58:36 : Returning Home
2015-08-18 05:58:40 : Loot: [G]: 631 [E]: 625 [DE]:  [T]: 4
2015-08-18 05:58:41 : Bonus [G]: 100 000 [E]: 100 000 [DE]: 500
2015-08-18 05:58:43 : Your league level is: Master III
2015-08-18 05:58:43 : Stars earned: 1
2015-08-18 05:58:51 : Trying to locate Main Screen
2015-08-18 05:58:51 : Main Screen Located
2015-08-18 05:58:53 : Village Report
2015-08-18 05:58:53 : No. of Free/Total Builders: 0/4
2015-08-18 05:58:53 :  [T]: 2 631
2015-08-18 05:58:53 :  [G]: 4 984 652 [E]: 4 195 360 [D]: 4 163 [GEM]: 57
2015-08-18 05:58:53 : Collecting Resources
2015-08-18 05:59:05 : Checking Army Camp...
2015-08-18 05:59:07 : Total Army Camp capacity: 20/220
2015-08-18 05:59:08 :  - No. of Archers: 20
2015-08-18 05:59:08 : Training Troops...
2015-08-18 05:59:17 : Spell Factory Full
2015-08-18 05:59:18 : 0
2015-08-18 05:59:20 : Requesting Clan Castle Troops
2015-08-18 05:59:26 : ====== Waiting for full army ======
2015-08-18 05:59:38 : Checking Army Camp...
2015-08-18 05:59:46 : Total Army Camp capacity: 26/220
2015-08-18 05:59:47 :  - No. of Archers: 26
2015-08-18 05:59:48 : Training Troops...
2015-08-18 05:59:56 : Spell Factory Full
2015-08-18 05:59:58 : Time Idle: 00:00:31
2015-08-18 05:59:58 : ====== Waiting for full army ======
2015-08-18 06:00:10 : Checking Army Camp...
2015-08-18 06:00:12 : Total Army Camp capacity: 30/220
2015-08-18 06:00:13 :  - No. of Archers: 31
2015-08-18 06:00:14 : Training Troops...
2015-08-18 06:00:22 : Spell Factory Full
2015-08-18 06:00:24 : Time Idle: 00:00:57
2015-08-18 06:00:24 : ====== Waiting for full army ======
2015-08-18 06:00:36 : Checking Army Camp...
2015-08-18 06:00:38 : Total Army Camp capacity: 35/220
2015-08-18 06:00:39 :  - No. of Archers: 35
2015-08-18 06:00:40 : Training Troops...
2015-08-18 06:00:48 : Spell Factory Full
2015-08-18 06:00:50 : Time Idle: 00:01:23
2015-08-18 06:00:50 : ====== Waiting for full army ======
2015-08-18 06:01:02 : Checking Army Camp...
2015-08-18 06:01:04 : Total Army Camp capacity: 39/220
2015-08-18 06:01:05 :  - No. of Archers: 39
2015-08-18 06:01:06 : Training Troops...
2015-08-18 06:01:16 : Spell Factory Full
2015-08-18 06:01:18 : Time Idle: 00:01:50
2015-08-18 06:01:18 : ====== Waiting for full army ======
2015-08-18 06:01:30 : Checking Army Camp...
2015-08-18 06:01:32 : Total Army Camp capacity: 44/220
2015-08-18 06:01:33 :  - No. of Archers: 44
2015-08-18 06:01:34 : Training Troops...
2015-08-18 06:01:42 : Spell Factory Full
2015-08-18 06:01:44 : Time Idle: 00:02:16
2015-08-18 06:01:44 : ====== Waiting for full army ======
2015-08-18 06:01:56 : Checking Army Camp...
2015-08-18 06:01:58 : Total Army Camp capacity: 48/220
2015-08-18 06:01:59 :  - No. of Archers: 48
2015-08-18 06:01:59 : Training Troops...
2015-08-18 06:02:08 : Spell Factory Full
2015-08-18 06:02:10 : Time Idle: 00:02:41
2015-08-18 06:02:10 : ====== Waiting for full army ======
2015-08-18 06:02:22 : Checking Army Camp...
2015-08-18 06:02:23 : Total Army Camp capacity: 52/220
2015-08-18 06:02:25 :  - No. of Archers: 52
2015-08-18 06:02:25 : Training Troops...
2015-08-18 06:02:34 : Spell Factory Full
2015-08-18 06:02:36 : Time Idle: 00:03:07
2015-08-18 06:02:36 : ====== Waiting for full army ======
2015-08-18 06:02:48 : Checking Army Camp...
2015-08-18 06:02:50 : Total Army Camp capacity: 56/220
2015-08-18 06:02:51 :  - No. of Archers: 56
2015-08-18 06:02:51 : Training Troops...
2015-08-18 06:03:00 : Spell Factory Full
2015-08-18 06:03:02 : Time Idle: 00:03:33
2015-08-18 06:03:02 : ====== Waiting for full army ======
2015-08-18 06:03:14 : Collecting Resources
2015-08-18 06:03:20 : Checking Army Camp...
2015-08-18 06:03:22 : Total Army Camp capacity: 60/220
2015-08-18 06:03:23 :  - No. of Archers: 60
2015-08-18 06:03:24 : Training Troops...
2015-08-18 06:03:32 : Spell Factory Full
2015-08-18 06:03:34 : Time Idle: 00:04:05
2015-08-18 06:03:34 : ====== Waiting for full army ======
2015-08-18 06:03:46 : Checking Army Camp...
2015-08-18 06:03:48 : Total Army Camp capacity: 64/220
2015-08-18 06:03:49 :  - No. of Archers: 64
2015-08-18 06:03:50 : Training Troops...
2015-08-18 06:03:58 : Spell Factory Full
2015-08-18 06:04:00 : Time Idle: 00:04:31
2015-08-18 06:04:00 : ====== Waiting for full army ======
2015-08-18 06:04:12 : Checking Army Camp...
2015-08-18 06:04:14 : Total Army Camp capacity: 68/220
2015-08-18 06:04:15 :  - No. of Archers: 68
2015-08-18 06:04:15 : Training Troops...
2015-08-18 06:04:23 : Spell Factory Full
2015-08-18 06:04:25 : Time Idle: 00:04:56
2015-08-18 06:04:26 : ====== Waiting for full army ======
2015-08-18 06:04:37 : Checking Army Camp...
2015-08-18 06:04:39 : Total Army Camp capacity: 73/220
2015-08-18 06:04:41 :  - No. of Archers: 73
2015-08-18 06:04:41 : Training Troops...
2015-08-18 06:04:50 : Spell Factory Full
2015-08-18 06:04:52 : Time Idle: 00:05:22
2015-08-18 06:04:52 : ====== Waiting for full army ======
2015-08-18 06:05:04 : Checking Army Camp...
2015-08-18 06:05:05 : Total Army Camp capacity: 77/220
2015-08-18 06:05:07 :  - No. of Archers: 77
2015-08-18 06:05:07 : Training Troops...
2015-08-18 06:05:15 : Spell Factory Full
2015-08-18 06:05:18 : Time Idle: 00:05:48
2015-08-18 06:05:18 : ====== Waiting for full army ======
2015-08-18 06:05:30 : Checking Army Camp...
2015-08-18 06:05:32 : Total Army Camp capacity: 81/220
2015-08-18 06:05:33 :  - No. of Archers: 81
2015-08-18 06:05:33 : Training Troops...
2015-08-18 06:05:42 : Spell Factory Full
2015-08-18 06:05:44 : Time Idle: 00:06:14
2015-08-18 06:05:44 : ====== Waiting for full army ======
2015-08-18 06:05:56 : Checking Army Camp...
2015-08-18 06:05:58 : Total Army Camp capacity: 86/220
2015-08-18 06:05:59 :  - No. of Archers: 86
2015-08-18 06:06:00 : Training Troops...
2015-08-18 06:06:08 : Spell Factory Full
2015-08-18 06:06:10 : Time Idle: 00:06:40
2015-08-18 06:06:10 : ====== Waiting for full army ======
2015-08-18 06:06:22 : Checking Army Camp...
2015-08-18 06:06:24 : Total Army Camp capacity: 90/220
2015-08-18 06:06:25 :  - No. of Archers: 90
2015-08-18 06:06:25 : Training Troops...
2015-08-18 06:06:34 : Spell Factory Full
2015-08-18 06:06:36 : Time Idle: 00:07:05
2015-08-18 06:06:36 : ====== Waiting for full army ======
2015-08-18 06:06:48 : Checking Army Camp...
2015-08-18 06:06:50 : Total Army Camp capacity: 94/220
2015-08-18 06:06:51 :  - No. of Archers: 94
2015-08-18 06:06:52 : Training Troops...
2015-08-18 06:07:00 : Spell Factory Full
2015-08-18 06:07:02 : Time Idle: 00:07:31
2015-08-18 06:07:02 : ====== Waiting for full army ======
2015-08-18 06:07:14 : Checking Army Camp...
2015-08-18 06:07:16 : Total Army Camp capacity: 98/220
2015-08-18 06:07:17 :  - No. of Archers: 98
2015-08-18 06:07:17 : Training Troops...
2015-08-18 06:07:26 : Spell Factory Full
2015-08-18 06:07:28 : Time Idle: 00:07:57
2015-08-18 06:07:28 : ====== Waiting for full army ======
2015-08-18 06:07:40 : Checking Army Camp...
2015-08-18 06:07:41 : Total Army Camp capacity: 102/220
2015-08-18 06:07:42 :  - No. of Archers: 102
2015-08-18 06:07:43 : Training Troops...
2015-08-18 06:07:51 : Spell Factory Full
2015-08-18 06:07:53 : Time Idle: 00:08:22
2015-08-18 06:07:54 : ====== Waiting for full army ======
2015-08-18 06:08:05 : Collecting Resources
2015-08-18 06:08:14 : Checking Army Camp...
2015-08-18 06:08:16 : Total Army Camp capacity: 108/220
2015-08-18 06:08:17 :  - No. of Archers: 108
2015-08-18 06:08:18 : Training Troops...
2015-08-18 06:08:29 : Spell Factory Full
2015-08-18 06:08:31 : Time Idle: 00:08:59
2015-08-18 06:08:31 : ====== Waiting for full army ======
2015-08-18 06:08:43 : Checking Army Camp...
2015-08-18 06:08:45 : Total Army Camp capacity: 114/220
2015-08-18 06:08:46 :  - No. of Barbarians: 6
2015-08-18 06:08:46 :  - No. of Archers: 108
2015-08-18 06:08:47 : Training Troops...
2015-08-18 06:08:58 : Spell Factory Full
2015-08-18 06:09:00 : Time Idle: 00:09:28
2015-08-18 06:09:00 : ====== Waiting for full army ======
2015-08-18 06:09:12 : Checking Army Camp...
2015-08-18 06:09:14 : Total Army Camp capacity: 120/220
2015-08-18 06:09:15 :  - No. of Barbarians: 12
2015-08-18 06:09:15 :  - No. of Archers: 108
2015-08-18 06:09:16 : Training Troops...
2015-08-18 06:09:27 : Spell Factory Full
2015-08-18 06:09:29 : Time Idle: 00:09:57
2015-08-18 06:09:29 : ====== Waiting for full army ======
2015-08-18 06:09:41 : Checking Army Camp...
2015-08-18 06:09:43 : Total Army Camp capacity: 126/220
2015-08-18 06:09:44 :  - No. of Barbarians: 18
2015-08-18 06:09:44 :  - No. of Archers: 108
2015-08-18 06:09:45 : Training Troops...
2015-08-18 06:09:56 : Spell Factory Full
2015-08-18 06:09:58 : Time Idle: 00:10:25
2015-08-18 06:09:58 : ====== Waiting for full army ======
2015-08-18 06:10:10 : Checking Army Camp...
2015-08-18 06:10:12 : Total Army Camp capacity: 132/220
2015-08-18 06:10:13 :  - No. of Barbarians: 24
2015-08-18 06:10:13 :  - No. of Archers: 108
2015-08-18 06:10:14 : Training Troops...
2015-08-18 06:10:25 : Spell Factory Full
2015-08-18 06:10:27 : Time Idle: 00:10:54
2015-08-18 06:10:27 : ====== Waiting for full army ======
2015-08-18 06:10:39 : Checking Army Camp...
2015-08-18 06:10:41 : Total Army Camp capacity: 137/220
2015-08-18 06:10:42 :  - No. of Barbarians: 29
2015-08-18 06:10:42 :  - No. of Archers: 108
2015-08-18 06:10:43 : Training Troops...
2015-08-18 06:10:54 : Spell Factory Full
2015-08-18 06:10:56 : Time Idle: 00:11:23
2015-08-18 06:10:56 : ====== Waiting for full army ======
2015-08-18 06:11:08 : Checking Army Camp...
2015-08-18 06:11:10 : Total Army Camp capacity: 143/220
2015-08-18 06:11:11 :  - No. of Barbarians: 35
2015-08-18 06:11:11 :  - No. of Archers: 108
2015-08-18 06:11:12 : Training Troops...
2015-08-18 06:11:23 : Spell Factory Full
2015-08-18 06:11:25 : Time Idle: 00:11:52
2015-08-18 06:11:25 : ====== Waiting for full army ======
2015-08-18 06:11:37 : Checking Army Camp...
2015-08-18 06:11:39 : Total Army Camp capacity: 148/220
2015-08-18 06:11:40 :  - No. of Barbarians: 41
2015-08-18 06:11:40 :  - No. of Archers: 108
2015-08-18 06:11:41 : Training Troops...
2015-08-18 06:11:52 : Spell Factory Full
2015-08-18 06:11:54 : Time Idle: 00:12:21
2015-08-18 06:11:54 : ====== Waiting for full army ======
2015-08-18 06:12:06 : Checking Army Camp...
2015-08-18 06:12:08 : Total Army Camp capacity: 155/220
2015-08-18 06:12:09 :  - No. of Barbarians: 47
2015-08-18 06:12:09 :  - No. of Archers: 108
2015-08-18 06:12:10 : Training Troops...
2015-08-18 06:12:21 : Spell Factory Full
2015-08-18 06:12:23 : Time Idle: 00:12:49
2015-08-18 06:12:23 : ====== Waiting for full army ======
2015-08-18 06:12:35 : Checking Army Camp...
2015-08-18 06:12:37 : Total Army Camp capacity: 160/220
2015-08-18 06:12:38 :  - No. of Barbarians: 52
2015-08-18 06:12:38 :  - No. of Archers: 108
2015-08-18 06:12:39 : Training Troops...
2015-08-18 06:12:50 : Spell Factory Full
2015-08-18 06:12:52 : Time Idle: 00:13:18
2015-08-18 06:12:52 : ====== Waiting for full army ======
2015-08-18 06:13:04 : Checking Army Camp...
2015-08-18 06:13:06 : Total Army Camp capacity: 166/220
2015-08-18 06:13:07 :  - No. of Barbarians: 58
2015-08-18 06:13:07 :  - No. of Archers: 108
2015-08-18 06:13:07 : Training Troops...
2015-08-18 06:13:19 : Spell Factory Full
2015-08-18 06:13:21 : Time Idle: 00:13:47
2015-08-18 06:13:21 : ====== Waiting for full army ======
2015-08-18 06:13:33 : Collecting Resources
2015-08-18 06:13:39 : Checking Army Camp...
2015-08-18 06:13:41 : Total Army Camp capacity: 173/220
2015-08-18 06:13:42 :  - No. of Barbarians: 65
2015-08-18 06:13:42 :  - No. of Archers: 108
2015-08-18 06:13:43 : Training Troops...
2015-08-18 06:13:54 : Spell Factory Full
2015-08-18 06:13:56 : Time Idle: 00:14:22
2015-08-18 06:13:56 : ====== Waiting for full army ======
2015-08-18 06:14:08 : Checking Army Camp...
2015-08-18 06:14:10 : Total Army Camp capacity: 179/220
2015-08-18 06:14:11 :  - No. of Barbarians: 71
2015-08-18 06:14:11 :  - No. of Archers: 108
2015-08-18 06:14:12 : Training Troops...
2015-08-18 06:14:23 : Spell Factory Full
2015-08-18 06:14:24 : ClashGameBot was Paused!
