2015-08-18 07:26:32 :  Clash Game Bot v4.1.1-6 merge Powered by GameBot.org 
2015-08-18 07:26:32 : GameBot.org.exe Executable running on WIN_7 Service Pack 1 X64
2015-08-18 07:26:32 : =================== Bot Start ====================
2015-08-18 07:26:32 : -------------------------  Current Profile: 01 --------------------------
2015-08-18 07:26:32 : Trying to locate Main Screen
2015-08-18 07:26:32 : Main Screen Located
2015-08-18 07:26:33 : Detecting your Buildings..
2015-08-18 07:26:42 : Language setting is English: Correct.
2015-08-18 07:26:43 : Trying to locate Main Screen
2015-08-18 07:26:43 : Main Screen Located
2015-08-18 07:26:44 : Village Report
2015-08-18 07:26:44 : No. of Free/Total Builders: 0/4
2015-08-18 07:26:45 :  [T]: 2 627
2015-08-18 07:26:45 :  [G]: 5 334 420 [E]: 4 479 905 [D]: 6 261 [GEM]: 57
2015-08-18 07:26:45 : Collecting Resources
2015-08-18 07:26:57 : Chat Request: drag po plsss
2015-08-18 07:26:57 : Dragons Keyword found: drag
2015-08-18 07:27:01 : No Dragons available to donate..
2015-08-18 07:27:02 : Chat Request: any
2015-08-18 07:27:02 : Custom Donation Keyword found: any
2015-08-18 07:27:06 : No Giants available to donate..
2015-08-18 07:27:09 : No Minions available to donate..
2015-08-18 07:27:10 : Donating 6 Archers
2015-08-18 07:27:12 : Checking Army Camp...
2015-08-18 07:27:14 : Total Army Camp capacity: 218/220
2015-08-18 07:27:17 :  - No. of Barbarians: 93
2015-08-18 07:27:17 :  - No. of Archers: 125
2015-08-18 07:27:17 : Barracks and Spell factory status: 
2015-08-18 07:27:17 : - Barracks detected: 4 | Available: 4 | Upgrading: 0
2015-08-18 07:27:17 : - Dark Barracks detected: 2 | Available: 2 | Upgrading: 0
2015-08-18 07:27:17 : - Spell factory detected: 1 | Available: 1 | Upgrading: 0
2015-08-18 07:27:17 : - Dark Spell factory detected: 1 | Available: 1 | Upgrading: 0
2015-08-18 07:27:18 : Training Troops...
2015-08-18 07:27:32 : Spell Factory Full
2015-08-18 07:27:34 : 0
2015-08-18 07:27:36 : Requesting Clan Castle Troops
2015-08-18 07:27:37 : Your Clan Castle is already full or you are not in a clan.
2015-08-18 07:27:38 : ====== Waiting for full army ======
2015-08-18 07:27:50 : Checking Army Camp...
2015-08-18 07:27:52 : Total Army Camp capacity: 220/220
2015-08-18 07:27:53 :  - No. of Barbarians: 95
2015-08-18 07:27:53 :  - No. of Archers: 125
2015-08-18 07:27:54 : Training Troops...
2015-08-18 07:27:55 : Your Army Camps are now Full
2015-08-18 07:28:18 : Spell Factory not found...
2015-08-18 07:28:20 : Going to Attack...
2015-08-18 07:28:26 : ============== Searching For Dead Base ===============
2015-08-18 07:28:26 : ~~~~~~~~~~~~~~~ SEARCH CONDITIONS ~~~~~~~~~~~~~~~~
2015-08-18 07:28:26 : Meet: Gold or Elixir, Max TH 8
2015-08-18 07:28:26 : ~~~~~~~~~~~~~~ RESOURCE CONDITIONS ~~~~~~~~~~~~~~~
2015-08-18 07:28:26 : Aim: [G]:      0 [E]:      0 [D]:    0 [T]: 0 [TH]: 8 for: Dead Base
2015-08-18 07:28:26 : ============== Searching For Live Base ===============
2015-08-18 07:28:26 : ~~~~~~~~~~~~~~~ SEARCH CONDITIONS ~~~~~~~~~~~~~~~~
2015-08-18 07:28:26 : Meet: Gold or Elixir, Max TH 8
2015-08-18 07:28:26 : ~~~~~~~~~~~~~~ RESOURCE CONDITIONS ~~~~~~~~~~~~~~~
2015-08-18 07:28:26 : Aim: [G]:      0 [E]:      0 [D]:    0 [T]: 0 [TH]: 8 for: Live Base
2015-08-18 07:28:26 : ~~~~~~~~~~~~~~~ ADVANCED SETTINGS ~~~~~~~~~~~~~~~~
2015-08-18 07:28:26 : THSnipe Combo, 6 Tile(s), AttackTH, Attack6:PB6
2015-08-18 07:28:26 : ==================================================
2015-08-18 07:28:28 :   1> [G]:  17029 [E]: 114237 [D]:  275 [T]:14 [TH]: 9, In
2015-08-18 07:28:33 :   2> [G]:  59754 [E]:  33620 [D]: 1038 [T]:12 [TH]: 9, In
2015-08-18 07:28:40 :   3> [G]:  15144 [E]:   2918 [D]:  845 [T]:28 [TH]:10, In
2015-08-18 07:28:44 :   4> [G]:  36310 [E]: 112861 [D]:  880 [T]:15 [TH]: 9, In
2015-08-18 07:28:48 :   5> [G]:   5171 [E]:  47211 [D]:  610 [T]:31 [TH]: 9, In
2015-08-18 07:28:52 :   6> [G]: 138162 [E]:  62999 [D]:  742 [T]:27 [TH]:10, In
2015-08-18 07:28:56 :   7> [G]: 115252 [E]:  90463 [D]:  440 [T]:15 [TH]: 9, In
2015-08-18 07:29:01 :   8> [G]:  13491 [E]:  60946 [D]:  581 [T]:16 [TH]: 9, In
2015-08-18 07:29:07 :   9> [G]:  46747 [E]:  80829 [D]: 1542 [T]:19 [TH]:10, In
2015-08-18 07:29:11 :  10> [G]:  11182 [E]:  59139 [D]:   56 [T]:14 [TH]:10, In
2015-08-18 07:29:15 :  11> [G]:  59877 [E]:  78269 [D]:  409 [T]:13 [TH]: 9, In
2015-08-18 07:29:21 :  12> [G]:  76388 [E]: 171672 [D]: 1040 [T]:27 [TH]:10, In
2015-08-18 07:29:25 :  13> [G]:  39510 [E]: 109294 [D]: 1253 [T]:13 [TH]: 9, In
2015-08-18 07:29:31 :  14> [G]:  14700 [E]:  66906 [D]:  947 [T]:23 [TH]:10, In
2015-08-18 07:29:37 :  15> [G]:  42731 [E]: 160537 [D]: 1416 [T]:28 [TH]:10, In
2015-08-18 07:29:44 :  16> [G]:  75024 [E]:  93686 [D]:  986 [T]:18 [TH]:10, In
2015-08-18 07:29:51 :  17> [G]: 228227 [E]: 108238 [D]: 1716 [T]:14 [TH]:10, In
2015-08-18 07:29:54 :  18> [G]:  43369 [E]:  59969 [D]: 1544 [T]:25 [TH]: 9, In
2015-08-18 07:30:00 :  19> [G]:  92401 [E]:  31303 [D]: 1482 [T]:26 [TH]: 9, In
2015-08-18 07:30:06 :  20> [G]: 102250 [E]:  48423 [D]:  387 [T]:15 [TH]: 9, In
2015-08-18 07:30:13 :  21> [G]: 134754 [E]: 230519 [D]: 1035 [T]:34 [TH]:10, In
2015-08-18 07:30:19 :  22> [G]: 115847 [E]: 310298 [D]: 1218 [T]:18 [TH]:10, In
2015-08-18 07:30:24 :  23> [G]:  31944 [E]:  70713 [D]:  549 [T]:31 [TH]: -, -
2015-08-18 07:30:28 :  24> [G]:  87796 [E]: 177843 [D]:  603 [T]:22 [TH]: 9, In
2015-08-18 07:30:32 :  25> [G]: 217805 [E]: 134365 [D]: 1425 [T]:17 [TH]: 9, In
2015-08-18 07:30:36 :  26> [G]:  40733 [E]:  62005 [D]: 1044 [T]:29 [TH]: 9, In
2015-08-18 07:30:40 :  27> [G]:  60941 [E]:  72366 [D]: 1278 [T]:31 [TH]: 9, In
2015-08-18 07:30:44 :  28> [G]: 107715 [E]: 122628 [D]: 1336 [T]:31 [TH]: 9, In
2015-08-18 07:30:48 :  29> [G]:  37670 [E]:   1495 [D]:  588 [T]:26 [TH]: 9, In
2015-08-18 07:30:52 :  30> [G]:  50325 [E]:  21188 [D]:  383 [T]:27 [TH]:10, In
2015-08-18 07:30:56 :  31> [G]:  16635 [E]: 132942 [D]:  457 [T]:19 [TH]: 9, In
2015-08-18 07:31:01 :  32> [G]: 106388 [E]:  34174 [D]:  510 [T]:26 [TH]:10, In
2015-08-18 07:31:07 :  33> [G]:  97595 [E]:  37190 [D]: 1702 [T]:31 [TH]:10, In
2015-08-18 07:31:11 :  34> [G]:  62108 [E]:  63489 [D]: 1189 [T]:23 [TH]: 9, In
2015-08-18 07:31:15 :  35> [G]: 287537 [E]: 147208 [D]:  709 [T]:19 [TH]: 9, In
2015-08-18 07:31:20 :  36> [G]:  67609 [E]:  98502 [D]:  737 [T]:14 [TH]:10, In
2015-08-18 07:31:23 :  37> [G]: 116527 [E]:  30876 [D]:  787 [T]:13 [TH]: 9, In
2015-08-18 07:31:28 :  38> [G]:  12007 [E]:  91941 [D]: 1276 [T]:13 [TH]: 9, In
2015-08-18 07:31:31 :  39> [G]:  57644 [E]:  37830 [D]:  428 [T]:28 [TH]: 9, In
2015-08-18 07:31:35 :  40> [G]:  15773 [E]: 168139 [D]:  622 [T]:19 [TH]: 9, In
2015-08-18 07:31:40 :  41> [G]:  44185 [E]: 108941 [D]:  601 [T]:13 [TH]: 9, In
2015-08-18 07:31:43 :  42> [G]:  14754 [E]:  57537 [D]: 1113 [T]:15 [TH]: 9, In
2015-08-18 07:31:48 :  43> [G]:  91402 [E]:  37917 [D]:  623 [T]:32 [TH]:10, In
2015-08-18 07:31:52 :  44> [G]:  98592 [E]:  59522 [D]: 1085 [T]:14 [TH]: 9, In
2015-08-18 07:31:59 :  45> [G]: 140582 [E]: 296177 [D]:  354 [T]:29 [TH]:10, In
2015-08-18 07:32:04 :  46> [G]:  55446 [E]: 106199 [D]:  916 [T]:24 [TH]:10, In
2015-08-18 07:32:08 :  47> [G]:  91487 [E]: 115919 [D]:  612 [T]:13 [TH]: 9, In
2015-08-18 07:32:12 :  48> [G]:  72510 [E]:  51748 [D]:  842 [T]: 7 [TH]: 8, In
2015-08-18 07:32:12 : ~~~~~~~~~~~~~~~~ Live Base Found! ~~~~~~~~~~~~~~~~
2015-08-18 07:32:12 : ================ Search Complete =================
2015-08-18 07:32:12 : Initiating attack for: Live Base
2015-08-18 07:32:15 : -Barbarians 95
2015-08-18 07:32:15 : -Archers 125
2015-08-18 07:32:15 : -Clan Castle 
2015-08-18 07:32:15 : -King 
2015-08-18 07:32:15 : -Heal Spells 4
2015-08-18 07:32:15 :  ====== Start Attack ====== 
2015-08-18 07:32:17 : Attacking with four fingers
2015-08-18 07:32:18 : Dropping only wave of 95 Barbarians
2015-08-18 07:32:23 : Dropping only wave of 125 Archers
2015-08-18 07:32:30 : Dropping Clan Castle
2015-08-18 07:32:31 : Dropping King
2015-08-18 07:32:32 : Dropping left over troops
2015-08-18 07:32:32 : Checking remaining unused troops for: Live Base
2015-08-18 07:32:34 : -Clan Castle 
2015-08-18 07:32:34 : -Heal Spells 4
2015-08-18 07:32:43 : Checking remaining unused troops for: Live Base
2015-08-18 07:32:46 : -Clan Castle 
2015-08-18 07:32:46 : -Heal Spells 4
2015-08-18 07:32:54 : Finished Attacking, waiting for the battle to end
2015-08-18 07:32:54 : Checking if the battle has finished
2015-08-18 07:32:55 : One Star Reach, exit
2015-08-18 07:32:56 : Activating King's power to restore some health before EndBattle
2015-08-18 07:32:56 : Returning Home
2015-08-18 07:33:01 : Loot: [G]: 9 380 [E]: 11 095 [DE]: 18 [T]: 2
2015-08-18 07:33:02 : Bonus [G]: 100 000 [E]: 100 000 [DE]: 500
2015-08-18 07:33:04 : Your league level is: Master III
2015-08-18 07:33:04 : Stars earned: 1
2015-08-18 07:33:12 : Trying to locate Main Screen
2015-08-18 07:33:12 : Main Screen Located
2015-08-18 07:33:14 : Village Report
2015-08-18 07:33:14 : No. of Free/Total Builders: 0/4
2015-08-18 07:33:14 :  [T]: 2 629
2015-08-18 07:33:14 :  [G]: 5 414 361 [E]: 4 595 326 [D]: 6 780 [GEM]: 57
2015-08-18 07:33:14 : Collecting Resources
2015-08-18 07:33:25 : Chat Request: drag po plsss
2015-08-18 07:33:25 : Dragons Keyword found: drag
2015-08-18 07:33:28 : No Dragons available to donate..
2015-08-18 07:33:31 : Checking Army Camp...
2015-08-18 07:33:33 : Total Army Camp capacity: 51/220
2015-08-18 07:33:34 :  - No. of Archers: 51
2015-08-18 07:33:34 : Training Troops...
2015-08-18 07:33:43 : Spell Factory Full
2015-08-18 07:33:45 : 0
2015-08-18 07:33:46 : Requesting Clan Castle Troops
2015-08-18 07:33:52 : ====== Waiting for full army ======
2015-08-18 07:34:04 : Checking Army Camp...
2015-08-18 07:34:06 : Total Army Camp capacity: 56/220
2015-08-18 07:34:07 :  - No. of Archers: 56
2015-08-18 07:34:08 : Training Troops...
2015-08-18 07:34:16 : Spell Factory Full
2015-08-18 07:34:18 : Time Idle: 00:00:25
2015-08-18 07:34:18 : ====== Waiting for full army ======
2015-08-18 07:34:30 : Checking Army Camp...
2015-08-18 07:34:32 : Total Army Camp capacity: 60/220
2015-08-18 07:34:33 :  - No. of Archers: 60
2015-08-18 07:34:34 : Training Troops...
2015-08-18 07:34:42 : Spell Factory Full
2015-08-18 07:34:44 : Time Idle: 00:00:51
2015-08-18 07:34:44 : ====== Waiting for full army ======
2015-08-18 07:34:56 : Checking Army Camp...
2015-08-18 07:34:58 : Total Army Camp capacity: 64/220
2015-08-18 07:34:59 :  - No. of Archers: 64
2015-08-18 07:35:00 : Training Troops...
2015-08-18 07:35:08 : Spell Factory Full
2015-08-18 07:35:10 : Time Idle: 00:01:17
2015-08-18 07:35:10 : ====== Waiting for full army ======
2015-08-18 07:35:22 : Checking Army Camp...
2015-08-18 07:35:24 : Total Army Camp capacity: 68/220
2015-08-18 07:35:25 :  - No. of Archers: 68
2015-08-18 07:35:25 : Training Troops...
2015-08-18 07:35:34 : Spell Factory Full
2015-08-18 07:35:36 : Time Idle: 00:01:42
2015-08-18 07:35:36 : ====== Waiting for full army ======
2015-08-18 07:35:48 : Checking Army Camp...
2015-08-18 07:35:50 : Total Army Camp capacity: 72/220
2015-08-18 07:35:51 :  - No. of Archers: 72
2015-08-18 07:35:52 : Training Troops...
2015-08-18 07:36:00 : Spell Factory Full
2015-08-18 07:36:02 : Time Idle: 00:02:08
2015-08-18 07:36:02 : ====== Waiting for full army ======
2015-08-18 07:36:14 : Checking Army Camp...
2015-08-18 07:36:15 : Total Army Camp capacity: 76/220
2015-08-18 07:36:17 :  - No. of Archers: 76
2015-08-18 07:36:17 : Training Troops...
2015-08-18 07:36:25 : Spell Factory Full
2015-08-18 07:36:27 : Time Idle: 00:02:33
2015-08-18 07:36:28 : ====== Waiting for full army ======
2015-08-18 07:36:39 : Checking Army Camp...
2015-08-18 07:36:41 : Total Army Camp capacity: 80/220
2015-08-18 07:36:42 :  - No. of Archers: 80
2015-08-18 07:36:43 : Training Troops...
2015-08-18 07:36:51 : Spell Factory Full
2015-08-18 07:36:53 : Time Idle: 00:02:59
2015-08-18 07:36:54 : ====== Waiting for full army ======
2015-08-18 07:37:05 : Checking Army Camp...
2015-08-18 07:37:07 : Total Army Camp capacity: 84/220
2015-08-18 07:37:08 :  - No. of Archers: 84
2015-08-18 07:37:09 : Training Troops...
2015-08-18 07:37:17 : Spell Factory Full
2015-08-18 07:37:19 : Time Idle: 00:03:25
2015-08-18 07:37:20 : ====== Waiting for full army ======
2015-08-18 07:37:31 : Checking Army Camp...
2015-08-18 07:37:33 : Total Army Camp capacity: 88/220
2015-08-18 07:37:34 :  - No. of Archers: 88
2015-08-18 07:37:35 : Training Troops...
2015-08-18 07:37:43 : Spell Factory Full
2015-08-18 07:37:45 : Time Idle: 00:03:50
2015-08-18 07:37:45 : ====== Waiting for full army ======
2015-08-18 07:37:47 : Chat Request: super guard pls
2015-08-18 07:37:47 : Custom Donation Keyword found: guard
2015-08-18 07:37:50 : No Giants available to donate..
2015-08-18 07:37:54 : No Minions available to donate..
2015-08-18 07:37:54 : Donating 6 Archers
2015-08-18 07:37:56 : Chat Request: drag po plsss
2015-08-18 07:37:56 : Dragons Keyword found: drag
2015-08-18 07:38:00 : No Dragons available to donate..
2015-08-18 07:38:12 : Checking Army Camp...
2015-08-18 07:38:14 : Total Army Camp capacity: 90/220
2015-08-18 07:38:15 :  - No. of Archers: 90
2015-08-18 07:38:16 : Training Troops...
2015-08-18 07:38:24 : Spell Factory Full
2015-08-18 07:38:26 : Time Idle: 00:04:31
2015-08-18 07:38:26 : ====== Waiting for full army ======
2015-08-18 07:38:38 : Collecting Resources
2015-08-18 07:38:47 : Checking Army Camp...
2015-08-18 07:38:48 : Total Army Camp capacity: 94/220
2015-08-18 07:38:50 :  - No. of Archers: 94
2015-08-18 07:38:50 : Training Troops...
2015-08-18 07:38:58 : Spell Factory Full
2015-08-18 07:39:00 : Time Idle: 00:05:05
2015-08-18 07:39:01 : ====== Waiting for full army ======
2015-08-18 07:39:12 : Checking Army Camp...
2015-08-18 07:39:14 : Total Army Camp capacity: 99/220
2015-08-18 07:39:15 :  - No. of Archers: 99
2015-08-18 07:39:16 : Training Troops...
2015-08-18 07:39:27 : Spell Factory Full
2015-08-18 07:39:29 : Time Idle: 00:05:33
2015-08-18 07:39:29 : ====== Waiting for full army ======
2015-08-18 07:39:41 : Checking Army Camp...
2015-08-18 07:39:43 : Total Army Camp capacity: 105/220
2015-08-18 07:39:44 :  - No. of Barbarians: 3
2015-08-18 07:39:44 :  - No. of Archers: 102
2015-08-18 07:39:45 : Training Troops...
2015-08-18 07:39:56 : Spell Factory Full
2015-08-18 07:39:58 : Time Idle: 00:06:02
2015-08-18 07:39:58 : ====== Waiting for full army ======
2015-08-18 07:40:10 : Checking Army Camp...
2015-08-18 07:40:12 : Total Army Camp capacity: 110/220
2015-08-18 07:40:13 :  - No. of Barbarians: 8
2015-08-18 07:40:13 :  - No. of Archers: 102
2015-08-18 07:40:14 : Training Troops...
2015-08-18 07:40:25 : Spell Factory Full
2015-08-18 07:40:27 : Time Idle: 00:06:31
2015-08-18 07:40:27 : ====== Waiting for full army ======
2015-08-18 07:40:39 : Checking Army Camp...
2015-08-18 07:40:41 : Total Army Camp capacity: 116/220
2015-08-18 07:40:42 :  - No. of Barbarians: 14
2015-08-18 07:40:42 :  - No. of Archers: 102
2015-08-18 07:40:43 : Training Troops...
2015-08-18 07:40:54 : Spell Factory Full
2015-08-18 07:40:56 : Time Idle: 00:06:59
2015-08-18 07:40:56 : ====== Waiting for full army ======
2015-08-18 07:41:08 : Checking Army Camp...
2015-08-18 07:41:10 : Total Army Camp capacity: 122/220
2015-08-18 07:41:12 : Training Troops...
2015-08-18 07:41:23 : Spell Factory Full
2015-08-18 07:41:25 : Time Idle: 00:07:28
2015-08-18 07:41:25 : ====== Waiting for full army ======
2015-08-18 07:41:37 : Checking Army Camp...
2015-08-18 07:41:39 : Total Army Camp capacity: 128/220
2015-08-18 07:41:40 :  - No. of Barbarians: 26
2015-08-18 07:41:40 :  - No. of Archers: 102
2015-08-18 07:41:41 : Training Troops...
2015-08-18 07:41:52 : Spell Factory Full
2015-08-18 07:41:54 : Time Idle: 00:07:57
2015-08-18 07:41:54 : ====== Waiting for full army ======
2015-08-18 07:42:06 : Checking Army Camp...
2015-08-18 07:42:08 : Total Army Camp capacity: 134/220
2015-08-18 07:42:09 :  - No. of Barbarians: 32
2015-08-18 07:42:09 :  - No. of Archers: 102
2015-08-18 07:42:10 : Training Troops...
2015-08-18 07:42:21 : Spell Factory Full
2015-08-18 07:42:23 : Time Idle: 00:08:26
2015-08-18 07:42:24 : ====== Waiting for full army ======
2015-08-18 07:42:35 : Checking Army Camp...
