2015-08-17 12:44:09 :  Clash Game Bot v4.1.1-6 merge Powered by GameBot.org 
2015-08-17 12:44:09 : GameBot.org.exe Executable running on WIN_7 Service Pack 1 X64
2015-08-17 12:44:09 : =================== Bot Start ====================
2015-08-17 12:44:09 : -------------------------  Current Profile: 01 --------------------------
2015-08-17 12:44:09 : Trying to locate Main Screen
2015-08-17 12:44:09 : Main Screen Located
2015-08-17 12:44:10 : Detecting your Buildings..
2015-08-17 12:44:18 : Language setting is English: Correct.
2015-08-17 12:44:19 : Trying to locate Main Screen
2015-08-17 12:44:19 : Main Screen Located
2015-08-17 12:44:21 : Village Report
2015-08-17 12:44:21 : No. of Free/Total Builders: 0/4
2015-08-17 12:44:21 :  [T]: 2 721
2015-08-17 12:44:21 :  [G]: 3 149 077 [E]: 3 294 361 [D]: 27 069 [GEM]: 57
2015-08-17 12:44:22 : Collecting Resources
2015-08-17 12:44:32 : Chat Request: any high
2015-08-17 12:44:32 : Custom Donation Keyword found: any
2015-08-17 12:44:35 : No Hog Riders available to donate..
2015-08-17 12:44:39 : No Balloons available to donate..
2015-08-17 12:44:39 : Donating 6 Archers
2015-08-17 12:44:42 : Checking Army Camp...
2015-08-17 12:44:44 : Total Army Camp capacity: 218/220
2015-08-17 12:44:46 :  - No. of Barbarians: 14
2015-08-17 12:44:46 :  - No. of Archers: 108
2015-08-17 12:44:47 :  - No. of Goblins: 91
2015-08-17 12:44:47 :  - No. of Giants: 1
2015-08-17 12:44:47 : Barracks and Spell factory status: 
2015-08-17 12:44:47 : - Barracks detected: 4 | Available: 4 | Upgrading: 0
2015-08-17 12:44:47 : - Dark Barracks detected: 2 | Available: 2 | Upgrading: 0
2015-08-17 12:44:47 : - Spell factory detected: 1 | Available: 1 | Upgrading: 0
2015-08-17 12:44:47 : - Dark Spell factory detected: 1 | Available: 1 | Upgrading: 0
2015-08-17 12:44:47 : Training Troops...
2015-08-17 12:45:06 : Spell Factory Full
2015-08-17 12:45:08 : 0
2015-08-17 12:45:10 : Requesting Clan Castle Troops
2015-08-17 12:45:11 : Your Clan Castle is already full or you are not in a clan.
2015-08-17 12:45:12 : ====== Waiting for full army ======
2015-08-17 12:45:25 : Checking Army Camp...
2015-08-17 12:45:27 : Total Army Camp capacity: 219/220
2015-08-17 12:45:28 :  - No. of Barbarians: 15
2015-08-17 12:45:28 :  - No. of Archers: 108
2015-08-17 12:45:28 :  - No. of Goblins: 91
2015-08-17 12:45:28 :  - No. of Giants: 1
2015-08-17 12:45:29 : Training Troops...
2015-08-17 12:45:30 : Your Army Camps are now Full
2015-08-17 12:45:30 : Too few Arch, train first.
2015-08-17 12:45:30 : Too few Barb, train first.
2015-08-17 12:45:30 : Too many Gobl, train last.
2015-08-17 12:45:57 : Spell Factory not found...
2015-08-17 12:45:59 : Going to Attack...
2015-08-17 12:46:05 : ============== Searching For Dead Base ===============
2015-08-17 12:46:05 : ~~~~~~~~~~~~~~~ SEARCH CONDITIONS ~~~~~~~~~~~~~~~~
2015-08-17 12:46:05 : Meet: Gold and Elixir, Dark, Max TH 8
2015-08-17 12:46:05 : ~~~~~~~~~~~~~~ RESOURCE CONDITIONS ~~~~~~~~~~~~~~~
2015-08-17 12:46:05 : Aim: [G]: 300000 [E]: 300000 [D]: 3000 [T]: 0 [TH]: 8 for: Dead Base
2015-08-17 12:46:05 : ============== Searching For Live Base ===============
2015-08-17 12:46:05 : ~~~~~~~~~~~~~~~ SEARCH CONDITIONS ~~~~~~~~~~~~~~~~
2015-08-17 12:46:05 : Meet: Gold and Elixir, Dark, Max TH 8
2015-08-17 12:46:05 : ~~~~~~~~~~~~~~ RESOURCE CONDITIONS ~~~~~~~~~~~~~~~
2015-08-17 12:46:05 : Aim: [G]: 500000 [E]: 500000 [D]: 5000 [T]: 0 [TH]: 8 for: Live Base
2015-08-17 12:46:05 : ~~~~~~~~~~~~~~~ ADVANCED SETTINGS ~~~~~~~~~~~~~~~~
2015-08-17 12:46:05 : THSnipe Combo, 6 Tile(s), , Attack6:PB6
2015-08-17 12:46:05 : ==================================================
2015-08-17 12:46:08 :   1> [G]:  55062 [E]:  20501 [D]:  907 [T]:13 [TH]:10, In
2015-08-17 12:46:14 :   2> [G]: 138361 [E]: 168217 [D]: 1053 [T]:14 [TH]: 9, In
2015-08-17 12:46:18 :   3> [G]:  36332 [E]: 110306 [D]:  530 [T]:22 [TH]: 9, In
2015-08-17 12:46:22 :   4> [G]:  65923 [E]:   3198 [D]:  636 [T]:19 [TH]: 9, In
2015-08-17 12:46:26 :   5> [G]:  67780 [E]: 161275 [D]:  899 [T]:18 [TH]: 9, In
2015-08-17 12:46:30 :   6> [G]: 107954 [E]: 203351 [D]:  887 [T]:29 [TH]: 9, In
2015-08-17 12:46:34 :   7> [G]:   6746 [E]:  65389 [D]:   23 [T]:21 [TH]: 9, In
2015-08-17 12:46:39 :   8> [G]:   8347 [E]:  62801 [D]: 1146 [T]:16 [TH]: 9, In
2015-08-17 12:46:45 :   9> [G]:  58244 [E]:  64230 [D]:  820 [T]:18 [TH]:10, In
2015-08-17 12:46:50 :  10> [G]:  18866 [E]:  25169 [D]:  759 [T]:15 [TH]: 9, In
2015-08-17 12:46:54 :  11> [G]:  23066 [E]:  67062 [D]:  800 [T]:15 [TH]: 9, In
2015-08-17 12:46:59 :  12> [G]:  76827 [E]: 171829 [D]:  457 [T]:33 [TH]: 9, In
2015-08-17 12:47:05 :  13> [G]: 175381 [E]: 227829 [D]: 1337 [T]:14 [TH]: 9, In
2015-08-17 12:47:09 :  14> [G]:  10240 [E]:  62348 [D]:   43 [T]:17 [TH]: 9, In
2015-08-17 12:47:15 :  15> [G]:  69307 [E]:  90931 [D]: 1991 [T]:15 [TH]:10, In
2015-08-17 12:47:19 :  16> [G]: 120323 [E]:  16830 [D]:  867 [T]:25 [TH]: 9, In
2015-08-17 12:47:23 :  17> [G]:  79362 [E]:  98687 [D]:  864 [T]:15 [TH]: 9, In
2015-08-17 12:47:27 :  18> [G]:  55824 [E]: 118691 [D]: 1241 [T]:11 [TH]: 9, In
2015-08-17 12:47:31 : Checking Trapped TH
2015-08-17 12:47:32 : Mortar Found
2015-08-17 12:47:32 :  19> [G]:  93348 [E]: 190071 [D]:  811 [T]:10 [TH]: 9, Out
2015-08-17 12:47:32 : Mortar found near TH, skipping...
2015-08-17 12:47:32 : Trap found, skipping base...
2015-08-17 12:47:39 :  20> [G]: 115930 [E]:  19847 [D]: 1045 [T]:17 [TH]:10, In
2015-08-17 12:47:43 :  21> [G]:  72898 [E]:  71710 [D]:  775 [T]:15 [TH]: 9, In
2015-08-17 12:47:47 :  22> [G]:  39057 [E]:  63174 [D]:  181 [T]:23 [TH]: 9, In
2015-08-17 12:47:52 :  23> [G]:  84537 [E]: 103384 [D]:  358 [T]:22 [TH]: 9, In
2015-08-17 12:47:58 :  24> [G]: 201449 [E]: 180172 [D]:  757 [T]:27 [TH]:10, In
2015-08-17 12:48:02 :  25> [G]:  24339 [E]:  86261 [D]:  627 [T]:23 [TH]: 9, In
2015-08-17 12:48:08 :  26> [G]:  41123 [E]: 190620 [D]:  728 [T]:30 [TH]:10, In
2015-08-17 12:48:15 :  27> [G]:  29594 [E]: 177245 [D]: 1956 [T]:27 [TH]:10, In
2015-08-17 12:48:20 :  28> [G]:   1749 [E]:   7178 [D]:  418 [T]:20 [TH]: 9, In
2015-08-17 12:48:27 :  29> [G]:  53482 [E]: 170345 [D]: 1422 [T]:17 [TH]:10, In
2015-08-17 12:48:33 :  30> [G]:  41344 [E]:  56898 [D]: 1163 [T]:27 [TH]:10, In
2015-08-17 12:48:36 :  31> [G]:  68486 [E]:  24525 [D]:  978 [T]:16 [TH]: 9, In
2015-08-17 12:48:41 :  32> [G]:  36738 [E]: 116662 [D]: 1196 [T]:21 [TH]: 9, In
2015-08-17 12:48:45 :  33> [G]:  85862 [E]:  80864 [D]:  102 [T]:19 [TH]: 9, In
2015-08-17 12:48:51 :  34> [G]:  22612 [E]:  54581 [D]: 2841 [T]:16 [TH]:10, In
2015-08-17 12:48:55 :  35> [G]: 153347 [E]:  73231 [D]:  958 [T]:20 [TH]: 9, In
2015-08-17 12:48:59 :  36> [G]: 192614 [E]:   8897 [D]:  240 [T]:16 [TH]: 9, In
2015-08-17 12:49:05 :  37> [G]: 110389 [E]:  84988 [D]: 1430 [T]:30 [TH]:10, In
2015-08-17 12:49:11 :  38> [G]:  10793 [E]: 102883 [D]: 2572 [T]:33 [TH]:10, In
2015-08-17 12:49:16 :  39> [G]:  21561 [E]:  56498 [D]: 1251 [T]:19 [TH]:10, In
2015-08-17 12:49:23 :  40> [G]: 338303 [E]: 153401 [D]:  893 [T]:24 [TH]:10, In
2015-08-17 12:49:27 :  41> [G]: 386261 [E]: 237748 [D]:  151 [T]:24 [TH]:10, In
2015-08-17 12:49:32 :  42> [G]:  60562 [E]:  70526 [D]:  469 [T]:34 [TH]: 9, In
2015-08-17 12:49:38 :  43> [G]: 195483 [E]: 163281 [D]: 1887 [T]:21 [TH]:10, In
2015-08-17 12:49:46 :  44> [G]:  37574 [E]: 176921 [D]:  595 [T]:33 [TH]:10, In
2015-08-17 12:49:50 :  45> [G]:  10059 [E]: 180305 [D]:  920 [T]: 7 [TH]: 9, In
2015-08-17 12:49:54 :  46> [G]:  79238 [E]: 126447 [D]:   99 [T]:25 [TH]: 9, In
2015-08-17 12:50:00 :  47> [G]: 211348 [E]:  70621 [D]: 1033 [T]:16 [TH]:10, In
2015-08-17 12:50:05 :  48> [G]:   8376 [E]:  46895 [D]:   92 [T]:22 [TH]: 9, In
2015-08-17 12:50:09 :  49> [G]: 126273 [E]:  83281 [D]: 1320 [T]:19 [TH]: 9, In
2015-08-17 12:50:13 :  50> [G]:  66243 [E]:  97480 [D]: 1203 [T]:17 [TH]: 9, In
2015-08-17 12:50:17 :  51> [G]: 142822 [E]:  94336 [D]:  773 [T]:10 [TH]: 9, In
2015-08-17 12:50:24 :  52> [G]:  15885 [E]: 143595 [D]:  250 [T]:24 [TH]:10, In
2015-08-17 12:50:28 :  53> [G]:   1363 [E]: 211297 [D]:   67 [T]:21 [TH]: 9, In
2015-08-17 12:50:32 : Checking Trapped TH
2015-08-17 12:50:33 : Mortar Found
2015-08-17 12:50:33 :  54> [G]:  56387 [E]:  33350 [D]:  598 [T]: 3 [TH]: 8, Out
2015-08-17 12:50:33 : Mortar found near TH, skipping...
2015-08-17 12:50:33 : Trap found, skipping base...
2015-08-17 12:50:37 :  55> [G]:  64362 [E]: 142585 [D]:  144 [T]: 4 [TH]: 8, In
2015-08-17 12:50:43 :  56> [G]:  67819 [E]:  48334 [D]: 2175 [T]:18 [TH]:10, In
2015-08-17 12:50:47 :  57> [G]:  24167 [E]:   4886 [D]:  274 [T]:17 [TH]: 9, In
2015-08-17 12:50:51 :  58> [G]:   9579 [E]:  50933 [D]:  527 [T]: 3 [TH]: 8, In
2015-08-17 12:50:55 :  59> [G]:   8979 [E]:  35726 [D]:  548 [T]: 3 [TH]: 8, In
2015-08-17 12:50:59 :  60> [G]:  22815 [E]:  39689 [D]:  366 [T]:14 [TH]:10, In
2015-08-17 12:51:05 :  61> [G]:  34212 [E]: 122055 [D]: 1113 [T]:28 [TH]:10, In
2015-08-17 12:51:09 :  62> [G]:  60780 [E]: 147441 [D]: 1281 [T]: 2 [TH]: 8, In
2015-08-17 12:51:15 :  63> [G]:  58143 [E]: 113985 [D]: 1843 [T]:14 [TH]: 9, In
2015-08-17 12:51:20 :  64> [G]: 111162 [E]: 185266 [D]: 2893 [T]:31 [TH]:10, In
2015-08-17 12:51:24 :  65> [G]:  11301 [E]:  29907 [D]:  487 [T]:21 [TH]:10, In
2015-08-17 12:51:29 :  66> [G]: 356430 [E]: 272185 [D]: 1691 [T]:17 [TH]:10, In
2015-08-17 12:51:33 :  67> [G]:  34468 [E]: 119868 [D]: 1467 [T]:14 [TH]: 9, In
2015-08-17 12:51:36 :  68> [G]:  52686 [E]:  71068 [D]:  385 [T]: 2 [TH]: 8, In
2015-08-17 12:51:41 :  69> [G]: 120531 [E]:  47635 [D]:  702 [T]:34 [TH]: 9, In
2015-08-17 12:51:45 :  70> [G]:  70609 [E]: 130883 [D]: 2133 [T]:24 [TH]:10, In
2015-08-17 12:51:49 :  71> [G]: 219735 [E]: 238471 [D]:  950 [T]:12 [TH]: 9, In
2015-08-17 12:51:52 :  72> [G]:  40881 [E]: 288940 [D]: 1152 [T]: 1 [TH]: 8, In
2015-08-17 12:51:58 :  73> [G]:  25200 [E]:  89624 [D]:  402 [T]:10 [TH]: 9, In
2015-08-17 12:52:02 :  74> [G]:  45267 [E]: 187973 [D]:  583 [T]:10 [TH]: 9, In
2015-08-17 12:52:06 :  75> [G]:  95012 [E]:  98591 [D]:  698 [T]: 1 [TH]: 8, In
2015-08-17 12:52:10 :  76> [G]:  49311 [E]:   9026 [D]:  353 [T]: 7 [TH]: 9, In
2015-08-17 12:52:14 :  77> [G]:  41008 [E]: 103746 [D]:  253 [T]:13 [TH]: 9, In
2015-08-17 12:52:18 :  78> [G]:  64416 [E]:  54161 [D]:  755 [T]: 1 [TH]: 8, In
2015-08-17 12:52:21 :  79> [G]:  14423 [E]: 102437 [D]:  726 [T]: 1 [TH]: 8, In
2015-08-17 12:52:25 :  80> [G]:  41689 [E]:  31905 [D]:  348 [T]: 8 [TH]: 8, In
2015-08-17 12:52:29 :  81> [G]:  32198 [E]:  53860 [D]:  711 [T]: 1 [TH]: 8, In
2015-08-17 12:52:33 :  82> [G]:  82703 [E]: 111487 [D]:    8 [T]: 1 [TH]: 8, In
2015-08-17 12:52:36 :  83> [G]:  26190 [E]:  84046 [D]:  742 [T]: 2 [TH]: 8, In
2015-08-17 12:52:40 :  84> [G]:  62506 [E]:  48304 [D]:  227 [T]:41 [TH]: 9, In
2015-08-17 12:52:44 :  85> [G]:  60939 [E]: 163240 [D]:  637 [T]: 8 [TH]: 9, In
2015-08-17 12:52:48 :  86> [G]:  50214 [E]:   9180 [D]:  250 [T]:16 [TH]: 9, In
2015-08-17 12:52:52 :  87> [G]:  64203 [E]: 132143 [D]: 1166 [T]:34 [TH]: 9, In
2015-08-17 12:52:56 :  88> [G]: 114557 [E]:  10526 [D]:  259 [T]: 3 [TH]: 8, In
2015-08-17 12:53:01 :  89> [G]:  66983 [E]:  30445 [D]:  272 [T]:28 [TH]: 9, In
2015-08-17 12:53:05 :  90> [G]:  59595 [E]: 263161 [D]:  596 [T]: 2 [TH]: 8, In
2015-08-17 12:53:09 :  91> [G]: 201265 [E]: 198748 [D]: 1155 [T]:27 [TH]:10, In
2015-08-17 12:53:13 :  92> [G]:  22011 [E]:  50542 [D]:  450 [T]: 1 [TH]: 8, In
2015-08-17 12:53:17 :  93> [G]: 309185 [E]: 161689 [D]: 1793 [T]:25 [TH]:10, In
2015-08-17 12:53:22 :  94> [G]:  41269 [E]:  86478 [D]:  215 [T]:27 [TH]:10, In
2015-08-17 12:53:25 :  95> [G]:  33982 [E]:  88211 [D]:  630 [T]: 1 [TH]: 8, In
2015-08-17 12:53:29 :  96> [G]:  25302 [E]:  24612 [D]:  745 [T]: 1 [TH]: 8, In
2015-08-17 12:53:34 :  97> [G]:  11959 [E]:  75207 [D]: 1095 [T]:17 [TH]: 9, In
2015-08-17 12:53:39 :  98> [G]:  89855 [E]:  96320 [D]: 1488 [T]:33 [TH]: 9, In
2015-08-17 12:53:42 :  99> [G]: 116398 [E]:  27304 [D]:  110 [T]: 1 [TH]: 8, In
2015-08-17 12:53:46 : 100> [G]:  17304 [E]:  23580 [D]:  551 [T]: 1 [TH]: 8, In
2015-08-17 12:53:51 : 101> [G]:  93008 [E]:  22520 [D]: 1149 [T]:16 [TH]: 9, In
2015-08-17 12:53:55 : 102> [G]:  23473 [E]:  20033 [D]:  698 [T]:19 [TH]: 9, In
2015-08-17 12:53:58 : 103> [G]:  76620 [E]:  26523 [D]:  470 [T]: 2 [TH]: 8, In
2015-08-17 12:54:02 : ClashGameBot was Paused!
