2015-08-17 15:36:01 :  Clash Game Bot v4.1.1-6 merge Powered by GameBot.org 
2015-08-17 15:36:01 : GameBot.org.exe Executable running on WIN_7 Service Pack 1 X64
2015-08-17 15:36:01 : =================== Bot Start ====================
2015-08-17 15:36:01 : -------------------------  Current Profile: 01 --------------------------
2015-08-17 15:36:01 : Trying to locate Main Screen
2015-08-17 15:36:03 : Waiting for Main Screen
2015-08-17 15:36:05 : Main Screen Located
2015-08-17 15:36:06 : Detecting your Buildings..
2015-08-17 15:36:12 : Language setting is English: Correct.
2015-08-17 15:36:14 : Trying to locate Main Screen
2015-08-17 15:36:14 : Main Screen Located
2015-08-17 15:36:15 : Village Report
2015-08-17 15:36:15 : No. of Free/Total Builders: 0/4
2015-08-17 15:36:15 :  [T]: 2 676
2015-08-17 15:36:15 :  [G]: 2 568 102 [E]: 3 071 409 [D]: 29 089 [GEM]: 57
2015-08-17 15:36:16 : Collecting Resources
2015-08-17 15:36:26 : Chat Request: drag
2015-08-17 15:36:26 : Dragons Keyword found: drag
2015-08-17 15:36:29 : No Dragons available to donate..
2015-08-17 15:36:31 : Checking Army Camp...
2015-08-17 15:36:33 : Total Army Camp capacity: 177/220
2015-08-17 15:36:34 :  - No. of Barbarians: 8
2015-08-17 15:36:35 :  - No. of Archers: 102
2015-08-17 15:36:35 :  - No. of Goblins: 8
2015-08-17 15:36:35 :  - No. of Giants: 11
2015-08-17 15:36:35 :  - No. of Wizards: 1
2015-08-17 15:36:35 : Barracks and Spell factory status: 
2015-08-17 15:36:35 : - Barracks detected: 4 | Available: 4 | Upgrading: 0
2015-08-17 15:36:35 : - Dark Barracks detected: 2 | Available: 2 | Upgrading: 0
2015-08-17 15:36:35 : - Spell factory detected: 1 | Available: 1 | Upgrading: 0
2015-08-17 15:36:35 : - Dark Spell factory detected: 1 | Available: 1 | Upgrading: 0
2015-08-17 15:36:36 : Training Troops...
2015-08-17 15:36:51 : Spell Factory Full
2015-08-17 15:36:53 : 0
2015-08-17 15:36:55 : Requesting Clan Castle Troops
2015-08-17 15:36:55 : Request has already been made
2015-08-17 15:36:57 : ====== Waiting for full army ======
2015-08-17 15:37:09 : Checking Army Camp...
2015-08-17 15:37:10 : Total Army Camp capacity: 177/220
2015-08-17 15:37:12 :  - No. of Barbarians: 8
2015-08-17 15:37:12 :  - No. of Archers: 102
2015-08-17 15:37:12 :  - No. of Goblins: 8
2015-08-17 15:37:12 :  - No. of Giants: 11
2015-08-17 15:37:12 :  - No. of Wizards: 1
2015-08-17 15:37:13 : Training Troops...
2015-08-17 15:37:24 : Spell Factory Full
2015-08-17 15:37:26 : Time Idle: 00:00:29
2015-08-17 15:37:27 : ====== Waiting for full army ======
2015-08-17 15:37:38 : Checking Army Camp...
2015-08-17 15:37:40 : Total Army Camp capacity: 177/220
2015-08-17 15:37:41 :  - No. of Barbarians: 8
2015-08-17 15:37:42 :  - No. of Archers: 102
2015-08-17 15:37:42 :  - No. of Goblins: 8
2015-08-17 15:37:42 :  - No. of Giants: 11
2015-08-17 15:37:42 :  - No. of Wizards: 1
2015-08-17 15:37:43 : Training Troops...
