2015-08-18 03:21:00 :  Clash Game Bot v4.1.1-6 merge Powered by GameBot.org 
2015-08-18 03:21:00 : GameBot.org.exe Executable running on WIN_7 Service Pack 1 X64
2015-08-18 03:21:00 : =================== Bot Start ====================
2015-08-18 03:21:00 : -------------------------  Current Profile: 01 --------------------------
2015-08-18 03:21:00 : Trying to locate Main Screen
2015-08-18 03:21:00 : Zooming Out
2015-08-18 03:21:04 : Main Screen Located
2015-08-18 03:21:05 : Detecting your Buildings..
2015-08-18 03:21:13 : Language setting is English: Correct.
2015-08-18 03:21:14 : Trying to locate Main Screen
2015-08-18 03:21:14 : Main Screen Located
2015-08-18 03:21:15 : ClashGameBot was Paused!
2015-08-18 03:21:43 : ClashGameBot was Resumed.
2015-08-18 03:21:44 : Village Report
2015-08-18 03:21:44 : No. of Free/Total Builders: 0/4
2015-08-18 03:21:44 :  [T]: 2 640
2015-08-18 03:21:44 :  [G]: 4 387 060 [E]: 3 729 504 [D]: 791 [GEM]: 57
2015-08-18 03:21:45 : Collecting Resources
2015-08-18 03:21:59 : Checking Army Camp...
2015-08-18 03:22:00 : Total Army Camp capacity: 166/220
2015-08-18 03:22:03 :  - No. of Barbarians: 33
2015-08-18 03:22:03 :  - No. of Archers: 81
2015-08-18 03:22:03 :  - No. of Minions: 26
2015-08-18 03:22:04 : Barracks and Spell factory status: 
2015-08-18 03:22:04 : - Barracks detected: 4 | Available: 4 | Upgrading: 0
2015-08-18 03:22:04 : - Dark Barracks detected: 2 | Available: 2 | Upgrading: 0
2015-08-18 03:22:04 : - Spell factory detected: 1 | Available: 1 | Upgrading: 0
2015-08-18 03:22:04 : - Dark Spell factory detected: 1 | Available: 1 | Upgrading: 0
2015-08-18 03:22:04 : Training Troops...
2015-08-18 03:22:09 : Set Max Troop in Barracks 0 to 60
2015-08-18 03:22:10 : Training 0 Archer/s
2015-08-18 03:22:17 : Set Max Troop in Barracks 1 to 75
2015-08-18 03:22:17 : Training 0 Archer/s
2015-08-18 03:22:23 : Set Max Troop in Barracks 2 to 60
2015-08-18 03:22:24 : Training 0 Archer/s
2015-08-18 03:22:29 : Set Max Troop in Barracks 3 to 60
2015-08-18 03:22:30 : Training 0 Barb/s
2015-08-18 03:22:44 : Spell Factory Full
2015-08-18 03:22:46 : 0
2015-08-18 03:22:47 : Requesting Clan Castle Troops
2015-08-18 03:22:53 : ====== Waiting for full army ======
2015-08-18 03:23:05 : ====== Army more than 20% ======
2015-08-18 03:23:05 : Checking Army Camp...
2015-08-18 03:23:07 : Total Army Camp capacity: 175/220
2015-08-18 03:23:08 :  - No. of Barbarians: 37
2015-08-18 03:23:08 :  - No. of Archers: 86
2015-08-18 03:23:08 :  - No. of Minions: 26
2015-08-18 03:23:09 : Training Troops...
2015-08-18 03:23:11 : Training 55 Archer/s
2015-08-18 03:23:14 : Training 2 Archer/s
2015-08-18 03:23:17 : Training 55 Archer/s
2015-08-18 03:23:20 : Training 2 Barb/s
2015-08-18 03:23:32 : Spell Factory Full
2015-08-18 03:23:33 : Requesting Clan Castle Troops
2015-08-18 03:23:34 : Request has already been made
2015-08-18 03:23:36 : Time Idle: 00:00:42
2015-08-18 03:23:36 : ====== Waiting for full army ======
2015-08-18 03:23:37 : ClashGameBot was Paused!
2015-08-18 03:26:33 : ClashGameBot was Resumed.
2015-08-18 03:26:43 : ====== Army more than 40% ======
2015-08-18 03:26:43 : Checking Army Camp...
2015-08-18 03:26:45 : Total Army Camp capacity: 220/220
2015-08-18 03:26:46 :  - No. of Barbarians: 45
2015-08-18 03:26:47 :  - No. of Archers: 107
2015-08-18 03:26:47 :  - No. of Minions: 34
2015-08-18 03:26:47 : Training Troops...
2015-08-18 03:26:48 : Your Army Camps are now Full
2015-08-18 03:26:49 : Training 7 Archer/s
2015-08-18 03:26:53 : Training 69 Archer/s
2015-08-18 03:26:56 : Training 6 Archer/s
2015-08-18 03:26:59 : Training 8 Barb/s
2015-08-18 03:27:17 : Spell Factory not found...
2015-08-18 03:27:18 : Requesting Clan Castle Troops
2015-08-18 03:27:18 : Request has already been made
2015-08-18 03:27:21 : Going to Attack...
2015-08-18 03:27:26 : ============== Searching For Dead Base ===============
2015-08-18 03:27:26 : ~~~~~~~~~~~~~~~ SEARCH CONDITIONS ~~~~~~~~~~~~~~~~
2015-08-18 03:27:26 : Meet: Gold or Elixir, Max TH 8
2015-08-18 03:27:27 : ~~~~~~~~~~~~~~ RESOURCE CONDITIONS ~~~~~~~~~~~~~~~
2015-08-18 03:27:27 : Aim: [G]:      0 [E]:      0 [D]:    0 [T]: 0 [TH]: 8 for: Dead Base
2015-08-18 03:27:27 : ============== Searching For Live Base ===============
2015-08-18 03:27:27 : ~~~~~~~~~~~~~~~ SEARCH CONDITIONS ~~~~~~~~~~~~~~~~
2015-08-18 03:27:27 : Meet: Gold or Elixir, Max TH 8
2015-08-18 03:27:27 : ~~~~~~~~~~~~~~ RESOURCE CONDITIONS ~~~~~~~~~~~~~~~
2015-08-18 03:27:27 : Aim: [G]:      0 [E]:      0 [D]:    0 [T]: 0 [TH]: 8 for: Live Base
2015-08-18 03:27:27 : ~~~~~~~~~~~~~~~ ADVANCED SETTINGS ~~~~~~~~~~~~~~~~
2015-08-18 03:27:27 : THSnipe Combo, 4 Tile(s), AttackTH, Attack5:MasterGiBAM
2015-08-18 03:27:27 : ==================================================
2015-08-18 03:27:29 :   1> [G]:  52150 [E]:  13030 [D]: 1044 [T]:34 [TH]:10, In
2015-08-18 03:27:37 :   2> [G]:  43996 [E]:  66305 [D]:  914 [T]:16 [TH]:10, In
2015-08-18 03:27:40 :   3> [G]:  84274 [E]:  31217 [D]:  327 [T]:16 [TH]: 9, In
2015-08-18 03:27:47 :   4> [G]:  42657 [E]:  37711 [D]:  503 [T]:27 [TH]:10, In
2015-08-18 03:27:52 :   5> [G]:  93420 [E]:  37358 [D]: 1329 [T]:15 [TH]: 9, In
2015-08-18 03:27:55 :   6> [G]:  70721 [E]:  20769 [D]: 1230 [T]:13 [TH]: 9, In
2015-08-18 03:28:00 :   7> [G]:  67144 [E]:  38441 [D]:  481 [T]:25 [TH]: 9, In
2015-08-18 03:28:06 :   8> [G]: 114815 [E]: 169111 [D]:  760 [T]:29 [TH]:10, In
2015-08-18 03:28:12 :   9> [G]:  41435 [E]:  88107 [D]:  284 [T]:32 [TH]:10, In
2015-08-18 03:28:16 :  10> [G]:  68597 [E]:  81099 [D]:  374 [T]:22 [TH]:10, In
2015-08-18 03:28:23 :  11> [G]:  35521 [E]: 114862 [D]:  724 [T]:25 [TH]:10, In
2015-08-18 03:28:27 :  12> [G]:  13419 [E]:  57995 [D]:  579 [T]:28 [TH]: 9, In
2015-08-18 03:28:32 :  13> [G]:  75856 [E]:  73133 [D]:  670 [T]:24 [TH]: 9, In
2015-08-18 03:28:36 :  14> [G]:  57241 [E]: 178085 [D]: 1350 [T]:26 [TH]: 9, In
2015-08-18 03:28:41 :  15> [G]:  50205 [E]: 127038 [D]:  801 [T]:19 [TH]:10, In
2015-08-18 03:28:45 :  16> [G]:  32735 [E]: 106974 [D]: 1071 [T]:17 [TH]: 9, In
2015-08-18 03:28:49 :  17> [G]: 133584 [E]:   1655 [D]:  143 [T]:14 [TH]: 9, In
2015-08-18 03:28:53 :  18> [G]:  41204 [E]: 176735 [D]: 1073 [T]:13 [TH]: 9, In
2015-08-18 03:29:00 :  19> [G]:  82784 [E]:  75268 [D]:  801 [T]:25 [TH]:10, In
2015-08-18 03:29:05 :  20> [G]:  23049 [E]: 124754 [D]:  508 [T]:29 [TH]: 9, In
2015-08-18 03:29:09 :  21> [G]: 149156 [E]: 146443 [D]: 1003 [T]:17 [TH]:10, In
2015-08-18 03:29:16 :  22> [G]: 106842 [E]:  26898 [D]:  104 [T]:28 [TH]:10, In
2015-08-18 03:29:20 :  23> [G]:  45504 [E]: 149436 [D]: 2058 [T]:17 [TH]: 9, In
2015-08-18 03:29:24 :  24> [G]: 149891 [E]:   6981 [D]: 1434 [T]:27 [TH]: 9, In
2015-08-18 03:29:30 :  25> [G]: 265241 [E]: 262165 [D]: 1168 [T]:13 [TH]: 9, In
2015-08-18 03:29:34 :  26> [G]:   3107 [E]:   3530 [D]:  533 [T]:33 [TH]: 9, In
2015-08-18 03:29:40 :  27> [G]:  55120 [E]:  31247 [D]:  764 [T]:15 [TH]: 9, In
2015-08-18 03:29:44 :  28> [G]: 105359 [E]:  34420 [D]:  125 [T]:22 [TH]: 9, In
2015-08-18 03:29:51 :  29> [G]: 151693 [E]: 150989 [D]:  510 [T]:13 [TH]: 9, In
2015-08-18 03:29:55 :  30> [G]:  52188 [E]:  38949 [D]: 1126 [T]:32 [TH]: 9, In
2015-08-18 03:29:59 :  31> [G]:  62659 [E]: 111149 [D]:  585 [T]: 7 [TH]: 8, In
2015-08-18 03:29:59 : ~~~~~~~~~~~~~~~~ Live Base Found! ~~~~~~~~~~~~~~~~
2015-08-18 03:29:59 : ================ Search Complete =================
2015-08-18 03:29:59 : Initiating attack for: Live Base
2015-08-18 03:30:02 : -Barbarians 45
2015-08-18 03:30:02 : -Archers 107
2015-08-18 03:30:02 : -Minions 34
2015-08-18 03:30:02 : -Heal Spells 4
2015-08-18 03:30:02 :  ====== Start Attack ====== 
