2015-08-17 11:08:00 :  Clash Game Bot v4.1.1-6 merge Powered by GameBot.org 
2015-08-17 11:08:00 : GameBot.org.exe Executable running on WIN_7 Service Pack 1 X64
2015-08-17 11:08:00 : =================== Bot Start ====================
2015-08-17 11:08:00 : -------------------------  Current Profile: 01 --------------------------
2015-08-17 11:08:00 : Trying to locate Main Screen
2015-08-17 11:08:00 : Main Screen Located
2015-08-17 11:08:01 : Detecting your Buildings..
2015-08-17 11:08:08 : Bad Army Camp location
2015-08-17 11:08:08 : Locating Army Camp...
2015-08-17 11:08:18 : Army Camp: (386,490)
2015-08-17 11:08:23 : $TotalCamp = 220
2015-08-17 11:08:27 : Language setting is English: Correct.
2015-08-17 11:08:28 : Trying to locate Main Screen
2015-08-17 11:08:28 : Main Screen Located
2015-08-17 11:08:29 : Village Report
2015-08-17 11:08:29 : No. of Free/Total Builders: 0/4
2015-08-17 11:08:29 :  [T]: 2 703
2015-08-17 11:08:30 :  [G]: 3 099 528 [E]: 3 010 681 [D]: 25 487 [GEM]: 57
2015-08-17 11:08:30 : Collecting Resources
2015-08-17 11:08:43 : Chat Request: hogs
2015-08-17 11:08:43 : Hog Riders Keyword found: hog
2015-08-17 11:08:46 : No Hog Riders available to donate..
2015-08-17 11:08:48 : Checking Army Camp...
2015-08-17 11:08:50 : Total Army Camp capacity: 220/220
