2015-08-17 14:34:25 :  Clash Game Bot v4.1.1-6 merge Powered by GameBot.org 
2015-08-17 14:34:25 : GameBot.org.exe Executable running on WIN_7 Service Pack 1 X64
2015-08-17 14:34:25 : =================== Bot Start ====================
2015-08-17 14:34:25 : -------------------------  Current Profile: 01 --------------------------
2015-08-17 14:34:25 : Trying to locate Main Screen
2015-08-17 14:34:28 : Waiting for Main Screen
2015-08-17 14:34:28 : Main Screen Located
2015-08-17 14:34:29 : Detecting your Buildings..
2015-08-17 14:34:35 : Language setting is English: Correct.
2015-08-17 14:34:36 : Trying to locate Main Screen
2015-08-17 14:34:36 : Main Screen Located
2015-08-17 14:34:38 : Village Report
2015-08-17 14:34:38 : No. of Free/Total Builders: 0/4
2015-08-17 14:34:38 :  [T]: 2 712
2015-08-17 14:34:38 :  [G]: 2 453 522 [E]: 2 999 153 [D]: 26 296 [GEM]: 57
2015-08-17 14:34:39 : Collecting Resources
2015-08-17 14:34:49 : Chat Request: needs reinforcement troops
2015-08-17 14:34:49 : Custom Donation Keyword found: need
2015-08-17 14:34:52 : No Hog Riders available to donate..
2015-08-17 14:34:56 : No Balloons available to donate..
2015-08-17 14:34:56 : Donating 6 Archers
2015-08-17 14:34:59 : Checking Army Camp...
2015-08-17 14:35:00 : Total Army Camp capacity: 218/220
2015-08-17 14:35:02 :  - No. of Barbarians: 19
2015-08-17 14:35:02 :  - No. of Archers: 160
2015-08-17 14:35:02 :  - No. of Goblins: 12
2015-08-17 14:35:02 :  - No. of Giants: 3
2015-08-17 14:35:02 :  - No. of Wizards: 3
2015-08-17 14:35:02 : Barracks and Spell factory status: 
2015-08-17 14:35:02 : - Barracks detected: 4 | Available: 4 | Upgrading: 0
2015-08-17 14:35:02 : - Dark Barracks detected: 2 | Available: 2 | Upgrading: 0
2015-08-17 14:35:02 : - Spell factory detected: 1 | Available: 1 | Upgrading: 0
2015-08-17 14:35:02 : - Dark Spell factory detected: 1 | Available: 1 | Upgrading: 0
2015-08-17 14:35:03 : Training Troops...
2015-08-17 14:35:24 : Spell Factory Full
2015-08-17 14:35:26 : 0
2015-08-17 14:35:28 : Requesting Clan Castle Troops
2015-08-17 14:35:28 : Your Clan Castle is already full or you are not in a clan.
2015-08-17 14:35:30 : ====== Waiting for full army ======
2015-08-17 14:35:42 : Checking Army Camp...
2015-08-17 14:35:44 : Total Army Camp capacity: 218/220
2015-08-17 14:35:45 :  - No. of Barbarians: 19
2015-08-17 14:35:45 :  - No. of Archers: 160
2015-08-17 14:35:45 :  - No. of Goblins: 12
2015-08-17 14:35:45 :  - No. of Giants: 3
2015-08-17 14:35:45 :  - No. of Wizards: 3
2015-08-17 14:35:46 : Training Troops...
2015-08-17 14:36:08 : Checking Army Camp...
2015-08-17 14:36:10 : Total Army Camp capacity: 218/220
2015-08-17 14:36:11 :  - No. of Barbarians: 19
2015-08-17 14:36:11 :  - No. of Archers: 160
2015-08-17 14:36:11 :  - No. of Goblins: 12
2015-08-17 14:36:11 :  - No. of Giants: 3
2015-08-17 14:36:11 :  - No. of Wizards: 3
2015-08-17 14:36:12 : Training Troops...
2015-08-17 14:36:29 : Spell Factory Full
2015-08-17 14:36:31 : Time Idle: 00:01:01
2015-08-17 14:36:32 : ====== Waiting for full army ======
2015-08-17 14:36:43 : Checking Army Camp...
2015-08-17 14:36:45 : Total Army Camp capacity: 220/220
2015-08-17 14:36:46 :  - No. of Barbarians: 19
2015-08-17 14:36:47 :  - No. of Archers: 162
2015-08-17 14:36:47 :  - No. of Goblins: 12
2015-08-17 14:36:47 :  - No. of Giants: 3
2015-08-17 14:36:47 :  - No. of Wizards: 3
2015-08-17 14:36:48 : Training Troops...
2015-08-17 14:36:48 : Your Army Camps are now Full
2015-08-17 14:36:48 : Too few Arch, train first.
2015-08-17 14:36:48 : Too few Barb, train first.
2015-08-17 14:36:48 : Too few Gobl, train first.
2015-08-17 14:37:18 : Spell Factory not found...
2015-08-17 14:37:20 : Going to Attack...
2015-08-17 14:37:26 : ============== Searching For Dead Base ===============
2015-08-17 14:37:26 : ~~~~~~~~~~~~~~~ SEARCH CONDITIONS ~~~~~~~~~~~~~~~~
2015-08-17 14:37:26 : Meet: Gold and Elixir
2015-08-17 14:37:26 : ~~~~~~~~~~~~~~ RESOURCE CONDITIONS ~~~~~~~~~~~~~~~
2015-08-17 14:37:26 : Aim: [G]: 999999 [E]: 999999 [D]:    0 [T]: 0 [TH]: 8 for: Dead Base
2015-08-17 14:37:26 : ============== Searching For Live Base ===============
2015-08-17 14:37:26 : ~~~~~~~~~~~~~~~ SEARCH CONDITIONS ~~~~~~~~~~~~~~~~
2015-08-17 14:37:26 : Meet: Gold and Elixir
2015-08-17 14:37:26 : ~~~~~~~~~~~~~~ RESOURCE CONDITIONS ~~~~~~~~~~~~~~~
2015-08-17 14:37:26 : Aim: [G]: 999999 [E]: 999999 [D]:    0 [T]: 0 [TH]: 8 for: Live Base
2015-08-17 14:37:26 : ~~~~~~~~~~~~~~~ ADVANCED SETTINGS ~~~~~~~~~~~~~~~~
2015-08-17 14:37:26 : THSnipe Combo, 6 Tile(s), AttackTH, Attack6:PB6
2015-08-17 14:37:26 : ==================================================
2015-08-17 14:37:28 :   1> [G]:  41533 [E]: 147868 [D]:  880 [T]:20 [TH]: 9, In
2015-08-17 14:37:34 :   2> [G]: 182427 [E]: 170642 [D]: 1200 [T]:19 [TH]: 9, In
2015-08-17 14:37:42 :   3> [G]: 199358 [E]: 218076 [D]: 2023 [T]:28 [TH]:10, In
2015-08-17 14:37:47 :   4> [G]: 135371 [E]: 192033 [D]: 1214 [T]:15 [TH]: 9, In
2015-08-17 14:37:53 :   5> [G]:  59435 [E]:  94237 [D]: 1279 [T]:28 [TH]: 9, In
2015-08-17 14:37:58 :   6> [G]:  65554 [E]: 169694 [D]:  130 [T]:30 [TH]:10, In
2015-08-17 14:38:03 :   7> [G]:  89858 [E]: 178295 [D]:  520 [T]:17 [TH]: 9, In
2015-08-17 14:38:11 :   8> [G]:  83351 [E]: 127528 [D]:  726 [T]:30 [TH]:10, In
2015-08-17 14:38:16 :   9> [G]:  85710 [E]:  39681 [D]: 1818 [T]:13 [TH]:10, In
2015-08-17 14:38:24 :  10> [G]:  39459 [E]: 129355 [D]: 1311 [T]:28 [TH]:10, In
2015-08-17 14:38:31 :  11> [G]: 168308 [E]: 162239 [D]:  837 [T]:20 [TH]:10, In
2015-08-17 14:38:36 : Checking Trapped TH
2015-08-17 14:38:37 : Mortar Found
2015-08-17 14:38:37 :  12> [G]: 126268 [E]:  31506 [D]:  629 [T]:16 [TH]: 9, Out
2015-08-17 14:38:37 : Mortar found near TH, skipping...
2015-08-17 14:38:37 : Trap found, skipping base...
2015-08-17 14:38:42 :  13> [G]: 139438 [E]: 114779 [D]:  919 [T]:16 [TH]: 9, In
2015-08-17 14:38:47 :  14> [G]:  60487 [E]:  18577 [D]:  130 [T]:13 [TH]: 9, In
2015-08-17 14:38:54 :  15> [G]: 107550 [E]: 254247 [D]: 1930 [T]:32 [TH]:10, In
2015-08-17 14:39:02 :  16> [G]:  34492 [E]:  85243 [D]:  128 [T]:31 [TH]:10, In
2015-08-17 14:39:07 :  17> [G]:  75303 [E]:  51426 [D]:  810 [T]:15 [TH]: 9, In
2015-08-17 14:39:15 :  18> [G]:  20740 [E]: 212779 [D]: 1510 [T]:27 [TH]:10, In
2015-08-17 14:39:22 :  19> [G]:  40151 [E]: 187804 [D]: 2230 [T]:30 [TH]:10, In
2015-08-17 14:39:27 :  20> [G]:  10997 [E]:  45678 [D]: 1022 [T]:15 [TH]:10, In
2015-08-17 14:39:32 :  21> [G]:  89192 [E]: 151797 [D]:  440 [T]:18 [TH]: 9, In
2015-08-17 14:39:40 :  22> [G]: 139239 [E]: 241558 [D]: 1867 [T]:34 [TH]:10, In
2015-08-17 14:39:44 :  23> [G]:  30565 [E]:  55646 [D]: 1541 [T]:16 [TH]: 9, In
2015-08-17 14:39:50 : ClashGameBot was Paused!
2015-08-17 14:39:58 : ClashGameBot was Resumed.
2015-08-17 14:40:00 :  24> [G]:   7864 [E]: 116292 [D]:   32 [T]:34 [TH]:10, In
2015-08-17 14:40:08 : Checking Trapped TH
2015-08-17 14:40:10 : Wizard Tower Found
2015-08-17 14:40:10 :  25> [G]: 416412 [E]: 371223 [D]: 5701 [T]:26 [TH]:10, Out
2015-08-17 14:40:10 : Wizard Tower found near TH, skipping...
2015-08-17 14:40:10 : Trap found, skipping base...
2015-08-17 14:40:17 : Checking Trapped TH
2015-08-17 14:40:18 : Inferno Tower Found
2015-08-17 14:40:18 :  26> [G]: 149722 [E]: 144229 [D]: 1632 [T]:26 [TH]:10, Out
2015-08-17 14:40:18 : Inferno Tower found near TH, skipping...
2015-08-17 14:40:18 : Trap found, skipping base...
2015-08-17 14:40:23 :  27> [G]:  96396 [E]:  25623 [D]:  903 [T]:29 [TH]:10, In
2015-08-17 14:40:31 :  28> [G]:  30288 [E]: 193557 [D]: 1208 [T]:13 [TH]:10, In
2015-08-17 14:40:38 :  29> [G]: 114941 [E]: 101539 [D]:  263 [T]:31 [TH]:10, In
2015-08-17 14:40:43 :  30> [G]:  52626 [E]:  90244 [D]:  577 [T]:27 [TH]: 9, In
2015-08-17 14:40:48 : ClashGameBot was Paused!
2015-08-17 14:40:50 : ClashGameBot was Resumed.
2015-08-17 14:40:52 :  31> [G]:  14044 [E]:  97131 [D]:  199 [T]:14 [TH]: 9, In
2015-08-17 14:41:00 :  32> [G]:  52547 [E]: 118162 [D]: 1689 [T]:17 [TH]:10, In
2015-08-17 14:41:08 :  33> [G]:  68000 [E]:  88856 [D]: 1003 [T]:14 [TH]:10, In
2015-08-17 14:41:13 :  34> [G]:  49194 [E]: 130737 [D]:  152 [T]:13 [TH]: 9, In
2015-08-17 14:41:18 :  35> [G]: 109960 [E]:  77800 [D]: 1203 [T]:19 [TH]: 9, In
2015-08-17 14:41:26 :  36> [G]:  24061 [E]: 111090 [D]:  829 [T]:14 [TH]: 9, In
2015-08-17 14:41:30 : ClashGameBot was Paused!
2015-08-17 14:41:47 : ClashGameBot was Resumed.
2015-08-17 14:41:49 :  37> [G]:   3989 [E]:  32561 [D]:  436 [T]: 4 [TH]: 8, In
2015-08-17 14:41:52 : ClashGameBot was Paused!
2015-08-17 14:41:57 : ClashGameBot was Resumed.
2015-08-17 14:41:59 :  38> [G]: 119152 [E]:  44625 [D]: 1358 [T]:15 [TH]: 9, In
2015-08-17 14:42:05 :  39> [G]:  27000 [E]:  44860 [D]:  113 [T]: 2 [TH]: 8, In
2015-08-17 14:42:10 :  40> [G]: 114597 [E]: 131688 [D]: 1086 [T]:14 [TH]: 9, In
2015-08-17 14:42:16 :  41> [G]:  24278 [E]: 150853 [D]:   21 [T]:14 [TH]: 9, In
2015-08-17 14:42:21 :  42> [G]: 116039 [E]: 102105 [D]: 1679 [T]:26 [TH]: 9, In
2015-08-17 14:42:26 :  43> [G]:  21130 [E]: 294028 [D]:   75 [T]: 8 [TH]: 9, In
2015-08-17 14:42:34 :  44> [G]:  16826 [E]:   8706 [D]: 1210 [T]:22 [TH]:10, In
2015-08-17 14:42:39 :  45> [G]:  68080 [E]: 106626 [D]:  983 [T]:28 [TH]: 9, In
2015-08-17 14:42:45 :  46> [G]: 146780 [E]:  42505 [D]:  478 [T]:18 [TH]:10, In
2015-08-17 14:42:50 :  47> [G]:  51720 [E]: 132000 [D]: 1577 [T]:28 [TH]: 9, In
2015-08-17 14:42:56 :  48> [G]:  33213 [E]:  27564 [D]: 1180 [T]:12 [TH]: 9, In
2015-08-17 14:43:01 :  49> [G]: 121655 [E]:  50076 [D]:   55 [T]:27 [TH]: 9, In
2015-08-17 14:43:06 :  50> [G]:   4620 [E]: 167345 [D]:   52 [T]:13 [TH]: 9, In
2015-08-17 14:43:11 : ClashGameBot was Paused!
2015-08-17 14:43:19 : ClashGameBot was Resumed.
2015-08-17 14:43:21 :  51> [G]:  16775 [E]:  92121 [D]:   67 [T]: 2 [TH]: 8, In
2015-08-17 14:43:27 : ClashGameBot was Paused!
2015-08-17 14:43:31 : ClashGameBot was Resumed.
2015-08-17 14:43:33 :  52> [G]:  93965 [E]:  87674 [D]:  974 [T]:28 [TH]:10, In
2015-08-17 14:43:40 :  53> [G]:  18960 [E]:   3757 [D]:  699 [T]:12 [TH]: 9, In
2015-08-17 14:43:46 :  54> [G]: 169077 [E]:  63597 [D]:  296 [T]:30 [TH]: 9, In
2015-08-17 14:43:51 :  55> [G]:  39296 [E]:  46608 [D]: 1391 [T]:29 [TH]:10, In
2015-08-17 14:43:56 :  56> [G]:  70084 [E]:   5439 [D]: 1094 [T]:10 [TH]: 9, In
2015-08-17 14:44:00 : ClashGameBot was Paused!
2015-08-17 14:44:10 : ClashGameBot was Resumed.
2015-08-17 14:44:12 :  57> [G]:  40500 [E]:  27675 [D]:  215 [T]: 2 [TH]: 8, In
2015-08-17 14:44:18 :  58> [G]: 213478 [E]:  61343 [D]:  382 [T]:21 [TH]: 9, In
2015-08-17 14:44:24 :  59> [G]:  32285 [E]:  30516 [D]:  183 [T]:29 [TH]:10, In
2015-08-17 14:44:29 :  60> [G]:  68607 [E]:   8546 [D]:  406 [T]:14 [TH]: 9, In
2015-08-17 14:44:33 :  61> [G]:  11328 [E]: 126123 [D]:  647 [T]: 1 [TH]: 8, In
2015-08-17 14:44:38 :  62> [G]: 154071 [E]: 131178 [D]:  414 [T]:13 [TH]: 9, In
2015-08-17 14:44:42 : ClashGameBot was Paused!
2015-08-17 14:44:50 : ClashGameBot was Resumed.
2015-08-17 14:44:51 :  63> [G]:  30557 [E]:  58497 [D]:  523 [T]: 2 [TH]: 8, In
2015-08-17 14:44:57 :  64> [G]:  23900 [E]:   4930 [D]:  945 [T]:23 [TH]: 9, In
2015-08-17 14:45:00 : ClashGameBot was Paused!
2015-08-17 14:45:09 : ClashGameBot was Resumed.
2015-08-17 14:45:11 :  65> [G]:  32950 [E]:   2538 [D]:    0 [T]:15 [TH]:10, In
2015-08-17 14:45:14 : ClashGameBot was Paused!
