2015-08-02 00:31:42 : ~~~ Clash Game Bot v4.1 Powered by GameBot.org ~~~
2015-08-02 00:31:42 : GameBot.org.exe Executable running on WIN_7  X64
2015-08-02 00:31:42 : =================== Bot Start ====================
2015-08-02 00:31:42 : -------------------------  Current Profile: 01 --------------------------
2015-08-02 00:31:42 : Trying to locate Main Screen
2015-08-02 00:31:42 : Main Screen Located
2015-08-02 00:31:43 : Detecting your Buildings..
2015-08-02 00:31:47 : Language setting is English: Correct.
2015-08-02 00:31:48 : Trying to locate Main Screen
2015-08-02 00:31:48 : Main Screen Located
2015-08-02 00:31:49 : Collecting Resources
2015-08-02 00:31:56 : Checking if Village needs Rearming..
2015-08-02 00:32:03 : Village Report
2015-08-02 00:32:03 : No. of Free/Total Builders: 0/4
2015-08-02 00:32:03 :  [T]: 1 649
2015-08-02 00:32:04 :  [G]: 6 001 000 [E]: 4 716 950 [D]: 61 068 [GEM]: 954
2015-08-02 00:32:07 : Checking Army Camp...
2015-08-02 00:32:09 : Total Army Camp capacity: 48/200
2015-08-02 00:32:12 :  - No. of Archers: 48
2015-08-02 00:32:12 : Barracks and Spell factory status: 
2015-08-02 00:32:12 : - Barracks detected: 4 | Available: 3 | Upgrading: 1
2015-08-02 00:32:12 : - Dark Barracks detected: 2 | Available: 2 | Upgrading: 0
2015-08-02 00:32:12 : - Spell factory detected: 1 | Available: 1 | Upgrading: 0
2015-08-02 00:32:12 : - Dark Spell factory detected: 1 | Available: 0 | Upgrading: 1
2015-08-02 00:32:12 : Training Troops...
2015-08-02 00:32:33 : Requesting Clan Castle Troops
2015-08-02 00:32:38 :  ====== Unbreakable Mode enabled! ====== 
2015-08-02 00:32:38 : Oops, wait for 70% troops filled
2015-08-02 00:32:39 : Trying to locate Main Screen
2015-08-02 00:32:39 : Main Screen Located
2015-08-02 00:32:40 : Collecting Resources
2015-08-02 00:32:48 : Checking if Village needs Rearming..
2015-08-02 00:32:56 : Village Report
2015-08-02 00:32:56 : No. of Free/Total Builders: 0/4
2015-08-02 00:32:56 :  [T]: 1 649
2015-08-02 00:32:56 :  [G]: 6 001 000 [E]: 4 718 632 [D]: 61 070 [GEM]: 954
2015-08-02 00:32:59 : Checking Army Camp...
2015-08-02 00:33:01 : Army size read error, Troop numbers can't be trained correctly
2015-08-02 00:33:01 : Total Army Camp capacity: 0/200
2015-08-02 00:33:02 : Training Troops...
2015-08-02 00:33:05 : ClashGameBot was Paused!
2015-08-02 00:33:38 : ClashGameBot was Resumed.
2015-08-02 00:33:44 : Requesting Clan Castle Troops
2015-08-02 00:33:44 : Request has already been made
2015-08-02 00:33:48 : Waiting for Main Screen
2015-08-02 00:33:49 : Trying to locate Main Screen
2015-08-02 00:33:49 : Main Screen Located
2015-08-02 00:33:50 : Collecting Resources
2015-08-02 00:33:57 : Checking if Village needs Rearming..
2015-08-02 00:34:05 : Village Report
2015-08-02 00:34:05 : No. of Free/Total Builders: 0/4
2015-08-02 00:34:05 :  [T]: 1 649
2015-08-02 00:34:05 :  [G]: 6 001 000 [E]: 4 718 632 [D]: 61 072 [GEM]: 954
2015-08-02 00:34:08 : Checking Army Camp...
2015-08-02 00:34:10 : Total Army Camp capacity: 60/200
2015-08-02 00:34:11 :  - No. of Archers: 60
2015-08-02 00:34:11 : Training Troops...
2015-08-02 00:34:19 : Requesting Clan Castle Troops
2015-08-02 00:34:19 : Request has already been made
2015-08-02 00:34:20 :  ====== Unbreakable Mode enabled! ====== 
2015-08-02 00:34:20 : Oops, wait for 70% troops filled
2015-08-02 00:34:21 : Trying to locate Main Screen
2015-08-02 00:34:21 : Main Screen Located
2015-08-02 00:34:22 : Collecting Resources
2015-08-02 00:34:29 : Checking if Village needs Rearming..
2015-08-02 00:34:37 : Village Report
2015-08-02 00:34:37 : No. of Free/Total Builders: 0/4
2015-08-02 00:34:37 :  [T]: 1 649
2015-08-02 00:34:37 :  [G]: 6 001 000 [E]: 4 718 632 [D]: 61 072 [GEM]: 954
2015-08-02 00:34:40 : Checking Army Camp...
2015-08-02 00:34:42 : Total Army Camp capacity: 63/200
2015-08-02 00:34:43 :  - No. of Archers: 63
2015-08-02 00:34:44 : Training Troops...
2015-08-02 00:34:51 : Requesting Clan Castle Troops
2015-08-02 00:34:52 : Request has already been made
2015-08-02 00:34:53 :  ====== Unbreakable Mode enabled! ====== 
2015-08-02 00:34:53 : Oops, wait for 70% troops filled
2015-08-02 00:34:54 : Trying to locate Main Screen
2015-08-02 00:34:54 : Main Screen Located
2015-08-02 00:34:55 : Collecting Resources
2015-08-02 00:35:02 : Checking if Village needs Rearming..
2015-08-02 00:35:10 : Village Report
2015-08-02 00:35:10 : No. of Free/Total Builders: 0/4
2015-08-02 00:35:10 :  [T]: 1 649
2015-08-02 00:35:10 :  [G]: 6 001 000 [E]: 4 718 632 [D]: 61 074 [GEM]: 954
2015-08-02 00:35:14 : Checking Army Camp...
2015-08-02 00:35:16 : Total Army Camp capacity: 67/200
2015-08-02 00:35:16 :  - No. of Archers: 68
2015-08-02 00:35:17 : Training Troops...
2015-08-02 00:35:24 : Requesting Clan Castle Troops
2015-08-02 00:35:25 : Request has already been made
2015-08-02 00:35:26 :  ====== Unbreakable Mode enabled! ====== 
2015-08-02 00:35:26 : Oops, wait for 70% troops filled
2015-08-02 00:35:27 : Trying to locate Main Screen
2015-08-02 00:35:27 : Main Screen Located
2015-08-02 00:35:28 : Collecting Resources
2015-08-02 00:35:35 : Checking if Village needs Rearming..
2015-08-02 00:35:43 : Village Report
2015-08-02 00:35:43 : No. of Free/Total Builders: 0/4
2015-08-02 00:35:43 :  [T]: 1 649
2015-08-02 00:35:43 :  [G]: 6 001 000 [E]: 4 718 942 [D]: 61 074 [GEM]: 954
2015-08-02 00:35:47 : Checking Army Camp...
2015-08-02 00:35:49 : Total Army Camp capacity: 72/200
2015-08-02 00:35:50 :  - No. of Archers: 72
2015-08-02 00:35:50 : Training Troops...
