2015-08-14 12:25:06 : ============================= ATTACK LOG ==============================
2015-08-14 12:25:06 :                    --------  LOOT --------       ----- BONUS ------   
2015-08-14 12:25:06 :  TIME|TROP|SEARCH|HF|   GOLD| ELIXIR|  DE|TR.|S|  GOLD|ELIXIR|  DE|L.
2015-08-14 12:44:30 : ============================= ATTACK LOG ==============================
2015-08-14 12:44:30 :                    --------  LOOT --------       ----- BONUS ------   
2015-08-14 12:44:30 :  TIME|TROP|SEARCH|HF|   GOLD| ELIXIR|  DE|TR.|S|  GOLD|ELIXIR|  DE|L.
2015-08-14 12:56:09 : 12:56|3134|     8| N|   1012|   1000|   0|  1|1|140000|140000| 900|M1|
2015-08-14 13:02:25 : 13:02|3135|    48| N|   1000|   1000|   0|  4|1|140000|140000| 900|M1|
2015-08-14 13:11:28 : 13:11|3139|    62| N|   1000|   1000|   0|  1|1|140000|140000| 900|M1|
2015-08-14 13:36:27 : 13:36|3140|   237| N|   1000|   1000|   0|  2|1|140000|140000| 900|M1|
2015-08-14 13:52:17 : 13:52|3115|   124| N|   1000|   2033|   0|  1|1|140000|140000| 900|M1|
2015-08-14 14:17:55 : 14:17|3116|   228| N|   1000|   1000|   0|  1|1|140000|140000| 900|M1|
2015-08-14 14:21:17 : 14:21|3117|    13| N|   1000|   1000|   0|  3|1|140000|140000| 900|M1|
2015-08-14 14:23:45 : 14:23|3120|     4| N|   1088|   1000|   0|  2|1|140000|140000| 900|M1|
2015-08-14 14:27:20 : 14:27|3122|     9| N|   1417|   1000|   0|  1|1|140000|140000| 900|M1|
2015-08-14 14:45:18 : 14:45|3123|   151| N|   1000|   1067|   0|  7|1|140000|140000| 900|M1|
2015-08-14 15:26:47 : ============================= ATTACK LOG ==============================
2015-08-14 15:26:47 :                    --------  LOOT --------       ----- BONUS ------   
2015-08-14 15:26:47 :  TIME|TROP|SEARCH|HF|   GOLD| ELIXIR|  DE|TR.|S|  GOLD|ELIXIR|  DE|L.
2015-08-14 15:37:35 : ============================= ATTACK LOG ==============================
2015-08-14 15:37:35 :                    --------  LOOT --------       ----- BONUS ------   
2015-08-14 15:37:35 :  TIME|TROP|SEARCH|HF|   GOLD| ELIXIR|  DE|TR.|S|  GOLD|ELIXIR|  DE|L.
