2015-08-08 00:25:16 : ~ Clash Game Bot v4.1MODS Powered by GameBot.org ~
2015-08-08 00:25:16 : GameBot.org.exe Executable running on WIN_7  X64
2015-08-08 00:25:16 : =================== Bot Start ====================
2015-08-08 00:25:16 : -------------------------  Current Profile: 04 --------------------------
2015-08-08 00:25:16 :  Warning Debug Mode Enabled! Setlog: 1 OCR: 0 RedArea: 0 
2015-08-08 00:25:16 : Trying to locate Main Screen
2015-08-08 00:25:23 : CheckObstacles Result = True
2015-08-08 00:25:23 : Waiting for Main Screen
2015-08-08 00:25:23 : ChkObst Loop = 0ExitLoop = 0
2015-08-08 00:25:23 : Screen cleared, WaitMainScreen exit
2015-08-08 00:25:25 : Zooming Out
2015-08-08 00:25:25 : Index = 0
2015-08-08 00:25:25 : ControlFocus Result = 1, ControlSend Result = 1|0
2015-08-08 00:25:25 : Index = 2
2015-08-08 00:25:25 : ControlFocus Result = 1, ControlSend Result = 1|0
2015-08-08 00:25:25 : Index = 4
2015-08-08 00:25:26 : ControlFocus Result = 1, ControlSend Result = 1|0
2015-08-08 00:25:26 : Index = 6
2015-08-08 00:25:26 : ControlFocus Result = 1, ControlSend Result = 1|0
2015-08-08 00:25:26 : Index = 8
2015-08-08 00:25:26 : ControlFocus Result = 1, ControlSend Result = 1|0
2015-08-08 00:25:26 : Index = 10
2015-08-08 00:25:27 : ControlFocus Result = 1, ControlSend Result = 1|0
2015-08-08 00:25:27 : Index = 12
2015-08-08 00:25:27 : ControlFocus Result = 1, ControlSend Result = 1|0
2015-08-08 00:25:27 : Main Screen Located
2015-08-08 00:25:28 : Detecting your Buildings..
2015-08-08 00:25:36 : Language setting is English: Correct.
2015-08-08 00:25:36 : Bot clean start
2015-08-08 00:25:37 : Trying to locate Main Screen
2015-08-08 00:25:37 : Main Screen Located
2015-08-08 00:25:38 : checkMainScreen start quiet mode
2015-08-08 00:25:38 : checkMainScreen exit quiet mode
2015-08-08 00:25:39 : Collecting Resources
2015-08-08 00:25:44 : checkMainScreen start quiet mode
2015-08-08 00:25:44 : checkMainScreen exit quiet mode
2015-08-08 00:25:45 : Checking if Village needs Rearming..
2015-08-08 00:25:51 : checkMainScreen start quiet mode
2015-08-08 00:25:51 : checkMainScreen exit quiet mode
2015-08-08 00:25:52 : checkMainScreen start quiet mode
2015-08-08 00:25:52 : checkMainScreen exit quiet mode
2015-08-08 00:25:53 : Village Report
2015-08-08 00:25:53 : No. of Free/Total Builders: 0/4
2015-08-08 00:25:53 :  [T]: 2 546
2015-08-08 00:25:53 :  [G]: 1 745 127 [E]: 5 199 603 [D]: 18 448 [GEM]: 1 981
2015-08-08 00:25:54 : checkMainScreen start quiet mode
2015-08-08 00:25:54 : checkMainScreen exit quiet mode
2015-08-08 00:25:54 : checkMainScreen start quiet mode
2015-08-08 00:25:54 : checkMainScreen exit quiet mode
2015-08-08 00:25:56 : checkMainScreen start quiet mode
2015-08-08 00:25:56 : checkMainScreen exit quiet mode
2015-08-08 00:25:56 : Func Train 
2015-08-08 00:25:56 : Halt enabled, $TotalTrainedTroops= 0, Adj TotalCamp= -8
2015-08-08 00:25:56 : Checking Army Camp...
2015-08-08 00:25:57 : $sArmyInfo = 200#200
2015-08-08 00:25:57 : $CurCamp = 200
2015-08-08 00:25:57 : $TotalCamp = 200
2015-08-08 00:25:58 : Total Army Camp capacity: 200/200
2015-08-08 00:25:58 : $hBitmapFirst made
2015-08-08 00:25:58 : Calling CGBfunctions.dll/searchIdentifyTroopTrained 
2015-08-08 00:26:00 : Dll return $FullTemp :Barbarian|8-21|79#Archer|71-22|121
2015-08-08 00:26:00 : $Trooptype split # : 2
2015-08-08 00:26:00 : Start the Loop
2015-08-08 00:26:00 : $TroopTypeT[$i] split : 1
2015-08-08 00:26:00 :  - No. of Barbarians: 79
2015-08-08 00:26:00 : $TroopTypeT[$i] split : 2
2015-08-08 00:26:00 :  - No. of Archers: 121
2015-08-08 00:26:00 : start barrackstatus
2015-08-08 00:26:00 : OK, I'm in army overview
2015-08-08 00:26:00 : barrack 1 found upgrading! color 6B6964
2015-08-08 00:26:00 : barrack 2 found! color 888070
2015-08-08 00:26:01 : barrack 3 found! color 888070
2015-08-08 00:26:01 : barrack 4 found! color 888070
2015-08-08 00:26:01 : dark barrack 1 found! color 888070
2015-08-08 00:26:01 : dark barrack 5 found upgrading! color 6B6964
2015-08-08 00:26:01 : Factory Spell found! color 888070
2015-08-08 00:26:01 : Dark Factory Spell found! color 888070
2015-08-08 00:26:01 : Barracks and Spell factory status: 
2015-08-08 00:26:01 : - Barracks detected: 4 | Available: 3 | Upgrading: 1
2015-08-08 00:26:01 : - Dark Barracks detected: 2 | Available: 1 | Upgrading: 1
2015-08-08 00:26:01 : - Spell factory detected: 1 | Available: 1 | Upgrading: 0
2015-08-08 00:26:01 : - Dark Spell factory detected: 1 | Available: 1 | Upgrading: 0
2015-08-08 00:26:01 : Trainaviable[0] = 1
2015-08-08 00:26:01 : Trainaviable[1] = 0
2015-08-08 00:26:01 : Trainaviable[2] = 1
2015-08-08 00:26:01 : Trainaviable[3] = 1
2015-08-08 00:26:01 : Trainaviable[4] = 1
2015-08-08 00:26:01 : Trainaviable[5] = 1
2015-08-08 00:26:01 : Trainaviable[6] = 0
2015-08-08 00:26:01 : Trainaviable[7] = 1
2015-08-08 00:26:01 : Trainaviable[8] = 1
2015-08-08 00:26:01 : Training Troops...
2015-08-08 00:26:01 : Train: need to make normal troops: True
2015-08-08 00:26:01 : Train: need to make dark troops: False
2015-08-08 00:26:01 : LAST BARRACK = 4
2015-08-08 00:26:01 : OverView TabColor=CDCDC8
2015-08-08 00:26:02 : Last Barrack TabColor=888070
2015-08-08 00:26:02 : Your Army Camps are now Full
2015-08-08 00:26:02 : ---------COMPUTE TROOPS TO MAKE------------------------
2015-08-08 00:26:02 : -- Compute AnotherTroops to train
2015-08-08 00:26:02 : Need to train (height) GOBL:0% BARB: 120% ARCH: 80% AND 0 other troops space
2015-08-08 00:26:02 : Total Troops to be Trained= 200
2015-08-08 00:26:02 : BARRACKNUM: 3
2015-08-08 00:26:02 : ArchEBarrack: 26
2015-08-08 00:26:02 : BarbEBarrack: 40
2015-08-08 00:26:02 : DARKBARRACKNUM: 1
2015-08-08 00:26:02 : ---------END COMPUTE TROOPS TO MAKE--------------------
2015-08-08 00:26:02 : 
2015-08-08 00:26:02 : ---------TRAIN BARRACK MODE------------------------
2015-08-08 00:26:02 : Barrack4 selected
2015-08-08 00:26:04 : Full Check=DE58D0
2015-08-08 00:26:04 : Full Check=FF80F8
2015-08-08 00:26:04 : Full Check=FE78F4
2015-08-08 00:26:05 : Full Check=FE78F4
2015-08-08 00:26:05 : Full Check=FF78F3
2015-08-08 00:26:05 : Full Check=FF7FF5
2015-08-08 00:26:05 : Full Check=FF80F8
2015-08-08 00:26:05 : Full Check=FF7FF5
2015-08-08 00:26:05 : Full Check=FF7FF5
2015-08-08 00:26:05 : Full Check=FF7FF5
2015-08-08 00:26:05 : Full Check=FE78F4
2015-08-08 00:26:05 : Full Check=FB75F1
2015-08-08 00:26:05 : Full Check=FF7FF5
2015-08-08 00:26:05 : Full Check=FE78F4
2015-08-08 00:26:05 : Full Check=FF7FF5
2015-08-08 00:26:05 : Full Check=FB75F1
2015-08-08 00:26:05 : Full Check=FE78F4
2015-08-08 00:26:05 : Full Check=FF7FF5
2015-08-08 00:26:05 : Full Check=FE78F4
2015-08-08 00:26:06 : Full Check=FF7FF5
2015-08-08 00:26:06 : Full Check=FF7FF5
2015-08-08 00:26:06 : Full Check=FE78F4
2015-08-08 00:26:06 : Full Check=FF7FF5
2015-08-08 00:26:06 : Full Check=FB75F1
2015-08-08 00:26:06 : Full Check=F164DF
2015-08-08 00:26:06 : Full Check=FB75F1
2015-08-08 00:26:06 : Full Check=FF7FF5
2015-08-08 00:26:06 : Full Check=FB75F1
2015-08-08 00:26:06 : Full Check=FF7FF5
2015-08-08 00:26:06 : Full Check=FE78F4
2015-08-08 00:26:06 : Full Check=FF7FF5
2015-08-08 00:26:06 : Full Check=FF7FF5
2015-08-08 00:26:06 : Full Check=FB75F1
2015-08-08 00:26:06 : Full Check=FF78F3
2015-08-08 00:26:06 : Full Check=FF7FF5
2015-08-08 00:26:07 : Full Check=FF7FF5
2015-08-08 00:26:07 : Full Check=FF7FF5
2015-08-08 00:26:07 : Full Check=FE78F4
2015-08-08 00:26:07 : Full Check=FF7FF5
2015-08-08 00:26:07 : Full Check=FF7FF5
2015-08-08 00:26:07 : Full Check=FF7FF5
2015-08-08 00:26:07 : Full Check=FF7FF5
2015-08-08 00:26:07 : Full Check=FF7FF5
2015-08-08 00:26:07 : Full Check=FF7FF5
2015-08-08 00:26:07 : Full Check=FF7FF5
2015-08-08 00:26:07 : Full Check=FF7FF5
2015-08-08 00:26:07 : Full Check=FF7FF5
2015-08-08 00:26:07 : Full Check=FB75F1
2015-08-08 00:26:07 : Full Check=F164DF
2015-08-08 00:26:07 : Full Check=FE78F4
2015-08-08 00:26:08 : Full Check=FF7FF5
2015-08-08 00:26:08 : Full Check=FF7FF5
2015-08-08 00:26:08 : Full Check=FF7FF5
2015-08-08 00:26:08 : Full Check=FE78F4
2015-08-08 00:26:08 : Full Check=FF7FF5
2015-08-08 00:26:08 : Full Check=FE78F4
2015-08-08 00:26:08 : Full Check=FF7FF5
2015-08-08 00:26:08 : Full Check=FF7FF5
2015-08-08 00:26:08 : Full Check=FF7FF5
2015-08-08 00:26:08 : Full Check=FF7FF5
2015-08-08 00:26:08 : Full Check=FE78F4
2015-08-08 00:26:08 : Full Check=FF78F3
2015-08-08 00:26:08 : Full Check=FE78F4
2015-08-08 00:26:08 : Full Check=FF7FF5
2015-08-08 00:26:08 : Full Check=FF7FF5
2015-08-08 00:26:08 : Full Check=FE78F4
2015-08-08 00:26:08 : Full Check=FF7FF5
2015-08-08 00:26:08 : Full Check=FE78F4
2015-08-08 00:26:09 : Full Check=FF7FF5
2015-08-08 00:26:09 : Full Check=FF7FF5
2015-08-08 00:26:09 : Full Check=FE78F4
2015-08-08 00:26:09 : Full Check=FF78F3
2015-08-08 00:26:09 : Full Check=FB75F1
2015-08-08 00:26:09 : Full Check=FF78F3
2015-08-08 00:26:09 : Full Check=FF7FF5
2015-08-08 00:26:10 : Move from Barrack 4 direction -1
2015-08-08 00:26:11 : Barrack3 selected
2015-08-08 00:26:13 : Full Check=DE58D0
2015-08-08 00:26:13 : Full Check=FF80F8
2015-08-08 00:26:13 : Full Check=FE78F4
2015-08-08 00:26:14 : Full Check=FF80F8
2015-08-08 00:26:14 : Full Check=FF7FF5
2015-08-08 00:26:14 : Full Check=FF7FF5
2015-08-08 00:26:14 : Full Check=FF7FF5
2015-08-08 00:26:14 : Full Check=FE78F4
2015-08-08 00:26:14 : Full Check=FF7FF5
2015-08-08 00:26:14 : Full Check=FF7FF5
2015-08-08 00:26:14 : Full Check=FE78F4
2015-08-08 00:26:14 : Full Check=FF80F8
2015-08-08 00:26:14 : Full Check=FF7FF5
2015-08-08 00:26:14 : Full Check=FF7FF5
2015-08-08 00:26:14 : Full Check=FF7FF5
2015-08-08 00:26:14 : Full Check=FE78F4
2015-08-08 00:26:14 : Full Check=FF7FF5
2015-08-08 00:26:14 : Full Check=FE78F4
2015-08-08 00:26:14 : Full Check=FE78F4
2015-08-08 00:26:14 : Full Check=FF7FF5
2015-08-08 00:26:15 : Full Check=FE78F4
2015-08-08 00:26:15 : Full Check=FF7FF5
2015-08-08 00:26:15 : Full Check=FF7FF5
2015-08-08 00:26:15 : Full Check=FF7FF5
2015-08-08 00:26:15 : Full Check=FF78F3
2015-08-08 00:26:15 : Full Check=FE78F4
2015-08-08 00:26:15 : Full Check=FF7FF5
2015-08-08 00:26:15 : Full Check=FF7FF5
2015-08-08 00:26:15 : Full Check=FE78F4
2015-08-08 00:26:15 : Full Check=FE78F4
2015-08-08 00:26:15 : Full Check=FF78F3
2015-08-08 00:26:15 : Full Check=FF7FF5
2015-08-08 00:26:15 : Full Check=FB75F1
2015-08-08 00:26:15 : Full Check=FE78F4
2015-08-08 00:26:15 : Full Check=FF80F8
2015-08-08 00:26:15 : Full Check=FB75F1
2015-08-08 00:26:16 : Full Check=FF7FF5
2015-08-08 00:26:16 : Full Check=FF7FF5
2015-08-08 00:26:16 : Full Check=FB75F1
2015-08-08 00:26:16 : Full Check=FF78F3
2015-08-08 00:26:16 : Full Check=FF7FF5
2015-08-08 00:26:16 : Full Check=FB75F1
2015-08-08 00:26:16 : Full Check=FF7FF5
2015-08-08 00:26:16 : Full Check=FE78F4
2015-08-08 00:26:16 : Full Check=FB75F1
2015-08-08 00:26:16 : Full Check=FF7FF5
2015-08-08 00:26:16 : Full Check=FF7FF5
2015-08-08 00:26:16 : Full Check=FE78F4
2015-08-08 00:26:16 : Full Check=FE78F4
2015-08-08 00:26:16 : Full Check=FF7FF5
2015-08-08 00:26:16 : Full Check=FF7FF5
2015-08-08 00:26:16 : Full Check=FF7FF5
2015-08-08 00:26:16 : Full Check=FF7FF5
2015-08-08 00:26:17 : Full Check=FE78F4
2015-08-08 00:26:17 : Full Check=FE78F4
2015-08-08 00:26:17 : Full Check=FF7FF5
2015-08-08 00:26:17 : Full Check=FF7FF5
2015-08-08 00:26:17 : Full Check=FF7FF5
2015-08-08 00:26:17 : Full Check=FF7FF5
2015-08-08 00:26:17 : Full Check=FF78F3
2015-08-08 00:26:17 : Full Check=FF7FF5
2015-08-08 00:26:17 : Full Check=FF7FF5
2015-08-08 00:26:17 : Full Check=FE78F4
2015-08-08 00:26:17 : Full Check=FF78F3
2015-08-08 00:26:17 : Full Check=FF7FF5
2015-08-08 00:26:17 : Full Check=FF7FF5
2015-08-08 00:26:17 : Full Check=FF7FF5
2015-08-08 00:26:17 : Full Check=FE78F4
2015-08-08 00:26:17 : Full Check=FE78F4
2015-08-08 00:26:17 : Full Check=FE78F4
2015-08-08 00:26:18 : Full Check=FF78F3
2015-08-08 00:26:18 : Full Check=FE78F4
2015-08-08 00:26:18 : Full Check=FF7FF5
2015-08-08 00:26:18 : Full Check=FF78F3
2015-08-08 00:26:18 : Full Check=FF7FF5
2015-08-08 00:26:18 : Move from Barrack 3 direction -1
2015-08-08 00:26:20 : Barrack2 selected
2015-08-08 00:26:22 : Full Check=E05AD0
2015-08-08 00:26:22 : Full Check=E05AD0
2015-08-08 00:26:22 : Full Check=FF7EF7
2015-08-08 00:26:22 : Full Check=FF79F5
2015-08-08 00:26:22 : Full Check=FF7EF7
2015-08-08 00:26:22 : Full Check=FF7EF7
2015-08-08 00:26:22 : Full Check=FF79F5
2015-08-08 00:26:22 : Full Check=F167E2
2015-08-08 00:26:22 : Full Check=FF7EF7
2015-08-08 00:26:23 : Full Check=F167E2
2015-08-08 00:26:23 : Full Check=FF7EF7
2015-08-08 00:26:23 : Full Check=FF79F5
2015-08-08 00:26:23 : Full Check=FF7EF7
2015-08-08 00:26:23 : Full Check=FF7EF7
2015-08-08 00:26:23 : Full Check=F167E2
2015-08-08 00:26:23 : Full Check=FF7EF7
2015-08-08 00:26:23 : Full Check=FF79F5
2015-08-08 00:26:23 : Full Check=FF79F5
2015-08-08 00:26:23 : Full Check=FF7EF7
2015-08-08 00:26:23 : Full Check=FF79F5
2015-08-08 00:26:23 : Full Check=FF79F5
2015-08-08 00:26:23 : Full Check=FF79F5
2015-08-08 00:26:23 : Full Check=FF79F5
2015-08-08 00:26:23 : Full Check=FF7EF7
2015-08-08 00:26:23 : Full Check=FF79F5
2015-08-08 00:26:23 : Full Check=F167E2
2015-08-08 00:26:24 : Full Check=FF7EF7
2015-08-08 00:26:24 : Full Check=FF7EF7
2015-08-08 00:26:24 : Full Check=FF79F5
2015-08-08 00:26:24 : Full Check=FF7EF7
2015-08-08 00:26:24 : Full Check=FF7EF7
2015-08-08 00:26:24 : Full Check=FF7BF6
2015-08-08 00:26:24 : Full Check=FF7EF7
2015-08-08 00:26:24 : Full Check=FF79F5
2015-08-08 00:26:24 : Full Check=FF79F5
2015-08-08 00:26:24 : Full Check=FF7EF7
2015-08-08 00:26:24 : Full Check=FF76F1
2015-08-08 00:26:24 : Full Check=FF7EF7
2015-08-08 00:26:24 : Full Check=FF7EF7
2015-08-08 00:26:24 : Full Check=FF7EF7
2015-08-08 00:26:24 : Full Check=FF7EF7
2015-08-08 00:26:24 : Full Check=F167E2
2015-08-08 00:26:24 : Full Check=FF76F1
2015-08-08 00:26:25 : Full Check=FF79F5
2015-08-08 00:26:25 : Full Check=FF7EF7
2015-08-08 00:26:25 : Full Check=FF7EF7
2015-08-08 00:26:25 : Full Check=FF7EF7
2015-08-08 00:26:25 : Full Check=FF7EF7
2015-08-08 00:26:25 : Full Check=FF7EF7
2015-08-08 00:26:25 : Full Check=FF7EF7
2015-08-08 00:26:25 : Full Check=FF7EF7
2015-08-08 00:26:25 : Full Check=FF7EF7
2015-08-08 00:26:25 : Full Check=FF7EF7
2015-08-08 00:26:25 : Full Check=FF7EF7
2015-08-08 00:26:25 : Full Check=FF7EF7
2015-08-08 00:26:25 : Full Check=FF7EF7
2015-08-08 00:26:25 : Full Check=F167E2
2015-08-08 00:26:25 : Full Check=FF7EF7
2015-08-08 00:26:25 : Full Check=FF7EF7
2015-08-08 00:26:26 : Full Check=FF79F5
2015-08-08 00:26:26 : Full Check=FF7EF7
2015-08-08 00:26:26 : Full Check=FF7BF6
2015-08-08 00:26:26 : Full Check=FF7EF7
2015-08-08 00:26:26 : Full Check=FF7EF7
2015-08-08 00:26:26 : Full Check=FF79F5
2015-08-08 00:26:26 : Full Check=FF79F5
2015-08-08 00:26:26 : Full Check=FF7EF7
2015-08-08 00:26:26 : Full Check=FF7EF7
2015-08-08 00:26:26 : Full Check=FF79F5
2015-08-08 00:26:26 : Full Check=FF7EF7
2015-08-08 00:26:26 : Full Check=FF79F5
2015-08-08 00:26:26 : Full Check=FF7EF7
2015-08-08 00:26:26 : Full Check=FF79F5
2015-08-08 00:26:26 : Full Check=FF7EF7
2015-08-08 00:26:26 : Full Check=FF7EF7
2015-08-08 00:26:27 : Move from Barrack 2 direction -1
2015-08-08 00:26:28 : This is not a Barrack
2015-08-08 00:26:28 : ---=====================END TRAIN =======================================---
2015-08-08 00:26:30 : checkMainScreen start quiet mode
2015-08-08 00:26:30 : checkMainScreen exit quiet mode
2015-08-08 00:26:30 : checkMainScreen start quiet mode
2015-08-08 00:26:30 : checkMainScreen exit quiet mode
2015-08-08 00:26:32 : checkMainScreen start quiet mode
2015-08-08 00:26:32 : checkMainScreen exit quiet mode
2015-08-08 00:26:33 : checkMainScreen start quiet mode
2015-08-08 00:26:33 : checkMainScreen exit quiet mode
2015-08-08 00:26:33 : Func Idle 
2015-08-08 00:26:33 : ====== Waiting for full army ======
2015-08-08 00:26:44 : checkMainScreen start quiet mode
2015-08-08 00:26:44 : checkMainScreen exit quiet mode
2015-08-08 00:26:45 : checkMainScreen start quiet mode
2015-08-08 00:26:45 : checkMainScreen exit quiet mode
2015-08-08 00:26:45 : Func Train 
2015-08-08 00:26:45 : Halt enabled, $TotalTrainedTroops= 200, Adj TotalCamp= 192
2015-08-08 00:26:45 : RESET AT 0 CurArch
2015-08-08 00:26:45 : RESET AT 0 CurGiant
2015-08-08 00:26:45 : RESET AT 0 CurWall
2015-08-08 00:26:45 : RESET AT 0 CurBarb
2015-08-08 00:26:45 : RESET AT 0 CurGobl
2015-08-08 00:26:45 : RESET AT 0 CurHeal
2015-08-08 00:26:45 : RESET AT 0 CurPekk
2015-08-08 00:26:45 : RESET AT 0 CurBall
2015-08-08 00:26:45 : RESET AT 0 CurWiza
2015-08-08 00:26:45 : RESET AT 0 CurDrag
2015-08-08 00:26:45 : RESET AT 0 CurMini
2015-08-08 00:26:45 : RESET AT 0 CurHogs
2015-08-08 00:26:45 : RESET AT 0 CurValk
2015-08-08 00:26:45 : RESET AT 0 CurGole
2015-08-08 00:26:45 : RESET AT 0 CurWitc
2015-08-08 00:26:45 : RESET AT 0 CurLava
2015-08-08 00:26:45 : Checking Army Camp...
2015-08-08 00:26:46 : $sArmyInfo = 200#200
2015-08-08 00:26:47 : $CurCamp = 200
2015-08-08 00:26:47 : $TotalCamp = 200
2015-08-08 00:26:47 : Total Army Camp capacity: 200/200
2015-08-08 00:26:47 : $hBitmapFirst made
2015-08-08 00:26:47 : Calling CGBfunctions.dll/searchIdentifyTroopTrained 
2015-08-08 00:26:48 : Dll return $FullTemp :Barbarian|8-21|79#Archer|71-22|121
2015-08-08 00:26:48 : $Trooptype split # : 2
2015-08-08 00:26:48 : Start the Loop
2015-08-08 00:26:48 : $TroopTypeT[$i] split : 1
2015-08-08 00:26:48 :  - No. of Barbarians: 79
2015-08-08 00:26:48 : $TroopTypeT[$i] split : 2
2015-08-08 00:26:48 :  - No. of Archers: 121
2015-08-08 00:26:48 : start barrackstatus
2015-08-08 00:26:48 : OK, I'm in army overview
2015-08-08 00:26:48 : barrack 1 found upgrading! color 6B6964
2015-08-08 00:26:48 : barrack 2 found! color 888070
2015-08-08 00:26:48 : barrack 3 found! color 888070
2015-08-08 00:26:48 : barrack 4 found! color 888070
2015-08-08 00:26:48 : dark barrack 1 found! color 888070
2015-08-08 00:26:49 : dark barrack 5 found upgrading! color 6B6964
2015-08-08 00:26:49 : Factory Spell found! color 888070
2015-08-08 00:26:49 : Dark Factory Spell found! color 888070
2015-08-08 00:26:49 : Barracks and Spell factory status: 
2015-08-08 00:26:49 : - Barracks detected: 4 | Available: 3 | Upgrading: 1
2015-08-08 00:26:49 : - Dark Barracks detected: 2 | Available: 1 | Upgrading: 1
2015-08-08 00:26:49 : - Spell factory detected: 1 | Available: 1 | Upgrading: 0
2015-08-08 00:26:49 : - Dark Spell factory detected: 1 | Available: 1 | Upgrading: 0
2015-08-08 00:26:49 : Trainaviable[0] = 1
2015-08-08 00:26:49 : Trainaviable[1] = 0
2015-08-08 00:26:49 : Trainaviable[2] = 1
2015-08-08 00:26:49 : Trainaviable[3] = 1
2015-08-08 00:26:49 : Trainaviable[4] = 1
2015-08-08 00:26:49 : Trainaviable[5] = 1
2015-08-08 00:26:49 : Trainaviable[6] = 0
2015-08-08 00:26:49 : Trainaviable[7] = 1
2015-08-08 00:26:49 : Trainaviable[8] = 1
2015-08-08 00:26:49 : Training Troops...
2015-08-08 00:26:49 : Train: need to make normal troops: True
2015-08-08 00:26:49 : Train: need to make dark troops: False
2015-08-08 00:26:49 : LAST BARRACK = 4
2015-08-08 00:26:49 : OverView TabColor=BBBDB9
2015-08-08 00:26:49 : Last Barrack TabColor=888070
2015-08-08 00:26:50 : Your Army Camps are now Full
2015-08-08 00:26:50 : ---------COMPUTE TROOPS TO MAKE------------------------
2015-08-08 00:26:50 : -- Compute AnotherTroops to train
2015-08-08 00:26:50 : Need to train (height) GOBL:0% BARB: 120% ARCH: 80% AND 0 other troops space
2015-08-08 00:26:50 : Total Troops to be Trained= 200
2015-08-08 00:26:50 : BARRACKNUM: 3
2015-08-08 00:26:50 : ArchEBarrack: 26
2015-08-08 00:26:50 : BarbEBarrack: 40
2015-08-08 00:26:50 : DARKBARRACKNUM: 1
2015-08-08 00:26:50 : ---------END COMPUTE TROOPS TO MAKE--------------------
2015-08-08 00:26:50 : 
2015-08-08 00:26:50 : ---------TRAIN BARRACK MODE------------------------
2015-08-08 00:26:50 : Barrack4 selected
2015-08-08 00:26:50 : Full Check=8D8D8D
2015-08-08 00:26:51 : Move from Barrack 4 direction -1
2015-08-08 00:26:52 : Barrack3 selected
2015-08-08 00:26:53 : Full Check=8D8D8D
2015-08-08 00:26:53 : Move from Barrack 3 direction -1
2015-08-08 00:26:54 : Barrack2 selected
2015-08-08 00:26:55 : Full Check=8F8F8F
2015-08-08 00:26:55 : Move from Barrack 2 direction -1
2015-08-08 00:26:57 : This is not a Barrack
2015-08-08 00:26:57 : ---=====================END TRAIN =======================================---
2015-08-08 00:26:58 : checkMainScreen start quiet mode
2015-08-08 00:26:58 : checkMainScreen exit quiet mode
2015-08-08 00:26:58 : Trophy Count : 2546
2015-08-08 00:26:58 : checkMainScreen start quiet mode
2015-08-08 00:26:58 : checkMainScreen exit quiet mode
2015-08-08 00:26:59 : checkMainScreen start quiet mode
2015-08-08 00:26:59 : checkMainScreen exit quiet mode
2015-08-08 00:27:01 : Finished kicking
2015-08-08 00:27:01 : Func Idle 
2015-08-08 00:27:02 : ====== Waiting for full army ======
2015-08-08 00:27:13 : checkMainScreen start quiet mode
2015-08-08 00:27:13 : checkMainScreen exit quiet mode
2015-08-08 00:27:13 : checkMainScreen start quiet mode
2015-08-08 00:27:13 : checkMainScreen exit quiet mode
2015-08-08 00:27:14 : Func Train 
2015-08-08 00:27:14 : Halt enabled, $TotalTrainedTroops= 200, Adj TotalCamp= 192
2015-08-08 00:27:14 : RESET AT 0 CurArch
2015-08-08 00:27:14 : RESET AT 0 CurGiant
2015-08-08 00:27:14 : RESET AT 0 CurWall
2015-08-08 00:27:14 : RESET AT 0 CurBarb
2015-08-08 00:27:14 : RESET AT 0 CurGobl
2015-08-08 00:27:14 : RESET AT 0 CurHeal
2015-08-08 00:27:14 : RESET AT 0 CurPekk
2015-08-08 00:27:14 : RESET AT 0 CurBall
2015-08-08 00:27:14 : RESET AT 0 CurWiza
2015-08-08 00:27:14 : RESET AT 0 CurDrag
2015-08-08 00:27:14 : RESET AT 0 CurMini
2015-08-08 00:27:14 : RESET AT 0 CurHogs
2015-08-08 00:27:14 : RESET AT 0 CurValk
2015-08-08 00:27:14 : RESET AT 0 CurGole
2015-08-08 00:27:14 : RESET AT 0 CurWitc
2015-08-08 00:27:14 : RESET AT 0 CurLava
2015-08-08 00:27:14 : Checking Army Camp...
2015-08-08 00:27:15 : $sArmyInfo = 200#200
2015-08-08 00:27:15 : $CurCamp = 200
2015-08-08 00:27:15 : $TotalCamp = 200
2015-08-08 00:27:16 : Total Army Camp capacity: 200/200
2015-08-08 00:27:16 : $hBitmapFirst made
2015-08-08 00:27:16 : Calling CGBfunctions.dll/searchIdentifyTroopTrained 
2015-08-08 00:27:17 : Dll return $FullTemp :Barbarian|8-21|79#Archer|71-22|121
2015-08-08 00:27:17 : $Trooptype split # : 2
2015-08-08 00:27:17 : Start the Loop
2015-08-08 00:27:17 : $TroopTypeT[$i] split : 1
2015-08-08 00:27:17 :  - No. of Barbarians: 79
2015-08-08 00:27:17 : $TroopTypeT[$i] split : 2
2015-08-08 00:27:17 :  - No. of Archers: 121
2015-08-08 00:27:17 : start barrackstatus
2015-08-08 00:27:17 : OK, I'm in army overview
2015-08-08 00:27:17 : barrack 1 found upgrading! color 6B6964
2015-08-08 00:27:17 : barrack 2 found! color 888070
2015-08-08 00:27:17 : barrack 3 found! color 888070
2015-08-08 00:27:17 : barrack 4 found! color 888070
2015-08-08 00:27:17 : dark barrack 1 found! color 888070
2015-08-08 00:27:17 : dark barrack 5 found upgrading! color 6B6964
2015-08-08 00:27:17 : Factory Spell found! color 888070
2015-08-08 00:27:17 : Dark Factory Spell found! color 888070
2015-08-08 00:27:17 : Barracks and Spell factory status: 
2015-08-08 00:27:17 : - Barracks detected: 4 | Available: 3 | Upgrading: 1
2015-08-08 00:27:17 : - Dark Barracks detected: 2 | Available: 1 | Upgrading: 1
2015-08-08 00:27:17 : - Spell factory detected: 1 | Available: 1 | Upgrading: 0
2015-08-08 00:27:17 : - Dark Spell factory detected: 1 | Available: 1 | Upgrading: 0
2015-08-08 00:27:17 : Trainaviable[0] = 1
2015-08-08 00:27:17 : Trainaviable[1] = 0
2015-08-08 00:27:17 : Trainaviable[2] = 1
2015-08-08 00:27:17 : Trainaviable[3] = 1
2015-08-08 00:27:17 : Trainaviable[4] = 1
2015-08-08 00:27:17 : Trainaviable[5] = 1
2015-08-08 00:27:17 : Trainaviable[6] = 0
2015-08-08 00:27:18 : Trainaviable[7] = 1
2015-08-08 00:27:18 : Trainaviable[8] = 1
2015-08-08 00:27:18 : Training Troops...
2015-08-08 00:27:18 : Train: need to make normal troops: True
2015-08-08 00:27:18 : Train: need to make dark troops: False
2015-08-08 00:27:18 : LAST BARRACK = 4
2015-08-08 00:27:18 : OverView TabColor=B7BBB8
2015-08-08 00:27:18 : Last Barrack TabColor=888070
2015-08-08 00:27:18 : Your Army Camps are now Full
2015-08-08 00:27:18 : ---------COMPUTE TROOPS TO MAKE------------------------
2015-08-08 00:27:18 : -- Compute AnotherTroops to train
2015-08-08 00:27:18 : Need to train (height) GOBL:0% BARB: 120% ARCH: 80% AND 0 other troops space
2015-08-08 00:27:18 : Total Troops to be Trained= 200
2015-08-08 00:27:18 : BARRACKNUM: 3
2015-08-08 00:27:18 : ArchEBarrack: 26
2015-08-08 00:27:18 : BarbEBarrack: 40
2015-08-08 00:27:18 : DARKBARRACKNUM: 1
2015-08-08 00:27:18 : ---------END COMPUTE TROOPS TO MAKE--------------------
2015-08-08 00:27:18 : 
2015-08-08 00:27:18 : ---------TRAIN BARRACK MODE------------------------
2015-08-08 00:27:19 : Barrack4 selected
2015-08-08 00:27:19 : Full Check=8D8D8D
2015-08-08 00:27:20 : Move from Barrack 4 direction -1
2015-08-08 00:27:21 : Barrack3 selected
2015-08-08 00:27:21 : Full Check=8D8D8D
2015-08-08 00:27:22 : Move from Barrack 3 direction -1
2015-08-08 00:27:23 : Barrack2 selected
2015-08-08 00:27:23 : Full Check=8F8F8F
2015-08-08 00:27:24 : Move from Barrack 2 direction -1
2015-08-08 00:27:25 : This is not a Barrack
2015-08-08 00:27:25 : ---=====================END TRAIN =======================================---
2015-08-08 00:27:26 : checkMainScreen start quiet mode
2015-08-08 00:27:26 : checkMainScreen exit quiet mode
2015-08-08 00:27:27 : Trophy Count : 2546
2015-08-08 00:29:00 : Bot clean start
2015-08-08 00:29:01 : Trying to locate Main Screen
2015-08-08 00:29:01 : Main Screen Located
2015-08-08 00:29:01 : checkMainScreen start quiet mode
2015-08-08 00:29:01 : checkMainScreen exit quiet mode
2015-08-08 00:29:02 : Collecting Resources
2015-08-08 00:29:08 : checkMainScreen start quiet mode
2015-08-08 00:29:08 : checkMainScreen exit quiet mode
2015-08-08 00:29:10 : Checking if Village needs Rearming..
2015-08-08 00:29:16 : checkMainScreen start quiet mode
2015-08-08 00:29:16 : checkMainScreen exit quiet mode
2015-08-08 00:29:16 : checkMainScreen start quiet mode
2015-08-08 00:29:17 : checkMainScreen exit quiet mode
2015-08-08 00:29:17 : Village Report
2015-08-08 00:29:17 : No. of Free/Total Builders: 0/4
2015-08-08 00:29:17 :  [T]: 2 546
2015-08-08 00:29:17 :  [G]: 1 745 127 [E]: 5 200 502 [D]: 18 458 [GEM]: 1 981
2015-08-08 00:29:18 : checkMainScreen start quiet mode
2015-08-08 00:29:18 : checkMainScreen exit quiet mode
2015-08-08 00:29:19 : checkMainScreen start quiet mode
2015-08-08 00:29:19 : checkMainScreen exit quiet mode
2015-08-08 00:29:20 : checkMainScreen start quiet mode
2015-08-08 00:29:20 : checkMainScreen exit quiet mode
2015-08-08 00:29:20 : Func Train 
2015-08-08 00:29:20 : Halt enabled, $TotalTrainedTroops= 200, Adj TotalCamp= 192
2015-08-08 00:29:20 : Checking Army Camp...
2015-08-08 00:29:21 : $sArmyInfo = 200#200
2015-08-08 00:29:21 : $CurCamp = 200
2015-08-08 00:29:21 : $TotalCamp = 200
2015-08-08 00:29:22 : Total Army Camp capacity: 200/200
2015-08-08 00:29:22 : $hBitmapFirst made
2015-08-08 00:29:22 : Calling CGBfunctions.dll/searchIdentifyTroopTrained 
2015-08-08 00:29:23 : Dll return $FullTemp :Barbarian|8-21|79#Archer|71-22|121
2015-08-08 00:29:23 : $Trooptype split # : 2
2015-08-08 00:29:23 : Start the Loop
2015-08-08 00:29:23 : $TroopTypeT[$i] split : 1
2015-08-08 00:29:23 :  - No. of Barbarians: 79
2015-08-08 00:29:23 : $TroopTypeT[$i] split : 2
2015-08-08 00:29:23 :  - No. of Archers: 121
2015-08-08 00:29:23 : start barrackstatus
2015-08-08 00:29:23 : OK, I'm in army overview
2015-08-08 00:29:23 : barrack 1 found upgrading! color 6B6964
2015-08-08 00:29:23 : barrack 2 found! color 888070
2015-08-08 00:29:23 : barrack 3 found! color 888070
2015-08-08 00:29:23 : barrack 4 found! color 888070
2015-08-08 00:29:23 : dark barrack 1 found! color 888070
2015-08-08 00:29:23 : dark barrack 5 found upgrading! color 6B6964
2015-08-08 00:29:23 : Factory Spell found! color 888070
2015-08-08 00:29:23 : Dark Factory Spell found! color 888070
2015-08-08 00:29:23 : Barracks and Spell factory status: 
2015-08-08 00:29:23 : - Barracks detected: 4 | Available: 3 | Upgrading: 1
2015-08-08 00:29:24 : - Dark Barracks detected: 2 | Available: 1 | Upgrading: 1
2015-08-08 00:29:24 : - Spell factory detected: 1 | Available: 1 | Upgrading: 0
2015-08-08 00:29:24 : - Dark Spell factory detected: 1 | Available: 1 | Upgrading: 0
2015-08-08 00:29:24 : Trainaviable[0] = 1
2015-08-08 00:29:24 : Trainaviable[1] = 0
2015-08-08 00:29:24 : Trainaviable[2] = 1
2015-08-08 00:29:24 : Trainaviable[3] = 1
2015-08-08 00:29:24 : Trainaviable[4] = 1
2015-08-08 00:29:24 : Trainaviable[5] = 1
2015-08-08 00:29:24 : Trainaviable[6] = 0
2015-08-08 00:29:24 : Trainaviable[7] = 1
2015-08-08 00:29:24 : Trainaviable[8] = 1
2015-08-08 00:29:24 : Training Troops...
2015-08-08 00:29:24 : Train: need to make normal troops: True
2015-08-08 00:29:24 : Train: need to make dark troops: False
2015-08-08 00:29:24 : LAST BARRACK = 4
2015-08-08 00:29:24 : OverView TabColor=CECEC8
2015-08-08 00:29:24 : Last Barrack TabColor=888070
2015-08-08 00:29:25 : Your Army Camps are now Full
2015-08-08 00:29:25 : ---------COMPUTE TROOPS TO MAKE------------------------
2015-08-08 00:29:25 : -- Compute AnotherTroops to train
2015-08-08 00:29:25 : Need to train (height) GOBL:0% BARB: 120% ARCH: 80% AND 0 other troops space
2015-08-08 00:29:25 : Total Troops to be Trained= 200
2015-08-08 00:29:25 : BARRACKNUM: 3
2015-08-08 00:29:25 : ArchEBarrack: 26
2015-08-08 00:29:25 : BarbEBarrack: 40
2015-08-08 00:29:25 : DARKBARRACKNUM: 1
2015-08-08 00:29:25 : ---------END COMPUTE TROOPS TO MAKE--------------------
2015-08-08 00:29:25 : 
2015-08-08 00:29:25 : ---------TRAIN BARRACK MODE------------------------
2015-08-08 00:29:25 : Barrack4 selected
2015-08-08 00:29:25 : Full Check=8D8D8D
2015-08-08 00:29:26 : Move from Barrack 4 direction -1
2015-08-08 00:29:27 : Barrack3 selected
2015-08-08 00:29:28 : Full Check=8D8D8D
2015-08-08 00:29:28 : Move from Barrack 3 direction -1
2015-08-08 00:29:29 : Barrack2 selected
2015-08-08 00:29:30 : Full Check=8F8F8F
2015-08-08 00:29:30 : Move from Barrack 2 direction -1
2015-08-08 00:29:31 : This is not a Barrack
2015-08-08 00:29:31 : ---=====================END TRAIN =======================================---
2015-08-08 00:29:33 : checkMainScreen start quiet mode
2015-08-08 00:29:33 : checkMainScreen exit quiet mode
2015-08-08 00:29:34 : checkMainScreen start quiet mode
2015-08-08 00:29:34 : checkMainScreen exit quiet mode
2015-08-08 00:29:35 : checkMainScreen start quiet mode
2015-08-08 00:29:35 : checkMainScreen exit quiet mode
2015-08-08 00:29:36 : checkMainScreen start quiet mode
2015-08-08 00:29:36 : checkMainScreen exit quiet mode
2015-08-08 00:29:36 : Func Idle 
2015-08-08 00:29:36 : ====== Waiting for full army ======
2015-08-08 00:29:47 : checkMainScreen start quiet mode
2015-08-08 00:29:47 : checkMainScreen exit quiet mode
2015-08-08 00:29:48 : checkMainScreen start quiet mode
2015-08-08 00:29:48 : checkMainScreen exit quiet mode
2015-08-08 00:29:48 : Func Train 
2015-08-08 00:29:48 : Halt enabled, $TotalTrainedTroops= 200, Adj TotalCamp= 192
2015-08-08 00:29:48 : RESET AT 0 CurArch
2015-08-08 00:29:48 : RESET AT 0 CurGiant
2015-08-08 00:29:48 : RESET AT 0 CurWall
2015-08-08 00:29:48 : RESET AT 0 CurBarb
2015-08-08 00:29:48 : RESET AT 0 CurGobl
2015-08-08 00:29:48 : RESET AT 0 CurHeal
2015-08-08 00:29:48 : RESET AT 0 CurPekk
2015-08-08 00:29:48 : RESET AT 0 CurBall
2015-08-08 00:29:48 : RESET AT 0 CurWiza
2015-08-08 00:29:48 : RESET AT 0 CurDrag
2015-08-08 00:29:48 : RESET AT 0 CurMini
2015-08-08 00:29:48 : RESET AT 0 CurHogs
2015-08-08 00:29:48 : RESET AT 0 CurValk
2015-08-08 00:29:48 : RESET AT 0 CurGole
2015-08-08 00:29:48 : RESET AT 0 CurWitc
2015-08-08 00:29:48 : RESET AT 0 CurLava
2015-08-08 00:29:48 : Checking Army Camp...
2015-08-08 00:29:50 : $sArmyInfo = 200#200
2015-08-08 00:29:50 : $CurCamp = 200
2015-08-08 00:29:50 : $TotalCamp = 200
2015-08-08 00:29:50 : Total Army Camp capacity: 200/200
2015-08-08 00:29:50 : $hBitmapFirst made
2015-08-08 00:29:51 : Calling CGBfunctions.dll/searchIdentifyTroopTrained 
2015-08-08 00:29:51 : Dll return $FullTemp :Barbarian|8-21|79#Archer|71-22|121
2015-08-08 00:29:51 : $Trooptype split # : 2
2015-08-08 00:29:51 : Start the Loop
2015-08-08 00:29:51 : $TroopTypeT[$i] split : 1
2015-08-08 00:29:51 :  - No. of Barbarians: 79
2015-08-08 00:29:52 : $TroopTypeT[$i] split : 2
2015-08-08 00:29:52 :  - No. of Archers: 121
2015-08-08 00:29:52 : start barrackstatus
2015-08-08 00:29:52 : OK, I'm in army overview
2015-08-08 00:29:52 : barrack 1 found upgrading! color 6B6964
2015-08-08 00:29:52 : barrack 2 found! color 888070
2015-08-08 00:29:52 : barrack 3 found! color 888070
2015-08-08 00:29:52 : barrack 4 found! color 888070
2015-08-08 00:29:52 : dark barrack 1 found! color 888070
2015-08-08 00:29:52 : dark barrack 5 found upgrading! color 6B6964
2015-08-08 00:29:52 : Factory Spell found! color 888070
2015-08-08 00:29:52 : Dark Factory Spell found! color 888070
2015-08-08 00:29:52 : Barracks and Spell factory status: 
2015-08-08 00:29:52 : - Barracks detected: 4 | Available: 3 | Upgrading: 1
2015-08-08 00:29:52 : - Dark Barracks detected: 2 | Available: 1 | Upgrading: 1
2015-08-08 00:29:52 : - Spell factory detected: 1 | Available: 1 | Upgrading: 0
2015-08-08 00:29:52 : - Dark Spell factory detected: 1 | Available: 1 | Upgrading: 0
2015-08-08 00:29:52 : Trainaviable[0] = 1
2015-08-08 00:29:52 : Trainaviable[1] = 0
2015-08-08 00:29:52 : Trainaviable[2] = 1
2015-08-08 00:29:52 : Trainaviable[3] = 1
2015-08-08 00:29:52 : Trainaviable[4] = 1
2015-08-08 00:29:52 : Trainaviable[5] = 1
2015-08-08 00:29:52 : Trainaviable[6] = 0
2015-08-08 00:29:52 : Trainaviable[7] = 1
2015-08-08 00:29:52 : Trainaviable[8] = 1
2015-08-08 00:29:52 : Training Troops...
2015-08-08 00:29:53 : Train: need to make normal troops: True
2015-08-08 00:29:53 : Train: need to make dark troops: False
2015-08-08 00:29:53 : LAST BARRACK = 4
2015-08-08 00:29:53 : OverView TabColor=9BA3A6
2015-08-08 00:29:53 : Last Barrack TabColor=888070
2015-08-08 00:29:53 : Last Barrack TabColor=888070
2015-08-08 00:29:53 : Your Army Camps are now Full
2015-08-08 00:29:53 : ---------COMPUTE TROOPS TO MAKE------------------------
2015-08-08 00:29:53 : -- Compute AnotherTroops to train
2015-08-08 00:29:53 : Need to train (height) GOBL:0% BARB: 120% ARCH: 80% AND 0 other troops space
2015-08-08 00:29:53 : Total Troops to be Trained= 200
2015-08-08 00:29:53 : BARRACKNUM: 3
2015-08-08 00:29:53 : ArchEBarrack: 26
2015-08-08 00:29:53 : BarbEBarrack: 40
2015-08-08 00:29:53 : DARKBARRACKNUM: 1
2015-08-08 00:29:53 : ---------END COMPUTE TROOPS TO MAKE--------------------
2015-08-08 00:29:53 : 
2015-08-08 00:29:53 : ---------TRAIN BARRACK MODE------------------------
2015-08-08 00:29:53 : Barrack4 selected
2015-08-08 00:29:54 : Full Check=8D8D8D
2015-08-08 00:29:54 : Move from Barrack 4 direction -1
2015-08-08 00:29:56 : Barrack3 selected
2015-08-08 00:29:56 : Full Check=8D8D8D
2015-08-08 00:29:57 : Move from Barrack 3 direction -1
2015-08-08 00:29:58 : Barrack2 selected
2015-08-08 00:29:58 : Full Check=8F8F8F
2015-08-08 00:29:59 : Move from Barrack 2 direction -1
2015-08-08 00:30:00 : This is not a Barrack
2015-08-08 00:30:00 : ---=====================END TRAIN =======================================---
2015-08-08 00:30:01 : checkMainScreen start quiet mode
2015-08-08 00:30:01 : checkMainScreen exit quiet mode
2015-08-08 00:30:02 : Trophy Count : 2546
2015-08-08 00:30:02 : checkMainScreen start quiet mode
2015-08-08 00:30:02 : checkMainScreen exit quiet mode
2015-08-08 00:30:03 : checkMainScreen start quiet mode
2015-08-08 00:30:03 : checkMainScreen exit quiet mode
2015-08-08 00:30:05 : Finished kicking
2015-08-08 00:30:05 : Func Idle 
2015-08-08 00:30:05 : ====== Waiting for full army ======
2015-08-08 00:30:18 : checkMainScreen start quiet mode
2015-08-08 00:30:18 : checkMainScreen exit quiet mode
2015-08-08 00:30:19 : checkMainScreen start quiet mode
2015-08-08 00:30:19 : checkMainScreen exit quiet mode
2015-08-08 00:30:19 : Func Train 
2015-08-08 00:30:19 : Halt enabled, $TotalTrainedTroops= 200, Adj TotalCamp= 192
2015-08-08 00:30:19 : RESET AT 0 CurArch
2015-08-08 00:30:19 : RESET AT 0 CurGiant
2015-08-08 00:30:19 : RESET AT 0 CurWall
2015-08-08 00:30:19 : RESET AT 0 CurBarb
2015-08-08 00:30:19 : RESET AT 0 CurGobl
2015-08-08 00:30:19 : RESET AT 0 CurHeal
2015-08-08 00:30:19 : RESET AT 0 CurPekk
2015-08-08 00:30:19 : RESET AT 0 CurBall
2015-08-08 00:30:19 : RESET AT 0 CurWiza
2015-08-08 00:30:19 : RESET AT 0 CurDrag
2015-08-08 00:30:19 : RESET AT 0 CurMini
2015-08-08 00:30:19 : RESET AT 0 CurHogs
2015-08-08 00:30:19 : RESET AT 0 CurValk
2015-08-08 00:30:19 : RESET AT 0 CurGole
2015-08-08 00:30:19 : RESET AT 0 CurWitc
2015-08-08 00:30:20 : RESET AT 0 CurLava
2015-08-08 00:30:20 : Checking Army Camp...
2015-08-08 00:30:21 : $sArmyInfo = 200#200
2015-08-08 00:30:21 : $CurCamp = 200
2015-08-08 00:30:21 : $TotalCamp = 200
2015-08-08 00:30:22 : Total Army Camp capacity: 200/200
2015-08-08 00:30:22 : $hBitmapFirst made
2015-08-08 00:30:22 : Calling CGBfunctions.dll/searchIdentifyTroopTrained 
2015-08-08 00:30:22 : Dll return $FullTemp :Barbarian|8-21|79#Archer|71-22|121
2015-08-08 00:30:22 : $Trooptype split # : 2
2015-08-08 00:30:22 : Start the Loop
2015-08-08 00:30:23 : $TroopTypeT[$i] split : 1
2015-08-08 00:30:23 :  - No. of Barbarians: 79
2015-08-08 00:30:23 : $TroopTypeT[$i] split : 2
2015-08-08 00:30:23 :  - No. of Archers: 121
2015-08-08 00:30:23 : start barrackstatus
2015-08-08 00:30:23 : OK, I'm in army overview
2015-08-08 00:30:23 : barrack 1 found upgrading! color 6B6964
2015-08-08 00:30:23 : barrack 2 found! color 888070
2015-08-08 00:30:23 : barrack 3 found! color 888070
2015-08-08 00:30:23 : barrack 4 found! color 888070
2015-08-08 00:30:23 : dark barrack 1 found! color 888070
2015-08-08 00:30:23 : dark barrack 5 found upgrading! color 6B6964
2015-08-08 00:30:23 : Factory Spell found! color 888070
2015-08-08 00:30:23 : Dark Factory Spell found! color 888070
2015-08-08 00:30:23 : Barracks and Spell factory status: 
2015-08-08 00:30:23 : - Barracks detected: 4 | Available: 3 | Upgrading: 1
2015-08-08 00:30:23 : - Dark Barracks detected: 2 | Available: 1 | Upgrading: 1
2015-08-08 00:30:23 : - Spell factory detected: 1 | Available: 1 | Upgrading: 0
2015-08-08 00:30:23 : - Dark Spell factory detected: 1 | Available: 1 | Upgrading: 0
2015-08-08 00:30:23 : Trainaviable[0] = 1
2015-08-08 00:30:23 : Trainaviable[1] = 0
2015-08-08 00:30:23 : Trainaviable[2] = 1
2015-08-08 00:30:23 : Trainaviable[3] = 1
2015-08-08 00:30:23 : Trainaviable[4] = 1
2015-08-08 00:30:23 : Trainaviable[5] = 1
2015-08-08 00:30:23 : Trainaviable[6] = 0
2015-08-08 00:30:23 : Trainaviable[7] = 1
2015-08-08 00:30:23 : Trainaviable[8] = 1
2015-08-08 00:30:23 : Training Troops...
2015-08-08 00:30:24 : Train: need to make normal troops: True
2015-08-08 00:30:24 : Train: need to make dark troops: False
2015-08-08 00:30:24 : LAST BARRACK = 4
2015-08-08 00:30:24 : OverView TabColor=DBDBD4
2015-08-08 00:30:24 : Last Barrack TabColor=888070
2015-08-08 00:30:24 : Your Army Camps are now Full
2015-08-08 00:30:24 : ---------COMPUTE TROOPS TO MAKE------------------------
2015-08-08 00:30:24 : -- Compute AnotherTroops to train
2015-08-08 00:30:24 : Need to train (height) GOBL:0% BARB: 120% ARCH: 80% AND 0 other troops space
2015-08-08 00:30:24 : Total Troops to be Trained= 200
2015-08-08 00:30:24 : BARRACKNUM: 3
2015-08-08 00:30:24 : ArchEBarrack: 26
2015-08-08 00:30:24 : BarbEBarrack: 40
2015-08-08 00:30:24 : DARKBARRACKNUM: 1
2015-08-08 00:30:24 : ---------END COMPUTE TROOPS TO MAKE--------------------
2015-08-08 00:30:24 : 
2015-08-08 00:30:24 : ---------TRAIN BARRACK MODE------------------------
2015-08-08 00:30:24 : Barrack4 selected
2015-08-08 00:30:25 : Full Check=8D8D8D
2015-08-08 00:30:25 : Move from Barrack 4 direction -1
2015-08-08 00:30:27 : Barrack3 selected
2015-08-08 00:30:27 : Full Check=8D8D8D
2015-08-08 00:30:28 : Move from Barrack 3 direction -1
2015-08-08 00:30:29 : Barrack2 selected
2015-08-08 00:30:29 : Full Check=8F8F8F
2015-08-08 00:30:30 : Move from Barrack 2 direction -1
2015-08-08 00:30:31 : This is not a Barrack
2015-08-08 00:30:31 : ---=====================END TRAIN =======================================---
2015-08-08 00:30:32 : checkMainScreen start quiet mode
2015-08-08 00:30:32 : checkMainScreen exit quiet mode
2015-08-08 00:30:33 : Trophy Count : 2546
2015-08-08 00:30:37 : Bot clean start
2015-08-08 00:30:38 : Trying to locate Main Screen
2015-08-08 00:30:38 : Main Screen Located
