2015-08-07 23:49:25 : ~ Clash Game Bot v4.1MODS Powered by GameBot.org ~
2015-08-07 23:49:25 : GameBot.org.au3 Script running on WIN_7  X64
2015-08-07 23:49:25 : =================== Bot Start ====================
2015-08-07 23:49:25 : -------------------------  Current Profile: 04 --------------------------
2015-08-07 23:49:25 :  Warning Debug Mode Enabled! Setlog: 1 OCR: 0 RedArea: 0 
2015-08-07 23:49:25 : Trying to locate Main Screen
2015-08-07 23:49:26 : CheckObstacles Result = True
2015-08-07 23:49:26 : Waiting for Main Screen
2015-08-07 23:49:26 : ChkObst Loop = 0ExitLoop = 0
2015-08-07 23:49:29 : ChkObst Loop = 1ExitLoop = 1
2015-08-07 23:49:29 : Screen cleared, WaitMainScreen exit
2015-08-07 23:49:29 : Main Screen Located
2015-08-07 23:49:30 : Detecting your Buildings..
2015-08-07 23:49:34 : Language setting is English: Correct.
2015-08-07 23:49:34 : Bot clean start
2015-08-07 23:49:35 : Trying to locate Main Screen
2015-08-07 23:49:35 : Main Screen Located
2015-08-07 23:49:36 : Halt Attack, Stay Online/Collect...
2015-08-07 23:49:37 : checkMainScreen start quiet mode
2015-08-07 23:49:37 : checkMainScreen exit quiet mode
2015-08-07 23:49:37 : Collecting Resources
2015-08-07 23:49:43 : checkMainScreen start quiet mode
2015-08-07 23:49:43 : checkMainScreen exit quiet mode
2015-08-07 23:49:44 : Checking if Village needs Rearming..
2015-08-07 23:49:50 : checkMainScreen start quiet mode
2015-08-07 23:49:50 : checkMainScreen exit quiet mode
2015-08-07 23:49:51 : checkMainScreen start quiet mode
2015-08-07 23:49:51 : checkMainScreen exit quiet mode
2015-08-07 23:49:51 : Village Report
2015-08-07 23:49:52 : No. of Free/Total Builders: 0/4
2015-08-07 23:49:52 :  [T]: 2 546
2015-08-07 23:49:52 :  [G]: 1 724 458 [E]: 5 184 870 [D]: 18 350 [GEM]: 1 981
2015-08-07 23:49:52 : checkMainScreen start quiet mode
2015-08-07 23:49:52 : checkMainScreen exit quiet mode
2015-08-07 23:49:53 : checkMainScreen start quiet mode
2015-08-07 23:49:53 : checkMainScreen exit quiet mode
2015-08-07 23:49:54 : checkMainScreen start quiet mode
2015-08-07 23:49:54 : checkMainScreen exit quiet mode
2015-08-07 23:49:55 : checkMainScreen start quiet mode
2015-08-07 23:49:55 : checkMainScreen exit quiet mode
2015-08-07 23:49:56 : checkMainScreen start quiet mode
2015-08-07 23:49:56 : checkMainScreen exit quiet mode
2015-08-07 23:49:57 : checkMainScreen start quiet mode
2015-08-07 23:49:57 : checkMainScreen exit quiet mode
2015-08-07 23:49:58 : checkMainScreen start quiet mode
2015-08-07 23:49:58 : checkMainScreen exit quiet mode
2015-08-07 23:49:58 : checkMainScreen start quiet mode
2015-08-07 23:49:58 : checkMainScreen exit quiet mode
2015-08-07 23:50:01 : Finished kicking
2015-08-07 23:50:01 : Func Idle 
2015-08-07 23:50:12 : checkMainScreen start quiet mode
2015-08-07 23:50:12 : checkMainScreen exit quiet mode
2015-08-07 23:50:12 : Checking Overview for full army [!] True, 407508
2015-08-07 23:50:12 : Screenshot saved: .\Profiles\04\Temp\2015-08-07_23.50.12.jpg
2015-08-07 23:50:13 : Checking Overview for full CC [!] False, DD3B3D
2015-08-07 23:50:38 : Checking Overview for full Heroes [!] True, 98C538
2015-08-07 23:50:40 : checkMainScreen start quiet mode
2015-08-07 23:50:40 : checkMainScreen exit quiet mode
2015-08-07 23:50:40 : Func Train 
