2015-08-07 22:17:06 : ~ Clash Game Bot v4.1MODS Powered by GameBot.org ~
2015-08-07 22:17:06 : GameBot.org.exe Executable running on WIN_7  X64
2015-08-07 22:17:06 : =================== Bot Start ====================
2015-08-07 22:17:06 : -------------------------  Current Profile: 04 --------------------------
2015-08-07 22:17:06 :  Warning Debug Mode Enabled! Setlog: 1 OCR: 0 RedArea: 0 
2015-08-07 22:17:06 : Trying to locate Main Screen
2015-08-07 22:17:13 : CheckObstacles Result = True
2015-08-07 22:17:13 : Waiting for Main Screen
2015-08-07 22:17:13 : ChkObst Loop = 0ExitLoop = 0
2015-08-07 22:17:13 : Screen cleared, WaitMainScreen exit
2015-08-07 22:17:15 : Zooming Out
2015-08-07 22:17:15 : Index = 0
2015-08-07 22:17:15 : ControlFocus Result = 1, ControlSend Result = 1|0
2015-08-07 22:17:15 : Index = 2
2015-08-07 22:17:15 : ControlFocus Result = 1, ControlSend Result = 1|0
2015-08-07 22:17:15 : Index = 4
2015-08-07 22:17:16 : ControlFocus Result = 1, ControlSend Result = 1|0
2015-08-07 22:17:16 : Index = 6
2015-08-07 22:17:16 : ControlFocus Result = 1, ControlSend Result = 1|0
2015-08-07 22:17:16 : Index = 8
2015-08-07 22:17:16 : ControlFocus Result = 1, ControlSend Result = 1|0
2015-08-07 22:17:16 : Index = 10
2015-08-07 22:17:17 : ControlFocus Result = 1, ControlSend Result = 1|0
2015-08-07 22:17:17 : Index = 12
2015-08-07 22:17:17 : ControlFocus Result = 1, ControlSend Result = 1|0
2015-08-07 22:17:17 : Main Screen Located
2015-08-07 22:17:18 : Detecting your Buildings..
2015-08-07 22:17:26 : Language setting is English: Correct.
2015-08-07 22:17:26 : Bot clean start
2015-08-07 22:17:27 : Trying to locate Main Screen
2015-08-07 22:17:27 : Main Screen Located
2015-08-07 22:17:28 : Halt Attack, Stay Online/Train/Collect/Donate...
2015-08-07 22:17:29 : checkMainScreen start quiet mode
2015-08-07 22:17:29 : checkMainScreen exit quiet mode
2015-08-07 22:17:29 : Collecting Resources
2015-08-07 22:17:35 : checkMainScreen start quiet mode
2015-08-07 22:17:35 : checkMainScreen exit quiet mode
2015-08-07 22:17:36 : Checking if Village needs Rearming..
2015-08-07 22:17:42 : checkMainScreen start quiet mode
2015-08-07 22:17:42 : checkMainScreen exit quiet mode
2015-08-07 22:17:43 : checkMainScreen start quiet mode
2015-08-07 22:17:43 : checkMainScreen exit quiet mode
2015-08-07 22:17:44 : Village Report
2015-08-07 22:17:44 : No. of Free/Total Builders: 0/4
2015-08-07 22:17:44 :  [T]: 2 546
2015-08-07 22:17:44 :  [G]: 1 679 314 [E]: 5 148 681 [D]: 18 104 [GEM]: 1 981
2015-08-07 22:17:44 : checkMainScreen start quiet mode
2015-08-07 22:17:44 : checkMainScreen exit quiet mode
2015-08-07 22:17:45 : checkMainScreen start quiet mode
2015-08-07 22:17:45 : checkMainScreen exit quiet mode
2015-08-07 22:17:46 : checkMainScreen start quiet mode
2015-08-07 22:17:46 : checkMainScreen exit quiet mode
2015-08-07 22:17:47 : checkMainScreen start quiet mode
2015-08-07 22:17:47 : checkMainScreen exit quiet mode
2015-08-07 22:17:48 : checkMainScreen start quiet mode
2015-08-07 22:17:48 : checkMainScreen exit quiet mode
2015-08-07 22:17:52 : checkMainScreen start quiet mode
2015-08-07 22:17:52 : checkMainScreen exit quiet mode
2015-08-07 22:17:53 : checkMainScreen start quiet mode
2015-08-07 22:17:53 : checkMainScreen exit quiet mode
2015-08-07 22:17:53 : Func Idle 
2015-08-07 22:18:04 : checkMainScreen start quiet mode
2015-08-07 22:18:05 : checkMainScreen exit quiet mode
2015-08-07 22:18:05 : Checking Overview for full army [!] True, 407508
2015-08-07 22:18:05 : Checking Overview for full CC [!] True, 407508
2015-08-07 22:18:21 : Checking Overview for full Heroes [!] True, 407508
2015-08-07 22:18:28 : checkMainScreen start quiet mode
2015-08-07 22:18:28 : checkMainScreen exit quiet mode
2015-08-07 22:18:28 : Func Train 
2015-08-07 22:18:28 : Halt enabled, $TotalTrainedTroops= 0, Adj TotalCamp= -8
2015-08-07 22:18:28 : RESET AT 0 CurArch
2015-08-07 22:18:28 : RESET AT 0 CurGiant
2015-08-07 22:18:29 : RESET AT 0 CurWall
2015-08-07 22:18:29 : RESET AT 0 CurBarb
2015-08-07 22:18:29 : RESET AT 0 CurGobl
2015-08-07 22:18:29 : RESET AT 0 CurHeal
2015-08-07 22:18:29 : RESET AT 0 CurPekk
2015-08-07 22:18:29 : RESET AT 0 CurBall
2015-08-07 22:18:29 : RESET AT 0 CurWiza
2015-08-07 22:18:29 : RESET AT 0 CurDrag
2015-08-07 22:18:29 : RESET AT 0 CurMini
2015-08-07 22:18:29 : RESET AT 0 CurHogs
2015-08-07 22:18:29 : RESET AT 0 CurValk
2015-08-07 22:18:29 : RESET AT 0 CurGole
2015-08-07 22:18:29 : RESET AT 0 CurWitc
2015-08-07 22:18:29 : RESET AT 0 CurLava
2015-08-07 22:18:29 : Checking Army Camp...
2015-08-07 22:18:30 : $sArmyInfo = 200#200
2015-08-07 22:18:30 : $CurCamp = 200
2015-08-07 22:18:30 : $TotalCamp = 200
2015-08-07 22:18:31 : Total Army Camp capacity: 200/200
2015-08-07 22:18:31 : $hBitmapFirst made
2015-08-07 22:18:31 : Calling CGBfunctions.dll/searchIdentifyTroopTrained 
2015-08-07 22:18:33 : Dll return $FullTemp :Barbarian|8-21|79#Archer|71-22|121
2015-08-07 22:18:33 : $Trooptype split # : 2
2015-08-07 22:18:33 : Start the Loop
2015-08-07 22:18:33 : $TroopTypeT[$i] split : 1
2015-08-07 22:18:33 :  - No. of Barbarians: 79
2015-08-07 22:18:33 : $TroopTypeT[$i] split : 2
2015-08-07 22:18:33 :  - No. of Archers: 121
2015-08-07 22:18:33 : start barrackstatus
2015-08-07 22:18:33 : OK, I'm in army overview
2015-08-07 22:18:34 : barrack 1 found upgrading! color 6B6964
2015-08-07 22:18:34 : barrack 2 found! color 888070
2015-08-07 22:18:34 : barrack 3 found! color 888070
2015-08-07 22:18:34 : barrack 4 found! color 888070
2015-08-07 22:18:34 : dark barrack 1 found! color 888070
2015-08-07 22:18:34 : dark barrack 5 found upgrading! color 6B6964
2015-08-07 22:18:34 : Factory Spell found! color 888070
2015-08-07 22:18:34 : Dark Factory Spell found! color 888070
2015-08-07 22:18:34 : Barracks and Spell factory status: 
2015-08-07 22:18:34 : - Barracks detected: 4 | Available: 3 | Upgrading: 1
2015-08-07 22:18:34 : - Dark Barracks detected: 2 | Available: 1 | Upgrading: 1
2015-08-07 22:18:34 : - Spell factory detected: 1 | Available: 1 | Upgrading: 0
2015-08-07 22:18:34 : - Dark Spell factory detected: 1 | Available: 1 | Upgrading: 0
2015-08-07 22:18:34 : Trainaviable[0] = 1
2015-08-07 22:18:34 : Trainaviable[1] = 0
2015-08-07 22:18:34 : Trainaviable[2] = 1
2015-08-07 22:18:34 : Trainaviable[3] = 1
2015-08-07 22:18:34 : Trainaviable[4] = 1
2015-08-07 22:18:34 : Trainaviable[5] = 1
2015-08-07 22:18:34 : Trainaviable[6] = 0
2015-08-07 22:18:34 : Trainaviable[7] = 1
2015-08-07 22:18:34 : Trainaviable[8] = 1
2015-08-07 22:18:34 : Training Troops...
2015-08-07 22:18:34 : Train: need to make normal troops: True
2015-08-07 22:18:34 : Train: need to make dark troops: False
2015-08-07 22:18:34 : LAST BARRACK = 4
2015-08-07 22:18:34 : OverView TabColor=CDCDC8
2015-08-07 22:18:35 : Last Barrack TabColor=888070
2015-08-07 22:18:35 : Your Army Camps are now Full
2015-08-07 22:18:35 : ---------COMPUTE TROOPS TO MAKE------------------------
2015-08-07 22:18:35 : -- Compute AnotherTroops to train
2015-08-07 22:18:35 : Need to train (height) GOBL:0% BARB: 120% ARCH: 80% AND 0 other troops space
2015-08-07 22:18:35 : Total Troops to be Trained= 200
2015-08-07 22:18:35 : BARRACKNUM: 3
2015-08-07 22:18:35 : ArchEBarrack: 26
2015-08-07 22:18:35 : BarbEBarrack: 40
2015-08-07 22:18:35 : DARKBARRACKNUM: 1
2015-08-07 22:18:35 : ---------END COMPUTE TROOPS TO MAKE--------------------
2015-08-07 22:18:35 : 
2015-08-07 22:18:35 : ---------TRAIN BARRACK MODE------------------------
2015-08-07 22:18:35 : Barrack4 selected
2015-08-07 22:18:37 : Full Check=DE58D0
2015-08-07 22:18:37 : Full Check=DE58D0
2015-08-07 22:18:37 : Full Check=FF7FF5
2015-08-07 22:18:38 : Full Check=FB75F1
2015-08-07 22:18:38 : Full Check=FF7FF5
2015-08-07 22:18:38 : Full Check=FE78F4
2015-08-07 22:18:38 : Full Check=FF7FF5
2015-08-07 22:18:38 : Full Check=FF7FF5
2015-08-07 22:18:38 : Full Check=FF80F8
2015-08-07 22:18:38 : Full Check=FD74EE
2015-08-07 22:18:38 : Full Check=FF7FF5
2015-08-07 22:18:38 : Full Check=F164DF
2015-08-07 22:18:38 : Full Check=FE78F4
2015-08-07 22:18:38 : Full Check=FF7FF5
2015-08-07 22:18:38 : Full Check=FF7FF5
2015-08-07 22:18:38 : Full Check=FF7FF5
2015-08-07 22:18:38 : Full Check=FF7FF5
2015-08-07 22:18:38 : Full Check=FF7FF5
2015-08-07 22:18:38 : Full Check=FE78F4
2015-08-07 22:18:38 : Full Check=FF7FF5
2015-08-07 22:18:39 : Full Check=FE78F4
2015-08-07 22:18:39 : Full Check=FF7FF5
2015-08-07 22:18:39 : Full Check=FF7FF5
2015-08-07 22:18:39 : Full Check=FE78F4
2015-08-07 22:18:39 : Full Check=FB75F1
2015-08-07 22:18:39 : Full Check=FF78F3
2015-08-07 22:18:39 : Full Check=FE78F4
2015-08-07 22:18:39 : Full Check=FF7FF5
2015-08-07 22:18:39 : Full Check=FE78F4
2015-08-07 22:18:39 : Full Check=FF7FF5
2015-08-07 22:18:39 : Full Check=FF7FF5
2015-08-07 22:18:39 : Full Check=FF7FF5
2015-08-07 22:18:39 : Full Check=FE78F4
2015-08-07 22:18:39 : Full Check=FF7FF5
2015-08-07 22:18:39 : Full Check=F164DF
2015-08-07 22:18:39 : Full Check=FF7FF5
2015-08-07 22:18:40 : Full Check=FE78F4
2015-08-07 22:18:40 : Full Check=FF7FF5
2015-08-07 22:18:40 : Full Check=FF7FF5
2015-08-07 22:18:40 : Full Check=FF7FF5
2015-08-07 22:18:40 : Full Check=FF7FF5
2015-08-07 22:18:40 : Full Check=F164DF
2015-08-07 22:18:40 : Full Check=FE78F4
2015-08-07 22:18:40 : Full Check=FE78F4
2015-08-07 22:18:40 : Full Check=F164DF
2015-08-07 22:18:40 : Full Check=FF7FF5
2015-08-07 22:18:40 : Full Check=FF7FF5
2015-08-07 22:18:40 : Full Check=FF7FF5
2015-08-07 22:18:40 : Full Check=FB75F1
2015-08-07 22:18:40 : Full Check=FF7FF5
2015-08-07 22:18:40 : Full Check=F164DF
2015-08-07 22:18:40 : Full Check=FB75F1
2015-08-07 22:18:41 : Full Check=FE78F4
2015-08-07 22:18:41 : Full Check=FF7FF5
2015-08-07 22:18:41 : Full Check=FB75F1
2015-08-07 22:18:41 : Full Check=FF7FF5
2015-08-07 22:18:41 : Full Check=FF7FF5
2015-08-07 22:18:41 : Full Check=FF7FF5
2015-08-07 22:18:41 : Full Check=FF7FF5
2015-08-07 22:18:41 : Full Check=FE78F4
2015-08-07 22:18:41 : Full Check=FB75F1
2015-08-07 22:18:41 : Full Check=FF7FF5
2015-08-07 22:18:41 : Full Check=FB75F1
2015-08-07 22:18:41 : Full Check=FF7FF5
2015-08-07 22:18:41 : Full Check=FE78F4
2015-08-07 22:18:41 : Full Check=FE78F4
2015-08-07 22:18:41 : Full Check=FF80F8
2015-08-07 22:18:41 : Full Check=FF7FF5
2015-08-07 22:18:42 : Full Check=FE78F4
2015-08-07 22:18:42 : Full Check=FE78F4
2015-08-07 22:18:42 : Full Check=FF7FF5
2015-08-07 22:18:42 : Full Check=FF7FF5
2015-08-07 22:18:42 : Full Check=FF7FF5
2015-08-07 22:18:42 : Full Check=FF80F8
2015-08-07 22:18:42 : Full Check=FE78F4
2015-08-07 22:18:43 : Move from Barrack 4 direction -1
2015-08-07 22:18:44 : Barrack3 selected
2015-08-07 22:18:46 : Full Check=DE58D0
2015-08-07 22:18:46 : Full Check=FF80F8
2015-08-07 22:18:46 : Full Check=FF7FF5
2015-08-07 22:18:46 : Full Check=FF7FF5
2015-08-07 22:18:46 : Full Check=FF7FF5
2015-08-07 22:18:46 : Full Check=FF7FF5
2015-08-07 22:18:46 : Full Check=FF7FF5
2015-08-07 22:18:46 : Full Check=FF7FF5
2015-08-07 22:18:47 : Full Check=F164DF
2015-08-07 22:18:47 : Full Check=FE78F4
2015-08-07 22:18:47 : Full Check=FF7FF5
2015-08-07 22:18:47 : Full Check=FF7FF5
2015-08-07 22:18:47 : Full Check=FF7FF5
2015-08-07 22:18:47 : Full Check=FF7FF5
2015-08-07 22:18:47 : Full Check=FF7FF5
2015-08-07 22:18:47 : Full Check=FE78F4
2015-08-07 22:18:47 : Full Check=FE78F4
2015-08-07 22:18:47 : Full Check=FF78F3
2015-08-07 22:18:47 : Full Check=FF7FF5
2015-08-07 22:18:47 : Full Check=FE78F4
2015-08-07 22:18:47 : Full Check=FB75F1
2015-08-07 22:18:47 : Full Check=FF7FF5
2015-08-07 22:18:47 : Full Check=FE78F4
2015-08-07 22:18:47 : Full Check=FB75F1
2015-08-07 22:18:47 : Full Check=FF78F3
2015-08-07 22:18:48 : Full Check=FE78F4
2015-08-07 22:18:48 : Full Check=FF78F3
2015-08-07 22:18:48 : Full Check=FF78F3
2015-08-07 22:18:48 : Full Check=FE78F4
2015-08-07 22:18:48 : Full Check=FE78F4
2015-08-07 22:18:48 : Full Check=FF7FF5
2015-08-07 22:18:48 : Full Check=FF7FF5
2015-08-07 22:18:48 : Full Check=F164DF
2015-08-07 22:18:48 : Full Check=FF7FF5
2015-08-07 22:18:48 : Full Check=FE78F4
2015-08-07 22:18:48 : Full Check=FF7FF5
2015-08-07 22:18:48 : Full Check=FF7FF5
2015-08-07 22:18:48 : Full Check=F164DF
2015-08-07 22:18:48 : Full Check=FF7FF5
2015-08-07 22:18:48 : Full Check=FE78F4
2015-08-07 22:18:48 : Full Check=FF80F8
2015-08-07 22:18:48 : Full Check=FF7FF5
2015-08-07 22:18:49 : Full Check=FE78F4
2015-08-07 22:18:49 : Full Check=FF7FF5
2015-08-07 22:18:49 : Full Check=FE78F4
2015-08-07 22:18:49 : Full Check=FF7FF5
2015-08-07 22:18:49 : Full Check=FF7FF5
2015-08-07 22:18:49 : Full Check=FE78F4
2015-08-07 22:18:49 : Full Check=FF7FF5
2015-08-07 22:18:49 : Full Check=DE58D0
2015-08-07 22:18:49 : Full Check=DE58D0
2015-08-07 22:18:50 : Full Check=FF7FF5
2015-08-07 22:18:50 : Full Check=FF7FF5
2015-08-07 22:18:50 : Full Check=FB75F1
2015-08-07 22:18:50 : Full Check=FF80F8
2015-08-07 22:18:50 : Full Check=FE78F4
2015-08-07 22:18:50 : Full Check=FB75F1
2015-08-07 22:18:50 : Full Check=FF7FF5
2015-08-07 22:18:50 : Full Check=FF7FF5
2015-08-07 22:18:50 : Full Check=FE78F4
2015-08-07 22:18:50 : Full Check=FF7FF5
2015-08-07 22:18:50 : Full Check=FB75F1
2015-08-07 22:18:50 : Full Check=FF7FF5
2015-08-07 22:18:50 : Full Check=FF7FF5
2015-08-07 22:18:50 : Full Check=FF7FF5
2015-08-07 22:18:50 : Full Check=FB75F1
2015-08-07 22:18:50 : Full Check=FF7FF5
2015-08-07 22:18:50 : Full Check=FD74EE
2015-08-07 22:18:51 : Full Check=FF78F3
2015-08-07 22:18:51 : Full Check=FF7FF5
2015-08-07 22:18:51 : Full Check=FF7FF5
2015-08-07 22:18:51 : Full Check=FE78F4
2015-08-07 22:18:51 : Full Check=FF7FF5
2015-08-07 22:18:51 : Full Check=FF7FF5
2015-08-07 22:18:51 : Full Check=FF7FF5
2015-08-07 22:18:52 : Move from Barrack 3 direction -1
2015-08-07 22:18:53 : Barrack2 selected
2015-08-07 22:18:55 : Full Check=E05AD0
2015-08-07 22:18:55 : Full Check=E05AD0
2015-08-07 22:18:55 : Full Check=FF7EF7
2015-08-07 22:18:55 : Full Check=FF79F5
2015-08-07 22:18:55 : Full Check=FF7EF7
2015-08-07 22:18:55 : Full Check=FF7EF7
2015-08-07 22:18:56 : Full Check=FF7EF7
2015-08-07 22:18:56 : Full Check=FF79F5
2015-08-07 22:18:56 : Full Check=FF7BF6
2015-08-07 22:18:56 : Full Check=FF7EF7
2015-08-07 22:18:56 : Full Check=FF7EF7
2015-08-07 22:18:56 : Full Check=FF7EF7
2015-08-07 22:18:56 : Full Check=FF79F5
2015-08-07 22:18:56 : Full Check=FF7EF7
2015-08-07 22:18:56 : Full Check=FF79F5
2015-08-07 22:18:56 : Full Check=FF7EF7
2015-08-07 22:18:56 : Full Check=FF7EF7
2015-08-07 22:18:56 : Full Check=FF7EF7
2015-08-07 22:18:56 : Full Check=FF7EF7
2015-08-07 22:18:56 : Full Check=FF79F5
2015-08-07 22:18:56 : Full Check=FF79F5
2015-08-07 22:18:56 : Full Check=FF7BF6
2015-08-07 22:18:56 : Full Check=FF7EF7
2015-08-07 22:18:57 : Full Check=FF7EF7
2015-08-07 22:18:57 : Full Check=FF79F5
2015-08-07 22:18:57 : Full Check=FF7BF6
2015-08-07 22:18:57 : Full Check=FF7EF7
2015-08-07 22:18:57 : Full Check=FF79F5
2015-08-07 22:18:57 : Full Check=FF7EF7
2015-08-07 22:18:57 : Full Check=FF79F5
2015-08-07 22:18:57 : Full Check=F167E2
2015-08-07 22:18:57 : Full Check=FF7EF7
2015-08-07 22:18:57 : Full Check=FF7EF7
2015-08-07 22:18:57 : Full Check=FF7EF7
2015-08-07 22:18:57 : Full Check=FF79F5
2015-08-07 22:18:57 : Full Check=FF7EF7
2015-08-07 22:18:57 : Full Check=FF7EF7
2015-08-07 22:18:57 : Full Check=FF79F5
2015-08-07 22:18:57 : Full Check=FF76F1
2015-08-07 22:18:57 : Full Check=FF7EF7
2015-08-07 22:18:58 : Full Check=F167E2
2015-08-07 22:18:58 : Full Check=FF7EF7
2015-08-07 22:18:58 : Full Check=FF79F5
2015-08-07 22:18:58 : Full Check=FF7EF7
2015-08-07 22:18:58 : Full Check=FF7EF7
2015-08-07 22:18:58 : Full Check=FF79F5
2015-08-07 22:18:58 : Full Check=FF7BF6
2015-08-07 22:18:58 : Full Check=FF7BF6
2015-08-07 22:18:58 : Full Check=FF79F5
2015-08-07 22:18:58 : Full Check=FF79F5
2015-08-07 22:18:58 : Full Check=FF79F5
2015-08-07 22:18:58 : Full Check=FF79F5
2015-08-07 22:18:58 : Full Check=FF7EF7
2015-08-07 22:18:58 : Full Check=FF7EF7
2015-08-07 22:18:58 : Full Check=FF7EF7
2015-08-07 22:18:58 : Full Check=FF76F1
2015-08-07 22:18:58 : Full Check=FF7BF6
2015-08-07 22:18:59 : Full Check=FF7EF7
2015-08-07 22:18:59 : Full Check=FF76F1
2015-08-07 22:18:59 : Full Check=FF7EF7
2015-08-07 22:18:59 : Full Check=FF79F5
2015-08-07 22:18:59 : Full Check=FF7EF7
2015-08-07 22:18:59 : Full Check=FF76F1
2015-08-07 22:18:59 : Full Check=FF7EF7
2015-08-07 22:18:59 : Full Check=FF7EF7
2015-08-07 22:18:59 : Full Check=FF79F5
2015-08-07 22:18:59 : Full Check=FF7EF7
2015-08-07 22:18:59 : Full Check=FF7EF7
2015-08-07 22:18:59 : Full Check=FF7EF7
2015-08-07 22:18:59 : Full Check=FF79F5
2015-08-07 22:18:59 : Full Check=FF7EF7
2015-08-07 22:18:59 : Full Check=FF7EF7
2015-08-07 22:18:59 : Full Check=FF7EF7
2015-08-07 22:19:00 : Full Check=FF76F1
2015-08-07 22:19:00 : Full Check=FF79F5
2015-08-07 22:19:00 : Move from Barrack 2 direction -1
2015-08-07 22:19:01 : This is not a Barrack
2015-08-07 22:19:01 : ---=====================END TRAIN =======================================---
2015-08-07 22:19:02 : checkMainScreen start quiet mode
2015-08-07 22:19:02 : checkMainScreen exit quiet mode
2015-08-07 22:19:03 : Time Idle: 00:01:09
2015-08-07 22:19:03 :  ====== Unbreakable Mode enabled! ====== 
2015-08-07 22:19:03 : Trophy Count : 2546
