2015-08-03 00:11:59 : ~ Clash Game Bot v4.1MODS Powered by GameBot.org ~
2015-08-03 00:11:59 : GameBot.org.exe Executable running on WIN_7  X64
2015-08-03 00:11:59 : =================== Bot Start ====================
2015-08-03 00:11:59 : -------------------------  Current Profile: 02 --------------------------
2015-08-03 00:11:59 : Trying to locate Main Screen
2015-08-03 00:11:59 : Main Screen Located
2015-08-03 00:12:00 : Detecting your Buildings..
2015-08-03 00:12:05 : Language setting is English: Correct.
2015-08-03 00:12:06 : Trying to locate Main Screen
2015-08-03 00:12:06 : Main Screen Located
2015-08-03 00:12:07 : Collecting Resources
2015-08-03 00:12:16 : Village Report
2015-08-03 00:12:16 : No. of Free/Total Builders: 0/4
2015-08-03 00:12:16 :  [T]: 1 804
2015-08-03 00:12:16 :  [G]: 6 001 000 [E]: 5 974 432 [D]: 63 302 [GEM]: 953
2015-08-03 00:12:20 : Chat Request: golem soso valkyri pekka sorciere d
2015-08-03 00:12:21 : Checking Army Camp...
2015-08-03 00:12:23 : Total Army Camp capacity: 200/200
2015-08-03 00:12:24 :  - No. of Barbarians: 112
2015-08-03 00:12:24 :  - No. of Archers: 88
2015-08-03 00:12:25 : Barracks and Spell factory status: 
2015-08-03 00:12:25 : - Barracks detected: 4 | Available: 3 | Upgrading: 1
2015-08-03 00:12:25 : - Dark Barracks detected: 2 | Available: 2 | Upgrading: 0
2015-08-03 00:12:25 : - Spell factory detected: 1 | Available: 1 | Upgrading: 0
2015-08-03 00:12:25 : - Dark Spell factory detected: 1 | Available: 0 | Upgrading: 1
2015-08-03 00:12:25 : Training Troops...
2015-08-03 00:12:26 : Your Army Camps are now Full
2015-08-03 00:12:49 : Requesting Clan Castle Troops
2015-08-03 00:12:49 : Your Clan Castle is already full or you are not in a clan.
2015-08-03 00:12:50 : Checking Troop Upgrade in Laboratory ...
2015-08-03 00:12:50 : Updating village values [E]: 5966932 [D]: 63302
2015-08-03 00:12:52 : Trouble finding research button, try again...
2015-08-03 00:12:56 : Finished kicking
2015-08-03 00:12:56 : Going to Attack...
2015-08-03 00:13:02 : ============== Searching For Dead Base ===============
2015-08-03 00:13:02 : ~~~~~~~~~~~~~~~ SEARCH CONDITIONS ~~~~~~~~~~~~~~~~
2015-08-03 00:13:02 : Meet: Gold and Elixir, TH Outside
2015-08-03 00:13:02 : ~~~~~~~~~~~~~~ RESOURCE CONDITIONS ~~~~~~~~~~~~~~~
2015-08-03 00:13:02 : Aim: [G]: 999999 [E]: 999999 [D]:    0 [T]: 0, Out, Out, Out, Out, Out, Out, Out, Out, Out, Out, Out, Out, Out, Out, Out, Out, Out, Out, Out, Out, Out, Out, Out, Out, Out, Out, Out, Out, Out, Out, Out for: Dead Base
2015-08-03 00:13:02 : ~~~~~~~~~~~~~~~ ADVANCED SETTINGS ~~~~~~~~~~~~~~~~
2015-08-03 00:13:02 : THSnipe Combo, 1 Tile(s), 
2015-08-03 00:13:02 : ==================================================
2015-08-03 00:13:03 :   1> [G]:  42681 [E]: 245194 [D]:  723 [T]:23 [TH]: 7, Out
2015-08-03 00:13:03 : Defense found, but not near TH.
2015-08-03 00:13:04 : ~~~~~~~~~~~~~~~ TH Outside Found! ~~~~~~~~~~~~~~~~
2015-08-03 00:13:04 : ================ Search Complete =================
2015-08-03 00:13:04 : Initiating attack for: TH Snipe
2015-08-03 00:13:06 : -Barbarians 112
2015-08-03 00:13:06 : -Archers 88
2015-08-03 00:13:06 : -Clan Castle 
2015-08-03 00:13:06 : -King 
2015-08-03 00:13:06 : -Lightning Spells 3
2015-08-03 00:13:06 : -Poison Spells 1
2015-08-03 00:13:06 :  ====== Start Attack ====== 
2015-08-03 00:13:08 : 
2015-08-03 00:13:08 : Sniping TH with SmartBarch
2015-08-03 00:13:08 : Attacking TH with 1st wave of BARCH
2015-08-03 00:13:08 : Dropping first wave of 4 Barbarians
2015-08-03 00:13:10 : Deployment of Barbarians Successful!
2015-08-03 00:13:12 : Dropping first wave of 8 Archers
2015-08-03 00:13:14 : Deployment of ArchersNOT Successful!
2015-08-03 00:13:14 : Attacking TH with 2nd wave of BARCH
2015-08-03 00:13:14 : Dropping second wave of 8 Barbarians
2015-08-03 00:13:16 : Deployment of Barbarians Successful!
2015-08-03 00:13:17 : Dropping second wave of 10 Archers
2015-08-03 00:13:19 : Deployment of Archers Successful!
2015-08-03 00:13:21 : Dropping second wave of 8 Barbarians
2015-08-03 00:13:23 : Deployment of Barbarians Successful!
2015-08-03 00:13:24 : Dropping second wave of 12 Archers
2015-08-03 00:13:26 : Deployment of Archers Successful!
2015-08-03 00:13:49 : Oh Shit! Seems like a trapped TH!
2015-08-03 00:13:49 : Dropping third wave of 9 Barbarians
2015-08-03 00:13:51 : Deployment of Barbarians Successful!
2015-08-03 00:13:51 : No  troop Found!!!
2015-08-03 00:13:51 : Dropping third wave of 15 Archers
2015-08-03 00:13:54 : Deployment of Archers Successful!
2015-08-03 00:13:55 : Phew, got that 1 star!
2015-08-03 00:13:59 : Checking if the battle has finished
2015-08-03 00:14:01 : detected [G]:  [E]:  [DE]:  |  Exit now 
2015-08-03 00:14:01 : Battle has finished
2015-08-03 00:14:01 : Returning Home
2015-08-03 00:14:05 : Loot: [G]: 2 115 [E]: 900 [DE]:  [T]: 7
2015-08-03 00:14:06 : Bonus [G]: 14 000 [E]: 14 000
2015-08-03 00:14:07 : Your league level is: Gold I
2015-08-03 00:14:07 : Stars earned: 1
