2015-08-08 00:53:11 : ~ Clash Game Bot v4.1MODS Powered by GameBot.org ~
2015-08-08 00:53:11 : GameBot.org.exe Executable running on WIN_7  X64
2015-08-08 00:53:11 : =================== Bot Start ====================
2015-08-08 00:53:11 : -------------------------  Current Profile: 04 --------------------------
2015-08-08 00:53:11 :  Warning Debug Mode Enabled! Setlog: 1 OCR: 0 RedArea: 0 
2015-08-08 00:53:12 : Trying to locate Main Screen
2015-08-08 00:53:12 : Main Screen Located
2015-08-08 00:53:13 : Detecting your Buildings..
2015-08-08 00:53:17 : Language setting is English: Correct.
2015-08-08 00:53:17 : Bot clean start
2015-08-08 00:53:18 : Trying to locate Main Screen
2015-08-08 00:53:18 : Main Screen Located
2015-08-08 00:53:19 : checkMainScreen start quiet mode
2015-08-08 00:53:19 : checkMainScreen exit quiet mode
2015-08-08 00:53:19 : Collecting Resources
2015-08-08 00:53:24 : checkMainScreen start quiet mode
2015-08-08 00:53:24 : checkMainScreen exit quiet mode
2015-08-08 00:53:25 : Checking if Village needs Rearming..
2015-08-08 00:53:31 : checkMainScreen start quiet mode
2015-08-08 00:53:31 : checkMainScreen exit quiet mode
2015-08-08 00:53:32 : checkMainScreen start quiet mode
2015-08-08 00:53:32 : checkMainScreen exit quiet mode
2015-08-08 00:53:33 : Village Report
2015-08-08 00:53:33 : No. of Free/Total Builders: 0/4
2015-08-08 00:53:33 :  [T]: 2 546
2015-08-08 00:53:33 :  [G]: 1 757 739 [E]: 5 209 361 [D]: 18 524 [GEM]: 1 981
2015-08-08 00:53:34 : checkMainScreen start quiet mode
2015-08-08 00:53:34 : checkMainScreen exit quiet mode
