2015-08-07 23:55:45 : ~ Clash Game Bot v4.1MODS Powered by GameBot.org ~
2015-08-07 23:55:45 : GameBot.org.au3 Script running on WIN_7  X64
2015-08-07 23:55:45 : =================== Bot Start ====================
2015-08-07 23:55:45 : -------------------------  Current Profile: 04 --------------------------
2015-08-07 23:55:45 :  Warning Debug Mode Enabled! Setlog: 1 OCR: 0 RedArea: 0 
2015-08-07 23:55:46 : Trying to locate Main Screen
2015-08-07 23:55:46 : Main Screen Located
2015-08-07 23:55:47 : Detecting your Buildings..
2015-08-07 23:55:53 : Language setting is English: Correct.
2015-08-07 23:55:53 : Bot clean start
2015-08-07 23:55:54 : Trying to locate Main Screen
2015-08-07 23:55:55 : Main Screen Located
2015-08-07 23:55:55 : Halt Attack, Stay Online/Collect...
2015-08-07 23:55:56 : checkMainScreen start quiet mode
2015-08-07 23:55:56 : checkMainScreen exit quiet mode
2015-08-07 23:55:57 : Collecting Resources
2015-08-07 23:56:02 : checkMainScreen start quiet mode
2015-08-07 23:56:02 : checkMainScreen exit quiet mode
2015-08-07 23:56:03 : Checking if Village needs Rearming..
2015-08-07 23:56:09 : checkMainScreen start quiet mode
2015-08-07 23:56:09 : checkMainScreen exit quiet mode
2015-08-07 23:56:10 : checkMainScreen start quiet mode
2015-08-07 23:56:10 : checkMainScreen exit quiet mode
2015-08-07 23:56:11 : Village Report
2015-08-07 23:56:11 : No. of Free/Total Builders: 0/4
2015-08-07 23:56:11 :  [T]: 2 546
2015-08-07 23:56:11 :  [G]: 1 727 981 [E]: 5 187 553 [D]: 18 366 [GEM]: 1 981
2015-08-07 23:56:11 : checkMainScreen start quiet mode
2015-08-07 23:56:12 : checkMainScreen exit quiet mode
2015-08-07 23:56:12 : checkMainScreen start quiet mode
2015-08-07 23:56:12 : checkMainScreen exit quiet mode
2015-08-07 23:56:13 : checkMainScreen start quiet mode
2015-08-07 23:56:13 : checkMainScreen exit quiet mode
2015-08-07 23:56:14 : checkMainScreen start quiet mode
2015-08-07 23:56:14 : checkMainScreen exit quiet mode
2015-08-07 23:56:15 : checkMainScreen start quiet mode
2015-08-07 23:56:15 : checkMainScreen exit quiet mode
2015-08-07 23:56:16 : checkMainScreen start quiet mode
2015-08-07 23:56:16 : checkMainScreen exit quiet mode
2015-08-07 23:56:17 : checkMainScreen start quiet mode
2015-08-07 23:56:17 : checkMainScreen exit quiet mode
2015-08-07 23:56:17 : checkMainScreen start quiet mode
2015-08-07 23:56:18 : checkMainScreen exit quiet mode
2015-08-07 23:56:20 : Finished kicking
2015-08-07 23:56:20 : Func Idle 
2015-08-07 23:56:31 : checkMainScreen start quiet mode
2015-08-07 23:56:31 : checkMainScreen exit quiet mode
2015-08-07 23:56:32 : Checking Overview for full army [!] True, 407508
2015-08-07 23:56:32 : Screenshot saved: .\Profiles\04\Temp\2015-08-07_23.56.32.jpg
2015-08-07 23:56:32 : Checking Overview for full CC [!] False, DD3B3D
2015-08-07 23:56:39 : Checking Overview for full Heroes [!] True, 88B928
2015-08-07 23:57:18 : checkMainScreen start quiet mode
2015-08-07 23:57:18 : checkMainScreen exit quiet mode
2015-08-07 23:57:18 : Func Train 
2015-08-07 23:57:18 : checkMainScreen start quiet mode
2015-08-07 23:57:18 : checkMainScreen exit quiet mode
2015-08-07 23:57:19 : Time Idle: 00:00:58
2015-08-07 23:57:19 : Bot clean start
