2015-08-07 21:53:58 : ~ Clash Game Bot v4.1MODS Powered by GameBot.org ~
2015-08-07 21:53:58 : GameBot.org.exe Executable running on WIN_7  X64
2015-08-07 21:53:58 : =================== Bot Start ====================
2015-08-07 21:53:58 : -------------------------  Current Profile: 04 --------------------------
2015-08-07 21:53:58 :  Warning Debug Mode Enabled! Setlog: 1 OCR: 0 RedArea: 0 
2015-08-07 21:53:58 : Trying to locate Main Screen
2015-08-07 21:53:58 : Main Screen Located
2015-08-07 21:53:59 : Detecting your Buildings..
2015-08-07 21:54:03 : Language setting is English: Correct.
2015-08-07 21:54:03 : Bot clean start
2015-08-07 21:54:05 : Trying to locate Main Screen
2015-08-07 21:54:05 : Main Screen Located
2015-08-07 21:54:05 : Halt Attack, Stay Online/Train/Collect/Donate...
2015-08-07 21:54:06 : checkMainScreen start quiet mode
2015-08-07 21:54:06 : checkMainScreen exit quiet mode
2015-08-07 21:54:07 : Collecting Resources
2015-08-07 21:54:12 : checkMainScreen start quiet mode
2015-08-07 21:54:12 : checkMainScreen exit quiet mode
2015-08-07 21:54:13 : Checking if Village needs Rearming..
2015-08-07 21:54:19 : checkMainScreen start quiet mode
2015-08-07 21:54:19 : checkMainScreen exit quiet mode
2015-08-07 21:54:20 : checkMainScreen start quiet mode
2015-08-07 21:54:20 : checkMainScreen exit quiet mode
2015-08-07 21:54:21 : Village Report
2015-08-07 21:54:21 : No. of Free/Total Builders: 0/4
2015-08-07 21:54:21 :  [T]: 2 546
2015-08-07 21:54:21 :  [G]: 1 665 903 [E]: 5 138 298 [D]: 18 036 [GEM]: 1 981
2015-08-07 21:54:22 : checkMainScreen start quiet mode
2015-08-07 21:54:22 : checkMainScreen exit quiet mode
2015-08-07 21:54:22 : checkMainScreen start quiet mode
2015-08-07 21:54:22 : checkMainScreen exit quiet mode
2015-08-07 21:54:23 : checkMainScreen start quiet mode
2015-08-07 21:54:23 : checkMainScreen exit quiet mode
2015-08-07 21:54:23 : Func Train 
2015-08-07 21:54:23 : Halt enabled, $TotalTrainedTroops= 0, Adj TotalCamp= 192
2015-08-07 21:54:24 : Checking Army Camp...
2015-08-07 21:54:25 : $sArmyInfo = 200#200
2015-08-07 21:54:25 : $CurCamp = 200
2015-08-07 21:54:25 : $TotalCamp = 200
2015-08-07 21:54:25 : Total Army Camp capacity: 200/200
2015-08-07 21:54:25 : $hBitmapFirst made
2015-08-07 21:54:26 : Calling CGBfunctions.dll/searchIdentifyTroopTrained 
2015-08-07 21:54:26 : Dll return $FullTemp :Barbarian|8-21|79#Archer|71-22|121
2015-08-07 21:54:26 : $Trooptype split # : 2
2015-08-07 21:54:26 : Start the Loop
2015-08-07 21:54:27 : $TroopTypeT[$i] split : 1
2015-08-07 21:54:27 :  - No. of Barbarians: 79
2015-08-07 21:54:27 : $TroopTypeT[$i] split : 2
2015-08-07 21:54:27 :  - No. of Archers: 121
2015-08-07 21:54:27 : start barrackstatus
2015-08-07 21:54:27 : OK, I'm in army overview
2015-08-07 21:54:27 : barrack 1 found upgrading! color 6B6964
2015-08-07 21:54:27 : barrack 2 found! color 888070
2015-08-07 21:54:27 : barrack 3 found! color 888070
2015-08-07 21:54:27 : barrack 4 found! color 888070
2015-08-07 21:54:27 : dark barrack 1 found! color 888070
2015-08-07 21:54:27 : dark barrack 5 found upgrading! color 6B6964
2015-08-07 21:54:27 : Factory Spell found! color 888070
2015-08-07 21:54:27 : Dark Factory Spell found! color 888070
2015-08-07 21:54:27 : Barracks and Spell factory status: 
2015-08-07 21:54:27 : - Barracks detected: 4 | Available: 3 | Upgrading: 1
2015-08-07 21:54:27 : - Dark Barracks detected: 2 | Available: 1 | Upgrading: 1
2015-08-07 21:54:27 : - Spell factory detected: 1 | Available: 1 | Upgrading: 0
2015-08-07 21:54:27 : - Dark Spell factory detected: 1 | Available: 1 | Upgrading: 0
2015-08-07 21:54:27 : Trainaviable[0] = 1
2015-08-07 21:54:27 : Trainaviable[1] = 0
2015-08-07 21:54:27 : Trainaviable[2] = 1
2015-08-07 21:54:27 : Trainaviable[3] = 1
2015-08-07 21:54:27 : Trainaviable[4] = 1
2015-08-07 21:54:27 : Trainaviable[5] = 1
2015-08-07 21:54:27 : Trainaviable[6] = 0
2015-08-07 21:54:27 : Trainaviable[7] = 1
2015-08-07 21:54:27 : Trainaviable[8] = 1
2015-08-07 21:54:27 : Training Troops...
2015-08-07 21:54:28 : Train: need to make normal troops: True
2015-08-07 21:54:28 : Train: need to make dark troops: False
2015-08-07 21:54:28 : LAST BARRACK = 4
2015-08-07 21:54:28 : OverView TabColor=CFCFC9
2015-08-07 21:54:28 : Last Barrack TabColor=888070
2015-08-07 21:54:28 : Your Army Camps are now Full
2015-08-07 21:54:28 : ---------COMPUTE TROOPS TO MAKE------------------------
2015-08-07 21:54:28 : -- Compute AnotherTroops to train
2015-08-07 21:54:28 : Need to train (height) GOBL:0% BARB: 120% ARCH: 80% AND 0 other troops space
2015-08-07 21:54:28 : Total Troops to be Trained= 200
2015-08-07 21:54:28 : BARRACKNUM: 3
2015-08-07 21:54:28 : ArchEBarrack: 26
2015-08-07 21:54:28 : BarbEBarrack: 40
2015-08-07 21:54:28 : DARKBARRACKNUM: 1
2015-08-07 21:54:28 : ---------END COMPUTE TROOPS TO MAKE--------------------
2015-08-07 21:54:28 : 
2015-08-07 21:54:28 : ---------TRAIN BARRACK MODE------------------------
2015-08-07 21:54:28 : Barrack4 selected
2015-08-07 21:54:31 : Full Check=DE58D0
2015-08-07 21:54:31 : Full Check=FF80F8
2015-08-07 21:54:31 : Full Check=FF7FF5
2015-08-07 21:54:31 : Full Check=FF7FF5
2015-08-07 21:54:31 : Full Check=FB75F1
2015-08-07 21:54:31 : Full Check=FF7FF5
2015-08-07 21:54:31 : Full Check=FF7FF5
2015-08-07 21:54:31 : Full Check=FB75F1
2015-08-07 21:54:31 : Full Check=FF7FF5
2015-08-07 21:54:31 : Full Check=FE78F4
2015-08-07 21:54:31 : Full Check=FE78F4
2015-08-07 21:54:31 : Full Check=FF7FF5
2015-08-07 21:54:31 : Full Check=FF7FF5
2015-08-07 21:54:31 : Full Check=FF7FF5
2015-08-07 21:54:32 : Full Check=FF80F8
2015-08-07 21:54:32 : Full Check=FE78F4
2015-08-07 21:54:32 : Full Check=FE78F4
2015-08-07 21:54:32 : Full Check=F164DF
2015-08-07 21:54:32 : Full Check=FF7FF5
2015-08-07 21:54:32 : Full Check=FF7FF5
2015-08-07 21:54:32 : Full Check=FF80F8
2015-08-07 21:54:32 : Full Check=FB75F1
2015-08-07 21:54:32 : Full Check=FF78F3
2015-08-07 21:54:32 : Full Check=FF7FF5
2015-08-07 21:54:32 : Full Check=FE78F4
2015-08-07 21:54:32 : Full Check=FF80F8
2015-08-07 21:54:32 : Full Check=FF7FF5
2015-08-07 21:54:32 : Full Check=F164DF
2015-08-07 21:54:32 : Full Check=FF7FF5
2015-08-07 21:54:32 : Full Check=FE78F4
2015-08-07 21:54:32 : Full Check=F164DF
2015-08-07 21:54:33 : Full Check=FF7FF5
2015-08-07 21:54:33 : Full Check=FE78F4
2015-08-07 21:54:33 : Full Check=FF80F8
2015-08-07 21:54:33 : Full Check=FD74EE
2015-08-07 21:54:33 : Full Check=FE78F4
2015-08-07 21:54:33 : Full Check=FB75F1
2015-08-07 21:54:33 : Full Check=FF7FF5
2015-08-07 21:54:33 : Full Check=FE78F4
2015-08-07 21:54:33 : Full Check=FF7FF5
2015-08-07 21:54:33 : Full Check=FE78F4
2015-08-07 21:54:33 : Full Check=FF78F3
2015-08-07 21:54:33 : Full Check=FE78F4
2015-08-07 21:54:33 : Full Check=FF78F3
2015-08-07 21:54:33 : Full Check=FF7FF5
2015-08-07 21:54:33 : Full Check=FE78F4
2015-08-07 21:54:33 : Full Check=FB75F1
2015-08-07 21:54:34 : Full Check=FF7FF5
2015-08-07 21:54:34 : Full Check=FB75F1
2015-08-07 21:54:34 : Full Check=FF7FF5
2015-08-07 21:54:34 : Full Check=FB75F1
2015-08-07 21:54:34 : Full Check=FE78F4
2015-08-07 21:54:34 : Full Check=FF78F3
2015-08-07 21:54:34 : Full Check=FD74EE
2015-08-07 21:54:34 : Full Check=FB75F1
2015-08-07 21:54:34 : Full Check=FF7FF5
2015-08-07 21:54:34 : Full Check=FB75F1
2015-08-07 21:54:34 : Full Check=FF7FF5
2015-08-07 21:54:34 : Full Check=FE78F4
2015-08-07 21:54:34 : Full Check=FB75F1
2015-08-07 21:54:34 : Full Check=FF78F3
2015-08-07 21:54:34 : Full Check=FB75F1
2015-08-07 21:54:34 : Full Check=FF7FF5
2015-08-07 21:54:35 : Full Check=FF7FF5
2015-08-07 21:54:35 : Full Check=FB75F1
2015-08-07 21:54:35 : Full Check=FF7FF5
2015-08-07 21:54:35 : Full Check=FE78F4
2015-08-07 21:54:35 : Full Check=FB75F1
2015-08-07 21:54:35 : Full Check=FE78F4
2015-08-07 21:54:35 : Full Check=FF7FF5
2015-08-07 21:54:35 : Full Check=FE78F4
2015-08-07 21:54:35 : Full Check=FF7FF5
2015-08-07 21:54:35 : Full Check=FB75F1
2015-08-07 21:54:35 : Full Check=FF7FF5
2015-08-07 21:54:35 : Full Check=FF7FF5
2015-08-07 21:54:36 : Move from Barrack 4 direction -1
2015-08-07 21:54:37 : Barrack3 selected
2015-08-07 21:54:39 : Full Check=DE58D0
2015-08-07 21:54:39 : Full Check=FF80F8
2015-08-07 21:54:39 : Full Check=FE78F4
2015-08-07 21:54:39 : Full Check=FF7FF5
2015-08-07 21:54:40 : Full Check=FE78F4
2015-08-07 21:54:40 : Full Check=FE78F4
2015-08-07 21:54:40 : Full Check=FF7FF5
2015-08-07 21:54:40 : Full Check=FF7FF5
2015-08-07 21:54:40 : Full Check=FF7FF5
2015-08-07 21:54:40 : Full Check=FE78F4
2015-08-07 21:54:40 : Full Check=FB75F1
2015-08-07 21:54:40 : Full Check=FB75F1
2015-08-07 21:54:40 : Full Check=FF78F3
2015-08-07 21:54:40 : Full Check=FF7FF5
2015-08-07 21:54:40 : Full Check=FF7FF5
2015-08-07 21:54:40 : Full Check=FE78F4
2015-08-07 21:54:40 : Full Check=FF7FF5
2015-08-07 21:54:40 : Full Check=FE78F4
2015-08-07 21:54:40 : Full Check=FE78F4
2015-08-07 21:54:40 : Full Check=FF7FF5
2015-08-07 21:54:41 : Full Check=FE78F4
2015-08-07 21:54:41 : Full Check=FF7FF5
2015-08-07 21:54:41 : Full Check=FE78F4
2015-08-07 21:54:41 : Full Check=FF7FF5
2015-08-07 21:54:41 : Full Check=FB75F1
2015-08-07 21:54:41 : Full Check=FE78F4
2015-08-07 21:54:41 : Full Check=FF80F8
2015-08-07 21:54:41 : Full Check=FF7FF5
2015-08-07 21:54:41 : Full Check=F164DF
2015-08-07 21:54:41 : Full Check=FF7FF5
2015-08-07 21:54:41 : Full Check=FE78F4
2015-08-07 21:54:41 : Full Check=F164DF
2015-08-07 21:54:41 : Full Check=FF7FF5
2015-08-07 21:54:41 : Full Check=FB75F1
2015-08-07 21:54:41 : Full Check=FE78F4
2015-08-07 21:54:42 : Full Check=FF7FF5
2015-08-07 21:54:42 : Full Check=F164DF
2015-08-07 21:54:42 : Full Check=FB75F1
2015-08-07 21:54:42 : Full Check=FF78F3
2015-08-07 21:54:42 : Full Check=FE78F4
2015-08-07 21:54:42 : Full Check=FF7FF5
2015-08-07 21:54:42 : Full Check=FB75F1
2015-08-07 21:54:42 : Full Check=FF7FF5
2015-08-07 21:54:42 : Full Check=FF7FF5
2015-08-07 21:54:42 : Full Check=FF7FF5
2015-08-07 21:54:42 : Full Check=FE78F4
2015-08-07 21:54:43 : Full Check=FF7FF5
2015-08-07 21:54:43 : Full Check=FF7FF5
2015-08-07 21:54:43 : Full Check=FB75F1
2015-08-07 21:54:43 : Full Check=FF71E6
2015-08-07 21:54:43 : Full Check=FF7FF5
2015-08-07 21:54:43 : Full Check=FF7FF5
2015-08-07 21:54:43 : Full Check=FF7FF5
2015-08-07 21:54:43 : Full Check=FF7FF5
2015-08-07 21:54:43 : Full Check=FE78F4
2015-08-07 21:54:43 : Full Check=FB75F1
2015-08-07 21:54:43 : Full Check=FF7FF5
2015-08-07 21:54:43 : Full Check=FB75F1
2015-08-07 21:54:43 : Full Check=FF7FF5
2015-08-07 21:54:43 : Full Check=FE78F4
2015-08-07 21:54:43 : Full Check=FF7FF5
2015-08-07 21:54:43 : Full Check=FE78F4
2015-08-07 21:54:44 : Full Check=FB75F1
2015-08-07 21:54:44 : Full Check=FF7FF5
2015-08-07 21:54:44 : Full Check=FE78F4
2015-08-07 21:54:44 : Full Check=FF7FF5
2015-08-07 21:54:44 : Full Check=FB75F1
2015-08-07 21:54:44 : Full Check=FF7FF5
2015-08-07 21:54:44 : Full Check=FF7FF5
2015-08-07 21:54:44 : Full Check=FF78F3
2015-08-07 21:54:44 : Full Check=FF7FF5
2015-08-07 21:54:44 : Full Check=FF7FF5
2015-08-07 21:54:44 : Full Check=FE78F4
2015-08-07 21:54:44 : Full Check=FF7FF5
2015-08-07 21:54:44 : Full Check=FF78F3
2015-08-07 21:54:45 : Move from Barrack 3 direction -1
2015-08-07 21:54:46 : Barrack2 selected
2015-08-07 21:54:48 : Full Check=E05AD0
2015-08-07 21:54:49 : Full Check=FF82F8
2015-08-07 21:54:49 : Full Check=F167E2
2015-08-07 21:54:49 : Full Check=FF82F8
2015-08-07 21:54:49 : Full Check=FF7EF7
2015-08-07 21:54:49 : Full Check=F167E2
2015-08-07 21:54:49 : Full Check=FF7EF7
2015-08-07 21:54:49 : Full Check=FF79F5
2015-08-07 21:54:49 : Full Check=FF76F1
2015-08-07 21:54:49 : Full Check=FF79F5
2015-08-07 21:54:49 : Full Check=FF7EF7
2015-08-07 21:54:49 : Full Check=FF76F1
2015-08-07 21:54:49 : Full Check=FF7BF6
2015-08-07 21:54:49 : Full Check=FF79F5
2015-08-07 21:54:49 : Full Check=FF7BF6
2015-08-07 21:54:49 : Full Check=FF7EF7
2015-08-07 21:54:49 : Full Check=FF7EF7
2015-08-07 21:54:49 : Full Check=FF7EF7
2015-08-07 21:54:50 : Full Check=FF7EF7
2015-08-07 21:54:50 : Full Check=FF76F1
2015-08-07 21:54:50 : Full Check=FF7EF7
2015-08-07 21:54:50 : Full Check=FF7EF7
2015-08-07 21:54:50 : Full Check=FF82F8
2015-08-07 21:54:50 : Full Check=FF7EF7
2015-08-07 21:54:50 : Full Check=FF79F5
2015-08-07 21:54:50 : Full Check=FF7EF7
2015-08-07 21:54:50 : Full Check=FF79F5
2015-08-07 21:54:50 : Full Check=FF79F5
2015-08-07 21:54:50 : Full Check=FF7EF7
2015-08-07 21:54:50 : Full Check=FF79F5
2015-08-07 21:54:50 : Full Check=F167E2
2015-08-07 21:54:50 : Full Check=FF7EF7
2015-08-07 21:54:50 : Full Check=FF76F1
2015-08-07 21:54:50 : Full Check=FF7EF7
2015-08-07 21:54:51 : Full Check=FF79F5
2015-08-07 21:54:51 : Full Check=F167E2
2015-08-07 21:54:51 : Full Check=FF7EF7
2015-08-07 21:54:51 : Full Check=FF79F5
2015-08-07 21:54:51 : Full Check=FF79F5
2015-08-07 21:54:51 : Full Check=FF7BF6
2015-08-07 21:54:51 : Full Check=FF7EF7
2015-08-07 21:54:51 : Full Check=FF79F5
2015-08-07 21:54:51 : Full Check=FF79F5
2015-08-07 21:54:51 : Full Check=FF7EF7
2015-08-07 21:54:51 : Full Check=FF76F1
2015-08-07 21:54:51 : Full Check=FF79F5
2015-08-07 21:54:51 : Full Check=FF7EF7
2015-08-07 21:54:51 : Full Check=FF76F1
2015-08-07 21:54:51 : Full Check=FF82F8
2015-08-07 21:54:51 : Full Check=FF79F5
2015-08-07 21:54:51 : Full Check=FF76F1
2015-08-07 21:54:51 : Full Check=FF7EF7
2015-08-07 21:54:52 : Full Check=FF76F1
2015-08-07 21:54:52 : Full Check=FF7EF7
2015-08-07 21:54:52 : Full Check=FF76F1
2015-08-07 21:54:52 : Full Check=FF7EF7
2015-08-07 21:54:52 : Full Check=FF7EF7
2015-08-07 21:54:52 : Full Check=FF7EF7
2015-08-07 21:54:52 : Full Check=FF7EF7
2015-08-07 21:54:52 : Full Check=FF76F1
2015-08-07 21:54:52 : Full Check=FF7EF7
2015-08-07 21:54:52 : Full Check=FE76EE
2015-08-07 21:54:52 : Full Check=FF79F5
2015-08-07 21:54:52 : Full Check=FF79F5
2015-08-07 21:54:52 : Full Check=FF7EF7
2015-08-07 21:54:52 : Full Check=FF76F1
2015-08-07 21:54:52 : Full Check=FF7BF6
2015-08-07 21:54:52 : Full Check=FF79F5
2015-08-07 21:54:53 : Full Check=FF7EF7
2015-08-07 21:54:53 : Full Check=FF7EF7
2015-08-07 21:54:53 : Full Check=FF7EF7
2015-08-07 21:54:53 : Full Check=FF82F8
2015-08-07 21:54:53 : Full Check=FF7EF7
2015-08-07 21:54:53 : Full Check=FF7EF7
2015-08-07 21:54:53 : Full Check=FF7EF7
2015-08-07 21:54:54 : Move from Barrack 2 direction -1
2015-08-07 21:54:55 : This is not a Barrack
2015-08-07 21:54:55 : ---=====================END TRAIN =======================================---
2015-08-07 21:54:56 : checkMainScreen start quiet mode
2015-08-07 21:54:56 : checkMainScreen exit quiet mode
2015-08-07 21:54:57 : checkMainScreen start quiet mode
2015-08-07 21:54:57 : checkMainScreen exit quiet mode
2015-08-07 21:54:58 : checkMainScreen start quiet mode
2015-08-07 21:54:58 : checkMainScreen exit quiet mode
2015-08-07 21:54:59 : checkMainScreen start quiet mode
2015-08-07 21:54:59 : checkMainScreen exit quiet mode
2015-08-07 21:54:59 : Func Idle 
2015-08-07 21:55:10 : checkMainScreen start quiet mode
2015-08-07 21:55:10 : checkMainScreen exit quiet mode
2015-08-07 21:55:11 : Checking Overview for full army [!] True, 407508
2015-08-07 21:55:11 : Checking Overview for full CC [!] True, 407508
