2015-08-08 00:15:13 : ~ Clash Game Bot v4.1MODS Powered by GameBot.org ~
2015-08-08 00:15:13 : GameBot.org.au3 Script running on WIN_7  X64
2015-08-08 00:15:13 : =================== Bot Start ====================
2015-08-08 00:15:13 : -------------------------  Current Profile: 04 --------------------------
2015-08-08 00:15:13 :  Warning Debug Mode Enabled! Setlog: 1 OCR: 0 RedArea: 0 
2015-08-08 00:15:13 : Trying to locate Main Screen
2015-08-08 00:15:14 : Main Screen Located
2015-08-08 00:15:15 : Detecting your Buildings..
2015-08-08 00:15:23 : Language setting is English: Correct.
2015-08-08 00:15:23 : Bot clean start
2015-08-08 00:15:24 : Trying to locate Main Screen
2015-08-08 00:15:24 : Main Screen Located
2015-08-08 00:15:25 : Halt Attack, Stay Online/Collect...
2015-08-08 00:15:26 : checkMainScreen start quiet mode
2015-08-08 00:15:26 : checkMainScreen exit quiet mode
2015-08-08 00:15:26 : Collecting Resources
2015-08-08 00:15:32 : checkMainScreen start quiet mode
2015-08-08 00:15:32 : checkMainScreen exit quiet mode
2015-08-08 00:15:33 : Checking if Village needs Rearming..
2015-08-08 00:15:39 : checkMainScreen start quiet mode
2015-08-08 00:15:39 : checkMainScreen exit quiet mode
2015-08-08 00:15:40 : checkMainScreen start quiet mode
2015-08-08 00:15:40 : checkMainScreen exit quiet mode
2015-08-08 00:15:41 : Village Report
2015-08-08 00:15:41 : No. of Free/Total Builders: 0/4
2015-08-08 00:15:41 :  [T]: 2 546
2015-08-08 00:15:41 :  [G]: 1 739 888 [E]: 5 195 545 [D]: 18 418 [GEM]: 1 981
2015-08-08 00:15:42 : checkMainScreen start quiet mode
2015-08-08 00:15:42 : checkMainScreen exit quiet mode
2015-08-08 00:15:42 : checkMainScreen start quiet mode
2015-08-08 00:15:42 : checkMainScreen exit quiet mode
2015-08-08 00:15:43 : checkMainScreen start quiet mode
2015-08-08 00:15:43 : checkMainScreen exit quiet mode
2015-08-08 00:15:45 : checkMainScreen start quiet mode
2015-08-08 00:15:45 : checkMainScreen exit quiet mode
2015-08-08 00:15:46 : checkMainScreen start quiet mode
2015-08-08 00:15:46 : checkMainScreen exit quiet mode
2015-08-08 00:15:47 : checkMainScreen start quiet mode
2015-08-08 00:15:47 : checkMainScreen exit quiet mode
2015-08-08 00:15:47 : checkMainScreen start quiet mode
2015-08-08 00:15:47 : checkMainScreen exit quiet mode
2015-08-08 00:15:48 : checkMainScreen start quiet mode
2015-08-08 00:15:48 : checkMainScreen exit quiet mode
2015-08-08 00:15:50 : Finished kicking
2015-08-08 00:15:50 : Func Idle 
2015-08-08 00:16:01 : checkMainScreen start quiet mode
2015-08-08 00:16:01 : checkMainScreen exit quiet mode
2015-08-08 00:16:02 : Checking Overview for full army [!] True, 407508
2015-08-08 00:16:02 : Screenshot saved: .\Profiles\04\Temp\2015-08-08_00.16.02.jpg
2015-08-08 00:16:02 : Checking Overview for full CC [!] False, DD3B3D
2015-08-08 00:16:02 : Checking Overview for full Heroes [!] True, 88B928
2015-08-08 00:16:29 : checkMainScreen start quiet mode
2015-08-08 00:16:29 : checkMainScreen exit quiet mode
2015-08-08 00:16:29 : Func Train 
