2015-08-07 18:49:01 : ~ Clash Game Bot v4.1MODS Powered by GameBot.org ~
2015-08-07 18:49:01 : GameBot.org.exe Executable running on WIN_7  X64
2015-08-07 18:49:01 : =================== Bot Start ====================
2015-08-07 18:49:01 : -------------------------  Current Profile: 04 --------------------------
2015-08-07 18:49:01 :  Warning Debug Mode Enabled! Setlog: 1 OCR: 0 RedArea: 0 
2015-08-07 18:49:01 : Trying to locate Main Screen
2015-08-07 18:49:07 : CheckObstacles Result = True
2015-08-07 18:49:07 : Waiting for Main Screen
2015-08-07 18:49:07 : ChkObst Loop = 0ExitLoop = 0
2015-08-07 18:49:07 : Screen cleared, WaitMainScreen exit
2015-08-07 18:49:09 : Zooming Out
2015-08-07 18:49:09 : Index = 0
2015-08-07 18:49:09 : ControlFocus Result = 1, ControlSend Result = 1|0
2015-08-07 18:49:09 : Index = 2
2015-08-07 18:49:10 : ControlFocus Result = 1, ControlSend Result = 1|0
2015-08-07 18:49:10 : Index = 4
2015-08-07 18:49:10 : ControlFocus Result = 1, ControlSend Result = 1|0
2015-08-07 18:49:10 : Index = 6
2015-08-07 18:49:10 : ControlFocus Result = 1, ControlSend Result = 1|0
2015-08-07 18:49:10 : Index = 8
2015-08-07 18:49:11 : ControlFocus Result = 1, ControlSend Result = 1|0
2015-08-07 18:49:11 : Index = 10
2015-08-07 18:49:11 : ControlFocus Result = 1, ControlSend Result = 1|0
2015-08-07 18:49:11 : Index = 12
2015-08-07 18:49:11 : ControlFocus Result = 1, ControlSend Result = 1|0
2015-08-07 18:49:11 : Main Screen Located
2015-08-07 18:49:12 : Detecting your Buildings..
2015-08-07 18:49:20 : Language setting is English: Correct.
2015-08-07 18:49:20 : Bot clean start
2015-08-07 18:49:21 : Trying to locate Main Screen
2015-08-07 18:49:21 : Main Screen Located
2015-08-07 18:49:22 : Halt Attack, Stay Online/Train/Collect/Donate...
2015-08-07 18:49:23 : checkMainScreen start quiet mode
2015-08-07 18:49:23 : checkMainScreen exit quiet mode
2015-08-07 18:49:23 : Collecting Resources
2015-08-07 18:49:29 : checkMainScreen start quiet mode
2015-08-07 18:49:29 : checkMainScreen exit quiet mode
2015-08-07 18:49:30 : Checking if Village needs Rearming..
2015-08-07 18:49:36 : checkMainScreen start quiet mode
2015-08-07 18:49:36 : checkMainScreen exit quiet mode
2015-08-07 18:49:37 : checkMainScreen start quiet mode
2015-08-07 18:49:37 : checkMainScreen exit quiet mode
2015-08-07 18:49:38 : Village Report
2015-08-07 18:49:38 : No. of Free/Total Builders: 0/4
2015-08-07 18:49:38 :  [T]: 2 558
2015-08-07 18:49:38 :  [G]: 1 044 687 [E]: 4 660 521 [D]: 16 029 [GEM]: 1 981
2015-08-07 18:49:39 : checkMainScreen start quiet mode
2015-08-07 18:49:39 : checkMainScreen exit quiet mode
2015-08-07 18:49:39 : checkMainScreen start quiet mode
2015-08-07 18:49:39 : checkMainScreen exit quiet mode
2015-08-07 18:49:41 : checkMainScreen start quiet mode
2015-08-07 18:49:41 : checkMainScreen exit quiet mode
2015-08-07 18:49:41 : Func Train 
2015-08-07 18:49:41 : Halt enabled, $TotalTrainedTroops= 0, Adj TotalCamp= -8
2015-08-07 18:49:41 : Checking Army Camp...
2015-08-07 18:49:42 : $sArmyInfo = 200#200
2015-08-07 18:49:42 : $CurCamp = 200
2015-08-07 18:49:42 : $TotalCamp = 200
2015-08-07 18:49:43 : Total Army Camp capacity: 200/200
2015-08-07 18:49:43 : $hBitmapFirst made
2015-08-07 18:49:43 : Calling CGBfunctions.dll/searchIdentifyTroopTrained 
2015-08-07 18:49:46 : Dll return $FullTemp :Barbarian|8-21|75#Archer|71-22|125
2015-08-07 18:49:46 : $Trooptype split # : 2
2015-08-07 18:49:46 : Start the Loop
2015-08-07 18:49:46 : $TroopTypeT[$i] split : 1
2015-08-07 18:49:46 :  - No. of Barbarians: 75
2015-08-07 18:49:46 : $TroopTypeT[$i] split : 2
2015-08-07 18:49:46 :  - No. of Archers: 125
2015-08-07 18:49:46 : start barrackstatus
2015-08-07 18:49:46 : OK, I'm in army overview
2015-08-07 18:49:46 : barrack 1 found upgrading! color 6B6964
2015-08-07 18:49:47 : barrack 2 found! color 888070
2015-08-07 18:49:47 : barrack 3 found! color 888070
2015-08-07 18:49:47 : barrack 4 found! color 888070
2015-08-07 18:49:47 : dark barrack 1 found! color 888070
2015-08-07 18:49:47 : dark barrack 5 found upgrading! color 6B6964
2015-08-07 18:49:47 : Factory Spell found! color 888070
2015-08-07 18:49:47 : Dark Factory Spell found! color 888070
2015-08-07 18:49:47 : Barracks and Spell factory status: 
2015-08-07 18:49:47 : - Barracks detected: 4 | Available: 3 | Upgrading: 1
2015-08-07 18:49:47 : - Dark Barracks detected: 2 | Available: 1 | Upgrading: 1
2015-08-07 18:49:47 : - Spell factory detected: 1 | Available: 1 | Upgrading: 0
2015-08-07 18:49:47 : - Dark Spell factory detected: 1 | Available: 1 | Upgrading: 0
2015-08-07 18:49:47 : Trainaviable[0] = 1
2015-08-07 18:49:47 : Trainaviable[1] = 0
2015-08-07 18:49:47 : Trainaviable[2] = 1
2015-08-07 18:49:47 : Trainaviable[3] = 1
2015-08-07 18:49:47 : Trainaviable[4] = 1
2015-08-07 18:49:47 : Trainaviable[5] = 1
2015-08-07 18:49:47 : Trainaviable[6] = 0
2015-08-07 18:49:47 : Trainaviable[7] = 1
2015-08-07 18:49:47 : Trainaviable[8] = 1
2015-08-07 18:49:47 : Training Troops...
2015-08-07 18:49:47 : Train: need to make normal troops: True
2015-08-07 18:49:47 : Train: need to make dark troops: False
2015-08-07 18:49:47 : LAST BARRACK = 4
2015-08-07 18:49:47 : OverView TabColor=B8BBB8
2015-08-07 18:49:47 : Last Barrack TabColor=888070
2015-08-07 18:49:48 : Last Barrack TabColor=888070
2015-08-07 18:49:48 : Your Army Camps are now Full
2015-08-07 18:49:48 : ---------COMPUTE TROOPS TO MAKE------------------------
2015-08-07 18:49:48 : -- Compute AnotherTroops to train
2015-08-07 18:49:48 : Need to train (height) GOBL:0% BARB: 120% ARCH: 80% AND 0 other troops space
2015-08-07 18:49:48 : Total Troops to be Trained= 200
2015-08-07 18:49:48 : BARRACKNUM: 3
2015-08-07 18:49:48 : ArchEBarrack: 26
2015-08-07 18:49:48 : BarbEBarrack: 40
2015-08-07 18:49:48 : DARKBARRACKNUM: 1
2015-08-07 18:49:48 : ---------END COMPUTE TROOPS TO MAKE--------------------
2015-08-07 18:49:48 : 
2015-08-07 18:49:48 : ---------TRAIN BARRACK MODE------------------------
2015-08-07 18:49:48 : Barrack4 selected
2015-08-07 18:49:50 : Full Check=DE58D0
2015-08-07 18:49:50 : Full Check=FF80F8
2015-08-07 18:49:51 : Full Check=FF78F3
2015-08-07 18:49:51 : Full Check=FF7FF5
2015-08-07 18:49:51 : Full Check=FB75F1
2015-08-07 18:49:51 : Full Check=FF80F8
2015-08-07 18:49:51 : Full Check=FF7FF5
2015-08-07 18:49:51 : Full Check=FF7FF5
2015-08-07 18:49:51 : Full Check=FE78F4
2015-08-07 18:49:51 : Full Check=FF7FF5
2015-08-07 18:49:51 : Full Check=FF7FF5
2015-08-07 18:49:51 : Full Check=FF7FF5
2015-08-07 18:49:51 : Full Check=FF78F3
2015-08-07 18:49:51 : Full Check=FF7FF5
2015-08-07 18:49:51 : Full Check=FF7FF5
2015-08-07 18:49:51 : Full Check=FB75F1
2015-08-07 18:49:51 : Full Check=FE78F4
2015-08-07 18:49:52 : Full Check=FF78F3
2015-08-07 18:49:52 : Full Check=FE78F4
2015-08-07 18:49:52 : Full Check=FF7FF5
2015-08-07 18:49:52 : Full Check=FF7FF5
2015-08-07 18:49:52 : Full Check=FB75F1
2015-08-07 18:49:52 : Full Check=FF78F3
2015-08-07 18:49:52 : Full Check=FB75F1
2015-08-07 18:49:52 : Full Check=FF7FF5
2015-08-07 18:49:52 : Full Check=FF7FF5
2015-08-07 18:49:52 : Full Check=FB75F1
2015-08-07 18:49:52 : Full Check=FF78F3
2015-08-07 18:49:52 : Full Check=FF78F3
2015-08-07 18:49:52 : Full Check=FF7FF5
2015-08-07 18:49:52 : Full Check=FE78F4
2015-08-07 18:49:52 : Full Check=FB75F1
2015-08-07 18:49:52 : Full Check=FF7FF5
2015-08-07 18:49:52 : Full Check=FF7FF5
2015-08-07 18:49:53 : Full Check=FF7FF5
2015-08-07 18:49:53 : Full Check=FD74EE
2015-08-07 18:49:53 : Full Check=FF7FF5
2015-08-07 18:49:53 : Full Check=FF7FF5
2015-08-07 18:49:53 : Full Check=FE78F4
2015-08-07 18:49:53 : Full Check=FF7FF5
2015-08-07 18:49:53 : Full Check=FF80F8
2015-08-07 18:49:53 : Full Check=FB75F1
2015-08-07 18:49:53 : Full Check=FF7FF5
2015-08-07 18:49:53 : Full Check=FE78F4
2015-08-07 18:49:53 : Full Check=FB75F1
2015-08-07 18:49:53 : Full Check=FF7FF5
2015-08-07 18:49:53 : Full Check=FE78F4
2015-08-07 18:49:53 : Full Check=FE78F4
2015-08-07 18:49:53 : Full Check=FF78F3
2015-08-07 18:49:54 : Full Check=FB75F1
2015-08-07 18:49:54 : Full Check=FF7FF5
2015-08-07 18:49:54 : Full Check=FB75F1
2015-08-07 18:49:54 : Full Check=FF7FF5
2015-08-07 18:49:54 : Full Check=FF7FF5
2015-08-07 18:49:54 : Full Check=FE78F4
2015-08-07 18:49:54 : Full Check=FF7FF5
2015-08-07 18:49:54 : Full Check=FE78F4
2015-08-07 18:49:54 : Full Check=FB75F1
2015-08-07 18:49:54 : Full Check=FF78F3
2015-08-07 18:49:54 : Full Check=FB75F1
2015-08-07 18:49:54 : Full Check=FF7FF5
2015-08-07 18:49:54 : Full Check=FF80F8
2015-08-07 18:49:54 : Full Check=FF7FF5
2015-08-07 18:49:54 : Full Check=F164DF
2015-08-07 18:49:54 : Full Check=FF78F3
2015-08-07 18:49:54 : Full Check=FF7FF5
2015-08-07 18:49:55 : Full Check=FF7FF5
2015-08-07 18:49:55 : Full Check=FF80F8
2015-08-07 18:49:55 : Full Check=FF7FF5
2015-08-07 18:49:55 : Full Check=FF7FF5
2015-08-07 18:49:55 : Full Check=FF7FF5
2015-08-07 18:49:55 : Full Check=FF7FF5
2015-08-07 18:49:55 : Full Check=F164DF
2015-08-07 18:49:55 : Full Check=FF7FF5
2015-08-07 18:49:55 : Full Check=FE78F4
2015-08-07 18:49:56 : Move from Barrack 4 direction -1
2015-08-07 18:49:57 : Barrack3 selected
2015-08-07 18:49:59 : Full Check=DE58D0
2015-08-07 18:49:59 : Full Check=FF80F8
2015-08-07 18:49:59 : Full Check=FE78F4
2015-08-07 18:49:59 : Full Check=FF7FF5
2015-08-07 18:49:59 : Full Check=F164DF
2015-08-07 18:50:00 : Full Check=FF7FF5
2015-08-07 18:50:00 : Full Check=F164DF
2015-08-07 18:50:00 : Full Check=FF7FF5
2015-08-07 18:50:00 : Full Check=FE78F4
2015-08-07 18:50:00 : Full Check=FE78F4
2015-08-07 18:50:00 : Full Check=FF78F3
2015-08-07 18:50:00 : Full Check=FE78F4
2015-08-07 18:50:00 : Full Check=FF7FF5
2015-08-07 18:50:00 : Full Check=FF7FF5
2015-08-07 18:50:00 : Full Check=FE78F4
2015-08-07 18:50:00 : Full Check=FF7FF5
2015-08-07 18:50:00 : Full Check=FF7FF5
2015-08-07 18:50:00 : Full Check=FB75F1
2015-08-07 18:50:00 : Full Check=FF7FF5
2015-08-07 18:50:00 : Full Check=FB75F1
2015-08-07 18:50:00 : Full Check=FF7FF5
2015-08-07 18:50:00 : Full Check=FF7FF5
2015-08-07 18:50:01 : Full Check=FB75F1
2015-08-07 18:50:01 : Full Check=FF7FF5
2015-08-07 18:50:01 : Full Check=FB75F1
2015-08-07 18:50:01 : Full Check=FE78F4
2015-08-07 18:50:01 : Full Check=FF80F8
2015-08-07 18:50:01 : Full Check=FF7FF5
2015-08-07 18:50:01 : Full Check=FF7FF5
2015-08-07 18:50:01 : Full Check=FF80F8
2015-08-07 18:50:01 : Full Check=FB75F1
2015-08-07 18:50:01 : Full Check=FF7FF5
2015-08-07 18:50:01 : Full Check=FE78F4
2015-08-07 18:50:01 : Full Check=FF7FF5
2015-08-07 18:50:01 : Full Check=FF7FF5
2015-08-07 18:50:01 : Full Check=FE78F4
2015-08-07 18:50:01 : Full Check=FB75F1
2015-08-07 18:50:01 : Full Check=FF7FF5
2015-08-07 18:50:02 : Full Check=FF7FF5
2015-08-07 18:50:02 : Full Check=FF7FF5
2015-08-07 18:50:02 : Full Check=FE78F4
2015-08-07 18:50:02 : Full Check=FF7FF5
2015-08-07 18:50:02 : Full Check=FF7FF5
2015-08-07 18:50:02 : Full Check=FF7FF5
2015-08-07 18:50:02 : Full Check=FB75F1
2015-08-07 18:50:02 : Full Check=FF7FF5
2015-08-07 18:50:02 : Full Check=FB75F1
2015-08-07 18:50:02 : Full Check=FE78F4
2015-08-07 18:50:02 : Full Check=FF7FF5
2015-08-07 18:50:02 : Full Check=FB75F1
2015-08-07 18:50:02 : Full Check=FE78F4
2015-08-07 18:50:02 : Full Check=FF78F3
2015-08-07 18:50:02 : Full Check=FF7FF5
2015-08-07 18:50:02 : Full Check=FF7FF5
2015-08-07 18:50:03 : Full Check=FF78F3
2015-08-07 18:50:03 : Full Check=FB75F1
2015-08-07 18:50:03 : Full Check=FE78F4
2015-08-07 18:50:03 : Full Check=FF7FF5
2015-08-07 18:50:03 : Full Check=FF7FF5
2015-08-07 18:50:03 : Full Check=FF7FF5
2015-08-07 18:50:03 : Full Check=FE78F4
2015-08-07 18:50:03 : Full Check=F164DF
2015-08-07 18:50:03 : Full Check=FF7FF5
2015-08-07 18:50:03 : Full Check=FF7FF5
2015-08-07 18:50:03 : Full Check=FE78F4
2015-08-07 18:50:03 : Full Check=FF7FF5
2015-08-07 18:50:03 : Full Check=FF7FF5
2015-08-07 18:50:03 : Full Check=FF7FF5
2015-08-07 18:50:03 : Full Check=FF7FF5
2015-08-07 18:50:03 : Full Check=FF7FF5
2015-08-07 18:50:03 : Full Check=FF7FF5
2015-08-07 18:50:04 : Full Check=FF7FF5
2015-08-07 18:50:04 : Full Check=FF7FF5
2015-08-07 18:50:04 : Full Check=FF7FF5
2015-08-07 18:50:04 : Full Check=FB75F1
2015-08-07 18:50:04 : Move from Barrack 3 direction -1
2015-08-07 18:50:05 : Barrack2 selected
2015-08-07 18:50:08 : Full Check=E05AD0
2015-08-07 18:50:08 : Full Check=F167E2
2015-08-07 18:50:08 : Full Check=FF7EF7
2015-08-07 18:50:08 : Full Check=FF7EF7
2015-08-07 18:50:08 : Full Check=FF7EF7
2015-08-07 18:50:08 : Full Check=FF7EF7
2015-08-07 18:50:08 : Full Check=F167E2
2015-08-07 18:50:08 : Full Check=FF7EF7
2015-08-07 18:50:08 : Full Check=FF79F5
2015-08-07 18:50:08 : Full Check=FF7EF7
2015-08-07 18:50:08 : Full Check=FF7EF7
2015-08-07 18:50:08 : Full Check=FF79F5
2015-08-07 18:50:09 : Full Check=FF7BF6
2015-08-07 18:50:09 : Full Check=FF79F5
2015-08-07 18:50:09 : Full Check=FF7BF6
2015-08-07 18:50:09 : Full Check=FF7BF6
2015-08-07 18:50:09 : Full Check=FF79F5
2015-08-07 18:50:09 : Full Check=FF7EF7
2015-08-07 18:50:09 : Full Check=FF79F5
2015-08-07 18:50:09 : Full Check=FF76F1
2015-08-07 18:50:09 : Full Check=FF79F5
2015-08-07 18:50:09 : Full Check=FF7EF7
2015-08-07 18:50:09 : Full Check=FF76F1
2015-08-07 18:50:09 : Full Check=FF7EF7
2015-08-07 18:50:09 : Full Check=FE76EE
2015-08-07 18:50:09 : Full Check=FF7EF7
2015-08-07 18:50:09 : Full Check=FF7EF7
2015-08-07 18:50:09 : Full Check=FF76F1
2015-08-07 18:50:10 : Full Check=FF7EF7
2015-08-07 18:50:10 : Full Check=FF7EF7
2015-08-07 18:50:10 : Full Check=FF7EF7
2015-08-07 18:50:10 : Full Check=FF7EF7
2015-08-07 18:50:10 : Full Check=FF79F5
2015-08-07 18:50:10 : Full Check=FF76F1
2015-08-07 18:50:10 : Full Check=FF79F5
2015-08-07 18:50:10 : Full Check=FF7EF7
2015-08-07 18:50:10 : Full Check=FF79F5
2015-08-07 18:50:10 : Full Check=FF79F5
2015-08-07 18:50:10 : Full Check=FF7EF7
2015-08-07 18:50:10 : Full Check=FF7EF7
2015-08-07 18:50:10 : Full Check=FF76F1
2015-08-07 18:50:10 : Full Check=FF7EF7
2015-08-07 18:50:10 : Full Check=FF79F5
2015-08-07 18:50:10 : Full Check=FF79F5
2015-08-07 18:50:10 : Full Check=FF7EF7
2015-08-07 18:50:11 : Full Check=FF7EF7
2015-08-07 18:50:11 : Full Check=FF7EF7
2015-08-07 18:50:11 : Full Check=FF76F1
2015-08-07 18:50:11 : Full Check=FF7EF7
2015-08-07 18:50:11 : Full Check=FF7EF7
2015-08-07 18:50:11 : Full Check=FF79F5
2015-08-07 18:50:11 : Full Check=FF7EF7
2015-08-07 18:50:11 : Full Check=FF79F5
2015-08-07 18:50:11 : Full Check=FF76F1
2015-08-07 18:50:11 : Full Check=FF7EF7
2015-08-07 18:50:11 : Full Check=FF79F5
2015-08-07 18:50:11 : Full Check=FF7BF6
2015-08-07 18:50:11 : Full Check=FF7EF7
2015-08-07 18:50:11 : Full Check=FF7EF7
2015-08-07 18:50:11 : Full Check=FF79F5
2015-08-07 18:50:11 : Full Check=FF7EF7
2015-08-07 18:50:12 : Full Check=FF7EF7
2015-08-07 18:50:12 : Full Check=FF7EF7
2015-08-07 18:50:12 : Full Check=FF7EF7
2015-08-07 18:50:12 : Full Check=FF79F5
2015-08-07 18:50:12 : Full Check=FF79F5
2015-08-07 18:50:12 : Full Check=FF7EF7
2015-08-07 18:50:12 : Full Check=FF76F1
2015-08-07 18:50:12 : Full Check=FF76F1
2015-08-07 18:50:12 : Full Check=FF7EF7
2015-08-07 18:50:12 : Full Check=FF76F1
2015-08-07 18:50:12 : Full Check=FF79F5
2015-08-07 18:50:12 : Full Check=FF7EF7
2015-08-07 18:50:12 : Full Check=FF76F1
2015-08-07 18:50:12 : Full Check=FF82F8
2015-08-07 18:50:13 : Move from Barrack 2 direction -1
2015-08-07 18:50:14 : This is not a Barrack
2015-08-07 18:50:14 : ---=====================END TRAIN =======================================---
2015-08-07 18:50:16 : checkMainScreen start quiet mode
2015-08-07 18:50:16 : checkMainScreen exit quiet mode
2015-08-07 18:50:16 : checkMainScreen start quiet mode
2015-08-07 18:50:16 : checkMainScreen exit quiet mode
2015-08-07 18:50:18 : checkMainScreen start quiet mode
2015-08-07 18:50:18 : checkMainScreen exit quiet mode
2015-08-07 18:50:18 : Requesting Clan Castle Troops
2015-08-07 18:50:18 : $icount1 = 1, BB2BD1
2015-08-07 18:50:18 : Your Clan Castle is already full or you are not in a clan.
2015-08-07 18:50:19 : checkMainScreen start quiet mode
2015-08-07 18:50:19 : checkMainScreen exit quiet mode
2015-08-07 18:50:19 :  ====== Unbreakable Mode enabled! ====== 
2015-08-07 18:50:19 : Trophy Count : 2558
2015-08-07 18:50:22 : Trophy Count Read = 2558
2015-08-07 18:50:22 : Going to Attack...
2015-08-07 18:50:27 : Take-A-Break OCR result = 
2015-08-07 18:50:27 : Shield btn clr chk-#1: F7CF4A, #2: F8DEB0, #3: A78D69, #4: D9BC89
