2015-08-02 19:53:00 : ~ Clash Game Bot v4.1MODS Powered by GameBot.org ~
2015-08-02 19:53:00 : GameBot.org.exe Executable running on WIN_7  X64
2015-08-02 19:53:00 : =================== Bot Start ====================
2015-08-02 19:53:00 : -------------------------  Current Profile: 02 --------------------------
2015-08-02 19:53:00 : Trying to locate Main Screen
2015-08-02 19:53:00 : Main Screen Located
2015-08-02 19:53:01 : Detecting your Buildings..
2015-08-02 19:53:06 : Language setting is English: Correct.
2015-08-02 19:53:07 : Trying to locate Main Screen
2015-08-02 19:53:07 : Main Screen Located
2015-08-02 19:53:08 : Collecting Resources
2015-08-02 19:53:16 : Village Report
2015-08-02 19:53:16 : No. of Free/Total Builders: 0/4
2015-08-02 19:53:16 :  [T]: 1 832
2015-08-02 19:53:16 :  [G]: 6 001 000 [E]: 5 840 664 [D]: 61 662 [GEM]: 953
2015-08-02 19:53:19 : Chat Request: défense svp Merci
2015-08-02 19:53:20 : Chat Request: Pr g c 1 p kka max 1 soso max 1 Merci
2015-08-02 19:53:22 : Checking Army Camp...
2015-08-02 19:53:23 : Total Army Camp capacity: 59/200
2015-08-02 19:53:25 :  - No. of Archers: 59
2015-08-02 19:53:25 : Barracks and Spell factory status: 
2015-08-02 19:53:25 : - Barracks detected: 4 | Available: 3 | Upgrading: 1
2015-08-02 19:53:25 : - Dark Barracks detected: 2 | Available: 2 | Upgrading: 0
2015-08-02 19:53:25 : - Spell factory detected: 1 | Available: 1 | Upgrading: 0
2015-08-02 19:53:25 : - Dark Spell factory detected: 1 | Available: 0 | Upgrading: 1
2015-08-02 19:53:25 : Training Troops...
