2015-08-07 10:57:15 : ~ Clash Game Bot v4.1MODS Powered by GameBot.org ~
2015-08-07 10:57:15 : GameBot.org.exe Executable running on WIN_7  X64
2015-08-07 10:57:15 : =================== Bot Start ====================
2015-08-07 10:57:15 : -------------------------  Current Profile: 04 --------------------------
2015-08-07 10:57:15 :  Warning Debug Mode Enabled! Setlog: 1 OCR: 0 RedArea: 0 
2015-08-07 10:57:15 : Trying to locate Main Screen
2015-08-07 10:57:17 : CheckObstacles Result = False
2015-08-07 10:57:18 : Waiting for Main Screen
2015-08-07 10:57:18 : ChkObst Loop = 0ExitLoop = 0
2015-08-07 10:57:24 : ChkObst Loop = 1ExitLoop = 1
2015-08-07 10:57:30 : ChkObst Loop = 2ExitLoop = 2
2015-08-07 10:57:33 : ChkObst Loop = 3ExitLoop = 3
2015-08-07 10:57:37 : ChkObst Loop = 4ExitLoop = 4
2015-08-07 10:57:37 : Screen cleared, WaitMainScreen exit
2015-08-07 10:57:39 : Zooming Out
2015-08-07 10:57:39 : Index = 0
2015-08-07 10:57:39 : ControlFocus Result = 1, ControlSend Result = 1|0
2015-08-07 10:57:39 : Index = 2
2015-08-07 10:57:39 : ControlFocus Result = 1, ControlSend Result = 1|0
2015-08-07 10:57:39 : Index = 4
2015-08-07 10:57:40 : ControlFocus Result = 1, ControlSend Result = 1|0
2015-08-07 10:57:40 : Index = 6
2015-08-07 10:57:40 : ControlFocus Result = 1, ControlSend Result = 1|0
2015-08-07 10:57:40 : Index = 8
2015-08-07 10:57:40 : ControlFocus Result = 1, ControlSend Result = 1|0
2015-08-07 10:57:40 : Index = 10
2015-08-07 10:57:41 : ControlFocus Result = 1, ControlSend Result = 1|0
2015-08-07 10:57:41 : Index = 12
2015-08-07 10:57:41 : ControlFocus Result = 1, ControlSend Result = 1|0
2015-08-07 10:57:41 : Main Screen Located
2015-08-07 10:57:42 : Detecting your Buildings..
2015-08-07 10:57:50 : Language setting is English: Correct.
2015-08-07 10:57:50 : Bot clean start
2015-08-07 10:57:52 : Trying to locate Main Screen
2015-08-07 10:57:52 : Main Screen Located
2015-08-07 10:57:52 : Halt Attack, Stay Online/Collect...
2015-08-07 10:57:54 : checkMainScreen start quiet mode
2015-08-07 10:57:54 : checkMainScreen exit quiet mode
2015-08-07 10:57:55 : Checking if Village needs Rearming..
2015-08-07 10:57:57 : Traps ButtonPixel = 486, 562
2015-08-07 10:57:57 : Color #1: F5F6F1, #2: 887C78, #3: F3ED53, #4: EBECE9
2015-08-07 10:57:59 : Rearmed Trap(s)
2015-08-07 10:58:02 : checkMainScreen start quiet mode
2015-08-07 10:58:02 : checkMainScreen exit quiet mode
2015-08-07 10:58:03 : checkMainScreen start quiet mode
2015-08-07 10:58:03 : checkMainScreen exit quiet mode
2015-08-07 10:58:04 : Village Report
2015-08-07 10:58:04 : No. of Free/Total Builders: 0/4
2015-08-07 10:58:04 :  [T]: 2 593
2015-08-07 10:58:04 :  [G]: 3 645 357 [E]: 5 610 761 [D]: 80 000 [GEM]: 1 981
2015-08-07 10:58:05 : checkMainScreen start quiet mode
2015-08-07 10:58:05 : checkMainScreen exit quiet mode
2015-08-07 10:58:05 : checkMainScreen start quiet mode
2015-08-07 10:58:05 : checkMainScreen exit quiet mode
2015-08-07 10:58:07 : checkMainScreen start quiet mode
2015-08-07 10:58:07 : checkMainScreen exit quiet mode
2015-08-07 10:58:07 : Func Train 
2015-08-07 10:58:08 : checkMainScreen start quiet mode
2015-08-07 10:58:08 : checkMainScreen exit quiet mode
2015-08-07 10:58:09 : checkMainScreen start quiet mode
2015-08-07 10:58:09 : checkMainScreen exit quiet mode
2015-08-07 10:58:10 : checkMainScreen start quiet mode
2015-08-07 10:58:10 : checkMainScreen exit quiet mode
2015-08-07 10:58:10 : checkMainScreen start quiet mode
2015-08-07 10:58:10 : checkMainScreen exit quiet mode
2015-08-07 10:58:11 : checkMainScreen start quiet mode
2015-08-07 10:58:11 : checkMainScreen exit quiet mode
2015-08-07 10:58:13 : Finished kicking
2015-08-07 10:58:14 : Func Idle 
2015-08-07 10:58:25 : checkMainScreen start quiet mode
2015-08-07 10:58:25 : checkMainScreen exit quiet mode
2015-08-07 10:58:26 : Checking Overview for full army [!] True, 407508
2015-08-07 10:58:28 : checkMainScreen start quiet mode
2015-08-07 10:58:28 : checkMainScreen exit quiet mode
2015-08-07 10:58:28 : Func Train 
2015-08-07 10:58:28 : checkMainScreen start quiet mode
2015-08-07 10:58:28 : checkMainScreen exit quiet mode
2015-08-07 10:58:29 : Time Idle: 00:00:15
2015-08-07 10:58:29 : Bot clean start
2015-08-07 10:58:31 : Trying to locate Main Screen
2015-08-07 10:58:31 : Main Screen Located
2015-08-07 10:58:31 : Halt Attack, Stay Online/Collect...
2015-08-07 10:58:33 : checkMainScreen start quiet mode
2015-08-07 10:58:33 : checkMainScreen exit quiet mode
2015-08-07 10:58:35 : Checking if Village needs Rearming..
2015-08-07 10:58:41 : checkMainScreen start quiet mode
2015-08-07 10:58:41 : checkMainScreen exit quiet mode
2015-08-07 10:58:42 : checkMainScreen start quiet mode
2015-08-07 10:58:42 : checkMainScreen exit quiet mode
2015-08-07 10:58:43 : Village Report
2015-08-07 10:58:43 : No. of Free/Total Builders: 0/4
2015-08-07 10:58:43 :  [T]: 2 593
2015-08-07 10:58:43 :  [G]: 3 645 357 [E]: 5 610 761 [D]: 80 000 [GEM]: 1 981
2015-08-07 10:58:43 : checkMainScreen start quiet mode
2015-08-07 10:58:44 : checkMainScreen exit quiet mode
2015-08-07 10:58:44 : checkMainScreen start quiet mode
2015-08-07 10:58:44 : checkMainScreen exit quiet mode
2015-08-07 10:58:45 : checkMainScreen start quiet mode
2015-08-07 10:58:46 : checkMainScreen exit quiet mode
2015-08-07 10:58:46 : Func Train 
2015-08-07 10:58:47 : checkMainScreen start quiet mode
2015-08-07 10:58:47 : checkMainScreen exit quiet mode
2015-08-07 10:58:48 : checkMainScreen start quiet mode
2015-08-07 10:58:48 : checkMainScreen exit quiet mode
2015-08-07 10:58:49 : checkMainScreen start quiet mode
2015-08-07 10:58:49 : checkMainScreen exit quiet mode
2015-08-07 10:58:49 : checkMainScreen start quiet mode
2015-08-07 10:58:49 : checkMainScreen exit quiet mode
2015-08-07 10:58:50 : checkMainScreen start quiet mode
2015-08-07 10:58:50 : checkMainScreen exit quiet mode
2015-08-07 10:58:52 : Finished kicking
2015-08-07 10:58:52 : Func Idle 
2015-08-07 10:59:03 : checkMainScreen start quiet mode
2015-08-07 10:59:03 : checkMainScreen exit quiet mode
2015-08-07 10:59:04 : Checking Overview for full army [!] True, 407508
2015-08-07 10:59:05 : checkMainScreen start quiet mode
2015-08-07 10:59:05 : checkMainScreen exit quiet mode
2015-08-07 10:59:05 : Func Train 
2015-08-07 10:59:06 : checkMainScreen start quiet mode
2015-08-07 10:59:06 : checkMainScreen exit quiet mode
2015-08-07 10:59:07 : Time Idle: 00:00:14
2015-08-07 10:59:07 : Bot clean start
2015-08-07 10:59:08 : Trying to locate Main Screen
2015-08-07 10:59:08 : Main Screen Located
2015-08-07 10:59:08 : Halt Attack, Stay Online/Collect...
2015-08-07 10:59:10 : checkMainScreen start quiet mode
2015-08-07 10:59:10 : checkMainScreen exit quiet mode
2015-08-07 10:59:11 : Checking if Village needs Rearming..
2015-08-07 10:59:18 : checkMainScreen start quiet mode
2015-08-07 10:59:18 : checkMainScreen exit quiet mode
2015-08-07 10:59:19 : checkMainScreen start quiet mode
2015-08-07 10:59:19 : checkMainScreen exit quiet mode
2015-08-07 10:59:20 : Village Report
2015-08-07 10:59:20 : No. of Free/Total Builders: 0/4
2015-08-07 10:59:20 :  [T]: 2 593
2015-08-07 10:59:20 :  [G]: 3 645 357 [E]: 5 610 761 [D]: 80 000 [GEM]: 1 981
2015-08-07 10:59:21 : checkMainScreen start quiet mode
2015-08-07 10:59:21 : checkMainScreen exit quiet mode
2015-08-07 10:59:21 : checkMainScreen start quiet mode
2015-08-07 10:59:21 : checkMainScreen exit quiet mode
2015-08-07 10:59:23 : checkMainScreen start quiet mode
2015-08-07 10:59:23 : checkMainScreen exit quiet mode
2015-08-07 10:59:23 : Func Train 
2015-08-07 10:59:24 : checkMainScreen start quiet mode
2015-08-07 10:59:24 : checkMainScreen exit quiet mode
2015-08-07 10:59:25 : checkMainScreen start quiet mode
2015-08-07 10:59:25 : checkMainScreen exit quiet mode
2015-08-07 10:59:26 : checkMainScreen start quiet mode
2015-08-07 10:59:26 : checkMainScreen exit quiet mode
2015-08-07 10:59:26 : checkMainScreen start quiet mode
2015-08-07 10:59:26 : checkMainScreen exit quiet mode
2015-08-07 10:59:27 : checkMainScreen start quiet mode
2015-08-07 10:59:27 : checkMainScreen exit quiet mode
2015-08-07 10:59:29 : Finished kicking
2015-08-07 10:59:29 : Func Idle 
2015-08-07 10:59:40 : checkMainScreen start quiet mode
2015-08-07 10:59:40 : checkMainScreen exit quiet mode
2015-08-07 10:59:41 : Checking Overview for full army [!] True, 407508
2015-08-07 10:59:42 : checkMainScreen start quiet mode
2015-08-07 10:59:42 : checkMainScreen exit quiet mode
2015-08-07 10:59:42 : Func Train 
2015-08-07 10:59:43 : checkMainScreen start quiet mode
2015-08-07 10:59:43 : checkMainScreen exit quiet mode
2015-08-07 10:59:43 : Time Idle: 00:00:13
2015-08-07 10:59:43 : Bot clean start
2015-08-07 10:59:45 : Trying to locate Main Screen
2015-08-07 10:59:45 : Main Screen Located
2015-08-07 10:59:45 : Halt Attack, Stay Online/Collect...
2015-08-07 10:59:46 : checkMainScreen start quiet mode
2015-08-07 10:59:47 : checkMainScreen exit quiet mode
2015-08-07 10:59:48 : Checking if Village needs Rearming..
2015-08-07 10:59:55 : checkMainScreen start quiet mode
2015-08-07 10:59:55 : checkMainScreen exit quiet mode
2015-08-07 10:59:56 : checkMainScreen start quiet mode
2015-08-07 10:59:56 : checkMainScreen exit quiet mode
2015-08-07 10:59:56 : Village Report
2015-08-07 10:59:56 : No. of Free/Total Builders: 0/4
2015-08-07 10:59:56 :  [T]: 2 593
2015-08-07 10:59:57 :  [G]: 3 645 357 [E]: 5 610 761 [D]: 80 000 [GEM]: 1 981
2015-08-07 10:59:57 : checkMainScreen start quiet mode
2015-08-07 10:59:57 : checkMainScreen exit quiet mode
2015-08-07 10:59:58 : checkMainScreen start quiet mode
2015-08-07 10:59:58 : checkMainScreen exit quiet mode
2015-08-07 10:59:59 : checkMainScreen start quiet mode
2015-08-07 10:59:59 : checkMainScreen exit quiet mode
2015-08-07 10:59:59 : Func Train 
2015-08-07 11:00:00 : checkMainScreen start quiet mode
2015-08-07 11:00:00 : checkMainScreen exit quiet mode
2015-08-07 11:00:01 : checkMainScreen start quiet mode
2015-08-07 11:00:01 : checkMainScreen exit quiet mode
2015-08-07 11:00:02 : checkMainScreen start quiet mode
2015-08-07 11:00:02 : checkMainScreen exit quiet mode
2015-08-07 11:00:03 : checkMainScreen start quiet mode
2015-08-07 11:00:03 : checkMainScreen exit quiet mode
2015-08-07 11:00:03 : checkMainScreen start quiet mode
2015-08-07 11:00:03 : checkMainScreen exit quiet mode
2015-08-07 11:00:05 : Finished kicking
2015-08-07 11:00:06 : Func Idle 
2015-08-07 11:00:17 : checkMainScreen start quiet mode
2015-08-07 11:00:17 : checkMainScreen exit quiet mode
2015-08-07 11:00:17 : Checking Overview for full army [!] True, 407508
2015-08-07 11:00:18 : checkMainScreen start quiet mode
2015-08-07 11:00:18 : checkMainScreen exit quiet mode
2015-08-07 11:00:19 : Func Train 
2015-08-07 11:00:19 : checkMainScreen start quiet mode
2015-08-07 11:00:19 : checkMainScreen exit quiet mode
2015-08-07 11:00:20 : Time Idle: 00:00:13
2015-08-07 11:00:20 : Bot clean start
2015-08-07 11:00:21 : Trying to locate Main Screen
2015-08-07 11:00:21 : Main Screen Located
2015-08-07 11:00:21 : Halt Attack, Stay Online/Collect...
2015-08-07 11:00:23 : checkMainScreen start quiet mode
2015-08-07 11:00:23 : checkMainScreen exit quiet mode
2015-08-07 11:00:24 : Checking if Village needs Rearming..
2015-08-07 11:00:31 : checkMainScreen start quiet mode
2015-08-07 11:00:31 : checkMainScreen exit quiet mode
2015-08-07 11:00:32 : checkMainScreen start quiet mode
2015-08-07 11:00:32 : checkMainScreen exit quiet mode
2015-08-07 11:00:33 : Village Report
2015-08-07 11:00:33 : No. of Free/Total Builders: 0/4
2015-08-07 11:00:33 :  [T]: 2 593
2015-08-07 11:00:33 :  [G]: 3 645 357 [E]: 5 610 761 [D]: 80 000 [GEM]: 1 981
2015-08-07 11:00:34 : checkMainScreen start quiet mode
2015-08-07 11:00:34 : checkMainScreen exit quiet mode
2015-08-07 11:00:34 : checkMainScreen start quiet mode
2015-08-07 11:00:34 : checkMainScreen exit quiet mode
2015-08-07 11:00:35 : checkMainScreen start quiet mode
2015-08-07 11:00:35 : checkMainScreen exit quiet mode
2015-08-07 11:00:35 : Func Train 
2015-08-07 11:00:36 : checkMainScreen start quiet mode
2015-08-07 11:00:36 : checkMainScreen exit quiet mode
2015-08-07 11:00:38 : checkMainScreen start quiet mode
2015-08-07 11:00:38 : checkMainScreen exit quiet mode
2015-08-07 11:00:39 : checkMainScreen start quiet mode
2015-08-07 11:00:39 : checkMainScreen exit quiet mode
2015-08-07 11:00:39 : checkMainScreen start quiet mode
2015-08-07 11:00:39 : checkMainScreen exit quiet mode
2015-08-07 11:00:40 : checkMainScreen start quiet mode
2015-08-07 11:00:40 : checkMainScreen exit quiet mode
2015-08-07 11:00:42 : Finished kicking
2015-08-07 11:00:42 : Func Idle 
2015-08-07 11:00:53 : checkMainScreen start quiet mode
2015-08-07 11:00:53 : checkMainScreen exit quiet mode
2015-08-07 11:00:54 : Checking Overview for full army [!] True, 407508
2015-08-07 11:00:55 : checkMainScreen start quiet mode
2015-08-07 11:00:55 : checkMainScreen exit quiet mode
2015-08-07 11:00:55 : Func Train 
2015-08-07 11:00:55 : checkMainScreen start quiet mode
2015-08-07 11:00:55 : checkMainScreen exit quiet mode
2015-08-07 11:00:56 : Time Idle: 00:00:13
2015-08-07 11:00:56 : Bot clean start
2015-08-07 11:00:57 : Trying to locate Main Screen
2015-08-07 11:00:57 : Main Screen Located
2015-08-07 11:00:58 : Halt Attack, Stay Online/Collect...
2015-08-07 11:00:59 : checkMainScreen start quiet mode
2015-08-07 11:00:59 : checkMainScreen exit quiet mode
2015-08-07 11:01:01 : Checking if Village needs Rearming..
2015-08-07 11:01:08 : checkMainScreen start quiet mode
2015-08-07 11:01:08 : checkMainScreen exit quiet mode
2015-08-07 11:01:09 : checkMainScreen start quiet mode
2015-08-07 11:01:09 : checkMainScreen exit quiet mode
2015-08-07 11:01:10 : Village Report
2015-08-07 11:01:10 : No. of Free/Total Builders: 0/4
2015-08-07 11:01:10 :  [T]: 2 593
2015-08-07 11:01:10 :  [G]: 3 645 357 [E]: 5 610 761 [D]: 80 000 [GEM]: 1 981
2015-08-07 11:01:10 : checkMainScreen start quiet mode
2015-08-07 11:01:10 : checkMainScreen exit quiet mode
2015-08-07 11:01:11 : checkMainScreen start quiet mode
2015-08-07 11:01:11 : checkMainScreen exit quiet mode
2015-08-07 11:01:12 : checkMainScreen start quiet mode
2015-08-07 11:01:12 : checkMainScreen exit quiet mode
2015-08-07 11:01:12 : Func Train 
2015-08-07 11:01:13 : checkMainScreen start quiet mode
2015-08-07 11:01:13 : checkMainScreen exit quiet mode
2015-08-07 11:01:14 : checkMainScreen start quiet mode
2015-08-07 11:01:14 : checkMainScreen exit quiet mode
2015-08-07 11:01:15 : checkMainScreen start quiet mode
2015-08-07 11:01:15 : checkMainScreen exit quiet mode
2015-08-07 11:01:16 : checkMainScreen start quiet mode
2015-08-07 11:01:16 : checkMainScreen exit quiet mode
2015-08-07 11:01:16 : checkMainScreen start quiet mode
2015-08-07 11:01:16 : checkMainScreen exit quiet mode
2015-08-07 11:01:19 : Finished kicking
2015-08-07 11:01:19 : Func Idle 
2015-08-07 11:01:30 : checkMainScreen start quiet mode
2015-08-07 11:01:30 : checkMainScreen exit quiet mode
2015-08-07 11:01:30 : Checking Overview for full army [!] True, 407508
2015-08-07 11:01:32 : checkMainScreen start quiet mode
2015-08-07 11:01:32 : checkMainScreen exit quiet mode
2015-08-07 11:01:32 : Func Train 
2015-08-07 11:01:32 : checkMainScreen start quiet mode
2015-08-07 11:01:32 : checkMainScreen exit quiet mode
2015-08-07 11:01:33 : Time Idle: 00:00:13
2015-08-07 11:01:33 : Bot clean start
2015-08-07 11:01:34 : Trying to locate Main Screen
2015-08-07 11:01:34 : Main Screen Located
2015-08-07 11:01:35 : Halt Attack, Stay Online/Collect...
2015-08-07 11:01:36 : checkMainScreen start quiet mode
2015-08-07 11:01:36 : checkMainScreen exit quiet mode
2015-08-07 11:01:38 : Checking if Village needs Rearming..
2015-08-07 11:01:44 : checkMainScreen start quiet mode
2015-08-07 11:01:44 : checkMainScreen exit quiet mode
2015-08-07 11:01:45 : checkMainScreen start quiet mode
2015-08-07 11:01:45 : checkMainScreen exit quiet mode
2015-08-07 11:01:46 : Village Report
2015-08-07 11:01:46 : No. of Free/Total Builders: 0/4
2015-08-07 11:01:46 :  [T]: 2 593
2015-08-07 11:01:46 :  [G]: 3 645 357 [E]: 5 610 761 [D]: 80 000 [GEM]: 1 981
2015-08-07 11:01:47 : checkMainScreen start quiet mode
2015-08-07 11:01:47 : checkMainScreen exit quiet mode
2015-08-07 11:01:48 : checkMainScreen start quiet mode
2015-08-07 11:01:48 : checkMainScreen exit quiet mode
2015-08-07 11:01:49 : checkMainScreen start quiet mode
2015-08-07 11:01:49 : checkMainScreen exit quiet mode
2015-08-07 11:01:49 : Func Train 
2015-08-07 11:01:50 : checkMainScreen start quiet mode
2015-08-07 11:01:50 : checkMainScreen exit quiet mode
2015-08-07 11:01:51 : checkMainScreen start quiet mode
2015-08-07 11:01:51 : checkMainScreen exit quiet mode
2015-08-07 11:01:52 : checkMainScreen start quiet mode
2015-08-07 11:01:52 : checkMainScreen exit quiet mode
2015-08-07 11:01:52 : checkMainScreen start quiet mode
2015-08-07 11:01:52 : checkMainScreen exit quiet mode
2015-08-07 11:01:53 : checkMainScreen start quiet mode
2015-08-07 11:01:53 : checkMainScreen exit quiet mode
2015-08-07 11:01:55 : Finished kicking
2015-08-07 11:01:55 : Func Idle 
2015-08-07 11:02:06 : checkMainScreen start quiet mode
2015-08-07 11:02:06 : checkMainScreen exit quiet mode
2015-08-07 11:02:07 : Checking Overview for full army [!] True, 407508
2015-08-07 11:02:08 : checkMainScreen start quiet mode
2015-08-07 11:02:08 : checkMainScreen exit quiet mode
2015-08-07 11:02:09 : Func Train 
2015-08-07 11:02:09 : checkMainScreen start quiet mode
2015-08-07 11:02:09 : checkMainScreen exit quiet mode
2015-08-07 11:02:09 : Time Idle: 00:00:14
2015-08-07 11:02:10 : Bot clean start
2015-08-07 11:02:11 : Trying to locate Main Screen
2015-08-07 11:02:11 : Main Screen Located
2015-08-07 11:02:11 : Halt Attack, Stay Online/Collect...
2015-08-07 11:02:13 : checkMainScreen start quiet mode
2015-08-07 11:02:13 : checkMainScreen exit quiet mode
2015-08-07 11:02:14 : Checking if Village needs Rearming..
2015-08-07 11:02:21 : checkMainScreen start quiet mode
2015-08-07 11:02:21 : checkMainScreen exit quiet mode
2015-08-07 11:02:22 : checkMainScreen start quiet mode
2015-08-07 11:02:22 : checkMainScreen exit quiet mode
2015-08-07 11:02:23 : Village Report
2015-08-07 11:02:23 : No. of Free/Total Builders: 0/4
2015-08-07 11:02:23 :  [T]: 2 593
2015-08-07 11:02:23 :  [G]: 3 645 357 [E]: 5 610 761 [D]: 80 000 [GEM]: 1 981
2015-08-07 11:02:23 : checkMainScreen start quiet mode
2015-08-07 11:02:23 : checkMainScreen exit quiet mode
2015-08-07 11:02:24 : checkMainScreen start quiet mode
2015-08-07 11:02:24 : checkMainScreen exit quiet mode
2015-08-07 11:02:25 : checkMainScreen start quiet mode
2015-08-07 11:02:25 : checkMainScreen exit quiet mode
2015-08-07 11:02:25 : Func Train 
2015-08-07 11:02:26 : checkMainScreen start quiet mode
2015-08-07 11:02:26 : checkMainScreen exit quiet mode
2015-08-07 11:02:27 : checkMainScreen start quiet mode
2015-08-07 11:02:27 : checkMainScreen exit quiet mode
2015-08-07 11:02:28 : checkMainScreen start quiet mode
2015-08-07 11:02:28 : checkMainScreen exit quiet mode
2015-08-07 11:02:29 : checkMainScreen start quiet mode
2015-08-07 11:02:29 : checkMainScreen exit quiet mode
2015-08-07 11:02:29 : checkMainScreen start quiet mode
2015-08-07 11:02:29 : checkMainScreen exit quiet mode
2015-08-07 11:02:32 : Finished kicking
2015-08-07 11:02:32 : Func Idle 
2015-08-07 11:02:43 : checkMainScreen start quiet mode
2015-08-07 11:02:43 : checkMainScreen exit quiet mode
2015-08-07 11:02:44 : Checking Overview for full army [!] True, 407508
2015-08-07 11:02:45 : checkMainScreen start quiet mode
2015-08-07 11:02:45 : checkMainScreen exit quiet mode
2015-08-07 11:02:45 : Func Train 
2015-08-07 11:02:45 : checkMainScreen start quiet mode
2015-08-07 11:02:45 : checkMainScreen exit quiet mode
2015-08-07 11:02:46 : Time Idle: 00:00:13
2015-08-07 11:02:46 : Bot clean start
2015-08-07 11:02:47 : Trying to locate Main Screen
2015-08-07 11:02:47 : Main Screen Located
2015-08-07 11:02:48 : Halt Attack, Stay Online/Collect...
2015-08-07 11:02:49 : checkMainScreen start quiet mode
2015-08-07 11:02:49 : checkMainScreen exit quiet mode
2015-08-07 11:02:51 : Checking if Village needs Rearming..
2015-08-07 11:02:57 : checkMainScreen start quiet mode
2015-08-07 11:02:57 : checkMainScreen exit quiet mode
2015-08-07 11:02:58 : checkMainScreen start quiet mode
2015-08-07 11:02:58 : checkMainScreen exit quiet mode
2015-08-07 11:02:59 : Village Report
2015-08-07 11:02:59 : No. of Free/Total Builders: 0/4
2015-08-07 11:02:59 :  [T]: 2 593
2015-08-07 11:02:59 :  [G]: 3 645 357 [E]: 5 610 761 [D]: 80 000 [GEM]: 1 981
2015-08-07 11:03:00 : checkMainScreen start quiet mode
2015-08-07 11:03:00 : checkMainScreen exit quiet mode
2015-08-07 11:03:00 : checkMainScreen start quiet mode
2015-08-07 11:03:00 : checkMainScreen exit quiet mode
2015-08-07 11:03:02 : checkMainScreen start quiet mode
2015-08-07 11:03:02 : checkMainScreen exit quiet mode
2015-08-07 11:03:02 : Func Train 
2015-08-07 11:03:03 : checkMainScreen start quiet mode
2015-08-07 11:03:03 : checkMainScreen exit quiet mode
2015-08-07 11:03:04 : checkMainScreen start quiet mode
2015-08-07 11:03:04 : checkMainScreen exit quiet mode
2015-08-07 11:03:05 : checkMainScreen start quiet mode
2015-08-07 11:03:05 : checkMainScreen exit quiet mode
2015-08-07 11:03:05 : checkMainScreen start quiet mode
2015-08-07 11:03:05 : checkMainScreen exit quiet mode
2015-08-07 11:03:06 : checkMainScreen start quiet mode
2015-08-07 11:03:06 : checkMainScreen exit quiet mode
2015-08-07 11:03:08 : Finished kicking
2015-08-07 11:03:08 : Func Idle 
2015-08-07 11:03:19 : checkMainScreen start quiet mode
2015-08-07 11:03:19 : checkMainScreen exit quiet mode
2015-08-07 11:03:20 : Checking Overview for full army [!] True, 407508
2015-08-07 11:03:21 : checkMainScreen start quiet mode
2015-08-07 11:03:21 : checkMainScreen exit quiet mode
2015-08-07 11:03:21 : Func Train 
2015-08-07 11:03:21 : checkMainScreen start quiet mode
2015-08-07 11:03:21 : checkMainScreen exit quiet mode
2015-08-07 11:03:22 : Time Idle: 00:00:13
2015-08-07 11:03:22 : Bot clean start
2015-08-07 11:03:23 : Trying to locate Main Screen
2015-08-07 11:03:23 : Main Screen Located
2015-08-07 11:03:24 : Halt Attack, Stay Online/Collect...
2015-08-07 11:03:25 : checkMainScreen start quiet mode
2015-08-07 11:03:25 : checkMainScreen exit quiet mode
2015-08-07 11:03:27 : Checking if Village needs Rearming..
2015-08-07 11:03:34 : checkMainScreen start quiet mode
2015-08-07 11:03:34 : checkMainScreen exit quiet mode
2015-08-07 11:03:35 : checkMainScreen start quiet mode
2015-08-07 11:03:35 : checkMainScreen exit quiet mode
2015-08-07 11:03:35 : Village Report
2015-08-07 11:03:35 : No. of Free/Total Builders: 0/4
2015-08-07 11:03:35 :  [T]: 2 593
2015-08-07 11:03:36 :  [G]: 3 645 357 [E]: 5 610 761 [D]: 80 000 [GEM]: 1 981
2015-08-07 11:03:37 : checkMainScreen start quiet mode
2015-08-07 11:03:37 : checkMainScreen exit quiet mode
2015-08-07 11:03:37 : checkMainScreen start quiet mode
2015-08-07 11:03:37 : checkMainScreen exit quiet mode
2015-08-07 11:03:38 : checkMainScreen start quiet mode
2015-08-07 11:03:38 : checkMainScreen exit quiet mode
2015-08-07 11:03:38 : Func Train 
2015-08-07 11:03:40 : checkMainScreen start quiet mode
2015-08-07 11:03:40 : checkMainScreen exit quiet mode
2015-08-07 11:03:41 : checkMainScreen start quiet mode
2015-08-07 11:03:41 : checkMainScreen exit quiet mode
2015-08-07 11:03:42 : checkMainScreen start quiet mode
2015-08-07 11:03:42 : checkMainScreen exit quiet mode
2015-08-07 11:03:42 : checkMainScreen start quiet mode
2015-08-07 11:03:42 : checkMainScreen exit quiet mode
2015-08-07 11:03:43 : checkMainScreen start quiet mode
2015-08-07 11:03:43 : checkMainScreen exit quiet mode
2015-08-07 11:03:45 : Finished kicking
2015-08-07 11:03:45 : Func Idle 
2015-08-07 11:03:56 : checkMainScreen start quiet mode
2015-08-07 11:03:56 : checkMainScreen exit quiet mode
2015-08-07 11:03:57 : Checking Overview for full army [!] True, 407508
2015-08-07 11:03:58 : checkMainScreen start quiet mode
2015-08-07 11:03:58 : checkMainScreen exit quiet mode
2015-08-07 11:03:58 : Func Train 
2015-08-07 11:03:58 : checkMainScreen start quiet mode
2015-08-07 11:03:58 : checkMainScreen exit quiet mode
2015-08-07 11:03:59 : Time Idle: 00:00:13
2015-08-07 11:03:59 : Bot clean start
2015-08-07 11:04:00 : Trying to locate Main Screen
2015-08-07 11:04:00 : Main Screen Located
2015-08-07 11:04:01 : Halt Attack, Stay Online/Collect...
2015-08-07 11:04:02 : checkMainScreen start quiet mode
2015-08-07 11:04:02 : checkMainScreen exit quiet mode
2015-08-07 11:04:04 : Checking if Village needs Rearming..
2015-08-07 11:04:11 : checkMainScreen start quiet mode
2015-08-07 11:04:11 : checkMainScreen exit quiet mode
2015-08-07 11:04:12 : checkMainScreen start quiet mode
2015-08-07 11:04:12 : checkMainScreen exit quiet mode
2015-08-07 11:04:12 : Village Report
2015-08-07 11:04:13 : No. of Free/Total Builders: 0/4
2015-08-07 11:04:13 :  [T]: 2 593
2015-08-07 11:04:13 :  [G]: 3 645 357 [E]: 5 610 761 [D]: 80 000 [GEM]: 1 981
2015-08-07 11:04:13 : checkMainScreen start quiet mode
2015-08-07 11:04:13 : checkMainScreen exit quiet mode
2015-08-07 11:04:14 : checkMainScreen start quiet mode
2015-08-07 11:04:14 : checkMainScreen exit quiet mode
2015-08-07 11:04:15 : checkMainScreen start quiet mode
2015-08-07 11:04:15 : checkMainScreen exit quiet mode
2015-08-07 11:04:15 : Func Train 
2015-08-07 11:04:16 : checkMainScreen start quiet mode
2015-08-07 11:04:16 : checkMainScreen exit quiet mode
2015-08-07 11:04:17 : checkMainScreen start quiet mode
2015-08-07 11:04:17 : checkMainScreen exit quiet mode
2015-08-07 11:04:18 : checkMainScreen start quiet mode
2015-08-07 11:04:18 : checkMainScreen exit quiet mode
2015-08-07 11:04:19 : checkMainScreen start quiet mode
2015-08-07 11:04:19 : checkMainScreen exit quiet mode
2015-08-07 11:04:19 : checkMainScreen start quiet mode
2015-08-07 11:04:20 : checkMainScreen exit quiet mode
2015-08-07 11:04:22 : Finished kicking
2015-08-07 11:04:22 : Func Idle 
2015-08-07 11:04:33 : checkMainScreen start quiet mode
2015-08-07 11:04:33 : checkMainScreen exit quiet mode
2015-08-07 11:04:34 : Checking Overview for full army [!] True, 407508
2015-08-07 11:04:35 : checkMainScreen start quiet mode
2015-08-07 11:04:35 : checkMainScreen exit quiet mode
2015-08-07 11:04:35 : Func Train 
2015-08-07 11:04:35 : checkMainScreen start quiet mode
2015-08-07 11:04:35 : checkMainScreen exit quiet mode
2015-08-07 11:04:36 : Time Idle: 00:00:13
2015-08-07 11:04:36 : Bot clean start
2015-08-07 11:04:37 : Trying to locate Main Screen
2015-08-07 11:04:37 : Main Screen Located
2015-08-07 11:04:38 : Halt Attack, Stay Online/Collect...
2015-08-07 11:04:39 : checkMainScreen start quiet mode
2015-08-07 11:04:39 : checkMainScreen exit quiet mode
2015-08-07 11:04:41 : Checking if Village needs Rearming..
2015-08-07 11:04:48 : checkMainScreen start quiet mode
2015-08-07 11:04:48 : checkMainScreen exit quiet mode
2015-08-07 11:04:48 : checkMainScreen start quiet mode
2015-08-07 11:04:48 : checkMainScreen exit quiet mode
2015-08-07 11:04:49 : Village Report
2015-08-07 11:04:49 : No. of Free/Total Builders: 0/4
2015-08-07 11:04:49 :  [T]: 2 593
2015-08-07 11:04:49 :  [G]: 3 645 357 [E]: 5 610 761 [D]: 80 000 [GEM]: 1 981
2015-08-07 11:04:50 : checkMainScreen start quiet mode
2015-08-07 11:04:50 : checkMainScreen exit quiet mode
2015-08-07 11:04:50 : checkMainScreen start quiet mode
2015-08-07 11:04:50 : checkMainScreen exit quiet mode
2015-08-07 11:04:52 : checkMainScreen start quiet mode
2015-08-07 11:04:52 : checkMainScreen exit quiet mode
2015-08-07 11:04:52 : Func Train 
2015-08-07 11:04:53 : checkMainScreen start quiet mode
2015-08-07 11:04:53 : checkMainScreen exit quiet mode
2015-08-07 11:04:54 : checkMainScreen start quiet mode
2015-08-07 11:04:54 : checkMainScreen exit quiet mode
2015-08-07 11:04:55 : checkMainScreen start quiet mode
2015-08-07 11:04:55 : checkMainScreen exit quiet mode
2015-08-07 11:04:55 : checkMainScreen start quiet mode
2015-08-07 11:04:55 : checkMainScreen exit quiet mode
2015-08-07 11:04:56 : checkMainScreen start quiet mode
2015-08-07 11:04:56 : checkMainScreen exit quiet mode
2015-08-07 11:04:58 : Finished kicking
2015-08-07 11:04:58 : Func Idle 
2015-08-07 11:05:10 : checkMainScreen start quiet mode
2015-08-07 11:05:10 : checkMainScreen exit quiet mode
2015-08-07 11:05:10 : Checking Overview for full army [!] True, 407508
2015-08-07 11:05:11 : checkMainScreen start quiet mode
2015-08-07 11:05:11 : checkMainScreen exit quiet mode
2015-08-07 11:05:12 : Func Train 
2015-08-07 11:05:12 : checkMainScreen start quiet mode
2015-08-07 11:05:12 : checkMainScreen exit quiet mode
2015-08-07 11:05:13 : Time Idle: 00:00:14
2015-08-07 11:05:13 : Bot clean start
2015-08-07 11:05:14 : Trying to locate Main Screen
2015-08-07 11:05:14 : Main Screen Located
2015-08-07 11:05:15 : Halt Attack, Stay Online/Collect...
2015-08-07 11:05:16 : checkMainScreen start quiet mode
2015-08-07 11:05:16 : checkMainScreen exit quiet mode
2015-08-07 11:05:18 : Checking if Village needs Rearming..
2015-08-07 11:05:24 : checkMainScreen start quiet mode
2015-08-07 11:05:24 : checkMainScreen exit quiet mode
2015-08-07 11:05:25 : checkMainScreen start quiet mode
2015-08-07 11:05:25 : checkMainScreen exit quiet mode
2015-08-07 11:05:26 : Village Report
2015-08-07 11:05:26 : No. of Free/Total Builders: 0/4
2015-08-07 11:05:26 :  [T]: 2 593
2015-08-07 11:05:26 :  [G]: 3 645 357 [E]: 5 610 761 [D]: 80 000 [GEM]: 1 981
2015-08-07 11:05:27 : checkMainScreen start quiet mode
2015-08-07 11:05:27 : checkMainScreen exit quiet mode
2015-08-07 11:05:27 : checkMainScreen start quiet mode
2015-08-07 11:05:27 : checkMainScreen exit quiet mode
2015-08-07 11:05:29 : checkMainScreen start quiet mode
2015-08-07 11:05:29 : checkMainScreen exit quiet mode
2015-08-07 11:05:29 : Func Train 
2015-08-07 11:05:30 : checkMainScreen start quiet mode
2015-08-07 11:05:30 : checkMainScreen exit quiet mode
2015-08-07 11:05:31 : checkMainScreen start quiet mode
2015-08-07 11:05:31 : checkMainScreen exit quiet mode
2015-08-07 11:05:32 : checkMainScreen start quiet mode
2015-08-07 11:05:32 : checkMainScreen exit quiet mode
2015-08-07 11:05:32 : checkMainScreen start quiet mode
2015-08-07 11:05:32 : checkMainScreen exit quiet mode
2015-08-07 11:05:33 : checkMainScreen start quiet mode
2015-08-07 11:05:33 : checkMainScreen exit quiet mode
2015-08-07 11:05:35 : Finished kicking
2015-08-07 11:05:35 : Func Idle 
2015-08-07 11:05:46 : checkMainScreen start quiet mode
2015-08-07 11:05:46 : checkMainScreen exit quiet mode
2015-08-07 11:05:47 : Checking Overview for full army [!] True, 407508
2015-08-07 11:05:48 : checkMainScreen start quiet mode
2015-08-07 11:05:48 : checkMainScreen exit quiet mode
2015-08-07 11:05:48 : Func Train 
2015-08-07 11:05:48 : checkMainScreen start quiet mode
2015-08-07 11:05:49 : checkMainScreen exit quiet mode
2015-08-07 11:05:49 : Time Idle: 00:00:13
2015-08-07 11:05:49 : Bot clean start
2015-08-07 11:05:50 : Trying to locate Main Screen
2015-08-07 11:05:50 : Main Screen Located
2015-08-07 11:05:51 : Halt Attack, Stay Online/Collect...
2015-08-07 11:05:52 : checkMainScreen start quiet mode
2015-08-07 11:05:52 : checkMainScreen exit quiet mode
2015-08-07 11:05:54 : Checking if Village needs Rearming..
2015-08-07 11:06:01 : checkMainScreen start quiet mode
2015-08-07 11:06:01 : checkMainScreen exit quiet mode
2015-08-07 11:06:01 : checkMainScreen start quiet mode
2015-08-07 11:06:01 : checkMainScreen exit quiet mode
2015-08-07 11:06:02 : Village Report
2015-08-07 11:06:02 : No. of Free/Total Builders: 0/4
2015-08-07 11:06:02 :  [T]: 2 593
2015-08-07 11:06:03 :  [G]: 3 645 357 [E]: 5 610 761 [D]: 80 000 [GEM]: 1 981
2015-08-07 11:06:03 : checkMainScreen start quiet mode
2015-08-07 11:06:03 : checkMainScreen exit quiet mode
2015-08-07 11:06:04 : checkMainScreen start quiet mode
2015-08-07 11:06:04 : checkMainScreen exit quiet mode
2015-08-07 11:06:05 : checkMainScreen start quiet mode
2015-08-07 11:06:05 : checkMainScreen exit quiet mode
2015-08-07 11:06:05 : Func Train 
2015-08-07 11:06:06 : checkMainScreen start quiet mode
2015-08-07 11:06:06 : checkMainScreen exit quiet mode
2015-08-07 11:06:07 : checkMainScreen start quiet mode
2015-08-07 11:06:07 : checkMainScreen exit quiet mode
2015-08-07 11:06:08 : checkMainScreen start quiet mode
2015-08-07 11:06:08 : checkMainScreen exit quiet mode
2015-08-07 11:06:09 : checkMainScreen start quiet mode
2015-08-07 11:06:09 : checkMainScreen exit quiet mode
2015-08-07 11:06:09 : checkMainScreen start quiet mode
2015-08-07 11:06:09 : checkMainScreen exit quiet mode
2015-08-07 11:06:12 : Finished kicking
2015-08-07 11:06:12 : Func Idle 
2015-08-07 11:06:23 : checkMainScreen start quiet mode
2015-08-07 11:06:23 : checkMainScreen exit quiet mode
2015-08-07 11:06:23 : Checking Overview for full army [!] True, 407508
2015-08-07 11:06:25 : checkMainScreen start quiet mode
2015-08-07 11:06:25 : checkMainScreen exit quiet mode
2015-08-07 11:06:25 : Func Train 
2015-08-07 11:06:25 : checkMainScreen start quiet mode
2015-08-07 11:06:25 : checkMainScreen exit quiet mode
2015-08-07 11:06:26 : Time Idle: 00:00:13
2015-08-07 11:06:26 : Bot clean start
2015-08-07 11:06:27 : Trying to locate Main Screen
2015-08-07 11:06:27 : Main Screen Located
2015-08-07 11:06:28 : Halt Attack, Stay Online/Collect...
2015-08-07 11:06:29 : checkMainScreen start quiet mode
2015-08-07 11:06:29 : checkMainScreen exit quiet mode
2015-08-07 11:06:31 : Checking if Village needs Rearming..
2015-08-07 11:06:37 : checkMainScreen start quiet mode
2015-08-07 11:06:37 : checkMainScreen exit quiet mode
2015-08-07 11:06:38 : checkMainScreen start quiet mode
2015-08-07 11:06:38 : checkMainScreen exit quiet mode
2015-08-07 11:06:39 : Village Report
2015-08-07 11:06:39 : No. of Free/Total Builders: 0/4
2015-08-07 11:06:39 :  [T]: 2 593
2015-08-07 11:06:39 :  [G]: 3 645 357 [E]: 5 610 761 [D]: 80 000 [GEM]: 1 981
2015-08-07 11:06:40 : checkMainScreen start quiet mode
2015-08-07 11:06:40 : checkMainScreen exit quiet mode
2015-08-07 11:06:40 : checkMainScreen start quiet mode
2015-08-07 11:06:40 : checkMainScreen exit quiet mode
2015-08-07 11:06:42 : checkMainScreen start quiet mode
2015-08-07 11:06:42 : checkMainScreen exit quiet mode
2015-08-07 11:06:42 : Func Train 
2015-08-07 11:06:43 : checkMainScreen start quiet mode
2015-08-07 11:06:43 : checkMainScreen exit quiet mode
2015-08-07 11:06:44 : checkMainScreen start quiet mode
2015-08-07 11:06:44 : checkMainScreen exit quiet mode
2015-08-07 11:06:45 : checkMainScreen start quiet mode
2015-08-07 11:06:45 : checkMainScreen exit quiet mode
2015-08-07 11:06:45 : checkMainScreen start quiet mode
2015-08-07 11:06:45 : checkMainScreen exit quiet mode
2015-08-07 11:06:46 : checkMainScreen start quiet mode
2015-08-07 11:06:46 : checkMainScreen exit quiet mode
2015-08-07 11:06:48 : Finished kicking
2015-08-07 11:06:48 : Func Idle 
2015-08-07 11:06:59 : checkMainScreen start quiet mode
2015-08-07 11:06:59 : checkMainScreen exit quiet mode
2015-08-07 11:07:00 : Checking Overview for full army [!] True, 407508
2015-08-07 11:07:01 : checkMainScreen start quiet mode
2015-08-07 11:07:01 : checkMainScreen exit quiet mode
2015-08-07 11:07:01 : Func Train 
2015-08-07 11:07:01 : checkMainScreen start quiet mode
2015-08-07 11:07:01 : checkMainScreen exit quiet mode
2015-08-07 11:07:02 : Time Idle: 00:00:13
2015-08-07 11:07:02 : Bot clean start
2015-08-07 11:07:03 : Trying to locate Main Screen
2015-08-07 11:07:03 : Main Screen Located
2015-08-07 11:07:04 : Halt Attack, Stay Online/Collect...
2015-08-07 11:07:05 : checkMainScreen start quiet mode
2015-08-07 11:07:05 : checkMainScreen exit quiet mode
2015-08-07 11:07:07 : Checking if Village needs Rearming..
2015-08-07 11:07:14 : checkMainScreen start quiet mode
2015-08-07 11:07:14 : checkMainScreen exit quiet mode
2015-08-07 11:07:15 : checkMainScreen start quiet mode
2015-08-07 11:07:15 : checkMainScreen exit quiet mode
2015-08-07 11:07:15 : Village Report
2015-08-07 11:07:15 : No. of Free/Total Builders: 0/4
2015-08-07 11:07:15 :  [T]: 2 593
2015-08-07 11:07:16 :  [G]: 3 645 357 [E]: 5 610 761 [D]: 80 000 [GEM]: 1 981
2015-08-07 11:07:16 : checkMainScreen start quiet mode
2015-08-07 11:07:16 : checkMainScreen exit quiet mode
2015-08-07 11:07:17 : checkMainScreen start quiet mode
2015-08-07 11:07:17 : checkMainScreen exit quiet mode
2015-08-07 11:07:18 : checkMainScreen start quiet mode
2015-08-07 11:07:18 : checkMainScreen exit quiet mode
2015-08-07 11:07:18 : Func Train 
2015-08-07 11:07:19 : checkMainScreen start quiet mode
2015-08-07 11:07:19 : checkMainScreen exit quiet mode
2015-08-07 11:07:20 : checkMainScreen start quiet mode
2015-08-07 11:07:20 : checkMainScreen exit quiet mode
2015-08-07 11:07:21 : checkMainScreen start quiet mode
2015-08-07 11:07:21 : checkMainScreen exit quiet mode
2015-08-07 11:07:22 : checkMainScreen start quiet mode
2015-08-07 11:07:22 : checkMainScreen exit quiet mode
2015-08-07 11:07:22 : checkMainScreen start quiet mode
2015-08-07 11:07:22 : checkMainScreen exit quiet mode
2015-08-07 11:07:25 : Finished kicking
2015-08-07 11:07:25 : Func Idle 
2015-08-07 11:07:36 : checkMainScreen start quiet mode
2015-08-07 11:07:36 : checkMainScreen exit quiet mode
2015-08-07 11:07:37 : Checking Overview for full army [!] True, 407508
2015-08-07 11:07:38 : checkMainScreen start quiet mode
2015-08-07 11:07:38 : checkMainScreen exit quiet mode
2015-08-07 11:07:38 : Func Train 
2015-08-07 11:07:38 : checkMainScreen start quiet mode
2015-08-07 11:07:38 : checkMainScreen exit quiet mode
2015-08-07 11:07:39 : Time Idle: 00:00:13
2015-08-07 11:07:39 : Bot clean start
2015-08-07 11:07:40 : Trying to locate Main Screen
2015-08-07 11:07:40 : Main Screen Located
2015-08-07 11:07:41 : Halt Attack, Stay Online/Collect...
2015-08-07 11:07:42 : checkMainScreen start quiet mode
2015-08-07 11:07:42 : checkMainScreen exit quiet mode
2015-08-07 11:07:44 : Checking if Village needs Rearming..
2015-08-07 11:07:51 : checkMainScreen start quiet mode
2015-08-07 11:07:51 : checkMainScreen exit quiet mode
2015-08-07 11:07:51 : checkMainScreen start quiet mode
2015-08-07 11:07:51 : checkMainScreen exit quiet mode
2015-08-07 11:07:52 : Village Report
2015-08-07 11:07:52 : No. of Free/Total Builders: 0/4
2015-08-07 11:07:52 :  [T]: 2 593
2015-08-07 11:07:52 :  [G]: 3 645 357 [E]: 5 610 761 [D]: 80 000 [GEM]: 1 981
2015-08-07 11:07:53 : checkMainScreen start quiet mode
2015-08-07 11:07:53 : checkMainScreen exit quiet mode
2015-08-07 11:07:54 : checkMainScreen start quiet mode
2015-08-07 11:07:54 : checkMainScreen exit quiet mode
2015-08-07 11:07:55 : checkMainScreen start quiet mode
2015-08-07 11:07:55 : checkMainScreen exit quiet mode
2015-08-07 11:07:55 : Func Train 
2015-08-07 11:07:56 : checkMainScreen start quiet mode
2015-08-07 11:07:56 : checkMainScreen exit quiet mode
2015-08-07 11:07:57 : checkMainScreen start quiet mode
2015-08-07 11:07:57 : checkMainScreen exit quiet mode
2015-08-07 11:07:58 : checkMainScreen start quiet mode
2015-08-07 11:07:58 : checkMainScreen exit quiet mode
2015-08-07 11:07:58 : checkMainScreen start quiet mode
2015-08-07 11:07:58 : checkMainScreen exit quiet mode
2015-08-07 11:07:59 : checkMainScreen start quiet mode
2015-08-07 11:07:59 : checkMainScreen exit quiet mode
2015-08-07 11:08:01 : Finished kicking
2015-08-07 11:08:01 : Func Idle 
2015-08-07 11:08:13 : checkMainScreen start quiet mode
2015-08-07 11:08:13 : checkMainScreen exit quiet mode
2015-08-07 11:08:13 : Checking Overview for full army [!] True, 407508
2015-08-07 11:08:14 : checkMainScreen start quiet mode
2015-08-07 11:08:14 : checkMainScreen exit quiet mode
2015-08-07 11:08:15 : Func Train 
2015-08-07 11:08:15 : checkMainScreen start quiet mode
2015-08-07 11:08:15 : checkMainScreen exit quiet mode
2015-08-07 11:08:16 : Time Idle: 00:00:14
2015-08-07 11:08:16 : Bot clean start
2015-08-07 11:08:17 : Trying to locate Main Screen
2015-08-07 11:08:17 : Main Screen Located
2015-08-07 11:08:18 : Halt Attack, Stay Online/Collect...
2015-08-07 11:08:19 : checkMainScreen start quiet mode
2015-08-07 11:08:19 : checkMainScreen exit quiet mode
2015-08-07 11:08:20 : Checking if Village needs Rearming..
2015-08-07 11:08:27 : checkMainScreen start quiet mode
2015-08-07 11:08:27 : checkMainScreen exit quiet mode
2015-08-07 11:08:28 : checkMainScreen start quiet mode
2015-08-07 11:08:28 : checkMainScreen exit quiet mode
2015-08-07 11:08:29 : Village Report
2015-08-07 11:08:29 : No. of Free/Total Builders: 0/4
2015-08-07 11:08:29 :  [T]: 2 593
2015-08-07 11:08:29 :  [G]: 3 645 357 [E]: 5 610 761 [D]: 80 000 [GEM]: 1 981
2015-08-07 11:08:30 : checkMainScreen start quiet mode
2015-08-07 11:08:30 : checkMainScreen exit quiet mode
2015-08-07 11:08:30 : checkMainScreen start quiet mode
2015-08-07 11:08:30 : checkMainScreen exit quiet mode
2015-08-07 11:08:32 : checkMainScreen start quiet mode
2015-08-07 11:08:32 : checkMainScreen exit quiet mode
2015-08-07 11:08:32 : Func Train 
2015-08-07 11:08:33 : checkMainScreen start quiet mode
2015-08-07 11:08:33 : checkMainScreen exit quiet mode
2015-08-07 11:08:34 : checkMainScreen start quiet mode
2015-08-07 11:08:34 : checkMainScreen exit quiet mode
2015-08-07 11:08:35 : checkMainScreen start quiet mode
2015-08-07 11:08:35 : checkMainScreen exit quiet mode
2015-08-07 11:08:35 : checkMainScreen start quiet mode
2015-08-07 11:08:35 : checkMainScreen exit quiet mode
2015-08-07 11:08:36 : checkMainScreen start quiet mode
2015-08-07 11:08:36 : checkMainScreen exit quiet mode
2015-08-07 11:08:38 : Finished kicking
2015-08-07 11:08:38 : Func Idle 
2015-08-07 11:08:49 : checkMainScreen start quiet mode
2015-08-07 11:08:49 : checkMainScreen exit quiet mode
2015-08-07 11:08:50 : Checking Overview for full army [!] True, 407508
2015-08-07 11:08:51 : checkMainScreen start quiet mode
2015-08-07 11:08:51 : checkMainScreen exit quiet mode
2015-08-07 11:08:51 : Func Train 
2015-08-07 11:08:51 : checkMainScreen start quiet mode
2015-08-07 11:08:52 : checkMainScreen exit quiet mode
2015-08-07 11:08:52 : Time Idle: 00:00:13
2015-08-07 11:08:52 : Bot clean start
2015-08-07 11:08:53 : Trying to locate Main Screen
2015-08-07 11:08:54 : Main Screen Located
2015-08-07 11:08:54 : Halt Attack, Stay Online/Collect...
2015-08-07 11:08:55 : checkMainScreen start quiet mode
2015-08-07 11:08:55 : checkMainScreen exit quiet mode
2015-08-07 11:08:57 : Checking if Village needs Rearming..
2015-08-07 11:09:04 : checkMainScreen start quiet mode
2015-08-07 11:09:04 : checkMainScreen exit quiet mode
2015-08-07 11:09:05 : checkMainScreen start quiet mode
2015-08-07 11:09:05 : checkMainScreen exit quiet mode
2015-08-07 11:09:06 : Village Report
2015-08-07 11:09:06 : No. of Free/Total Builders: 0/4
2015-08-07 11:09:06 :  [T]: 2 593
2015-08-07 11:09:06 :  [G]: 3 645 357 [E]: 5 610 761 [D]: 80 000 [GEM]: 1 981
2015-08-07 11:09:06 : checkMainScreen start quiet mode
2015-08-07 11:09:06 : checkMainScreen exit quiet mode
2015-08-07 11:09:07 : checkMainScreen start quiet mode
2015-08-07 11:09:07 : checkMainScreen exit quiet mode
2015-08-07 11:09:08 : checkMainScreen start quiet mode
2015-08-07 11:09:08 : checkMainScreen exit quiet mode
2015-08-07 11:09:08 : Func Train 
2015-08-07 11:09:09 : checkMainScreen start quiet mode
2015-08-07 11:09:10 : checkMainScreen exit quiet mode
2015-08-07 11:09:11 : checkMainScreen start quiet mode
2015-08-07 11:09:11 : checkMainScreen exit quiet mode
2015-08-07 11:09:12 : checkMainScreen start quiet mode
2015-08-07 11:09:12 : checkMainScreen exit quiet mode
2015-08-07 11:09:12 : checkMainScreen start quiet mode
2015-08-07 11:09:12 : checkMainScreen exit quiet mode
2015-08-07 11:09:13 : checkMainScreen start quiet mode
2015-08-07 11:09:13 : checkMainScreen exit quiet mode
2015-08-07 11:09:15 : Finished kicking
2015-08-07 11:09:15 : Func Idle 
2015-08-07 11:09:26 : checkMainScreen start quiet mode
2015-08-07 11:09:27 : Another Device has connected, waiting 2 minutes 0 seconds
2015-08-07 11:11:30 : CheckObstacles Result = True
2015-08-07 11:11:30 : Waiting for Main Screen
2015-08-07 11:11:30 : ChkObst Loop = 0ExitLoop = 0
2015-08-07 11:11:32 : ChkObst Loop = 1ExitLoop = 1
2015-08-07 11:11:32 : Screen cleared, WaitMainScreen exit
2015-08-07 11:11:34 : Zooming Out
2015-08-07 11:11:34 : Index = 0
2015-08-07 11:11:34 : ControlFocus Result = 1, ControlSend Result = 1|0
2015-08-07 11:11:34 : Index = 2
2015-08-07 11:11:35 : ControlFocus Result = 1, ControlSend Result = 1|0
2015-08-07 11:11:35 : Index = 4
2015-08-07 11:11:35 : ControlFocus Result = 1, ControlSend Result = 1|0
2015-08-07 11:11:35 : Index = 6
2015-08-07 11:11:35 : ControlFocus Result = 1, ControlSend Result = 1|0
2015-08-07 11:11:35 : Index = 8
2015-08-07 11:11:35 : ControlFocus Result = 1, ControlSend Result = 1|0
2015-08-07 11:11:35 : Index = 10
2015-08-07 11:11:36 : ControlFocus Result = 1, ControlSend Result = 1|0
2015-08-07 11:11:36 : Index = 12
2015-08-07 11:11:36 : ControlFocus Result = 1, ControlSend Result = 1|0
2015-08-07 11:11:36 : checkMainScreen exit quiet mode
2015-08-07 11:11:37 : Checking Overview for full army [!] False, 701312
