2015-08-07 23:42:58 : ~ Clash Game Bot v4.1MODS Powered by GameBot.org ~
2015-08-07 23:42:58 : GameBot.org.au3 Script running on WIN_7  X64
2015-08-07 23:42:58 : =================== Bot Start ====================
2015-08-07 23:42:58 : -------------------------  Current Profile: 04 --------------------------
2015-08-07 23:42:58 :  Warning Debug Mode Enabled! Setlog: 1 OCR: 0 RedArea: 0 
2015-08-07 23:42:58 : Trying to locate Main Screen
2015-08-07 23:42:58 : Main Screen Located
2015-08-07 23:42:59 : Detecting your Buildings..
2015-08-07 23:43:06 : Language setting is English: Correct.
2015-08-07 23:43:06 : Bot clean start
2015-08-07 23:43:07 : Trying to locate Main Screen
2015-08-07 23:43:07 : Main Screen Located
2015-08-07 23:43:08 : Halt Attack, Stay Online/Collect...
2015-08-07 23:43:09 : checkMainScreen start quiet mode
2015-08-07 23:43:09 : checkMainScreen exit quiet mode
2015-08-07 23:43:09 : Collecting Resources
2015-08-07 23:43:14 : checkMainScreen start quiet mode
2015-08-07 23:43:14 : checkMainScreen exit quiet mode
2015-08-07 23:43:16 : Checking if Village needs Rearming..
2015-08-07 23:43:22 : checkMainScreen start quiet mode
2015-08-07 23:43:22 : checkMainScreen exit quiet mode
2015-08-07 23:43:23 : checkMainScreen start quiet mode
2015-08-07 23:43:23 : checkMainScreen exit quiet mode
2015-08-07 23:43:23 : Village Report
2015-08-07 23:43:23 : No. of Free/Total Builders: 0/4
2015-08-07 23:43:23 :  [T]: 2 546
2015-08-07 23:43:24 :  [G]: 1 721 309 [E]: 5 182 465 [D]: 18 336 [GEM]: 1 981
2015-08-07 23:43:24 : checkMainScreen start quiet mode
2015-08-07 23:43:24 : checkMainScreen exit quiet mode
2015-08-07 23:43:25 : checkMainScreen start quiet mode
2015-08-07 23:43:25 : checkMainScreen exit quiet mode
2015-08-07 23:43:26 : checkMainScreen start quiet mode
2015-08-07 23:43:26 : checkMainScreen exit quiet mode
2015-08-07 23:43:27 : checkMainScreen start quiet mode
2015-08-07 23:43:27 : checkMainScreen exit quiet mode
2015-08-07 23:43:28 : checkMainScreen start quiet mode
2015-08-07 23:43:28 : checkMainScreen exit quiet mode
2015-08-07 23:43:29 : checkMainScreen start quiet mode
2015-08-07 23:43:29 : checkMainScreen exit quiet mode
2015-08-07 23:43:29 : checkMainScreen start quiet mode
2015-08-07 23:43:29 : checkMainScreen exit quiet mode
2015-08-07 23:43:30 : checkMainScreen start quiet mode
2015-08-07 23:43:30 : checkMainScreen exit quiet mode
2015-08-07 23:43:32 : Finished kicking
2015-08-07 23:43:32 : Func Idle 
2015-08-07 23:43:43 : checkMainScreen start quiet mode
2015-08-07 23:43:43 : checkMainScreen exit quiet mode
2015-08-07 23:43:44 : Checking Overview for full army [!] True, 407508
2015-08-07 23:43:44 : Screenshot saved: .\Profiles\04\Temp\2015-08-07_23.43.44.jpg
2015-08-07 23:43:44 : Checking Overview for full CC [!] False, 81B521
2015-08-07 23:44:28 : Checking Overview for full Heroes [!] True, 98C538
2015-08-07 23:44:30 : checkMainScreen start quiet mode
2015-08-07 23:44:30 : checkMainScreen exit quiet mode
2015-08-07 23:44:30 : Func Train 
2015-08-07 23:44:30 : checkMainScreen start quiet mode
2015-08-07 23:44:30 : checkMainScreen exit quiet mode
2015-08-07 23:44:31 : Time Idle: 00:00:58
2015-08-07 23:44:31 : Bot clean start
2015-08-07 23:44:32 : Trying to locate Main Screen
2015-08-07 23:44:32 : Main Screen Located
2015-08-07 23:44:33 : Halt Attack, Stay Online/Collect...
