2015-08-07 19:52:22 : ~ Clash Game Bot v4.1MODS Powered by GameBot.org ~
2015-08-07 19:52:22 : GameBot.org.exe Executable running on WIN_7  X64
2015-08-07 19:52:22 : =================== Bot Start ====================
2015-08-07 19:52:22 : -------------------------  Current Profile: 04 --------------------------
2015-08-07 19:52:22 :  Warning Debug Mode Enabled! Setlog: 1 OCR: 0 RedArea: 0 
2015-08-07 19:52:22 : Trying to locate Main Screen
2015-08-07 19:52:22 : Main Screen Located
2015-08-07 19:52:23 : Detecting your Buildings..
2015-08-07 19:52:28 : Language setting is English: Correct.
2015-08-07 19:52:28 : Bot clean start
2015-08-07 19:52:29 : Trying to locate Main Screen
2015-08-07 19:52:29 : Main Screen Located
2015-08-07 19:52:30 : checkMainScreen start quiet mode
2015-08-07 19:52:30 : checkMainScreen exit quiet mode
2015-08-07 19:52:31 : Collecting Resources
2015-08-07 19:52:36 : checkMainScreen start quiet mode
2015-08-07 19:52:38 : CheckObstacles Result = True
2015-08-07 19:52:38 : Waiting for Main Screen
2015-08-07 19:52:38 : ChkObst Loop = 0ExitLoop = 0
2015-08-07 19:52:38 : Screen cleared, WaitMainScreen exit
2015-08-07 19:52:38 : checkMainScreen exit quiet mode
2015-08-07 19:52:39 : Bot clean start
2015-08-07 19:52:40 : Trying to locate Main Screen
2015-08-07 19:52:40 : Main Screen Located
2015-08-07 19:52:41 : checkMainScreen start quiet mode
2015-08-07 19:52:41 : checkMainScreen exit quiet mode
2015-08-07 19:52:41 : Collecting Resources
2015-08-07 19:52:46 : checkMainScreen start quiet mode
2015-08-07 19:52:46 : checkMainScreen exit quiet mode
2015-08-07 19:52:47 : Checking if Village needs Rearming..
2015-08-07 19:52:54 : checkMainScreen start quiet mode
2015-08-07 19:52:54 : checkMainScreen exit quiet mode
2015-08-07 19:52:54 : checkMainScreen start quiet mode
2015-08-07 19:52:54 : checkMainScreen exit quiet mode
2015-08-07 19:52:55 : Village Report
2015-08-07 19:52:55 : No. of Free/Total Builders: 0/4
2015-08-07 19:52:55 :  [T]: 2 558
2015-08-07 19:52:55 :  [G]: 1 077 116 [E]: 4 685 240 [D]: 16 203 [GEM]: 1 981
2015-08-07 19:52:56 : checkMainScreen start quiet mode
2015-08-07 19:52:56 : checkMainScreen exit quiet mode
2015-08-07 19:52:57 : checkMainScreen start quiet mode
2015-08-07 19:52:57 : checkMainScreen exit quiet mode
2015-08-07 19:52:58 : checkMainScreen start quiet mode
2015-08-07 19:52:58 : checkMainScreen exit quiet mode
2015-08-07 19:52:58 : Func Train 
2015-08-07 19:52:58 : Halt enabled, $TotalTrainedTroops= 0, Adj TotalCamp= 192
2015-08-07 19:52:58 : Checking Army Camp...
2015-08-07 19:53:00 : $sArmyInfo = 200#200
2015-08-07 19:53:00 : $CurCamp = 200
2015-08-07 19:53:00 : $TotalCamp = 200
2015-08-07 19:53:00 : Total Army Camp capacity: 200/200
2015-08-07 19:53:00 : $hBitmapFirst made
2015-08-07 19:53:00 : Calling CGBfunctions.dll/searchIdentifyTroopTrained 
2015-08-07 19:53:01 : Dll return $FullTemp :Barbarian|8-21|75#Archer|71-22|125
2015-08-07 19:53:01 : $Trooptype split # : 2
2015-08-07 19:53:01 : Start the Loop
2015-08-07 19:53:01 : $TroopTypeT[$i] split : 1
2015-08-07 19:53:01 :  - No. of Barbarians: 75
2015-08-07 19:53:01 : $TroopTypeT[$i] split : 2
2015-08-07 19:53:01 :  - No. of Archers: 125
2015-08-07 19:53:01 : start barrackstatus
2015-08-07 19:53:01 : OK, I'm in army overview
2015-08-07 19:53:02 : barrack 1 found upgrading! color 6B6964
2015-08-07 19:53:02 : barrack 2 found! color 888070
2015-08-07 19:53:02 : barrack 3 found! color 888070
2015-08-07 19:53:02 : barrack 4 found! color 888070
2015-08-07 19:53:02 : dark barrack 1 found! color 888070
2015-08-07 19:53:02 : dark barrack 5 found upgrading! color 6B6964
2015-08-07 19:53:02 : Factory Spell found! color 888070
2015-08-07 19:53:02 : Dark Factory Spell found! color 888070
2015-08-07 19:53:02 : Barracks and Spell factory status: 
2015-08-07 19:53:02 : - Barracks detected: 4 | Available: 3 | Upgrading: 1
2015-08-07 19:53:02 : - Dark Barracks detected: 2 | Available: 1 | Upgrading: 1
2015-08-07 19:53:02 : - Spell factory detected: 1 | Available: 1 | Upgrading: 0
2015-08-07 19:53:02 : - Dark Spell factory detected: 1 | Available: 1 | Upgrading: 0
2015-08-07 19:53:02 : Trainaviable[0] = 1
2015-08-07 19:53:02 : Trainaviable[1] = 0
2015-08-07 19:53:02 : Trainaviable[2] = 1
2015-08-07 19:53:02 : Trainaviable[3] = 1
2015-08-07 19:53:02 : Trainaviable[4] = 1
2015-08-07 19:53:02 : Trainaviable[5] = 1
2015-08-07 19:53:02 : Trainaviable[6] = 0
2015-08-07 19:53:02 : Trainaviable[7] = 1
2015-08-07 19:53:02 : Trainaviable[8] = 1
2015-08-07 19:53:02 : Training Troops...
2015-08-07 19:53:02 : Train: need to make normal troops: True
2015-08-07 19:53:02 : Train: need to make dark troops: False
2015-08-07 19:53:02 : LAST BARRACK = 4
2015-08-07 19:53:02 : OverView TabColor=CDCDC8
2015-08-07 19:53:03 : Last Barrack TabColor=888070
2015-08-07 19:53:03 : Your Army Camps are now Full
2015-08-07 19:53:03 : ---------COMPUTE TROOPS TO MAKE------------------------
2015-08-07 19:53:03 : -- Compute AnotherTroops to train
2015-08-07 19:53:03 : Need to train (height) GOBL:0% BARB: 120% ARCH: 80% AND 0 other troops space
2015-08-07 19:53:03 : Total Troops to be Trained= 200
2015-08-07 19:53:03 : BARRACKNUM: 3
2015-08-07 19:53:03 : ArchEBarrack: 26
2015-08-07 19:53:03 : BarbEBarrack: 40
2015-08-07 19:53:03 : DARKBARRACKNUM: 1
2015-08-07 19:53:03 : ---------END COMPUTE TROOPS TO MAKE--------------------
2015-08-07 19:53:03 : 
2015-08-07 19:53:03 : ---------TRAIN BARRACK MODE------------------------
2015-08-07 19:53:03 : Barrack4 selected
2015-08-07 19:53:05 : Full Check=DE58D0
2015-08-07 19:53:05 : Full Check=FF80F8
2015-08-07 19:53:05 : Full Check=FE78F4
2015-08-07 19:53:06 : Full Check=FF80F8
2015-08-07 19:53:06 : Full Check=FF7FF5
2015-08-07 19:53:06 : Full Check=FB75F1
2015-08-07 19:53:06 : Full Check=FF7FF5
2015-08-07 19:53:06 : Full Check=FE78F4
2015-08-07 19:53:06 : Full Check=FF7FF5
2015-08-07 19:53:06 : Full Check=FE78F4
2015-08-07 19:53:06 : Full Check=FF78F3
2015-08-07 19:53:06 : Full Check=FB75F1
2015-08-07 19:53:06 : Full Check=FF7FF5
2015-08-07 19:53:06 : Full Check=FE78F4
2015-08-07 19:53:06 : Full Check=FF7FF5
2015-08-07 19:53:06 : Full Check=FF7FF5
2015-08-07 19:53:06 : Full Check=FF7FF5
2015-08-07 19:53:06 : Full Check=FF7FF5
2015-08-07 19:53:06 : Full Check=FE78F4
2015-08-07 19:53:07 : Full Check=FE78F4
2015-08-07 19:53:07 : Full Check=FF78F3
2015-08-07 19:53:07 : Full Check=FE78F4
2015-08-07 19:53:07 : Full Check=FF7FF5
2015-08-07 19:53:07 : Full Check=FE78F4
2015-08-07 19:53:07 : Full Check=FB75F1
2015-08-07 19:53:07 : Full Check=FF80F8
2015-08-07 19:53:07 : Full Check=FB75F1
2015-08-07 19:53:07 : Full Check=FF78F3
2015-08-07 19:53:07 : Full Check=F164DF
2015-08-07 19:53:07 : Full Check=FB75F1
2015-08-07 19:53:07 : Full Check=FF7FF5
2015-08-07 19:53:07 : Full Check=FF7FF5
2015-08-07 19:53:07 : Full Check=FF7FF5
2015-08-07 19:53:07 : Full Check=FE78F4
2015-08-07 19:53:07 : Full Check=FB75F1
2015-08-07 19:53:07 : Full Check=FF7FF5
2015-08-07 19:53:08 : Full Check=FF7FF5
2015-08-07 19:53:08 : Full Check=FF7FF5
2015-08-07 19:53:08 : Full Check=FF7FF5
2015-08-07 19:53:08 : Full Check=FF7FF5
2015-08-07 19:53:08 : Full Check=FF80F8
2015-08-07 19:53:08 : Full Check=FE78F4
2015-08-07 19:53:08 : Full Check=FF7FF5
2015-08-07 19:53:08 : Full Check=FF7FF5
2015-08-07 19:53:08 : Full Check=FF7FF5
2015-08-07 19:53:08 : Full Check=FF7FF5
2015-08-07 19:53:08 : Full Check=FF7FF5
2015-08-07 19:53:08 : Full Check=FB75F1
2015-08-07 19:53:08 : Full Check=FF80F8
2015-08-07 19:53:08 : Full Check=FF7FF5
2015-08-07 19:53:08 : Full Check=FF7FF5
2015-08-07 19:53:08 : Full Check=FF7FF5
2015-08-07 19:53:09 : Full Check=FE78F4
2015-08-07 19:53:09 : Full Check=FF7FF5
2015-08-07 19:53:09 : Full Check=FF7FF5
2015-08-07 19:53:09 : Full Check=FF7FF5
2015-08-07 19:53:09 : Full Check=FF7FF5
2015-08-07 19:53:09 : Full Check=FE78F4
2015-08-07 19:53:09 : Full Check=FF7FF5
2015-08-07 19:53:09 : Full Check=FE78F4
2015-08-07 19:53:09 : Full Check=FE78F4
2015-08-07 19:53:09 : Full Check=FB75F1
2015-08-07 19:53:09 : Full Check=FF78F3
2015-08-07 19:53:09 : Full Check=FF7FF5
2015-08-07 19:53:09 : Full Check=FF7FF5
2015-08-07 19:53:09 : Full Check=FB75F1
2015-08-07 19:53:09 : Full Check=FF7FF5
2015-08-07 19:53:09 : Full Check=FE78F4
2015-08-07 19:53:09 : Full Check=FF7FF5
2015-08-07 19:53:10 : Full Check=FE78F4
2015-08-07 19:53:10 : Full Check=FE78F4
2015-08-07 19:53:10 : Full Check=FE78F4
2015-08-07 19:53:10 : Full Check=FB75F1
2015-08-07 19:53:10 : Full Check=FE78F4
2015-08-07 19:53:10 : Full Check=FB75F1
2015-08-07 19:53:10 : Move from Barrack 4 direction -1
2015-08-07 19:53:12 : Barrack3 selected
2015-08-07 19:53:14 : Full Check=DE58D0
2015-08-07 19:53:14 : Full Check=FF80F8
2015-08-07 19:53:14 : Full Check=FF7FF5
2015-08-07 19:53:14 : Full Check=FF7FF5
2015-08-07 19:53:14 : Full Check=FF7FF5
2015-08-07 19:53:14 : Full Check=F164DF
2015-08-07 19:53:14 : Full Check=FF7FF5
2015-08-07 19:53:14 : Full Check=FE78F4
2015-08-07 19:53:15 : Full Check=FB75F1
2015-08-07 19:53:15 : Full Check=FE78F4
2015-08-07 19:53:15 : Full Check=FF80F8
2015-08-07 19:53:15 : Full Check=FD74EE
2015-08-07 19:53:15 : Full Check=FE78F4
2015-08-07 19:53:15 : Full Check=FF80F8
2015-08-07 19:53:15 : Full Check=FB75F1
2015-08-07 19:53:15 : Full Check=FF78F3
2015-08-07 19:53:15 : Full Check=FE78F4
2015-08-07 19:53:15 : Full Check=FF7FF5
2015-08-07 19:53:15 : Full Check=FF7FF5
2015-08-07 19:53:15 : Full Check=FF7FF5
2015-08-07 19:53:15 : Full Check=FF7FF5
2015-08-07 19:53:15 : Full Check=FB75F1
2015-08-07 19:53:15 : Full Check=FF7FF5
2015-08-07 19:53:15 : Full Check=FB75F1
2015-08-07 19:53:15 : Full Check=FE78F4
2015-08-07 19:53:16 : Full Check=FF78F3
2015-08-07 19:53:16 : Full Check=FF7FF5
2015-08-07 19:53:16 : Full Check=FF7FF5
2015-08-07 19:53:16 : Full Check=FB75F1
2015-08-07 19:53:16 : Full Check=FE78F4
2015-08-07 19:53:16 : Full Check=FF78F3
2015-08-07 19:53:16 : Full Check=FF7FF5
2015-08-07 19:53:16 : Full Check=FD74EE
2015-08-07 19:53:16 : Full Check=FF78F3
2015-08-07 19:53:16 : Full Check=FF7FF5
2015-08-07 19:53:16 : Full Check=FF7FF5
2015-08-07 19:53:16 : Full Check=FB75F1
2015-08-07 19:53:16 : Full Check=FF7FF5
2015-08-07 19:53:16 : Full Check=FB75F1
2015-08-07 19:53:16 : Full Check=FF80F8
2015-08-07 19:53:16 : Full Check=FE78F4
2015-08-07 19:53:17 : Full Check=FF78F3
2015-08-07 19:53:17 : Full Check=FF7FF5
2015-08-07 19:53:17 : Full Check=FF7FF5
2015-08-07 19:53:17 : Full Check=FF7FF5
2015-08-07 19:53:17 : Full Check=FF7FF5
2015-08-07 19:53:17 : Full Check=FF7FF5
2015-08-07 19:53:17 : Full Check=FB75F1
2015-08-07 19:53:17 : Full Check=FE78F4
2015-08-07 19:53:17 : Full Check=FE78F4
2015-08-07 19:53:17 : Full Check=FF7FF5
2015-08-07 19:53:17 : Full Check=FF7FF5
2015-08-07 19:53:17 : Full Check=FB75F1
2015-08-07 19:53:17 : Full Check=FE78F4
2015-08-07 19:53:17 : Full Check=FF7FF5
2015-08-07 19:53:17 : Full Check=FE78F4
2015-08-07 19:53:17 : Full Check=FB75F1
2015-08-07 19:53:18 : Full Check=FF7FF5
2015-08-07 19:53:18 : Full Check=FF7FF5
2015-08-07 19:53:18 : Full Check=FF7FF5
2015-08-07 19:53:18 : Full Check=FE78F4
2015-08-07 19:53:18 : Full Check=FF7FF5
2015-08-07 19:53:18 : Full Check=FE78F4
2015-08-07 19:53:18 : Full Check=FF7FF5
2015-08-07 19:53:18 : Full Check=FF7FF5
2015-08-07 19:53:18 : Full Check=FE78F4
2015-08-07 19:53:18 : Full Check=FE78F4
2015-08-07 19:53:18 : Full Check=FF78F3
2015-08-07 19:53:18 : Full Check=FE78F4
2015-08-07 19:53:18 : Full Check=FF7FF5
2015-08-07 19:53:18 : Full Check=FD74EE
2015-08-07 19:53:18 : Full Check=FF7FF5
2015-08-07 19:53:18 : Full Check=FB75F1
2015-08-07 19:53:18 : Full Check=FF78F3
2015-08-07 19:53:19 : Full Check=F164DF
2015-08-07 19:53:19 : Move from Barrack 3 direction -1
2015-08-07 19:53:20 : Barrack2 selected
2015-08-07 19:53:23 : Full Check=E05AD0
2015-08-07 19:53:23 : Full Check=FF82F8
2015-08-07 19:53:23 : Full Check=F167E2
2015-08-07 19:53:23 : Full Check=FF79F5
2015-08-07 19:53:23 : Full Check=FF79F5
2015-08-07 19:53:23 : Full Check=FF7EF7
2015-08-07 19:53:23 : Full Check=FF7EF7
2015-08-07 19:53:23 : Full Check=FF7EF7
2015-08-07 19:53:23 : Full Check=FF7EF7
2015-08-07 19:53:23 : Full Check=FF76F1
2015-08-07 19:53:23 : Full Check=FF7EF7
2015-08-07 19:53:23 : Full Check=FF7EF7
2015-08-07 19:53:23 : Full Check=FF76F1
2015-08-07 19:53:23 : Full Check=FF79F5
2015-08-07 19:53:23 : Full Check=FF7EF7
2015-08-07 19:53:24 : Full Check=FF7EF7
2015-08-07 19:53:24 : Full Check=FF7EF7
2015-08-07 19:53:24 : Full Check=FF7EF7
2015-08-07 19:53:24 : Full Check=FF7EF7
2015-08-07 19:53:24 : Full Check=FF7EF7
2015-08-07 19:53:24 : Full Check=FF7EF7
2015-08-07 19:53:24 : Full Check=FF79F5
2015-08-07 19:53:24 : Full Check=FF7EF7
2015-08-07 19:53:24 : Full Check=FF79F5
2015-08-07 19:53:24 : Full Check=FF7BF6
2015-08-07 19:53:24 : Full Check=FF7EF7
2015-08-07 19:53:24 : Full Check=FF79F5
2015-08-07 19:53:24 : Full Check=FF7EF7
2015-08-07 19:53:24 : Full Check=FF76F1
2015-08-07 19:53:24 : Full Check=FF7EF7
2015-08-07 19:53:24 : Full Check=FF7EF7
2015-08-07 19:53:24 : Full Check=FF79F5
2015-08-07 19:53:25 : Full Check=FF79F5
2015-08-07 19:53:25 : Full Check=FF7EF7
2015-08-07 19:53:25 : Full Check=FF79F5
2015-08-07 19:53:25 : Full Check=FF7BF6
2015-08-07 19:53:25 : Full Check=FF7EF7
2015-08-07 19:53:25 : Full Check=FF79F5
2015-08-07 19:53:25 : Full Check=FF7EF7
2015-08-07 19:53:25 : Full Check=FF7EF7
2015-08-07 19:53:25 : Full Check=FF76F1
2015-08-07 19:53:25 : Full Check=FF7BF6
2015-08-07 19:53:25 : Full Check=FF79F5
2015-08-07 19:53:25 : Full Check=FF7EF7
2015-08-07 19:53:25 : Full Check=FF7EF7
2015-08-07 19:53:25 : Full Check=FF7EF7
2015-08-07 19:53:25 : Full Check=FF7EF7
2015-08-07 19:53:25 : Full Check=FF7EF7
2015-08-07 19:53:26 : Full Check=FF76F1
2015-08-07 19:53:26 : Full Check=FF7EF7
2015-08-07 19:53:26 : Full Check=FF79F5
2015-08-07 19:53:26 : Full Check=FF7EF7
2015-08-07 19:53:26 : Full Check=FF76F1
2015-08-07 19:53:26 : Full Check=FF7EF7
2015-08-07 19:53:26 : Full Check=FF7EF7
2015-08-07 19:53:26 : Full Check=FF7EF7
2015-08-07 19:53:26 : Full Check=FF7EF7
2015-08-07 19:53:26 : Full Check=FF7EF7
2015-08-07 19:53:26 : Full Check=FF7EF7
2015-08-07 19:53:26 : Full Check=FF7EF7
2015-08-07 19:53:26 : Full Check=FF7EF7
2015-08-07 19:53:26 : Full Check=FF7EF7
2015-08-07 19:53:26 : Full Check=FF7EF7
2015-08-07 19:53:26 : Full Check=FF7EF7
2015-08-07 19:53:26 : Full Check=FF76F1
2015-08-07 19:53:27 : Full Check=FF7EF7
2015-08-07 19:53:27 : Full Check=FF79F5
2015-08-07 19:53:27 : Full Check=FF7EF7
2015-08-07 19:53:27 : Full Check=FF7EF7
2015-08-07 19:53:27 : Full Check=FF76F1
2015-08-07 19:53:27 : Full Check=FF7EF7
2015-08-07 19:53:27 : Full Check=FF79F5
2015-08-07 19:53:27 : Full Check=FF76F1
2015-08-07 19:53:27 : Full Check=FF7EF7
2015-08-07 19:53:27 : Full Check=FF79F5
2015-08-07 19:53:28 : Move from Barrack 2 direction -1
2015-08-07 19:53:29 : This is not a Barrack
2015-08-07 19:53:29 : ---=====================END TRAIN =======================================---
2015-08-07 19:53:31 : checkMainScreen start quiet mode
2015-08-07 19:53:31 : checkMainScreen exit quiet mode
2015-08-07 19:53:31 : checkMainScreen start quiet mode
2015-08-07 19:53:31 : checkMainScreen exit quiet mode
2015-08-07 19:53:32 : checkMainScreen start quiet mode
2015-08-07 19:53:32 : checkMainScreen exit quiet mode
2015-08-07 19:53:32 : Requesting Clan Castle Troops
2015-08-07 19:53:33 : $icount1 = 1, BB2BD1
2015-08-07 19:53:33 : Your Clan Castle is already full or you are not in a clan.
2015-08-07 19:53:34 : checkMainScreen start quiet mode
2015-08-07 19:53:34 : checkMainScreen exit quiet mode
2015-08-07 19:53:34 : checkMainScreen start quiet mode
2015-08-07 19:53:34 : checkMainScreen exit quiet mode
2015-08-07 19:53:35 : checkMainScreen start quiet mode
2015-08-07 19:53:35 : checkMainScreen exit quiet mode
2015-08-07 19:53:37 : Finished kicking
2015-08-07 19:53:37 : Func Idle 
2015-08-07 19:53:37 : Going to Attack...
2015-08-07 19:53:42 : Take-A-Break OCR result = 
2015-08-07 19:53:42 : Shield btn clr chk-#1: 000000, #2: 010101, #3: FFFFFF, #4: CBE870
2015-08-07 19:53:42 : ButtonPixel = 441, 374
2015-08-07 19:53:42 : Pixel color found #1: 000000, #2: 010101, #3: FFFFFF, #4: FEFEFE
2015-08-07 19:53:43 : ============== Searching For Dead Base ===============
2015-08-07 19:53:43 : ~~~~~~~~~~~~~~~ SEARCH CONDITIONS ~~~~~~~~~~~~~~~~
2015-08-07 19:53:43 : Meet: Gold and Elixir
2015-08-07 19:53:43 : ~~~~~~~~~~~~~~ RESOURCE CONDITIONS ~~~~~~~~~~~~~~~
2015-08-07 19:53:43 : Aim: [G]: 999999 [E]: 999999 [D]:    0 [T]: 0 for: Dead Base
2015-08-07 19:53:43 : ==================================================
2015-08-07 19:53:44 : Loop to clean screen without Clouds , nº :1
2015-08-07 19:53:45 : Loop to clean screen without Clouds , nº :2
2015-08-07 19:53:45 : Loop to clean screen without Clouds , nº :3
2015-08-07 19:53:46 : Loop to clean screen without Clouds , nº :4
2015-08-07 19:53:46 : Loop to clean screen without Clouds , nº :5
2015-08-07 19:53:47 : Loop to clean screen without Clouds , nº :6
2015-08-07 19:53:47 :   1> [G]: 297346 [E]: 275268 [D]:  898 [T]:11
2015-08-07 19:53:49 : Loop to clean screen without Clouds , nº :1
2015-08-07 19:53:50 : Loop to clean screen without Clouds , nº :2
2015-08-07 19:53:50 : Loop to clean screen without Clouds , nº :3
2015-08-07 19:53:51 : Loop to clean screen without Clouds , nº :4
2015-08-07 19:53:51 :   2> [G]: 110348 [E]: 106767 [D]:  544 [T]:11
2015-08-07 19:53:53 : Loop to clean screen without Clouds , nº :1
2015-08-07 19:53:54 : Loop to clean screen without Clouds , nº :2
2015-08-07 19:53:54 : Loop to clean screen without Clouds , nº :3
2015-08-07 19:53:55 : Loop to clean screen without Clouds , nº :4
2015-08-07 19:53:55 : Loop to clean screen without Clouds , nº :5
2015-08-07 19:53:56 : Loop to clean screen without Clouds , nº :6
