2015-08-07 19:50:06 : ~ Clash Game Bot v4.1MODS Powered by GameBot.org ~
2015-08-07 19:50:06 : GameBot.org.exe Executable running on WIN_7  X64
2015-08-07 19:50:06 : =================== Bot Start ====================
2015-08-07 19:50:06 : -------------------------  Current Profile: 04 --------------------------
2015-08-07 19:50:06 :  Warning Debug Mode Enabled! Setlog: 1 OCR: 0 RedArea: 0 
2015-08-07 19:50:07 : Trying to locate Main Screen
2015-08-07 19:50:07 : Main Screen Located
2015-08-07 19:50:08 : Detecting your Buildings..
2015-08-07 19:50:12 : Language setting is English: Correct.
2015-08-07 19:50:12 : Bot clean start
2015-08-07 19:50:13 : Trying to locate Main Screen
2015-08-07 19:50:13 : Main Screen Located
2015-08-07 19:50:13 : Halt Attack, Stay Online/Train/Collect/Donate...
2015-08-07 19:50:15 : checkMainScreen start quiet mode
2015-08-07 19:50:15 : checkMainScreen exit quiet mode
2015-08-07 19:50:15 : Collecting Resources
2015-08-07 19:50:21 : checkMainScreen start quiet mode
2015-08-07 19:50:21 : checkMainScreen exit quiet mode
2015-08-07 19:50:22 : Checking if Village needs Rearming..
2015-08-07 19:50:28 : checkMainScreen start quiet mode
2015-08-07 19:50:28 : checkMainScreen exit quiet mode
2015-08-07 19:50:29 : checkMainScreen start quiet mode
2015-08-07 19:50:29 : checkMainScreen exit quiet mode
2015-08-07 19:50:30 : Village Report
2015-08-07 19:50:30 : No. of Free/Total Builders: 0/4
2015-08-07 19:50:30 :  [T]: 2 558
2015-08-07 19:50:30 :  [G]: 1 074 468 [E]: 4 683 575 [D]: 16 199 [GEM]: 1 981
2015-08-07 19:50:30 : checkMainScreen start quiet mode
2015-08-07 19:50:30 : checkMainScreen exit quiet mode
2015-08-07 19:50:31 : checkMainScreen start quiet mode
2015-08-07 19:50:31 : checkMainScreen exit quiet mode
2015-08-07 19:50:32 : checkMainScreen start quiet mode
2015-08-07 19:50:32 : checkMainScreen exit quiet mode
2015-08-07 19:50:32 : Func Train 
2015-08-07 19:50:32 : Halt enabled, $TotalTrainedTroops= 0, Adj TotalCamp= 192
2015-08-07 19:50:32 : Checking Army Camp...
2015-08-07 19:50:34 : $sArmyInfo = 200#200
2015-08-07 19:50:34 : $CurCamp = 200
2015-08-07 19:50:34 : $TotalCamp = 200
2015-08-07 19:50:34 : Total Army Camp capacity: 200/200
2015-08-07 19:50:34 : $hBitmapFirst made
2015-08-07 19:50:34 : Calling CGBfunctions.dll/searchIdentifyTroopTrained 
2015-08-07 19:50:35 : Dll return $FullTemp :Barbarian|8-21|75#Archer|71-22|125
2015-08-07 19:50:35 : $Trooptype split # : 2
2015-08-07 19:50:35 : Start the Loop
2015-08-07 19:50:35 : $TroopTypeT[$i] split : 1
2015-08-07 19:50:35 :  - No. of Barbarians: 75
2015-08-07 19:50:35 : $TroopTypeT[$i] split : 2
2015-08-07 19:50:35 :  - No. of Archers: 125
2015-08-07 19:50:35 : start barrackstatus
2015-08-07 19:50:35 : OK, I'm in army overview
2015-08-07 19:50:36 : barrack 1 found upgrading! color 6B6964
2015-08-07 19:50:36 : barrack 2 found! color 888070
2015-08-07 19:50:36 : barrack 3 found! color 888070
2015-08-07 19:50:36 : barrack 4 found! color 888070
2015-08-07 19:50:36 : dark barrack 1 found! color 888070
2015-08-07 19:50:36 : dark barrack 5 found upgrading! color 6B6964
2015-08-07 19:50:36 : Factory Spell found! color 888070
2015-08-07 19:50:36 : Dark Factory Spell found! color 888070
2015-08-07 19:50:36 : Barracks and Spell factory status: 
2015-08-07 19:50:36 : - Barracks detected: 4 | Available: 3 | Upgrading: 1
2015-08-07 19:50:36 : - Dark Barracks detected: 2 | Available: 1 | Upgrading: 1
2015-08-07 19:50:36 : - Spell factory detected: 1 | Available: 1 | Upgrading: 0
2015-08-07 19:50:36 : - Dark Spell factory detected: 1 | Available: 1 | Upgrading: 0
2015-08-07 19:50:36 : Trainaviable[0] = 1
2015-08-07 19:50:36 : Trainaviable[1] = 0
2015-08-07 19:50:36 : Trainaviable[2] = 1
2015-08-07 19:50:36 : Trainaviable[3] = 1
2015-08-07 19:50:36 : Trainaviable[4] = 1
2015-08-07 19:50:36 : Trainaviable[5] = 1
2015-08-07 19:50:36 : Trainaviable[6] = 0
2015-08-07 19:50:36 : Trainaviable[7] = 1
2015-08-07 19:50:36 : Trainaviable[8] = 1
2015-08-07 19:50:36 : Training Troops...
2015-08-07 19:50:36 : Train: need to make normal troops: True
2015-08-07 19:50:36 : Train: need to make dark troops: False
2015-08-07 19:50:36 : LAST BARRACK = 4
2015-08-07 19:50:36 : OverView TabColor=CDCDC8
2015-08-07 19:50:37 : Last Barrack TabColor=888070
2015-08-07 19:50:37 : Your Army Camps are now Full
2015-08-07 19:50:37 : ---------COMPUTE TROOPS TO MAKE------------------------
2015-08-07 19:50:37 : -- Compute AnotherTroops to train
2015-08-07 19:50:37 : Need to train (height) GOBL:0% BARB: 120% ARCH: 80% AND 0 other troops space
2015-08-07 19:50:37 : Total Troops to be Trained= 200
2015-08-07 19:50:37 : BARRACKNUM: 3
2015-08-07 19:50:37 : ArchEBarrack: 26
2015-08-07 19:50:37 : BarbEBarrack: 40
2015-08-07 19:50:37 : DARKBARRACKNUM: 1
2015-08-07 19:50:37 : ---------END COMPUTE TROOPS TO MAKE--------------------
2015-08-07 19:50:37 : 
2015-08-07 19:50:37 : ---------TRAIN BARRACK MODE------------------------
2015-08-07 19:50:37 : Barrack4 selected
2015-08-07 19:50:39 : Full Check=DE58D0
2015-08-07 19:50:39 : Full Check=DE58D0
2015-08-07 19:50:39 : Full Check=FF7FF5
2015-08-07 19:50:40 : Full Check=FE78F4
2015-08-07 19:50:40 : Full Check=FE78F4
2015-08-07 19:50:40 : Full Check=FE78F4
2015-08-07 19:50:40 : Full Check=FF78F3
2015-08-07 19:50:40 : Full Check=FE78F4
2015-08-07 19:50:40 : Full Check=FF78F3
2015-08-07 19:50:40 : Full Check=FE78F4
2015-08-07 19:50:40 : Full Check=FF7FF5
2015-08-07 19:50:40 : Full Check=FF7FF5
2015-08-07 19:50:40 : Full Check=F164DF
2015-08-07 19:50:40 : Full Check=FF7FF5
2015-08-07 19:50:40 : Full Check=FF7FF5
2015-08-07 19:50:40 : Full Check=FF7FF5
2015-08-07 19:50:40 : Full Check=FE78F4
2015-08-07 19:50:40 : Full Check=FF80F8
2015-08-07 19:50:40 : Full Check=FF7FF5
2015-08-07 19:50:41 : Full Check=FE78F4
2015-08-07 19:50:41 : Full Check=F164DF
2015-08-07 19:50:41 : Full Check=FF7FF5
2015-08-07 19:50:41 : Full Check=FF7FF5
2015-08-07 19:50:41 : Full Check=FF7FF5
2015-08-07 19:50:41 : Full Check=FF7FF5
2015-08-07 19:50:41 : Full Check=FF7FF5
2015-08-07 19:50:41 : Full Check=FF78F3
2015-08-07 19:50:41 : Full Check=FB75F1
2015-08-07 19:50:41 : Full Check=FF7FF5
2015-08-07 19:50:41 : Full Check=FB75F1
2015-08-07 19:50:41 : Full Check=FF78F3
2015-08-07 19:50:41 : Full Check=FE78F4
2015-08-07 19:50:41 : Full Check=FF78F3
2015-08-07 19:50:41 : Full Check=FF78F3
2015-08-07 19:50:41 : Full Check=FF7FF5
2015-08-07 19:50:41 : Full Check=FE78F4
2015-08-07 19:50:42 : Full Check=FE78F4
2015-08-07 19:50:42 : Full Check=FF78F3
2015-08-07 19:50:42 : Full Check=FE78F4
2015-08-07 19:50:42 : Full Check=FF7FF5
2015-08-07 19:50:42 : Full Check=FF7FF5
2015-08-07 19:50:42 : Full Check=FF7FF5
2015-08-07 19:50:42 : Full Check=FE78F4
2015-08-07 19:50:42 : Full Check=FF7FF5
2015-08-07 19:50:42 : Full Check=FF7FF5
2015-08-07 19:50:42 : Full Check=FF7FF5
2015-08-07 19:50:42 : Full Check=FF7FF5
2015-08-07 19:50:42 : Full Check=FF7FF5
2015-08-07 19:50:42 : Full Check=FB75F1
2015-08-07 19:50:42 : Full Check=FF80F8
2015-08-07 19:50:42 : Full Check=FE78F4
2015-08-07 19:50:42 : Full Check=FF7FF5
2015-08-07 19:50:43 : Full Check=FF7FF5
2015-08-07 19:50:43 : Full Check=FB75F1
2015-08-07 19:50:43 : Full Check=FF7FF5
2015-08-07 19:50:43 : Full Check=FE78F4
2015-08-07 19:50:43 : Full Check=FF7FF5
2015-08-07 19:50:43 : Full Check=FF7FF5
2015-08-07 19:50:43 : Full Check=FB75F1
2015-08-07 19:50:43 : Full Check=FF7FF5
2015-08-07 19:50:43 : Full Check=FF7FF5
2015-08-07 19:50:43 : Full Check=FF78F3
2015-08-07 19:50:43 : Full Check=FF7FF5
2015-08-07 19:50:43 : Full Check=FF7FF5
2015-08-07 19:50:43 : Full Check=FE78F4
2015-08-07 19:50:43 : Full Check=FB75F1
2015-08-07 19:50:43 : Full Check=FF7FF5
2015-08-07 19:50:43 : Full Check=FF7FF5
2015-08-07 19:50:43 : Full Check=FE78F4
2015-08-07 19:50:44 : Full Check=FF7FF5
2015-08-07 19:50:44 : Full Check=FF7FF5
2015-08-07 19:50:44 : Full Check=FF7FF5
2015-08-07 19:50:44 : Full Check=FF7FF5
2015-08-07 19:50:44 : Full Check=FF7FF5
2015-08-07 19:50:44 : Full Check=FF7FF5
2015-08-07 19:50:44 : Move from Barrack 4 direction -1
2015-08-07 19:50:46 : Barrack3 selected
2015-08-07 19:50:48 : Full Check=DE58D0
2015-08-07 19:50:48 : Full Check=FF80F8
2015-08-07 19:50:48 : Full Check=FF7FF5
2015-08-07 19:50:48 : Full Check=F164DF
2015-08-07 19:50:48 : Full Check=FB75F1
2015-08-07 19:50:48 : Full Check=FF7FF5
2015-08-07 19:50:48 : Full Check=FE78F4
2015-08-07 19:50:48 : Full Check=FF7FF5
2015-08-07 19:50:48 : Full Check=F164DF
2015-08-07 19:50:49 : Full Check=FF7FF5
2015-08-07 19:50:49 : Full Check=FB75F1
2015-08-07 19:50:49 : Full Check=FE78F4
2015-08-07 19:50:49 : Full Check=FB75F1
2015-08-07 19:50:49 : Full Check=FF78F3
2015-08-07 19:50:49 : Full Check=FB75F1
2015-08-07 19:50:49 : Full Check=FF7FF5
2015-08-07 19:50:49 : Full Check=FF7FF5
2015-08-07 19:50:49 : Full Check=FF7FF5
2015-08-07 19:50:49 : Full Check=FF7FF5
2015-08-07 19:50:49 : Full Check=FF7FF5
2015-08-07 19:50:49 : Full Check=FE78F4
2015-08-07 19:50:49 : Full Check=FE78F4
2015-08-07 19:50:49 : Full Check=FF7FF5
2015-08-07 19:50:49 : Full Check=FE78F4
2015-08-07 19:50:49 : Full Check=FF7FF5
2015-08-07 19:50:50 : Full Check=FF7FF5
2015-08-07 19:50:50 : Full Check=FF7FF5
2015-08-07 19:50:50 : Full Check=FF7FF5
2015-08-07 19:50:50 : Full Check=FF7FF5
2015-08-07 19:50:50 : Full Check=FF7FF5
2015-08-07 19:50:50 : Full Check=FF7FF5
2015-08-07 19:50:50 : Full Check=FF7FF5
2015-08-07 19:50:50 : Full Check=FF7FF5
2015-08-07 19:50:50 : Full Check=FE78F4
2015-08-07 19:50:50 : Full Check=FF7FF5
2015-08-07 19:50:50 : Full Check=FB75F1
2015-08-07 19:50:50 : Full Check=FF7FF5
2015-08-07 19:50:50 : Full Check=FB75F1
2015-08-07 19:50:50 : Full Check=FF78F3
2015-08-07 19:50:50 : Full Check=FE78F4
2015-08-07 19:50:50 : Full Check=FF7FF5
2015-08-07 19:50:50 : Full Check=FF7FF5
2015-08-07 19:50:51 : Full Check=FF7FF5
2015-08-07 19:50:51 : Full Check=FB75F1
2015-08-07 19:50:51 : Full Check=FE78F4
2015-08-07 19:50:51 : Full Check=FE78F4
2015-08-07 19:50:51 : Full Check=FF7FF5
2015-08-07 19:50:51 : Full Check=FE78F4
2015-08-07 19:50:51 : Full Check=FF7FF5
2015-08-07 19:50:51 : Full Check=FF7FF5
2015-08-07 19:50:51 : Full Check=FF7FF5
2015-08-07 19:50:51 : Full Check=FE78F4
2015-08-07 19:50:51 : Full Check=FF7FF5
2015-08-07 19:50:51 : Full Check=FF7FF5
2015-08-07 19:50:51 : Full Check=FF7FF5
2015-08-07 19:50:51 : Full Check=FF7FF5
2015-08-07 19:50:51 : Full Check=FE78F4
2015-08-07 19:50:51 : Full Check=FB75F1
2015-08-07 19:50:52 : Full Check=FE78F4
2015-08-07 19:50:52 : Full Check=FF7FF5
2015-08-07 19:50:52 : Full Check=FB75F1
2015-08-07 19:50:52 : Full Check=FF7FF5
2015-08-07 19:50:52 : Full Check=FB75F1
2015-08-07 19:50:52 : Full Check=FF78F3
2015-08-07 19:50:52 : Full Check=FF7FF5
2015-08-07 19:50:52 : Full Check=FF7FF5
2015-08-07 19:50:52 : Full Check=FF7FF5
2015-08-07 19:50:52 : Full Check=FE78F4
2015-08-07 19:50:52 : Full Check=FF7FF5
2015-08-07 19:50:52 : Full Check=FF7FF5
2015-08-07 19:50:52 : Full Check=FF7FF5
2015-08-07 19:50:52 : Full Check=FE78F4
2015-08-07 19:50:52 : Full Check=FB75F1
2015-08-07 19:50:52 : Full Check=FE78F4
2015-08-07 19:50:53 : Full Check=FF80F8
2015-08-07 19:50:53 : Move from Barrack 3 direction -1
2015-08-07 19:50:54 : Barrack2 selected
2015-08-07 19:50:57 : Full Check=E05AD0
2015-08-07 19:50:57 : Full Check=FF82F8
2015-08-07 19:50:57 : Full Check=FF76F1
2015-08-07 19:50:57 : Full Check=FF7EF7
2015-08-07 19:50:57 : Full Check=FF7EF7
2015-08-07 19:50:58 : Full Check=F167E2
2015-08-07 19:50:58 : Full Check=FF7EF7
2015-08-07 19:50:58 : Full Check=FF79F5
2015-08-07 19:50:58 : Full Check=FF7EF7
2015-08-07 19:50:58 : Full Check=FF7EF7
2015-08-07 19:50:58 : Full Check=FF7EF7
2015-08-07 19:50:58 : Full Check=FF7EF7
2015-08-07 19:50:58 : Full Check=FF79F5
2015-08-07 19:50:58 : Full Check=F167E2
2015-08-07 19:50:58 : Full Check=FF7EF7
2015-08-07 19:50:58 : Full Check=FF82F8
2015-08-07 19:50:58 : Full Check=FF7EF7
2015-08-07 19:50:58 : Full Check=FF79F5
2015-08-07 19:50:58 : Full Check=FF79F5
2015-08-07 19:50:58 : Full Check=FF79F5
2015-08-07 19:50:58 : Full Check=FF7EF7
2015-08-07 19:50:58 : Full Check=FF7EF7
2015-08-07 19:50:59 : Full Check=FF7EF7
2015-08-07 19:50:59 : Full Check=FF79F5
2015-08-07 19:50:59 : Full Check=F167E2
2015-08-07 19:50:59 : Full Check=FF7EF7
2015-08-07 19:50:59 : Full Check=FF7EF7
2015-08-07 19:50:59 : Full Check=FF7EF7
2015-08-07 19:50:59 : Full Check=FF79F5
2015-08-07 19:50:59 : Full Check=FF79F5
2015-08-07 19:50:59 : Full Check=F167E2
2015-08-07 19:50:59 : Full Check=FF79F5
2015-08-07 19:50:59 : Full Check=FF7EF7
2015-08-07 19:50:59 : Full Check=FF7EF7
2015-08-07 19:50:59 : Full Check=FF7BF6
2015-08-07 19:50:59 : Full Check=FF7EF7
2015-08-07 19:50:59 : Full Check=FF7EF7
2015-08-07 19:50:59 : Full Check=FF7EF7
2015-08-07 19:51:00 : Full Check=FF7BF6
2015-08-07 19:51:00 : Full Check=FE76EE
2015-08-07 19:51:00 : Full Check=FF7EF7
2015-08-07 19:51:00 : Full Check=FF79F5
2015-08-07 19:51:00 : Full Check=FF79F5
2015-08-07 19:51:00 : Full Check=FF7EF7
2015-08-07 19:51:00 : Full Check=FF7EF7
2015-08-07 19:51:00 : Full Check=FF7EF7
2015-08-07 19:51:00 : Full Check=FF79F5
2015-08-07 19:51:00 : Full Check=FF76F1
2015-08-07 19:51:00 : Full Check=FF7EF7
2015-08-07 19:51:00 : Full Check=FF76F1
2015-08-07 19:51:00 : Full Check=FF7EF7
2015-08-07 19:51:00 : Full Check=FF79F5
2015-08-07 19:51:00 : Full Check=FF7BF6
2015-08-07 19:51:01 : Full Check=FF79F5
2015-08-07 19:51:01 : Full Check=FF7EF7
2015-08-07 19:51:01 : Full Check=FF7EF7
2015-08-07 19:51:01 : Full Check=FF79F5
2015-08-07 19:51:01 : Full Check=FF7EF7
2015-08-07 19:51:01 : Full Check=FF7EF7
2015-08-07 19:51:01 : Full Check=FF76F1
2015-08-07 19:51:01 : Full Check=FF7EF7
2015-08-07 19:51:01 : Full Check=FF79F5
2015-08-07 19:51:01 : Full Check=FF7EF7
2015-08-07 19:51:01 : Full Check=FF79F5
2015-08-07 19:51:01 : Full Check=FF76F1
2015-08-07 19:51:01 : Full Check=FF79F5
2015-08-07 19:51:01 : Full Check=FF7EF7
2015-08-07 19:51:01 : Full Check=FF7EF7
2015-08-07 19:51:01 : Full Check=FF79F5
2015-08-07 19:51:01 : Full Check=FF79F5
2015-08-07 19:51:02 : Full Check=FF7EF7
2015-08-07 19:51:02 : Full Check=F167E2
2015-08-07 19:51:02 : Full Check=FF76F1
2015-08-07 19:51:02 : Full Check=F167E2
2015-08-07 19:51:02 : Full Check=FE76EE
2015-08-07 19:51:02 : Move from Barrack 2 direction -1
2015-08-07 19:51:04 : This is not a Barrack
2015-08-07 19:51:04 : ---=====================END TRAIN =======================================---
2015-08-07 19:51:05 : checkMainScreen start quiet mode
2015-08-07 19:51:05 : checkMainScreen exit quiet mode
2015-08-07 19:51:06 : checkMainScreen start quiet mode
2015-08-07 19:51:06 : checkMainScreen exit quiet mode
2015-08-07 19:51:07 : checkMainScreen start quiet mode
2015-08-07 19:51:07 : checkMainScreen exit quiet mode
2015-08-07 19:51:07 : Requesting Clan Castle Troops
2015-08-07 19:51:08 : $icount1 = 1, BB2BD1
2015-08-07 19:51:08 : $icount2 = 1, CC4010
2015-08-07 19:51:13 : checkMainScreen start quiet mode
2015-08-07 19:51:13 : checkMainScreen exit quiet mode
2015-08-07 19:51:13 : checkMainScreen start quiet mode
2015-08-07 19:51:13 : checkMainScreen exit quiet mode
2015-08-07 19:51:14 : checkMainScreen start quiet mode
2015-08-07 19:51:14 : checkMainScreen exit quiet mode
2015-08-07 19:51:16 : Finished kicking
2015-08-07 19:51:16 : Func Idle 
2015-08-07 19:51:16 : Bot clean start
2015-08-07 19:51:17 : Trying to locate Main Screen
2015-08-07 19:51:17 : Main Screen Located
2015-08-07 19:51:18 : Halt Attack, Stay Online/Train/Collect/Donate...
2015-08-07 19:51:19 : checkMainScreen start quiet mode
2015-08-07 19:51:19 : checkMainScreen exit quiet mode
2015-08-07 19:51:20 : Collecting Resources
2015-08-07 19:51:26 : checkMainScreen start quiet mode
2015-08-07 19:51:26 : checkMainScreen exit quiet mode
2015-08-07 19:51:27 : Checking if Village needs Rearming..
2015-08-07 19:51:33 : checkMainScreen start quiet mode
2015-08-07 19:51:33 : checkMainScreen exit quiet mode
2015-08-07 19:51:34 : checkMainScreen start quiet mode
2015-08-07 19:51:34 : checkMainScreen exit quiet mode
2015-08-07 19:51:35 : Village Report
2015-08-07 19:51:35 : No. of Free/Total Builders: 0/4
2015-08-07 19:51:35 :  [T]: 2 558
2015-08-07 19:51:35 :  [G]: 1 074 468 [E]: 4 685 240 [D]: 16 201 [GEM]: 1 981
2015-08-07 19:51:36 : checkMainScreen start quiet mode
2015-08-07 19:51:36 : checkMainScreen exit quiet mode
2015-08-07 19:51:36 : checkMainScreen start quiet mode
2015-08-07 19:51:36 : checkMainScreen exit quiet mode
2015-08-07 19:51:38 : checkMainScreen start quiet mode
2015-08-07 19:51:38 : checkMainScreen exit quiet mode
2015-08-07 19:51:38 : Func Train 
2015-08-07 19:51:38 : Halt enabled, $TotalTrainedTroops= 200, Adj TotalCamp= 192
2015-08-07 19:51:38 : Checking Overview for full army [!] True, 407508
2015-08-07 19:51:38 : Checking Overview for full CC [!] True, 407508
2015-08-07 19:51:47 : Checking Overview for full Heroes [!] True, 407508
2015-08-07 19:51:49 : FullArmy & TotalTrained = skip training
2015-08-07 19:51:50 : checkMainScreen start quiet mode
2015-08-07 19:51:50 : checkMainScreen exit quiet mode
2015-08-07 19:51:51 : checkMainScreen start quiet mode
2015-08-07 19:51:51 : checkMainScreen exit quiet mode
2015-08-07 19:51:52 : checkMainScreen start quiet mode
2015-08-07 19:51:52 : checkMainScreen exit quiet mode
2015-08-07 19:51:52 : Requesting Clan Castle Troops
2015-08-07 19:51:52 : $icount1 = 1, BB2BD1
2015-08-07 19:51:52 : Your Clan Castle is already full or you are not in a clan.
2015-08-07 19:51:53 : checkMainScreen start quiet mode
2015-08-07 19:51:54 : checkMainScreen exit quiet mode
2015-08-07 19:51:54 : checkMainScreen start quiet mode
2015-08-07 19:51:54 : checkMainScreen exit quiet mode
2015-08-07 19:51:55 : checkMainScreen start quiet mode
2015-08-07 19:51:55 : checkMainScreen exit quiet mode
2015-08-07 19:51:57 : Finished kicking
2015-08-07 19:51:57 : Func Idle 
2015-08-07 19:51:57 : Bot clean start
2015-08-07 19:51:58 : Trying to locate Main Screen
2015-08-07 19:51:58 : Main Screen Located
2015-08-07 19:51:59 : Halt Attack, Stay Online/Train/Collect/Donate...
2015-08-07 19:52:00 : checkMainScreen start quiet mode
2015-08-07 19:52:00 : checkMainScreen exit quiet mode
2015-08-07 19:52:00 : Collecting Resources
