2015-08-08 01:39:31 : ~ Clash Game Bot v4.1MODS Powered by GameBot.org ~
2015-08-08 01:39:31 : GameBot.org.exe Executable running on WIN_7  X64
2015-08-08 01:39:31 : =================== Bot Start ====================
2015-08-08 01:39:31 : -------------------------  Current Profile: 04 --------------------------
2015-08-08 01:39:31 :  Warning Debug Mode Enabled! Setlog: 1 OCR: 0 RedArea: 0 
2015-08-08 01:39:32 : Trying to locate Main Screen
2015-08-08 01:39:32 : Main Screen Located
2015-08-08 01:39:33 : Detecting your Buildings..
2015-08-08 01:39:37 : Language setting is English: Correct.
2015-08-08 01:39:37 : Bot clean start
2015-08-08 01:39:38 : Trying to locate Main Screen
2015-08-08 01:39:38 : Main Screen Located
2015-08-08 01:39:39 : checkMainScreen start quiet mode
2015-08-08 01:39:39 : checkMainScreen exit quiet mode
2015-08-08 01:39:39 : Collecting Resources
2015-08-08 01:39:44 : checkMainScreen start quiet mode
2015-08-08 01:39:44 : checkMainScreen exit quiet mode
2015-08-08 01:39:46 : Checking if Village needs Rearming..
2015-08-08 01:39:51 : checkMainScreen start quiet mode
2015-08-08 01:39:51 : checkMainScreen exit quiet mode
2015-08-08 01:39:52 : checkMainScreen start quiet mode
2015-08-08 01:39:52 : checkMainScreen exit quiet mode
2015-08-08 01:39:53 : Village Report
2015-08-08 01:39:53 : No. of Free/Total Builders: 0/4
2015-08-08 01:39:53 :  [T]: 2 546
2015-08-08 01:39:53 :  [G]: 1 781 843 [E]: 5 228 021 [D]: 18 652 [GEM]: 1 981
2015-08-08 01:39:54 : checkMainScreen start quiet mode
2015-08-08 01:39:54 : checkMainScreen exit quiet mode
2015-08-08 01:39:54 : checkMainScreen start quiet mode
2015-08-08 01:39:54 : checkMainScreen exit quiet mode
2015-08-08 01:39:56 : checkMainScreen start quiet mode
2015-08-08 01:39:56 : checkMainScreen exit quiet mode
2015-08-08 01:39:56 : Func Train 
2015-08-08 01:39:56 : Train enabled, $TotalTrainedTroops= 0, Adj TotalCamp= 192
2015-08-08 01:39:56 : Checking Army Camp...
2015-08-08 01:39:57 : $sArmyInfo = 200#200
2015-08-08 01:39:57 : $CurCamp = 200
2015-08-08 01:39:57 : $TotalCamp = 200
2015-08-08 01:39:58 : Total Army Camp capacity: 200/200
2015-08-08 01:39:58 : $hBitmapFirst made
2015-08-08 01:39:58 : Calling CGBfunctions.dll/searchIdentifyTroopTrained 
2015-08-08 01:39:59 : Dll return $FullTemp :Barbarian|8-21|79#Archer|71-22|121
2015-08-08 01:39:59 : $Trooptype split # : 2
2015-08-08 01:39:59 : Start the Loop
2015-08-08 01:39:59 : $TroopTypeT[$i] split : 1
2015-08-08 01:39:59 :  - No. of Barbarians: 79
2015-08-08 01:39:59 : $TroopTypeT[$i] split : 2
2015-08-08 01:39:59 :  - No. of Archers: 121
2015-08-08 01:39:59 : start barrackstatus
2015-08-08 01:39:59 : OK, I'm in army overview
2015-08-08 01:39:59 : barrack 1 found upgrading! color 6B6964
2015-08-08 01:39:59 : barrack 2 found! color 888070
2015-08-08 01:39:59 : barrack 3 found! color 888070
2015-08-08 01:39:59 : barrack 4 found! color 888070
2015-08-08 01:39:59 : dark barrack 1 found! color 888070
2015-08-08 01:39:59 : dark barrack 5 found upgrading! color 6B6964
2015-08-08 01:39:59 : Factory Spell found! color 888070
2015-08-08 01:39:59 : Dark Factory Spell found! color 888070
2015-08-08 01:39:59 : Barracks and Spell factory status: 
2015-08-08 01:39:59 : - Barracks detected: 4 | Available: 3 | Upgrading: 1
2015-08-08 01:39:59 : - Dark Barracks detected: 2 | Available: 1 | Upgrading: 1
2015-08-08 01:39:59 : - Spell factory detected: 1 | Available: 1 | Upgrading: 0
2015-08-08 01:39:59 : - Dark Spell factory detected: 1 | Available: 1 | Upgrading: 0
2015-08-08 01:39:59 : Trainaviable[0] = 1
2015-08-08 01:39:59 : Trainaviable[1] = 0
2015-08-08 01:40:00 : Trainaviable[2] = 1
2015-08-08 01:40:00 : Trainaviable[3] = 1
2015-08-08 01:40:00 : Trainaviable[4] = 1
2015-08-08 01:40:00 : Trainaviable[5] = 1
2015-08-08 01:40:00 : Trainaviable[6] = 0
2015-08-08 01:40:00 : Trainaviable[7] = 1
2015-08-08 01:40:00 : Trainaviable[8] = 1
2015-08-08 01:40:00 : Training Troops...
2015-08-08 01:40:00 : Train: need to make normal troops: True
2015-08-08 01:40:00 : Train: need to make dark troops: False
2015-08-08 01:40:00 : LAST BARRACK = 4
2015-08-08 01:40:00 : OverView TabColor=B7BBB8
2015-08-08 01:40:00 : Last Barrack TabColor=888070
2015-08-08 01:40:00 : Your Army Camps are now Full
2015-08-08 01:40:00 : ---------COMPUTE TROOPS TO MAKE------------------------
2015-08-08 01:40:00 : -- Compute AnotherTroops to train
2015-08-08 01:40:00 : Need to train (height) GOBL:0% BARB: 120% ARCH: 80% AND 0 other troops space
2015-08-08 01:40:00 : Total Troops to be Trained= 200
2015-08-08 01:40:00 : BARRACKNUM: 3
2015-08-08 01:40:00 : ArchEBarrack: 26
2015-08-08 01:40:00 : BarbEBarrack: 40
2015-08-08 01:40:00 : DARKBARRACKNUM: 1
2015-08-08 01:40:00 : ---------END COMPUTE TROOPS TO MAKE--------------------
2015-08-08 01:40:00 : 
2015-08-08 01:40:00 : ---------TRAIN BARRACK MODE------------------------
2015-08-08 01:40:00 : Barrack4 selected
2015-08-08 01:40:03 : Full Check=DE58D0
2015-08-08 01:40:03 : Full Check=DE58D0
2015-08-08 01:40:03 : Full Check=FF7FF5
2015-08-08 01:40:03 : Full Check=FE78F4
2015-08-08 01:40:03 : Full Check=FF7FF5
2015-08-08 01:40:03 : Full Check=FF7FF5
2015-08-08 01:40:03 : Full Check=FE78F4
2015-08-08 01:40:03 : Full Check=FE78F4
2015-08-08 01:40:03 : Full Check=FF78F3
2015-08-08 01:40:03 : Full Check=FF7FF5
2015-08-08 01:40:03 : Full Check=FE78F4
2015-08-08 01:40:04 : Full Check=FE78F4
2015-08-08 01:40:04 : Full Check=FB75F1
2015-08-08 01:40:04 : Full Check=FF78F3
2015-08-08 01:40:04 : Full Check=FF78F3
2015-08-08 01:40:04 : Full Check=FB75F1
2015-08-08 01:40:04 : Full Check=FE78F4
2015-08-08 01:40:04 : Full Check=FF7FF5
2015-08-08 01:40:04 : Full Check=FE78F4
2015-08-08 01:40:04 : Full Check=FE78F4
2015-08-08 01:40:04 : Full Check=FB75F1
2015-08-08 01:40:04 : Full Check=FF7FF5
2015-08-08 01:40:04 : Full Check=F164DF
2015-08-08 01:40:04 : Full Check=FF7FF5
2015-08-08 01:40:04 : Full Check=FE78F4
2015-08-08 01:40:04 : Full Check=FB75F1
2015-08-08 01:40:04 : Full Check=FE78F4
2015-08-08 01:40:04 : Full Check=FF7FF5
2015-08-08 01:40:05 : Full Check=FE78F4
2015-08-08 01:40:05 : Full Check=FE78F4
2015-08-08 01:40:05 : Full Check=FE78F4
2015-08-08 01:40:05 : Full Check=FF78F3
2015-08-08 01:40:05 : Full Check=FF7FF5
2015-08-08 01:40:05 : Full Check=FB75F1
2015-08-08 01:40:05 : Full Check=FE78F4
2015-08-08 01:40:05 : Full Check=FF7FF5
2015-08-08 01:40:05 : Full Check=FB75F1
2015-08-08 01:40:05 : Full Check=FF7FF5
2015-08-08 01:40:05 : Full Check=FE78F4
2015-08-08 01:40:05 : Full Check=FF7FF5
2015-08-08 01:40:05 : Full Check=FF78F3
2015-08-08 01:40:05 : Full Check=FB75F1
2015-08-08 01:40:05 : Full Check=FF7FF5
2015-08-08 01:40:05 : Full Check=FE78F4
2015-08-08 01:40:05 : Full Check=FB75F1
2015-08-08 01:40:06 : Full Check=FF7FF5
2015-08-08 01:40:06 : Full Check=FF7FF5
2015-08-08 01:40:06 : Full Check=FF7FF5
2015-08-08 01:40:06 : Full Check=FE78F4
2015-08-08 01:40:06 : Full Check=FF7FF5
2015-08-08 01:40:06 : Full Check=FF7FF5
2015-08-08 01:40:06 : Full Check=FF78F3
2015-08-08 01:40:06 : Full Check=FD74EE
2015-08-08 01:40:06 : Full Check=FF7FF5
2015-08-08 01:40:06 : Full Check=FF7FF5
2015-08-08 01:40:06 : Full Check=FF7FF5
2015-08-08 01:40:06 : Full Check=FE78F4
2015-08-08 01:40:06 : Full Check=FF7FF5
2015-08-08 01:40:06 : Full Check=FF7FF5
2015-08-08 01:40:06 : Full Check=FB75F1
2015-08-08 01:40:06 : Full Check=FF80F8
2015-08-08 01:40:07 : Full Check=FE78F4
2015-08-08 01:40:07 : Full Check=FE78F4
2015-08-08 01:40:07 : Full Check=F164DF
2015-08-08 01:40:07 : Full Check=FF7FF5
2015-08-08 01:40:07 : Full Check=FF7FF5
2015-08-08 01:40:07 : Full Check=FF78F3
2015-08-08 01:40:07 : Full Check=FE76EE
2015-08-08 01:40:07 : Full Check=FF78F3
2015-08-08 01:40:07 : Full Check=FE78F4
2015-08-08 01:40:07 : Full Check=FF7FF5
2015-08-08 01:40:07 : Full Check=FE78F4
2015-08-08 01:40:07 : Full Check=FF7FF5
2015-08-08 01:40:07 : Full Check=FF7FF5
2015-08-08 01:40:07 : Full Check=FF7FF5
2015-08-08 01:40:08 : Move from Barrack 4 direction -1
2015-08-08 01:40:09 : Barrack3 selected
2015-08-08 01:40:11 : Full Check=DE58D0
2015-08-08 01:40:11 : Full Check=DE58D0
2015-08-08 01:40:12 : Full Check=FB75F1
2015-08-08 01:40:12 : Full Check=FF78F3
2015-08-08 01:40:12 : Full Check=FE78F4
2015-08-08 01:40:12 : Full Check=FB75F1
2015-08-08 01:40:12 : Full Check=FF78F3
2015-08-08 01:40:12 : Full Check=FF78F3
2015-08-08 01:40:12 : Full Check=FF78F3
2015-08-08 01:40:12 : Full Check=FF7FF5
2015-08-08 01:40:12 : Full Check=FE78F4
2015-08-08 01:40:12 : Full Check=FF7FF5
2015-08-08 01:40:12 : Full Check=FF7FF5
2015-08-08 01:40:12 : Full Check=FF7FF5
2015-08-08 01:40:12 : Full Check=FF80F8
2015-08-08 01:40:12 : Full Check=FF7FF5
2015-08-08 01:40:12 : Full Check=FE78F4
2015-08-08 01:40:12 : Full Check=FE78F4
2015-08-08 01:40:12 : Full Check=FF7FF5
2015-08-08 01:40:13 : Full Check=FF7FF5
2015-08-08 01:40:13 : Full Check=FF7FF5
2015-08-08 01:40:13 : Full Check=FE78F4
2015-08-08 01:40:13 : Full Check=F164DF
2015-08-08 01:40:13 : Full Check=FF7FF5
2015-08-08 01:40:13 : Full Check=FF7FF5
2015-08-08 01:40:13 : Full Check=FF7FF5
2015-08-08 01:40:13 : Full Check=FB75F1
2015-08-08 01:40:13 : Full Check=FF7FF5
2015-08-08 01:40:13 : Full Check=FF7FF5
2015-08-08 01:40:13 : Full Check=FE78F4
2015-08-08 01:40:13 : Full Check=FF7FF5
2015-08-08 01:40:13 : Full Check=FE78F4
2015-08-08 01:40:13 : Full Check=FF78F3
2015-08-08 01:40:13 : Full Check=FF7FF5
2015-08-08 01:40:13 : Full Check=FF7FF5
2015-08-08 01:40:14 : Full Check=FB75F1
2015-08-08 01:40:14 : Full Check=FF7FF5
2015-08-08 01:40:14 : Full Check=FE78F4
2015-08-08 01:40:14 : Full Check=FF7FF5
2015-08-08 01:40:14 : Full Check=FE78F4
2015-08-08 01:40:14 : Full Check=FF7FF5
2015-08-08 01:40:14 : Full Check=FF7FF5
2015-08-08 01:40:14 : Full Check=FD74EE
2015-08-08 01:40:14 : Full Check=FF7FF5
2015-08-08 01:40:14 : Full Check=FB75F1
2015-08-08 01:40:14 : Full Check=FE78F4
2015-08-08 01:40:14 : Full Check=FE78F4
2015-08-08 01:40:14 : Full Check=FE78F4
2015-08-08 01:40:14 : Full Check=FF80F8
2015-08-08 01:40:14 : Full Check=FE78F4
2015-08-08 01:40:14 : Full Check=FF7FF5
2015-08-08 01:40:14 : Full Check=FF80F8
2015-08-08 01:40:15 : Full Check=FB75F1
2015-08-08 01:40:15 : Full Check=FF7FF5
2015-08-08 01:40:15 : Full Check=FE78F4
2015-08-08 01:40:15 : Full Check=FF7FF5
2015-08-08 01:40:15 : Full Check=FF7FF5
2015-08-08 01:40:15 : Full Check=FB75F1
2015-08-08 01:40:15 : Full Check=FF7FF5
2015-08-08 01:40:15 : Full Check=FF7FF5
2015-08-08 01:40:15 : Full Check=FE78F4
2015-08-08 01:40:15 : Full Check=FE78F4
2015-08-08 01:40:15 : Full Check=FE78F4
2015-08-08 01:40:15 : Full Check=FF7FF5
2015-08-08 01:40:15 : Full Check=FE78F4
2015-08-08 01:40:15 : Full Check=FB75F1
2015-08-08 01:40:15 : Full Check=FE78F4
2015-08-08 01:40:15 : Full Check=FE78F4
2015-08-08 01:40:16 : Full Check=FF7FF5
2015-08-08 01:40:16 : Full Check=FF7FF5
2015-08-08 01:40:16 : Full Check=FB75F1
2015-08-08 01:40:16 : Full Check=FF7FF5
2015-08-08 01:40:16 : Full Check=FE78F4
2015-08-08 01:40:16 : Full Check=FE78F4
2015-08-08 01:40:16 : Full Check=FF7FF5
2015-08-08 01:40:16 : Move from Barrack 3 direction -1
2015-08-08 01:40:18 : Barrack2 selected
2015-08-08 01:40:20 : Full Check=E05AD0
2015-08-08 01:40:20 : Full Check=E05AD0
2015-08-08 01:40:20 : Full Check=FF7EF7
2015-08-08 01:40:20 : Full Check=FF7EF7
2015-08-08 01:40:20 : Full Check=FF7EF7
2015-08-08 01:40:20 : Full Check=FF7EF7
2015-08-08 01:40:20 : Full Check=FF79F5
2015-08-08 01:40:20 : Full Check=FF7EF7
2015-08-08 01:40:20 : Full Check=FF79F5
2015-08-08 01:40:21 : Full Check=FF7BF6
2015-08-08 01:40:21 : Full Check=FF7EF7
2015-08-08 01:40:21 : Full Check=FF79F5
2015-08-08 01:40:21 : Full Check=FF7EF7
2015-08-08 01:40:21 : Full Check=F167E2
2015-08-08 01:40:21 : Full Check=FF7EF7
2015-08-08 01:40:21 : Full Check=FF79F5
2015-08-08 01:40:21 : Full Check=FF7EF7
2015-08-08 01:40:21 : Full Check=FF79F5
2015-08-08 01:40:21 : Full Check=FF7EF7
2015-08-08 01:40:21 : Full Check=FF7EF7
2015-08-08 01:40:21 : Full Check=FF79F5
2015-08-08 01:40:21 : Full Check=F167E2
2015-08-08 01:40:21 : Full Check=FF79F5
2015-08-08 01:40:21 : Full Check=FF7EF7
2015-08-08 01:40:21 : Full Check=FF7EF7
2015-08-08 01:40:21 : Full Check=FF79F5
2015-08-08 01:40:22 : Full Check=FF7EF7
2015-08-08 01:40:22 : Full Check=FF7EF7
2015-08-08 01:40:22 : Full Check=FF7EF7
2015-08-08 01:40:22 : Full Check=FF7EF7
2015-08-08 01:40:22 : Full Check=FF79F5
2015-08-08 01:40:22 : Full Check=FF79F5
2015-08-08 01:40:22 : Full Check=FF76F1
2015-08-08 01:40:22 : Full Check=FF7BF6
2015-08-08 01:40:22 : Full Check=FF7EF7
2015-08-08 01:40:22 : Full Check=FF79F5
2015-08-08 01:40:22 : Full Check=FF7EF7
2015-08-08 01:40:22 : Full Check=FF79F5
2015-08-08 01:40:22 : Full Check=FF7EF7
2015-08-08 01:40:22 : Full Check=FF79F5
2015-08-08 01:40:22 : Full Check=FF79F5
2015-08-08 01:40:22 : Full Check=FF7BF6
2015-08-08 01:40:22 : Full Check=FF76F1
2015-08-08 01:40:23 : Full Check=FF7EF7
2015-08-08 01:40:23 : Full Check=FF7EF7
2015-08-08 01:40:23 : Full Check=FF7EF7
2015-08-08 01:40:23 : Full Check=FF7EF7
2015-08-08 01:40:23 : Full Check=FF76F1
2015-08-08 01:40:23 : Full Check=FF7EF7
2015-08-08 01:40:23 : Full Check=FF76F1
2015-08-08 01:40:23 : Full Check=FF7EF7
2015-08-08 01:40:23 : Full Check=FF76F1
2015-08-08 01:40:23 : Full Check=FF76F1
2015-08-08 01:40:23 : Full Check=FF7BF6
2015-08-08 01:40:23 : Full Check=FF79F5
2015-08-08 01:40:23 : Full Check=FF7EF7
2015-08-08 01:40:23 : Full Check=FF7EF7
2015-08-08 01:40:23 : Full Check=FF7EF7
2015-08-08 01:40:23 : Full Check=FF7EF7
2015-08-08 01:40:24 : Full Check=FF79F5
2015-08-08 01:40:24 : Full Check=FF7EF7
2015-08-08 01:40:24 : Full Check=FF82F8
2015-08-08 01:40:24 : Full Check=FF76F1
2015-08-08 01:40:24 : Full Check=FF7EF7
2015-08-08 01:40:24 : Full Check=FF79F5
2015-08-08 01:40:24 : Full Check=FF7EF7
2015-08-08 01:40:24 : Full Check=FF79F5
2015-08-08 01:40:24 : Full Check=FF7EF7
2015-08-08 01:40:24 : Full Check=FF7EF7
2015-08-08 01:40:24 : Full Check=FF7EF7
2015-08-08 01:40:24 : Full Check=FF79F5
2015-08-08 01:40:24 : Full Check=FF7EF7
2015-08-08 01:40:24 : Full Check=FF7EF7
2015-08-08 01:40:24 : Full Check=FF7EF7
2015-08-08 01:40:24 : Full Check=FF79F5
2015-08-08 01:40:25 : Move from Barrack 2 direction -1
2015-08-08 01:40:26 : This is not a Barrack
2015-08-08 01:40:26 : ---=====================END TRAIN =======================================---
2015-08-08 01:40:28 : checkMainScreen start quiet mode
2015-08-08 01:40:28 : checkMainScreen exit quiet mode
2015-08-08 01:40:29 : checkMainScreen start quiet mode
2015-08-08 01:40:29 : checkMainScreen exit quiet mode
2015-08-08 01:40:30 : checkMainScreen start quiet mode
2015-08-08 01:40:30 : checkMainScreen exit quiet mode
2015-08-08 01:40:31 : checkMainScreen start quiet mode
2015-08-08 01:40:31 : checkMainScreen exit quiet mode
2015-08-08 01:40:31 : Func Idle 
2015-08-08 01:40:31 : $fullArmy=True $fullCC=False $fullHeroes=False $iUnbreakableMode=1
2015-08-08 01:40:31 : ====== Waiting for full army ======
2015-08-08 01:40:42 : checkMainScreen start quiet mode
2015-08-08 01:40:42 : checkMainScreen exit quiet mode
2015-08-08 01:40:43 : Checking Overview for full army [!] True, 407508
2015-08-08 01:40:43 : Screenshot saved: .\Profiles\04\Temp\2015-08-08_01.40.43.jpg
2015-08-08 01:40:43 : Checking Overview for full CC [!] False, DD3B3D
2015-08-08 01:40:43 : Checking Overview for full Heroes [!] True, 88B928
2015-08-08 01:40:44 : Clan Camp is not full, Still wait...
2015-08-08 01:40:44 : checkMainScreen start quiet mode
2015-08-08 01:40:44 : checkMainScreen exit quiet mode
2015-08-08 01:40:44 : Func Train 
2015-08-08 01:40:44 : Train enabled, $TotalTrainedTroops= 200, Adj TotalCamp= 192
2015-08-08 01:40:45 : Checking Overview for full army [!] True, 407508
2015-08-08 01:40:45 : Screenshot saved: .\Profiles\04\Temp\2015-08-08_01.40.45.jpg
2015-08-08 01:40:45 : Checking Overview for full CC [!] False, DD3B3D
2015-08-08 01:40:45 : Checking Overview for full Heroes [!] True, 88B928
2015-08-08 01:40:46 : FullArmy & TotalTrained = skip training
2015-08-08 01:40:46 : checkMainScreen start quiet mode
2015-08-08 01:40:46 : checkMainScreen exit quiet mode
2015-08-08 01:40:47 : Time Idle: 00:00:15
2015-08-08 01:40:47 : $fullArmy=True $fullCC=False $fullHeroes=True $iUnbreakableMode=1
2015-08-08 01:40:58 : checkMainScreen start quiet mode
2015-08-08 01:40:58 : checkMainScreen exit quiet mode
2015-08-08 01:40:59 : Checking Overview for full army [!] True, 407508
2015-08-08 01:40:59 : Screenshot saved: .\Profiles\04\Temp\2015-08-08_01.40.59.jpg
2015-08-08 01:40:59 : Checking Overview for full CC [!] False, DD3B3D
2015-08-08 01:40:59 : Checking Overview for full Heroes [!] True, 88B928
2015-08-08 01:41:00 : Clan Camp is not full, Still wait...
2015-08-08 01:41:00 : checkMainScreen start quiet mode
2015-08-08 01:41:00 : checkMainScreen exit quiet mode
2015-08-08 01:41:01 : Func Train 
2015-08-08 01:41:01 : Train enabled, $TotalTrainedTroops= 200, Adj TotalCamp= 192
2015-08-08 01:41:01 : Checking Overview for full army [!] True, 407508
2015-08-08 01:41:01 : Screenshot saved: .\Profiles\04\Temp\2015-08-08_01.41.01.jpg
2015-08-08 01:41:02 : Checking Overview for full CC [!] False, DD3B3D
2015-08-08 01:41:02 : Checking Overview for full Heroes [!] True, 88B928
2015-08-08 01:41:02 : FullArmy & TotalTrained = skip training
2015-08-08 01:41:02 : checkMainScreen start quiet mode
2015-08-08 01:41:02 : checkMainScreen exit quiet mode
2015-08-08 01:41:03 : Time Idle: 00:00:31
2015-08-08 01:41:03 : $fullArmy=True $fullCC=False $fullHeroes=True $iUnbreakableMode=1
2015-08-08 01:41:15 : checkMainScreen start quiet mode
2015-08-08 01:41:15 : checkMainScreen exit quiet mode
2015-08-08 01:41:15 : Checking Overview for full army [!] True, 407508
2015-08-08 01:41:15 : Screenshot saved: .\Profiles\04\Temp\2015-08-08_01.41.15.jpg
2015-08-08 01:41:16 : Checking Overview for full CC [!] False, DD3B3D
2015-08-08 01:41:16 : Checking Overview for full Heroes [!] True, 88B928
2015-08-08 01:41:16 : Clan Camp is not full, Still wait...
2015-08-08 01:41:17 : checkMainScreen start quiet mode
2015-08-08 01:41:17 : checkMainScreen exit quiet mode
2015-08-08 01:41:17 : Func Train 
2015-08-08 01:41:17 : Train enabled, $TotalTrainedTroops= 200, Adj TotalCamp= 192
2015-08-08 01:41:18 : Checking Overview for full army [!] True, 407508
2015-08-08 01:41:18 : Screenshot saved: .\Profiles\04\Temp\2015-08-08_01.41.18.jpg
2015-08-08 01:41:18 : Checking Overview for full CC [!] False, DD3B3D
2015-08-08 01:41:18 : Checking Overview for full Heroes [!] True, 88B928
2015-08-08 01:41:18 : FullArmy & TotalTrained = skip training
2015-08-08 01:41:19 : checkMainScreen start quiet mode
2015-08-08 01:41:19 : checkMainScreen exit quiet mode
2015-08-08 01:41:20 : Time Idle: 00:00:47
2015-08-08 01:41:20 : $fullArmy=True $fullCC=False $fullHeroes=True $iUnbreakableMode=1
2015-08-08 01:41:31 : checkMainScreen start quiet mode
2015-08-08 01:41:31 : checkMainScreen exit quiet mode
2015-08-08 01:41:31 : Checking Overview for full army [!] True, 407508
2015-08-08 01:41:32 : Screenshot saved: .\Profiles\04\Temp\2015-08-08_01.41.32.jpg
2015-08-08 01:41:32 : Checking Overview for full CC [!] False, DD3B3D
2015-08-08 01:41:32 : Checking Overview for full Heroes [!] True, 88B928
2015-08-08 01:41:32 : Clan Camp is not full, Still wait...
2015-08-08 01:41:33 : checkMainScreen start quiet mode
2015-08-08 01:41:33 : checkMainScreen exit quiet mode
2015-08-08 01:41:33 : Func Train 
2015-08-08 01:41:33 : Train enabled, $TotalTrainedTroops= 200, Adj TotalCamp= 192
2015-08-08 01:41:34 : Checking Overview for full army [!] True, 407508
2015-08-08 01:41:34 : Screenshot saved: .\Profiles\04\Temp\2015-08-08_01.41.34.jpg
2015-08-08 01:41:34 : Checking Overview for full CC [!] False, DD3B3D
2015-08-08 01:41:34 : Checking Overview for full Heroes [!] True, 88B928
2015-08-08 01:41:35 : FullArmy & TotalTrained = skip training
2015-08-08 01:41:35 : checkMainScreen start quiet mode
2015-08-08 01:41:35 : checkMainScreen exit quiet mode
2015-08-08 01:41:36 : Time Idle: 00:01:03
2015-08-08 01:41:36 : $fullArmy=True $fullCC=False $fullHeroes=True $iUnbreakableMode=1
