2015-08-08 01:01:20 : ~ Clash Game Bot v4.1MODS Powered by GameBot.org ~
2015-08-08 01:01:20 : GameBot.org.exe Executable running on WIN_7  X64
2015-08-08 01:01:20 : =================== Bot Start ====================
2015-08-08 01:01:20 : -------------------------  Current Profile: 04 --------------------------
2015-08-08 01:01:20 :  Warning Debug Mode Enabled! Setlog: 1 OCR: 0 RedArea: 0 
2015-08-08 01:01:21 : Trying to locate Main Screen
2015-08-08 01:01:27 : CheckObstacles Result = True
2015-08-08 01:01:27 : Waiting for Main Screen
2015-08-08 01:01:27 : ChkObst Loop = 0ExitLoop = 0
2015-08-08 01:01:27 : Screen cleared, WaitMainScreen exit
2015-08-08 01:01:29 : Zooming Out
2015-08-08 01:01:29 : Index = 0
2015-08-08 01:01:29 : ControlFocus Result = 1, ControlSend Result = 1|0
2015-08-08 01:01:29 : Index = 2
2015-08-08 01:01:29 : ControlFocus Result = 1, ControlSend Result = 1|0
2015-08-08 01:01:29 : Index = 4
2015-08-08 01:01:30 : ControlFocus Result = 1, ControlSend Result = 1|0
2015-08-08 01:01:30 : Index = 6
2015-08-08 01:01:30 : ControlFocus Result = 1, ControlSend Result = 1|0
2015-08-08 01:01:30 : Index = 8
2015-08-08 01:01:30 : ControlFocus Result = 1, ControlSend Result = 1|0
2015-08-08 01:01:30 : Index = 10
2015-08-08 01:01:31 : ControlFocus Result = 1, ControlSend Result = 1|0
2015-08-08 01:01:31 : Index = 12
2015-08-08 01:01:31 : ControlFocus Result = 1, ControlSend Result = 1|0
2015-08-08 01:01:31 : Main Screen Located
2015-08-08 01:01:32 : Detecting your Buildings..
2015-08-08 01:01:40 : Language setting is English: Correct.
2015-08-08 01:01:40 : Bot clean start
2015-08-08 01:01:41 : Trying to locate Main Screen
2015-08-08 01:01:41 : Main Screen Located
2015-08-08 01:01:42 : checkMainScreen start quiet mode
2015-08-08 01:01:42 : checkMainScreen exit quiet mode
2015-08-08 01:01:42 : Collecting Resources
2015-08-08 01:01:47 : checkMainScreen start quiet mode
2015-08-08 01:01:47 : checkMainScreen exit quiet mode
2015-08-08 01:01:49 : Checking if Village needs Rearming..
2015-08-08 01:01:55 : checkMainScreen start quiet mode
2015-08-08 01:01:55 : checkMainScreen exit quiet mode
2015-08-08 01:01:56 : checkMainScreen start quiet mode
2015-08-08 01:01:56 : checkMainScreen exit quiet mode
2015-08-08 01:01:56 : Village Report
2015-08-08 01:01:56 : No. of Free/Total Builders: 0/4
2015-08-08 01:01:56 :  [T]: 2 546
2015-08-08 01:01:57 :  [G]: 1 763 641 [E]: 5 213 927 [D]: 18 548 [GEM]: 1 981
2015-08-08 01:01:57 : checkMainScreen start quiet mode
2015-08-08 01:01:57 : checkMainScreen exit quiet mode
2015-08-08 01:01:58 : checkMainScreen start quiet mode
2015-08-08 01:01:58 : checkMainScreen exit quiet mode
2015-08-08 01:01:59 : checkMainScreen start quiet mode
2015-08-08 01:01:59 : checkMainScreen exit quiet mode
2015-08-08 01:01:59 : Func Train 
2015-08-08 01:01:59 : Train enabled, $TotalTrainedTroops= 0, Adj TotalCamp= -8
2015-08-08 01:01:59 : Checking Army Camp...
2015-08-08 01:02:00 : $sArmyInfo = 200#200
2015-08-08 01:02:00 : $CurCamp = 200
2015-08-08 01:02:00 : $TotalCamp = 200
2015-08-08 01:02:01 : Total Army Camp capacity: 200/200
2015-08-08 01:02:01 : $hBitmapFirst made
2015-08-08 01:02:01 : Calling CGBfunctions.dll/searchIdentifyTroopTrained 
2015-08-08 01:02:04 : Dll return $FullTemp :Barbarian|8-21|79#Archer|71-22|121
2015-08-08 01:02:04 : $Trooptype split # : 2
2015-08-08 01:02:04 : Start the Loop
2015-08-08 01:02:04 : $TroopTypeT[$i] split : 1
2015-08-08 01:02:04 :  - No. of Barbarians: 79
2015-08-08 01:02:04 : $TroopTypeT[$i] split : 2
2015-08-08 01:02:04 :  - No. of Archers: 121
2015-08-08 01:02:04 : start barrackstatus
2015-08-08 01:02:04 : OK, I'm in army overview
2015-08-08 01:02:04 : barrack 1 found upgrading! color 6B6964
2015-08-08 01:02:04 : barrack 2 found! color 888070
2015-08-08 01:02:04 : barrack 3 found! color 888070
2015-08-08 01:02:04 : barrack 4 found! color 888070
2015-08-08 01:02:04 : dark barrack 1 found! color 888070
2015-08-08 01:02:04 : dark barrack 5 found upgrading! color 6B6964
2015-08-08 01:02:05 : Factory Spell found! color 888070
2015-08-08 01:02:05 : Dark Factory Spell found! color 888070
2015-08-08 01:02:05 : Barracks and Spell factory status: 
2015-08-08 01:02:05 : - Barracks detected: 4 | Available: 3 | Upgrading: 1
2015-08-08 01:02:05 : - Dark Barracks detected: 2 | Available: 1 | Upgrading: 1
2015-08-08 01:02:05 : - Spell factory detected: 1 | Available: 1 | Upgrading: 0
2015-08-08 01:02:05 : - Dark Spell factory detected: 1 | Available: 1 | Upgrading: 0
2015-08-08 01:02:05 : Trainaviable[0] = 1
2015-08-08 01:02:05 : Trainaviable[1] = 0
2015-08-08 01:02:05 : Trainaviable[2] = 1
2015-08-08 01:02:05 : Trainaviable[3] = 1
2015-08-08 01:02:05 : Trainaviable[4] = 1
2015-08-08 01:02:05 : Trainaviable[5] = 1
2015-08-08 01:02:05 : Trainaviable[6] = 0
2015-08-08 01:02:05 : Trainaviable[7] = 1
2015-08-08 01:02:05 : Trainaviable[8] = 1
2015-08-08 01:02:05 : Training Troops...
2015-08-08 01:02:05 : Train: need to make normal troops: True
2015-08-08 01:02:05 : Train: need to make dark troops: False
2015-08-08 01:02:05 : LAST BARRACK = 4
2015-08-08 01:02:05 : OverView TabColor=B7BBB8
2015-08-08 01:02:05 : Last Barrack TabColor=888070
2015-08-08 01:02:05 : Last Barrack TabColor=888070
2015-08-08 01:02:06 : Your Army Camps are now Full
2015-08-08 01:02:06 : ---------COMPUTE TROOPS TO MAKE------------------------
2015-08-08 01:02:06 : -- Compute AnotherTroops to train
2015-08-08 01:02:06 : Need to train (height) GOBL:0% BARB: 120% ARCH: 80% AND 0 other troops space
2015-08-08 01:02:06 : Total Troops to be Trained= 200
2015-08-08 01:02:06 : BARRACKNUM: 3
2015-08-08 01:02:06 : ArchEBarrack: 26
2015-08-08 01:02:06 : BarbEBarrack: 40
2015-08-08 01:02:06 : DARKBARRACKNUM: 1
2015-08-08 01:02:06 : ---------END COMPUTE TROOPS TO MAKE--------------------
2015-08-08 01:02:06 : 
2015-08-08 01:02:06 : ---------TRAIN BARRACK MODE------------------------
2015-08-08 01:02:06 : Barrack4 selected
2015-08-08 01:02:08 : Full Check=DE58D0
2015-08-08 01:02:08 : Full Check=FF80F8
2015-08-08 01:02:08 : Full Check=FF7FF5
2015-08-08 01:02:08 : Full Check=FF7FF5
2015-08-08 01:02:08 : Full Check=FF7FF5
2015-08-08 01:02:09 : Full Check=FF7FF5
2015-08-08 01:02:09 : Full Check=FE78F4
2015-08-08 01:02:09 : Full Check=FB75F1
2015-08-08 01:02:09 : Full Check=FF78F3
2015-08-08 01:02:09 : Full Check=FE78F4
2015-08-08 01:02:09 : Full Check=FF78F3
2015-08-08 01:02:09 : Full Check=F164DF
2015-08-08 01:02:09 : Full Check=FF7FF5
2015-08-08 01:02:09 : Full Check=FF7FF5
2015-08-08 01:02:09 : Full Check=FB75F1
2015-08-08 01:02:09 : Full Check=FE78F4
2015-08-08 01:02:09 : Full Check=FF7FF5
2015-08-08 01:02:09 : Full Check=FF7FF5
2015-08-08 01:02:09 : Full Check=FB75F1
2015-08-08 01:02:09 : Full Check=FB75F1
2015-08-08 01:02:09 : Full Check=FF7FF5
2015-08-08 01:02:09 : Full Check=F164DF
2015-08-08 01:02:10 : Full Check=FD74EE
2015-08-08 01:02:10 : Full Check=FE78F4
2015-08-08 01:02:10 : Full Check=FF80F8
2015-08-08 01:02:10 : Full Check=FF7FF5
2015-08-08 01:02:10 : Full Check=F164DF
2015-08-08 01:02:10 : Full Check=FF7FF5
2015-08-08 01:02:10 : Full Check=FB75F1
2015-08-08 01:02:10 : Full Check=FF80F8
2015-08-08 01:02:10 : Full Check=FB75F1
2015-08-08 01:02:10 : Full Check=FF7FF5
2015-08-08 01:02:10 : Full Check=FB75F1
2015-08-08 01:02:10 : Full Check=FF78F3
2015-08-08 01:02:10 : Full Check=FF7FF5
2015-08-08 01:02:10 : Full Check=FB75F1
2015-08-08 01:02:10 : Full Check=FF7FF5
2015-08-08 01:02:10 : Full Check=F164DF
2015-08-08 01:02:11 : Full Check=FF78F3
2015-08-08 01:02:11 : Full Check=FF7FF5
2015-08-08 01:02:11 : Full Check=FF7FF5
2015-08-08 01:02:11 : Full Check=FB75F1
2015-08-08 01:02:11 : Full Check=FF7FF5
2015-08-08 01:02:11 : Full Check=FF7FF5
2015-08-08 01:02:11 : Full Check=FF7FF5
2015-08-08 01:02:11 : Full Check=FE78F4
2015-08-08 01:02:11 : Full Check=FF7FF5
2015-08-08 01:02:11 : Full Check=FF7FF5
2015-08-08 01:02:11 : Full Check=FB75F1
2015-08-08 01:02:11 : Full Check=FF7FF5
2015-08-08 01:02:11 : Full Check=FE78F4
2015-08-08 01:02:11 : Full Check=FF7FF5
2015-08-08 01:02:11 : Full Check=FF7FF5
2015-08-08 01:02:11 : Full Check=FB75F1
2015-08-08 01:02:12 : Full Check=FB75F1
2015-08-08 01:02:12 : Full Check=FF80F8
2015-08-08 01:02:12 : Full Check=FF7FF5
2015-08-08 01:02:12 : Full Check=FF7FF5
2015-08-08 01:02:12 : Full Check=FE78F4
2015-08-08 01:02:12 : Full Check=FF7FF5
2015-08-08 01:02:12 : Full Check=FF7FF5
2015-08-08 01:02:12 : Full Check=FB75F1
2015-08-08 01:02:12 : Full Check=FF7FF5
2015-08-08 01:02:12 : Full Check=FE78F4
2015-08-08 01:02:12 : Full Check=FF7FF5
2015-08-08 01:02:12 : Full Check=FF7FF5
2015-08-08 01:02:12 : Full Check=FF7FF5
2015-08-08 01:02:12 : Full Check=FF7FF5
2015-08-08 01:02:12 : Full Check=FF7FF5
2015-08-08 01:02:12 : Full Check=FF7FF5
2015-08-08 01:02:12 : Full Check=FF7FF5
2015-08-08 01:02:13 : Full Check=FF7FF5
2015-08-08 01:02:13 : Full Check=FE78F4
2015-08-08 01:02:13 : Full Check=FF78F3
2015-08-08 01:02:13 : Full Check=FF78F3
2015-08-08 01:02:13 : Move from Barrack 4 direction -1
2015-08-08 01:02:14 : Barrack3 selected
2015-08-08 01:02:17 : Full Check=DE58D0
2015-08-08 01:02:17 : Full Check=FF80F8
2015-08-08 01:02:17 : Full Check=FE78F4
2015-08-08 01:02:17 : Full Check=FB75F1
2015-08-08 01:02:17 : Full Check=FF78F3
2015-08-08 01:02:17 : Full Check=FE78F4
2015-08-08 01:02:17 : Full Check=FF7FF5
2015-08-08 01:02:17 : Full Check=FF7FF5
2015-08-08 01:02:17 : Full Check=FE78F4
2015-08-08 01:02:17 : Full Check=FF7FF5
2015-08-08 01:02:17 : Full Check=FE78F4
2015-08-08 01:02:18 : Full Check=FF78F3
2015-08-08 01:02:18 : Full Check=FF7FF5
2015-08-08 01:02:18 : Full Check=DE58D0
2015-08-08 01:02:18 : Full Check=FF80F8
2015-08-08 01:02:18 : Full Check=FF7FF5
2015-08-08 01:02:18 : Full Check=FE78F4
2015-08-08 01:02:18 : Full Check=FE78F4
2015-08-08 01:02:18 : Full Check=FF7FF5
2015-08-08 01:02:18 : Full Check=FF7FF5
2015-08-08 01:02:18 : Full Check=FE78F4
2015-08-08 01:02:18 : Full Check=FF7FF5
2015-08-08 01:02:18 : Full Check=FE78F4
2015-08-08 01:02:19 : Full Check=FF7FF5
2015-08-08 01:02:19 : Full Check=FF7FF5
2015-08-08 01:02:19 : Full Check=FB75F1
2015-08-08 01:02:19 : Full Check=FF80F8
2015-08-08 01:02:19 : Full Check=FE78F4
2015-08-08 01:02:19 : Full Check=FF78F3
2015-08-08 01:02:19 : Full Check=FD74EE
2015-08-08 01:02:19 : Full Check=FE78F4
2015-08-08 01:02:19 : Full Check=FE78F4
2015-08-08 01:02:19 : Full Check=FF78F3
2015-08-08 01:02:19 : Full Check=FF78F3
2015-08-08 01:02:19 : Full Check=FE78F4
2015-08-08 01:02:19 : Full Check=FF7FF5
2015-08-08 01:02:19 : Full Check=FF7FF5
2015-08-08 01:02:19 : Full Check=FF7FF5
2015-08-08 01:02:19 : Full Check=FF7FF5
2015-08-08 01:02:19 : Full Check=FF7FF5
2015-08-08 01:02:20 : Full Check=FB75F1
2015-08-08 01:02:20 : Full Check=FF80F8
2015-08-08 01:02:20 : Full Check=FB75F1
2015-08-08 01:02:20 : Full Check=FE78F4
2015-08-08 01:02:20 : Full Check=FF7FF5
2015-08-08 01:02:20 : Full Check=FF7FF5
2015-08-08 01:02:20 : Full Check=FF80F8
2015-08-08 01:02:20 : Full Check=FE78F4
2015-08-08 01:02:20 : Full Check=FF7FF5
2015-08-08 01:02:20 : Full Check=FF7FF5
2015-08-08 01:02:20 : Full Check=FF7FF5
2015-08-08 01:02:20 : Full Check=FF7FF5
2015-08-08 01:02:20 : Full Check=FE78F4
2015-08-08 01:02:20 : Full Check=FF7FF5
2015-08-08 01:02:20 : Full Check=FF78F3
2015-08-08 01:02:20 : Full Check=FF7FF5
2015-08-08 01:02:21 : Full Check=FF7FF5
2015-08-08 01:02:21 : Full Check=FF7FF5
2015-08-08 01:02:21 : Full Check=FF7FF5
2015-08-08 01:02:21 : Full Check=FF7FF5
2015-08-08 01:02:21 : Full Check=FF7FF5
2015-08-08 01:02:21 : Full Check=FB75F1
2015-08-08 01:02:21 : Full Check=FE78F4
2015-08-08 01:02:21 : Full Check=FF78F3
2015-08-08 01:02:21 : Full Check=FF7FF5
2015-08-08 01:02:21 : Full Check=FF7FF5
2015-08-08 01:02:21 : Full Check=FE78F4
2015-08-08 01:02:21 : Full Check=FF7FF5
2015-08-08 01:02:21 : Full Check=FE78F4
2015-08-08 01:02:21 : Full Check=FF7FF5
2015-08-08 01:02:21 : Full Check=FF7FF5
2015-08-08 01:02:21 : Full Check=FE78F4
2015-08-08 01:02:21 : Full Check=FF78F3
2015-08-08 01:02:22 : Full Check=FF78F3
2015-08-08 01:02:22 : Full Check=FF7FF5
2015-08-08 01:02:22 : Move from Barrack 3 direction -1
2015-08-08 01:02:23 : Barrack2 selected
2015-08-08 01:02:26 : Full Check=E05AD0
2015-08-08 01:02:26 : Full Check=FF82F8
2015-08-08 01:02:26 : Full Check=FF79F5
2015-08-08 01:02:26 : Full Check=FF7EF7
2015-08-08 01:02:26 : Full Check=FF79F5
2015-08-08 01:02:26 : Full Check=FF79F5
2015-08-08 01:02:26 : Full Check=FF7EF7
2015-08-08 01:02:26 : Full Check=FF79F5
2015-08-08 01:02:26 : Full Check=FF7EF7
2015-08-08 01:02:26 : Full Check=FF76F1
2015-08-08 01:02:26 : Full Check=FF7EF7
2015-08-08 01:02:26 : Full Check=FF79F5
2015-08-08 01:02:27 : Full Check=FF7EF7
2015-08-08 01:02:27 : Full Check=FF7EF7
2015-08-08 01:02:27 : Full Check=FF79F5
2015-08-08 01:02:27 : Full Check=FF79F5
2015-08-08 01:02:27 : Full Check=FF7EF7
2015-08-08 01:02:27 : Full Check=FF7EF7
2015-08-08 01:02:27 : Full Check=FF79F5
2015-08-08 01:02:27 : Full Check=FF79F5
2015-08-08 01:02:27 : Full Check=FF7EF7
2015-08-08 01:02:27 : Full Check=FF76F1
2015-08-08 01:02:27 : Full Check=F167E2
2015-08-08 01:02:27 : Full Check=FF76F1
2015-08-08 01:02:27 : Full Check=FF7EF7
2015-08-08 01:02:27 : Full Check=F167E2
2015-08-08 01:02:27 : Full Check=FF7EF7
2015-08-08 01:02:27 : Full Check=FF79F5
2015-08-08 01:02:27 : Full Check=FF7EF7
2015-08-08 01:02:28 : Full Check=FF79F5
2015-08-08 01:02:28 : Full Check=FF79F5
2015-08-08 01:02:28 : Full Check=FF7BF6
2015-08-08 01:02:28 : Full Check=FF7EF7
2015-08-08 01:02:28 : Full Check=FF76F1
2015-08-08 01:02:28 : Full Check=FF7EF7
2015-08-08 01:02:28 : Full Check=FF76F1
2015-08-08 01:02:28 : Full Check=FF79F5
2015-08-08 01:02:28 : Full Check=FF79F5
2015-08-08 01:02:28 : Full Check=FF7EF7
2015-08-08 01:02:28 : Full Check=FF76F1
2015-08-08 01:02:28 : Full Check=FF7EF7
2015-08-08 01:02:28 : Full Check=FF7EF7
2015-08-08 01:02:28 : Full Check=FF7EF7
2015-08-08 01:02:28 : Full Check=FF82F8
2015-08-08 01:02:28 : Full Check=FF79F5
2015-08-08 01:02:29 : Full Check=FF76F1
2015-08-08 01:02:29 : Full Check=FF7EF7
2015-08-08 01:02:29 : Full Check=FF76F1
2015-08-08 01:02:29 : Full Check=FF82F8
2015-08-08 01:02:29 : Full Check=FF79F5
2015-08-08 01:02:29 : Full Check=FF7EF7
2015-08-08 01:02:29 : Full Check=FF7EF7
2015-08-08 01:02:29 : Full Check=FF76F1
2015-08-08 01:02:29 : Full Check=FF7EF7
2015-08-08 01:02:29 : Full Check=FF79F5
2015-08-08 01:02:29 : Full Check=FF7EF7
2015-08-08 01:02:29 : Full Check=FF7EF7
2015-08-08 01:02:29 : Full Check=FF7EF7
2015-08-08 01:02:29 : Full Check=FF79F5
2015-08-08 01:02:29 : Full Check=FF79F5
2015-08-08 01:02:29 : Full Check=FF7EF7
2015-08-08 01:02:29 : Full Check=FF76F1
2015-08-08 01:02:30 : Full Check=FF7EF7
2015-08-08 01:02:30 : Full Check=FF7EF7
2015-08-08 01:02:30 : Full Check=FF7EF7
2015-08-08 01:02:30 : Full Check=FF79F5
2015-08-08 01:02:30 : Full Check=FF7BF6
2015-08-08 01:02:30 : Full Check=FF79F5
2015-08-08 01:02:30 : Full Check=FF7EF7
2015-08-08 01:02:30 : Full Check=FF7EF7
2015-08-08 01:02:30 : Full Check=FF79F5
2015-08-08 01:02:30 : Full Check=FF79F5
2015-08-08 01:02:30 : Full Check=FF7BF6
2015-08-08 01:02:30 : Full Check=FF82F8
2015-08-08 01:02:30 : Full Check=FF7EF7
2015-08-08 01:02:31 : Move from Barrack 2 direction -1
2015-08-08 01:02:32 : This is not a Barrack
2015-08-08 01:02:32 : ---=====================END TRAIN =======================================---
2015-08-08 01:02:34 : checkMainScreen start quiet mode
2015-08-08 01:02:34 : checkMainScreen exit quiet mode
2015-08-08 01:02:34 : checkMainScreen start quiet mode
2015-08-08 01:02:34 : checkMainScreen exit quiet mode
2015-08-08 01:02:35 : checkMainScreen start quiet mode
2015-08-08 01:02:35 : checkMainScreen exit quiet mode
2015-08-08 01:02:36 : checkMainScreen start quiet mode
2015-08-08 01:02:36 : checkMainScreen exit quiet mode
2015-08-08 01:02:37 : checkMainScreen start quiet mode
2015-08-08 01:02:37 : checkMainScreen exit quiet mode
2015-08-08 01:02:37 : checkMainScreen start quiet mode
2015-08-08 01:02:37 : checkMainScreen exit quiet mode
2015-08-08 01:02:40 : Finished kicking
2015-08-08 01:02:40 : Func Idle 
2015-08-08 01:02:40 : $fullArmy=True $fullCC=False $fullHeroes=False$iUnbreakableMode=0
2015-08-08 01:02:41 : Bot clean start
2015-08-08 01:02:42 : Trying to locate Main Screen
2015-08-08 01:02:42 : Main Screen Located
2015-08-08 01:02:43 : checkMainScreen start quiet mode
2015-08-08 01:02:43 : checkMainScreen exit quiet mode
2015-08-08 01:02:43 : Collecting Resources
2015-08-08 01:02:49 : checkMainScreen start quiet mode
2015-08-08 01:02:49 : checkMainScreen exit quiet mode
2015-08-08 01:02:50 : Checking if Village needs Rearming..
2015-08-08 01:02:56 : checkMainScreen start quiet mode
2015-08-08 01:02:56 : checkMainScreen exit quiet mode
2015-08-08 01:02:57 : checkMainScreen start quiet mode
2015-08-08 01:02:57 : checkMainScreen exit quiet mode
2015-08-08 01:02:58 : Village Report
2015-08-08 01:02:58 : No. of Free/Total Builders: 0/4
2015-08-08 01:02:58 :  [T]: 2 546
2015-08-08 01:02:58 :  [G]: 1 763 641 [E]: 5 213 927 [D]: 18 550 [GEM]: 1 981
2015-08-08 01:02:59 : checkMainScreen start quiet mode
2015-08-08 01:02:59 : checkMainScreen exit quiet mode
2015-08-08 01:02:59 : checkMainScreen start quiet mode
2015-08-08 01:02:59 : checkMainScreen exit quiet mode
2015-08-08 01:03:00 : checkMainScreen start quiet mode
2015-08-08 01:03:01 : checkMainScreen exit quiet mode
2015-08-08 01:03:01 : Func Train 
2015-08-08 01:03:01 : Train enabled, $TotalTrainedTroops= 200, Adj TotalCamp= 192
2015-08-08 01:03:01 : Checking Army Camp...
2015-08-08 01:03:02 : $sArmyInfo = 200#200
2015-08-08 01:03:02 : $CurCamp = 200
2015-08-08 01:03:02 : $TotalCamp = 200
2015-08-08 01:03:02 : Total Army Camp capacity: 200/200
2015-08-08 01:03:02 : $hBitmapFirst made
2015-08-08 01:03:03 : Calling CGBfunctions.dll/searchIdentifyTroopTrained 
2015-08-08 01:03:03 : Dll return $FullTemp :Barbarian|8-21|79#Archer|71-22|121
2015-08-08 01:03:03 : $Trooptype split # : 2
2015-08-08 01:03:03 : Start the Loop
2015-08-08 01:03:04 : $TroopTypeT[$i] split : 1
2015-08-08 01:03:04 :  - No. of Barbarians: 79
2015-08-08 01:03:04 : $TroopTypeT[$i] split : 2
2015-08-08 01:03:04 :  - No. of Archers: 121
2015-08-08 01:03:04 : start barrackstatus
2015-08-08 01:03:04 : OK, I'm in army overview
2015-08-08 01:03:04 : barrack 1 found upgrading! color 6B6964
2015-08-08 01:03:04 : barrack 2 found! color 888070
2015-08-08 01:03:04 : barrack 3 found! color 888070
2015-08-08 01:03:04 : barrack 4 found! color 888070
2015-08-08 01:03:04 : dark barrack 1 found! color 888070
2015-08-08 01:03:04 : dark barrack 5 found upgrading! color 6B6964
2015-08-08 01:03:04 : Factory Spell found! color 888070
2015-08-08 01:03:04 : Dark Factory Spell found! color 888070
2015-08-08 01:03:04 : Barracks and Spell factory status: 
2015-08-08 01:03:04 : - Barracks detected: 4 | Available: 3 | Upgrading: 1
2015-08-08 01:03:04 : - Dark Barracks detected: 2 | Available: 1 | Upgrading: 1
2015-08-08 01:03:04 : - Spell factory detected: 1 | Available: 1 | Upgrading: 0
2015-08-08 01:03:04 : - Dark Spell factory detected: 1 | Available: 1 | Upgrading: 0
2015-08-08 01:03:04 : Trainaviable[0] = 1
2015-08-08 01:03:04 : Trainaviable[1] = 0
2015-08-08 01:03:04 : Trainaviable[2] = 1
2015-08-08 01:03:04 : Trainaviable[3] = 1
2015-08-08 01:03:04 : Trainaviable[4] = 1
2015-08-08 01:03:04 : Trainaviable[5] = 1
2015-08-08 01:03:04 : Trainaviable[6] = 0
2015-08-08 01:03:04 : Trainaviable[7] = 1
2015-08-08 01:03:04 : Trainaviable[8] = 1
2015-08-08 01:03:04 : Training Troops...
2015-08-08 01:03:05 : Train: need to make normal troops: True
2015-08-08 01:03:05 : Train: need to make dark troops: False
2015-08-08 01:03:05 : LAST BARRACK = 4
2015-08-08 01:03:05 : OverView TabColor=808B93
2015-08-08 01:03:05 : Last Barrack TabColor=888070
2015-08-08 01:03:05 : Last Barrack TabColor=888070
2015-08-08 01:03:05 : Your Army Camps are now Full
2015-08-08 01:03:05 : ---------COMPUTE TROOPS TO MAKE------------------------
2015-08-08 01:03:05 : -- Compute AnotherTroops to train
2015-08-08 01:03:05 : Need to train (height) GOBL:0% BARB: 120% ARCH: 80% AND 0 other troops space
2015-08-08 01:03:05 : Total Troops to be Trained= 200
2015-08-08 01:03:05 : BARRACKNUM: 3
2015-08-08 01:03:05 : ArchEBarrack: 26
2015-08-08 01:03:05 : BarbEBarrack: 40
2015-08-08 01:03:05 : DARKBARRACKNUM: 1
2015-08-08 01:03:05 : ---------END COMPUTE TROOPS TO MAKE--------------------
2015-08-08 01:03:05 : 
2015-08-08 01:03:05 : ---------TRAIN BARRACK MODE------------------------
2015-08-08 01:03:05 : Barrack4 selected
2015-08-08 01:03:06 : Full Check=8D8D8D
2015-08-08 01:03:07 : Move from Barrack 4 direction -1
2015-08-08 01:03:08 : Barrack3 selected
2015-08-08 01:03:08 : Full Check=8D8D8D
2015-08-08 01:03:09 : Move from Barrack 3 direction -1
2015-08-08 01:03:10 : Barrack2 selected
2015-08-08 01:03:10 : Full Check=8F8F8F
2015-08-08 01:03:11 : Move from Barrack 2 direction -1
2015-08-08 01:03:12 : This is not a Barrack
2015-08-08 01:03:12 : ---=====================END TRAIN =======================================---
2015-08-08 01:03:14 : checkMainScreen start quiet mode
2015-08-08 01:03:14 : checkMainScreen exit quiet mode
2015-08-08 01:03:14 : checkMainScreen start quiet mode
2015-08-08 01:03:14 : checkMainScreen exit quiet mode
2015-08-08 01:03:15 : checkMainScreen start quiet mode
2015-08-08 01:03:15 : checkMainScreen exit quiet mode
2015-08-08 01:03:17 : checkMainScreen start quiet mode
2015-08-08 01:03:17 : checkMainScreen exit quiet mode
2015-08-08 01:03:17 : checkMainScreen start quiet mode
2015-08-08 01:03:17 : checkMainScreen exit quiet mode
2015-08-08 01:03:18 : checkMainScreen start quiet mode
2015-08-08 01:03:18 : checkMainScreen exit quiet mode
2015-08-08 01:03:20 : Finished kicking
2015-08-08 01:03:20 : Func Idle 
2015-08-08 01:03:20 : $fullArmy=True $fullCC=False $fullHeroes=False$iUnbreakableMode=0
2015-08-08 01:03:21 : Bot clean start
2015-08-08 01:03:22 : Trying to locate Main Screen
2015-08-08 01:03:22 : Main Screen Located
2015-08-08 01:03:23 : checkMainScreen start quiet mode
2015-08-08 01:03:23 : checkMainScreen exit quiet mode
2015-08-08 01:03:23 : Collecting Resources
2015-08-08 01:03:24 : ClashGameBot was Paused!
2015-08-08 01:04:09 : ClashGameBot was Resumed.
