2015-08-07 18:34:16 : ~ Clash Game Bot v4.1MODS Powered by GameBot.org ~
2015-08-07 18:34:16 : GameBot.org.exe Executable running on WIN_7  X64
2015-08-07 18:34:16 : =================== Bot Start ====================
2015-08-07 18:34:16 : -------------------------  Current Profile: 04 --------------------------
2015-08-07 18:34:16 :  Warning Debug Mode Enabled! Setlog: 1 OCR: 0 RedArea: 0 
2015-08-07 18:34:16 : Trying to locate Main Screen
2015-08-07 18:34:23 : CheckObstacles Result = True
2015-08-07 18:34:23 : Waiting for Main Screen
2015-08-07 18:34:23 : ChkObst Loop = 0ExitLoop = 0
2015-08-07 18:34:23 : Screen cleared, WaitMainScreen exit
2015-08-07 18:34:24 : Zooming Out
2015-08-07 18:34:24 : Index = 0
2015-08-07 18:34:25 : ControlFocus Result = 1, ControlSend Result = 1|0
2015-08-07 18:34:25 : Index = 2
2015-08-07 18:34:25 : ControlFocus Result = 1, ControlSend Result = 1|0
2015-08-07 18:34:25 : Index = 4
2015-08-07 18:34:25 : ControlFocus Result = 1, ControlSend Result = 1|0
2015-08-07 18:34:25 : Index = 6
2015-08-07 18:34:25 : ControlFocus Result = 1, ControlSend Result = 1|0
2015-08-07 18:34:25 : Index = 8
2015-08-07 18:34:26 : ControlFocus Result = 1, ControlSend Result = 1|0
2015-08-07 18:34:26 : Index = 10
2015-08-07 18:34:26 : ControlFocus Result = 1, ControlSend Result = 1|0
2015-08-07 18:34:26 : Index = 12
2015-08-07 18:34:26 : ControlFocus Result = 1, ControlSend Result = 1|0
2015-08-07 18:34:26 : Main Screen Located
2015-08-07 18:34:27 : Detecting your Buildings..
2015-08-07 18:34:36 : Language setting is English: Correct.
2015-08-07 18:34:36 : Bot clean start
2015-08-07 18:34:37 : Trying to locate Main Screen
2015-08-07 18:34:37 : Main Screen Located
2015-08-07 18:34:38 : Halt Attack, Stay Online/Train/Collect/Donate...
2015-08-07 18:34:39 : checkMainScreen start quiet mode
2015-08-07 18:34:39 : checkMainScreen exit quiet mode
2015-08-07 18:34:40 : Collecting Resources
2015-08-07 18:34:45 : checkMainScreen start quiet mode
2015-08-07 18:34:45 : checkMainScreen exit quiet mode
2015-08-07 18:34:46 : Checking if Village needs Rearming..
2015-08-07 18:34:52 : checkMainScreen start quiet mode
2015-08-07 18:34:52 : checkMainScreen exit quiet mode
2015-08-07 18:34:53 : checkMainScreen start quiet mode
2015-08-07 18:34:53 : checkMainScreen exit quiet mode
2015-08-07 18:34:54 : Village Report
2015-08-07 18:34:54 : No. of Free/Total Builders: 0/4
2015-08-07 18:34:54 :  [T]: 2 558
2015-08-07 18:34:54 :  [G]: 1 037 116 [E]: 4 654 659 [D]: 15 989 [GEM]: 1 981
2015-08-07 18:34:55 : checkMainScreen start quiet mode
2015-08-07 18:34:55 : checkMainScreen exit quiet mode
2015-08-07 18:34:55 : checkMainScreen start quiet mode
2015-08-07 18:34:55 : checkMainScreen exit quiet mode
2015-08-07 18:34:57 : checkMainScreen start quiet mode
2015-08-07 18:34:57 : checkMainScreen exit quiet mode
2015-08-07 18:34:57 : Func Train 
2015-08-07 18:34:57 : Halt enabled, $TotalTrainedTroops= 0, Adj TotalCamp= -8
2015-08-07 18:34:57 : Checking Army Camp...
2015-08-07 18:34:58 : $sArmyInfo = 200#200
2015-08-07 18:34:58 : $CurCamp = 200
2015-08-07 18:34:58 : $TotalCamp = 200
2015-08-07 18:34:59 : Total Army Camp capacity: 200/200
2015-08-07 18:34:59 : $hBitmapFirst made
2015-08-07 18:34:59 : Calling CGBfunctions.dll/searchIdentifyTroopTrained 
2015-08-07 18:35:02 : Dll return $FullTemp :Barbarian|8-21|75#Archer|71-22|125
2015-08-07 18:35:02 : $Trooptype split # : 2
2015-08-07 18:35:02 : Start the Loop
2015-08-07 18:35:02 : $TroopTypeT[$i] split : 1
2015-08-07 18:35:02 :  - No. of Barbarians: 75
2015-08-07 18:35:02 : $TroopTypeT[$i] split : 2
2015-08-07 18:35:02 :  - No. of Archers: 125
2015-08-07 18:35:02 : start barrackstatus
2015-08-07 18:35:02 : OK, I'm in army overview
2015-08-07 18:35:02 : barrack 1 found upgrading! color 6B6964
2015-08-07 18:35:02 : barrack 2 found! color 888070
2015-08-07 18:35:02 : barrack 3 found! color 888070
2015-08-07 18:35:02 : barrack 4 found! color 888070
2015-08-07 18:35:02 : dark barrack 1 found! color 888070
2015-08-07 18:35:03 : dark barrack 5 found upgrading! color 6B6964
2015-08-07 18:35:03 : Factory Spell found! color 888070
2015-08-07 18:35:03 : Dark Factory Spell found! color 888070
2015-08-07 18:35:03 : Barracks and Spell factory status: 
2015-08-07 18:35:03 : - Barracks detected: 4 | Available: 3 | Upgrading: 1
2015-08-07 18:35:03 : - Dark Barracks detected: 2 | Available: 1 | Upgrading: 1
2015-08-07 18:35:03 : - Spell factory detected: 1 | Available: 1 | Upgrading: 0
2015-08-07 18:35:03 : - Dark Spell factory detected: 1 | Available: 1 | Upgrading: 0
2015-08-07 18:35:03 : Trainaviable[0] = 1
2015-08-07 18:35:03 : Trainaviable[1] = 0
2015-08-07 18:35:03 : Trainaviable[2] = 1
2015-08-07 18:35:03 : Trainaviable[3] = 1
2015-08-07 18:35:03 : Trainaviable[4] = 1
2015-08-07 18:35:03 : Trainaviable[5] = 1
2015-08-07 18:35:03 : Trainaviable[6] = 0
2015-08-07 18:35:03 : Trainaviable[7] = 1
2015-08-07 18:35:03 : Trainaviable[8] = 1
2015-08-07 18:35:03 : Training Troops...
2015-08-07 18:35:03 : Train: need to make normal troops: True
2015-08-07 18:35:03 : Train: need to make dark troops: False
2015-08-07 18:35:03 : LAST BARRACK = 4
2015-08-07 18:35:03 : OverView TabColor=9BA3A6
2015-08-07 18:35:03 : Last Barrack TabColor=888070
2015-08-07 18:35:03 : Last Barrack TabColor=888070
2015-08-07 18:35:04 : Your Army Camps are now Full
2015-08-07 18:35:04 : ---------COMPUTE TROOPS TO MAKE------------------------
2015-08-07 18:35:04 : -- Compute AnotherTroops to train
2015-08-07 18:35:04 : Need to train (height) GOBL:0% BARB: 120% ARCH: 80% AND 0 other troops space
2015-08-07 18:35:04 : Total Troops to be Trained= 200
2015-08-07 18:35:04 : BARRACKNUM: 3
2015-08-07 18:35:04 : ArchEBarrack: 26
2015-08-07 18:35:04 : BarbEBarrack: 40
2015-08-07 18:35:04 : DARKBARRACKNUM: 1
2015-08-07 18:35:04 : ---------END COMPUTE TROOPS TO MAKE--------------------
2015-08-07 18:35:04 : 
2015-08-07 18:35:04 : ---------TRAIN BARRACK MODE------------------------
2015-08-07 18:35:04 : Barrack4 selected
2015-08-07 18:35:06 : Full Check=DE58D0
2015-08-07 18:35:06 : Full Check=FF80F8
2015-08-07 18:35:06 : Full Check=FB75F1
2015-08-07 18:35:06 : Full Check=FF7FF5
2015-08-07 18:35:06 : Full Check=FF7FF5
2015-08-07 18:35:07 : Full Check=FF7FF5
2015-08-07 18:35:07 : Full Check=FE78F4
2015-08-07 18:35:07 : Full Check=FE78F4
2015-08-07 18:35:07 : Full Check=FF7FF5
2015-08-07 18:35:07 : Full Check=FF7FF5
2015-08-07 18:35:07 : Full Check=FF7FF5
2015-08-07 18:35:07 : Full Check=FE78F4
2015-08-07 18:35:07 : Full Check=FF7FF5
2015-08-07 18:35:07 : Full Check=FF7FF5
2015-08-07 18:35:07 : Full Check=FF7FF5
2015-08-07 18:35:07 : Full Check=FB75F1
2015-08-07 18:35:07 : Full Check=FF78F3
2015-08-07 18:35:07 : Full Check=FF7FF5
2015-08-07 18:35:07 : Full Check=FF7FF5
2015-08-07 18:35:07 : Full Check=FF7FF5
2015-08-07 18:35:07 : Full Check=FE78F4
2015-08-07 18:35:08 : Full Check=FF7FF5
2015-08-07 18:35:08 : Full Check=FF7FF5
2015-08-07 18:35:08 : Full Check=FB75F1
2015-08-07 18:35:08 : Full Check=FF7FF5
2015-08-07 18:35:08 : Full Check=FE78F4
2015-08-07 18:35:08 : Full Check=FB75F1
2015-08-07 18:35:08 : Full Check=FF7FF5
2015-08-07 18:35:08 : Full Check=FF7FF5
2015-08-07 18:35:08 : Full Check=FE78F4
2015-08-07 18:35:08 : Full Check=FE78F4
2015-08-07 18:35:08 : Full Check=FF7FF5
2015-08-07 18:35:08 : Full Check=FF7FF5
2015-08-07 18:35:08 : Full Check=FF7FF5
2015-08-07 18:35:08 : Full Check=FE78F4
2015-08-07 18:35:08 : Full Check=FE78F4
2015-08-07 18:35:08 : Full Check=FF7FF5
2015-08-07 18:35:09 : Full Check=FF7FF5
2015-08-07 18:35:09 : Full Check=FF78F3
2015-08-07 18:35:09 : Full Check=FD74EE
2015-08-07 18:35:09 : Full Check=F164DF
2015-08-07 18:35:09 : Full Check=FF7FF5
2015-08-07 18:35:09 : Full Check=FF7FF5
2015-08-07 18:35:09 : Full Check=FF7FF5
2015-08-07 18:35:09 : Full Check=F164DF
2015-08-07 18:35:09 : Full Check=FF7FF5
2015-08-07 18:35:09 : Full Check=FE78F4
2015-08-07 18:35:09 : Full Check=F164DF
2015-08-07 18:35:09 : Full Check=FD74EE
2015-08-07 18:35:09 : Full Check=FF7FF5
2015-08-07 18:35:09 : Full Check=F164DF
2015-08-07 18:35:09 : Full Check=FB75F1
2015-08-07 18:35:09 : Full Check=FF7FF5
2015-08-07 18:35:10 : Full Check=FF78F3
2015-08-07 18:35:10 : Full Check=FB75F1
2015-08-07 18:35:10 : Full Check=FE78F4
2015-08-07 18:35:10 : Full Check=FF7FF5
2015-08-07 18:35:10 : Full Check=FF7FF5
2015-08-07 18:35:10 : Full Check=FE78F4
2015-08-07 18:35:10 : Full Check=FF7FF5
2015-08-07 18:35:10 : Full Check=FF7FF5
2015-08-07 18:35:10 : Full Check=FE78F4
2015-08-07 18:35:10 : Full Check=FF7FF5
2015-08-07 18:35:10 : Full Check=FF7FF5
2015-08-07 18:35:10 : Full Check=FB75F1
2015-08-07 18:35:10 : Full Check=FF7FF5
2015-08-07 18:35:10 : Full Check=FB75F1
2015-08-07 18:35:10 : Full Check=FF7FF5
2015-08-07 18:35:10 : Full Check=FF7FF5
2015-08-07 18:35:11 : Full Check=FB75F1
2015-08-07 18:35:11 : Full Check=FF7FF5
2015-08-07 18:35:11 : Full Check=FE78F4
2015-08-07 18:35:11 : Full Check=FF7FF5
2015-08-07 18:35:11 : Full Check=FF7FF5
2015-08-07 18:35:11 : Full Check=FB75F1
2015-08-07 18:35:11 : Move from Barrack 4 direction -1
2015-08-07 18:35:13 : Barrack3 selected
2015-08-07 18:35:15 : Full Check=DE58D0
2015-08-07 18:35:15 : Full Check=DE58D0
2015-08-07 18:35:15 : Full Check=FF7FF5
2015-08-07 18:35:15 : Full Check=FF7FF5
2015-08-07 18:35:15 : Full Check=FF7FF5
2015-08-07 18:35:15 : Full Check=FB75F1
2015-08-07 18:35:16 : Full Check=FF7FF5
2015-08-07 18:35:16 : Full Check=FF7FF5
2015-08-07 18:35:16 : Full Check=FF7FF5
2015-08-07 18:35:16 : Full Check=FF7FF5
2015-08-07 18:35:16 : Full Check=FE78F4
2015-08-07 18:35:16 : Full Check=FB75F1
2015-08-07 18:35:16 : Full Check=FF7FF5
2015-08-07 18:35:16 : Full Check=FF7FF5
2015-08-07 18:35:16 : Full Check=FB75F1
2015-08-07 18:35:16 : Full Check=FF78F3
2015-08-07 18:35:16 : Full Check=FB75F1
2015-08-07 18:35:16 : Full Check=FF7FF5
2015-08-07 18:35:16 : Full Check=FF7FF5
2015-08-07 18:35:16 : Full Check=FF7FF5
2015-08-07 18:35:16 : Full Check=FF7FF5
2015-08-07 18:35:16 : Full Check=FE78F4
2015-08-07 18:35:17 : Full Check=FF7FF5
2015-08-07 18:35:17 : Full Check=FB75F1
2015-08-07 18:35:17 : Full Check=FE78F4
2015-08-07 18:35:17 : Full Check=FF7FF5
2015-08-07 18:35:17 : Full Check=FF7FF5
2015-08-07 18:35:17 : Full Check=FF7FF5
2015-08-07 18:35:17 : Full Check=FB75F1
2015-08-07 18:35:17 : Full Check=FF7FF5
2015-08-07 18:35:17 : Full Check=FE78F4
2015-08-07 18:35:17 : Full Check=FF7FF5
2015-08-07 18:35:17 : Full Check=FE78F4
2015-08-07 18:35:17 : Full Check=FF80F8
2015-08-07 18:35:17 : Full Check=FF7FF5
2015-08-07 18:35:17 : Full Check=FB75F1
2015-08-07 18:35:17 : Full Check=FF7FF5
2015-08-07 18:35:17 : Full Check=FF7FF5
2015-08-07 18:35:18 : Full Check=FF7FF5
2015-08-07 18:35:18 : Full Check=F164DF
2015-08-07 18:35:18 : Full Check=FF7FF5
2015-08-07 18:35:18 : Full Check=FF7FF5
2015-08-07 18:35:18 : Full Check=FF7FF5
2015-08-07 18:35:18 : Full Check=FF78F3
2015-08-07 18:35:18 : Full Check=F164DF
2015-08-07 18:35:18 : Full Check=FE78F4
2015-08-07 18:35:18 : Full Check=FF7FF5
2015-08-07 18:35:18 : Full Check=F164DF
2015-08-07 18:35:18 : Full Check=FF7FF5
2015-08-07 18:35:18 : Full Check=FE78F4
2015-08-07 18:35:18 : Full Check=FF78F3
2015-08-07 18:35:18 : Full Check=FE78F4
2015-08-07 18:35:18 : Full Check=FF7FF5
2015-08-07 18:35:18 : Full Check=FE78F4
2015-08-07 18:35:18 : Full Check=FF78F3
2015-08-07 18:35:19 : Full Check=FB75F1
2015-08-07 18:35:19 : Full Check=FF7FF5
2015-08-07 18:35:19 : Full Check=FB75F1
2015-08-07 18:35:19 : Full Check=FF7FF5
2015-08-07 18:35:19 : Full Check=FE78F4
2015-08-07 18:35:19 : Full Check=FF7FF5
2015-08-07 18:35:19 : Full Check=FB75F1
2015-08-07 18:35:19 : Full Check=FE78F4
2015-08-07 18:35:19 : Full Check=FF7FF5
2015-08-07 18:35:19 : Full Check=FF7FF5
2015-08-07 18:35:19 : Full Check=FF7FF5
2015-08-07 18:35:19 : Full Check=FF7FF5
2015-08-07 18:35:19 : Full Check=FE78F4
2015-08-07 18:35:19 : Full Check=FF7FF5
2015-08-07 18:35:19 : Full Check=FF7FF5
2015-08-07 18:35:19 : Full Check=FB75F1
2015-08-07 18:35:20 : Full Check=FF7FF5
2015-08-07 18:35:20 : Full Check=FE78F4
2015-08-07 18:35:20 : Full Check=FD74EE
2015-08-07 18:35:20 : Full Check=FE78F4
2015-08-07 18:35:20 : Move from Barrack 3 direction -1
2015-08-07 18:35:21 : Barrack2 selected
2015-08-07 18:35:24 : Full Check=E05AD0
2015-08-07 18:35:24 : Full Check=FF82F8
2015-08-07 18:35:24 : Full Check=FF76F1
2015-08-07 18:35:24 : Full Check=FF7EF7
2015-08-07 18:35:24 : Full Check=FF79F5
2015-08-07 18:35:24 : Full Check=FF7EF7
2015-08-07 18:35:24 : Full Check=FF7EF7
2015-08-07 18:35:24 : Full Check=FF76F1
2015-08-07 18:35:24 : Full Check=FF7EF7
2015-08-07 18:35:24 : Full Check=FF76F1
2015-08-07 18:35:25 : Full Check=FF7EF7
2015-08-07 18:35:25 : Full Check=FF7EF7
2015-08-07 18:35:25 : Full Check=FF76F1
2015-08-07 18:35:25 : Full Check=FF7BF6
2015-08-07 18:35:25 : Full Check=FF7EF7
2015-08-07 18:35:25 : Full Check=FF7EF7
2015-08-07 18:35:25 : Full Check=FF7BF6
2015-08-07 18:35:25 : Full Check=FF7EF7
2015-08-07 18:35:25 : Full Check=FF7EF7
2015-08-07 18:35:25 : Full Check=FF7EF7
2015-08-07 18:35:25 : Full Check=FF79F5
2015-08-07 18:35:25 : Full Check=FF76F1
2015-08-07 18:35:25 : Full Check=FF79F5
2015-08-07 18:35:25 : Full Check=FF7EF7
2015-08-07 18:35:25 : Full Check=FF7EF7
2015-08-07 18:35:25 : Full Check=FF79F5
2015-08-07 18:35:26 : Full Check=FF7EF7
2015-08-07 18:35:26 : Full Check=FF7EF7
2015-08-07 18:35:26 : Full Check=FF7EF7
2015-08-07 18:35:26 : Full Check=FF76F1
2015-08-07 18:35:26 : Full Check=FF7EF7
2015-08-07 18:35:26 : Full Check=FF7EF7
2015-08-07 18:35:26 : Full Check=FF7EF7
2015-08-07 18:35:26 : Full Check=FF7EF7
2015-08-07 18:35:26 : Full Check=F167E2
2015-08-07 18:35:26 : Full Check=FF7EF7
2015-08-07 18:35:26 : Full Check=FF7EF7
2015-08-07 18:35:26 : Full Check=FF7EF7
2015-08-07 18:35:26 : Full Check=FF79F5
2015-08-07 18:35:26 : Full Check=F167E2
2015-08-07 18:35:26 : Full Check=FF7EF7
2015-08-07 18:35:26 : Full Check=FF82F8
2015-08-07 18:35:27 : Full Check=FF7EF7
2015-08-07 18:35:27 : Full Check=FF7EF7
2015-08-07 18:35:27 : Full Check=F167E2
2015-08-07 18:35:27 : Full Check=FF7EF7
2015-08-07 18:35:27 : Full Check=F167E2
2015-08-07 18:35:27 : Full Check=FF76F1
2015-08-07 18:35:27 : Full Check=FF7EF7
2015-08-07 18:35:27 : Full Check=FF7EF7
2015-08-07 18:35:27 : Full Check=FF79F5
2015-08-07 18:35:27 : Full Check=FF7EF7
2015-08-07 18:35:27 : Full Check=FF76F1
2015-08-07 18:35:27 : Full Check=FF7EF7
2015-08-07 18:35:27 : Full Check=FF7BF6
2015-08-07 18:35:27 : Full Check=FF7BF6
2015-08-07 18:35:27 : Full Check=FE76EE
2015-08-07 18:35:27 : Full Check=FF7EF7
2015-08-07 18:35:27 : Full Check=FF79F5
2015-08-07 18:35:28 : Full Check=FF76F1
2015-08-07 18:35:28 : Full Check=FF7EF7
2015-08-07 18:35:28 : Full Check=FF76F1
2015-08-07 18:35:28 : Full Check=FF76F1
2015-08-07 18:35:28 : Full Check=FF79F5
2015-08-07 18:35:28 : Full Check=FF79F5
2015-08-07 18:35:28 : Full Check=FF7EF7
2015-08-07 18:35:28 : Full Check=FF7EF7
2015-08-07 18:35:28 : Full Check=FF76F1
2015-08-07 18:35:28 : Full Check=FF79F5
2015-08-07 18:35:28 : Full Check=FF79F5
2015-08-07 18:35:28 : Full Check=FF7EF7
2015-08-07 18:35:28 : Full Check=FF76F1
2015-08-07 18:35:28 : Full Check=FF7EF7
2015-08-07 18:35:28 : Full Check=FF7EF7
2015-08-07 18:35:28 : Full Check=FF76F1
2015-08-07 18:35:29 : Move from Barrack 2 direction -1
2015-08-07 18:35:30 : This is not a Barrack
2015-08-07 18:35:30 : ---=====================END TRAIN =======================================---
2015-08-07 18:35:33 : checkMainScreen start quiet mode
2015-08-07 18:35:33 : checkMainScreen exit quiet mode
2015-08-07 18:35:33 : checkMainScreen start quiet mode
2015-08-07 18:35:34 : checkMainScreen exit quiet mode
2015-08-07 18:35:35 : checkMainScreen start quiet mode
2015-08-07 18:35:35 : checkMainScreen exit quiet mode
2015-08-07 18:35:35 : Requesting Clan Castle Troops
2015-08-07 18:35:35 : $icount1 = 1, BB2BD1
2015-08-07 18:35:35 : Your Clan Castle is already full or you are not in a clan.
2015-08-07 18:35:36 : checkMainScreen start quiet mode
2015-08-07 18:35:36 : checkMainScreen exit quiet mode
2015-08-07 18:35:36 : checkMainScreen start quiet mode
2015-08-07 18:35:36 : checkMainScreen exit quiet mode
2015-08-07 18:35:37 : checkMainScreen start quiet mode
2015-08-07 18:35:37 : checkMainScreen exit quiet mode
2015-08-07 18:35:39 : Finished kicking
2015-08-07 18:35:39 : Func Idle 
2015-08-07 18:35:40 : Bot clean start
2015-08-07 18:35:41 : Trying to locate Main Screen
2015-08-07 18:35:41 : Main Screen Located
2015-08-07 18:35:41 : Halt Attack, Stay Online/Train/Collect/Donate...
2015-08-07 18:35:43 : checkMainScreen start quiet mode
2015-08-07 18:35:43 : checkMainScreen exit quiet mode
2015-08-07 18:35:43 : Collecting Resources
2015-08-07 18:35:49 : checkMainScreen start quiet mode
2015-08-07 18:35:49 : checkMainScreen exit quiet mode
2015-08-07 18:35:50 : Checking if Village needs Rearming..
2015-08-07 18:35:56 : checkMainScreen start quiet mode
2015-08-07 18:35:56 : checkMainScreen exit quiet mode
2015-08-07 18:35:57 : checkMainScreen start quiet mode
2015-08-07 18:35:57 : checkMainScreen exit quiet mode
2015-08-07 18:35:58 : Village Report
2015-08-07 18:35:58 : No. of Free/Total Builders: 0/4
2015-08-07 18:35:58 :  [T]: 2 558
2015-08-07 18:35:58 :  [G]: 1 037 116 [E]: 4 654 659 [D]: 15 991 [GEM]: 1 981
2015-08-07 18:35:58 : checkMainScreen start quiet mode
2015-08-07 18:35:58 : checkMainScreen exit quiet mode
2015-08-07 18:35:59 : checkMainScreen start quiet mode
2015-08-07 18:35:59 : checkMainScreen exit quiet mode
2015-08-07 18:36:00 : checkMainScreen start quiet mode
2015-08-07 18:36:00 : checkMainScreen exit quiet mode
2015-08-07 18:36:00 : Func Train 
2015-08-07 18:36:00 : Halt enabled, $TotalTrainedTroops= 200, Adj TotalCamp= 192
2015-08-07 18:36:01 : Checking Overview for full army [!] True, 407508
2015-08-07 18:36:01 : Checking Overview for full CC [!] False, 84B924
2015-08-07 18:36:42 : Checking Overview for full Heroes [!] False, 84B924
2015-08-07 18:36:51 : FullArmy & TotalTrained = skip training
