2015-08-08 02:06:15 : ~ Clash Game Bot v4.1MODS Powered by GameBot.org ~
2015-08-08 02:06:15 : GameBot.org.exe Executable running on WIN_7  X64
2015-08-08 02:06:15 : =================== Bot Start ====================
2015-08-08 02:06:15 : -------------------------  Current Profile: 04 --------------------------
2015-08-08 02:06:15 :  Warning Debug Mode Enabled! Setlog: 1 OCR: 0 RedArea: 0 
2015-08-08 02:06:15 : Trying to locate Main Screen
2015-08-08 02:06:15 : Main Screen Located
2015-08-08 02:06:17 : Detecting your Buildings..
2015-08-08 02:06:24 : Language setting is English: Correct.
2015-08-08 02:06:24 : Bot clean start
2015-08-08 02:06:25 : Trying to locate Main Screen
2015-08-08 02:06:25 : Main Screen Located
2015-08-08 02:06:26 : checkMainScreen start quiet mode
2015-08-08 02:06:26 : checkMainScreen exit quiet mode
2015-08-08 02:06:27 : Collecting Resources
2015-08-08 02:06:32 : checkMainScreen start quiet mode
2015-08-08 02:06:33 : CheckObstacles Result = True
2015-08-08 02:06:33 : Waiting for Main Screen
2015-08-08 02:06:33 : ChkObst Loop = 0ExitLoop = 0
2015-08-08 02:06:36 : ChkObst Loop = 1ExitLoop = 1
2015-08-08 02:06:36 : Screen cleared, WaitMainScreen exit
2015-08-08 02:06:36 : checkMainScreen exit quiet mode
2015-08-08 02:06:37 : Bot clean start
2015-08-08 02:06:38 : Trying to locate Main Screen
2015-08-08 02:06:38 : Main Screen Located
2015-08-08 02:06:39 : checkMainScreen start quiet mode
2015-08-08 02:06:39 : checkMainScreen exit quiet mode
2015-08-08 02:06:39 : Collecting Resources
2015-08-08 02:06:44 : checkMainScreen start quiet mode
2015-08-08 02:06:44 : checkMainScreen exit quiet mode
2015-08-08 02:06:46 : Checking if Village needs Rearming..
2015-08-08 02:06:52 : checkMainScreen start quiet mode
2015-08-08 02:06:52 : checkMainScreen exit quiet mode
2015-08-08 02:06:53 : checkMainScreen start quiet mode
2015-08-08 02:06:53 : checkMainScreen exit quiet mode
2015-08-08 02:06:53 : Village Report
2015-08-08 02:06:53 : No. of Free/Total Builders: 0/4
2015-08-08 02:06:54 :  [T]: 2 542
2015-08-08 02:06:54 :  [G]: 1 507 799 [E]: 5 071 765 [D]: 17 714 [GEM]: 1 981
2015-08-08 02:06:54 : checkMainScreen start quiet mode
2015-08-08 02:06:54 : checkMainScreen exit quiet mode
2015-08-08 02:06:55 : checkMainScreen start quiet mode
2015-08-08 02:06:55 : checkMainScreen exit quiet mode
2015-08-08 02:06:56 : Chat Request: Geant 6 Mci
2015-08-08 02:06:58 : checkMainScreen start quiet mode
2015-08-08 02:06:58 : checkMainScreen exit quiet mode
2015-08-08 02:06:58 : Func Train 
2015-08-08 02:06:58 : Train enabled, $TotalTrainedTroops= 0, Adj TotalCamp= -8
2015-08-08 02:06:58 : Checking Army Camp...
2015-08-08 02:07:00 : $sArmyInfo = 200#200
2015-08-08 02:07:00 : $CurCamp = 200
2015-08-08 02:07:00 : $TotalCamp = 200
2015-08-08 02:07:00 : Total Army Camp capacity: 200/200
2015-08-08 02:07:00 : $hBitmapFirst made
2015-08-08 02:07:00 : Calling CGBfunctions.dll/searchIdentifyTroopTrained 
2015-08-08 02:07:03 : Dll return $FullTemp :Barbarian|8-21|83#Archer|71-22|117
2015-08-08 02:07:03 : $Trooptype split # : 2
2015-08-08 02:07:03 : Start the Loop
2015-08-08 02:07:03 : $TroopTypeT[$i] split : 1
2015-08-08 02:07:03 :  - No. of Barbarians: 83
2015-08-08 02:07:03 : $TroopTypeT[$i] split : 2
2015-08-08 02:07:03 :  - No. of Archers: 117
2015-08-08 02:07:03 : start barrackstatus
2015-08-08 02:07:03 : OK, I'm in army overview
2015-08-08 02:07:04 : barrack 1 found upgrading! color 6B6964
2015-08-08 02:07:04 : barrack 2 found! color 888070
2015-08-08 02:07:04 : barrack 3 found! color 888070
2015-08-08 02:07:04 : barrack 4 found! color 888070
2015-08-08 02:07:04 : dark barrack 1 found! color 888070
2015-08-08 02:07:04 : dark barrack 5 found upgrading! color 6B6964
2015-08-08 02:07:04 : Factory Spell found! color 888070
2015-08-08 02:07:04 : Dark Factory Spell found! color 888070
2015-08-08 02:07:04 : Barracks and Spell factory status: 
2015-08-08 02:07:04 : - Barracks detected: 4 | Available: 3 | Upgrading: 1
2015-08-08 02:07:04 : - Dark Barracks detected: 2 | Available: 1 | Upgrading: 1
2015-08-08 02:07:04 : - Spell factory detected: 1 | Available: 1 | Upgrading: 0
2015-08-08 02:07:04 : - Dark Spell factory detected: 1 | Available: 1 | Upgrading: 0
2015-08-08 02:07:04 : Trainaviable[0] = 1
2015-08-08 02:07:04 : Trainaviable[1] = 0
2015-08-08 02:07:04 : Trainaviable[2] = 1
2015-08-08 02:07:04 : Trainaviable[3] = 1
2015-08-08 02:07:04 : Trainaviable[4] = 1
2015-08-08 02:07:04 : Trainaviable[5] = 1
2015-08-08 02:07:04 : Trainaviable[6] = 0
2015-08-08 02:07:04 : Trainaviable[7] = 1
2015-08-08 02:07:04 : Trainaviable[8] = 1
2015-08-08 02:07:04 : Training Troops...
2015-08-08 02:07:04 : Train: need to make normal troops: True
2015-08-08 02:07:04 : Train: need to make dark troops: False
2015-08-08 02:07:04 : LAST BARRACK = 4
2015-08-08 02:07:04 : OverView TabColor=9CA3A6
2015-08-08 02:07:05 : Last Barrack TabColor=888070
2015-08-08 02:07:05 : Your Army Camps are now Full
2015-08-08 02:07:05 : ---------COMPUTE TROOPS TO MAKE------------------------
2015-08-08 02:07:05 : -- Compute AnotherTroops to train
2015-08-08 02:07:05 : Need to train (height) GOBL:0% BARB: 120% ARCH: 80% AND 0 other troops space
2015-08-08 02:07:05 : Total Troops to be Trained= 200
2015-08-08 02:07:05 : BARRACKNUM: 3
2015-08-08 02:07:05 : ArchEBarrack: 26
2015-08-08 02:07:05 : BarbEBarrack: 40
2015-08-08 02:07:05 : DARKBARRACKNUM: 1
2015-08-08 02:07:05 : ---------END COMPUTE TROOPS TO MAKE--------------------
2015-08-08 02:07:05 : 
2015-08-08 02:07:05 : ---------TRAIN BARRACK MODE------------------------
2015-08-08 02:07:05 : Barrack4 selected
2015-08-08 02:07:07 : Full Check=DE58D0
2015-08-08 02:07:07 : Full Check=FF80F8
2015-08-08 02:07:07 : Full Check=FE78F4
2015-08-08 02:07:07 : Full Check=FF7FF5
2015-08-08 02:07:07 : Full Check=FB75F1
2015-08-08 02:07:08 : Full Check=F164DF
2015-08-08 02:07:08 : Full Check=FF78F3
2015-08-08 02:07:08 : Full Check=FB75F1
2015-08-08 02:07:08 : Full Check=FE78F4
2015-08-08 02:07:08 : Full Check=FF7FF5
2015-08-08 02:07:08 : Full Check=FF7FF5
2015-08-08 02:07:08 : Full Check=FB75F1
2015-08-08 02:07:08 : Full Check=FE78F4
2015-08-08 02:07:08 : Full Check=FF7FF5
2015-08-08 02:07:08 : Full Check=FE78F4
2015-08-08 02:07:08 : Full Check=FF7FF5
2015-08-08 02:07:08 : Full Check=FB75F1
2015-08-08 02:07:08 : Full Check=FF78F3
2015-08-08 02:07:08 : Full Check=FF7FF5
2015-08-08 02:07:08 : Full Check=FF7FF5
2015-08-08 02:07:08 : Full Check=FB75F1
2015-08-08 02:07:08 : Full Check=FF7FF5
2015-08-08 02:07:09 : Full Check=FF78F3
2015-08-08 02:07:09 : Full Check=FF78F3
2015-08-08 02:07:09 : Full Check=FE76EE
2015-08-08 02:07:09 : Full Check=FB75F1
2015-08-08 02:07:09 : Full Check=FE78F4
2015-08-08 02:07:09 : Full Check=FF7FF5
2015-08-08 02:07:09 : Full Check=FE78F4
2015-08-08 02:07:09 : Full Check=FB75F1
2015-08-08 02:07:09 : Full Check=FF7FF5
2015-08-08 02:07:09 : Full Check=FF7FF5
2015-08-08 02:07:09 : Full Check=FB75F1
2015-08-08 02:07:09 : Full Check=FF80F8
2015-08-08 02:07:09 : Full Check=FB75F1
2015-08-08 02:07:09 : Full Check=FF7FF5
2015-08-08 02:07:09 : Full Check=FF7FF5
2015-08-08 02:07:10 : Full Check=FF7FF5
2015-08-08 02:07:10 : Full Check=FB75F1
2015-08-08 02:07:10 : Full Check=FF7FF5
2015-08-08 02:07:10 : Full Check=FB75F1
2015-08-08 02:07:10 : Full Check=F164DF
2015-08-08 02:07:10 : Full Check=FF7FF5
2015-08-08 02:07:10 : Full Check=FF7FF5
2015-08-08 02:07:10 : Full Check=FB75F1
2015-08-08 02:07:10 : Full Check=FF7FF5
2015-08-08 02:07:10 : Full Check=FB75F1
2015-08-08 02:07:10 : Full Check=FF78F3
2015-08-08 02:07:10 : Full Check=FE78F4
2015-08-08 02:07:10 : Full Check=FF78F3
2015-08-08 02:07:10 : Full Check=FF78F3
2015-08-08 02:07:10 : Full Check=FF78F3
2015-08-08 02:07:10 : Full Check=FE78F4
2015-08-08 02:07:10 : Full Check=FF7FF5
2015-08-08 02:07:10 : Full Check=FE78F4
2015-08-08 02:07:11 : Full Check=FB75F1
2015-08-08 02:07:11 : Full Check=FF78F3
2015-08-08 02:07:11 : Full Check=FB75F1
2015-08-08 02:07:11 : Full Check=FF78F3
2015-08-08 02:07:11 : Full Check=FE78F4
2015-08-08 02:07:11 : Full Check=FF78F3
2015-08-08 02:07:11 : Full Check=FE78F4
2015-08-08 02:07:11 : Full Check=FB75F1
2015-08-08 02:07:11 : Full Check=FE78F4
2015-08-08 02:07:11 : Full Check=FE78F4
2015-08-08 02:07:11 : Full Check=FF78F3
2015-08-08 02:07:11 : Full Check=FF80F8
2015-08-08 02:07:11 : Full Check=FF7FF5
2015-08-08 02:07:11 : Full Check=FF7FF5
2015-08-08 02:07:11 : Full Check=FF7FF5
2015-08-08 02:07:11 : Full Check=FE78F4
2015-08-08 02:07:11 : Full Check=FB75F1
2015-08-08 02:07:12 : Full Check=FE78F4
2015-08-08 02:07:12 : Full Check=FE78F4
2015-08-08 02:07:12 : Full Check=FF78F3
2015-08-08 02:07:12 : Move from Barrack 4 direction -1
2015-08-08 02:07:13 : Barrack3 selected
2015-08-08 02:07:16 : Full Check=DE58D0
2015-08-08 02:07:16 : Full Check=DE58D0
2015-08-08 02:07:16 : Full Check=FF7FF5
2015-08-08 02:07:16 : Full Check=FF7FF5
2015-08-08 02:07:16 : Full Check=F164DF
2015-08-08 02:07:16 : Full Check=FF7FF5
2015-08-08 02:07:16 : Full Check=FE78F4
2015-08-08 02:07:16 : Full Check=FF78F3
2015-08-08 02:07:16 : Full Check=FF7FF5
2015-08-08 02:07:16 : Full Check=FB75F1
2015-08-08 02:07:16 : Full Check=FB75F1
2015-08-08 02:07:16 : Full Check=FE78F4
2015-08-08 02:07:16 : Full Check=FF7FF5
2015-08-08 02:07:17 : Full Check=FE78F4
2015-08-08 02:07:17 : Full Check=FE78F4
2015-08-08 02:07:17 : Full Check=FF80F8
2015-08-08 02:07:17 : Full Check=FD74EE
2015-08-08 02:07:17 : Full Check=FF78F3
2015-08-08 02:07:17 : Full Check=FF7FF5
2015-08-08 02:07:17 : Full Check=FE78F4
2015-08-08 02:07:17 : Full Check=FF78F3
2015-08-08 02:07:17 : Full Check=FF78F3
2015-08-08 02:07:17 : Full Check=FF7FF5
2015-08-08 02:07:17 : Full Check=FF80F8
2015-08-08 02:07:17 : Full Check=FE78F4
2015-08-08 02:07:17 : Full Check=FE78F4
2015-08-08 02:07:17 : Full Check=FF78F3
2015-08-08 02:07:17 : Full Check=FF7FF5
2015-08-08 02:07:17 : Full Check=FB75F1
2015-08-08 02:07:17 : Full Check=FF7FF5
2015-08-08 02:07:18 : Full Check=FF7FF5
2015-08-08 02:07:18 : Full Check=FB75F1
2015-08-08 02:07:18 : Full Check=FF80F8
2015-08-08 02:07:18 : Full Check=FE78F4
2015-08-08 02:07:18 : Full Check=FF78F3
2015-08-08 02:07:18 : Full Check=FF7FF5
2015-08-08 02:07:18 : Full Check=FF7FF5
2015-08-08 02:07:18 : Full Check=FE78F4
2015-08-08 02:07:18 : Full Check=FF80F8
2015-08-08 02:07:18 : Full Check=FB75F1
2015-08-08 02:07:18 : Full Check=FF7FF5
2015-08-08 02:07:18 : Full Check=FF78F3
2015-08-08 02:07:18 : Full Check=FF7FF5
2015-08-08 02:07:18 : Full Check=FE78F4
2015-08-08 02:07:18 : Full Check=FB75F1
2015-08-08 02:07:18 : Full Check=FF78F3
2015-08-08 02:07:18 : Full Check=FF78F3
2015-08-08 02:07:19 : Full Check=FF7FF5
2015-08-08 02:07:19 : Full Check=FE78F4
2015-08-08 02:07:19 : Full Check=FB75F1
2015-08-08 02:07:19 : Full Check=FE78F4
2015-08-08 02:07:19 : Full Check=FF7FF5
2015-08-08 02:07:19 : Full Check=FB75F1
2015-08-08 02:07:19 : Full Check=FF7FF5
2015-08-08 02:07:19 : Full Check=FF7FF5
2015-08-08 02:07:19 : Full Check=FE78F4
2015-08-08 02:07:19 : Full Check=FF7FF5
2015-08-08 02:07:19 : Full Check=FE78F4
2015-08-08 02:07:19 : Full Check=FF78F3
2015-08-08 02:07:19 : Full Check=FE78F4
2015-08-08 02:07:19 : Full Check=FF78F3
2015-08-08 02:07:19 : Full Check=FF7FF5
2015-08-08 02:07:19 : Full Check=FF7FF5
2015-08-08 02:07:20 : Full Check=FF7FF5
2015-08-08 02:07:20 : Full Check=FF7FF5
2015-08-08 02:07:20 : Full Check=FF7FF5
2015-08-08 02:07:20 : Full Check=FE78F4
2015-08-08 02:07:20 : Full Check=FE78F4
2015-08-08 02:07:20 : Full Check=FD74EE
2015-08-08 02:07:20 : Full Check=FF7FF5
2015-08-08 02:07:20 : Full Check=FF7FF5
2015-08-08 02:07:20 : Full Check=FE78F4
2015-08-08 02:07:20 : Full Check=FF7FF5
2015-08-08 02:07:20 : Full Check=FE78F4
2015-08-08 02:07:20 : Full Check=FE78F4
2015-08-08 02:07:21 : Move from Barrack 3 direction -1
2015-08-08 02:07:22 : Barrack2 selected
2015-08-08 02:07:24 : Full Check=E05AD0
2015-08-08 02:07:24 : Full Check=E05AD0
2015-08-08 02:07:24 : Full Check=FF7BF6
2015-08-08 02:07:24 : Full Check=F167E2
2015-08-08 02:07:24 : Full Check=FF7EF7
2015-08-08 02:07:24 : Full Check=F167E2
2015-08-08 02:07:25 : Full Check=FF7BF6
2015-08-08 02:07:25 : Full Check=FF7EF7
2015-08-08 02:07:25 : Full Check=FF79F5
2015-08-08 02:07:25 : Full Check=FF76F1
2015-08-08 02:07:25 : Full Check=FF79F5
2015-08-08 02:07:25 : Full Check=FF7EF7
2015-08-08 02:07:25 : Full Check=FF7EF7
2015-08-08 02:07:25 : Full Check=F167E2
2015-08-08 02:07:25 : Full Check=FF7EF7
2015-08-08 02:07:25 : Full Check=FF76F1
2015-08-08 02:07:25 : Full Check=FF7EF7
2015-08-08 02:07:25 : Full Check=FF79F5
2015-08-08 02:07:25 : Full Check=FF79F5
2015-08-08 02:07:25 : Full Check=FF76F1
2015-08-08 02:07:25 : Full Check=FF79F5
2015-08-08 02:07:25 : Full Check=FF79F5
2015-08-08 02:07:25 : Full Check=FF79F5
2015-08-08 02:07:26 : Full Check=FF7EF7
2015-08-08 02:07:26 : Full Check=FF76F1
2015-08-08 02:07:26 : Full Check=FF7BF6
2015-08-08 02:07:26 : Full Check=FF79F5
2015-08-08 02:07:26 : Full Check=FF7EF7
2015-08-08 02:07:26 : Full Check=FF76F1
2015-08-08 02:07:26 : Full Check=FF76F1
2015-08-08 02:07:26 : Full Check=FF7EF7
2015-08-08 02:07:26 : Full Check=FF76F1
2015-08-08 02:07:26 : Full Check=FF7EF7
2015-08-08 02:07:26 : Full Check=FF79F5
2015-08-08 02:07:26 : Full Check=FF7EF7
2015-08-08 02:07:26 : Full Check=FF82F8
2015-08-08 02:07:26 : Full Check=FF76F1
2015-08-08 02:07:26 : Full Check=FF82F8
2015-08-08 02:07:26 : Full Check=FF79F5
2015-08-08 02:07:26 : Full Check=FF79F5
2015-08-08 02:07:27 : Full Check=FF79F5
2015-08-08 02:07:27 : Full Check=FF7EF7
2015-08-08 02:07:27 : Full Check=FF76F1
2015-08-08 02:07:27 : Full Check=FF79F5
2015-08-08 02:07:27 : Full Check=FF7EF7
2015-08-08 02:07:27 : Full Check=FF79F5
2015-08-08 02:07:27 : Full Check=FF79F5
2015-08-08 02:07:27 : Full Check=F167E2
2015-08-08 02:07:27 : Full Check=FF76F1
2015-08-08 02:07:27 : Full Check=FF7EF7
2015-08-08 02:07:27 : Full Check=FF7EF7
2015-08-08 02:07:27 : Full Check=FF7EF7
2015-08-08 02:07:27 : Full Check=F167E2
2015-08-08 02:07:27 : Full Check=FF79F5
2015-08-08 02:07:27 : Full Check=FF7EF7
2015-08-08 02:07:27 : Full Check=FF7EF7
2015-08-08 02:07:27 : Full Check=FF76F1
2015-08-08 02:07:28 : Full Check=FF7BF6
2015-08-08 02:07:28 : Full Check=FF79F5
2015-08-08 02:07:28 : Full Check=FF7BF6
2015-08-08 02:07:28 : Full Check=FF7EF7
2015-08-08 02:07:28 : Full Check=FF76F1
2015-08-08 02:07:28 : Full Check=FF79F5
2015-08-08 02:07:28 : Full Check=FF7EF7
2015-08-08 02:07:28 : Full Check=FF79F5
2015-08-08 02:07:28 : Full Check=FF7BF6
2015-08-08 02:07:28 : Full Check=FF79F5
2015-08-08 02:07:28 : Full Check=FF79F5
2015-08-08 02:07:28 : Full Check=FF7BF6
2015-08-08 02:07:28 : Full Check=FF7EF7
2015-08-08 02:07:28 : Full Check=FF79F5
2015-08-08 02:07:28 : Full Check=FF7EF7
2015-08-08 02:07:28 : Full Check=FF79F5
2015-08-08 02:07:28 : Full Check=FF7BF6
2015-08-08 02:07:29 : Full Check=FF79F5
2015-08-08 02:07:29 : Move from Barrack 2 direction -1
2015-08-08 02:07:30 : This is not a Barrack
2015-08-08 02:07:30 : ---=====================END TRAIN =======================================---
2015-08-08 02:07:32 : checkMainScreen start quiet mode
2015-08-08 02:07:32 : checkMainScreen exit quiet mode
2015-08-08 02:07:33 : checkMainScreen start quiet mode
2015-08-08 02:07:33 : checkMainScreen exit quiet mode
2015-08-08 02:07:34 : checkMainScreen start quiet mode
2015-08-08 02:07:34 : checkMainScreen exit quiet mode
2015-08-08 02:07:34 : Requesting Clan Castle Troops
2015-08-08 02:07:34 : $icount1 = 1, BB2BD1
2015-08-08 02:07:34 : Request has already been made
2015-08-08 02:07:35 : checkMainScreen start quiet mode
2015-08-08 02:07:35 : checkMainScreen exit quiet mode
2015-08-08 02:07:35 : Func Idle 
2015-08-08 02:07:35 : $fullArmy=True $fullCC=False $fullHeroes=False $iUnbreakableMode=1
2015-08-08 02:07:36 : ====== Waiting for full army ======
2015-08-08 02:07:47 : checkMainScreen start quiet mode
2015-08-08 02:07:47 : checkMainScreen exit quiet mode
2015-08-08 02:07:47 : Checking Overview for full army [!] True, 407508
2015-08-08 02:07:48 : Checking Overview for full CC [!] False, DD3B3D
2015-08-08 02:07:48 : Checking Overview for full Heroes [!] False, E74849
2015-08-08 02:07:48 : Clan Camp is not full, Still wait...
2015-08-08 02:07:49 : checkMainScreen start quiet mode
2015-08-08 02:07:49 : checkMainScreen exit quiet mode
2015-08-08 02:07:49 : Requesting Clan Castle Troops
2015-08-08 02:07:50 : $icount1 = 1, BB2BD1
2015-08-08 02:07:50 : Request has already been made
