2015-08-07 19:57:25 : ~ Clash Game Bot v4.1MODS Powered by GameBot.org ~
2015-08-07 19:57:25 : GameBot.org.exe Executable running on WIN_7  X64
2015-08-07 19:57:25 : =================== Bot Start ====================
2015-08-07 19:57:25 : -------------------------  Current Profile: 04 --------------------------
2015-08-07 19:57:25 :  Warning Debug Mode Enabled! Setlog: 1 OCR: 0 RedArea: 0 
2015-08-07 19:57:25 : Trying to locate Main Screen
2015-08-07 19:57:25 : Main Screen Located
2015-08-07 19:57:26 : Detecting your Buildings..
2015-08-07 19:57:32 : Language setting is English: Correct.
2015-08-07 19:57:32 : Bot clean start
2015-08-07 19:57:33 : Trying to locate Main Screen
2015-08-07 19:57:33 : Main Screen Located
2015-08-07 19:57:33 : Halt Attack, Stay Online/Train/Collect/Donate...
2015-08-07 19:57:35 : checkMainScreen start quiet mode
2015-08-07 19:57:35 : checkMainScreen exit quiet mode
2015-08-07 19:57:35 : Collecting Resources
2015-08-07 19:57:40 : checkMainScreen start quiet mode
2015-08-07 19:57:40 : checkMainScreen exit quiet mode
2015-08-07 19:57:42 : Checking if Village needs Rearming..
2015-08-07 19:57:48 : checkMainScreen start quiet mode
2015-08-07 19:57:48 : checkMainScreen exit quiet mode
2015-08-07 19:57:49 : checkMainScreen start quiet mode
2015-08-07 19:57:49 : checkMainScreen exit quiet mode
2015-08-07 19:57:49 : Village Report
2015-08-07 19:57:49 : No. of Free/Total Builders: 0/4
2015-08-07 19:57:49 :  [T]: 2 558
2015-08-07 19:57:50 :  [G]: 1 077 393 [E]: 4 687 006 [D]: 16 215 [GEM]: 1 981
2015-08-07 19:57:50 : checkMainScreen start quiet mode
2015-08-07 19:57:50 : checkMainScreen exit quiet mode
2015-08-07 19:57:51 : checkMainScreen start quiet mode
2015-08-07 19:57:51 : checkMainScreen exit quiet mode
2015-08-07 19:57:52 : checkMainScreen start quiet mode
2015-08-07 19:57:52 : checkMainScreen exit quiet mode
2015-08-07 19:57:52 : Func Train 
2015-08-07 19:57:52 : Halt enabled, $TotalTrainedTroops= 0, Adj TotalCamp= 192
2015-08-07 19:57:52 : Checking Army Camp...
2015-08-07 19:57:53 : $sArmyInfo = 200#200
2015-08-07 19:57:53 : $CurCamp = 200
2015-08-07 19:57:53 : $TotalCamp = 200
2015-08-07 19:57:54 : Total Army Camp capacity: 200/200
2015-08-07 19:57:54 : $hBitmapFirst made
2015-08-07 19:57:54 : Calling CGBfunctions.dll/searchIdentifyTroopTrained 
2015-08-07 19:57:55 : Dll return $FullTemp :Barbarian|8-21|75#Archer|71-22|125
2015-08-07 19:57:55 : $Trooptype split # : 2
2015-08-07 19:57:55 : Start the Loop
2015-08-07 19:57:55 : $TroopTypeT[$i] split : 1
2015-08-07 19:57:55 :  - No. of Barbarians: 75
2015-08-07 19:57:55 : $TroopTypeT[$i] split : 2
2015-08-07 19:57:55 :  - No. of Archers: 125
2015-08-07 19:57:55 : start barrackstatus
2015-08-07 19:57:55 : OK, I'm in army overview
2015-08-07 19:57:55 : barrack 1 found upgrading! color 6B6964
2015-08-07 19:57:55 : barrack 2 found! color 888070
2015-08-07 19:57:55 : barrack 3 found! color 888070
2015-08-07 19:57:55 : barrack 4 found! color 888070
2015-08-07 19:57:55 : dark barrack 1 found! color 888070
2015-08-07 19:57:55 : dark barrack 5 found upgrading! color 6B6964
2015-08-07 19:57:55 : Factory Spell found! color 888070
2015-08-07 19:57:55 : Dark Factory Spell found! color 888070
2015-08-07 19:57:55 : Barracks and Spell factory status: 
2015-08-07 19:57:55 : - Barracks detected: 4 | Available: 3 | Upgrading: 1
2015-08-07 19:57:55 : - Dark Barracks detected: 2 | Available: 1 | Upgrading: 1
2015-08-07 19:57:55 : - Spell factory detected: 1 | Available: 1 | Upgrading: 0
2015-08-07 19:57:55 : - Dark Spell factory detected: 1 | Available: 1 | Upgrading: 0
2015-08-07 19:57:55 : Trainaviable[0] = 1
2015-08-07 19:57:55 : Trainaviable[1] = 0
2015-08-07 19:57:55 : Trainaviable[2] = 1
2015-08-07 19:57:55 : Trainaviable[3] = 1
2015-08-07 19:57:55 : Trainaviable[4] = 1
2015-08-07 19:57:55 : Trainaviable[5] = 1
2015-08-07 19:57:55 : Trainaviable[6] = 0
2015-08-07 19:57:55 : Trainaviable[7] = 1
2015-08-07 19:57:55 : Trainaviable[8] = 1
2015-08-07 19:57:55 : Training Troops...
2015-08-07 19:57:56 : Train: need to make normal troops: True
2015-08-07 19:57:56 : Train: need to make dark troops: False
2015-08-07 19:57:56 : LAST BARRACK = 4
2015-08-07 19:57:56 : OverView TabColor=CDCDC8
2015-08-07 19:57:56 : Last Barrack TabColor=888070
2015-08-07 19:57:56 : Your Army Camps are now Full
2015-08-07 19:57:56 : ---------COMPUTE TROOPS TO MAKE------------------------
2015-08-07 19:57:56 : -- Compute AnotherTroops to train
2015-08-07 19:57:56 : Need to train (height) GOBL:0% BARB: 120% ARCH: 80% AND 0 other troops space
2015-08-07 19:57:56 : Total Troops to be Trained= 200
2015-08-07 19:57:56 : BARRACKNUM: 3
2015-08-07 19:57:56 : ArchEBarrack: 26
2015-08-07 19:57:56 : BarbEBarrack: 40
2015-08-07 19:57:56 : DARKBARRACKNUM: 1
2015-08-07 19:57:56 : ---------END COMPUTE TROOPS TO MAKE--------------------
2015-08-07 19:57:56 : 
2015-08-07 19:57:56 : ---------TRAIN BARRACK MODE------------------------
2015-08-07 19:57:56 : Barrack4 selected
2015-08-07 19:57:59 : Full Check=DE58D0
2015-08-07 19:57:59 : Full Check=DE58D0
2015-08-07 19:57:59 : Full Check=FE78F4
2015-08-07 19:57:59 : Full Check=FF7FF5
2015-08-07 19:57:59 : Full Check=FE78F4
2015-08-07 19:57:59 : Full Check=FF78F3
2015-08-07 19:57:59 : Full Check=FF78F3
2015-08-07 19:57:59 : Full Check=FF78F3
2015-08-07 19:57:59 : Full Check=FF78F3
2015-08-07 19:57:59 : Full Check=FB75F1
2015-08-07 19:57:59 : Full Check=FE78F4
2015-08-07 19:58:00 : Full Check=FE78F4
2015-08-07 19:58:00 : Full Check=FF7FF5
2015-08-07 19:58:00 : Full Check=FB75F1
2015-08-07 19:58:00 : Full Check=FF78F3
2015-08-07 19:58:00 : Full Check=FF80F8
2015-08-07 19:58:00 : Full Check=FB75F1
2015-08-07 19:58:00 : Full Check=FE78F4
2015-08-07 19:58:00 : Full Check=FF7FF5
2015-08-07 19:58:00 : Full Check=FF80F8
2015-08-07 19:58:00 : Full Check=FF78F3
2015-08-07 19:58:00 : Full Check=FF7FF5
2015-08-07 19:58:00 : Full Check=FE78F4
2015-08-07 19:58:00 : Full Check=FF78F3
2015-08-07 19:58:00 : Full Check=FF78F3
2015-08-07 19:58:00 : Full Check=FF7FF5
2015-08-07 19:58:00 : Full Check=FB75F1
2015-08-07 19:58:01 : Full Check=FF78F3
2015-08-07 19:58:01 : Full Check=FF78F3
2015-08-07 19:58:01 : Full Check=FF7FF5
2015-08-07 19:58:01 : Full Check=FE78F4
2015-08-07 19:58:01 : Full Check=FE78F4
2015-08-07 19:58:01 : Full Check=FE78F4
2015-08-07 19:58:01 : Full Check=FB75F1
2015-08-07 19:58:01 : Full Check=FB75F1
2015-08-07 19:58:01 : Full Check=FE78F4
2015-08-07 19:58:01 : Full Check=FE78F4
2015-08-07 19:58:01 : Full Check=FF78F3
2015-08-07 19:58:01 : Full Check=FE78F4
2015-08-07 19:58:01 : Full Check=FF78F3
2015-08-07 19:58:01 : Full Check=FE78F4
2015-08-07 19:58:01 : Full Check=FF7FF5
2015-08-07 19:58:01 : Full Check=FF7FF5
2015-08-07 19:58:01 : Full Check=FF80F8
2015-08-07 19:58:01 : Full Check=FE78F4
2015-08-07 19:58:02 : Full Check=FF78F3
2015-08-07 19:58:02 : Full Check=FF7FF5
2015-08-07 19:58:02 : Full Check=FF7FF5
2015-08-07 19:58:02 : Full Check=FF7FF5
2015-08-07 19:58:02 : Full Check=FE78F4
2015-08-07 19:58:02 : Full Check=FE78F4
2015-08-07 19:58:02 : Full Check=FF7FF5
2015-08-07 19:58:02 : Full Check=FE78F4
2015-08-07 19:58:02 : Full Check=FE78F4
2015-08-07 19:58:02 : Full Check=FD74EE
2015-08-07 19:58:02 : Full Check=FF78F3
2015-08-07 19:58:02 : Full Check=FE78F4
2015-08-07 19:58:02 : Full Check=FF7FF5
2015-08-07 19:58:02 : Full Check=FF7FF5
2015-08-07 19:58:02 : Full Check=FE78F4
2015-08-07 19:58:02 : Full Check=FE78F4
2015-08-07 19:58:02 : Full Check=FF78F3
2015-08-07 19:58:02 : Full Check=FE78F4
2015-08-07 19:58:03 : Full Check=FF78F3
2015-08-07 19:58:03 : Full Check=FE78F4
2015-08-07 19:58:03 : Full Check=FF78F3
2015-08-07 19:58:03 : Full Check=FF80F8
2015-08-07 19:58:03 : Full Check=FB75F1
2015-08-07 19:58:03 : Full Check=FE78F4
2015-08-07 19:58:03 : Full Check=FE78F4
2015-08-07 19:58:03 : Full Check=FB75F1
2015-08-07 19:58:03 : Full Check=FF80F8
2015-08-07 19:58:03 : Full Check=FE78F4
2015-08-07 19:58:03 : Full Check=FF78F3
2015-08-07 19:58:03 : Full Check=FF78F3
2015-08-07 19:58:04 : Move from Barrack 4 direction -1
2015-08-07 19:58:05 : Barrack3 selected
2015-08-07 19:58:07 : Full Check=DE58D0
2015-08-07 19:58:07 : Full Check=DE58D0
2015-08-07 19:58:08 : Full Check=FF7FF5
2015-08-07 19:58:08 : Full Check=FE78F4
2015-08-07 19:58:08 : Full Check=FE78F4
2015-08-07 19:58:08 : Full Check=FE78F4
2015-08-07 19:58:08 : Full Check=FB75F1
2015-08-07 19:58:08 : Full Check=FF7FF5
2015-08-07 19:58:08 : Full Check=FE78F4
2015-08-07 19:58:08 : Full Check=FF78F3
2015-08-07 19:58:08 : Full Check=FF78F3
2015-08-07 19:58:08 : Full Check=FF7FF5
2015-08-07 19:58:08 : Full Check=FE78F4
2015-08-07 19:58:08 : Full Check=FE78F4
2015-08-07 19:58:08 : Full Check=FF78F3
2015-08-07 19:58:08 : Full Check=FF80F8
2015-08-07 19:58:08 : Full Check=FB75F1
2015-08-07 19:58:08 : Full Check=FF78F3
2015-08-07 19:58:08 : Full Check=FF78F3
2015-08-07 19:58:08 : Full Check=FB75F1
2015-08-07 19:58:09 : Full Check=FF78F3
2015-08-07 19:58:09 : Full Check=FF7FF5
2015-08-07 19:58:09 : Full Check=FE78F4
2015-08-07 19:58:09 : Full Check=FF78F3
2015-08-07 19:58:09 : Full Check=FF78F3
2015-08-07 19:58:09 : Full Check=FF7FF5
2015-08-07 19:58:09 : Full Check=FF78F3
2015-08-07 19:58:09 : Full Check=FD74EE
2015-08-07 19:58:09 : Full Check=FF78F3
2015-08-07 19:58:09 : Full Check=FF7FF5
2015-08-07 19:58:09 : Full Check=FB75F1
2015-08-07 19:58:09 : Full Check=FE78F4
2015-08-07 19:58:09 : Full Check=FF78F3
2015-08-07 19:58:09 : Full Check=FE78F4
2015-08-07 19:58:09 : Full Check=FF78F3
2015-08-07 19:58:09 : Full Check=FE78F4
2015-08-07 19:58:09 : Full Check=FF78F3
2015-08-07 19:58:09 : Full Check=FF80F8
2015-08-07 19:58:09 : Full Check=FB75F1
2015-08-07 19:58:10 : Full Check=FF80F8
2015-08-07 19:58:10 : Full Check=FB75F1
2015-08-07 19:58:10 : Full Check=F164DF
2015-08-07 19:58:10 : Full Check=FF7FF5
2015-08-07 19:58:10 : Full Check=FE78F4
2015-08-07 19:58:10 : Full Check=FF78F3
2015-08-07 19:58:10 : Full Check=FD74EE
2015-08-07 19:58:10 : Full Check=FF7FF5
2015-08-07 19:58:10 : Full Check=FB75F1
2015-08-07 19:58:10 : Full Check=FF7FF5
2015-08-07 19:58:10 : Full Check=FB75F1
2015-08-07 19:58:10 : Full Check=FE78F4
2015-08-07 19:58:10 : Full Check=FF78F3
2015-08-07 19:58:10 : Full Check=FE78F4
2015-08-07 19:58:10 : Full Check=FF78F3
2015-08-07 19:58:10 : Full Check=FF7FF5
2015-08-07 19:58:10 : Full Check=FF80F8
2015-08-07 19:58:10 : Full Check=FB75F1
2015-08-07 19:58:11 : Full Check=FF7FF5
2015-08-07 19:58:11 : Full Check=FB75F1
2015-08-07 19:58:11 : Full Check=FF7FF5
2015-08-07 19:58:11 : Full Check=FF7FF5
2015-08-07 19:58:11 : Full Check=FF7FF5
2015-08-07 19:58:11 : Full Check=FE78F4
2015-08-07 19:58:11 : Full Check=FE78F4
2015-08-07 19:58:11 : Full Check=FE78F4
2015-08-07 19:58:11 : Full Check=FF7FF5
2015-08-07 19:58:11 : Full Check=FF7FF5
2015-08-07 19:58:11 : Full Check=FE78F4
2015-08-07 19:58:11 : Full Check=FE78F4
2015-08-07 19:58:11 : Full Check=FF7FF5
2015-08-07 19:58:11 : Full Check=FE78F4
2015-08-07 19:58:11 : Full Check=FF78F3
2015-08-07 19:58:11 : Full Check=FE78F4
2015-08-07 19:58:11 : Full Check=FF7FF5
2015-08-07 19:58:11 : Full Check=FF7FF5
2015-08-07 19:58:12 : Move from Barrack 3 direction -1
2015-08-07 19:58:13 : Barrack2 selected
2015-08-07 19:58:15 : Full Check=E05AD0
2015-08-07 19:58:15 : Full Check=E05AD0
2015-08-07 19:58:15 : Full Check=FF79F5
2015-08-07 19:58:16 : Full Check=FF82F8
2015-08-07 19:58:16 : Full Check=FF7EF7
2015-08-07 19:58:16 : Full Check=FF76F1
2015-08-07 19:58:16 : Full Check=FF7EF7
2015-08-07 19:58:16 : Full Check=FF79F5
2015-08-07 19:58:16 : Full Check=FF82F8
2015-08-07 19:58:16 : Full Check=FF7EF7
2015-08-07 19:58:16 : Full Check=FF7BF6
2015-08-07 19:58:16 : Full Check=FF76F1
2015-08-07 19:58:16 : Full Check=FF7BF6
2015-08-07 19:58:16 : Full Check=FF7BF6
2015-08-07 19:58:16 : Full Check=FF7BF6
2015-08-07 19:58:16 : Full Check=FF7BF6
2015-08-07 19:58:16 : Full Check=FF79F5
2015-08-07 19:58:16 : Full Check=FF7EF7
2015-08-07 19:58:16 : Full Check=FF79F5
2015-08-07 19:58:16 : Full Check=FF79F5
2015-08-07 19:58:16 : Full Check=FF79F5
2015-08-07 19:58:17 : Full Check=FF7BF6
2015-08-07 19:58:17 : Full Check=FE76EE
2015-08-07 19:58:17 : Full Check=FF7BF6
2015-08-07 19:58:17 : Full Check=FF79F5
2015-08-07 19:58:17 : Full Check=FF79F5
2015-08-07 19:58:17 : Full Check=FF7EF7
2015-08-07 19:58:17 : Full Check=FF76F1
2015-08-07 19:58:17 : Full Check=FF7BF6
2015-08-07 19:58:17 : Full Check=FF7EF7
2015-08-07 19:58:17 : Full Check=FF76F1
2015-08-07 19:58:17 : Full Check=FF7EF7
2015-08-07 19:58:17 : Full Check=FF76F1
2015-08-07 19:58:17 : Full Check=FF7EF7
2015-08-07 19:58:17 : Full Check=FF7EF7
2015-08-07 19:58:17 : Full Check=FF79F5
2015-08-07 19:58:17 : Full Check=FF7BF6
2015-08-07 19:58:17 : Full Check=FF79F5
2015-08-07 19:58:18 : Full Check=FF79F5
2015-08-07 19:58:18 : Full Check=FF7EF7
2015-08-07 19:58:18 : Full Check=FF7EF7
2015-08-07 19:58:18 : Full Check=FF7EF7
2015-08-07 19:58:18 : Full Check=FF79F5
2015-08-07 19:58:18 : Full Check=FF7BF6
2015-08-07 19:58:18 : Full Check=FF76F1
2015-08-07 19:58:18 : Full Check=FF7BF6
2015-08-07 19:58:18 : Full Check=FF7EF7
2015-08-07 19:58:18 : Full Check=FF79F5
2015-08-07 19:58:18 : Full Check=FF79F5
2015-08-07 19:58:18 : Full Check=FF7BF6
2015-08-07 19:58:18 : Full Check=FF7BF6
2015-08-07 19:58:18 : Full Check=FF76F1
2015-08-07 19:58:18 : Full Check=FF7BF6
2015-08-07 19:58:18 : Full Check=FF76F1
2015-08-07 19:58:18 : Full Check=FF7BF6
2015-08-07 19:58:19 : Full Check=FF7BF6
2015-08-07 19:58:19 : Full Check=FF7EF7
2015-08-07 19:58:19 : Full Check=FF7EF7
2015-08-07 19:58:19 : Full Check=FF79F5
2015-08-07 19:58:19 : Full Check=FF7BF6
2015-08-07 19:58:19 : Full Check=FF79F5
2015-08-07 19:58:19 : Full Check=FF7EF7
2015-08-07 19:58:19 : Full Check=FF7BF6
2015-08-07 19:58:19 : Full Check=FF7EF7
2015-08-07 19:58:19 : Full Check=FF82F8
2015-08-07 19:58:19 : Full Check=FF7EF7
2015-08-07 19:58:19 : Full Check=FF79F5
2015-08-07 19:58:19 : Full Check=FF7BF6
2015-08-07 19:58:19 : Full Check=FF76F1
2015-08-07 19:58:19 : Full Check=FF7EF7
2015-08-07 19:58:19 : Full Check=FF79F5
2015-08-07 19:58:19 : Full Check=FF7BF6
2015-08-07 19:58:20 : Full Check=FF79F5
2015-08-07 19:58:20 : Full Check=FF79F5
2015-08-07 19:58:20 : Full Check=FF7BF6
2015-08-07 19:58:20 : Move from Barrack 2 direction -1
2015-08-07 19:58:21 : This is not a Barrack
2015-08-07 19:58:21 : ---=====================END TRAIN =======================================---
2015-08-07 19:58:23 : checkMainScreen start quiet mode
2015-08-07 19:58:23 : checkMainScreen exit quiet mode
2015-08-07 19:58:24 : checkMainScreen start quiet mode
2015-08-07 19:58:24 : checkMainScreen exit quiet mode
2015-08-07 19:58:25 : checkMainScreen start quiet mode
2015-08-07 19:58:25 : checkMainScreen exit quiet mode
2015-08-07 19:58:26 : checkMainScreen start quiet mode
2015-08-07 19:58:26 : checkMainScreen exit quiet mode
2015-08-07 19:58:26 :  ====== Unbreakable Mode enabled! ====== 
2015-08-07 19:58:26 : Trophy Count : 2558
2015-08-07 19:58:29 : Trophy Count Read = 2558
2015-08-07 19:58:29 : Going to Attack...
2015-08-07 19:58:33 : Take-A-Break OCR result = 
2015-08-07 19:58:34 : Shield btn clr chk-#1: FDFFFF, #2: FBFBFB, #3: FEFFFF, #4: FEFFFF
2015-08-07 19:58:37 : Returning Home For Defense
2015-08-07 19:58:41 : Closing Clash Of Clans
2015-08-07 19:58:42 : Exit btn chk-#1: 000000, #2: 010101, #3: FFFFFF, #4: CBE870
2015-08-07 19:58:42 : ButtonPixel = 441, 374
2015-08-07 19:58:42 : Pixel color found #1: 000000, #2: 010101, #3: FFFFFF, #4: FEFEFE
2015-08-07 19:58:42 : Waiting 5 Minutes for Defense Attacks
