2015-08-07 19:55:49 : ~ Clash Game Bot v4.1MODS Powered by GameBot.org ~
2015-08-07 19:55:49 : GameBot.org.exe Executable running on WIN_7  X64
2015-08-07 19:55:49 : =================== Bot Start ====================
2015-08-07 19:55:49 : -------------------------  Current Profile: 04 --------------------------
2015-08-07 19:55:49 :  Warning Debug Mode Enabled! Setlog: 1 OCR: 0 RedArea: 0 
2015-08-07 19:55:49 : Trying to locate Main Screen
2015-08-07 19:55:49 : Main Screen Located
2015-08-07 19:55:50 : Detecting your Buildings..
2015-08-07 19:55:56 : Language setting is English: Correct.
2015-08-07 19:55:56 : Bot clean start
2015-08-07 19:55:57 : Trying to locate Main Screen
2015-08-07 19:55:57 : Main Screen Located
2015-08-07 19:55:58 : checkMainScreen start quiet mode
2015-08-07 19:55:58 : checkMainScreen exit quiet mode
2015-08-07 19:55:58 : Collecting Resources
2015-08-07 19:56:04 : checkMainScreen start quiet mode
2015-08-07 19:56:05 : CheckObstacles Result = True
2015-08-07 19:56:05 : Waiting for Main Screen
2015-08-07 19:56:05 : ChkObst Loop = 0ExitLoop = 0
2015-08-07 19:56:05 : Screen cleared, WaitMainScreen exit
2015-08-07 19:56:05 : checkMainScreen exit quiet mode
2015-08-07 19:56:06 : Bot clean start
2015-08-07 19:56:07 : Trying to locate Main Screen
2015-08-07 19:56:07 : Main Screen Located
2015-08-07 19:56:08 : checkMainScreen start quiet mode
2015-08-07 19:56:08 : checkMainScreen exit quiet mode
2015-08-07 19:56:08 : Collecting Resources
2015-08-07 19:56:14 : checkMainScreen start quiet mode
2015-08-07 19:56:14 : checkMainScreen exit quiet mode
2015-08-07 19:56:15 : Checking if Village needs Rearming..
2015-08-07 19:56:21 : checkMainScreen start quiet mode
2015-08-07 19:56:21 : checkMainScreen exit quiet mode
2015-08-07 19:56:22 : checkMainScreen start quiet mode
2015-08-07 19:56:22 : checkMainScreen exit quiet mode
2015-08-07 19:56:23 : Village Report
2015-08-07 19:56:23 : No. of Free/Total Builders: 0/4
2015-08-07 19:56:23 :  [T]: 2 558
2015-08-07 19:56:23 :  [G]: 1 075 376 [E]: 4 687 006 [D]: 16 211 [GEM]: 1 981
2015-08-07 19:56:24 : checkMainScreen start quiet mode
2015-08-07 19:56:24 : checkMainScreen exit quiet mode
2015-08-07 19:56:24 : checkMainScreen start quiet mode
2015-08-07 19:56:24 : checkMainScreen exit quiet mode
2015-08-07 19:56:26 : checkMainScreen start quiet mode
2015-08-07 19:56:26 : checkMainScreen exit quiet mode
2015-08-07 19:56:26 : Func Train 
2015-08-07 19:56:26 : Halt enabled, $TotalTrainedTroops= 0, Adj TotalCamp= 192
2015-08-07 19:56:26 : Checking Army Camp...
2015-08-07 19:56:27 : $sArmyInfo = 200#200
2015-08-07 19:56:27 : $CurCamp = 200
2015-08-07 19:56:27 : $TotalCamp = 200
2015-08-07 19:56:27 : Total Army Camp capacity: 200/200
2015-08-07 19:56:28 : $hBitmapFirst made
2015-08-07 19:56:28 : Calling CGBfunctions.dll/searchIdentifyTroopTrained 
2015-08-07 19:56:28 : Dll return $FullTemp :Barbarian|8-21|75#Archer|71-22|125
2015-08-07 19:56:29 : $Trooptype split # : 2
2015-08-07 19:56:29 : Start the Loop
2015-08-07 19:56:29 : $TroopTypeT[$i] split : 1
2015-08-07 19:56:29 :  - No. of Barbarians: 75
2015-08-07 19:56:29 : $TroopTypeT[$i] split : 2
2015-08-07 19:56:29 :  - No. of Archers: 125
2015-08-07 19:56:29 : start barrackstatus
2015-08-07 19:56:29 : OK, I'm in army overview
2015-08-07 19:56:29 : barrack 1 found upgrading! color 6B6964
2015-08-07 19:56:29 : barrack 2 found! color 888070
2015-08-07 19:56:29 : barrack 3 found! color 888070
2015-08-07 19:56:29 : barrack 4 found! color 888070
2015-08-07 19:56:29 : dark barrack 1 found! color 888070
2015-08-07 19:56:29 : dark barrack 5 found upgrading! color 6B6964
2015-08-07 19:56:29 : Factory Spell found! color 888070
2015-08-07 19:56:29 : Dark Factory Spell found! color 888070
2015-08-07 19:56:29 : Barracks and Spell factory status: 
2015-08-07 19:56:29 : - Barracks detected: 4 | Available: 3 | Upgrading: 1
2015-08-07 19:56:29 : - Dark Barracks detected: 2 | Available: 1 | Upgrading: 1
2015-08-07 19:56:29 : - Spell factory detected: 1 | Available: 1 | Upgrading: 0
2015-08-07 19:56:29 : - Dark Spell factory detected: 1 | Available: 1 | Upgrading: 0
2015-08-07 19:56:29 : Trainaviable[0] = 1
2015-08-07 19:56:29 : Trainaviable[1] = 0
2015-08-07 19:56:29 : Trainaviable[2] = 1
2015-08-07 19:56:29 : Trainaviable[3] = 1
2015-08-07 19:56:29 : Trainaviable[4] = 1
2015-08-07 19:56:29 : Trainaviable[5] = 1
2015-08-07 19:56:29 : Trainaviable[6] = 0
2015-08-07 19:56:29 : Trainaviable[7] = 1
2015-08-07 19:56:29 : Trainaviable[8] = 1
2015-08-07 19:56:29 : Training Troops...
2015-08-07 19:56:30 : Train: need to make normal troops: True
2015-08-07 19:56:30 : Train: need to make dark troops: False
2015-08-07 19:56:30 : LAST BARRACK = 4
2015-08-07 19:56:30 : OverView TabColor=B7BBB8
2015-08-07 19:56:30 : Last Barrack TabColor=888070
2015-08-07 19:56:30 : Your Army Camps are now Full
2015-08-07 19:56:30 : ---------COMPUTE TROOPS TO MAKE------------------------
2015-08-07 19:56:30 : -- Compute AnotherTroops to train
2015-08-07 19:56:30 : Need to train (height) GOBL:0% BARB: 120% ARCH: 80% AND 0 other troops space
2015-08-07 19:56:30 : Total Troops to be Trained= 200
2015-08-07 19:56:30 : BARRACKNUM: 3
2015-08-07 19:56:30 : ArchEBarrack: 26
2015-08-07 19:56:30 : BarbEBarrack: 40
2015-08-07 19:56:30 : DARKBARRACKNUM: 1
2015-08-07 19:56:30 : ---------END COMPUTE TROOPS TO MAKE--------------------
2015-08-07 19:56:30 : 
2015-08-07 19:56:30 : ---------TRAIN BARRACK MODE------------------------
2015-08-07 19:56:30 : Barrack4 selected
2015-08-07 19:56:33 : Full Check=DE58D0
2015-08-07 19:56:33 : Full Check=FF80F8
2015-08-07 19:56:33 : Full Check=FF7FF5
2015-08-07 19:56:33 : Full Check=FE78F4
2015-08-07 19:56:33 : Full Check=FB75F1
2015-08-07 19:56:33 : Full Check=FE78F4
2015-08-07 19:56:33 : Full Check=FF7FF5
2015-08-07 19:56:33 : Full Check=FF7FF5
2015-08-07 19:56:33 : Full Check=FB75F1
2015-08-07 19:56:33 : Full Check=F164DF
2015-08-07 19:56:33 : Full Check=FE78F4
2015-08-07 19:56:33 : Full Check=FE78F4
2015-08-07 19:56:33 : Full Check=FE78F4
2015-08-07 19:56:33 : Full Check=FF7FF5
2015-08-07 19:56:33 : Full Check=FF7FF5
2015-08-07 19:56:33 : Full Check=FB75F1
2015-08-07 19:56:34 : Full Check=FF7FF5
2015-08-07 19:56:34 : Full Check=FF7FF5
2015-08-07 19:56:34 : Full Check=FB75F1
2015-08-07 19:56:34 : Full Check=FF7FF5
2015-08-07 19:56:34 : Full Check=FE78F4
2015-08-07 19:56:34 : Full Check=FF7FF5
2015-08-07 19:56:34 : Full Check=FF7FF5
2015-08-07 19:56:34 : Full Check=FB75F1
2015-08-07 19:56:34 : Full Check=FF80F8
2015-08-07 19:56:34 : Full Check=FE78F4
2015-08-07 19:56:34 : Full Check=FB75F1
2015-08-07 19:56:34 : Full Check=FF7FF5
2015-08-07 19:56:34 : Full Check=FF7FF5
2015-08-07 19:56:34 : Full Check=FF7FF5
2015-08-07 19:56:34 : Full Check=FF7FF5
2015-08-07 19:56:34 : Full Check=FF7FF5
2015-08-07 19:56:35 : Full Check=FF7FF5
2015-08-07 19:56:35 : Full Check=FE78F4
2015-08-07 19:56:35 : Full Check=FF7FF5
2015-08-07 19:56:35 : Full Check=FF7FF5
2015-08-07 19:56:35 : Full Check=FF7FF5
2015-08-07 19:56:35 : Full Check=FF7FF5
2015-08-07 19:56:35 : Full Check=FD74EE
2015-08-07 19:56:35 : Full Check=FD74EE
2015-08-07 19:56:35 : Full Check=FF7FF5
2015-08-07 19:56:35 : Full Check=F164DF
2015-08-07 19:56:35 : Full Check=FE78F4
2015-08-07 19:56:35 : Full Check=FF7FF5
2015-08-07 19:56:35 : Full Check=FB75F1
2015-08-07 19:56:35 : Full Check=FB75F1
2015-08-07 19:56:35 : Full Check=FF7FF5
2015-08-07 19:56:36 : Full Check=FF7FF5
2015-08-07 19:56:36 : Full Check=FF7FF5
2015-08-07 19:56:36 : Full Check=FF7FF5
2015-08-07 19:56:36 : Full Check=FB75F1
2015-08-07 19:56:36 : Full Check=FF78F3
2015-08-07 19:56:36 : Full Check=FE78F4
2015-08-07 19:56:36 : Full Check=FF78F3
2015-08-07 19:56:36 : Full Check=FB75F1
2015-08-07 19:56:36 : Full Check=FF78F3
2015-08-07 19:56:36 : Full Check=FF7FF5
2015-08-07 19:56:36 : Full Check=FF7FF5
2015-08-07 19:56:36 : Full Check=FF7FF5
2015-08-07 19:56:36 : Full Check=FF7FF5
2015-08-07 19:56:36 : Full Check=FF7FF5
2015-08-07 19:56:36 : Full Check=FB75F1
2015-08-07 19:56:36 : Full Check=FF7FF5
2015-08-07 19:56:36 : Full Check=FF7FF5
2015-08-07 19:56:37 : Full Check=FB75F1
2015-08-07 19:56:37 : Full Check=FF7FF5
2015-08-07 19:56:37 : Full Check=FF7FF5
2015-08-07 19:56:37 : Full Check=FF7FF5
2015-08-07 19:56:37 : Full Check=FF7FF5
2015-08-07 19:56:37 : Full Check=FE78F4
2015-08-07 19:56:37 : Full Check=F164DF
2015-08-07 19:56:37 : Full Check=FF7FF5
2015-08-07 19:56:37 : Full Check=F164DF
2015-08-07 19:56:37 : Full Check=FF78F3
2015-08-07 19:56:37 : Full Check=FF7FF5
2015-08-07 19:56:38 : Move from Barrack 4 direction -1
2015-08-07 19:56:39 : Barrack3 selected
2015-08-07 19:56:41 : Full Check=DE58D0
2015-08-07 19:56:41 : Full Check=FF80F8
2015-08-07 19:56:41 : Full Check=FF7FF5
2015-08-07 19:56:41 : Full Check=FE78F4
2015-08-07 19:56:41 : Full Check=FF7FF5
2015-08-07 19:56:42 : Full Check=FF7FF5
2015-08-07 19:56:42 : Full Check=FF7FF5
2015-08-07 19:56:42 : Full Check=FF7FF5
2015-08-07 19:56:42 : Full Check=FE78F4
2015-08-07 19:56:42 : Full Check=FF7FF5
2015-08-07 19:56:42 : Full Check=FF7FF5
2015-08-07 19:56:42 : Full Check=FB75F1
2015-08-07 19:56:42 : Full Check=FF7FF5
2015-08-07 19:56:42 : Full Check=FF7FF5
2015-08-07 19:56:42 : Full Check=FF7FF5
2015-08-07 19:56:42 : Full Check=FE78F4
2015-08-07 19:56:42 : Full Check=FE78F4
2015-08-07 19:56:42 : Full Check=FF7FF5
2015-08-07 19:56:42 : Full Check=FF78F3
2015-08-07 19:56:42 : Full Check=FF78F3
2015-08-07 19:56:42 : Full Check=FF7FF5
2015-08-07 19:56:42 : Full Check=FB75F1
2015-08-07 19:56:43 : Full Check=FB75F1
2015-08-07 19:56:43 : Full Check=FF7FF5
2015-08-07 19:56:43 : Full Check=FB75F1
2015-08-07 19:56:43 : Full Check=FF7FF5
2015-08-07 19:56:43 : Full Check=FF7FF5
2015-08-07 19:56:43 : Full Check=FB75F1
2015-08-07 19:56:43 : Full Check=FF7FF5
2015-08-07 19:56:43 : Full Check=FF7FF5
2015-08-07 19:56:43 : Full Check=FF7FF5
2015-08-07 19:56:43 : Full Check=FE78F4
2015-08-07 19:56:43 : Full Check=FB75F1
2015-08-07 19:56:43 : Full Check=FF7FF5
2015-08-07 19:56:43 : Full Check=FF7FF5
2015-08-07 19:56:43 : Full Check=FF7FF5
2015-08-07 19:56:43 : Full Check=FB75F1
2015-08-07 19:56:43 : Full Check=FE78F4
2015-08-07 19:56:44 : Full Check=FF7FF5
2015-08-07 19:56:44 : Full Check=FF7FF5
2015-08-07 19:56:44 : Full Check=FF7FF5
2015-08-07 19:56:44 : Full Check=F164DF
2015-08-07 19:56:44 : Full Check=FF78F3
2015-08-07 19:56:44 : Full Check=FF7FF5
2015-08-07 19:56:44 : Full Check=F164DF
2015-08-07 19:56:44 : Full Check=FE78F4
2015-08-07 19:56:44 : Full Check=F164DF
2015-08-07 19:56:44 : Full Check=FF7FF5
2015-08-07 19:56:44 : Full Check=FF7FF5
2015-08-07 19:56:44 : Full Check=FE78F4
2015-08-07 19:56:44 : Full Check=FF7FF5
2015-08-07 19:56:44 : Full Check=FF7FF5
2015-08-07 19:56:44 : Full Check=FF7FF5
2015-08-07 19:56:44 : Full Check=FF7FF5
2015-08-07 19:56:45 : Full Check=FE78F4
2015-08-07 19:56:45 : Full Check=FF7FF5
2015-08-07 19:56:45 : Full Check=FE78F4
2015-08-07 19:56:45 : Full Check=FF7FF5
2015-08-07 19:56:45 : Full Check=FF7FF5
2015-08-07 19:56:45 : Full Check=FD74EE
2015-08-07 19:56:45 : Full Check=FF7FF5
2015-08-07 19:56:45 : Full Check=FF7FF5
2015-08-07 19:56:45 : Full Check=FF7FF5
2015-08-07 19:56:45 : Full Check=FE78F4
2015-08-07 19:56:45 : Full Check=FF7FF5
2015-08-07 19:56:45 : Full Check=FF7FF5
2015-08-07 19:56:45 : Full Check=FE78F4
2015-08-07 19:56:45 : Full Check=FE78F4
2015-08-07 19:56:45 : Full Check=FF7FF5
2015-08-07 19:56:45 : Full Check=F164DF
2015-08-07 19:56:46 : Full Check=FD74EE
2015-08-07 19:56:46 : Full Check=FF7FF5
2015-08-07 19:56:46 : Full Check=F164DF
2015-08-07 19:56:46 : Full Check=FF7FF5
2015-08-07 19:56:46 : Full Check=FB75F1
2015-08-07 19:56:46 : Move from Barrack 3 direction -1
2015-08-07 19:56:47 : Barrack2 selected
2015-08-07 19:56:50 : Full Check=E05AD0
2015-08-07 19:56:50 : Full Check=FF82F8
2015-08-07 19:56:50 : Full Check=FF7EF7
2015-08-07 19:56:50 : Full Check=FF7EF7
2015-08-07 19:56:50 : Full Check=FF7EF7
2015-08-07 19:56:50 : Full Check=F167E2
2015-08-07 19:56:50 : Full Check=FF7EF7
2015-08-07 19:56:50 : Full Check=F167E2
2015-08-07 19:56:50 : Full Check=FF7EF7
2015-08-07 19:56:50 : Full Check=FF79F5
2015-08-07 19:56:50 : Full Check=F167E2
2015-08-07 19:56:50 : Full Check=FF7EF7
2015-08-07 19:56:51 : Full Check=FF7BF6
2015-08-07 19:56:51 : Full Check=FF7EF7
2015-08-07 19:56:51 : Full Check=FF7EF7
2015-08-07 19:56:51 : Full Check=FF79F5
2015-08-07 19:56:51 : Full Check=FF7EF7
2015-08-07 19:56:51 : Full Check=FF79F5
2015-08-07 19:56:51 : Full Check=FF79F5
2015-08-07 19:56:51 : Full Check=FF7EF7
2015-08-07 19:56:51 : Full Check=FF7EF7
2015-08-07 19:56:51 : Full Check=FF76F1
2015-08-07 19:56:51 : Full Check=FF7EF7
2015-08-07 19:56:51 : Full Check=FF7EF7
2015-08-07 19:56:51 : Full Check=FF76F1
2015-08-07 19:56:51 : Full Check=FF7EF7
2015-08-07 19:56:51 : Full Check=FF7EF7
2015-08-07 19:56:51 : Full Check=FF7EF7
2015-08-07 19:56:52 : Full Check=FF7EF7
2015-08-07 19:56:52 : Full Check=FF76F1
2015-08-07 19:56:52 : Full Check=FF7EF7
2015-08-07 19:56:52 : Full Check=FF76F1
2015-08-07 19:56:52 : Full Check=FF7EF7
2015-08-07 19:56:52 : Full Check=FF79F5
2015-08-07 19:56:52 : Full Check=FF76F1
2015-08-07 19:56:52 : Full Check=FF7EF7
2015-08-07 19:56:52 : Full Check=FF76F1
2015-08-07 19:56:52 : Full Check=FF7BF6
2015-08-07 19:56:52 : Full Check=FF79F5
2015-08-07 19:56:52 : Full Check=FF76F1
2015-08-07 19:56:52 : Full Check=FF79F5
2015-08-07 19:56:52 : Full Check=FF7BF6
2015-08-07 19:56:52 : Full Check=FF7EF7
2015-08-07 19:56:52 : Full Check=FF7EF7
2015-08-07 19:56:53 : Full Check=FF7EF7
2015-08-07 19:56:53 : Full Check=FF7EF7
2015-08-07 19:56:53 : Full Check=FF76F1
2015-08-07 19:56:53 : Full Check=FF7EF7
2015-08-07 19:56:53 : Full Check=FF7EF7
2015-08-07 19:56:53 : Full Check=FF7EF7
2015-08-07 19:56:53 : Full Check=FF7EF7
2015-08-07 19:56:53 : Full Check=FF79F5
2015-08-07 19:56:53 : Full Check=FF79F5
2015-08-07 19:56:53 : Full Check=FF79F5
2015-08-07 19:56:53 : Full Check=FF7EF7
2015-08-07 19:56:53 : Full Check=FF7EF7
2015-08-07 19:56:53 : Full Check=FF7EF7
2015-08-07 19:56:53 : Full Check=FF7EF7
2015-08-07 19:56:53 : Full Check=FF7EF7
2015-08-07 19:56:53 : Full Check=FF7BF6
2015-08-07 19:56:54 : Full Check=FF7EF7
2015-08-07 19:56:54 : Full Check=FF7BF6
2015-08-07 19:56:54 : Full Check=FF7EF7
2015-08-07 19:56:54 : Full Check=FF7EF7
2015-08-07 19:56:54 : Full Check=FF79F5
2015-08-07 19:56:54 : Full Check=FF79F5
2015-08-07 19:56:54 : Full Check=FF7BF6
2015-08-07 19:56:54 : Full Check=FF7EF7
2015-08-07 19:56:54 : Full Check=FF7EF7
2015-08-07 19:56:54 : Full Check=F167E2
2015-08-07 19:56:54 : Full Check=FF7EF7
2015-08-07 19:56:54 : Full Check=FF79F5
2015-08-07 19:56:54 : Full Check=F167E2
2015-08-07 19:56:54 : Full Check=FF7EF7
2015-08-07 19:56:54 : Full Check=F167E2
2015-08-07 19:56:55 : Move from Barrack 2 direction -1
2015-08-07 19:56:56 : This is not a Barrack
2015-08-07 19:56:56 : ---=====================END TRAIN =======================================---
2015-08-07 19:56:58 : checkMainScreen start quiet mode
2015-08-07 19:56:58 : checkMainScreen exit quiet mode
2015-08-07 19:56:59 : checkMainScreen start quiet mode
2015-08-07 19:56:59 : checkMainScreen exit quiet mode
2015-08-07 19:57:00 : checkMainScreen start quiet mode
2015-08-07 19:57:00 : checkMainScreen exit quiet mode
2015-08-07 19:57:01 : checkMainScreen start quiet mode
2015-08-07 19:57:01 : checkMainScreen exit quiet mode
2015-08-07 19:57:01 :  ====== Unbreakable Mode enabled! ====== 
2015-08-07 19:57:01 : Trophy Count : 2558
2015-08-07 19:57:04 : Trophy Count Read = 2558
2015-08-07 19:57:04 : Going to Attack...
2015-08-07 19:57:09 : Take-A-Break OCR result = 
2015-08-07 19:57:09 : Shield btn clr chk-#1: 442C5D, #2: 772879, #3: 6D5326, #4: 766043
