2015-08-08 00:12:09 : ~ Clash Game Bot v4.1MODS Powered by GameBot.org ~
2015-08-08 00:12:09 : GameBot.org.au3 Script running on WIN_7  X64
2015-08-08 00:12:09 : =================== Bot Start ====================
2015-08-08 00:12:09 : -------------------------  Current Profile: 04 --------------------------
2015-08-08 00:12:09 :  Warning Debug Mode Enabled! Setlog: 1 OCR: 0 RedArea: 0 
2015-08-08 00:12:09 : Trying to locate Main Screen
2015-08-08 00:12:09 : Main Screen Located
2015-08-08 00:12:10 : Detecting your Buildings..
2015-08-08 00:12:17 : Language setting is English: Correct.
2015-08-08 00:12:17 : Bot clean start
2015-08-08 00:12:18 : Trying to locate Main Screen
2015-08-08 00:12:18 : Main Screen Located
2015-08-08 00:12:19 : Halt Attack, Stay Online/Collect...
2015-08-08 00:12:20 : checkMainScreen start quiet mode
2015-08-08 00:12:20 : checkMainScreen exit quiet mode
2015-08-08 00:12:20 : Collecting Resources
2015-08-08 00:12:25 : checkMainScreen start quiet mode
2015-08-08 00:12:26 : checkMainScreen exit quiet mode
2015-08-08 00:12:27 : Checking if Village needs Rearming..
2015-08-08 00:12:33 : checkMainScreen start quiet mode
2015-08-08 00:12:33 : checkMainScreen exit quiet mode
2015-08-08 00:12:34 : checkMainScreen start quiet mode
2015-08-08 00:12:34 : checkMainScreen exit quiet mode
2015-08-08 00:12:35 : Village Report
2015-08-08 00:12:35 : No. of Free/Total Builders: 0/4
2015-08-08 00:12:35 :  [T]: 2 546
2015-08-08 00:12:35 :  [G]: 1 737 183 [E]: 5 193 453 [D]: 18 410 [GEM]: 1 981
2015-08-08 00:12:35 : checkMainScreen start quiet mode
2015-08-08 00:12:35 : checkMainScreen exit quiet mode
2015-08-08 00:12:36 : checkMainScreen start quiet mode
2015-08-08 00:12:36 : checkMainScreen exit quiet mode
2015-08-08 00:12:37 : checkMainScreen start quiet mode
2015-08-08 00:12:37 : checkMainScreen exit quiet mode
2015-08-08 00:12:38 : checkMainScreen start quiet mode
2015-08-08 00:12:38 : checkMainScreen exit quiet mode
2015-08-08 00:12:39 : checkMainScreen start quiet mode
2015-08-08 00:12:39 : checkMainScreen exit quiet mode
2015-08-08 00:12:40 : checkMainScreen start quiet mode
2015-08-08 00:12:40 : checkMainScreen exit quiet mode
2015-08-08 00:12:41 : checkMainScreen start quiet mode
2015-08-08 00:12:41 : checkMainScreen exit quiet mode
2015-08-08 00:12:41 : checkMainScreen start quiet mode
2015-08-08 00:12:41 : checkMainScreen exit quiet mode
2015-08-08 00:12:44 : Finished kicking
2015-08-08 00:12:44 : Func Idle 
2015-08-08 00:12:55 : checkMainScreen start quiet mode
2015-08-08 00:12:55 : checkMainScreen exit quiet mode
2015-08-08 00:12:55 : Checking Overview for full army [!] True, 407508
2015-08-08 00:12:55 : Screenshot saved: .\Profiles\04\Temp\2015-08-08_00.12.55.jpg
2015-08-08 00:12:56 : Checking Overview for full CC [!] False, DD3B3D
2015-08-08 00:12:56 : Checking Overview for full Heroes [!] True, 88B928
2015-08-08 00:14:50 : checkMainScreen start quiet mode
2015-08-08 00:14:50 : checkMainScreen exit quiet mode
2015-08-08 00:14:51 : Func Train 
2015-08-08 00:14:51 : checkMainScreen start quiet mode
2015-08-08 00:14:51 : checkMainScreen exit quiet mode
2015-08-08 00:14:52 : Time Idle: 00:02:07
2015-08-08 00:14:52 : Bot clean start
