2015-08-08 00:09:47 : ~ Clash Game Bot v4.1MODS Powered by GameBot.org ~
2015-08-08 00:09:47 : GameBot.org.au3 Script running on WIN_7  X64
2015-08-08 00:09:47 : =================== Bot Start ====================
2015-08-08 00:09:47 : -------------------------  Current Profile: 04 --------------------------
2015-08-08 00:09:47 :  Warning Debug Mode Enabled! Setlog: 1 OCR: 0 RedArea: 0 
2015-08-08 00:09:47 : Trying to locate Main Screen
2015-08-08 00:09:53 : CheckObstacles Result = True
2015-08-08 00:09:53 : Waiting for Main Screen
2015-08-08 00:09:53 : ChkObst Loop = 0ExitLoop = 0
2015-08-08 00:09:53 : Screen cleared, WaitMainScreen exit
2015-08-08 00:09:55 : Zooming Out
2015-08-08 00:09:55 : Index = 0
2015-08-08 00:09:55 : ControlFocus Result = 1, ControlSend Result = 1|0
2015-08-08 00:09:55 : Index = 2
2015-08-08 00:09:56 : ControlFocus Result = 1, ControlSend Result = 1|0
2015-08-08 00:09:56 : Index = 4
2015-08-08 00:09:56 : ControlFocus Result = 1, ControlSend Result = 1|0
2015-08-08 00:09:56 : Index = 6
2015-08-08 00:09:56 : ControlFocus Result = 1, ControlSend Result = 1|0
2015-08-08 00:09:56 : Index = 8
2015-08-08 00:09:57 : ControlFocus Result = 1, ControlSend Result = 1|0
2015-08-08 00:09:57 : Index = 10
2015-08-08 00:09:57 : ControlFocus Result = 1, ControlSend Result = 1|0
2015-08-08 00:09:57 : Index = 12
2015-08-08 00:09:57 : ControlFocus Result = 1, ControlSend Result = 1|0
2015-08-08 00:09:57 : Main Screen Located
2015-08-08 00:09:58 : Detecting your Buildings..
2015-08-08 00:10:06 : Language setting is English: Correct.
2015-08-08 00:10:06 : Bot clean start
2015-08-08 00:10:07 : Trying to locate Main Screen
2015-08-08 00:10:07 : Main Screen Located
2015-08-08 00:10:08 : Halt Attack, Stay Online/Collect...
2015-08-08 00:10:09 : checkMainScreen start quiet mode
2015-08-08 00:10:09 : checkMainScreen exit quiet mode
2015-08-08 00:10:10 : Collecting Resources
2015-08-08 00:10:15 : checkMainScreen start quiet mode
2015-08-08 00:10:15 : checkMainScreen exit quiet mode
2015-08-08 00:10:16 : Checking if Village needs Rearming..
2015-08-08 00:10:22 : checkMainScreen start quiet mode
2015-08-08 00:10:22 : checkMainScreen exit quiet mode
2015-08-08 00:10:23 : checkMainScreen start quiet mode
2015-08-08 00:10:23 : checkMainScreen exit quiet mode
2015-08-08 00:10:24 : Village Report
2015-08-08 00:10:24 : No. of Free/Total Builders: 0/4
2015-08-08 00:10:24 :  [T]: 2 546
2015-08-08 00:10:24 :  [G]: 1 737 183 [E]: 5 193 453 [D]: 18 404 [GEM]: 1 981
2015-08-08 00:10:24 : checkMainScreen start quiet mode
2015-08-08 00:10:24 : checkMainScreen exit quiet mode
2015-08-08 00:10:25 : checkMainScreen start quiet mode
2015-08-08 00:10:25 : checkMainScreen exit quiet mode
2015-08-08 00:10:26 : checkMainScreen start quiet mode
2015-08-08 00:10:26 : checkMainScreen exit quiet mode
2015-08-08 00:10:27 : checkMainScreen start quiet mode
2015-08-08 00:10:27 : checkMainScreen exit quiet mode
2015-08-08 00:10:28 : checkMainScreen start quiet mode
2015-08-08 00:10:28 : checkMainScreen exit quiet mode
2015-08-08 00:10:29 : checkMainScreen start quiet mode
2015-08-08 00:10:29 : checkMainScreen exit quiet mode
2015-08-08 00:10:30 : checkMainScreen start quiet mode
2015-08-08 00:10:30 : checkMainScreen exit quiet mode
2015-08-08 00:10:30 : checkMainScreen start quiet mode
2015-08-08 00:10:30 : checkMainScreen exit quiet mode
2015-08-08 00:10:33 : Finished kicking
2015-08-08 00:10:33 : Func Idle 
2015-08-08 00:10:44 : checkMainScreen start quiet mode
2015-08-08 00:10:44 : checkMainScreen exit quiet mode
2015-08-08 00:10:44 : Checking Overview for full army [!] True, 407508
2015-08-08 00:10:44 : Screenshot saved: .\Profiles\04\Temp\2015-08-08_00.10.44.jpg
2015-08-08 00:10:45 : Checking Overview for full CC [!] False, DD3B3D
2015-08-08 00:10:45 : Checking Overview for full Heroes [!] True, 88B928
2015-08-08 00:11:47 : checkMainScreen start quiet mode
2015-08-08 00:11:47 : checkMainScreen exit quiet mode
2015-08-08 00:11:47 : Func Train 
2015-08-08 00:11:47 : checkMainScreen start quiet mode
2015-08-08 00:11:47 : checkMainScreen exit quiet mode
2015-08-08 00:11:48 : Time Idle: 00:01:15
2015-08-08 00:11:48 : Bot clean start
