2015-08-07 22:51:08 : ~ Clash Game Bot v4.1MODS Powered by GameBot.org ~
2015-08-07 22:51:08 : GameBot.org.au3 Script running on WIN_7  X64
2015-08-07 22:51:08 : =================== Bot Start ====================
2015-08-07 22:51:08 : -------------------------  Current Profile: 04 --------------------------
2015-08-07 22:51:08 :  Warning Debug Mode Enabled! Setlog: 1 OCR: 0 RedArea: 0 
2015-08-07 22:51:08 : Trying to locate Main Screen
2015-08-07 22:51:09 : CheckObstacles Result = True
2015-08-07 22:51:09 : Waiting for Main Screen
2015-08-07 22:51:09 : ChkObst Loop = 0ExitLoop = 0
2015-08-07 22:51:12 : ChkObst Loop = 1ExitLoop = 1
2015-08-07 22:51:12 : Screen cleared, WaitMainScreen exit
2015-08-07 22:51:12 : Main Screen Located
2015-08-07 22:51:13 : Detecting your Buildings..
2015-08-07 22:51:20 : Language setting is English: Correct.
2015-08-07 22:51:20 : Bot clean start
2015-08-07 22:51:21 : Trying to locate Main Screen
2015-08-07 22:51:22 : Main Screen Located
2015-08-07 22:51:22 : Halt Attack, Stay Online/Collect...
2015-08-07 22:51:23 : checkMainScreen start quiet mode
2015-08-07 22:51:23 : checkMainScreen exit quiet mode
2015-08-07 22:51:24 : Collecting Resources
2015-08-07 22:51:29 : checkMainScreen start quiet mode
2015-08-07 22:51:29 : checkMainScreen exit quiet mode
2015-08-07 22:51:30 : Checking if Village needs Rearming..
2015-08-07 22:51:36 : checkMainScreen start quiet mode
2015-08-07 22:51:36 : checkMainScreen exit quiet mode
2015-08-07 22:51:37 : checkMainScreen start quiet mode
2015-08-07 22:51:37 : checkMainScreen exit quiet mode
2015-08-07 22:51:38 : Village Report
2015-08-07 22:51:38 : No. of Free/Total Builders: 0/4
2015-08-07 22:51:38 :  [T]: 2 546
2015-08-07 22:51:38 :  [G]: 1 696 702 [E]: 5 162 139 [D]: 18 196 [GEM]: 1 981
2015-08-07 22:51:39 : checkMainScreen start quiet mode
2015-08-07 22:51:39 : checkMainScreen exit quiet mode
2015-08-07 22:51:39 : checkMainScreen start quiet mode
2015-08-07 22:51:39 : checkMainScreen exit quiet mode
2015-08-07 22:51:40 : checkMainScreen start quiet mode
2015-08-07 22:51:40 : checkMainScreen exit quiet mode
2015-08-07 22:51:41 : checkMainScreen start quiet mode
2015-08-07 22:51:41 : checkMainScreen exit quiet mode
2015-08-07 22:51:43 : checkMainScreen start quiet mode
2015-08-07 22:51:43 : checkMainScreen exit quiet mode
2015-08-07 22:51:44 : checkMainScreen start quiet mode
2015-08-07 22:51:44 : checkMainScreen exit quiet mode
2015-08-07 22:51:44 : checkMainScreen start quiet mode
2015-08-07 22:51:44 : checkMainScreen exit quiet mode
2015-08-07 22:51:45 : checkMainScreen start quiet mode
2015-08-07 22:51:45 : checkMainScreen exit quiet mode
2015-08-07 22:51:47 : Finished kicking
2015-08-07 22:51:47 : Func Idle 
2015-08-07 22:51:58 : checkMainScreen start quiet mode
2015-08-07 22:51:58 : checkMainScreen exit quiet mode
2015-08-07 22:51:59 : Checking Overview for full army [!] True, 407508
2015-08-07 22:51:59 : Checking Overview for full CC [!] False, E84C50
2015-08-07 22:52:29 : Checking Overview for full Heroes [!] True, 98C538
2015-08-07 22:52:49 : checkMainScreen start quiet mode
2015-08-07 22:52:49 : checkMainScreen exit quiet mode
2015-08-07 22:52:49 : Func Train 
2015-08-07 22:52:49 : checkMainScreen start quiet mode
2015-08-07 22:52:49 : checkMainScreen exit quiet mode
2015-08-07 22:52:50 : Time Idle: 00:01:02
2015-08-07 22:52:50 : Bot clean start
