2015-08-08 00:49:49 : ~ Clash Game Bot v4.1MODS Powered by GameBot.org ~
2015-08-08 00:49:49 : GameBot.org.exe Executable running on WIN_7  X64
2015-08-08 00:49:49 : =================== Bot Start ====================
2015-08-08 00:49:49 : -------------------------  Current Profile: 04 --------------------------
2015-08-08 00:49:49 :  Warning Debug Mode Enabled! Setlog: 1 OCR: 0 RedArea: 0 
2015-08-08 00:49:49 : Trying to locate Main Screen
2015-08-08 00:49:56 : CheckObstacles Result = True
2015-08-08 00:49:56 : Waiting for Main Screen
2015-08-08 00:49:56 : ChkObst Loop = 0ExitLoop = 0
2015-08-08 00:49:56 : Screen cleared, WaitMainScreen exit
2015-08-08 00:49:58 : Zooming Out
2015-08-08 00:49:58 : Index = 0
2015-08-08 00:49:58 : ControlFocus Result = 1, ControlSend Result = 1|0
2015-08-08 00:49:58 : Index = 2
2015-08-08 00:49:58 : ControlFocus Result = 1, ControlSend Result = 1|0
2015-08-08 00:49:58 : Index = 4
2015-08-08 00:49:59 : ControlFocus Result = 1, ControlSend Result = 1|0
2015-08-08 00:49:59 : Index = 6
2015-08-08 00:49:59 : ControlFocus Result = 1, ControlSend Result = 1|0
2015-08-08 00:49:59 : Index = 8
2015-08-08 00:49:59 : ControlFocus Result = 1, ControlSend Result = 1|0
2015-08-08 00:49:59 : Index = 10
2015-08-08 00:50:00 : ControlFocus Result = 1, ControlSend Result = 1|0
2015-08-08 00:50:00 : Index = 12
2015-08-08 00:50:00 : ControlFocus Result = 1, ControlSend Result = 1|0
2015-08-08 00:50:00 : Main Screen Located
2015-08-08 00:50:01 : Detecting your Buildings..
2015-08-08 00:50:09 : Language setting is English: Correct.
2015-08-08 00:50:09 : Bot clean start
2015-08-08 00:50:10 : Trying to locate Main Screen
2015-08-08 00:50:10 : Main Screen Located
2015-08-08 00:50:11 : checkMainScreen start quiet mode
2015-08-08 00:50:11 : checkMainScreen exit quiet mode
2015-08-08 00:50:11 : Collecting Resources
2015-08-08 00:50:17 : checkMainScreen start quiet mode
2015-08-08 00:50:17 : checkMainScreen exit quiet mode
2015-08-08 00:50:18 : Checking if Village needs Rearming..
2015-08-08 00:50:24 : checkMainScreen start quiet mode
2015-08-08 00:50:24 : checkMainScreen exit quiet mode
2015-08-08 00:50:25 : checkMainScreen start quiet mode
2015-08-08 00:50:25 : checkMainScreen exit quiet mode
2015-08-08 00:50:26 : Village Report
2015-08-08 00:50:26 : No. of Free/Total Builders: 0/4
2015-08-08 00:50:26 :  [T]: 2 546
2015-08-08 00:50:26 :  [G]: 1 757 739 [E]: 5 209 361 [D]: 18 516 [GEM]: 1 981
2015-08-08 00:50:27 : checkMainScreen start quiet mode
2015-08-08 00:50:27 : checkMainScreen exit quiet mode
2015-08-08 00:50:27 : checkMainScreen start quiet mode
2015-08-08 00:50:27 : checkMainScreen exit quiet mode
2015-08-08 00:50:28 : checkMainScreen start quiet mode
2015-08-08 00:50:28 : checkMainScreen exit quiet mode
2015-08-08 00:50:28 : Func Train 
2015-08-08 00:50:28 : Train enabled, $TotalTrainedTroops= 0, Adj TotalCamp= -8
2015-08-08 00:50:28 : Checking Army Camp...
2015-08-08 00:50:30 : $sArmyInfo = 200#200
2015-08-08 00:50:30 : $CurCamp = 200
2015-08-08 00:50:30 : $TotalCamp = 200
2015-08-08 00:50:30 : Total Army Camp capacity: 200/200
2015-08-08 00:50:31 : $hBitmapFirst made
2015-08-08 00:50:31 : Calling CGBfunctions.dll/searchIdentifyTroopTrained 
2015-08-08 00:50:33 : Dll return $FullTemp :Barbarian|8-21|79#Archer|71-22|121
2015-08-08 00:50:33 : $Trooptype split # : 2
2015-08-08 00:50:33 : Start the Loop
2015-08-08 00:50:33 : $TroopTypeT[$i] split : 1
2015-08-08 00:50:33 :  - No. of Barbarians: 79
2015-08-08 00:50:33 : $TroopTypeT[$i] split : 2
2015-08-08 00:50:33 :  - No. of Archers: 121
2015-08-08 00:50:33 : start barrackstatus
2015-08-08 00:50:33 : OK, I'm in army overview
2015-08-08 00:50:34 : barrack 1 found upgrading! color 6B6964
2015-08-08 00:50:34 : barrack 2 found! color 888070
2015-08-08 00:50:34 : barrack 3 found! color 888070
2015-08-08 00:50:34 : barrack 4 found! color 888070
2015-08-08 00:50:34 : dark barrack 1 found! color 888070
2015-08-08 00:50:34 : dark barrack 5 found upgrading! color 6B6964
2015-08-08 00:50:34 : Factory Spell found! color 888070
2015-08-08 00:50:34 : Dark Factory Spell found! color 888070
2015-08-08 00:50:34 : Barracks and Spell factory status: 
2015-08-08 00:50:34 : - Barracks detected: 4 | Available: 3 | Upgrading: 1
2015-08-08 00:50:34 : - Dark Barracks detected: 2 | Available: 1 | Upgrading: 1
2015-08-08 00:50:34 : - Spell factory detected: 1 | Available: 1 | Upgrading: 0
2015-08-08 00:50:34 : - Dark Spell factory detected: 1 | Available: 1 | Upgrading: 0
2015-08-08 00:50:34 : Trainaviable[0] = 1
2015-08-08 00:50:34 : Trainaviable[1] = 0
2015-08-08 00:50:34 : Trainaviable[2] = 1
2015-08-08 00:50:34 : Trainaviable[3] = 1
2015-08-08 00:50:34 : Trainaviable[4] = 1
2015-08-08 00:50:34 : Trainaviable[5] = 1
2015-08-08 00:50:34 : Trainaviable[6] = 0
2015-08-08 00:50:34 : Trainaviable[7] = 1
2015-08-08 00:50:34 : Trainaviable[8] = 1
2015-08-08 00:50:34 : Training Troops...
2015-08-08 00:50:34 : Train: need to make normal troops: True
2015-08-08 00:50:34 : Train: need to make dark troops: False
2015-08-08 00:50:34 : LAST BARRACK = 4
2015-08-08 00:50:34 : OverView TabColor=CDCDC8
2015-08-08 00:50:35 : Last Barrack TabColor=888070
2015-08-08 00:50:35 : Your Army Camps are now Full
2015-08-08 00:50:35 : ---------COMPUTE TROOPS TO MAKE------------------------
2015-08-08 00:50:35 : -- Compute AnotherTroops to train
2015-08-08 00:50:35 : Need to train (height) GOBL:0% BARB: 120% ARCH: 80% AND 0 other troops space
2015-08-08 00:50:35 : Total Troops to be Trained= 200
2015-08-08 00:50:35 : BARRACKNUM: 3
2015-08-08 00:50:35 : ArchEBarrack: 26
2015-08-08 00:50:35 : BarbEBarrack: 40
2015-08-08 00:50:35 : DARKBARRACKNUM: 1
2015-08-08 00:50:35 : ---------END COMPUTE TROOPS TO MAKE--------------------
2015-08-08 00:50:35 : 
2015-08-08 00:50:35 : ---------TRAIN BARRACK MODE------------------------
2015-08-08 00:50:35 : Barrack4 selected
2015-08-08 00:50:37 : Full Check=DE58D0
2015-08-08 00:50:38 : Full Check=FF80F8
2015-08-08 00:50:38 : Full Check=FE78F4
2015-08-08 00:50:38 : Full Check=FE78F4
2015-08-08 00:50:38 : Full Check=FF7FF5
2015-08-08 00:50:38 : Full Check=FE78F4
2015-08-08 00:50:38 : Full Check=FB75F1
2015-08-08 00:50:38 : Full Check=FF7FF5
2015-08-08 00:50:38 : Full Check=FE78F4
2015-08-08 00:50:38 : Full Check=FB75F1
2015-08-08 00:50:38 : Full Check=FF78F3
2015-08-08 00:50:38 : Full Check=FF80F8
2015-08-08 00:50:38 : Full Check=FF80F8
2015-08-08 00:50:38 : Full Check=FF7FF5
2015-08-08 00:50:38 : Full Check=FE78F4
2015-08-08 00:50:38 : Full Check=FF7FF5
2015-08-08 00:50:38 : Full Check=FE78F4
2015-08-08 00:50:39 : Full Check=FF80F8
2015-08-08 00:50:39 : Full Check=FF7FF5
2015-08-08 00:50:39 : Full Check=FF7FF5
2015-08-08 00:50:39 : Full Check=FF7FF5
2015-08-08 00:50:39 : Full Check=FE78F4
2015-08-08 00:50:39 : Full Check=FF7FF5
2015-08-08 00:50:39 : Full Check=FF7FF5
2015-08-08 00:50:39 : Full Check=FF7FF5
2015-08-08 00:50:39 : Full Check=FF7FF5
2015-08-08 00:50:39 : Full Check=FE78F4
2015-08-08 00:50:39 : Full Check=FF7FF5
2015-08-08 00:50:39 : Full Check=FF7FF5
2015-08-08 00:50:39 : Full Check=FF7FF5
2015-08-08 00:50:39 : Full Check=F164DF
2015-08-08 00:50:39 : Full Check=FF7FF5
2015-08-08 00:50:39 : Full Check=FF7FF5
2015-08-08 00:50:39 : Full Check=FE78F4
2015-08-08 00:50:40 : Full Check=FF7FF5
2015-08-08 00:50:40 : Full Check=FB75F1
2015-08-08 00:50:40 : Full Check=FE78F4
2015-08-08 00:50:40 : Full Check=FF7FF5
2015-08-08 00:50:40 : Full Check=FB75F1
2015-08-08 00:50:40 : Full Check=FF7FF5
2015-08-08 00:50:40 : Full Check=FB75F1
2015-08-08 00:50:40 : Full Check=FF7FF5
2015-08-08 00:50:40 : Full Check=FF7FF5
2015-08-08 00:50:40 : Full Check=FF7FF5
2015-08-08 00:50:40 : Full Check=FF80F8
2015-08-08 00:50:40 : Full Check=FB75F1
2015-08-08 00:50:40 : Full Check=FF7FF5
2015-08-08 00:50:40 : Full Check=FB75F1
2015-08-08 00:50:40 : Full Check=FF7FF5
2015-08-08 00:50:40 : Full Check=FB75F1
2015-08-08 00:50:41 : Full Check=FF7FF5
2015-08-08 00:50:41 : Full Check=FF7FF5
2015-08-08 00:50:41 : Full Check=FF7FF5
2015-08-08 00:50:41 : Full Check=FE78F4
2015-08-08 00:50:41 : Full Check=FF7FF5
2015-08-08 00:50:41 : Full Check=FF7FF5
2015-08-08 00:50:41 : Full Check=FF7FF5
2015-08-08 00:50:41 : Full Check=FF7FF5
2015-08-08 00:50:41 : Full Check=FE78F4
2015-08-08 00:50:41 : Full Check=FE78F4
2015-08-08 00:50:41 : Full Check=FE78F4
2015-08-08 00:50:41 : Full Check=FB75F1
2015-08-08 00:50:41 : Full Check=FF7FF5
2015-08-08 00:50:41 : Full Check=FE78F4
2015-08-08 00:50:41 : Full Check=FF7FF5
2015-08-08 00:50:41 : Full Check=FF78F3
2015-08-08 00:50:42 : Full Check=FF7FF5
2015-08-08 00:50:42 : Full Check=FF7FF5
2015-08-08 00:50:42 : Full Check=FF7FF5
2015-08-08 00:50:42 : Full Check=FF7FF5
2015-08-08 00:50:42 : Full Check=FE78F4
2015-08-08 00:50:42 : Full Check=FF7FF5
2015-08-08 00:50:42 : Full Check=FE78F4
2015-08-08 00:50:42 : Full Check=FF7FF5
2015-08-08 00:50:42 : Full Check=FE78F4
2015-08-08 00:50:43 : Move from Barrack 4 direction -1
2015-08-08 00:50:44 : Barrack3 selected
2015-08-08 00:50:46 : Full Check=DE58D0
2015-08-08 00:50:46 : Full Check=FF78F3
2015-08-08 00:50:46 : Full Check=FF7FF5
2015-08-08 00:50:47 : Full Check=FE78F4
2015-08-08 00:50:47 : Full Check=FE78F4
2015-08-08 00:50:47 : Full Check=FF78F3
2015-08-08 00:50:47 : Full Check=FF7FF5
2015-08-08 00:50:47 : Full Check=FF7FF5
2015-08-08 00:50:47 : Full Check=FE78F4
2015-08-08 00:50:47 : Full Check=FE78F4
2015-08-08 00:50:47 : Full Check=F164DF
2015-08-08 00:50:47 : Full Check=FF7FF5
2015-08-08 00:50:47 : Full Check=FE78F4
2015-08-08 00:50:47 : Full Check=FF7FF5
2015-08-08 00:50:47 : Full Check=FE78F4
2015-08-08 00:50:47 : Full Check=F164DF
2015-08-08 00:50:47 : Full Check=FF7FF5
2015-08-08 00:50:47 : Full Check=FF7FF5
2015-08-08 00:50:47 : Full Check=FE78F4
2015-08-08 00:50:48 : Full Check=FF7FF5
2015-08-08 00:50:48 : Full Check=FF7FF5
2015-08-08 00:50:48 : Full Check=FF7FF5
2015-08-08 00:50:48 : Full Check=FE78F4
2015-08-08 00:50:48 : Full Check=FF7FF5
2015-08-08 00:50:48 : Full Check=FF7FF5
2015-08-08 00:50:48 : Full Check=FF7FF5
2015-08-08 00:50:48 : Full Check=FF7FF5
2015-08-08 00:50:48 : Full Check=FF7FF5
2015-08-08 00:50:48 : Full Check=FF7FF5
2015-08-08 00:50:48 : Full Check=FF7FF5
2015-08-08 00:50:48 : Full Check=FF7FF5
2015-08-08 00:50:48 : Full Check=FE78F4
2015-08-08 00:50:48 : Full Check=FE78F4
2015-08-08 00:50:48 : Full Check=FF7FF5
2015-08-08 00:50:48 : Full Check=FF7FF5
2015-08-08 00:50:49 : Full Check=FF7FF5
2015-08-08 00:50:49 : Full Check=FF80F8
2015-08-08 00:50:49 : Full Check=FF7FF5
2015-08-08 00:50:49 : Full Check=FE78F4
2015-08-08 00:50:49 : Full Check=FE78F4
2015-08-08 00:50:49 : Full Check=FF7FF5
2015-08-08 00:50:49 : Full Check=FE78F4
2015-08-08 00:50:49 : Full Check=FF7FF5
2015-08-08 00:50:49 : Full Check=FF7FF5
2015-08-08 00:50:49 : Full Check=FF7FF5
2015-08-08 00:50:49 : Full Check=FE78F4
2015-08-08 00:50:49 : Full Check=FB75F1
2015-08-08 00:50:49 : Full Check=FF7FF5
2015-08-08 00:50:49 : Full Check=FB75F1
2015-08-08 00:50:49 : Full Check=FE78F4
2015-08-08 00:50:49 : Full Check=FF78F3
2015-08-08 00:50:49 : Full Check=FF7FF5
2015-08-08 00:50:50 : Full Check=FF7FF5
2015-08-08 00:50:50 : Full Check=FB75F1
2015-08-08 00:50:50 : Full Check=FF7FF5
2015-08-08 00:50:50 : Full Check=FE78F4
2015-08-08 00:50:50 : Full Check=FF7FF5
2015-08-08 00:50:50 : Full Check=FF7FF5
2015-08-08 00:50:50 : Full Check=FE78F4
2015-08-08 00:50:50 : Full Check=FF7FF5
2015-08-08 00:50:50 : Full Check=FE78F4
2015-08-08 00:50:50 : Full Check=FF7FF5
2015-08-08 00:50:50 : Full Check=FF7FF5
2015-08-08 00:50:50 : Full Check=FF7FF5
2015-08-08 00:50:50 : Full Check=FF7FF5
2015-08-08 00:50:50 : Full Check=FF7FF5
2015-08-08 00:50:50 : Full Check=FD74EE
2015-08-08 00:50:50 : Full Check=F164DF
2015-08-08 00:50:51 : Full Check=FF78F3
2015-08-08 00:50:51 : Full Check=FF7FF5
2015-08-08 00:50:51 : Full Check=FF7FF5
2015-08-08 00:50:51 : Full Check=FF7FF5
2015-08-08 00:50:51 : Full Check=FE78F4
2015-08-08 00:50:51 : Full Check=FF7FF5
2015-08-08 00:50:51 : Full Check=FE78F4
2015-08-08 00:50:52 : Move from Barrack 3 direction -1
2015-08-08 00:50:53 : Barrack2 selected
2015-08-08 00:50:55 : Full Check=E05AD0
2015-08-08 00:50:55 : Full Check=FF82F8
2015-08-08 00:50:55 : Full Check=FF79F5
2015-08-08 00:50:55 : Full Check=FF76F1
2015-08-08 00:50:55 : Full Check=FF7BF6
2015-08-08 00:50:55 : Full Check=FF7EF7
2015-08-08 00:50:55 : Full Check=FF7EF7
2015-08-08 00:50:56 : Full Check=FF79F5
2015-08-08 00:50:56 : Full Check=F167E2
2015-08-08 00:50:56 : Full Check=FF7EF7
2015-08-08 00:50:56 : Full Check=FF79F5
2015-08-08 00:50:56 : Full Check=FF76F1
2015-08-08 00:50:56 : Full Check=FF7BF6
2015-08-08 00:50:56 : Full Check=F167E2
2015-08-08 00:50:56 : Full Check=FF79F5
2015-08-08 00:50:56 : Full Check=FF7EF7
2015-08-08 00:50:56 : Full Check=F167E2
2015-08-08 00:50:56 : Full Check=FF7EF7
2015-08-08 00:50:56 : Full Check=FF7EF7
2015-08-08 00:50:56 : Full Check=F167E2
2015-08-08 00:50:56 : Full Check=FF7EF7
2015-08-08 00:50:56 : Full Check=FF7EF7
2015-08-08 00:50:56 : Full Check=FF79F5
2015-08-08 00:50:57 : Full Check=FF76F1
2015-08-08 00:50:57 : Full Check=FF7EF7
2015-08-08 00:50:57 : Full Check=FF7EF7
2015-08-08 00:50:57 : Full Check=FF7EF7
2015-08-08 00:50:57 : Full Check=FF7EF7
2015-08-08 00:50:57 : Full Check=FF79F5
2015-08-08 00:50:57 : Full Check=FF7EF7
2015-08-08 00:50:57 : Full Check=FF76F1
2015-08-08 00:50:57 : Full Check=FF7EF7
2015-08-08 00:50:57 : Full Check=FF76F1
2015-08-08 00:50:57 : Full Check=FF7EF7
2015-08-08 00:50:57 : Full Check=FF7EF7
2015-08-08 00:50:57 : Full Check=FF76F1
2015-08-08 00:50:57 : Full Check=FF79F5
2015-08-08 00:50:57 : Full Check=FF7EF7
2015-08-08 00:50:57 : Full Check=FF79F5
2015-08-08 00:50:57 : Full Check=FF79F5
2015-08-08 00:50:58 : Full Check=FF7EF7
2015-08-08 00:50:58 : Full Check=FF76F1
2015-08-08 00:50:58 : Full Check=FF7EF7
2015-08-08 00:50:58 : Full Check=FF76F1
2015-08-08 00:50:58 : Full Check=FF79F5
2015-08-08 00:50:58 : Full Check=FF7EF7
2015-08-08 00:50:58 : Full Check=FF76F1
2015-08-08 00:50:58 : Full Check=FF7BF6
2015-08-08 00:50:58 : Full Check=FF76F1
2015-08-08 00:50:58 : Full Check=FF7EF7
2015-08-08 00:50:58 : Full Check=FF7EF7
2015-08-08 00:50:58 : Full Check=FF7EF7
2015-08-08 00:50:58 : Full Check=FF7EF7
2015-08-08 00:50:58 : Full Check=FF79F5
2015-08-08 00:50:58 : Full Check=FF76F1
2015-08-08 00:50:58 : Full Check=FF7EF7
2015-08-08 00:50:59 : Full Check=FF7EF7
2015-08-08 00:50:59 : Full Check=FF7EF7
2015-08-08 00:50:59 : Full Check=FF79F5
2015-08-08 00:50:59 : Full Check=FF76F1
2015-08-08 00:50:59 : Full Check=FF7EF7
2015-08-08 00:50:59 : Full Check=FF7EF7
2015-08-08 00:50:59 : Full Check=FF7EF7
2015-08-08 00:50:59 : Full Check=FF79F5
2015-08-08 00:50:59 : Full Check=FF7BF6
2015-08-08 00:50:59 : Full Check=FF76F1
2015-08-08 00:50:59 : Full Check=FF7EF7
2015-08-08 00:50:59 : Full Check=FF7BF6
2015-08-08 00:50:59 : Full Check=FF7EF7
2015-08-08 00:50:59 : Full Check=FF79F5
2015-08-08 00:50:59 : Full Check=FF7EF7
2015-08-08 00:50:59 : Full Check=FF79F5
2015-08-08 00:51:00 : Full Check=FF7EF7
2015-08-08 00:51:00 : Full Check=FF7EF7
2015-08-08 00:51:00 : Full Check=FF7EF7
2015-08-08 00:51:00 : Move from Barrack 2 direction -1
2015-08-08 00:51:01 : This is not a Barrack
2015-08-08 00:51:01 : ---=====================END TRAIN =======================================---
2015-08-08 00:51:03 : checkMainScreen start quiet mode
2015-08-08 00:51:03 : checkMainScreen exit quiet mode
2015-08-08 00:51:04 : checkMainScreen start quiet mode
2015-08-08 00:51:04 : checkMainScreen exit quiet mode
2015-08-08 00:51:05 : checkMainScreen start quiet mode
2015-08-08 00:51:05 : checkMainScreen exit quiet mode
2015-08-08 00:51:06 : checkMainScreen start quiet mode
2015-08-08 00:51:06 : checkMainScreen exit quiet mode
2015-08-08 00:51:06 : Func Idle 
2015-08-08 00:51:06 : $fullArmy=True $fullCC=False $fullHeroes=False$iUnbreakableMode=1
2015-08-08 00:51:06 : ====== Waiting for full army ======
2015-08-08 00:51:08 : ClashGameBot was Paused!
