2015-08-07 19:54:17 : ~ Clash Game Bot v4.1MODS Powered by GameBot.org ~
2015-08-07 19:54:17 : GameBot.org.exe Executable running on WIN_7  X64
2015-08-07 19:54:17 : =================== Bot Start ====================
2015-08-07 19:54:17 : -------------------------  Current Profile: 04 --------------------------
2015-08-07 19:54:17 :  Warning Debug Mode Enabled! Setlog: 1 OCR: 0 RedArea: 0 
2015-08-07 19:54:18 : Trying to locate Main Screen
2015-08-07 19:54:18 : Main Screen Located
2015-08-07 19:54:19 : Detecting your Buildings..
2015-08-07 19:54:23 : Language setting is English: Correct.
2015-08-07 19:54:23 : Bot clean start
2015-08-07 19:54:24 : Trying to locate Main Screen
2015-08-07 19:54:24 : Main Screen Located
2015-08-07 19:54:25 : checkMainScreen start quiet mode
2015-08-07 19:54:25 : checkMainScreen exit quiet mode
2015-08-07 19:54:25 : Collecting Resources
2015-08-07 19:54:30 : checkMainScreen start quiet mode
2015-08-07 19:54:30 : checkMainScreen exit quiet mode
2015-08-07 19:54:31 : Checking if Village needs Rearming..
2015-08-07 19:54:38 : checkMainScreen start quiet mode
2015-08-07 19:54:38 : checkMainScreen exit quiet mode
2015-08-07 19:54:38 : checkMainScreen start quiet mode
2015-08-07 19:54:38 : checkMainScreen exit quiet mode
2015-08-07 19:54:39 : Village Report
2015-08-07 19:54:39 : No. of Free/Total Builders: 0/4
2015-08-07 19:54:39 :  [T]: 2 558
2015-08-07 19:54:39 :  [G]: 1 075 376 [E]: 4 685 240 [D]: 16 207 [GEM]: 1 981
2015-08-07 19:54:40 : checkMainScreen start quiet mode
2015-08-07 19:54:40 : checkMainScreen exit quiet mode
2015-08-07 19:54:41 : checkMainScreen start quiet mode
2015-08-07 19:54:41 : checkMainScreen exit quiet mode
2015-08-07 19:54:42 : checkMainScreen start quiet mode
2015-08-07 19:54:42 : checkMainScreen exit quiet mode
2015-08-07 19:54:42 : Func Train 
2015-08-07 19:54:42 : Halt enabled, $TotalTrainedTroops= 0, Adj TotalCamp= 192
2015-08-07 19:54:42 : Checking Army Camp...
2015-08-07 19:54:43 : $sArmyInfo = 200#200
2015-08-07 19:54:43 : $CurCamp = 200
2015-08-07 19:54:43 : $TotalCamp = 200
2015-08-07 19:54:44 : Total Army Camp capacity: 200/200
2015-08-07 19:54:44 : $hBitmapFirst made
2015-08-07 19:54:44 : Calling CGBfunctions.dll/searchIdentifyTroopTrained 
2015-08-07 19:54:45 : Dll return $FullTemp :Barbarian|8-21|75#Archer|71-22|125
2015-08-07 19:54:45 : $Trooptype split # : 2
2015-08-07 19:54:45 : Start the Loop
2015-08-07 19:54:45 : $TroopTypeT[$i] split : 1
2015-08-07 19:54:45 :  - No. of Barbarians: 75
2015-08-07 19:54:45 : $TroopTypeT[$i] split : 2
2015-08-07 19:54:45 :  - No. of Archers: 125
2015-08-07 19:54:45 : start barrackstatus
2015-08-07 19:54:45 : OK, I'm in army overview
2015-08-07 19:54:45 : barrack 1 found upgrading! color 6B6964
2015-08-07 19:54:45 : barrack 2 found! color 888070
2015-08-07 19:54:45 : barrack 3 found! color 888070
2015-08-07 19:54:45 : barrack 4 found! color 888070
2015-08-07 19:54:45 : dark barrack 1 found! color 888070
2015-08-07 19:54:45 : dark barrack 5 found upgrading! color 6B6964
2015-08-07 19:54:45 : Factory Spell found! color 888070
2015-08-07 19:54:45 : Dark Factory Spell found! color 888070
2015-08-07 19:54:45 : Barracks and Spell factory status: 
2015-08-07 19:54:45 : - Barracks detected: 4 | Available: 3 | Upgrading: 1
2015-08-07 19:54:45 : - Dark Barracks detected: 2 | Available: 1 | Upgrading: 1
2015-08-07 19:54:45 : - Spell factory detected: 1 | Available: 1 | Upgrading: 0
2015-08-07 19:54:45 : - Dark Spell factory detected: 1 | Available: 1 | Upgrading: 0
2015-08-07 19:54:45 : Trainaviable[0] = 1
2015-08-07 19:54:45 : Trainaviable[1] = 0
2015-08-07 19:54:45 : Trainaviable[2] = 1
2015-08-07 19:54:45 : Trainaviable[3] = 1
2015-08-07 19:54:45 : Trainaviable[4] = 1
2015-08-07 19:54:45 : Trainaviable[5] = 1
2015-08-07 19:54:45 : Trainaviable[6] = 0
2015-08-07 19:54:45 : Trainaviable[7] = 1
2015-08-07 19:54:45 : Trainaviable[8] = 1
2015-08-07 19:54:46 : Training Troops...
2015-08-07 19:54:46 : Train: need to make normal troops: True
2015-08-07 19:54:46 : Train: need to make dark troops: False
2015-08-07 19:54:46 : LAST BARRACK = 4
2015-08-07 19:54:46 : Your Army Camps are now Full
2015-08-07 19:54:46 : ---------COMPUTE TROOPS TO MAKE------------------------
2015-08-07 19:54:46 : -- Compute AnotherTroops to train
2015-08-07 19:54:46 : Need to train (height) GOBL:0% BARB: 120% ARCH: 80% AND 0 other troops space
2015-08-07 19:54:46 : Total Troops to be Trained= 200
2015-08-07 19:54:46 : BARRACKNUM: 3
2015-08-07 19:54:46 : ArchEBarrack: 26
2015-08-07 19:54:46 : BarbEBarrack: 40
2015-08-07 19:54:46 : DARKBARRACKNUM: 1
2015-08-07 19:54:46 : ---------END COMPUTE TROOPS TO MAKE--------------------
2015-08-07 19:54:46 : 
2015-08-07 19:54:46 : ---------TRAIN BARRACK MODE------------------------
2015-08-07 19:54:46 : Barrack4 selected
2015-08-07 19:54:49 : Full Check=DE58D0
2015-08-07 19:54:49 : Full Check=DE58D0
2015-08-07 19:54:49 : Full Check=FE78F4
2015-08-07 19:54:49 : Full Check=FF7FF5
2015-08-07 19:54:49 : Full Check=FE78F4
2015-08-07 19:54:49 : Full Check=FB75F1
2015-08-07 19:54:49 : Full Check=FE78F4
2015-08-07 19:54:49 : Full Check=FF78F3
2015-08-07 19:54:49 : Full Check=FF7FF5
2015-08-07 19:54:49 : Full Check=FE78F4
2015-08-07 19:54:49 : Full Check=FF7FF5
2015-08-07 19:54:49 : Full Check=FE78F4
2015-08-07 19:54:49 : Full Check=FF7FF5
2015-08-07 19:54:49 : Full Check=FF7FF5
2015-08-07 19:54:49 : Full Check=FF7FF5
2015-08-07 19:54:50 : Full Check=FF7FF5
2015-08-07 19:54:50 : Full Check=FF7FF5
2015-08-07 19:54:50 : Full Check=F164DF
2015-08-07 19:54:50 : Full Check=FF7FF5
2015-08-07 19:54:50 : Full Check=FE78F4
2015-08-07 19:54:50 : Full Check=FB75F1
2015-08-07 19:54:50 : Full Check=FF7FF5
2015-08-07 19:54:50 : Full Check=FF7FF5
2015-08-07 19:54:50 : Full Check=FF7FF5
2015-08-07 19:54:50 : Full Check=FF78F3
2015-08-07 19:54:50 : Full Check=FB75F1
2015-08-07 19:54:50 : Full Check=FF7FF5
2015-08-07 19:54:50 : Full Check=FF7FF5
2015-08-07 19:54:50 : Full Check=FE78F4
2015-08-07 19:54:50 : Full Check=FB75F1
2015-08-07 19:54:50 : Full Check=FF78F3
2015-08-07 19:54:51 : Full Check=FF7FF5
2015-08-07 19:54:51 : Full Check=FF7FF5
2015-08-07 19:54:51 : Full Check=FF7FF5
2015-08-07 19:54:51 : Full Check=FF7FF5
2015-08-07 19:54:51 : Full Check=FE78F4
2015-08-07 19:54:51 : Full Check=FF7FF5
2015-08-07 19:54:51 : Full Check=FE78F4
2015-08-07 19:54:51 : Full Check=F164DF
2015-08-07 19:54:51 : Full Check=FF7FF5
2015-08-07 19:54:51 : Full Check=FE78F4
2015-08-07 19:54:51 : Full Check=FE78F4
2015-08-07 19:54:51 : Full Check=FF78F3
2015-08-07 19:54:51 : Full Check=FE78F4
2015-08-07 19:54:51 : Full Check=FF7FF5
2015-08-07 19:54:51 : Full Check=FE78F4
2015-08-07 19:54:51 : Full Check=FF7FF5
2015-08-07 19:54:51 : Full Check=FF7FF5
2015-08-07 19:54:52 : Full Check=FF7FF5
2015-08-07 19:54:52 : Full Check=FF7FF5
2015-08-07 19:54:52 : Full Check=FF7FF5
2015-08-07 19:54:52 : Full Check=F164DF
2015-08-07 19:54:52 : Full Check=FF7FF5
2015-08-07 19:54:52 : Full Check=FE78F4
2015-08-07 19:54:52 : Full Check=FF7FF5
2015-08-07 19:54:52 : Full Check=FE78F4
2015-08-07 19:54:52 : Full Check=FF7FF5
2015-08-07 19:54:52 : Full Check=FB75F1
2015-08-07 19:54:52 : Full Check=FF7FF5
2015-08-07 19:54:52 : Full Check=FB75F1
2015-08-07 19:54:52 : Full Check=FF7FF5
2015-08-07 19:54:52 : Full Check=FE78F4
2015-08-07 19:54:52 : Full Check=FF80F8
2015-08-07 19:54:52 : Full Check=FF7FF5
2015-08-07 19:54:52 : Full Check=FB75F1
2015-08-07 19:54:53 : Full Check=FF7FF5
2015-08-07 19:54:53 : Full Check=FE78F4
2015-08-07 19:54:53 : Full Check=FB75F1
2015-08-07 19:54:53 : Full Check=FE78F4
2015-08-07 19:54:53 : Full Check=FE78F4
2015-08-07 19:54:53 : Full Check=FF7FF5
2015-08-07 19:54:53 : Full Check=FB75F1
2015-08-07 19:54:53 : Full Check=FE78F4
2015-08-07 19:54:53 : Full Check=FF7FF5
2015-08-07 19:54:53 : Full Check=FF7FF5
2015-08-07 19:54:54 : Move from Barrack 4 direction -1
2015-08-07 19:54:55 : Barrack3 selected
2015-08-07 19:54:57 : Full Check=DE58D0
2015-08-07 19:54:57 : Full Check=FF80F8
2015-08-07 19:54:58 : Full Check=FE78F4
2015-08-07 19:54:58 : Full Check=FF7FF5
2015-08-07 19:54:58 : Full Check=FF80F8
2015-08-07 19:54:58 : Full Check=FF7FF5
2015-08-07 19:54:58 : Full Check=FB75F1
2015-08-07 19:54:58 : Full Check=FE78F4
2015-08-07 19:54:58 : Full Check=FB75F1
2015-08-07 19:54:58 : Full Check=FF7FF5
2015-08-07 19:54:58 : Full Check=FE78F4
2015-08-07 19:54:58 : Full Check=FF7FF5
2015-08-07 19:54:58 : Full Check=FF7FF5
2015-08-07 19:54:58 : Full Check=FF7FF5
2015-08-07 19:54:58 : Full Check=FF7FF5
2015-08-07 19:54:58 : Full Check=FB75F1
2015-08-07 19:54:58 : Full Check=FF7FF5
2015-08-07 19:54:58 : Full Check=FF7FF5
2015-08-07 19:54:59 : Full Check=FF7FF5
2015-08-07 19:54:59 : Full Check=FF7FF5
2015-08-07 19:54:59 : Full Check=FE78F4
2015-08-07 19:54:59 : Full Check=FB75F1
2015-08-07 19:54:59 : Full Check=FF7FF5
2015-08-07 19:54:59 : Full Check=FF7FF5
2015-08-07 19:54:59 : Full Check=FF7FF5
2015-08-07 19:54:59 : Full Check=FE78F4
2015-08-07 19:54:59 : Full Check=FB75F1
2015-08-07 19:54:59 : Full Check=FF78F3
2015-08-07 19:54:59 : Full Check=FF7FF5
2015-08-07 19:54:59 : Full Check=FF7FF5
2015-08-07 19:54:59 : Full Check=FF7FF5
2015-08-07 19:54:59 : Full Check=FF7FF5
2015-08-07 19:54:59 : Full Check=FF7FF5
2015-08-07 19:54:59 : Full Check=FF7FF5
2015-08-07 19:54:59 : Full Check=FF7FF5
2015-08-07 19:55:00 : Full Check=FF7FF5
2015-08-07 19:55:00 : Full Check=FF7FF5
2015-08-07 19:55:00 : Full Check=F164DF
2015-08-07 19:55:00 : Full Check=FF7FF5
2015-08-07 19:55:00 : Full Check=FF7FF5
2015-08-07 19:55:00 : Full Check=F164DF
2015-08-07 19:55:00 : Full Check=FB75F1
2015-08-07 19:55:00 : Full Check=FB75F1
2015-08-07 19:55:00 : Full Check=FF7FF5
2015-08-07 19:55:00 : Full Check=FF7FF5
2015-08-07 19:55:00 : Full Check=FF7FF5
2015-08-07 19:55:00 : Full Check=F164DF
2015-08-07 19:55:00 : Full Check=FB75F1
2015-08-07 19:55:00 : Full Check=FF7FF5
2015-08-07 19:55:01 : Full Check=FF78F3
2015-08-07 19:55:01 : Full Check=FF7FF5
2015-08-07 19:55:01 : Full Check=FE78F4
2015-08-07 19:55:01 : Full Check=FE78F4
2015-08-07 19:55:01 : Full Check=FB75F1
2015-08-07 19:55:01 : Full Check=FE78F4
2015-08-07 19:55:01 : Full Check=FF7FF5
2015-08-07 19:55:01 : Full Check=FF7FF5
2015-08-07 19:55:01 : Full Check=FF7FF5
2015-08-07 19:55:01 : Full Check=FF78F3
2015-08-07 19:55:01 : Full Check=FD74EE
2015-08-07 19:55:01 : Full Check=FF78F3
2015-08-07 19:55:01 : Full Check=FF7FF5
2015-08-07 19:55:01 : Full Check=FB75F1
2015-08-07 19:55:01 : Full Check=FF7FF5
2015-08-07 19:55:01 : Full Check=FF78F3
2015-08-07 19:55:02 : Full Check=FD74EE
2015-08-07 19:55:02 : Full Check=FB75F1
2015-08-07 19:55:02 : Full Check=FF7FF5
2015-08-07 19:55:02 : Full Check=FB75F1
2015-08-07 19:55:02 : Full Check=FF7FF5
2015-08-07 19:55:02 : Full Check=FB75F1
2015-08-07 19:55:02 : Full Check=FF7FF5
2015-08-07 19:55:02 : Full Check=FF78F3
2015-08-07 19:55:02 : Full Check=FD74EE
2015-08-07 19:55:02 : Full Check=FF7FF5
2015-08-07 19:55:03 : Move from Barrack 3 direction -1
2015-08-07 19:55:03 : ClashGameBot was Paused!
