2015-08-07 19:37:49 : ~ Clash Game Bot v4.1MODS Powered by GameBot.org ~
2015-08-07 19:37:49 : GameBot.org.exe Executable running on WIN_7  X64
2015-08-07 19:37:49 : =================== Bot Start ====================
2015-08-07 19:37:49 : -------------------------  Current Profile: 04 --------------------------
2015-08-07 19:37:49 :  Warning Debug Mode Enabled! Setlog: 1 OCR: 0 RedArea: 0 
2015-08-07 19:37:49 : Trying to locate Main Screen
2015-08-07 19:37:51 : CheckObstacles Result = False
2015-08-07 19:37:53 : Waiting for Main Screen
2015-08-07 19:37:53 : ChkObst Loop = 0ExitLoop = 0
2015-08-07 19:37:55 : ChkObst Loop = 1ExitLoop = 1
2015-08-07 19:37:58 : ChkObst Loop = 2ExitLoop = 2
2015-08-07 19:37:58 : Screen cleared, WaitMainScreen exit
2015-08-07 19:37:59 : Zooming Out
2015-08-07 19:37:59 : Index = 0
2015-08-07 19:38:00 : ControlFocus Result = 1, ControlSend Result = 1|0
2015-08-07 19:38:00 : Index = 2
2015-08-07 19:38:00 : ControlFocus Result = 1, ControlSend Result = 1|0
2015-08-07 19:38:00 : Index = 4
2015-08-07 19:38:00 : ControlFocus Result = 1, ControlSend Result = 1|0
2015-08-07 19:38:00 : Index = 6
2015-08-07 19:38:00 : ControlFocus Result = 1, ControlSend Result = 1|0
2015-08-07 19:38:00 : Index = 8
2015-08-07 19:38:01 : ControlFocus Result = 1, ControlSend Result = 1|0
2015-08-07 19:38:01 : Index = 10
2015-08-07 19:38:01 : ControlFocus Result = 1, ControlSend Result = 1|0
2015-08-07 19:38:01 : Index = 12
2015-08-07 19:38:01 : ControlFocus Result = 1, ControlSend Result = 1|0
2015-08-07 19:38:01 : Main Screen Located
2015-08-07 19:38:02 : Detecting your Buildings..
2015-08-07 19:38:10 : Language setting is English: Correct.
2015-08-07 19:38:10 : Bot clean start
2015-08-07 19:38:11 : Trying to locate Main Screen
2015-08-07 19:38:11 : Main Screen Located
2015-08-07 19:38:12 : Halt Attack, Stay Online/Train/Collect/Donate...
2015-08-07 19:38:13 : checkMainScreen start quiet mode
2015-08-07 19:38:13 : checkMainScreen exit quiet mode
2015-08-07 19:38:14 : Collecting Resources
2015-08-07 19:38:19 : checkMainScreen start quiet mode
2015-08-07 19:38:21 : CheckObstacles Result = True
2015-08-07 19:38:21 : Waiting for Main Screen
2015-08-07 19:38:21 : ChkObst Loop = 0ExitLoop = 0
2015-08-07 19:38:23 : ChkObst Loop = 1ExitLoop = 1
2015-08-07 19:38:23 : Screen cleared, WaitMainScreen exit
2015-08-07 19:38:23 : checkMainScreen exit quiet mode
2015-08-07 19:38:24 : Bot clean start
2015-08-07 19:38:25 : Trying to locate Main Screen
2015-08-07 19:38:25 : Main Screen Located
2015-08-07 19:38:26 : Halt Attack, Stay Online/Train/Collect/Donate...
2015-08-07 19:38:27 : checkMainScreen start quiet mode
2015-08-07 19:38:27 : checkMainScreen exit quiet mode
2015-08-07 19:38:28 : Collecting Resources
2015-08-07 19:38:33 : checkMainScreen start quiet mode
2015-08-07 19:38:33 : checkMainScreen exit quiet mode
2015-08-07 19:38:34 : Checking if Village needs Rearming..
2015-08-07 19:38:40 : checkMainScreen start quiet mode
2015-08-07 19:38:40 : checkMainScreen exit quiet mode
2015-08-07 19:38:41 : checkMainScreen start quiet mode
2015-08-07 19:38:41 : checkMainScreen exit quiet mode
2015-08-07 19:38:42 : Village Report
2015-08-07 19:38:42 : No. of Free/Total Builders: 0/4
2015-08-07 19:38:42 :  [T]: 2 558
2015-08-07 19:38:42 :  [G]: 1 069 803 [E]: 4 679 964 [D]: 16 169 [GEM]: 1 981
2015-08-07 19:38:42 : checkMainScreen start quiet mode
2015-08-07 19:38:42 : checkMainScreen exit quiet mode
2015-08-07 19:38:43 : checkMainScreen start quiet mode
2015-08-07 19:38:43 : checkMainScreen exit quiet mode
2015-08-07 19:38:44 : checkMainScreen start quiet mode
2015-08-07 19:38:44 : checkMainScreen exit quiet mode
2015-08-07 19:38:44 : Func Train 
2015-08-07 19:38:44 : Halt enabled, $TotalTrainedTroops= 0, Adj TotalCamp= -8
2015-08-07 19:38:44 : Checking Army Camp...
2015-08-07 19:38:46 : $sArmyInfo = 200#200
2015-08-07 19:38:46 : $CurCamp = 200
2015-08-07 19:38:46 : $TotalCamp = 200
2015-08-07 19:38:46 : Total Army Camp capacity: 200/200
2015-08-07 19:38:46 : $hBitmapFirst made
2015-08-07 19:38:47 : Calling CGBfunctions.dll/searchIdentifyTroopTrained 
2015-08-07 19:38:50 : Dll return $FullTemp :Barbarian|8-21|75#Archer|71-22|125
2015-08-07 19:38:50 : $Trooptype split # : 2
2015-08-07 19:38:50 : Start the Loop
2015-08-07 19:38:50 : $TroopTypeT[$i] split : 1
2015-08-07 19:38:50 :  - No. of Barbarians: 75
2015-08-07 19:38:50 : $TroopTypeT[$i] split : 2
2015-08-07 19:38:50 :  - No. of Archers: 125
2015-08-07 19:38:50 : start barrackstatus
2015-08-07 19:38:50 : OK, I'm in army overview
2015-08-07 19:38:50 : barrack 1 found upgrading! color 6B6964
2015-08-07 19:38:50 : barrack 2 found! color 888070
2015-08-07 19:38:50 : barrack 3 found! color 888070
2015-08-07 19:38:50 : barrack 4 found! color 888070
2015-08-07 19:38:50 : dark barrack 1 found! color 888070
2015-08-07 19:38:50 : dark barrack 5 found upgrading! color 6B6964
2015-08-07 19:38:50 : Factory Spell found! color 888070
2015-08-07 19:38:50 : Dark Factory Spell found! color 888070
2015-08-07 19:38:51 : Barracks and Spell factory status: 
2015-08-07 19:38:51 : - Barracks detected: 4 | Available: 3 | Upgrading: 1
2015-08-07 19:38:51 : - Dark Barracks detected: 2 | Available: 1 | Upgrading: 1
2015-08-07 19:38:51 : - Spell factory detected: 1 | Available: 1 | Upgrading: 0
2015-08-07 19:38:51 : - Dark Spell factory detected: 1 | Available: 1 | Upgrading: 0
2015-08-07 19:38:51 : Trainaviable[0] = 1
2015-08-07 19:38:51 : Trainaviable[1] = 0
2015-08-07 19:38:51 : Trainaviable[2] = 1
2015-08-07 19:38:51 : Trainaviable[3] = 1
2015-08-07 19:38:51 : Trainaviable[4] = 1
2015-08-07 19:38:51 : Trainaviable[5] = 1
2015-08-07 19:38:51 : Trainaviable[6] = 0
2015-08-07 19:38:51 : Trainaviable[7] = 1
2015-08-07 19:38:51 : Trainaviable[8] = 1
2015-08-07 19:38:51 : Training Troops...
2015-08-07 19:38:51 : Train: need to make normal troops: True
2015-08-07 19:38:51 : Train: need to make dark troops: False
2015-08-07 19:38:51 : LAST BARRACK = 4
2015-08-07 19:38:51 : OverView TabColor=B7BBB8
2015-08-07 19:38:51 : Last Barrack TabColor=888070
2015-08-07 19:38:51 : Last Barrack TabColor=888070
2015-08-07 19:38:52 : Your Army Camps are now Full
2015-08-07 19:38:52 : ---------COMPUTE TROOPS TO MAKE------------------------
2015-08-07 19:38:52 : -- Compute AnotherTroops to train
2015-08-07 19:38:52 : Need to train (height) GOBL:0% BARB: 120% ARCH: 80% AND 0 other troops space
2015-08-07 19:38:52 : Total Troops to be Trained= 200
2015-08-07 19:38:52 : BARRACKNUM: 3
2015-08-07 19:38:52 : ArchEBarrack: 26
2015-08-07 19:38:52 : BarbEBarrack: 40
2015-08-07 19:38:52 : DARKBARRACKNUM: 1
2015-08-07 19:38:52 : ---------END COMPUTE TROOPS TO MAKE--------------------
2015-08-07 19:38:52 : 
2015-08-07 19:38:52 : ---------TRAIN BARRACK MODE------------------------
2015-08-07 19:38:52 : Barrack4 selected
2015-08-07 19:38:54 : Full Check=DE58D0
2015-08-07 19:38:54 : Full Check=DE58D0
2015-08-07 19:38:54 : Full Check=FB75F1
2015-08-07 19:38:54 : Full Check=FF7FF5
2015-08-07 19:38:54 : Full Check=FF7FF5
2015-08-07 19:38:54 : Full Check=FE78F4
2015-08-07 19:38:54 : Full Check=FB75F1
2015-08-07 19:38:55 : Full Check=FE78F4
2015-08-07 19:38:55 : Full Check=FF7FF5
2015-08-07 19:38:55 : Full Check=FB75F1
2015-08-07 19:38:55 : Full Check=FF7FF5
2015-08-07 19:38:55 : Full Check=FE78F4
2015-08-07 19:38:55 : Full Check=FE78F4
2015-08-07 19:38:55 : Full Check=FF7FF5
2015-08-07 19:38:55 : Full Check=FF7FF5
2015-08-07 19:38:55 : Full Check=FB75F1
2015-08-07 19:38:55 : Full Check=FF78F3
2015-08-07 19:38:55 : Full Check=FF7FF5
2015-08-07 19:38:55 : Full Check=FF7FF5
2015-08-07 19:38:55 : Full Check=FF7FF5
2015-08-07 19:38:55 : Full Check=FF7FF5
2015-08-07 19:38:55 : Full Check=FF7FF5
2015-08-07 19:38:55 : Full Check=FF7FF5
2015-08-07 19:38:56 : Full Check=FF7FF5
2015-08-07 19:38:56 : Full Check=FF7FF5
2015-08-07 19:38:56 : Full Check=FF7FF5
2015-08-07 19:38:56 : Full Check=FE78F4
2015-08-07 19:38:56 : Full Check=FF7FF5
2015-08-07 19:38:56 : Full Check=FF7FF5
2015-08-07 19:38:56 : Full Check=FF7FF5
2015-08-07 19:38:56 : Full Check=FF7FF5
2015-08-07 19:38:56 : Full Check=FB75F1
2015-08-07 19:38:56 : Full Check=FF78F3
2015-08-07 19:38:56 : Full Check=FE78F4
2015-08-07 19:38:56 : Full Check=FB75F1
2015-08-07 19:38:56 : Full Check=FF78F3
2015-08-07 19:38:56 : Full Check=F164DF
2015-08-07 19:38:56 : Full Check=FF7FF5
2015-08-07 19:38:56 : Full Check=FF7FF5
2015-08-07 19:38:56 : Full Check=FF7FF5
2015-08-07 19:38:57 : Full Check=FE78F4
2015-08-07 19:38:57 : Full Check=F164DF
2015-08-07 19:38:57 : Full Check=FF7FF5
2015-08-07 19:38:57 : Full Check=FB75F1
2015-08-07 19:38:57 : Full Check=FF7FF5
2015-08-07 19:38:57 : Full Check=FF7FF5
2015-08-07 19:38:57 : Full Check=FF7FF5
2015-08-07 19:38:57 : Full Check=FB75F1
2015-08-07 19:38:57 : Full Check=FE78F4
2015-08-07 19:38:57 : Full Check=FF7FF5
2015-08-07 19:38:57 : Full Check=FF7FF5
2015-08-07 19:38:57 : Full Check=FE78F4
2015-08-07 19:38:57 : Full Check=FF7FF5
2015-08-07 19:38:57 : Full Check=FE78F4
2015-08-07 19:38:57 : Full Check=F164DF
2015-08-07 19:38:57 : Full Check=FF7FF5
2015-08-07 19:38:58 : Full Check=FB75F1
2015-08-07 19:38:58 : Full Check=FF7FF5
2015-08-07 19:38:58 : Full Check=FF7FF5
2015-08-07 19:38:58 : Full Check=FB75F1
2015-08-07 19:38:58 : Full Check=FF7FF5
2015-08-07 19:38:58 : Full Check=FB75F1
2015-08-07 19:38:58 : Full Check=FF7FF5
2015-08-07 19:38:58 : Full Check=FF7FF5
2015-08-07 19:38:58 : Full Check=FB75F1
2015-08-07 19:38:58 : Full Check=FF7FF5
2015-08-07 19:38:58 : Full Check=FB75F1
2015-08-07 19:38:58 : Full Check=FF78F3
2015-08-07 19:38:58 : Full Check=FF7FF5
2015-08-07 19:38:58 : Full Check=FB75F1
2015-08-07 19:38:58 : Full Check=FF7FF5
2015-08-07 19:38:58 : Full Check=FE78F4
2015-08-07 19:38:59 : Full Check=FB75F1
2015-08-07 19:38:59 : Full Check=FF7FF5
2015-08-07 19:38:59 : Full Check=FF7FF5
2015-08-07 19:38:59 : Move from Barrack 4 direction -1
2015-08-07 19:39:00 : Barrack3 selected
2015-08-07 19:39:03 : Full Check=DE58D0
2015-08-07 19:39:03 : Full Check=DE58D0
2015-08-07 19:39:03 : Full Check=FB75F1
2015-08-07 19:39:03 : Full Check=FF7FF5
2015-08-07 19:39:03 : Full Check=FB75F1
2015-08-07 19:39:03 : Full Check=FF7FF5
2015-08-07 19:39:03 : Full Check=FB75F1
2015-08-07 19:39:03 : Full Check=FF7FF5
2015-08-07 19:39:03 : Full Check=FF7FF5
2015-08-07 19:39:03 : Full Check=FF7FF5
2015-08-07 19:39:03 : Full Check=FF7FF5
2015-08-07 19:39:03 : Full Check=FE78F4
2015-08-07 19:39:03 : Full Check=FF7FF5
2015-08-07 19:39:03 : Full Check=FF7FF5
2015-08-07 19:39:03 : Full Check=FF7FF5
2015-08-07 19:39:04 : Full Check=FF7FF5
2015-08-07 19:39:04 : Full Check=FF7FF5
2015-08-07 19:39:04 : Full Check=FE78F4
2015-08-07 19:39:04 : Full Check=FF7FF5
2015-08-07 19:39:04 : Full Check=FE78F4
2015-08-07 19:39:04 : Full Check=FF7FF5
2015-08-07 19:39:04 : Full Check=FF7FF5
2015-08-07 19:39:04 : Full Check=FF7FF5
2015-08-07 19:39:04 : Full Check=FF7FF5
2015-08-07 19:39:04 : Full Check=FE78F4
2015-08-07 19:39:04 : Full Check=FF7FF5
2015-08-07 19:39:04 : Full Check=FF7FF5
2015-08-07 19:39:04 : Full Check=FF7FF5
2015-08-07 19:39:04 : Full Check=FF78F3
2015-08-07 19:39:04 : Full Check=FF7FF5
2015-08-07 19:39:04 : Full Check=FE78F4
2015-08-07 19:39:05 : Full Check=FB75F1
2015-08-07 19:39:05 : Full Check=FF78F3
2015-08-07 19:39:05 : Full Check=FF7FF5
2015-08-07 19:39:05 : Full Check=FF80F8
2015-08-07 19:39:05 : Full Check=FF7FF5
2015-08-07 19:39:05 : Full Check=FF7FF5
2015-08-07 19:39:05 : Full Check=FF7FF5
2015-08-07 19:39:05 : Full Check=FF7FF5
2015-08-07 19:39:05 : Full Check=FE78F4
2015-08-07 19:39:05 : Full Check=FB75F1
2015-08-07 19:39:05 : Full Check=FF78F3
2015-08-07 19:39:05 : Full Check=FF80F8
2015-08-07 19:39:05 : Full Check=FF7FF5
2015-08-07 19:39:05 : Full Check=F164DF
2015-08-07 19:39:05 : Full Check=FF7FF5
2015-08-07 19:39:05 : Full Check=FF7FF5
2015-08-07 19:39:06 : Full Check=FF78F3
2015-08-07 19:39:06 : Full Check=FF7FF5
2015-08-07 19:39:06 : Full Check=FE78F4
2015-08-07 19:39:06 : Full Check=FF7FF5
2015-08-07 19:39:06 : Full Check=FF7FF5
2015-08-07 19:39:06 : Full Check=FF7FF5
2015-08-07 19:39:06 : Full Check=F164DF
2015-08-07 19:39:06 : Full Check=FF7FF5
2015-08-07 19:39:06 : Full Check=F164DF
2015-08-07 19:39:06 : Full Check=FF7FF5
2015-08-07 19:39:06 : Full Check=FF7FF5
2015-08-07 19:39:06 : Full Check=F164DF
2015-08-07 19:39:06 : Full Check=FE78F4
2015-08-07 19:39:06 : Full Check=FF7FF5
2015-08-07 19:39:06 : Full Check=FF7FF5
2015-08-07 19:39:06 : Full Check=FF7FF5
2015-08-07 19:39:07 : Full Check=FF78F3
2015-08-07 19:39:07 : Full Check=FF78F3
2015-08-07 19:39:07 : Full Check=FF7FF5
2015-08-07 19:39:07 : Full Check=FE78F4
2015-08-07 19:39:07 : Full Check=FE78F4
2015-08-07 19:39:07 : Full Check=FF7FF5
2015-08-07 19:39:07 : Full Check=F164DF
2015-08-07 19:39:07 : Full Check=FF7FF5
2015-08-07 19:39:07 : Full Check=FF7FF5
2015-08-07 19:39:07 : Full Check=FF7FF5
2015-08-07 19:39:07 : Full Check=FF7FF5
2015-08-07 19:39:07 : Full Check=FB75F1
2015-08-07 19:39:08 : Move from Barrack 3 direction -1
2015-08-07 19:39:09 : Barrack2 selected
2015-08-07 19:39:11 : Full Check=E05AD0
2015-08-07 19:39:11 : Full Check=E05AD0
2015-08-07 19:39:11 : Full Check=FF7EF7
2015-08-07 19:39:11 : Full Check=FF7EF7
2015-08-07 19:39:11 : Full Check=FF76F1
2015-08-07 19:39:11 : Full Check=FF7EF7
2015-08-07 19:39:12 : Full Check=FF7EF7
2015-08-07 19:39:12 : Full Check=FE76EE
2015-08-07 19:39:12 : Full Check=FF79F5
2015-08-07 19:39:12 : Full Check=FF7EF7
2015-08-07 19:39:12 : Full Check=FF7EF7
2015-08-07 19:39:12 : Full Check=FF7EF7
2015-08-07 19:39:12 : Full Check=FF79F5
2015-08-07 19:39:12 : Full Check=FF7EF7
2015-08-07 19:39:12 : Full Check=FF7EF7
2015-08-07 19:39:12 : Full Check=FF7EF7
2015-08-07 19:39:12 : Full Check=FF76F1
2015-08-07 19:39:12 : Full Check=FF7EF7
2015-08-07 19:39:12 : Full Check=FF76F1
2015-08-07 19:39:12 : Full Check=FF7EF7
2015-08-07 19:39:12 : Full Check=FF79F5
2015-08-07 19:39:12 : Full Check=FF7EF7
2015-08-07 19:39:13 : Full Check=FF7EF7
2015-08-07 19:39:13 : Full Check=FF7EF7
2015-08-07 19:39:13 : Full Check=FF7EF7
2015-08-07 19:39:13 : Full Check=FF79F5
2015-08-07 19:39:13 : Full Check=FF76F1
2015-08-07 19:39:13 : Full Check=FF7EF7
2015-08-07 19:39:13 : Full Check=FF7EF7
2015-08-07 19:39:13 : Full Check=FF7EF7
2015-08-07 19:39:13 : Full Check=FF7EF7
2015-08-07 19:39:13 : Full Check=FF7EF7
2015-08-07 19:39:13 : Full Check=FF79F5
2015-08-07 19:39:13 : Full Check=FF7EF7
2015-08-07 19:39:13 : Full Check=FF7EF7
2015-08-07 19:39:13 : Full Check=FF7BF6
2015-08-07 19:39:13 : Full Check=FF7EF7
2015-08-07 19:39:13 : Full Check=FF7EF7
2015-08-07 19:39:14 : Full Check=FF7EF7
2015-08-07 19:39:14 : Full Check=FF82F8
2015-08-07 19:39:14 : Full Check=FF7BF6
2015-08-07 19:39:14 : Full Check=FF76F1
2015-08-07 19:39:14 : Full Check=FF7EF7
2015-08-07 19:39:14 : Full Check=FF79F5
2015-08-07 19:39:14 : Full Check=FF7BF6
2015-08-07 19:39:14 : Full Check=FF76F1
2015-08-07 19:39:14 : Full Check=FF7EF7
2015-08-07 19:39:14 : Full Check=FF7EF7
2015-08-07 19:39:14 : Full Check=FF82F8
2015-08-07 19:39:14 : Full Check=FF7EF7
2015-08-07 19:39:14 : Full Check=FF79F5
2015-08-07 19:39:14 : Full Check=FF7EF7
2015-08-07 19:39:14 : Full Check=FF7EF7
2015-08-07 19:39:14 : Full Check=F167E2
2015-08-07 19:39:15 : Full Check=F167E2
2015-08-07 19:39:15 : Full Check=FF7EF7
2015-08-07 19:39:15 : Full Check=FF7EF7
2015-08-07 19:39:15 : Full Check=FF7EF7
2015-08-07 19:39:15 : Full Check=FF7EF7
2015-08-07 19:39:15 : Full Check=F167E2
2015-08-07 19:39:15 : Full Check=FF7EF7
2015-08-07 19:39:15 : Full Check=FF7EF7
2015-08-07 19:39:15 : Full Check=FF7EF7
2015-08-07 19:39:15 : Full Check=FF79F5
2015-08-07 19:39:15 : Full Check=FF79F5
2015-08-07 19:39:15 : Full Check=FF7EF7
2015-08-07 19:39:15 : Full Check=FF7EF7
2015-08-07 19:39:15 : Full Check=FF79F5
2015-08-07 19:39:15 : Full Check=FF79F5
2015-08-07 19:39:15 : Full Check=FF7EF7
2015-08-07 19:39:15 : Full Check=FF76F1
2015-08-07 19:39:16 : Full Check=FF7EF7
2015-08-07 19:39:16 : Full Check=FF7EF7
2015-08-07 19:39:16 : Full Check=FF76F1
2015-08-07 19:39:16 : Full Check=FF7EF7
2015-08-07 19:39:16 : Move from Barrack 2 direction -1
2015-08-07 19:39:17 : This is not a Barrack
2015-08-07 19:39:17 : ---=====================END TRAIN =======================================---
2015-08-07 19:39:19 : checkMainScreen start quiet mode
2015-08-07 19:39:19 : checkMainScreen exit quiet mode
2015-08-07 19:39:20 : checkMainScreen start quiet mode
2015-08-07 19:39:20 : checkMainScreen exit quiet mode
2015-08-07 19:39:21 : checkMainScreen start quiet mode
2015-08-07 19:39:21 : checkMainScreen exit quiet mode
2015-08-07 19:39:21 : Requesting Clan Castle Troops
2015-08-07 19:39:21 : $icount1 = 1, BB2BD1
2015-08-07 19:39:21 : Your Clan Castle is already full or you are not in a clan.
2015-08-07 19:39:22 : checkMainScreen start quiet mode
2015-08-07 19:39:23 : checkMainScreen exit quiet mode
2015-08-07 19:39:23 : checkMainScreen start quiet mode
2015-08-07 19:39:23 : checkMainScreen exit quiet mode
2015-08-07 19:39:23 : checkMainScreen start quiet mode
2015-08-07 19:39:24 : checkMainScreen exit quiet mode
2015-08-07 19:39:26 : Finished kicking
2015-08-07 19:39:26 : Func Idle 
2015-08-07 19:39:26 : Bot clean start
2015-08-07 19:39:27 : Trying to locate Main Screen
2015-08-07 19:39:27 : Main Screen Located
2015-08-07 19:39:28 : Halt Attack, Stay Online/Train/Collect/Donate...
2015-08-07 19:39:29 : checkMainScreen start quiet mode
2015-08-07 19:39:29 : checkMainScreen exit quiet mode
2015-08-07 19:39:29 : Collecting Resources
2015-08-07 19:39:35 : checkMainScreen start quiet mode
2015-08-07 19:39:35 : checkMainScreen exit quiet mode
2015-08-07 19:39:36 : Checking if Village needs Rearming..
2015-08-07 19:39:42 : checkMainScreen start quiet mode
2015-08-07 19:39:42 : checkMainScreen exit quiet mode
2015-08-07 19:39:43 : checkMainScreen start quiet mode
2015-08-07 19:39:43 : checkMainScreen exit quiet mode
2015-08-07 19:39:44 : Village Report
2015-08-07 19:39:44 : No. of Free/Total Builders: 0/4
2015-08-07 19:39:44 :  [T]: 2 558
2015-08-07 19:39:44 :  [G]: 1 069 803 [E]: 4 679 964 [D]: 16 171 [GEM]: 1 981
2015-08-07 19:39:45 : checkMainScreen start quiet mode
2015-08-07 19:39:45 : checkMainScreen exit quiet mode
2015-08-07 19:39:45 : checkMainScreen start quiet mode
2015-08-07 19:39:45 : checkMainScreen exit quiet mode
2015-08-07 19:39:46 : checkMainScreen start quiet mode
2015-08-07 19:39:47 : checkMainScreen exit quiet mode
2015-08-07 19:39:47 : Func Train 
2015-08-07 19:39:47 : Halt enabled, $TotalTrainedTroops= 200, Adj TotalCamp= 192
2015-08-07 19:39:47 : Checking Overview for full army [!] True, 407508
2015-08-07 19:39:47 : Checking Overview for full CC [!] True, 407508
2015-08-07 19:39:56 : Checking Overview for full Heroes [!] False, 407508
2015-08-07 19:40:09 : FullArmy & TotalTrained = skip training
2015-08-07 19:40:10 : checkMainScreen start quiet mode
2015-08-07 19:40:10 : checkMainScreen exit quiet mode
2015-08-07 19:40:11 : checkMainScreen start quiet mode
2015-08-07 19:40:11 : checkMainScreen exit quiet mode
2015-08-07 19:40:12 : checkMainScreen start quiet mode
2015-08-07 19:40:12 : checkMainScreen exit quiet mode
2015-08-07 19:40:12 : Requesting Clan Castle Troops
2015-08-07 19:40:13 : $icount1 = 1, BB2BD1
2015-08-07 19:40:13 : Your Clan Castle is already full or you are not in a clan.
2015-08-07 19:40:14 : checkMainScreen start quiet mode
2015-08-07 19:40:14 : checkMainScreen exit quiet mode
2015-08-07 19:40:14 : checkMainScreen start quiet mode
2015-08-07 19:40:14 : checkMainScreen exit quiet mode
2015-08-07 19:40:15 : checkMainScreen start quiet mode
2015-08-07 19:40:15 : checkMainScreen exit quiet mode
2015-08-07 19:40:17 : Finished kicking
2015-08-07 19:40:17 : Func Idle 
2015-08-07 19:40:17 : Bot clean start
2015-08-07 19:40:18 : Trying to locate Main Screen
2015-08-07 19:40:18 : Main Screen Located
2015-08-07 19:40:19 : Halt Attack, Stay Online/Train/Collect/Donate...
2015-08-07 19:40:20 : checkMainScreen start quiet mode
2015-08-07 19:40:21 : checkMainScreen exit quiet mode
2015-08-07 19:40:21 : Collecting Resources
2015-08-07 19:40:26 : checkMainScreen start quiet mode
2015-08-07 19:40:26 : checkMainScreen exit quiet mode
2015-08-07 19:40:28 : Checking if Village needs Rearming..
2015-08-07 19:40:34 : checkMainScreen start quiet mode
2015-08-07 19:40:34 : checkMainScreen exit quiet mode
2015-08-07 19:40:35 : checkMainScreen start quiet mode
2015-08-07 19:40:35 : checkMainScreen exit quiet mode
2015-08-07 19:40:35 : Village Report
2015-08-07 19:40:35 : No. of Free/Total Builders: 0/4
2015-08-07 19:40:36 :  [T]: 2 558
2015-08-07 19:40:36 :  [G]: 1 069 803 [E]: 4 679 964 [D]: 16 171 [GEM]: 1 981
2015-08-07 19:40:36 : checkMainScreen start quiet mode
2015-08-07 19:40:36 : checkMainScreen exit quiet mode
2015-08-07 19:40:37 : checkMainScreen start quiet mode
2015-08-07 19:40:37 : checkMainScreen exit quiet mode
2015-08-07 19:40:38 : checkMainScreen start quiet mode
2015-08-07 19:40:38 : checkMainScreen exit quiet mode
2015-08-07 19:40:38 : Func Train 
2015-08-07 19:40:38 : Halt enabled, $TotalTrainedTroops= 200, Adj TotalCamp= 192
2015-08-07 19:40:39 : Checking Overview for full army [!] True, 407508
2015-08-07 19:40:39 : Checking Overview for full CC [!] True, 407508
2015-08-07 19:40:46 : Checking Overview for full Heroes [!] False, 407508
2015-08-07 19:40:50 : FullArmy & TotalTrained = skip training
