2015-08-08 00:34:44 : ~ Clash Game Bot v4.1MODS Powered by GameBot.org ~
2015-08-08 00:34:44 : GameBot.org.exe Executable running on WIN_7  X64
2015-08-08 00:34:44 : =================== Bot Start ====================
2015-08-08 00:34:44 : -------------------------  Current Profile: 04 --------------------------
2015-08-08 00:34:44 :  Warning Debug Mode Enabled! Setlog: 1 OCR: 0 RedArea: 0 
2015-08-08 00:34:44 : Trying to locate Main Screen
2015-08-08 00:34:44 : Main Screen Located
2015-08-08 00:34:45 : Detecting your Buildings..
2015-08-08 00:34:53 : Language setting is English: Correct.
2015-08-08 00:34:53 : Bot clean start
2015-08-08 00:34:54 : Trying to locate Main Screen
2015-08-08 00:34:54 : Main Screen Located
2015-08-08 00:34:55 : checkMainScreen start quiet mode
2015-08-08 00:34:55 : checkMainScreen exit quiet mode
2015-08-08 00:34:55 : Collecting Resources
2015-08-08 00:35:01 : checkMainScreen start quiet mode
2015-08-08 00:35:01 : checkMainScreen exit quiet mode
2015-08-08 00:35:02 : Checking if Village needs Rearming..
2015-08-08 00:35:08 : checkMainScreen start quiet mode
2015-08-08 00:35:08 : checkMainScreen exit quiet mode
2015-08-08 00:35:09 : checkMainScreen start quiet mode
2015-08-08 00:35:09 : checkMainScreen exit quiet mode
2015-08-08 00:35:10 : Village Report
2015-08-08 00:35:10 : No. of Free/Total Builders: 0/4
2015-08-08 00:35:10 :  [T]: 2 546
2015-08-08 00:35:10 :  [G]: 1 749 904 [E]: 5 203 294 [D]: 18 474 [GEM]: 1 981
2015-08-08 00:35:10 : checkMainScreen start quiet mode
2015-08-08 00:35:10 : checkMainScreen exit quiet mode
2015-08-08 00:35:11 : checkMainScreen start quiet mode
2015-08-08 00:35:11 : checkMainScreen exit quiet mode
2015-08-08 00:35:12 : checkMainScreen start quiet mode
2015-08-08 00:35:12 : checkMainScreen exit quiet mode
2015-08-08 00:35:12 : Func Train 
2015-08-08 00:35:12 : Halt enabled, $TotalTrainedTroops= 0, Adj TotalCamp= -8
2015-08-08 00:35:12 : Checking Army Camp...
2015-08-08 00:35:14 : $sArmyInfo = 200#200
2015-08-08 00:35:14 : $CurCamp = 200
2015-08-08 00:35:14 : $TotalCamp = 200
2015-08-08 00:35:14 : Total Army Camp capacity: 200/200
2015-08-08 00:35:14 : $hBitmapFirst made
2015-08-08 00:35:15 : Calling CGBfunctions.dll/searchIdentifyTroopTrained 
2015-08-08 00:35:17 : Dll return $FullTemp :Barbarian|8-21|79#Archer|71-22|121
2015-08-08 00:35:17 : $Trooptype split # : 2
2015-08-08 00:35:17 : Start the Loop
2015-08-08 00:35:17 : $TroopTypeT[$i] split : 1
2015-08-08 00:35:17 :  - No. of Barbarians: 79
2015-08-08 00:35:17 : $TroopTypeT[$i] split : 2
2015-08-08 00:35:17 :  - No. of Archers: 121
2015-08-08 00:35:18 : start barrackstatus
2015-08-08 00:35:18 : OK, I'm in army overview
2015-08-08 00:35:18 : barrack 1 found upgrading! color 6B6964
2015-08-08 00:35:18 : barrack 2 found! color 888070
2015-08-08 00:35:18 : barrack 3 found! color 888070
2015-08-08 00:35:18 : barrack 4 found! color 888070
2015-08-08 00:35:18 : dark barrack 1 found! color 888070
2015-08-08 00:35:18 : dark barrack 5 found upgrading! color 6B6964
2015-08-08 00:35:18 : Factory Spell found! color 888070
2015-08-08 00:35:18 : Dark Factory Spell found! color 888070
2015-08-08 00:35:18 : Barracks and Spell factory status: 
2015-08-08 00:35:18 : - Barracks detected: 4 | Available: 3 | Upgrading: 1
2015-08-08 00:35:18 : - Dark Barracks detected: 2 | Available: 1 | Upgrading: 1
2015-08-08 00:35:18 : - Spell factory detected: 1 | Available: 1 | Upgrading: 0
2015-08-08 00:35:18 : - Dark Spell factory detected: 1 | Available: 1 | Upgrading: 0
2015-08-08 00:35:18 : Trainaviable[0] = 1
2015-08-08 00:35:18 : Trainaviable[1] = 0
2015-08-08 00:35:18 : Trainaviable[2] = 1
2015-08-08 00:35:18 : Trainaviable[3] = 1
2015-08-08 00:35:18 : Trainaviable[4] = 1
2015-08-08 00:35:18 : Trainaviable[5] = 1
2015-08-08 00:35:18 : Trainaviable[6] = 0
2015-08-08 00:35:18 : Trainaviable[7] = 1
2015-08-08 00:35:18 : Trainaviable[8] = 1
2015-08-08 00:35:18 : Training Troops...
2015-08-08 00:35:18 : Train: need to make normal troops: True
2015-08-08 00:35:18 : Train: need to make dark troops: False
2015-08-08 00:35:19 : LAST BARRACK = 4
2015-08-08 00:35:19 : OverView TabColor=B7BBB8
2015-08-08 00:35:19 : Last Barrack TabColor=888070
2015-08-08 00:35:19 : Your Army Camps are now Full
2015-08-08 00:35:19 : ---------COMPUTE TROOPS TO MAKE------------------------
2015-08-08 00:35:19 : -- Compute AnotherTroops to train
2015-08-08 00:35:19 : Need to train (height) GOBL:0% BARB: 120% ARCH: 80% AND 0 other troops space
2015-08-08 00:35:19 : Total Troops to be Trained= 200
2015-08-08 00:35:19 : BARRACKNUM: 3
2015-08-08 00:35:19 : ArchEBarrack: 26
2015-08-08 00:35:19 : BarbEBarrack: 40
2015-08-08 00:35:19 : DARKBARRACKNUM: 1
2015-08-08 00:35:19 : ---------END COMPUTE TROOPS TO MAKE--------------------
2015-08-08 00:35:19 : 
2015-08-08 00:35:19 : ---------TRAIN BARRACK MODE------------------------
2015-08-08 00:35:19 : Barrack4 selected
2015-08-08 00:35:21 : Full Check=DE58D0
2015-08-08 00:35:21 : Full Check=DE58D0
2015-08-08 00:35:21 : Full Check=FF7FF5
2015-08-08 00:35:21 : Full Check=FF7FF5
2015-08-08 00:35:22 : Full Check=FB75F1
2015-08-08 00:35:22 : Full Check=FF7FF5
2015-08-08 00:35:22 : Full Check=FE78F4
2015-08-08 00:35:22 : Full Check=FF7FF5
2015-08-08 00:35:22 : Full Check=FF7FF5
2015-08-08 00:35:22 : Full Check=FF7FF5
2015-08-08 00:35:22 : Full Check=FF7FF5
2015-08-08 00:35:22 : Full Check=FE78F4
2015-08-08 00:35:22 : Full Check=FF7FF5
2015-08-08 00:35:22 : Full Check=FE78F4
2015-08-08 00:35:22 : Full Check=FB75F1
2015-08-08 00:35:22 : Full Check=FF7FF5
2015-08-08 00:35:22 : Full Check=FB75F1
2015-08-08 00:35:22 : Full Check=FF7FF5
2015-08-08 00:35:22 : Full Check=FE78F4
2015-08-08 00:35:22 : Full Check=FF78F3
2015-08-08 00:35:22 : Full Check=FF7FF5
2015-08-08 00:35:23 : Full Check=FF7FF5
2015-08-08 00:35:23 : Full Check=FF78F3
2015-08-08 00:35:23 : Full Check=FF7FF5
2015-08-08 00:35:23 : Full Check=FE78F4
2015-08-08 00:35:23 : Full Check=FB75F1
2015-08-08 00:35:23 : Full Check=FF7FF5
2015-08-08 00:35:23 : Full Check=FF7FF5
2015-08-08 00:35:23 : Full Check=FF7FF5
2015-08-08 00:35:23 : Full Check=FF7FF5
2015-08-08 00:35:23 : Full Check=FE78F4
2015-08-08 00:35:23 : Full Check=FE78F4
2015-08-08 00:35:23 : Full Check=FF78F3
2015-08-08 00:35:23 : Full Check=FF7FF5
2015-08-08 00:35:23 : Full Check=FF7FF5
2015-08-08 00:35:23 : Full Check=FF7FF5
2015-08-08 00:35:23 : Full Check=FE78F4
2015-08-08 00:35:24 : Full Check=FE78F4
2015-08-08 00:35:24 : Full Check=F164DF
2015-08-08 00:35:24 : Full Check=FF7FF5
2015-08-08 00:35:24 : Full Check=FE78F4
2015-08-08 00:35:24 : Full Check=FF80F8
2015-08-08 00:35:24 : Full Check=FF7FF5
2015-08-08 00:35:24 : Full Check=F164DF
2015-08-08 00:35:24 : Full Check=FF80F8
2015-08-08 00:35:24 : Full Check=FB75F1
2015-08-08 00:35:24 : Full Check=FF78F3
2015-08-08 00:35:24 : Full Check=FF7FF5
2015-08-08 00:35:24 : Full Check=FE78F4
2015-08-08 00:35:24 : Full Check=FF7FF5
2015-08-08 00:35:24 : Full Check=FF7FF5
2015-08-08 00:35:24 : Full Check=FF7FF5
2015-08-08 00:35:24 : Full Check=FF7FF5
2015-08-08 00:35:25 : Full Check=FE78F4
2015-08-08 00:35:25 : Full Check=FB75F1
2015-08-08 00:35:25 : Full Check=FF7FF5
2015-08-08 00:35:25 : Full Check=FE78F4
2015-08-08 00:35:25 : Full Check=FE78F4
2015-08-08 00:35:25 : Full Check=FF7FF5
2015-08-08 00:35:25 : Full Check=FE78F4
2015-08-08 00:35:25 : Full Check=FB75F1
2015-08-08 00:35:25 : Full Check=FF7FF5
2015-08-08 00:35:25 : Full Check=FE78F4
2015-08-08 00:35:25 : Full Check=FB75F1
2015-08-08 00:35:25 : Full Check=FF7FF5
2015-08-08 00:35:25 : Full Check=FF7FF5
2015-08-08 00:35:25 : Full Check=FF7FF5
2015-08-08 00:35:25 : Full Check=FB75F1
2015-08-08 00:35:25 : Full Check=FF7FF5
2015-08-08 00:35:25 : Full Check=FF7FF5
2015-08-08 00:35:26 : Full Check=FF7FF5
2015-08-08 00:35:26 : Full Check=FF7FF5
2015-08-08 00:35:26 : Full Check=FF7FF5
2015-08-08 00:35:26 : Full Check=FE78F4
2015-08-08 00:35:26 : Full Check=FF78F3
2015-08-08 00:35:26 : Move from Barrack 4 direction -1
2015-08-08 00:35:27 : Barrack3 selected
2015-08-08 00:35:30 : Full Check=DE58D0
2015-08-08 00:35:30 : Full Check=DE58D0
2015-08-08 00:35:30 : Full Check=FF80F8
2015-08-08 00:35:30 : Full Check=FE78F4
2015-08-08 00:35:30 : Full Check=FE78F4
2015-08-08 00:35:30 : Full Check=FF80F8
2015-08-08 00:35:30 : Full Check=FD74EE
2015-08-08 00:35:30 : Full Check=FF7FF5
2015-08-08 00:35:30 : Full Check=FF7FF5
2015-08-08 00:35:30 : Full Check=FF7FF5
2015-08-08 00:35:30 : Full Check=FE78F4
2015-08-08 00:35:30 : Full Check=FE78F4
2015-08-08 00:35:30 : Full Check=FF7FF5
2015-08-08 00:35:31 : Full Check=FF7FF5
2015-08-08 00:35:31 : Full Check=FB75F1
2015-08-08 00:35:31 : Full Check=FF80F8
2015-08-08 00:35:31 : Full Check=FE78F4
2015-08-08 00:35:31 : Full Check=FF7FF5
2015-08-08 00:35:31 : Full Check=FE78F4
2015-08-08 00:35:31 : Full Check=FB75F1
2015-08-08 00:35:31 : Full Check=FF7FF5
2015-08-08 00:35:31 : Full Check=FF7FF5
2015-08-08 00:35:31 : Full Check=FB75F1
2015-08-08 00:35:31 : Full Check=FF7FF5
2015-08-08 00:35:31 : Full Check=FF7FF5
2015-08-08 00:35:31 : Full Check=FE78F4
2015-08-08 00:35:31 : Full Check=FF80F8
2015-08-08 00:35:31 : Full Check=FB75F1
2015-08-08 00:35:31 : Full Check=FF7FF5
2015-08-08 00:35:32 : Full Check=FF7FF5
2015-08-08 00:35:32 : Full Check=FE78F4
2015-08-08 00:35:32 : Full Check=FF78F3
2015-08-08 00:35:32 : Full Check=FF7FF5
2015-08-08 00:35:32 : Full Check=FF7FF5
2015-08-08 00:35:32 : Full Check=FE78F4
2015-08-08 00:35:32 : Full Check=FF80F8
2015-08-08 00:35:32 : Full Check=FF7FF5
2015-08-08 00:35:32 : Full Check=FE78F4
2015-08-08 00:35:32 : Full Check=FF7FF5
2015-08-08 00:35:32 : Full Check=FF80F8
2015-08-08 00:35:32 : Full Check=FB75F1
2015-08-08 00:35:32 : Full Check=FF7FF5
2015-08-08 00:35:32 : Full Check=FF7FF5
2015-08-08 00:35:32 : Full Check=FE78F4
2015-08-08 00:35:32 : Full Check=F164DF
2015-08-08 00:35:33 : Full Check=FF7FF5
2015-08-08 00:35:33 : Full Check=FF7FF5
2015-08-08 00:35:33 : Full Check=FF7FF5
2015-08-08 00:35:33 : Full Check=FF7FF5
2015-08-08 00:35:33 : Full Check=FE78F4
2015-08-08 00:35:33 : Full Check=FB75F1
2015-08-08 00:35:33 : Full Check=FE78F4
2015-08-08 00:35:33 : Full Check=FE78F4
2015-08-08 00:35:33 : Full Check=FF7FF5
2015-08-08 00:35:33 : Full Check=FE78F4
2015-08-08 00:35:33 : Full Check=FF7FF5
2015-08-08 00:35:33 : Full Check=FE78F4
2015-08-08 00:35:33 : Full Check=FF80F8
2015-08-08 00:35:33 : Full Check=FF7FF5
2015-08-08 00:35:33 : Full Check=FE78F4
2015-08-08 00:35:33 : Full Check=FF7FF5
2015-08-08 00:35:33 : Full Check=FF7FF5
2015-08-08 00:35:34 : Full Check=FF78F3
2015-08-08 00:35:34 : Full Check=FF7FF5
2015-08-08 00:35:34 : Full Check=FF7FF5
2015-08-08 00:35:34 : Full Check=FB75F1
2015-08-08 00:35:34 : Full Check=FE78F4
2015-08-08 00:35:34 : Full Check=FB75F1
2015-08-08 00:35:34 : Full Check=FF7FF5
2015-08-08 00:35:34 : Full Check=FB75F1
2015-08-08 00:35:34 : Full Check=FF7FF5
2015-08-08 00:35:34 : Full Check=FB75F1
2015-08-08 00:35:34 : Full Check=FF7FF5
2015-08-08 00:35:34 : Full Check=FB75F1
2015-08-08 00:35:34 : Full Check=FF7FF5
2015-08-08 00:35:35 : Move from Barrack 3 direction -1
2015-08-08 00:35:36 : Barrack2 selected
2015-08-08 00:35:38 : Full Check=E05AD0
2015-08-08 00:35:38 : Full Check=E05AD0
2015-08-08 00:35:38 : Full Check=FF7EF7
2015-08-08 00:35:38 : Full Check=FF7EF7
2015-08-08 00:35:38 : Full Check=FF76F1
2015-08-08 00:35:39 : Full Check=FF7EF7
2015-08-08 00:35:39 : Full Check=FF76F1
2015-08-08 00:35:39 : Full Check=FF82F8
2015-08-08 00:35:39 : Full Check=FF79F5
2015-08-08 00:35:39 : Full Check=FF76F1
2015-08-08 00:35:39 : Full Check=FF7EF7
2015-08-08 00:35:39 : Full Check=FF76F1
2015-08-08 00:35:39 : Full Check=FF7BF6
2015-08-08 00:35:39 : Full Check=FF79F5
2015-08-08 00:35:39 : Full Check=FF7EF7
2015-08-08 00:35:39 : Full Check=FF7EF7
2015-08-08 00:35:39 : Full Check=FF76F1
2015-08-08 00:35:39 : Full Check=FF82F8
2015-08-08 00:35:39 : Full Check=FF7EF7
2015-08-08 00:35:39 : Full Check=FF7EF7
2015-08-08 00:35:39 : Full Check=FF7EF7
2015-08-08 00:35:39 : Full Check=FF7EF7
2015-08-08 00:35:40 : Full Check=FF79F5
2015-08-08 00:35:40 : Full Check=FF7EF7
2015-08-08 00:35:40 : Full Check=FF7EF7
2015-08-08 00:35:40 : Full Check=FF76F1
2015-08-08 00:35:40 : Full Check=FF7BF6
2015-08-08 00:35:40 : Full Check=FF7EF7
2015-08-08 00:35:40 : Full Check=FF79F5
2015-08-08 00:35:40 : Full Check=FF7EF7
2015-08-08 00:35:40 : Full Check=FF7EF7
2015-08-08 00:35:40 : Full Check=FF79F5
2015-08-08 00:35:40 : Full Check=FF7EF7
2015-08-08 00:35:40 : Full Check=FF7EF7
2015-08-08 00:35:40 : Full Check=FF7EF7
2015-08-08 00:35:40 : Full Check=FF79F5
2015-08-08 00:35:40 : Full Check=FF76F1
2015-08-08 00:35:40 : Full Check=FF7BF6
2015-08-08 00:35:41 : Full Check=FF79F5
2015-08-08 00:35:41 : Full Check=FF79F5
2015-08-08 00:35:41 : Full Check=FF79F5
2015-08-08 00:35:41 : Full Check=FF7BF6
2015-08-08 00:35:41 : Full Check=FF7EF7
2015-08-08 00:35:41 : Full Check=FF7EF7
2015-08-08 00:35:41 : Full Check=FF79F5
2015-08-08 00:35:41 : Full Check=FF7EF7
2015-08-08 00:35:41 : Full Check=F167E2
2015-08-08 00:35:41 : Full Check=FF7EF7
2015-08-08 00:35:41 : Full Check=FF76F1
2015-08-08 00:35:41 : Full Check=FF82F8
2015-08-08 00:35:41 : Full Check=FF7EF7
2015-08-08 00:35:41 : Full Check=F167E2
2015-08-08 00:35:41 : Full Check=FF7EF7
2015-08-08 00:35:41 : Full Check=FF79F5
2015-08-08 00:35:42 : Full Check=F167E2
2015-08-08 00:35:42 : Full Check=FF7BF6
2015-08-08 00:35:42 : Full Check=FF76F1
2015-08-08 00:35:42 : Full Check=FF7EF7
2015-08-08 00:35:42 : Full Check=FF7EF7
2015-08-08 00:35:42 : Full Check=F167E2
2015-08-08 00:35:42 : Full Check=FF7BF6
2015-08-08 00:35:42 : Full Check=FF7EF7
2015-08-08 00:35:42 : Full Check=FF7EF7
2015-08-08 00:35:42 : Full Check=FF7EF7
2015-08-08 00:35:42 : Full Check=FF76F1
2015-08-08 00:35:42 : Full Check=FF76F1
2015-08-08 00:35:42 : Full Check=FF7EF7
2015-08-08 00:35:42 : Full Check=FF7EF7
2015-08-08 00:35:42 : Full Check=FF7BF6
2015-08-08 00:35:43 : Full Check=FF7EF7
2015-08-08 00:35:43 : Full Check=FF7EF7
2015-08-08 00:35:43 : Full Check=FF76F1
2015-08-08 00:35:43 : Full Check=FF7EF7
2015-08-08 00:35:43 : Full Check=FF76F1
2015-08-08 00:35:43 : Full Check=FF79F5
2015-08-08 00:35:43 : Move from Barrack 2 direction -1
2015-08-08 00:35:44 : This is not a Barrack
2015-08-08 00:35:44 : ---=====================END TRAIN =======================================---
2015-08-08 00:35:46 : checkMainScreen start quiet mode
2015-08-08 00:35:46 : checkMainScreen exit quiet mode
2015-08-08 00:35:47 : checkMainScreen start quiet mode
2015-08-08 00:35:47 : checkMainScreen exit quiet mode
2015-08-08 00:35:48 : checkMainScreen start quiet mode
2015-08-08 00:35:48 : checkMainScreen exit quiet mode
2015-08-08 00:35:49 : checkMainScreen start quiet mode
2015-08-08 00:35:49 : checkMainScreen exit quiet mode
2015-08-08 00:35:49 : Func Idle 
2015-08-08 00:35:49 : ====== Waiting for full army ======
2015-08-08 00:36:00 : checkMainScreen start quiet mode
2015-08-08 00:36:00 : checkMainScreen exit quiet mode
2015-08-08 00:36:01 : checkMainScreen start quiet mode
2015-08-08 00:36:01 : checkMainScreen exit quiet mode
2015-08-08 00:36:01 : Func Train 
2015-08-08 00:36:01 : Halt enabled, $TotalTrainedTroops= 200, Adj TotalCamp= 192
2015-08-08 00:36:01 : RESET AT 0 CurArch
2015-08-08 00:36:01 : RESET AT 0 CurGiant
2015-08-08 00:36:01 : RESET AT 0 CurWall
2015-08-08 00:36:01 : RESET AT 0 CurBarb
2015-08-08 00:36:01 : RESET AT 0 CurGobl
2015-08-08 00:36:01 : RESET AT 0 CurHeal
2015-08-08 00:36:01 : RESET AT 0 CurPekk
2015-08-08 00:36:01 : RESET AT 0 CurBall
2015-08-08 00:36:01 : RESET AT 0 CurWiza
2015-08-08 00:36:01 : RESET AT 0 CurDrag
2015-08-08 00:36:01 : RESET AT 0 CurMini
2015-08-08 00:36:01 : RESET AT 0 CurHogs
2015-08-08 00:36:01 : RESET AT 0 CurValk
2015-08-08 00:36:01 : RESET AT 0 CurGole
2015-08-08 00:36:01 : RESET AT 0 CurWitc
2015-08-08 00:36:01 : RESET AT 0 CurLava
2015-08-08 00:36:01 : Checking Army Camp...
2015-08-08 00:36:03 : $sArmyInfo = 200#200
2015-08-08 00:36:03 : $CurCamp = 200
2015-08-08 00:36:03 : $TotalCamp = 200
2015-08-08 00:36:03 : Total Army Camp capacity: 200/200
2015-08-08 00:36:03 : $hBitmapFirst made
2015-08-08 00:36:03 : Calling CGBfunctions.dll/searchIdentifyTroopTrained 
2015-08-08 00:36:04 : Dll return $FullTemp :Barbarian|8-21|79#Archer|71-22|121
2015-08-08 00:36:04 : $Trooptype split # : 2
2015-08-08 00:36:04 : Start the Loop
2015-08-08 00:36:04 : $TroopTypeT[$i] split : 1
2015-08-08 00:36:04 :  - No. of Barbarians: 79
2015-08-08 00:36:04 : $TroopTypeT[$i] split : 2
2015-08-08 00:36:04 :  - No. of Archers: 121
2015-08-08 00:36:04 : start barrackstatus
2015-08-08 00:36:04 : OK, I'm in army overview
2015-08-08 00:36:05 : barrack 1 found upgrading! color 6B6964
2015-08-08 00:36:05 : barrack 2 found! color 888070
2015-08-08 00:36:05 : barrack 3 found! color 888070
2015-08-08 00:36:05 : barrack 4 found! color 888070
2015-08-08 00:36:05 : dark barrack 1 found! color 888070
2015-08-08 00:36:05 : dark barrack 5 found upgrading! color 6B6964
2015-08-08 00:36:05 : Factory Spell found! color 888070
2015-08-08 00:36:05 : Dark Factory Spell found! color 888070
2015-08-08 00:36:05 : Barracks and Spell factory status: 
2015-08-08 00:36:05 : - Barracks detected: 4 | Available: 3 | Upgrading: 1
2015-08-08 00:36:05 : - Dark Barracks detected: 2 | Available: 1 | Upgrading: 1
2015-08-08 00:36:05 : - Spell factory detected: 1 | Available: 1 | Upgrading: 0
2015-08-08 00:36:05 : - Dark Spell factory detected: 1 | Available: 1 | Upgrading: 0
2015-08-08 00:36:05 : Trainaviable[0] = 1
2015-08-08 00:36:05 : Trainaviable[1] = 0
2015-08-08 00:36:05 : Trainaviable[2] = 1
2015-08-08 00:36:05 : Trainaviable[3] = 1
2015-08-08 00:36:05 : Trainaviable[4] = 1
2015-08-08 00:36:05 : Trainaviable[5] = 1
2015-08-08 00:36:05 : Trainaviable[6] = 0
2015-08-08 00:36:05 : Trainaviable[7] = 1
2015-08-08 00:36:05 : Trainaviable[8] = 1
2015-08-08 00:36:05 : Training Troops...
2015-08-08 00:36:05 : ClashGameBot was Paused!
2015-08-08 00:36:42 : ClashGameBot was Resumed.
2015-08-08 00:36:43 : Train: need to make normal troops: True
2015-08-08 00:36:43 : Train: need to make dark troops: False
2015-08-08 00:36:43 : LAST BARRACK = 4
2015-08-08 00:36:43 : OverView TabColor=CDCDC8
2015-08-08 00:36:43 : Last Barrack TabColor=888070
2015-08-08 00:36:43 : Last Barrack TabColor=E8E8E0
2015-08-08 00:36:44 : Your Army Camps are now Full
2015-08-08 00:36:44 : ---------COMPUTE TROOPS TO MAKE------------------------
2015-08-08 00:36:44 : -- Compute AnotherTroops to train
2015-08-08 00:36:44 : Need to train (height) GOBL:0% BARB: 120% ARCH: 80% AND 0 other troops space
2015-08-08 00:36:44 : Total Troops to be Trained= 200
2015-08-08 00:36:44 : BARRACKNUM: 3
2015-08-08 00:36:44 : ArchEBarrack: 26
2015-08-08 00:36:44 : BarbEBarrack: 40
2015-08-08 00:36:44 : DARKBARRACKNUM: 1
2015-08-08 00:36:44 : ---------END COMPUTE TROOPS TO MAKE--------------------
2015-08-08 00:36:44 : 
2015-08-08 00:36:44 : ---------TRAIN BARRACK MODE------------------------
2015-08-08 00:36:44 : Barrack4 selected
2015-08-08 00:36:44 : Full Check=8D8D8D
2015-08-08 00:36:45 : Move from Barrack 4 direction -1
2015-08-08 00:36:46 : Barrack3 selected
2015-08-08 00:36:46 : Full Check=8D8D8D
2015-08-08 00:36:47 : Move from Barrack 3 direction -1
2015-08-08 00:36:48 : Barrack2 selected
2015-08-08 00:36:49 : Full Check=8F8F8F
2015-08-08 00:36:49 : Move from Barrack 2 direction -1
2015-08-08 00:36:50 : This is not a Barrack
2015-08-08 00:36:50 : ---=====================END TRAIN =======================================---
2015-08-08 00:36:51 : checkMainScreen start quiet mode
2015-08-08 00:36:52 : checkMainScreen exit quiet mode
2015-08-08 00:36:52 : Trophy Count : 2546
2015-08-08 00:36:52 : checkMainScreen start quiet mode
2015-08-08 00:36:52 : checkMainScreen exit quiet mode
2015-08-08 00:36:53 : checkMainScreen start quiet mode
2015-08-08 00:36:53 : checkMainScreen exit quiet mode
2015-08-08 00:36:55 : Finished kicking
2015-08-08 00:36:55 : Func Idle 
2015-08-08 00:36:56 : ====== Waiting for full army ======
2015-08-08 00:37:07 : checkMainScreen start quiet mode
2015-08-08 00:37:07 : checkMainScreen exit quiet mode
2015-08-08 00:37:07 : checkMainScreen start quiet mode
2015-08-08 00:37:07 : checkMainScreen exit quiet mode
2015-08-08 00:37:07 : Func Train 
2015-08-08 00:37:07 : Halt enabled, $TotalTrainedTroops= 200, Adj TotalCamp= 192
2015-08-08 00:37:07 : RESET AT 0 CurArch
2015-08-08 00:37:07 : RESET AT 0 CurGiant
2015-08-08 00:37:07 : RESET AT 0 CurWall
2015-08-08 00:37:07 : RESET AT 0 CurBarb
2015-08-08 00:37:08 : RESET AT 0 CurGobl
2015-08-08 00:37:08 : RESET AT 0 CurHeal
2015-08-08 00:37:08 : RESET AT 0 CurPekk
2015-08-08 00:37:08 : RESET AT 0 CurBall
2015-08-08 00:37:08 : RESET AT 0 CurWiza
2015-08-08 00:37:08 : RESET AT 0 CurDrag
2015-08-08 00:37:08 : RESET AT 0 CurMini
2015-08-08 00:37:08 : RESET AT 0 CurHogs
2015-08-08 00:37:08 : RESET AT 0 CurValk
2015-08-08 00:37:08 : RESET AT 0 CurGole
2015-08-08 00:37:08 : RESET AT 0 CurWitc
2015-08-08 00:37:08 : RESET AT 0 CurLava
2015-08-08 00:37:08 : Checking Army Camp...
2015-08-08 00:37:09 : $sArmyInfo = 200#200
2015-08-08 00:37:09 : $CurCamp = 200
2015-08-08 00:37:09 : $TotalCamp = 200
2015-08-08 00:37:10 : Total Army Camp capacity: 200/200
2015-08-08 00:37:10 : $hBitmapFirst made
2015-08-08 00:37:10 : Calling CGBfunctions.dll/searchIdentifyTroopTrained 
2015-08-08 00:37:10 : Dll return $FullTemp :Barbarian|8-21|79#Archer|71-22|121
2015-08-08 00:37:10 : $Trooptype split # : 2
2015-08-08 00:37:10 : Start the Loop
2015-08-08 00:37:10 : $TroopTypeT[$i] split : 1
2015-08-08 00:37:11 :  - No. of Barbarians: 79
2015-08-08 00:37:11 : $TroopTypeT[$i] split : 2
2015-08-08 00:37:11 :  - No. of Archers: 121
2015-08-08 00:37:11 : start barrackstatus
2015-08-08 00:37:11 : OK, I'm in army overview
2015-08-08 00:37:11 : barrack 1 found upgrading! color 6B6964
2015-08-08 00:37:11 : barrack 2 found! color 888070
2015-08-08 00:37:11 : barrack 3 found! color 888070
2015-08-08 00:37:11 : barrack 4 found! color 888070
2015-08-08 00:37:11 : dark barrack 1 found! color 888070
2015-08-08 00:37:11 : dark barrack 5 found upgrading! color 6B6964
2015-08-08 00:37:11 : Factory Spell found! color 888070
2015-08-08 00:37:11 : Dark Factory Spell found! color 888070
2015-08-08 00:37:11 : Barracks and Spell factory status: 
2015-08-08 00:37:11 : - Barracks detected: 4 | Available: 3 | Upgrading: 1
2015-08-08 00:37:11 : - Dark Barracks detected: 2 | Available: 1 | Upgrading: 1
2015-08-08 00:37:11 : - Spell factory detected: 1 | Available: 1 | Upgrading: 0
2015-08-08 00:37:11 : - Dark Spell factory detected: 1 | Available: 1 | Upgrading: 0
2015-08-08 00:37:11 : Trainaviable[0] = 1
2015-08-08 00:37:11 : Trainaviable[1] = 0
2015-08-08 00:37:11 : Trainaviable[2] = 1
2015-08-08 00:37:11 : Trainaviable[3] = 1
2015-08-08 00:37:11 : Trainaviable[4] = 1
2015-08-08 00:37:11 : Trainaviable[5] = 1
2015-08-08 00:37:11 : Trainaviable[6] = 0
2015-08-08 00:37:11 : Trainaviable[7] = 1
2015-08-08 00:37:11 : Trainaviable[8] = 1
2015-08-08 00:37:11 : Training Troops...
2015-08-08 00:37:12 : Train: need to make normal troops: True
2015-08-08 00:37:12 : Train: need to make dark troops: False
2015-08-08 00:37:12 : LAST BARRACK = 4
2015-08-08 00:37:12 : OverView TabColor=CDCDC8
2015-08-08 00:37:12 : Last Barrack TabColor=888070
2015-08-08 00:37:12 : Your Army Camps are now Full
2015-08-08 00:37:12 : ---------COMPUTE TROOPS TO MAKE------------------------
2015-08-08 00:37:12 : -- Compute AnotherTroops to train
2015-08-08 00:37:12 : Need to train (height) GOBL:0% BARB: 120% ARCH: 80% AND 0 other troops space
2015-08-08 00:37:12 : Total Troops to be Trained= 200
2015-08-08 00:37:12 : BARRACKNUM: 3
2015-08-08 00:37:12 : ArchEBarrack: 26
2015-08-08 00:37:12 : BarbEBarrack: 40
2015-08-08 00:37:12 : DARKBARRACKNUM: 1
2015-08-08 00:37:12 : ---------END COMPUTE TROOPS TO MAKE--------------------
2015-08-08 00:37:12 : 
2015-08-08 00:37:12 : ---------TRAIN BARRACK MODE------------------------
2015-08-08 00:37:12 : Barrack4 selected
2015-08-08 00:37:13 : Full Check=8D8D8D
2015-08-08 00:37:13 : Move from Barrack 4 direction -1
2015-08-08 00:37:14 : Barrack3 selected
2015-08-08 00:37:15 : Full Check=8D8D8D
2015-08-08 00:37:16 : Move from Barrack 3 direction -1
2015-08-08 00:37:17 : Barrack2 selected
2015-08-08 00:37:17 : Full Check=8F8F8F
2015-08-08 00:37:18 : Move from Barrack 2 direction -1
2015-08-08 00:37:19 : This is not a Barrack
2015-08-08 00:37:19 : ---=====================END TRAIN =======================================---
2015-08-08 00:37:20 : checkMainScreen start quiet mode
2015-08-08 00:37:20 : checkMainScreen exit quiet mode
2015-08-08 00:37:20 : Trophy Count : 2546
2015-08-08 00:37:22 : Bot clean start
2015-08-08 00:37:23 : Trying to locate Main Screen
2015-08-08 00:37:23 : Main Screen Located
2015-08-08 00:37:24 : checkMainScreen start quiet mode
2015-08-08 00:37:24 : checkMainScreen exit quiet mode
2015-08-08 00:37:24 : Collecting Resources
2015-08-08 00:37:30 : checkMainScreen start quiet mode
2015-08-08 00:37:30 : checkMainScreen exit quiet mode
2015-08-08 00:37:31 : Checking if Village needs Rearming..
2015-08-08 00:37:37 : checkMainScreen start quiet mode
2015-08-08 00:37:37 : checkMainScreen exit quiet mode
2015-08-08 00:37:38 : checkMainScreen start quiet mode
2015-08-08 00:37:38 : checkMainScreen exit quiet mode
2015-08-08 00:37:39 : Village Report
2015-08-08 00:37:39 : No. of Free/Total Builders: 0/4
2015-08-08 00:37:39 :  [T]: 2 546
2015-08-08 00:37:39 :  [G]: 1 749 904 [E]: 5 203 294 [D]: 18 480 [GEM]: 1 981
2015-08-08 00:37:40 : checkMainScreen start quiet mode
2015-08-08 00:37:40 : checkMainScreen exit quiet mode
2015-08-08 00:37:40 : checkMainScreen start quiet mode
2015-08-08 00:37:40 : checkMainScreen exit quiet mode
2015-08-08 00:37:41 : checkMainScreen start quiet mode
2015-08-08 00:37:41 : checkMainScreen exit quiet mode
2015-08-08 00:37:42 : Func Train 
2015-08-08 00:37:42 : Halt enabled, $TotalTrainedTroops= 200, Adj TotalCamp= 192
2015-08-08 00:37:42 : Checking Army Camp...
2015-08-08 00:37:43 : $sArmyInfo = 200#200
2015-08-08 00:37:43 : $CurCamp = 200
2015-08-08 00:37:43 : $TotalCamp = 200
2015-08-08 00:37:44 : Total Army Camp capacity: 200/200
2015-08-08 00:37:44 : $hBitmapFirst made
2015-08-08 00:37:44 : Calling CGBfunctions.dll/searchIdentifyTroopTrained 
2015-08-08 00:37:44 : Dll return $FullTemp :Barbarian|8-21|79#Archer|71-22|121
2015-08-08 00:37:44 : $Trooptype split # : 2
2015-08-08 00:37:44 : Start the Loop
2015-08-08 00:37:45 : $TroopTypeT[$i] split : 1
2015-08-08 00:37:45 :  - No. of Barbarians: 79
2015-08-08 00:37:45 : $TroopTypeT[$i] split : 2
2015-08-08 00:37:45 :  - No. of Archers: 121
2015-08-08 00:37:45 : start barrackstatus
2015-08-08 00:37:45 : OK, I'm in army overview
2015-08-08 00:37:45 : barrack 1 found upgrading! color 6B6964
2015-08-08 00:37:45 : barrack 2 found! color 888070
2015-08-08 00:37:45 : barrack 3 found! color 888070
2015-08-08 00:37:45 : barrack 4 found! color 888070
2015-08-08 00:37:45 : dark barrack 1 found! color 888070
2015-08-08 00:37:45 : dark barrack 5 found upgrading! color 6B6964
2015-08-08 00:37:45 : Factory Spell found! color 888070
2015-08-08 00:37:45 : Dark Factory Spell found! color 888070
2015-08-08 00:37:45 : Barracks and Spell factory status: 
2015-08-08 00:37:45 : - Barracks detected: 4 | Available: 3 | Upgrading: 1
2015-08-08 00:37:45 : - Dark Barracks detected: 2 | Available: 1 | Upgrading: 1
2015-08-08 00:37:45 : - Spell factory detected: 1 | Available: 1 | Upgrading: 0
2015-08-08 00:37:45 : - Dark Spell factory detected: 1 | Available: 1 | Upgrading: 0
2015-08-08 00:37:45 : Trainaviable[0] = 1
2015-08-08 00:37:45 : Trainaviable[1] = 0
2015-08-08 00:37:45 : Trainaviable[2] = 1
2015-08-08 00:37:45 : Trainaviable[3] = 1
2015-08-08 00:37:45 : Trainaviable[4] = 1
2015-08-08 00:37:45 : Trainaviable[5] = 1
2015-08-08 00:37:45 : Trainaviable[6] = 0
2015-08-08 00:37:45 : Trainaviable[7] = 1
2015-08-08 00:37:45 : Trainaviable[8] = 1
2015-08-08 00:37:45 : Training Troops...
2015-08-08 00:37:46 : Train: need to make normal troops: True
2015-08-08 00:37:46 : Train: need to make dark troops: False
2015-08-08 00:37:46 : LAST BARRACK = 4
2015-08-08 00:37:46 : OverView TabColor=AAAFAF
2015-08-08 00:37:46 : Last Barrack TabColor=888070
2015-08-08 00:37:46 : Your Army Camps are now Full
2015-08-08 00:37:46 : ---------COMPUTE TROOPS TO MAKE------------------------
2015-08-08 00:37:46 : -- Compute AnotherTroops to train
2015-08-08 00:37:46 : Need to train (height) GOBL:0% BARB: 120% ARCH: 80% AND 0 other troops space
2015-08-08 00:37:46 : Total Troops to be Trained= 200
2015-08-08 00:37:46 : BARRACKNUM: 3
2015-08-08 00:37:46 : ArchEBarrack: 26
2015-08-08 00:37:46 : BarbEBarrack: 40
2015-08-08 00:37:46 : DARKBARRACKNUM: 1
2015-08-08 00:37:46 : ---------END COMPUTE TROOPS TO MAKE--------------------
2015-08-08 00:37:46 : 
2015-08-08 00:37:46 : ---------TRAIN BARRACK MODE------------------------
2015-08-08 00:37:46 : Barrack4 selected
2015-08-08 00:37:47 : Full Check=8D8D8D
2015-08-08 00:37:47 : Move from Barrack 4 direction -1
2015-08-08 00:37:48 : Barrack3 selected
2015-08-08 00:37:49 : Full Check=8D8D8D
2015-08-08 00:37:50 : Move from Barrack 3 direction -1
2015-08-08 00:37:51 : Barrack2 selected
2015-08-08 00:37:51 : Full Check=8F8F8F
2015-08-08 00:37:52 : Move from Barrack 2 direction -1
2015-08-08 00:37:53 : This is not a Barrack
2015-08-08 00:37:53 : ---=====================END TRAIN =======================================---
2015-08-08 00:37:55 : checkMainScreen start quiet mode
2015-08-08 00:37:55 : checkMainScreen exit quiet mode
