2015-08-07 23:58:31 : ~ Clash Game Bot v4.1MODS Powered by GameBot.org ~
2015-08-07 23:58:31 : GameBot.org.au3 Script running on WIN_7  X64
2015-08-07 23:58:31 : =================== Bot Start ====================
2015-08-07 23:58:31 : -------------------------  Current Profile: 04 --------------------------
2015-08-07 23:58:31 :  Warning Debug Mode Enabled! Setlog: 1 OCR: 0 RedArea: 0 
2015-08-07 23:58:31 : Trying to locate Main Screen
2015-08-07 23:58:31 : Main Screen Located
2015-08-07 23:58:32 : Detecting your Buildings..
2015-08-07 23:58:38 : Language setting is English: Correct.
2015-08-07 23:58:38 : Bot clean start
2015-08-07 23:58:40 : Trying to locate Main Screen
2015-08-07 23:58:40 : Main Screen Located
2015-08-07 23:58:40 : Halt Attack, Stay Online/Collect...
2015-08-07 23:58:41 : checkMainScreen start quiet mode
2015-08-07 23:58:41 : checkMainScreen exit quiet mode
2015-08-07 23:58:42 : Collecting Resources
2015-08-07 23:58:47 : checkMainScreen start quiet mode
2015-08-07 23:58:47 : checkMainScreen exit quiet mode
2015-08-07 23:58:48 : Checking if Village needs Rearming..
2015-08-07 23:58:54 : checkMainScreen start quiet mode
2015-08-07 23:58:54 : checkMainScreen exit quiet mode
2015-08-07 23:58:55 : checkMainScreen start quiet mode
2015-08-07 23:58:55 : checkMainScreen exit quiet mode
2015-08-07 23:58:56 : Village Report
2015-08-07 23:58:56 : No. of Free/Total Builders: 0/4
2015-08-07 23:58:56 :  [T]: 2 546
2015-08-07 23:58:56 :  [G]: 1 731 316 [E]: 5 188 011 [D]: 18 372 [GEM]: 1 981
2015-08-07 23:58:57 : checkMainScreen start quiet mode
2015-08-07 23:58:57 : checkMainScreen exit quiet mode
2015-08-07 23:58:57 : checkMainScreen start quiet mode
2015-08-07 23:58:57 : checkMainScreen exit quiet mode
2015-08-07 23:58:59 : checkMainScreen start quiet mode
2015-08-07 23:58:59 : checkMainScreen exit quiet mode
2015-08-07 23:59:00 : checkMainScreen start quiet mode
2015-08-07 23:59:00 : checkMainScreen exit quiet mode
2015-08-07 23:59:01 : checkMainScreen start quiet mode
2015-08-07 23:59:01 : checkMainScreen exit quiet mode
2015-08-07 23:59:02 : checkMainScreen start quiet mode
2015-08-07 23:59:02 : checkMainScreen exit quiet mode
2015-08-07 23:59:02 : checkMainScreen start quiet mode
2015-08-07 23:59:02 : checkMainScreen exit quiet mode
2015-08-07 23:59:03 : checkMainScreen start quiet mode
2015-08-07 23:59:03 : checkMainScreen exit quiet mode
2015-08-07 23:59:05 : Finished kicking
2015-08-07 23:59:05 : Func Idle 
2015-08-07 23:59:16 : checkMainScreen start quiet mode
2015-08-07 23:59:16 : checkMainScreen exit quiet mode
2015-08-07 23:59:17 : Checking Overview for full army [!] True, 407508
2015-08-07 23:59:17 : Screenshot saved: .\Profiles\04\Temp\2015-08-07_23.59.17.jpg
2015-08-07 23:59:17 : Checking Overview for full CC [!] False, DD3B3D
2015-08-08 00:05:23 : Checking Overview for full Heroes [!] False, 282828
