2015-08-07 21:51:10 : ~ Clash Game Bot v4.1MODS Powered by GameBot.org ~
2015-08-07 21:51:10 : GameBot.org.exe Executable running on WIN_7  X64
2015-08-07 21:51:10 : =================== Bot Start ====================
2015-08-07 21:51:10 : -------------------------  Current Profile: 04 --------------------------
2015-08-07 21:51:10 :  Warning Debug Mode Enabled! Setlog: 1 OCR: 0 RedArea: 0 
2015-08-07 21:51:10 : Trying to locate Main Screen
2015-08-07 21:51:12 : Zooming Out
2015-08-07 21:51:12 : Index = 0
2015-08-07 21:51:12 : ControlFocus Result = 1, ControlSend Result = 1|0
2015-08-07 21:51:12 : Index = 2
2015-08-07 21:51:13 : ControlFocus Result = 1, ControlSend Result = 1|0
2015-08-07 21:51:13 : Index = 4
2015-08-07 21:51:13 : ControlFocus Result = 1, ControlSend Result = 1|0
2015-08-07 21:51:13 : Index = 6
2015-08-07 21:51:13 : ControlFocus Result = 1, ControlSend Result = 1|0
2015-08-07 21:51:13 : Index = 8
2015-08-07 21:51:14 : ControlFocus Result = 1, ControlSend Result = 1|0
2015-08-07 21:51:14 : Index = 10
2015-08-07 21:51:14 : ControlFocus Result = 1, ControlSend Result = 1|0
2015-08-07 21:51:14 : Index = 12
2015-08-07 21:51:14 : ControlFocus Result = 1, ControlSend Result = 1|0
2015-08-07 21:51:14 : Main Screen Located
2015-08-07 21:51:15 : Detecting your Buildings..
2015-08-07 21:51:23 : Language setting is English: Correct.
2015-08-07 21:51:23 : Bot clean start
2015-08-07 21:51:24 : Trying to locate Main Screen
2015-08-07 21:51:24 : Main Screen Located
2015-08-07 21:51:25 : Halt Attack, Stay Online/Train/Collect/Donate...
2015-08-07 21:51:26 : checkMainScreen start quiet mode
2015-08-07 21:51:26 : checkMainScreen exit quiet mode
2015-08-07 21:51:26 : Collecting Resources
2015-08-07 21:51:31 : checkMainScreen start quiet mode
2015-08-07 21:51:31 : checkMainScreen exit quiet mode
2015-08-07 21:51:33 : Checking if Village needs Rearming..
2015-08-07 21:51:39 : checkMainScreen start quiet mode
2015-08-07 21:51:39 : checkMainScreen exit quiet mode
2015-08-07 21:51:39 : checkMainScreen start quiet mode
2015-08-07 21:51:40 : checkMainScreen exit quiet mode
2015-08-07 21:51:40 : Village Report
2015-08-07 21:51:40 : No. of Free/Total Builders: 0/4
2015-08-07 21:51:40 :  [T]: 2 546
2015-08-07 21:51:45 :  [G]: 1 665 903 [E]: 5 139 498 [D]: 18 030 [GEM]: 1 981
2015-08-07 21:51:45 : checkMainScreen start quiet mode
2015-08-07 21:51:45 : checkMainScreen exit quiet mode
2015-08-07 21:51:46 : checkMainScreen start quiet mode
2015-08-07 21:51:46 : checkMainScreen exit quiet mode
2015-08-07 21:51:47 : checkMainScreen start quiet mode
2015-08-07 21:51:47 : checkMainScreen exit quiet mode
2015-08-07 21:51:47 : Func Train 
2015-08-07 21:51:47 : Halt enabled, $TotalTrainedTroops= 0, Adj TotalCamp= -8
2015-08-07 21:51:47 : Checking Army Camp...
2015-08-07 21:51:48 : $sArmyInfo = 200#200
2015-08-07 21:51:48 : $CurCamp = 200
2015-08-07 21:51:48 : $TotalCamp = 200
2015-08-07 21:51:49 : Total Army Camp capacity: 200/200
2015-08-07 21:51:49 : $hBitmapFirst made
2015-08-07 21:51:49 : Calling CGBfunctions.dll/searchIdentifyTroopTrained 
2015-08-07 21:51:52 : Dll return $FullTemp :Barbarian|8-21|79#Archer|71-22|121
2015-08-07 21:51:52 : $Trooptype split # : 2
2015-08-07 21:51:52 : Start the Loop
2015-08-07 21:51:52 : $TroopTypeT[$i] split : 1
2015-08-07 21:51:52 :  - No. of Barbarians: 79
2015-08-07 21:51:52 : $TroopTypeT[$i] split : 2
2015-08-07 21:51:52 :  - No. of Archers: 121
2015-08-07 21:51:52 : start barrackstatus
2015-08-07 21:51:52 : OK, I'm in army overview
2015-08-07 21:51:52 : barrack 1 found upgrading! color 6B6964
2015-08-07 21:51:52 : barrack 2 found! color 888070
2015-08-07 21:51:52 : barrack 3 found! color 888070
2015-08-07 21:51:53 : barrack 4 found! color 888070
2015-08-07 21:51:53 : dark barrack 1 found! color 888070
2015-08-07 21:51:53 : dark barrack 5 found upgrading! color 6B6964
2015-08-07 21:51:53 : Factory Spell found! color 888070
2015-08-07 21:51:53 : Dark Factory Spell found! color 888070
2015-08-07 21:51:53 : Barracks and Spell factory status: 
2015-08-07 21:51:53 : - Barracks detected: 4 | Available: 3 | Upgrading: 1
2015-08-07 21:51:53 : - Dark Barracks detected: 2 | Available: 1 | Upgrading: 1
2015-08-07 21:51:53 : - Spell factory detected: 1 | Available: 1 | Upgrading: 0
2015-08-07 21:51:53 : - Dark Spell factory detected: 1 | Available: 1 | Upgrading: 0
2015-08-07 21:51:53 : Trainaviable[0] = 1
2015-08-07 21:51:53 : Trainaviable[1] = 0
2015-08-07 21:51:53 : Trainaviable[2] = 1
2015-08-07 21:51:53 : Trainaviable[3] = 1
2015-08-07 21:51:53 : Trainaviable[4] = 1
2015-08-07 21:51:53 : Trainaviable[5] = 1
2015-08-07 21:51:53 : Trainaviable[6] = 0
2015-08-07 21:51:53 : Trainaviable[7] = 1
2015-08-07 21:51:53 : Trainaviable[8] = 1
2015-08-07 21:51:53 : Training Troops...
2015-08-07 21:51:53 : Train: need to make normal troops: True
2015-08-07 21:51:53 : Train: need to make dark troops: False
2015-08-07 21:51:53 : LAST BARRACK = 4
2015-08-07 21:51:53 : OverView TabColor=B7BBB8
2015-08-07 21:51:53 : Last Barrack TabColor=888070
2015-08-07 21:51:54 : Last Barrack TabColor=E8E8E0
2015-08-07 21:51:54 : Your Army Camps are now Full
2015-08-07 21:51:54 : ---------COMPUTE TROOPS TO MAKE------------------------
2015-08-07 21:51:54 : -- Compute AnotherTroops to train
2015-08-07 21:51:54 : Need to train (height) GOBL:0% BARB: 120% ARCH: 80% AND 0 other troops space
2015-08-07 21:51:54 : Total Troops to be Trained= 200
2015-08-07 21:51:54 : BARRACKNUM: 3
2015-08-07 21:51:54 : ArchEBarrack: 26
2015-08-07 21:51:54 : BarbEBarrack: 40
2015-08-07 21:51:54 : DARKBARRACKNUM: 1
2015-08-07 21:51:54 : ---------END COMPUTE TROOPS TO MAKE--------------------
2015-08-07 21:51:54 : 
2015-08-07 21:51:54 : ---------TRAIN BARRACK MODE------------------------
2015-08-07 21:51:54 : Barrack4 selected
2015-08-07 21:51:56 : Full Check=DE58D0
2015-08-07 21:51:56 : Full Check=FF80F8
2015-08-07 21:51:56 : Full Check=FE78F4
2015-08-07 21:51:56 : Full Check=FF7FF5
2015-08-07 21:51:56 : Full Check=FE78F4
2015-08-07 21:51:57 : Full Check=FF7FF5
2015-08-07 21:51:57 : Full Check=FD74EE
2015-08-07 21:51:57 : Full Check=FF78F3
2015-08-07 21:51:57 : Full Check=FE78F4
2015-08-07 21:51:57 : Full Check=FF7FF5
2015-08-07 21:51:57 : Full Check=F164DF
2015-08-07 21:51:57 : Full Check=FF7FF5
2015-08-07 21:51:57 : Full Check=FF7FF5
2015-08-07 21:51:57 : Full Check=FF7FF5
2015-08-07 21:51:57 : Full Check=FE78F4
2015-08-07 21:51:57 : Full Check=FF7FF5
2015-08-07 21:51:57 : Full Check=FE78F4
2015-08-07 21:51:57 : Full Check=FB75F1
2015-08-07 21:51:57 : Full Check=FF7FF5
2015-08-07 21:51:57 : Full Check=FB75F1
2015-08-07 21:51:57 : Full Check=FF7FF5
2015-08-07 21:51:57 : Full Check=FE78F4
2015-08-07 21:51:58 : Full Check=FF80F8
2015-08-07 21:51:58 : Full Check=FF7FF5
2015-08-07 21:51:58 : Full Check=FE78F4
2015-08-07 21:51:58 : Full Check=FE78F4
2015-08-07 21:51:58 : Full Check=FF78F3
2015-08-07 21:51:58 : Full Check=FF7FF5
2015-08-07 21:51:58 : Full Check=FE78F4
2015-08-07 21:51:58 : Full Check=FE78F4
2015-08-07 21:51:58 : Full Check=FF7FF5
2015-08-07 21:51:58 : Full Check=FE78F4
2015-08-07 21:51:58 : Full Check=FE78F4
2015-08-07 21:51:58 : Full Check=FE78F4
2015-08-07 21:51:58 : Full Check=F164DF
2015-08-07 21:51:58 : Full Check=FF7FF5
2015-08-07 21:51:58 : Full Check=FF7FF5
2015-08-07 21:51:58 : Full Check=FF80F8
2015-08-07 21:51:58 : Full Check=FB75F1
2015-08-07 21:51:59 : Full Check=FE78F4
2015-08-07 21:51:59 : Full Check=FF7FF5
2015-08-07 21:51:59 : Full Check=FE78F4
2015-08-07 21:51:59 : Full Check=FF7FF5
2015-08-07 21:51:59 : Full Check=FF7FF5
2015-08-07 21:51:59 : Full Check=FE78F4
2015-08-07 21:51:59 : Full Check=FB75F1
2015-08-07 21:51:59 : Full Check=FE78F4
2015-08-07 21:51:59 : Full Check=F164DF
2015-08-07 21:51:59 : Full Check=FB75F1
2015-08-07 21:51:59 : Full Check=FF7FF5
2015-08-07 21:51:59 : Full Check=F164DF
2015-08-07 21:51:59 : Full Check=FE78F4
2015-08-07 21:51:59 : Full Check=FF7FF5
2015-08-07 21:51:59 : Full Check=FB75F1
2015-08-07 21:51:59 : Full Check=FF7FF5
2015-08-07 21:52:00 : Full Check=FB75F1
2015-08-07 21:52:00 : Full Check=FF78F3
2015-08-07 21:52:00 : Full Check=FF7FF5
2015-08-07 21:52:00 : Full Check=FE78F4
2015-08-07 21:52:00 : Full Check=FF7FF5
2015-08-07 21:52:00 : Full Check=FF7FF5
2015-08-07 21:52:00 : Full Check=FB75F1
2015-08-07 21:52:00 : Full Check=FE78F4
2015-08-07 21:52:00 : Full Check=FF7FF5
2015-08-07 21:52:00 : Full Check=FF7FF5
2015-08-07 21:52:00 : Full Check=FF7FF5
2015-08-07 21:52:00 : Full Check=FE78F4
2015-08-07 21:52:00 : Full Check=FF7FF5
2015-08-07 21:52:00 : Full Check=FF7FF5
2015-08-07 21:52:00 : Full Check=FB75F1
2015-08-07 21:52:00 : Full Check=FF7FF5
2015-08-07 21:52:00 : Full Check=FE78F4
2015-08-07 21:52:01 : Full Check=FF7FF5
2015-08-07 21:52:01 : Full Check=FF7FF5
2015-08-07 21:52:01 : Full Check=FB75F1
2015-08-07 21:52:01 : Move from Barrack 4 direction -1
2015-08-07 21:52:02 : Barrack3 selected
2015-08-07 21:52:05 : Full Check=DE58D0
2015-08-07 21:52:05 : Full Check=FF80F8
2015-08-07 21:52:05 : Full Check=FB75F1
2015-08-07 21:52:05 : Full Check=FF7FF5
2015-08-07 21:52:05 : Full Check=FB75F1
2015-08-07 21:52:05 : Full Check=FF7FF5
2015-08-07 21:52:05 : Full Check=FF78F3
2015-08-07 21:52:05 : Full Check=FE76EE
2015-08-07 21:52:05 : Full Check=FB75F1
2015-08-07 21:52:05 : Full Check=FF7FF5
2015-08-07 21:52:05 : Full Check=FF7FF5
2015-08-07 21:52:05 : Full Check=FE78F4
2015-08-07 21:52:05 : Full Check=FB75F1
2015-08-07 21:52:06 : Full Check=FB75F1
2015-08-07 21:52:06 : Full Check=FF7FF5
2015-08-07 21:52:06 : Full Check=FF7FF5
2015-08-07 21:52:06 : Full Check=FE78F4
2015-08-07 21:52:06 : Full Check=FF7FF5
2015-08-07 21:52:06 : Full Check=FE78F4
2015-08-07 21:52:06 : Full Check=FF7FF5
2015-08-07 21:52:06 : Full Check=FF7FF5
2015-08-07 21:52:06 : Full Check=FE78F4
2015-08-07 21:52:06 : Full Check=FF7FF5
2015-08-07 21:52:06 : Full Check=FE78F4
2015-08-07 21:52:06 : Full Check=FF7FF5
2015-08-07 21:52:06 : Full Check=FF7FF5
2015-08-07 21:52:06 : Full Check=FF7FF5
2015-08-07 21:52:06 : Full Check=FF7FF5
2015-08-07 21:52:06 : Full Check=FE78F4
2015-08-07 21:52:06 : Full Check=FE78F4
2015-08-07 21:52:06 : Full Check=FF78F3
2015-08-07 21:52:07 : Full Check=FF7FF5
2015-08-07 21:52:07 : Full Check=FE78F4
2015-08-07 21:52:07 : Full Check=FF7FF5
2015-08-07 21:52:07 : Full Check=FF78F3
2015-08-07 21:52:07 : Full Check=FE78F4
2015-08-07 21:52:07 : Full Check=F164DF
2015-08-07 21:52:07 : Full Check=FF7FF5
2015-08-07 21:52:07 : Full Check=FF7FF5
2015-08-07 21:52:07 : Full Check=FF7FF5
2015-08-07 21:52:07 : Full Check=FE78F4
2015-08-07 21:52:07 : Full Check=FF7FF5
2015-08-07 21:52:07 : Full Check=FB75F1
2015-08-07 21:52:07 : Full Check=FF80F8
2015-08-07 21:52:07 : Full Check=F164DF
2015-08-07 21:52:07 : Full Check=FF7FF5
2015-08-07 21:52:07 : Full Check=FF7FF5
2015-08-07 21:52:08 : Full Check=FF7FF5
2015-08-07 21:52:08 : Full Check=FE78F4
2015-08-07 21:52:08 : Full Check=F164DF
2015-08-07 21:52:08 : Full Check=FF7FF5
2015-08-07 21:52:08 : Full Check=FF7FF5
2015-08-07 21:52:08 : Full Check=FB75F1
2015-08-07 21:52:08 : Full Check=FE78F4
2015-08-07 21:52:08 : Full Check=FF80F8
2015-08-07 21:52:08 : Full Check=FB75F1
2015-08-07 21:52:08 : Full Check=FF78F3
2015-08-07 21:52:08 : Full Check=FF7FF5
2015-08-07 21:52:08 : Full Check=FE78F4
2015-08-07 21:52:08 : Full Check=FF78F3
2015-08-07 21:52:08 : Full Check=FE78F4
2015-08-07 21:52:08 : Full Check=FF7FF5
2015-08-07 21:52:08 : Full Check=FD74EE
2015-08-07 21:52:08 : Full Check=FF7FF5
2015-08-07 21:52:09 : Full Check=FE78F4
2015-08-07 21:52:09 : Full Check=FF7FF5
2015-08-07 21:52:09 : Full Check=FF7FF5
2015-08-07 21:52:09 : Full Check=FB75F1
2015-08-07 21:52:09 : Full Check=FF7FF5
2015-08-07 21:52:09 : Full Check=FB75F1
2015-08-07 21:52:09 : Full Check=FF7FF5
2015-08-07 21:52:09 : Full Check=FF7FF5
2015-08-07 21:52:09 : Full Check=FF7FF5
2015-08-07 21:52:09 : Full Check=FF7FF5
2015-08-07 21:52:09 : Full Check=FE78F4
2015-08-07 21:52:10 : Move from Barrack 3 direction -1
2015-08-07 21:52:11 : Barrack2 selected
2015-08-07 21:52:13 : Full Check=E05AD0
2015-08-07 21:52:13 : Full Check=E05AD0
2015-08-07 21:52:13 : Full Check=FF76F1
2015-08-07 21:52:13 : Full Check=FF7EF7
2015-08-07 21:52:13 : Full Check=FF7EF7
2015-08-07 21:52:13 : Full Check=FF7EF7
2015-08-07 21:52:13 : Full Check=FF79F5
2015-08-07 21:52:13 : Full Check=FF76F1
2015-08-07 21:52:14 : Full Check=FF7EF7
2015-08-07 21:52:14 : Full Check=FF76F1
2015-08-07 21:52:14 : Full Check=FF79F5
2015-08-07 21:52:14 : Full Check=FF7BF6
2015-08-07 21:52:14 : Full Check=FF7EF7
2015-08-07 21:52:14 : Full Check=FF7EF7
2015-08-07 21:52:14 : Full Check=FF76F1
2015-08-07 21:52:14 : Full Check=FF82F8
2015-08-07 21:52:14 : Full Check=FF79F5
2015-08-07 21:52:14 : Full Check=FF7EF7
2015-08-07 21:52:14 : Full Check=FF7EF7
2015-08-07 21:52:14 : Full Check=FF7EF7
2015-08-07 21:52:14 : Full Check=FF7EF7
2015-08-07 21:52:14 : Full Check=FF79F5
2015-08-07 21:52:14 : Full Check=FF7EF7
2015-08-07 21:52:14 : Full Check=FF7EF7
2015-08-07 21:52:14 : Full Check=FF7EF7
2015-08-07 21:52:15 : Full Check=F167E2
2015-08-07 21:52:15 : Full Check=FF79F5
2015-08-07 21:52:15 : Full Check=FF76F1
2015-08-07 21:52:15 : Full Check=FF7EF7
2015-08-07 21:52:15 : Full Check=FF7EF7
2015-08-07 21:52:15 : Full Check=FF7EF7
2015-08-07 21:52:15 : Full Check=FF7EF7
2015-08-07 21:52:15 : Full Check=FF79F5
2015-08-07 21:52:15 : Full Check=FF7BF6
2015-08-07 21:52:15 : Full Check=FF7EF7
2015-08-07 21:52:15 : Full Check=FF7EF7
2015-08-07 21:52:15 : Full Check=FF7EF7
2015-08-07 21:52:15 : Full Check=FF7EF7
2015-08-07 21:52:15 : Full Check=FF7EF7
2015-08-07 21:52:15 : Full Check=FF79F5
2015-08-07 21:52:15 : Full Check=FF7EF7
2015-08-07 21:52:15 : Full Check=FF79F5
2015-08-07 21:52:16 : Full Check=F167E2
2015-08-07 21:52:16 : Full Check=FF7EF7
2015-08-07 21:52:16 : Full Check=FF79F5
2015-08-07 21:52:16 : Full Check=FF7EF7
2015-08-07 21:52:16 : Full Check=FF7EF7
2015-08-07 21:52:16 : Full Check=FF79F5
2015-08-07 21:52:16 : Full Check=FF76F1
2015-08-07 21:52:16 : Full Check=FF76F1
2015-08-07 21:52:16 : Full Check=FF79F5
2015-08-07 21:52:16 : Full Check=FF76F1
2015-08-07 21:52:16 : Full Check=FF79F5
2015-08-07 21:52:16 : Full Check=FF79F5
2015-08-07 21:52:16 : Full Check=FF76F1
2015-08-07 21:52:16 : Full Check=FF79F5
2015-08-07 21:52:16 : Full Check=F167E2
2015-08-07 21:52:16 : Full Check=FF7EF7
2015-08-07 21:52:17 : Full Check=FF79F5
2015-08-07 21:52:17 : Full Check=FF7EF7
2015-08-07 21:52:17 : Full Check=FF79F5
2015-08-07 21:52:17 : Full Check=F167E2
2015-08-07 21:52:17 : Full Check=FF7EF7
2015-08-07 21:52:17 : Full Check=FF7EF7
2015-08-07 21:52:17 : Full Check=FF79F5
2015-08-07 21:52:17 : Full Check=FF7EF7
2015-08-07 21:52:17 : Full Check=FF76F1
2015-08-07 21:52:17 : Full Check=FF79F5
2015-08-07 21:52:17 : Full Check=FF7EF7
2015-08-07 21:52:17 : Full Check=FF76F1
2015-08-07 21:52:17 : Full Check=FF7EF7
2015-08-07 21:52:17 : Full Check=FF76F1
2015-08-07 21:52:17 : Full Check=FF7BF6
2015-08-07 21:52:17 : Full Check=FF7BF6
2015-08-07 21:52:18 : Full Check=FE76EE
2015-08-07 21:52:18 : Move from Barrack 2 direction -1
2015-08-07 21:52:19 : This is not a Barrack
2015-08-07 21:52:19 : ---=====================END TRAIN =======================================---
2015-08-07 21:52:21 : checkMainScreen start quiet mode
2015-08-07 21:52:21 : checkMainScreen exit quiet mode
2015-08-07 21:52:22 : checkMainScreen start quiet mode
2015-08-07 21:52:22 : checkMainScreen exit quiet mode
2015-08-07 21:52:23 : checkMainScreen start quiet mode
2015-08-07 21:52:23 : checkMainScreen exit quiet mode
2015-08-07 21:52:24 : checkMainScreen start quiet mode
2015-08-07 21:52:24 : checkMainScreen exit quiet mode
2015-08-07 21:52:24 : Func Idle 
2015-08-07 21:52:35 : checkMainScreen start quiet mode
2015-08-07 21:52:35 : checkMainScreen exit quiet mode
2015-08-07 21:52:35 : Checking Overview for full army [!] True, 407508
2015-08-07 21:52:36 : Checking Overview for full CC [!] True, 407508
2015-08-07 21:52:42 : Checking Overview for full Heroes [!] True, 407508
2015-08-07 21:52:45 : checkMainScreen start quiet mode
2015-08-07 21:52:45 : checkMainScreen exit quiet mode
2015-08-07 21:52:45 : Func Train 
2015-08-07 21:52:45 : Halt enabled, $TotalTrainedTroops= 200, Adj TotalCamp= 192
2015-08-07 21:52:46 : Checking Overview for full army [!] True, 407508
2015-08-07 21:52:46 : Checking Overview for full CC [!] True, 407508
2015-08-07 21:53:02 : Checking Overview for full Heroes [!] True, 407508
2015-08-07 21:53:06 : FullArmy & TotalTrained = skip training
2015-08-07 21:53:06 : checkMainScreen start quiet mode
2015-08-07 21:53:06 : checkMainScreen exit quiet mode
2015-08-07 21:53:07 : Time Idle: 00:00:43
2015-08-07 21:53:07 :  ====== Unbreakable Mode enabled! ====== 
2015-08-07 21:53:07 : Trophy Count : 2546
2015-08-07 21:53:10 : Trophy Count Read = 2546
2015-08-07 21:53:10 : Going to Attack...
2015-08-07 21:53:15 : Take-A-Break OCR result = 
2015-08-07 21:53:15 : Shield btn clr chk-#1: F7CF4A, #2: F8DEB0, #3: A78D69, #4: D9BC89
