2015-08-08 01:59:24 : ~ Clash Game Bot v4.1MODS Powered by GameBot.org ~
2015-08-08 01:59:24 : GameBot.org.exe Executable running on WIN_7  X64
2015-08-08 01:59:24 : =================== Bot Start ====================
2015-08-08 01:59:24 : -------------------------  Current Profile: 04 --------------------------
2015-08-08 01:59:24 :  Warning Debug Mode Enabled! Setlog: 1 OCR: 0 RedArea: 0 
2015-08-08 01:59:24 : Trying to locate Main Screen
2015-08-08 01:59:24 : Main Screen Located
2015-08-08 01:59:25 : Detecting your Buildings..
2015-08-08 01:59:32 : Language setting is English: Correct.
2015-08-08 01:59:32 : Bot clean start
2015-08-08 01:59:33 : Trying to locate Main Screen
2015-08-08 01:59:33 : Main Screen Located
2015-08-08 01:59:34 : checkMainScreen start quiet mode
2015-08-08 01:59:34 : checkMainScreen exit quiet mode
2015-08-08 01:59:34 : Collecting Resources
2015-08-08 01:59:39 : checkMainScreen start quiet mode
2015-08-08 01:59:39 : checkMainScreen exit quiet mode
2015-08-08 01:59:40 : Checking if Village needs Rearming..
2015-08-08 01:59:42 : Traps ButtonPixel = 486, 562
2015-08-08 01:59:43 : Color #1: F5F6F1, #2: 887C78, #3: F3ED53, #4: EBECE9
2015-08-08 01:59:44 : Rearmed Trap(s)
2015-08-08 01:59:48 : checkMainScreen start quiet mode
2015-08-08 01:59:48 : checkMainScreen exit quiet mode
2015-08-08 01:59:49 : checkMainScreen start quiet mode
2015-08-08 01:59:49 : checkMainScreen exit quiet mode
2015-08-08 01:59:50 : Village Report
2015-08-08 01:59:50 : No. of Free/Total Builders: 0/4
2015-08-08 01:59:50 :  [T]: 2 542
2015-08-08 01:59:50 :  [G]: 1 503 635 [E]: 5 068 706 [D]: 17 696 [GEM]: 1 981
2015-08-08 01:59:50 : checkMainScreen start quiet mode
2015-08-08 01:59:51 : checkMainScreen exit quiet mode
2015-08-08 01:59:51 : checkMainScreen start quiet mode
2015-08-08 01:59:51 : checkMainScreen exit quiet mode
2015-08-08 01:59:53 : checkMainScreen start quiet mode
2015-08-08 01:59:53 : checkMainScreen exit quiet mode
2015-08-08 01:59:53 : Func Train 
2015-08-08 01:59:53 : Train enabled, $TotalTrainedTroops= 0, Adj TotalCamp= -8
2015-08-08 01:59:53 : Checking Army Camp...
2015-08-08 01:59:55 : $sArmyInfo = 200#200
2015-08-08 01:59:55 : $CurCamp = 200
2015-08-08 01:59:55 : $TotalCamp = 200
2015-08-08 01:59:55 : Total Army Camp capacity: 200/200
2015-08-08 01:59:55 : $hBitmapFirst made
2015-08-08 01:59:56 : Calling CGBfunctions.dll/searchIdentifyTroopTrained 
2015-08-08 01:59:58 : Dll return $FullTemp :Barbarian|8-21|83#Archer|71-22|117
2015-08-08 01:59:58 : $Trooptype split # : 2
2015-08-08 01:59:58 : Start the Loop
2015-08-08 01:59:58 : $TroopTypeT[$i] split : 1
2015-08-08 01:59:58 :  - No. of Barbarians: 83
2015-08-08 01:59:59 : $TroopTypeT[$i] split : 2
2015-08-08 01:59:59 :  - No. of Archers: 117
2015-08-08 01:59:59 : start barrackstatus
2015-08-08 01:59:59 : OK, I'm in army overview
2015-08-08 01:59:59 : barrack 1 found upgrading! color 6B6964
2015-08-08 01:59:59 : barrack 2 found! color 888070
2015-08-08 01:59:59 : barrack 3 found! color 888070
2015-08-08 01:59:59 : barrack 4 found! color 888070
2015-08-08 01:59:59 : dark barrack 1 found! color 888070
2015-08-08 01:59:59 : dark barrack 5 found upgrading! color 6B6964
2015-08-08 01:59:59 : Factory Spell found! color 888070
2015-08-08 01:59:59 : Dark Factory Spell found! color 888070
2015-08-08 01:59:59 : Barracks and Spell factory status: 
2015-08-08 01:59:59 : - Barracks detected: 4 | Available: 3 | Upgrading: 1
2015-08-08 01:59:59 : - Dark Barracks detected: 2 | Available: 1 | Upgrading: 1
2015-08-08 01:59:59 : - Spell factory detected: 1 | Available: 1 | Upgrading: 0
2015-08-08 01:59:59 : - Dark Spell factory detected: 1 | Available: 1 | Upgrading: 0
2015-08-08 01:59:59 : Trainaviable[0] = 1
2015-08-08 01:59:59 : Trainaviable[1] = 0
2015-08-08 01:59:59 : Trainaviable[2] = 1
2015-08-08 01:59:59 : Trainaviable[3] = 1
2015-08-08 01:59:59 : Trainaviable[4] = 1
2015-08-08 01:59:59 : Trainaviable[5] = 1
2015-08-08 01:59:59 : Trainaviable[6] = 0
2015-08-08 01:59:59 : Trainaviable[7] = 1
2015-08-08 01:59:59 : Trainaviable[8] = 1
2015-08-08 01:59:59 : Training Troops...
2015-08-08 01:59:59 : Train: need to make normal troops: True
2015-08-08 01:59:59 : Train: need to make dark troops: False
2015-08-08 01:59:59 : LAST BARRACK = 4
2015-08-08 02:00:00 : OverView TabColor=B7BBB8
2015-08-08 02:00:00 : Last Barrack TabColor=888070
2015-08-08 02:00:00 : Your Army Camps are now Full
2015-08-08 02:00:00 : ---------COMPUTE TROOPS TO MAKE------------------------
2015-08-08 02:00:00 : -- Compute AnotherTroops to train
2015-08-08 02:00:00 : Need to train (height) GOBL:0% BARB: 120% ARCH: 80% AND 0 other troops space
2015-08-08 02:00:00 : Total Troops to be Trained= 200
2015-08-08 02:00:00 : BARRACKNUM: 3
2015-08-08 02:00:00 : ArchEBarrack: 26
2015-08-08 02:00:00 : BarbEBarrack: 40
2015-08-08 02:00:00 : DARKBARRACKNUM: 1
2015-08-08 02:00:00 : ---------END COMPUTE TROOPS TO MAKE--------------------
2015-08-08 02:00:00 : 
2015-08-08 02:00:00 : ---------TRAIN BARRACK MODE------------------------
2015-08-08 02:00:00 : Barrack4 selected
2015-08-08 02:00:02 : Full Check=DE58D0
2015-08-08 02:00:02 : Full Check=FF80F8
2015-08-08 02:00:03 : Full Check=FF7FF5
2015-08-08 02:00:03 : Full Check=FB75F1
2015-08-08 02:00:03 : Full Check=FF7FF5
2015-08-08 02:00:03 : Full Check=FE78F4
2015-08-08 02:00:03 : Full Check=FF7FF5
2015-08-08 02:00:03 : Full Check=FF7FF5
2015-08-08 02:00:03 : Full Check=FF7FF5
2015-08-08 02:00:03 : Full Check=FF80F8
2015-08-08 02:00:03 : Full Check=FE78F4
2015-08-08 02:00:03 : Full Check=FF7FF5
2015-08-08 02:00:03 : Full Check=FB75F1
2015-08-08 02:00:03 : Full Check=FF7FF5
2015-08-08 02:00:03 : Full Check=FF7FF5
2015-08-08 02:00:03 : Full Check=FE78F4
2015-08-08 02:00:03 : Full Check=FE78F4
2015-08-08 02:00:03 : Full Check=FF7FF5
2015-08-08 02:00:03 : Full Check=FB75F1
2015-08-08 02:00:04 : Full Check=FF7FF5
2015-08-08 02:00:04 : Full Check=FB75F1
2015-08-08 02:00:04 : Full Check=FF78F3
2015-08-08 02:00:04 : Full Check=FF7FF5
2015-08-08 02:00:04 : Full Check=FE78F4
2015-08-08 02:00:04 : Full Check=FF7FF5
2015-08-08 02:00:04 : Full Check=FF7FF5
2015-08-08 02:00:04 : Full Check=FB75F1
2015-08-08 02:00:04 : Full Check=F164DF
2015-08-08 02:00:04 : Full Check=FF7FF5
2015-08-08 02:00:04 : Full Check=FF7FF5
2015-08-08 02:00:04 : Full Check=FF7FF5
2015-08-08 02:00:04 : Full Check=FE78F4
2015-08-08 02:00:04 : Full Check=FE78F4
2015-08-08 02:00:04 : Full Check=FF7FF5
2015-08-08 02:00:04 : Full Check=FB75F1
2015-08-08 02:00:04 : Full Check=FF7FF5
2015-08-08 02:00:05 : Full Check=FE78F4
2015-08-08 02:00:05 : Full Check=FF80F8
2015-08-08 02:00:05 : Full Check=FF7FF5
2015-08-08 02:00:05 : Full Check=FF7FF5
2015-08-08 02:00:05 : Full Check=FF78F3
2015-08-08 02:00:05 : Full Check=FD74EE
2015-08-08 02:00:05 : Full Check=FF7FF5
2015-08-08 02:00:05 : Full Check=FF7FF5
2015-08-08 02:00:05 : Full Check=FE78F4
2015-08-08 02:00:05 : Full Check=F164DF
2015-08-08 02:00:05 : Full Check=FF7FF5
2015-08-08 02:00:05 : Full Check=FF7FF5
2015-08-08 02:00:05 : Full Check=FF7FF5
2015-08-08 02:00:05 : Full Check=FB75F1
2015-08-08 02:00:05 : Full Check=FF7FF5
2015-08-08 02:00:05 : Full Check=FF7FF5
2015-08-08 02:00:06 : Full Check=FF7FF5
2015-08-08 02:00:06 : Full Check=FF7FF5
2015-08-08 02:00:06 : Full Check=FF7FF5
2015-08-08 02:00:06 : Full Check=F164DF
2015-08-08 02:00:06 : Full Check=FF7FF5
2015-08-08 02:00:06 : Full Check=FF7FF5
2015-08-08 02:00:06 : Full Check=FB75F1
2015-08-08 02:00:06 : Full Check=FF7FF5
2015-08-08 02:00:06 : Full Check=FB75F1
2015-08-08 02:00:06 : Full Check=FF78F3
2015-08-08 02:00:06 : Full Check=FE78F4
2015-08-08 02:00:06 : Full Check=FF7FF5
2015-08-08 02:00:06 : Full Check=FF7FF5
2015-08-08 02:00:06 : Full Check=FB75F1
2015-08-08 02:00:06 : Full Check=FE78F4
2015-08-08 02:00:06 : Full Check=FF7FF5
2015-08-08 02:00:07 : Full Check=FD74EE
2015-08-08 02:00:07 : Full Check=FF7FF5
2015-08-08 02:00:07 : Full Check=FF7FF5
2015-08-08 02:00:07 : Full Check=FB75F1
2015-08-08 02:00:07 : Full Check=FF7FF5
2015-08-08 02:00:07 : Full Check=FF7FF5
2015-08-08 02:00:07 : Full Check=FB75F1
2015-08-08 02:00:07 : Move from Barrack 4 direction -1
2015-08-08 02:00:09 : Barrack3 selected
2015-08-08 02:00:11 : Full Check=DE58D0
2015-08-08 02:00:11 : Full Check=FF80F8
2015-08-08 02:00:11 : Full Check=FF7FF5
2015-08-08 02:00:11 : Full Check=FB75F1
2015-08-08 02:00:11 : Full Check=FF7FF5
2015-08-08 02:00:11 : Full Check=FF7FF5
2015-08-08 02:00:11 : Full Check=FF7FF5
2015-08-08 02:00:11 : Full Check=FF7FF5
2015-08-08 02:00:11 : Full Check=F164DF
2015-08-08 02:00:11 : Full Check=FF7FF5
2015-08-08 02:00:12 : Full Check=FB75F1
2015-08-08 02:00:12 : Full Check=FF7FF5
2015-08-08 02:00:12 : Full Check=FF7FF5
2015-08-08 02:00:12 : Full Check=FE78F4
2015-08-08 02:00:12 : Full Check=FF7FF5
2015-08-08 02:00:12 : Full Check=FF78F3
2015-08-08 02:00:12 : Full Check=FF7FF5
2015-08-08 02:00:12 : Full Check=FB75F1
2015-08-08 02:00:12 : Full Check=FF7FF5
2015-08-08 02:00:12 : Full Check=FF7FF5
2015-08-08 02:00:12 : Full Check=FE78F4
2015-08-08 02:00:12 : Full Check=FF7FF5
2015-08-08 02:00:12 : Full Check=FE78F4
2015-08-08 02:00:12 : Full Check=FE78F4
2015-08-08 02:00:12 : Full Check=FF7FF5
2015-08-08 02:00:12 : Full Check=FF80F8
2015-08-08 02:00:13 : Full Check=FE78F4
2015-08-08 02:00:13 : Full Check=FE78F4
2015-08-08 02:00:13 : Full Check=FE78F4
2015-08-08 02:00:13 : Full Check=FF78F3
2015-08-08 02:00:13 : Full Check=FF7FF5
2015-08-08 02:00:13 : Full Check=FD74EE
2015-08-08 02:00:13 : Full Check=FF78F3
2015-08-08 02:00:13 : Full Check=FF7FF5
2015-08-08 02:00:13 : Full Check=FE78F4
2015-08-08 02:00:13 : Full Check=FF7FF5
2015-08-08 02:00:13 : Full Check=FE78F4
2015-08-08 02:00:13 : Full Check=FF7FF5
2015-08-08 02:00:13 : Full Check=FE78F4
2015-08-08 02:00:13 : Full Check=FF7FF5
2015-08-08 02:00:13 : Full Check=FF7FF5
2015-08-08 02:00:13 : Full Check=FE78F4
2015-08-08 02:00:13 : Full Check=FF7FF5
2015-08-08 02:00:14 : Full Check=FF7FF5
2015-08-08 02:00:14 : Full Check=FF7FF5
2015-08-08 02:00:14 : Full Check=FF7FF5
2015-08-08 02:00:14 : Full Check=FF78F3
2015-08-08 02:00:14 : Full Check=FE76EE
2015-08-08 02:00:14 : Full Check=FF7FF5
2015-08-08 02:00:14 : Full Check=FF78F3
2015-08-08 02:00:14 : Full Check=FF7FF5
2015-08-08 02:00:14 : Full Check=FE78F4
2015-08-08 02:00:14 : Full Check=FE78F4
2015-08-08 02:00:14 : Full Check=FF7FF5
2015-08-08 02:00:14 : Full Check=FF7FF5
2015-08-08 02:00:14 : Full Check=FF7FF5
2015-08-08 02:00:14 : Full Check=FE78F4
2015-08-08 02:00:14 : Full Check=F164DF
2015-08-08 02:00:14 : Full Check=FF7FF5
2015-08-08 02:00:15 : Full Check=F164DF
2015-08-08 02:00:15 : Full Check=FE78F4
2015-08-08 02:00:15 : Full Check=FE78F4
2015-08-08 02:00:15 : Full Check=FF7FF5
2015-08-08 02:00:15 : Full Check=FB75F1
2015-08-08 02:00:15 : Full Check=FF7FF5
2015-08-08 02:00:15 : Full Check=FF78F3
2015-08-08 02:00:15 : Full Check=FF78F3
2015-08-08 02:00:15 : Full Check=FB75F1
2015-08-08 02:00:15 : Full Check=FF7FF5
2015-08-08 02:00:15 : Full Check=FF7FF5
2015-08-08 02:00:15 : Full Check=FF7FF5
2015-08-08 02:00:15 : Full Check=FB75F1
2015-08-08 02:00:15 : Full Check=FF7FF5
2015-08-08 02:00:15 : Full Check=FF7FF5
2015-08-08 02:00:15 : Full Check=FB75F1
2015-08-08 02:00:16 : Move from Barrack 3 direction -1
2015-08-08 02:00:17 : Barrack2 selected
2015-08-08 02:00:19 : Full Check=E05AD0
2015-08-08 02:00:19 : Full Check=E05AD0
2015-08-08 02:00:20 : Full Check=FF7BF6
2015-08-08 02:00:20 : Full Check=FF7EF7
2015-08-08 02:00:20 : Full Check=FF7EF7
2015-08-08 02:00:20 : Full Check=FF7EF7
2015-08-08 02:00:20 : Full Check=FF7EF7
2015-08-08 02:00:20 : Full Check=FF7EF7
2015-08-08 02:00:20 : Full Check=FF7EF7
2015-08-08 02:00:20 : Full Check=FF7EF7
2015-08-08 02:00:20 : Full Check=FF79F5
2015-08-08 02:00:20 : Full Check=FF7EF7
2015-08-08 02:00:20 : Full Check=FF7EF7
2015-08-08 02:00:20 : Full Check=FF76F1
2015-08-08 02:00:20 : Full Check=FF7EF7
2015-08-08 02:00:20 : Full Check=FF79F5
2015-08-08 02:00:20 : Full Check=FF79F5
2015-08-08 02:00:20 : Full Check=FF76F1
2015-08-08 02:00:21 : Full Check=FF7EF7
2015-08-08 02:00:21 : Full Check=FF7EF7
2015-08-08 02:00:21 : Full Check=FF76F1
2015-08-08 02:00:21 : Full Check=FF7EF7
2015-08-08 02:00:21 : Full Check=FF7EF7
2015-08-08 02:00:21 : Full Check=FE76EE
2015-08-08 02:00:21 : Full Check=FF7EF7
2015-08-08 02:00:21 : Full Check=FF76F1
2015-08-08 02:00:21 : Full Check=FF7EF7
2015-08-08 02:00:21 : Full Check=FF7EF7
2015-08-08 02:00:21 : Full Check=FF7EF7
2015-08-08 02:00:21 : Full Check=FF79F5
2015-08-08 02:00:21 : Full Check=FF7EF7
2015-08-08 02:00:21 : Full Check=FF7EF7
2015-08-08 02:00:21 : Full Check=FF79F5
2015-08-08 02:00:21 : Full Check=FF7EF7
2015-08-08 02:00:21 : Full Check=FF79F5
2015-08-08 02:00:22 : Full Check=FF76F1
2015-08-08 02:00:22 : Full Check=FF7EF7
2015-08-08 02:00:22 : Full Check=FF76F1
2015-08-08 02:00:22 : Full Check=FF7EF7
2015-08-08 02:00:22 : Full Check=FF79F5
2015-08-08 02:00:22 : Full Check=FF7EF7
2015-08-08 02:00:22 : Full Check=FF79F5
2015-08-08 02:00:22 : Full Check=FF79F5
2015-08-08 02:00:22 : Full Check=FF7EF7
2015-08-08 02:00:22 : Full Check=FF7EF7
2015-08-08 02:00:22 : Full Check=FF76F1
2015-08-08 02:00:22 : Full Check=FF79F5
2015-08-08 02:00:22 : Full Check=FF7EF7
2015-08-08 02:00:22 : Full Check=FF7EF7
2015-08-08 02:00:22 : Full Check=FF76F1
2015-08-08 02:00:22 : Full Check=FF76F1
2015-08-08 02:00:22 : Full Check=FF7BF6
2015-08-08 02:00:23 : Full Check=FF79F5
2015-08-08 02:00:23 : Full Check=FF7EF7
2015-08-08 02:00:23 : Full Check=F167E2
2015-08-08 02:00:23 : Full Check=FF7EF7
2015-08-08 02:00:23 : Full Check=FF7EF7
2015-08-08 02:00:23 : Full Check=FF76F1
2015-08-08 02:00:23 : Full Check=FF7EF7
2015-08-08 02:00:23 : Full Check=F167E2
2015-08-08 02:00:23 : Full Check=FF7EF7
2015-08-08 02:00:23 : Full Check=FF7EF7
2015-08-08 02:00:23 : Full Check=FF7EF7
2015-08-08 02:00:23 : Full Check=FF79F5
2015-08-08 02:00:23 : Full Check=FF7BF6
2015-08-08 02:00:23 : Full Check=FF7EF7
2015-08-08 02:00:23 : Full Check=FF79F5
2015-08-08 02:00:23 : Full Check=FF7EF7
2015-08-08 02:00:23 : Full Check=FF7EF7
2015-08-08 02:00:24 : Full Check=FF7BF6
2015-08-08 02:00:24 : Full Check=FF7BF6
2015-08-08 02:00:24 : Full Check=FF7EF7
2015-08-08 02:00:24 : Full Check=FF76F1
2015-08-08 02:00:24 : Full Check=FF7EF7
2015-08-08 02:00:24 : Full Check=FF76F1
2015-08-08 02:00:24 : Move from Barrack 2 direction -1
2015-08-08 02:00:25 : This is not a Barrack
2015-08-08 02:00:25 : ---=====================END TRAIN =======================================---
2015-08-08 02:00:27 : checkMainScreen start quiet mode
2015-08-08 02:00:27 : checkMainScreen exit quiet mode
2015-08-08 02:00:28 : checkMainScreen start quiet mode
2015-08-08 02:00:28 : checkMainScreen exit quiet mode
2015-08-08 02:00:29 : checkMainScreen start quiet mode
2015-08-08 02:00:29 : checkMainScreen exit quiet mode
2015-08-08 02:00:29 : Requesting Clan Castle Troops
2015-08-08 02:00:30 : $icount1 = 1, BB2BD1
2015-08-08 02:00:30 : $icount2 = 1, CC4010
2015-08-08 02:00:35 : checkMainScreen start quiet mode
2015-08-08 02:00:35 : checkMainScreen exit quiet mode
2015-08-08 02:00:35 : Func Idle 
2015-08-08 02:00:35 : $fullArmy=True $fullCC=False $fullHeroes=False $iUnbreakableMode=1
2015-08-08 02:00:35 : ====== Waiting for full army ======
2015-08-08 02:00:46 : checkMainScreen start quiet mode
2015-08-08 02:00:46 : checkMainScreen exit quiet mode
2015-08-08 02:00:47 : Checking Overview for full army [!] True, 407508
2015-08-08 02:00:47 : Checking Overview for full CC [!] False, DD3B3D
2015-08-08 02:00:47 : Checking Overview for full Heroes [!] False, E74849
2015-08-08 02:00:48 : Clan Camp is not full, Still wait...
2015-08-08 02:00:49 : checkMainScreen start quiet mode
2015-08-08 02:00:49 : checkMainScreen exit quiet mode
2015-08-08 02:00:49 : Requesting Clan Castle Troops
2015-08-08 02:00:50 : $icount1 = 1, BB2BD1
2015-08-08 02:00:50 : Request has already been made
