2015-08-07 23:52:01 : ~ Clash Game Bot v4.1MODS Powered by GameBot.org ~
2015-08-07 23:52:01 : GameBot.org.au3 Script running on WIN_7  X64
2015-08-07 23:52:01 : =================== Bot Start ====================
2015-08-07 23:52:01 : -------------------------  Current Profile: 04 --------------------------
2015-08-07 23:52:01 :  Warning Debug Mode Enabled! Setlog: 1 OCR: 0 RedArea: 0 
2015-08-07 23:52:01 : Trying to locate Main Screen
2015-08-07 23:52:01 : Main Screen Located
2015-08-07 23:52:03 : Detecting your Buildings..
2015-08-07 23:52:10 : Language setting is English: Correct.
2015-08-07 23:52:10 : Bot clean start
2015-08-07 23:52:11 : Trying to locate Main Screen
2015-08-07 23:52:11 : Main Screen Located
2015-08-07 23:52:11 : Halt Attack, Stay Online/Collect...
2015-08-07 23:52:13 : checkMainScreen start quiet mode
2015-08-07 23:52:13 : checkMainScreen exit quiet mode
2015-08-07 23:52:13 : Collecting Resources
2015-08-07 23:52:18 : checkMainScreen start quiet mode
2015-08-07 23:52:18 : checkMainScreen exit quiet mode
2015-08-07 23:52:19 : Checking if Village needs Rearming..
2015-08-07 23:52:26 : checkMainScreen start quiet mode
2015-08-07 23:52:26 : checkMainScreen exit quiet mode
2015-08-07 23:52:26 : checkMainScreen start quiet mode
2015-08-07 23:52:26 : checkMainScreen exit quiet mode
2015-08-07 23:52:27 : Village Report
2015-08-07 23:52:27 : No. of Free/Total Builders: 0/4
2015-08-07 23:52:27 :  [T]: 2 546
2015-08-07 23:52:27 :  [G]: 1 727 981 [E]: 5 186 160 [D]: 18 356 [GEM]: 1 981
2015-08-07 23:52:28 : checkMainScreen start quiet mode
2015-08-07 23:52:28 : checkMainScreen exit quiet mode
2015-08-07 23:52:28 : checkMainScreen start quiet mode
2015-08-07 23:52:28 : checkMainScreen exit quiet mode
2015-08-07 23:52:30 : checkMainScreen start quiet mode
2015-08-07 23:52:30 : checkMainScreen exit quiet mode
2015-08-07 23:52:31 : checkMainScreen start quiet mode
2015-08-07 23:52:31 : checkMainScreen exit quiet mode
2015-08-07 23:52:32 : checkMainScreen start quiet mode
2015-08-07 23:52:32 : checkMainScreen exit quiet mode
2015-08-07 23:52:33 : checkMainScreen start quiet mode
2015-08-07 23:52:33 : checkMainScreen exit quiet mode
2015-08-07 23:52:33 : checkMainScreen start quiet mode
2015-08-07 23:52:33 : checkMainScreen exit quiet mode
2015-08-07 23:52:34 : checkMainScreen start quiet mode
2015-08-07 23:52:34 : checkMainScreen exit quiet mode
2015-08-07 23:52:36 : Finished kicking
2015-08-07 23:52:36 : Func Idle 
2015-08-07 23:52:47 : checkMainScreen start quiet mode
2015-08-07 23:52:47 : checkMainScreen exit quiet mode
2015-08-07 23:52:48 : Checking Overview for full army [!] True, 407508
2015-08-07 23:52:48 : Screenshot saved: .\Profiles\04\Temp\2015-08-07_23.52.48.jpg
2015-08-07 23:52:48 : Checking Overview for full CC [!] False, DD3B3D
2015-08-07 23:55:19 : Checking Overview for full Heroes [!] True, 98C538
2015-08-07 23:55:24 : checkMainScreen start quiet mode
2015-08-07 23:55:24 : checkMainScreen exit quiet mode
2015-08-07 23:55:24 : Func Train 
2015-08-07 23:55:24 : checkMainScreen start quiet mode
2015-08-07 23:55:24 : checkMainScreen exit quiet mode
2015-08-07 23:55:25 : Time Idle: 00:02:48
2015-08-07 23:55:25 : Bot clean start
2015-08-07 23:55:26 : Trying to locate Main Screen
2015-08-07 23:55:26 : Main Screen Located
2015-08-07 23:55:27 : Halt Attack, Stay Online/Collect...
