2015-08-07 23:48:05 : ~ Clash Game Bot v4.1MODS Powered by GameBot.org ~
2015-08-07 23:48:06 : GameBot.org.au3 Script running on WIN_7  X64
2015-08-07 23:48:06 : =================== Bot Start ====================
2015-08-07 23:48:06 : -------------------------  Current Profile: 04 --------------------------
2015-08-07 23:48:06 :  Warning Debug Mode Enabled! Setlog: 1 OCR: 0 RedArea: 0 
2015-08-07 23:48:06 : Trying to locate Main Screen
2015-08-07 23:48:06 : Main Screen Located
2015-08-07 23:48:07 : Detecting your Buildings..
2015-08-07 23:48:14 : Language setting is English: Correct.
2015-08-07 23:48:14 : Bot clean start
2015-08-07 23:48:15 : Trying to locate Main Screen
2015-08-07 23:48:15 : Main Screen Located
2015-08-07 23:48:15 : Halt Attack, Stay Online/Collect...
2015-08-07 23:48:17 : checkMainScreen start quiet mode
2015-08-07 23:48:17 : checkMainScreen exit quiet mode
2015-08-07 23:48:17 : Collecting Resources
2015-08-07 23:48:22 : checkMainScreen start quiet mode
2015-08-07 23:48:22 : checkMainScreen exit quiet mode
2015-08-07 23:48:23 : Checking if Village needs Rearming..
2015-08-07 23:48:30 : checkMainScreen start quiet mode
2015-08-07 23:48:30 : checkMainScreen exit quiet mode
2015-08-07 23:48:30 : checkMainScreen start quiet mode
2015-08-07 23:48:30 : checkMainScreen exit quiet mode
2015-08-07 23:48:31 : Village Report
2015-08-07 23:48:31 : No. of Free/Total Builders: 0/4
2015-08-07 23:48:31 :  [T]: 2 546
2015-08-07 23:48:31 :  [G]: 1 724 458 [E]: 5 184 559 [D]: 18 348 [GEM]: 1 981
2015-08-07 23:48:32 : checkMainScreen start quiet mode
2015-08-07 23:48:32 : checkMainScreen exit quiet mode
2015-08-07 23:48:33 : checkMainScreen start quiet mode
2015-08-07 23:48:33 : checkMainScreen exit quiet mode
2015-08-07 23:48:34 : checkMainScreen start quiet mode
2015-08-07 23:48:34 : checkMainScreen exit quiet mode
2015-08-07 23:48:35 : checkMainScreen start quiet mode
2015-08-07 23:48:35 : checkMainScreen exit quiet mode
2015-08-07 23:48:36 : checkMainScreen start quiet mode
2015-08-07 23:48:36 : checkMainScreen exit quiet mode
2015-08-07 23:48:37 : checkMainScreen start quiet mode
2015-08-07 23:48:37 : checkMainScreen exit quiet mode
2015-08-07 23:48:37 : checkMainScreen start quiet mode
2015-08-07 23:48:37 : checkMainScreen exit quiet mode
2015-08-07 23:48:38 : checkMainScreen start quiet mode
2015-08-07 23:48:38 : checkMainScreen exit quiet mode
2015-08-07 23:48:40 : Finished kicking
2015-08-07 23:48:40 : Func Idle 
2015-08-07 23:48:51 : checkMainScreen start quiet mode
2015-08-07 23:48:51 : checkMainScreen exit quiet mode
2015-08-07 23:48:52 : Checking Overview for full army [!] True, 407508
2015-08-07 23:48:52 : Screenshot saved: .\Profiles\04\Temp\2015-08-07_23.48.52.jpg
2015-08-07 23:48:52 : Checking Overview for full CC [!] True, 84B620
2015-08-07 23:49:02 : Checking Overview for full Heroes [!] True, 98C538
2015-08-07 23:49:04 : checkMainScreen start quiet mode
2015-08-07 23:49:05 : checkMainScreen exit quiet mode
2015-08-07 23:49:05 : Func Train 
2015-08-07 23:49:05 : checkMainScreen start quiet mode
2015-08-07 23:49:05 : checkMainScreen exit quiet mode
2015-08-07 23:49:06 : Time Idle: 00:00:25
2015-08-07 23:49:06 : Bot clean start
