2015-08-08 01:43:52 : ~ Clash Game Bot v4.1MODS Powered by GameBot.org ~
2015-08-08 01:43:52 : GameBot.org.exe Executable running on WIN_7  X64
2015-08-08 01:43:52 : =================== Bot Start ====================
2015-08-08 01:43:52 : -------------------------  Current Profile: 04 --------------------------
2015-08-08 01:43:52 :  Warning Debug Mode Enabled! Setlog: 1 OCR: 0 RedArea: 0 
2015-08-08 01:43:53 : Trying to locate Main Screen
2015-08-08 01:43:53 : Main Screen Located
2015-08-08 01:43:54 : Detecting your Buildings..
2015-08-08 01:44:01 : Language setting is English: Correct.
2015-08-08 01:44:01 : Bot clean start
2015-08-08 01:44:03 : Trying to locate Main Screen
2015-08-08 01:44:03 : Main Screen Located
2015-08-08 01:44:03 : checkMainScreen start quiet mode
2015-08-08 01:44:03 : checkMainScreen exit quiet mode
2015-08-08 01:44:04 : Collecting Resources
2015-08-08 01:44:09 : checkMainScreen start quiet mode
2015-08-08 01:44:09 : checkMainScreen exit quiet mode
2015-08-08 01:44:10 : Checking if Village needs Rearming..
2015-08-08 01:44:16 : checkMainScreen start quiet mode
2015-08-08 01:44:16 : checkMainScreen exit quiet mode
2015-08-08 01:44:17 : checkMainScreen start quiet mode
2015-08-08 01:44:17 : checkMainScreen exit quiet mode
2015-08-08 01:44:18 : Village Report
2015-08-08 01:44:18 : No. of Free/Total Builders: 0/4
2015-08-08 01:44:18 :  [T]: 2 546
2015-08-08 01:44:18 :  [G]: 1 785 453 [E]: 5 231 444 [D]: 18 664 [GEM]: 1 981
2015-08-08 01:44:19 : checkMainScreen start quiet mode
2015-08-08 01:44:19 : checkMainScreen exit quiet mode
2015-08-08 01:44:19 : checkMainScreen start quiet mode
2015-08-08 01:44:19 : checkMainScreen exit quiet mode
2015-08-08 01:44:21 : checkMainScreen start quiet mode
2015-08-08 01:44:21 : checkMainScreen exit quiet mode
2015-08-08 01:44:22 : Func Train 
2015-08-08 01:44:22 : Train enabled, $TotalTrainedTroops= 0, Adj TotalCamp= -8
2015-08-08 01:44:22 : Checking Army Camp...
2015-08-08 01:44:23 : $sArmyInfo = 200#200
2015-08-08 01:44:23 : $CurCamp = 200
2015-08-08 01:44:23 : $TotalCamp = 200
2015-08-08 01:44:23 : Total Army Camp capacity: 200/200
2015-08-08 01:44:23 : $hBitmapFirst made
2015-08-08 01:44:24 : Calling CGBfunctions.dll/searchIdentifyTroopTrained 
2015-08-08 01:44:26 : Dll return $FullTemp :Barbarian|8-21|83#Archer|71-22|117
2015-08-08 01:44:26 : $Trooptype split # : 2
2015-08-08 01:44:26 : Start the Loop
2015-08-08 01:44:27 : $TroopTypeT[$i] split : 1
2015-08-08 01:44:27 :  - No. of Barbarians: 83
2015-08-08 01:44:27 : $TroopTypeT[$i] split : 2
2015-08-08 01:44:27 :  - No. of Archers: 117
2015-08-08 01:44:27 : start barrackstatus
2015-08-08 01:44:27 : OK, I'm in army overview
2015-08-08 01:44:27 : barrack 1 found upgrading! color 6B6964
2015-08-08 01:44:27 : barrack 2 found! color 888070
2015-08-08 01:44:27 : barrack 3 found! color 888070
2015-08-08 01:44:27 : barrack 4 found! color 888070
2015-08-08 01:44:27 : dark barrack 1 found! color 888070
2015-08-08 01:44:27 : dark barrack 5 found upgrading! color 6B6964
2015-08-08 01:44:27 : Factory Spell found! color 888070
2015-08-08 01:44:27 : Dark Factory Spell found! color 888070
2015-08-08 01:44:27 : Barracks and Spell factory status: 
2015-08-08 01:44:27 : - Barracks detected: 4 | Available: 3 | Upgrading: 1
2015-08-08 01:44:27 : - Dark Barracks detected: 2 | Available: 1 | Upgrading: 1
2015-08-08 01:44:27 : - Spell factory detected: 1 | Available: 1 | Upgrading: 0
2015-08-08 01:44:27 : - Dark Spell factory detected: 1 | Available: 1 | Upgrading: 0
2015-08-08 01:44:27 : Trainaviable[0] = 1
2015-08-08 01:44:27 : Trainaviable[1] = 0
2015-08-08 01:44:27 : Trainaviable[2] = 1
2015-08-08 01:44:27 : Trainaviable[3] = 1
2015-08-08 01:44:27 : Trainaviable[4] = 1
2015-08-08 01:44:27 : Trainaviable[5] = 1
2015-08-08 01:44:27 : Trainaviable[6] = 0
2015-08-08 01:44:27 : Trainaviable[7] = 1
2015-08-08 01:44:27 : Trainaviable[8] = 1
2015-08-08 01:44:27 : Training Troops...
2015-08-08 01:44:28 : Train: need to make normal troops: True
2015-08-08 01:44:28 : Train: need to make dark troops: False
2015-08-08 01:44:28 : LAST BARRACK = 4
2015-08-08 01:44:28 : OverView TabColor=CDCDC8
2015-08-08 01:44:28 : Last Barrack TabColor=888070
2015-08-08 01:44:28 : Your Army Camps are now Full
2015-08-08 01:44:28 : ---------COMPUTE TROOPS TO MAKE------------------------
2015-08-08 01:44:28 : -- Compute AnotherTroops to train
2015-08-08 01:44:28 : Need to train (height) GOBL:0% BARB: 120% ARCH: 80% AND 0 other troops space
2015-08-08 01:44:28 : Total Troops to be Trained= 200
2015-08-08 01:44:28 : BARRACKNUM: 3
2015-08-08 01:44:28 : ArchEBarrack: 26
2015-08-08 01:44:28 : BarbEBarrack: 40
2015-08-08 01:44:28 : DARKBARRACKNUM: 1
2015-08-08 01:44:28 : ---------END COMPUTE TROOPS TO MAKE--------------------
2015-08-08 01:44:28 : 
2015-08-08 01:44:28 : ---------TRAIN BARRACK MODE------------------------
2015-08-08 01:44:28 : Barrack4 selected
2015-08-08 01:44:31 : Full Check=DE58D0
2015-08-08 01:44:31 : Full Check=FF80F8
2015-08-08 01:44:31 : Full Check=FB75F1
2015-08-08 01:44:31 : Full Check=FF7FF5
2015-08-08 01:44:31 : Full Check=FE78F4
2015-08-08 01:44:31 : Full Check=FF7FF5
2015-08-08 01:44:31 : Full Check=FE78F4
2015-08-08 01:44:31 : Full Check=FE78F4
2015-08-08 01:44:31 : Full Check=FF78F3
2015-08-08 01:44:31 : Full Check=FF7FF5
2015-08-08 01:44:31 : Full Check=FE78F4
2015-08-08 01:44:32 : Full Check=FE78F4
2015-08-08 01:44:32 : Full Check=F164DF
2015-08-08 01:44:32 : Full Check=FF7FF5
2015-08-08 01:44:32 : Full Check=FF7FF5
2015-08-08 01:44:32 : Full Check=FF7FF5
2015-08-08 01:44:32 : Full Check=FE78F4
2015-08-08 01:44:32 : Full Check=F164DF
2015-08-08 01:44:32 : Full Check=FF7FF5
2015-08-08 01:44:32 : Full Check=FB75F1
2015-08-08 01:44:32 : Full Check=FF7FF5
2015-08-08 01:44:32 : Full Check=FE78F4
2015-08-08 01:44:32 : Full Check=F164DF
2015-08-08 01:44:32 : Full Check=FE78F4
2015-08-08 01:44:32 : Full Check=FE78F4
2015-08-08 01:44:32 : Full Check=FF7FF5
2015-08-08 01:44:32 : Full Check=FE78F4
2015-08-08 01:44:33 : Full Check=F164DF
2015-08-08 01:44:33 : Full Check=FF7FF5
2015-08-08 01:44:33 : Full Check=FE78F4
2015-08-08 01:44:33 : Full Check=FB75F1
2015-08-08 01:44:33 : Full Check=FE78F4
2015-08-08 01:44:33 : Full Check=FE78F4
2015-08-08 01:44:33 : Full Check=FF78F3
2015-08-08 01:44:33 : Full Check=FE78F4
2015-08-08 01:44:33 : Full Check=FF7FF5
2015-08-08 01:44:33 : Full Check=FF7FF5
2015-08-08 01:44:33 : Full Check=FF78F3
2015-08-08 01:44:33 : Full Check=FF78F3
2015-08-08 01:44:33 : Full Check=FF7FF5
2015-08-08 01:44:33 : Full Check=FB75F1
2015-08-08 01:44:33 : Full Check=FF78F3
2015-08-08 01:44:33 : Full Check=FF7FF5
2015-08-08 01:44:33 : Full Check=FB75F1
2015-08-08 01:44:34 : Full Check=FF7FF5
2015-08-08 01:44:34 : Full Check=FB75F1
2015-08-08 01:44:34 : Full Check=FB75F1
2015-08-08 01:44:34 : Full Check=FF78F3
2015-08-08 01:44:34 : Full Check=FB75F1
2015-08-08 01:44:34 : Full Check=FF7FF5
2015-08-08 01:44:34 : Full Check=FE78F4
2015-08-08 01:44:34 : Full Check=FB75F1
2015-08-08 01:44:34 : Full Check=FB75F1
2015-08-08 01:44:34 : Full Check=FF7FF5
2015-08-08 01:44:34 : Full Check=FB75F1
2015-08-08 01:44:34 : Full Check=FF7FF5
2015-08-08 01:44:34 : Full Check=FE78F4
2015-08-08 01:44:34 : Full Check=FE78F4
2015-08-08 01:44:34 : Full Check=FF7FF5
2015-08-08 01:44:34 : Full Check=FF7FF5
2015-08-08 01:44:35 : Full Check=FB75F1
2015-08-08 01:44:35 : Full Check=FF78F3
2015-08-08 01:44:35 : Full Check=FF7FF5
2015-08-08 01:44:35 : Full Check=FF7FF5
2015-08-08 01:44:35 : Full Check=FF7FF5
2015-08-08 01:44:35 : Full Check=FF7FF5
2015-08-08 01:44:35 : Full Check=FE78F4
2015-08-08 01:44:35 : Full Check=FF78F3
2015-08-08 01:44:35 : Full Check=FE78F4
2015-08-08 01:44:35 : Full Check=FE78F4
2015-08-08 01:44:35 : Full Check=FF7FF5
2015-08-08 01:44:35 : Full Check=FF7FF5
2015-08-08 01:44:35 : Full Check=FF7FF5
2015-08-08 01:44:35 : Full Check=FF7FF5
2015-08-08 01:44:35 : Full Check=FF7FF5
2015-08-08 01:44:36 : Move from Barrack 4 direction -1
2015-08-08 01:44:37 : Barrack3 selected
2015-08-08 01:44:40 : Full Check=DE58D0
2015-08-08 01:44:40 : Full Check=F164DF
2015-08-08 01:44:40 : Full Check=FE78F4
2015-08-08 01:44:40 : Full Check=FE78F4
2015-08-08 01:44:40 : Full Check=FF78F3
2015-08-08 01:44:40 : Full Check=FB75F1
2015-08-08 01:44:40 : Full Check=FE78F4
2015-08-08 01:44:40 : Full Check=FF78F3
2015-08-08 01:44:40 : Full Check=FF7FF5
2015-08-08 01:44:40 : Full Check=FF7FF5
2015-08-08 01:44:40 : Full Check=FB75F1
2015-08-08 01:44:40 : Full Check=FF7FF5
2015-08-08 01:44:40 : Full Check=FE78F4
2015-08-08 01:44:40 : Full Check=FE78F4
2015-08-08 01:44:40 : Full Check=FF78F3
2015-08-08 01:44:40 : Full Check=FE78F4
2015-08-08 01:44:41 : Full Check=FF7FF5
2015-08-08 01:44:41 : Full Check=FB75F1
2015-08-08 01:44:41 : Full Check=FB75F1
2015-08-08 01:44:41 : Full Check=FE78F4
2015-08-08 01:44:41 : Full Check=F164DF
2015-08-08 01:44:41 : Full Check=FF7FF5
2015-08-08 01:44:41 : Full Check=FE78F4
2015-08-08 01:44:41 : Full Check=FF7FF5
2015-08-08 01:44:41 : Full Check=FE78F4
2015-08-08 01:44:41 : Full Check=FE78F4
2015-08-08 01:44:41 : Full Check=FB75F1
2015-08-08 01:44:41 : Full Check=F164DF
2015-08-08 01:44:41 : Full Check=FF7FF5
2015-08-08 01:44:41 : Full Check=FE78F4
2015-08-08 01:44:41 : Full Check=FF80F8
2015-08-08 01:44:41 : Full Check=FB75F1
2015-08-08 01:44:41 : Full Check=FF7FF5
2015-08-08 01:44:42 : Full Check=FF7FF5
2015-08-08 01:44:42 : Full Check=FF7FF5
2015-08-08 01:44:42 : Full Check=FE78F4
2015-08-08 01:44:42 : Full Check=FE78F4
2015-08-08 01:44:42 : Full Check=FF7FF5
2015-08-08 01:44:42 : Full Check=FE78F4
2015-08-08 01:44:42 : Full Check=FB75F1
2015-08-08 01:44:42 : Full Check=FF7FF5
2015-08-08 01:44:42 : Full Check=FB75F1
2015-08-08 01:44:42 : Full Check=FF78F3
2015-08-08 01:44:42 : Full Check=FE78F4
2015-08-08 01:44:42 : Full Check=FF7FF5
2015-08-08 01:44:42 : Full Check=FE78F4
2015-08-08 01:44:42 : Full Check=FB75F1
2015-08-08 01:44:42 : Full Check=FF7FF5
2015-08-08 01:44:42 : Full Check=FB75F1
2015-08-08 01:44:43 : Full Check=FF7FF5
2015-08-08 01:44:43 : Full Check=FE78F4
2015-08-08 01:44:43 : Full Check=FB75F1
2015-08-08 01:44:43 : Full Check=FF7FF5
2015-08-08 01:44:43 : Full Check=FB75F1
2015-08-08 01:44:43 : Full Check=FF80F8
2015-08-08 01:44:43 : Full Check=FE78F4
2015-08-08 01:44:43 : Full Check=FE78F4
2015-08-08 01:44:43 : Full Check=FF7FF5
2015-08-08 01:44:43 : Full Check=FF78F3
2015-08-08 01:44:43 : Full Check=FD74EE
2015-08-08 01:44:43 : Full Check=FF7FF5
2015-08-08 01:44:43 : Full Check=FB75F1
2015-08-08 01:44:43 : Full Check=FF7FF5
2015-08-08 01:44:43 : Full Check=FF7FF5
2015-08-08 01:44:43 : Full Check=FB75F1
2015-08-08 01:44:43 : Full Check=FF7FF5
2015-08-08 01:44:44 : Full Check=FF7FF5
2015-08-08 01:44:44 : Full Check=FE78F4
2015-08-08 01:44:44 : Full Check=FF7FF5
2015-08-08 01:44:44 : Full Check=FE78F4
2015-08-08 01:44:44 : Full Check=FF78F3
2015-08-08 01:44:44 : Full Check=FF7FF5
2015-08-08 01:44:44 : Full Check=FE78F4
2015-08-08 01:44:44 : Full Check=FB75F1
2015-08-08 01:44:44 : Full Check=FF78F3
2015-08-08 01:44:45 : Move from Barrack 3 direction -1
2015-08-08 01:44:46 : Barrack2 selected
2015-08-08 01:44:48 : Full Check=E05AD0
2015-08-08 01:44:48 : Full Check=FF82F8
2015-08-08 01:44:48 : Full Check=FF7EF7
2015-08-08 01:44:48 : Full Check=FF7EF7
2015-08-08 01:44:48 : Full Check=FF7EF7
2015-08-08 01:44:48 : Full Check=FF79F5
2015-08-08 01:44:49 : Full Check=FF7BF6
2015-08-08 01:44:49 : Full Check=FF7BF6
2015-08-08 01:44:49 : Full Check=FF7EF7
2015-08-08 01:44:49 : Full Check=FF79F5
2015-08-08 01:44:49 : Full Check=FF7EF7
2015-08-08 01:44:49 : Full Check=FF7EF7
2015-08-08 01:44:49 : Full Check=FF79F5
2015-08-08 01:44:49 : Full Check=FF76F1
2015-08-08 01:44:49 : Full Check=FF7BF6
2015-08-08 01:44:49 : Full Check=FF79F5
2015-08-08 01:44:49 : Full Check=FF7EF7
2015-08-08 01:44:49 : Full Check=FF79F5
2015-08-08 01:44:49 : Full Check=FF76F1
2015-08-08 01:44:49 : Full Check=FF79F5
2015-08-08 01:44:49 : Full Check=FF7EF7
2015-08-08 01:44:49 : Full Check=FF7EF7
2015-08-08 01:44:49 : Full Check=FF76F1
2015-08-08 01:44:50 : Full Check=FF76F1
2015-08-08 01:44:50 : Full Check=FF79F5
2015-08-08 01:44:50 : Full Check=FF82F8
2015-08-08 01:44:50 : Full Check=FE76EE
2015-08-08 01:44:50 : Full Check=FF79F5
2015-08-08 01:44:50 : Full Check=FF7EF7
2015-08-08 01:44:50 : Full Check=FF79F5
2015-08-08 01:44:50 : Full Check=FF79F5
2015-08-08 01:44:50 : Full Check=FF7EF7
2015-08-08 01:44:50 : Full Check=FF79F5
2015-08-08 01:44:50 : Full Check=FF79F5
2015-08-08 01:44:50 : Full Check=FF7EF7
2015-08-08 01:44:50 : Full Check=FF7EF7
2015-08-08 01:44:50 : Full Check=FF7EF7
2015-08-08 01:44:50 : Full Check=FF79F5
2015-08-08 01:44:50 : Full Check=FF79F5
2015-08-08 01:44:50 : Full Check=FF7EF7
2015-08-08 01:44:51 : Full Check=FF7BF6
2015-08-08 01:44:51 : Full Check=FF82F8
2015-08-08 01:44:51 : Full Check=FF7EF7
2015-08-08 01:44:51 : Full Check=FF76F1
2015-08-08 01:44:51 : Full Check=FF79F5
2015-08-08 01:44:51 : Full Check=FF7BF6
2015-08-08 01:44:51 : Full Check=FF7EF7
2015-08-08 01:44:51 : Full Check=FF7EF7
2015-08-08 01:44:51 : Full Check=FF7EF7
2015-08-08 01:44:51 : Full Check=FF7EF7
2015-08-08 01:44:51 : Full Check=FF82F8
2015-08-08 01:44:51 : Full Check=FF76F1
2015-08-08 01:44:51 : Full Check=FF82F8
2015-08-08 01:44:51 : Full Check=FF79F5
2015-08-08 01:44:51 : Full Check=FF76F1
2015-08-08 01:44:51 : Full Check=FF7EF7
2015-08-08 01:44:52 : Full Check=FF7EF7
2015-08-08 01:44:52 : Full Check=FF82F8
2015-08-08 01:44:52 : Full Check=FF79F5
2015-08-08 01:44:52 : Full Check=FF7EF7
2015-08-08 01:44:52 : Full Check=FF7EF7
2015-08-08 01:44:52 : Full Check=FF76F1
2015-08-08 01:44:52 : Full Check=FF79F5
2015-08-08 01:44:52 : Full Check=FF79F5
2015-08-08 01:44:52 : Full Check=FF79F5
2015-08-08 01:44:52 : Full Check=FF7EF7
2015-08-08 01:44:52 : Full Check=FF7EF7
2015-08-08 01:44:52 : Full Check=FF76F1
2015-08-08 01:44:52 : Full Check=FF7EF7
2015-08-08 01:44:52 : Full Check=FF7EF7
2015-08-08 01:44:52 : Full Check=FF7EF7
2015-08-08 01:44:52 : Full Check=FF7EF7
2015-08-08 01:44:53 : Full Check=FF7EF7
2015-08-08 01:44:53 : Full Check=FF7EF7
2015-08-08 01:44:53 : Full Check=FF76F1
2015-08-08 01:44:53 : Move from Barrack 2 direction -1
2015-08-08 01:44:54 : This is not a Barrack
2015-08-08 01:44:54 : ---=====================END TRAIN =======================================---
2015-08-08 01:44:56 : checkMainScreen start quiet mode
2015-08-08 01:44:56 : checkMainScreen exit quiet mode
2015-08-08 01:44:57 : checkMainScreen start quiet mode
2015-08-08 01:44:57 : checkMainScreen exit quiet mode
2015-08-08 01:44:58 : checkMainScreen start quiet mode
2015-08-08 01:44:58 : checkMainScreen exit quiet mode
2015-08-08 01:44:58 : Requesting Clan Castle Troops
2015-08-08 01:44:58 : $icount1 = 1, BB2BD1
2015-08-08 01:44:59 : $icount2 = 1, CC4010
2015-08-08 01:45:04 : checkMainScreen start quiet mode
2015-08-08 01:45:04 : checkMainScreen exit quiet mode
2015-08-08 01:45:04 : Func Idle 
2015-08-08 01:45:04 : $fullArmy=True $fullCC=False $fullHeroes=False $iUnbreakableMode=1
2015-08-08 01:45:04 : ====== Waiting for full army ======
2015-08-08 01:45:15 : checkMainScreen start quiet mode
2015-08-08 01:45:15 : checkMainScreen exit quiet mode
2015-08-08 01:45:16 : Checking Overview for full army [!] True, 407508
2015-08-08 01:45:16 : Checking Overview for full CC [!] False, DD3B3D
2015-08-08 01:45:16 : Checking Overview for full Heroes [!] True, 88B928
2015-08-08 01:45:17 : Clan Camp is not full, Still wait...
2015-08-08 01:45:17 : checkMainScreen start quiet mode
2015-08-08 01:45:17 : checkMainScreen exit quiet mode
2015-08-08 01:45:17 : Func Train 
2015-08-08 01:45:17 : Train enabled, $TotalTrainedTroops= 200, Adj TotalCamp= 192
2015-08-08 01:45:18 : Checking Overview for full army [!] True, 407508
2015-08-08 01:45:18 : Checking Overview for full CC [!] False, DD3B3D
2015-08-08 01:45:18 : Checking Overview for full Heroes [!] True, 88B928
2015-08-08 01:45:19 : FullArmy & TotalTrained = skip training
2015-08-08 01:45:19 : checkMainScreen start quiet mode
2015-08-08 01:45:19 : checkMainScreen exit quiet mode
2015-08-08 01:45:20 : Time Idle: 00:00:15
2015-08-08 01:45:20 : $fullArmy=True $fullCC=False $fullHeroes=True $iUnbreakableMode=1
2015-08-08 01:45:31 : checkMainScreen start quiet mode
2015-08-08 01:45:31 : checkMainScreen exit quiet mode
2015-08-08 01:45:32 : Checking Overview for full army [!] True, 407508
2015-08-08 01:45:32 : Checking Overview for full CC [!] False, DD3B3D
2015-08-08 01:45:32 : Checking Overview for full Heroes [!] True, 88B928
2015-08-08 01:45:33 : Clan Camp is not full, Still wait...
2015-08-08 01:45:33 : checkMainScreen start quiet mode
2015-08-08 01:45:33 : checkMainScreen exit quiet mode
2015-08-08 01:45:34 : Func Train 
2015-08-08 01:45:34 : Train enabled, $TotalTrainedTroops= 200, Adj TotalCamp= 192
2015-08-08 01:45:34 : Checking Overview for full army [!] True, 407508
2015-08-08 01:45:34 : Checking Overview for full CC [!] False, DD3B3D
2015-08-08 01:45:34 : Checking Overview for full Heroes [!] True, 88B928
2015-08-08 01:45:35 : FullArmy & TotalTrained = skip training
2015-08-08 01:45:35 : checkMainScreen start quiet mode
2015-08-08 01:45:35 : checkMainScreen exit quiet mode
2015-08-08 01:45:36 : Time Idle: 00:00:31
2015-08-08 01:45:36 : $fullArmy=True $fullCC=False $fullHeroes=True $iUnbreakableMode=1
2015-08-08 01:45:47 : checkMainScreen start quiet mode
2015-08-08 01:45:47 : checkMainScreen exit quiet mode
2015-08-08 01:45:48 : Checking Overview for full army [!] True, 407508
2015-08-08 01:45:48 : Checking Overview for full CC [!] False, DD3B3D
2015-08-08 01:45:48 : Checking Overview for full Heroes [!] True, 88B928
2015-08-08 01:45:49 : Clan Camp is not full, Still wait...
2015-08-08 01:45:49 : checkMainScreen start quiet mode
2015-08-08 01:45:49 : checkMainScreen exit quiet mode
2015-08-08 01:45:49 : Func Train 
2015-08-08 01:45:49 : Train enabled, $TotalTrainedTroops= 200, Adj TotalCamp= 192
2015-08-08 01:45:50 : Checking Overview for full army [!] True, 407508
2015-08-08 01:45:50 : Checking Overview for full CC [!] False, DD3B3D
2015-08-08 01:45:50 : Checking Overview for full Heroes [!] True, 88B928
2015-08-08 01:45:51 : FullArmy & TotalTrained = skip training
2015-08-08 01:45:51 : checkMainScreen start quiet mode
2015-08-08 01:45:51 : checkMainScreen exit quiet mode
2015-08-08 01:45:52 : Time Idle: 00:00:46
2015-08-08 01:45:52 : $fullArmy=True $fullCC=False $fullHeroes=True $iUnbreakableMode=1
2015-08-08 01:46:03 : checkMainScreen start quiet mode
2015-08-08 01:46:03 : checkMainScreen exit quiet mode
2015-08-08 01:46:04 : Checking Overview for full army [!] True, 407508
2015-08-08 01:46:04 : Checking Overview for full CC [!] False, DD3B3D
2015-08-08 01:46:04 : Checking Overview for full Heroes [!] True, 88B928
2015-08-08 01:46:05 : Clan Camp is not full, Still wait...
2015-08-08 01:46:05 : checkMainScreen start quiet mode
2015-08-08 01:46:05 : checkMainScreen exit quiet mode
2015-08-08 01:46:05 : Func Train 
2015-08-08 01:46:05 : Train enabled, $TotalTrainedTroops= 200, Adj TotalCamp= 192
2015-08-08 01:46:06 : Checking Overview for full army [!] True, 407508
2015-08-08 01:46:06 : Checking Overview for full CC [!] False, DD3B3D
2015-08-08 01:46:06 : Checking Overview for full Heroes [!] True, 88B928
2015-08-08 01:46:07 : FullArmy & TotalTrained = skip training
2015-08-08 01:46:07 : checkMainScreen start quiet mode
2015-08-08 01:46:07 : checkMainScreen exit quiet mode
2015-08-08 01:46:08 : Time Idle: 00:01:02
2015-08-08 01:46:08 : $fullArmy=True $fullCC=False $fullHeroes=True $iUnbreakableMode=1
2015-08-08 01:46:19 : checkMainScreen start quiet mode
2015-08-08 01:46:19 : checkMainScreen exit quiet mode
2015-08-08 01:46:20 : Checking Overview for full army [!] True, 407508
2015-08-08 01:46:20 : Checking Overview for full CC [!] False, DD3B3D
2015-08-08 01:46:20 : Checking Overview for full Heroes [!] True, 88B928
2015-08-08 01:46:20 : Clan Camp is not full, Still wait...
2015-08-08 01:46:21 : checkMainScreen start quiet mode
2015-08-08 01:46:21 : checkMainScreen exit quiet mode
2015-08-08 01:46:21 : Func Train 
2015-08-08 01:46:21 : Train enabled, $TotalTrainedTroops= 200, Adj TotalCamp= 192
2015-08-08 01:46:22 : Checking Overview for full army [!] True, 407508
2015-08-08 01:46:22 : Checking Overview for full CC [!] False, DD3B3D
2015-08-08 01:46:22 : Checking Overview for full Heroes [!] True, 88B928
2015-08-08 01:46:23 : FullArmy & TotalTrained = skip training
2015-08-08 01:46:23 : checkMainScreen start quiet mode
2015-08-08 01:46:23 : checkMainScreen exit quiet mode
2015-08-08 01:46:24 : Time Idle: 00:01:18
2015-08-08 01:46:24 : $fullArmy=True $fullCC=False $fullHeroes=True $iUnbreakableMode=1
2015-08-08 01:46:35 : checkMainScreen start quiet mode
2015-08-08 01:46:35 : checkMainScreen exit quiet mode
2015-08-08 01:46:36 : Checking Overview for full army [!] True, 407508
2015-08-08 01:46:36 : Checking Overview for full CC [!] False, DD3B3D
2015-08-08 01:46:36 : Checking Overview for full Heroes [!] True, 88B928
2015-08-08 01:46:36 : Clan Camp is not full, Still wait...
2015-08-08 01:46:37 : checkMainScreen start quiet mode
2015-08-08 01:46:37 : checkMainScreen exit quiet mode
2015-08-08 01:46:37 : Func Train 
2015-08-08 01:46:37 : Train enabled, $TotalTrainedTroops= 200, Adj TotalCamp= 192
2015-08-08 01:46:38 : Checking Overview for full army [!] True, 407508
2015-08-08 01:46:38 : Checking Overview for full CC [!] False, DD3B3D
2015-08-08 01:46:38 : Checking Overview for full Heroes [!] True, 88B928
2015-08-08 01:46:39 : FullArmy & TotalTrained = skip training
2015-08-08 01:46:39 : checkMainScreen start quiet mode
2015-08-08 01:46:39 : checkMainScreen exit quiet mode
2015-08-08 01:46:39 : Time Idle: 00:01:33
2015-08-08 01:46:39 : $fullArmy=True $fullCC=False $fullHeroes=True $iUnbreakableMode=1
2015-08-08 01:46:51 : checkMainScreen start quiet mode
2015-08-08 01:46:51 : checkMainScreen exit quiet mode
2015-08-08 01:46:51 : Checking Overview for full army [!] True, 407508
2015-08-08 01:46:52 : Checking Overview for full CC [!] False, DD3B3D
2015-08-08 01:46:52 : Checking Overview for full Heroes [!] True, 88B928
2015-08-08 01:46:52 : Clan Camp is not full, Still wait...
2015-08-08 01:46:53 : checkMainScreen start quiet mode
2015-08-08 01:46:53 : checkMainScreen exit quiet mode
2015-08-08 01:46:53 : Func Train 
2015-08-08 01:46:53 : Train enabled, $TotalTrainedTroops= 200, Adj TotalCamp= 192
2015-08-08 01:46:53 : Checking Overview for full army [!] True, 407508
2015-08-08 01:46:54 : Checking Overview for full CC [!] False, DD3B3D
2015-08-08 01:46:54 : Checking Overview for full Heroes [!] True, 88B928
2015-08-08 01:46:54 : FullArmy & TotalTrained = skip training
2015-08-08 01:46:55 : checkMainScreen start quiet mode
2015-08-08 01:46:55 : checkMainScreen exit quiet mode
2015-08-08 01:46:55 : Time Idle: 00:01:49
2015-08-08 01:46:55 : $fullArmy=True $fullCC=False $fullHeroes=True $iUnbreakableMode=1
2015-08-08 01:47:07 : checkMainScreen start quiet mode
2015-08-08 01:47:07 : checkMainScreen exit quiet mode
2015-08-08 01:47:07 : Checking Overview for full army [!] True, 407508
2015-08-08 01:47:07 : Checking Overview for full CC [!] False, DD3B3D
2015-08-08 01:47:07 : Checking Overview for full Heroes [!] True, 88B928
2015-08-08 01:47:08 : Clan Camp is not full, Still wait...
2015-08-08 01:47:09 : checkMainScreen start quiet mode
2015-08-08 01:47:09 : checkMainScreen exit quiet mode
2015-08-08 01:47:09 : Func Train 
2015-08-08 01:47:09 : Train enabled, $TotalTrainedTroops= 200, Adj TotalCamp= 192
2015-08-08 01:47:09 : Checking Overview for full army [!] True, 407508
2015-08-08 01:47:10 : Checking Overview for full CC [!] False, DD3B3D
2015-08-08 01:47:10 : Checking Overview for full Heroes [!] True, 88B928
2015-08-08 01:47:10 : FullArmy & TotalTrained = skip training
2015-08-08 01:47:11 : checkMainScreen start quiet mode
2015-08-08 01:47:11 : checkMainScreen exit quiet mode
2015-08-08 01:47:11 : Time Idle: 00:02:04
2015-08-08 01:47:11 : $fullArmy=True $fullCC=False $fullHeroes=True $iUnbreakableMode=1
2015-08-08 01:47:22 : checkMainScreen start quiet mode
2015-08-08 01:47:22 : checkMainScreen exit quiet mode
2015-08-08 01:47:23 : Checking Overview for full army [!] True, 407508
2015-08-08 01:47:23 : Checking Overview for full CC [!] False, DD3B3D
2015-08-08 01:47:23 : Checking Overview for full Heroes [!] True, 88B928
2015-08-08 01:47:24 : Clan Camp is not full, Still wait...
2015-08-08 01:47:24 : checkMainScreen start quiet mode
2015-08-08 01:47:24 : checkMainScreen exit quiet mode
2015-08-08 01:47:25 : Func Train 
2015-08-08 01:47:25 : Train enabled, $TotalTrainedTroops= 200, Adj TotalCamp= 192
2015-08-08 01:47:25 : Checking Overview for full army [!] True, 407508
2015-08-08 01:47:26 : Checking Overview for full CC [!] False, DD3B3D
2015-08-08 01:47:26 : Checking Overview for full Heroes [!] True, 88B928
2015-08-08 01:47:26 : FullArmy & TotalTrained = skip training
2015-08-08 01:47:26 : checkMainScreen start quiet mode
2015-08-08 01:47:26 : checkMainScreen exit quiet mode
2015-08-08 01:47:27 : Time Idle: 00:02:20
2015-08-08 01:47:27 : $fullArmy=True $fullCC=False $fullHeroes=True $iUnbreakableMode=1
2015-08-08 01:47:38 : checkMainScreen start quiet mode
2015-08-08 01:47:38 : checkMainScreen exit quiet mode
2015-08-08 01:47:39 : Checking Overview for full army [!] True, 407508
2015-08-08 01:47:39 : Checking Overview for full CC [!] False, DD3B3D
2015-08-08 01:47:39 : Checking Overview for full Heroes [!] True, 88B928
2015-08-08 01:47:40 : Clan Camp is not full, Still wait...
2015-08-08 01:47:40 : checkMainScreen start quiet mode
2015-08-08 01:47:40 : checkMainScreen exit quiet mode
2015-08-08 01:47:41 : Func Train 
2015-08-08 01:47:41 : Train enabled, $TotalTrainedTroops= 200, Adj TotalCamp= 192
2015-08-08 01:47:41 : Checking Overview for full army [!] True, 407508
2015-08-08 01:47:41 : Checking Overview for full CC [!] False, DD3B3D
2015-08-08 01:47:41 : Checking Overview for full Heroes [!] True, 88B928
2015-08-08 01:47:42 : FullArmy & TotalTrained = skip training
2015-08-08 01:47:42 : checkMainScreen start quiet mode
2015-08-08 01:47:42 : checkMainScreen exit quiet mode
2015-08-08 01:47:43 : Time Idle: 00:02:36
2015-08-08 01:47:43 : $fullArmy=True $fullCC=False $fullHeroes=True $iUnbreakableMode=1
2015-08-08 01:47:54 : checkMainScreen start quiet mode
2015-08-08 01:47:54 : checkMainScreen exit quiet mode
2015-08-08 01:47:55 : Checking Overview for full army [!] True, 407508
2015-08-08 01:47:55 : Checking Overview for full CC [!] False, DD3B3D
2015-08-08 01:47:55 : Checking Overview for full Heroes [!] True, 88B928
2015-08-08 01:47:56 : Clan Camp is not full, Still wait...
2015-08-08 01:47:56 : checkMainScreen start quiet mode
2015-08-08 01:47:56 : checkMainScreen exit quiet mode
2015-08-08 01:47:56 : Func Train 
2015-08-08 01:47:56 : Train enabled, $TotalTrainedTroops= 200, Adj TotalCamp= 192
2015-08-08 01:47:57 : Checking Overview for full army [!] True, 407508
2015-08-08 01:47:57 : Checking Overview for full CC [!] False, DD3B3D
2015-08-08 01:47:57 : Checking Overview for full Heroes [!] True, 88B928
2015-08-08 01:47:58 : FullArmy & TotalTrained = skip training
2015-08-08 01:47:58 : checkMainScreen start quiet mode
2015-08-08 01:47:58 : checkMainScreen exit quiet mode
2015-08-08 01:47:59 : Time Idle: 00:02:51
2015-08-08 01:47:59 : $fullArmy=True $fullCC=False $fullHeroes=True $iUnbreakableMode=1
2015-08-08 01:48:10 : checkMainScreen start quiet mode
2015-08-08 01:48:10 : checkMainScreen exit quiet mode
2015-08-08 01:48:11 : Checking Overview for full army [!] True, 407508
2015-08-08 01:48:11 : Checking Overview for full CC [!] False, DD3B3D
2015-08-08 01:48:11 : Checking Overview for full Heroes [!] True, 88B928
2015-08-08 01:48:12 : Clan Camp is not full, Still wait...
2015-08-08 01:48:12 : checkMainScreen start quiet mode
2015-08-08 01:48:12 : checkMainScreen exit quiet mode
2015-08-08 01:48:12 : Collecting Resources
2015-08-08 01:48:19 : checkMainScreen start quiet mode
2015-08-08 01:48:19 : checkMainScreen exit quiet mode
2015-08-08 01:48:19 : Func Train 
2015-08-08 01:48:19 : Train enabled, $TotalTrainedTroops= 200, Adj TotalCamp= 192
2015-08-08 01:48:20 : Checking Overview for full army [!] True, 407508
2015-08-08 01:48:20 : Checking Overview for full CC [!] False, DD3B3D
2015-08-08 01:48:20 : Checking Overview for full Heroes [!] True, 88B928
2015-08-08 01:48:20 : FullArmy & TotalTrained = skip training
2015-08-08 01:48:21 : checkMainScreen start quiet mode
2015-08-08 01:48:21 : checkMainScreen exit quiet mode
2015-08-08 01:48:21 : Time Idle: 00:03:13
2015-08-08 01:48:21 : $fullArmy=True $fullCC=False $fullHeroes=True $iUnbreakableMode=1
2015-08-08 01:48:33 : checkMainScreen start quiet mode
2015-08-08 01:48:33 : checkMainScreen exit quiet mode
2015-08-08 01:48:33 : Checking Overview for full army [!] True, 407508
2015-08-08 01:48:34 : Checking Overview for full CC [!] False, DD3B3D
2015-08-08 01:48:34 : Checking Overview for full Heroes [!] True, 88B928
2015-08-08 01:48:34 : Clan Camp is not full, Still wait...
2015-08-08 01:48:35 : checkMainScreen start quiet mode
2015-08-08 01:48:35 : checkMainScreen exit quiet mode
2015-08-08 01:48:35 : Func Train 
2015-08-08 01:48:35 : Train enabled, $TotalTrainedTroops= 200, Adj TotalCamp= 192
2015-08-08 01:48:36 : Checking Overview for full army [!] True, 407508
2015-08-08 01:48:36 : Checking Overview for full CC [!] False, DD3B3D
2015-08-08 01:48:36 : Checking Overview for full Heroes [!] True, 88B928
2015-08-08 01:48:36 : FullArmy & TotalTrained = skip training
2015-08-08 01:48:37 : checkMainScreen start quiet mode
2015-08-08 01:48:37 : checkMainScreen exit quiet mode
2015-08-08 01:48:37 : Time Idle: 00:03:29
2015-08-08 01:48:37 : $fullArmy=True $fullCC=False $fullHeroes=True $iUnbreakableMode=1
2015-08-08 01:48:49 : checkMainScreen start quiet mode
2015-08-08 01:48:49 : checkMainScreen exit quiet mode
2015-08-08 01:48:49 : Checking Overview for full army [!] True, 407508
2015-08-08 01:48:49 : Checking Overview for full CC [!] False, DD3B3D
2015-08-08 01:48:49 : Checking Overview for full Heroes [!] True, 88B928
2015-08-08 01:48:50 : Clan Camp is not full, Still wait...
2015-08-08 01:48:51 : checkMainScreen start quiet mode
2015-08-08 01:48:51 : checkMainScreen exit quiet mode
2015-08-08 01:48:51 : Func Train 
2015-08-08 01:48:51 : Train enabled, $TotalTrainedTroops= 200, Adj TotalCamp= 192
2015-08-08 01:48:51 : Checking Overview for full army [!] True, 407508
2015-08-08 01:48:52 : Checking Overview for full CC [!] False, DD3B3D
2015-08-08 01:48:52 : Checking Overview for full Heroes [!] True, 88B928
2015-08-08 01:48:52 : FullArmy & TotalTrained = skip training
2015-08-08 01:48:53 : checkMainScreen start quiet mode
2015-08-08 01:48:53 : checkMainScreen exit quiet mode
2015-08-08 01:48:53 : Time Idle: 00:03:45
2015-08-08 01:48:53 : $fullArmy=True $fullCC=False $fullHeroes=True $iUnbreakableMode=1
2015-08-08 01:49:04 : checkMainScreen start quiet mode
2015-08-08 01:49:04 : checkMainScreen exit quiet mode
2015-08-08 01:49:05 : Checking Overview for full army [!] True, 407508
2015-08-08 01:49:05 : Checking Overview for full CC [!] False, DD3B3D
2015-08-08 01:49:05 : Checking Overview for full Heroes [!] True, 88B928
2015-08-08 01:49:06 : Clan Camp is not full, Still wait...
2015-08-08 01:49:06 : checkMainScreen start quiet mode
2015-08-08 01:49:06 : checkMainScreen exit quiet mode
2015-08-08 01:49:07 : Func Train 
2015-08-08 01:49:07 : Train enabled, $TotalTrainedTroops= 200, Adj TotalCamp= 192
2015-08-08 01:49:07 : Checking Overview for full army [!] True, 407508
2015-08-08 01:49:08 : Checking Overview for full CC [!] False, DD3B3D
2015-08-08 01:49:08 : Checking Overview for full Heroes [!] True, 88B928
2015-08-08 01:49:08 : FullArmy & TotalTrained = skip training
2015-08-08 01:49:08 : checkMainScreen start quiet mode
2015-08-08 01:49:08 : checkMainScreen exit quiet mode
2015-08-08 01:49:09 : Time Idle: 00:04:00
2015-08-08 01:49:09 : $fullArmy=True $fullCC=False $fullHeroes=True $iUnbreakableMode=1
2015-08-08 01:49:20 : checkMainScreen start quiet mode
2015-08-08 01:49:20 : checkMainScreen exit quiet mode
2015-08-08 01:49:21 : Checking Overview for full army [!] True, 407508
2015-08-08 01:49:21 : Checking Overview for full CC [!] False, DD3B3D
2015-08-08 01:49:21 : Checking Overview for full Heroes [!] True, 88B928
2015-08-08 01:49:22 : Clan Camp is not full, Still wait...
2015-08-08 01:49:22 : checkMainScreen start quiet mode
2015-08-08 01:49:22 : checkMainScreen exit quiet mode
2015-08-08 01:49:23 : Func Train 
2015-08-08 01:49:23 : Train enabled, $TotalTrainedTroops= 200, Adj TotalCamp= 192
2015-08-08 01:49:23 : Checking Overview for full army [!] True, 407508
2015-08-08 01:49:24 : Checking Overview for full CC [!] False, DD3B3D
2015-08-08 01:49:24 : Checking Overview for full Heroes [!] True, 88B928
2015-08-08 01:49:24 : FullArmy & TotalTrained = skip training
2015-08-08 01:49:24 : checkMainScreen start quiet mode
2015-08-08 01:49:24 : checkMainScreen exit quiet mode
2015-08-08 01:49:25 : Time Idle: 00:04:16
2015-08-08 01:49:25 : $fullArmy=True $fullCC=False $fullHeroes=True $iUnbreakableMode=1
2015-08-08 01:49:36 : checkMainScreen start quiet mode
2015-08-08 01:49:36 : checkMainScreen exit quiet mode
2015-08-08 01:49:37 : Checking Overview for full army [!] True, 407508
2015-08-08 01:49:37 : Checking Overview for full CC [!] False, DD3B3D
2015-08-08 01:49:37 : Checking Overview for full Heroes [!] True, 88B928
2015-08-08 01:49:38 : Clan Camp is not full, Still wait...
2015-08-08 01:49:38 : checkMainScreen start quiet mode
2015-08-08 01:49:38 : checkMainScreen exit quiet mode
2015-08-08 01:49:38 : Func Train 
2015-08-08 01:49:38 : Train enabled, $TotalTrainedTroops= 200, Adj TotalCamp= 192
2015-08-08 01:49:39 : Checking Overview for full army [!] True, 407508
2015-08-08 01:49:39 : Checking Overview for full CC [!] False, DD3B3D
2015-08-08 01:49:39 : Checking Overview for full Heroes [!] True, 88B928
2015-08-08 01:49:40 : FullArmy & TotalTrained = skip training
2015-08-08 01:49:40 : checkMainScreen start quiet mode
2015-08-08 01:49:40 : checkMainScreen exit quiet mode
2015-08-08 01:49:41 : Time Idle: 00:04:32
2015-08-08 01:49:41 : $fullArmy=True $fullCC=False $fullHeroes=True $iUnbreakableMode=1
2015-08-08 01:49:52 : checkMainScreen start quiet mode
2015-08-08 01:49:52 : checkMainScreen exit quiet mode
2015-08-08 01:49:53 : Checking Overview for full army [!] True, 407508
2015-08-08 01:49:53 : Checking Overview for full CC [!] False, DD3B3D
2015-08-08 01:49:53 : Checking Overview for full Heroes [!] True, 88B928
2015-08-08 01:49:53 : Clan Camp is not full, Still wait...
2015-08-08 01:49:54 : checkMainScreen start quiet mode
2015-08-08 01:49:54 : checkMainScreen exit quiet mode
2015-08-08 01:49:54 : Func Train 
2015-08-08 01:49:54 : Train enabled, $TotalTrainedTroops= 200, Adj TotalCamp= 192
2015-08-08 01:49:55 : Checking Overview for full army [!] True, 407508
2015-08-08 01:49:55 : Checking Overview for full CC [!] False, DD3B3D
2015-08-08 01:49:55 : Checking Overview for full Heroes [!] True, 88B928
2015-08-08 01:49:56 : FullArmy & TotalTrained = skip training
2015-08-08 01:49:56 : checkMainScreen start quiet mode
2015-08-08 01:49:56 : checkMainScreen exit quiet mode
2015-08-08 01:49:57 : Time Idle: 00:04:47
2015-08-08 01:49:57 : $fullArmy=True $fullCC=False $fullHeroes=True $iUnbreakableMode=1
2015-08-08 01:50:08 : checkMainScreen start quiet mode
2015-08-08 01:50:08 : checkMainScreen exit quiet mode
2015-08-08 01:50:09 : Checking Overview for full army [!] True, 407508
2015-08-08 01:50:09 : Checking Overview for full CC [!] False, DD3B3D
2015-08-08 01:50:09 : Checking Overview for full Heroes [!] True, 88B928
2015-08-08 01:50:09 : Clan Camp is not full, Still wait...
2015-08-08 01:50:10 : checkMainScreen start quiet mode
2015-08-08 01:50:10 : checkMainScreen exit quiet mode
2015-08-08 01:50:10 : Func Train 
2015-08-08 01:50:10 : Train enabled, $TotalTrainedTroops= 200, Adj TotalCamp= 192
2015-08-08 01:50:11 : Checking Overview for full army [!] True, 407508
2015-08-08 01:50:11 : Checking Overview for full CC [!] False, DD3B3D
2015-08-08 01:50:11 : Checking Overview for full Heroes [!] True, 88B928
2015-08-08 01:50:12 : FullArmy & TotalTrained = skip training
2015-08-08 01:50:12 : checkMainScreen start quiet mode
2015-08-08 01:50:12 : checkMainScreen exit quiet mode
2015-08-08 01:50:13 : Time Idle: 00:05:03
2015-08-08 01:50:13 : $fullArmy=True $fullCC=False $fullHeroes=True $iUnbreakableMode=1
2015-08-08 01:50:24 : checkMainScreen start quiet mode
2015-08-08 01:50:24 : checkMainScreen exit quiet mode
2015-08-08 01:50:24 : Checking Overview for full army [!] True, 407508
2015-08-08 01:50:25 : Checking Overview for full CC [!] False, DD3B3D
2015-08-08 01:50:25 : Checking Overview for full Heroes [!] True, 88B928
2015-08-08 01:50:25 : Clan Camp is not full, Still wait...
2015-08-08 01:50:26 : checkMainScreen start quiet mode
2015-08-08 01:50:26 : checkMainScreen exit quiet mode
2015-08-08 01:50:26 : Func Train 
2015-08-08 01:50:26 : Train enabled, $TotalTrainedTroops= 200, Adj TotalCamp= 192
2015-08-08 01:50:27 : Checking Overview for full army [!] True, 407508
2015-08-08 01:50:27 : Checking Overview for full CC [!] False, DD3B3D
2015-08-08 01:50:27 : Checking Overview for full Heroes [!] True, 88B928
2015-08-08 01:50:27 : FullArmy & TotalTrained = skip training
2015-08-08 01:50:28 : checkMainScreen start quiet mode
2015-08-08 01:50:28 : checkMainScreen exit quiet mode
2015-08-08 01:50:28 : Time Idle: 00:05:18
2015-08-08 01:50:28 : $fullArmy=True $fullCC=False $fullHeroes=True $iUnbreakableMode=1
2015-08-08 01:50:40 : checkMainScreen start quiet mode
2015-08-08 01:50:40 : checkMainScreen exit quiet mode
2015-08-08 01:50:40 : Checking Overview for full army [!] True, 407508
2015-08-08 01:50:40 : Checking Overview for full CC [!] False, DD3B3D
2015-08-08 01:50:40 : Checking Overview for full Heroes [!] True, 88B928
2015-08-08 01:50:41 : Clan Camp is not full, Still wait...
2015-08-08 01:50:42 : checkMainScreen start quiet mode
2015-08-08 01:50:42 : checkMainScreen exit quiet mode
2015-08-08 01:50:42 : Func Train 
2015-08-08 01:50:42 : Train enabled, $TotalTrainedTroops= 200, Adj TotalCamp= 192
2015-08-08 01:50:42 : Checking Overview for full army [!] True, 407508
2015-08-08 01:50:43 : Checking Overview for full CC [!] False, DD3B3D
2015-08-08 01:50:43 : Checking Overview for full Heroes [!] True, 88B928
2015-08-08 01:50:43 : FullArmy & TotalTrained = skip training
2015-08-08 01:50:43 : checkMainScreen start quiet mode
2015-08-08 01:50:43 : checkMainScreen exit quiet mode
2015-08-08 01:50:44 : Time Idle: 00:05:34
2015-08-08 01:50:44 : $fullArmy=True $fullCC=False $fullHeroes=True $iUnbreakableMode=1
2015-08-08 01:50:55 : checkMainScreen start quiet mode
2015-08-08 01:50:56 : checkMainScreen exit quiet mode
2015-08-08 01:50:56 : Checking Overview for full army [!] True, 407508
2015-08-08 01:50:56 : Checking Overview for full CC [!] False, DD3B3D
2015-08-08 01:50:56 : Checking Overview for full Heroes [!] True, 88B928
2015-08-08 01:50:57 : Clan Camp is not full, Still wait...
2015-08-08 01:50:57 : checkMainScreen start quiet mode
2015-08-08 01:50:57 : checkMainScreen exit quiet mode
2015-08-08 01:50:58 : Func Train 
2015-08-08 01:50:58 : Train enabled, $TotalTrainedTroops= 200, Adj TotalCamp= 192
2015-08-08 01:50:58 : Checking Overview for full army [!] True, 407508
2015-08-08 01:50:59 : Checking Overview for full CC [!] False, DD3B3D
2015-08-08 01:50:59 : Checking Overview for full Heroes [!] True, 88B928
2015-08-08 01:50:59 : FullArmy & TotalTrained = skip training
2015-08-08 01:50:59 : checkMainScreen start quiet mode
2015-08-08 01:50:59 : checkMainScreen exit quiet mode
2015-08-08 01:51:00 : Time Idle: 00:05:49
2015-08-08 01:51:00 : $fullArmy=True $fullCC=False $fullHeroes=True $iUnbreakableMode=1
2015-08-08 01:51:11 : checkMainScreen start quiet mode
2015-08-08 01:51:11 : checkMainScreen exit quiet mode
2015-08-08 01:51:12 : Checking Overview for full army [!] True, 407508
2015-08-08 01:51:12 : Checking Overview for full CC [!] False, DD3B3D
2015-08-08 01:51:12 : Checking Overview for full Heroes [!] True, 88B928
2015-08-08 01:51:13 : Clan Camp is not full, Still wait...
2015-08-08 01:51:13 : checkMainScreen start quiet mode
2015-08-08 01:51:13 : checkMainScreen exit quiet mode
2015-08-08 01:51:14 : Collecting Resources
2015-08-08 01:51:20 : checkMainScreen start quiet mode
2015-08-08 01:51:20 : checkMainScreen exit quiet mode
2015-08-08 01:51:20 : Func Train 
2015-08-08 01:51:20 : Train enabled, $TotalTrainedTroops= 200, Adj TotalCamp= 192
2015-08-08 01:51:21 : Checking Overview for full army [!] True, 407508
2015-08-08 01:51:21 : Checking Overview for full CC [!] False, DD3B3D
2015-08-08 01:51:21 : Checking Overview for full Heroes [!] True, 88B928
2015-08-08 01:51:22 : FullArmy & TotalTrained = skip training
2015-08-08 01:51:22 : checkMainScreen start quiet mode
2015-08-08 01:51:22 : checkMainScreen exit quiet mode
2015-08-08 01:51:23 : Time Idle: 00:06:12
2015-08-08 01:51:23 : $fullArmy=True $fullCC=False $fullHeroes=True $iUnbreakableMode=1
2015-08-08 01:51:34 : checkMainScreen start quiet mode
2015-08-08 01:51:34 : checkMainScreen exit quiet mode
2015-08-08 01:51:34 : Checking Overview for full army [!] True, 407508
2015-08-08 01:51:35 : Checking Overview for full CC [!] False, DD3B3D
2015-08-08 01:51:35 : Checking Overview for full Heroes [!] True, 88B928
2015-08-08 01:51:35 : Clan Camp is not full, Still wait...
2015-08-08 01:51:36 : checkMainScreen start quiet mode
2015-08-08 01:51:36 : checkMainScreen exit quiet mode
2015-08-08 01:51:36 : Func Train 
2015-08-08 01:51:36 : Train enabled, $TotalTrainedTroops= 200, Adj TotalCamp= 192
2015-08-08 01:51:37 : Checking Overview for full army [!] True, 407508
2015-08-08 01:51:37 : Checking Overview for full CC [!] False, DD3B3D
2015-08-08 01:51:37 : Checking Overview for full Heroes [!] True, 88B928
2015-08-08 01:51:38 : FullArmy & TotalTrained = skip training
2015-08-08 01:51:38 : checkMainScreen start quiet mode
2015-08-08 01:51:38 : checkMainScreen exit quiet mode
2015-08-08 01:51:38 : Time Idle: 00:06:27
2015-08-08 01:51:38 : $fullArmy=True $fullCC=False $fullHeroes=True $iUnbreakableMode=1
2015-08-08 01:51:50 : checkMainScreen start quiet mode
2015-08-08 01:51:50 : checkMainScreen exit quiet mode
2015-08-08 01:51:50 : Checking Overview for full army [!] True, 407508
2015-08-08 01:51:51 : Checking Overview for full CC [!] False, DD3B3D
2015-08-08 01:51:51 : Checking Overview for full Heroes [!] True, 88B928
2015-08-08 01:51:51 : Clan Camp is not full, Still wait...
2015-08-08 01:51:52 : checkMainScreen start quiet mode
2015-08-08 01:51:52 : checkMainScreen exit quiet mode
2015-08-08 01:51:52 : Func Train 
2015-08-08 01:51:52 : Train enabled, $TotalTrainedTroops= 200, Adj TotalCamp= 192
2015-08-08 01:51:53 : Checking Overview for full army [!] True, 407508
2015-08-08 01:51:53 : Checking Overview for full CC [!] False, DD3B3D
2015-08-08 01:51:53 : Checking Overview for full Heroes [!] True, 88B928
2015-08-08 01:51:53 : FullArmy & TotalTrained = skip training
2015-08-08 01:51:54 : checkMainScreen start quiet mode
2015-08-08 01:51:54 : checkMainScreen exit quiet mode
2015-08-08 01:51:54 : Time Idle: 00:06:43
2015-08-08 01:51:54 : $fullArmy=True $fullCC=False $fullHeroes=True $iUnbreakableMode=1
2015-08-08 01:52:06 : checkMainScreen start quiet mode
2015-08-08 01:52:06 : checkMainScreen exit quiet mode
2015-08-08 01:52:06 : Checking Overview for full army [!] True, 407508
2015-08-08 01:52:06 : Checking Overview for full CC [!] True, 84B620
2015-08-08 01:52:07 : Checking Overview for full Heroes [!] True, 88B928
2015-08-08 01:52:08 : checkMainScreen start quiet mode
2015-08-08 01:52:08 : checkMainScreen exit quiet mode
2015-08-08 01:52:08 : Func Train 
2015-08-08 01:52:08 : Train enabled, $TotalTrainedTroops= 200, Adj TotalCamp= 192
2015-08-08 01:52:09 : Checking Overview for full army [!] True, 407508
2015-08-08 01:52:09 : Checking Overview for full CC [!] True, 84B620
2015-08-08 01:52:09 : Checking Overview for full Heroes [!] True, 88B928
2015-08-08 01:52:09 : FullArmy & TotalTrained = skip training
2015-08-08 01:52:10 : checkMainScreen start quiet mode
2015-08-08 01:52:10 : checkMainScreen exit quiet mode
2015-08-08 01:52:10 : Time Idle: 00:06:58
2015-08-08 01:52:10 : $fullArmy=True $fullCC=True $fullHeroes=True $iUnbreakableMode=1
2015-08-08 01:52:10 :  ====== Unbreakable Mode enabled! ====== 
2015-08-08 01:52:10 : Trophy Count : 2546
2015-08-08 01:52:13 : Trophy Count Read = 2546
2015-08-08 01:52:13 : Going to Attack...
2015-08-08 01:52:18 : Take-A-Break OCR result = 
2015-08-08 01:52:18 : Shield btn clr chk-#1: 000000, #2: 010101, #3: FFFFFF, #4: CBE870
2015-08-08 01:52:18 : ButtonPixel = 441, 374
2015-08-08 01:52:18 : Pixel color found #1: 000000, #2: 010101, #3: FFFFFF, #4: FEFEFE
2015-08-08 01:52:24 : Returning Home For Defense
2015-08-08 01:52:28 : Closing Clash Of Clans
2015-08-08 01:52:30 : Exit btn chk-#1: 000000, #2: 010101, #3: FFFFFF, #4: CBE870
2015-08-08 01:52:30 : ButtonPixel = 441, 374
2015-08-08 01:52:30 : Pixel color found #1: 000000, #2: 010101, #3: FFFFFF, #4: FEFEFE
2015-08-08 01:52:30 : Waiting 5 Minutes for Defense Attacks
2015-08-08 01:57:31 : Waiting for CoC to restart
2015-08-08 01:57:46 : Under Attack Pixels = 372C24/423932
2015-08-08 01:57:54 : Village Attacked Pixels = 9E3826/FFFFFF
2015-08-08 01:58:01 : Zooming Out
2015-08-08 01:58:01 : Index = 0
2015-08-08 01:58:01 : ControlFocus Result = 1, ControlSend Result = 1|0
2015-08-08 01:58:01 : Index = 2
2015-08-08 01:58:01 : ControlFocus Result = 1, ControlSend Result = 1|0
2015-08-08 01:58:02 : Index = 4
2015-08-08 01:58:02 : ControlFocus Result = 1, ControlSend Result = 1|0
2015-08-08 01:58:02 : Index = 6
2015-08-08 01:58:02 : ControlFocus Result = 1, ControlSend Result = 1|0
2015-08-08 01:58:02 : Index = 8
2015-08-08 01:58:03 : ControlFocus Result = 1, ControlSend Result = 1|0
2015-08-08 01:58:03 : Index = 10
2015-08-08 01:58:03 : ControlFocus Result = 1, ControlSend Result = 1|0
2015-08-08 01:58:03 : Index = 12
2015-08-08 01:58:03 : ControlFocus Result = 1, ControlSend Result = 1|0
2015-08-08 01:58:03 : Index = 14
2015-08-08 01:58:04 : ControlFocus Result = 1, ControlSend Result = 1|0
2015-08-08 01:58:05 : Bot clean start
2015-08-08 01:58:06 : Trying to locate Main Screen
2015-08-08 01:58:06 : Main Screen Located
2015-08-08 01:58:07 : checkMainScreen start quiet mode
2015-08-08 01:58:07 : checkMainScreen exit quiet mode
2015-08-08 01:58:07 : Collecting Resources
