2015-08-07 22:57:39 : ~ Clash Game Bot v4.1MODS Powered by GameBot.org ~
2015-08-07 22:57:39 : GameBot.org.au3 Script running on WIN_7  X64
2015-08-07 22:57:39 : =================== Bot Start ====================
2015-08-07 22:57:39 : -------------------------  Current Profile: 04 --------------------------
2015-08-07 22:57:39 :  Warning Debug Mode Enabled! Setlog: 1 OCR: 0 RedArea: 0 
2015-08-07 22:57:39 : Trying to locate Main Screen
2015-08-07 22:57:39 : Main Screen Located
2015-08-07 22:57:41 : Detecting your Buildings..
2015-08-07 22:57:48 : Language setting is English: Correct.
2015-08-07 22:57:48 : Bot clean start
2015-08-07 22:57:49 : Trying to locate Main Screen
2015-08-07 22:57:49 : Main Screen Located
2015-08-07 22:57:50 : Halt Attack, Stay Online/Collect...
2015-08-07 22:57:51 : checkMainScreen start quiet mode
2015-08-07 22:57:51 : checkMainScreen exit quiet mode
2015-08-07 22:57:51 : Collecting Resources
2015-08-07 22:57:57 : checkMainScreen start quiet mode
2015-08-07 22:57:59 : CheckObstacles Result = True
2015-08-07 22:57:59 : Waiting for Main Screen
2015-08-07 22:57:59 : ChkObst Loop = 0ExitLoop = 0
2015-08-07 22:57:59 : Screen cleared, WaitMainScreen exit
2015-08-07 22:57:59 : checkMainScreen exit quiet mode
2015-08-07 22:58:00 : Bot clean start
2015-08-07 22:58:01 : Trying to locate Main Screen
2015-08-07 22:58:01 : Main Screen Located
2015-08-07 22:58:01 : Halt Attack, Stay Online/Collect...
2015-08-07 22:58:03 : checkMainScreen start quiet mode
2015-08-07 22:58:03 : checkMainScreen exit quiet mode
2015-08-07 22:58:03 : Collecting Resources
2015-08-07 22:58:08 : checkMainScreen start quiet mode
2015-08-07 22:58:08 : checkMainScreen exit quiet mode
2015-08-07 22:58:10 : Checking if Village needs Rearming..
2015-08-07 22:58:16 : checkMainScreen start quiet mode
2015-08-07 22:58:16 : checkMainScreen exit quiet mode
2015-08-07 22:58:16 : checkMainScreen start quiet mode
2015-08-07 22:58:17 : checkMainScreen exit quiet mode
2015-08-07 22:58:17 : Village Report
2015-08-07 22:58:17 : No. of Free/Total Builders: 0/4
2015-08-07 22:58:17 :  [T]: 2 546
2015-08-07 22:58:18 :  [G]: 1 700 026 [E]: 5 164 711 [D]: 18 212 [GEM]: 1 981
2015-08-07 22:58:18 : checkMainScreen start quiet mode
2015-08-07 22:58:18 : checkMainScreen exit quiet mode
2015-08-07 22:58:19 : checkMainScreen start quiet mode
2015-08-07 22:58:19 : checkMainScreen exit quiet mode
2015-08-07 22:58:20 : checkMainScreen start quiet mode
2015-08-07 22:58:20 : checkMainScreen exit quiet mode
2015-08-07 22:58:21 : checkMainScreen start quiet mode
2015-08-07 22:58:21 : checkMainScreen exit quiet mode
2015-08-07 22:58:22 : checkMainScreen start quiet mode
2015-08-07 22:58:22 : checkMainScreen exit quiet mode
2015-08-07 22:58:23 : checkMainScreen start quiet mode
2015-08-07 22:58:23 : checkMainScreen exit quiet mode
2015-08-07 22:58:24 : checkMainScreen start quiet mode
2015-08-07 22:58:24 : checkMainScreen exit quiet mode
2015-08-07 22:58:24 : checkMainScreen start quiet mode
2015-08-07 22:58:24 : checkMainScreen exit quiet mode
2015-08-07 22:58:27 : Finished kicking
2015-08-07 22:58:27 : Func Idle 
2015-08-07 22:58:38 : checkMainScreen start quiet mode
2015-08-07 22:58:38 : checkMainScreen exit quiet mode
2015-08-07 22:58:38 : Checking Overview for full army [!] True, 407508
2015-08-07 22:58:39 : Checking Overview for full CC [!] False, FFFFFF
2015-08-07 22:59:01 : Checking Overview for full Heroes [!] True, 98C538
2015-08-07 22:59:06 : checkMainScreen start quiet mode
2015-08-07 22:59:06 : checkMainScreen exit quiet mode
2015-08-07 22:59:06 : Func Train 
2015-08-07 22:59:06 : checkMainScreen start quiet mode
2015-08-07 22:59:06 : checkMainScreen exit quiet mode
2015-08-07 22:59:07 : Time Idle: 00:00:39
2015-08-07 22:59:07 : Bot clean start
