2015-08-07 12:15:51 : ~ Clash Game Bot v4.1MODS Powered by GameBot.org ~
2015-08-07 12:15:51 : GameBot.org.exe Executable running on WIN_7  X64
2015-08-07 12:15:51 : =================== Bot Start ====================
2015-08-07 12:15:51 : -------------------------  Current Profile: 04 --------------------------
2015-08-07 12:15:51 :  Warning Debug Mode Enabled! Setlog: 1 OCR: 0 RedArea: 0 
2015-08-07 12:15:51 : Trying to locate Main Screen
2015-08-07 12:15:51 : Main Screen Located
2015-08-07 12:15:53 : Detecting your Buildings..
2015-08-07 12:15:58 : Language setting is English: Correct.
2015-08-07 12:15:58 : Bot clean start
2015-08-07 12:15:59 : Trying to locate Main Screen
2015-08-07 12:15:59 : Main Screen Located
2015-08-07 12:16:00 : checkMainScreen start quiet mode
2015-08-07 12:16:00 : checkMainScreen exit quiet mode
2015-08-07 12:16:01 : Collecting Resources
2015-08-07 12:16:06 : checkMainScreen start quiet mode
2015-08-07 12:16:08 : CheckObstacles Result = True
2015-08-07 12:16:08 : Waiting for Main Screen
2015-08-07 12:16:08 : ChkObst Loop = 0ExitLoop = 0
2015-08-07 12:16:08 : Screen cleared, WaitMainScreen exit
2015-08-07 12:16:08 : checkMainScreen exit quiet mode
2015-08-07 12:16:09 : Bot clean start
2015-08-07 12:16:10 : Trying to locate Main Screen
2015-08-07 12:16:10 : Main Screen Located
2015-08-07 12:16:11 : checkMainScreen start quiet mode
2015-08-07 12:16:11 : checkMainScreen exit quiet mode
2015-08-07 12:16:11 : Collecting Resources
2015-08-07 12:16:17 : checkMainScreen start quiet mode
2015-08-07 12:16:17 : checkMainScreen exit quiet mode
2015-08-07 12:16:18 : Checking if Village needs Rearming..
