2015-08-07 23:06:37 : ~ Clash Game Bot v4.1MODS Powered by GameBot.org ~
2015-08-07 23:06:37 : GameBot.org.au3 Script running on WIN_7  X64
2015-08-07 23:06:37 : =================== Bot Start ====================
2015-08-07 23:06:37 : -------------------------  Current Profile: 04 --------------------------
2015-08-07 23:06:37 :  Warning Debug Mode Enabled! Setlog: 1 OCR: 0 RedArea: 0 
2015-08-07 23:06:37 : Trying to locate Main Screen
2015-08-07 23:06:37 : Main Screen Located
2015-08-07 23:06:38 : Detecting your Buildings..
2015-08-07 23:06:44 : Language setting is English: Correct.
2015-08-07 23:06:44 : Bot clean start
2015-08-07 23:06:45 : Trying to locate Main Screen
2015-08-07 23:06:45 : Main Screen Located
2015-08-07 23:06:46 : Halt Attack, Stay Online/Collect...
2015-08-07 23:06:47 : checkMainScreen start quiet mode
2015-08-07 23:06:47 : checkMainScreen exit quiet mode
2015-08-07 23:06:47 : Collecting Resources
2015-08-07 23:06:52 : checkMainScreen start quiet mode
2015-08-07 23:06:53 : checkMainScreen exit quiet mode
2015-08-07 23:06:54 : Checking if Village needs Rearming..
2015-08-07 23:07:00 : checkMainScreen start quiet mode
2015-08-07 23:07:00 : checkMainScreen exit quiet mode
2015-08-07 23:07:01 : checkMainScreen start quiet mode
2015-08-07 23:07:01 : checkMainScreen exit quiet mode
2015-08-07 23:07:01 : Village Report
2015-08-07 23:07:01 : No. of Free/Total Builders: 0/4
2015-08-07 23:07:01 :  [T]: 2 546
2015-08-07 23:07:02 :  [G]: 1 703 126 [E]: 5 167 111 [D]: 18 236 [GEM]: 1 981
2015-08-07 23:07:02 : checkMainScreen start quiet mode
2015-08-07 23:07:02 : checkMainScreen exit quiet mode
2015-08-07 23:07:03 : checkMainScreen start quiet mode
2015-08-07 23:07:03 : checkMainScreen exit quiet mode
2015-08-07 23:07:04 : checkMainScreen start quiet mode
2015-08-07 23:07:04 : checkMainScreen exit quiet mode
2015-08-07 23:07:05 : checkMainScreen start quiet mode
2015-08-07 23:07:05 : checkMainScreen exit quiet mode
2015-08-07 23:07:06 : checkMainScreen start quiet mode
2015-08-07 23:07:06 : checkMainScreen exit quiet mode
2015-08-07 23:07:07 : checkMainScreen start quiet mode
2015-08-07 23:07:07 : checkMainScreen exit quiet mode
2015-08-07 23:07:07 : checkMainScreen start quiet mode
2015-08-07 23:07:07 : checkMainScreen exit quiet mode
2015-08-07 23:07:08 : checkMainScreen start quiet mode
2015-08-07 23:07:08 : checkMainScreen exit quiet mode
2015-08-07 23:07:10 : Finished kicking
2015-08-07 23:07:10 : Func Idle 
2015-08-07 23:07:21 : checkMainScreen start quiet mode
2015-08-07 23:07:22 : checkMainScreen exit quiet mode
2015-08-07 23:07:22 : Checking Overview for full army [!] True, 407508
2015-08-07 23:07:22 : Checking Overview for full CC [!] False, 56841F
