2015-08-07 22:26:33 : ~ Clash Game Bot v4.1MODS Powered by GameBot.org ~
2015-08-07 22:26:33 : GameBot.org.exe Executable running on WIN_7  X64
2015-08-07 22:26:33 : =================== Bot Start ====================
2015-08-07 22:26:33 : -------------------------  Current Profile: 04 --------------------------
2015-08-07 22:26:33 :  Warning Debug Mode Enabled! Setlog: 1 OCR: 0 RedArea: 0 
2015-08-07 22:26:33 : Trying to locate Main Screen
2015-08-07 22:26:40 : CheckObstacles Result = True
2015-08-07 22:26:40 : Waiting for Main Screen
2015-08-07 22:26:40 : ChkObst Loop = 0ExitLoop = 0
2015-08-07 22:26:40 : Screen cleared, WaitMainScreen exit
2015-08-07 22:26:42 : Zooming Out
2015-08-07 22:26:42 : Index = 0
2015-08-07 22:26:42 : ControlFocus Result = 1, ControlSend Result = 1|0
2015-08-07 22:26:42 : Index = 2
2015-08-07 22:26:42 : ControlFocus Result = 1, ControlSend Result = 1|0
2015-08-07 22:26:42 : Index = 4
2015-08-07 22:26:43 : ControlFocus Result = 1, ControlSend Result = 1|0
2015-08-07 22:26:43 : Index = 6
2015-08-07 22:26:43 : ControlFocus Result = 1, ControlSend Result = 1|0
2015-08-07 22:26:43 : Index = 8
2015-08-07 22:26:43 : ControlFocus Result = 1, ControlSend Result = 1|0
2015-08-07 22:26:43 : Index = 10
2015-08-07 22:26:43 : ControlFocus Result = 1, ControlSend Result = 1|0
2015-08-07 22:26:43 : Index = 12
2015-08-07 22:26:44 : ControlFocus Result = 1, ControlSend Result = 1|0
2015-08-07 22:26:44 : Main Screen Located
2015-08-07 22:26:45 : Detecting your Buildings..
2015-08-07 22:26:52 : Language setting is English: Correct.
2015-08-07 22:26:52 : Bot clean start
2015-08-07 22:26:53 : Trying to locate Main Screen
2015-08-07 22:26:53 : Main Screen Located
2015-08-07 22:26:54 : Halt Attack, Stay Online/Train/Collect/Donate...
2015-08-07 22:26:55 : checkMainScreen start quiet mode
2015-08-07 22:26:55 : checkMainScreen exit quiet mode
2015-08-07 22:26:56 : Collecting Resources
2015-08-07 22:27:01 : checkMainScreen start quiet mode
2015-08-07 22:27:01 : checkMainScreen exit quiet mode
2015-08-07 22:27:02 : Checking if Village needs Rearming..
2015-08-07 22:27:08 : checkMainScreen start quiet mode
2015-08-07 22:27:08 : checkMainScreen exit quiet mode
2015-08-07 22:27:09 : checkMainScreen start quiet mode
2015-08-07 22:27:09 : checkMainScreen exit quiet mode
2015-08-07 22:27:10 : Village Report
2015-08-07 22:27:10 : No. of Free/Total Builders: 0/4
2015-08-07 22:27:10 :  [T]: 2 546
2015-08-07 22:27:10 :  [G]: 1 684 150 [E]: 5 152 424 [D]: 18 130 [GEM]: 1 981
2015-08-07 22:27:11 : checkMainScreen start quiet mode
2015-08-07 22:27:11 : checkMainScreen exit quiet mode
2015-08-07 22:27:11 : checkMainScreen start quiet mode
2015-08-07 22:27:11 : checkMainScreen exit quiet mode
2015-08-07 22:27:13 : checkMainScreen start quiet mode
2015-08-07 22:27:13 : checkMainScreen exit quiet mode
2015-08-07 22:27:14 : checkMainScreen start quiet mode
2015-08-07 22:27:14 : checkMainScreen exit quiet mode
2015-08-07 22:27:14 : checkMainScreen start quiet mode
2015-08-07 22:27:14 : checkMainScreen exit quiet mode
2015-08-07 22:27:15 : checkMainScreen start quiet mode
2015-08-07 22:27:15 : checkMainScreen exit quiet mode
2015-08-07 22:27:16 : checkMainScreen start quiet mode
2015-08-07 22:27:16 : checkMainScreen exit quiet mode
2015-08-07 22:27:17 : checkMainScreen start quiet mode
2015-08-07 22:27:17 : checkMainScreen exit quiet mode
2015-08-07 22:27:17 : checkMainScreen start quiet mode
2015-08-07 22:27:17 : checkMainScreen exit quiet mode
2015-08-07 22:27:19 : Finished kicking
2015-08-07 22:27:19 : Func Idle 
2015-08-07 22:27:31 : checkMainScreen start quiet mode
2015-08-07 22:27:31 : checkMainScreen exit quiet mode
2015-08-07 22:27:32 : Checking Overview for full army [!] True, 407508
2015-08-07 22:27:32 : Checking Overview for full CC [!] False, FFFFFF
2015-08-07 22:27:45 : Checking Overview for full Heroes [!] False, FFFFFF
2015-08-07 22:27:51 : checkMainScreen start quiet mode
2015-08-07 22:27:51 : checkMainScreen exit quiet mode
2015-08-07 22:27:52 : Func Train 
2015-08-07 22:27:52 : Halt enabled, $TotalTrainedTroops= 0, Adj TotalCamp= -8
2015-08-07 22:27:52 : RESET AT 0 CurArch
2015-08-07 22:27:52 : RESET AT 0 CurGiant
2015-08-07 22:27:52 : RESET AT 0 CurWall
2015-08-07 22:27:52 : RESET AT 0 CurBarb
2015-08-07 22:27:52 : RESET AT 0 CurGobl
2015-08-07 22:27:52 : RESET AT 0 CurHeal
2015-08-07 22:27:52 : RESET AT 0 CurPekk
2015-08-07 22:27:52 : RESET AT 0 CurBall
2015-08-07 22:27:52 : RESET AT 0 CurWiza
2015-08-07 22:27:52 : RESET AT 0 CurDrag
2015-08-07 22:27:52 : RESET AT 0 CurMini
2015-08-07 22:27:52 : RESET AT 0 CurHogs
2015-08-07 22:27:52 : RESET AT 0 CurValk
2015-08-07 22:27:52 : RESET AT 0 CurGole
2015-08-07 22:27:52 : RESET AT 0 CurWitc
2015-08-07 22:27:52 : RESET AT 0 CurLava
2015-08-07 22:27:52 : Checking Army Camp...
