2015-08-07 23:03:37 : ~ Clash Game Bot v4.1MODS Powered by GameBot.org ~
2015-08-07 23:03:37 : GameBot.org.au3 Script running on WIN_7  X64
2015-08-07 23:03:37 : =================== Bot Start ====================
2015-08-07 23:03:37 : -------------------------  Current Profile: 04 --------------------------
2015-08-07 23:03:37 :  Warning Debug Mode Enabled! Setlog: 1 OCR: 0 RedArea: 0 
2015-08-07 23:03:37 : Trying to locate Main Screen
2015-08-07 23:03:39 : CheckObstacles Result = True
2015-08-07 23:03:39 : Waiting for Main Screen
2015-08-07 23:03:39 : ChkObst Loop = 0ExitLoop = 0
2015-08-07 23:03:41 : ChkObst Loop = 1ExitLoop = 1
2015-08-07 23:03:41 : Screen cleared, WaitMainScreen exit
2015-08-07 23:03:41 : Main Screen Located
2015-08-07 23:03:42 : Detecting your Buildings..
2015-08-07 23:03:50 : Language setting is English: Correct.
2015-08-07 23:03:50 : Bot clean start
2015-08-07 23:03:51 : Trying to locate Main Screen
2015-08-07 23:03:51 : Main Screen Located
2015-08-07 23:03:51 : Halt Attack, Stay Online/Collect...
2015-08-07 23:03:53 : checkMainScreen start quiet mode
2015-08-07 23:03:53 : checkMainScreen exit quiet mode
2015-08-07 23:03:53 : Collecting Resources
2015-08-07 23:03:58 : checkMainScreen start quiet mode
2015-08-07 23:03:58 : checkMainScreen exit quiet mode
2015-08-07 23:04:00 : Checking if Village needs Rearming..
2015-08-07 23:04:06 : checkMainScreen start quiet mode
2015-08-07 23:04:06 : checkMainScreen exit quiet mode
2015-08-07 23:04:07 : checkMainScreen start quiet mode
2015-08-07 23:04:07 : checkMainScreen exit quiet mode
2015-08-07 23:04:07 : Village Report
2015-08-07 23:04:07 : No. of Free/Total Builders: 0/4
2015-08-07 23:04:07 :  [T]: 2 546
2015-08-07 23:04:08 :  [G]: 1 703 126 [E]: 5 167 111 [D]: 18 230 [GEM]: 1 981
2015-08-07 23:04:08 : checkMainScreen start quiet mode
2015-08-07 23:04:08 : checkMainScreen exit quiet mode
2015-08-07 23:04:09 : checkMainScreen start quiet mode
2015-08-07 23:04:09 : checkMainScreen exit quiet mode
2015-08-07 23:04:10 : checkMainScreen start quiet mode
2015-08-07 23:04:10 : checkMainScreen exit quiet mode
2015-08-07 23:04:11 : checkMainScreen start quiet mode
2015-08-07 23:04:11 : checkMainScreen exit quiet mode
2015-08-07 23:04:12 : checkMainScreen start quiet mode
2015-08-07 23:04:12 : checkMainScreen exit quiet mode
2015-08-07 23:04:13 : checkMainScreen start quiet mode
2015-08-07 23:04:13 : checkMainScreen exit quiet mode
2015-08-07 23:04:13 : checkMainScreen start quiet mode
2015-08-07 23:04:13 : checkMainScreen exit quiet mode
2015-08-07 23:04:14 : checkMainScreen start quiet mode
2015-08-07 23:04:14 : checkMainScreen exit quiet mode
2015-08-07 23:04:16 : Finished kicking
2015-08-07 23:04:16 : Func Idle 
2015-08-07 23:04:28 : checkMainScreen start quiet mode
2015-08-07 23:04:28 : checkMainScreen exit quiet mode
2015-08-07 23:04:28 : Checking Overview for full army [!] True, 407508
2015-08-07 23:04:29 : Checking Overview for full CC [!] False, FFFFFE
2015-08-07 23:05:07 : Checking Overview for full Heroes [!] True, 98C538
2015-08-07 23:05:21 : checkMainScreen start quiet mode
2015-08-07 23:05:21 : checkMainScreen exit quiet mode
2015-08-07 23:05:22 : Func Train 
2015-08-07 23:05:22 : checkMainScreen start quiet mode
2015-08-07 23:05:22 : checkMainScreen exit quiet mode
