2015-08-08 01:36:41 : ~ Clash Game Bot v4.1MODS Powered by GameBot.org ~
2015-08-08 01:36:41 : GameBot.org.exe Executable running on WIN_7  X64
2015-08-08 01:36:41 : =================== Bot Start ====================
2015-08-08 01:36:41 : -------------------------  Current Profile: 04 --------------------------
2015-08-08 01:36:41 :  Warning Debug Mode Enabled! Setlog: 1 OCR: 0 RedArea: 0 
2015-08-08 01:36:41 : Trying to locate Main Screen
2015-08-08 01:36:48 : CheckObstacles Result = True
2015-08-08 01:36:48 : Waiting for Main Screen
2015-08-08 01:36:48 : ChkObst Loop = 0ExitLoop = 0
2015-08-08 01:36:48 : Screen cleared, WaitMainScreen exit
2015-08-08 01:36:49 : Zooming Out
2015-08-08 01:36:50 : Index = 0
2015-08-08 01:36:50 : ControlFocus Result = 1, ControlSend Result = 1|0
2015-08-08 01:36:50 : Index = 2
2015-08-08 01:36:50 : ControlFocus Result = 1, ControlSend Result = 1|0
2015-08-08 01:36:50 : Index = 4
2015-08-08 01:36:50 : ControlFocus Result = 1, ControlSend Result = 1|0
2015-08-08 01:36:50 : Index = 6
2015-08-08 01:36:51 : ControlFocus Result = 1, ControlSend Result = 1|0
2015-08-08 01:36:51 : Index = 8
2015-08-08 01:36:51 : ControlFocus Result = 1, ControlSend Result = 1|0
2015-08-08 01:36:51 : Index = 10
2015-08-08 01:36:51 : ControlFocus Result = 1, ControlSend Result = 1|0
2015-08-08 01:36:51 : Index = 12
2015-08-08 01:36:52 : ControlFocus Result = 1, ControlSend Result = 1|0
2015-08-08 01:36:52 : Main Screen Located
2015-08-08 01:36:53 : Detecting your Buildings..
2015-08-08 01:37:01 : Language setting is English: Correct.
2015-08-08 01:37:01 : Bot clean start
2015-08-08 01:37:02 : Trying to locate Main Screen
2015-08-08 01:37:02 : Main Screen Located
2015-08-08 01:37:03 : checkMainScreen start quiet mode
2015-08-08 01:37:03 : checkMainScreen exit quiet mode
2015-08-08 01:37:03 : Collecting Resources
2015-08-08 01:37:08 : checkMainScreen start quiet mode
2015-08-08 01:37:08 : checkMainScreen exit quiet mode
2015-08-08 01:37:10 : Checking if Village needs Rearming..
2015-08-08 01:37:16 : checkMainScreen start quiet mode
2015-08-08 01:37:16 : checkMainScreen exit quiet mode
2015-08-08 01:37:16 : checkMainScreen start quiet mode
2015-08-08 01:37:16 : checkMainScreen exit quiet mode
2015-08-08 01:37:17 : Village Report
2015-08-08 01:37:17 : No. of Free/Total Builders: 0/4
2015-08-08 01:37:17 :  [T]: 2 546
2015-08-08 01:37:17 :  [G]: 1 781 843 [E]: 5 228 021 [D]: 18 648 [GEM]: 1 981
2015-08-08 01:37:18 : checkMainScreen start quiet mode
2015-08-08 01:37:18 : checkMainScreen exit quiet mode
2015-08-08 01:37:18 : checkMainScreen start quiet mode
2015-08-08 01:37:19 : checkMainScreen exit quiet mode
2015-08-08 01:37:20 : checkMainScreen start quiet mode
2015-08-08 01:37:20 : checkMainScreen exit quiet mode
2015-08-08 01:37:20 : Func Train 
2015-08-08 01:37:20 : Train enabled, $TotalTrainedTroops= 0, Adj TotalCamp= -8
2015-08-08 01:37:20 : Checking Army Camp...
2015-08-08 01:37:21 : $sArmyInfo = 200#200
2015-08-08 01:37:21 : $CurCamp = 200
2015-08-08 01:37:21 : $TotalCamp = 200
2015-08-08 01:37:22 : Total Army Camp capacity: 200/200
2015-08-08 01:37:22 : $hBitmapFirst made
2015-08-08 01:37:22 : Calling CGBfunctions.dll/searchIdentifyTroopTrained 
2015-08-08 01:37:25 : Dll return $FullTemp :Barbarian|8-21|79#Archer|71-22|121
2015-08-08 01:37:25 : $Trooptype split # : 2
2015-08-08 01:37:25 : Start the Loop
2015-08-08 01:37:25 : $TroopTypeT[$i] split : 1
2015-08-08 01:37:25 :  - No. of Barbarians: 79
2015-08-08 01:37:25 : $TroopTypeT[$i] split : 2
2015-08-08 01:37:25 :  - No. of Archers: 121
2015-08-08 01:37:25 : start barrackstatus
2015-08-08 01:37:25 : OK, I'm in army overview
2015-08-08 01:37:25 : barrack 1 found upgrading! color 6B6964
2015-08-08 01:37:25 : barrack 2 found! color 888070
2015-08-08 01:37:25 : barrack 3 found! color 888070
2015-08-08 01:37:25 : barrack 4 found! color 888070
2015-08-08 01:37:25 : dark barrack 1 found! color 888070
2015-08-08 01:37:25 : dark barrack 5 found upgrading! color 6B6964
2015-08-08 01:37:25 : Factory Spell found! color 888070
2015-08-08 01:37:25 : Dark Factory Spell found! color 888070
2015-08-08 01:37:25 : Barracks and Spell factory status: 
2015-08-08 01:37:25 : - Barracks detected: 4 | Available: 3 | Upgrading: 1
2015-08-08 01:37:25 : - Dark Barracks detected: 2 | Available: 1 | Upgrading: 1
2015-08-08 01:37:25 : - Spell factory detected: 1 | Available: 1 | Upgrading: 0
2015-08-08 01:37:25 : - Dark Spell factory detected: 1 | Available: 1 | Upgrading: 0
2015-08-08 01:37:25 : Trainaviable[0] = 1
2015-08-08 01:37:25 : Trainaviable[1] = 0
2015-08-08 01:37:25 : Trainaviable[2] = 1
2015-08-08 01:37:26 : Trainaviable[3] = 1
2015-08-08 01:37:26 : Trainaviable[4] = 1
2015-08-08 01:37:26 : Trainaviable[5] = 1
2015-08-08 01:37:26 : Trainaviable[6] = 0
2015-08-08 01:37:26 : Trainaviable[7] = 1
2015-08-08 01:37:26 : Trainaviable[8] = 1
2015-08-08 01:37:26 : Training Troops...
2015-08-08 01:37:26 : Train: need to make normal troops: True
2015-08-08 01:37:26 : Train: need to make dark troops: False
2015-08-08 01:37:26 : LAST BARRACK = 4
2015-08-08 01:37:26 : OverView TabColor=CDCDC8
2015-08-08 01:37:26 : Last Barrack TabColor=888070
2015-08-08 01:37:26 : Last Barrack TabColor=888070
2015-08-08 01:37:26 : Your Army Camps are now Full
2015-08-08 01:37:26 : ---------COMPUTE TROOPS TO MAKE------------------------
2015-08-08 01:37:26 : -- Compute AnotherTroops to train
2015-08-08 01:37:27 : Need to train (height) GOBL:0% BARB: 120% ARCH: 80% AND 0 other troops space
2015-08-08 01:37:27 : Total Troops to be Trained= 200
2015-08-08 01:37:27 : BARRACKNUM: 3
2015-08-08 01:37:27 : ArchEBarrack: 26
2015-08-08 01:37:27 : BarbEBarrack: 40
2015-08-08 01:37:27 : DARKBARRACKNUM: 1
2015-08-08 01:37:27 : ---------END COMPUTE TROOPS TO MAKE--------------------
2015-08-08 01:37:27 : 
2015-08-08 01:37:27 : ---------TRAIN BARRACK MODE------------------------
2015-08-08 01:37:27 : Barrack4 selected
2015-08-08 01:37:29 : Full Check=DE58D0
2015-08-08 01:37:29 : Full Check=DE58D0
2015-08-08 01:37:29 : Full Check=FB75F1
2015-08-08 01:37:29 : Full Check=FF7FF5
2015-08-08 01:37:29 : Full Check=FB75F1
2015-08-08 01:37:29 : Full Check=FB75F1
2015-08-08 01:37:29 : Full Check=FF78F3
2015-08-08 01:37:29 : Full Check=FE78F4
2015-08-08 01:37:30 : Full Check=FF78F3
2015-08-08 01:37:30 : Full Check=F164DF
2015-08-08 01:37:30 : Full Check=FF7FF5
2015-08-08 01:37:30 : Full Check=FE78F4
2015-08-08 01:37:30 : Full Check=FE78F4
2015-08-08 01:37:30 : Full Check=FE78F4
2015-08-08 01:37:30 : Full Check=FF7FF5
2015-08-08 01:37:30 : Full Check=FF7FF5
2015-08-08 01:37:30 : Full Check=FB75F1
2015-08-08 01:37:30 : Full Check=FE78F4
2015-08-08 01:37:30 : Full Check=FE78F4
2015-08-08 01:37:30 : Full Check=FF7FF5
2015-08-08 01:37:30 : Full Check=FB75F1
2015-08-08 01:37:30 : Full Check=FE78F4
2015-08-08 01:37:30 : Full Check=FE78F4
2015-08-08 01:37:30 : Full Check=FE78F4
2015-08-08 01:37:31 : Full Check=FE78F4
2015-08-08 01:37:31 : Full Check=FB75F1
2015-08-08 01:37:31 : Full Check=FF7FF5
2015-08-08 01:37:31 : Full Check=FF78F3
2015-08-08 01:37:31 : Full Check=FF7FF5
2015-08-08 01:37:31 : Full Check=FB75F1
2015-08-08 01:37:31 : Full Check=FE78F4
2015-08-08 01:37:31 : Full Check=FE78F4
2015-08-08 01:37:31 : Full Check=FE78F4
2015-08-08 01:37:31 : Full Check=FF7FF5
2015-08-08 01:37:31 : Full Check=FB75F1
2015-08-08 01:37:31 : Full Check=FF78F3
2015-08-08 01:37:31 : Full Check=FB75F1
2015-08-08 01:37:31 : Full Check=FF7FF5
2015-08-08 01:37:31 : Full Check=FF78F3
2015-08-08 01:37:31 : Full Check=FF7FF5
2015-08-08 01:37:31 : Full Check=F164DF
2015-08-08 01:37:32 : Full Check=FE78F4
2015-08-08 01:37:32 : Full Check=FF7FF5
2015-08-08 01:37:32 : Full Check=FF7FF5
2015-08-08 01:37:32 : Full Check=FF7FF5
2015-08-08 01:37:32 : Full Check=F164DF
2015-08-08 01:37:32 : Full Check=FB75F1
2015-08-08 01:37:32 : Full Check=FF7FF5
2015-08-08 01:37:32 : Full Check=FB75F1
2015-08-08 01:37:32 : Full Check=FF7FF5
2015-08-08 01:37:32 : Full Check=FE78F4
2015-08-08 01:37:32 : Full Check=FF7FF5
2015-08-08 01:37:32 : Full Check=FF7FF5
2015-08-08 01:37:32 : Full Check=FB75F1
2015-08-08 01:37:32 : Full Check=F164DF
2015-08-08 01:37:32 : Full Check=FE78F4
2015-08-08 01:37:32 : Full Check=FF7FF5
2015-08-08 01:37:33 : Full Check=FF7FF5
2015-08-08 01:37:33 : Full Check=FF7FF5
2015-08-08 01:37:33 : Full Check=FE78F4
2015-08-08 01:37:33 : Full Check=FE78F4
2015-08-08 01:37:33 : Full Check=FF78F3
2015-08-08 01:37:33 : Full Check=FE78F4
2015-08-08 01:37:33 : Full Check=FE78F4
2015-08-08 01:37:33 : Full Check=FF78F3
2015-08-08 01:37:33 : Full Check=FE78F4
2015-08-08 01:37:33 : Full Check=FF78F3
2015-08-08 01:37:33 : Full Check=FE78F4
2015-08-08 01:37:33 : Full Check=FE78F4
2015-08-08 01:37:33 : Full Check=FE78F4
2015-08-08 01:37:33 : Full Check=FF7FF5
2015-08-08 01:37:33 : Full Check=FE78F4
2015-08-08 01:37:33 : Full Check=FF78F3
2015-08-08 01:37:33 : Full Check=FE78F4
2015-08-08 01:37:34 : Full Check=F164DF
2015-08-08 01:37:34 : Move from Barrack 4 direction -1
2015-08-08 01:37:35 : Barrack3 selected
2015-08-08 01:37:38 : Full Check=DE58D0
2015-08-08 01:37:38 : Full Check=FF80F8
2015-08-08 01:37:38 : Full Check=FE78F4
2015-08-08 01:37:38 : Full Check=FB75F1
2015-08-08 01:37:38 : Full Check=FF78F3
2015-08-08 01:37:38 : Full Check=FF78F3
2015-08-08 01:37:38 : Full Check=FF7FF5
2015-08-08 01:37:38 : Full Check=F164DF
2015-08-08 01:37:38 : Full Check=FF7FF5
2015-08-08 01:37:38 : Full Check=FB75F1
2015-08-08 01:37:38 : Full Check=FE78F4
2015-08-08 01:37:38 : Full Check=FF7FF5
2015-08-08 01:37:39 : Full Check=DE58D0
2015-08-08 01:37:39 : Full Check=DE58D0
2015-08-08 01:37:39 : Full Check=FE78F4
2015-08-08 01:37:39 : Full Check=FF7FF5
2015-08-08 01:37:39 : Full Check=FB75F1
2015-08-08 01:37:39 : Full Check=FE78F4
2015-08-08 01:37:39 : Full Check=F164DF
2015-08-08 01:37:39 : Full Check=FE78F4
2015-08-08 01:37:39 : Full Check=FF7FF5
2015-08-08 01:37:39 : Full Check=FF7FF5
2015-08-08 01:37:39 : Full Check=FE78F4
2015-08-08 01:37:39 : Full Check=FE78F4
2015-08-08 01:37:39 : Full Check=FF78F3
2015-08-08 01:37:39 : Full Check=FF78F3
2015-08-08 01:37:40 : Full Check=FF78F3
2015-08-08 01:37:40 : Full Check=FE78F4
2015-08-08 01:37:40 : Full Check=FF7FF5
2015-08-08 01:37:40 : Full Check=FB75F1
2015-08-08 01:37:40 : Full Check=FF7FF5
2015-08-08 01:37:40 : Full Check=FF7FF5
2015-08-08 01:37:40 : Full Check=FE78F4
2015-08-08 01:37:40 : Full Check=FB75F1
2015-08-08 01:37:40 : Full Check=FF80F8
2015-08-08 01:37:40 : Full Check=FF7FF5
2015-08-08 01:37:40 : Full Check=FF7FF5
2015-08-08 01:37:40 : Full Check=FE78F4
2015-08-08 01:37:40 : Full Check=FB75F1
2015-08-08 01:37:40 : Full Check=FF7FF5
2015-08-08 01:37:40 : Full Check=FF7FF5
2015-08-08 01:37:40 : Full Check=FF7FF5
2015-08-08 01:37:41 : Full Check=FE78F4
2015-08-08 01:37:41 : Full Check=FF7FF5
2015-08-08 01:37:41 : Full Check=FF7FF5
2015-08-08 01:37:41 : Full Check=FD74EE
2015-08-08 01:37:41 : Full Check=FF78F3
2015-08-08 01:37:41 : Full Check=FB75F1
2015-08-08 01:37:41 : Full Check=FF7FF5
2015-08-08 01:37:41 : Full Check=FF7FF5
2015-08-08 01:37:41 : Full Check=FE78F4
2015-08-08 01:37:41 : Full Check=FB75F1
2015-08-08 01:37:41 : Full Check=FF7FF5
2015-08-08 01:37:41 : Full Check=FB75F1
2015-08-08 01:37:41 : Full Check=FF7FF5
2015-08-08 01:37:41 : Full Check=FE78F4
2015-08-08 01:37:41 : Full Check=FF7FF5
2015-08-08 01:37:41 : Full Check=FF7FF5
2015-08-08 01:37:41 : Full Check=FB75F1
2015-08-08 01:37:42 : Full Check=FF7FF5
2015-08-08 01:37:42 : Full Check=FE78F4
2015-08-08 01:37:42 : Full Check=FF7FF5
2015-08-08 01:37:42 : Full Check=FF7FF5
2015-08-08 01:37:42 : Full Check=FF7FF5
2015-08-08 01:37:42 : Full Check=FF7FF5
2015-08-08 01:37:42 : Full Check=FF7FF5
2015-08-08 01:37:42 : Full Check=FF7FF5
2015-08-08 01:37:42 : Full Check=FF7FF5
2015-08-08 01:37:42 : Full Check=FF7FF5
2015-08-08 01:37:42 : Full Check=FF7FF5
2015-08-08 01:37:42 : Full Check=FE78F4
2015-08-08 01:37:42 : Full Check=FF78F3
2015-08-08 01:37:42 : Full Check=FB75F1
2015-08-08 01:37:42 : Full Check=FF78F3
2015-08-08 01:37:42 : Full Check=FB75F1
2015-08-08 01:37:43 : Move from Barrack 3 direction -1
2015-08-08 01:37:44 : Barrack2 selected
2015-08-08 01:37:47 : Full Check=E05AD0
2015-08-08 01:37:47 : Full Check=E05AD0
2015-08-08 01:37:47 : Full Check=FF79F5
2015-08-08 01:37:47 : Full Check=FF7EF7
2015-08-08 01:37:47 : Full Check=FF76F1
2015-08-08 01:37:47 : Full Check=FF79F5
2015-08-08 01:37:47 : Full Check=FF7EF7
2015-08-08 01:37:47 : Full Check=FF76F1
2015-08-08 01:37:47 : Full Check=FF7EF7
2015-08-08 01:37:47 : Full Check=FF79F5
2015-08-08 01:37:47 : Full Check=FF7EF7
2015-08-08 01:37:47 : Full Check=FF7EF7
2015-08-08 01:37:47 : Full Check=FF79F5
2015-08-08 01:37:47 : Full Check=F167E2
2015-08-08 01:37:47 : Full Check=FF7EF7
2015-08-08 01:37:48 : Full Check=FF7EF7
2015-08-08 01:37:48 : Full Check=FF7EF7
2015-08-08 01:37:48 : Full Check=FF79F5
2015-08-08 01:37:48 : Full Check=FF7EF7
2015-08-08 01:37:48 : Full Check=FF7EF7
2015-08-08 01:37:48 : Full Check=FF79F5
2015-08-08 01:37:48 : Full Check=FF82F8
2015-08-08 01:37:48 : Full Check=FF7EF7
2015-08-08 01:37:48 : Full Check=FF79F5
2015-08-08 01:37:48 : Full Check=FF7EF7
2015-08-08 01:37:48 : Full Check=FF79F5
2015-08-08 01:37:48 : Full Check=FF79F5
2015-08-08 01:37:48 : Full Check=FF7EF7
2015-08-08 01:37:48 : Full Check=FF79F5
2015-08-08 01:37:48 : Full Check=FF7EF7
2015-08-08 01:37:48 : Full Check=FF7EF7
2015-08-08 01:37:48 : Full Check=FF76F1
2015-08-08 01:37:49 : Full Check=FF79F5
2015-08-08 01:37:49 : Full Check=FF7EF7
2015-08-08 01:37:49 : Full Check=FF76F1
2015-08-08 01:37:49 : Full Check=FF79F5
2015-08-08 01:37:49 : Full Check=FF82F8
2015-08-08 01:37:49 : Full Check=FF76F1
2015-08-08 01:37:49 : Full Check=FF7BF6
2015-08-08 01:37:49 : Full Check=FE76EE
2015-08-08 01:37:49 : Full Check=FF79F5
2015-08-08 01:37:49 : Full Check=FF79F5
2015-08-08 01:37:49 : Full Check=FF7EF7
2015-08-08 01:37:49 : Full Check=FF7EF7
2015-08-08 01:37:49 : Full Check=FF79F5
2015-08-08 01:37:49 : Full Check=FF7EF7
2015-08-08 01:37:49 : Full Check=FF7EF7
2015-08-08 01:37:49 : Full Check=FF7EF7
2015-08-08 01:37:50 : Full Check=FF76F1
2015-08-08 01:37:50 : Full Check=FF7EF7
2015-08-08 01:37:50 : Full Check=FF7EF7
2015-08-08 01:37:50 : Full Check=FF7EF7
2015-08-08 01:37:50 : Full Check=FF79F5
2015-08-08 01:37:50 : Full Check=FF7EF7
2015-08-08 01:37:50 : Full Check=FF79F5
2015-08-08 01:37:50 : Full Check=FF7EF7
2015-08-08 01:37:50 : Full Check=FF7EF7
2015-08-08 01:37:50 : Full Check=FF7EF7
2015-08-08 01:37:50 : Full Check=FF79F5
2015-08-08 01:37:50 : Full Check=FF7BF6
2015-08-08 01:37:50 : Full Check=FF7EF7
2015-08-08 01:37:50 : Full Check=FF7EF7
2015-08-08 01:37:50 : Full Check=FF76F1
2015-08-08 01:37:50 : Full Check=F167E2
2015-08-08 01:37:50 : Full Check=FF79F5
2015-08-08 01:37:51 : Full Check=FF7EF7
2015-08-08 01:37:51 : Full Check=FF79F5
2015-08-08 01:37:51 : Full Check=FF7EF7
2015-08-08 01:37:51 : Full Check=FF7EF7
2015-08-08 01:37:51 : Full Check=FF7EF7
2015-08-08 01:37:51 : Full Check=FF79F5
2015-08-08 01:37:51 : Full Check=FF76F1
2015-08-08 01:37:51 : Full Check=FF7BF6
2015-08-08 01:37:51 : Full Check=FF79F5
2015-08-08 01:37:51 : Full Check=FF79F5
2015-08-08 01:37:52 : Move from Barrack 2 direction -1
2015-08-08 01:37:53 : This is not a Barrack
2015-08-08 01:37:53 : ---=====================END TRAIN =======================================---
2015-08-08 01:37:55 : checkMainScreen start quiet mode
2015-08-08 01:37:55 : checkMainScreen exit quiet mode
2015-08-08 01:37:55 : checkMainScreen start quiet mode
2015-08-08 01:37:55 : checkMainScreen exit quiet mode
2015-08-08 01:37:56 : checkMainScreen start quiet mode
2015-08-08 01:37:56 : checkMainScreen exit quiet mode
2015-08-08 01:37:57 : checkMainScreen start quiet mode
2015-08-08 01:37:57 : checkMainScreen exit quiet mode
2015-08-08 01:37:58 : checkMainScreen start quiet mode
2015-08-08 01:37:58 : checkMainScreen exit quiet mode
2015-08-08 01:37:58 : checkMainScreen start quiet mode
2015-08-08 01:37:58 : checkMainScreen exit quiet mode
2015-08-08 01:38:00 : Finished kicking
2015-08-08 01:38:00 : Func Idle 
2015-08-08 01:38:00 : $fullArmy=True $fullCC=False $fullHeroes=False $iUnbreakableMode=0
2015-08-08 01:38:02 : Bot clean start
2015-08-08 01:38:03 : Trying to locate Main Screen
2015-08-08 01:38:03 : Main Screen Located
2015-08-08 01:38:04 : checkMainScreen start quiet mode
2015-08-08 01:38:04 : checkMainScreen exit quiet mode
2015-08-08 01:38:04 : Collecting Resources
2015-08-08 01:38:09 : checkMainScreen start quiet mode
2015-08-08 01:38:09 : checkMainScreen exit quiet mode
2015-08-08 01:38:11 : Checking if Village needs Rearming..
2015-08-08 01:38:17 : checkMainScreen start quiet mode
2015-08-08 01:38:17 : checkMainScreen exit quiet mode
2015-08-08 01:38:17 : checkMainScreen start quiet mode
2015-08-08 01:38:17 : checkMainScreen exit quiet mode
2015-08-08 01:38:18 : Village Report
2015-08-08 01:38:18 : No. of Free/Total Builders: 0/4
2015-08-08 01:38:18 :  [T]: 2 546
2015-08-08 01:38:18 :  [G]: 1 781 843 [E]: 5 228 021 [D]: 18 650 [GEM]: 1 981
2015-08-08 01:38:19 : checkMainScreen start quiet mode
2015-08-08 01:38:19 : checkMainScreen exit quiet mode
2015-08-08 01:38:20 : checkMainScreen start quiet mode
2015-08-08 01:38:20 : checkMainScreen exit quiet mode
2015-08-08 01:38:21 : checkMainScreen start quiet mode
2015-08-08 01:38:21 : checkMainScreen exit quiet mode
2015-08-08 01:38:21 : Func Train 
2015-08-08 01:38:21 : Train enabled, $TotalTrainedTroops= 200, Adj TotalCamp= 192
2015-08-08 01:38:21 : Checking Army Camp...
2015-08-08 01:38:22 : $sArmyInfo = 200#200
2015-08-08 01:38:22 : $CurCamp = 200
2015-08-08 01:38:22 : $TotalCamp = 200
2015-08-08 01:38:23 : Total Army Camp capacity: 200/200
2015-08-08 01:38:23 : $hBitmapFirst made
2015-08-08 01:38:23 : Calling CGBfunctions.dll/searchIdentifyTroopTrained 
2015-08-08 01:38:24 : Dll return $FullTemp :Barbarian|8-21|79#Archer|71-22|121
2015-08-08 01:38:24 : $Trooptype split # : 2
2015-08-08 01:38:24 : Start the Loop
2015-08-08 01:38:24 : $TroopTypeT[$i] split : 1
2015-08-08 01:38:24 :  - No. of Barbarians: 79
2015-08-08 01:38:24 : $TroopTypeT[$i] split : 2
2015-08-08 01:38:24 :  - No. of Archers: 121
2015-08-08 01:38:24 : start barrackstatus
2015-08-08 01:38:24 : OK, I'm in army overview
2015-08-08 01:38:24 : barrack 1 found upgrading! color 6B6964
2015-08-08 01:38:24 : barrack 2 found! color 888070
2015-08-08 01:38:24 : barrack 3 found! color 888070
2015-08-08 01:38:24 : barrack 4 found! color 888070
2015-08-08 01:38:24 : dark barrack 1 found! color 888070
2015-08-08 01:38:24 : dark barrack 5 found upgrading! color 6B6964
2015-08-08 01:38:24 : Factory Spell found! color 888070
2015-08-08 01:38:24 : Dark Factory Spell found! color 888070
2015-08-08 01:38:24 : Barracks and Spell factory status: 
2015-08-08 01:38:24 : - Barracks detected: 4 | Available: 3 | Upgrading: 1
2015-08-08 01:38:25 : - Dark Barracks detected: 2 | Available: 1 | Upgrading: 1
2015-08-08 01:38:25 : - Spell factory detected: 1 | Available: 1 | Upgrading: 0
2015-08-08 01:38:25 : - Dark Spell factory detected: 1 | Available: 1 | Upgrading: 0
2015-08-08 01:38:25 : Trainaviable[0] = 1
2015-08-08 01:38:25 : Trainaviable[1] = 0
2015-08-08 01:38:25 : Trainaviable[2] = 1
2015-08-08 01:38:25 : Trainaviable[3] = 1
2015-08-08 01:38:25 : Trainaviable[4] = 1
2015-08-08 01:38:25 : Trainaviable[5] = 1
2015-08-08 01:38:25 : Trainaviable[6] = 0
2015-08-08 01:38:25 : Trainaviable[7] = 1
2015-08-08 01:38:25 : Trainaviable[8] = 1
2015-08-08 01:38:25 : Training Troops...
2015-08-08 01:38:25 : Train: need to make normal troops: True
2015-08-08 01:38:25 : Train: need to make dark troops: False
2015-08-08 01:38:25 : LAST BARRACK = 4
2015-08-08 01:38:25 : OverView TabColor=A3A7A8
2015-08-08 01:38:25 : Last Barrack TabColor=888070
2015-08-08 01:38:25 : Your Army Camps are now Full
2015-08-08 01:38:25 : ---------COMPUTE TROOPS TO MAKE------------------------
2015-08-08 01:38:25 : -- Compute AnotherTroops to train
2015-08-08 01:38:25 : Need to train (height) GOBL:0% BARB: 120% ARCH: 80% AND 0 other troops space
2015-08-08 01:38:26 : Total Troops to be Trained= 200
2015-08-08 01:38:26 : BARRACKNUM: 3
2015-08-08 01:38:26 : ArchEBarrack: 26
2015-08-08 01:38:26 : BarbEBarrack: 40
2015-08-08 01:38:26 : DARKBARRACKNUM: 1
2015-08-08 01:38:26 : ---------END COMPUTE TROOPS TO MAKE--------------------
2015-08-08 01:38:26 : 
2015-08-08 01:38:26 : ---------TRAIN BARRACK MODE------------------------
2015-08-08 01:38:26 : Barrack4 selected
2015-08-08 01:38:26 : Full Check=8D8D8D
2015-08-08 01:38:27 : Move from Barrack 4 direction -1
2015-08-08 01:38:28 : Barrack3 selected
2015-08-08 01:38:28 : Full Check=8D8D8D
2015-08-08 01:38:29 : Move from Barrack 3 direction -1
2015-08-08 01:38:30 : Barrack2 selected
2015-08-08 01:38:31 : Full Check=8F8F8F
2015-08-08 01:38:31 : Move from Barrack 2 direction -1
2015-08-08 01:38:32 : This is not a Barrack
2015-08-08 01:38:32 : ---=====================END TRAIN =======================================---
2015-08-08 01:38:34 : checkMainScreen start quiet mode
2015-08-08 01:38:34 : checkMainScreen exit quiet mode
2015-08-08 01:38:35 : checkMainScreen start quiet mode
2015-08-08 01:38:35 : checkMainScreen exit quiet mode
2015-08-08 01:38:36 : checkMainScreen start quiet mode
2015-08-08 01:38:36 : checkMainScreen exit quiet mode
2015-08-08 01:38:37 : checkMainScreen start quiet mode
2015-08-08 01:38:37 : checkMainScreen exit quiet mode
2015-08-08 01:38:37 : checkMainScreen start quiet mode
2015-08-08 01:38:37 : checkMainScreen exit quiet mode
2015-08-08 01:38:38 : checkMainScreen start quiet mode
2015-08-08 01:38:38 : checkMainScreen exit quiet mode
2015-08-08 01:38:40 : Finished kicking
2015-08-08 01:38:40 : Func Idle 
2015-08-08 01:38:40 : $fullArmy=True $fullCC=False $fullHeroes=False $iUnbreakableMode=0
2015-08-08 01:38:41 : Bot clean start
2015-08-08 01:38:42 : Trying to locate Main Screen
2015-08-08 01:38:42 : Main Screen Located
2015-08-08 01:38:43 : checkMainScreen start quiet mode
2015-08-08 01:38:43 : checkMainScreen exit quiet mode
2015-08-08 01:38:43 : Collecting Resources
2015-08-08 01:38:49 : checkMainScreen start quiet mode
2015-08-08 01:38:49 : checkMainScreen exit quiet mode
2015-08-08 01:38:50 : Checking if Village needs Rearming..
2015-08-08 01:38:56 : checkMainScreen start quiet mode
2015-08-08 01:38:56 : checkMainScreen exit quiet mode
2015-08-08 01:38:57 : checkMainScreen start quiet mode
2015-08-08 01:38:57 : checkMainScreen exit quiet mode
2015-08-08 01:38:57 : Village Report
2015-08-08 01:38:57 : No. of Free/Total Builders: 0/4
2015-08-08 01:38:58 :  [T]: 2 546
2015-08-08 01:38:58 :  [G]: 1 781 843 [E]: 5 228 021 [D]: 18 650 [GEM]: 1 981
2015-08-08 01:38:58 : checkMainScreen start quiet mode
2015-08-08 01:38:58 : checkMainScreen exit quiet mode
2015-08-08 01:38:59 : checkMainScreen start quiet mode
2015-08-08 01:38:59 : checkMainScreen exit quiet mode
2015-08-08 01:39:00 : checkMainScreen start quiet mode
2015-08-08 01:39:00 : checkMainScreen exit quiet mode
2015-08-08 01:39:00 : Func Train 
2015-08-08 01:39:00 : Train enabled, $TotalTrainedTroops= 200, Adj TotalCamp= 192
2015-08-08 01:39:00 : Checking Army Camp...
2015-08-08 01:39:02 : $sArmyInfo = 200#200
2015-08-08 01:39:02 : $CurCamp = 200
2015-08-08 01:39:02 : $TotalCamp = 200
2015-08-08 01:39:02 : Total Army Camp capacity: 200/200
2015-08-08 01:39:02 : $hBitmapFirst made
2015-08-08 01:39:02 : Calling CGBfunctions.dll/searchIdentifyTroopTrained 
2015-08-08 01:39:03 : Dll return $FullTemp :Barbarian|8-21|79#Archer|71-22|121
2015-08-08 01:39:03 : $Trooptype split # : 2
2015-08-08 01:39:03 : Start the Loop
2015-08-08 01:39:03 : $TroopTypeT[$i] split : 1
2015-08-08 01:39:03 :  - No. of Barbarians: 79
2015-08-08 01:39:03 : $TroopTypeT[$i] split : 2
2015-08-08 01:39:03 :  - No. of Archers: 121
2015-08-08 01:39:03 : start barrackstatus
2015-08-08 01:39:03 : OK, I'm in army overview
2015-08-08 01:39:04 : barrack 1 found upgrading! color 6B6964
2015-08-08 01:39:04 : barrack 2 found! color 888070
2015-08-08 01:39:04 : barrack 3 found! color 888070
2015-08-08 01:39:04 : barrack 4 found! color 888070
2015-08-08 01:39:04 : dark barrack 1 found! color 888070
2015-08-08 01:39:04 : dark barrack 5 found upgrading! color 6B6964
2015-08-08 01:39:04 : Factory Spell found! color 888070
2015-08-08 01:39:04 : Dark Factory Spell found! color 888070
2015-08-08 01:39:04 : Barracks and Spell factory status: 
2015-08-08 01:39:04 : - Barracks detected: 4 | Available: 3 | Upgrading: 1
2015-08-08 01:39:04 : - Dark Barracks detected: 2 | Available: 1 | Upgrading: 1
2015-08-08 01:39:04 : - Spell factory detected: 1 | Available: 1 | Upgrading: 0
2015-08-08 01:39:04 : - Dark Spell factory detected: 1 | Available: 1 | Upgrading: 0
2015-08-08 01:39:04 : Trainaviable[0] = 1
2015-08-08 01:39:04 : Trainaviable[1] = 0
2015-08-08 01:39:04 : Trainaviable[2] = 1
2015-08-08 01:39:04 : Trainaviable[3] = 1
2015-08-08 01:39:04 : Trainaviable[4] = 1
2015-08-08 01:39:04 : Trainaviable[5] = 1
2015-08-08 01:39:04 : Trainaviable[6] = 0
2015-08-08 01:39:04 : Trainaviable[7] = 1
2015-08-08 01:39:04 : Trainaviable[8] = 1
2015-08-08 01:39:04 : Training Troops...
2015-08-08 01:39:04 : Train: need to make normal troops: True
2015-08-08 01:39:04 : Train: need to make dark troops: False
2015-08-08 01:39:04 : LAST BARRACK = 4
2015-08-08 01:39:04 : OverView TabColor=9BA3A6
2015-08-08 01:39:05 : Last Barrack TabColor=888070
2015-08-08 01:39:05 : Your Army Camps are now Full
2015-08-08 01:39:05 : ---------COMPUTE TROOPS TO MAKE------------------------
2015-08-08 01:39:05 : -- Compute AnotherTroops to train
2015-08-08 01:39:05 : Need to train (height) GOBL:0% BARB: 120% ARCH: 80% AND 0 other troops space
2015-08-08 01:39:05 : Total Troops to be Trained= 200
2015-08-08 01:39:05 : BARRACKNUM: 3
2015-08-08 01:39:05 : ArchEBarrack: 26
2015-08-08 01:39:05 : BarbEBarrack: 40
2015-08-08 01:39:05 : DARKBARRACKNUM: 1
2015-08-08 01:39:05 : ---------END COMPUTE TROOPS TO MAKE--------------------
2015-08-08 01:39:05 : 
2015-08-08 01:39:05 : ---------TRAIN BARRACK MODE------------------------
2015-08-08 01:39:05 : Barrack4 selected
2015-08-08 01:39:05 : Full Check=8D8D8D
2015-08-08 01:39:06 : Move from Barrack 4 direction -1
2015-08-08 01:39:07 : Barrack3 selected
2015-08-08 01:39:08 : Full Check=8D8D8D
2015-08-08 01:39:08 : Move from Barrack 3 direction -1
2015-08-08 01:39:09 : Barrack2 selected
2015-08-08 01:39:10 : Full Check=8F8F8F
2015-08-08 01:39:10 : Move from Barrack 2 direction -1
2015-08-08 01:39:11 : This is not a Barrack
2015-08-08 01:39:11 : ---=====================END TRAIN =======================================---
2015-08-08 01:39:13 : checkMainScreen start quiet mode
2015-08-08 01:39:13 : checkMainScreen exit quiet mode
2015-08-08 01:39:14 : checkMainScreen start quiet mode
2015-08-08 01:39:14 : checkMainScreen exit quiet mode
2015-08-08 01:39:15 : checkMainScreen start quiet mode
2015-08-08 01:39:15 : checkMainScreen exit quiet mode
2015-08-08 01:39:16 : checkMainScreen start quiet mode
2015-08-08 01:39:16 : checkMainScreen exit quiet mode
2015-08-08 01:39:16 : checkMainScreen start quiet mode
2015-08-08 01:39:16 : checkMainScreen exit quiet mode
2015-08-08 01:39:17 : checkMainScreen start quiet mode
2015-08-08 01:39:17 : checkMainScreen exit quiet mode
2015-08-08 01:39:19 : Finished kicking
2015-08-08 01:39:19 : Func Idle 
2015-08-08 01:39:19 : $fullArmy=True $fullCC=False $fullHeroes=False $iUnbreakableMode=0
2015-08-08 01:39:21 : Bot clean start
2015-08-08 01:39:22 : Trying to locate Main Screen
2015-08-08 01:39:22 : Main Screen Located
2015-08-08 01:39:22 : checkMainScreen start quiet mode
2015-08-08 01:39:23 : checkMainScreen exit quiet mode
2015-08-08 01:39:23 : Collecting Resources
