2015-08-07 23:31:55 : ~ Clash Game Bot v4.1MODS Powered by GameBot.org ~
2015-08-07 23:31:55 : GameBot.org.au3 Script running on WIN_7  X64
2015-08-07 23:31:55 : =================== Bot Start ====================
2015-08-07 23:31:55 : -------------------------  Current Profile: 04 --------------------------
2015-08-07 23:31:55 :  Warning Debug Mode Enabled! Setlog: 1 OCR: 0 RedArea: 0 
2015-08-07 23:31:56 : Trying to locate Main Screen
2015-08-07 23:31:56 : Main Screen Located
2015-08-07 23:31:57 : Detecting your Buildings..
2015-08-07 23:32:03 : Language setting is English: Correct.
2015-08-07 23:32:03 : Bot clean start
2015-08-07 23:32:04 : Trying to locate Main Screen
2015-08-07 23:32:04 : Main Screen Located
2015-08-07 23:32:04 : Halt Attack, Stay Online/Collect...
2015-08-07 23:32:06 : checkMainScreen start quiet mode
2015-08-07 23:32:06 : checkMainScreen exit quiet mode
2015-08-07 23:32:06 : Collecting Resources
2015-08-07 23:32:12 : checkMainScreen start quiet mode
2015-08-07 23:32:13 : CheckObstacles Result = True
2015-08-07 23:32:13 : Waiting for Main Screen
2015-08-07 23:32:13 : ChkObst Loop = 0ExitLoop = 0
2015-08-07 23:32:13 : Screen cleared, WaitMainScreen exit
2015-08-07 23:32:13 : checkMainScreen exit quiet mode
2015-08-07 23:32:14 : Bot clean start
2015-08-07 23:32:16 : Trying to locate Main Screen
2015-08-07 23:32:16 : Main Screen Located
2015-08-07 23:32:16 : Halt Attack, Stay Online/Collect...
2015-08-07 23:32:17 : checkMainScreen start quiet mode
2015-08-07 23:32:18 : checkMainScreen exit quiet mode
2015-08-07 23:32:18 : Collecting Resources
2015-08-07 23:32:23 : checkMainScreen start quiet mode
2015-08-07 23:32:23 : checkMainScreen exit quiet mode
2015-08-07 23:32:24 : Checking if Village needs Rearming..
2015-08-07 23:32:30 : checkMainScreen start quiet mode
2015-08-07 23:32:30 : checkMainScreen exit quiet mode
2015-08-07 23:32:31 : checkMainScreen start quiet mode
2015-08-07 23:32:31 : checkMainScreen exit quiet mode
2015-08-07 23:32:32 : Village Report
2015-08-07 23:32:32 : No. of Free/Total Builders: 0/4
2015-08-07 23:32:32 :  [T]: 2 546
2015-08-07 23:32:32 :  [G]: 1 716 194 [E]: 5 177 228 [D]: 18 306 [GEM]: 1 981
2015-08-07 23:32:32 : checkMainScreen start quiet mode
2015-08-07 23:32:32 : checkMainScreen exit quiet mode
2015-08-07 23:32:33 : checkMainScreen start quiet mode
2015-08-07 23:32:33 : checkMainScreen exit quiet mode
2015-08-07 23:32:34 : checkMainScreen start quiet mode
2015-08-07 23:32:34 : checkMainScreen exit quiet mode
2015-08-07 23:32:35 : checkMainScreen start quiet mode
2015-08-07 23:32:35 : checkMainScreen exit quiet mode
2015-08-07 23:32:36 : checkMainScreen start quiet mode
2015-08-07 23:32:36 : checkMainScreen exit quiet mode
2015-08-07 23:32:37 : checkMainScreen start quiet mode
2015-08-07 23:32:37 : checkMainScreen exit quiet mode
2015-08-07 23:32:38 : checkMainScreen start quiet mode
2015-08-07 23:32:38 : checkMainScreen exit quiet mode
2015-08-07 23:32:38 : checkMainScreen start quiet mode
2015-08-07 23:32:38 : checkMainScreen exit quiet mode
2015-08-07 23:32:41 : Finished kicking
2015-08-07 23:32:41 : Func Idle 
2015-08-07 23:32:52 : checkMainScreen start quiet mode
2015-08-07 23:32:52 : checkMainScreen exit quiet mode
2015-08-07 23:32:52 : Checking Overview for full army [!] True, 407508
2015-08-07 23:32:52 : Screenshot saved: .\Profiles\04\Temp\2015-08-07_23.32.52.jpg
2015-08-07 23:32:53 : Checking Overview for full CC [!] False, 88AB5B
