2015-08-07 22:29:31 : ~ Clash Game Bot v4.1MODS Powered by GameBot.org ~
2015-08-07 22:29:31 : GameBot.org.exe Executable running on WIN_7  X64
2015-08-07 22:29:31 : =================== Bot Start ====================
2015-08-07 22:29:31 : -------------------------  Current Profile: 04 --------------------------
2015-08-07 22:29:31 :  Warning Debug Mode Enabled! Setlog: 1 OCR: 0 RedArea: 0 
2015-08-07 22:29:32 : Trying to locate Main Screen
2015-08-07 22:29:32 : Main Screen Located
2015-08-07 22:29:33 : Detecting your Buildings..
2015-08-07 22:29:39 : Language setting is English: Correct.
2015-08-07 22:29:39 : Bot clean start
2015-08-07 22:29:40 : Trying to locate Main Screen
2015-08-07 22:29:40 : Main Screen Located
2015-08-07 22:29:40 : Halt Attack, Stay Online/Collect...
2015-08-07 22:29:42 : checkMainScreen start quiet mode
2015-08-07 22:29:42 : checkMainScreen exit quiet mode
2015-08-07 22:29:42 : Collecting Resources
2015-08-07 22:29:47 : checkMainScreen start quiet mode
2015-08-07 22:29:47 : checkMainScreen exit quiet mode
2015-08-07 22:29:49 : Checking if Village needs Rearming..
2015-08-07 22:29:55 : checkMainScreen start quiet mode
2015-08-07 22:29:55 : checkMainScreen exit quiet mode
2015-08-07 22:29:55 : checkMainScreen start quiet mode
2015-08-07 22:29:55 : checkMainScreen exit quiet mode
2015-08-07 22:29:56 : Village Report
2015-08-07 22:29:56 : No. of Free/Total Builders: 0/4
2015-08-07 22:29:56 :  [T]: 2 546
2015-08-07 22:29:56 :  [G]: 1 684 150 [E]: 5 152 424 [D]: 18 136 [GEM]: 1 981
2015-08-07 22:29:57 : checkMainScreen start quiet mode
2015-08-07 22:29:57 : checkMainScreen exit quiet mode
2015-08-07 22:29:57 : checkMainScreen start quiet mode
2015-08-07 22:29:57 : checkMainScreen exit quiet mode
2015-08-07 22:29:59 : checkMainScreen start quiet mode
2015-08-07 22:29:59 : checkMainScreen exit quiet mode
2015-08-07 22:30:00 : checkMainScreen start quiet mode
2015-08-07 22:30:00 : checkMainScreen exit quiet mode
2015-08-07 22:30:01 : checkMainScreen start quiet mode
2015-08-07 22:30:01 : checkMainScreen exit quiet mode
2015-08-07 22:30:02 : checkMainScreen start quiet mode
2015-08-07 22:30:02 : checkMainScreen exit quiet mode
2015-08-07 22:30:02 : Func Idle 
2015-08-07 22:30:13 : checkMainScreen start quiet mode
2015-08-07 22:30:13 : checkMainScreen exit quiet mode
2015-08-07 22:30:14 : Checking Overview for full army [!] True, 407508
2015-08-07 22:30:14 : Checking Overview for full CC [!] False, 8F4746
2015-08-07 22:30:34 : Checking Overview for full Heroes [!] False, FFFFFF
2015-08-07 22:31:00 : Clan Camp is not full, Still wait...
2015-08-07 22:31:00 : Heroes not Ready, Still wait...
2015-08-07 22:31:01 : checkMainScreen start quiet mode
2015-08-07 22:31:01 : checkMainScreen exit quiet mode
2015-08-07 22:31:01 : Func Train 
2015-08-07 22:31:01 : checkMainScreen start quiet mode
2015-08-07 22:31:01 : checkMainScreen exit quiet mode
2015-08-07 22:31:02 : Time Idle: 00:00:59
