2015-08-07 12:17:36 : ~ Clash Game Bot v4.1MODS Powered by GameBot.org ~
2015-08-07 12:17:36 : GameBot.org.exe Executable running on WIN_7  X64
2015-08-07 12:17:36 : =================== Bot Start ====================
2015-08-07 12:17:36 : -------------------------  Current Profile: 04 --------------------------
2015-08-07 12:17:36 :  Warning Debug Mode Enabled! Setlog: 1 OCR: 0 RedArea: 0 
2015-08-07 12:17:36 : Trying to locate Main Screen
2015-08-07 12:17:36 : Main Screen Located
2015-08-07 12:17:37 : Detecting your Buildings..
2015-08-07 12:17:41 : Language setting is English: Correct.
2015-08-07 12:17:41 : Bot clean start
2015-08-07 12:17:42 : Trying to locate Main Screen
2015-08-07 12:17:42 : Main Screen Located
2015-08-07 12:17:43 : checkMainScreen start quiet mode
2015-08-07 12:17:43 : checkMainScreen exit quiet mode
2015-08-07 12:17:43 : Collecting Resources
2015-08-07 12:17:49 : checkMainScreen start quiet mode
2015-08-07 12:17:50 : CheckObstacles Result = True
2015-08-07 12:17:50 : Waiting for Main Screen
2015-08-07 12:17:50 : ChkObst Loop = 0ExitLoop = 0
2015-08-07 12:17:50 : Screen cleared, WaitMainScreen exit
2015-08-07 12:17:50 : checkMainScreen exit quiet mode
2015-08-07 12:17:51 : Bot clean start
2015-08-07 12:17:52 : Trying to locate Main Screen
2015-08-07 12:17:52 : Main Screen Located
2015-08-07 12:17:53 : checkMainScreen start quiet mode
2015-08-07 12:17:53 : checkMainScreen exit quiet mode
2015-08-07 12:17:54 : Collecting Resources
2015-08-07 12:17:59 : checkMainScreen start quiet mode
2015-08-07 12:17:59 : checkMainScreen exit quiet mode
2015-08-07 12:18:00 : Checking if Village needs Rearming..
2015-08-07 12:18:06 : checkMainScreen start quiet mode
2015-08-07 12:18:06 : checkMainScreen exit quiet mode
2015-08-07 12:18:07 : checkMainScreen start quiet mode
2015-08-07 12:18:07 : checkMainScreen exit quiet mode
2015-08-07 12:18:08 : Village Report
2015-08-07 12:18:08 : No. of Free/Total Builders: 0/4
2015-08-07 12:18:08 :  [T]: 2 593
2015-08-07 12:18:08 :  [G]: 2 734 326 [E]: 5 558 562 [D]: 80 000 [GEM]: 1 981
2015-08-07 12:18:09 : checkMainScreen start quiet mode
2015-08-07 12:18:09 : checkMainScreen exit quiet mode
2015-08-07 12:18:10 : checkMainScreen start quiet mode
2015-08-07 12:18:10 : checkMainScreen exit quiet mode
2015-08-07 12:18:11 : checkMainScreen start quiet mode
2015-08-07 12:18:12 : checkMainScreen exit quiet mode
2015-08-07 12:18:12 : Func Train 
2015-08-07 12:18:12 : Halt enabled, $TotalTrainedTroops= 0, Adj TotalCamp= 192
2015-08-07 12:18:12 : Checking Army Camp...
2015-08-07 12:18:13 : $sArmyInfo = 200#200
2015-08-07 12:18:13 : $CurCamp = 200
2015-08-07 12:18:13 : $TotalCamp = 200
2015-08-07 12:18:13 : Total Army Camp capacity: 200/200
2015-08-07 12:18:13 : $hBitmapFirst made
2015-08-07 12:18:14 : Calling CGBfunctions.dll/searchIdentifyTroopTrained 
2015-08-07 12:18:17 : Dll return $FullTemp :Barbarian|8-21|75#Archer|71-22|125
2015-08-07 12:18:17 : $Trooptype split # : 2
2015-08-07 12:18:17 : Start the Loop
2015-08-07 12:18:17 : $TroopTypeT[$i] split : 1
2015-08-07 12:18:17 :  - No. of Barbarians: 75
2015-08-07 12:18:17 : $TroopTypeT[$i] split : 2
2015-08-07 12:18:17 :  - No. of Archers: 125
2015-08-07 12:18:17 : start barrackstatus
2015-08-07 12:18:17 : OK, I'm in army overview
2015-08-07 12:18:17 : barrack 1 found upgrading! color 6B6964
2015-08-07 12:18:17 : barrack 2 found! color 888070
2015-08-07 12:18:17 : barrack 3 found! color 888070
2015-08-07 12:18:17 : barrack 4 found! color 888070
2015-08-07 12:18:17 : dark barrack 1 found! color 888070
2015-08-07 12:18:17 : dark barrack 5 found upgrading! color 6B6964
2015-08-07 12:18:17 : Factory Spell found! color 888070
2015-08-07 12:18:17 : Dark Factory Spell found! color 888070
2015-08-07 12:18:17 : Barracks and Spell factory status: 
2015-08-07 12:18:17 : - Barracks detected: 4 | Available: 3 | Upgrading: 1
2015-08-07 12:18:17 : - Dark Barracks detected: 2 | Available: 1 | Upgrading: 1
2015-08-07 12:18:17 : - Spell factory detected: 1 | Available: 1 | Upgrading: 0
2015-08-07 12:18:17 : - Dark Spell factory detected: 1 | Available: 1 | Upgrading: 0
2015-08-07 12:18:17 : Trainaviable[0] = 1
2015-08-07 12:18:17 : Trainaviable[1] = 0
2015-08-07 12:18:17 : Trainaviable[2] = 1
2015-08-07 12:18:17 : Trainaviable[3] = 1
2015-08-07 12:18:17 : Trainaviable[4] = 1
2015-08-07 12:18:18 : Trainaviable[5] = 1
2015-08-07 12:18:18 : Trainaviable[6] = 0
2015-08-07 12:18:18 : Trainaviable[7] = 1
2015-08-07 12:18:18 : Trainaviable[8] = 1
2015-08-07 12:18:18 : Training Troops...
2015-08-07 12:18:18 : Train: need to make normal troops: True
2015-08-07 12:18:18 : Train: need to make dark troops: False
2015-08-07 12:18:18 : LAST BARRACK = 4
2015-08-07 12:18:18 : Your Army Camps are now Full
2015-08-07 12:18:18 : ---------COMPUTE TROOPS TO MAKE------------------------
2015-08-07 12:18:18 : -- Compute AnotherTroops to train
2015-08-07 12:18:18 : Need to train (height) GOBL:0% BARB: 120% ARCH: 80% AND 0 other troops space
2015-08-07 12:18:18 : Total Troops to be Trained= 200
2015-08-07 12:18:18 : BARRACKNUM: 3
2015-08-07 12:18:18 : ArchEBarrack: 26
2015-08-07 12:18:18 : BarbEBarrack: 40
2015-08-07 12:18:18 : DARKBARRACKNUM: 1
2015-08-07 12:18:18 : ---------END COMPUTE TROOPS TO MAKE--------------------
2015-08-07 12:18:18 : 
2015-08-07 12:18:18 : ---------TRAIN BARRACK MODE------------------------
2015-08-07 12:18:18 : This is not a Barrack
2015-08-07 12:18:18 : ---=====================END TRAIN =======================================---
2015-08-07 12:18:20 : checkMainScreen start quiet mode
2015-08-07 12:18:20 : checkMainScreen exit quiet mode
2015-08-07 12:18:21 : checkMainScreen start quiet mode
2015-08-07 12:18:21 : checkMainScreen exit quiet mode
2015-08-07 12:18:22 : checkMainScreen start quiet mode
2015-08-07 12:18:22 : checkMainScreen exit quiet mode
2015-08-07 12:18:22 : Requesting Clan Castle Troops
2015-08-07 12:18:22 : $icount1 = 1, BB2BD1
2015-08-07 12:18:22 : Your Clan Castle is already full or you are not in a clan.
2015-08-07 12:18:24 : checkMainScreen start quiet mode
2015-08-07 12:18:24 : checkMainScreen exit quiet mode
2015-08-07 12:18:24 :  ====== Unbreakable Mode enabled! ====== 
2015-08-07 12:18:24 : Trophy Count : 2593
2015-08-07 12:18:27 : Trophy Count Read = 2593
2015-08-07 12:18:27 : Going to Attack...
2015-08-07 12:18:31 : Take-A-Break OCR result = 
2015-08-07 12:18:32 : Shield btn clr chk-#1: F8FCF8, #2: F8FCF6, #3: F8FCF8, #4: F8FCF8
2015-08-07 12:18:41 : Returning Home For Defense
2015-08-07 12:18:45 : Closing Clash Of Clans
2015-08-07 12:18:46 : Exit btn chk-#1: 000000, #2: 010101, #3: FFFFFF, #4: CBE870
2015-08-07 12:18:46 : ButtonPixel = 441, 374
2015-08-07 12:18:46 : Pixel color found #1: 000000, #2: 010101, #3: FFFFFF, #4: FEFEFE
2015-08-07 12:18:46 : Waiting 10 Minutes for Defense Attacks
2015-08-07 12:28:48 : Waiting for CoC to restart
2015-08-07 12:29:03 : Under Attack Pixels = 6E5747/837163
2015-08-07 12:29:10 : Zooming Out
2015-08-07 12:29:10 : Index = 0
2015-08-07 12:29:11 : ControlFocus Result = 1, ControlSend Result = 1|0
2015-08-07 12:29:11 : Index = 2
2015-08-07 12:29:11 : ControlFocus Result = 1, ControlSend Result = 1|0
2015-08-07 12:29:11 : Index = 4
2015-08-07 12:29:11 : ControlFocus Result = 1, ControlSend Result = 1|0
2015-08-07 12:29:11 : Index = 6
2015-08-07 12:29:11 : ControlFocus Result = 1, ControlSend Result = 1|0
2015-08-07 12:29:11 : Index = 8
2015-08-07 12:29:12 : ControlFocus Result = 1, ControlSend Result = 1|0
2015-08-07 12:29:12 : Index = 10
2015-08-07 12:29:12 : ControlFocus Result = 1, ControlSend Result = 1|0
2015-08-07 12:29:12 : Index = 12
2015-08-07 12:29:12 : ControlFocus Result = 1, ControlSend Result = 1|0
2015-08-07 12:29:13 : Bot clean start
2015-08-07 12:29:14 : Trying to locate Main Screen
2015-08-07 12:29:14 : Main Screen Located
2015-08-07 12:29:15 : checkMainScreen start quiet mode
2015-08-07 12:29:15 : checkMainScreen exit quiet mode
2015-08-07 12:29:15 : Collecting Resources
2015-08-07 12:29:23 : checkMainScreen start quiet mode
2015-08-07 12:29:23 : checkMainScreen exit quiet mode
2015-08-07 12:29:25 : Checking if Village needs Rearming..
2015-08-07 12:29:27 : Traps ButtonPixel = 486, 562
2015-08-07 12:29:27 : Color #1: F5F6F1, #2: 887C78, #3: F3ED53, #4: EBECE9
2015-08-07 12:29:29 : Rearmed Trap(s)
2015-08-07 12:29:32 : checkMainScreen start quiet mode
2015-08-07 12:29:32 : checkMainScreen exit quiet mode
2015-08-07 12:29:33 : checkMainScreen start quiet mode
2015-08-07 12:29:33 : checkMainScreen exit quiet mode
2015-08-07 12:29:34 : Village Report
2015-08-07 12:29:34 : No. of Free/Total Builders: 0/4
2015-08-07 12:29:34 :  [T]: 2 589
2015-08-07 12:29:34 :  [G]: 2 495 935 [E]: 5 293 526 [D]: 79 119 [GEM]: 1 981
2015-08-07 12:29:35 : checkMainScreen start quiet mode
2015-08-07 12:29:35 : checkMainScreen exit quiet mode
2015-08-07 12:29:36 : checkMainScreen start quiet mode
2015-08-07 12:29:36 : checkMainScreen exit quiet mode
2015-08-07 12:29:38 : checkMainScreen start quiet mode
2015-08-07 12:29:38 : checkMainScreen exit quiet mode
2015-08-07 12:29:38 : Func Train 
2015-08-07 12:29:38 : Halt enabled, $TotalTrainedTroops= 200, Adj TotalCamp= 192
2015-08-07 12:29:38 : Checking Army Camp...
2015-08-07 12:29:39 : $sArmyInfo = 200#200
2015-08-07 12:29:39 : $CurCamp = 200
2015-08-07 12:29:39 : $TotalCamp = 200
2015-08-07 12:29:40 : Total Army Camp capacity: 200/200
2015-08-07 12:29:40 : $hBitmapFirst made
2015-08-07 12:29:40 : Calling CGBfunctions.dll/searchIdentifyTroopTrained 
2015-08-07 12:29:41 : Dll return $FullTemp :Barbarian|8-21|75#Archer|71-22|125
2015-08-07 12:29:41 : $Trooptype split # : 2
2015-08-07 12:29:41 : Start the Loop
2015-08-07 12:29:41 : $TroopTypeT[$i] split : 1
2015-08-07 12:29:41 :  - No. of Barbarians: 75
2015-08-07 12:29:41 : $TroopTypeT[$i] split : 2
2015-08-07 12:29:41 :  - No. of Archers: 125
2015-08-07 12:29:41 : start barrackstatus
2015-08-07 12:29:41 : OK, I'm in army overview
2015-08-07 12:29:41 : barrack 1 found upgrading! color 6B6964
2015-08-07 12:29:41 : barrack 2 found! color 888070
2015-08-07 12:29:41 : barrack 3 found! color 888070
2015-08-07 12:29:41 : barrack 4 found! color 888070
2015-08-07 12:29:41 : dark barrack 1 found! color 888070
2015-08-07 12:29:41 : dark barrack 5 found upgrading! color 6B6964
2015-08-07 12:29:41 : Factory Spell found! color 888070
2015-08-07 12:29:41 : Dark Factory Spell found! color 888070
2015-08-07 12:29:41 : Barracks and Spell factory status: 
2015-08-07 12:29:41 : - Barracks detected: 4 | Available: 3 | Upgrading: 1
2015-08-07 12:29:41 : - Dark Barracks detected: 2 | Available: 1 | Upgrading: 1
2015-08-07 12:29:41 : - Spell factory detected: 1 | Available: 1 | Upgrading: 0
2015-08-07 12:29:41 : - Dark Spell factory detected: 1 | Available: 1 | Upgrading: 0
2015-08-07 12:29:41 : Trainaviable[0] = 1
2015-08-07 12:29:41 : Trainaviable[1] = 0
2015-08-07 12:29:41 : Trainaviable[2] = 1
2015-08-07 12:29:41 : Trainaviable[3] = 1
2015-08-07 12:29:41 : Trainaviable[4] = 1
2015-08-07 12:29:41 : Trainaviable[5] = 1
2015-08-07 12:29:41 : Trainaviable[6] = 0
2015-08-07 12:29:41 : Trainaviable[7] = 1
2015-08-07 12:29:41 : Trainaviable[8] = 1
2015-08-07 12:29:42 : Training Troops...
2015-08-07 12:29:42 : Train: need to make normal troops: True
2015-08-07 12:29:42 : Train: need to make dark troops: False
2015-08-07 12:29:42 : LAST BARRACK = 4
2015-08-07 12:29:42 : OverView TabColor=9BA3A6
2015-08-07 12:29:42 : Last Barrack TabColor=888070
2015-08-07 12:29:42 : Your Army Camps are now Full
2015-08-07 12:29:42 : ---------COMPUTE TROOPS TO MAKE------------------------
2015-08-07 12:29:42 : -- Compute AnotherTroops to train
2015-08-07 12:29:42 : Need to train (height) GOBL:0% BARB: 120% ARCH: 80% AND 0 other troops space
2015-08-07 12:29:42 : Total Troops to be Trained= 200
2015-08-07 12:29:42 : BARRACKNUM: 3
2015-08-07 12:29:42 : ArchEBarrack: 26
2015-08-07 12:29:42 : BarbEBarrack: 40
2015-08-07 12:29:42 : DARKBARRACKNUM: 1
2015-08-07 12:29:42 : ---------END COMPUTE TROOPS TO MAKE--------------------
2015-08-07 12:29:42 : 
2015-08-07 12:29:42 : ---------TRAIN BARRACK MODE------------------------
2015-08-07 12:29:42 : Barrack4 selected
2015-08-07 12:29:43 : Full Check=DE58D0
2015-08-07 12:29:43 : Full Check=FF80F8
2015-08-07 12:29:43 : Full Check=FF78F3
2015-08-07 12:29:43 : Full Check=FF7FF5
2015-08-07 12:29:43 : Full Check=FF7FF5
2015-08-07 12:29:43 : Full Check=FF78F3
2015-08-07 12:29:44 : Full Check=FF78F3
2015-08-07 12:29:44 : Full Check=FF78F3
2015-08-07 12:29:44 : Full Check=FF7FF5
2015-08-07 12:29:44 : Full Check=FF7FF5
2015-08-07 12:29:44 : Full Check=FF78F3
2015-08-07 12:29:44 : Full Check=FF78F3
2015-08-07 12:29:44 : Full Check=FF7FF5
2015-08-07 12:29:44 : Full Check=FD74EE
2015-08-07 12:29:44 : Full Check=F164DF
2015-08-07 12:29:44 : Full Check=FF78F3
2015-08-07 12:29:44 : Full Check=FF78F3
2015-08-07 12:29:44 : Full Check=FF78F3
2015-08-07 12:29:44 : Full Check=FF7FF5
2015-08-07 12:29:45 : Full Check=FF7FF5
2015-08-07 12:29:45 : Full Check=FF78F3
2015-08-07 12:29:45 : Full Check=FF78F3
2015-08-07 12:29:45 : Full Check=FB75F1
2015-08-07 12:29:45 : Full Check=FF7FF5
2015-08-07 12:29:45 : Full Check=FF7FF5
2015-08-07 12:29:45 : Full Check=FF7FF5
2015-08-07 12:29:45 : Full Check=FF7FF5
2015-08-07 12:29:45 : Full Check=FF78F3
2015-08-07 12:29:45 : Full Check=FF7FF5
2015-08-07 12:29:45 : Full Check=FF7FF5
2015-08-07 12:29:45 : Full Check=FF7FF5
2015-08-07 12:29:45 : Full Check=FF7FF5
2015-08-07 12:29:46 : Full Check=FF78F3
2015-08-07 12:29:46 : Full Check=FF7FF5
2015-08-07 12:29:46 : Full Check=FE78F4
2015-08-07 12:29:46 : Full Check=FF7FF5
2015-08-07 12:29:46 : Full Check=FF78F3
2015-08-07 12:29:46 : Full Check=FF7FF5
2015-08-07 12:29:46 : Full Check=FF78F3
2015-08-07 12:29:46 : Full Check=FF78F3
2015-08-07 12:29:46 : Full Check=FF78F3
2015-08-07 12:29:46 : Full Check=FF7FF5
2015-08-07 12:29:46 : Full Check=FF78F3
2015-08-07 12:29:46 : Full Check=FF78F3
2015-08-07 12:29:46 : Full Check=FF7FF5
2015-08-07 12:29:46 : Full Check=FF78F3
2015-08-07 12:29:47 : Full Check=FF78F3
2015-08-07 12:29:47 : Full Check=FF7FF5
2015-08-07 12:29:47 : Full Check=FF7FF5
2015-08-07 12:29:47 : Full Check=FF78F3
2015-08-07 12:29:47 : Full Check=FF78F3
2015-08-07 12:29:47 : Full Check=FF7FF5
2015-08-07 12:29:47 : Full Check=FE78F4
2015-08-07 12:29:47 : Full Check=FF78F3
2015-08-07 12:29:47 : Full Check=FF78F3
2015-08-07 12:29:47 : Full Check=FF78F3
2015-08-07 12:29:47 : Full Check=FB75F1
2015-08-07 12:29:47 : Full Check=FF78F3
2015-08-07 12:29:47 : Full Check=FF7FF5
2015-08-07 12:29:48 : Full Check=FF78F3
2015-08-07 12:29:48 : Full Check=FD74EE
2015-08-07 12:29:48 : Full Check=FF7FF5
2015-08-07 12:29:48 : Full Check=FF7FF5
2015-08-07 12:29:48 : Full Check=FB75F1
2015-08-07 12:29:48 : Full Check=FF78F3
2015-08-07 12:29:48 : Full Check=FF7FF5
2015-08-07 12:29:48 : Full Check=FF78F3
2015-08-07 12:29:48 : Full Check=FF78F3
2015-08-07 12:29:48 : Full Check=FE76EE
2015-08-07 12:29:48 : Full Check=FF78F3
2015-08-07 12:29:48 : Full Check=FF7FF5
2015-08-07 12:29:48 : Full Check=FF78F3
2015-08-07 12:29:48 : Full Check=FF78F3
2015-08-07 12:29:49 : Full Check=FD74EE
2015-08-07 12:29:49 : Full Check=FF7FF5
2015-08-07 12:29:49 : Move from Barrack 4 direction -1
2015-08-07 12:29:50 : Barrack3 selected
2015-08-07 12:29:51 : Full Check=DE58D0
2015-08-07 12:29:51 : Full Check=DE58D0
2015-08-07 12:29:51 : Full Check=FF78F3
2015-08-07 12:29:51 : Full Check=FF7FF5
2015-08-07 12:29:51 : Full Check=FF7FF5
2015-08-07 12:29:51 : Full Check=FF78F3
2015-08-07 12:29:51 : Full Check=FF7FF5
2015-08-07 12:29:52 : Full Check=FF78F3
2015-08-07 12:29:52 : Full Check=FF7FF5
2015-08-07 12:29:52 : Full Check=FF7FF5
2015-08-07 12:29:52 : Full Check=FF7FF5
2015-08-07 12:29:52 : Full Check=FB75F1
2015-08-07 12:29:52 : Full Check=FF78F3
2015-08-07 12:29:52 : Full Check=FD74EE
2015-08-07 12:29:52 : Full Check=FF78F3
2015-08-07 12:29:52 : Full Check=FF78F3
2015-08-07 12:29:52 : Full Check=FF7FF5
2015-08-07 12:29:52 : Full Check=FF7FF5
2015-08-07 12:29:52 : Full Check=FB75F1
2015-08-07 12:29:52 : Full Check=FF78F3
2015-08-07 12:29:53 : Full Check=FF7FF5
2015-08-07 12:29:53 : Full Check=FB75F1
2015-08-07 12:29:53 : Full Check=FF78F3
2015-08-07 12:29:53 : Full Check=FF78F3
2015-08-07 12:29:53 : Full Check=FF7FF5
2015-08-07 12:29:53 : Full Check=FF7FF5
2015-08-07 12:29:53 : Full Check=FF78F3
2015-08-07 12:29:53 : Full Check=FF78F3
2015-08-07 12:29:53 : Full Check=FF7FF5
2015-08-07 12:29:53 : Full Check=FF7FF5
2015-08-07 12:29:53 : Full Check=FF78F3
2015-08-07 12:29:53 : Full Check=FF7FF5
2015-08-07 12:29:53 : Full Check=FF7FF5
2015-08-07 12:29:53 : Full Check=FF7FF5
2015-08-07 12:29:54 : Full Check=FF7FF5
2015-08-07 12:29:54 : Full Check=FF7FF5
2015-08-07 12:29:54 : Full Check=FF7FF5
2015-08-07 12:29:54 : Full Check=FF7FF5
2015-08-07 12:29:54 : Full Check=FF7FF5
2015-08-07 12:29:54 : Full Check=FF7FF5
2015-08-07 12:29:54 : Full Check=FF7FF5
2015-08-07 12:29:54 : Full Check=FF78F3
2015-08-07 12:29:54 : Full Check=FF7FF5
2015-08-07 12:29:54 : Full Check=FF7FF5
2015-08-07 12:29:54 : Full Check=FE78F4
2015-08-07 12:29:54 : Full Check=FE78F4
2015-08-07 12:29:54 : Full Check=FF7FF5
2015-08-07 12:29:55 : Full Check=FF78F3
2015-08-07 12:29:55 : Full Check=FF78F3
2015-08-07 12:29:55 : Full Check=FF7FF5
2015-08-07 12:29:55 : Full Check=FB75F1
2015-08-07 12:29:55 : Full Check=FF7FF5
2015-08-07 12:29:55 : Full Check=FE78F4
2015-08-07 12:29:55 : Full Check=FF78F3
2015-08-07 12:29:55 : Full Check=FF78F3
2015-08-07 12:29:55 : Full Check=FF7FF5
2015-08-07 12:29:55 : Full Check=FF78F3
2015-08-07 12:29:55 : Full Check=FF7FF5
2015-08-07 12:29:55 : Full Check=FD74EE
2015-08-07 12:29:55 : Full Check=FF78F3
2015-08-07 12:29:56 : Full Check=FF78F3
2015-08-07 12:29:56 : Full Check=FF7FF5
2015-08-07 12:29:56 : Full Check=B0B0B0
2015-08-07 12:29:56 : Move from Barrack 3 direction -1
2015-08-07 12:29:57 : Barrack2 selected
2015-08-07 12:29:58 : Full Check=E05AD0
2015-08-07 12:29:58 : Full Check=FF82F8
2015-08-07 12:29:58 : Full Check=FF7EF7
2015-08-07 12:29:58 : Full Check=FF7EF7
2015-08-07 12:29:58 : Full Check=FF7BF6
2015-08-07 12:29:58 : Full Check=FF7EF7
2015-08-07 12:29:58 : Full Check=FF79F5
2015-08-07 12:29:58 : Full Check=FF7EF7
2015-08-07 12:29:59 : Full Check=FF7BF6
2015-08-07 12:29:59 : Full Check=FF7EF7
2015-08-07 12:29:59 : Full Check=FF7EF7
2015-08-07 12:29:59 : Full Check=FF7EF7
2015-08-07 12:29:59 : Full Check=FF7BF6
2015-08-07 12:29:59 : Full Check=FF7BF6
2015-08-07 12:29:59 : Full Check=FF7EF7
2015-08-07 12:29:59 : Full Check=FF7EF7
2015-08-07 12:29:59 : Full Check=FF7EF7
2015-08-07 12:29:59 : Full Check=FF7BF6
2015-08-07 12:29:59 : Full Check=FE78EE
2015-08-07 12:29:59 : Full Check=FF7BF6
2015-08-07 12:29:59 : Full Check=FF7BF6
2015-08-07 12:29:59 : Full Check=FF7EF7
2015-08-07 12:30:00 : Full Check=FF7BF6
2015-08-07 12:30:00 : Full Check=FF7BF6
2015-08-07 12:30:00 : Full Check=FF7BF6
2015-08-07 12:30:00 : Full Check=FF7EF7
2015-08-07 12:30:00 : Full Check=FF7EF7
2015-08-07 12:30:00 : Full Check=FF7BF6
2015-08-07 12:30:00 : Full Check=FF7EF7
2015-08-07 12:30:00 : Full Check=FF7EF7
2015-08-07 12:30:00 : Full Check=FF6FE5
2015-08-07 12:30:00 : Full Check=FF7BF6
2015-08-07 12:30:00 : Full Check=FF76F1
2015-08-07 12:30:00 : Full Check=FF7BF6
2015-08-07 12:30:00 : Full Check=FF7EF7
2015-08-07 12:30:01 : Full Check=FF7BF6
2015-08-07 12:30:01 : Full Check=FF7BF6
2015-08-07 12:30:01 : Full Check=FF7BF6
2015-08-07 12:30:01 : Full Check=FF7EF7
2015-08-07 12:30:01 : Full Check=FF7BF6
2015-08-07 12:30:01 : Full Check=FE76EE
2015-08-07 12:30:01 : Full Check=FF7BF6
2015-08-07 12:30:01 : Full Check=FF7BF6
2015-08-07 12:30:01 : Full Check=FF7BF6
2015-08-07 12:30:01 : Full Check=FF7BF6
2015-08-07 12:30:01 : Full Check=FF7BF6
2015-08-07 12:30:01 : Full Check=FF7EF7
2015-08-07 12:30:01 : Full Check=FF7BF6
2015-08-07 12:30:02 : Full Check=FF7EF7
2015-08-07 12:30:02 : Full Check=FF7EF7
2015-08-07 12:30:02 : Full Check=FF7EF7
2015-08-07 12:30:02 : Full Check=FF7BF6
2015-08-07 12:30:02 : Full Check=FF7EF7
2015-08-07 12:30:02 : Full Check=FF7BF6
2015-08-07 12:30:02 : Full Check=FE78EE
2015-08-07 12:30:02 : Full Check=FF79F5
2015-08-07 12:30:02 : Full Check=FF7BF6
2015-08-07 12:30:02 : Full Check=FF7EF7
2015-08-07 12:30:02 : Full Check=F167E2
2015-08-07 12:30:02 : Full Check=FF7BF6
2015-08-07 12:30:03 : Full Check=FF76F1
2015-08-07 12:30:03 : Full Check=FF7EF7
2015-08-07 12:30:03 : Full Check=FF76F1
2015-08-07 12:30:03 : Full Check=FF7EF7
2015-08-07 12:30:03 : Full Check=FF79F5
2015-08-07 12:30:03 : Move from Barrack 2 direction -1
2015-08-07 12:30:04 : This is not a Barrack
2015-08-07 12:30:05 : ---=====================END TRAIN =======================================---
2015-08-07 12:30:06 : checkMainScreen start quiet mode
2015-08-07 12:30:06 : checkMainScreen exit quiet mode
2015-08-07 12:30:07 : checkMainScreen start quiet mode
2015-08-07 12:30:07 : checkMainScreen exit quiet mode
2015-08-07 12:30:08 : checkMainScreen start quiet mode
2015-08-07 12:30:08 : checkMainScreen exit quiet mode
2015-08-07 12:30:08 : Requesting Clan Castle Troops
2015-08-07 12:30:09 : $icount1 = 1, BB2BD1
2015-08-07 12:30:09 : $icount2 = 1, CC4010
2015-08-07 12:30:14 : checkMainScreen start quiet mode
2015-08-07 12:30:16 : CheckObstacles Result = True
2015-08-07 12:30:16 : Waiting for Main Screen
2015-08-07 12:30:16 : ChkObst Loop = 0ExitLoop = 0
2015-08-07 12:30:18 : ChkObst Loop = 1ExitLoop = 1
2015-08-07 12:30:18 : Screen cleared, WaitMainScreen exit
2015-08-07 12:30:18 : checkMainScreen exit quiet mode
2015-08-07 12:30:18 : Bot clean start
2015-08-07 12:30:19 : Trying to locate Main Screen
2015-08-07 12:30:19 : Main Screen Located
2015-08-07 12:30:20 : checkMainScreen start quiet mode
2015-08-07 12:30:20 : checkMainScreen exit quiet mode
2015-08-07 12:30:20 : Collecting Resources
2015-08-07 12:30:26 : checkMainScreen start quiet mode
2015-08-07 12:30:26 : checkMainScreen exit quiet mode
2015-08-07 12:30:27 : Checking if Village needs Rearming..
2015-08-07 12:30:34 : checkMainScreen start quiet mode
2015-08-07 12:30:34 : checkMainScreen exit quiet mode
2015-08-07 12:30:34 : checkMainScreen start quiet mode
2015-08-07 12:30:34 : checkMainScreen exit quiet mode
2015-08-07 12:30:35 : Village Report
2015-08-07 12:30:35 : No. of Free/Total Builders: 0/4
2015-08-07 12:30:35 :  [T]: 2 589
2015-08-07 12:30:35 :  [G]: 2 495 935 [E]: 5 253 776 [D]: 79 121 [GEM]: 1 981
2015-08-07 12:30:36 : checkMainScreen start quiet mode
2015-08-07 12:30:36 : checkMainScreen exit quiet mode
2015-08-07 12:30:37 : checkMainScreen start quiet mode
2015-08-07 12:30:37 : checkMainScreen exit quiet mode
2015-08-07 12:30:38 : checkMainScreen start quiet mode
2015-08-07 12:30:38 : checkMainScreen exit quiet mode
2015-08-07 12:30:39 : Func Train 
2015-08-07 12:30:39 : Halt enabled, $TotalTrainedTroops= 200, Adj TotalCamp= 192
2015-08-07 12:30:39 : Checking Army Camp...
2015-08-07 12:30:40 : $sArmyInfo = 200#200
2015-08-07 12:30:40 : $CurCamp = 200
2015-08-07 12:30:40 : $TotalCamp = 200
2015-08-07 12:30:40 : Total Army Camp capacity: 200/200
2015-08-07 12:30:40 : $hBitmapFirst made
2015-08-07 12:30:41 : Calling CGBfunctions.dll/searchIdentifyTroopTrained 
2015-08-07 12:30:41 : Dll return $FullTemp :Barbarian|8-21|75#Archer|71-22|125
2015-08-07 12:30:41 : $Trooptype split # : 2
2015-08-07 12:30:41 : Start the Loop
2015-08-07 12:30:42 : $TroopTypeT[$i] split : 1
2015-08-07 12:30:42 :  - No. of Barbarians: 75
2015-08-07 12:30:42 : $TroopTypeT[$i] split : 2
2015-08-07 12:30:42 :  - No. of Archers: 125
2015-08-07 12:30:42 : start barrackstatus
2015-08-07 12:30:42 : OK, I'm in army overview
2015-08-07 12:30:42 : barrack 1 found upgrading! color 6B6964
2015-08-07 12:30:42 : barrack 2 found! color 888070
2015-08-07 12:30:42 : barrack 3 found! color 888070
2015-08-07 12:30:42 : barrack 4 found! color 888070
2015-08-07 12:30:42 : dark barrack 1 found! color 888070
2015-08-07 12:30:42 : dark barrack 5 found upgrading! color 6B6964
2015-08-07 12:30:42 : Factory Spell found! color 888070
2015-08-07 12:30:42 : Dark Factory Spell found! color 888070
2015-08-07 12:30:42 : Barracks and Spell factory status: 
2015-08-07 12:30:42 : - Barracks detected: 4 | Available: 3 | Upgrading: 1
2015-08-07 12:30:42 : - Dark Barracks detected: 2 | Available: 1 | Upgrading: 1
2015-08-07 12:30:42 : - Spell factory detected: 1 | Available: 1 | Upgrading: 0
2015-08-07 12:30:42 : - Dark Spell factory detected: 1 | Available: 1 | Upgrading: 0
2015-08-07 12:30:42 : Trainaviable[0] = 1
2015-08-07 12:30:42 : Trainaviable[1] = 0
2015-08-07 12:30:42 : Trainaviable[2] = 1
2015-08-07 12:30:42 : Trainaviable[3] = 1
2015-08-07 12:30:42 : Trainaviable[4] = 1
2015-08-07 12:30:42 : Trainaviable[5] = 1
2015-08-07 12:30:42 : Trainaviable[6] = 0
2015-08-07 12:30:42 : Trainaviable[7] = 1
2015-08-07 12:30:42 : Trainaviable[8] = 1
2015-08-07 12:30:42 : Training Troops...
2015-08-07 12:30:43 : Train: need to make normal troops: True
2015-08-07 12:30:43 : Train: need to make dark troops: False
2015-08-07 12:30:43 : LAST BARRACK = 4
2015-08-07 12:30:43 : OverView TabColor=A0A5A6
2015-08-07 12:30:43 : Last Barrack TabColor=888070
2015-08-07 12:30:43 : Your Army Camps are now Full
2015-08-07 12:30:43 : ---------COMPUTE TROOPS TO MAKE------------------------
2015-08-07 12:30:43 : -- Compute AnotherTroops to train
2015-08-07 12:30:43 : Need to train (height) GOBL:0% BARB: 120% ARCH: 80% AND 0 other troops space
2015-08-07 12:30:43 : Total Troops to be Trained= 200
2015-08-07 12:30:43 : BARRACKNUM: 3
2015-08-07 12:30:43 : ArchEBarrack: 26
2015-08-07 12:30:43 : BarbEBarrack: 40
2015-08-07 12:30:43 : DARKBARRACKNUM: 1
2015-08-07 12:30:43 : ---------END COMPUTE TROOPS TO MAKE--------------------
2015-08-07 12:30:43 : 
2015-08-07 12:30:43 : ---------TRAIN BARRACK MODE------------------------
2015-08-07 12:30:43 : Barrack4 selected
2015-08-07 12:30:44 : Full Check=8D8D8D
2015-08-07 12:30:44 : Move from Barrack 4 direction -1
2015-08-07 12:30:46 : Barrack3 selected
2015-08-07 12:30:46 : Full Check=8D8D8D
2015-08-07 12:30:47 : Move from Barrack 3 direction -1
2015-08-07 12:30:48 : Barrack2 selected
2015-08-07 12:30:48 : Full Check=8F8F8F
2015-08-07 12:30:49 : Move from Barrack 2 direction -1
2015-08-07 12:30:50 : This is not a Barrack
2015-08-07 12:30:50 : ---=====================END TRAIN =======================================---
2015-08-07 12:30:52 : checkMainScreen start quiet mode
2015-08-07 12:30:52 : checkMainScreen exit quiet mode
2015-08-07 12:30:52 : checkMainScreen start quiet mode
2015-08-07 12:30:52 : checkMainScreen exit quiet mode
2015-08-07 12:30:54 : checkMainScreen start quiet mode
2015-08-07 12:30:54 : checkMainScreen exit quiet mode
2015-08-07 12:30:54 : Requesting Clan Castle Troops
2015-08-07 12:30:54 : $icount1 = 1, BB2BD1
2015-08-07 12:30:54 : Request has already been made
2015-08-07 12:30:55 : checkMainScreen start quiet mode
2015-08-07 12:30:55 : checkMainScreen exit quiet mode
2015-08-07 12:30:55 :  ====== Unbreakable Mode enabled! ====== 
2015-08-07 12:30:55 : Trophy Count : 2589
2015-08-07 12:30:59 : Trophy Count Read = 2589
2015-08-07 12:30:59 : Going to Attack...
2015-08-07 12:31:03 : Take-A-Break OCR result = 
2015-08-07 12:31:03 : Shield btn clr chk-#1: 000000, #2: 010101, #3: FFFFFF, #4: CBE870
2015-08-07 12:31:03 : ButtonPixel = 441, 374
2015-08-07 12:31:03 : Pixel color found #1: 000000, #2: 010101, #3: FFFFFF, #4: FEFEFE
2015-08-07 12:31:08 : Returning Home For Defense
2015-08-07 12:31:12 : Closing Clash Of Clans
2015-08-07 12:31:14 : Exit btn chk-#1: 779F30, #2: E8ECDE, #3: 755A1A, #4: 3B4552
2015-08-07 12:31:15 : Exit btn chk-#1: 779F30, #2: E8ECE6, #3: 755A1A, #4: 4A4229
2015-08-07 12:31:16 : Exit btn chk-#1: 000000, #2: 010101, #3: FFFFFF, #4: CBE870
2015-08-07 12:31:16 : ButtonPixel = 441, 374
2015-08-07 12:31:16 : Pixel color found #1: 000000, #2: 010101, #3: FFFFFF, #4: FEFEFE
2015-08-07 12:31:17 : Waiting 10 Minutes for Defense Attacks
