2015-08-02 15:46:13 : ~ Clash Game Bot v4.1MODS Powered by GameBot.org ~
2015-08-02 15:46:13 : GameBot.org.exe Executable running on WIN_7  X64
2015-08-02 15:46:13 : =================== Bot Start ====================
2015-08-02 15:46:13 : -------------------------  Current Profile: 02 --------------------------
2015-08-02 15:46:13 : Trying to locate Main Screen
2015-08-02 15:46:17 : Waiting for Main Screen
2015-08-02 15:46:28 : Zooming Out
2015-08-02 15:46:29 : Main Screen Located
2015-08-02 15:46:30 : Detecting your Buildings..
2015-08-02 15:46:38 : Language setting is English: Correct.
2015-08-02 15:46:39 : Trying to locate Main Screen
2015-08-02 15:46:39 : Main Screen Located
2015-08-02 15:46:41 : Collecting Resources
2015-08-02 15:46:49 : Village Report
2015-08-02 15:46:49 : No. of Free/Total Builders: 0/4
2015-08-02 15:46:49 :  [T]: 1 775
2015-08-02 15:46:49 :  [G]: 5 564 408 [E]: 5 001 246 [D]: 60 498 [GEM]: 953
2015-08-02 15:46:52 : Chat Request: deff svp merci
2015-08-02 15:46:52 : Archers Keyword found: def
2015-08-02 15:46:52 : Donating Archers
2015-08-02 15:46:55 : Checking Army Camp...
2015-08-02 15:46:57 : Total Army Camp capacity: 191/200
2015-08-02 15:46:59 :  - No. of Barbarians: 118
2015-08-02 15:46:59 :  - No. of Archers: 73
2015-08-02 15:46:59 : Barracks and Spell factory status: 
2015-08-02 15:46:59 : - Barracks detected: 4 | Available: 3 | Upgrading: 1
2015-08-02 15:46:59 : - Dark Barracks detected: 2 | Available: 2 | Upgrading: 0
2015-08-02 15:46:59 : - Spell factory detected: 1 | Available: 1 | Upgrading: 0
2015-08-02 15:46:59 : - Dark Spell factory detected: 1 | Available: 0 | Upgrading: 1
2015-08-02 15:46:59 : Training Troops...
2015-08-02 15:47:00 : Your Army Camps are now Full
2015-08-02 15:47:11 : Requesting Clan Castle Troops
2015-08-02 15:47:17 : Checking Troop Upgrade in Laboratory ...
2015-08-02 15:47:17 : Updating village values [E]: 4704771 [D]: 60498
2015-08-02 15:47:19 : Insufficent Elixir for Pekka, Lab requires: 6000000 + 250000 user reserve
2015-08-02 15:47:23 : Finished kicking
2015-08-02 15:47:23 : ClashGameBot was Paused!
