2015-08-07 23:45:10 : ~ Clash Game Bot v4.1MODS Powered by GameBot.org ~
2015-08-07 23:45:10 : GameBot.org.au3 Script running on WIN_7  X64
2015-08-07 23:45:10 : =================== Bot Start ====================
2015-08-07 23:45:10 : -------------------------  Current Profile: 04 --------------------------
2015-08-07 23:45:10 :  Warning Debug Mode Enabled! Setlog: 1 OCR: 0 RedArea: 0 
2015-08-07 23:45:10 : Trying to locate Main Screen
2015-08-07 23:45:10 : Main Screen Located
2015-08-07 23:45:11 : Detecting your Buildings..
2015-08-07 23:45:19 : Language setting is English: Correct.
2015-08-07 23:45:19 : Bot clean start
2015-08-07 23:45:20 : Trying to locate Main Screen
2015-08-07 23:45:20 : Main Screen Located
2015-08-07 23:45:20 : Halt Attack, Stay Online/Collect...
2015-08-07 23:45:22 : checkMainScreen start quiet mode
2015-08-07 23:45:22 : checkMainScreen exit quiet mode
2015-08-07 23:45:22 : Collecting Resources
2015-08-07 23:45:27 : checkMainScreen start quiet mode
2015-08-07 23:45:27 : checkMainScreen exit quiet mode
2015-08-07 23:45:28 : Checking if Village needs Rearming..
2015-08-07 23:45:34 : checkMainScreen start quiet mode
2015-08-07 23:45:34 : checkMainScreen exit quiet mode
2015-08-07 23:45:35 : checkMainScreen start quiet mode
2015-08-07 23:45:35 : checkMainScreen exit quiet mode
2015-08-07 23:45:36 : Village Report
2015-08-07 23:45:36 : No. of Free/Total Builders: 0/4
2015-08-07 23:45:36 :  [T]: 2 546
2015-08-07 23:45:36 :  [G]: 1 724 458 [E]: 5 182 911 [D]: 18 342 [GEM]: 1 981
2015-08-07 23:45:37 : checkMainScreen start quiet mode
2015-08-07 23:45:37 : checkMainScreen exit quiet mode
2015-08-07 23:45:37 : checkMainScreen start quiet mode
2015-08-07 23:45:37 : checkMainScreen exit quiet mode
2015-08-07 23:45:38 : checkMainScreen start quiet mode
2015-08-07 23:45:38 : checkMainScreen exit quiet mode
2015-08-07 23:45:39 : checkMainScreen start quiet mode
2015-08-07 23:45:40 : checkMainScreen exit quiet mode
2015-08-07 23:45:41 : checkMainScreen start quiet mode
2015-08-07 23:45:41 : checkMainScreen exit quiet mode
2015-08-07 23:45:42 : checkMainScreen start quiet mode
2015-08-07 23:45:42 : checkMainScreen exit quiet mode
2015-08-07 23:45:42 : checkMainScreen start quiet mode
2015-08-07 23:45:42 : checkMainScreen exit quiet mode
2015-08-07 23:45:43 : checkMainScreen start quiet mode
2015-08-07 23:45:43 : checkMainScreen exit quiet mode
2015-08-07 23:45:45 : Finished kicking
2015-08-07 23:45:45 : Func Idle 
2015-08-07 23:45:56 : checkMainScreen start quiet mode
2015-08-07 23:45:56 : checkMainScreen exit quiet mode
2015-08-07 23:45:57 : Checking Overview for full army [!] True, 407508
2015-08-07 23:45:57 : Screenshot saved: .\Profiles\04\Temp\2015-08-07_23.45.57.jpg
2015-08-07 23:45:57 : Checking Overview for full CC [!] False, 84B620
2015-08-07 23:47:16 : Checking Overview for full Heroes [!] True, 98C538
2015-08-07 23:47:20 : checkMainScreen start quiet mode
2015-08-07 23:47:21 : checkMainScreen exit quiet mode
2015-08-07 23:47:21 : Func Train 
2015-08-07 23:47:21 : checkMainScreen start quiet mode
2015-08-07 23:47:21 : checkMainScreen exit quiet mode
2015-08-07 23:47:22 : Time Idle: 00:01:36
2015-08-07 23:47:22 : Bot clean start
2015-08-07 23:47:23 : Trying to locate Main Screen
2015-08-07 23:47:23 : Main Screen Located
2015-08-07 23:47:24 : Halt Attack, Stay Online/Collect...
