2015-08-07 22:53:48 : ~ Clash Game Bot v4.1MODS Powered by GameBot.org ~
2015-08-07 22:53:48 : GameBot.org.au3 Script running on WIN_7  X64
2015-08-07 22:53:48 : =================== Bot Start ====================
2015-08-07 22:53:48 : -------------------------  Current Profile: 04 --------------------------
2015-08-07 22:53:48 :  Warning Debug Mode Enabled! Setlog: 1 OCR: 0 RedArea: 0 
2015-08-07 22:53:48 : Trying to locate Main Screen
2015-08-07 22:53:48 : Main Screen Located
2015-08-07 22:53:49 : Detecting your Buildings..
2015-08-07 22:53:53 : Language setting is English: Correct.
2015-08-07 22:53:53 : Bot clean start
2015-08-07 22:53:54 : Trying to locate Main Screen
2015-08-07 22:53:54 : Main Screen Located
2015-08-07 22:53:54 : Halt Attack, Stay Online/Collect...
2015-08-07 22:53:56 : checkMainScreen start quiet mode
2015-08-07 22:53:56 : checkMainScreen exit quiet mode
2015-08-07 22:53:56 : Collecting Resources
2015-08-07 22:54:01 : checkMainScreen start quiet mode
2015-08-07 22:54:01 : checkMainScreen exit quiet mode
2015-08-07 22:54:02 : Checking if Village needs Rearming..
2015-08-07 22:54:09 : checkMainScreen start quiet mode
2015-08-07 22:54:09 : checkMainScreen exit quiet mode
2015-08-07 22:54:09 : checkMainScreen start quiet mode
2015-08-07 22:54:09 : checkMainScreen exit quiet mode
2015-08-07 22:54:10 : Village Report
2015-08-07 22:54:10 : No. of Free/Total Builders: 0/4
2015-08-07 22:54:10 :  [T]: 2 546
2015-08-07 22:54:10 :  [G]: 1 696 702 [E]: 5 162 139 [D]: 18 202 [GEM]: 1 981
2015-08-07 22:54:11 : checkMainScreen start quiet mode
2015-08-07 22:54:11 : checkMainScreen exit quiet mode
2015-08-07 22:54:11 : checkMainScreen start quiet mode
2015-08-07 22:54:11 : checkMainScreen exit quiet mode
2015-08-07 22:54:13 : checkMainScreen start quiet mode
2015-08-07 22:54:13 : checkMainScreen exit quiet mode
2015-08-07 22:54:14 : checkMainScreen start quiet mode
2015-08-07 22:54:14 : checkMainScreen exit quiet mode
2015-08-07 22:54:15 : checkMainScreen start quiet mode
2015-08-07 22:54:15 : checkMainScreen exit quiet mode
2015-08-07 22:54:16 : checkMainScreen start quiet mode
2015-08-07 22:54:16 : checkMainScreen exit quiet mode
2015-08-07 22:54:16 : checkMainScreen start quiet mode
2015-08-07 22:54:16 : checkMainScreen exit quiet mode
2015-08-07 22:54:17 : checkMainScreen start quiet mode
2015-08-07 22:54:17 : checkMainScreen exit quiet mode
2015-08-07 22:54:19 : Finished kicking
2015-08-07 22:54:19 : Func Idle 
2015-08-07 22:54:30 : checkMainScreen start quiet mode
2015-08-07 22:54:30 : checkMainScreen exit quiet mode
2015-08-07 22:54:31 : Checking Overview for full army [!] True, 407508
2015-08-07 22:54:31 : Checking Overview for full CC [!] False, E4EDDC
2015-08-07 22:55:22 : Checking Overview for full Heroes [!] True, 98C538
2015-08-07 22:57:00 : checkMainScreen start quiet mode
2015-08-07 22:57:00 : checkMainScreen exit quiet mode
2015-08-07 22:57:00 : Func Train 
2015-08-07 22:57:00 : checkMainScreen start quiet mode
2015-08-07 22:57:00 : checkMainScreen exit quiet mode
2015-08-07 22:57:01 : Time Idle: 00:02:41
2015-08-07 22:57:01 : Bot clean start
2015-08-07 22:57:02 : Trying to locate Main Screen
2015-08-07 22:57:02 : Main Screen Located
2015-08-07 22:57:03 : Halt Attack, Stay Online/Collect...
