2015-08-07 23:09:51 : ~ Clash Game Bot v4.1MODS Powered by GameBot.org ~
2015-08-07 23:09:51 : GameBot.org.au3 Script running on WIN_7  X64
2015-08-07 23:09:51 : =================== Bot Start ====================
2015-08-07 23:09:51 : -------------------------  Current Profile: 04 --------------------------
2015-08-07 23:09:51 :  Warning Debug Mode Enabled! Setlog: 1 OCR: 0 RedArea: 0 
2015-08-07 23:09:51 : Trying to locate Main Screen
2015-08-07 23:09:51 : Main Screen Located
2015-08-07 23:09:52 : Detecting your Buildings..
2015-08-07 23:10:02 : Language setting is English: Correct.
2015-08-07 23:10:02 : Bot clean start
2015-08-07 23:10:03 : Trying to locate Main Screen
2015-08-07 23:10:03 : Main Screen Located
2015-08-07 23:10:04 : Halt Attack, Stay Online/Collect...
2015-08-07 23:10:05 : checkMainScreen start quiet mode
2015-08-07 23:10:05 : checkMainScreen exit quiet mode
2015-08-07 23:10:06 : Collecting Resources
2015-08-07 23:10:11 : checkMainScreen start quiet mode
2015-08-07 23:10:11 : checkMainScreen exit quiet mode
2015-08-07 23:10:12 : Checking if Village needs Rearming..
2015-08-07 23:10:18 : checkMainScreen start quiet mode
2015-08-07 23:10:18 : checkMainScreen exit quiet mode
2015-08-07 23:10:19 : checkMainScreen start quiet mode
2015-08-07 23:10:19 : checkMainScreen exit quiet mode
2015-08-07 23:10:20 : Village Report
2015-08-07 23:10:20 : No. of Free/Total Builders: 0/4
2015-08-07 23:10:20 :  [T]: 2 546
2015-08-07 23:10:20 :  [G]: 1 706 304 [E]: 5 169 574 [D]: 18 244 [GEM]: 1 981
2015-08-07 23:10:21 : checkMainScreen start quiet mode
2015-08-07 23:10:21 : checkMainScreen exit quiet mode
2015-08-07 23:10:21 : checkMainScreen start quiet mode
2015-08-07 23:10:21 : checkMainScreen exit quiet mode
2015-08-07 23:10:22 : checkMainScreen start quiet mode
2015-08-07 23:10:22 : checkMainScreen exit quiet mode
2015-08-07 23:10:23 : checkMainScreen start quiet mode
2015-08-07 23:10:23 : checkMainScreen exit quiet mode
2015-08-07 23:10:25 : checkMainScreen start quiet mode
2015-08-07 23:10:25 : checkMainScreen exit quiet mode
2015-08-07 23:10:26 : checkMainScreen start quiet mode
2015-08-07 23:10:26 : checkMainScreen exit quiet mode
2015-08-07 23:10:26 : checkMainScreen start quiet mode
2015-08-07 23:10:26 : checkMainScreen exit quiet mode
2015-08-07 23:10:27 : checkMainScreen start quiet mode
2015-08-07 23:10:27 : checkMainScreen exit quiet mode
2015-08-07 23:10:29 : Finished kicking
2015-08-07 23:10:29 : Func Idle 
2015-08-07 23:10:40 : checkMainScreen start quiet mode
2015-08-07 23:10:40 : checkMainScreen exit quiet mode
2015-08-07 23:10:41 : Checking Overview for full army [!] True, 407508
2015-08-07 23:10:41 : Checking Overview for full CC [!] False, 88AB5B
2015-08-07 23:11:02 : Checking Overview for full Heroes [!] True, 98C538
2015-08-07 23:11:04 : checkMainScreen start quiet mode
2015-08-07 23:11:04 : checkMainScreen exit quiet mode
2015-08-07 23:11:04 : Func Train 
2015-08-07 23:11:05 : checkMainScreen start quiet mode
2015-08-07 23:11:05 : checkMainScreen exit quiet mode
