2015-08-02 23:16:06 : ~ Clash Game Bot v4.1MODS Powered by GameBot.org ~
2015-08-02 23:16:07 : GameBot.org.exe Executable running on WIN_7  X64
2015-08-02 23:16:07 : =================== Bot Start ====================
2015-08-02 23:16:07 : -------------------------  Current Profile: 02 --------------------------
2015-08-02 23:16:07 : Trying to locate Main Screen
2015-08-02 23:16:07 : Main Screen Located
2015-08-02 23:16:08 : Detecting your Buildings..
2015-08-02 23:16:12 : Language setting is English: Correct.
2015-08-02 23:16:13 : Trying to locate Main Screen
2015-08-02 23:16:13 : Main Screen Located
2015-08-02 23:16:14 : Collecting Resources
2015-08-02 23:16:22 : Village Report
2015-08-02 23:16:22 : No. of Free/Total Builders: 0/4
2015-08-02 23:16:22 :  [T]: 1 750
2015-08-02 23:16:22 :  [G]: 6 001 000 [E]: 5 947 593 [D]: 63 156 [GEM]: 953
2015-08-02 23:16:26 : Chat Request: golem soso valkyri pekka sorciere d
2015-08-02 23:16:28 : Checking Army Camp...
2015-08-02 23:16:29 : Total Army Camp capacity: 61/200
2015-08-02 23:16:30 :  - No. of Barbarians: 7
2015-08-02 23:16:31 :  - No. of Archers: 49
2015-08-02 23:16:31 :  - No. of Giants: 1
2015-08-02 23:16:31 : Barracks and Spell factory status: 
2015-08-02 23:16:31 : - Barracks detected: 4 | Available: 3 | Upgrading: 1
2015-08-02 23:16:31 : - Dark Barracks detected: 2 | Available: 2 | Upgrading: 0
2015-08-02 23:16:31 : - Spell factory detected: 1 | Available: 1 | Upgrading: 0
2015-08-02 23:16:31 : - Dark Spell factory detected: 1 | Available: 0 | Upgrading: 1
2015-08-02 23:16:31 : Training Troops...
2015-08-02 23:16:59 : Requesting Clan Castle Troops
2015-08-02 23:17:11 : Request has already been made, or request window not available
2015-08-02 23:17:13 : Checking Troop Upgrade in Laboratory ...
2015-08-02 23:17:13 : Updating village values [E]: 5963043 [D]: 63156
2015-08-02 23:17:14 : Trouble finding research button, try again...
2015-08-02 23:17:18 : Finished kicking
2015-08-02 23:17:18 : ====== Waiting for full army ======
2015-08-02 23:17:20 : ClashGameBot was Paused!
2015-08-02 23:17:45 : ClashGameBot was Resumed.
2015-08-02 23:17:54 : Checking Army Camp...
2015-08-02 23:17:56 : Total Army Camp capacity: 66/200
2015-08-02 23:17:57 :  - No. of Barbarians: 14
2015-08-02 23:17:57 :  - No. of Archers: 52
2015-08-02 23:17:57 : Training Troops...
2015-08-02 23:18:07 : Time Idle: 00:00:49
2015-08-02 23:18:08 : ====== Waiting for full army ======
2015-08-02 23:18:10 : Chat Request: golem soso valkyri pekka sorciere d
2015-08-02 23:18:17 : Chat Request: golem soso valkyri pekka sorciere d
2015-08-02 23:18:23 : Chat Request: golem soso valkyri pekka sorciere d
2015-08-02 23:18:28 : Checking Army Camp...
2015-08-02 23:18:30 : Total Army Camp capacity: 69/200
2015-08-02 23:18:31 :  - No. of Barbarians: 16
2015-08-02 23:18:31 :  - No. of Archers: 53
2015-08-02 23:18:31 : Training Troops...
2015-08-02 23:18:41 : Time Idle: 00:01:22
2015-08-02 23:18:41 : ====== Waiting for full army ======
2015-08-02 23:18:43 : Chat Request: golem soso valkyri pekka sorciere d
2015-08-02 23:18:56 : Checking Army Camp...
2015-08-02 23:18:58 : Total Army Camp capacity: 74/200
2015-08-02 23:18:59 :  - No. of Barbarians: 20
2015-08-02 23:18:59 :  - No. of Archers: 54
2015-08-02 23:18:59 : Training Troops...
2015-08-02 23:19:09 : Time Idle: 00:01:50
2015-08-02 23:19:09 : ====== Waiting for full army ======
2015-08-02 23:19:11 : Chat Request: golem soso valkyri pekka sorciere d
2015-08-02 23:19:24 : Checking Army Camp...
2015-08-02 23:19:26 : Total Army Camp capacity: 77/200
2015-08-02 23:19:26 :  - No. of Barbarians: 22
2015-08-02 23:19:27 :  - No. of Archers: 55
2015-08-02 23:19:27 : Training Troops...
2015-08-02 23:19:36 : Time Idle: 00:02:17
2015-08-02 23:19:37 : ====== Waiting for full army ======
2015-08-02 23:19:39 : Chat Request: golem soso valkyri pekka sorciere d
2015-08-02 23:19:43 : Chat Request: golem soso valkyri pekka sorciere d
2015-08-02 23:19:54 : Checking Army Camp...
2015-08-02 23:19:56 : Total Army Camp capacity: 82/200
2015-08-02 23:19:57 :  - No. of Barbarians: 26
2015-08-02 23:19:57 :  - No. of Archers: 56
2015-08-02 23:19:58 : Training Troops...
2015-08-02 23:20:07 : Time Idle: 00:02:47
2015-08-02 23:20:07 : ====== Waiting for full army ======
2015-08-02 23:20:10 : Chat Request: golem soso valkyri pekka sorciere d
2015-08-02 23:20:14 : Chat Request: golem soso valkyri pekka sorciere d
2015-08-02 23:20:25 : Checking Army Camp...
2015-08-02 23:20:27 : Total Army Camp capacity: 86/200
2015-08-02 23:20:28 :  - No. of Barbarians: 28
2015-08-02 23:20:28 :  - No. of Archers: 58
2015-08-02 23:20:28 : Training Troops...
2015-08-02 23:20:38 : Time Idle: 00:03:17
2015-08-02 23:20:38 : ====== Waiting for full army ======
2015-08-02 23:20:40 : Chat Request: golem soso valkyri pekka sorciere d
2015-08-02 23:20:52 : Checking Army Camp...
2015-08-02 23:20:54 : Total Army Camp capacity: 90/200
2015-08-02 23:20:55 :  - No. of Barbarians: 31
2015-08-02 23:20:56 :  - No. of Archers: 59
2015-08-02 23:20:56 : Training Troops...
2015-08-02 23:21:06 : Time Idle: 00:03:45
2015-08-02 23:21:06 : ====== Waiting for full army ======
2015-08-02 23:21:14 : Chat Request: golem soso valkyri pekka sorciere d
2015-08-02 23:21:19 : Chat Request: golem soso valkyri pekka sorciere d
2015-08-02 23:21:23 : Collecting Resources
2015-08-02 23:21:30 : Checking Army Camp...
2015-08-02 23:21:32 : Total Army Camp capacity: 94/200
2015-08-02 23:21:33 :  - No. of Barbarians: 34
2015-08-02 23:21:33 :  - No. of Archers: 60
2015-08-02 23:21:33 : Training Troops...
2015-08-02 23:21:43 : Time Idle: 00:04:22
2015-08-02 23:21:43 : ====== Waiting for full army ======
2015-08-02 23:21:48 : Chat Request: golem soso valkyri pekka sorciere d
2015-08-02 23:21:53 : Chat Request: golem soso valkyri pekka sorciere d
2015-08-02 23:22:00 : Chat Request: golem soso valkyri pekka sorciere d
2015-08-02 23:22:03 : Checking Army Camp...
2015-08-02 23:22:05 : Total Army Camp capacity: 99/200
2015-08-02 23:22:06 :  - No. of Barbarians: 38
2015-08-02 23:22:06 :  - No. of Archers: 61
2015-08-02 23:22:07 : Training Troops...
2015-08-02 23:22:16 : Time Idle: 00:04:55
2015-08-02 23:22:17 : ====== Waiting for full army ======
2015-08-02 23:22:19 : Chat Request: golem soso valkyri pekka sorciere d
2015-08-02 23:22:24 : Chat Request: pekka svp merci gdc
2015-08-02 23:22:24 : General Blacklist Keyword found: gdc
2015-08-02 23:22:26 : Chat Request: golem soso valkyri pekka sorciere d
2015-08-02 23:22:35 : Chat Request: golem soso valkyri pekka sorciere d
2015-08-02 23:22:38 : Checking Army Camp...
2015-08-02 23:22:40 : Total Army Camp capacity: 105/200
2015-08-02 23:22:41 :  - No. of Barbarians: 42
2015-08-02 23:22:41 :  - No. of Archers: 63
2015-08-02 23:22:41 : Training Troops...
2015-08-02 23:22:51 : Time Idle: 00:05:29
2015-08-02 23:22:51 : ====== Waiting for full army ======
2015-08-02 23:22:53 : Chat Request: golem soso valkyri pekka sorciere d
2015-08-02 23:23:02 : Chat Request: golem soso valkyri pekka sorciere d
2015-08-02 23:23:09 : Checking Army Camp...
2015-08-02 23:23:11 : Total Army Camp capacity: 108/200
2015-08-02 23:23:12 :  - No. of Barbarians: 44
2015-08-02 23:23:12 :  - No. of Archers: 64
2015-08-02 23:23:12 : Training Troops...
2015-08-02 23:23:22 : Time Idle: 00:06:00
2015-08-02 23:23:22 : ====== Waiting for full army ======
2015-08-02 23:23:24 : Chat Request: golem soso valkyri pekka sorciere d
2015-08-02 23:23:29 : Chat Request: golem soso valkyri pekka sorciere d
2015-08-02 23:23:40 : Checking Army Camp...
2015-08-02 23:23:41 : Total Army Camp capacity: 113/200
2015-08-02 23:23:42 :  - No. of Barbarians: 48
2015-08-02 23:23:42 :  - No. of Archers: 65
2015-08-02 23:23:43 : Training Troops...
2015-08-02 23:23:52 : Time Idle: 00:06:30
2015-08-02 23:23:52 : ====== Waiting for full army ======
2015-08-02 23:23:54 : Chat Request: golem soso valkyri pekka sorciere d
2015-08-02 23:24:03 : Chat Request: golem soso valkyri pekka sorciere d
2015-08-02 23:24:08 : Chat Request: golem soso valkyri pekka sorciere d
2015-08-02 23:24:12 : Checking Army Camp...
2015-08-02 23:24:14 : Total Army Camp capacity: 117/200
2015-08-02 23:24:15 :  - No. of Barbarians: 50
2015-08-02 23:24:15 :  - No. of Archers: 67
2015-08-02 23:24:16 : Training Troops...
2015-08-02 23:24:25 : Time Idle: 00:07:03
2015-08-02 23:24:26 : ====== Waiting for full army ======
2015-08-02 23:24:28 : Chat Request: golem soso valkyri pekka sorciere d
2015-08-02 23:24:32 : Chat Request: golem soso valkyri pekka sorciere d
2015-08-02 23:24:38 : Chat Request: golem soso valkyri pekka sorciere d
2015-08-02 23:24:42 : Chat Request: golem soso valkyri pekka sorciere d
2015-08-02 23:24:47 : Chat Request: golem soso valkyri pekka sorciere d
2015-08-02 23:24:51 : Checking Army Camp...
2015-08-02 23:24:53 : Total Army Camp capacity: 122/200
2015-08-02 23:24:53 :  - No. of Barbarians: 54
2015-08-02 23:24:54 :  - No. of Archers: 68
2015-08-02 23:24:54 : Training Troops...
2015-08-02 23:25:03 : Time Idle: 00:07:41
2015-08-02 23:25:04 : ====== Waiting for full army ======
2015-08-02 23:25:18 : Checking Army Camp...
2015-08-02 23:25:20 : Total Army Camp capacity: 127/200
2015-08-02 23:25:20 :  - No. of Barbarians: 58
2015-08-02 23:25:21 :  - No. of Archers: 69
2015-08-02 23:25:21 : Training Troops...
2015-08-02 23:25:30 : Time Idle: 00:08:07
2015-08-02 23:25:31 : ====== Waiting for full army ======
2015-08-02 23:25:44 : Checking Army Camp...
2015-08-02 23:25:46 : Total Army Camp capacity: 130/200
2015-08-02 23:25:47 :  - No. of Barbarians: 60
2015-08-02 23:25:47 :  - No. of Archers: 70
2015-08-02 23:25:47 : Training Troops...
2015-08-02 23:25:57 : Time Idle: 00:08:34
2015-08-02 23:25:57 : ====== Waiting for full army ======
2015-08-02 23:26:11 : Checking Army Camp...
2015-08-02 23:26:13 : Total Army Camp capacity: 133/200
2015-08-02 23:26:14 :  - No. of Barbarians: 62
2015-08-02 23:26:14 :  - No. of Archers: 71
2015-08-02 23:26:15 : Training Troops...
2015-08-02 23:26:24 : Time Idle: 00:09:00
2015-08-02 23:26:24 : ====== Waiting for full army ======
2015-08-02 23:26:38 : Checking Army Camp...
2015-08-02 23:26:40 : Total Army Camp capacity: 138/200
2015-08-02 23:26:41 :  - No. of Barbarians: 66
2015-08-02 23:26:41 :  - No. of Archers: 72
2015-08-02 23:26:41 : Training Troops...
2015-08-02 23:26:51 : Time Idle: 00:09:27
2015-08-02 23:26:51 : ====== Waiting for full army ======
2015-08-02 23:27:03 : Collecting Resources
2015-08-02 23:27:10 : Checking Army Camp...
2015-08-02 23:27:12 : Total Army Camp capacity: 142/200
2015-08-02 23:27:13 :  - No. of Barbarians: 68
2015-08-02 23:27:13 :  - No. of Archers: 74
2015-08-02 23:27:13 : Training Troops...
2015-08-02 23:27:23 : Time Idle: 00:09:58
2015-08-02 23:27:23 : ====== Waiting for full army ======
2015-08-02 23:27:36 : Checking Army Camp...
2015-08-02 23:27:38 : Total Army Camp capacity: 147/200
2015-08-02 23:27:39 :  - No. of Barbarians: 72
2015-08-02 23:27:39 :  - No. of Archers: 75
2015-08-02 23:27:39 : Training Troops...
2015-08-02 23:27:49 : Time Idle: 00:10:24
2015-08-02 23:27:49 : ====== Waiting for full army ======
2015-08-02 23:28:02 : Checking Army Camp...
2015-08-02 23:28:04 : Total Army Camp capacity: 150/200
2015-08-02 23:28:05 :  - No. of Barbarians: 74
2015-08-02 23:28:05 :  - No. of Archers: 76
2015-08-02 23:28:05 : Training Troops...
2015-08-02 23:28:15 : Time Idle: 00:10:50
2015-08-02 23:28:15 : ====== Waiting for full army ======
2015-08-02 23:28:27 : Checking Army Camp...
2015-08-02 23:28:29 : Total Army Camp capacity: 153/200
2015-08-02 23:28:30 :  - No. of Barbarians: 76
2015-08-02 23:28:30 :  - No. of Archers: 77
2015-08-02 23:28:30 : Training Troops...
2015-08-02 23:28:40 : Time Idle: 00:11:15
2015-08-02 23:28:40 : ====== Waiting for full army ======
2015-08-02 23:28:52 : Checking Army Camp...
2015-08-02 23:28:54 : Total Army Camp capacity: 156/200
2015-08-02 23:28:55 :  - No. of Barbarians: 78
2015-08-02 23:28:55 :  - No. of Archers: 78
2015-08-02 23:28:55 : Training Troops...
2015-08-02 23:29:05 : Time Idle: 00:11:39
2015-08-02 23:29:05 : ====== Waiting for full army ======
2015-08-02 23:29:17 : Checking Army Camp...
2015-08-02 23:29:19 : Total Army Camp capacity: 161/200
2015-08-02 23:29:20 :  - No. of Barbarians: 82
2015-08-02 23:29:20 :  - No. of Archers: 79
2015-08-02 23:29:20 : Training Troops...
2015-08-02 23:29:30 : Time Idle: 00:12:04
2015-08-02 23:29:30 : ====== Waiting for full army ======
2015-08-02 23:29:42 : Checking Army Camp...
2015-08-02 23:29:44 : Total Army Camp capacity: 164/200
2015-08-02 23:29:45 :  - No. of Barbarians: 84
2015-08-02 23:29:45 :  - No. of Archers: 80
2015-08-02 23:29:45 : Training Troops...
2015-08-02 23:29:55 : Time Idle: 00:12:29
2015-08-02 23:29:55 : ====== Waiting for full army ======
2015-08-02 23:30:07 : Checking Army Camp...
2015-08-02 23:30:09 : Total Army Camp capacity: 167/200
2015-08-02 23:30:10 :  - No. of Barbarians: 86
2015-08-02 23:30:10 :  - No. of Archers: 81
2015-08-02 23:30:10 : Training Troops...
2015-08-02 23:30:20 : Time Idle: 00:12:53
2015-08-02 23:30:20 : ====== Waiting for full army ======
2015-08-02 23:30:34 : Checking Army Camp...
2015-08-02 23:30:36 : Total Army Camp capacity: 170/200
2015-08-02 23:30:37 :  - No. of Barbarians: 88
2015-08-02 23:30:37 :  - No. of Archers: 82
2015-08-02 23:30:37 : Training Troops...
2015-08-02 23:30:45 : Pushbullet: removed 2 messages older than 6 h 
2015-08-02 23:30:48 : Time Idle: 00:13:21
2015-08-02 23:30:48 : ====== Waiting for full army ======
2015-08-02 23:31:01 : Checking Army Camp...
2015-08-02 23:31:03 : Total Army Camp capacity: 175/200
2015-08-02 23:31:04 :  - No. of Barbarians: 92
2015-08-02 23:31:04 :  - No. of Archers: 83
2015-08-02 23:31:05 : Training Troops...
2015-08-02 23:31:14 : Time Idle: 00:13:47
2015-08-02 23:31:14 : ====== Waiting for full army ======
2015-08-02 23:31:26 : Checking Army Camp...
2015-08-02 23:31:28 : Total Army Camp capacity: 178/200
2015-08-02 23:31:29 :  - No. of Barbarians: 94
2015-08-02 23:31:29 :  - No. of Archers: 84
2015-08-02 23:31:29 : Training Troops...
2015-08-02 23:31:39 : Time Idle: 00:14:11
2015-08-02 23:31:39 : ====== Waiting for full army ======
2015-08-02 23:31:51 : Collecting Resources
2015-08-02 23:31:58 : Checking Army Camp...
2015-08-02 23:32:00 : Total Army Camp capacity: 183/200
2015-08-02 23:32:01 :  - No. of Barbarians: 98
2015-08-02 23:32:01 :  - No. of Archers: 85
2015-08-02 23:32:01 : Training Troops...
2015-08-02 23:32:02 : Your Army Camps are now Full
2015-08-02 23:32:11 : Going to Attack...
2015-08-02 23:32:17 : ============== Searching For Dead Base ===============
2015-08-02 23:32:17 : ~~~~~~~~~~~~~~~ SEARCH CONDITIONS ~~~~~~~~~~~~~~~~
2015-08-02 23:32:17 : Meet: Gold and Elixir, TH Outside
2015-08-02 23:32:17 : ~~~~~~~~~~~~~~ RESOURCE CONDITIONS ~~~~~~~~~~~~~~~
2015-08-02 23:32:17 : Aim: [G]:      1 [E]:      1 [D]:    0 [T]: 0, Out, Out, Out, Out, Out, Out, Out, Out, Out, Out, Out, Out, Out, Out, Out, Out, Out, Out, Out, Out, Out, Out, Out, Out for: Dead Base
2015-08-02 23:32:17 : ~~~~~~~~~~~~~~~ ADVANCED SETTINGS ~~~~~~~~~~~~~~~~
2015-08-02 23:32:17 : THSnipe Combo, 1 Tile(s), 
2015-08-02 23:32:17 : ==================================================
2015-08-02 23:32:18 :   1> [G]: 123351 [E]: 220945 [D]:  227 [T]:30 [TH]: 8, In
2015-08-02 23:32:21 :   2> [G]:  66137 [E]: 103282 [D]:  534 [T]:24 [TH]: 8, In
2015-08-02 23:32:25 :   3> [G]:  88590 [E]: 101385 [D]:  302 [T]:25 [TH]: 7, In
2015-08-02 23:32:28 :   4> [G]: 169721 [E]: 467309 [D]: 2757 [T]:33 [TH]:10, Out
2015-08-02 23:32:28 : Inferno Tower found, but not near TH.
2015-08-02 23:32:29 : ~~~~~~~~~~~~~~~ TH Outside Found! ~~~~~~~~~~~~~~~~
2015-08-02 23:32:29 : ================ Search Complete =================
2015-08-02 23:32:29 : Initiating attack for: TH Snipe
2015-08-02 23:32:31 : -Barbarians 98
2015-08-02 23:32:31 : -Archers 86
2015-08-02 23:32:31 : -Lightning Spells 2
2015-08-02 23:32:31 : -Poison Spells 1
2015-08-02 23:32:31 :  ====== Start Attack ====== 
2015-08-02 23:32:33 : 
2015-08-02 23:32:33 : Sniping TH with SmartBarch
2015-08-02 23:32:33 : Attacking TH with 1st wave of BARCH
2015-08-02 23:32:33 : Dropping first wave of 4 Barbarians
2015-08-02 23:32:34 : Zooming in...
2015-08-02 23:32:37 : Done zooming.
2015-08-02 23:32:38 : Scrolling to bottom...
2015-08-02 23:32:42 : Deployment of Barbarians Successful!
2015-08-02 23:32:44 : Dropping first wave of 8 Archers
2015-08-02 23:32:47 : Deployment of Archers Successful!
2015-08-02 23:32:51 : ClashGameBot was Paused!
2015-08-02 23:33:24 : ClashGameBot was Resumed.
2015-08-02 23:33:26 : Zooming Out
2015-08-02 23:33:28 : Easy 1 star! Yay!
2015-08-02 23:33:32 : Checking if the battle has finished
2015-08-02 23:33:33 : detected [G]:  [E]:  [DE]:  |  Exit now 
2015-08-02 23:33:33 : Battle has finished
2015-08-02 23:33:33 : Returning Home
2015-08-02 23:33:38 : Loot: [G]: 1 260 [E]: 1 175 [DE]:  [T]: 11
2015-08-02 23:33:38 : Bonus [G]: 14 000 [E]: 14 000
2015-08-02 23:33:40 : Your league level is: Gold I
2015-08-02 23:33:40 : Stars earned: 1
2015-08-02 23:33:48 : Trying to locate Main Screen
2015-08-02 23:33:48 : Main Screen Located
2015-08-02 23:33:50 : Collecting Resources
2015-08-02 23:33:59 : Village Report
2015-08-02 23:33:59 : No. of Free/Total Builders: 0/4
2015-08-02 23:33:59 :  [T]: 1 761
2015-08-02 23:33:59 :  [G]: 6 001 000 [E]: 5 954 248 [D]: 63 202 [GEM]: 953
2015-08-02 23:34:02 : Checking Army Camp...
2015-08-02 23:34:04 : Total Army Camp capacity: 103/200
2015-08-02 23:34:05 :  - No. of Barbarians: 55
2015-08-02 23:34:05 :  - No. of Archers: 48
2015-08-02 23:34:05 : Training Troops...
2015-08-02 23:34:17 : Requesting Clan Castle Troops
2015-08-02 23:34:23 : Checking Troop Upgrade in Laboratory ...
2015-08-02 23:34:23 : Updating village values [E]: 5950048 [D]: 63202
2015-08-02 23:34:24 : Trouble finding research button, try again...
2015-08-02 23:34:28 : Finished kicking
2015-08-02 23:34:28 : ====== Waiting for full army ======
2015-08-02 23:34:40 : Checking Army Camp...
2015-08-02 23:34:42 : Total Army Camp capacity: 109/200
2015-08-02 23:34:43 :  - No. of Barbarians: 59
2015-08-02 23:34:43 :  - No. of Archers: 50
2015-08-02 23:34:43 : Training Troops...
2015-08-02 23:34:53 : Time Idle: 00:00:24
2015-08-02 23:34:53 : ====== Waiting for full army ======
2015-08-02 23:35:05 : ClashGameBot was Paused!
2015-08-02 23:39:07 : ClashGameBot was Resumed.
2015-08-02 23:39:10 : Checking Army Camp...
2015-08-02 23:39:12 : Total Army Camp capacity: 138/200
2015-08-02 23:39:13 :  - No. of Barbarians: 79
2015-08-02 23:39:13 :  - No. of Archers: 59
2015-08-02 23:39:13 : Training Troops...
2015-08-02 23:39:24 : Time Idle: 00:04:55
2015-08-02 23:39:25 : ====== Waiting for full army ======
2015-08-02 23:39:40 : Checking Army Camp...
2015-08-02 23:39:42 : Total Army Camp capacity: 141/200
2015-08-02 23:39:43 :  - No. of Barbarians: 80
2015-08-02 23:39:43 :  - No. of Archers: 61
2015-08-02 23:39:43 : Training Troops...
2015-08-02 23:39:52 : Time Idle: 00:05:23
2015-08-02 23:39:53 : ====== Waiting for full army ======
2015-08-02 23:40:06 : Checking Army Camp...
2015-08-02 23:40:08 : Total Army Camp capacity: 145/200
2015-08-02 23:40:09 :  - No. of Barbarians: 82
2015-08-02 23:40:09 :  - No. of Archers: 63
2015-08-02 23:40:09 : Training Troops...
2015-08-02 23:40:19 : Time Idle: 00:05:49
2015-08-02 23:40:19 : ====== Waiting for full army ======
2015-08-02 23:40:33 : Checking Army Camp...
2015-08-02 23:40:35 : Total Army Camp capacity: 148/200
2015-08-02 23:40:36 :  - No. of Barbarians: 83
2015-08-02 23:40:36 :  - No. of Archers: 66
2015-08-02 23:40:36 : Training Troops...
2015-08-02 23:40:46 : Time Idle: 00:06:15
2015-08-02 23:40:46 : ====== Waiting for full army ======
2015-08-02 23:40:59 : Checking Army Camp...
2015-08-02 23:41:01 : Total Army Camp capacity: 152/200
2015-08-02 23:41:02 :  - No. of Barbarians: 84
2015-08-02 23:41:02 :  - No. of Archers: 68
2015-08-02 23:41:02 : Training Troops...
2015-08-02 23:41:12 : Time Idle: 00:06:41
2015-08-02 23:41:12 : ====== Waiting for full army ======
2015-08-02 23:41:26 : Checking Army Camp...
2015-08-02 23:41:28 : Total Army Camp capacity: 156/200
2015-08-02 23:41:29 :  - No. of Barbarians: 86
2015-08-02 23:41:29 :  - No. of Archers: 70
2015-08-02 23:41:29 : Training Troops...
2015-08-02 23:41:37 : Time Idle: 00:07:06
2015-08-02 23:41:37 : ====== Waiting for full army ======
2015-08-02 23:41:49 : Checking Army Camp...
2015-08-02 23:41:51 : Total Army Camp capacity: 159/200
2015-08-02 23:41:52 :  - No. of Barbarians: 87
2015-08-02 23:41:52 :  - No. of Archers: 72
2015-08-02 23:41:52 : Training Troops...
2015-08-02 23:42:02 : Time Idle: 00:07:31
2015-08-02 23:42:02 : ====== Waiting for full army ======
2015-08-02 23:42:14 : Checking Army Camp...
2015-08-02 23:42:16 : Total Army Camp capacity: 162/200
2015-08-02 23:42:17 :  - No. of Barbarians: 88
2015-08-02 23:42:17 :  - No. of Archers: 74
2015-08-02 23:42:17 : Training Troops...
2015-08-02 23:42:27 : Time Idle: 00:07:55
2015-08-02 23:42:27 : ====== Waiting for full army ======
2015-08-02 23:42:39 : Checking Army Camp...
2015-08-02 23:42:41 : Total Army Camp capacity: 165/200
2015-08-02 23:42:42 :  - No. of Barbarians: 89
2015-08-02 23:42:42 :  - No. of Archers: 76
2015-08-02 23:42:42 : Training Troops...
2015-08-02 23:42:52 : Time Idle: 00:08:20
2015-08-02 23:42:52 : ====== Waiting for full army ======
2015-08-02 23:43:04 : Collecting Resources
2015-08-02 23:43:11 : Checking Army Camp...
2015-08-02 23:43:12 : Total Army Camp capacity: 169/200
2015-08-02 23:43:13 :  - No. of Barbarians: 91
2015-08-02 23:43:14 :  - No. of Archers: 78
2015-08-02 23:43:14 : Training Troops...
2015-08-02 23:43:23 : Time Idle: 00:08:51
2015-08-02 23:43:23 : ====== Waiting for full army ======
2015-08-02 23:43:35 : Checking Army Camp...
2015-08-02 23:43:37 : Total Army Camp capacity: 172/200
2015-08-02 23:43:38 :  - No. of Barbarians: 92
2015-08-02 23:43:38 :  - No. of Archers: 80
2015-08-02 23:43:38 : Training Troops...
2015-08-02 23:43:48 : Time Idle: 00:09:15
2015-08-02 23:43:48 : ====== Waiting for full army ======
2015-08-02 23:44:00 : Checking Army Camp...
2015-08-02 23:44:02 : Total Army Camp capacity: 175/200
2015-08-02 23:44:03 :  - No. of Barbarians: 93
2015-08-02 23:44:03 :  - No. of Archers: 82
2015-08-02 23:44:03 : Training Troops...
2015-08-02 23:44:13 : Time Idle: 00:09:41
2015-08-02 23:44:13 : ====== Waiting for full army ======
2015-08-02 23:44:15 : Chat Request: J ai besoin de troupes de renfort
2015-08-02 23:44:15 : Archers Keyword found: troupes
2015-08-02 23:44:15 : Donating Archers
2015-08-02 23:44:29 : Checking Army Camp...
2015-08-02 23:44:31 : Total Army Camp capacity: 173/200
2015-08-02 23:44:31 :  - No. of Barbarians: 95
2015-08-02 23:44:32 :  - No. of Archers: 78
2015-08-02 23:44:32 : Training Troops...
2015-08-02 23:44:42 : Time Idle: 00:10:09
2015-08-02 23:44:42 : ====== Waiting for full army ======
2015-08-02 23:44:54 : Checking Army Camp...
2015-08-02 23:44:56 : Total Army Camp capacity: 176/200
2015-08-02 23:44:57 :  - No. of Barbarians: 96
2015-08-02 23:44:57 :  - No. of Archers: 80
2015-08-02 23:44:57 : Training Troops...
2015-08-02 23:45:07 : Time Idle: 00:10:34
2015-08-02 23:45:07 : ====== Waiting for full army ======
2015-08-02 23:45:19 : Checking Army Camp...
2015-08-02 23:45:21 : Total Army Camp capacity: 179/200
2015-08-02 23:45:22 :  - No. of Barbarians: 97
2015-08-02 23:45:22 :  - No. of Archers: 82
2015-08-02 23:45:22 : Training Troops...
2015-08-02 23:45:32 : Time Idle: 00:10:59
2015-08-02 23:45:32 : ====== Waiting for full army ======
2015-08-02 23:45:44 : Checking Army Camp...
2015-08-02 23:45:46 : Total Army Camp capacity: 183/200
2015-08-02 23:45:47 :  - No. of Barbarians: 99
2015-08-02 23:45:47 :  - No. of Archers: 84
2015-08-02 23:45:47 : Training Troops...
2015-08-02 23:45:48 : Your Army Camps are now Full
2015-08-02 23:45:57 : Going to Attack...
2015-08-02 23:46:03 : ============== Searching For Dead Base ===============
2015-08-02 23:46:03 : ~~~~~~~~~~~~~~~ SEARCH CONDITIONS ~~~~~~~~~~~~~~~~
2015-08-02 23:46:03 : Meet: Gold and Elixir, TH Outside
2015-08-02 23:46:03 : ~~~~~~~~~~~~~~ RESOURCE CONDITIONS ~~~~~~~~~~~~~~~
2015-08-02 23:46:03 : Aim: [G]:      1 [E]:      1 [D]:    0 [T]: 0, Out, Out, Out, Out, Out, Out, Out, Out, Out, Out, Out, Out, Out, Out, Out, Out, Out, Out, Out, Out, Out, Out, Out, Out, Out for: Dead Base
2015-08-02 23:46:03 : ~~~~~~~~~~~~~~~ ADVANCED SETTINGS ~~~~~~~~~~~~~~~~
2015-08-02 23:46:03 : THSnipe Combo, 1 Tile(s), 
2015-08-02 23:46:03 : ==================================================
2015-08-02 23:46:04 :   1> [G]:  42335 [E]: 328274 [D]:  924 [T]:27 [TH]: 8, In
2015-08-02 23:46:07 :   2> [G]: 141692 [E]:  88551 [D]:  530 [T]:24 [TH]: 7, In
2015-08-02 23:46:10 :   3> [G]: 141692 [E]:  88551 [D]:  530 [T]:24 [TH]: 7, In
2015-08-02 23:46:13 :   4> [G]:  57229 [E]: 108274 [D]:  234 [T]:15 [TH]: 7, In
2015-08-02 23:46:16 :   5> [G]:  81519 [E]:  53810 [D]:   64 [T]:16 [TH]: 7, In
2015-08-02 23:46:19 :   6> [G]: 149640 [E]: 102528 [D]:  450 [T]:20 [TH]: 9, In
2015-08-02 23:46:22 :   7> [G]: 149640 [E]: 102528 [D]:  450 [T]:20 [TH]: 9, In
2015-08-02 23:46:25 :   8> [G]: 109832 [E]:  36088 [D]:  449 [T]:14 [TH]: 7, In
2015-08-02 23:46:32 :   9> [G]: 148138 [E]: 283190 [D]:  146 [T]:21 [TH]: 8, In
2015-08-02 23:46:34 :  10> [G]: 148138 [E]: 283190 [D]:  146 [T]:21 [TH]: 8, In
2015-08-02 23:46:37 :  11> [G]: 144685 [E]: 164154 [D]: 1563 [T]:16 [TH]: 9, In
2015-08-02 23:46:40 :  12> [G]:  32985 [E]:  64171 [D]:   90 [T]:26 [TH]: 7, In
2015-08-02 23:46:47 :  13> [G]:  59934 [E]: 174427 [D]:  207 [T]:14 [TH]: 7, In
2015-08-02 23:46:49 :  14> [G]:  59934 [E]: 174427 [D]:  207 [T]:14 [TH]: 7, In
2015-08-02 23:46:52 :  15> [G]: 106274 [E]:   9907 [D]:  548 [T]:17 [TH]: 9, In
2015-08-02 23:46:56 :  16> [G]:  88122 [E]:  52439 [D]:  333 [T]:24 [TH]: 8, In
2015-08-02 23:46:59 :  17> [G]:  73433 [E]: 241303 [D]:  607 [T]:20 [TH]: 7, In
2015-08-02 23:47:02 :  18> [G]: 203730 [E]: 247148 [D]:  441 [T]:29 [TH]: 8, In
2015-08-02 23:47:06 :  19> [G]: 149528 [E]: 149600 [D]:  587 [T]:18 [TH]: 8, In
2015-08-02 23:47:09 :  20> [G]:  48851 [E]:  43394 [D]:  341 [T]:25 [TH]: 7, In
2015-08-02 23:47:15 :  21> [G]:  99264 [E]: 108067 [D]: 1961 [T]:22 [TH]: 8, In
2015-08-02 23:47:19 :  22> [G]:  48756 [E]:  23500 [D]:  411 [T]:31 [TH]: 9, In
2015-08-02 23:47:22 :  23> [G]: 143394 [E]: 251183 [D]:  360 [T]:32 [TH]: 8, In
2015-08-02 23:47:25 :  24> [G]:  90000 [E]:  80000 [D]:  248 [T]:23 [TH]: 8, In
2015-08-02 23:47:27 :  25> [G]:  90000 [E]:  80000 [D]:  248 [T]:23 [TH]: 8, In
2015-08-02 23:47:30 :  26> [G]:  42163 [E]:  51289 [D]:   98 [T]:24 [TH]: 7, In
2015-08-02 23:47:37 :  27> [G]:  92993 [E]: 122138 [D]:  107 [T]:15 [TH]: 7, In
2015-08-02 23:47:39 :  28> [G]:  92993 [E]: 122138 [D]:  107 [T]:15 [TH]: 7, In
2015-08-02 23:47:42 :  29> [G]:  78597 [E]:  47597 [D]: 1122 [T]:17 [TH]: 8, In
2015-08-02 23:47:45 :  30> [G]: 151808 [E]: 168518 [D]:  450 [T]:26 [TH]: 8, In
2015-08-02 23:47:51 :  31> [G]:  58051 [E]: 100271 [D]: 1283 [T]:15 [TH]: 8, In
2015-08-02 23:47:53 :  32> [G]:  58051 [E]: 100271 [D]: 1283 [T]:15 [TH]: 8, In
2015-08-02 23:47:57 :  33> [G]:  39843 [E]:  54910 [D]:   20 [T]:16 [TH]: 7, In
2015-08-02 23:48:00 :  34> [G]: 105752 [E]: 149118 [D]:  350 [T]:21 [TH]: 8, In
2015-08-02 23:48:03 :  35> [G]:  92098 [E]:  78536 [D]:  283 [T]:17 [TH]: 8, In
2015-08-02 23:48:05 :  36> [G]:  92098 [E]:  78536 [D]:  283 [T]:17 [TH]: 8, In
2015-08-02 23:48:09 :  37> [G]:  58084 [E]: 180125 [D]:  639 [T]:14 [TH]: 9, In
2015-08-02 23:48:12 :  38> [G]:  42844 [E]:  88405 [D]:  607 [T]:14 [TH]: 7, In
2015-08-02 23:48:18 :  39> [G]:  59658 [E]:  80675 [D]:  578 [T]:29 [TH]: 7, In
2015-08-02 23:48:20 :  40> [G]:  59658 [E]:  80675 [D]:  578 [T]:29 [TH]: 7, In
2015-08-02 23:48:23 :  41> [G]: 222629 [E]: 146018 [D]:  481 [T]:18 [TH]: 7, In
2015-08-02 23:48:29 :  42> [G]:  64778 [E]:  99835 [D]:  231 [T]:28 [TH]: 7, In
2015-08-02 23:48:31 :  43> [G]:  64778 [E]:  99835 [D]:  231 [T]:28 [TH]: 7, In
2015-08-02 23:48:34 :  44> [G]: 220769 [E]: 217272 [D]:  232 [T]:18 [TH]: 7, In
2015-08-02 23:48:41 :  45> [G]: 155995 [E]: 110278 [D]:  362 [T]:14 [TH]: 8, In
2015-08-02 23:48:43 :  46> [G]: 155995 [E]: 110278 [D]:  362 [T]:14 [TH]: 8, In
2015-08-02 23:48:46 :  47> [G]:  61649 [E]:  57338 [D]:  107 [T]:27 [TH]: 7, In
2015-08-02 23:48:49 :  48> [G]:  81537 [E]:  93671 [D]: 1428 [T]:14 [TH]: 8, In
2015-08-02 23:48:53 :  49> [G]: 139027 [E]: 187471 [D]:  803 [T]:24 [TH]: 8, In
2015-08-02 23:48:59 :  50> [G]:  54000 [E]:  54000 [D]:  169 [T]:27 [TH]: -, -
2015-08-02 23:49:02 :  51> [G]: 241845 [E]: 173074 [D]:  505 [T]:22 [TH]: 8, In
2015-08-02 23:49:05 :  52> [G]:  28427 [E]:  84656 [D]:  221 [T]:14 [TH]: 8, In
2015-08-02 23:49:07 :  53> [G]:  28427 [E]:  84656 [D]:  221 [T]:14 [TH]: 8, In
2015-08-02 23:49:11 :  54> [G]: 427909 [E]: 380388 [D]: 1973 [T]:18 [TH]: 9, Out
2015-08-02 23:49:11 : Defense found, but not near TH.
2015-08-02 23:49:12 : ~~~~~~~~~~~~~~~ TH Outside Found! ~~~~~~~~~~~~~~~~
2015-08-02 23:49:12 : ================ Search Complete =================
2015-08-02 23:49:12 : Initiating attack for: TH Snipe
2015-08-02 23:49:15 : -Barbarians 99
2015-08-02 23:49:15 : -Archers 85
2015-08-02 23:49:15 : -Clan Castle 
2015-08-02 23:49:15 : -Lightning Spells 2
2015-08-02 23:49:15 : -Poison Spells 1
2015-08-02 23:49:15 :  ====== Start Attack ====== 
2015-08-02 23:49:17 : 
2015-08-02 23:49:17 : Sniping TH with SmartBarch
2015-08-02 23:49:17 : Attacking TH with 1st wave of BARCH
2015-08-02 23:49:17 : Dropping first wave of 4 Barbarians
2015-08-02 23:49:18 : Zooming in...
2015-08-02 23:49:21 : Done zooming.
2015-08-02 23:49:21 : Scrolling to bottom...
2015-08-02 23:49:26 : Deployment of Barbarians Successful!
2015-08-02 23:49:28 : Dropping first wave of 8 Archers
2015-08-02 23:49:30 : Deployment of Archers Successful!
2015-08-02 23:49:59 : Easy 1 star! Yay!
2015-08-02 23:50:01 : Zooming Out
2015-08-02 23:50:10 : Checking if the battle has finished
2015-08-02 23:50:12 : detected [G]:  [E]:  [DE]:  |  Exit now 
2015-08-02 23:50:12 : Battle has finished
2015-08-02 23:50:12 : Returning Home
2015-08-02 23:50:16 : Loot: [G]: 1 000 [E]: 1 000 [DE]:  [T]: 6
2015-08-02 23:50:16 : Bonus [G]: 14 000 [E]: 14 000
2015-08-02 23:50:18 : Your league level is: Gold I
2015-08-02 23:50:18 : Stars earned: 1
2015-08-02 23:50:26 : Trying to locate Main Screen
2015-08-02 23:50:27 : Main Screen Located
2015-08-02 23:50:28 : Collecting Resources
2015-08-02 23:50:37 : Village Report
2015-08-02 23:50:37 : No. of Free/Total Builders: 0/4
2015-08-02 23:50:37 :  [T]: 1 767
2015-08-02 23:50:37 :  [G]: 6 001 000 [E]: 5 951 031 [D]: 63 248 [GEM]: 953
2015-08-02 23:50:40 : Chat Request: soso cochon geants ou archers,
2015-08-02 23:50:40 : Archers Keyword found: archers
2015-08-02 23:50:43 : No Archers available to donate..
2015-08-02 23:50:45 : Checking Army Camp...
2015-08-02 23:50:47 : Total Army Camp capacity: 200/200
2015-08-02 23:50:48 :  - No. of Barbarians: 106
2015-08-02 23:50:48 :  - No. of Archers: 94
2015-08-02 23:50:48 : Training Troops...
2015-08-02 23:50:49 : Your Army Camps are now Full
2015-08-02 23:51:01 : Requesting Clan Castle Troops
2015-08-02 23:51:01 : Your Clan Castle is already full or you are not in a clan.
2015-08-02 23:51:02 : Checking Troop Upgrade in Laboratory ...
2015-08-02 23:51:02 : Updating village values [E]: 5944281 [D]: 63248
2015-08-02 23:51:04 : Trouble finding research button, try again...
2015-08-02 23:51:07 : Finished kicking
2015-08-02 23:51:08 : Going to Attack...
2015-08-02 23:51:14 : ============== Searching For Dead Base ===============
2015-08-02 23:51:14 : ~~~~~~~~~~~~~~~ SEARCH CONDITIONS ~~~~~~~~~~~~~~~~
2015-08-02 23:51:14 : Meet: Gold and Elixir, TH Outside
2015-08-02 23:51:14 : ~~~~~~~~~~~~~~ RESOURCE CONDITIONS ~~~~~~~~~~~~~~~
2015-08-02 23:51:14 : Aim: [G]:      1 [E]:      1 [D]:    0 [T]: 0, Out, Out, Out, Out, Out, Out, Out, Out, Out, Out, Out, Out, Out, Out, Out, Out, Out, Out, Out, Out, Out, Out, Out, Out, Out, Out for: Dead Base
2015-08-02 23:51:14 : ~~~~~~~~~~~~~~~ ADVANCED SETTINGS ~~~~~~~~~~~~~~~~
2015-08-02 23:51:14 : THSnipe Combo, 1 Tile(s), 
2015-08-02 23:51:14 : ==================================================
2015-08-02 23:51:15 :   1> [G]:  43685 [E]:  22150 [D]:  193 [T]:17 [TH]: 7, In
2015-08-02 23:51:18 :   2> [G]:  42481 [E]:  35596 [D]: 1044 [T]:28 [TH]: 8, In
2015-08-02 23:51:20 :   3> [G]: 220447 [E]: 157623 [D]:  455 [T]:14 [TH]: 7, In
2015-08-02 23:51:27 :   4> [G]: 135602 [E]: 187130 [D]:  841 [T]:18 [TH]: 9, In
2015-08-02 23:51:31 :   5> [G]:  35129 [E]: 293131 [D]: 2850 [T]:26 [TH]: 9, Out
2015-08-02 23:51:31 : Defense found, but not near TH.
2015-08-02 23:51:31 : ~~~~~~~~~~~~~~~ TH Outside Found! ~~~~~~~~~~~~~~~~
2015-08-02 23:51:31 : ================ Search Complete =================
2015-08-02 23:51:32 : Initiating attack for: TH Snipe
2015-08-02 23:51:34 : -Barbarians 106
2015-08-02 23:51:34 : -Archers 94
2015-08-02 23:51:34 : -Clan Castle 
2015-08-02 23:51:34 : -Lightning Spells 3
2015-08-02 23:51:34 : -Poison Spells 1
2015-08-02 23:51:34 :  ====== Start Attack ====== 
2015-08-02 23:51:36 : 
2015-08-02 23:51:36 : Sniping TH with SmartBarch
2015-08-02 23:51:36 : Attacking TH with 1st wave of BARCH
2015-08-02 23:51:36 : Dropping first wave of 4 Barbarians
2015-08-02 23:51:37 : Zooming in...
2015-08-02 23:51:40 : Done zooming.
2015-08-02 23:51:40 : Scrolling to bottom...
2015-08-02 23:51:45 : Deployment of Barbarians Successful!
2015-08-02 23:51:47 : Dropping first wave of 8 Archers
2015-08-02 23:51:49 : Deployment of Archers Successful!
2015-08-02 23:52:18 : Easy 1 star! Yay!
2015-08-02 23:52:20 : Zooming Out
2015-08-02 23:52:29 : Checking if the battle has finished
2015-08-02 23:52:30 : detected [G]:  [E]:  [DE]:  |  Exit now 
2015-08-02 23:52:31 : Battle has finished
2015-08-02 23:52:31 : Returning Home
2015-08-02 23:52:35 : Loot: [G]: 1 000 [E]: 6 268 [DE]:  [T]: 8
2015-08-02 23:52:35 : Bonus [G]: 14 000 [E]: 14 000
2015-08-02 23:52:37 : Your league level is: Gold I
2015-08-02 23:52:37 : Stars earned: 1
2015-08-02 23:52:45 : Trying to locate Main Screen
2015-08-02 23:52:45 : Main Screen Located
2015-08-02 23:52:46 : Collecting Resources
2015-08-02 23:52:55 : Village Report
2015-08-02 23:52:55 : No. of Free/Total Builders: 0/4
2015-08-02 23:52:55 :  [T]: 1 775
2015-08-02 23:52:55 :  [G]: 6 001 000 [E]: 5 964 549 [D]: 63 254 [GEM]: 953
2015-08-02 23:52:59 : Chat Request: soso cochon geants ou archers,
2015-08-02 23:52:59 : Archers Keyword found: archers
2015-08-02 23:52:59 : Donating Archers
2015-08-02 23:53:02 : Checking Army Camp...
2015-08-02 23:53:04 : Total Army Camp capacity: 199/200
2015-08-02 23:53:05 :  - No. of Barbarians: 107
2015-08-02 23:53:05 :  - No. of Archers: 92
2015-08-02 23:53:05 : Training Troops...
2015-08-02 23:53:06 : Your Army Camps are now Full
2015-08-02 23:53:17 : Requesting Clan Castle Troops
2015-08-02 23:53:17 : Your Clan Castle is already full or you are not in a clan.
2015-08-02 23:53:18 : Checking Troop Upgrade in Laboratory ...
2015-08-02 23:53:19 : Updating village values [E]: 5961219 [D]: 63254
2015-08-02 23:53:20 : Trouble finding research button, try again...
2015-08-02 23:53:24 : Finished kicking
2015-08-02 23:53:24 : Going to Attack...
2015-08-02 23:53:30 : ============== Searching For Dead Base ===============
2015-08-02 23:53:30 : ~~~~~~~~~~~~~~~ SEARCH CONDITIONS ~~~~~~~~~~~~~~~~
2015-08-02 23:53:30 : Meet: Gold and Elixir, TH Outside
2015-08-02 23:53:30 : ~~~~~~~~~~~~~~ RESOURCE CONDITIONS ~~~~~~~~~~~~~~~
2015-08-02 23:53:30 : Aim: [G]:      1 [E]:      1 [D]:    0 [T]: 0, Out, Out, Out, Out, Out, Out, Out, Out, Out, Out, Out, Out, Out, Out, Out, Out, Out, Out, Out, Out, Out, Out, Out, Out, Out, Out, Out for: Dead Base
2015-08-02 23:53:30 : ~~~~~~~~~~~~~~~ ADVANCED SETTINGS ~~~~~~~~~~~~~~~~
2015-08-02 23:53:30 : THSnipe Combo, 1 Tile(s), 
2015-08-02 23:53:30 : ==================================================
2015-08-02 23:53:33 :   1> [G]: 185076 [E]: 187051 [D]:  316 [T]:18 [TH]: 8, In
2015-08-02 23:53:36 :   2> [G]:  53997 [E]: 128660 [D]: 1028 [T]:22 [TH]: 8, In
2015-08-02 23:53:40 :   3> [G]: 237784 [E]: 299392 [D]: 3146 [T]:15 [TH]: 9, Out
2015-08-02 23:53:40 : Defense found, but not near TH.
2015-08-02 23:53:40 : ~~~~~~~~~~~~~~~ TH Outside Found! ~~~~~~~~~~~~~~~~
2015-08-02 23:53:41 : ================ Search Complete =================
2015-08-02 23:53:41 : Initiating attack for: TH Snipe
2015-08-02 23:53:43 : -Barbarians 108
2015-08-02 23:53:43 : -Archers 92
2015-08-02 23:53:43 : -Clan Castle 
2015-08-02 23:53:43 : -Lightning Spells 3
2015-08-02 23:53:43 : -Poison Spells 1
2015-08-02 23:53:43 :  ====== Start Attack ====== 
2015-08-02 23:53:45 : 
2015-08-02 23:53:45 : Sniping TH with SmartBarch
2015-08-02 23:53:45 : Attacking TH with 1st wave of BARCH
2015-08-02 23:53:45 : Dropping first wave of 4 Barbarians
2015-08-02 23:53:47 : Deployment of Barbarians Successful!
2015-08-02 23:53:49 : Dropping first wave of 8 Archers
2015-08-02 23:53:51 : Deployment of Archers Successful!
2015-08-02 23:54:20 : Easy 1 star! Yay!
2015-08-02 23:54:24 : Checking if the battle has finished
2015-08-02 23:54:25 : detected [G]:  [E]:  [DE]:  |  Exit now 
2015-08-02 23:54:25 : Battle has finished
2015-08-02 23:54:25 : Returning Home
2015-08-02 23:54:30 : Loot: [G]: 9 068 [E]: 7 519 [DE]:  [T]: 5
2015-08-02 23:54:30 : Bonus [G]: 14 000 [E]: 14 000
2015-08-02 23:54:32 : Your league level is: Gold I
2015-08-02 23:54:32 : Stars earned: 1
2015-08-02 23:54:40 : Trying to locate Main Screen
2015-08-02 23:54:40 : Main Screen Located
2015-08-02 23:54:42 : Collecting Resources
2015-08-02 23:54:51 : Village Report
2015-08-02 23:54:51 : No. of Free/Total Builders: 0/4
2015-08-02 23:54:51 :  [T]: 1 780
2015-08-02 23:54:51 :  [G]: 6 001 000 [E]: 5 984 398 [D]: 63 258 [GEM]: 953
2015-08-02 23:54:54 : Checking Army Camp...
2015-08-02 23:54:56 : Total Army Camp capacity: 200/200
2015-08-02 23:54:57 :  - No. of Barbarians: 108
2015-08-02 23:54:57 :  - No. of Archers: 92
2015-08-02 23:54:58 : Training Troops...
2015-08-02 23:54:58 : Your Army Camps are now Full
2015-08-02 23:55:09 : Requesting Clan Castle Troops
2015-08-02 23:55:10 : Your Clan Castle is already full or you are not in a clan.
2015-08-02 23:55:11 : Checking Troop Upgrade in Laboratory ...
2015-08-02 23:55:11 : Updating village values [E]: 5981248 [D]: 63258
2015-08-02 23:55:12 : Trouble finding research button, try again...
2015-08-02 23:55:16 : Finished kicking
2015-08-02 23:55:16 : Going to Attack...
2015-08-02 23:55:22 : ============== Searching For Dead Base ===============
2015-08-02 23:55:22 : ~~~~~~~~~~~~~~~ SEARCH CONDITIONS ~~~~~~~~~~~~~~~~
2015-08-02 23:55:22 : Meet: Gold and Elixir, TH Outside
2015-08-02 23:55:22 : ~~~~~~~~~~~~~~ RESOURCE CONDITIONS ~~~~~~~~~~~~~~~
2015-08-02 23:55:22 : Aim: [G]:      1 [E]:      1 [D]:    0 [T]: 0, Out, Out, Out, Out, Out, Out, Out, Out, Out, Out, Out, Out, Out, Out, Out, Out, Out, Out, Out, Out, Out, Out, Out, Out, Out, Out, Out, Out for: Dead Base
2015-08-02 23:55:22 : ~~~~~~~~~~~~~~~ ADVANCED SETTINGS ~~~~~~~~~~~~~~~~
2015-08-02 23:55:22 : THSnipe Combo, 1 Tile(s), 
2015-08-02 23:55:22 : ==================================================
2015-08-02 23:55:23 :   1> [G]:  99164 [E]:  19259 [D]:  376 [T]:22 [TH]: 8, In
2015-08-02 23:55:27 :   2> [G]:  87865 [E]: 191354 [D]:  411 [T]:13 [TH]: 8, In
2015-08-02 23:55:30 :   3> [G]:  73074 [E]: 205710 [D]: 1107 [T]:16 [TH]: 7, In
2015-08-02 23:55:37 :   4> [G]: 105310 [E]: 345393 [D]: 1456 [T]:17 [TH]: 8, In
2015-08-02 23:55:39 :   5> [G]: 109198 [E]:  39338 [D]:  324 [T]:33 [TH]: 7, In
2015-08-02 23:55:47 :   6> [G]:  28195 [E]:  72777 [D]:  200 [T]:15 [TH]: 7, In
2015-08-02 23:55:50 :   7> [G]:  57629 [E]:  47882 [D]:  324 [T]:15 [TH]: 7, In
2015-08-02 23:55:57 :   8> [G]:  61520 [E]: 205853 [D]: 2109 [T]:31 [TH]:10, In
2015-08-02 23:56:02 :   9> [G]:  53799 [E]:  77451 [D]:  987 [T]:22 [TH]: 9, Out
2015-08-02 23:56:02 : No major traps found near TH.
2015-08-02 23:56:03 : ~~~~~~~~~~~~~~~ TH Outside Found! ~~~~~~~~~~~~~~~~
2015-08-02 23:56:03 : ================ Search Complete =================
2015-08-02 23:56:04 : Initiating attack for: TH Snipe
2015-08-02 23:56:06 : -Barbarians 108
2015-08-02 23:56:06 : -Archers 92
2015-08-02 23:56:06 : -Clan Castle 
2015-08-02 23:56:06 : -Lightning Spells 3
2015-08-02 23:56:06 : -Poison Spells 1
2015-08-02 23:56:06 :  ====== Start Attack ====== 
2015-08-02 23:56:08 : 
2015-08-02 23:56:08 : Sniping TH with SmartBarch
2015-08-02 23:56:08 : Attacking TH with 1st wave of BARCH
2015-08-02 23:56:08 : Dropping first wave of 4 Barbarians
2015-08-02 23:56:10 : Deployment of Barbarians Successful!
2015-08-02 23:56:12 : Dropping first wave of 8 Archers
2015-08-02 23:56:14 : Deployment of Archers Successful!
2015-08-02 23:56:42 : Attacking TH with 2nd wave of BARCH
2015-08-02 23:56:42 : Dropping second wave of 8 Barbarians
2015-08-02 23:56:44 : Deployment of Barbarians Successful!
2015-08-02 23:56:45 : Dropping second wave of 10 Archers
2015-08-02 23:56:47 : Deployment of Archers Successful!
2015-08-02 23:56:49 : Dropping second wave of 8 Barbarians
2015-08-02 23:56:51 : Deployment of Barbarians Successful!
2015-08-02 23:56:52 : Dropping second wave of 12 Archers
2015-08-02 23:56:54 : Deployment of Archers Successful!
2015-08-02 23:57:17 : Oh Shit! Seems like a trapped TH!
2015-08-02 23:57:17 : Dropping third wave of 9 Barbarians
2015-08-02 23:57:19 : Deployment of Barbarians Successful!
2015-08-02 23:57:19 : No  troop Found!!!
2015-08-02 23:57:19 : Dropping third wave of 15 Archers
2015-08-02 23:57:22 : Deployment of Archers Successful!
2015-08-02 23:57:23 : Dropping third wave of 9 Barbarians
2015-08-02 23:57:25 : Deployment of Barbarians Successful!
2015-08-02 23:57:25 : Dropping third wave of 18 Archers
2015-08-02 23:57:28 : Deployment of Archers Successful!
2015-08-02 23:57:29 : Phew, got that 1 star!
2015-08-02 23:57:33 : Checking if the battle has finished
2015-08-02 23:57:35 : detected [G]:  [E]:  [DE]:  |  Exit now 
2015-08-02 23:57:35 : Battle has finished
2015-08-02 23:57:35 : Returning Home
2015-08-02 23:57:39 : Loot: [G]: 1 000 [E]: 8 992 [DE]:  [T]: 7
2015-08-02 23:57:40 : Bonus [G]: 14 000 [E]: 14 000
2015-08-02 23:57:42 : Your league level is: Gold I
2015-08-02 23:57:42 : Stars earned: 1
2015-08-02 23:57:50 : Trying to locate Main Screen
2015-08-02 23:57:50 : Main Screen Located
2015-08-02 23:57:51 : Collecting Resources
2015-08-02 23:58:00 : Village Report
2015-08-02 23:58:00 : No. of Free/Total Builders: 0/4
2015-08-02 23:58:00 :  [T]: 1 787
2015-08-02 23:58:00 :  [G]: 6 001 000 [E]: 6 001 000 [D]: 63 266 [GEM]: 953
2015-08-02 23:58:04 : Checking Army Camp...
2015-08-02 23:58:06 : Total Army Camp capacity: 122/200
2015-08-02 23:58:07 :  - No. of Barbarians: 79
2015-08-02 23:58:07 :  - No. of Archers: 43
2015-08-02 23:58:07 : Training Troops...
2015-08-02 23:58:19 : Requesting Clan Castle Troops
2015-08-02 23:58:19 : Your Clan Castle is already full or you are not in a clan.
2015-08-02 23:58:21 : Checking Troop Upgrade in Laboratory ...
2015-08-02 23:58:21 : Updating village values [E]: 5995450 [D]: 63266
2015-08-02 23:58:22 : Trouble finding research button, try again...
2015-08-02 23:58:24 : ClashGameBot was Paused!
2015-08-03 00:00:44 : ClashGameBot was Resumed.
2015-08-03 00:00:44 : Finished kicking
2015-08-03 00:00:45 : ====== Waiting for full army ======
2015-08-03 00:00:59 : Checking Army Camp...
2015-08-03 00:01:01 : Total Army Camp capacity: 144/200
2015-08-03 00:01:02 :  - No. of Barbarians: 88
2015-08-03 00:01:02 :  - No. of Archers: 57
2015-08-03 00:01:02 : Training Troops...
2015-08-03 00:01:12 : Time Idle: 00:00:27
2015-08-03 00:01:13 : ====== Waiting for full army ======
2015-08-03 00:01:28 : Checking Army Camp...
2015-08-03 00:01:30 : Total Army Camp capacity: 148/200
2015-08-03 00:01:31 :  - No. of Barbarians: 89
2015-08-03 00:01:31 :  - No. of Archers: 59
2015-08-03 00:01:31 : Training Troops...
2015-08-03 00:01:41 : Time Idle: 00:00:55
2015-08-03 00:01:41 : ====== Waiting for full army ======
2015-08-03 00:01:55 : Checking Army Camp...
2015-08-03 00:01:57 : Total Army Camp capacity: 151/200
2015-08-03 00:01:58 :  - No. of Barbarians: 90
2015-08-03 00:01:58 :  - No. of Archers: 61
2015-08-03 00:01:58 : Training Troops...
2015-08-03 00:02:08 : Time Idle: 00:01:22
2015-08-03 00:02:08 : ====== Waiting for full army ======
2015-08-03 00:02:19 : Chat Request: archers sorciers merci
2015-08-03 00:02:19 : Archers Keyword found: archers
2015-08-03 00:02:22 : No Archers available to donate..
2015-08-03 00:02:24 : Chat Request: archers sorciers merci
2015-08-03 00:02:24 : Archers Keyword found: archers
2015-08-03 00:02:27 : No Archers available to donate..
2015-08-03 00:02:29 : Chat Request: archers sorciers merci
2015-08-03 00:02:29 : Archers Keyword found: archers
2015-08-03 00:02:29 : Donating Archers
2015-08-03 00:02:35 : Checking Army Camp...
2015-08-03 00:02:37 : Total Army Camp capacity: 151/200
2015-08-03 00:02:38 :  - No. of Barbarians: 92
2015-08-03 00:02:38 :  - No. of Archers: 59
2015-08-03 00:02:38 : Training Troops...
2015-08-03 00:02:47 : Time Idle: 00:02:01
2015-08-03 00:02:48 : ====== Waiting for full army ======
2015-08-03 00:03:00 : Collecting Resources
2015-08-03 00:03:06 : Checking Army Camp...
2015-08-03 00:03:08 : Total Army Camp capacity: 155/200
2015-08-03 00:03:09 :  - No. of Barbarians: 94
2015-08-03 00:03:09 :  - No. of Archers: 61
2015-08-03 00:03:09 : Training Troops...
2015-08-03 00:03:19 : Time Idle: 00:02:32
2015-08-03 00:03:19 : ====== Waiting for full army ======
2015-08-03 00:03:34 : Checking Army Camp...
2015-08-03 00:03:36 : Total Army Camp capacity: 158/200
2015-08-03 00:03:37 :  - No. of Barbarians: 95
2015-08-03 00:03:37 :  - No. of Archers: 63
2015-08-03 00:03:37 : Training Troops...
2015-08-03 00:03:47 : Time Idle: 00:03:00
2015-08-03 00:03:47 : ====== Waiting for full army ======
2015-08-03 00:04:01 : Checking Army Camp...
2015-08-03 00:04:03 : Total Army Camp capacity: 162/200
2015-08-03 00:04:04 :  - No. of Barbarians: 97
2015-08-03 00:04:04 :  - No. of Archers: 65
2015-08-03 00:04:04 : Training Troops...
2015-08-03 00:04:14 : Time Idle: 00:03:27
2015-08-03 00:04:14 : ====== Waiting for full army ======
2015-08-03 00:04:28 : Checking Army Camp...
2015-08-03 00:04:30 : Total Army Camp capacity: 165/200
2015-08-03 00:04:31 :  - No. of Barbarians: 98
2015-08-03 00:04:31 :  - No. of Archers: 67
2015-08-03 00:04:31 : Training Troops...
2015-08-03 00:04:41 : Time Idle: 00:03:54
2015-08-03 00:04:41 : ====== Waiting for full army ======
2015-08-03 00:04:55 : Checking Army Camp...
2015-08-03 00:04:57 : Total Army Camp capacity: 168/200
2015-08-03 00:04:58 :  - No. of Barbarians: 99
2015-08-03 00:04:58 :  - No. of Archers: 71
2015-08-03 00:04:58 : Training Troops...
2015-08-03 00:05:08 : Time Idle: 00:04:20
2015-08-03 00:05:08 : ====== Waiting for full army ======
2015-08-03 00:05:23 : Checking Army Camp...
2015-08-03 00:05:25 : Total Army Camp capacity: 174/200
2015-08-03 00:05:26 :  - No. of Barbarians: 101
2015-08-03 00:05:26 :  - No. of Archers: 73
2015-08-03 00:05:26 : Training Troops...
2015-08-03 00:05:36 : Time Idle: 00:04:48
2015-08-03 00:05:36 : ====== Waiting for full army ======
2015-08-03 00:05:50 : Checking Army Camp...
2015-08-03 00:05:52 : Total Army Camp capacity: 177/200
2015-08-03 00:05:53 :  - No. of Barbarians: 102
2015-08-03 00:05:53 :  - No. of Archers: 75
2015-08-03 00:05:53 : Training Troops...
2015-08-03 00:06:03 : Time Idle: 00:05:15
2015-08-03 00:06:03 : ====== Waiting for full army ======
2015-08-03 00:06:19 : Checking Army Camp...
2015-08-03 00:06:20 : Total Army Camp capacity: 180/200
2015-08-03 00:06:21 :  - No. of Barbarians: 103
2015-08-03 00:06:22 :  - No. of Archers: 77
2015-08-03 00:06:22 : Training Troops...
2015-08-03 00:06:23 : Your Army Camps are now Full
2015-08-03 00:06:31 : Going to Attack...
2015-08-03 00:06:37 : ============== Searching For Dead Base ===============
2015-08-03 00:06:37 : ~~~~~~~~~~~~~~~ SEARCH CONDITIONS ~~~~~~~~~~~~~~~~
2015-08-03 00:06:37 : Meet: Gold and Elixir, TH Outside
2015-08-03 00:06:37 : ~~~~~~~~~~~~~~ RESOURCE CONDITIONS ~~~~~~~~~~~~~~~
2015-08-03 00:06:37 : Aim: [G]:      1 [E]:      1 [D]:    0 [T]: 0, Out, Out, Out, Out, Out, Out, Out, Out, Out, Out, Out, Out, Out, Out, Out, Out, Out, Out, Out, Out, Out, Out, Out, Out, Out, Out, Out, Out, Out for: Dead Base
2015-08-03 00:06:37 : ~~~~~~~~~~~~~~~ ADVANCED SETTINGS ~~~~~~~~~~~~~~~~
2015-08-03 00:06:37 : THSnipe Combo, 1 Tile(s), 
2015-08-03 00:06:37 : ==================================================
2015-08-03 00:06:39 :   1> [G]:  84498 [E]: 101519 [D]:   94 [T]:20 [TH]: 8, In
2015-08-03 00:06:42 :   2> [G]: 283678 [E]: 130471 [D]:  392 [T]:18 [TH]: 8, In
2015-08-03 00:06:46 :   3> [G]: 357351 [E]: 356508 [D]: 2614 [T]:34 [TH]: 9, Out
2015-08-03 00:06:46 : Defense found, but not near TH.
2015-08-03 00:06:46 : ~~~~~~~~~~~~~~~ TH Outside Found! ~~~~~~~~~~~~~~~~
2015-08-03 00:06:46 : ================ Search Complete =================
2015-08-03 00:06:47 : Initiating attack for: TH Snipe
2015-08-03 00:06:49 : -Barbarians 104
2015-08-03 00:06:49 : -Archers 77
2015-08-03 00:06:49 : -Clan Castle 
2015-08-03 00:06:49 : -King 
2015-08-03 00:06:49 : -Lightning Spells 3
2015-08-03 00:06:49 : -Poison Spells 1
2015-08-03 00:06:49 :  ====== Start Attack ====== 
2015-08-03 00:06:51 : 
2015-08-03 00:06:51 : Sniping TH with SmartBarch
2015-08-03 00:06:51 : Attacking TH with 1st wave of BARCH
2015-08-03 00:06:51 : Dropping first wave of 4 Barbarians
2015-08-03 00:06:52 : Zooming in...
2015-08-03 00:06:55 : Done zooming.
2015-08-03 00:06:55 : Scrolling to bottom...
2015-08-03 00:07:00 : Deployment of Barbarians Successful!
2015-08-03 00:07:03 : Dropping first wave of 8 Archers
2015-08-03 00:07:05 : Deployment of Archers Successful!
2015-08-03 00:07:33 : Easy 1 star! Yay!
2015-08-03 00:07:36 : Zooming Out
2015-08-03 00:07:44 : Checking if the battle has finished
2015-08-03 00:07:46 : detected [G]:  [E]:  [DE]:  |  Exit now 
2015-08-03 00:07:46 : Battle has finished
2015-08-03 00:07:46 : Returning Home
2015-08-03 00:07:50 : Loot: [G]: 1 458 [E]: 1 000 [DE]:  [T]: 11
2015-08-03 00:07:51 : Bonus [G]: 14 000 [E]: 14 000
2015-08-03 00:07:53 : Your league level is: Gold I
2015-08-03 00:07:53 : Stars earned: 1
2015-08-03 00:08:01 : Trying to locate Main Screen
2015-08-03 00:08:01 : Main Screen Located
2015-08-03 00:08:02 : Collecting Resources
2015-08-03 00:08:11 : Village Report
2015-08-03 00:08:11 : No. of Free/Total Builders: 0/4
2015-08-03 00:08:11 :  [T]: 1 798
2015-08-03 00:08:11 :  [G]: 6 001 000 [E]: 5 960 606 [D]: 63 292 [GEM]: 953
2015-08-03 00:08:15 : Checking Army Camp...
2015-08-03 00:08:17 : Total Army Camp capacity: 182/200
2015-08-03 00:08:18 :  - No. of Barbarians: 105
2015-08-03 00:08:18 :  - No. of Archers: 77
2015-08-03 00:08:18 : Training Troops...
2015-08-03 00:08:19 : Your Army Camps are now Full
2015-08-03 00:08:31 : Requesting Clan Castle Troops
2015-08-03 00:08:31 : Your Clan Castle is already full or you are not in a clan.
2015-08-03 00:08:32 : Checking Troop Upgrade in Laboratory ...
2015-08-03 00:08:33 : Updating village values [E]: 5957606 [D]: 63292
2015-08-03 00:08:34 : Trouble finding research button, try again...
2015-08-03 00:08:38 : Finished kicking
2015-08-03 00:08:38 : Going to Attack...
2015-08-03 00:08:44 : ============== Searching For Dead Base ===============
2015-08-03 00:08:44 : ~~~~~~~~~~~~~~~ SEARCH CONDITIONS ~~~~~~~~~~~~~~~~
2015-08-03 00:08:44 : Meet: Gold and Elixir, TH Outside
2015-08-03 00:08:44 : ~~~~~~~~~~~~~~ RESOURCE CONDITIONS ~~~~~~~~~~~~~~~
2015-08-03 00:08:44 : Aim: [G]:      1 [E]:      1 [D]:    0 [T]: 0, Out, Out, Out, Out, Out, Out, Out, Out, Out, Out, Out, Out, Out, Out, Out, Out, Out, Out, Out, Out, Out, Out, Out, Out, Out, Out, Out, Out, Out, Out for: Dead Base
2015-08-03 00:08:44 : ~~~~~~~~~~~~~~~ ADVANCED SETTINGS ~~~~~~~~~~~~~~~~
2015-08-03 00:08:44 : THSnipe Combo, 1 Tile(s), 
2015-08-03 00:08:44 : ==================================================
2015-08-03 00:08:45 :   1> [G]: 289467 [E]: 272912 [D]:  736 [T]:13 [TH]: 8, In
2015-08-03 00:08:48 :   2> [G]:  15138 [E]: 214299 [D]:  755 [T]:31 [TH]: 8, In
2015-08-03 00:08:53 :   3> [G]:  59348 [E]:  86103 [D]:  994 [T]:29 [TH]: 7, In
2015-08-03 00:08:56 :   4> [G]: 106283 [E]:  91219 [D]:  678 [T]:30 [TH]: 7, In
2015-08-03 00:08:59 :   5> [G]: 169207 [E]: 144018 [D]:  317 [T]:20 [TH]: 7, In
2015-08-03 00:09:05 :   6> [G]:  67130 [E]:  70525 [D]:    0 [T]:19 [TH]: 8, In
2015-08-03 00:09:11 :   7> [G]: 156593 [E]: 221909 [D]: 1203 [T]:16 [TH]: -, -
2015-08-03 00:09:16 :   8> [G]: 156593 [E]: 221909 [D]: 1203 [T]:16 [TH]: -, -
2015-08-03 00:09:18 :   9> [G]: 121360 [E]: 111264 [D]:   58 [T]:17 [TH]: 7, In
2015-08-03 00:09:25 :  10> [G]: 215329 [E]: 186288 [D]:  486 [T]:21 [TH]: 8, In
2015-08-03 00:09:28 :  11> [G]: 180569 [E]: 306174 [D]:  266 [T]:13 [TH]: 9, In
2015-08-03 00:09:31 :  12> [G]: 166180 [E]: 128592 [D]:  935 [T]:18 [TH]: 9, In
2015-08-03 00:09:35 :  13> [G]:  74549 [E]: 152857 [D]:  121 [T]:32 [TH]: 8, In
2015-08-03 00:09:38 :  14> [G]: 211761 [E]: 247682 [D]: 1664 [T]:13 [TH]: 8, In
2015-08-03 00:09:40 :  15> [G]:  97686 [E]:  22276 [D]:  273 [T]:27 [TH]: 7, In
2015-08-03 00:09:47 :  16> [G]:  60483 [E]:  57391 [D]:  262 [T]:21 [TH]: 9, In
2015-08-03 00:09:50 :  17> [G]:  75338 [E]: 110562 [D]:  854 [T]:14 [TH]: 8, In
2015-08-03 00:09:54 :  18> [G]:  94723 [E]:  70395 [D]:  584 [T]:29 [TH]:10, In
2015-08-03 00:09:57 :  19> [G]: 106143 [E]: 101845 [D]:  769 [T]:32 [TH]: 8, In
2015-08-03 00:10:03 :  20> [G]: 144834 [E]: 233977 [D]: 1024 [T]:24 [TH]: 8, In
2015-08-03 00:10:06 :  21> [G]:  85308 [E]:  86798 [D]:  375 [T]:22 [TH]: 7, In
2015-08-03 00:10:13 :  22> [G]: 109333 [E]: 124117 [D]:  585 [T]:22 [TH]: 7, In
2015-08-03 00:10:16 :  23> [G]:  73785 [E]: 360912 [D]: 2152 [T]:20 [TH]: 9, Out
2015-08-03 00:10:16 : Inferno Tower found, but not near TH.
2015-08-03 00:10:17 : ~~~~~~~~~~~~~~~ TH Outside Found! ~~~~~~~~~~~~~~~~
2015-08-03 00:10:17 : ================ Search Complete =================
2015-08-03 00:10:17 : Initiating attack for: TH Snipe
2015-08-03 00:10:19 : -Barbarians 106
2015-08-03 00:10:19 : -Archers 79
2015-08-03 00:10:19 : -Clan Castle 
2015-08-03 00:10:19 : -King 
2015-08-03 00:10:19 : -Lightning Spells 3
2015-08-03 00:10:19 : -Poison Spells 1
2015-08-03 00:10:19 :  ====== Start Attack ====== 
2015-08-03 00:10:21 : 
2015-08-03 00:10:21 : Sniping TH with SmartBarch
2015-08-03 00:10:21 : Attacking TH with 1st wave of BARCH
2015-08-03 00:10:22 : Dropping first wave of 4 Barbarians
2015-08-03 00:10:23 : Deployment of Barbarians Successful!
2015-08-03 00:10:25 : Dropping first wave of 8 Archers
2015-08-03 00:10:28 : Deployment of Archers Successful!
2015-08-03 00:10:56 : Easy 1 star! Yay!
2015-08-03 00:11:00 : Checking if the battle has finished
2015-08-03 00:11:02 : detected [G]:  [E]:  [DE]:  |  Exit now 
2015-08-03 00:11:02 : Battle has finished
2015-08-03 00:11:02 : Returning Home
