2015-08-14 11:32:09 : ~~ Clash Game Bot v4.1.1 Powered by GameBot.org ~~
2015-08-14 11:32:09 : GameBot.org.exe Executable running on WIN_7  X64
2015-08-14 11:32:09 : =================== Bot Start ====================
2015-08-14 11:32:09 : -------------------------  Current Profile: 03 --------------------------
2015-08-14 11:32:09 : Trying to locate Main Screen
2015-08-14 11:32:09 : Zooming Out
2015-08-14 11:32:11 : Main Screen Located
2015-08-14 11:32:12 : Detecting your Buildings..
2015-08-14 11:32:13 : Language setting is English: Correct.
2015-08-14 11:32:14 : Trying to locate Main Screen
2015-08-14 11:32:14 : Main Screen Located
2015-08-14 11:32:16 : Village Report
2015-08-14 11:32:16 : No. of Free/Total Builders: 0/5
2015-08-14 11:32:16 :  [T]: 3 153
2015-08-14 11:32:16 :  [G]: 5 967 940 [E]: 5 983 450 [D]: 80 000 [GEM]: 64
2015-08-14 11:32:16 : Collecting Resources
2015-08-14 11:32:25 : Checking if Village needs Rearming..
2015-08-14 11:32:35 : Checking Army Camp...
2015-08-14 11:32:36 : Total Army Camp capacity: 200/200
2015-08-14 11:32:38 :  - No. of Barbarians: 31
2015-08-14 11:32:38 :  - No. of Archers: 109
2015-08-14 11:32:38 :  - No. of Giants: 12
2015-08-14 11:32:38 : Barracks and Spell factory status: 
2015-08-14 11:32:38 : - Barracks detected: 4 | Available: 4 | Upgrading: 0
2015-08-14 11:32:38 : - Dark Barracks detected: 2 | Available: 1 | Upgrading: 1
2015-08-14 11:32:38 : - Spell factory detected: 1 | Available: 1 | Upgrading: 0
2015-08-14 11:32:38 : - Dark Spell factory detected: 1 | Available: 1 | Upgrading: 0
2015-08-14 11:32:38 : Training Troops...
2015-08-14 11:32:39 : Your Army Camps are now Full
2015-08-14 11:32:39 : Too many Arch, train last.
2015-08-14 11:32:39 : Too few Barb, train first.
2015-08-14 11:33:02 : Requesting Clan Castle Troops
2015-08-14 11:33:03 : Your Clan Castle is already full or you are not in a clan.
2015-08-14 11:33:06 : Going to Attack...
2015-08-14 11:33:12 : ============== Searching For Dead Base ===============
2015-08-14 11:33:12 : ~~~~~~~~~~~~~~~ SEARCH CONDITIONS ~~~~~~~~~~~~~~~~
2015-08-14 11:33:12 : Meet: Gold and Elixir, TH Outside
2015-08-14 11:33:12 : ~~~~~~~~~~~~~~ RESOURCE CONDITIONS ~~~~~~~~~~~~~~~
2015-08-14 11:33:12 : Aim: [G]: 999999 [E]: 999999 [D]:    0 [T]: 0, Out, Out, Out, Out, Out, Out, Out, Out, Out, Out, Out, Out, Out, Out, Out, Out, Out, Out, Out, Out, Out, Out, Out, Out, Out, Out, Out, Out, Out, Out, Out, Out, Out, Out, Out, Out, Out, Out, Out, Out, Out, Out, Out, Out, Out, Out, Out, Out, Out, Out, Out, Out, Out, Out, Out, Out, Out, Out, Out, Out, Out, Out, Out, Out, Out, Out, Out, Out, Out, Out, Out, Out, Out, Out, Out, Out, Out, Out, Out, Out, Out, Out, Out, Out, Out, Out, Out, Out, Out, Out, Out, Out, Out, Out, Out, Out, Out, Out, Out, Out, Out, Out, Out, Out, Out, Out, Out, Out, Out, Out, Out, Out, Out for: Dead Base
2015-08-14 11:33:12 : ~~~~~~~~~~~~~~~ ADVANCED SETTINGS ~~~~~~~~~~~~~~~~
2015-08-14 11:33:12 : THSnipe Combo, 1 Tile(s), 
2015-08-14 11:33:12 : ==================================================
2015-08-14 11:33:18 :   1> [G]: 128666 [E]: 122396 [D]: 1187 [T]:22 [TH]:10, In
2015-08-14 11:33:25 :   2> [G]:  96219 [E]:  56035 [D]:  524 [T]: 8 [TH]: 9, In
2015-08-14 11:33:36 :   3> [G]: 167327 [E]:  84502 [D]: 1420 [T]:23 [TH]:10, In
2015-08-14 11:33:44 :   4> [G]: 118333 [E]: 104323 [D]: 1519 [T]: 5 [TH]: 9, In
2015-08-14 11:33:51 :   5> [G]:  16773 [E]:  97997 [D]:  697 [T]: 2 [TH]: 9, In
2015-08-14 11:33:57 :   6> [G]:  64883 [E]:  24861 [D]: 1134 [T]:10 [TH]: 9, In
2015-08-14 11:34:07 :   7> [G]:  25903 [E]:  36749 [D]: 1209 [T]: 1 [TH]: 9, In
2015-08-14 11:34:12 :   8> [G]:   4111 [E]:  18334 [D]:  510 [T]: 7 [TH]: 9, In
2015-08-14 11:34:17 :   9> [G]:  21307 [E]:  27185 [D]:  214 [T]: 2 [TH]: 9, In
2015-08-14 11:34:22 :  10> [G]:  28834 [E]:  78589 [D]:  725 [T]: 1 [TH]: 9, In
2015-08-14 11:34:28 :  11> [G]:  54840 [E]: 105190 [D]: 1612 [T]: 1 [TH]: 9, In
2015-08-14 11:34:34 :  12> [G]:  24164 [E]:  33431 [D]: 1450 [T]: 4 [TH]: 9, In
2015-08-14 11:34:40 :  13> [G]:  56567 [E]:  11225 [D]:  688 [T]: 3 [TH]: 9, In
2015-08-14 11:34:46 :  14> [G]:  23015 [E]: 134314 [D]:  926 [T]: 1 [TH]: 9, In
2015-08-14 11:34:53 :  15> [G]:  60754 [E]:  17655 [D]:  749 [T]: 1 [TH]: 9, In
2015-08-14 11:35:01 :  16> [G]:  43138 [E]: 135689 [D]:  998 [T]: 1 [TH]: 9, In
2015-08-14 11:35:06 :  17> [G]:  28620 [E]:  58009 [D]:  600 [T]: 1 [TH]: 9, In
2015-08-14 11:35:10 :  18> [G]: 142397 [E]: 101108 [D]: 3047 [T]:26 [TH]:10, In
2015-08-14 11:35:19 :  19> [G]: 112140 [E]:  95369 [D]: 2838 [T]:17 [TH]:10, In
2015-08-14 11:35:24 :  20> [G]:  19459 [E]:  91656 [D]:  772 [T]: 1 [TH]: 9, In
2015-08-14 11:35:29 :  21> [G]: 125860 [E]:  50250 [D]:  250 [T]: 1 [TH]: 9, In
2015-08-14 11:35:34 :  22> [G]: 101886 [E]: 355112 [D]:  308 [T]: 1 [TH]: 9, In
2015-08-14 11:35:39 :  23> [G]:  31534 [E]:  46069 [D]:  168 [T]: 3 [TH]: 9, In
2015-08-14 11:35:43 :  24> [G]: 245243 [E]: 280278 [D]:  853 [T]:18 [TH]:10, In
2015-08-14 11:35:48 :  25> [G]: 104489 [E]: 139360 [D]:  608 [T]: 2 [TH]: 9, In
2015-08-14 11:35:54 :  26> [G]:  24980 [E]:  45583 [D]: 1147 [T]: 2 [TH]: 9, In
2015-08-14 11:36:02 :  27> [G]: 154168 [E]: 222128 [D]: 1788 [T]:21 [TH]: -, -
2015-08-14 11:36:12 :  28> [G]: 125415 [E]: 132322 [D]: 1636 [T]:31 [TH]:10, In
2015-08-14 11:36:17 :  29> [G]:  70287 [E]: 107899 [D]: 1949 [T]: 5 [TH]: 9, In
2015-08-14 11:36:22 :  30> [G]:  51343 [E]: 117354 [D]:  573 [T]: 6 [TH]: 9, In
2015-08-14 11:36:28 :  31> [G]:  92448 [E]: 235031 [D]: 1031 [T]: 2 [TH]: 9, In
2015-08-14 11:36:33 :  32> [G]:  93213 [E]: 147694 [D]: 1833 [T]: 1 [TH]: 9, In
2015-08-14 11:36:41 :  33> [G]: 317916 [E]: 119373 [D]: 3938 [T]:19 [TH]:10, In
2015-08-14 11:36:45 :  34> [G]:  30068 [E]:  54055 [D]:  632 [T]: 2 [TH]: 9, In
2015-08-14 11:36:52 :  35> [G]: 101330 [E]:  83257 [D]:  945 [T]: 4 [TH]: 9, In
2015-08-14 11:36:57 :  36> [G]:  56423 [E]:  31989 [D]: 1681 [T]: 6 [TH]: 9, In
2015-08-14 11:37:04 :  37> [G]: 115374 [E]: 260307 [D]:  412 [T]: 4 [TH]: -, -
2015-08-14 11:37:07 :  38> [G]:  83656 [E]:   2974 [D]:  355 [T]: 2 [TH]: 9, In
2015-08-14 11:37:16 :  39> [G]: 340570 [E]: 169650 [D]: 2544 [T]:22 [TH]:10, In
2015-08-14 11:37:22 :  40> [G]:  12559 [E]: 105952 [D]:  444 [T]: 1 [TH]: 9, In
2015-08-14 11:37:28 :  41> [G]: 290443 [E]:  76310 [D]: 1280 [T]: 4 [TH]: 9, In
2015-08-14 11:37:32 :  42> [G]:  67739 [E]:  69258 [D]:  853 [T]: 1 [TH]: 9, In
2015-08-14 11:37:37 :  43> [G]:  87492 [E]:  26797 [D]:  302 [T]: 7 [TH]: 9, In
2015-08-14 11:37:42 :  44> [G]:  45516 [E]:  46779 [D]: 2196 [T]: 5 [TH]: 9, In
2015-08-14 11:37:47 :  45> [G]:  51002 [E]:  10719 [D]: 1382 [T]: 3 [TH]: 9, In
2015-08-14 11:37:55 :  46> [G]: 160951 [E]:  75489 [D]: 1397 [T]: 5 [TH]: 9, In
2015-08-14 11:38:00 :  47> [G]: 104627 [E]:  46771 [D]:  768 [T]: 1 [TH]: 9, In
2015-08-14 11:38:03 :  48> [G]:  37561 [E]:  21077 [D]:  677 [T]:12 [TH]: 9, In
2015-08-14 11:38:12 :  49> [G]: 121717 [E]:  94117 [D]:  366 [T]:25 [TH]:10, In
2015-08-14 11:38:17 :  50> [G]:  24209 [E]:  28275 [D]: 1158 [T]: 1 [TH]: 9, In
2015-08-14 11:38:22 :  51> [G]:  33514 [E]:  11132 [D]: 1580 [T]: 1 [TH]: 9, In
2015-08-14 11:38:26 :  52> [G]:  96516 [E]: 207581 [D]:  940 [T]: 1 [TH]: 9, In
2015-08-14 11:38:31 :  53> [G]:  45090 [E]: 214744 [D]: 1099 [T]: 1 [TH]: 9, In
2015-08-14 11:38:40 :  54> [G]:  59443 [E]:  24689 [D]: 1263 [T]:14 [TH]:10, In
2015-08-14 11:38:49 :  55> [G]: 323233 [E]: 183201 [D]:  609 [T]:20 [TH]:10, In
2015-08-14 11:38:53 :  56> [G]: 174053 [E]:  71008 [D]: 3058 [T]:19 [TH]:10, In
2015-08-14 11:38:58 :  57> [G]: 414553 [E]: 423830 [D]: 1639 [T]: 2 [TH]: 9, Out
2015-08-14 11:38:58 : ~~~~~~~~~~~~~~~ TH Outside Found! ~~~~~~~~~~~~~~~~
2015-08-14 11:38:59 : ================ Search Complete =================
2015-08-14 11:38:59 : Initiating attack for: TH Snipe
2015-08-14 11:39:02 : -Barbarians 31
2015-08-14 11:39:02 : -Archers 109
2015-08-14 11:39:02 : -Giants 12
2015-08-14 11:39:02 : -Clan Castle 
2015-08-14 11:39:02 : -King 
2015-08-14 11:39:02 : -Lightning Spells 3
2015-08-14 11:39:02 : -Poison Spells 1
2015-08-14 11:39:02 :  ====== Start Attack ====== 
2015-08-14 11:39:04 : Sending 1st wave of archers.
2015-08-14 11:39:04 : Dropping first wave of 4 Archers
2015-08-14 11:39:06 : Deployment of Archers Successful!
2015-08-14 11:39:08 : Dropping first wave of 15 Archers
2015-08-14 11:39:11 : Deployment of Archers Successful!
2015-08-14 11:39:24 : Townhall has been destroyed!
2015-08-14 11:39:28 : Checking if the battle has finished
2015-08-14 11:39:29 : detected [G]:  [E]:  [DE]:  |  Exit now 
2015-08-14 11:39:29 : Battle has finished
2015-08-14 11:39:29 : Returning Home
2015-08-14 11:39:34 : Loot: [G]: 1 000 [E]: 1 000 [DE]:  [T]: 1
2015-08-14 11:39:34 : Bonus [G]: 140 000 [E]: 140 000 [DE]: 900
2015-08-14 11:39:37 : Your league level is: Master I
2015-08-14 11:39:37 : Stars earned: 1
2015-08-14 11:39:45 : Trying to locate Main Screen
2015-08-14 11:39:45 : Main Screen Located
2015-08-14 11:39:47 : Village Report
2015-08-14 11:39:47 : No. of Free/Total Builders: 0/5
2015-08-14 11:39:47 :  [T]: 3 154
2015-08-14 11:39:47 :  [G]: 6 001 000 [E]: 6 001 000 [D]: 80 000 [GEM]: 64
2015-08-14 11:39:48 : Collecting Resources
2015-08-14 11:39:56 : Checking if Village needs Rearming..
2015-08-14 11:40:05 : Checking Army Camp...
2015-08-14 11:40:07 : Total Army Camp capacity: 200/200
2015-08-14 11:40:08 :  - No. of Barbarians: 50
2015-08-14 11:40:08 :  - No. of Archers: 90
2015-08-14 11:40:08 :  - No. of Giants: 12
2015-08-14 11:40:08 : Barracks and Spell factory status: 
2015-08-14 11:40:08 : - Barracks detected: 4 | Available: 4 | Upgrading: 0
2015-08-14 11:40:09 : - Dark Barracks detected: 2 | Available: 1 | Upgrading: 1
2015-08-14 11:40:09 : - Spell factory detected: 1 | Available: 1 | Upgrading: 0
2015-08-14 11:40:09 : - Dark Spell factory detected: 1 | Available: 1 | Upgrading: 0
2015-08-14 11:40:09 : Training Troops...
2015-08-14 11:40:09 : Your Army Camps are now Full
2015-08-14 11:40:32 : Requesting Clan Castle Troops
2015-08-14 11:40:33 : Your Clan Castle is already full or you are not in a clan.
2015-08-14 11:40:36 : Going to Attack...
2015-08-14 11:40:42 : ============== Searching For Dead Base ===============
2015-08-14 11:40:42 : ~~~~~~~~~~~~~~~ SEARCH CONDITIONS ~~~~~~~~~~~~~~~~
2015-08-14 11:40:42 : Meet: Gold and Elixir, TH Outside
2015-08-14 11:40:42 : ~~~~~~~~~~~~~~ RESOURCE CONDITIONS ~~~~~~~~~~~~~~~
2015-08-14 11:40:42 : Aim: [G]: 999999 [E]: 999999 [D]:    0 [T]: 0, Out, Out, Out, Out, Out, Out, Out, Out, Out, Out, Out, Out, Out, Out, Out, Out, Out, Out, Out, Out, Out, Out, Out, Out, Out, Out, Out, Out, Out, Out, Out, Out, Out, Out, Out, Out, Out, Out, Out, Out, Out, Out, Out, Out, Out, Out, Out, Out, Out, Out, Out, Out, Out, Out, Out, Out, Out, Out, Out, Out, Out, Out, Out, Out, Out, Out, Out, Out, Out, Out, Out, Out, Out, Out, Out, Out, Out, Out, Out, Out, Out, Out, Out, Out, Out, Out, Out, Out, Out, Out, Out, Out, Out, Out, Out, Out, Out, Out, Out, Out, Out, Out, Out, Out, Out, Out, Out, Out, Out, Out, Out, Out, Out, Out for: Dead Base
2015-08-14 11:40:42 : ~~~~~~~~~~~~~~~ ADVANCED SETTINGS ~~~~~~~~~~~~~~~~
2015-08-14 11:40:42 : THSnipe Combo, 1 Tile(s), 
2015-08-14 11:40:42 : ==================================================
2015-08-14 11:40:45 :   1> [G]:  68027 [E]: 180972 [D]: 1771 [T]:16 [TH]:10, In
2015-08-14 11:40:55 :   2> [G]:  58166 [E]:  84110 [D]:  434 [T]:14 [TH]:10, In
2015-08-14 11:41:04 :   3> [G]: 152145 [E]: 292392 [D]:  618 [T]:14 [TH]:10, In
2015-08-14 11:41:12 :   4> [G]: 157566 [E]: 132112 [D]: 1970 [T]:31 [TH]:10, In
2015-08-14 11:41:21 :   5> [G]:  72051 [E]:  76146 [D]: 2577 [T]:15 [TH]:10, In
2015-08-14 11:41:26 :   6> [G]:  40679 [E]:  38270 [D]:  272 [T]: 3 [TH]: 9, In
2015-08-14 11:41:31 :   7> [G]:  92558 [E]: 113723 [D]:  210 [T]: 4 [TH]: 9, In
2015-08-14 11:41:36 :   8> [G]:  54172 [E]:  68283 [D]: 1017 [T]: 2 [TH]: 9, In
2015-08-14 11:41:42 :   9> [G]: 117456 [E]: 103160 [D]:  710 [T]: 1 [TH]: 9, In
2015-08-14 11:41:47 :  10> [G]:  57336 [E]: 102381 [D]: 2111 [T]: 1 [TH]: 9, In
2015-08-14 11:41:52 :  11> [G]:  13389 [E]:  60930 [D]: 1544 [T]: 6 [TH]: 9, In
2015-08-14 11:42:01 :  12> [G]: 128408 [E]: 130207 [D]: 3977 [T]:31 [TH]:10, In
2015-08-14 11:42:05 :  13> [G]: 131061 [E]:  43574 [D]:  415 [T]: 1 [TH]: 9, In
2015-08-14 11:42:14 :  14> [G]:  60367 [E]:  73833 [D]: 1669 [T]:20 [TH]:10, In
2015-08-14 11:42:17 :  15> [G]:  25952 [E]:  52704 [D]: 1174 [T]: 4 [TH]: 9, In
2015-08-14 11:42:23 :  16> [G]:  56994 [E]:  81988 [D]:  116 [T]: 1 [TH]: 9, In
2015-08-14 11:42:32 :  17> [G]: 117077 [E]: 135574 [D]: 2714 [T]:19 [TH]:10, In
2015-08-14 11:42:40 :  18> [G]: 136839 [E]: 108059 [D]: 2155 [T]:19 [TH]:10, In
2015-08-14 11:42:44 :  19> [G]: 176229 [E]:  50043 [D]: 2384 [T]:24 [TH]:10, In
2015-08-14 11:42:51 :  20> [G]: 121812 [E]:  84617 [D]: 1254 [T]: 1 [TH]: 9, In
2015-08-14 11:42:56 :  21> [G]: 231830 [E]: 187788 [D]: 1198 [T]: 1 [TH]: 9, In
2015-08-14 11:43:04 :  22> [G]:  25892 [E]:  66972 [D]:  638 [T]:21 [TH]:10, In
2015-08-14 11:43:12 :  23> [G]: 312235 [E]: 133068 [D]: 1915 [T]:16 [TH]:10, In
2015-08-14 11:43:16 :  24> [G]:  55585 [E]:  92812 [D]: 1089 [T]:13 [TH]:10, In
2015-08-14 11:43:22 :  25> [G]:  42359 [E]:  82611 [D]: 1097 [T]: 1 [TH]: 9, In
2015-08-14 11:43:27 :  26> [G]:  28743 [E]:   1618 [D]:  809 [T]: 3 [TH]: 9, In
2015-08-14 11:43:34 :  27> [G]:  35876 [E]:  36184 [D]:  729 [T]: 1 [TH]: 9, In
2015-08-14 11:43:39 :  28> [G]: 144560 [E]:  18047 [D]:  816 [T]: 1 [TH]: 9, In
2015-08-14 11:43:44 :  29> [G]: 355282 [E]: 374289 [D]: 1666 [T]:15 [TH]: 9, Out
2015-08-14 11:43:44 : ~~~~~~~~~~~~~~~ TH Outside Found! ~~~~~~~~~~~~~~~~
2015-08-14 11:43:46 : ================ Search Complete =================
2015-08-14 11:43:46 : Initiating attack for: TH Snipe
2015-08-14 11:43:48 : -Barbarians 50
2015-08-14 11:43:48 : -Archers 90
2015-08-14 11:43:48 : -Giants 12
2015-08-14 11:43:48 : -Clan Castle 
2015-08-14 11:43:48 : -King 
2015-08-14 11:43:48 : -Lightning Spells 3
2015-08-14 11:43:48 : -Poison Spells 1
2015-08-14 11:43:48 :  ====== Start Attack ====== 
2015-08-14 11:43:51 : Sending 1st wave of archers.
2015-08-14 11:43:51 : Dropping first wave of 4 Archers
2015-08-14 11:43:52 : Deployment of Archers Successful!
2015-08-14 11:43:54 : Dropping first wave of 15 Archers
2015-08-14 11:43:57 : Deployment of Archers Successful!
2015-08-14 11:44:10 : Townhall has been destroyed!
2015-08-14 11:44:13 : Checking if the battle has finished
2015-08-14 11:44:15 : detected [G]:  [E]:  [DE]:  |  Exit now 
2015-08-14 11:44:15 : Battle has finished
2015-08-14 11:44:15 : Returning Home
2015-08-14 11:44:20 : Loot: [G]: 1 170 [E]: 1 000 [DE]:  [T]: 5
2015-08-14 11:44:20 : Bonus [G]: 140 000 [E]: 140 000 [DE]: 900
2015-08-14 11:44:23 : Your league level is: Master I
2015-08-14 11:44:23 : Stars earned: 1
2015-08-14 11:44:31 : Trying to locate Main Screen
2015-08-14 11:44:31 : Main Screen Located
2015-08-14 11:44:32 : Village Report
2015-08-14 11:44:32 : No. of Free/Total Builders: 0/5
2015-08-14 11:44:32 :  [T]: 3 159
2015-08-14 11:44:33 :  [G]: 6 001 000 [E]: 6 001 000 [D]: 80 000 [GEM]: 64
2015-08-14 11:44:33 : Collecting Resources
2015-08-14 11:44:41 : Checking if Village needs Rearming..
2015-08-14 11:44:50 : Checking Army Camp...
2015-08-14 11:44:53 : Total Army Camp capacity: 200/200
2015-08-14 11:44:54 :  - No. of Barbarians: 50
2015-08-14 11:44:54 :  - No. of Archers: 90
2015-08-14 11:44:54 :  - No. of Giants: 12
2015-08-14 11:44:54 : Barracks and Spell factory status: 
2015-08-14 11:44:54 : - Barracks detected: 4 | Available: 4 | Upgrading: 0
2015-08-14 11:44:54 : - Dark Barracks detected: 2 | Available: 1 | Upgrading: 1
2015-08-14 11:44:54 : - Spell factory detected: 1 | Available: 1 | Upgrading: 0
2015-08-14 11:44:54 : - Dark Spell factory detected: 1 | Available: 1 | Upgrading: 0
2015-08-14 11:44:54 : Training Troops...
2015-08-14 11:44:55 : Your Army Camps are now Full
2015-08-14 11:45:19 : Requesting Clan Castle Troops
2015-08-14 11:45:19 : Your Clan Castle is already full or you are not in a clan.
2015-08-14 11:45:22 : Going to Attack...
2015-08-14 11:45:28 : ============== Searching For Dead Base ===============
2015-08-14 11:45:28 : ~~~~~~~~~~~~~~~ SEARCH CONDITIONS ~~~~~~~~~~~~~~~~
2015-08-14 11:45:28 : Meet: Gold and Elixir, TH Outside
2015-08-14 11:45:28 : ~~~~~~~~~~~~~~ RESOURCE CONDITIONS ~~~~~~~~~~~~~~~
2015-08-14 11:45:28 : Aim: [G]: 999999 [E]: 999999 [D]:    0 [T]: 0, Out, Out, Out, Out, Out, Out, Out, Out, Out, Out, Out, Out, Out, Out, Out, Out, Out, Out, Out, Out, Out, Out, Out, Out, Out, Out, Out, Out, Out, Out, Out, Out, Out, Out, Out, Out, Out, Out, Out, Out, Out, Out, Out, Out, Out, Out, Out, Out, Out, Out, Out, Out, Out, Out, Out, Out, Out, Out, Out, Out, Out, Out, Out, Out, Out, Out, Out, Out, Out, Out, Out, Out, Out, Out, Out, Out, Out, Out, Out, Out, Out, Out, Out, Out, Out, Out, Out, Out, Out, Out, Out, Out, Out, Out, Out, Out, Out, Out, Out, Out, Out, Out, Out, Out, Out, Out, Out, Out, Out, Out, Out, Out, Out, Out, Out for: Dead Base
2015-08-14 11:45:28 : ~~~~~~~~~~~~~~~ ADVANCED SETTINGS ~~~~~~~~~~~~~~~~
2015-08-14 11:45:28 : THSnipe Combo, 1 Tile(s), 
2015-08-14 11:45:28 : ==================================================
2015-08-14 11:45:37 :   1> [G]:  90197 [E]: 291757 [D]: 1641 [T]:18 [TH]:10, In
2015-08-14 11:45:52 :   2> [G]:  80690 [E]:  40296 [D]:  458 [T]:15 [TH]: -, -
2015-08-14 11:46:00 :   3> [G]: 191524 [E]: 155649 [D]: 1968 [T]:33 [TH]:10, In
2015-08-14 11:46:05 :   4> [G]:  35916 [E]:   4259 [D]: 1084 [T]: 2 [TH]: 9, In
2015-08-14 11:46:13 :   5> [G]: 106825 [E]:  42051 [D]: 1722 [T]:33 [TH]:10, In
2015-08-14 11:46:21 :   6> [G]:  24129 [E]:  75189 [D]: 2422 [T]:13 [TH]:10, In
2015-08-14 11:46:30 :   7> [G]: 202412 [E]: 199003 [D]: 1815 [T]:33 [TH]:10, In
2015-08-14 11:46:35 :   8> [G]:  25427 [E]: 127318 [D]:  794 [T]: 2 [TH]: 9, In
2015-08-14 11:46:40 :   9> [G]: 137482 [E]: 195719 [D]:  996 [T]:15 [TH]:10, In
2015-08-14 11:46:43 :  10> [G]: 236829 [E]:  99241 [D]: 2179 [T]:11 [TH]: 9, In
2015-08-14 11:46:48 :  11> [G]: 259176 [E]: 200132 [D]: 4559 [T]: 5 [TH]: 9, In
2015-08-14 11:46:53 :  12> [G]:  21474 [E]:  67090 [D]:  468 [T]: 1 [TH]: 9, In
2015-08-14 11:46:58 :  13> [G]:  86481 [E]:  76470 [D]:  336 [T]: 1 [TH]: 9, In
2015-08-14 11:47:06 :  14> [G]:  17017 [E]:  49155 [D]: 1709 [T]:16 [TH]:10, In
2015-08-14 11:47:11 :  15> [G]: 114396 [E]: 114099 [D]: 2485 [T]:19 [TH]:10, In
2015-08-14 11:47:20 :  16> [G]:  23489 [E]:  16389 [D]: 1865 [T]:31 [TH]:10, In
2015-08-14 11:47:26 :  17> [G]:  74553 [E]:  81018 [D]:  737 [T]: 1 [TH]: 9, In
2015-08-14 11:47:31 :  18> [G]:  41791 [E]: 113755 [D]:  635 [T]: 1 [TH]: 9, In
2015-08-14 11:47:40 :  19> [G]:  85404 [E]: 106858 [D]: 1167 [T]:20 [TH]:10, In
2015-08-14 11:47:45 :  20> [G]: 116526 [E]: 134733 [D]: 1221 [T]: 2 [TH]: 9, In
2015-08-14 11:47:53 :  21> [G]:  91172 [E]: 131553 [D]: 3267 [T]:18 [TH]:10, In
2015-08-14 11:47:58 :  22> [G]:  62528 [E]:  61126 [D]:  936 [T]: 1 [TH]: 9, In
2015-08-14 11:48:04 :  23> [G]:  97367 [E]: 127525 [D]:  755 [T]: 1 [TH]: 9, In
2015-08-14 11:48:07 :  24> [G]: 187013 [E]: 168119 [D]: 2510 [T]:30 [TH]: 9, In
2015-08-14 11:48:13 :  25> [G]:  12928 [E]:  30745 [D]:  466 [T]: 1 [TH]: 9, In
2015-08-14 11:48:17 :  26> [G]:  83108 [E]:  72961 [D]:  799 [T]:14 [TH]:10, In
2015-08-14 11:48:20 :  27> [G]:  51048 [E]: 159106 [D]:  307 [T]: 2 [TH]: 9, In
2015-08-14 11:48:24 :  28> [G]: 251795 [E]:  69086 [D]: 1149 [T]: 3 [TH]: 9, In
2015-08-14 11:48:28 :  29> [G]:  55370 [E]:  44727 [D]: 1014 [T]: 1 [TH]: 9, In
2015-08-14 11:48:35 :  30> [G]: 133359 [E]:   5509 [D]:  304 [T]: 1 [TH]: 9, In
2015-08-14 11:48:40 :  31> [G]:  97657 [E]:  86973 [D]: 2126 [T]: 1 [TH]: 9, In
2015-08-14 11:48:46 :  32> [G]: 126658 [E]:  89889 [D]:  598 [T]: 2 [TH]: 9, In
2015-08-14 11:48:49 :  33> [G]:  32181 [E]:  59577 [D]: 1220 [T]: 1 [TH]: 9, In
2015-08-14 11:48:54 :  34> [G]:  92190 [E]:  18138 [D]: 1461 [T]: 1 [TH]: 9, In
2015-08-14 11:49:00 :  35> [G]:  20654 [E]:  41085 [D]: 1301 [T]: 1 [TH]: 9, In
2015-08-14 11:49:09 :  36> [G]: 147034 [E]: 162869 [D]: 1543 [T]:19 [TH]:10, In
2015-08-14 11:49:16 :  37> [G]: 195551 [E]: 189301 [D]: 2160 [T]: 1 [TH]: 9, In
2015-08-14 11:49:20 :  38> [G]: 123962 [E]:  49617 [D]: 1973 [T]:26 [TH]:10, In
2015-08-14 11:49:25 :  39> [G]:  78607 [E]:  66390 [D]:  509 [T]: 2 [TH]: 9, In
2015-08-14 11:49:30 :  40> [G]:  54606 [E]:  13583 [D]:  943 [T]: 1 [TH]: 9, In
2015-08-14 11:49:36 :  41> [G]:  22458 [E]:  59794 [D]:   82 [T]: 1 [TH]: 9, In
2015-08-14 11:49:41 :  42> [G]:  25049 [E]:  75840 [D]:  983 [T]: 1 [TH]: 9, In
2015-08-14 11:49:46 :  43> [G]:  34366 [E]:  66900 [D]:  511 [T]: 6 [TH]: 9, In
2015-08-14 11:49:51 :  44> [G]: 109636 [E]:  79387 [D]: 1060 [T]: 2 [TH]: 9, In
2015-08-14 11:49:57 :  45> [G]: 371753 [E]: 406087 [D]: 4000 [T]:32 [TH]: -, -
2015-08-14 11:50:03 :  46> [G]: 252545 [E]: 231682 [D]: 2646 [T]: 3 [TH]: 9, In
2015-08-14 11:50:06 :  47> [G]:  89630 [E]: 111343 [D]: 1664 [T]: 6 [TH]: 9, In
2015-08-14 11:50:11 :  48> [G]:  90808 [E]:  96590 [D]: 1515 [T]: 1 [TH]: 9, In
2015-08-14 11:50:14 :  49> [G]:  52936 [E]:   4565 [D]: 1581 [T]: 4 [TH]: 9, In
2015-08-14 11:50:20 :  50> [G]:  64046 [E]:  63798 [D]:  402 [T]: 1 [TH]: 9, In
2015-08-14 11:50:23 :  51> [G]:  23446 [E]: 140880 [D]:  753 [T]: 2 [TH]: 9, In
2015-08-14 11:50:28 :  52> [G]:  61379 [E]:  12096 [D]:  456 [T]: 4 [TH]: 9, In
2015-08-14 11:50:33 :  53> [G]:  48508 [E]:  85403 [D]:  626 [T]: 2 [TH]: 9, In
2015-08-14 11:50:37 :  54> [G]: 197434 [E]: 141158 [D]: 1789 [T]:16 [TH]:10, In
2015-08-14 11:50:46 :  55> [G]: 111606 [E]: 140347 [D]: 2143 [T]:27 [TH]:10, In
2015-08-14 11:50:51 :  56> [G]:  70206 [E]:  54656 [D]:   59 [T]: 8 [TH]: 9, In
2015-08-14 11:50:57 :  57> [G]:  22403 [E]:   9336 [D]:  144 [T]: 1 [TH]: 9, In
2015-08-14 11:51:00 :  58> [G]:  22601 [E]:  49940 [D]:  697 [T]: 1 [TH]: 9, In
2015-08-14 11:51:08 :  59> [G]:  87871 [E]: 280365 [D]:  790 [T]:19 [TH]:10, In
2015-08-14 11:51:12 :  60> [G]: 115104 [E]:  51190 [D]:  848 [T]:19 [TH]: 9, In
2015-08-14 11:51:15 :  61> [G]:  43863 [E]: 110591 [D]: 1374 [T]: 4 [TH]: 9, In
2015-08-14 11:51:20 :  62> [G]:  11597 [E]: 123955 [D]: 1100 [T]: 2 [TH]: 9, In
2015-08-14 11:51:29 :  63> [G]:  35609 [E]: 138879 [D]: 1942 [T]:18 [TH]:10, In
2015-08-14 11:51:37 :  64> [G]:  85344 [E]:  75491 [D]:  930 [T]:34 [TH]:10, In
2015-08-14 11:51:42 :  65> [G]:  46844 [E]:  18846 [D]:  345 [T]: 1 [TH]: 9, In
2015-08-14 11:51:47 :  66> [G]:  42642 [E]: 110225 [D]:  647 [T]: 1 [TH]: 9, In
2015-08-14 11:51:53 :  67> [G]:  59686 [E]: 100434 [D]:  878 [T]: 2 [TH]: 9, In
2015-08-14 11:51:59 :  68> [G]:  90888 [E]:  85170 [D]:  619 [T]: 1 [TH]: 9, In
2015-08-14 11:52:04 :  69> [G]: 120918 [E]:  40404 [D]:  656 [T]: 1 [TH]: 9, In
2015-08-14 11:52:08 :  70> [G]: 136345 [E]:  67451 [D]:  560 [T]: 3 [TH]: 9, In
2015-08-14 11:52:14 :  71> [G]:  41682 [E]:  99718 [D]: 1348 [T]: 1 [TH]: 9, In
2015-08-14 11:52:19 :  72> [G]:  86413 [E]:  51407 [D]: 1099 [T]: 3 [TH]: 9, In
2015-08-14 11:52:25 :  73> [G]:  85296 [E]:  56326 [D]:  513 [T]: 1 [TH]: 9, In
2015-08-14 11:52:31 :  74> [G]: 131576 [E]:  40311 [D]: 2480 [T]: 2 [TH]: 9, In
2015-08-14 11:52:34 :  75> [G]:  87449 [E]: 133189 [D]: 1898 [T]: 3 [TH]: 9, In
2015-08-14 11:52:39 :  76> [G]: 202632 [E]: 153362 [D]: 1604 [T]: 6 [TH]: 9, In
2015-08-14 11:52:44 :  77> [G]:  77445 [E]:  75940 [D]:  638 [T]: 1 [TH]: 9, In
2015-08-14 11:52:51 :  78> [G]:  33208 [E]:  47828 [D]:  922 [T]: 1 [TH]: 9, In
2015-08-14 11:52:59 :  79> [G]:  76753 [E]:  53386 [D]: 3387 [T]:25 [TH]:10, In
2015-08-14 11:53:04 :  80> [G]:  88172 [E]:  32683 [D]: 1060 [T]: 3 [TH]: 9, In
2015-08-14 11:53:10 :  81> [G]:   5415 [E]:  42211 [D]: 1116 [T]: 1 [TH]: 9, In
2015-08-14 11:53:14 :  82> [G]:  57214 [E]: 262682 [D]: 2186 [T]:19 [TH]:10, In
2015-08-14 11:53:19 :  83> [G]:  69820 [E]:  49419 [D]:  620 [T]: 6 [TH]: 9, In
2015-08-14 11:53:25 :  84> [G]: 147147 [E]:  27602 [D]:  674 [T]: 2 [TH]: -, -
2015-08-14 11:53:30 :  85> [G]:  46303 [E]:  15119 [D]:  715 [T]: 1 [TH]: -, -
2015-08-14 11:53:35 :  86> [G]:   5426 [E]:  41640 [D]:  223 [T]: 3 [TH]: 9, In
2015-08-14 11:53:40 :  87> [G]: 152168 [E]: 402622 [D]: 1430 [T]:22 [TH]:10, In
2015-08-14 11:53:45 :  88> [G]: 106177 [E]:   4297 [D]:  343 [T]: 6 [TH]: 9, In
2015-08-14 11:53:51 :  89> [G]:  29227 [E]: 103898 [D]:  689 [T]: 4 [TH]: 9, In
2015-08-14 11:54:01 :  90> [G]:  53633 [E]:  46407 [D]: 1848 [T]:13 [TH]:10, In
2015-08-14 11:54:04 :  91> [G]:  82752 [E]:  54537 [D]:  840 [T]: 1 [TH]: 9, In
2015-08-14 11:54:10 :  92> [G]:  30742 [E]:  22206 [D]: 1541 [T]: 3 [TH]: 9, In
2015-08-14 11:54:15 :  93> [G]:  53604 [E]:  49250 [D]: 1614 [T]: 1 [TH]: 9, In
2015-08-14 11:54:23 :  94> [G]: 118129 [E]: 146025 [D]: 3107 [T]:28 [TH]:10, In
2015-08-14 11:54:28 :  95> [G]:  64886 [E]: 231306 [D]: 1148 [T]: 1 [TH]: 9, In
2015-08-14 11:54:33 :  96> [G]:  36162 [E]:  62608 [D]:  251 [T]: 1 [TH]: 9, In
2015-08-14 11:54:39 :  97> [G]: 171994 [E]:  65972 [D]: 1574 [T]: 3 [TH]: 9, In
2015-08-14 11:54:43 :  98> [G]:   4738 [E]:  87320 [D]: 1610 [T]:20 [TH]: 9, In
2015-08-14 11:54:47 :  99> [G]:  12013 [E]:  32433 [D]: 1459 [T]: 1 [TH]: 9, In
2015-08-14 11:54:52 : 100> [G]:  94190 [E]:  84911 [D]: 1731 [T]: 1 [TH]: 9, In
2015-08-14 11:54:59 : 101> [G]:  40761 [E]:  30027 [D]:  140 [T]: 1 [TH]: 9, In
2015-08-14 11:55:02 : 102> [G]:  74129 [E]:  44947 [D]:   84 [T]: 1 [TH]: 9, In
2015-08-14 11:55:06 : 103> [G]:  21386 [E]:  96075 [D]: 1643 [T]: 2 [TH]: 9, In
2015-08-14 11:55:10 : 104> [G]:  14644 [E]: 107051 [D]: 1586 [T]: 2 [TH]: 9, In
2015-08-14 11:55:16 : 105> [G]: 109409 [E]: 104499 [D]:  685 [T]: 1 [TH]: 9, In
2015-08-14 11:55:21 : 106> [G]:  31827 [E]:  16537 [D]:  416 [T]: 2 [TH]: 9, In
2015-08-14 11:55:28 : 107> [G]: 104010 [E]:  96809 [D]: 2051 [T]: 1 [TH]: 9, In
2015-08-14 11:55:31 : 108> [G]:  52492 [E]:  15964 [D]: 1005 [T]: 1 [TH]: 9, In
2015-08-14 11:55:35 : 109> [G]:  28838 [E]:  38602 [D]:  379 [T]: 4 [TH]: 9, In
2015-08-14 11:55:40 : 110> [G]:  61710 [E]: 129518 [D]:  650 [T]: 2 [TH]: 9, In
2015-08-14 11:55:44 : 111> [G]: 128158 [E]: 184477 [D]:  721 [T]: 4 [TH]: 9, In
2015-08-14 11:55:49 : 112> [G]:  67633 [E]:  81918 [D]:  333 [T]: 1 [TH]: 9, In
2015-08-14 11:55:54 : 113> [G]:  42779 [E]: 287783 [D]:  725 [T]: 1 [TH]: 9, In
2015-08-14 11:56:03 : 114> [G]: 226380 [E]: 150541 [D]: 2062 [T]:17 [TH]:10, In
2015-08-14 11:56:09 : 115> [G]:  34214 [E]:  37868 [D]:  989 [T]: 4 [TH]: 9, In
2015-08-14 11:56:13 : 116> [G]: 171345 [E]:  63893 [D]: 1105 [T]: 1 [TH]: 9, In
2015-08-14 11:56:19 : 117> [G]: 167491 [E]:   5687 [D]: 1294 [T]: 1 [TH]: 9, In
2015-08-14 11:56:24 : 118> [G]:  42020 [E]:  91801 [D]:  627 [T]: 1 [TH]: 9, In
2015-08-14 11:56:30 : 119> [G]:  40683 [E]:  42313 [D]: 1128 [T]: 1 [TH]: 9, In
2015-08-14 11:56:36 : 120> [G]: 189113 [E]: 103463 [D]:  624 [T]: 1 [TH]: 9, In
2015-08-14 11:56:44 : 121> [G]:  73943 [E]: 190801 [D]: 1777 [T]:20 [TH]:10, In
2015-08-14 11:56:52 : 122> [G]: 297202 [E]: 354293 [D]: 2438 [T]:54 [TH]: 8, In
2015-08-14 11:56:57 : 123> [G]:  57740 [E]:  38887 [D]: 1941 [T]: 1 [TH]: 9, In
2015-08-14 11:57:00 : 124> [G]:  78697 [E]: 200774 [D]:  637 [T]:12 [TH]: 9, In
2015-08-14 11:57:05 : 125> [G]:  82281 [E]:  78663 [D]:  387 [T]: 1 [TH]: 9, In
2015-08-14 11:57:11 : 126> [G]:  58581 [E]: 138142 [D]:  834 [T]: 1 [TH]: 9, In
2015-08-14 11:57:16 : 127> [G]:  82658 [E]:  88872 [D]:  690 [T]: 1 [TH]: 9, In
2015-08-14 11:57:20 : 128> [G]:   5918 [E]: 111471 [D]: 2208 [T]:34 [TH]:10, In
2015-08-14 11:57:26 : 129> [G]:  52018 [E]: 137946 [D]:  860 [T]: 1 [TH]: 9, In
2015-08-14 11:57:35 : 130> [G]: 122109 [E]: 226707 [D]: 2475 [T]:32 [TH]:10, In
2015-08-14 11:57:43 : 131> [G]:  79586 [E]: 181992 [D]: 3232 [T]:15 [TH]:10, In
2015-08-14 11:57:49 : 132> [G]:  47117 [E]: 132712 [D]: 1202 [T]: 1 [TH]: 9, In
2015-08-14 11:57:56 : 133> [G]:  48894 [E]: 118574 [D]:  682 [T]: 5 [TH]: 9, In
2015-08-14 11:57:59 : 134> [G]:  83132 [E]: 128459 [D]:  445 [T]: 1 [TH]: 9, In
2015-08-14 11:58:04 : 135> [G]:  84359 [E]: 123054 [D]: 1349 [T]: 3 [TH]: 9, In
2015-08-14 11:58:12 : 136> [G]: 291342 [E]:  97581 [D]: 3122 [T]:25 [TH]:10, In
2015-08-14 11:58:21 : 137> [G]:  45811 [E]:  59748 [D]: 2381 [T]:17 [TH]:10, In
2015-08-14 11:58:27 : 138> [G]:  53250 [E]:  88364 [D]: 1091 [T]: 1 [TH]: 9, In
2015-08-14 11:58:33 : 139> [G]: 296865 [E]:  91050 [D]: 1218 [T]:27 [TH]:10, In
2015-08-14 11:58:37 : 140> [G]: 266762 [E]: 194640 [D]:  765 [T]: 1 [TH]: 9, In
2015-08-14 11:58:42 : 141> [G]:  44753 [E]: 118022 [D]: 1714 [T]: 3 [TH]: 9, In
2015-08-14 11:58:50 : 142> [G]:  34374 [E]:   4515 [D]: 1096 [T]: 3 [TH]: 9, In
2015-08-14 11:58:56 : 143> [G]: 116633 [E]: 225483 [D]: 2290 [T]: 1 [TH]: 9, In
2015-08-14 11:59:05 : 144> [G]:  71784 [E]:  55816 [D]:  264 [T]:13 [TH]:10, In
2015-08-14 11:59:12 : 145> [G]:  87954 [E]:  16153 [D]:  433 [T]: 1 [TH]: 9, In
2015-08-14 11:59:21 : 146> [G]: 131246 [E]: 102126 [D]: 1952 [T]:29 [TH]:10, In
2015-08-14 11:59:29 : 147> [G]: 193106 [E]: 262159 [D]: 3057 [T]:30 [TH]:10, In
2015-08-14 11:59:35 : 148> [G]:  35403 [E]:  23570 [D]:  117 [T]: 1 [TH]: 9, In
2015-08-14 11:59:39 : 149> [G]:  41705 [E]: 200561 [D]: 1704 [T]: 1 [TH]: 9, In
2015-08-14 11:59:47 : 150> [G]:  81833 [E]: 173864 [D]: 1606 [T]:18 [TH]:10, In
2015-08-14 11:59:56 : 151> [G]: 117793 [E]: 136666 [D]: 2514 [T]:23 [TH]:10, In
2015-08-14 11:59:59 : 152> [G]:  83955 [E]: 129222 [D]:  680 [T]: 3 [TH]: 9, In
2015-08-14 12:00:08 : 153> [G]:  20710 [E]:  47298 [D]:  727 [T]:32 [TH]:10, In
2015-08-14 12:00:16 : 154> [G]:  55049 [E]:  67063 [D]: 1403 [T]:14 [TH]:10, In
2015-08-14 12:00:25 : 155> [G]: 185877 [E]: 104301 [D]: 2158 [T]:28 [TH]: -, -
2015-08-14 12:00:30 : 156> [G]:  51569 [E]:  93522 [D]:  168 [T]: 1 [TH]: 9, In
2015-08-14 12:00:39 : 157> [G]: 398190 [E]:  68575 [D]:  345 [T]:16 [TH]:10, In
2015-08-14 12:00:43 : 158> [G]: 216407 [E]: 225785 [D]: 2344 [T]:23 [TH]:10, In
2015-08-14 12:00:51 : 159> [G]: 104252 [E]:   9900 [D]:  992 [T]:26 [TH]:10, In
2015-08-14 12:00:59 : 160> [G]:  42236 [E]:  53487 [D]:  748 [T]:29 [TH]:10, In
2015-08-14 12:01:03 : 161> [G]: 220666 [E]: 183790 [D]: 2627 [T]:19 [TH]: -, -
2015-08-14 12:01:08 : 162> [G]: 354692 [E]: 354570 [D]: 1521 [T]: 1 [TH]: 9, In
2015-08-14 12:01:15 : 163> [G]:  53717 [E]:  44239 [D]:  309 [T]: 3 [TH]: 9, In
2015-08-14 12:01:19 : 164> [G]:   8986 [E]:   8127 [D]:  715 [T]: 1 [TH]: 9, In
2015-08-14 12:01:25 : 165> [G]:  56197 [E]:  26374 [D]: 1016 [T]: 2 [TH]: 9, In
2015-08-14 12:01:30 : 166> [G]: 233596 [E]: 312028 [D]: 2117 [T]:20 [TH]: -, -
2015-08-14 12:01:34 : 167> [G]:  62449 [E]:  13167 [D]:  462 [T]: 4 [TH]: 9, In
2015-08-14 12:01:38 : 168> [G]:  88736 [E]: 213080 [D]: 1459 [T]: 1 [TH]: 9, In
2015-08-14 12:01:43 : 169> [G]:  45906 [E]:   3592 [D]: 1579 [T]: 4 [TH]: 9, In
2015-08-14 12:01:48 : 170> [G]:  35655 [E]:  24457 [D]:  891 [T]: 3 [TH]: 9, In
2015-08-14 12:01:52 : 171> [G]:  85005 [E]:   5415 [D]: 1692 [T]:11 [TH]: 9, In
2015-08-14 12:01:55 : 172> [G]:  93123 [E]: 165566 [D]:  635 [T]: 1 [TH]: 8, In
2015-08-14 12:02:00 : 173> [G]:  23067 [E]: 116125 [D]:  488 [T]: 3 [TH]: 9, In
2015-08-14 12:02:05 : 174> [G]: 147423 [E]: 150758 [D]:  330 [T]: 1 [TH]: 9, In
2015-08-14 12:02:10 : 175> [G]:  23106 [E]:  50327 [D]:  673 [T]: 1 [TH]: 9, In
2015-08-14 12:02:21 : 176> [G]:  73699 [E]:  74411 [D]: 3120 [T]:13 [TH]:10, In
2015-08-14 12:02:27 : 177> [G]:  19938 [E]:  85070 [D]:  458 [T]: 5 [TH]: 9, In
2015-08-14 12:02:31 : 178> [G]: 121847 [E]:  41332 [D]:  662 [T]: 1 [TH]: 9, In
2015-08-14 12:02:40 : 179> [G]: 113350 [E]: 249441 [D]:  862 [T]:26 [TH]:10, In
2015-08-14 12:02:47 : 180> [G]: 135906 [E]: 150481 [D]:  163 [T]: 1 [TH]: 9, In
2015-08-14 12:02:53 : 181> [G]:   9185 [E]:  25843 [D]:  707 [T]: 4 [TH]: 9, In
2015-08-14 12:02:58 : 182> [G]:  20508 [E]: 130165 [D]:  605 [T]: 1 [TH]: 9, In
2015-08-14 12:03:04 : 183> [G]: 104110 [E]: 332735 [D]:  621 [T]: 3 [TH]: 9, In
2015-08-14 12:03:09 : 184> [G]:  90234 [E]: 111888 [D]: 1664 [T]: 6 [TH]: 9, In
2015-08-14 12:03:18 : 185> [G]: 136346 [E]: 104233 [D]: 2525 [T]:31 [TH]:10, In
2015-08-14 12:03:24 : 186> [G]:  57231 [E]:  93767 [D]:  335 [T]: 1 [TH]: 9, In
2015-08-14 12:03:29 : 187> [G]:   4832 [E]:  52973 [D]: 1013 [T]: 1 [TH]: 9, In
2015-08-14 12:03:38 : 188> [G]: 145539 [E]: 151674 [D]: 2449 [T]:16 [TH]:10, In
2015-08-14 12:03:46 : 189> [G]:  68880 [E]:  93155 [D]:  471 [T]:13 [TH]:10, In
2015-08-14 12:03:54 : 190> [G]: 174885 [E]: 371293 [D]:  627 [T]:32 [TH]:10, In
2015-08-14 12:04:00 : 191> [G]: 134760 [E]: 102669 [D]:  981 [T]: 1 [TH]: 9, In
2015-08-14 12:04:07 : 192> [G]:  43102 [E]:  30548 [D]:   47 [T]:16 [TH]:10, In
2015-08-14 12:04:11 : 193> [G]: 261405 [E]:  91406 [D]:  671 [T]:26 [TH]:10, In
2015-08-14 12:04:17 : 194> [G]: 137008 [E]:  74100 [D]:  557 [T]: 2 [TH]: 9, In
2015-08-14 12:04:22 : 195> [G]: 237462 [E]:  43416 [D]:  309 [T]: 1 [TH]: 9, In
2015-08-14 12:04:27 : 196> [G]: 211944 [E]: 253321 [D]: 2978 [T]: 5 [TH]: 9, In
2015-08-14 12:04:33 : 197> [G]: 122152 [E]: 217929 [D]:  987 [T]: 1 [TH]: 9, In
2015-08-14 12:04:37 : 198> [G]: 118177 [E]:  83343 [D]:  819 [T]: 1 [TH]: 9, In
2015-08-14 12:04:41 : 199> [G]: 193413 [E]: 155828 [D]: 2305 [T]: 3 [TH]: 9, In
2015-08-14 12:04:47 : 200> [G]: 279763 [E]: 403778 [D]: 2927 [T]:14 [TH]:10, Out
2015-08-14 12:04:48 : ~~~~~~~~~~~~~~~ TH Outside Found! ~~~~~~~~~~~~~~~~
2015-08-14 12:04:50 : ================ Search Complete =================
2015-08-14 12:04:50 : Initiating attack for: TH Snipe
2015-08-14 12:04:53 : -Barbarians 50
2015-08-14 12:04:53 : -Archers 90
2015-08-14 12:04:53 : -Giants 12
2015-08-14 12:04:53 : -Clan Castle 
2015-08-14 12:04:53 : -King 
2015-08-14 12:04:53 : -Lightning Spells 3
2015-08-14 12:04:53 : -Poison Spells 1
2015-08-14 12:04:53 :  ====== Start Attack ====== 
2015-08-14 12:04:55 : Sending 1st wave of archers.
2015-08-14 12:04:55 : Dropping first wave of 4 Archers
2015-08-14 12:04:56 : Deployment of Archers Successful!
2015-08-14 12:04:59 : Dropping first wave of 15 Archers
2015-08-14 12:05:01 : Deployment of Archers Successful!
2015-08-14 12:05:28 : Townhall has been destroyed!
2015-08-14 12:05:32 : Checking if the battle has finished
2015-08-14 12:05:33 : detected [G]:  [E]:  [DE]:  |  Exit now 
2015-08-14 12:05:33 : Battle has finished
2015-08-14 12:05:33 : Returning Home
2015-08-14 12:05:38 : Loot: [G]: 1 072 [E]: 1 090 [DE]:  [T]: 4
2015-08-14 12:05:38 : Bonus [G]: 140 000 [E]: 140 000 [DE]: 900
2015-08-14 12:05:41 : Your league level is: Master I
2015-08-14 12:05:41 : Stars earned: 1
2015-08-14 12:05:49 : Trying to locate Main Screen
2015-08-14 12:05:49 : Main Screen Located
2015-08-14 12:05:51 : Village Report
2015-08-14 12:05:51 : No. of Free/Total Builders: 0/5
2015-08-14 12:05:51 :  [T]: 3 163
2015-08-14 12:05:51 :  [G]: 6 001 000 [E]: 6 001 000 [D]: 80 000 [GEM]: 64
2015-08-14 12:05:51 : Collecting Resources
2015-08-14 12:06:00 : Checking if Village needs Rearming..
2015-08-14 12:06:09 : Checking Army Camp...
2015-08-14 12:06:11 : Total Army Camp capacity: 200/200
2015-08-14 12:06:12 :  - No. of Barbarians: 50
2015-08-14 12:06:12 :  - No. of Archers: 90
2015-08-14 12:06:12 :  - No. of Giants: 12
2015-08-14 12:06:12 : Barracks and Spell factory status: 
2015-08-14 12:06:12 : - Barracks detected: 4 | Available: 4 | Upgrading: 0
2015-08-14 12:06:12 : - Dark Barracks detected: 2 | Available: 1 | Upgrading: 1
2015-08-14 12:06:12 : - Spell factory detected: 1 | Available: 1 | Upgrading: 0
2015-08-14 12:06:12 : - Dark Spell factory detected: 1 | Available: 1 | Upgrading: 0
2015-08-14 12:06:12 : Training Troops...
2015-08-14 12:06:13 : Your Army Camps are now Full
2015-08-14 12:06:37 : Requesting Clan Castle Troops
2015-08-14 12:06:38 : Your Clan Castle is already full or you are not in a clan.
2015-08-14 12:06:41 : Going to Attack...
2015-08-14 12:06:46 : ============== Searching For Dead Base ===============
2015-08-14 12:06:46 : ~~~~~~~~~~~~~~~ SEARCH CONDITIONS ~~~~~~~~~~~~~~~~
2015-08-14 12:06:46 : Meet: Gold and Elixir, TH Outside
2015-08-14 12:06:47 : ~~~~~~~~~~~~~~ RESOURCE CONDITIONS ~~~~~~~~~~~~~~~
2015-08-14 12:06:47 : Aim: [G]: 999999 [E]: 999999 [D]:    0 [T]: 0, Out, Out, Out, Out, Out, Out, Out, Out, Out, Out, Out, Out, Out, Out, Out, Out, Out, Out, Out, Out, Out, Out, Out, Out, Out, Out, Out, Out, Out, Out, Out, Out, Out, Out, Out, Out, Out, Out, Out, Out, Out, Out, Out, Out, Out, Out, Out, Out, Out, Out, Out, Out, Out, Out, Out, Out, Out, Out, Out, Out, Out, Out, Out, Out, Out, Out, Out, Out, Out, Out, Out, Out, Out, Out, Out, Out, Out, Out, Out, Out, Out, Out, Out, Out, Out, Out, Out, Out, Out, Out, Out, Out, Out, Out, Out, Out, Out, Out, Out, Out, Out, Out, Out, Out, Out, Out, Out, Out, Out, Out, Out, Out, Out, Out, Out, Out for: Dead Base
2015-08-14 12:06:47 : ~~~~~~~~~~~~~~~ ADVANCED SETTINGS ~~~~~~~~~~~~~~~~
2015-08-14 12:06:47 : THSnipe Combo, 1 Tile(s), 
2015-08-14 12:06:47 : ==================================================
2015-08-14 12:06:53 :   1> [G]:  83022 [E]: 153963 [D]: 1482 [T]:16 [TH]:10, In
2015-08-14 12:07:08 :   2> [G]:  73612 [E]:  66153 [D]: 1444 [T]:24 [TH]:10, In
2015-08-14 12:07:14 :   3> [G]:  25780 [E]: 158837 [D]:  753 [T]: 3 [TH]: 9, In
2015-08-14 12:07:19 :   4> [G]: 128974 [E]:  60860 [D]: 1203 [T]: 6 [TH]: 9, In
2015-08-14 12:07:24 :   5> [G]:  32298 [E]: 112703 [D]:  415 [T]: 3 [TH]: 9, In
2015-08-14 12:07:39 :   6> [G]: 402348 [E]: 125597 [D]: 1960 [T]:34 [TH]:10, In
2015-08-14 12:07:45 :   7> [G]:  72985 [E]: 118661 [D]:  513 [T]: 1 [TH]: 9, In
2015-08-14 12:07:50 :   8> [G]: 147479 [E]:  54724 [D]:  242 [T]: 1 [TH]: 9, In
2015-08-14 12:07:58 :   9> [G]: 193551 [E]:  38143 [D]:  158 [T]:25 [TH]:10, In
2015-08-14 12:08:02 :  10> [G]:  10851 [E]:  50537 [D]: 1030 [T]: 3 [TH]: 9, In
2015-08-14 12:08:07 :  11> [G]:  69862 [E]:  97412 [D]:  599 [T]: 1 [TH]: 9, In
2015-08-14 12:08:15 :  12> [G]:  89194 [E]:  89458 [D]:  459 [T]: 1 [TH]: 9, In
2015-08-14 12:08:18 :  13> [G]:  60045 [E]:  70297 [D]:  839 [T]: 5 [TH]: 9, In
2015-08-14 12:08:25 :  14> [G]:  58243 [E]: 100798 [D]:  612 [T]: 1 [TH]: 9, In
2015-08-14 12:08:30 :  15> [G]: 110856 [E]:   2909 [D]:  608 [T]: 1 [TH]: 9, In
2015-08-14 12:08:36 :  16> [G]:  28843 [E]: 140946 [D]: 2488 [T]: 2 [TH]: -, -
2015-08-14 12:08:40 :  17> [G]:  62303 [E]: 110990 [D]:  959 [T]:25 [TH]:10, In
2015-08-14 12:08:44 :  18> [G]: 190230 [E]: 121687 [D]:  666 [T]: 1 [TH]: 9, In
2015-08-14 12:08:50 :  19> [G]:  63796 [E]: 171358 [D]:  738 [T]: 2 [TH]: 9, In
2015-08-14 12:08:54 :  20> [G]:  57832 [E]:  76841 [D]:  977 [T]: 3 [TH]: 9, In
2015-08-14 12:08:59 :  21> [G]:  23793 [E]:  97188 [D]:  527 [T]: 1 [TH]: 9, In
2015-08-14 12:09:05 :  22> [G]:  42565 [E]:  41900 [D]:  171 [T]: 1 [TH]: 9, In
2015-08-14 12:09:10 :  23> [G]:  20644 [E]: 134501 [D]:  958 [T]: 1 [TH]: 9, In
2015-08-14 12:09:19 :  24> [G]: 177591 [E]:  45000 [D]:  558 [T]:22 [TH]:10, In
2015-08-14 12:09:28 :  25> [G]: 347965 [E]:  76661 [D]: 2297 [T]:29 [TH]:10, In
2015-08-14 12:09:34 :  26> [G]:  58576 [E]:  59322 [D]:  375 [T]: 1 [TH]: 9, In
2015-08-14 12:09:40 :  27> [G]:  59644 [E]:  24813 [D]: 1180 [T]: 2 [TH]: 9, In
2015-08-14 12:09:45 :  28> [G]:  55623 [E]:  38123 [D]: 1416 [T]: 1 [TH]: 9, In
2015-08-14 12:09:50 :  29> [G]: 146252 [E]: 101739 [D]: 2064 [T]: 4 [TH]: 9, In
2015-08-14 12:09:59 :  30> [G]:  52185 [E]: 100389 [D]: 2862 [T]:32 [TH]:10, In
2015-08-14 12:10:04 :  31> [G]:  87154 [E]:  71954 [D]: 1353 [T]: 6 [TH]: 9, In
2015-08-14 12:10:09 :  32> [G]: 298601 [E]: 271221 [D]: 1023 [T]: 5 [TH]: 9, Out
2015-08-14 12:10:09 : ~~~~~~~~~~~~~~~ TH Outside Found! ~~~~~~~~~~~~~~~~
2015-08-14 12:10:10 : ================ Search Complete =================
2015-08-14 12:10:10 : Initiating attack for: TH Snipe
2015-08-14 12:10:13 : -Barbarians 50
2015-08-14 12:10:13 : -Archers 90
2015-08-14 12:10:13 : -Giants 12
2015-08-14 12:10:13 : -Clan Castle 
2015-08-14 12:10:13 : -King 
2015-08-14 12:10:13 : -Lightning Spells 3
2015-08-14 12:10:13 : -Poison Spells 1
2015-08-14 12:10:13 :  ====== Start Attack ====== 
2015-08-14 12:10:15 : Sending 1st wave of archers.
2015-08-14 12:10:15 : Dropping first wave of 4 Archers
2015-08-14 12:10:16 : Zooming in...
2015-08-14 12:10:19 : Done zooming.
2015-08-14 12:10:19 : Scrolling to bottom...
2015-08-14 12:10:23 : Deployment of Archers Successful!
2015-08-14 12:10:25 : Dropping first wave of 18 Archers
2015-08-14 12:10:29 : Deployment of Archers Successful!
2015-08-14 12:10:40 : Townhall has been destroyed!
2015-08-14 12:10:40 : Zooming Out
2015-08-14 12:10:49 : Checking if the battle has finished
2015-08-14 12:10:51 : detected [G]:  [E]:  [DE]:  |  Exit now 
2015-08-14 12:10:51 : Battle has finished
2015-08-14 12:10:51 : Returning Home
2015-08-14 12:10:56 : Loot: [G]: 1 012 [E]: 1 008 [DE]:  [T]: 1
2015-08-14 12:10:56 : Bonus [G]: 140 000 [E]: 140 000 [DE]: 900
2015-08-14 12:10:59 : Your league level is: Master I
2015-08-14 12:10:59 : Stars earned: 1
2015-08-14 12:11:07 : Trying to locate Main Screen
2015-08-14 12:11:07 : Main Screen Located
2015-08-14 12:11:08 : Village Report
2015-08-14 12:11:08 : No. of Free/Total Builders: 0/5
2015-08-14 12:11:08 :  [T]: 3 164
2015-08-14 12:11:09 :  [G]: 6 001 000 [E]: 6 001 000 [D]: 80 000 [GEM]: 64
2015-08-14 12:11:09 : Collecting Resources
2015-08-14 12:11:17 : Checking if Village needs Rearming..
2015-08-14 12:11:27 : Checking Army Camp...
2015-08-14 12:11:28 : Total Army Camp capacity: 200/200
2015-08-14 12:11:30 :  - No. of Barbarians: 50
2015-08-14 12:11:30 :  - No. of Archers: 90
2015-08-14 12:11:30 :  - No. of Giants: 12
2015-08-14 12:11:30 : Barracks and Spell factory status: 
2015-08-14 12:11:30 : - Barracks detected: 4 | Available: 4 | Upgrading: 0
2015-08-14 12:11:30 : - Dark Barracks detected: 2 | Available: 1 | Upgrading: 1
2015-08-14 12:11:30 : - Spell factory detected: 1 | Available: 1 | Upgrading: 0
2015-08-14 12:11:30 : - Dark Spell factory detected: 1 | Available: 1 | Upgrading: 0
2015-08-14 12:11:30 : Training Troops...
2015-08-14 12:11:31 : Your Army Camps are now Full
2015-08-14 12:11:54 : Requesting Clan Castle Troops
2015-08-14 12:11:55 : Your Clan Castle is already full or you are not in a clan.
2015-08-14 12:11:58 : Going to Attack...
2015-08-14 12:12:04 : ============== Searching For Dead Base ===============
2015-08-14 12:12:04 : ~~~~~~~~~~~~~~~ SEARCH CONDITIONS ~~~~~~~~~~~~~~~~
2015-08-14 12:12:04 : Meet: Gold and Elixir, TH Outside
2015-08-14 12:12:04 : ~~~~~~~~~~~~~~ RESOURCE CONDITIONS ~~~~~~~~~~~~~~~
2015-08-14 12:12:04 : Aim: [G]: 999999 [E]: 999999 [D]:    0 [T]: 0, Out, Out, Out, Out, Out, Out, Out, Out, Out, Out, Out, Out, Out, Out, Out, Out, Out, Out, Out, Out, Out, Out, Out, Out, Out, Out, Out, Out, Out, Out, Out, Out, Out, Out, Out, Out, Out, Out, Out, Out, Out, Out, Out, Out, Out, Out, Out, Out, Out, Out, Out, Out, Out, Out, Out, Out, Out, Out, Out, Out, Out, Out, Out, Out, Out, Out, Out, Out, Out, Out, Out, Out, Out, Out, Out, Out, Out, Out, Out, Out, Out, Out, Out, Out, Out, Out, Out, Out, Out, Out, Out, Out, Out, Out, Out, Out, Out, Out, Out, Out, Out, Out, Out, Out, Out, Out, Out, Out, Out, Out, Out, Out, Out, Out, Out, Out, Out for: Dead Base
2015-08-14 12:12:04 : ~~~~~~~~~~~~~~~ ADVANCED SETTINGS ~~~~~~~~~~~~~~~~
2015-08-14 12:12:04 : THSnipe Combo, 1 Tile(s), 
2015-08-14 12:12:04 : ==================================================
2015-08-14 12:12:05 :   1> [G]: 289094 [E]: 126851 [D]: 1666 [T]:31 [TH]: 9, In
2015-08-14 12:12:14 :   2> [G]: 125731 [E]: 147954 [D]: 1454 [T]:25 [TH]:10, In
2015-08-14 12:12:24 :   3> [G]: 134035 [E]: 130353 [D]: 1883 [T]:18 [TH]:10, In
2015-08-14 12:12:33 :   4> [G]: 246631 [E]: 135441 [D]: 3112 [T]:34 [TH]:10, In
2015-08-14 12:12:44 :   5> [G]:  71738 [E]:  30420 [D]: 1343 [T]: 9 [TH]: 9, In
2015-08-14 12:12:48 :   6> [G]:  23950 [E]:  12651 [D]: 1038 [T]: 8 [TH]: 9, In
2015-08-14 12:12:52 :   7> [G]: 120960 [E]:  62332 [D]:   18 [T]: 2 [TH]: 9, In
2015-08-14 12:12:57 :   8> [G]:  99248 [E]:   4538 [D]:  360 [T]: 2 [TH]: 9, In
2015-08-14 12:13:07 :   9> [G]:  70957 [E]: 212969 [D]: 1243 [T]:21 [TH]:10, In
2015-08-14 12:13:12 :  10> [G]:  53889 [E]:  29551 [D]: 1211 [T]: 2 [TH]: 9, In
2015-08-14 12:13:21 :  11> [G]:  76613 [E]: 136383 [D]: 3965 [T]:23 [TH]:10, In
2015-08-14 12:13:26 :  12> [G]:  22400 [E]:  29042 [D]:  697 [T]: 2 [TH]: 9, In
2015-08-14 12:13:34 :  13> [G]:   8157 [E]:  24878 [D]:  295 [T]: 2 [TH]: 9, In
2015-08-14 12:13:51 :  14> [G]: 366223 [E]: 243160 [D]: 2915 [T]:23 [TH]:10, In
2015-08-14 12:13:58 :  15> [G]:  29938 [E]:   6791 [D]:  468 [T]: 2 [TH]: 9, In
2015-08-14 12:14:04 :  16> [G]:  72185 [E]:  71211 [D]:  543 [T]: 5 [TH]: 9, In
2015-08-14 12:14:07 :  17> [G]:  20585 [E]:  42918 [D]: 1282 [T]: 2 [TH]: 9, In
2015-08-14 12:14:13 :  18> [G]: 163881 [E]:  40345 [D]: 1570 [T]: 1 [TH]: 9, In
2015-08-14 12:14:18 :  19> [G]:  45116 [E]:  94009 [D]:  528 [T]: 2 [TH]: 9, In
2015-08-14 12:14:24 :  20> [G]:  39500 [E]:  59531 [D]:  823 [T]: 1 [TH]: 9, In
2015-08-14 12:14:33 :  21> [G]:  24884 [E]: 138187 [D]:  783 [T]:14 [TH]:10, In
2015-08-14 12:14:36 :  22> [G]: 170284 [E]: 304511 [D]:  805 [T]:14 [TH]: 8, Out
2015-08-14 12:14:36 : ~~~~~~~~~~~~~~~ TH Outside Found! ~~~~~~~~~~~~~~~~
2015-08-14 12:14:38 : ================ Search Complete =================
2015-08-14 12:14:38 : Initiating attack for: TH Snipe
2015-08-14 12:14:41 : -Barbarians 50
2015-08-14 12:14:41 : -Archers 90
2015-08-14 12:14:41 : -Giants 12
2015-08-14 12:14:41 : -Clan Castle 
2015-08-14 12:14:41 : -King 
2015-08-14 12:14:41 : -Lightning Spells 3
2015-08-14 12:14:41 : -Poison Spells 1
2015-08-14 12:14:41 :  ====== Start Attack ====== 
2015-08-14 12:14:43 : Sending 1st wave of archers.
2015-08-14 12:14:43 : Dropping first wave of 4 Archers
2015-08-14 12:14:45 : Deployment of Archers Successful!
2015-08-14 12:14:47 : Dropping first wave of 18 Archers
2015-08-14 12:14:50 : Deployment of Archers Successful!
2015-08-14 12:15:23 : Sending second wave of archers.
2015-08-14 12:15:23 : Dropping second wave of 20 Archers
2015-08-14 12:15:27 : Deployment of Archers Successful!
2015-08-14 12:15:59 : Still no star - Let's send in more diverse troops!
2015-08-14 12:15:59 : Dropping first wave of 2 Giants
2015-08-14 12:16:00 : Deployment of Giants Successful!
2015-08-14 12:16:02 : Dropping second wave of 6 Giants
2015-08-14 12:16:04 : Deployment of Giants Successful!
2015-08-14 12:16:05 : Dropping first wave of 15 Barbarians
2015-08-14 12:16:08 : Deployment of Barbarians Successful!
2015-08-14 12:16:10 : Dropping first wave of 20 Barbarians
2015-08-14 12:16:13 : Deployment of Barbarians Successful!
2015-08-14 12:16:15 : Dropping third wave of 24 Archers
2015-08-14 12:16:19 : Deployment of Archers Successful!
2015-08-14 12:16:20 : Dropping third wave of 28 Archers
2015-08-14 12:16:24 : Deployment of Archers Successful!
2015-08-14 12:16:51 : Hope the rest of your troops can finish the job!
2015-08-14 12:16:51 : Dropping third wave of 18 Giants
2015-08-14 12:16:55 : Deployment of Giants Successful!
2015-08-14 12:16:57 : Dropping King
2015-08-14 12:16:59 : Dropping Clan Castle
2015-08-14 12:17:00 : Waiting 9 seconds before activating King/Queen
2015-08-14 12:17:09 : Activate King's power
2015-08-14 12:17:09 : Dropping second wave of 32 Barbarians
2015-08-14 12:17:14 : Deployment of Barbarians Successful!
2015-08-14 12:17:15 : No Archers troop Found!!!
2015-08-14 12:17:15 : No Barbarians troop Found!!!
2015-08-14 12:17:15 : No Archers troop Found!!!
2015-08-14 12:17:16 : No Barbarians troop Found!!!
2015-08-14 12:17:16 : No Archers troop Found!!!
2015-08-14 12:17:42 : All Giants, Barbs, and Archers should be deployed, in addition to Heroes & CC (if options are selected). Other troops are not meant to be deployed in this algorithm.
2015-08-14 12:18:15 : Checking if the battle has finished
2015-08-14 12:18:17 : detected [G]:  [E]:  [DE]:  |  Exit now 
2015-08-14 12:18:17 : Battle has finished
2015-08-14 12:18:17 : Returning Home
2015-08-14 12:18:21 : Loot: [G]: 16 [E]: 1 378 [DE]:  [T]: -30
2015-08-14 12:18:21 : Stars earned: 0
2015-08-14 12:18:29 : Trying to locate Main Screen
2015-08-14 12:18:29 : Main Screen Located
2015-08-14 12:18:31 : Village Report
2015-08-14 12:18:31 : No. of Free/Total Builders: 0/5
2015-08-14 12:18:31 :  [T]: 3 134
2015-08-14 12:18:31 :  [G]: 5 988 256 [E]: 5 982 428 [D]: 80 000 [GEM]: 64
2015-08-14 12:18:31 : Collecting Resources
2015-08-14 12:18:40 : Checking if Village needs Rearming..
2015-08-14 12:18:49 : Checking Army Camp...
2015-08-14 12:18:51 : Total Army Camp capacity: 67/200
2015-08-14 12:18:52 :  - No. of Archers: 67
2015-08-14 12:18:52 : Barracks and Spell factory status: 
2015-08-14 12:18:52 : - Barracks detected: 4 | Available: 4 | Upgrading: 0
2015-08-14 12:18:52 : - Dark Barracks detected: 2 | Available: 1 | Upgrading: 1
2015-08-14 12:18:52 : - Spell factory detected: 1 | Available: 1 | Upgrading: 0
2015-08-14 12:18:52 : - Dark Spell factory detected: 1 | Available: 1 | Upgrading: 0
2015-08-14 12:18:52 : Training Troops...
2015-08-14 12:19:14 : Requesting Clan Castle Troops
2015-08-14 12:19:23 : ====== Waiting for full army ======
2015-08-14 12:19:35 : Checking Army Camp...
2015-08-14 12:19:37 : Total Army Camp capacity: 72/200
2015-08-14 12:19:38 :  - No. of Archers: 72
2015-08-14 12:19:38 : Training Troops...
2015-08-14 12:19:45 : Time Idle: 00:00:21
2015-08-14 12:19:45 : ====== Waiting for full army ======
2015-08-14 12:19:57 : Checking Army Camp...
2015-08-14 12:20:01 : Total Army Camp capacity: 76/200
2015-08-14 12:20:02 :  - No. of Archers: 76
2015-08-14 12:20:02 : Training Troops...
2015-08-14 12:20:09 : Time Idle: 00:00:45
2015-08-14 12:20:09 : ====== Waiting for full army ======
2015-08-14 12:20:21 : Checking Army Camp...
2015-08-14 12:20:23 : Total Army Camp capacity: 79/200
2015-08-14 12:20:24 :  - No. of Archers: 79
2015-08-14 12:20:24 : Training Troops...
2015-08-14 12:20:31 : Time Idle: 00:01:07
2015-08-14 12:20:31 : ====== Waiting for full army ======
2015-08-14 12:20:43 : Checking Army Camp...
2015-08-14 12:20:45 : Total Army Camp capacity: 83/200
2015-08-14 12:20:46 :  - No. of Archers: 83
2015-08-14 12:20:46 : Training Troops...
2015-08-14 12:20:54 : Time Idle: 00:01:29
2015-08-14 12:20:54 : ====== Waiting for full army ======
2015-08-14 12:21:06 : Checking Army Camp...
2015-08-14 12:21:08 : Total Army Camp capacity: 84/200
2015-08-14 12:21:09 :  - No. of Archers: 84
2015-08-14 12:21:09 : Training Troops...
2015-08-14 12:21:17 : Time Idle: 00:01:52
2015-08-14 12:21:17 : ====== Waiting for full army ======
2015-08-14 12:21:29 : Checking Army Camp...
2015-08-14 12:21:31 : Total Army Camp capacity: 84/200
2015-08-14 12:21:32 :  - No. of Archers: 84
2015-08-14 12:21:32 : Training Troops...
2015-08-14 12:21:40 : Time Idle: 00:02:14
