2015-08-14 12:28:03 : ~~ Clash Game Bot v4.1.1 Powered by GameBot.org ~~
2015-08-14 12:28:03 : GameBot.org.exe Executable running on WIN_7  X64
2015-08-14 12:28:03 : =================== Bot Start ====================
2015-08-14 12:28:03 : -------------------------  Current Profile: 03 --------------------------
2015-08-14 12:28:03 : Trying to locate Main Screen
2015-08-14 12:28:03 : Main Screen Located
2015-08-14 12:28:04 : Detecting your Buildings..
2015-08-14 12:28:07 : Language setting is English: Correct.
2015-08-14 12:28:08 : Trying to locate Main Screen
2015-08-14 12:28:08 : Main Screen Located
2015-08-14 12:28:10 : Village Report
2015-08-14 12:28:10 : No. of Free/Total Builders: 0/5
2015-08-14 12:28:10 :  [T]: 3 134
2015-08-14 12:28:10 :  [G]: 5 998 614 [E]: 5 988 350 [D]: 8 000 [GEM]: 64
2015-08-14 12:28:11 : Collecting Resources
2015-08-14 12:28:19 : Checking if Village needs Rearming..
2015-08-14 12:28:28 : Checking Army Camp...
2015-08-14 12:28:30 : Total Army Camp capacity: 157/200
2015-08-14 12:28:34 :  - No. of Barbarians: 19
2015-08-14 12:28:34 :  - No. of Archers: 78
2015-08-14 12:28:34 :  - No. of Giants: 12
2015-08-14 12:28:34 : Barracks and Spell factory status: 
2015-08-14 12:28:34 : - Barracks detected: 4 | Available: 4 | Upgrading: 0
2015-08-14 12:28:34 : - Dark Barracks detected: 2 | Available: 1 | Upgrading: 1
2015-08-14 12:28:34 : - Spell factory detected: 1 | Available: 1 | Upgrading: 0
2015-08-14 12:28:34 : - Dark Spell factory detected: 1 | Available: 1 | Upgrading: 0
2015-08-14 12:28:34 : Training Troops...
2015-08-14 12:28:53 : Requesting Clan Castle Troops
2015-08-14 12:28:53 : Your Clan Castle is already full or you are not in a clan.
2015-08-14 12:28:56 : ====== Waiting for full army ======
2015-08-14 12:29:08 : Checking Army Camp...
2015-08-14 12:29:10 : Total Army Camp capacity: 161/200
2015-08-14 12:29:11 :  - No. of Barbarians: 20
2015-08-14 12:29:11 :  - No. of Archers: 81
2015-08-14 12:29:11 :  - No. of Giants: 12
2015-08-14 12:29:12 : Training Troops...
2015-08-14 12:29:22 : Time Idle: 00:00:25
2015-08-14 12:29:22 : ====== Waiting for full army ======
2015-08-14 12:29:34 : Checking Army Camp...
2015-08-14 12:29:36 : Total Army Camp capacity: 166/200
2015-08-14 12:29:37 :  - No. of Barbarians: 24
2015-08-14 12:29:37 :  - No. of Archers: 82
2015-08-14 12:29:37 :  - No. of Giants: 12
2015-08-14 12:29:38 : Training Troops...
2015-08-14 12:29:46 : Time Idle: 00:00:49
2015-08-14 12:29:46 : ====== Waiting for full army ======
2015-08-14 12:29:58 : Checking Army Camp...
2015-08-14 12:30:00 : Total Army Camp capacity: 170/200
2015-08-14 12:30:01 :  - No. of Barbarians: 28
2015-08-14 12:30:01 :  - No. of Archers: 82
2015-08-14 12:30:01 :  - No. of Giants: 12
2015-08-14 12:30:01 : Training Troops...
2015-08-14 12:30:11 : Time Idle: 00:01:14
2015-08-14 12:30:11 : ====== Waiting for full army ======
2015-08-14 12:30:23 : Checking Army Camp...
2015-08-14 12:30:25 : Total Army Camp capacity: 175/200
2015-08-14 12:30:26 :  - No. of Barbarians: 33
2015-08-14 12:30:26 :  - No. of Archers: 82
2015-08-14 12:30:26 :  - No. of Giants: 12
2015-08-14 12:30:27 : Training Troops...
2015-08-14 12:30:35 : Time Idle: 00:01:37
2015-08-14 12:30:35 : ====== Waiting for full army ======
2015-08-14 12:30:47 : Checking Army Camp...
2015-08-14 12:30:49 : Total Army Camp capacity: 180/200
2015-08-14 12:30:50 :  - No. of Barbarians: 38
2015-08-14 12:30:50 :  - No. of Archers: 82
2015-08-14 12:30:50 :  - No. of Giants: 12
2015-08-14 12:30:51 : Training Troops...
2015-08-14 12:30:51 : Your Army Camps are now Full
2015-08-14 12:31:14 : Going to Attack...
2015-08-14 12:31:20 : ============== Searching For Dead Base ===============
2015-08-14 12:31:20 : ~~~~~~~~~~~~~~~ SEARCH CONDITIONS ~~~~~~~~~~~~~~~~
2015-08-14 12:31:20 : Meet: Gold and Elixir, TH Outside
2015-08-14 12:31:20 : ~~~~~~~~~~~~~~ RESOURCE CONDITIONS ~~~~~~~~~~~~~~~
2015-08-14 12:31:20 : Aim: [G]: 999999 [E]: 999999 [D]:    0 [T]: 0, Out for: Dead Base
2015-08-14 12:31:20 : ~~~~~~~~~~~~~~~ ADVANCED SETTINGS ~~~~~~~~~~~~~~~~
2015-08-14 12:31:20 : THSnipe Combo, 1 Tile(s), 
2015-08-14 12:31:20 : ==================================================
2015-08-14 12:31:24 :   1> [G]: 114206 [E]:  71423 [D]: 1186 [T]:17 [TH]:10, In
2015-08-14 12:31:39 :   2> [G]:  16363 [E]:  80628 [D]: 1452 [T]:33 [TH]:10, In
2015-08-14 12:31:47 :   3> [G]: 170769 [E]: 144119 [D]: 1386 [T]: 6 [TH]: 9, In
2015-08-14 12:31:55 :   4> [G]: 109931 [E]: 169949 [D]:  814 [T]:11 [TH]: 9, In
2015-08-14 12:32:00 :   5> [G]:  70897 [E]: 116268 [D]:  831 [T]: 5 [TH]: 9, In
2015-08-14 12:32:04 :   6> [G]:  82525 [E]: 166146 [D]: 1532 [T]: 4 [TH]: 9, In
2015-08-14 12:32:08 :   7> [G]:  83236 [E]:  39018 [D]: 1272 [T]: 4 [TH]: 9, In
2015-08-14 12:32:14 :   8> [G]: 105845 [E]: 115376 [D]: 1894 [T]: 4 [TH]: 9, In
2015-08-14 12:32:18 :   9> [G]: 112618 [E]:  88951 [D]: 1491 [T]:19 [TH]: -, -
2015-08-14 12:32:23 :  10> [G]: 176193 [E]:  89984 [D]:  590 [T]: 2 [TH]: 9, In
2015-08-14 12:32:28 :  11> [G]: 200039 [E]: 300778 [D]: 2241 [T]: 3 [TH]: 9, In
2015-08-14 12:32:36 :  12> [G]:  28879 [E]:  40807 [D]:  384 [T]: 2 [TH]: 9, In
2015-08-14 12:32:41 :  13> [G]:  18705 [E]:  95902 [D]:  617 [T]: 1 [TH]: 9, In
2015-08-14 12:32:44 :  14> [G]: 122955 [E]:  17294 [D]: 1665 [T]: 5 [TH]: 9, In
2015-08-14 12:32:48 :  15> [G]:  28563 [E]:  72260 [D]: 1162 [T]: 1 [TH]: 9, In
2015-08-14 12:32:57 :  16> [G]: 186862 [E]: 182987 [D]: 2231 [T]:15 [TH]:10, In
2015-08-14 12:33:03 :  17> [G]: 245293 [E]: 244631 [D]: 3100 [T]: 7 [TH]: 9, In
2015-08-14 12:33:08 :  18> [G]:  90829 [E]:  84326 [D]:  579 [T]: 1 [TH]: 9, In
2015-08-14 12:33:14 :  19> [G]:  13799 [E]:   7915 [D]:  232 [T]: 4 [TH]: 9, In
2015-08-14 12:33:19 :  20> [G]:  41361 [E]:  27523 [D]:  444 [T]:11 [TH]: 9, In
2015-08-14 12:33:24 :  21> [G]:  61123 [E]:  99967 [D]:  500 [T]: 2 [TH]: 9, In
2015-08-14 12:33:29 :  22> [G]:  31633 [E]:  89653 [D]:  723 [T]: 2 [TH]: 9, In
2015-08-14 12:33:34 :  23> [G]:  58160 [E]:  91843 [D]: 1044 [T]: 2 [TH]: 9, In
2015-08-14 12:33:38 :  24> [G]: 111323 [E]:  27943 [D]: 1079 [T]: 1 [TH]: 9, In
2015-08-14 12:33:44 :  25> [G]:  41672 [E]:   2813 [D]:  802 [T]: 1 [TH]: 9, In
2015-08-14 12:33:49 :  26> [G]:  11740 [E]:  50077 [D]: 1026 [T]: 4 [TH]: 9, In
2015-08-14 12:33:57 :  27> [G]: 151301 [E]: 313464 [D]: 1766 [T]:15 [TH]: -, -
2015-08-14 12:34:01 :  28> [G]: 216441 [E]: 207081 [D]: 1974 [T]:29 [TH]:10, In
2015-08-14 12:34:06 :  29> [G]:  28640 [E]: 175102 [D]:  651 [T]: 3 [TH]: 9, In
2015-08-14 12:34:13 :  30> [G]:  44515 [E]: 179346 [D]:  835 [T]: 2 [TH]: 9, In
2015-08-14 12:34:18 :  31> [G]: 100010 [E]:  54804 [D]:  796 [T]: 7 [TH]: 9, In
2015-08-14 12:34:23 :  32> [G]:  35038 [E]:  51080 [D]:  139 [T]: 2 [TH]: 9, In
