2015-08-14 18:18:30 : ~~ Clash Game Bot v4.1.1 Powered by GameBot.org ~~
2015-08-14 18:18:30 : GameBot.org.exe Executable running on WIN_7  X64
2015-08-14 18:18:30 : =================== Bot Start ====================
2015-08-14 18:18:30 : -------------------------  Current Profile: 03 --------------------------
2015-08-14 18:18:30 : Trying to locate Main Screen
2015-08-14 18:18:30 : Zooming Out
2015-08-14 18:18:34 : Main Screen Located
2015-08-14 18:18:35 : Detecting your Buildings..
2015-08-14 18:18:36 : Language setting is English: Correct.
2015-08-14 18:18:37 : Trying to locate Main Screen
2015-08-14 18:18:37 : Main Screen Located
2015-08-14 18:18:38 : Village Report
2015-08-14 18:18:38 : No. of Free/Total Builders: 0/5
2015-08-14 18:18:38 :  [T]: 3 073
2015-08-14 18:18:39 :  [G]: 5 778 000 [E]: 5 857 922 [D]: 78 000 [GEM]: 77
2015-08-14 18:18:39 : Collecting Resources
2015-08-14 18:18:47 : Found tombstone ,  Removing...
2015-08-14 18:18:50 : Checking if Village needs Rearming..
2015-08-14 18:18:59 : Checking Army Camp...
2015-08-14 18:19:01 : Total Army Camp capacity: 200/200
2015-08-14 18:19:02 :  - No. of Barbarians: 34
2015-08-14 18:19:02 :  - No. of Archers: 106
2015-08-14 18:19:03 :  - No. of Giants: 12
2015-08-14 18:19:03 : Barracks and Spell factory status: 
2015-08-14 18:19:03 : - Barracks detected: 4 | Available: 4 | Upgrading: 0
2015-08-14 18:19:03 : - Dark Barracks detected: 2 | Available: 1 | Upgrading: 1
2015-08-14 18:19:03 : - Spell factory detected: 1 | Available: 1 | Upgrading: 0
2015-08-14 18:19:03 : - Dark Spell factory detected: 1 | Available: 1 | Upgrading: 0
2015-08-14 18:19:03 : Training Troops...
2015-08-14 18:19:04 : Your Army Camps are now Full
2015-08-14 18:19:04 : Too many Arch, train last.
2015-08-14 18:19:04 : Too few Barb, train first.
2015-08-14 18:19:24 : Requesting Clan Castle Troops
