2015-08-11 01:28:11 : ~~ Clash Game Bot v4.1.1 Powered by GameBot.org ~~
2015-08-11 01:28:11 : GameBot.org.exe Executable running on WIN_7  X64
2015-08-11 01:28:11 : =================== Bot Start ====================
2015-08-11 01:28:11 : -------------------------  Current Profile: 03 --------------------------
2015-08-11 01:28:11 : Trying to locate Main Screen
2015-08-11 01:28:11 : Main Screen Located
2015-08-11 01:28:12 : Detecting your Buildings..
2015-08-11 01:28:15 : Language setting is English: Correct.
2015-08-11 01:28:16 : Trying to locate Main Screen
2015-08-11 01:28:16 : Main Screen Located
2015-08-11 01:28:18 : Village Report
2015-08-11 01:28:18 : No. of Free/Total Builders: 0/5
2015-08-11 01:28:18 :  [T]: 2 604
2015-08-11 01:28:18 :  [G]: 375 759 [E]: 5 046 385 [D]: 36 737 [GEM]: 33
2015-08-11 01:28:18 : Collecting Resources
2015-08-11 01:28:27 : Checking if Village needs Rearming..
2015-08-11 01:28:36 : Checking Army Camp...
2015-08-11 01:28:38 : Total Army Camp capacity: 0/200
2015-08-11 01:28:39 : Barracks and Spell factory status: 
2015-08-11 01:28:39 : - Barracks detected: 4 | Available: 3 | Upgrading: 1
2015-08-11 01:28:39 : - Dark Barracks detected: 2 | Available: 2 | Upgrading: 0
2015-08-11 01:28:39 : - Spell factory detected: 1 | Available: 1 | Upgrading: 0
2015-08-11 01:28:39 : - Dark Spell factory detected: 1 | Available: 1 | Upgrading: 0
2015-08-11 01:28:39 : Training Troops...
