2015-08-14 18:44:39 : ~~ Clash Game Bot v4.1.1 Powered by GameBot.org ~~
2015-08-14 18:44:39 : GameBot.org.exe Executable running on WIN_7  X64
2015-08-14 18:44:39 : =================== Bot Start ====================
2015-08-14 18:44:39 : -------------------------  Current Profile: 03 --------------------------
2015-08-14 18:44:40 : Trying to locate Main Screen
2015-08-14 18:44:40 : Main Screen Located
2015-08-14 18:44:41 : Detecting your Buildings..
2015-08-14 18:44:43 : Language setting is English: Correct.
2015-08-14 18:44:44 : Trying to locate Main Screen
2015-08-14 18:44:44 : Main Screen Located
2015-08-14 18:44:46 : Village Report
2015-08-14 18:44:46 : No. of Free/Total Builders: 0/5
2015-08-14 18:44:46 :  [T]: 3 082
2015-08-14 18:44:46 :  [G]: 5 901 081 [E]: 5 963 759 [D]: 79 661 [GEM]: 77
2015-08-14 18:44:47 : Collecting Resources
2015-08-14 18:44:55 : Checking if Village needs Rearming..
2015-08-14 18:45:05 : Checking Army Camp...
2015-08-14 18:45:07 : Total Army Camp capacity: 200/200
2015-08-14 18:45:10 :  - No. of Barbarians: 53
2015-08-14 18:45:10 :  - No. of Archers: 87
2015-08-14 18:45:10 :  - No. of Giants: 12
2015-08-14 18:45:10 : Barracks and Spell factory status: 
2015-08-14 18:45:10 : - Barracks detected: 4 | Available: 4 | Upgrading: 0
2015-08-14 18:45:10 : - Dark Barracks detected: 2 | Available: 1 | Upgrading: 1
2015-08-14 18:45:10 : - Spell factory detected: 1 | Available: 1 | Upgrading: 0
2015-08-14 18:45:10 : - Dark Spell factory detected: 1 | Available: 1 | Upgrading: 0
2015-08-14 18:45:11 : Training Troops...
2015-08-14 18:45:11 : Your Army Camps are now Full
2015-08-14 18:45:39 : Requesting Clan Castle Troops
2015-08-14 18:45:39 : Your Clan Castle is already full or you are not in a clan.
2015-08-14 18:45:42 : Going to Attack...
2015-08-14 18:45:48 : ============== Searching For Dead Base ===============
2015-08-14 18:45:48 : ~~~~~~~~~~~~~~~ SEARCH CONDITIONS ~~~~~~~~~~~~~~~~
2015-08-14 18:45:48 : Meet: Gold and Elixir, TH Outside
2015-08-14 18:45:48 : ~~~~~~~~~~~~~~ RESOURCE CONDITIONS ~~~~~~~~~~~~~~~
2015-08-14 18:45:48 : Aim: [G]: 999999 [E]: 999999 [D]:    0 [T]: 0, Out for: Dead Base
2015-08-14 18:45:48 : ~~~~~~~~~~~~~~~ ADVANCED SETTINGS ~~~~~~~~~~~~~~~~
2015-08-14 18:45:48 : THSnipe Combo, 1 Tile(s), 
2015-08-14 18:45:48 : ==================================================
2015-08-14 18:45:54 :   1> [G]:  65347 [E]: 117395 [D]:  929 [T]:19 [TH]:10, In
2015-08-14 18:45:58 :   2> [G]: 149884 [E]: 166889 [D]: 1446 [T]:18 [TH]:10, In
2015-08-14 18:46:02 :   3> [G]:  86785 [E]: 126989 [D]:  347 [T]:17 [TH]:10, In
2015-08-14 18:46:21 :   4> [G]:   3402 [E]:  55039 [D]: 1257 [T]: 3 [TH]: 9, In
2015-08-14 18:46:32 :   5> [G]: 104920 [E]: 138314 [D]:  870 [T]:15 [TH]:10, In
2015-08-14 18:46:38 :   6> [G]: 130441 [E]:  34321 [D]:  657 [T]: 6 [TH]: 9, In
2015-08-14 18:46:42 :   7> [G]: 146763 [E]: 149139 [D]: 2085 [T]: 2 [TH]: 9, In
2015-08-14 18:46:48 :   8> [G]:  54419 [E]:  39160 [D]:  833 [T]: 3 [TH]: 9, In
2015-08-14 18:46:53 :   9> [G]:   3657 [E]:   4157 [D]:   87 [T]: 5 [TH]: 9, In
2015-08-14 18:46:57 :  10> [G]:  38527 [E]:  95426 [D]:  908 [T]: 3 [TH]: 9, In
2015-08-14 18:47:01 :  11> [G]:  62626 [E]:  88725 [D]: 2322 [T]: 1 [TH]: 9, In
2015-08-14 18:47:05 :  12> [G]: 140079 [E]:  67310 [D]: 2488 [T]: 6 [TH]: 9, In
2015-08-14 18:47:08 :  13> [G]:  19307 [E]:  64377 [D]: 2532 [T]:20 [TH]:10, In
2015-08-14 18:47:13 :  14> [G]:  47363 [E]: 137609 [D]:  772 [T]: 1 [TH]: 9, In
2015-08-14 18:47:19 :  15> [G]: 354481 [E]: 291919 [D]: 1881 [T]: 8 [TH]: 9, In
2015-08-14 18:47:27 :  16> [G]:   9217 [E]:  10207 [D]:  651 [T]: 1 [TH]: 9, In
2015-08-14 18:47:31 :  17> [G]:  29116 [E]:   4557 [D]:  801 [T]: 1 [TH]: 9, In
2015-08-14 18:47:36 :  18> [G]:  46403 [E]:  64440 [D]:  221 [T]: 1 [TH]: 9, In
2015-08-14 18:47:41 :  19> [G]: 170141 [E]: 129335 [D]: 1172 [T]: 1 [TH]: 9, In
2015-08-14 18:47:45 :  20> [G]:  27875 [E]:  24255 [D]: 1390 [T]: 3 [TH]: 9, In
2015-08-14 18:47:50 :  21> [G]:  27514 [E]:  34925 [D]:  703 [T]: 1 [TH]: 9, In
2015-08-14 18:47:56 :  22> [G]:  23556 [E]:  62519 [D]: 1033 [T]: 2 [TH]: 9, In
2015-08-14 18:48:02 :  23> [G]: 193250 [E]:  76139 [D]: 1260 [T]: 2 [TH]: 9, In
2015-08-14 18:48:08 :  24> [G]: 143175 [E]: 203466 [D]: 1205 [T]:10 [TH]: 9, In
2015-08-14 18:48:13 :  25> [G]:  59976 [E]:  87064 [D]:   84 [T]: 4 [TH]: 9, In
2015-08-14 18:48:20 :  26> [G]:  72466 [E]: 100305 [D]:  564 [T]: 1 [TH]: 9, In
2015-08-14 18:48:28 :  27> [G]: 177450 [E]: 187054 [D]: 1762 [T]:32 [TH]: 9, In
2015-08-14 18:48:37 :  28> [G]:  59025 [E]: 144549 [D]:  830 [T]:13 [TH]:10, In
2015-08-14 18:48:41 :  29> [G]:  42310 [E]:  69921 [D]:  539 [T]: 1 [TH]: 9, In
2015-08-14 18:48:47 :  30> [G]:  51784 [E]: 143708 [D]:  144 [T]: 2 [TH]: 9, In
2015-08-14 18:48:52 :  31> [G]:  76031 [E]:  73242 [D]:  421 [T]: 1 [TH]: 9, In
2015-08-14 18:48:57 :  32> [G]:  69008 [E]:  98490 [D]:  711 [T]: 5 [TH]: 9, In
2015-08-14 18:49:03 :  33> [G]:  82939 [E]:  86284 [D]:  726 [T]: 5 [TH]: 9, In
2015-08-14 18:49:06 :  34> [G]:  10680 [E]:  74922 [D]:  208 [T]: 1 [TH]: 9, In
2015-08-14 18:49:11 :  35> [G]:  37433 [E]:  17285 [D]: 1109 [T]: 1 [TH]: 9, In
2015-08-14 18:49:18 :  36> [G]:  73392 [E]:   1039 [D]: 1327 [T]: 6 [TH]: 9, In
2015-08-14 18:49:24 :  37> [G]: 166217 [E]:   9369 [D]:  380 [T]: 2 [TH]: 9, In
2015-08-14 18:49:30 :  38> [G]:   2876 [E]:   4924 [D]:  986 [T]: 1 [TH]: 9, In
2015-08-14 18:49:34 :  39> [G]:  70370 [E]: 355664 [D]: 2500 [T]:36 [TH]: 9, In
2015-08-14 18:49:38 :  40> [G]: 351508 [E]: 397690 [D]: 2826 [T]:30 [TH]:10, In
2015-08-14 18:49:41 :  41> [G]:  10350 [E]:  88058 [D]:  665 [T]: 2 [TH]: 9, In
2015-08-14 18:49:45 :  42> [G]:   5249 [E]: 308560 [D]: 1187 [T]: 5 [TH]: 9, In
2015-08-14 18:49:49 :  43> [G]:  59793 [E]:  32904 [D]: 1102 [T]: 1 [TH]: 9, In
2015-08-14 18:49:59 :  44> [G]: 130425 [E]:  27415 [D]:  503 [T]: 1 [TH]: 9, In
2015-08-14 18:50:08 :  45> [G]:  29478 [E]:  97096 [D]: 2721 [T]:22 [TH]: -, -
2015-08-14 18:50:15 :  46> [G]:  69014 [E]:  98586 [D]:  658 [T]: 3 [TH]: 9, In
2015-08-14 18:50:20 :  47> [G]:  86695 [E]:  26647 [D]:  735 [T]: 1 [TH]: 9, In
2015-08-14 18:50:26 :  48> [G]:  72431 [E]:  84565 [D]:  239 [T]: 1 [TH]: 9, In
2015-08-14 18:50:32 :  49> [G]:  25317 [E]:  18726 [D]:  600 [T]: 1 [TH]: 9, In
2015-08-14 18:50:38 :  50> [G]:   1629 [E]:   7360 [D]:  838 [T]: 1 [TH]: 9, In
2015-08-14 18:50:46 :  51> [G]:  31651 [E]: 120109 [D]:  604 [T]:16 [TH]:10, In
2015-08-14 18:50:51 :  52> [G]: 158183 [E]: 134593 [D]:  846 [T]: 3 [TH]: 9, In
2015-08-14 18:50:56 :  53> [G]: 163683 [E]: 109617 [D]: 1163 [T]: 2 [TH]: 9, In
2015-08-14 18:51:02 :  54> [G]:  53782 [E]:  12109 [D]: 1192 [T]: 2 [TH]: 9, In
2015-08-14 18:51:06 :  55> [G]: 108852 [E]:  41486 [D]:  550 [T]: 1 [TH]: 9, In
2015-08-14 18:51:11 :  56> [G]:  27400 [E]:   6223 [D]:  977 [T]: 4 [TH]: 9, In
2015-08-14 18:51:17 :  57> [G]:  22715 [E]:  21369 [D]:  222 [T]: 5 [TH]: 9, In
2015-08-14 18:51:25 :  58> [G]:  84425 [E]:  39567 [D]: 1307 [T]:21 [TH]:10, In
2015-08-14 18:51:31 :  59> [G]:  58846 [E]: 156403 [D]:  996 [T]: 1 [TH]: 9, In
2015-08-14 18:51:36 :  60> [G]:  24223 [E]:  80930 [D]: 1445 [T]: 3 [TH]: 9, In
2015-08-14 18:51:39 :  61> [G]:   9370 [E]: 114928 [D]: 1517 [T]: 2 [TH]: 9, In
2015-08-14 18:51:46 :  62> [G]:  61314 [E]:  72316 [D]:  285 [T]: 2 [TH]: 9, In
2015-08-14 18:51:52 :  63> [G]:  43876 [E]: 110711 [D]:  833 [T]: 1 [TH]: 9, In
2015-08-14 18:51:55 :  64> [G]: 112803 [E]:  83401 [D]:  337 [T]: 3 [TH]: 9, In
2015-08-14 18:52:00 :  65> [G]: 120031 [E]:  16437 [D]: 1259 [T]: 3 [TH]: 9, In
2015-08-14 18:52:09 :  66> [G]:  95172 [E]: 113994 [D]: 2009 [T]:28 [TH]:10, In
2015-08-14 18:52:14 :  67> [G]:  28755 [E]:  73663 [D]:   78 [T]: 1 [TH]: 9, In
2015-08-14 18:52:20 :  68> [G]: 273555 [E]:  44241 [D]:  776 [T]: 2 [TH]: 9, In
2015-08-14 18:52:24 :  69> [G]: 136479 [E]: 131193 [D]: 1062 [T]: 3 [TH]: 9, In
2015-08-14 18:52:29 :  70> [G]: 106087 [E]:  58196 [D]:  598 [T]: 1 [TH]: 9, In
2015-08-14 18:52:36 :  71> [G]:  41820 [E]:  57661 [D]: 1005 [T]: 2 [TH]: 9, In
2015-08-14 18:52:41 :  72> [G]:  86690 [E]:  78318 [D]: 1829 [T]: 3 [TH]: 9, In
2015-08-14 18:52:46 :  73> [G]:  25738 [E]:  35931 [D]: 1734 [T]:12 [TH]: 9, In
2015-08-14 18:52:49 :  74> [G]: 159421 [E]: 157563 [D]: 1390 [T]: 4 [TH]: 9, In
2015-08-14 18:52:59 :  75> [G]: 220292 [E]: 164668 [D]:  502 [T]:27 [TH]:10, In
2015-08-14 18:53:03 :  76> [G]:  14007 [E]:   7427 [D]:  179 [T]: 1 [TH]: 9, In
2015-08-14 18:53:09 :  77> [G]:  36038 [E]:  38822 [D]:  307 [T]: 1 [TH]: 9, In
2015-08-14 18:53:13 :  78> [G]:  63830 [E]:  17810 [D]:  774 [T]: 2 [TH]: 9, In
2015-08-14 18:53:18 :  79> [G]: 120044 [E]: 149123 [D]: 1003 [T]: 1 [TH]: 9, In
2015-08-14 18:53:24 :  80> [G]: 141811 [E]:  55966 [D]:  991 [T]: 1 [TH]: 9, In
2015-08-14 18:53:27 :  81> [G]:  23406 [E]: 165660 [D]:  543 [T]: 2 [TH]: 9, In
2015-08-14 18:53:31 :  82> [G]:   4308 [E]:  78790 [D]: 1044 [T]: 1 [TH]: 9, In
2015-08-14 18:53:40 :  83> [G]: 111694 [E]: 243426 [D]: 1367 [T]: 8 [TH]: 9, In
2015-08-14 18:53:46 :  84> [G]:   6784 [E]:  20861 [D]:  258 [T]: 1 [TH]: 9, In
2015-08-14 18:53:52 :  85> [G]:  32412 [E]: 101688 [D]:  677 [T]: 2 [TH]: 9, In
2015-08-14 18:53:57 :  86> [G]:  20014 [E]:  46197 [D]:  374 [T]: 4 [TH]: 9, In
2015-08-14 18:54:05 :  87> [G]: 238875 [E]: 132208 [D]:  747 [T]: 2 [TH]: 9, In
2015-08-14 18:54:10 :  88> [G]:  30178 [E]: 156735 [D]: 1703 [T]: 1 [TH]: 9, In
2015-08-14 18:54:13 :  89> [G]:  76635 [E]:   5518 [D]:  278 [T]: 1 [TH]: 9, In
2015-08-14 18:54:17 :  90> [G]:  28776 [E]:  35081 [D]:   69 [T]: 1 [TH]: 9, In
2015-08-14 18:54:25 :  91> [G]:  73586 [E]:  95036 [D]: 1776 [T]:19 [TH]:10, In
2015-08-14 18:54:30 :  92> [G]:  36959 [E]:  58000 [D]: 2213 [T]: 8 [TH]: 9, In
2015-08-14 18:54:35 :  93> [G]: 107888 [E]:  23744 [D]: 1946 [T]: 2 [TH]: 9, In
2015-08-14 18:54:38 :  94> [G]:  33311 [E]: 129032 [D]:  222 [T]: 1 [TH]: 9, In
2015-08-14 18:54:43 :  95> [G]:   2186 [E]:   9856 [D]:  668 [T]: 2 [TH]: 9, In
2015-08-14 18:54:47 :  96> [G]:  91089 [E]: 149952 [D]:  538 [T]: 1 [TH]: 9, In
2015-08-14 18:54:55 :  97> [G]: 320728 [E]: 292897 [D]: 3676 [T]:13 [TH]:10, In
2015-08-14 18:55:02 :  98> [G]:  33589 [E]:  26287 [D]:  728 [T]: 2 [TH]: 9, In
2015-08-14 18:55:07 :  99> [G]:  77936 [E]: 101868 [D]:  957 [T]: 1 [TH]: 9, In
2015-08-14 18:55:14 : 100> [G]:  65260 [E]:  18488 [D]:  233 [T]: 1 [TH]: 9, In
2015-08-14 18:55:20 : 101> [G]:  58676 [E]:  77328 [D]: 1222 [T]: 1 [TH]: 9, In
2015-08-14 18:55:24 : 102> [G]:  30791 [E]:  23528 [D]:  843 [T]:13 [TH]: 9, In
2015-08-14 18:55:28 : 103> [G]:  79236 [E]: 109725 [D]:  459 [T]:10 [TH]: 9, In
2015-08-14 18:55:34 : 104> [G]:  79072 [E]: 125645 [D]: 1468 [T]: 2 [TH]: 9, In
2015-08-14 18:55:37 : 105> [G]: 105191 [E]:  44831 [D]: 1924 [T]: 2 [TH]: 9, In
2015-08-14 18:55:42 : 106> [G]: 354446 [E]: 354449 [D]: 2488 [T]: 4 [TH]: 9, In
2015-08-14 18:55:47 : 107> [G]:  24912 [E]:  55637 [D]:  382 [T]: 1 [TH]: 9, In
2015-08-14 18:55:55 : 108> [G]:  44107 [E]: 121248 [D]:  848 [T]: 1 [TH]: 9, In
2015-08-14 18:56:00 : 109> [G]:  99952 [E]: 109093 [D]: 1034 [T]: 1 [TH]: 9, In
2015-08-14 18:56:05 : 110> [G]:  18105 [E]:  16325 [D]:  830 [T]: 3 [TH]: 9, In
2015-08-14 18:56:10 : 111> [G]:  36328 [E]: 133825 [D]:  224 [T]: 1 [TH]: 9, In
2015-08-14 18:56:14 : 112> [G]:  90546 [E]: 114780 [D]: 1409 [T]: 1 [TH]: 9, In
2015-08-14 18:56:17 : 113> [G]:  30388 [E]:  63752 [D]:  518 [T]: 2 [TH]: 9, In
2015-08-14 18:56:22 : 114> [G]:  20315 [E]:  33129 [D]:  587 [T]: 1 [TH]: 9, In
2015-08-14 18:56:30 : 115> [G]:  17755 [E]: 300880 [D]: 1327 [T]:30 [TH]:10, In
2015-08-14 18:56:36 : 116> [G]:  52348 [E]: 144221 [D]:  151 [T]: 2 [TH]: 9, In
2015-08-14 18:56:42 : 117> [G]: 143772 [E]:  92140 [D]:  521 [T]: 1 [TH]: 9, In
2015-08-14 18:56:48 : 118> [G]: 173669 [E]: 120079 [D]: 1130 [T]: 4 [TH]: 9, In
2015-08-14 18:56:53 : 119> [G]:  56260 [E]:  72938 [D]:  121 [T]: 3 [TH]: 9, In
2015-08-14 18:56:58 : 120> [G]:  75347 [E]:  43841 [D]:  857 [T]: 1 [TH]: 9, In
2015-08-14 18:57:06 : 121> [G]: 156947 [E]: 410991 [D]: 2166 [T]: 3 [TH]: 9, In
2015-08-14 18:57:11 : 122> [G]:  40500 [E]: 135750 [D]:  396 [T]: 1 [TH]: 9, In
2015-08-14 18:57:14 : 123> [G]:   6287 [E]:  12024 [D]:  369 [T]: 2 [TH]: 9, In
2015-08-14 18:57:21 : 124> [G]:  15582 [E]:   5515 [D]: 1168 [T]: 1 [TH]: 9, In
2015-08-14 18:57:27 : 125> [G]:  72428 [E]:  39639 [D]:   38 [T]: 7 [TH]: 9, In
2015-08-14 18:57:33 : 126> [G]:  90488 [E]:  59815 [D]:  454 [T]: 2 [TH]: 9, In
2015-08-14 18:57:38 : 127> [G]:  69472 [E]:  98937 [D]:  716 [T]: 5 [TH]: 9, In
2015-08-14 18:57:44 : 128> [G]:  40281 [E]:  90872 [D]:  257 [T]: 1 [TH]: 9, In
2015-08-14 18:57:48 : 129> [G]: 103562 [E]: 210436 [D]: 2142 [T]: 2 [TH]: 9, Out
2015-08-14 18:57:48 : ~~~~~~~~~~~~~~~ TH Outside Found! ~~~~~~~~~~~~~~~~
2015-08-14 18:57:49 : ================ Search Complete =================
2015-08-14 18:57:49 : Initiating attack for: TH Snipe
2015-08-14 18:57:53 : -Barbarians 53
2015-08-14 18:57:53 : -Archers 87
2015-08-14 18:57:53 : -Giants 12
2015-08-14 18:57:53 : -Clan Castle 
2015-08-14 18:57:53 : -King 
2015-08-14 18:57:53 : -Lightning Spells 3
2015-08-14 18:57:53 : -Poison Spells 1
2015-08-14 18:57:53 :  ====== Start Attack ====== 
2015-08-14 18:57:55 : Sending 1st wave of archers.
2015-08-14 18:57:55 : Dropping first wave of 4 Archers
2015-08-14 18:57:56 : Zooming in...
2015-08-14 18:57:58 : Done zooming.
2015-08-14 18:57:59 : Scrolling to bottom...
2015-08-14 18:58:03 : Deployment of Archers Successful!
2015-08-14 18:58:05 : Dropping first wave of 18 Archers
2015-08-14 18:58:08 : Deployment of Archers Successful!
2015-08-14 18:58:40 : Sending second wave of archers.
2015-08-14 18:58:40 : Dropping second wave of 16 Archers
2015-08-14 18:58:43 : Deployment of Archers Successful!
2015-08-14 18:59:15 : Still no star - Let's send in more diverse troops!
2015-08-14 18:59:15 : Dropping first wave of 2 Giants
2015-08-14 18:59:17 : Deployment of Giants Successful!
2015-08-14 18:59:18 : Dropping second wave of 6 Giants
2015-08-14 18:59:20 : Deployment of Giants Successful!
2015-08-14 18:59:22 : Dropping first wave of 12 Barbarians
2015-08-14 18:59:24 : Deployment of Barbarians Successful!
2015-08-14 18:59:25 : Dropping first wave of 20 Barbarians
2015-08-14 18:59:29 : Deployment of Barbarians Successful!
2015-08-14 18:59:30 : Dropping third wave of 24 Archers
2015-08-14 18:59:35 : Deployment of Archers Successful!
2015-08-14 18:59:36 : Dropping third wave of 28 Archers
2015-08-14 18:59:41 : Deployment of Archers Successful!
2015-08-14 19:00:02 : Townhall has been destroyed!
2015-08-14 19:00:02 : Zooming Out
2015-08-14 19:00:12 : Checking if the battle has finished
2015-08-14 19:00:14 : detected [G]:  [E]:  [DE]:  |  Exit now 
2015-08-14 19:00:14 : Battle has finished
2015-08-14 19:00:14 : Returning Home
2015-08-14 19:00:18 : Loot: [G]: 1 000 [E]: 1 000 [DE]:  [T]: 1
2015-08-14 19:00:19 : Bonus [G]: 140 000 [E]: 140 000 [DE]: 900
2015-08-14 19:00:22 : Your league level is: Master I
2015-08-14 19:00:22 : Stars earned: 1
2015-08-14 19:00:30 : Trying to locate Main Screen
2015-08-14 19:00:30 : Main Screen Located
2015-08-14 19:00:31 : Village Report
2015-08-14 19:00:31 : No. of Free/Total Builders: 0/5
2015-08-14 19:00:31 :  [T]: 3 083
2015-08-14 19:00:31 :  [G]: 5 969 525 [E]: 6 001 000 [D]: 80 000 [GEM]: 77
2015-08-14 19:00:32 : Collecting Resources
2015-08-14 19:00:41 : Checking if Village needs Rearming..
2015-08-14 19:00:49 : Checking Army Camp...
2015-08-14 19:00:51 : Total Army Camp capacity: 150/200
2015-08-14 19:00:52 :  - No. of Barbarians: 6
2015-08-14 19:00:53 :  - No. of Archers: 84
2015-08-14 19:00:53 :  - No. of Giants: 12
2015-08-14 19:00:53 : Barracks and Spell factory status: 
2015-08-14 19:00:53 : - Barracks detected: 4 | Available: 4 | Upgrading: 0
2015-08-14 19:00:53 : - Dark Barracks detected: 2 | Available: 1 | Upgrading: 1
2015-08-14 19:00:53 : - Spell factory detected: 1 | Available: 1 | Upgrading: 0
2015-08-14 19:00:53 : - Dark Spell factory detected: 1 | Available: 1 | Upgrading: 0
2015-08-14 19:00:53 : Training Troops...
2015-08-14 19:01:09 : Requesting Clan Castle Troops
2015-08-14 19:01:09 : Your Clan Castle is already full or you are not in a clan.
2015-08-14 19:01:13 : ====== Waiting for full army ======
2015-08-14 19:01:24 : Checking Army Camp...
2015-08-14 19:01:26 : Total Army Camp capacity: 156/200
2015-08-14 19:01:27 :  - No. of Barbarians: 12
2015-08-14 19:01:27 :  - No. of Archers: 84
2015-08-14 19:01:28 :  - No. of Giants: 12
2015-08-14 19:01:28 : Training Troops...
2015-08-14 19:01:37 : Time Idle: 00:00:24
2015-08-14 19:01:37 : ====== Waiting for full army ======
2015-08-14 19:01:49 : Checking Army Camp...
2015-08-14 19:01:51 : Total Army Camp capacity: 160/200
2015-08-14 19:01:52 :  - No. of Barbarians: 16
2015-08-14 19:01:52 :  - No. of Archers: 84
2015-08-14 19:01:52 :  - No. of Giants: 12
2015-08-14 19:01:53 : Training Troops...
2015-08-14 19:02:01 : Time Idle: 00:00:48
2015-08-14 19:02:01 : ====== Waiting for full army ======
2015-08-14 19:02:13 : Checking Army Camp...
2015-08-14 19:02:15 : Total Army Camp capacity: 164/200
2015-08-14 19:02:16 :  - No. of Barbarians: 20
2015-08-14 19:02:16 :  - No. of Archers: 84
2015-08-14 19:02:16 :  - No. of Giants: 12
2015-08-14 19:02:17 : Training Troops...
2015-08-14 19:02:25 : Time Idle: 00:01:12
2015-08-14 19:02:26 : ====== Waiting for full army ======
2015-08-14 19:02:37 : Checking Army Camp...
2015-08-14 19:02:39 : Total Army Camp capacity: 170/200
2015-08-14 19:02:40 :  - No. of Barbarians: 26
2015-08-14 19:02:41 :  - No. of Archers: 84
2015-08-14 19:02:41 :  - No. of Giants: 12
2015-08-14 19:02:41 : Training Troops...
2015-08-14 19:02:50 : Time Idle: 00:01:36
2015-08-14 19:02:50 : ====== Waiting for full army ======
2015-08-14 19:03:02 : Checking Army Camp...
2015-08-14 19:03:04 : Total Army Camp capacity: 175/200
2015-08-14 19:03:05 :  - No. of Barbarians: 31
2015-08-14 19:03:05 :  - No. of Archers: 84
2015-08-14 19:03:05 :  - No. of Giants: 12
2015-08-14 19:03:05 : Training Troops...
2015-08-14 19:03:14 : Time Idle: 00:01:59
2015-08-14 19:03:14 : ====== Waiting for full army ======
2015-08-14 19:03:26 : Checking Army Camp...
2015-08-14 19:03:28 : Total Army Camp capacity: 180/200
2015-08-14 19:03:29 :  - No. of Barbarians: 36
2015-08-14 19:03:29 :  - No. of Archers: 84
2015-08-14 19:03:29 :  - No. of Giants: 12
2015-08-14 19:03:29 : Training Troops...
2015-08-14 19:03:30 : Your Army Camps are now Full
2015-08-14 19:03:51 : Going to Attack...
2015-08-14 19:03:56 : ============== Searching For Dead Base ===============
2015-08-14 19:03:56 : ~~~~~~~~~~~~~~~ SEARCH CONDITIONS ~~~~~~~~~~~~~~~~
2015-08-14 19:03:56 : Meet: Gold and Elixir, TH Outside
2015-08-14 19:03:56 : ~~~~~~~~~~~~~~ RESOURCE CONDITIONS ~~~~~~~~~~~~~~~
2015-08-14 19:03:56 : Aim: [G]: 999999 [E]: 999999 [D]:    0 [T]: 0, Out, Out for: Dead Base
2015-08-14 19:03:56 : ~~~~~~~~~~~~~~~ ADVANCED SETTINGS ~~~~~~~~~~~~~~~~
2015-08-14 19:03:56 : THSnipe Combo, 1 Tile(s), 
2015-08-14 19:03:56 : ==================================================
2015-08-14 19:04:00 :   1> [G]: 155967 [E]: 105274 [D]: 3712 [T]:21 [TH]:10, In
2015-08-14 19:04:09 :   2> [G]: 255705 [E]:  11324 [D]: 1968 [T]:23 [TH]:10, In
2015-08-14 19:04:21 :   3> [G]:  63767 [E]:  68958 [D]: 1895 [T]:19 [TH]:10, In
2015-08-14 19:04:29 :   4> [G]:  48678 [E]:  33191 [D]:  991 [T]: 3 [TH]: 9, In
2015-08-14 19:04:34 :   5> [G]: 140784 [E]:  53486 [D]:  546 [T]: 3 [TH]: 9, In
2015-08-14 19:04:37 :   6> [G]:  98972 [E]:  77223 [D]:  201 [T]: 2 [TH]: 9, In
2015-08-14 19:04:42 :   7> [G]:  95019 [E]:  96478 [D]:  749 [T]: 7 [TH]: 9, In
2015-08-14 19:04:46 :   8> [G]:  78372 [E]: 332203 [D]: 3733 [T]:32 [TH]:10, In
2015-08-14 19:04:57 :   9> [G]:  25650 [E]:  42570 [D]: 2029 [T]:24 [TH]: -, -
2015-08-14 19:05:02 :  10> [G]: 110212 [E]:  48092 [D]:  142 [T]: 1 [TH]: 9, In
2015-08-14 19:05:07 :  11> [G]:  12917 [E]:  35728 [D]:  233 [T]: 2 [TH]: 9, In
2015-08-14 19:05:13 :  12> [G]:  43805 [E]: 139936 [D]: 1406 [T]: 6 [TH]: 9, In
2015-08-14 19:05:24 :  13> [G]: 193485 [E]:  81796 [D]: 2045 [T]:25 [TH]:10, In
2015-08-14 19:05:28 :  14> [G]:  98488 [E]:  85141 [D]:  456 [T]: 1 [TH]: 9, In
2015-08-14 19:05:34 :  15> [G]:  86150 [E]:  35969 [D]: 1509 [T]: 1 [TH]: 9, In
2015-08-14 19:05:39 :  16> [G]: 132189 [E]: 101761 [D]:  829 [T]: 4 [TH]: 9, In
2015-08-14 19:05:44 :  17> [G]:  88149 [E]:  25221 [D]:  665 [T]: 6 [TH]: 9, In
2015-08-14 19:05:53 :  18> [G]:  58838 [E]:  90514 [D]: 2529 [T]:16 [TH]:10, In
2015-08-14 19:06:03 :  19> [G]:  55604 [E]:  70900 [D]: 1057 [T]: 4 [TH]: 9, In
2015-08-14 19:06:08 :  20> [G]:  26672 [E]:  16245 [D]:  355 [T]: 1 [TH]: 9, In
2015-08-14 19:06:12 :  21> [G]:  63232 [E]:  87183 [D]: 1495 [T]:15 [TH]:10, In
2015-08-14 19:06:17 :  22> [G]:  83148 [E]:  97334 [D]: 2375 [T]: 1 [TH]: 9, In
2015-08-14 19:06:23 :  23> [G]: 239469 [E]: 307668 [D]: 1350 [T]: 2 [TH]: 9, In
2015-08-14 19:06:28 :  24> [G]:  38432 [E]:  24576 [D]: 1293 [T]: 2 [TH]: 9, In
2015-08-14 19:06:33 :  25> [G]: 168478 [E]: 168251 [D]:  817 [T]:22 [TH]: 9, In
2015-08-14 19:06:38 :  26> [G]: 157414 [E]: 109555 [D]:  977 [T]: 1 [TH]: 9, In
2015-08-14 19:06:47 :  27> [G]:  63751 [E]:  78108 [D]: 1540 [T]:31 [TH]:10, In
2015-08-14 19:06:53 :  28> [G]: 223394 [E]: 168816 [D]: 1839 [T]: 5 [TH]: 9, In
2015-08-14 19:06:58 :  29> [G]:   5096 [E]:  15523 [D]:  309 [T]: 2 [TH]: 9, In
2015-08-14 19:07:04 :  30> [G]: 124176 [E]:  83790 [D]:  302 [T]: 1 [TH]: 9, In
2015-08-14 19:07:08 :  31> [G]:  81536 [E]:  55284 [D]:  800 [T]: 2 [TH]: 9, In
2015-08-14 19:07:14 :  32> [G]:   9706 [E]:   8244 [D]: 1682 [T]: 4 [TH]: 9, In
2015-08-14 19:07:19 :  33> [G]: 266836 [E]: 272436 [D]: 2561 [T]: 1 [TH]: 9, In
2015-08-14 19:07:25 :  34> [G]: 102855 [E]:  58686 [D]: 1161 [T]: 2 [TH]: 9, In
2015-08-14 19:07:30 :  35> [G]:  96420 [E]:  93352 [D]: 1019 [T]: 2 [TH]: 9, In
2015-08-14 19:07:33 :  36> [G]:   8574 [E]: 254842 [D]: 1165 [T]:52 [TH]: 7, In
2015-08-14 19:07:40 :  37> [G]:  18251 [E]:  24056 [D]: 1040 [T]: 1 [TH]: 9, In
2015-08-14 19:07:46 :  38> [G]:  41034 [E]:  25501 [D]:  291 [T]: 1 [TH]: 9, In
2015-08-14 19:07:54 :  39> [G]:  27020 [E]:  33924 [D]: 1054 [T]:26 [TH]:10, In
2015-08-14 19:08:02 :  40> [G]:  54238 [E]: 176972 [D]: 2192 [T]:16 [TH]:10, In
2015-08-14 19:08:08 :  41> [G]:  38917 [E]: 100605 [D]: 1249 [T]: 3 [TH]: 9, In
2015-08-14 19:08:12 :  42> [G]:  79919 [E]:  39415 [D]:  131 [T]: 1 [TH]: 9, In
2015-08-14 19:08:16 :  43> [G]:  46753 [E]:  79602 [D]:  927 [T]: 5 [TH]: 9, In
2015-08-14 19:08:20 :  44> [G]: 182191 [E]: 115304 [D]: 1580 [T]:29 [TH]:10, In
2015-08-14 19:08:24 :  45> [G]: 140997 [E]:  34162 [D]: 1255 [T]:18 [TH]:10, In
2015-08-14 19:08:28 :  46> [G]:  50822 [E]: 100210 [D]: 1813 [T]:28 [TH]:10, In
2015-08-14 19:08:33 :  47> [G]: 116544 [E]:  73373 [D]: 1697 [T]: 1 [TH]: 9, In
2015-08-14 19:08:39 :  48> [G]:  99333 [E]:  75206 [D]:  873 [T]: 1 [TH]: 9, In
2015-08-14 19:08:46 :  49> [G]: 102248 [E]:  72942 [D]: 1854 [T]: 8 [TH]: 9, In
2015-08-14 19:08:50 :  50> [G]:  29266 [E]:  22951 [D]:  765 [T]: 4 [TH]: 9, In
2015-08-14 19:08:54 :  51> [G]:  86016 [E]: 119337 [D]: 2003 [T]: 4 [TH]: 9, In
2015-08-14 19:09:03 :  52> [G]: 112531 [E]:  53334 [D]: 2201 [T]:24 [TH]:10, In
2015-08-14 19:09:11 :  53> [G]:  90211 [E]:  65437 [D]:  487 [T]:21 [TH]:10, In
2015-08-14 19:09:16 :  54> [G]: 104716 [E]:  98449 [D]:  365 [T]: 2 [TH]: 9, In
2015-08-14 19:09:22 :  55> [G]:   5253 [E]:  42020 [D]:   19 [T]: 1 [TH]: 8, In
2015-08-14 19:09:28 :  56> [G]:  11054 [E]:  66403 [D]:  968 [T]: 1 [TH]: 9, In
2015-08-14 19:09:37 :  57> [G]:  82672 [E]:  97312 [D]:  530 [T]:17 [TH]:10, In
2015-08-14 19:09:42 :  58> [G]: 108015 [E]: 106275 [D]:  369 [T]: 2 [TH]: 9, In
2015-08-14 19:09:50 :  59> [G]:  24934 [E]:  86687 [D]: 1341 [T]:20 [TH]:10, In
2015-08-14 19:09:55 :  60> [G]:  85574 [E]: 190238 [D]: 1701 [T]: 1 [TH]: 9, In
2015-08-14 19:10:00 :  61> [G]:  82013 [E]: 100808 [D]: 1112 [T]: 7 [TH]: 9, In
2015-08-14 19:10:05 :  62> [G]:  46091 [E]: 107982 [D]: 1652 [T]: 3 [TH]: 9, In
2015-08-14 19:10:09 :  63> [G]:  16696 [E]:  85121 [D]:  537 [T]: 7 [TH]: 9, In
2015-08-14 19:10:15 :  64> [G]: 400694 [E]: 400382 [D]: 1092 [T]: 1 [TH]: 9, Out
2015-08-14 19:10:15 : ~~~~~~~~~~~~~~~ TH Outside Found! ~~~~~~~~~~~~~~~~
2015-08-14 19:10:16 : ================ Search Complete =================
2015-08-14 19:10:16 : Initiating attack for: TH Snipe
2015-08-14 19:10:19 : -Barbarians 36
2015-08-14 19:10:19 : -Archers 84
2015-08-14 19:10:19 : -Giants 12
2015-08-14 19:10:19 : -Clan Castle 
2015-08-14 19:10:19 : -King 
2015-08-14 19:10:19 : -Lightning Spells 3
2015-08-14 19:10:19 : -Poison Spells 1
2015-08-14 19:10:19 :  ====== Start Attack ====== 
2015-08-14 19:10:22 : Sending 1st wave of archers.
2015-08-14 19:10:22 : Dropping first wave of 4 Archers
2015-08-14 19:10:23 : Deployment of Archers Successful!
2015-08-14 19:10:25 : Dropping first wave of 18 Archers
2015-08-14 19:10:28 : Deployment of Archers Successful!
2015-08-14 19:10:40 : Townhall has been destroyed!
2015-08-14 19:10:43 : Checking if the battle has finished
2015-08-14 19:10:45 : detected [G]:  [E]:  [DE]:  |  Exit now 
2015-08-14 19:10:45 : Battle has finished
2015-08-14 19:10:45 : Returning Home
2015-08-14 19:10:49 : Loot: [G]: 1 000 [E]: 1 000 [DE]:  [T]: 1
2015-08-14 19:10:50 : Bonus [G]: 140 000 [E]: 140 000 [DE]: 900
2015-08-14 19:10:53 : Your league level is: Master I
2015-08-14 19:10:53 : Stars earned: 1
2015-08-14 19:11:00 : Trying to locate Main Screen
2015-08-14 19:11:00 : Main Screen Located
2015-08-14 19:11:02 : Village Report
2015-08-14 19:11:02 : No. of Free/Total Builders: 0/5
2015-08-14 19:11:02 :  [T]: 3 084
2015-08-14 19:11:02 :  [G]: 6 001 000 [E]: 6 001 000 [D]: 80 000 [GEM]: 77
2015-08-14 19:11:03 : Collecting Resources
2015-08-14 19:11:11 : Checking if Village needs Rearming..
2015-08-14 19:11:20 : Checking Army Camp...
2015-08-14 19:11:22 : Total Army Camp capacity: 200/200
2015-08-14 19:11:23 :  - No. of Barbarians: 36
2015-08-14 19:11:23 :  - No. of Archers: 104
2015-08-14 19:11:23 :  - No. of Giants: 12
2015-08-14 19:11:24 : Barracks and Spell factory status: 
2015-08-14 19:11:24 : - Barracks detected: 4 | Available: 4 | Upgrading: 0
2015-08-14 19:11:24 : - Dark Barracks detected: 2 | Available: 1 | Upgrading: 1
2015-08-14 19:11:24 : - Spell factory detected: 1 | Available: 1 | Upgrading: 0
2015-08-14 19:11:24 : - Dark Spell factory detected: 1 | Available: 1 | Upgrading: 0
2015-08-14 19:11:24 : Training Troops...
2015-08-14 19:11:24 : Your Army Camps are now Full
2015-08-14 19:11:24 : Too many Arch, train last.
2015-08-14 19:11:24 : Too few Barb, train first.
2015-08-14 19:11:47 : Requesting Clan Castle Troops
2015-08-14 19:11:47 : Your Clan Castle is already full or you are not in a clan.
2015-08-14 19:11:50 : Going to Attack...
2015-08-14 19:11:56 : ============== Searching For Dead Base ===============
2015-08-14 19:11:56 : ~~~~~~~~~~~~~~~ SEARCH CONDITIONS ~~~~~~~~~~~~~~~~
2015-08-14 19:11:56 : Meet: Gold and Elixir, TH Outside
2015-08-14 19:11:56 : ~~~~~~~~~~~~~~ RESOURCE CONDITIONS ~~~~~~~~~~~~~~~
2015-08-14 19:11:56 : Aim: [G]: 999999 [E]: 999999 [D]:    0 [T]: 0, Out, Out, Out for: Dead Base
2015-08-14 19:11:56 : ~~~~~~~~~~~~~~~ ADVANCED SETTINGS ~~~~~~~~~~~~~~~~
2015-08-14 19:11:56 : THSnipe Combo, 1 Tile(s), 
2015-08-14 19:11:56 : ==================================================
2015-08-14 19:12:06 :   1> [G]:  87327 [E]: 159882 [D]: 1640 [T]:22 [TH]:10, In
2015-08-14 19:12:15 :   2> [G]:  18111 [E]: 225857 [D]: 1431 [T]:23 [TH]:10, In
2015-08-14 19:12:19 :   3> [G]:  63025 [E]:  95956 [D]:  371 [T]:28 [TH]: -, -
2015-08-14 19:12:31 :   4> [G]: 149262 [E]: 315293 [D]: 2541 [T]:15 [TH]:10, In
2015-08-14 19:12:35 :   5> [G]: 123129 [E]: 160907 [D]: 1538 [T]:13 [TH]: 9, In
2015-08-14 19:12:41 :   6> [G]:  86549 [E]:  10910 [D]:  122 [T]: 1 [TH]: 9, In
2015-08-14 19:12:50 :   7> [G]: 237601 [E]:  51375 [D]: 3014 [T]:28 [TH]:10, In
2015-08-14 19:12:56 :   8> [G]: 100871 [E]:  89098 [D]:  121 [T]: 7 [TH]: 9, In
2015-08-14 19:13:01 :   9> [G]:  33310 [E]:   5666 [D]:  450 [T]: 1 [TH]: 9, In
2015-08-14 19:13:06 :  10> [G]:  58942 [E]: 104127 [D]:   34 [T]: 1 [TH]: 9, In
2015-08-14 19:13:12 :  11> [G]:  63583 [E]: 107003 [D]:  685 [T]: 4 [TH]: 9, In
2015-08-14 19:13:17 :  12> [G]:  35601 [E]:  87801 [D]:  359 [T]: 1 [TH]: 9, In
2015-08-14 19:13:23 :  13> [G]:  86237 [E]:  30646 [D]: 1422 [T]: 6 [TH]: 9, In
2015-08-14 19:13:28 :  14> [G]: 117518 [E]:  36281 [D]: 1959 [T]: 9 [TH]: 9, In
2015-08-14 19:13:33 :  15> [G]:  63069 [E]:  88597 [D]:  894 [T]: 1 [TH]: 9, In
2015-08-14 19:13:40 :  16> [G]: 145273 [E]: 115672 [D]:  999 [T]:34 [TH]:10, In
2015-08-14 19:13:46 :  17> [G]:  93833 [E]:  22829 [D]:  572 [T]: 1 [TH]: 9, In
2015-08-14 19:13:51 :  18> [G]:  33565 [E]: 346108 [D]:   29 [T]: 2 [TH]: 9, In
2015-08-14 19:13:56 :  19> [G]:  19170 [E]: 185633 [D]: 1184 [T]: 3 [TH]: 9, In
2015-08-14 19:14:00 :  20> [G]:  99542 [E]:  49320 [D]:  149 [T]: 2 [TH]: 9, In
2015-08-14 19:14:04 :  21> [G]:  85111 [E]:  31688 [D]:  984 [T]: 2 [TH]: 9, In
2015-08-14 19:14:08 :  22> [G]: 106139 [E]: 127497 [D]: 1302 [T]:21 [TH]:10, In
2015-08-14 19:14:17 :  23> [G]:  72364 [E]: 137367 [D]: 1318 [T]:15 [TH]:10, In
2015-08-14 19:14:23 :  24> [G]:   8316 [E]: 105595 [D]: 1161 [T]: 5 [TH]: 9, In
2015-08-14 19:14:29 :  25> [G]:  64773 [E]:  42956 [D]: 1193 [T]:13 [TH]: 9, In
2015-08-14 19:14:35 : Pushbullet: removed 6 messages older than 6 h 
2015-08-14 19:14:37 :  26> [G]:  81969 [E]:   6099 [D]: 1703 [T]: 3 [TH]: 9, In
2015-08-14 19:14:45 :  27> [G]: 166287 [E]: 202552 [D]:  490 [T]:21 [TH]:10, In
2015-08-14 19:14:48 :  28> [G]: 118034 [E]: 139271 [D]: 1798 [T]:15 [TH]:10, In
2015-08-14 19:14:54 :  29> [G]: 228232 [E]: 257336 [D]: 1136 [T]: 1 [TH]: 9, In
2015-08-14 19:15:00 :  30> [G]:  57604 [E]: 103086 [D]:  977 [T]: 6 [TH]: 9, In
2015-08-14 19:15:05 :  31> [G]:  59711 [E]:  55819 [D]:   15 [T]: 2 [TH]: 9, In
2015-08-14 19:15:10 :  32> [G]:  48379 [E]:  21889 [D]:  323 [T]: 2 [TH]: 9, In
2015-08-14 19:15:15 :  33> [G]:  48711 [E]:  70071 [D]: 1719 [T]: 4 [TH]: 9, In
2015-08-14 19:15:23 :  34> [G]:  48855 [E]: 112670 [D]:  588 [T]: 1 [TH]: 9, In
2015-08-14 19:15:31 :  35> [G]: 118044 [E]: 195496 [D]: 2927 [T]:28 [TH]:10, In
2015-08-14 19:15:36 :  36> [G]:  33014 [E]:   4403 [D]:  237 [T]: 2 [TH]: 9, In
2015-08-14 19:15:41 :  37> [G]:  31654 [E]:  31382 [D]:  949 [T]: 1 [TH]: 9, In
2015-08-14 19:15:49 :  38> [G]: 302210 [E]: 167256 [D]: 3203 [T]:34 [TH]:10, In
2015-08-14 19:15:54 :  39> [G]:  93746 [E]:  51865 [D]:  933 [T]: 2 [TH]: 9, In
2015-08-14 19:15:59 :  40> [G]:  43651 [E]:  39335 [D]:  539 [T]: 1 [TH]: 9, In
2015-08-14 19:16:07 :  41> [G]:  73630 [E]: 171126 [D]:  513 [T]:30 [TH]:10, In
2015-08-14 19:16:11 :  42> [G]: 195981 [E]: 173771 [D]: 1199 [T]: 5 [TH]: 9, In
2015-08-14 19:16:16 :  43> [G]:   3897 [E]: 103949 [D]:  797 [T]: 3 [TH]: 9, In
2015-08-14 19:16:24 :  44> [G]:  55504 [E]: 121994 [D]: 2592 [T]:32 [TH]:10, In
2015-08-14 19:16:30 :  45> [G]:  70923 [E]:  83636 [D]:  795 [T]: 1 [TH]: 9, In
2015-08-14 19:16:37 :  46> [G]:  59478 [E]:  27251 [D]:  670 [T]: 1 [TH]: 9, In
2015-08-14 19:16:41 :  47> [G]:  94702 [E]: 124541 [D]: 1248 [T]: 6 [TH]: 9, In
2015-08-14 19:16:45 :  48> [G]:  35697 [E]: 112375 [D]: 1800 [T]: 1 [TH]: 9, In
2015-08-14 19:16:51 :  49> [G]:  57177 [E]:   3810 [D]:  983 [T]: 1 [TH]: 9, In
2015-08-14 19:16:55 :  50> [G]:  64301 [E]:  74222 [D]: 1267 [T]:28 [TH]:10, In
2015-08-14 19:17:00 :  51> [G]:  25022 [E]:  11531 [D]:  604 [T]: 4 [TH]: 9, In
2015-08-14 19:17:05 :  52> [G]:  50479 [E]:  40362 [D]: 1613 [T]: 7 [TH]: 9, In
2015-08-14 19:17:14 :  53> [G]: 130329 [E]: 143205 [D]:  764 [T]:26 [TH]:10, In
2015-08-14 19:17:20 :  54> [G]:  33287 [E]: 152039 [D]:  585 [T]: 2 [TH]: 9, In
2015-08-14 19:17:25 :  55> [G]: 108999 [E]:   5999 [D]:  799 [T]: 7 [TH]: 9, In
2015-08-14 19:17:34 :  56> [G]: 271259 [E]: 278716 [D]: 1005 [T]:24 [TH]:10, In
2015-08-14 19:17:39 :  57> [G]:  90217 [E]:  84287 [D]:  844 [T]: 3 [TH]: 9, In
2015-08-14 19:17:42 :  58> [G]:  97291 [E]:  46567 [D]: 1016 [T]: 5 [TH]: 9, In
2015-08-14 19:17:47 :  59> [G]: 150109 [E]:  98848 [D]: 1671 [T]: 1 [TH]: 9, In
2015-08-14 19:17:52 :  60> [G]:  78970 [E]:  61020 [D]: 1536 [T]: 1 [TH]: 9, In
2015-08-14 19:17:59 :  61> [G]:  47869 [E]: 117597 [D]: 1547 [T]: 5 [TH]: 9, In
2015-08-14 19:18:04 :  62> [G]:  69371 [E]:   5136 [D]:  632 [T]: 1 [TH]: 9, In
2015-08-14 19:18:09 :  63> [G]:  28938 [E]: 283436 [D]: 1272 [T]: 7 [TH]: 9, In
2015-08-14 19:18:14 :  64> [G]:  69274 [E]:  20776 [D]:  522 [T]: 5 [TH]: 9, In
2015-08-14 19:18:24 :  65> [G]:   4460 [E]:  65019 [D]:  281 [T]:31 [TH]:10, In
2015-08-14 19:18:27 :  66> [G]:  47367 [E]:  87919 [D]:  348 [T]: 1 [TH]: 9, In
2015-08-14 19:18:33 :  67> [G]:  50936 [E]:  92339 [D]:  949 [T]: 1 [TH]: 9, In
2015-08-14 19:18:40 :  68> [G]:   9332 [E]:  99275 [D]:  949 [T]: 1 [TH]: 9, In
2015-08-14 19:18:49 :  69> [G]: 186177 [E]: 139046 [D]: 1901 [T]:18 [TH]:10, In
2015-08-14 19:18:54 :  70> [G]: 119932 [E]:   4551 [D]: 1350 [T]: 1 [TH]: 9, In
2015-08-14 19:18:57 :  71> [G]:  95404 [E]:  83275 [D]:  791 [T]: 6 [TH]: 9, In
2015-08-14 19:19:06 :  72> [G]: 262074 [E]: 132918 [D]: 1976 [T]:21 [TH]:10, In
2015-08-14 19:19:14 :  73> [G]:  80020 [E]: 250625 [D]: 2075 [T]:16 [TH]:10, In
2015-08-14 19:19:20 :  74> [G]: 104206 [E]:  28625 [D]: 1480 [T]: 2 [TH]: 9, In
2015-08-14 19:19:24 :  75> [G]: 105748 [E]:  88856 [D]:  374 [T]: 7 [TH]: 9, In
2015-08-14 19:19:29 :  76> [G]:  87254 [E]: 182355 [D]:  507 [T]: 5 [TH]: 9, In
2015-08-14 19:19:34 :  77> [G]:  36863 [E]:  84244 [D]:  945 [T]: 2 [TH]: 9, In
2015-08-14 19:19:38 :  78> [G]:  19644 [E]: 100620 [D]: 1111 [T]: 1 [TH]: 8, In
2015-08-14 19:19:46 :  79> [G]:  77796 [E]: 107897 [D]:  676 [T]:28 [TH]: -, -
2015-08-14 19:19:53 :  80> [G]:  64486 [E]: 124193 [D]:  688 [T]: 7 [TH]: 9, In
2015-08-14 19:19:57 :  81> [G]:  44898 [E]:   2616 [D]: 1405 [T]: 8 [TH]: 9, In
2015-08-14 19:20:02 :  82> [G]:  16968 [E]:  43044 [D]: 1083 [T]: 1 [TH]: 9, In
2015-08-14 19:20:07 :  83> [G]:  15920 [E]:  40594 [D]:  454 [T]: 4 [TH]: 9, In
2015-08-14 19:20:16 :  84> [G]: 206522 [E]: 285989 [D]: 4601 [T]:30 [TH]:10, In
2015-08-14 19:20:25 :  85> [G]:  71144 [E]: 196711 [D]: 1265 [T]:21 [TH]:10, In
2015-08-14 19:20:33 :  86> [G]: 373248 [E]:  76323 [D]: 1679 [T]:16 [TH]:10, In
2015-08-14 19:20:38 :  87> [G]:  91778 [E]: 136525 [D]:  498 [T]: 5 [TH]: 9, In
2015-08-14 19:20:42 :  88> [G]:  33835 [E]:  40320 [D]:  202 [T]: 2 [TH]: 9, In
2015-08-14 19:20:45 :  89> [G]: 140490 [E]:  30187 [D]:  746 [T]: 2 [TH]: 9, In
2015-08-14 19:20:50 :  90> [G]:  14074 [E]:   6259 [D]:  941 [T]: 1 [TH]: 9, In
2015-08-14 19:21:00 :  91> [G]: 118477 [E]: 142590 [D]: 1175 [T]:20 [TH]:10, In
2015-08-14 19:21:05 :  92> [G]:  20086 [E]:  95335 [D]: 1476 [T]: 1 [TH]: 8, In
2015-08-14 19:21:12 :  93> [G]: 107369 [E]: 127267 [D]:  409 [T]: 1 [TH]: 9, In
2015-08-14 19:21:17 :  94> [G]: 317416 [E]: 337242 [D]: 2052 [T]: 2 [TH]: 9, Out
2015-08-14 19:21:17 : ~~~~~~~~~~~~~~~ TH Outside Found! ~~~~~~~~~~~~~~~~
2015-08-14 19:21:19 : ================ Search Complete =================
2015-08-14 19:21:19 : Initiating attack for: TH Snipe
2015-08-14 19:21:21 : -Barbarians 36
2015-08-14 19:21:21 : -Archers 104
2015-08-14 19:21:21 : -Giants 12
2015-08-14 19:21:21 : -Clan Castle 
2015-08-14 19:21:21 : -King 
2015-08-14 19:21:21 : -Lightning Spells 3
2015-08-14 19:21:22 : -Poison Spells 1
2015-08-14 19:21:22 :  ====== Start Attack ====== 
2015-08-14 19:21:24 : Sending 1st wave of archers.
2015-08-14 19:21:24 : Dropping first wave of 4 Archers
2015-08-14 19:21:25 : Deployment of Archers Successful!
2015-08-14 19:21:27 : Dropping first wave of 15 Archers
2015-08-14 19:21:30 : Deployment of Archers Successful!
2015-08-14 19:21:44 : Townhall has been destroyed!
2015-08-14 19:21:47 : Checking if the battle has finished
2015-08-14 19:21:49 : detected [G]:  [E]:  [DE]:  |  Exit now 
2015-08-14 19:21:49 : Battle has finished
2015-08-14 19:21:49 : Returning Home
2015-08-14 19:21:53 : Loot: [G]: 1 000 [E]: 1 000 [DE]:  [T]: 1
2015-08-14 19:21:54 : Bonus [G]: 140 000 [E]: 140 000 [DE]: 900
2015-08-14 19:21:57 : Your league level is: Master I
2015-08-14 19:21:57 : Stars earned: 1
2015-08-14 19:22:04 : Trying to locate Main Screen
2015-08-14 19:22:04 : Main Screen Located
2015-08-14 19:22:06 : Village Report
2015-08-14 19:22:06 : No. of Free/Total Builders: 0/5
2015-08-14 19:22:06 :  [T]: 3 085
2015-08-14 19:22:06 :  [G]: 6 001 000 [E]: 6 001 000 [D]: 80 000 [GEM]: 77
2015-08-14 19:22:07 : Collecting Resources
2015-08-14 19:22:15 : Checking if Village needs Rearming..
2015-08-14 19:22:24 : Checking Army Camp...
2015-08-14 19:22:26 : Total Army Camp capacity: 200/200
2015-08-14 19:22:27 :  - No. of Barbarians: 55
2015-08-14 19:22:27 :  - No. of Archers: 85
2015-08-14 19:22:27 :  - No. of Giants: 12
2015-08-14 19:22:28 : Barracks and Spell factory status: 
2015-08-14 19:22:28 : - Barracks detected: 4 | Available: 4 | Upgrading: 0
2015-08-14 19:22:28 : - Dark Barracks detected: 2 | Available: 1 | Upgrading: 1
2015-08-14 19:22:28 : - Spell factory detected: 1 | Available: 1 | Upgrading: 0
2015-08-14 19:22:28 : - Dark Spell factory detected: 1 | Available: 1 | Upgrading: 0
2015-08-14 19:22:28 : Training Troops...
2015-08-14 19:22:28 : Your Army Camps are now Full
2015-08-14 19:22:53 : Requesting Clan Castle Troops
2015-08-14 19:22:54 : Your Clan Castle is already full or you are not in a clan.
2015-08-14 19:22:57 : Going to Attack...
2015-08-14 19:23:03 : ============== Searching For Dead Base ===============
2015-08-14 19:23:03 : ~~~~~~~~~~~~~~~ SEARCH CONDITIONS ~~~~~~~~~~~~~~~~
2015-08-14 19:23:03 : Meet: Gold and Elixir, TH Outside
2015-08-14 19:23:03 : ~~~~~~~~~~~~~~ RESOURCE CONDITIONS ~~~~~~~~~~~~~~~
2015-08-14 19:23:03 : Aim: [G]: 999999 [E]: 999999 [D]:    0 [T]: 0, Out, Out, Out, Out for: Dead Base
2015-08-14 19:23:03 : ~~~~~~~~~~~~~~~ ADVANCED SETTINGS ~~~~~~~~~~~~~~~~
2015-08-14 19:23:03 : THSnipe Combo, 1 Tile(s), 
2015-08-14 19:23:03 : ==================================================
2015-08-14 19:23:06 :   1> [G]:  63542 [E]:  76124 [D]:  612 [T]:10 [TH]: 9, In
2015-08-14 19:23:14 :   2> [G]:  95576 [E]: 138676 [D]:  526 [T]:11 [TH]: 9, In
2015-08-14 19:23:25 :   3> [G]:  93835 [E]:  15929 [D]:   87 [T]:13 [TH]:10, In
2015-08-14 19:23:33 :   4> [G]:  82927 [E]: 118327 [D]: 1820 [T]:13 [TH]:10, In
2015-08-14 19:23:44 :   5> [G]:  24591 [E]:  36450 [D]: 1123 [T]: 4 [TH]: 9, In
2015-08-14 19:23:53 :   6> [G]:  10581 [E]:  29164 [D]: 1112 [T]: 1 [TH]: 9, In
2015-08-14 19:23:57 :   7> [G]:  99817 [E]:  20719 [D]:  830 [T]: 6 [TH]: 9, In
2015-08-14 19:24:01 :   8> [G]:  37305 [E]:  86371 [D]: 3153 [T]:28 [TH]:10, In
2015-08-14 19:24:06 :   9> [G]:  62899 [E]: 210833 [D]: 1394 [T]: 2 [TH]: 9, In
2015-08-14 19:24:11 :  10> [G]:  35295 [E]:  23127 [D]:  856 [T]: 6 [TH]: 9, In
2015-08-14 19:24:15 :  11> [G]:  35166 [E]: 105479 [D]: 3315 [T]:26 [TH]:10, In
2015-08-14 19:24:19 :  12> [G]:   7276 [E]: 126927 [D]:  517 [T]: 1 [TH]: 9, In
2015-08-14 19:24:24 :  13> [G]:  44807 [E]:  84790 [D]: 1564 [T]: 6 [TH]: 9, In
2015-08-14 19:24:29 :  14> [G]:  21118 [E]:  69369 [D]:  822 [T]: 7 [TH]: 9, In
2015-08-14 19:24:38 :  15> [G]: 136320 [E]: 210694 [D]: 1011 [T]:16 [TH]:10, In
2015-08-14 19:24:44 :  16> [G]: 102622 [E]:  16922 [D]:  568 [T]: 2 [TH]: 9, In
2015-08-14 19:24:49 :  17> [G]:  46106 [E]:  81603 [D]: 1048 [T]: 4 [TH]: 9, In
2015-08-14 19:24:55 :  18> [G]: 103354 [E]:  69123 [D]:  587 [T]: 1 [TH]: 9, In
2015-08-14 19:25:00 :  19> [G]:  42572 [E]: 113237 [D]:  704 [T]: 2 [TH]: 9, In
2015-08-14 19:25:05 :  20> [G]:  78308 [E]:  65778 [D]: 1563 [T]: 3 [TH]: 9, In
2015-08-14 19:25:13 :  21> [G]:  31590 [E]:  22336 [D]: 1155 [T]: 3 [TH]: 9, In
2015-08-14 19:25:19 :  22> [G]:  69301 [E]:  77082 [D]:  129 [T]: 4 [TH]: 9, In
2015-08-14 19:25:25 :  23> [G]:  37817 [E]:  59412 [D]:  687 [T]: 2 [TH]: 9, In
2015-08-14 19:25:30 :  24> [G]: 112275 [E]:  63627 [D]:  392 [T]: 2 [TH]: 9, In
2015-08-14 19:25:39 :  25> [G]: 188922 [E]:  44870 [D]: 2423 [T]:27 [TH]:10, In
2015-08-14 19:25:45 :  26> [G]: 103590 [E]:  84859 [D]:  997 [T]: 8 [TH]: 9, In
2015-08-14 19:25:50 :  27> [G]:  93506 [E]:  53869 [D]: 1201 [T]: 6 [TH]: 9, In
2015-08-14 19:25:55 :  28> [G]:  98271 [E]:   3792 [D]:  708 [T]: 5 [TH]: 9, In
2015-08-14 19:26:02 :  29> [G]: 189116 [E]: 169947 [D]:  967 [T]: 1 [TH]: 9, In
2015-08-14 19:26:07 :  30> [G]: 126308 [E]: 174660 [D]: 1292 [T]: 1 [TH]: 9, In
2015-08-14 19:26:12 :  31> [G]:  13310 [E]:  16789 [D]:  830 [T]: 1 [TH]: 9, In
2015-08-14 19:26:23 :  32> [G]:  42974 [E]:  69306 [D]:  616 [T]:31 [TH]:10, In
2015-08-14 19:26:30 :  33> [G]:  62388 [E]:  84333 [D]: 2496 [T]: 1 [TH]: 9, In
2015-08-14 19:26:36 :  34> [G]:   9647 [E]:  77318 [D]:   13 [T]:12 [TH]: 9, In
2015-08-14 19:26:44 :  35> [G]:  98501 [E]: 136184 [D]: 2773 [T]:32 [TH]:10, In
2015-08-14 19:26:49 :  36> [G]: 183622 [E]: 254555 [D]: 1167 [T]: 6 [TH]: 9, In
2015-08-14 19:26:54 :  37> [G]:    822 [E]:   8804 [D]:  733 [T]:13 [TH]: 9, In
2015-08-14 19:27:02 :  38> [G]: 217124 [E]:  74421 [D]:  562 [T]:26 [TH]:10, In
2015-08-14 19:27:11 :  39> [G]:  47765 [E]:  49554 [D]:  790 [T]: 1 [TH]: 9, In
2015-08-14 19:27:19 :  40> [G]: 294338 [E]: 143623 [D]: 2913 [T]:15 [TH]:10, In
2015-08-14 19:27:25 :  41> [G]:  34925 [E]: 150064 [D]: 1132 [T]: 1 [TH]: 9, In
2015-08-14 19:27:28 :  42> [G]:  96125 [E]:  48096 [D]:  175 [T]: 1 [TH]: 9, In
2015-08-14 19:27:37 :  43> [G]:  66072 [E]:  49927 [D]: 1702 [T]:20 [TH]:10, In
2015-08-14 19:27:45 :  44> [G]:  82885 [E]: 133883 [D]: 1409 [T]:27 [TH]:10, In
2015-08-14 19:27:51 :  45> [G]:  17837 [E]:  97379 [D]:  898 [T]: 1 [TH]: 9, In
2015-08-14 19:27:56 :  46> [G]:  39271 [E]:  28678 [D]:  378 [T]: 1 [TH]: 9, In
2015-08-14 19:28:00 :  47> [G]:  97242 [E]: 158782 [D]: 1519 [T]: 7 [TH]: 9, In
2015-08-14 19:28:04 :  48> [G]:  45100 [E]:  56257 [D]: 1674 [T]:14 [TH]:10, In
2015-08-14 19:28:10 :  49> [G]:  15892 [E]:  20341 [D]:  757 [T]: 3 [TH]: 9, In
2015-08-14 19:28:15 :  50> [G]:  45072 [E]:  99802 [D]:  338 [T]: 3 [TH]: 9, In
2015-08-14 19:28:20 :  51> [G]:  99026 [E]:  20513 [D]:  759 [T]: 2 [TH]: 9, In
2015-08-14 19:28:26 :  52> [G]:  51111 [E]:  53070 [D]:  683 [T]: 1 [TH]: 9, In
2015-08-14 19:28:31 :  53> [G]:  29760 [E]:  30354 [D]:  605 [T]: 1 [TH]: 9, In
2015-08-14 19:28:37 :  54> [G]:  50890 [E]:   6577 [D]:  384 [T]: 3 [TH]: 9, In
2015-08-14 19:28:40 :  55> [G]:  48301 [E]:  63733 [D]:  762 [T]: 1 [TH]: 9, In
2015-08-14 19:28:46 :  56> [G]:  37527 [E]:  75369 [D]:  788 [T]: 1 [TH]: 9, In
2015-08-14 19:28:51 :  57> [G]:  67456 [E]:  74141 [D]: 2245 [T]: 2 [TH]: 9, In
2015-08-14 19:28:54 :  58> [G]: 150686 [E]: 363475 [D]: 2195 [T]:23 [TH]: 8, Out
2015-08-14 19:28:54 : ~~~~~~~~~~~~~~~ TH Outside Found! ~~~~~~~~~~~~~~~~
2015-08-14 19:28:55 : ================ Search Complete =================
2015-08-14 19:28:55 : Initiating attack for: TH Snipe
2015-08-14 19:28:58 : -Barbarians 55
2015-08-14 19:28:58 : -Archers 85
2015-08-14 19:28:58 : -Giants 12
2015-08-14 19:28:58 : -Clan Castle 
2015-08-14 19:28:58 : -King 
2015-08-14 19:28:58 : -Lightning Spells 3
2015-08-14 19:28:58 : -Poison Spells 1
2015-08-14 19:28:58 :  ====== Start Attack ====== 
2015-08-14 19:29:01 : Sending 1st wave of archers.
2015-08-14 19:29:01 : Dropping first wave of 4 Archers
2015-08-14 19:29:03 : Deployment of Archers Successful!
2015-08-14 19:29:05 : Dropping first wave of 15 Archers
2015-08-14 19:29:08 : Deployment of Archers Successful!
2015-08-14 19:29:19 : Townhall has been destroyed!
2015-08-14 19:29:22 : Checking if the battle has finished
2015-08-14 19:29:24 : detected [G]:  [E]:  [DE]:  |  Exit now 
2015-08-14 19:29:24 : Battle has finished
2015-08-14 19:29:24 : Returning Home
2015-08-14 19:29:28 : Loot: [G]: 1 000 [E]: 1 000 [DE]:  [T]: 7
2015-08-14 19:29:29 : Bonus [G]: 140 000 [E]: 140 000 [DE]: 900
2015-08-14 19:29:32 : Your league level is: Master I
2015-08-14 19:29:32 : Stars earned: 1
2015-08-14 19:29:39 : Trying to locate Main Screen
2015-08-14 19:29:39 : Main Screen Located
2015-08-14 19:29:41 : Village Report
2015-08-14 19:29:41 : No. of Free/Total Builders: 0/5
2015-08-14 19:29:41 :  [T]: 3 092
2015-08-14 19:29:41 :  [G]: 6 001 000 [E]: 6 001 000 [D]: 80 000 [GEM]: 77
2015-08-14 19:29:42 : Collecting Resources
2015-08-14 19:29:50 : Checking if Village needs Rearming..
2015-08-14 19:30:00 : Checking Army Camp...
2015-08-14 19:30:01 : Total Army Camp capacity: 200/200
2015-08-14 19:30:02 :  - No. of Barbarians: 55
2015-08-14 19:30:03 :  - No. of Archers: 85
2015-08-14 19:30:03 :  - No. of Giants: 12
2015-08-14 19:30:03 : Barracks and Spell factory status: 
2015-08-14 19:30:03 : - Barracks detected: 4 | Available: 4 | Upgrading: 0
2015-08-14 19:30:03 : - Dark Barracks detected: 2 | Available: 1 | Upgrading: 1
2015-08-14 19:30:03 : - Spell factory detected: 1 | Available: 1 | Upgrading: 0
2015-08-14 19:30:03 : - Dark Spell factory detected: 1 | Available: 1 | Upgrading: 0
2015-08-14 19:30:03 : Training Troops...
2015-08-14 19:30:04 : Your Army Camps are now Full
2015-08-14 19:30:28 : Requesting Clan Castle Troops
2015-08-14 19:30:28 : Your Clan Castle is already full or you are not in a clan.
2015-08-14 19:30:31 : ClashGameBot was Paused!
2015-08-14 19:39:03 : ClashGameBot was Resumed.
2015-08-14 19:39:03 : Zooming Out
2015-08-14 19:39:08 : Going to Attack...
2015-08-14 19:39:14 : ============== Searching For Dead Base ===============
2015-08-14 19:39:14 : ~~~~~~~~~~~~~~~ SEARCH CONDITIONS ~~~~~~~~~~~~~~~~
2015-08-14 19:39:14 : Meet: Gold and Elixir, TH Outside
2015-08-14 19:39:14 : ~~~~~~~~~~~~~~ RESOURCE CONDITIONS ~~~~~~~~~~~~~~~
2015-08-14 19:39:14 : Aim: [G]: 999999 [E]: 999999 [D]:    0 [T]: 0, Out, Out, Out, Out, Out for: Dead Base
2015-08-14 19:39:14 : ~~~~~~~~~~~~~~~ ADVANCED SETTINGS ~~~~~~~~~~~~~~~~
2015-08-14 19:39:14 : THSnipe Combo, 1 Tile(s), 
2015-08-14 19:39:14 : ==================================================
2015-08-14 19:39:15 :   1> [G]:        [E]:        [D]:  N/A [T]:   [TH]: -, -
2015-08-14 19:39:30 : Have strange problem can not determine, Restarting Bot...
2015-08-14 19:39:32 : Trying to locate Main Screen
2015-08-14 19:39:32 : Main Screen Located
2015-08-14 19:39:32 : Restarted after Out of Sync Error: Attack Now
2015-08-14 19:39:32 : Going to Attack...
2015-08-14 19:39:38 : ============== Searching For Dead Base ===============
2015-08-14 19:39:38 : ~~~~~~~~~~~~~~~ SEARCH CONDITIONS ~~~~~~~~~~~~~~~~
2015-08-14 19:39:38 : Meet: Gold and Elixir, TH Outside
2015-08-14 19:39:38 : ~~~~~~~~~~~~~~ RESOURCE CONDITIONS ~~~~~~~~~~~~~~~
2015-08-14 19:39:38 : Aim: [G]: 999999 [E]: 999999 [D]:    0 [T]: 0, Out, Out, Out, Out, Out, Out for: Dead Base
2015-08-14 19:39:38 : ~~~~~~~~~~~~~~~ ADVANCED SETTINGS ~~~~~~~~~~~~~~~~
2015-08-14 19:39:38 : THSnipe Combo, 1 Tile(s), 
2015-08-14 19:39:38 : ==================================================
2015-08-14 19:39:45 :   2> [G]:  83824 [E]: 125510 [D]:  390 [T]:28 [TH]:10, In
2015-08-14 19:39:53 :   3> [G]: 146833 [E]: 175450 [D]: 1726 [T]:30 [TH]:10, In
2015-08-14 19:40:01 :   4> [G]:  63605 [E]: 230948 [D]: 1184 [T]:23 [TH]:10, In
2015-08-14 19:40:07 :   5> [G]:  33468 [E]:  16235 [D]:  413 [T]: 7 [TH]: 9, In
2015-08-14 19:40:16 :   6> [G]: 158728 [E]: 170826 [D]: 2279 [T]:29 [TH]:10, In
