2015-08-02 15:51:11 : ~ Clash Game Bot v4.1MODS Powered by GameBot.org ~
2015-08-02 15:51:11 : GameBot.org.exe Executable running on WIN_7  X64
2015-08-02 15:51:11 : =================== Bot Start ====================
2015-08-02 15:51:11 : -------------------------  Current Profile: 02 --------------------------
2015-08-02 15:51:11 : Trying to locate Main Screen
2015-08-02 15:51:11 : Main Screen Located
2015-08-02 15:51:12 : Detecting your Buildings..
2015-08-02 15:51:17 : Language setting is English: Correct.
2015-08-02 15:51:18 : Trying to locate Main Screen
2015-08-02 15:51:18 : Main Screen Located
2015-08-02 15:51:19 : Collecting Resources
2015-08-02 15:51:28 : Village Report
2015-08-02 15:51:28 : No. of Free/Total Builders: 0/4
2015-08-02 15:51:28 :  [T]: 1 775
2015-08-02 15:51:28 :  [G]: 5 566 413 [E]: 4 706 627 [D]: 60 510 [GEM]: 953
2015-08-02 15:51:31 : Checking Army Camp...
2015-08-02 15:51:33 : Total Army Camp capacity: 191/200
2015-08-02 15:51:34 :  - No. of Barbarians: 118
2015-08-02 15:51:34 :  - No. of Archers: 73
2015-08-02 15:51:35 : Barracks and Spell factory status: 
2015-08-02 15:51:35 : - Barracks detected: 4 | Available: 3 | Upgrading: 1
2015-08-02 15:51:35 : - Dark Barracks detected: 2 | Available: 2 | Upgrading: 0
2015-08-02 15:51:35 : - Spell factory detected: 1 | Available: 1 | Upgrading: 0
2015-08-02 15:51:35 : - Dark Spell factory detected: 1 | Available: 0 | Upgrading: 1
2015-08-02 15:51:35 : Training Troops...
2015-08-02 15:51:35 : Your Army Camps are now Full
2015-08-02 15:51:46 : Requesting Clan Castle Troops
2015-08-02 15:51:47 : Your Clan Castle is already full or you are not in a clan.
2015-08-02 15:51:48 : Checking Troop Upgrade in Laboratory ...
2015-08-02 15:51:48 : Updating village values [E]: 4706627 [D]: 60510
2015-08-02 15:51:50 : Insufficent Elixir for Pekka, Lab requires: 6000000 + 250000 user reserve
2015-08-02 15:51:53 : Finished kicking
2015-08-02 15:51:53 : Going to Attack...
2015-08-02 15:51:59 :   1> [G]: 196935 [E]: 173053 [D]:  811 [T]:20 [TH]: 8, In
2015-08-02 15:51:59 : Initiating attack for: Live Base
2015-08-02 15:52:02 : -Barbarians 118
2015-08-02 15:52:02 : -Archers 73
2015-08-02 15:52:02 : -Clan Castle 
2015-08-02 15:52:02 : -King 
2015-08-02 15:52:02 : -Lightning Spells 3
2015-08-02 15:52:02 : -Poison Spells 1
2015-08-02 15:52:02 : Live Base Hero Healing Mode Enabled
2015-08-02 15:52:03 : ============== Searching For Dead Base ===============
2015-08-02 15:52:03 : ~~~~~~~~~~~~~~~ SEARCH CONDITIONS ~~~~~~~~~~~~~~~~
2015-08-02 15:52:03 : Meet: Gold and Elixir, TH Outside
2015-08-02 15:52:03 : ~~~~~~~~~~~~~~ RESOURCE CONDITIONS ~~~~~~~~~~~~~~~
2015-08-02 15:52:03 : Aim: [G]:      1 [E]:      1 [D]:    0 [T]: 0, Out for: Dead Base
2015-08-02 15:52:03 : ============== Searching For Live Base ===============
2015-08-02 15:52:03 : ~~~~~~~~~~~~~~~ SEARCH CONDITIONS ~~~~~~~~~~~~~~~~
2015-08-02 15:52:03 : Meet: Gold + Elixir, TH Outside
2015-08-02 15:52:03 : ~~~~~~~~~~~~~~ RESOURCE CONDITIONS ~~~~~~~~~~~~~~~
2015-08-02 15:52:03 : Aim:           [G+E]: 160000 [D]:    0 [T]: 0, Out for: Live Base
2015-08-02 15:52:03 : ~~~~~~~~~~~~~~~ ADVANCED SETTINGS ~~~~~~~~~~~~~~~~
2015-08-02 15:52:03 : THSnipe Combo, 2 Tile(s), 
2015-08-02 15:52:03 : ==================================================
2015-08-02 15:52:05 :   1> [G]: 196935 [E]: 173053 [D]:  811 [T]:20 [TH]: 8, In
2015-08-02 15:52:08 :   2> [G]:  38991 [E]:  66473 [D]:  700 [T]:31 [TH]: 8, In
2015-08-02 15:52:11 :   3> [G]:  73045 [E]:  87296 [D]:   82 [T]:16 [TH]: 8, In
2015-08-02 15:52:14 :   4> [G]:  79696 [E]:  44574 [D]:  107 [T]:20 [TH]: 7, In
2015-08-02 15:52:17 :   5> [G]: 106377 [E]: 134776 [D]:   97 [T]:13 [TH]: 8, In
2015-08-02 15:52:20 :   6> [G]:  18597 [E]: 109285 [D]:  285 [T]:28 [TH]: 7, In
2015-08-02 15:52:27 :   7> [G]:  47951 [E]:  65383 [D]:  465 [T]:33 [TH]: 9, In
2015-08-02 15:52:30 :   8> [G]: 128601 [E]: 192052 [D]: 2915 [T]:21 [TH]: 9, In
2015-08-02 15:52:33 :   9> [G]:  61985 [E]:  46846 [D]:  246 [T]:17 [TH]: 7, In
2015-08-02 15:52:40 :  10> [G]:  22930 [E]: 155244 [D]:  443 [T]:23 [TH]: 9, In
2015-08-02 15:52:43 :  11> [G]:  21921 [E]:  10337 [D]:  340 [T]:22 [TH]: 8, In
2015-08-02 15:52:46 :  12> [G]:  17234 [E]:  42218 [D]:  179 [T]:33 [TH]: 7, In
2015-08-02 15:52:53 :  13> [G]:  14569 [E]:  83173 [D]:   31 [T]:26 [TH]: 7, In
2015-08-02 15:52:56 :  14> [G]:  26232 [E]:  23658 [D]:  N/A [T]:12 [TH]:4-6, In
2015-08-02 15:53:03 :  15> [G]: 166142 [E]:  35430 [D]:  652 [T]:27 [TH]: 8, In
2015-08-02 15:53:08 :  16> [G]:  44207 [E]:  72437 [D]:  159 [T]:21 [TH]: -, -
2015-08-02 15:53:11 :  17> [G]:  62138 [E]:  48853 [D]:  364 [T]:34 [TH]: 8, In
2015-08-02 15:53:18 :  18> [G]: 118697 [E]: 102100 [D]:  627 [T]:30 [TH]: 8, In
2015-08-02 15:53:22 :  19> [G]:  80686 [E]: 121692 [D]:  756 [T]:20 [TH]: 9, In
2015-08-02 15:53:25 :  20> [G]:  78523 [E]:  92916 [D]:  281 [T]:30 [TH]: 8, In
2015-08-02 15:53:28 :  21> [G]:  45684 [E]: 121618 [D]:  123 [T]:23 [TH]: 9, In
2015-08-02 15:53:32 :  22> [G]:  53654 [E]: 155780 [D]:  586 [T]:16 [TH]: 7, In
2015-08-02 15:53:35 :  23> [G]: 129252 [E]: 143984 [D]:  589 [T]:20 [TH]: 8, In
2015-08-02 15:53:38 :  24> [G]:  57647 [E]:  89714 [D]:  394 [T]:26 [TH]: 8, In
2015-08-02 15:53:41 :  25> [G]:  78921 [E]:  50173 [D]:  422 [T]:15 [TH]: 7, In
2015-08-02 15:53:47 :  26> [G]:  54027 [E]:  64538 [D]:  138 [T]:16 [TH]: 7, In
2015-08-02 15:53:51 :  27> [G]:  56197 [E]:  93324 [D]:  452 [T]:13 [TH]: 8, In
2015-08-02 15:53:54 :  28> [G]: 267061 [E]: 375797 [D]:  472 [T]:17 [TH]: 8, In
2015-08-02 15:53:57 :  29> [G]:  75587 [E]:  74467 [D]:  780 [T]:25 [TH]: 8, In
2015-08-02 15:54:00 :  30> [G]:  85611 [E]: 162880 [D]:  286 [T]:23 [TH]: 8, In
2015-08-02 15:54:05 :  31> [G]:  20739 [E]:  23916 [D]:  935 [T]:32 [TH]: 8, In
2015-08-02 15:54:08 :  32> [G]:  87426 [E]: 111462 [D]:  449 [T]:22 [TH]: 8, In
2015-08-02 15:54:11 :  33> [G]:  78196 [E]: 104778 [D]:  509 [T]:27 [TH]: 9, In
2015-08-02 15:54:14 :  34> [G]:  63537 [E]: 107423 [D]:  425 [T]:27 [TH]: 8, In
2015-08-02 15:54:17 :  35> [G]:  54708 [E]:  39206 [D]: 1014 [T]:18 [TH]: 8, In
2015-08-02 15:54:22 :  36> [G]:  44860 [E]: 173538 [D]:  463 [T]:30 [TH]: 8, In
2015-08-02 15:54:26 :  37> [G]:  67223 [E]: 106681 [D]:  811 [T]:33 [TH]: 9, In
2015-08-02 15:54:29 :  38> [G]: 156836 [E]: 116719 [D]:  435 [T]:23 [TH]: 7, In
2015-08-02 15:54:31 :  39> [G]:  31132 [E]:  58573 [D]:    0 [T]:22 [TH]: 7, In
2015-08-02 15:54:37 :  40> [G]: 230858 [E]: 154265 [D]:  244 [T]:26 [TH]: 7, In
2015-08-02 15:54:42 :  41> [G]:  39270 [E]:  19003 [D]:  160 [T]:23 [TH]: 7, In
2015-08-02 15:54:45 :  42> [G]:  51759 [E]:  98811 [D]:  268 [T]:23 [TH]: 7, In
2015-08-02 15:54:51 :  43> [G]:  18742 [E]: 109942 [D]:  440 [T]:28 [TH]: 7, In
2015-08-02 15:54:54 :  44> [G]:  82404 [E]:  17960 [D]:  586 [T]:14 [TH]: 8, In
2015-08-02 15:54:58 :  45> [G]: 204488 [E]: 159562 [D]:  408 [T]:14 [TH]: 8, In
2015-08-02 15:55:01 :  46> [G]:  97423 [E]: 148678 [D]:  864 [T]:19 [TH]: 8, In
2015-08-02 15:55:04 :  47> [G]:  85694 [E]:  74086 [D]:  241 [T]:21 [TH]: 7, In
2015-08-02 15:55:08 :  48> [G]:  51296 [E]: 228402 [D]: 1445 [T]:13 [TH]: 8, Out
2015-08-02 15:55:08 : Defense found, but not near TH.
2015-08-02 15:55:09 : ~~~~~~~~~~~~~~~~ Live Base Found! ~~~~~~~~~~~~~~~~
2015-08-02 15:55:09 : ================ Search Complete =================
2015-08-02 15:55:09 : Initiating attack for: Live Base
2015-08-02 15:55:12 : -Barbarians 118
2015-08-02 15:55:12 : -Archers 73
2015-08-02 15:55:12 : -Clan Castle 
2015-08-02 15:55:12 : -King 
2015-08-02 15:55:12 : -Lightning Spells 3
2015-08-02 15:55:12 : -Poison Spells 1
2015-08-02 15:55:12 :  ====== Start Attack ====== 
2015-08-02 15:55:14 : Attacking on all sides
2015-08-02 15:55:15 : Dropping first wave of 59 Barbarians
2015-08-02 15:55:20 : Dropping first wave of 37 Archers
2015-08-02 15:55:23 : Dropping second wave of 59 Barbarians
2015-08-02 15:55:28 : Dropping second wave of 37 Archers
2015-08-02 15:55:32 : Dropping King
2015-08-02 15:55:33 : Dropping left over troops
2015-08-02 15:55:33 : Checking remaining unused troops for: Live Base
2015-08-02 15:55:36 : -Clan Castle 
2015-08-02 15:55:36 : -Lightning Spells 3
2015-08-02 15:55:36 : -Poison Spells 1
2015-08-02 15:55:39 : King is getting weak, Activating King's power
2015-08-02 15:55:44 : Checking remaining unused troops for: Live Base
2015-08-02 15:55:47 : -Clan Castle 
2015-08-02 15:55:47 : -Lightning Spells 3
2015-08-02 15:55:47 : -Poison Spells 1
2015-08-02 15:55:56 : Finished Attacking, waiting for the battle to end
2015-08-02 15:55:56 : Checking if the battle has finished
2015-08-02 15:55:58 : detected [G]: 25612 [E]: 206417 [DE]: 1364 |  Exit in 178 sec.
2015-08-02 15:55:58 : Gold & Elixir & DE change detected, waiting...
2015-08-02 15:56:02 : detected [G]: 25607 [E]: 206412 [DE]: 1364 |  Exit in 178 sec.
2015-08-02 15:56:03 : detected [G]: 25586 [E]: 206391 [DE]: 1364 |  Exit in 176 sec.
2015-08-02 15:56:03 : Gold & Elixir & DE change detected, waiting...
2015-08-02 15:56:07 : detected [G]: 25437 [E]: 206242 [DE]: 1364 |  Exit in 178 sec.
2015-08-02 15:56:07 : Gold & Elixir & DE change detected, waiting...
2015-08-02 15:56:10 : detected [G]: 25375 [E]: 206180 [DE]: 1364 |  Exit in 178 sec.
2015-08-02 15:56:10 : One Star Reach, exit
2015-08-02 15:56:12 : Returning Home
2015-08-02 15:56:16 : Loot: [G]: 25 921 [E]: 22 222 [DE]: 81 [T]: 4
2015-08-02 15:56:17 : Bonus [G]: 11 000 [E]: 11 000
2015-08-02 15:56:18 : Your league level is: Gold II
2015-08-02 15:56:18 : Stars earned: 1
2015-08-02 15:56:25 : Trying to locate Main Screen
2015-08-02 15:56:25 : Main Screen Located
2015-08-02 15:56:26 : Collecting Resources
2015-08-02 15:56:34 : Village Report
2015-08-02 15:56:34 : No. of Free/Total Builders: 0/4
2015-08-02 15:56:34 :  [T]: 1 779
2015-08-02 15:56:34 :  [G]: 5 578 570 [E]: 4 741 921 [D]: 60 605 [GEM]: 953
2015-08-02 15:56:38 : Checking Army Camp...
2015-08-02 15:56:40 : Total Army Camp capacity: 0/200
2015-08-02 15:56:41 : Training Troops...
2015-08-02 15:56:52 : Requesting Clan Castle Troops
2015-08-02 15:56:52 : Request has already been made
2015-08-02 15:56:53 : Checking Troop Upgrade in Laboratory ...
2015-08-02 15:56:53 : Updating village values [E]: 4741921 [D]: 60605
2015-08-02 15:56:55 : Insufficent Elixir for Pekka, Lab requires: 6000000 + 250000 user reserve
2015-08-02 15:56:59 : Finished kicking
2015-08-02 15:56:59 : ====== Waiting for full army ======
