2015-08-14 16:15:36 : ~~ Clash Game Bot v4.1.1 Powered by GameBot.org ~~
2015-08-14 16:15:36 : GameBot.org.exe Executable running on WIN_7  X64
2015-08-14 16:15:36 : =================== Bot Start ====================
2015-08-14 16:15:36 : -------------------------  Current Profile: 03 --------------------------
2015-08-14 16:15:37 : Trying to locate Main Screen
2015-08-14 16:15:37 : Main Screen Located
2015-08-14 16:15:38 : Detecting your Buildings..
2015-08-14 16:15:38 : Language setting is English: Correct.
2015-08-14 16:15:39 : Trying to locate Main Screen
2015-08-14 16:15:39 : Main Screen Located
2015-08-14 16:15:41 : Village Report
2015-08-14 16:15:41 : No. of Free/Total Builders: 0/5
2015-08-14 16:15:41 :  [T]: 3 073
2015-08-14 16:15:41 :  [G]: 5 944 792 [E]: 5 813 050 [D]: 80 000 [GEM]: 77
2015-08-14 16:15:42 : Collecting Resources
2015-08-14 16:15:50 : Checking if Village needs Rearming..
2015-08-14 16:15:59 : Checking Army Camp...
2015-08-14 16:16:01 : Total Army Camp capacity: 200/200
2015-08-14 16:16:02 :  - No. of Barbarians: 58
2015-08-14 16:16:02 :  - No. of Archers: 87
2015-08-14 16:16:02 :  - No. of Giants: 11
2015-08-14 16:16:03 : Barracks and Spell factory status: 
2015-08-14 16:16:03 : - Barracks detected: 4 | Available: 4 | Upgrading: 0
2015-08-14 16:16:03 : - Dark Barracks detected: 2 | Available: 1 | Upgrading: 1
2015-08-14 16:16:03 : - Spell factory detected: 1 | Available: 1 | Upgrading: 0
2015-08-14 16:16:03 : - Dark Spell factory detected: 1 | Available: 1 | Upgrading: 0
2015-08-14 16:16:03 : Training Troops...
2015-08-14 16:16:04 : Your Army Camps are now Full
2015-08-14 16:16:28 : Requesting Clan Castle Troops
2015-08-14 16:16:29 : Your Clan Castle is already full or you are not in a clan.
2015-08-14 16:16:32 : Going to Attack...
2015-08-14 16:16:38 : ============== Searching For Dead Base ===============
2015-08-14 16:16:38 : ~~~~~~~~~~~~~~~ SEARCH CONDITIONS ~~~~~~~~~~~~~~~~
2015-08-14 16:16:38 : Meet: Gold and Elixir, TH Outside
2015-08-14 16:16:38 : ~~~~~~~~~~~~~~ RESOURCE CONDITIONS ~~~~~~~~~~~~~~~
2015-08-14 16:16:38 : Aim: [G]: 999999 [E]: 999999 [D]:    0 [T]: 0, Out, Out, Out, Out for: Dead Base
2015-08-14 16:16:38 : ~~~~~~~~~~~~~~~ ADVANCED SETTINGS ~~~~~~~~~~~~~~~~
2015-08-14 16:16:38 : THSnipe Combo, 1 Tile(s), 
2015-08-14 16:16:38 : ==================================================
2015-08-14 16:16:41 :   1> [G]:  78839 [E]:  74102 [D]: 2262 [T]:34 [TH]:10, In
2015-08-14 16:16:53 :   2> [G]: 189300 [E]: 351780 [D]: 1188 [T]:24 [TH]:10, In
2015-08-14 16:17:04 :   3> [G]: 110394 [E]: 104387 [D]:  249 [T]:29 [TH]: 9, In
2015-08-14 16:17:12 :   4> [G]:  53824 [E]: 114014 [D]: 1591 [T]:22 [TH]:10, In
2015-08-14 16:17:18 :   5> [G]: 104224 [E]:  76416 [D]:  687 [T]: 5 [TH]: 9, In
2015-08-14 16:17:28 :   6> [G]:   8063 [E]:  73946 [D]:  249 [T]: 4 [TH]: 9, In
2015-08-14 16:17:35 :   7> [G]:  89228 [E]:  46106 [D]:   85 [T]: 1 [TH]: 9, In
2015-08-14 16:17:41 :   8> [G]:  15214 [E]:  17497 [D]:  553 [T]: 1 [TH]: 9, In
2015-08-14 16:17:49 :   9> [G]: 176457 [E]:  57648 [D]:  326 [T]:33 [TH]:10, In
2015-08-14 16:17:58 :  10> [G]:  40885 [E]:  59390 [D]:  814 [T]:20 [TH]:10, In
2015-08-14 16:18:03 :  11> [G]:  18250 [E]:  25500 [D]:  249 [T]: 1 [TH]: 9, In
2015-08-14 16:18:08 :  12> [G]: 177007 [E]: 143253 [D]:  908 [T]: 1 [TH]: 9, In
2015-08-14 16:18:13 :  13> [G]:  86580 [E]:  21293 [D]:  392 [T]: 5 [TH]: 9, In
2015-08-14 16:18:19 :  14> [G]:  59637 [E]: 127612 [D]: 1348 [T]: 2 [TH]: 9, In
2015-08-14 16:18:26 :  15> [G]:  90073 [E]: 120449 [D]:  890 [T]: 2 [TH]: 9, In
2015-08-14 16:18:29 :  16> [G]:  87976 [E]: 197571 [D]:  467 [T]: 3 [TH]: 9, In
2015-08-14 16:18:33 :  17> [G]:  71990 [E]:  50451 [D]:  345 [T]:19 [TH]:10, In
2015-08-14 16:18:42 :  18> [G]:  66091 [E]:  19352 [D]: 1471 [T]:26 [TH]:10, In
2015-08-14 16:18:47 :  19> [G]:  38736 [E]:  60485 [D]:  578 [T]: 1 [TH]: 9, In
2015-08-14 16:18:52 :  20> [G]:  74889 [E]:  92405 [D]: 1814 [T]: 2 [TH]: 9, In
2015-08-14 16:19:00 :  21> [G]: 179329 [E]:  86614 [D]: 1893 [T]:15 [TH]:10, In
2015-08-14 16:19:08 :  22> [G]:  75846 [E]:  85715 [D]: 1297 [T]:33 [TH]:10, In
2015-08-14 16:19:15 :  23> [G]:  34589 [E]:   5357 [D]:  144 [T]: 3 [TH]: 9, In
2015-08-14 16:19:20 :  24> [G]:  38524 [E]:  28023 [D]:  659 [T]: 2 [TH]: 9, In
2015-08-14 16:19:26 :  25> [G]:   4257 [E]:   7696 [D]:  571 [T]: 6 [TH]: 9, In
2015-08-14 16:19:38 :  26> [G]:  36248 [E]:   6950 [D]: 1975 [T]:28 [TH]:10, In
2015-08-14 16:19:44 :  27> [G]:  91950 [E]:  61852 [D]:  622 [T]: 2 [TH]: 9, In
2015-08-14 16:19:53 :  28> [G]: 157890 [E]: 140111 [D]: 1208 [T]:13 [TH]:10, In
2015-08-14 16:20:02 :  29> [G]:  18964 [E]:  14883 [D]: 1387 [T]:17 [TH]:10, In
2015-08-14 16:20:09 :  30> [G]:  20676 [E]:  55615 [D]:  133 [T]: 4 [TH]: 9, In
2015-08-14 16:20:14 :  31> [G]: 118850 [E]:  99796 [D]:  701 [T]: 1 [TH]: 9, In
2015-08-14 16:20:20 :  32> [G]:  44948 [E]: 358057 [D]:  505 [T]: 2 [TH]: 9, In
2015-08-14 16:20:24 :  33> [G]:  35425 [E]: 136291 [D]:  574 [T]: 1 [TH]: 8, In
2015-08-14 16:20:28 :  34> [G]:  11851 [E]: 185289 [D]: 1675 [T]: 8 [TH]: -, -
2015-08-14 16:20:31 :  35> [G]:   6822 [E]:  45959 [D]:  917 [T]: 4 [TH]: 9, In
2015-08-14 16:20:35 :  36> [G]:  53191 [E]: 297055 [D]: 2616 [T]:29 [TH]:10, In
2015-08-14 16:20:42 :  37> [G]:  50265 [E]: 143955 [D]:  458 [T]: 2 [TH]: 9, In
2015-08-14 16:20:47 :  38> [G]: 103118 [E]:  63482 [D]: 1453 [T]: 7 [TH]: 9, In
2015-08-14 16:20:51 :  39> [G]: 128662 [E]:  20185 [D]: 1275 [T]:34 [TH]:10, In
2015-08-14 16:20:58 :  40> [G]:  39190 [E]:  94533 [D]:  461 [T]: 3 [TH]: 9, In
2015-08-14 16:21:02 :  41> [G]: 123080 [E]:  60557 [D]: 1117 [T]: 6 [TH]: 9, In
2015-08-14 16:21:06 :  42> [G]: 134572 [E]: 132399 [D]:  450 [T]:10 [TH]: 9, In
2015-08-14 16:21:14 :  43> [G]: 341020 [E]: 143520 [D]: 1073 [T]:31 [TH]:10, In
2015-08-14 16:21:20 :  44> [G]:  35347 [E]:  78972 [D]: 1003 [T]: 1 [TH]: 9, In
2015-08-14 16:21:25 :  45> [G]: 182321 [E]: 259770 [D]: 2434 [T]: 2 [TH]: 9, Out
2015-08-14 16:21:25 : ~~~~~~~~~~~~~~~ TH Outside Found! ~~~~~~~~~~~~~~~~
2015-08-14 16:21:26 : ================ Search Complete =================
2015-08-14 16:21:26 : Initiating attack for: TH Snipe
2015-08-14 16:21:29 : -Barbarians 58
2015-08-14 16:21:29 : -Archers 87
2015-08-14 16:21:29 : -Giants 11
2015-08-14 16:21:29 : -Clan Castle 
2015-08-14 16:21:29 : -King 
2015-08-14 16:21:29 : -Lightning Spells 3
2015-08-14 16:21:29 : -Poison Spells 1
2015-08-14 16:21:29 :  ====== Start Attack ====== 
2015-08-14 16:21:32 : Sending 1st wave of archers.
2015-08-14 16:21:32 : Dropping first wave of 4 Archers
2015-08-14 16:21:33 : Deployment of Archers Successful!
2015-08-14 16:21:35 : Dropping first wave of 18 Archers
2015-08-14 16:21:39 : Deployment of Archers Successful!
2015-08-14 16:21:51 : ClashGameBot was Paused!
