2015-08-13 22:04:33 : ~~ Clash Game Bot v4.1.1 Powered by GameBot.org ~~
2015-08-13 22:04:33 : GameBot.org.exe Executable running on WIN_7  X64
2015-08-13 22:04:33 : =================== Bot Start ====================
2015-08-13 22:04:33 : -------------------------  Current Profile: 03 --------------------------
2015-08-13 22:04:33 : Trying to locate Main Screen
2015-08-13 22:04:33 : Zooming Out
2015-08-13 22:04:36 : Main Screen Located
2015-08-13 22:04:37 : Detecting your Buildings..
2015-08-13 22:04:38 : Language setting is English: Correct.
2015-08-13 22:04:39 : Trying to locate Main Screen
2015-08-13 22:04:39 : Main Screen Located
2015-08-13 22:04:41 : Village Report
2015-08-13 22:04:41 : No. of Free/Total Builders: 0/5
2015-08-13 22:04:41 :  [T]: 3 017
2015-08-13 22:04:41 :  [G]: 5 650 320 [E]: 5 714 790 [D]: 78 210 [GEM]: 64
2015-08-13 22:04:42 : Collecting Resources
2015-08-13 22:04:51 : Checking if Village needs Rearming..
2015-08-13 22:05:00 : Checking Army Camp...
2015-08-13 22:05:02 : Total Army Camp capacity: 200/200
2015-08-13 22:05:03 :  - No. of Barbarians: 73
2015-08-13 22:05:03 :  - No. of Archers: 127
2015-08-13 22:05:03 : Barracks and Spell factory status: 
2015-08-13 22:05:03 : - Barracks detected: 4 | Available: 4 | Upgrading: 0
2015-08-13 22:05:03 : - Dark Barracks detected: 2 | Available: 1 | Upgrading: 1
2015-08-13 22:05:03 : - Spell factory detected: 1 | Available: 1 | Upgrading: 0
2015-08-13 22:05:03 : - Dark Spell factory detected: 1 | Available: 1 | Upgrading: 0
2015-08-13 22:05:03 : Training Troops...
2015-08-13 22:05:04 : Your Army Camps are now Full
2015-08-13 22:05:04 : Too many Arch, train last.
2015-08-13 22:05:04 : Too many Barb, train last.
2015-08-13 22:05:29 : Requesting Clan Castle Troops
2015-08-13 22:05:38 : Going to Attack...
2015-08-13 22:05:39 : ClashGameBot was Paused!
2015-08-13 22:34:56 : Pushbullet: removed 4 messages older than 6 h 
