2015-08-11 01:29:19 : ~~ Clash Game Bot v4.1.1 Powered by GameBot.org ~~
2015-08-11 01:29:19 : GameBot.org.exe Executable running on WIN_7  X64
2015-08-11 01:29:19 : =================== Bot Start ====================
2015-08-11 01:29:19 : -------------------------  Current Profile: 03 --------------------------
2015-08-11 01:29:20 : Trying to locate Main Screen
2015-08-11 01:29:20 : Main Screen Located
2015-08-11 01:29:21 : Detecting your Buildings..
2015-08-11 01:29:21 : Language setting is English: Correct.
2015-08-11 01:29:22 : Trying to locate Main Screen
2015-08-11 01:29:22 : Main Screen Located
2015-08-11 01:29:24 : Village Report
2015-08-11 01:29:24 : No. of Free/Total Builders: 0/5
2015-08-11 01:29:24 :  [T]: 2 604
2015-08-11 01:29:24 :  [G]: 375 759 [E]: 5 001 385 [D]: 36 743 [GEM]: 33
2015-08-11 01:29:25 : Collecting Resources
2015-08-11 01:29:33 : Checking if Village needs Rearming..
2015-08-11 01:29:41 : Checking Army Camp...
2015-08-11 01:29:43 : Total Army Camp capacity: 7/200
2015-08-11 01:29:46 :  - No. of Barbarians: 5
2015-08-11 01:29:46 :  - No. of Archers: 2
2015-08-11 01:29:46 : Barracks and Spell factory status: 
2015-08-11 01:29:46 : - Barracks detected: 4 | Available: 3 | Upgrading: 1
2015-08-11 01:29:46 : - Dark Barracks detected: 2 | Available: 2 | Upgrading: 0
2015-08-11 01:29:46 : - Spell factory detected: 1 | Available: 1 | Upgrading: 0
2015-08-11 01:29:46 : - Dark Spell factory detected: 1 | Available: 1 | Upgrading: 0
2015-08-11 01:29:46 : Training Troops...
