2015-08-02 19:54:06 : ~ Clash Game Bot v4.1MODS Powered by GameBot.org ~
2015-08-02 19:54:06 : GameBot.org.exe Executable running on WIN_7  X64
2015-08-02 19:54:06 : =================== Bot Start ====================
2015-08-02 19:54:06 : -------------------------  Current Profile: 02 --------------------------
2015-08-02 19:54:06 : Trying to locate Main Screen
2015-08-02 19:54:06 : Main Screen Located
2015-08-02 19:54:07 : Detecting your Buildings..
2015-08-02 19:54:11 : Language setting is English: Correct.
2015-08-02 19:54:12 : Trying to locate Main Screen
2015-08-02 19:54:12 : Main Screen Located
2015-08-02 19:54:13 : Collecting Resources
2015-08-02 19:54:21 : Village Report
2015-08-02 19:54:21 : No. of Free/Total Builders: 0/4
2015-08-02 19:54:21 :  [T]: 1 832
2015-08-02 19:54:22 :  [G]: 6 001 000 [E]: 5 780 994 [D]: 61 664 [GEM]: 953
2015-08-02 19:54:24 : Chat Request: 1 gogo 1 soso 1 archer maxé pour la
2015-08-02 19:54:24 : Archers Keyword found: arch
2015-08-02 19:54:25 : Donating Archers
2015-08-02 19:54:27 : Chat Request: Pr g c 1 p kka max 1 soso max 1 Merci
2015-08-02 19:54:28 : Checking Army Camp...
2015-08-02 19:54:30 : Total Army Camp capacity: 54/200
2015-08-02 19:54:31 :  - No. of Archers: 54
2015-08-02 19:54:31 : Barracks and Spell factory status: 
2015-08-02 19:54:31 : - Barracks detected: 4 | Available: 3 | Upgrading: 1
2015-08-02 19:54:31 : - Dark Barracks detected: 2 | Available: 2 | Upgrading: 0
2015-08-02 19:54:31 : - Spell factory detected: 1 | Available: 1 | Upgrading: 0
2015-08-02 19:54:31 : - Dark Spell factory detected: 1 | Available: 0 | Upgrading: 1
2015-08-02 19:54:31 : Training Troops...
2015-08-02 19:54:55 : Requesting Clan Castle Troops
2015-08-02 19:54:56 : Your Clan Castle is already full or you are not in a clan.
2015-08-02 19:54:57 : Checking Troop Upgrade in Laboratory ...
2015-08-02 19:54:57 : Updating village values [E]: 5778924 [D]: 61664
2015-08-02 19:54:58 : Trouble finding research button, try again...
2015-08-02 19:55:02 : Finished kicking
2015-08-02 19:55:02 : ====== Waiting for full army ======
2015-08-02 19:55:14 : Checking Army Camp...
2015-08-02 19:55:16 : Total Army Camp capacity: 57/200
2015-08-02 19:55:17 :  - No. of Archers: 57
2015-08-02 19:55:17 : Training Troops...
2015-08-02 19:55:24 : Time Idle: 00:00:21
2015-08-02 19:55:24 : ====== Waiting for full army ======
2015-08-02 19:55:36 : Checking Army Camp...
2015-08-02 19:55:38 : Total Army Camp capacity: 60/200
2015-08-02 19:55:39 :  - No. of Archers: 60
2015-08-02 19:55:39 : Training Troops...
2015-08-02 19:55:46 : Time Idle: 00:00:43
2015-08-02 19:55:46 : ====== Waiting for full army ======
2015-08-02 19:55:58 : Checking Army Camp...
2015-08-02 19:56:00 : Total Army Camp capacity: 62/200
2015-08-02 19:56:01 :  - No. of Archers: 62
2015-08-02 19:56:01 : Training Troops...
2015-08-02 19:56:08 : Time Idle: 00:01:05
2015-08-02 19:56:08 : ====== Waiting for full army ======
2015-08-02 19:56:20 : Checking Army Camp...
2015-08-02 19:56:22 : Total Army Camp capacity: 65/200
2015-08-02 19:56:23 :  - No. of Archers: 65
2015-08-02 19:56:23 : Training Troops...
2015-08-02 19:56:30 : Time Idle: 00:01:27
2015-08-02 19:56:31 : ====== Waiting for full army ======
2015-08-02 19:56:42 : Checking Army Camp...
2015-08-02 19:56:44 : Total Army Camp capacity: 67/200
2015-08-02 19:56:45 :  - No. of Archers: 67
2015-08-02 19:56:45 : Training Troops...
2015-08-02 19:56:53 : Time Idle: 00:01:49
2015-08-02 19:56:53 : ====== Waiting for full army ======
2015-08-02 19:56:54 : Chat Request: full sosos SVP merci
2015-08-02 19:56:56 : Chat Request: r g c p ì ì m x s s m x Merci
2015-08-02 19:56:59 : Chat Request: full sosos SVP merci
2015-08-02 19:57:01 : Chat Request: Pr g c 1 p kka max 1 soso max 1 Merci
2015-08-02 19:57:12 : Collecting Resources
2015-08-02 19:57:19 : Checking Army Camp...
2015-08-02 19:57:20 : Total Army Camp capacity: 72/200
2015-08-02 19:57:21 :  - No. of Archers: 72
2015-08-02 19:57:22 : Training Troops...
2015-08-02 19:57:28 : Time Idle: 00:02:24
2015-08-02 19:57:29 : ====== Waiting for full army ======
2015-08-02 19:57:33 : Chat Request: def plz
2015-08-02 19:57:33 : Archers Keyword found: def
2015-08-02 19:57:33 : Donating Archers
2015-08-02 19:57:35 : Chat Request: full sosos SVP merci
2015-08-02 19:57:37 : Chat Request: Pr g c 1 p kka max 1 soso max 1 Merci
2015-08-02 19:57:47 : Checking Army Camp...
2015-08-02 19:57:49 : Total Army Camp capacity: 69/200
2015-08-02 19:57:50 :  - No. of Archers: 69
2015-08-02 19:57:50 : Training Troops...
2015-08-02 19:57:57 : Time Idle: 00:02:52
2015-08-02 19:57:57 : ====== Waiting for full army ======
2015-08-02 19:57:58 : Chat Request: full sosos SVP merci
2015-08-02 19:58:00 : Chat Request: Pr g c 1 p kka max 1 soso max 1 Merci
2015-08-02 19:58:10 : Chat Request: full sosos SVP merci
2015-08-02 19:58:12 : Chat Request: Pr g c 1 p kka max 1 soso max 1 Merci
2015-08-02 19:58:15 : Chat Request: full sosos SVP merci
2015-08-02 19:58:17 : Chat Request: Pr g c 1 p kka max 1 soso max 1 Merci
2015-08-02 19:58:20 : Checking Army Camp...
2015-08-02 19:58:22 : Total Army Camp capacity: 74/200
2015-08-02 19:58:23 :  - No. of Barbarians: 2
2015-08-02 19:58:23 :  - No. of Archers: 72
2015-08-02 19:58:24 : Training Troops...
2015-08-02 19:58:32 : Time Idle: 00:03:27
2015-08-02 19:58:32 : ====== Waiting for full army ======
2015-08-02 19:58:34 : Chat Request: full sosos SVP merci
2015-08-02 19:58:36 : Chat Request: Pr g c 1 p kka max 1 soso max 1 Merci
2015-08-02 19:58:48 : Checking Army Camp...
2015-08-02 19:58:50 : Total Army Camp capacity: 78/200
2015-08-02 19:58:51 :  - No. of Barbarians: 6
2015-08-02 19:58:51 :  - No. of Archers: 72
2015-08-02 19:58:51 : Training Troops...
2015-08-02 19:58:58 : Time Idle: 00:03:53
2015-08-02 19:58:58 : ====== Waiting for full army ======
2015-08-02 19:59:10 : Checking Army Camp...
2015-08-02 19:59:12 : Total Army Camp capacity: 81/200
2015-08-02 19:59:13 :  - No. of Barbarians: 9
2015-08-02 19:59:13 :  - No. of Archers: 72
2015-08-02 19:59:13 : Training Troops...
2015-08-02 19:59:21 : Time Idle: 00:04:15
2015-08-02 19:59:21 : ====== Waiting for full army ======
2015-08-02 19:59:33 : Checking Army Camp...
2015-08-02 19:59:35 : Total Army Camp capacity: 84/200
2015-08-02 19:59:35 :  - No. of Barbarians: 12
2015-08-02 19:59:36 :  - No. of Archers: 72
2015-08-02 19:59:36 : Training Troops...
2015-08-02 19:59:43 : Time Idle: 00:04:37
2015-08-02 19:59:43 : ====== Waiting for full army ======
2015-08-02 19:59:55 : Checking Army Camp...
2015-08-02 19:59:57 : Total Army Camp capacity: 88/200
2015-08-02 19:59:58 :  - No. of Barbarians: 16
2015-08-02 19:59:58 :  - No. of Archers: 72
2015-08-02 19:59:58 : Training Troops...
2015-08-02 20:00:05 : Time Idle: 00:04:59
2015-08-02 20:00:06 : ====== Waiting for full army ======
2015-08-02 20:00:17 : Checking Army Camp...
2015-08-02 20:00:19 : Total Army Camp capacity: 91/200
2015-08-02 20:00:20 :  - No. of Barbarians: 19
2015-08-02 20:00:20 :  - No. of Archers: 72
2015-08-02 20:00:21 : Training Troops...
2015-08-02 20:00:28 : Time Idle: 00:05:21
2015-08-02 20:00:28 : ====== Waiting for full army ======
2015-08-02 20:00:41 : Pushbullet: removed 3 messages older than 6 h 
2015-08-02 20:00:42 : Checking Army Camp...
2015-08-02 20:00:43 : Total Army Camp capacity: 95/200
2015-08-02 20:00:44 :  - No. of Barbarians: 23
2015-08-02 20:00:45 :  - No. of Archers: 72
2015-08-02 20:00:45 : Training Troops...
2015-08-02 20:00:52 : Time Idle: 00:05:45
2015-08-02 20:00:52 : ====== Waiting for full army ======
2015-08-02 20:01:04 : Checking Army Camp...
2015-08-02 20:01:06 : Total Army Camp capacity: 98/200
2015-08-02 20:01:07 :  - No. of Barbarians: 26
2015-08-02 20:01:07 :  - No. of Archers: 72
2015-08-02 20:01:07 : Training Troops...
2015-08-02 20:01:15 : Time Idle: 00:06:08
2015-08-02 20:01:15 : ====== Waiting for full army ======
2015-08-02 20:01:27 : Checking Army Camp...
2015-08-02 20:01:29 : Total Army Camp capacity: 101/200
2015-08-02 20:01:30 :  - No. of Barbarians: 29
2015-08-02 20:01:30 :  - No. of Archers: 72
2015-08-02 20:01:30 : Training Troops...
2015-08-02 20:01:37 : Time Idle: 00:06:30
2015-08-02 20:01:37 : ====== Waiting for full army ======
2015-08-02 20:01:49 : Collecting Resources
2015-08-02 20:01:56 : Checking Army Camp...
2015-08-02 20:01:58 : Total Army Camp capacity: 106/200
2015-08-02 20:01:58 :  - No. of Barbarians: 34
2015-08-02 20:01:59 :  - No. of Archers: 72
2015-08-02 20:01:59 : Training Troops...
2015-08-02 20:02:06 : Time Idle: 00:06:58
2015-08-02 20:02:06 : ====== Waiting for full army ======
2015-08-02 20:02:18 : Checking Army Camp...
2015-08-02 20:02:20 : Total Army Camp capacity: 109/200
2015-08-02 20:02:21 :  - No. of Barbarians: 37
2015-08-02 20:02:21 :  - No. of Archers: 72
2015-08-02 20:02:21 : Training Troops...
2015-08-02 20:02:28 : Time Idle: 00:07:20
2015-08-02 20:02:29 : ====== Waiting for full army ======
2015-08-02 20:02:40 : Checking Army Camp...
2015-08-02 20:02:42 : Total Army Camp capacity: 112/200
2015-08-02 20:02:43 :  - No. of Barbarians: 41
2015-08-02 20:02:43 :  - No. of Archers: 72
2015-08-02 20:02:44 : Training Troops...
2015-08-02 20:02:51 : Time Idle: 00:07:43
2015-08-02 20:02:51 : ====== Waiting for full army ======
2015-08-02 20:03:03 : Checking Army Camp...
2015-08-02 20:03:05 : Total Army Camp capacity: 116/200
2015-08-02 20:03:06 :  - No. of Barbarians: 44
2015-08-02 20:03:06 :  - No. of Archers: 72
2015-08-02 20:03:06 : Training Troops...
2015-08-02 20:03:13 : Time Idle: 00:08:05
2015-08-02 20:03:14 : ====== Waiting for full army ======
2015-08-02 20:03:25 : Checking Army Camp...
2015-08-02 20:03:27 : Total Army Camp capacity: 119/200
2015-08-02 20:03:28 :  - No. of Barbarians: 47
2015-08-02 20:03:28 :  - No. of Archers: 72
2015-08-02 20:03:29 : Training Troops...
2015-08-02 20:03:36 : Time Idle: 00:08:27
2015-08-02 20:03:36 : ====== Waiting for full army ======
2015-08-02 20:03:48 : Checking Army Camp...
2015-08-02 20:03:50 : Total Army Camp capacity: 123/200
2015-08-02 20:03:51 :  - No. of Barbarians: 51
2015-08-02 20:03:51 :  - No. of Archers: 72
2015-08-02 20:03:51 : Training Troops...
2015-08-02 20:03:59 : Time Idle: 00:08:49
2015-08-02 20:03:59 : ====== Waiting for full army ======
2015-08-02 20:04:11 : Checking Army Camp...
2015-08-02 20:04:13 : Total Army Camp capacity: 126/200
2015-08-02 20:04:13 :  - No. of Barbarians: 54
2015-08-02 20:04:14 :  - No. of Archers: 72
2015-08-02 20:04:14 : Training Troops...
2015-08-02 20:04:21 : Time Idle: 00:09:12
2015-08-02 20:04:21 : ====== Waiting for full army ======
2015-08-02 20:04:33 : Checking Army Camp...
2015-08-02 20:04:35 : Total Army Camp capacity: 129/200
2015-08-02 20:04:36 :  - No. of Barbarians: 57
2015-08-02 20:04:36 :  - No. of Archers: 72
2015-08-02 20:04:36 : Training Troops...
2015-08-02 20:04:43 : Time Idle: 00:09:34
2015-08-02 20:04:44 : ====== Waiting for full army ======
2015-08-02 20:04:56 : Checking Army Camp...
2015-08-02 20:04:58 : Total Army Camp capacity: 132/200
2015-08-02 20:04:59 :  - No. of Barbarians: 61
2015-08-02 20:04:59 :  - No. of Archers: 72
2015-08-02 20:04:59 : Training Troops...
2015-08-02 20:05:06 : Time Idle: 00:09:56
2015-08-02 20:05:06 : ====== Waiting for full army ======
2015-08-02 20:05:18 : Checking Army Camp...
2015-08-02 20:05:20 : Total Army Camp capacity: 136/200
2015-08-02 20:05:21 :  - No. of Barbarians: 64
2015-08-02 20:05:21 :  - No. of Archers: 72
2015-08-02 20:05:21 : Training Troops...
2015-08-02 20:05:28 : Time Idle: 00:10:18
2015-08-02 20:05:29 : ====== Waiting for full army ======
2015-08-02 20:05:40 : Checking Army Camp...
2015-08-02 20:05:42 : Total Army Camp capacity: 139/200
2015-08-02 20:05:43 :  - No. of Barbarians: 67
2015-08-02 20:05:43 :  - No. of Archers: 72
2015-08-02 20:05:44 : Training Troops...
2015-08-02 20:05:51 : Time Idle: 00:10:40
2015-08-02 20:05:51 : ====== Waiting for full army ======
2015-08-02 20:06:00 : Chat Request: full sosos SVP merci
2015-08-02 20:06:02 : Chat Request: full sosos SVP merci
2015-08-02 20:06:03 : Chat Request: Pr g c 1 p kka max 1 soso max 1 Merci
2015-08-02 20:06:08 : Collecting Resources
2015-08-02 20:06:15 : Checking Army Camp...
2015-08-02 20:06:17 : Total Army Camp capacity: 144/200
2015-08-02 20:06:18 :  - No. of Barbarians: 72
2015-08-02 20:06:18 :  - No. of Archers: 72
2015-08-02 20:06:18 : Training Troops...
2015-08-02 20:06:25 : Time Idle: 00:11:15
2015-08-02 20:06:25 : ====== Waiting for full army ======
2015-08-02 20:06:37 : Checking Army Camp...
2015-08-02 20:06:39 : Total Army Camp capacity: 148/200
2015-08-02 20:06:40 :  - No. of Barbarians: 76
2015-08-02 20:06:40 :  - No. of Archers: 72
2015-08-02 20:06:40 : Training Troops...
2015-08-02 20:06:48 : Time Idle: 00:11:37
2015-08-02 20:06:48 : ====== Waiting for full army ======
2015-08-02 20:07:00 : Checking Army Camp...
2015-08-02 20:07:02 : Total Army Camp capacity: 151/200
2015-08-02 20:07:03 :  - No. of Barbarians: 79
2015-08-02 20:07:03 :  - No. of Archers: 72
2015-08-02 20:07:03 : Training Troops...
2015-08-02 20:07:12 : Time Idle: 00:11:59
2015-08-02 20:07:12 : ====== Waiting for full army ======
2015-08-02 20:07:20 : Chat Request: de la def svp merci
2015-08-02 20:07:20 : Archers Keyword found: def
2015-08-02 20:07:20 : Donating Archers
2015-08-02 20:07:23 : Chat Request: full sosos SVP merci
2015-08-02 20:07:24 : Chat Request: Pr g c 1 p kka max 1 soso max 1 Merci
2015-08-02 20:07:31 : Checking Army Camp...
2015-08-02 20:07:33 : Total Army Camp capacity: 149/200
2015-08-02 20:07:34 :  - No. of Barbarians: 83
2015-08-02 20:07:34 :  - No. of Archers: 66
2015-08-02 20:07:34 : Training Troops...
2015-08-02 20:07:41 : Time Idle: 00:12:28
2015-08-02 20:07:41 : ====== Waiting for full army ======
2015-08-02 20:07:53 : Checking Army Camp...
2015-08-02 20:07:55 : Total Army Camp capacity: 153/200
2015-08-02 20:07:56 :  - No. of Barbarians: 87
2015-08-02 20:07:56 :  - No. of Archers: 66
2015-08-02 20:07:56 : Training Troops...
2015-08-02 20:08:03 : Time Idle: 00:12:50
2015-08-02 20:08:03 : ====== Waiting for full army ======
2015-08-02 20:08:15 : Checking Army Camp...
2015-08-02 20:08:17 : Total Army Camp capacity: 156/200
2015-08-02 20:08:18 :  - No. of Barbarians: 90
2015-08-02 20:08:18 :  - No. of Archers: 66
2015-08-02 20:08:18 : Training Troops...
2015-08-02 20:08:26 : Time Idle: 00:13:12
2015-08-02 20:08:26 : ====== Waiting for full army ======
2015-08-02 20:08:38 : Checking Army Camp...
2015-08-02 20:08:40 : Total Army Camp capacity: 159/200
2015-08-02 20:08:41 :  - No. of Barbarians: 93
2015-08-02 20:08:41 :  - No. of Archers: 66
2015-08-02 20:08:41 : Training Troops...
2015-08-02 20:08:48 : Time Idle: 00:13:34
2015-08-02 20:08:48 : ====== Waiting for full army ======
2015-08-02 20:09:00 : Checking Army Camp...
2015-08-02 20:09:02 : Total Army Camp capacity: 163/200
2015-08-02 20:09:03 :  - No. of Barbarians: 97
2015-08-02 20:09:03 :  - No. of Archers: 66
2015-08-02 20:09:03 : Training Troops...
2015-08-02 20:09:10 : Time Idle: 00:13:56
2015-08-02 20:09:11 : ====== Waiting for full army ======
2015-08-02 20:09:22 : Checking Army Camp...
2015-08-02 20:09:24 : Total Army Camp capacity: 166/200
2015-08-02 20:09:25 :  - No. of Barbarians: 100
2015-08-02 20:09:25 :  - No. of Archers: 66
2015-08-02 20:09:26 : Training Troops...
2015-08-02 20:09:33 : Time Idle: 00:14:18
2015-08-02 20:09:33 : ====== Waiting for full army ======
2015-08-02 20:09:45 : Checking Army Camp...
2015-08-02 20:09:47 : Total Army Camp capacity: 170/200
2015-08-02 20:09:48 :  - No. of Barbarians: 104
2015-08-02 20:09:48 :  - No. of Archers: 66
2015-08-02 20:09:48 : Training Troops...
2015-08-02 20:09:56 : Time Idle: 00:14:41
2015-08-02 20:09:56 : ====== Waiting for full army ======
2015-08-02 20:10:08 : Checking Army Camp...
2015-08-02 20:10:10 : Total Army Camp capacity: 173/200
2015-08-02 20:10:10 :  - No. of Barbarians: 107
2015-08-02 20:10:11 :  - No. of Archers: 66
2015-08-02 20:10:11 : Training Troops...
2015-08-02 20:10:18 : Time Idle: 00:15:03
2015-08-02 20:10:18 : ====== Waiting for full army ======
2015-08-02 20:10:30 : Collecting Resources
2015-08-02 20:10:36 : Checking Army Camp...
2015-08-02 20:10:38 : Total Army Camp capacity: 177/200
2015-08-02 20:10:39 :  - No. of Barbarians: 111
2015-08-02 20:10:39 :  - No. of Archers: 66
2015-08-02 20:10:40 : Training Troops...
2015-08-02 20:10:46 : Time Idle: 00:15:31
2015-08-02 20:10:47 : ====== Waiting for full army ======
2015-08-02 20:10:59 : Checking Army Camp...
2015-08-02 20:11:01 : Total Army Camp capacity: 180/200
2015-08-02 20:11:01 :  - No. of Barbarians: 115
2015-08-02 20:11:02 :  - No. of Archers: 66
2015-08-02 20:11:02 : Training Troops...
2015-08-02 20:11:03 : Your Army Camps are now Full
2015-08-02 20:11:21 : Going to Attack...
2015-08-02 20:11:27 :  18> [G]:   9125 [E]:  28851 [D]:  169 [T]:13 [TH]: 7, In
2015-08-02 20:11:27 : Initiating attack for: Live Base
2015-08-02 20:11:29 : -Barbarians 117
2015-08-02 20:11:29 : -Archers 66
2015-08-02 20:11:29 : -Clan Castle 
2015-08-02 20:11:29 : -King 
2015-08-02 20:11:29 : -Lightning Spells 3
2015-08-02 20:11:29 : -Poison Spells 1
2015-08-02 20:11:29 : Live Base Hero Healing Mode Enabled
2015-08-02 20:11:30 : ============== Searching For Dead Base ===============
2015-08-02 20:11:30 : ~~~~~~~~~~~~~~~ SEARCH CONDITIONS ~~~~~~~~~~~~~~~~
2015-08-02 20:11:30 : Meet: Gold and Elixir, TH Outside
2015-08-02 20:11:30 : ~~~~~~~~~~~~~~ RESOURCE CONDITIONS ~~~~~~~~~~~~~~~
2015-08-02 20:11:30 : Aim: [G]:      1 [E]:      1 [D]:    0 [T]: 0, Out, Out, Out for: Dead Base
2015-08-02 20:11:30 : ============== Searching For Live Base ===============
2015-08-02 20:11:30 : ~~~~~~~~~~~~~~~ SEARCH CONDITIONS ~~~~~~~~~~~~~~~~
2015-08-02 20:11:30 : Meet: Gold + Elixir, TH Outside
2015-08-02 20:11:30 : ~~~~~~~~~~~~~~ RESOURCE CONDITIONS ~~~~~~~~~~~~~~~
2015-08-02 20:11:30 : Aim:           [G+E]: 160000 [D]:    0 [T]: 0, Out, Out, Out for: Live Base
2015-08-02 20:11:30 : ~~~~~~~~~~~~~~~ ADVANCED SETTINGS ~~~~~~~~~~~~~~~~
2015-08-02 20:11:30 : THSnipe Combo, 2 Tile(s), 
2015-08-02 20:11:30 : ==================================================
2015-08-02 20:11:31 :   1> [G]:   9125 [E]:  28851 [D]:  169 [T]:13 [TH]: 7, In
2015-08-02 20:11:35 :   2> [G]: 305771 [E]: 286927 [D]:  501 [T]:29 [TH]: 8, In
2015-08-02 20:11:37 :   3> [G]:  70141 [E]:  48597 [D]:  622 [T]:27 [TH]: 8, In
2015-08-02 20:11:44 :   4> [G]:   4796 [E]:   6146 [D]:  127 [T]:17 [TH]: 7, In
2015-08-02 20:11:48 :   5> [G]:  15315 [E]:  67407 [D]:  457 [T]:32 [TH]: 8, In
2015-08-02 20:11:51 :   6> [G]:  88407 [E]: 104703 [D]:   59 [T]:20 [TH]: 9, In
2015-08-02 20:11:54 :   7> [G]:  39097 [E]: 132570 [D]:  324 [T]:15 [TH]: 9, In
2015-08-02 20:11:57 :   8> [G]: 137225 [E]:  48043 [D]:  266 [T]:14 [TH]: 8, In
2015-08-02 20:12:01 :   9> [G]:  63247 [E]: 105456 [D]: 1018 [T]:21 [TH]: 8, In
2015-08-02 20:12:04 :  10> [G]:  64098 [E]: 135887 [D]:  578 [T]:16 [TH]: 8, Out
2015-08-02 20:12:04 : Defense found, but not near TH.
2015-08-02 20:12:05 : ~~~~~~~~~~~~~~~~ Live Base Found! ~~~~~~~~~~~~~~~~
2015-08-02 20:12:05 : ================ Search Complete =================
2015-08-02 20:12:05 : Initiating attack for: Live Base
2015-08-02 20:12:07 : -Barbarians 117
2015-08-02 20:12:07 : -Archers 66
2015-08-02 20:12:07 : -Clan Castle 
2015-08-02 20:12:07 : -King 
2015-08-02 20:12:07 : -Lightning Spells 3
2015-08-02 20:12:07 : -Poison Spells 1
2015-08-02 20:12:07 :  ====== Start Attack ====== 
2015-08-02 20:12:10 : Attacking on all sides
2015-08-02 20:12:11 : Dropping first wave of 59 Barbarians
2015-08-02 20:12:16 : Dropping first wave of 33 Archers
