2015-08-02 15:58:25 : ~ Clash Game Bot v4.1MODS Powered by GameBot.org ~
2015-08-02 15:58:25 : GameBot.org.exe Executable running on WIN_7  X64
2015-08-02 15:58:25 : =================== Bot Start ====================
2015-08-02 15:58:25 : -------------------------  Current Profile: 02 --------------------------
2015-08-02 15:58:26 : Trying to locate Main Screen
2015-08-02 15:58:26 : Main Screen Located
2015-08-02 15:58:27 : Detecting your Buildings..
2015-08-02 15:58:31 : Language setting is English: Correct.
2015-08-02 15:58:32 : Trying to locate Main Screen
2015-08-02 15:58:32 : Main Screen Located
2015-08-02 15:58:33 : Collecting Resources
2015-08-02 15:58:41 : Village Report
2015-08-02 15:58:41 : No. of Free/Total Builders: 0/4
2015-08-02 15:58:41 :  [T]: 1 779
2015-08-02 15:58:41 :  [G]: 5 578 570 [E]: 4 741 921 [D]: 60 609 [GEM]: 953
2015-08-02 15:58:44 : Chat Request: Pour farming svp
2015-08-02 15:58:46 : Checking Army Camp...
2015-08-02 15:58:48 : Total Army Camp capacity: 0/200
2015-08-02 15:58:49 : Barracks and Spell factory status: 
2015-08-02 15:58:49 : - Barracks detected: 4 | Available: 3 | Upgrading: 1
2015-08-02 15:58:49 : - Dark Barracks detected: 2 | Available: 2 | Upgrading: 0
2015-08-02 15:58:49 : - Spell factory detected: 1 | Available: 1 | Upgrading: 0
2015-08-02 15:58:49 : - Dark Spell factory detected: 1 | Available: 0 | Upgrading: 1
2015-08-02 15:58:49 : Training Troops...
2015-08-02 15:59:00 : Requesting Clan Castle Troops
2015-08-02 15:59:01 : Request has already been made
2015-08-02 15:59:02 : Checking Troop Upgrade in Laboratory ...
2015-08-02 15:59:02 : Updating village values [E]: 4741921 [D]: 60609
2015-08-02 15:59:04 : Insufficent Elixir for Pekka, Lab requires: 6000000 + 250000 user reserve
2015-08-02 15:59:07 : Finished kicking
2015-08-02 15:59:08 : ====== Waiting for full army ======
2015-08-02 15:59:20 : Checking Army Camp...
2015-08-02 15:59:21 : Total Army Camp capacity: 0/200
2015-08-02 15:59:23 : Training Troops...
2015-08-02 15:59:32 : Time Idle: 00:00:23
2015-08-02 15:59:32 : ====== Waiting for full army ======
2015-08-02 15:59:44 : Checking Army Camp...
2015-08-02 15:59:45 : Total Army Camp capacity: 0/200
2015-08-02 15:59:47 : Training Troops...
2015-08-02 15:59:56 : Time Idle: 00:00:47
2015-08-02 15:59:56 : ====== Waiting for full army ======
2015-08-02 16:00:08 : Checking Army Camp...
2015-08-02 16:00:10 : Total Army Camp capacity: 0/200
2015-08-02 16:00:11 : Training Troops...
2015-08-02 16:00:20 : Time Idle: 00:01:11
2015-08-02 16:00:20 : ====== Waiting for full army ======
2015-08-02 16:00:22 : Chat Request: de la def svp merci
2015-08-02 16:00:22 : Archers Keyword found: def
2015-08-02 16:00:25 : No Archers available to donate..
2015-08-02 16:00:26 : Chat Request: Pour farming svp
2015-08-02 16:00:39 : Checking Army Camp...
2015-08-02 16:00:41 : Total Army Camp capacity: 0/200
2015-08-02 16:00:42 : Training Troops...
2015-08-02 16:00:51 : Time Idle: 00:01:42
2015-08-02 16:00:51 : ====== Waiting for full army ======
2015-08-02 16:01:03 : Checking Army Camp...
2015-08-02 16:01:05 : Total Army Camp capacity: 0/200
2015-08-02 16:01:06 : Training Troops...
2015-08-02 16:01:15 : Time Idle: 00:02:06
2015-08-02 16:01:15 : ====== Waiting for full army ======
2015-08-02 16:01:27 : Checking Army Camp...
2015-08-02 16:01:29 : Total Army Camp capacity: 0/200
2015-08-02 16:01:30 : Training Troops...
2015-08-02 16:01:39 : Time Idle: 00:02:29
2015-08-02 16:01:39 : ====== Waiting for full army ======
2015-08-02 16:01:51 : Checking Army Camp...
2015-08-02 16:01:53 : Total Army Camp capacity: 0/200
2015-08-02 16:01:54 : Training Troops...
2015-08-02 16:02:03 : Time Idle: 00:02:53
2015-08-02 16:02:03 : ====== Waiting for full army ======
2015-08-02 16:02:11 : Chat Request: de la def svp merci
2015-08-02 16:02:11 : Archers Keyword found: def
2015-08-02 16:02:14 : No Archers available to donate..
2015-08-02 16:02:15 : Chat Request: Pour farming svp
2015-08-02 16:02:22 : Checking Army Camp...
2015-08-02 16:02:24 : Total Army Camp capacity: 0/200
2015-08-02 16:02:25 : Training Troops...
2015-08-02 16:02:34 : Time Idle: 00:03:24
2015-08-02 16:02:34 : ====== Waiting for full army ======
2015-08-02 16:02:35 : Chat Request: de la def svp merci
2015-08-02 16:02:35 : Archers Keyword found: def
2015-08-02 16:02:38 : No Archers available to donate..
2015-08-02 16:02:40 : Chat Request: Pour farming svp
2015-08-02 16:02:52 : Checking Army Camp...
2015-08-02 16:02:54 : Total Army Camp capacity: 0/200
2015-08-02 16:02:55 : Training Troops...
2015-08-02 16:03:05 : Time Idle: 00:03:54
2015-08-02 16:03:05 : ====== Waiting for full army ======
2015-08-02 16:03:06 : Chat Request: de la def svp merci
2015-08-02 16:03:06 : Archers Keyword found: def
2015-08-02 16:03:09 : No Archers available to donate..
2015-08-02 16:03:22 : Checking Army Camp...
2015-08-02 16:03:24 : Total Army Camp capacity: 0/200
2015-08-02 16:03:25 : Training Troops...
2015-08-02 16:03:34 : Time Idle: 00:04:23
2015-08-02 16:03:34 : ====== Waiting for full army ======
2015-08-02 16:03:36 : Chat Request: de la def svp merci
2015-08-02 16:03:36 : Archers Keyword found: def
2015-08-02 16:03:39 : No Archers available to donate..
2015-08-02 16:03:40 : Chat Request: de la def svp merci
2015-08-02 16:03:40 : Archers Keyword found: def
2015-08-02 16:03:44 : No Archers available to donate..
2015-08-02 16:03:56 : Checking Army Camp...
2015-08-02 16:03:58 : Total Army Camp capacity: 0/200
2015-08-02 16:03:59 : Training Troops...
2015-08-02 16:04:08 : Time Idle: 00:04:57
2015-08-02 16:04:08 : ====== Waiting for full army ======
2015-08-02 16:04:20 : Collecting Resources
2015-08-02 16:04:27 : Checking Army Camp...
2015-08-02 16:04:28 : Total Army Camp capacity: 0/200
2015-08-02 16:04:29 : Training Troops...
2015-08-02 16:04:38 : Time Idle: 00:05:27
2015-08-02 16:04:39 : ====== Waiting for full army ======
2015-08-02 16:04:51 : Checking Army Camp...
2015-08-02 16:04:52 : Total Army Camp capacity: 0/200
2015-08-02 16:04:54 : Training Troops...
2015-08-02 16:05:03 : Time Idle: 00:05:51
2015-08-02 16:05:03 : ====== Waiting for full army ======
2015-08-02 16:05:14 : Checking Army Camp...
2015-08-02 16:05:16 : Total Army Camp capacity: 0/200
2015-08-02 16:05:18 : Training Troops...
2015-08-02 16:05:27 : Time Idle: 00:06:14
2015-08-02 16:05:27 : ====== Waiting for full army ======
2015-08-02 16:05:39 : Checking Army Camp...
2015-08-02 16:05:40 : Total Army Camp capacity: 0/200
2015-08-02 16:05:42 : Training Troops...
2015-08-02 16:05:51 : Time Idle: 00:06:38
2015-08-02 16:05:51 : ====== Waiting for full army ======
2015-08-02 16:06:03 : Checking Army Camp...
2015-08-02 16:06:05 : Total Army Camp capacity: 0/200
2015-08-02 16:06:06 : Training Troops...
2015-08-02 16:06:15 : Time Idle: 00:07:02
2015-08-02 16:06:15 : ====== Waiting for full army ======
2015-08-02 16:06:27 : Checking Army Camp...
2015-08-02 16:06:29 : Total Army Camp capacity: 0/200
2015-08-02 16:06:30 : Training Troops...
2015-08-02 16:06:39 : Time Idle: 00:07:26
2015-08-02 16:06:40 : ====== Waiting for full army ======
2015-08-02 16:06:51 : Checking Army Camp...
2015-08-02 16:06:53 : Total Army Camp capacity: 0/200
2015-08-02 16:06:54 : Training Troops...
2015-08-02 16:07:04 : Time Idle: 00:07:50
2015-08-02 16:07:04 : ====== Waiting for full army ======
2015-08-02 16:07:16 : Checking Army Camp...
2015-08-02 16:07:17 : Total Army Camp capacity: 0/200
2015-08-02 16:07:19 : Training Troops...
2015-08-02 16:07:27 : Time Idle: 00:08:14
2015-08-02 16:07:28 : ====== Waiting for full army ======
2015-08-02 16:07:39 : Checking Army Camp...
2015-08-02 16:07:41 : Total Army Camp capacity: 0/200
2015-08-02 16:07:42 : Training Troops...
2015-08-02 16:07:52 : Time Idle: 00:08:38
2015-08-02 16:07:52 : ====== Waiting for full army ======
2015-08-02 16:08:03 : Checking Army Camp...
2015-08-02 16:08:05 : Total Army Camp capacity: 0/200
2015-08-02 16:08:06 : Training Troops...
2015-08-02 16:08:16 : Time Idle: 00:09:01
2015-08-02 16:08:16 : ====== Waiting for full army ======
2015-08-02 16:08:28 : Checking Army Camp...
2015-08-02 16:08:30 : Total Army Camp capacity: 0/200
2015-08-02 16:08:31 : Training Troops...
2015-08-02 16:08:40 : Time Idle: 00:09:25
2015-08-02 16:08:40 : ====== Waiting for full army ======
2015-08-02 16:08:52 : Collecting Resources
2015-08-02 16:08:58 : Checking Army Camp...
2015-08-02 16:09:00 : Total Army Camp capacity: 0/200
2015-08-02 16:09:01 : Training Troops...
2015-08-02 16:09:10 : Time Idle: 00:09:55
2015-08-02 16:09:10 : ====== Waiting for full army ======
2015-08-02 16:09:22 : Checking Army Camp...
2015-08-02 16:09:24 : Total Army Camp capacity: 0/200
2015-08-02 16:09:25 : Training Troops...
2015-08-02 16:09:34 : Time Idle: 00:10:19
2015-08-02 16:09:34 : ====== Waiting for full army ======
2015-08-02 16:09:46 : Checking Army Camp...
2015-08-02 16:09:48 : Total Army Camp capacity: 0/200
2015-08-02 16:09:49 : Training Troops...
2015-08-02 16:09:58 : Time Idle: 00:10:43
2015-08-02 16:09:59 : ====== Waiting for full army ======
2015-08-02 16:10:11 : Checking Army Camp...
2015-08-02 16:10:12 : Total Army Camp capacity: 0/200
2015-08-02 16:10:14 : Training Troops...
2015-08-02 16:10:23 : Time Idle: 00:11:07
2015-08-02 16:10:23 : ====== Waiting for full army ======
2015-08-02 16:10:35 : Checking Army Camp...
2015-08-02 16:10:36 : Total Army Camp capacity: 0/200
2015-08-02 16:10:37 : Training Troops...
2015-08-02 16:10:47 : Time Idle: 00:11:31
2015-08-02 16:10:47 : ====== Waiting for full army ======
2015-08-02 16:10:59 : Checking Army Camp...
2015-08-02 16:11:00 : Total Army Camp capacity: 0/200
2015-08-02 16:11:02 : Training Troops...
2015-08-02 16:11:11 : Time Idle: 00:11:55
2015-08-02 16:11:11 : ====== Waiting for full army ======
2015-08-02 16:11:23 : Checking Army Camp...
2015-08-02 16:11:25 : Total Army Camp capacity: 0/200
2015-08-02 16:11:26 : Training Troops...
2015-08-02 16:11:35 : Time Idle: 00:12:18
2015-08-02 16:11:35 : ====== Waiting for full army ======
2015-08-02 16:11:47 : Checking Army Camp...
2015-08-02 16:11:49 : Total Army Camp capacity: 0/200
2015-08-02 16:11:50 : Training Troops...
2015-08-02 16:11:59 : Time Idle: 00:12:42
2015-08-02 16:11:59 : ====== Waiting for full army ======
2015-08-02 16:12:11 : Checking Army Camp...
2015-08-02 16:12:13 : Total Army Camp capacity: 0/200
2015-08-02 16:12:14 : Training Troops...
2015-08-02 16:12:23 : Time Idle: 00:13:06
2015-08-02 16:12:23 : ====== Waiting for full army ======
2015-08-02 16:12:35 : Checking Army Camp...
2015-08-02 16:12:37 : Total Army Camp capacity: 0/200
2015-08-02 16:12:38 : Training Troops...
2015-08-02 16:12:47 : Time Idle: 00:13:29
2015-08-02 16:12:47 : ====== Waiting for full army ======
2015-08-02 16:12:59 : Checking Army Camp...
2015-08-02 16:13:01 : Total Army Camp capacity: 0/200
2015-08-02 16:13:02 : Training Troops...
