2015-08-10 11:09:36 : ~ Clash Game Bot v4.1MODS Powered by GameBot.org ~
2015-08-10 11:09:36 : GameBot.org.exe Executable running on WIN_7  X64
2015-08-10 11:09:36 : =================== Bot Start ====================
2015-08-10 11:09:36 : -------------------------  Current Profile: 03 --------------------------
2015-08-10 11:09:36 :  Warning Debug Mode Enabled! Setlog: 1 OCR: 0 RedArea: 0 
2015-08-10 11:09:36 : Trying to locate Main Screen
2015-08-10 11:09:36 : Main Screen Located
2015-08-10 11:09:37 : Detecting your Buildings..
2015-08-10 11:09:42 : Language setting is English: Correct.
2015-08-10 11:09:42 : Bot clean start
2015-08-10 11:09:43 : Trying to locate Main Screen
2015-08-10 11:09:43 : Main Screen Located
2015-08-10 11:09:44 : checkMainScreen start quiet mode
2015-08-10 11:09:44 : checkMainScreen exit quiet mode
2015-08-10 11:09:44 : Collecting Resources
2015-08-10 11:09:50 : checkMainScreen start quiet mode
2015-08-10 11:09:50 : checkMainScreen exit quiet mode
2015-08-10 11:09:52 : Cannot find tombstones, Yard is clean!
2015-08-10 11:09:52 : checkMainScreen start quiet mode
2015-08-10 11:09:52 : checkMainScreen exit quiet mode
2015-08-10 11:09:53 : Checking if Village needs Rearming..
2015-08-10 11:09:59 : checkMainScreen start quiet mode
2015-08-10 11:09:59 : checkMainScreen exit quiet mode
2015-08-10 11:10:00 : checkMainScreen start quiet mode
2015-08-10 11:10:00 : checkMainScreen exit quiet mode
2015-08-10 11:10:01 : Village Report
2015-08-10 11:10:01 : No. of Free/Total Builders: 0/4
2015-08-10 11:10:01 :  [T]: 2 561
2015-08-10 11:10:01 :  [G]: 718 701 [E]: 6 001 000 [D]: 33 790 [GEM]: 1 993
2015-08-10 11:10:02 : checkMainScreen start quiet mode
2015-08-10 11:10:02 : checkMainScreen exit quiet mode
2015-08-10 11:10:02 : checkMainScreen start quiet mode
2015-08-10 11:10:02 : checkMainScreen exit quiet mode
2015-08-10 11:10:04 : checkMainScreen start quiet mode
2015-08-10 11:10:04 : checkMainScreen exit quiet mode
2015-08-10 11:10:04 : Func Train 
2015-08-10 11:10:04 : Train enabled, $TotalTrainedTroops= 0, Adj TotalCamp= 192
2015-08-10 11:10:04 : RESET AT 0 CurArch
2015-08-10 11:10:04 : RESET AT 0 CurBarb
2015-08-10 11:10:04 : RESET AT 0 CurGiant
2015-08-10 11:10:04 : RESET AT 0 CurWall
2015-08-10 11:10:04 : RESET AT 0 CurGobl
2015-08-10 11:10:05 : RESET AT 0 CurHeal
2015-08-10 11:10:05 : RESET AT 0 CurPekk
2015-08-10 11:10:05 : RESET AT 0 CurBall
2015-08-10 11:10:05 : RESET AT 0 CurWiza
2015-08-10 11:10:05 : RESET AT 0 CurDrag
2015-08-10 11:10:05 : RESET AT 0 CurMini
2015-08-10 11:10:05 : RESET AT 0 CurHogs
2015-08-10 11:10:05 : RESET AT 0 CurValk
2015-08-10 11:10:05 : RESET AT 0 CurGole
2015-08-10 11:10:05 : RESET AT 0 CurWitc
2015-08-10 11:10:05 : RESET AT 0 CurLava
2015-08-10 11:10:05 : Checking Army Camp...
2015-08-10 11:10:06 : $sArmyInfo = 60#200
2015-08-10 11:10:06 : $CurCamp = 60
2015-08-10 11:10:06 : $TotalCamp = 200
2015-08-10 11:10:06 : Total Army Camp capacity: 60/200
2015-08-10 11:10:07 : $hBitmapFirst made
2015-08-10 11:10:07 : Calling CGBfunctions.dll/searchIdentifyTroopTrained 
2015-08-10 11:10:07 : Dll return $FullTemp :Dragon|9-23|3
2015-08-10 11:10:07 : $Trooptype split # : 1
2015-08-10 11:10:07 : Start the Loop
2015-08-10 11:10:08 : $TroopTypeT[$i] split : 1
2015-08-10 11:10:08 :  - No. of Dragons: 3
2015-08-10 11:10:08 : start barrackstatus
2015-08-10 11:10:08 : OK, I'm in army overview
2015-08-10 11:10:08 : barrack 1 found upgrading! color 6B6964
2015-08-10 11:10:08 : barrack 2 found! color 888070
2015-08-10 11:10:08 : barrack 3 found! color 888070
2015-08-10 11:10:08 : barrack 4 found! color 888070
2015-08-10 11:10:08 : dark barrack 1 found! color 888070
2015-08-10 11:10:08 : dark barrack 2 found! color 888070
2015-08-10 11:10:08 : Factory Spell found! color 888070
2015-08-10 11:10:08 : Dark Factory Spell found! color 888070
2015-08-10 11:10:08 : Barracks and Spell factory status: 
2015-08-10 11:10:08 : - Barracks detected: 4 | Available: 3 | Upgrading: 1
2015-08-10 11:10:08 : - Dark Barracks detected: 2 | Available: 2 | Upgrading: 0
2015-08-10 11:10:08 : - Spell factory detected: 1 | Available: 1 | Upgrading: 0
2015-08-10 11:10:08 : - Dark Spell factory detected: 1 | Available: 1 | Upgrading: 0
2015-08-10 11:10:08 : Trainaviable[0] = 1
2015-08-10 11:10:08 : Trainaviable[1] = 0
2015-08-10 11:10:08 : Trainaviable[2] = 1
2015-08-10 11:10:08 : Trainaviable[3] = 1
2015-08-10 11:10:08 : Trainaviable[4] = 1
2015-08-10 11:10:08 : Trainaviable[5] = 1
2015-08-10 11:10:08 : Trainaviable[6] = 1
2015-08-10 11:10:08 : Trainaviable[7] = 1
2015-08-10 11:10:08 : Trainaviable[8] = 1
2015-08-10 11:10:08 : Training Troops...
2015-08-10 11:10:09 : Checking for full army [!]False
2015-08-10 11:10:09 : Train: need to make normal troops: True
2015-08-10 11:10:09 : Train: need to make dark troops: False
2015-08-10 11:10:09 : LAST BARRACK = 4
2015-08-10 11:10:09 : Last Barrack TabColor=888070
2015-08-10 11:10:09 : Last Barrack TabColor=888070
2015-08-10 11:10:09 : ---------COMPUTE TROOPS TO MAKE------------------------
2015-08-10 11:10:09 : --------------AnotherTroops TOTAL to train:0
2015-08-10 11:10:09 : Need to train (height) GOBL:0% BARB: 120% ARCH: 80% AND 0 other troops space
2015-08-10 11:10:09 : Total Troops to be Trained= 200
2015-08-10 11:10:09 : BARRACKNUM: 3
2015-08-10 11:10:09 : ArchEBarrack: 26
2015-08-10 11:10:09 : BarbEBarrack: 40
2015-08-10 11:10:09 : DragEBarrack: -1
2015-08-10 11:10:09 : DARKBARRACKNUM: 2
2015-08-10 11:10:09 : ---------END COMPUTE TROOPS TO MAKE--------------------
2015-08-10 11:10:09 : 
2015-08-10 11:10:09 : ---------TRAIN BARRACK MODE------------------------
2015-08-10 11:10:09 : Barrack4 selected
2015-08-10 11:10:10 : Full Check=E058D8
2015-08-10 11:10:10 : Full Check=E058D8
2015-08-10 11:10:10 : Full Check=FF7CF3
2015-08-10 11:10:10 : Move from Barrack 4 direction -1
2015-08-10 11:10:11 : Barrack3 selected
2015-08-10 11:10:12 : Full Check=E058D8
2015-08-10 11:10:12 : Full Check=FF80FF
2015-08-10 11:10:13 : Full Check=FF7CF3
2015-08-10 11:10:13 : Move from Barrack 3 direction -1
2015-08-10 11:10:14 : Barrack2 selected
2015-08-10 11:10:15 : Full Check=E058D8
2015-08-10 11:10:15 : Full Check=E058D8
2015-08-10 11:10:15 : Full Check=FF7CF8
2015-08-10 11:10:16 : Move from Barrack 2 direction -1
2015-08-10 11:10:17 : This is not a Barrack
2015-08-10 11:10:17 : ---=====================END TRAIN =======================================---
2015-08-10 11:10:19 : checkMainScreen start quiet mode
2015-08-10 11:10:19 : checkMainScreen exit quiet mode
2015-08-10 11:10:19 : checkMainScreen start quiet mode
2015-08-10 11:10:19 : checkMainScreen exit quiet mode
2015-08-10 11:10:20 : checkMainScreen start quiet mode
2015-08-10 11:10:20 : checkMainScreen exit quiet mode
2015-08-10 11:10:20 : Requesting Clan Castle Troops
2015-08-10 11:10:21 : $icount1 = 1, BB2BD1
2015-08-10 11:10:21 : Your Clan Castle is already full or you are not in a clan.
2015-08-10 11:10:22 : checkMainScreen start quiet mode
2015-08-10 11:10:22 : checkMainScreen exit quiet mode
2015-08-10 11:10:22 : checkMainScreen start quiet mode
2015-08-10 11:10:22 : checkMainScreen exit quiet mode
2015-08-10 11:10:23 : checkMainScreen start quiet mode
2015-08-10 11:10:23 : checkMainScreen exit quiet mode
2015-08-10 11:10:25 : Finished kicking
2015-08-10 11:10:25 : Func Idle 
2015-08-10 11:10:25 : $fullArmy=False $fullCC=False $fullHeroes=False $iUnbreakableMode=0
2015-08-10 11:10:25 : ====== Waiting for full army ======
2015-08-10 11:10:39 : checkMainScreen start quiet mode
2015-08-10 11:10:39 : checkMainScreen exit quiet mode
2015-08-10 11:10:39 : checkMainScreen start quiet mode
2015-08-10 11:10:39 : checkMainScreen exit quiet mode
2015-08-10 11:10:39 : Func Train 
2015-08-10 11:10:39 : Train enabled, $TotalTrainedTroops= 200, Adj TotalCamp= 192
2015-08-10 11:10:39 : RESET AT 0 CurArch
2015-08-10 11:10:39 : RESET AT 0 CurBarb
2015-08-10 11:10:39 : RESET AT 0 CurGiant
2015-08-10 11:10:39 : RESET AT 0 CurWall
2015-08-10 11:10:39 : RESET AT 0 CurGobl
2015-08-10 11:10:39 : RESET AT 0 CurHeal
2015-08-10 11:10:39 : RESET AT 0 CurPekk
2015-08-10 11:10:39 : RESET AT 0 CurBall
2015-08-10 11:10:39 : RESET AT 0 CurWiza
2015-08-10 11:10:39 : RESET AT 0 CurDrag
2015-08-10 11:10:39 : RESET AT 0 CurMini
2015-08-10 11:10:39 : RESET AT 0 CurHogs
2015-08-10 11:10:39 : RESET AT 0 CurValk
2015-08-10 11:10:39 : RESET AT 0 CurGole
2015-08-10 11:10:39 : RESET AT 0 CurWitc
2015-08-10 11:10:39 : RESET AT 0 CurLava
2015-08-10 11:10:39 : Checking Army Camp...
2015-08-10 11:10:41 : $sArmyInfo = 60#200
2015-08-10 11:10:41 : $CurCamp = 60
2015-08-10 11:10:41 : $TotalCamp = 200
2015-08-10 11:10:41 : Total Army Camp capacity: 60/200
2015-08-10 11:10:41 : $hBitmapFirst made
2015-08-10 11:10:42 : Calling CGBfunctions.dll/searchIdentifyTroopTrained 
2015-08-10 11:10:42 : Dll return $FullTemp :Dragon|9-23|3
2015-08-10 11:10:42 : $Trooptype split # : 1
2015-08-10 11:10:42 : Start the Loop
2015-08-10 11:10:43 : $TroopTypeT[$i] split : 1
2015-08-10 11:10:43 :  - No. of Dragons: 3
2015-08-10 11:10:43 : start barrackstatus
2015-08-10 11:10:43 : OK, I'm in army overview
2015-08-10 11:10:43 : barrack 1 found upgrading! color 6B6964
2015-08-10 11:10:43 : barrack 2 found! color 888070
2015-08-10 11:10:43 : barrack 3 found! color 888070
2015-08-10 11:10:43 : barrack 4 found! color 888070
2015-08-10 11:10:43 : dark barrack 1 found! color 888070
2015-08-10 11:10:43 : dark barrack 2 found! color 888070
2015-08-10 11:10:43 : Factory Spell found! color 888070
2015-08-10 11:10:43 : Dark Factory Spell found! color 888070
2015-08-10 11:10:43 : Barracks and Spell factory status: 
2015-08-10 11:10:43 : - Barracks detected: 4 | Available: 3 | Upgrading: 1
2015-08-10 11:10:43 : - Dark Barracks detected: 2 | Available: 2 | Upgrading: 0
2015-08-10 11:10:43 : - Spell factory detected: 1 | Available: 1 | Upgrading: 0
2015-08-10 11:10:43 : - Dark Spell factory detected: 1 | Available: 1 | Upgrading: 0
2015-08-10 11:10:43 : Trainaviable[0] = 1
2015-08-10 11:10:43 : Trainaviable[1] = 0
2015-08-10 11:10:43 : Trainaviable[2] = 1
2015-08-10 11:10:43 : Trainaviable[3] = 1
2015-08-10 11:10:43 : Trainaviable[4] = 1
2015-08-10 11:10:43 : Trainaviable[5] = 1
2015-08-10 11:10:43 : Trainaviable[6] = 1
2015-08-10 11:10:43 : Trainaviable[7] = 1
2015-08-10 11:10:43 : Trainaviable[8] = 1
2015-08-10 11:10:43 : Training Troops...
2015-08-10 11:10:43 : Checking for full army [!]False
2015-08-10 11:10:43 : Train: need to make normal troops: True
2015-08-10 11:10:43 : Train: need to make dark troops: False
2015-08-10 11:10:43 : LAST BARRACK = 4
2015-08-10 11:10:44 : Last Barrack TabColor=888070
2015-08-10 11:10:44 : ---------COMPUTE TROOPS TO MAKE------------------------
2015-08-10 11:10:44 : Total Troops to be Trained= 200
2015-08-10 11:10:44 : BARRACKNUM: 3
2015-08-10 11:10:44 : DARKBARRACKNUM: 2
2015-08-10 11:10:44 : ---------END COMPUTE TROOPS TO MAKE--------------------
2015-08-10 11:10:44 : 
2015-08-10 11:10:44 : ---------TRAIN BARRACK MODE------------------------
2015-08-10 11:10:44 : Barrack4 selected
2015-08-10 11:10:44 : Full Check=8F8F8F
2015-08-10 11:10:45 : Move from Barrack 4 direction -1
2015-08-10 11:10:46 : Barrack3 selected
2015-08-10 11:10:46 : Full Check=8F8F8F
2015-08-10 11:10:47 : Move from Barrack 3 direction -1
2015-08-10 11:10:48 : Barrack2 selected
2015-08-10 11:10:49 : Full Check=8F8F8F
2015-08-10 11:10:49 : Move from Barrack 2 direction -1
2015-08-10 11:10:50 : This is not a Barrack
2015-08-10 11:10:50 : ---=====================END TRAIN =======================================---
2015-08-10 11:10:51 : checkMainScreen start quiet mode
2015-08-10 11:10:51 : checkMainScreen exit quiet mode
2015-08-10 11:10:52 : Trophy Count : 2561
2015-08-10 11:10:52 : checkMainScreen start quiet mode
2015-08-10 11:10:52 : checkMainScreen exit quiet mode
2015-08-10 11:10:52 : Time Idle: 00:00:26
2015-08-10 11:10:52 : $fullArmy=False $fullCC=False $fullHeroes=False $iUnbreakableMode=0
2015-08-10 11:10:52 : ====== Waiting for full army ======
2015-08-10 11:11:06 : checkMainScreen start quiet mode
2015-08-10 11:11:06 : checkMainScreen exit quiet mode
2015-08-10 11:11:06 : checkMainScreen start quiet mode
2015-08-10 11:11:06 : checkMainScreen exit quiet mode
2015-08-10 11:11:06 : Func Train 
2015-08-10 11:11:06 : Train enabled, $TotalTrainedTroops= 200, Adj TotalCamp= 192
2015-08-10 11:11:06 : RESET AT 0 CurArch
2015-08-10 11:11:06 : RESET AT 0 CurBarb
2015-08-10 11:11:06 : RESET AT 0 CurGiant
2015-08-10 11:11:06 : RESET AT 0 CurWall
2015-08-10 11:11:06 : RESET AT 0 CurGobl
2015-08-10 11:11:06 : RESET AT 0 CurHeal
2015-08-10 11:11:06 : RESET AT 0 CurPekk
2015-08-10 11:11:07 : RESET AT 0 CurBall
2015-08-10 11:11:07 : RESET AT 0 CurWiza
2015-08-10 11:11:07 : RESET AT 0 CurDrag
2015-08-10 11:11:07 : RESET AT 0 CurMini
2015-08-10 11:11:07 : RESET AT 0 CurHogs
2015-08-10 11:11:07 : RESET AT 0 CurValk
2015-08-10 11:11:07 : RESET AT 0 CurGole
2015-08-10 11:11:07 : RESET AT 0 CurWitc
2015-08-10 11:11:07 : RESET AT 0 CurLava
2015-08-10 11:11:07 : Checking Army Camp...
2015-08-10 11:11:08 : $sArmyInfo = 60#200
2015-08-10 11:11:08 : $CurCamp = 60
2015-08-10 11:11:08 : $TotalCamp = 200
2015-08-10 11:11:08 : Total Army Camp capacity: 60/200
2015-08-10 11:11:08 : $hBitmapFirst made
2015-08-10 11:11:09 : Calling CGBfunctions.dll/searchIdentifyTroopTrained 
2015-08-10 11:11:09 : Dll return $FullTemp :Dragon|9-23|3
2015-08-10 11:11:09 : $Trooptype split # : 1
2015-08-10 11:11:09 : Start the Loop
2015-08-10 11:11:10 : $TroopTypeT[$i] split : 1
2015-08-10 11:11:10 :  - No. of Dragons: 3
2015-08-10 11:11:10 : start barrackstatus
2015-08-10 11:11:10 : OK, I'm in army overview
2015-08-10 11:11:10 : barrack 1 found upgrading! color 6B6964
2015-08-10 11:11:10 : barrack 2 found! color 888070
2015-08-10 11:11:10 : barrack 3 found! color 888070
2015-08-10 11:11:10 : barrack 4 found! color 888070
2015-08-10 11:11:10 : dark barrack 1 found! color 888070
2015-08-10 11:11:10 : dark barrack 2 found! color 888070
2015-08-10 11:11:10 : Factory Spell found! color 888070
2015-08-10 11:11:10 : Dark Factory Spell found! color 888070
2015-08-10 11:11:10 : Barracks and Spell factory status: 
2015-08-10 11:11:10 : - Barracks detected: 4 | Available: 3 | Upgrading: 1
2015-08-10 11:11:10 : - Dark Barracks detected: 2 | Available: 2 | Upgrading: 0
2015-08-10 11:11:10 : - Spell factory detected: 1 | Available: 1 | Upgrading: 0
2015-08-10 11:11:10 : - Dark Spell factory detected: 1 | Available: 1 | Upgrading: 0
2015-08-10 11:11:10 : Trainaviable[0] = 1
2015-08-10 11:11:10 : Trainaviable[1] = 0
2015-08-10 11:11:10 : Trainaviable[2] = 1
2015-08-10 11:11:10 : Trainaviable[3] = 1
2015-08-10 11:11:10 : Trainaviable[4] = 1
2015-08-10 11:11:10 : Trainaviable[5] = 1
2015-08-10 11:11:10 : Trainaviable[6] = 1
2015-08-10 11:11:10 : Trainaviable[7] = 1
2015-08-10 11:11:10 : Trainaviable[8] = 1
2015-08-10 11:11:10 : Training Troops...
2015-08-10 11:11:11 : Checking for full army [!]False
2015-08-10 11:11:11 : Train: need to make normal troops: True
2015-08-10 11:11:11 : Train: need to make dark troops: False
2015-08-10 11:11:11 : LAST BARRACK = 4
2015-08-10 11:11:11 : Last Barrack TabColor=888070
2015-08-10 11:11:11 : ---------COMPUTE TROOPS TO MAKE------------------------
2015-08-10 11:11:11 : Total Troops to be Trained= 200
2015-08-10 11:11:11 : BARRACKNUM: 3
2015-08-10 11:11:11 : DARKBARRACKNUM: 2
2015-08-10 11:11:11 : ---------END COMPUTE TROOPS TO MAKE--------------------
2015-08-10 11:11:11 : 
2015-08-10 11:11:11 : ---------TRAIN BARRACK MODE------------------------
2015-08-10 11:11:11 : Barrack4 selected
2015-08-10 11:11:12 : Full Check=8F8F8F
2015-08-10 11:11:12 : Move from Barrack 4 direction -1
2015-08-10 11:11:13 : Barrack3 selected
2015-08-10 11:11:14 : Full Check=8F8F8F
2015-08-10 11:11:14 : Move from Barrack 3 direction -1
2015-08-10 11:11:15 : Barrack2 selected
2015-08-10 11:11:16 : Full Check=8F8F8F
2015-08-10 11:11:16 : Move from Barrack 2 direction -1
2015-08-10 11:11:17 : This is not a Barrack
2015-08-10 11:11:17 : ---=====================END TRAIN =======================================---
2015-08-10 11:11:18 : checkMainScreen start quiet mode
2015-08-10 11:11:19 : checkMainScreen exit quiet mode
2015-08-10 11:11:19 : Trophy Count : 2561
2015-08-10 11:11:19 : checkMainScreen start quiet mode
2015-08-10 11:11:19 : checkMainScreen exit quiet mode
2015-08-10 11:11:20 : Time Idle: 00:00:53
2015-08-10 11:11:20 : $fullArmy=False $fullCC=False $fullHeroes=False $iUnbreakableMode=0
2015-08-10 11:11:20 : ====== Waiting for full army ======
2015-08-10 11:11:32 : checkMainScreen start quiet mode
2015-08-10 11:11:32 : checkMainScreen exit quiet mode
2015-08-10 11:11:32 : checkMainScreen start quiet mode
2015-08-10 11:11:32 : checkMainScreen exit quiet mode
2015-08-10 11:11:33 : Collecting Resources
2015-08-10 11:11:38 : checkMainScreen start quiet mode
2015-08-10 11:11:38 : checkMainScreen exit quiet mode
2015-08-10 11:11:38 : Func Train 
2015-08-10 11:11:38 : Train enabled, $TotalTrainedTroops= 200, Adj TotalCamp= 192
2015-08-10 11:11:38 : RESET AT 0 CurArch
2015-08-10 11:11:38 : RESET AT 0 CurBarb
2015-08-10 11:11:39 : RESET AT 0 CurGiant
2015-08-10 11:11:39 : RESET AT 0 CurWall
2015-08-10 11:11:39 : RESET AT 0 CurGobl
2015-08-10 11:11:39 : RESET AT 0 CurHeal
2015-08-10 11:11:39 : RESET AT 0 CurPekk
2015-08-10 11:11:39 : RESET AT 0 CurBall
2015-08-10 11:11:39 : RESET AT 0 CurWiza
2015-08-10 11:11:39 : RESET AT 0 CurDrag
2015-08-10 11:11:39 : RESET AT 0 CurMini
2015-08-10 11:11:39 : RESET AT 0 CurHogs
2015-08-10 11:11:39 : RESET AT 0 CurValk
2015-08-10 11:11:39 : RESET AT 0 CurGole
2015-08-10 11:11:39 : RESET AT 0 CurWitc
2015-08-10 11:11:39 : RESET AT 0 CurLava
2015-08-10 11:11:39 : Checking Army Camp...
2015-08-10 11:11:40 : $sArmyInfo = 60#200
2015-08-10 11:11:40 : $CurCamp = 60
2015-08-10 11:11:40 : $TotalCamp = 200
2015-08-10 11:11:40 : Total Army Camp capacity: 60/200
2015-08-10 11:11:40 : $hBitmapFirst made
2015-08-10 11:11:41 : Calling CGBfunctions.dll/searchIdentifyTroopTrained 
2015-08-10 11:11:41 : Dll return $FullTemp :Dragon|9-23|3
2015-08-10 11:11:41 : $Trooptype split # : 1
2015-08-10 11:11:41 : Start the Loop
2015-08-10 11:11:41 : $TroopTypeT[$i] split : 1
2015-08-10 11:11:42 :  - No. of Dragons: 3
2015-08-10 11:11:42 : start barrackstatus
2015-08-10 11:11:42 : OK, I'm in army overview
2015-08-10 11:11:42 : barrack 1 found upgrading! color 6B6964
2015-08-10 11:11:42 : barrack 2 found! color 888070
2015-08-10 11:11:42 : barrack 3 found! color 888070
2015-08-10 11:11:42 : barrack 4 found! color 888070
2015-08-10 11:11:42 : dark barrack 1 found! color 888070
2015-08-10 11:11:42 : dark barrack 2 found! color 888070
2015-08-10 11:11:42 : Factory Spell found! color 888070
2015-08-10 11:11:42 : Dark Factory Spell found! color 888070
2015-08-10 11:11:42 : Barracks and Spell factory status: 
2015-08-10 11:11:42 : - Barracks detected: 4 | Available: 3 | Upgrading: 1
2015-08-10 11:11:42 : - Dark Barracks detected: 2 | Available: 2 | Upgrading: 0
2015-08-10 11:11:42 : - Spell factory detected: 1 | Available: 1 | Upgrading: 0
2015-08-10 11:11:42 : - Dark Spell factory detected: 1 | Available: 1 | Upgrading: 0
2015-08-10 11:11:42 : Trainaviable[0] = 1
2015-08-10 11:11:42 : Trainaviable[1] = 0
2015-08-10 11:11:42 : Trainaviable[2] = 1
2015-08-10 11:11:42 : Trainaviable[3] = 1
2015-08-10 11:11:42 : Trainaviable[4] = 1
2015-08-10 11:11:42 : Trainaviable[5] = 1
2015-08-10 11:11:42 : Trainaviable[6] = 1
2015-08-10 11:11:42 : Trainaviable[7] = 1
2015-08-10 11:11:42 : Trainaviable[8] = 1
2015-08-10 11:11:42 : Training Troops...
2015-08-10 11:11:42 : Checking for full army [!]False
2015-08-10 11:11:42 : Train: need to make normal troops: True
2015-08-10 11:11:42 : Train: need to make dark troops: False
2015-08-10 11:11:42 : LAST BARRACK = 4
2015-08-10 11:11:42 : Last Barrack TabColor=888070
2015-08-10 11:11:43 : ---------COMPUTE TROOPS TO MAKE------------------------
2015-08-10 11:11:43 : Total Troops to be Trained= 200
2015-08-10 11:11:43 : BARRACKNUM: 3
2015-08-10 11:11:43 : DARKBARRACKNUM: 2
2015-08-10 11:11:43 : ---------END COMPUTE TROOPS TO MAKE--------------------
2015-08-10 11:11:43 : 
2015-08-10 11:11:43 : ---------TRAIN BARRACK MODE------------------------
2015-08-10 11:11:43 : Barrack4 selected
2015-08-10 11:11:43 : Full Check=8F8F8F
2015-08-10 11:11:44 : Move from Barrack 4 direction -1
2015-08-10 11:11:45 : Barrack3 selected
2015-08-10 11:11:45 : Full Check=8F8F8F
2015-08-10 11:11:46 : Move from Barrack 3 direction -1
2015-08-10 11:11:47 : Barrack2 selected
2015-08-10 11:11:47 : Full Check=8F8F8F
2015-08-10 11:11:48 : Move from Barrack 2 direction -1
2015-08-10 11:11:49 : This is not a Barrack
2015-08-10 11:11:49 : ---=====================END TRAIN =======================================---
2015-08-10 11:11:50 : checkMainScreen start quiet mode
2015-08-10 11:11:50 : checkMainScreen exit quiet mode
2015-08-10 11:11:51 : Trophy Count : 2561
2015-08-10 11:11:51 : checkMainScreen start quiet mode
2015-08-10 11:11:51 : checkMainScreen exit quiet mode
2015-08-10 11:11:51 : Time Idle: 00:01:25
2015-08-10 11:11:51 : $fullArmy=False $fullCC=False $fullHeroes=False $iUnbreakableMode=0
2015-08-10 11:11:51 : ====== Waiting for full army ======
2015-08-10 11:12:04 : checkMainScreen start quiet mode
2015-08-10 11:12:04 : checkMainScreen exit quiet mode
2015-08-10 11:12:05 : checkMainScreen start quiet mode
2015-08-10 11:12:05 : checkMainScreen exit quiet mode
2015-08-10 11:12:05 : Func Train 
2015-08-10 11:12:05 : Train enabled, $TotalTrainedTroops= 200, Adj TotalCamp= 192
2015-08-10 11:12:05 : RESET AT 0 CurArch
2015-08-10 11:12:05 : RESET AT 0 CurBarb
2015-08-10 11:12:05 : RESET AT 0 CurGiant
2015-08-10 11:12:05 : RESET AT 0 CurWall
2015-08-10 11:12:05 : RESET AT 0 CurGobl
2015-08-10 11:12:05 : RESET AT 0 CurHeal
2015-08-10 11:12:05 : RESET AT 0 CurPekk
2015-08-10 11:12:05 : RESET AT 0 CurBall
2015-08-10 11:12:05 : RESET AT 0 CurWiza
2015-08-10 11:12:05 : RESET AT 0 CurDrag
2015-08-10 11:12:05 : RESET AT 0 CurMini
2015-08-10 11:12:05 : RESET AT 0 CurHogs
2015-08-10 11:12:05 : RESET AT 0 CurValk
2015-08-10 11:12:05 : RESET AT 0 CurGole
2015-08-10 11:12:05 : RESET AT 0 CurWitc
2015-08-10 11:12:05 : RESET AT 0 CurLava
2015-08-10 11:12:05 : Checking Army Camp...
2015-08-10 11:12:07 : $sArmyInfo = 60#200
2015-08-10 11:12:07 : $CurCamp = 60
2015-08-10 11:12:07 : $TotalCamp = 200
2015-08-10 11:12:07 : Total Army Camp capacity: 60/200
2015-08-10 11:12:07 : $hBitmapFirst made
2015-08-10 11:12:07 : Calling CGBfunctions.dll/searchIdentifyTroopTrained 
2015-08-10 11:12:08 : Dll return $FullTemp :Dragon|9-23|3
2015-08-10 11:12:08 : $Trooptype split # : 1
2015-08-10 11:12:08 : Start the Loop
2015-08-10 11:12:08 : $TroopTypeT[$i] split : 1
2015-08-10 11:12:08 :  - No. of Dragons: 3
2015-08-10 11:12:08 : start barrackstatus
2015-08-10 11:12:08 : OK, I'm in army overview
2015-08-10 11:12:08 : barrack 1 found upgrading! color 6B6964
2015-08-10 11:12:08 : barrack 2 found! color 888070
2015-08-10 11:12:08 : barrack 3 found! color 888070
2015-08-10 11:12:08 : barrack 4 found! color 888070
2015-08-10 11:12:08 : dark barrack 1 found! color 888070
2015-08-10 11:12:08 : dark barrack 2 found! color 888070
2015-08-10 11:12:08 : Factory Spell found! color 888070
2015-08-10 11:12:08 : Dark Factory Spell found! color 888070
2015-08-10 11:12:08 : Barracks and Spell factory status: 
2015-08-10 11:12:08 : - Barracks detected: 4 | Available: 3 | Upgrading: 1
2015-08-10 11:12:08 : - Dark Barracks detected: 2 | Available: 2 | Upgrading: 0
2015-08-10 11:12:08 : - Spell factory detected: 1 | Available: 1 | Upgrading: 0
2015-08-10 11:12:08 : - Dark Spell factory detected: 1 | Available: 1 | Upgrading: 0
2015-08-10 11:12:08 : Trainaviable[0] = 1
2015-08-10 11:12:08 : Trainaviable[1] = 0
2015-08-10 11:12:08 : Trainaviable[2] = 1
2015-08-10 11:12:08 : Trainaviable[3] = 1
2015-08-10 11:12:08 : Trainaviable[4] = 1
2015-08-10 11:12:08 : Trainaviable[5] = 1
2015-08-10 11:12:08 : Trainaviable[6] = 1
2015-08-10 11:12:09 : Trainaviable[7] = 1
2015-08-10 11:12:09 : Trainaviable[8] = 1
2015-08-10 11:12:09 : Training Troops...
2015-08-10 11:12:09 : Checking for full army [!]False
2015-08-10 11:12:09 : Train: need to make normal troops: True
2015-08-10 11:12:09 : Train: need to make dark troops: False
2015-08-10 11:12:09 : LAST BARRACK = 4
2015-08-10 11:12:09 : Last Barrack TabColor=888070
2015-08-10 11:12:09 : ---------COMPUTE TROOPS TO MAKE------------------------
2015-08-10 11:12:09 : Total Troops to be Trained= 200
2015-08-10 11:12:09 : BARRACKNUM: 3
2015-08-10 11:12:09 : DARKBARRACKNUM: 2
2015-08-10 11:12:09 : ---------END COMPUTE TROOPS TO MAKE--------------------
2015-08-10 11:12:09 : 
2015-08-10 11:12:09 : ---------TRAIN BARRACK MODE------------------------
2015-08-10 11:12:09 : Barrack4 selected
2015-08-10 11:12:10 : Full Check=8F8F8F
2015-08-10 11:12:10 : Move from Barrack 4 direction -1
2015-08-10 11:12:11 : Barrack3 selected
2015-08-10 11:12:12 : Full Check=8F8F8F
2015-08-10 11:12:13 : Move from Barrack 3 direction -1
2015-08-10 11:12:14 : Barrack2 selected
2015-08-10 11:12:14 : Full Check=8F8F8F
2015-08-10 11:12:15 : Move from Barrack 2 direction -1
2015-08-10 11:12:16 : This is not a Barrack
2015-08-10 11:12:16 : ---=====================END TRAIN =======================================---
2015-08-10 11:12:17 : checkMainScreen start quiet mode
2015-08-10 11:12:17 : checkMainScreen exit quiet mode
2015-08-10 11:12:17 : Trophy Count : 2561
2015-08-10 11:12:17 : checkMainScreen start quiet mode
2015-08-10 11:12:17 : checkMainScreen exit quiet mode
2015-08-10 11:12:18 : Time Idle: 00:01:51
2015-08-10 11:12:18 : $fullArmy=False $fullCC=False $fullHeroes=False $iUnbreakableMode=0
2015-08-10 11:12:18 : ====== Waiting for full army ======
2015-08-10 11:12:31 : checkMainScreen start quiet mode
2015-08-10 11:12:31 : checkMainScreen exit quiet mode
2015-08-10 11:12:31 : checkMainScreen start quiet mode
2015-08-10 11:12:31 : checkMainScreen exit quiet mode
2015-08-10 11:12:32 : Func Train 
2015-08-10 11:12:32 : Train enabled, $TotalTrainedTroops= 200, Adj TotalCamp= 192
2015-08-10 11:12:32 : RESET AT 0 CurArch
2015-08-10 11:12:32 : RESET AT 0 CurBarb
2015-08-10 11:12:32 : RESET AT 0 CurGiant
2015-08-10 11:12:32 : RESET AT 0 CurWall
2015-08-10 11:12:32 : RESET AT 0 CurGobl
2015-08-10 11:12:32 : RESET AT 0 CurHeal
2015-08-10 11:12:32 : RESET AT 0 CurPekk
2015-08-10 11:12:32 : RESET AT 0 CurBall
2015-08-10 11:12:32 : RESET AT 0 CurWiza
2015-08-10 11:12:32 : RESET AT 0 CurDrag
2015-08-10 11:12:32 : RESET AT 0 CurMini
2015-08-10 11:12:32 : RESET AT 0 CurHogs
2015-08-10 11:12:32 : RESET AT 0 CurValk
2015-08-10 11:12:32 : RESET AT 0 CurGole
2015-08-10 11:12:32 : RESET AT 0 CurWitc
2015-08-10 11:12:32 : RESET AT 0 CurLava
2015-08-10 11:12:32 : Checking Army Camp...
2015-08-10 11:12:33 : $sArmyInfo = 60#200
2015-08-10 11:12:33 : $CurCamp = 60
2015-08-10 11:12:33 : $TotalCamp = 200
2015-08-10 11:12:34 : Total Army Camp capacity: 60/200
2015-08-10 11:12:34 : $hBitmapFirst made
2015-08-10 11:12:34 : Calling CGBfunctions.dll/searchIdentifyTroopTrained 
2015-08-10 11:12:35 : Dll return $FullTemp :Dragon|9-23|3
2015-08-10 11:12:35 : $Trooptype split # : 1
2015-08-10 11:12:35 : Start the Loop
2015-08-10 11:12:35 : $TroopTypeT[$i] split : 1
2015-08-10 11:12:35 :  - No. of Dragons: 3
2015-08-10 11:12:35 : start barrackstatus
2015-08-10 11:12:35 : OK, I'm in army overview
2015-08-10 11:12:35 : barrack 1 found upgrading! color 6B6964
2015-08-10 11:12:35 : barrack 2 found! color 888070
2015-08-10 11:12:35 : barrack 3 found! color 888070
2015-08-10 11:12:35 : barrack 4 found! color 888070
2015-08-10 11:12:35 : dark barrack 1 found! color 888070
2015-08-10 11:12:35 : dark barrack 2 found! color 888070
2015-08-10 11:12:35 : Factory Spell found! color 888070
2015-08-10 11:12:35 : Dark Factory Spell found! color 888070
2015-08-10 11:12:35 : Barracks and Spell factory status: 
2015-08-10 11:12:35 : - Barracks detected: 4 | Available: 3 | Upgrading: 1
2015-08-10 11:12:35 : - Dark Barracks detected: 2 | Available: 2 | Upgrading: 0
2015-08-10 11:12:35 : - Spell factory detected: 1 | Available: 1 | Upgrading: 0
2015-08-10 11:12:35 : - Dark Spell factory detected: 1 | Available: 1 | Upgrading: 0
2015-08-10 11:12:35 : Trainaviable[0] = 1
2015-08-10 11:12:35 : Trainaviable[1] = 0
2015-08-10 11:12:35 : Trainaviable[2] = 1
2015-08-10 11:12:35 : Trainaviable[3] = 1
2015-08-10 11:12:35 : Trainaviable[4] = 1
2015-08-10 11:12:35 : Trainaviable[5] = 1
2015-08-10 11:12:35 : Trainaviable[6] = 1
2015-08-10 11:12:35 : Trainaviable[7] = 1
2015-08-10 11:12:35 : Trainaviable[8] = 1
2015-08-10 11:12:35 : Training Troops...
2015-08-10 11:12:36 : Checking for full army [!]False
2015-08-10 11:12:36 : Train: need to make normal troops: True
2015-08-10 11:12:36 : Train: need to make dark troops: False
2015-08-10 11:12:36 : LAST BARRACK = 4
2015-08-10 11:12:36 : Last Barrack TabColor=888070
2015-08-10 11:12:36 : Last Barrack TabColor=888070
2015-08-10 11:12:36 : ---------COMPUTE TROOPS TO MAKE------------------------
2015-08-10 11:12:36 : Total Troops to be Trained= 200
2015-08-10 11:12:36 : BARRACKNUM: 3
2015-08-10 11:12:36 : DARKBARRACKNUM: 2
2015-08-10 11:12:36 : ---------END COMPUTE TROOPS TO MAKE--------------------
2015-08-10 11:12:36 : 
2015-08-10 11:12:36 : ---------TRAIN BARRACK MODE------------------------
2015-08-10 11:12:36 : Barrack4 selected
2015-08-10 11:12:36 : Full Check=8F8F8F
2015-08-10 11:12:37 : Move from Barrack 4 direction -1
2015-08-10 11:12:38 : Barrack3 selected
2015-08-10 11:12:39 : Full Check=8F8F8F
2015-08-10 11:12:39 : Move from Barrack 3 direction -1
2015-08-10 11:12:40 : Barrack2 selected
2015-08-10 11:12:41 : Full Check=8F8F8F
2015-08-10 11:12:41 : Move from Barrack 2 direction -1
2015-08-10 11:12:42 : This is not a Barrack
2015-08-10 11:12:42 : ---=====================END TRAIN =======================================---
2015-08-10 11:12:43 : checkMainScreen start quiet mode
2015-08-10 11:12:43 : checkMainScreen exit quiet mode
2015-08-10 11:12:44 : Trophy Count : 2561
2015-08-10 11:12:44 : checkMainScreen start quiet mode
2015-08-10 11:12:44 : checkMainScreen exit quiet mode
2015-08-10 11:12:44 : Time Idle: 00:02:17
2015-08-10 11:12:44 : $fullArmy=False $fullCC=False $fullHeroes=False $iUnbreakableMode=0
2015-08-10 11:12:45 : ====== Waiting for full army ======
2015-08-10 11:12:58 : checkMainScreen start quiet mode
2015-08-10 11:12:58 : checkMainScreen exit quiet mode
2015-08-10 11:12:58 : checkMainScreen start quiet mode
2015-08-10 11:12:58 : checkMainScreen exit quiet mode
2015-08-10 11:12:59 : Func Train 
2015-08-10 11:12:59 : Train enabled, $TotalTrainedTroops= 200, Adj TotalCamp= 192
2015-08-10 11:12:59 : RESET AT 0 CurArch
2015-08-10 11:12:59 : RESET AT 0 CurBarb
2015-08-10 11:12:59 : RESET AT 0 CurGiant
2015-08-10 11:12:59 : RESET AT 0 CurWall
2015-08-10 11:12:59 : RESET AT 0 CurGobl
2015-08-10 11:12:59 : RESET AT 0 CurHeal
2015-08-10 11:12:59 : RESET AT 0 CurPekk
2015-08-10 11:12:59 : RESET AT 0 CurBall
2015-08-10 11:12:59 : RESET AT 0 CurWiza
2015-08-10 11:12:59 : RESET AT 0 CurDrag
2015-08-10 11:12:59 : RESET AT 0 CurMini
2015-08-10 11:12:59 : RESET AT 0 CurHogs
2015-08-10 11:12:59 : RESET AT 0 CurValk
2015-08-10 11:12:59 : RESET AT 0 CurGole
2015-08-10 11:12:59 : RESET AT 0 CurWitc
2015-08-10 11:12:59 : RESET AT 0 CurLava
2015-08-10 11:12:59 : Checking Army Camp...
2015-08-10 11:13:00 : $sArmyInfo = 60#200
2015-08-10 11:13:00 : $CurCamp = 60
2015-08-10 11:13:00 : $TotalCamp = 200
2015-08-10 11:13:01 : Total Army Camp capacity: 60/200
2015-08-10 11:13:01 : $hBitmapFirst made
2015-08-10 11:13:01 : Calling CGBfunctions.dll/searchIdentifyTroopTrained 
2015-08-10 11:13:01 : Dll return $FullTemp :Dragon|9-23|3
2015-08-10 11:13:01 : $Trooptype split # : 1
2015-08-10 11:13:01 : Start the Loop
2015-08-10 11:13:02 : $TroopTypeT[$i] split : 1
2015-08-10 11:13:02 :  - No. of Dragons: 3
2015-08-10 11:13:02 : start barrackstatus
2015-08-10 11:13:02 : OK, I'm in army overview
2015-08-10 11:13:02 : barrack 1 found upgrading! color 6B6964
2015-08-10 11:13:02 : barrack 2 found! color 888070
2015-08-10 11:13:02 : barrack 3 found! color 888070
2015-08-10 11:13:02 : barrack 4 found! color 888070
2015-08-10 11:13:02 : dark barrack 1 found! color 888070
2015-08-10 11:13:02 : dark barrack 2 found! color 888070
2015-08-10 11:13:02 : Factory Spell found! color 888070
2015-08-10 11:13:02 : Dark Factory Spell found! color 888070
2015-08-10 11:13:02 : Barracks and Spell factory status: 
2015-08-10 11:13:02 : - Barracks detected: 4 | Available: 3 | Upgrading: 1
2015-08-10 11:13:02 : - Dark Barracks detected: 2 | Available: 2 | Upgrading: 0
2015-08-10 11:13:02 : - Spell factory detected: 1 | Available: 1 | Upgrading: 0
2015-08-10 11:13:02 : - Dark Spell factory detected: 1 | Available: 1 | Upgrading: 0
2015-08-10 11:13:02 : Trainaviable[0] = 1
2015-08-10 11:13:02 : Trainaviable[1] = 0
2015-08-10 11:13:02 : Trainaviable[2] = 1
2015-08-10 11:13:02 : Trainaviable[3] = 1
2015-08-10 11:13:02 : Trainaviable[4] = 1
2015-08-10 11:13:02 : Trainaviable[5] = 1
2015-08-10 11:13:02 : Trainaviable[6] = 1
2015-08-10 11:13:02 : Trainaviable[7] = 1
2015-08-10 11:13:02 : Trainaviable[8] = 1
2015-08-10 11:13:02 : Training Troops...
2015-08-10 11:13:03 : Checking for full army [!]False
2015-08-10 11:13:03 : Train: need to make normal troops: True
2015-08-10 11:13:03 : Train: need to make dark troops: False
2015-08-10 11:13:03 : LAST BARRACK = 4
2015-08-10 11:13:03 : Last Barrack TabColor=888070
2015-08-10 11:13:03 : Last Barrack TabColor=888070
2015-08-10 11:13:03 : ---------COMPUTE TROOPS TO MAKE------------------------
2015-08-10 11:13:03 : Total Troops to be Trained= 200
2015-08-10 11:13:03 : BARRACKNUM: 3
2015-08-10 11:13:03 : DARKBARRACKNUM: 2
2015-08-10 11:13:03 : ---------END COMPUTE TROOPS TO MAKE--------------------
2015-08-10 11:13:03 : 
2015-08-10 11:13:03 : ---------TRAIN BARRACK MODE------------------------
2015-08-10 11:13:03 : Barrack4 selected
2015-08-10 11:13:03 : Full Check=8F8F8F
2015-08-10 11:13:04 : Move from Barrack 4 direction -1
2015-08-10 11:13:05 : Barrack3 selected
2015-08-10 11:13:06 : Full Check=8F8F8F
2015-08-10 11:13:06 : Move from Barrack 3 direction -1
2015-08-10 11:13:07 : Barrack2 selected
2015-08-10 11:13:08 : Full Check=8F8F8F
2015-08-10 11:13:08 : Move from Barrack 2 direction -1
2015-08-10 11:13:09 : This is not a Barrack
2015-08-10 11:13:09 : ---=====================END TRAIN =======================================---
2015-08-10 11:13:10 : checkMainScreen start quiet mode
2015-08-10 11:13:10 : checkMainScreen exit quiet mode
2015-08-10 11:13:11 : Trophy Count : 2561
2015-08-10 11:13:11 : checkMainScreen start quiet mode
2015-08-10 11:13:11 : checkMainScreen exit quiet mode
2015-08-10 11:13:11 : Time Idle: 00:02:44
2015-08-10 11:13:11 : $fullArmy=False $fullCC=False $fullHeroes=False $iUnbreakableMode=0
2015-08-10 11:13:12 : ====== Waiting for full army ======
2015-08-10 11:13:22 : checkMainScreen start quiet mode
2015-08-10 11:13:22 : checkMainScreen exit quiet mode
2015-08-10 11:13:23 : checkMainScreen start quiet mode
2015-08-10 11:13:23 : checkMainScreen exit quiet mode
2015-08-10 11:13:23 : Func Train 
2015-08-10 11:13:23 : Train enabled, $TotalTrainedTroops= 200, Adj TotalCamp= 192
2015-08-10 11:13:23 : RESET AT 0 CurArch
2015-08-10 11:13:23 : RESET AT 0 CurBarb
2015-08-10 11:13:23 : RESET AT 0 CurGiant
2015-08-10 11:13:23 : RESET AT 0 CurWall
2015-08-10 11:13:23 : RESET AT 0 CurGobl
2015-08-10 11:13:23 : RESET AT 0 CurHeal
2015-08-10 11:13:23 : RESET AT 0 CurPekk
2015-08-10 11:13:23 : RESET AT 0 CurBall
2015-08-10 11:13:23 : RESET AT 0 CurWiza
2015-08-10 11:13:23 : RESET AT 0 CurDrag
2015-08-10 11:13:23 : RESET AT 0 CurMini
2015-08-10 11:13:23 : RESET AT 0 CurHogs
2015-08-10 11:13:23 : RESET AT 0 CurValk
2015-08-10 11:13:23 : RESET AT 0 CurGole
2015-08-10 11:13:23 : RESET AT 0 CurWitc
2015-08-10 11:13:23 : RESET AT 0 CurLava
2015-08-10 11:13:23 : Checking Army Camp...
2015-08-10 11:13:25 : $sArmyInfo = 60#200
2015-08-10 11:13:25 : $CurCamp = 60
2015-08-10 11:13:25 : $TotalCamp = 200
2015-08-10 11:13:25 : Total Army Camp capacity: 60/200
2015-08-10 11:13:25 : $hBitmapFirst made
2015-08-10 11:13:26 : Calling CGBfunctions.dll/searchIdentifyTroopTrained 
2015-08-10 11:13:26 : Dll return $FullTemp :Dragon|9-23|3
2015-08-10 11:13:26 : $Trooptype split # : 1
2015-08-10 11:13:26 : Start the Loop
2015-08-10 11:13:26 : $TroopTypeT[$i] split : 1
2015-08-10 11:13:26 :  - No. of Dragons: 3
2015-08-10 11:13:26 : start barrackstatus
2015-08-10 11:13:26 : OK, I'm in army overview
2015-08-10 11:13:27 : barrack 1 found upgrading! color 6B6964
2015-08-10 11:13:27 : barrack 2 found! color 888070
2015-08-10 11:13:27 : barrack 3 found! color 888070
2015-08-10 11:13:27 : barrack 4 found! color 888070
2015-08-10 11:13:27 : dark barrack 1 found! color 888070
2015-08-10 11:13:27 : dark barrack 2 found! color 888070
2015-08-10 11:13:27 : Factory Spell found! color 888070
2015-08-10 11:13:27 : Dark Factory Spell found! color 888070
2015-08-10 11:13:27 : Barracks and Spell factory status: 
2015-08-10 11:13:27 : - Barracks detected: 4 | Available: 3 | Upgrading: 1
2015-08-10 11:13:27 : - Dark Barracks detected: 2 | Available: 2 | Upgrading: 0
2015-08-10 11:13:27 : - Spell factory detected: 1 | Available: 1 | Upgrading: 0
2015-08-10 11:13:27 : - Dark Spell factory detected: 1 | Available: 1 | Upgrading: 0
2015-08-10 11:13:27 : Trainaviable[0] = 1
2015-08-10 11:13:27 : Trainaviable[1] = 0
2015-08-10 11:13:27 : Trainaviable[2] = 1
2015-08-10 11:13:27 : Trainaviable[3] = 1
2015-08-10 11:13:27 : Trainaviable[4] = 1
2015-08-10 11:13:27 : Trainaviable[5] = 1
2015-08-10 11:13:27 : Trainaviable[6] = 1
2015-08-10 11:13:27 : Trainaviable[7] = 1
2015-08-10 11:13:27 : Trainaviable[8] = 1
2015-08-10 11:13:27 : Training Troops...
2015-08-10 11:13:27 : Checking for full army [!]False
2015-08-10 11:13:27 : Train: need to make normal troops: True
2015-08-10 11:13:27 : Train: need to make dark troops: False
2015-08-10 11:13:27 : LAST BARRACK = 4
2015-08-10 11:13:27 : Last Barrack TabColor=888070
2015-08-10 11:13:27 : ---------COMPUTE TROOPS TO MAKE------------------------
2015-08-10 11:13:27 : Total Troops to be Trained= 200
2015-08-10 11:13:27 : BARRACKNUM: 3
2015-08-10 11:13:27 : DARKBARRACKNUM: 2
2015-08-10 11:13:27 : ---------END COMPUTE TROOPS TO MAKE--------------------
2015-08-10 11:13:27 : 
2015-08-10 11:13:27 : ---------TRAIN BARRACK MODE------------------------
2015-08-10 11:13:27 : Barrack4 selected
2015-08-10 11:13:28 : Full Check=8F8F8F
2015-08-10 11:13:29 : Move from Barrack 4 direction -1
2015-08-10 11:13:30 : Barrack3 selected
2015-08-10 11:13:30 : Full Check=8F8F8F
2015-08-10 11:13:31 : Move from Barrack 3 direction -1
2015-08-10 11:13:32 : Barrack2 selected
2015-08-10 11:13:32 : Full Check=8F8F8F
2015-08-10 11:13:33 : Move from Barrack 2 direction -1
2015-08-10 11:13:34 : This is not a Barrack
2015-08-10 11:13:34 : ---=====================END TRAIN =======================================---
2015-08-10 11:13:35 : checkMainScreen start quiet mode
2015-08-10 11:13:35 : checkMainScreen exit quiet mode
2015-08-10 11:13:35 : Trophy Count : 2561
2015-08-10 11:13:36 : checkMainScreen start quiet mode
2015-08-10 11:13:36 : checkMainScreen exit quiet mode
2015-08-10 11:13:36 : Time Idle: 00:03:08
2015-08-10 11:13:36 : $fullArmy=False $fullCC=False $fullHeroes=False $iUnbreakableMode=0
2015-08-10 11:13:36 : ====== Waiting for full army ======
2015-08-10 11:13:48 : checkMainScreen start quiet mode
2015-08-10 11:13:48 : checkMainScreen exit quiet mode
2015-08-10 11:13:49 : checkMainScreen start quiet mode
2015-08-10 11:13:49 : checkMainScreen exit quiet mode
2015-08-10 11:13:49 : Func Train 
2015-08-10 11:13:49 : Train enabled, $TotalTrainedTroops= 200, Adj TotalCamp= 192
2015-08-10 11:13:49 : RESET AT 0 CurArch
2015-08-10 11:13:49 : RESET AT 0 CurBarb
2015-08-10 11:13:49 : RESET AT 0 CurGiant
2015-08-10 11:13:49 : RESET AT 0 CurWall
2015-08-10 11:13:49 : RESET AT 0 CurGobl
2015-08-10 11:13:49 : RESET AT 0 CurHeal
2015-08-10 11:13:49 : RESET AT 0 CurPekk
2015-08-10 11:13:49 : RESET AT 0 CurBall
2015-08-10 11:13:49 : RESET AT 0 CurWiza
2015-08-10 11:13:49 : RESET AT 0 CurDrag
2015-08-10 11:13:49 : RESET AT 0 CurMini
2015-08-10 11:13:49 : RESET AT 0 CurHogs
2015-08-10 11:13:49 : RESET AT 0 CurValk
2015-08-10 11:13:49 : RESET AT 0 CurGole
2015-08-10 11:13:49 : RESET AT 0 CurWitc
2015-08-10 11:13:49 : RESET AT 0 CurLava
2015-08-10 11:13:49 : Checking Army Camp...
2015-08-10 11:13:50 : $sArmyInfo = 60#200
2015-08-10 11:13:50 : $CurCamp = 60
2015-08-10 11:13:50 : $TotalCamp = 200
2015-08-10 11:13:51 : Total Army Camp capacity: 60/200
2015-08-10 11:13:51 : $hBitmapFirst made
2015-08-10 11:13:51 : Calling CGBfunctions.dll/searchIdentifyTroopTrained 
2015-08-10 11:13:52 : Dll return $FullTemp :Dragon|9-23|3
2015-08-10 11:13:52 : $Trooptype split # : 1
2015-08-10 11:13:52 : Start the Loop
2015-08-10 11:13:52 : $TroopTypeT[$i] split : 1
2015-08-10 11:13:52 :  - No. of Dragons: 3
2015-08-10 11:13:52 : start barrackstatus
2015-08-10 11:13:52 : OK, I'm in army overview
2015-08-10 11:13:52 : barrack 1 found upgrading! color 6B6964
2015-08-10 11:13:52 : barrack 2 found! color 888070
2015-08-10 11:13:52 : barrack 3 found! color 888070
2015-08-10 11:13:52 : barrack 4 found! color 888070
2015-08-10 11:13:52 : dark barrack 1 found! color 888070
2015-08-10 11:13:52 : dark barrack 2 found! color 888070
2015-08-10 11:13:52 : Factory Spell found! color 888070
2015-08-10 11:13:52 : Dark Factory Spell found! color 888070
2015-08-10 11:13:52 : Barracks and Spell factory status: 
2015-08-10 11:13:52 : - Barracks detected: 4 | Available: 3 | Upgrading: 1
2015-08-10 11:13:52 : - Dark Barracks detected: 2 | Available: 2 | Upgrading: 0
2015-08-10 11:13:52 : - Spell factory detected: 1 | Available: 1 | Upgrading: 0
2015-08-10 11:13:52 : - Dark Spell factory detected: 1 | Available: 1 | Upgrading: 0
2015-08-10 11:13:52 : Trainaviable[0] = 1
2015-08-10 11:13:52 : Trainaviable[1] = 0
2015-08-10 11:13:52 : Trainaviable[2] = 1
2015-08-10 11:13:52 : Trainaviable[3] = 1
2015-08-10 11:13:52 : Trainaviable[4] = 1
2015-08-10 11:13:52 : Trainaviable[5] = 1
2015-08-10 11:13:52 : Trainaviable[6] = 1
2015-08-10 11:13:52 : Trainaviable[7] = 1
2015-08-10 11:13:52 : Trainaviable[8] = 1
2015-08-10 11:13:52 : Training Troops...
2015-08-10 11:13:53 : Checking for full army [!]False
2015-08-10 11:13:53 : Train: need to make normal troops: True
2015-08-10 11:13:53 : Train: need to make dark troops: False
2015-08-10 11:13:53 : LAST BARRACK = 4
2015-08-10 11:13:53 : Last Barrack TabColor=888070
2015-08-10 11:13:53 : Last Barrack TabColor=888070
2015-08-10 11:13:54 : ---------COMPUTE TROOPS TO MAKE------------------------
2015-08-10 11:13:54 : Total Troops to be Trained= 200
2015-08-10 11:13:54 : BARRACKNUM: 3
2015-08-10 11:13:54 : DARKBARRACKNUM: 2
2015-08-10 11:13:54 : ---------END COMPUTE TROOPS TO MAKE--------------------
2015-08-10 11:13:54 : 
2015-08-10 11:13:54 : ---------TRAIN BARRACK MODE------------------------
2015-08-10 11:13:54 : Barrack4 selected
2015-08-10 11:13:54 : Full Check=8F8F8F
2015-08-10 11:13:55 : Move from Barrack 4 direction -1
2015-08-10 11:13:56 : Barrack3 selected
2015-08-10 11:13:56 : Full Check=8F8F8F
2015-08-10 11:13:57 : Move from Barrack 3 direction -1
2015-08-10 11:13:58 : Barrack2 selected
2015-08-10 11:13:59 : Full Check=8F8F8F
2015-08-10 11:13:59 : Move from Barrack 2 direction -1
2015-08-10 11:14:00 : This is not a Barrack
2015-08-10 11:14:00 : ---=====================END TRAIN =======================================---
2015-08-10 11:14:01 : checkMainScreen start quiet mode
2015-08-10 11:14:01 : checkMainScreen exit quiet mode
2015-08-10 11:14:02 : Trophy Count : 2561
2015-08-10 11:14:02 : checkMainScreen start quiet mode
2015-08-10 11:14:02 : checkMainScreen exit quiet mode
2015-08-10 11:14:02 : Time Idle: 00:03:34
2015-08-10 11:14:02 : $fullArmy=False $fullCC=False $fullHeroes=False $iUnbreakableMode=0
2015-08-10 11:14:02 : ====== Waiting for full army ======
2015-08-10 11:14:15 : checkMainScreen start quiet mode
2015-08-10 11:14:15 : checkMainScreen exit quiet mode
2015-08-10 11:14:16 : checkMainScreen start quiet mode
2015-08-10 11:14:16 : checkMainScreen exit quiet mode
2015-08-10 11:14:16 : Func Train 
2015-08-10 11:14:16 : Train enabled, $TotalTrainedTroops= 200, Adj TotalCamp= 192
2015-08-10 11:14:16 : RESET AT 0 CurArch
2015-08-10 11:14:16 : RESET AT 0 CurBarb
2015-08-10 11:14:16 : RESET AT 0 CurGiant
2015-08-10 11:14:16 : RESET AT 0 CurWall
2015-08-10 11:14:16 : RESET AT 0 CurGobl
2015-08-10 11:14:16 : RESET AT 0 CurHeal
2015-08-10 11:14:16 : RESET AT 0 CurPekk
2015-08-10 11:14:16 : RESET AT 0 CurBall
2015-08-10 11:14:16 : RESET AT 0 CurWiza
2015-08-10 11:14:16 : RESET AT 0 CurDrag
2015-08-10 11:14:16 : RESET AT 0 CurMini
2015-08-10 11:14:16 : RESET AT 0 CurHogs
2015-08-10 11:14:16 : RESET AT 0 CurValk
2015-08-10 11:14:16 : RESET AT 0 CurGole
2015-08-10 11:14:16 : RESET AT 0 CurWitc
2015-08-10 11:14:16 : RESET AT 0 CurLava
2015-08-10 11:14:16 : Checking Army Camp...
2015-08-10 11:14:18 : $sArmyInfo = 60#200
2015-08-10 11:14:18 : $CurCamp = 60
2015-08-10 11:14:18 : $TotalCamp = 200
2015-08-10 11:14:18 : Total Army Camp capacity: 60/200
2015-08-10 11:14:18 : $hBitmapFirst made
2015-08-10 11:14:19 : Calling CGBfunctions.dll/searchIdentifyTroopTrained 
2015-08-10 11:14:19 : Dll return $FullTemp :Dragon|9-23|3
2015-08-10 11:14:19 : $Trooptype split # : 1
2015-08-10 11:14:19 : Start the Loop
2015-08-10 11:14:19 : $TroopTypeT[$i] split : 1
2015-08-10 11:14:19 :  - No. of Dragons: 3
2015-08-10 11:14:19 : start barrackstatus
2015-08-10 11:14:19 : OK, I'm in army overview
2015-08-10 11:14:19 : barrack 1 found upgrading! color 6B6964
2015-08-10 11:14:19 : barrack 2 found! color 888070
2015-08-10 11:14:19 : barrack 3 found! color 888070
2015-08-10 11:14:19 : barrack 4 found! color 888070
2015-08-10 11:14:19 : dark barrack 1 found! color 888070
2015-08-10 11:14:19 : dark barrack 2 found! color 888070
2015-08-10 11:14:20 : Factory Spell found! color 888070
2015-08-10 11:14:20 : Dark Factory Spell found! color 888070
2015-08-10 11:14:20 : Barracks and Spell factory status: 
2015-08-10 11:14:20 : - Barracks detected: 4 | Available: 3 | Upgrading: 1
2015-08-10 11:14:20 : - Dark Barracks detected: 2 | Available: 2 | Upgrading: 0
2015-08-10 11:14:20 : - Spell factory detected: 1 | Available: 1 | Upgrading: 0
2015-08-10 11:14:20 : - Dark Spell factory detected: 1 | Available: 1 | Upgrading: 0
2015-08-10 11:14:20 : Trainaviable[0] = 1
2015-08-10 11:14:20 : Trainaviable[1] = 0
2015-08-10 11:14:20 : Trainaviable[2] = 1
2015-08-10 11:14:20 : Trainaviable[3] = 1
2015-08-10 11:14:20 : Trainaviable[4] = 1
2015-08-10 11:14:20 : Trainaviable[5] = 1
2015-08-10 11:14:20 : Trainaviable[6] = 1
2015-08-10 11:14:20 : Trainaviable[7] = 1
2015-08-10 11:14:20 : Trainaviable[8] = 1
2015-08-10 11:14:20 : Training Troops...
2015-08-10 11:14:20 : Checking for full army [!]False
2015-08-10 11:14:20 : Train: need to make normal troops: True
2015-08-10 11:14:20 : Train: need to make dark troops: False
2015-08-10 11:14:20 : LAST BARRACK = 4
2015-08-10 11:14:20 : Last Barrack TabColor=888070
2015-08-10 11:14:20 : Last Barrack TabColor=888070
2015-08-10 11:14:20 : ---------COMPUTE TROOPS TO MAKE------------------------
2015-08-10 11:14:20 : Total Troops to be Trained= 200
2015-08-10 11:14:20 : BARRACKNUM: 3
2015-08-10 11:14:20 : DARKBARRACKNUM: 2
2015-08-10 11:14:20 : ---------END COMPUTE TROOPS TO MAKE--------------------
2015-08-10 11:14:20 : 
2015-08-10 11:14:20 : ---------TRAIN BARRACK MODE------------------------
2015-08-10 11:14:21 : Barrack4 selected
2015-08-10 11:14:21 : Full Check=8F8F8F
2015-08-10 11:14:22 : Move from Barrack 4 direction -1
2015-08-10 11:14:23 : Barrack3 selected
2015-08-10 11:14:23 : Full Check=8F8F8F
2015-08-10 11:14:24 : Move from Barrack 3 direction -1
2015-08-10 11:14:25 : Barrack2 selected
2015-08-10 11:14:25 : Full Check=8F8F8F
2015-08-10 11:14:26 : Move from Barrack 2 direction -1
2015-08-10 11:14:27 : This is not a Barrack
2015-08-10 11:14:27 : ---=====================END TRAIN =======================================---
2015-08-10 11:14:28 : checkMainScreen start quiet mode
2015-08-10 11:14:28 : checkMainScreen exit quiet mode
2015-08-10 11:14:28 : Trophy Count : 2561
2015-08-10 11:14:29 : checkMainScreen start quiet mode
2015-08-10 11:14:29 : checkMainScreen exit quiet mode
2015-08-10 11:14:29 : Time Idle: 00:04:01
2015-08-10 11:14:29 : $fullArmy=False $fullCC=False $fullHeroes=False $iUnbreakableMode=0
2015-08-10 11:14:29 : ====== Waiting for full army ======
2015-08-10 11:14:41 : checkMainScreen start quiet mode
2015-08-10 11:14:41 : checkMainScreen exit quiet mode
2015-08-10 11:14:42 : checkMainScreen start quiet mode
2015-08-10 11:14:42 : checkMainScreen exit quiet mode
2015-08-10 11:14:42 : Func Train 
2015-08-10 11:14:42 : Train enabled, $TotalTrainedTroops= 200, Adj TotalCamp= 192
2015-08-10 11:14:42 : RESET AT 0 CurArch
2015-08-10 11:14:42 : RESET AT 0 CurBarb
2015-08-10 11:14:42 : RESET AT 0 CurGiant
2015-08-10 11:14:42 : RESET AT 0 CurWall
2015-08-10 11:14:42 : RESET AT 0 CurGobl
2015-08-10 11:14:42 : RESET AT 0 CurHeal
2015-08-10 11:14:42 : RESET AT 0 CurPekk
2015-08-10 11:14:42 : RESET AT 0 CurBall
2015-08-10 11:14:42 : RESET AT 0 CurWiza
2015-08-10 11:14:42 : RESET AT 0 CurDrag
2015-08-10 11:14:42 : RESET AT 0 CurMini
2015-08-10 11:14:42 : RESET AT 0 CurHogs
2015-08-10 11:14:42 : RESET AT 0 CurValk
2015-08-10 11:14:42 : RESET AT 0 CurGole
2015-08-10 11:14:42 : RESET AT 0 CurWitc
2015-08-10 11:14:42 : RESET AT 0 CurLava
2015-08-10 11:14:42 : Checking Army Camp...
2015-08-10 11:14:43 : $sArmyInfo = 60#200
2015-08-10 11:14:43 : $CurCamp = 60
2015-08-10 11:14:43 : $TotalCamp = 200
2015-08-10 11:14:44 : Total Army Camp capacity: 60/200
2015-08-10 11:14:44 : $hBitmapFirst made
2015-08-10 11:14:44 : Calling CGBfunctions.dll/searchIdentifyTroopTrained 
2015-08-10 11:14:45 : Dll return $FullTemp :Dragon|9-23|3
2015-08-10 11:14:45 : $Trooptype split # : 1
2015-08-10 11:14:45 : Start the Loop
2015-08-10 11:14:45 : $TroopTypeT[$i] split : 1
2015-08-10 11:14:45 :  - No. of Dragons: 3
2015-08-10 11:14:45 : start barrackstatus
2015-08-10 11:14:45 : OK, I'm in army overview
2015-08-10 11:14:45 : barrack 1 found upgrading! color 6B6964
2015-08-10 11:14:45 : barrack 2 found! color 888070
2015-08-10 11:14:45 : barrack 3 found! color 888070
2015-08-10 11:14:45 : barrack 4 found! color 888070
2015-08-10 11:14:45 : dark barrack 1 found! color 888070
2015-08-10 11:14:45 : dark barrack 2 found! color 888070
2015-08-10 11:14:45 : Factory Spell found! color 888070
2015-08-10 11:14:45 : Dark Factory Spell found! color 888070
2015-08-10 11:14:45 : Barracks and Spell factory status: 
2015-08-10 11:14:45 : - Barracks detected: 4 | Available: 3 | Upgrading: 1
2015-08-10 11:14:45 : - Dark Barracks detected: 2 | Available: 2 | Upgrading: 0
2015-08-10 11:14:45 : - Spell factory detected: 1 | Available: 1 | Upgrading: 0
2015-08-10 11:14:45 : - Dark Spell factory detected: 1 | Available: 1 | Upgrading: 0
2015-08-10 11:14:45 : Trainaviable[0] = 1
2015-08-10 11:14:45 : Trainaviable[1] = 0
2015-08-10 11:14:45 : Trainaviable[2] = 1
2015-08-10 11:14:45 : Trainaviable[3] = 1
2015-08-10 11:14:45 : Trainaviable[4] = 1
2015-08-10 11:14:45 : Trainaviable[5] = 1
2015-08-10 11:14:45 : Trainaviable[6] = 1
2015-08-10 11:14:45 : Trainaviable[7] = 1
2015-08-10 11:14:45 : Trainaviable[8] = 1
2015-08-10 11:14:45 : Training Troops...
2015-08-10 11:14:46 : Checking for full army [!]False
2015-08-10 11:14:46 : Train: need to make normal troops: True
2015-08-10 11:14:46 : Train: need to make dark troops: False
2015-08-10 11:14:46 : LAST BARRACK = 4
2015-08-10 11:14:46 : Last Barrack TabColor=888070
2015-08-10 11:14:46 : Last Barrack TabColor=888070
2015-08-10 11:14:46 : ---------COMPUTE TROOPS TO MAKE------------------------
2015-08-10 11:14:46 : Total Troops to be Trained= 200
2015-08-10 11:14:46 : BARRACKNUM: 3
2015-08-10 11:14:46 : DARKBARRACKNUM: 2
2015-08-10 11:14:46 : ---------END COMPUTE TROOPS TO MAKE--------------------
2015-08-10 11:14:46 : 
2015-08-10 11:14:46 : ---------TRAIN BARRACK MODE------------------------
2015-08-10 11:14:46 : Barrack4 selected
2015-08-10 11:14:47 : Full Check=8F8F8F
2015-08-10 11:14:47 : Move from Barrack 4 direction -1
2015-08-10 11:14:48 : Barrack3 selected
2015-08-10 11:14:49 : Full Check=8F8F8F
2015-08-10 11:14:49 : Move from Barrack 3 direction -1
2015-08-10 11:14:50 : Barrack2 selected
2015-08-10 11:14:51 : Full Check=8F8F8F
2015-08-10 11:14:52 : Move from Barrack 2 direction -1
