2015-08-12 21:44:29 : ~~ Clash Game Bot v4.1.1 Powered by GameBot.org ~~
2015-08-12 21:44:29 : GameBot.org.exe Executable running on WIN_7  X64
2015-08-12 21:44:29 : =================== Bot Start ====================
2015-08-12 21:44:29 : -------------------------  Current Profile: 03 --------------------------
2015-08-12 21:44:29 : Trying to locate Main Screen
2015-08-12 21:44:29 : Main Screen Located
2015-08-12 21:44:31 : Detecting your Buildings..
2015-08-12 21:44:31 : Language setting is English: Correct.
2015-08-12 21:44:32 : Trying to locate Main Screen
2015-08-12 21:44:32 : Main Screen Located
2015-08-12 21:44:34 : Village Report
2015-08-12 21:44:34 : No. of Free/Total Builders: 0/5
2015-08-12 21:44:34 :  [T]: 3 011
2015-08-12 21:44:34 :  [G]: 6 001 000 [E]: 6 001 000 [D]: 80 000 [GEM]: 64
2015-08-12 21:44:35 : Collecting Resources
2015-08-12 21:44:43 : Checking if Village needs Rearming..
2015-08-12 21:44:52 : Checking Army Camp...
2015-08-12 21:44:54 : Total Army Camp capacity: 200/200
2015-08-12 21:44:55 :  - No. of Barbarians: 52
2015-08-12 21:44:55 :  - No. of Archers: 148
2015-08-12 21:44:55 : Barracks and Spell factory status: 
2015-08-12 21:44:55 : - Barracks detected: 4 | Available: 4 | Upgrading: 0
2015-08-12 21:44:55 : - Dark Barracks detected: 2 | Available: 2 | Upgrading: 0
2015-08-12 21:44:55 : - Spell factory detected: 1 | Available: 1 | Upgrading: 0
2015-08-12 21:44:55 : - Dark Spell factory detected: 1 | Available: 1 | Upgrading: 0
2015-08-12 21:44:55 : Training Troops...
2015-08-12 21:44:56 : Your Army Camps are now Full
2015-08-12 21:45:19 : Requesting Clan Castle Troops
2015-08-12 21:45:19 : Your Clan Castle is already full or you are not in a clan.
2015-08-12 21:45:22 : Going to Attack...
2015-08-12 21:45:28 : ============== Searching For Dead Base ===============
2015-08-12 21:45:28 : ~~~~~~~~~~~~~~~ SEARCH CONDITIONS ~~~~~~~~~~~~~~~~
2015-08-12 21:45:28 : Meet: Gold and Elixir, TH Outside
2015-08-12 21:45:28 : ~~~~~~~~~~~~~~ RESOURCE CONDITIONS ~~~~~~~~~~~~~~~
2015-08-12 21:45:28 : Aim: [G]: 999999 [E]: 999999 [D]:    0 [T]: 0, Out, Out, Out, Out, Out, Out, Out, Out, Out, Out, Out, Out, Out, Out, Out, Out, Out, Out, Out, Out, Out, Out, Out, Out, Out, Out, Out, Out, Out, Out, Out, Out, Out, Out, Out, Out, Out, Out, Out, Out, Out, Out, Out, Out, Out, Out, Out, Out, Out, Out, Out, Out, Out, Out, Out, Out, Out, Out, Out, Out, Out, Out, Out, Out, Out, Out, Out, Out, Out, Out, Out, Out, Out, Out, Out, Out, Out, Out, Out, Out, Out, Out, Out, Out, Out, Out, Out, Out, Out, Out, Out, Out, Out, Out, Out, Out, Out, Out, Out, Out, Out, Out, Out, Out, Out, Out, Out, Out, Out, Out, Out, Out, Out, Out, Out, Out, Out, Out, Out, Out, Out, Out, Out, Out, Out, Out, Out, Out, Out, Out, Out for: Dead Base
2015-08-12 21:45:28 : ~~~~~~~~~~~~~~~ ADVANCED SETTINGS ~~~~~~~~~~~~~~~~
2015-08-12 21:45:28 : THSnipe Combo, 1 Tile(s), 
2015-08-12 21:45:28 : ==================================================
2015-08-12 21:45:34 :   1> [G]: 159824 [E]:  68043 [D]: 1168 [T]: 9 [TH]: 9, In
2015-08-12 21:45:43 :   2> [G]:  45332 [E]: 325455 [D]:  106 [T]:22 [TH]:10, In
2015-08-12 21:45:49 :   3> [G]:  97195 [E]:  85607 [D]:  216 [T]: 7 [TH]: 9, In
2015-08-12 21:45:53 :   4> [G]:  81572 [E]:  31903 [D]:  481 [T]:10 [TH]: 9, In
2015-08-12 21:45:58 :   5> [G]:  19918 [E]:  83201 [D]:  761 [T]: 8 [TH]: 9, In
2015-08-12 21:46:06 :   6> [G]: 118507 [E]: 139143 [D]: 1991 [T]: 6 [TH]: 9, In
2015-08-12 21:46:12 :   7> [G]: 155483 [E]:  36425 [D]:  402 [T]: 5 [TH]: 9, In
2015-08-12 21:46:17 :   8> [G]:  67749 [E]: 121183 [D]: 1112 [T]: 3 [TH]: 9, In
2015-08-12 21:46:20 :   9> [G]:  63215 [E]:  58018 [D]:  759 [T]: 5 [TH]: 9, In
2015-08-12 21:46:26 :  10> [G]:  56328 [E]: 148514 [D]:  940 [T]: 5 [TH]: 9, In
2015-08-12 21:46:29 :  11> [G]:  80352 [E]:  74906 [D]:  485 [T]: 2 [TH]: 9, In
2015-08-12 21:46:32 :  12> [G]:  56498 [E]:  88495 [D]:  431 [T]: 2 [TH]: 9, In
2015-08-12 21:46:37 :  13> [G]:  77581 [E]:  58212 [D]: 1038 [T]: 9 [TH]: 9, In
2015-08-12 21:46:42 :  14> [G]: 106171 [E]:  75941 [D]:  956 [T]: 5 [TH]: 9, In
2015-08-12 21:46:47 :  15> [G]:  72463 [E]:  77036 [D]: 1429 [T]: 7 [TH]: 9, In
2015-08-12 21:46:52 :  16> [G]:  38704 [E]: 136756 [D]:  489 [T]: 2 [TH]: 9, In
2015-08-12 21:46:57 :  17> [G]:  79057 [E]:  96991 [D]:  677 [T]: 2 [TH]: -, -
2015-08-12 21:47:01 :  18> [G]: 112999 [E]:  91821 [D]:  308 [T]: 5 [TH]: 9, In
2015-08-12 21:47:05 :  19> [G]:  93410 [E]:  85279 [D]:  696 [T]: 3 [TH]: 9, In
2015-08-12 21:47:09 :  20> [G]: 103422 [E]: 153110 [D]:  205 [T]: 5 [TH]: 9, In
2015-08-12 21:47:12 :  21> [G]:  44560 [E]: 317526 [D]:  523 [T]: 1 [TH]: 8, In
2015-08-12 21:47:15 :  22> [G]:  25214 [E]: 157122 [D]: 1744 [T]:13 [TH]: 9, In
2015-08-12 21:47:24 :  23> [G]: 115070 [E]:  49993 [D]:  772 [T]:17 [TH]:10, In
2015-08-12 21:47:30 :  24> [G]:   9061 [E]:   9191 [D]:  425 [T]: 2 [TH]: 9, In
2015-08-12 21:47:33 :  25> [G]: 220312 [E]: 270454 [D]: 1774 [T]: 1 [TH]: 8, In
2015-08-12 21:47:38 :  26> [G]:  42327 [E]: 101713 [D]: 1415 [T]: 1 [TH]: 9, In
2015-08-12 21:47:43 :  27> [G]:  23764 [E]:  29801 [D]: 1009 [T]: 2 [TH]: 9, In
2015-08-12 21:47:48 :  28> [G]:  69981 [E]:  50359 [D]: 1975 [T]: 3 [TH]: 9, In
2015-08-12 21:47:54 :  29> [G]:  29375 [E]:  68184 [D]:  231 [T]: 2 [TH]: 9, In
2015-08-12 21:47:56 :  30> [G]:  77637 [E]:  54709 [D]:  162 [T]: 2 [TH]: 9, In
2015-08-12 21:48:10 :  31> [G]: 192623 [E]: 260384 [D]: 1386 [T]:16 [TH]:10, In
2015-08-12 21:48:15 :  32> [G]:  70485 [E]:  25596 [D]: 2184 [T]: 3 [TH]: 9, In
2015-08-12 21:48:20 :  33> [G]:  49718 [E]:  84572 [D]:  816 [T]: 3 [TH]: 9, In
2015-08-12 21:48:23 :  34> [G]: 132972 [E]: 244011 [D]: 3106 [T]:14 [TH]:10, In
2015-08-12 21:48:28 :  35> [G]:  25873 [E]:   1532 [D]: 1531 [T]:10 [TH]: 9, In
2015-08-12 21:48:33 :  36> [G]:  33068 [E]:  17580 [D]: 1056 [T]: 6 [TH]: 9, In
2015-08-12 21:48:38 :  37> [G]:  89633 [E]:  65530 [D]:  475 [T]: 4 [TH]: 9, In
2015-08-12 21:48:43 :  38> [G]:  55019 [E]: 109321 [D]:  458 [T]: 7 [TH]: 9, In
2015-08-12 21:48:48 :  39> [G]:  21566 [E]: 117118 [D]:  580 [T]: 6 [TH]: 9, In
2015-08-12 21:48:53 :  40> [G]:  87043 [E]: 217662 [D]:  791 [T]: 3 [TH]: 9, In
2015-08-12 21:48:59 :  41> [G]:  19563 [E]: 100122 [D]:  804 [T]: 6 [TH]: 9, In
2015-08-12 21:49:04 :  42> [G]:  65350 [E]:  88032 [D]:  689 [T]: 8 [TH]: 9, Out
2015-08-12 21:49:04 : ~~~~~~~~~~~~~~~ TH Outside Found! ~~~~~~~~~~~~~~~~
2015-08-12 21:49:04 : ================ Search Complete =================
2015-08-12 21:49:04 : Initiating attack for: TH Snipe
2015-08-12 21:49:06 : -Barbarians 52
2015-08-12 21:49:06 : -Archers 148
2015-08-12 21:49:06 : -Clan Castle 
2015-08-12 21:49:06 : -King 
2015-08-12 21:49:06 : -Lightning Spells 3
2015-08-12 21:49:06 : -Poison Spells 1
2015-08-12 21:49:06 :  ====== Start Attack ====== 
2015-08-12 21:49:08 : Sending 1st wave of archers.
2015-08-12 21:49:09 : Dropping first wave of 4 Archers
2015-08-12 21:49:10 : Deployment of Archers Successful!
2015-08-12 21:49:12 : Dropping first wave of 15 Archers
2015-08-12 21:49:15 : Deployment of Archers Successful!
2015-08-12 21:49:48 : Sending second wave of archers.
2015-08-12 21:49:48 : Dropping second wave of 16 Archers
2015-08-12 21:49:51 : Deployment of Archers Successful!
2015-08-12 21:49:55 : Townhall has been destroyed!
2015-08-12 21:49:58 : Checking if the battle has finished
2015-08-12 21:50:00 : detected [G]:  [E]:  [DE]:  |  Exit now 
2015-08-12 21:50:00 : Battle has finished
2015-08-12 21:50:00 : Returning Home
2015-08-12 21:50:04 : Loot: [G]: 1 298 [E]: 1 000 [DE]:  [T]: 2
2015-08-12 21:50:05 : Bonus [G]: 140 000 [E]: 140 000 [DE]: 900
2015-08-12 21:50:08 : Your league level is: Master I
2015-08-12 21:50:08 : Stars earned: 1
2015-08-12 21:50:15 : Trying to locate Main Screen
2015-08-12 21:50:15 : Main Screen Located
2015-08-12 21:50:17 : Village Report
2015-08-12 21:50:17 : No. of Free/Total Builders: 0/5
2015-08-12 21:50:17 :  [T]: 3 013
2015-08-12 21:50:17 :  [G]: 6 001 000 [E]: 6 001 000 [D]: 80 000 [GEM]: 64
2015-08-12 21:50:18 : Collecting Resources
2015-08-12 21:50:26 : Checking if Village needs Rearming..
2015-08-12 21:50:35 : Checking Army Camp...
2015-08-12 21:50:37 : Total Army Camp capacity: 200/200
2015-08-12 21:50:38 :  - No. of Barbarians: 52
2015-08-12 21:50:38 :  - No. of Archers: 148
2015-08-12 21:50:38 : Training Troops...
2015-08-12 21:50:39 : Your Army Camps are now Full
2015-08-12 21:51:02 : Requesting Clan Castle Troops
2015-08-12 21:51:03 : Your Clan Castle is already full or you are not in a clan.
2015-08-12 21:51:06 : Going to Attack...
2015-08-12 21:51:12 : ============== Searching For Dead Base ===============
2015-08-12 21:51:12 : ~~~~~~~~~~~~~~~ SEARCH CONDITIONS ~~~~~~~~~~~~~~~~
2015-08-12 21:51:12 : Meet: Gold and Elixir, TH Outside
2015-08-12 21:51:12 : ~~~~~~~~~~~~~~ RESOURCE CONDITIONS ~~~~~~~~~~~~~~~
2015-08-12 21:51:12 : Aim: [G]: 999999 [E]: 999999 [D]:    0 [T]: 0, Out, Out, Out, Out, Out, Out, Out, Out, Out, Out, Out, Out, Out, Out, Out, Out, Out, Out, Out, Out, Out, Out, Out, Out, Out, Out, Out, Out, Out, Out, Out, Out, Out, Out, Out, Out, Out, Out, Out, Out, Out, Out, Out, Out, Out, Out, Out, Out, Out, Out, Out, Out, Out, Out, Out, Out, Out, Out, Out, Out, Out, Out, Out, Out, Out, Out, Out, Out, Out, Out, Out, Out, Out, Out, Out, Out, Out, Out, Out, Out, Out, Out, Out, Out, Out, Out, Out, Out, Out, Out, Out, Out, Out, Out, Out, Out, Out, Out, Out, Out, Out, Out, Out, Out, Out, Out, Out, Out, Out, Out, Out, Out, Out, Out, Out, Out, Out, Out, Out, Out, Out, Out, Out, Out, Out, Out, Out, Out, Out, Out, Out, Out for: Dead Base
2015-08-12 21:51:12 : ~~~~~~~~~~~~~~~ ADVANCED SETTINGS ~~~~~~~~~~~~~~~~
2015-08-12 21:51:12 : THSnipe Combo, 1 Tile(s), 
2015-08-12 21:51:12 : ==================================================
2015-08-12 21:51:16 :   1> [G]: 116345 [E]:  49096 [D]: 1819 [T]:31 [TH]:10, In
2015-08-12 21:51:26 :   2> [G]:  87018 [E]:  39427 [D]:  698 [T]: 8 [TH]: 9, In
2015-08-12 21:51:34 :   3> [G]: 291089 [E]: 135658 [D]:  761 [T]:30 [TH]:10, In
2015-08-12 21:51:43 :   4> [G]:  87089 [E]: 171985 [D]: 2618 [T]: 3 [TH]: 9, In
2015-08-12 21:51:48 :   5> [G]: 102549 [E]:  37997 [D]: 1905 [T]: 3 [TH]: 9, In
2015-08-12 21:51:53 :   6> [G]:   9264 [E]:   7372 [D]:  226 [T]:13 [TH]: 9, In
2015-08-12 21:51:58 :   7> [G]:  36452 [E]:  53241 [D]: 1328 [T]:13 [TH]: 9, In
2015-08-12 21:52:05 :   8> [G]:  58993 [E]:  77751 [D]:  589 [T]: 2 [TH]: 9, In
2015-08-12 21:52:08 :   9> [G]: 173899 [E]:  25445 [D]:  887 [T]: 2 [TH]: 8, In
2015-08-12 21:52:13 :  10> [G]: 147604 [E]: 148722 [D]:  248 [T]: 2 [TH]: 9, In
2015-08-12 21:52:18 :  11> [G]: 172871 [E]: 119859 [D]: 1120 [T]: 5 [TH]: 9, In
2015-08-12 21:52:21 :  12> [G]:  43886 [E]:  64919 [D]: 1153 [T]: 2 [TH]: 9, In
2015-08-12 21:52:26 :  13> [G]:  10557 [E]:  49988 [D]:  524 [T]: 3 [TH]: 9, In
2015-08-12 21:52:31 :  14> [G]: 108481 [E]: 110000 [D]: 1678 [T]: 3 [TH]: 9, In
2015-08-12 21:52:35 :  15> [G]: 131857 [E]:  32037 [D]:  273 [T]:13 [TH]:10, In
2015-08-12 21:52:40 :  16> [G]:  93953 [E]: 132777 [D]: 1846 [T]: 7 [TH]: 9, In
2015-08-12 21:52:45 :  17> [G]:  94356 [E]: 110746 [D]: 1001 [T]: 4 [TH]: 9, In
2015-08-12 21:52:49 :  18> [G]: 103625 [E]:  95721 [D]:  410 [T]:23 [TH]:10, In
2015-08-12 21:52:53 :  19> [G]:  69050 [E]:  57246 [D]: 1020 [T]: 4 [TH]: 9, In
2015-08-12 21:52:57 :  20> [G]: 264031 [E]: 258723 [D]: 2821 [T]:22 [TH]:10, In
2015-08-12 21:53:05 :  21> [G]:  88570 [E]:  83638 [D]: 2180 [T]:19 [TH]:10, In
2015-08-12 21:53:11 :  22> [G]:  30079 [E]: 151043 [D]:  771 [T]: 3 [TH]: 9, In
2015-08-12 21:53:16 :  23> [G]: 108902 [E]:  46212 [D]: 1022 [T]: 6 [TH]: 9, In
2015-08-12 21:53:21 :  24> [G]:  27072 [E]:  71730 [D]:  768 [T]: 2 [TH]: 9, In
2015-08-12 21:53:26 :  25> [G]:  43942 [E]:  96490 [D]:  801 [T]: 9 [TH]: 9, In
2015-08-12 21:53:30 :  26> [G]: 219986 [E]:  81142 [D]: 1640 [T]:34 [TH]:10, In
2015-08-12 21:53:34 :  27> [G]: 109814 [E]:  84057 [D]:   36 [T]: 3 [TH]: 9, In
2015-08-12 21:53:37 :  28> [G]:  65952 [E]:  83992 [D]: 1154 [T]:13 [TH]: 9, In
2015-08-12 21:53:42 :  29> [G]:  90278 [E]: 166117 [D]:  480 [T]: 2 [TH]: 9, In
2015-08-12 21:53:45 :  30> [G]: 301533 [E]: 287551 [D]:  159 [T]: 4 [TH]: 8, In
2015-08-12 21:53:54 :  31> [G]: 353483 [E]:  85669 [D]: 1609 [T]:17 [TH]:10, In
2015-08-12 21:53:57 :  32> [G]:  44344 [E]:  91931 [D]: 1462 [T]: 8 [TH]: 9, In
2015-08-12 21:54:03 :  33> [G]:  31549 [E]:  52991 [D]: 1136 [T]: 4 [TH]: 9, In
2015-08-12 21:54:10 :  34> [G]:  69157 [E]: 150028 [D]:  859 [T]: 3 [TH]: 9, In
2015-08-12 21:54:15 :  35> [G]:  46097 [E]: 184560 [D]: 1354 [T]:11 [TH]: 9, In
2015-08-12 21:54:20 :  36> [G]:  66354 [E]: 122402 [D]: 1335 [T]: 5 [TH]: 9, In
2015-08-12 21:54:25 :  37> [G]:  65123 [E]:  70670 [D]: 1154 [T]: 5 [TH]: 9, In
2015-08-12 21:54:30 :  38> [G]:  40936 [E]:  39328 [D]:  353 [T]: 5 [TH]: 9, In
2015-08-12 21:54:36 :  39> [G]:  34918 [E]:  38567 [D]:  817 [T]: 3 [TH]: 9, In
2015-08-12 21:54:41 :  40> [G]: 131626 [E]:  39044 [D]: 1409 [T]: 7 [TH]: 9, In
2015-08-12 21:54:46 :  41> [G]:  75939 [E]:  99373 [D]:  755 [T]: 3 [TH]: 9, In
2015-08-12 21:54:51 :  42> [G]:  29132 [E]:  31126 [D]: 1498 [T]: 4 [TH]: 9, In
2015-08-12 21:54:54 :  43> [G]: 114114 [E]:  81274 [D]:  638 [T]:10 [TH]: 9, In
2015-08-12 21:55:00 :  44> [G]: 135078 [E]:  49294 [D]:  752 [T]: 6 [TH]: 9, In
2015-08-12 21:55:08 :  45> [G]:  84237 [E]:  70637 [D]:  566 [T]:32 [TH]:10, In
2015-08-12 21:55:14 :  46> [G]:  81929 [E]:  80764 [D]:  462 [T]: 6 [TH]: 9, In
2015-08-12 21:55:19 :  47> [G]:  28070 [E]:  48365 [D]:  997 [T]: 3 [TH]: 9, In
2015-08-12 21:55:24 :  48> [G]:  67757 [E]: 116203 [D]: 1393 [T]: 7 [TH]: 9, In
2015-08-12 21:55:29 :  49> [G]:  24994 [E]: 100373 [D]: 1358 [T]:12 [TH]: 9, In
2015-08-12 21:55:38 :  50> [G]: 326198 [E]:  94084 [D]: 1496 [T]:27 [TH]:10, In
2015-08-12 21:55:47 :  51> [G]: 406528 [E]:  98275 [D]: 2285 [T]:32 [TH]:10, In
2015-08-12 21:55:52 :  52> [G]:  39881 [E]: 133301 [D]:  308 [T]: 2 [TH]: 9, In
2015-08-12 21:55:58 :  53> [G]:  31763 [E]:  31690 [D]: 1212 [T]:11 [TH]: 9, In
2015-08-12 21:56:02 :  54> [G]: 155777 [E]:  48926 [D]:  820 [T]:31 [TH]:10, In
2015-08-12 21:56:07 :  55> [G]: 187719 [E]: 165663 [D]:  971 [T]: 2 [TH]: 9, In
2015-08-12 21:56:12 :  56> [G]:  13236 [E]: 142976 [D]:  349 [T]: 2 [TH]: 9, In
2015-08-12 21:56:15 :  57> [G]: 274382 [E]: 185030 [D]: 2535 [T]:38 [TH]: 9, In
2015-08-12 21:56:20 :  58> [G]:  15022 [E]:  38689 [D]:  572 [T]: 6 [TH]: 9, In
2015-08-12 21:56:23 :  59> [G]:  24593 [E]:  75169 [D]:  771 [T]: 1 [TH]: 8, In
2015-08-12 21:56:27 :  60> [G]:   9738 [E]:  35239 [D]:  343 [T]: 8 [TH]: 9, In
2015-08-12 21:56:30 :  61> [G]:  80170 [E]:  27654 [D]:  942 [T]: 3 [TH]: 9, In
2015-08-12 21:56:34 :  62> [G]:  49657 [E]:  33887 [D]:  892 [T]: 3 [TH]: 9, In
2015-08-12 21:56:38 :  63> [G]:  30072 [E]: 258208 [D]:  492 [T]: 1 [TH]: 8, In
2015-08-12 21:56:43 :  64> [G]: 167310 [E]: 147680 [D]: 1199 [T]: 3 [TH]: 9, In
2015-08-12 21:56:47 :  65> [G]:  60534 [E]:  60969 [D]:  776 [T]: 2 [TH]: 9, In
2015-08-12 21:56:51 :  66> [G]: 101951 [E]: 105556 [D]:  778 [T]:21 [TH]:10, In
2015-08-12 21:56:56 :  67> [G]:  88294 [E]: 214068 [D]:  559 [T]: 5 [TH]: 9, In
2015-08-12 21:57:01 :  68> [G]:  23201 [E]: 129556 [D]: 1605 [T]: 5 [TH]: 9, In
2015-08-12 21:57:06 :  69> [G]:  38881 [E]:  80829 [D]: 1211 [T]: 6 [TH]: 9, In
2015-08-12 21:57:09 :  70> [G]:  49834 [E]:  34267 [D]: 1395 [T]: 9 [TH]: 9, In
2015-08-12 21:57:14 :  71> [G]:  14932 [E]:  13518 [D]:  870 [T]: 2 [TH]: 9, In
2015-08-12 21:57:17 :  72> [G]:  23911 [E]: 154132 [D]:  314 [T]: 3 [TH]: 9, In
2015-08-12 21:57:22 :  73> [G]:  71506 [E]: 102566 [D]:  340 [T]: 3 [TH]: 9, In
2015-08-12 21:57:27 :  74> [G]:  26342 [E]:  18207 [D]:  609 [T]:13 [TH]: 9, In
2015-08-12 21:57:32 :  75> [G]:  60421 [E]:  36917 [D]:   14 [T]: 3 [TH]: 9, In
2015-08-12 21:57:38 :  76> [G]:  31907 [E]:  95333 [D]:  545 [T]: 8 [TH]: 9, In
2015-08-12 21:57:43 :  77> [G]: 125258 [E]: 153035 [D]: 1704 [T]: 5 [TH]: 9, In
2015-08-12 21:57:48 :  78> [G]:  42170 [E]: 101176 [D]: 1275 [T]: 7 [TH]: 9, In
2015-08-12 21:57:53 :  79> [G]: 164524 [E]: 106011 [D]:  441 [T]: 3 [TH]: 9, In
2015-08-12 21:57:56 :  80> [G]: 210013 [E]:  81090 [D]:  151 [T]: 3 [TH]: 9, In
2015-08-12 21:58:01 :  81> [G]:  61675 [E]:  18669 [D]: 1074 [T]:14 [TH]: 9, In
2015-08-12 21:58:06 :  82> [G]:  98875 [E]: 133876 [D]: 1408 [T]: 4 [TH]: 9, In
2015-08-12 21:58:12 :  83> [G]:  56708 [E]:  40636 [D]:  944 [T]: 9 [TH]: 9, In
2015-08-12 21:58:16 :  84> [G]:  49172 [E]:  21008 [D]: 1446 [T]:14 [TH]: 9, In
2015-08-12 21:58:21 :  85> [G]: 293841 [E]: 403920 [D]: 1225 [T]: 4 [TH]: 9, In
2015-08-12 21:58:25 :  86> [G]:  79155 [E]: 156768 [D]: 1470 [T]:29 [TH]:10, In
2015-08-12 21:58:29 :  87> [G]:  76137 [E]: 234233 [D]: 1144 [T]: 4 [TH]: 9, In
2015-08-12 21:58:35 :  88> [G]:  56221 [E]:  44581 [D]:  723 [T]: 3 [TH]: 9, In
2015-08-12 21:58:40 :  89> [G]:  76438 [E]:  66990 [D]: 1265 [T]: 3 [TH]: 9, In
2015-08-12 21:58:45 :  90> [G]:    708 [E]:   6392 [D]:  470 [T]: 3 [TH]: 9, In
2015-08-12 21:58:50 :  91> [G]:   8726 [E]: 174886 [D]:  737 [T]: 2 [TH]: 9, In
2015-08-12 21:58:55 :  92> [G]: 128102 [E]: 103273 [D]: 1327 [T]: 9 [TH]: 9, In
2015-08-12 21:59:00 :  93> [G]:  50372 [E]:  80183 [D]:  483 [T]: 3 [TH]: 9, In
2015-08-12 21:59:06 :  94> [G]:  57570 [E]: 112158 [D]:  938 [T]: 7 [TH]: 9, In
2015-08-12 21:59:11 :  95> [G]:  57856 [E]:  30784 [D]:  537 [T]: 4 [TH]: 9, In
2015-08-12 21:59:17 :  96> [G]:  19063 [E]:  46938 [D]: 1055 [T]: 3 [TH]: 9, In
2015-08-12 21:59:23 :  97> [G]:  92180 [E]:  47999 [D]:  777 [T]: 3 [TH]: 9, In
2015-08-12 21:59:26 :  98> [G]:  55828 [E]: 112738 [D]: 1866 [T]:23 [TH]: -, -
2015-08-12 21:59:29 :  99> [G]:  69845 [E]:  13553 [D]:   71 [T]: 3 [TH]: 9, In
2015-08-12 21:59:33 : 100> [G]: 260657 [E]:  64224 [D]:  986 [T]:28 [TH]:10, In
2015-08-12 21:59:38 : 101> [G]:  12340 [E]:  84656 [D]:  516 [T]: 4 [TH]: 9, In
2015-08-12 21:59:44 : 102> [G]:  67005 [E]:  60802 [D]: 1354 [T]: 2 [TH]: 9, In
2015-08-12 21:59:49 : 103> [G]:  12503 [E]:  81468 [D]:  407 [T]: 3 [TH]: 9, In
2015-08-12 21:59:52 : 104> [G]:  66851 [E]:  95456 [D]:  646 [T]: 1 [TH]: 8, In
2015-08-12 21:59:57 : 105> [G]:  25925 [E]:  40516 [D]: 1493 [T]: 3 [TH]: 9, In
2015-08-12 22:00:01 : 106> [G]: 153814 [E]: 110165 [D]:  940 [T]: 7 [TH]: 9, In
2015-08-12 22:00:06 : 107> [G]: 115202 [E]: 121643 [D]:  630 [T]: 7 [TH]: 9, In
2015-08-12 22:00:10 : 108> [G]:  89719 [E]:  45385 [D]:  906 [T]:18 [TH]: 9, In
2015-08-12 22:00:15 : 109> [G]:  24084 [E]: 137882 [D]:  301 [T]: 6 [TH]: 9, In
2015-08-12 22:00:21 : 110> [G]:  23979 [E]:  15049 [D]:  616 [T]: 2 [TH]: 9, In
2015-08-12 22:00:25 : 111> [G]:  74582 [E]: 102275 [D]: 1327 [T]: 8 [TH]: 9, In
2015-08-12 22:00:31 : 112> [G]: 148135 [E]:  31129 [D]:  575 [T]: 4 [TH]: 9, In
2015-08-12 22:00:36 : 113> [G]:  48879 [E]:  19577 [D]:  520 [T]: 7 [TH]: 9, In
2015-08-12 22:00:39 : 114> [G]:  92969 [E]:  78099 [D]:  891 [T]: 1 [TH]: 8, In
2015-08-12 22:00:42 : 115> [G]:  56854 [E]:  58287 [D]: 1188 [T]: 4 [TH]: 9, In
2015-08-12 22:00:47 : 116> [G]:  63610 [E]:  20390 [D]: 1119 [T]: 6 [TH]: 9, In
2015-08-12 22:00:52 : 117> [G]:  94018 [E]: 191189 [D]:  553 [T]: 5 [TH]: 9, In
2015-08-12 22:00:56 : 118> [G]:  77826 [E]:   8355 [D]:  459 [T]:33 [TH]:10, In
2015-08-12 22:01:01 : 119> [G]:  95706 [E]:  39469 [D]:  821 [T]: 4 [TH]: 9, In
2015-08-12 22:01:04 : 120> [G]:  49160 [E]: 148161 [D]:  690 [T]:10 [TH]: 9, In
2015-08-12 22:01:07 : 121> [G]:  66633 [E]:  84672 [D]: 1161 [T]:13 [TH]: 9, In
2015-08-12 22:01:12 : 122> [G]: 198316 [E]: 153849 [D]:  253 [T]: 4 [TH]: 9, In
2015-08-12 22:01:17 : 123> [G]:  30344 [E]:  85240 [D]: 1031 [T]: 4 [TH]: 9, In
2015-08-12 22:01:20 : 124> [G]: 278506 [E]: 389232 [D]:  978 [T]:23 [TH]:10, In
2015-08-12 22:01:25 : 125> [G]:  32731 [E]:  71989 [D]:  840 [T]: 6 [TH]: 9, In
2015-08-12 22:01:28 : 126> [G]:  34675 [E]:   9911 [D]:  761 [T]: 8 [TH]: 9, In
2015-08-12 22:01:33 : 127> [G]:  63206 [E]:  84275 [D]: 1901 [T]: 8 [TH]: 9, In
2015-08-12 22:01:38 : 128> [G]:  18052 [E]: 142281 [D]: 1726 [T]: 4 [TH]: 9, In
2015-08-12 22:01:44 : 129> [G]:  11307 [E]:  50738 [D]:  530 [T]: 3 [TH]: 9, In
2015-08-12 22:01:48 : 130> [G]:  39645 [E]: 130014 [D]:  272 [T]: 6 [TH]: 9, In
2015-08-12 22:01:52 : 131> [G]: 103427 [E]: 161128 [D]:  545 [T]:29 [TH]:10, In
2015-08-12 22:01:57 : 132> [G]:  51355 [E]:  88245 [D]:  798 [T]: 5 [TH]: 9, In
2015-08-12 22:02:02 : 133> [G]: 113713 [E]:  85896 [D]: 1153 [T]: 8 [TH]: 9, In
2015-08-12 22:02:05 : 134> [G]:  46761 [E]:  32794 [D]:  218 [T]:16 [TH]: 9, In
2015-08-12 22:02:10 : 135> [G]:  32414 [E]:  55368 [D]: 1794 [T]: 9 [TH]: 9, In
2015-08-12 22:02:13 : 136> [G]: 152183 [E]: 124262 [D]: 1063 [T]: 4 [TH]: 9, In
2015-08-12 22:02:17 : 137> [G]:  86722 [E]:  70279 [D]:  921 [T]: 5 [TH]: 9, In
2015-08-12 22:02:22 : 138> [G]: 118236 [E]:  20774 [D]:  739 [T]: 3 [TH]: 9, In
2015-08-12 22:02:27 : 139> [G]: 150436 [E]: 211388 [D]:  837 [T]: 5 [TH]: 9, In
2015-08-12 22:02:33 : 140> [G]:  61364 [E]:  53087 [D]: 1097 [T]: 4 [TH]: 9, In
2015-08-12 22:02:38 : 141> [G]: 211408 [E]:  89096 [D]:  962 [T]:12 [TH]: 9, In
2015-08-12 22:02:43 : 142> [G]:  32946 [E]:  93688 [D]: 1189 [T]: 3 [TH]: 9, In
2015-08-12 22:02:47 : 143> [G]:  85300 [E]:  71547 [D]:  571 [T]:32 [TH]:10, In
2015-08-12 22:02:51 : 144> [G]:  56675 [E]:  73598 [D]: 1621 [T]: 8 [TH]: 9, In
2015-08-12 22:02:54 : 145> [G]:   8766 [E]:  61623 [D]:  987 [T]: 1 [TH]: 9, In
2015-08-12 22:02:58 : 146> [G]: 222971 [E]:  29244 [D]: 1013 [T]:15 [TH]: -, -
2015-08-12 22:03:03 : 147> [G]:  13553 [E]:  10816 [D]: 1925 [T]: 4 [TH]: 9, In
2015-08-12 22:03:09 : 148> [G]:  38916 [E]: 114213 [D]: 1173 [T]: 3 [TH]: 9, In
2015-08-12 22:03:14 : 149> [G]:  89873 [E]: 175460 [D]:  476 [T]: 2 [TH]: 9, In
2015-08-12 22:03:19 : 150> [G]: 197830 [E]:  81751 [D]:  761 [T]: 4 [TH]: 9, In
2015-08-12 22:03:22 : 151> [G]:  33763 [E]:  10674 [D]:   48 [T]: 1 [TH]: 8, In
2015-08-12 22:03:27 : 152> [G]:  48171 [E]: 107718 [D]:  855 [T]:10 [TH]: 9, In
2015-08-12 22:03:32 : 153> [G]:  56178 [E]: 108896 [D]:  313 [T]: 7 [TH]: 9, In
2015-08-12 22:03:36 : 154> [G]:  76463 [E]:  54481 [D]:  501 [T]: 3 [TH]: 9, In
2015-08-12 22:03:41 : 155> [G]:  87458 [E]:  60957 [D]: 1710 [T]: 3 [TH]: 9, In
2015-08-12 22:03:46 : 156> [G]:  16287 [E]:  71746 [D]:  801 [T]: 3 [TH]: 9, In
2015-08-12 22:03:50 : 157> [G]:  40728 [E]: 156921 [D]: 1047 [T]: 1 [TH]: 8, In
2015-08-12 22:03:55 : 158> [G]:  90110 [E]:  59590 [D]: 1414 [T]:14 [TH]: 9, In
2015-08-12 22:04:00 : 159> [G]: 108292 [E]:  20442 [D]: 1301 [T]: 4 [TH]: 9, In
2015-08-12 22:04:03 : 160> [G]:  81652 [E]:  88443 [D]:  108 [T]:14 [TH]: 9, In
2015-08-12 22:04:07 : 161> [G]:   9872 [E]:   7840 [D]: 1125 [T]: 5 [TH]: 9, In
2015-08-12 22:04:11 : 162> [G]:  55984 [E]:  60247 [D]:  369 [T]:43 [TH]: 9, In
2015-08-12 22:04:16 : 163> [G]:   5241 [E]:  28067 [D]:  656 [T]: 2 [TH]: 9, In
2015-08-12 22:04:21 : 164> [G]: 102688 [E]: 216197 [D]:  841 [T]: 2 [TH]: 9, In
2015-08-12 22:04:26 : 165> [G]:  29145 [E]:  56061 [D]: 1291 [T]: 3 [TH]: 9, In
2015-08-12 22:04:29 : 166> [G]:  14379 [E]:  71627 [D]:  899 [T]: 3 [TH]: 9, In
2015-08-12 22:04:35 : 167> [G]:  57992 [E]:  42688 [D]:  323 [T]: 2 [TH]: 9, In
2015-08-12 22:04:38 : 168> [G]:  40626 [E]:  71422 [D]:    4 [T]: 8 [TH]: 9, Out
2015-08-12 22:04:38 : ~~~~~~~~~~~~~~~ TH Outside Found! ~~~~~~~~~~~~~~~~
2015-08-12 22:04:38 : ================ Search Complete =================
2015-08-12 22:04:38 : Initiating attack for: TH Snipe
2015-08-12 22:04:41 : -Barbarians 52
2015-08-12 22:04:41 : -Archers 148
2015-08-12 22:04:41 : -Clan Castle 
2015-08-12 22:04:41 : -King 
2015-08-12 22:04:41 : -Lightning Spells 3
2015-08-12 22:04:41 : -Poison Spells 1
2015-08-12 22:04:41 :  ====== Start Attack ====== 
2015-08-12 22:04:43 : Sending 1st wave of archers.
2015-08-12 22:04:43 : Dropping first wave of 4 Archers
2015-08-12 22:04:44 : Deployment of Archers Successful!
2015-08-12 22:04:46 : Dropping first wave of 15 Archers
2015-08-12 22:04:49 : Deployment of Archers Successful!
2015-08-12 22:05:04 : Townhall has been destroyed!
2015-08-12 22:05:07 : Checking if the battle has finished
2015-08-12 22:05:09 : detected [G]:  [E]:  [DE]:  |  Exit now 
2015-08-12 22:05:09 : Battle has finished
2015-08-12 22:05:09 : Returning Home
2015-08-12 22:05:13 : Loot: [G]: 1 000 [E]: 1 000 [DE]:  [T]: 2
2015-08-12 22:05:14 : Bonus [G]: 140 000 [E]: 140 000 [DE]: 900
2015-08-12 22:05:16 : Your league level is: Master I
2015-08-12 22:05:16 : Stars earned: 1
2015-08-12 22:05:24 : Trying to locate Main Screen
2015-08-12 22:05:24 : Main Screen Located
2015-08-12 22:05:26 : Village Report
2015-08-12 22:05:26 : No. of Free/Total Builders: 0/5
2015-08-12 22:05:26 :  [T]: 3 015
2015-08-12 22:05:26 :  [G]: 6 001 000 [E]: 6 001 000 [D]: 80 000 [GEM]: 64
2015-08-12 22:05:27 : Collecting Resources
2015-08-12 22:05:35 : Checking if Village needs Rearming..
2015-08-12 22:05:44 : Checking Army Camp...
2015-08-12 22:05:46 : Total Army Camp capacity: 200/200
2015-08-12 22:05:47 :  - No. of Barbarians: 52
2015-08-12 22:05:47 :  - No. of Archers: 148
2015-08-12 22:05:48 : Training Troops...
2015-08-12 22:05:48 : Your Army Camps are now Full
2015-08-12 22:06:12 : Requesting Clan Castle Troops
2015-08-12 22:06:13 : Your Clan Castle is already full or you are not in a clan.
2015-08-12 22:06:16 : Going to Attack...
2015-08-12 22:06:22 : ============== Searching For Dead Base ===============
2015-08-12 22:06:22 : ~~~~~~~~~~~~~~~ SEARCH CONDITIONS ~~~~~~~~~~~~~~~~
2015-08-12 22:06:22 : Meet: Gold and Elixir, TH Outside
2015-08-12 22:06:22 : ~~~~~~~~~~~~~~ RESOURCE CONDITIONS ~~~~~~~~~~~~~~~
2015-08-12 22:06:22 : Aim: [G]: 999999 [E]: 999999 [D]:    0 [T]: 0, Out, Out, Out, Out, Out, Out, Out, Out, Out, Out, Out, Out, Out, Out, Out, Out, Out, Out, Out, Out, Out, Out, Out, Out, Out, Out, Out, Out, Out, Out, Out, Out, Out, Out, Out, Out, Out, Out, Out, Out, Out, Out, Out, Out, Out, Out, Out, Out, Out, Out, Out, Out, Out, Out, Out, Out, Out, Out, Out, Out, Out, Out, Out, Out, Out, Out, Out, Out, Out, Out, Out, Out, Out, Out, Out, Out, Out, Out, Out, Out, Out, Out, Out, Out, Out, Out, Out, Out, Out, Out, Out, Out, Out, Out, Out, Out, Out, Out, Out, Out, Out, Out, Out, Out, Out, Out, Out, Out, Out, Out, Out, Out, Out, Out, Out, Out, Out, Out, Out, Out, Out, Out, Out, Out, Out, Out, Out, Out, Out, Out, Out, Out, Out for: Dead Base
2015-08-12 22:06:22 : ~~~~~~~~~~~~~~~ ADVANCED SETTINGS ~~~~~~~~~~~~~~~~
2015-08-12 22:06:22 : THSnipe Combo, 1 Tile(s), 
2015-08-12 22:06:22 : ==================================================
2015-08-12 22:06:25 :   1> [G]:  67639 [E]:  89801 [D]: 1067 [T]:30 [TH]:10, In
2015-08-12 22:06:33 :   2> [G]:  91010 [E]: 129448 [D]: 2209 [T]:17 [TH]:10, In
2015-08-12 22:06:40 :   3> [G]: 111956 [E]: 104626 [D]: 1757 [T]: 9 [TH]: 9, In
2015-08-12 22:06:45 :   4> [G]:  80724 [E]: 146376 [D]: 1307 [T]: 6 [TH]: 9, In
2015-08-12 22:06:48 :   5> [G]: 112542 [E]: 126861 [D]: 1127 [T]: 8 [TH]: 9, In
2015-08-12 22:06:53 :   6> [G]:  90559 [E]:  83836 [D]: 1521 [T]: 8 [TH]: 9, In
2015-08-12 22:07:00 :   7> [G]:  51198 [E]:  90354 [D]: 1292 [T]:11 [TH]: 9, In
2015-08-12 22:07:04 :   8> [G]:  71508 [E]:  73726 [D]:  646 [T]:24 [TH]:10, In
2015-08-12 22:07:09 :   9> [G]:  91973 [E]:  87104 [D]:  574 [T]: 8 [TH]: 9, In
2015-08-12 22:07:14 :  10> [G]: 145041 [E]:  61940 [D]:   83 [T]: 3 [TH]: 9, In
2015-08-12 22:07:20 :  11> [G]:  23075 [E]:  28074 [D]:  397 [T]: 3 [TH]: 9, In
2015-08-12 22:07:26 :  12> [G]: 208800 [E]:  80612 [D]:  534 [T]: 3 [TH]: 9, In
2015-08-12 22:07:29 :  13> [G]:  70522 [E]:  86280 [D]:  632 [T]: 3 [TH]: 9, In
2015-08-12 22:07:34 :  14> [G]:  53210 [E]: 183515 [D]:  622 [T]:14 [TH]:10, In
2015-08-12 22:07:38 :  15> [G]:  58634 [E]:  66997 [D]: 1429 [T]: 5 [TH]: 9, In
2015-08-12 22:07:42 :  16> [G]:  44128 [E]:  41717 [D]: 1168 [T]:10 [TH]: 9, In
2015-08-12 22:07:47 :  17> [G]: 166997 [E]: 191896 [D]: 1016 [T]: 2 [TH]: 9, In
2015-08-12 22:07:52 :  18> [G]: 149190 [E]:  15270 [D]:  688 [T]:16 [TH]: 9, In
2015-08-12 22:07:57 :  19> [G]:  34634 [E]: 126142 [D]:  711 [T]: 2 [TH]: 9, In
2015-08-12 22:08:02 :  20> [G]:  88133 [E]:  27638 [D]: 1441 [T]: 8 [TH]: 9, In
2015-08-12 22:08:07 :  21> [G]:  77019 [E]: 141651 [D]:  553 [T]: 2 [TH]: 9, In
2015-08-12 22:08:11 :  22> [G]:  10569 [E]:  72189 [D]:  515 [T]: 4 [TH]: 9, In
2015-08-12 22:08:16 :  23> [G]:  79655 [E]: 198366 [D]: 2488 [T]:19 [TH]: 9, In
2015-08-12 22:08:21 :  24> [G]:  69214 [E]: 160501 [D]:  678 [T]: 2 [TH]: 9, In
2015-08-12 22:08:26 :  25> [G]:  12989 [E]:  10577 [D]:  397 [T]: 3 [TH]: 9, In
2015-08-12 22:08:31 :  26> [G]:  38204 [E]:  81231 [D]: 1001 [T]: 1 [TH]: 9, In
2015-08-12 22:08:36 :  27> [G]:  37635 [E]:  46379 [D]:  430 [T]:16 [TH]: 9, In
2015-08-12 22:08:41 :  28> [G]: 106674 [E]: 101925 [D]:  373 [T]: 1 [TH]: 9, In
2015-08-12 22:08:45 :  29> [G]:  70376 [E]:  96979 [D]:  412 [T]:20 [TH]:10, In
2015-08-12 22:08:49 :  30> [G]: 115749 [E]:   6187 [D]:  260 [T]: 2 [TH]: 9, In
2015-08-12 22:08:54 :  31> [G]:  78991 [E]:  58304 [D]: 1457 [T]: 2 [TH]: 9, In
2015-08-12 22:08:58 :  32> [G]:  82923 [E]: 172110 [D]:  218 [T]: 2 [TH]: 9, In
2015-08-12 22:09:03 :  33> [G]: 131184 [E]:  41806 [D]:  374 [T]: 6 [TH]: 9, In
2015-08-12 22:09:08 :  34> [G]: 109583 [E]:  38782 [D]:  790 [T]: 2 [TH]: 9, In
2015-08-12 22:09:13 :  35> [G]:  39002 [E]:  46962 [D]:  269 [T]: 2 [TH]: 9, In
2015-08-12 22:09:16 :  36> [G]:  75846 [E]: 134844 [D]:  370 [T]:34 [TH]:10, In
2015-08-12 22:09:21 :  37> [G]: 123808 [E]: 110006 [D]:  580 [T]: 2 [TH]: 9, In
2015-08-12 22:09:26 :  38> [G]:  33126 [E]: 141086 [D]:   61 [T]: 2 [TH]: 9, In
2015-08-12 22:09:30 :  39> [G]:  15043 [E]:  60861 [D]:  464 [T]: 3 [TH]: 9, In
2015-08-12 22:09:33 :  40> [G]:  12289 [E]:  34649 [D]: 1320 [T]: 9 [TH]: 9, In
2015-08-12 22:09:37 :  41> [G]:  35083 [E]:  95815 [D]: 1681 [T]:33 [TH]:10, In
2015-08-12 22:09:40 :  42> [G]:  97046 [E]:  65814 [D]:  630 [T]: 1 [TH]: 9, In
2015-08-12 22:09:46 :  43> [G]:  95246 [E]:  78343 [D]: 1299 [T]: 8 [TH]: -, -
2015-08-12 22:09:49 :  44> [G]:  95859 [E]:  26588 [D]:   59 [T]: 2 [TH]: 8, In
2015-08-12 22:09:53 :  45> [G]:  47279 [E]:  29545 [D]: 1362 [T]: 7 [TH]: 9, In
2015-08-12 22:09:59 :  46> [G]:  31064 [E]:  79226 [D]:  301 [T]: 3 [TH]: 9, In
2015-08-12 22:10:03 :  47> [G]:  26890 [E]: 110588 [D]: 1354 [T]: 5 [TH]: 9, In
2015-08-12 22:10:09 :  48> [G]:  84683 [E]:   5053 [D]: 1316 [T]: 5 [TH]: 9, In
2015-08-12 22:10:14 :  49> [G]: 103268 [E]:  41080 [D]: 1707 [T]: 3 [TH]: 9, In
2015-08-12 22:10:18 :  50> [G]:  26798 [E]:  87174 [D]:  286 [T]:16 [TH]:10, In
2015-08-12 22:10:21 :  51> [G]:  40035 [E]: 115673 [D]: 1028 [T]: 2 [TH]: 9, In
2015-08-12 22:10:26 :  52> [G]:  52418 [E]:  40824 [D]: 1003 [T]: 3 [TH]: 9, In
2015-08-12 22:10:31 :  53> [G]:  69159 [E]:   8009 [D]:  664 [T]: 4 [TH]: 9, In
2015-08-12 22:10:36 :  54> [G]:   8326 [E]:   3293 [D]:  795 [T]: 9 [TH]: 9, In
2015-08-12 22:10:41 :  55> [G]:  40208 [E]:  61484 [D]: 1337 [T]:12 [TH]: 9, In
2015-08-12 22:10:51 :  56> [G]: 227394 [E]:  93796 [D]:  951 [T]:13 [TH]:10, In
2015-08-12 22:10:55 :  57> [G]:  47228 [E]: 154794 [D]: 2019 [T]: 4 [TH]: 9, In
2015-08-12 22:11:04 :  58> [G]:  92891 [E]:  71212 [D]:  936 [T]:23 [TH]:10, In
2015-08-12 22:11:07 :  59> [G]:  51943 [E]: 187344 [D]:  719 [T]: 7 [TH]: 9, In
2015-08-12 22:11:12 :  60> [G]: 331756 [E]: 357304 [D]: 1685 [T]: 2 [TH]: 9, Out
2015-08-12 22:11:12 : ~~~~~~~~~~~~~~~ TH Outside Found! ~~~~~~~~~~~~~~~~
2015-08-12 22:11:12 : ================ Search Complete =================
2015-08-12 22:11:12 : Initiating attack for: TH Snipe
2015-08-12 22:11:15 : -Barbarians 52
2015-08-12 22:11:15 : -Archers 148
2015-08-12 22:11:15 : -Clan Castle 
2015-08-12 22:11:15 : -King 
2015-08-12 22:11:15 : -Lightning Spells 3
2015-08-12 22:11:15 : -Poison Spells 1
2015-08-12 22:11:15 :  ====== Start Attack ====== 
2015-08-12 22:11:17 : Sending 1st wave of archers.
2015-08-12 22:11:17 : Dropping first wave of 4 Archers
2015-08-12 22:11:18 : Deployment of Archers Successful!
2015-08-12 22:11:20 : Dropping first wave of 15 Archers
2015-08-12 22:11:23 : Deployment of Archers Successful!
2015-08-12 22:11:55 : Sending second wave of archers.
2015-08-12 22:11:55 : Dropping second wave of 16 Archers
2015-08-12 22:11:58 : Deployment of Archers Successful!
2015-08-12 22:12:30 : Still no star - Let's send in more diverse troops!
2015-08-12 22:12:30 : No  troop Found!!!
2015-08-12 22:12:30 : No  troop Found!!!
2015-08-12 22:12:30 : Dropping first wave of 12 Barbarians
2015-08-12 22:12:33 : Deployment of Barbarians Successful!
2015-08-12 22:12:34 : Dropping first wave of 16 Barbarians
2015-08-12 22:12:36 : Deployment of Barbarians Successful!
2015-08-12 22:12:38 : Dropping third wave of 24 Archers
2015-08-12 22:12:42 : Deployment of Archers Successful!
2015-08-12 22:12:43 : Dropping third wave of 28 Archers
2015-08-12 22:12:48 : Deployment of Archers Successful!
2015-08-12 22:12:50 : Townhall has been destroyed!
2015-08-12 22:12:53 : Checking if the battle has finished
2015-08-12 22:12:54 : detected [G]:  [E]:  [DE]:  |  Exit now 
2015-08-12 22:12:55 : Battle has finished
2015-08-12 22:12:55 : Returning Home
2015-08-12 22:12:59 : Loot: [G]: 1 000 [E]: 1 000 [DE]:  [T]: 1
2015-08-12 22:12:59 : Bonus [G]: 140 000 [E]: 140 000 [DE]: 900
2015-08-12 22:13:02 : Your league level is: Master I
2015-08-12 22:13:02 : Stars earned: 1
2015-08-12 22:13:10 : Trying to locate Main Screen
2015-08-12 22:13:10 : Main Screen Located
2015-08-12 22:13:12 : Village Report
2015-08-12 22:13:12 : No. of Free/Total Builders: 0/5
2015-08-12 22:13:12 :  [T]: 3 016
2015-08-12 22:13:12 :  [G]: 6 001 000 [E]: 6 001 000 [D]: 80 000 [GEM]: 64
2015-08-12 22:13:12 : Collecting Resources
2015-08-12 22:13:20 : Checking if Village needs Rearming..
2015-08-12 22:13:30 : Checking Army Camp...
2015-08-12 22:13:31 : Total Army Camp capacity: 155/200
2015-08-12 22:13:32 :  - No. of Barbarians: 24
2015-08-12 22:13:33 :  - No. of Archers: 131
2015-08-12 22:13:33 : Training Troops...
2015-08-12 22:13:40 : Requesting Clan Castle Troops
2015-08-12 22:13:41 : Your Clan Castle is already full or you are not in a clan.
2015-08-12 22:13:44 : ====== Waiting for full army ======
2015-08-12 22:13:55 : Checking Army Camp...
2015-08-12 22:13:57 : Total Army Camp capacity: 159/200
2015-08-12 22:13:58 :  - No. of Barbarians: 24
2015-08-12 22:13:58 :  - No. of Archers: 135
2015-08-12 22:13:58 : Training Troops...
2015-08-12 22:14:05 : Time Idle: 00:00:20
2015-08-12 22:14:05 : ====== Waiting for full army ======
2015-08-12 22:14:16 : Checking Army Camp...
2015-08-12 22:14:18 : Total Army Camp capacity: 163/200
2015-08-12 22:14:19 :  - No. of Barbarians: 24
2015-08-12 22:14:20 :  - No. of Archers: 139
2015-08-12 22:14:20 : Training Troops...
2015-08-12 22:14:26 : Time Idle: 00:00:42
2015-08-12 22:14:26 : ====== Waiting for full army ======
2015-08-12 22:14:38 : Checking Army Camp...
2015-08-12 22:14:40 : Total Army Camp capacity: 166/200
2015-08-12 22:14:41 :  - No. of Barbarians: 24
2015-08-12 22:14:41 :  - No. of Archers: 142
2015-08-12 22:14:41 : Training Troops...
2015-08-12 22:14:47 : Time Idle: 00:01:03
2015-08-12 22:14:48 : ====== Waiting for full army ======
2015-08-12 22:14:59 : Checking Army Camp...
2015-08-12 22:15:01 : Total Army Camp capacity: 169/200
2015-08-12 22:15:02 :  - No. of Barbarians: 24
2015-08-12 22:15:02 :  - No. of Archers: 145
2015-08-12 22:15:03 : Training Troops...
2015-08-12 22:15:09 : Time Idle: 00:01:24
2015-08-12 22:15:09 : ====== Waiting for full army ======
2015-08-12 22:15:21 : Collecting Resources
2015-08-12 22:15:27 : Checking Army Camp...
2015-08-12 22:15:28 : Total Army Camp capacity: 173/200
2015-08-12 22:15:29 :  - No. of Barbarians: 24
2015-08-12 22:15:30 :  - No. of Archers: 149
2015-08-12 22:15:30 : Training Troops...
2015-08-12 22:15:36 : Time Idle: 00:01:51
2015-08-12 22:15:36 : ====== Waiting for full army ======
2015-08-12 22:15:48 : Checking Army Camp...
2015-08-12 22:15:50 : Total Army Camp capacity: 177/200
2015-08-12 22:15:51 :  - No. of Barbarians: 24
2015-08-12 22:15:51 :  - No. of Archers: 153
2015-08-12 22:15:51 : Training Troops...
2015-08-12 22:15:58 : Time Idle: 00:02:12
2015-08-12 22:15:58 : ====== Waiting for full army ======
2015-08-12 22:16:09 : Checking Army Camp...
2015-08-12 22:16:11 : Total Army Camp capacity: 181/200
2015-08-12 22:16:12 :  - No. of Barbarians: 24
2015-08-12 22:16:12 :  - No. of Archers: 157
2015-08-12 22:16:13 : Training Troops...
2015-08-12 22:16:13 : Your Army Camps are now Full
2015-08-12 22:16:34 : Going to Attack...
2015-08-12 22:16:40 : ============== Searching For Dead Base ===============
2015-08-12 22:16:40 : ~~~~~~~~~~~~~~~ SEARCH CONDITIONS ~~~~~~~~~~~~~~~~
2015-08-12 22:16:40 : Meet: Gold and Elixir, TH Outside
2015-08-12 22:16:40 : ~~~~~~~~~~~~~~ RESOURCE CONDITIONS ~~~~~~~~~~~~~~~
2015-08-12 22:16:40 : Aim: [G]: 999999 [E]: 999999 [D]:    0 [T]: 0, Out, Out, Out, Out, Out, Out, Out, Out, Out, Out, Out, Out, Out, Out, Out, Out, Out, Out, Out, Out, Out, Out, Out, Out, Out, Out, Out, Out, Out, Out, Out, Out, Out, Out, Out, Out, Out, Out, Out, Out, Out, Out, Out, Out, Out, Out, Out, Out, Out, Out, Out, Out, Out, Out, Out, Out, Out, Out, Out, Out, Out, Out, Out, Out, Out, Out, Out, Out, Out, Out, Out, Out, Out, Out, Out, Out, Out, Out, Out, Out, Out, Out, Out, Out, Out, Out, Out, Out, Out, Out, Out, Out, Out, Out, Out, Out, Out, Out, Out, Out, Out, Out, Out, Out, Out, Out, Out, Out, Out, Out, Out, Out, Out, Out, Out, Out, Out, Out, Out, Out, Out, Out, Out, Out, Out, Out, Out, Out, Out, Out, Out, Out, Out, Out for: Dead Base
2015-08-12 22:16:40 : ~~~~~~~~~~~~~~~ ADVANCED SETTINGS ~~~~~~~~~~~~~~~~
2015-08-12 22:16:40 : THSnipe Combo, 1 Tile(s), 
2015-08-12 22:16:40 : ==================================================
2015-08-12 22:16:43 :   1> [G]:  21444 [E]:  21553 [D]:  306 [T]:12 [TH]: 9, In
2015-08-12 22:16:52 :   2> [G]:  95712 [E]:  87589 [D]: 3231 [T]:14 [TH]:10, In
2015-08-12 22:16:57 :   3> [G]:  47068 [E]: 108277 [D]:  660 [T]:13 [TH]: 9, In
2015-08-12 22:17:05 :   4> [G]: 266047 [E]: 340731 [D]: 4227 [T]:22 [TH]:10, In
2015-08-12 22:17:09 :   5> [G]:  50439 [E]:  21136 [D]:  530 [T]: 7 [TH]: 9, In
2015-08-12 22:17:14 :   6> [G]:  56434 [E]:  34658 [D]:  804 [T]: 5 [TH]: 9, In
2015-08-12 22:17:25 : Pushbullet: removed 3 messages older than 6 h 
2015-08-12 22:17:27 :   7> [G]:  73334 [E]:  68731 [D]: 1156 [T]:33 [TH]:10, In
2015-08-12 22:17:31 :   8> [G]: 190234 [E]:  35809 [D]:  866 [T]: 4 [TH]: 9, In
2015-08-12 22:17:36 :   9> [G]: 221692 [E]: 288895 [D]:  401 [T]: 5 [TH]: 9, In
2015-08-12 22:17:42 :  10> [G]:   4071 [E]:  83770 [D]:  673 [T]: 4 [TH]: 9, In
2015-08-12 22:17:45 :  11> [G]: 156799 [E]:  40714 [D]: 1979 [T]:29 [TH]:10, In
2015-08-12 22:17:52 :  12> [G]:  74670 [E]: 168367 [D]:  630 [T]: 5 [TH]: 9, In
2015-08-12 22:17:58 :  13> [G]: 161469 [E]:  98436 [D]:  722 [T]:19 [TH]: 9, In
2015-08-12 22:18:07 :  14> [G]:  42635 [E]: 336302 [D]: 1614 [T]:19 [TH]:10, In
2015-08-12 22:18:11 :  15> [G]: 175085 [E]: 122071 [D]: 1153 [T]: 5 [TH]: 9, In
2015-08-12 22:18:14 :  16> [G]: 148696 [E]: 231174 [D]:  312 [T]: 1 [TH]: 8, In
2015-08-12 22:18:19 :  17> [G]:  36878 [E]:  57591 [D]:  908 [T]: 4 [TH]: 9, In
2015-08-12 22:18:25 :  18> [G]: 136398 [E]: 153961 [D]: 3034 [T]:13 [TH]:10, In
2015-08-12 22:18:30 :  19> [G]: 106748 [E]:  83425 [D]:  902 [T]: 9 [TH]: 9, In
2015-08-12 22:18:35 :  20> [G]:  66799 [E]:  70300 [D]:   72 [T]: 8 [TH]: 9, In
2015-08-12 22:18:38 :  21> [G]:  35722 [E]:  24527 [D]: 1440 [T]:10 [TH]: 9, In
2015-08-12 22:18:45 :  22> [G]: 131958 [E]: 137502 [D]:  994 [T]: 2 [TH]: 9, In
2015-08-12 22:18:54 :  23> [G]: 315273 [E]:  93041 [D]: 1212 [T]:27 [TH]:10, In
2015-08-12 22:18:58 :  24> [G]:   3182 [E]:   7563 [D]: 1941 [T]: 3 [TH]: 9, In
2015-08-12 22:19:01 :  25> [G]: 103056 [E]:  64920 [D]: 1219 [T]: 5 [TH]: 9, In
2015-08-12 22:19:06 :  26> [G]: 105438 [E]:  80034 [D]: 1447 [T]: 7 [TH]: 9, In
2015-08-12 22:19:15 :  27> [G]:  71502 [E]:  31133 [D]:  786 [T]:25 [TH]:10, In
2015-08-12 22:19:18 :  28> [G]:  36041 [E]: 154090 [D]:  617 [T]:15 [TH]:10, In
2015-08-12 22:19:22 :  29> [G]:  87683 [E]:  64811 [D]: 1774 [T]:14 [TH]: 9, In
2015-08-12 22:19:25 :  30> [G]:  29941 [E]:  42580 [D]: 1030 [T]:33 [TH]:10, In
2015-08-12 22:19:35 :  31> [G]: 103861 [E]: 160511 [D]:  384 [T]:23 [TH]:10, In
2015-08-12 22:19:40 :  32> [G]:  51789 [E]: 124561 [D]:  583 [T]: 8 [TH]: 9, In
2015-08-12 22:19:44 :  33> [G]: 138802 [E]: 301158 [D]: 1138 [T]: 1 [TH]: 8, In
2015-08-12 22:19:48 :  34> [G]:  51799 [E]:  36230 [D]: 1421 [T]:10 [TH]: 9, In
2015-08-12 22:19:51 :  35> [G]:  88262 [E]:  61530 [D]: 1726 [T]: 3 [TH]: 9, In
2015-08-12 22:19:56 :  36> [G]: 140232 [E]:  11155 [D]:  785 [T]: 6 [TH]: 9, In
2015-08-12 22:20:01 :  37> [G]:  62117 [E]: 121343 [D]:  277 [T]: 9 [TH]: 9, In
2015-08-12 22:20:06 :  38> [G]: 100897 [E]:  22255 [D]:  589 [T]: 3 [TH]: 9, In
2015-08-12 22:20:10 :  39> [G]: 117039 [E]:  82456 [D]: 3132 [T]:18 [TH]: 9, In
2015-08-12 22:20:14 :  40> [G]:  26093 [E]:  46937 [D]:  549 [T]: 5 [TH]: 9, In
2015-08-12 22:20:20 :  41> [G]:   7343 [E]:  83574 [D]:  786 [T]: 4 [TH]: 9, In
2015-08-12 22:20:24 :  42> [G]:  38318 [E]:  78288 [D]:  855 [T]: 6 [TH]: 9, In
2015-08-12 22:20:30 :  43> [G]:  11960 [E]:  94478 [D]:  960 [T]: 3 [TH]: 9, In
2015-08-12 22:20:35 :  44> [G]: 143980 [E]:   5998 [D]: 1162 [T]: 6 [TH]: 9, In
2015-08-12 22:20:40 :  45> [G]: 129512 [E]: 107877 [D]: 1238 [T]: 3 [TH]: 9, In
2015-08-12 22:20:45 :  46> [G]:  79680 [E]:  77759 [D]:  402 [T]: 5 [TH]: 9, In
2015-08-12 22:20:48 :  47> [G]:  19547 [E]:  50069 [D]: 1001 [T]: 1 [TH]: 8, In
2015-08-12 22:20:53 :  48> [G]: 128530 [E]: 115409 [D]:  903 [T]: 3 [TH]: 9, In
2015-08-12 22:20:56 :  49> [G]:  97039 [E]:  92767 [D]:  643 [T]: 3 [TH]: 9, In
2015-08-12 22:21:02 :  50> [G]:  81861 [E]:  44310 [D]: 1698 [T]: 8 [TH]: 9, In
2015-08-12 22:21:08 :  51> [G]:  75428 [E]:  73702 [D]: 1728 [T]: 2 [TH]: 9, In
2015-08-12 22:21:14 :  52> [G]:  36891 [E]:  52450 [D]:  942 [T]: 1 [TH]: 8, In
2015-08-12 22:21:20 :  53> [G]: 139732 [E]:  67452 [D]:  617 [T]: 5 [TH]: 9, In
2015-08-12 22:21:24 :  54> [G]:  83859 [E]: 129560 [D]:  839 [T]: 8 [TH]: 9, In
2015-08-12 22:21:29 :  55> [G]:  73017 [E]: 103956 [D]: 1261 [T]: 3 [TH]: 9, In
2015-08-12 22:21:35 :  56> [G]:  70214 [E]: 195642 [D]:  994 [T]: 1 [TH]: 9, In
2015-08-12 22:21:38 :  57> [G]:  13383 [E]:  61482 [D]:  878 [T]: 1 [TH]: 8, In
2015-08-12 22:21:43 :  58> [G]:  71522 [E]: 241889 [D]: 2204 [T]: 9 [TH]: 9, In
2015-08-12 22:21:48 :  59> [G]:  88813 [E]: 241059 [D]: 1415 [T]: 7 [TH]: 9, In
2015-08-12 22:21:53 :  60> [G]:  59419 [E]: 107887 [D]: 1175 [T]:12 [TH]: 9, In
2015-08-12 22:21:59 :  61> [G]:  63096 [E]:  61511 [D]:  800 [T]: 2 [TH]: 9, In
2015-08-12 22:22:04 :  62> [G]: 125508 [E]:  89803 [D]: 1110 [T]:10 [TH]: 9, In
2015-08-12 22:22:08 :  63> [G]:  30599 [E]:   4133 [D]:  189 [T]: 3 [TH]: 9, In
2015-08-12 22:22:11 :  64> [G]:  21425 [E]:  34056 [D]:  814 [T]: 1 [TH]: 8, In
2015-08-12 22:22:15 :  65> [G]: 110346 [E]:  98489 [D]: 1870 [T]: 3 [TH]: 9, In
2015-08-12 22:22:21 :  66> [G]:  70714 [E]:  18924 [D]:  326 [T]: 5 [TH]: 9, In
2015-08-12 22:22:26 :  67> [G]:  48755 [E]:  38734 [D]: 1630 [T]: 6 [TH]: 9, In
2015-08-12 22:22:30 :  68> [G]: 119378 [E]:  90435 [D]:  692 [T]: 6 [TH]: 9, In
2015-08-12 22:22:35 :  69> [G]:  41397 [E]: 131014 [D]:  285 [T]: 6 [TH]: 9, In
2015-08-12 22:22:40 :  70> [G]:  35521 [E]:  47178 [D]:  713 [T]: 4 [TH]: 9, In
2015-08-12 22:22:44 :  71> [G]:  51749 [E]:  45281 [D]: 1384 [T]: 2 [TH]: 9, In
2015-08-12 22:22:47 :  72> [G]:  48671 [E]:  88375 [D]:  323 [T]: 2 [TH]: 9, In
2015-08-12 22:22:53 :  73> [G]:  94270 [E]:  71754 [D]:  644 [T]: 4 [TH]: 9, In
2015-08-12 22:22:56 :  74> [G]:  50243 [E]:  63566 [D]:  974 [T]: 7 [TH]: 9, In
2015-08-12 22:23:01 :  75> [G]: 120882 [E]:  30823 [D]:  933 [T]: 4 [TH]: 9, In
2015-08-12 22:23:06 :  76> [G]: 127985 [E]: 101660 [D]:  645 [T]: 3 [TH]: 9, In
2015-08-12 22:23:11 :  77> [G]: 100610 [E]: 172454 [D]:  942 [T]: 4 [TH]: 9, In
2015-08-12 22:23:14 :  78> [G]: 297520 [E]:  56295 [D]:   49 [T]: 1 [TH]: 8, In
2015-08-12 22:23:19 :  79> [G]: 125625 [E]: 178423 [D]: 2016 [T]: 7 [TH]: 9, In
2015-08-12 22:23:24 :  80> [G]:  56893 [E]: 108629 [D]:  912 [T]: 2 [TH]: 9, In
2015-08-12 22:23:30 :  81> [G]:  12636 [E]: 178012 [D]:  498 [T]: 3 [TH]: 9, In
2015-08-12 22:23:35 :  82> [G]: 116136 [E]:  41269 [D]:  482 [T]: 4 [TH]: 9, In
2015-08-12 22:23:40 :  83> [G]:  43181 [E]:  53356 [D]: 1864 [T]: 4 [TH]: 9, In
2015-08-12 22:23:43 :  84> [G]:  35750 [E]: 106255 [D]:  940 [T]: 8 [TH]: 9, In
2015-08-12 22:23:46 :  85> [G]:  54230 [E]:  47462 [D]: 1162 [T]: 8 [TH]: 9, In
2015-08-12 22:23:50 :  86> [G]:  53176 [E]:  97432 [D]:  754 [T]: 9 [TH]: 9, In
2015-08-12 22:23:55 :  87> [G]: 134170 [E]:  73614 [D]:  608 [T]: 3 [TH]: 9, In
2015-08-12 22:24:00 :  88> [G]: 213277 [E]: 110751 [D]: 1275 [T]: 5 [TH]: -, -
2015-08-12 22:24:05 :  89> [G]:  79518 [E]:  95910 [D]:  317 [T]: 3 [TH]: 9, In
2015-08-12 22:24:12 :  90> [G]:  14451 [E]:  79309 [D]: 1230 [T]: 4 [TH]: 9, In
2015-08-12 22:24:19 :  91> [G]:  59228 [E]:   7871 [D]: 1947 [T]: 4 [TH]: 9, In
2015-08-12 22:24:24 :  92> [G]:   8978 [E]:  76592 [D]: 1747 [T]: 3 [TH]: 9, In
2015-08-12 22:24:30 :  93> [G]:  50316 [E]: 186502 [D]:  819 [T]: 3 [TH]: 9, In
2015-08-12 22:24:33 :  94> [G]:  47342 [E]:  34127 [D]:  379 [T]: 2 [TH]: 9, In
2015-08-12 22:24:37 :  95> [G]:  24002 [E]:  93212 [D]:  388 [T]: 4 [TH]: 9, In
2015-08-12 22:24:42 :  96> [G]:  74053 [E]:  94858 [D]:  401 [T]: 3 [TH]: 9, In
2015-08-12 22:24:47 :  97> [G]:  31018 [E]:  74217 [D]: 1734 [T]: 3 [TH]: 9, In
2015-08-12 22:24:55 :  98> [G]:  83611 [E]: 128036 [D]: 1911 [T]:29 [TH]:10, In
2015-08-12 22:25:00 :  99> [G]:  50141 [E]:  90194 [D]:  544 [T]: 2 [TH]: 9, In
2015-08-12 22:25:03 : 100> [G]: 221522 [E]: 238133 [D]:  529 [T]:23 [TH]:10, In
2015-08-12 22:25:08 : 101> [G]:  41569 [E]: 128456 [D]:  533 [T]: 5 [TH]: 9, In
2015-08-12 22:25:13 : 102> [G]:  50669 [E]: 158940 [D]:  912 [T]: 9 [TH]: 9, In
2015-08-12 22:25:17 : 103> [G]:  68249 [E]: 103606 [D]: 2009 [T]:24 [TH]:10, In
2015-08-12 22:25:21 : 104> [G]:  42085 [E]: 167577 [D]:  223 [T]: 2 [TH]: 9, In
2015-08-12 22:25:26 : 105> [G]:  31422 [E]:  70267 [D]: 1428 [T]: 5 [TH]: 9, In
2015-08-12 22:25:30 : 106> [G]:  19396 [E]: 189761 [D]: 1176 [T]:14 [TH]:10, In
2015-08-12 22:25:34 : 107> [G]: 135480 [E]:  49901 [D]:  751 [T]: 7 [TH]: 9, In
2015-08-12 22:25:38 : 108> [G]:  28872 [E]:  67506 [D]: 1488 [T]: 4 [TH]: 9, In
2015-08-12 22:25:44 : 109> [G]: 104781 [E]:  69600 [D]:  387 [T]: 3 [TH]: 9, In
2015-08-12 22:25:49 : 110> [G]:  79788 [E]:  14625 [D]:  389 [T]: 2 [TH]: 9, In
2015-08-12 22:25:54 : 111> [G]:  74808 [E]:  32311 [D]:  387 [T]: 2 [TH]: 9, In
2015-08-12 22:25:58 : 112> [G]:  93221 [E]: 167380 [D]:  264 [T]: 2 [TH]: 9, In
2015-08-12 22:26:04 : 113> [G]:  55937 [E]: 197709 [D]:  724 [T]: 2 [TH]: 9, In
2015-08-12 22:26:09 : 114> [G]:  14619 [E]:  11642 [D]: 1931 [T]: 4 [TH]: 9, In
2015-08-12 22:26:13 : 115> [G]:   1746 [E]:  80334 [D]: 1197 [T]: 5 [TH]: 9, In
2015-08-12 22:26:17 : 116> [G]:   9138 [E]: 126839 [D]:  425 [T]: 3 [TH]: 9, In
2015-08-12 22:26:22 : 117> [G]: 175715 [E]: 122703 [D]: 1161 [T]: 5 [TH]: 9, In
2015-08-12 22:26:27 : 118> [G]: 106883 [E]: 184571 [D]:  532 [T]: 5 [TH]: 9, In
2015-08-12 22:26:32 : 119> [G]:  68554 [E]:  33909 [D]:  911 [T]:11 [TH]: 9, In
2015-08-12 22:26:37 : 120> [G]: 170808 [E]:  27190 [D]:  697 [T]: 5 [TH]: 9, In
2015-08-12 22:26:41 : 121> [G]: 412182 [E]: 559663 [D]: 2665 [T]: 1 [TH]: 8, Out
2015-08-12 22:26:41 : ~~~~~~~~~~~~~~~ TH Outside Found! ~~~~~~~~~~~~~~~~
2015-08-12 22:26:41 : ================ Search Complete =================
2015-08-12 22:26:41 : Initiating attack for: TH Snipe
2015-08-12 22:26:44 : -Barbarians 24
2015-08-12 22:26:44 : -Archers 157
2015-08-12 22:26:44 : -Clan Castle 
2015-08-12 22:26:44 : -King 
2015-08-12 22:26:44 : -Lightning Spells 3
2015-08-12 22:26:44 : -Poison Spells 1
2015-08-12 22:26:44 :  ====== Start Attack ====== 
2015-08-12 22:26:46 : Sending 1st wave of archers.
2015-08-12 22:26:46 : Dropping first wave of 4 Archers
2015-08-12 22:26:47 : Zooming in...
2015-08-12 22:26:49 : Done zooming.
2015-08-12 22:26:50 : Scrolling to bottom...
2015-08-12 22:26:54 : Deployment of Archers Successful!
2015-08-12 22:26:56 : Dropping first wave of 15 Archers
2015-08-12 22:26:59 : Deployment of Archers Successful!
2015-08-12 22:27:11 : Townhall has been destroyed!
2015-08-12 22:27:11 : Zooming Out
2015-08-12 22:27:20 : Checking if the battle has finished
2015-08-12 22:27:22 : detected [G]:  [E]:  [DE]:  |  Exit now 
2015-08-12 22:27:22 : Battle has finished
2015-08-12 22:27:22 : Returning Home
2015-08-12 22:27:26 : Loot: [G]: 1 000 [E]: 1 000 [DE]:  [T]: 1
2015-08-12 22:27:27 : Bonus [G]: 140 000 [E]: 140 000 [DE]: 900
2015-08-12 22:27:30 : Your league level is: Master I
2015-08-12 22:27:30 : Stars earned: 1
2015-08-12 22:27:38 : Trying to locate Main Screen
2015-08-12 22:27:38 : Main Screen Located
2015-08-12 22:27:40 : Village Report
2015-08-12 22:27:40 : No. of Free/Total Builders: 0/5
2015-08-12 22:27:40 :  [T]: 3 017
2015-08-12 22:27:40 :  [G]: 6 001 000 [E]: 6 001 000 [D]: 80 000 [GEM]: 64
2015-08-12 22:27:40 : Collecting Resources
2015-08-12 22:27:49 : Checking if Village needs Rearming..
2015-08-12 22:27:58 : Checking Army Camp...
2015-08-12 22:27:59 : Total Army Camp capacity: 200/200
2015-08-12 22:28:00 :  - No. of Barbarians: 24
2015-08-12 22:28:01 :  - No. of Archers: 176
2015-08-12 22:28:01 : Training Troops...
2015-08-12 22:28:02 : Your Army Camps are now Full
2015-08-12 22:28:25 : Requesting Clan Castle Troops
2015-08-12 22:28:26 : Your Clan Castle is already full or you are not in a clan.
2015-08-12 22:28:29 : Going to Attack...
2015-08-12 22:28:35 : ============== Searching For Dead Base ===============
2015-08-12 22:28:35 : ~~~~~~~~~~~~~~~ SEARCH CONDITIONS ~~~~~~~~~~~~~~~~
2015-08-12 22:28:35 : Meet: Gold and Elixir, TH Outside
2015-08-12 22:28:35 : ~~~~~~~~~~~~~~ RESOURCE CONDITIONS ~~~~~~~~~~~~~~~
2015-08-12 22:28:35 : Aim: [G]: 999999 [E]: 999999 [D]:    0 [T]: 0, Out, Out, Out, Out, Out, Out, Out, Out, Out, Out, Out, Out, Out, Out, Out, Out, Out, Out, Out, Out, Out, Out, Out, Out, Out, Out, Out, Out, Out, Out, Out, Out, Out, Out, Out, Out, Out, Out, Out, Out, Out, Out, Out, Out, Out, Out, Out, Out, Out, Out, Out, Out, Out, Out, Out, Out, Out, Out, Out, Out, Out, Out, Out, Out, Out, Out, Out, Out, Out, Out, Out, Out, Out, Out, Out, Out, Out, Out, Out, Out, Out, Out, Out, Out, Out, Out, Out, Out, Out, Out, Out, Out, Out, Out, Out, Out, Out, Out, Out, Out, Out, Out, Out, Out, Out, Out, Out, Out, Out, Out, Out, Out, Out, Out, Out, Out, Out, Out, Out, Out, Out, Out, Out, Out, Out, Out, Out, Out, Out, Out, Out, Out, Out, Out, Out for: Dead Base
2015-08-12 22:28:35 : ~~~~~~~~~~~~~~~ ADVANCED SETTINGS ~~~~~~~~~~~~~~~~
2015-08-12 22:28:35 : THSnipe Combo, 1 Tile(s), 
2015-08-12 22:28:35 : ==================================================
2015-08-12 22:28:39 :   1> [G]: 183008 [E]: 139050 [D]:  602 [T]:27 [TH]:10, In
2015-08-12 22:28:45 :   2> [G]:  58372 [E]:  14138 [D]:  130 [T]: 9 [TH]: 9, In
2015-08-12 22:28:54 :   3> [G]:  49787 [E]: 124335 [D]: 2574 [T]:24 [TH]: -, -
2015-08-12 22:28:59 :   4> [G]:  92767 [E]:  33294 [D]:  680 [T]:13 [TH]: 9, In
2015-08-12 22:29:07 :   5> [G]:  92673 [E]: 114656 [D]:  798 [T]: 4 [TH]: 9, In
2015-08-12 22:29:15 :   6> [G]:  25304 [E]: 337739 [D]: 1363 [T]:14 [TH]:10, In
2015-08-12 22:29:22 :   7> [G]:  69454 [E]:  99095 [D]: 1826 [T]: 2 [TH]: 9, In
2015-08-12 22:29:27 :   8> [G]: 119409 [E]:   1073 [D]:   17 [T]:14 [TH]: 9, In
2015-08-12 22:29:32 :   9> [G]:  16219 [E]: 286620 [D]: 1071 [T]: 2 [TH]: 9, In
2015-08-12 22:29:37 :  10> [G]:  27938 [E]: 103850 [D]: 1428 [T]: 3 [TH]: 9, In
2015-08-12 22:29:42 :  11> [G]:  14370 [E]: 203145 [D]: 1352 [T]: 5 [TH]: 9, In
2015-08-12 22:29:47 :  12> [G]: 112527 [E]:  21152 [D]: 1825 [T]: 6 [TH]: 9, In
2015-08-12 22:29:57 :  13> [G]:  67183 [E]: 250540 [D]:  639 [T]:25 [TH]:10, In
2015-08-12 22:30:02 :  14> [G]: 111066 [E]: 128649 [D]: 2383 [T]: 2 [TH]: 9, In
2015-08-12 22:30:07 :  15> [G]:  64368 [E]: 111341 [D]: 2140 [T]:23 [TH]: 9, In
2015-08-12 22:30:13 :  16> [G]: 206070 [E]:  84580 [D]: 2488 [T]:33 [TH]:10, In
2015-08-12 22:30:16 :  17> [G]: 133597 [E]: 189944 [D]:  422 [T]: 1 [TH]: 8, In
2015-08-12 22:30:21 :  18> [G]:  87197 [E]: 129997 [D]:  754 [T]: 2 [TH]: 9, In
2015-08-12 22:30:26 :  19> [G]:  24203 [E]:  22289 [D]:  997 [T]: 3 [TH]: 9, In
2015-08-12 22:30:30 :  20> [G]:  56386 [E]:  12190 [D]: 1212 [T]:19 [TH]: 9, In
2015-08-12 22:30:34 :  21> [G]: 112126 [E]:  78341 [D]:  625 [T]:16 [TH]: -, -
2015-08-12 22:30:38 :  22> [G]:  49502 [E]:  54152 [D]:  499 [T]: 3 [TH]: 9, In
2015-08-12 22:30:43 :  23> [G]:  67385 [E]:  69058 [D]: 1349 [T]: 7 [TH]: 9, In
2015-08-12 22:30:48 :  24> [G]:  60650 [E]: 197840 [D]:  424 [T]: 5 [TH]: 9, In
2015-08-12 22:30:54 :  25> [G]:  70658 [E]: 104181 [D]:  537 [T]: 2 [TH]: 9, In
2015-08-12 22:30:59 :  26> [G]: 120166 [E]:  61287 [D]: 1070 [T]: 6 [TH]: 9, In
2015-08-12 22:31:02 :  27> [G]:  28423 [E]: 115016 [D]: 1300 [T]: 2 [TH]: 9, In
2015-08-12 22:31:07 :  28> [G]:  20623 [E]:  22172 [D]: 1054 [T]: 7 [TH]: 9, In
2015-08-12 22:31:12 :  29> [G]:  35454 [E]:  59499 [D]:  954 [T]: 4 [TH]: 9, In
2015-08-12 22:31:15 :  30> [G]:  51467 [E]:  40178 [D]: 1491 [T]:11 [TH]: 9, In
2015-08-12 22:31:20 :  31> [G]:  57827 [E]:  63842 [D]:  537 [T]: 7 [TH]: 9, In
2015-08-12 22:31:23 :  32> [G]: 170080 [E]: 170862 [D]: 2850 [T]: 7 [TH]: 9, In
2015-08-12 22:31:28 :  33> [G]:  82200 [E]:  78341 [D]: 1195 [T]: 6 [TH]: 9, In
2015-08-12 22:31:32 :  34> [G]:  60785 [E]:  73733 [D]: 1315 [T]:18 [TH]:10, In
2015-08-12 22:31:37 :  35> [G]:  10575 [E]:   6260 [D]:  778 [T]: 9 [TH]: 9, In
2015-08-12 22:31:42 :  36> [G]: 109105 [E]: 104382 [D]: 1166 [T]: 4 [TH]: 9, In
2015-08-12 22:31:47 :  37> [G]: 196815 [E]:  40750 [D]: 1374 [T]: 2 [TH]: 9, In
2015-08-12 22:31:51 :  38> [G]:  29161 [E]:  78308 [D]:  633 [T]:13 [TH]: 9, In
2015-08-12 22:31:56 :  39> [G]:  77774 [E]: 116005 [D]: 1047 [T]: 5 [TH]: 9, In
2015-08-12 22:32:00 :  40> [G]:  90348 [E]:  57967 [D]:  626 [T]: 8 [TH]: 9, In
2015-08-12 22:32:06 :  41> [G]: 116617 [E]:  10938 [D]:  945 [T]: 6 [TH]: 9, In
2015-08-12 22:32:11 :  42> [G]:  35506 [E]:  46184 [D]:  398 [T]: 5 [TH]: 9, In
2015-08-12 22:32:14 :  43> [G]: 118790 [E]: 182011 [D]: 1420 [T]:22 [TH]:10, In
2015-08-12 22:32:19 :  44> [G]:  62082 [E]:  75397 [D]: 1015 [T]: 4 [TH]: 9, In
2015-08-12 22:32:22 :  45> [G]:  52848 [E]:  62790 [D]: 2089 [T]: 8 [TH]: 9, In
2015-08-12 22:32:27 :  46> [G]:  87731 [E]:  44592 [D]:  575 [T]: 6 [TH]: 9, In
2015-08-12 22:32:32 :  47> [G]: 102201 [E]:  34590 [D]: 1111 [T]: 3 [TH]: 9, In
2015-08-12 22:32:37 :  48> [G]:  10373 [E]:  57339 [D]:  653 [T]: 5 [TH]: 9, In
2015-08-12 22:32:42 :  49> [G]:  94060 [E]:  91998 [D]: 1060 [T]: 8 [TH]: 9, In
2015-08-12 22:32:48 :  50> [G]: 100128 [E]:  34006 [D]:  344 [T]: 2 [TH]: 9, In
2015-08-12 22:32:53 :  51> [G]: 118383 [E]: 131419 [D]: 2343 [T]: 8 [TH]: 9, In
2015-08-12 22:32:57 :  52> [G]:  41300 [E]:  44516 [D]:  442 [T]:15 [TH]: 9, In
2015-08-12 22:33:02 :  53> [G]: 124714 [E]:  97946 [D]:  787 [T]: 7 [TH]: 9, In
2015-08-12 22:33:05 :  54> [G]:  10201 [E]:   3481 [D]:  769 [T]: 1 [TH]: 8, In
2015-08-12 22:33:10 :  55> [G]:  15453 [E]: 127861 [D]: 2485 [T]:17 [TH]: 9, In
2015-08-12 22:33:15 :  56> [G]:  16435 [E]: 150813 [D]: 1468 [T]: 4 [TH]: 9, In
2015-08-12 22:33:20 :  57> [G]:   7680 [E]:  55172 [D]:  702 [T]:10 [TH]: 9, In
2015-08-12 22:33:25 :  58> [G]:  45745 [E]:  50198 [D]: 1917 [T]: 3 [TH]: 9, In
2015-08-12 22:33:30 :  59> [G]: 171765 [E]:  55510 [D]:  719 [T]:22 [TH]: 9, In
2015-08-12 22:33:34 :  60> [G]:  95065 [E]:  80192 [D]: 1180 [T]: 7 [TH]: 9, In
2015-08-12 22:33:38 :  61> [G]:  14454 [E]: 134357 [D]: 1166 [T]: 6 [TH]: 9, In
2015-08-12 22:33:43 :  62> [G]:  75595 [E]:  47342 [D]:  126 [T]: 5 [TH]: 9, In
2015-08-12 22:33:49 :  63> [G]:  41580 [E]:  20765 [D]: 1011 [T]: 6 [TH]: 9, In
2015-08-12 22:33:53 :  64> [G]: 113317 [E]: 168704 [D]:  792 [T]: 2 [TH]: 9, In
2015-08-12 22:33:59 :  65> [G]:  58007 [E]:  31133 [D]:  193 [T]: 3 [TH]: 9, In
2015-08-12 22:34:04 :  66> [G]: 129916 [E]:  91306 [D]:  563 [T]: 2 [TH]: 9, In
2015-08-12 22:34:09 :  67> [G]: 104353 [E]: 202789 [D]: 2544 [T]: 2 [TH]: 9, In
2015-08-12 22:34:12 :  68> [G]:  27846 [E]: 154571 [D]:  945 [T]:30 [TH]: 9, In
2015-08-12 22:34:15 :  69> [G]:  99204 [E]:  85622 [D]:  787 [T]: 3 [TH]: 9, In
2015-08-12 22:34:20 :  70> [G]:  62726 [E]:  83138 [D]:  803 [T]: 3 [TH]: 9, In
2015-08-12 22:34:25 :  71> [G]:  94104 [E]:  58279 [D]: 1024 [T]: 3 [TH]: 9, In
2015-08-12 22:34:34 :  72> [G]:  92155 [E]:  29130 [D]: 2299 [T]:23 [TH]:10, In
2015-08-12 22:34:38 :  73> [G]:  34926 [E]:   9100 [D]: 1002 [T]: 4 [TH]: 9, In
2015-08-12 22:34:44 :  74> [G]:  47613 [E]:  53093 [D]:  772 [T]: 5 [TH]: 9, In
2015-08-12 22:34:49 :  75> [G]: 100330 [E]: 120691 [D]:  191 [T]: 7 [TH]: 9, In
2015-08-12 22:34:52 :  76> [G]: 112790 [E]:  70995 [D]:  116 [T]: 6 [TH]: 9, In
2015-08-12 22:34:57 :  77> [G]:  95130 [E]:  99098 [D]:  858 [T]: 2 [TH]: 9, In
2015-08-12 22:35:00 :  78> [G]: 102402 [E]:  33431 [D]: 2601 [T]:15 [TH]: 9, In
2015-08-12 22:35:05 :  79> [G]:  27095 [E]: 109952 [D]:  645 [T]: 2 [TH]: 9, In
2015-08-12 22:35:10 :  80> [G]:  52179 [E]:  12700 [D]: 1210 [T]: 3 [TH]: 9, In
2015-08-12 22:35:19 :  81> [G]:  32576 [E]:   4351 [D]:  457 [T]:21 [TH]:10, In
2015-08-12 22:35:23 :  82> [G]:  54833 [E]: 115182 [D]: 1008 [T]: 5 [TH]: 9, In
2015-08-12 22:35:28 :  83> [G]:  41994 [E]:  64133 [D]:  713 [T]: 2 [TH]: 9, In
2015-08-12 22:35:33 :  84> [G]:  49077 [E]:  13109 [D]:  601 [T]: 2 [TH]: 9, In
2015-08-12 22:35:38 :  85> [G]: 156970 [E]: 163421 [D]: 1319 [T]: 4 [TH]: 9, In
2015-08-12 22:35:43 :  86> [G]:  45591 [E]:  67539 [D]:  500 [T]: 3 [TH]: 9, In
2015-08-12 22:35:47 :  87> [G]:  76302 [E]: 138983 [D]:  357 [T]: 2 [TH]: 9, In
2015-08-12 22:35:50 :  88> [G]:  87580 [E]:  89784 [D]:   52 [T]: 1 [TH]: 8, In
2015-08-12 22:35:56 :  89> [G]:  10902 [E]:  33372 [D]: 1038 [T]: 4 [TH]: 9, In
2015-08-12 22:36:01 :  90> [G]: 183178 [E]:  80787 [D]:  586 [T]: 4 [TH]: 9, In
2015-08-12 22:36:06 :  91> [G]:   4275 [E]: 184806 [D]: 1017 [T]: 5 [TH]: 9, In
2015-08-12 22:36:09 :  92> [G]:  29871 [E]:  50016 [D]:  838 [T]: 4 [TH]: 9, In
2015-08-12 22:36:12 :  93> [G]: 127524 [E]: 206734 [D]:  273 [T]: 1 [TH]: 8, In
2015-08-12 22:36:17 :  94> [G]: 113896 [E]: 121735 [D]: 1733 [T]: 2 [TH]: 9, In
2015-08-12 22:36:23 :  95> [G]: 157807 [E]: 178286 [D]:  754 [T]: 3 [TH]: 9, In
2015-08-12 22:36:28 :  96> [G]:  16261 [E]:  96261 [D]: 2328 [T]: 2 [TH]: 9, In
2015-08-12 22:36:33 :  97> [G]:  67491 [E]:  47859 [D]:  875 [T]:11 [TH]: 9, In
2015-08-12 22:36:38 :  98> [G]: 117811 [E]: 102809 [D]:  642 [T]: 6 [TH]: 9, In
2015-08-12 22:36:44 :  99> [G]:  99367 [E]: 142644 [D]:  601 [T]: 7 [TH]: 9, In
2015-08-12 22:36:49 : 100> [G]:  19791 [E]: 118148 [D]: 2081 [T]: 7 [TH]: 9, In
2015-08-12 22:36:56 : 101> [G]: 112382 [E]: 118259 [D]: 1048 [T]: 4 [TH]: 9, In
2015-08-12 22:36:59 : 102> [G]:  26774 [E]: 163166 [D]:  460 [T]: 2 [TH]: 8, In
2015-08-12 22:37:05 : 103> [G]:  45152 [E]:  48342 [D]:  557 [T]: 3 [TH]: 9, In
2015-08-12 22:37:10 : 104> [G]:  31107 [E]:  50084 [D]: 1217 [T]: 9 [TH]: 9, In
2015-08-12 22:37:15 : 105> [G]:  66238 [E]:  50403 [D]:   99 [T]: 1 [TH]: 9, In
2015-08-12 22:37:20 : 106> [G]:  68037 [E]:  97450 [D]:  747 [T]: 2 [TH]: 9, In
2015-08-12 22:37:25 : 107> [G]: 163973 [E]: 106853 [D]: 2030 [T]: 2 [TH]: 9, In
2015-08-12 22:37:31 : 108> [G]: 150232 [E]: 179695 [D]: 1686 [T]: 6 [TH]: 9, In
2015-08-12 22:37:36 : 109> [G]: 130196 [E]:  91229 [D]: 1536 [T]: 2 [TH]: 9, In
2015-08-12 22:37:42 : 110> [G]: 124120 [E]:  81050 [D]: 2492 [T]: 3 [TH]: 9, In
2015-08-12 22:37:46 : 111> [G]: 335823 [E]: 371136 [D]: 1646 [T]:30 [TH]:10, In
2015-08-12 22:37:52 : 112> [G]: 147489 [E]:  24472 [D]:  418 [T]: 2 [TH]: 9, In
2015-08-12 22:37:57 : 113> [G]:  57973 [E]:  18731 [D]: 1005 [T]: 6 [TH]: 9, In
2015-08-12 22:38:02 : 114> [G]:  63956 [E]:  87076 [D]:  782 [T]: 3 [TH]: 9, In
2015-08-12 22:38:07 : 115> [G]:  62294 [E]:  44559 [D]: 1292 [T]: 3 [TH]: 9, In
2015-08-12 22:38:10 : 116> [G]:  32087 [E]:  76440 [D]:  486 [T]:20 [TH]: 9, In
2015-08-12 22:38:14 : 117> [G]:  53686 [E]: 157384 [D]:  422 [T]: 1 [TH]: 9, In
2015-08-12 22:38:19 : 118> [G]:  48018 [E]: 123256 [D]:  318 [T]: 5 [TH]: 9, In
2015-08-12 22:38:24 : 119> [G]: 175258 [E]:  72150 [D]:  886 [T]: 6 [TH]: 9, In
2015-08-12 22:38:27 : 120> [G]:  51217 [E]: 201664 [D]:  488 [T]: 2 [TH]: 9, In
2015-08-12 22:38:30 : 121> [G]:  23528 [E]: 126261 [D]:  626 [T]:11 [TH]: 9, In
2015-08-12 22:38:34 : 122> [G]:  79379 [E]:  22547 [D]:  633 [T]: 5 [TH]: 9, In
2015-08-12 22:38:39 : 123> [G]:  47941 [E]: 176634 [D]:  969 [T]: 6 [TH]: 9, In
2015-08-12 22:38:45 : 124> [G]:  82547 [E]:  61423 [D]:  518 [T]: 3 [TH]: 9, In
2015-08-12 22:38:50 : 125> [G]: 274358 [E]: 425445 [D]: 2360 [T]: 4 [TH]: 9, In
2015-08-12 22:38:55 : 126> [G]:  50216 [E]:  54866 [D]:  505 [T]: 3 [TH]: 9, In
2015-08-12 22:38:59 : 127> [G]:  69675 [E]:  52893 [D]:  587 [T]:20 [TH]: 9, In
2015-08-12 22:39:03 : 128> [G]:  44110 [E]: 122497 [D]:  851 [T]: 6 [TH]: 9, In
2015-08-12 22:39:08 : 129> [G]:  42309 [E]:  42208 [D]:  481 [T]: 6 [TH]: 9, In
2015-08-12 22:39:12 : 130> [G]:  27592 [E]:  17349 [D]:  698 [T]: 5 [TH]: 9, In
2015-08-12 22:39:18 : 131> [G]:   7392 [E]: 115266 [D]:  264 [T]: 2 [TH]: 9, In
2015-08-12 22:39:22 : 132> [G]:  24118 [E]:   4955 [D]:  618 [T]: 1 [TH]: 9, In
2015-08-12 22:39:27 : 133> [G]:  76287 [E]:  64119 [D]:  535 [T]: 3 [TH]: 9, In
2015-08-12 22:39:35 : 134> [G]: 131191 [E]:  91321 [D]: 1055 [T]:14 [TH]:10, In
2015-08-12 22:39:40 : 135> [G]:  25042 [E]:  92779 [D]: 1877 [T]: 6 [TH]: 9, In
2015-08-12 22:39:44 : 136> [G]:  43641 [E]: 145644 [D]: 1958 [T]: 8 [TH]: 9, In
2015-08-12 22:39:49 : 137> [G]:  42466 [E]:  41574 [D]: 1840 [T]: 8 [TH]: 9, In
2015-08-12 22:39:54 : 138> [G]:  70478 [E]:  74701 [D]:  776 [T]: 4 [TH]: 9, In
2015-08-12 22:39:59 : 139> [G]:  60459 [E]:  29347 [D]: 1705 [T]: 6 [TH]: 9, In
2015-08-12 22:40:04 : 140> [G]: 381149 [E]: 381149 [D]: 2594 [T]: 2 [TH]: 9, In
2015-08-12 22:40:09 : 141> [G]: 106101 [E]: 388443 [D]:  984 [T]: 6 [TH]: 9, In
2015-08-12 22:40:14 : 142> [G]:  38106 [E]:  88000 [D]:  802 [T]: 2 [TH]: 9, In
2015-08-12 22:40:17 : 143> [G]:  68361 [E]:  65293 [D]:  703 [T]: 3 [TH]: 9, In
2015-08-12 22:40:23 : 144> [G]:  93170 [E]: 180129 [D]:  101 [T]: 3 [TH]: 9, In
2015-08-12 22:40:26 : 145> [G]:  48722 [E]:  49584 [D]: 2031 [T]:25 [TH]: 9, In
2015-08-12 22:40:30 : 146> [G]: 100057 [E]: 116345 [D]: 3254 [T]:19 [TH]:10, In
2015-08-12 22:40:36 : 147> [G]: 219528 [E]: 201866 [D]:  586 [T]:28 [TH]:10, In
2015-08-12 22:40:41 : 148> [G]:  89273 [E]: 115224 [D]: 1162 [T]:10 [TH]: 9, In
2015-08-12 22:40:46 : 149> [G]: 165534 [E]:  95796 [D]: 1655 [T]: 2 [TH]: 9, In
2015-08-12 22:40:51 : 150> [G]: 155369 [E]: 108862 [D]: 1305 [T]: 2 [TH]: 9, In
2015-08-12 22:40:54 : 151> [G]:  69876 [E]:  80787 [D]:  572 [T]: 1 [TH]: 8, In
2015-08-12 22:41:00 : 152> [G]: 121382 [E]:  90820 [D]:  345 [T]: 6 [TH]: 9, In
2015-08-12 22:41:05 : 153> [G]:  10219 [E]: 225698 [D]: 1047 [T]: 4 [TH]: 9, In
2015-08-12 22:41:10 : 154> [G]: 106529 [E]:  93244 [D]:  887 [T]: 3 [TH]: 9, In
2015-08-12 22:41:18 : 155> [G]: 104525 [E]: 134671 [D]: 2177 [T]:16 [TH]:10, In
2015-08-12 22:41:23 : 156> [G]:  91278 [E]:  58897 [D]:  642 [T]: 8 [TH]: 9, In
2015-08-12 22:41:26 : 157> [G]:  43020 [E]:  13965 [D]:  401 [T]:13 [TH]: 9, In
2015-08-12 22:41:30 : 158> [G]:  30486 [E]: 108093 [D]:  350 [T]: 6 [TH]: 9, In
2015-08-12 22:41:34 : 159> [G]:  83769 [E]:   2737 [D]:  633 [T]: 5 [TH]: 9, In
2015-08-12 22:41:39 : 160> [G]:  67053 [E]:  70188 [D]:  363 [T]: 3 [TH]: 9, In
2015-08-12 22:41:44 : 161> [G]: 101461 [E]:  41488 [D]:  910 [T]: 9 [TH]: 9, In
2015-08-12 22:41:50 : 162> [G]:  12369 [E]:   7984 [D]:  955 [T]: 5 [TH]: 9, In
2015-08-12 22:41:53 : 163> [G]:   2786 [E]:  84593 [D]:   94 [T]: 2 [TH]: 9, In
2015-08-12 22:41:56 : 164> [G]:  70100 [E]:  19436 [D]:  130 [T]: 7 [TH]: 9, In
2015-08-12 22:41:59 : 165> [G]: 173633 [E]: 177942 [D]:  801 [T]: 3 [TH]: 9, In
2015-08-12 22:42:05 : 166> [G]:  70806 [E]:  54711 [D]: 1837 [T]: 7 [TH]: 9, In
2015-08-12 22:42:10 : 167> [G]:  34163 [E]:  72260 [D]:  304 [T]: 4 [TH]: 9, In
2015-08-12 22:42:13 : 168> [G]: 119305 [E]: 132342 [D]: 2357 [T]: 8 [TH]: 9, In
2015-08-12 22:42:18 : 169> [G]:  11785 [E]:   9043 [D]:  461 [T]: 6 [TH]: 9, In
2015-08-12 22:42:23 : 170> [G]:  72153 [E]:  32306 [D]:  417 [T]: 3 [TH]: 9, In
2015-08-12 22:42:28 : 171> [G]:  54897 [E]:  66397 [D]:  738 [T]: 4 [TH]: 9, In
2015-08-12 22:42:34 : 172> [G]:  52850 [E]:  80666 [D]:  724 [T]: 7 [TH]: 9, In
2015-08-12 22:42:39 : 173> [G]:  56694 [E]:  85927 [D]:  504 [T]: 4 [TH]: 9, In
2015-08-12 22:42:44 : 174> [G]: 111369 [E]: 123817 [D]: 1390 [T]: 6 [TH]: 9, In
2015-08-12 22:42:49 : 175> [G]:   2919 [E]:  11801 [D]:  928 [T]: 3 [TH]: 9, In
2015-08-12 22:42:57 : 176> [G]:  74988 [E]:  51386 [D]: 2706 [T]:30 [TH]:10, In
2015-08-12 22:43:06 : 177> [G]:  82810 [E]:  94607 [D]: 2998 [T]:27 [TH]:10, In
2015-08-12 22:43:11 : 178> [G]:  97042 [E]:  92430 [D]:  521 [T]:12 [TH]: 9, In
2015-08-12 22:43:14 : 179> [G]:  46614 [E]:  42234 [D]:  270 [T]: 4 [TH]: 9, In
2015-08-12 22:43:18 : 180> [G]:  63358 [E]:  83770 [D]:  807 [T]: 3 [TH]: 9, In
2015-08-12 22:43:27 : 181> [G]:  70435 [E]:  89298 [D]: 2456 [T]:13 [TH]:10, In
2015-08-12 22:43:30 : 182> [G]:  69836 [E]:  65469 [D]:  881 [T]: 1 [TH]: 9, In
2015-08-12 22:43:35 : 183> [G]:  60820 [E]: 127314 [D]: 1295 [T]: 4 [TH]: 9, In
2015-08-12 22:43:40 : 184> [G]:  67812 [E]: 106242 [D]: 2570 [T]: 4 [TH]: 9, In
2015-08-12 22:43:43 : 185> [G]:  71462 [E]: 170603 [D]:  203 [T]:13 [TH]: 9, In
2015-08-12 22:43:47 : 186> [G]:  70331 [E]: 108500 [D]:  772 [T]: 1 [TH]: 8, In
2015-08-12 22:43:58 : 187> [G]: 104597 [E]:  85495 [D]: 1371 [T]:14 [TH]:10, In
2015-08-12 22:44:03 : 188> [G]:   4723 [E]:  85488 [D]: 1443 [T]: 4 [TH]: 9, In
2015-08-12 22:44:06 : 189> [G]:  11420 [E]: 302011 [D]: 2000 [T]: 1 [TH]: 8, In
2015-08-12 22:44:09 : 190> [G]: 161386 [E]: 189684 [D]:  227 [T]:16 [TH]:10, In
2015-08-12 22:44:14 : 191> [G]:  20347 [E]:  53678 [D]: 1343 [T]: 6 [TH]: 9, In
2015-08-12 22:44:17 : 192> [G]:  29510 [E]:  14242 [D]:  789 [T]: 7 [TH]: 9, In
2015-08-12 22:44:24 : 193> [G]:  19810 [E]:  37068 [D]:  494 [T]: 2 [TH]: 9, In
2015-08-12 22:44:30 : 194> [G]:  41368 [E]:  52467 [D]:  125 [T]: 4 [TH]: 9, In
2015-08-12 22:44:35 : 195> [G]:  48305 [E]: 119543 [D]:  609 [T]: 7 [TH]: 9, In
2015-08-12 22:44:40 : 196> [G]:  24564 [E]:  79521 [D]:  382 [T]: 8 [TH]: 9, In
2015-08-12 22:44:45 : 197> [G]:  41322 [E]:  35476 [D]:  297 [T]: 9 [TH]: 9, In
2015-08-12 22:44:50 : 198> [G]:  11441 [E]:  58152 [D]:  738 [T]: 5 [TH]: 9, In
2015-08-12 22:44:55 : 199> [G]:   9432 [E]:  88621 [D]: 1290 [T]: 2 [TH]: 9, In
2015-08-12 22:45:00 : 200> [G]:  99320 [E]:  28995 [D]: 1335 [T]: 6 [TH]: 9, In
2015-08-12 22:45:06 : 201> [G]: 150952 [E]: 180413 [D]: 1695 [T]: 6 [TH]: 9, In
2015-08-12 22:45:11 : 202> [G]:  90801 [E]:  54787 [D]:  498 [T]: 9 [TH]: 9, In
2015-08-12 22:45:16 : 203> [G]:   7904 [E]:  62485 [D]: 1273 [T]:20 [TH]: 9, In
2015-08-12 22:45:21 : 204> [G]:  54614 [E]:  44910 [D]: 1203 [T]:12 [TH]: 9, In
2015-08-12 22:45:27 : 205> [G]:  70734 [E]:  76018 [D]: 1655 [T]: 5 [TH]: 9, In
2015-08-12 22:45:32 : 206> [G]:  37447 [E]:  67534 [D]:  514 [T]: 6 [TH]: 9, In
2015-08-12 22:45:37 : 207> [G]: 113580 [E]:  36855 [D]: 1652 [T]: 8 [TH]: 9, In
2015-08-12 22:45:42 : 208> [G]:  40615 [E]: 117413 [D]: 1625 [T]: 3 [TH]: 9, In
2015-08-12 22:45:47 : 209> [G]:  64157 [E]: 329695 [D]: 1981 [T]: 3 [TH]: 9, In
2015-08-12 22:45:52 : 210> [G]:  48773 [E]:  85537 [D]:  306 [T]: 1 [TH]: 8, In
2015-08-12 22:45:57 : 211> [G]:  71702 [E]: 150269 [D]:  764 [T]: 2 [TH]: 9, In
2015-08-12 22:46:00 : 212> [G]: 120280 [E]:  94040 [D]: 1644 [T]: 8 [TH]: 9, In
2015-08-12 22:46:05 : 213> [G]: 138221 [E]: 158916 [D]: 3258 [T]:15 [TH]: 9, In
2015-08-12 22:46:10 : 214> [G]: 129155 [E]:  19739 [D]:  974 [T]: 5 [TH]: 9, In
2015-08-12 22:46:13 : 215> [G]: 161879 [E]:  50950 [D]: 1881 [T]:15 [TH]: 9, In
2015-08-12 22:46:20 : 216> [G]:  88738 [E]:  38197 [D]:  842 [T]: 3 [TH]: 9, In
2015-08-12 22:46:26 : 217> [G]: 102082 [E]: 114547 [D]: 1059 [T]: 3 [TH]: 9, In
2015-08-12 22:46:31 : 218> [G]: 112464 [E]: 130047 [D]: 2405 [T]: 2 [TH]: 9, In
2015-08-12 22:46:35 : 219> [G]:  32574 [E]:  43265 [D]:  523 [T]: 4 [TH]: 9, In
2015-08-12 22:46:39 : 220> [G]:  96430 [E]:  81440 [D]:  592 [T]:34 [TH]:10, In
2015-08-12 22:46:42 : 221> [G]:  85316 [E]: 111527 [D]: 1267 [T]:23 [TH]: -, -
2015-08-12 22:46:48 : 222> [G]:  53211 [E]:  14941 [D]: 1225 [T]: 3 [TH]: 9, In
2015-08-12 22:46:53 : 223> [G]:  22759 [E]: 108517 [D]:  702 [T]:10 [TH]: 9, In
2015-08-12 22:46:58 : 224> [G]: 103347 [E]:  35736 [D]: 1128 [T]: 3 [TH]: 9, In
2015-08-12 22:47:02 : 225> [G]:  43000 [E]:  65139 [D]:  720 [T]: 2 [TH]: 9, In
2015-08-12 22:47:05 : 226> [G]: 178815 [E]: 101759 [D]:  574 [T]:14 [TH]:10, In
2015-08-12 22:47:10 : 227> [G]:  40701 [E]:  90669 [D]:  679 [T]: 3 [TH]: 9, In
2015-08-12 22:47:15 : 228> [G]: 131416 [E]:  41953 [D]: 1754 [T]: 3 [TH]: 9, In
2015-08-12 22:47:20 : 229> [G]:  77652 [E]:  57130 [D]:  522 [T]: 3 [TH]: 9, In
2015-08-12 22:47:25 : 230> [G]:  86713 [E]: 129922 [D]: 3292 [T]: 3 [TH]: 9, In
2015-08-12 22:47:30 : 231> [G]:  84464 [E]: 107087 [D]: 1030 [T]: 3 [TH]: 9, In
2015-08-12 22:47:36 : 232> [G]:   9720 [E]:   4881 [D]:  674 [T]:10 [TH]: 9, In
2015-08-12 22:47:41 : 233> [G]:  34457 [E]: 121855 [D]:   27 [T]: 2 [TH]: 9, In
2015-08-12 22:47:49 : 234> [G]:  83464 [E]:  70380 [D]: 1254 [T]:23 [TH]:10, In
2015-08-12 22:47:53 : 235> [G]:  79019 [E]:  62276 [D]:  804 [T]:10 [TH]: 9, In
2015-08-12 22:47:58 : 236> [G]: 250262 [E]:  79697 [D]: 1211 [T]: 6 [TH]: 9, In
2015-08-12 22:48:04 : 237> [G]:  62532 [E]:  66777 [D]: 1564 [T]: 5 [TH]: 9, In
2015-08-12 22:48:09 : 238> [G]: 116511 [E]:  34428 [D]:  198 [T]: 6 [TH]: 9, In
2015-08-12 22:48:14 : 239> [G]:  37681 [E]:  57061 [D]:  431 [T]: 4 [TH]: 9, In
2015-08-12 22:48:19 : 240> [G]:  62782 [E]:  42035 [D]: 1033 [T]:10 [TH]: 9, In
2015-08-12 22:48:24 : 241> [G]: 223851 [E]: 162889 [D]: 1447 [T]: 2 [TH]: 9, In
2015-08-12 22:48:29 : 242> [G]:  62852 [E]:  58983 [D]:    2 [T]:13 [TH]: 9, In
2015-08-12 22:48:34 : 243> [G]:  28459 [E]:  90213 [D]:  777 [T]:13 [TH]: 9, In
2015-08-12 22:48:40 : 244> [G]:  80211 [E]:  68742 [D]:  788 [T]: 3 [TH]: 9, In
2015-08-12 22:48:48 : 245> [G]:  96060 [E]:  22787 [D]:  738 [T]:31 [TH]:10, In
2015-08-12 22:48:52 : 246> [G]: 122757 [E]:  37613 [D]: 1922 [T]: 3 [TH]: 9, In
2015-08-12 22:48:57 : 247> [G]:   9505 [E]: 101440 [D]:  660 [T]:11 [TH]: 9, In
2015-08-12 22:49:01 : 248> [G]:  32291 [E]:  79061 [D]:  791 [T]: 1 [TH]: 8, In
2015-08-12 22:49:09 : 249> [G]:  62625 [E]: 145746 [D]: 1912 [T]:14 [TH]:10, In
2015-08-12 22:49:14 : 250> [G]:  69870 [E]:  50711 [D]: 1171 [T]: 3 [TH]: 9, In
2015-08-12 22:49:23 : 251> [G]: 321039 [E]: 161151 [D]:  702 [T]:34 [TH]:10, In
2015-08-12 22:49:28 : 252> [G]:  26527 [E]: 115932 [D]: 1652 [T]: 4 [TH]: 9, In
2015-08-12 22:49:32 : 253> [G]: 131317 [E]:  92506 [D]:  581 [T]: 2 [TH]: 9, In
2015-08-12 22:49:37 : 254> [G]:  96995 [E]: 191206 [D]:  745 [T]: 8 [TH]: 9, In
2015-08-12 22:49:42 : 255> [G]:  12564 [E]:  52548 [D]:  415 [T]: 2 [TH]: 9, In
2015-08-12 22:49:47 : 256> [G]:   6394 [E]:  90236 [D]: 1230 [T]: 6 [TH]: 9, In
2015-08-12 22:49:52 : 257> [G]:  95460 [E]:   4431 [D]:  808 [T]: 2 [TH]: 9, In
2015-08-12 22:50:01 : 258> [G]: 135417 [E]: 109930 [D]: 3225 [T]:18 [TH]:10, In
2015-08-12 22:50:06 : 259> [G]:  20392 [E]:  10639 [D]:  297 [T]: 3 [TH]: 9, In
2015-08-12 22:50:11 : 260> [G]: 183728 [E]:  29680 [D]: 2488 [T]: 3 [TH]: 9, In
2015-08-12 22:50:16 : 261> [G]: 107543 [E]:  70090 [D]: 1187 [T]: 5 [TH]: 9, In
2015-08-12 22:50:21 : 262> [G]:  65007 [E]:  88129 [D]:  797 [T]: 3 [TH]: 9, In
2015-08-12 22:50:27 : 263> [G]:  28137 [E]: 105480 [D]: 1440 [T]: 3 [TH]: 9, In
2015-08-12 22:50:32 : 264> [G]:  80486 [E]:  23654 [D]:  651 [T]: 6 [TH]: 9, In
2015-08-12 22:50:35 : 265> [G]: 127534 [E]: 117287 [D]: 1222 [T]: 2 [TH]: 9, In
2015-08-12 22:50:41 : 266> [G]:  65194 [E]:  67145 [D]: 1497 [T]: 7 [TH]: 9, In
2015-08-12 22:50:44 : 267> [G]: 146820 [E]: 155346 [D]: 1108 [T]: 1 [TH]: 8, Out
2015-08-12 22:50:44 : ~~~~~~~~~~~~~~~ TH Outside Found! ~~~~~~~~~~~~~~~~
2015-08-12 22:50:44 : ================ Search Complete =================
2015-08-12 22:50:44 : Initiating attack for: TH Snipe
2015-08-12 22:50:48 : -Barbarians 24
2015-08-12 22:50:48 : -Archers 176
2015-08-12 22:50:48 : -Clan Castle 
2015-08-12 22:50:48 : -King 
2015-08-12 22:50:48 : -Lightning Spells 3
2015-08-12 22:50:48 : -Poison Spells 1
2015-08-12 22:50:48 :  ====== Start Attack ====== 
2015-08-12 22:50:50 : Sending 1st wave of archers.
2015-08-12 22:50:50 : Dropping first wave of 4 Archers
2015-08-12 22:50:51 : Zooming in...
2015-08-12 22:50:53 : Done zooming.
2015-08-12 22:50:54 : Scrolling to bottom...
2015-08-12 22:50:58 : Deployment of Archers Successful!
2015-08-12 22:51:00 : Dropping first wave of 18 Archers
2015-08-12 22:51:03 : Deployment of Archers Successful!
2015-08-12 22:51:14 : Townhall has been destroyed!
2015-08-12 22:51:14 : Zooming Out
2015-08-12 22:51:23 : Checking if the battle has finished
2015-08-12 22:51:25 : detected [G]:  [E]:  [DE]:  |  Exit now 
2015-08-12 22:51:25 : Battle has finished
2015-08-12 22:51:25 : Returning Home
2015-08-12 22:51:30 : Loot: [G]: 1 000 [E]: 1 000 [DE]:  [T]: 1
2015-08-12 22:51:31 : Bonus [G]: 140 000 [E]: 140 000 [DE]: 900
2015-08-12 22:51:34 : Your league level is: Master I
2015-08-12 22:51:34 : Stars earned: 1
2015-08-12 22:51:41 : Trying to locate Main Screen
2015-08-12 22:51:41 : Main Screen Located
2015-08-12 22:51:43 : Village Report
2015-08-12 22:51:43 : No. of Free/Total Builders: 0/5
2015-08-12 22:51:43 :  [T]: 3 018
2015-08-12 22:51:43 :  [G]: 5 987 140 [E]: 6 001 000 [D]: 80 000 [GEM]: 64
2015-08-12 22:51:44 : Collecting Resources
2015-08-12 22:51:52 : Checking if Village needs Rearming..
2015-08-12 22:52:03 : Checking Army Camp...
2015-08-12 22:52:05 : Total Army Camp capacity: 200/200
2015-08-12 22:52:06 :  - No. of Barbarians: 24
2015-08-12 22:52:06 :  - No. of Archers: 176
2015-08-12 22:52:06 : Training Troops...
2015-08-12 22:52:07 : Your Army Camps are now Full
2015-08-12 22:52:35 : Requesting Clan Castle Troops
2015-08-12 22:52:35 : Your Clan Castle is already full or you are not in a clan.
2015-08-12 22:52:38 : Going to Attack...
2015-08-12 22:52:44 : ============== Searching For Dead Base ===============
2015-08-12 22:52:44 : ~~~~~~~~~~~~~~~ SEARCH CONDITIONS ~~~~~~~~~~~~~~~~
2015-08-12 22:52:44 : Meet: Gold and Elixir, TH Outside
2015-08-12 22:52:44 : ~~~~~~~~~~~~~~ RESOURCE CONDITIONS ~~~~~~~~~~~~~~~
2015-08-12 22:52:44 : Aim: [G]: 999999 [E]: 999999 [D]:    0 [T]: 0, Out, Out, Out, Out, Out, Out, Out, Out, Out, Out, Out, Out, Out, Out, Out, Out, Out, Out, Out, Out, Out, Out, Out, Out, Out, Out, Out, Out, Out, Out, Out, Out, Out, Out, Out, Out, Out, Out, Out, Out, Out, Out, Out, Out, Out, Out, Out, Out, Out, Out, Out, Out, Out, Out, Out, Out, Out, Out, Out, Out, Out, Out, Out, Out, Out, Out, Out, Out, Out, Out, Out, Out, Out, Out, Out, Out, Out, Out, Out, Out, Out, Out, Out, Out, Out, Out, Out, Out, Out, Out, Out, Out, Out, Out, Out, Out, Out, Out, Out, Out, Out, Out, Out, Out, Out, Out, Out, Out, Out, Out, Out, Out, Out, Out, Out, Out, Out, Out, Out, Out, Out, Out, Out, Out, Out, Out, Out, Out, Out, Out, Out, Out, Out, Out, Out, Out for: Dead Base
2015-08-12 22:52:44 : ~~~~~~~~~~~~~~~ ADVANCED SETTINGS ~~~~~~~~~~~~~~~~
2015-08-12 22:52:44 : THSnipe Combo, 1 Tile(s), 
2015-08-12 22:52:44 : ==================================================
2015-08-12 22:52:50 :   1> [G]:   9325 [E]: 134377 [D]:  739 [T]:19 [TH]:10, In
2015-08-12 22:53:03 :   2> [G]:  71995 [E]: 100342 [D]: 1243 [T]:19 [TH]:10, In
2015-08-12 22:53:08 :   3> [G]:  43407 [E]: 133249 [D]: 2144 [T]: 9 [TH]: 9, In
2015-08-12 22:53:12 :   4> [G]:  74878 [E]:  97328 [D]:   83 [T]:20 [TH]:10, In
2015-08-12 22:53:20 :   5> [G]: 308195 [E]: 147120 [D]: 3048 [T]:21 [TH]:10, In
2015-08-12 22:53:24 :   6> [G]: 210088 [E]: 371161 [D]: 1299 [T]:28 [TH]:10, In
2015-08-12 22:53:30 :   7> [G]:  30233 [E]: 151050 [D]: 1525 [T]: 6 [TH]: 9, In
2015-08-12 22:53:33 :   8> [G]: 138078 [E]:  96097 [D]:  140 [T]:11 [TH]: 9, In
2015-08-12 22:53:38 :   9> [G]: 102446 [E]:  95716 [D]:  700 [T]: 4 [TH]: 9, In
2015-08-12 22:53:43 :  10> [G]: 128695 [E]: 127273 [D]:  829 [T]: 4 [TH]: 9, In
2015-08-12 22:53:50 :  11> [G]:  76015 [E]:  68062 [D]:  626 [T]: 4 [TH]: 9, In
2015-08-12 22:53:55 :  12> [G]:  98406 [E]:  31632 [D]: 1460 [T]: 3 [TH]: 9, In
2015-08-12 22:54:00 :  13> [G]:  34580 [E]: 103306 [D]:   73 [T]: 4 [TH]: 9, In
2015-08-12 22:54:09 :  14> [G]:  32721 [E]: 142951 [D]:  596 [T]:21 [TH]:10, In
2015-08-12 22:54:13 :  15> [G]:  33036 [E]:  55037 [D]: 1594 [T]: 6 [TH]: 9, In
2015-08-12 22:54:18 :  16> [G]:  61283 [E]:  28114 [D]: 1071 [T]: 8 [TH]: 9, In
2015-08-12 22:54:23 :  17> [G]:  38522 [E]: 129899 [D]:  673 [T]: 1 [TH]: 8, In
2015-08-12 22:54:27 :  18> [G]: 151560 [E]: 164553 [D]:  552 [T]: 2 [TH]: 9, In
2015-08-12 22:54:33 :  19> [G]:  57495 [E]:  29484 [D]: 1008 [T]: 9 [TH]: 9, In
2015-08-12 22:54:37 :  20> [G]:  63963 [E]:  89505 [D]: 1550 [T]: 5 [TH]: 9, In
2015-08-12 22:54:43 :  21> [G]:  25141 [E]:  28601 [D]: 1800 [T]: 2 [TH]: 9, In
2015-08-12 22:54:48 :  22> [G]:  50083 [E]: 241868 [D]: 1416 [T]: 4 [TH]: 9, In
2015-08-12 22:54:52 : ClashGameBot was Paused!
