2015-08-14 10:14:25 : ~~ Clash Game Bot v4.1.1 Powered by GameBot.org ~~
2015-08-14 10:14:25 : GameBot.org.exe Executable running on WIN_7  X64
2015-08-14 10:14:25 : =================== Bot Start ====================
2015-08-14 10:14:25 : -------------------------  Current Profile: 03 --------------------------
2015-08-14 10:14:25 : Trying to locate Main Screen
2015-08-14 10:14:25 : Main Screen Located
2015-08-14 10:14:27 : Detecting your Buildings..
2015-08-14 10:14:27 : Language setting is English: Correct.
2015-08-14 10:14:28 : Trying to locate Main Screen
2015-08-14 10:14:28 : Main Screen Located
2015-08-14 10:14:30 : Village Report
2015-08-14 10:14:30 : No. of Free/Total Builders: 0/5
2015-08-14 10:14:30 :  [T]: 3 158
2015-08-14 10:14:30 :  [G]: 5 874 560 [E]: 5 981 050 [D]: 80 000 [GEM]: 64
2015-08-14 10:14:31 : Collecting Resources
2015-08-14 10:14:39 : Checking if Village needs Rearming..
2015-08-14 10:14:48 : Checking Army Camp...
2015-08-14 10:14:50 : Total Army Camp capacity: 200/200
2015-08-14 10:14:51 :  - No. of Barbarians: 51
2015-08-14 10:14:52 :  - No. of Archers: 89
2015-08-14 10:14:52 :  - No. of Giants: 12
2015-08-14 10:14:52 : Barracks and Spell factory status: 
2015-08-14 10:14:52 : - Barracks detected: 4 | Available: 4 | Upgrading: 0
2015-08-14 10:14:52 : - Dark Barracks detected: 2 | Available: 1 | Upgrading: 1
2015-08-14 10:14:52 : - Spell factory detected: 1 | Available: 1 | Upgrading: 0
2015-08-14 10:14:52 : - Dark Spell factory detected: 1 | Available: 1 | Upgrading: 0
2015-08-14 10:14:52 : Training Troops...
2015-08-14 10:14:53 : Your Army Camps are now Full
2015-08-14 10:15:18 : Requesting Clan Castle Troops
2015-08-14 10:15:19 : Your Clan Castle is already full or you are not in a clan.
2015-08-14 10:15:22 : Going to Attack...
2015-08-14 10:15:28 : ============== Searching For Dead Base ===============
2015-08-14 10:15:28 : ~~~~~~~~~~~~~~~ SEARCH CONDITIONS ~~~~~~~~~~~~~~~~
2015-08-14 10:15:28 : Meet: Gold and Elixir, TH Outside
2015-08-14 10:15:28 : ~~~~~~~~~~~~~~ RESOURCE CONDITIONS ~~~~~~~~~~~~~~~
2015-08-14 10:15:28 : Aim: [G]: 999999 [E]: 999999 [D]:    0 [T]: 0, Out, Out, Out, Out, Out, Out, Out, Out, Out, Out, Out, Out, Out, Out, Out, Out, Out, Out, Out, Out, Out, Out, Out, Out, Out, Out, Out, Out, Out, Out, Out, Out, Out, Out, Out, Out, Out, Out, Out, Out, Out, Out, Out, Out, Out, Out, Out, Out, Out, Out, Out, Out, Out, Out, Out, Out, Out, Out, Out, Out, Out, Out, Out, Out, Out, Out, Out, Out, Out, Out, Out, Out, Out, Out, Out, Out, Out, Out, Out, Out, Out, Out, Out, Out, Out, Out, Out, Out, Out, Out, Out, Out, Out, Out, Out, Out, Out, Out, Out, Out, Out, Out, Out, Out, Out, Out for: Dead Base
2015-08-14 10:15:28 : ~~~~~~~~~~~~~~~ ADVANCED SETTINGS ~~~~~~~~~~~~~~~~
2015-08-14 10:15:28 : THSnipe Combo, 1 Tile(s), 
2015-08-14 10:15:28 : ==================================================
2015-08-14 10:15:35 :   1> [G]:  92690 [E]: 165632 [D]:  725 [T]:32 [TH]:10, In
2015-08-14 10:15:44 :   2> [G]: 101828 [E]: 403029 [D]: 1289 [T]:23 [TH]:10, Out
2015-08-14 10:15:44 : ~~~~~~~~~~~~~~~ TH Outside Found! ~~~~~~~~~~~~~~~~
2015-08-14 10:15:45 : ================ Search Complete =================
2015-08-14 10:15:45 : Initiating attack for: TH Snipe
2015-08-14 10:15:48 : -Barbarians 51
2015-08-14 10:15:48 : -Archers 89
2015-08-14 10:15:48 : -Giants 12
2015-08-14 10:15:48 : -Clan Castle 
2015-08-14 10:15:48 : -King 
2015-08-14 10:15:48 : -Lightning Spells 3
2015-08-14 10:15:48 : -Poison Spells 1
2015-08-14 10:15:48 :  ====== Start Attack ====== 
2015-08-14 10:15:50 : Sending 1st wave of archers.
2015-08-14 10:15:50 : Dropping first wave of 4 Archers
2015-08-14 10:15:51 : Zooming in...
2015-08-14 10:15:54 : Done zooming.
2015-08-14 10:15:55 : Scrolling to bottom...
2015-08-14 10:15:59 : Deployment of Archers Successful!
2015-08-14 10:16:01 : Dropping first wave of 18 Archers
2015-08-14 10:16:05 : Deployment of Archers Successful!
2015-08-14 10:16:18 : Townhall has been destroyed!
2015-08-14 10:16:18 : Zooming Out
2015-08-14 10:16:28 : Checking if the battle has finished
2015-08-14 10:16:30 : detected [G]:  [E]:  [DE]:  |  Exit now 
2015-08-14 10:16:30 : Battle has finished
2015-08-14 10:16:30 : Returning Home
2015-08-14 10:16:34 : Loot: [G]: 1 000 [E]: 1 000 [DE]:  [T]: 7
2015-08-14 10:16:35 : Bonus [G]: 140 000 [E]: 140 000 [DE]: 900
2015-08-14 10:16:37 : Your league level is: Master I
2015-08-14 10:16:37 : Stars earned: 1
2015-08-14 10:16:45 : Trying to locate Main Screen
2015-08-14 10:16:45 : Main Screen Located
2015-08-14 10:16:47 : Village Report
2015-08-14 10:16:47 : No. of Free/Total Builders: 0/5
2015-08-14 10:16:47 :  [T]: 3 165
2015-08-14 10:16:47 :  [G]: 6 001 000 [E]: 6 001 000 [D]: 80 000 [GEM]: 64
2015-08-14 10:16:47 : Collecting Resources
2015-08-14 10:16:56 : Checking if Village needs Rearming..
2015-08-14 10:17:06 : Checking Army Camp...
2015-08-14 10:17:08 : Total Army Camp capacity: 195/200
2015-08-14 10:17:09 :  - No. of Barbarians: 51
2015-08-14 10:17:09 :  - No. of Archers: 84
2015-08-14 10:17:09 :  - No. of Giants: 12
2015-08-14 10:17:09 : Barracks and Spell factory status: 
2015-08-14 10:17:09 : - Barracks detected: 4 | Available: 4 | Upgrading: 0
2015-08-14 10:17:09 : - Dark Barracks detected: 2 | Available: 1 | Upgrading: 1
2015-08-14 10:17:09 : - Spell factory detected: 1 | Available: 1 | Upgrading: 0
2015-08-14 10:17:09 : - Dark Spell factory detected: 1 | Available: 1 | Upgrading: 0
2015-08-14 10:17:09 : Training Troops...
2015-08-14 10:17:10 : Your Army Camps are now Full
2015-08-14 10:17:32 : Requesting Clan Castle Troops
2015-08-14 10:17:32 : Your Clan Castle is already full or you are not in a clan.
2015-08-14 10:17:35 : Going to Attack...
2015-08-14 10:17:41 : ============== Searching For Dead Base ===============
2015-08-14 10:17:41 : ~~~~~~~~~~~~~~~ SEARCH CONDITIONS ~~~~~~~~~~~~~~~~
2015-08-14 10:17:41 : Meet: Gold and Elixir, TH Outside
2015-08-14 10:17:41 : ~~~~~~~~~~~~~~ RESOURCE CONDITIONS ~~~~~~~~~~~~~~~
2015-08-14 10:17:41 : Aim: [G]: 999999 [E]: 999999 [D]:    0 [T]: 0, Out, Out, Out, Out, Out, Out, Out, Out, Out, Out, Out, Out, Out, Out, Out, Out, Out, Out, Out, Out, Out, Out, Out, Out, Out, Out, Out, Out, Out, Out, Out, Out, Out, Out, Out, Out, Out, Out, Out, Out, Out, Out, Out, Out, Out, Out, Out, Out, Out, Out, Out, Out, Out, Out, Out, Out, Out, Out, Out, Out, Out, Out, Out, Out, Out, Out, Out, Out, Out, Out, Out, Out, Out, Out, Out, Out, Out, Out, Out, Out, Out, Out, Out, Out, Out, Out, Out, Out, Out, Out, Out, Out, Out, Out, Out, Out, Out, Out, Out, Out, Out, Out, Out, Out, Out, Out, Out for: Dead Base
2015-08-14 10:17:41 : ~~~~~~~~~~~~~~~ ADVANCED SETTINGS ~~~~~~~~~~~~~~~~
2015-08-14 10:17:41 : THSnipe Combo, 1 Tile(s), 
2015-08-14 10:17:41 : ==================================================
2015-08-14 10:17:45 :   1> [G]:  28964 [E]:  22427 [D]: 1529 [T]:13 [TH]:10, In
2015-08-14 10:17:54 :   2> [G]:  58832 [E]: 128960 [D]: 2083 [T]:27 [TH]:10, In
2015-08-14 10:18:02 :   3> [G]:  47047 [E]: 102271 [D]: 2440 [T]:34 [TH]:10, In
2015-08-14 10:18:07 :   4> [G]:  61549 [E]:  94838 [D]:  653 [T]: 7 [TH]: 9, In
2015-08-14 10:18:11 :   5> [G]:  90675 [E]: 150776 [D]:  332 [T]: 6 [TH]: 9, In
2015-08-14 10:18:18 :   6> [G]: 166623 [E]: 113768 [D]: 1617 [T]: 4 [TH]: 9, In
2015-08-14 10:18:24 :   7> [G]:  28432 [E]: 136604 [D]:  555 [T]: 3 [TH]: 9, Out
2015-08-14 10:18:24 : ~~~~~~~~~~~~~~~ TH Outside Found! ~~~~~~~~~~~~~~~~
2015-08-14 10:18:25 : ================ Search Complete =================
2015-08-14 10:18:25 : Initiating attack for: TH Snipe
2015-08-14 10:18:28 : -Barbarians 51
2015-08-14 10:18:28 : -Archers 88
2015-08-14 10:18:28 : -Giants 12
2015-08-14 10:18:28 : -Clan Castle 
2015-08-14 10:18:28 : -King 
2015-08-14 10:18:28 : -Lightning Spells 3
2015-08-14 10:18:28 : -Poison Spells 1
2015-08-14 10:18:28 :  ====== Start Attack ====== 
2015-08-14 10:18:30 : Sending 1st wave of archers.
2015-08-14 10:18:30 : Dropping first wave of 4 Archers
2015-08-14 10:18:31 : Zooming in...
2015-08-14 10:18:34 : Done zooming.
2015-08-14 10:18:34 : Scrolling to bottom...
2015-08-14 10:18:39 : Deployment of Archers Successful!
2015-08-14 10:18:41 : Dropping first wave of 15 Archers
2015-08-14 10:18:44 : Deployment of Archers Successful!
2015-08-14 10:18:56 : Townhall has been destroyed!
2015-08-14 10:18:56 : Zooming Out
2015-08-14 10:19:03 : BS Error window detected
2015-08-14 10:19:03 : Another Device has connected, waiting 2 minutes 0 seconds
2015-08-14 10:21:05 : Error window cleared, continue Zoom out
2015-08-14 10:21:40 : Checking if the battle has finished
2015-08-14 10:21:42 : detected [G]:  [E]:  [DE]:  |  Exit now 
2015-08-14 10:21:42 : Battle has finished
2015-08-14 10:21:42 : Returning Home
2015-08-14 10:22:25 : End of Attack scene slow to appear, attack values my not be correct
2015-08-14 10:22:38 : End of Attack scene read gold error, attack values my not be correct
2015-08-14 10:22:39 : Loot: [G]:  [E]:  [DE]:  [T]: 
2015-08-14 10:22:39 : Bonus [G]:  [E]: 
2015-08-14 10:22:42 : Stars earned: 0
2015-08-14 10:24:25 : Cannot return home.
2015-08-14 10:24:25 : Trying to locate Main Screen
2015-08-14 10:24:29 : Waiting for Main Screen
2015-08-14 10:24:34 : Zooming Out
2015-08-14 10:24:37 : Main Screen Located
2015-08-14 10:24:41 : Trying to locate Main Screen
2015-08-14 10:24:41 : Main Screen Located
2015-08-14 10:24:42 : Village Report
2015-08-14 10:24:42 : No. of Free/Total Builders: 0/5
2015-08-14 10:24:43 :  [T]: 3 149
2015-08-14 10:24:43 :  [G]: 000 000 [E]: 6 000 000 [D]: 80 000 [GEM]: 64
2015-08-14 10:24:43 : Collecting Resources
2015-08-14 10:24:52 : Checking if Village needs Rearming..
2015-08-14 10:25:02 : Checking Army Camp...
2015-08-14 10:25:03 : Total Army Camp capacity: 200/200
2015-08-14 10:25:04 :  - No. of Barbarians: 51
2015-08-14 10:25:05 :  - No. of Archers: 89
2015-08-14 10:25:05 :  - No. of Giants: 12
2015-08-14 10:25:05 : Barracks and Spell factory status: 
2015-08-14 10:25:05 : - Barracks detected: 4 | Available: 4 | Upgrading: 0
2015-08-14 10:25:05 : - Dark Barracks detected: 2 | Available: 1 | Upgrading: 1
2015-08-14 10:25:05 : - Spell factory detected: 1 | Available: 1 | Upgrading: 0
2015-08-14 10:25:05 : - Dark Spell factory detected: 1 | Available: 1 | Upgrading: 0
2015-08-14 10:25:05 : Training Troops...
2015-08-14 10:25:06 : Your Army Camps are now Full
2015-08-14 10:25:30 : Requesting Clan Castle Troops
2015-08-14 10:25:31 : Your Clan Castle is already full or you are not in a clan.
2015-08-14 10:25:34 : Going to Attack...
2015-08-14 10:25:40 : ============== Searching For Dead Base ===============
2015-08-14 10:25:40 : ~~~~~~~~~~~~~~~ SEARCH CONDITIONS ~~~~~~~~~~~~~~~~
2015-08-14 10:25:40 : Meet: Gold and Elixir, TH Outside
2015-08-14 10:25:40 : ~~~~~~~~~~~~~~ RESOURCE CONDITIONS ~~~~~~~~~~~~~~~
2015-08-14 10:25:40 : Aim: [G]: 999999 [E]: 999999 [D]:    0 [T]: 0, Out, Out, Out, Out, Out, Out, Out, Out, Out, Out, Out, Out, Out, Out, Out, Out, Out, Out, Out, Out, Out, Out, Out, Out, Out, Out, Out, Out, Out, Out, Out, Out, Out, Out, Out, Out, Out, Out, Out, Out, Out, Out, Out, Out, Out, Out, Out, Out, Out, Out, Out, Out, Out, Out, Out, Out, Out, Out, Out, Out, Out, Out, Out, Out, Out, Out, Out, Out, Out, Out, Out, Out, Out, Out, Out, Out, Out, Out, Out, Out, Out, Out, Out, Out, Out, Out, Out, Out, Out, Out, Out, Out, Out, Out, Out, Out, Out, Out, Out, Out, Out, Out, Out, Out, Out, Out, Out, Out for: Dead Base
2015-08-14 10:25:40 : ~~~~~~~~~~~~~~~ ADVANCED SETTINGS ~~~~~~~~~~~~~~~~
2015-08-14 10:25:40 : THSnipe Combo, 1 Tile(s), 
2015-08-14 10:25:40 : ==================================================
2015-08-14 10:25:48 :   1> [G]: 137662 [E]:  96739 [D]: 1093 [T]:14 [TH]:10, In
2015-08-14 10:25:58 :   2> [G]: 154253 [E]: 145882 [D]: 1556 [T]:14 [TH]:10, In
2015-08-14 10:26:06 :   3> [G]: 239763 [E]: 160544 [D]: 3430 [T]:26 [TH]:10, In
2015-08-14 10:26:14 :   4> [G]:  70475 [E]: 119008 [D]: 1220 [T]: 4 [TH]: 9, In
2015-08-14 10:26:17 :   5> [G]:  82240 [E]: 100335 [D]:  762 [T]: 6 [TH]: 9, In
2015-08-14 10:26:22 :   6> [G]: 158561 [E]: 125196 [D]: 1497 [T]: 3 [TH]: 9, In
2015-08-14 10:26:28 :   7> [G]:  33608 [E]: 107809 [D]:  380 [T]: 3 [TH]: 9, In
2015-08-14 10:26:33 :   8> [G]:  53316 [E]:   7881 [D]:  131 [T]: 2 [TH]: 9, In
2015-08-14 10:26:39 :   9> [G]:  96632 [E]:   7238 [D]:  566 [T]: 1 [TH]: 9, In
2015-08-14 10:26:47 :  10> [G]:  41119 [E]:  43710 [D]: 3675 [T]:32 [TH]:10, In
2015-08-14 10:26:55 :  11> [G]:  96461 [E]:  92056 [D]: 1829 [T]:17 [TH]: -, -
2015-08-14 10:27:01 :  12> [G]:  35975 [E]: 113151 [D]:  688 [T]: 2 [TH]: 9, In
2015-08-14 10:27:12 :  13> [G]:  40756 [E]:  73249 [D]: 1302 [T]:23 [TH]:10, In
2015-08-14 10:27:17 :  14> [G]:  85031 [E]:  78744 [D]: 2371 [T]: 3 [TH]: 9, In
2015-08-14 10:27:23 :  15> [G]:  33372 [E]:  34441 [D]:  870 [T]: 3 [TH]: 9, In
2015-08-14 10:27:26 :  16> [G]:   9201 [E]:  55914 [D]:   83 [T]: 2 [TH]: 9, In
2015-08-14 10:27:31 :  17> [G]:  47310 [E]: 103504 [D]:  238 [T]: 3 [TH]: 9, In
2015-08-14 10:27:34 :  18> [G]:  65899 [E]:  85512 [D]:  950 [T]: 2 [TH]: 9, In
2015-08-14 10:27:41 :  19> [G]:  60029 [E]:   6546 [D]:  833 [T]: 1 [TH]: 9, In
2015-08-14 10:27:48 :  20> [G]: 109133 [E]:  37552 [D]:  875 [T]: 2 [TH]: 9, In
2015-08-14 10:27:57 :  21> [G]: 106028 [E]: 108418 [D]: 1533 [T]:28 [TH]:10, In
2015-08-14 10:28:02 :  22> [G]:  39951 [E]:  14961 [D]: 1004 [T]: 4 [TH]: -, -
2015-08-14 10:28:11 :  23> [G]:  22172 [E]:  50167 [D]:  655 [T]:33 [TH]:10, In
2015-08-14 10:28:17 :  24> [G]:  50581 [E]: 353845 [D]: 2486 [T]: 3 [TH]: 9, In
2015-08-14 10:28:25 :  25> [G]: 282671 [E]: 153937 [D]: 2405 [T]:17 [TH]:10, In
2015-08-14 10:28:31 :  26> [G]:  28219 [E]: 245587 [D]: 2105 [T]: 1 [TH]: 9, In
2015-08-14 10:28:36 :  27> [G]:  22347 [E]: 101519 [D]:  137 [T]: 2 [TH]: -, -
2015-08-14 10:28:40 :  28> [G]:  12446 [E]:  66393 [D]: 2266 [T]:34 [TH]:10, In
2015-08-14 10:28:45 :  29> [G]:  17290 [E]: 171400 [D]:  405 [T]: 2 [TH]: 9, In
2015-08-14 10:28:48 :  30> [G]:  88451 [E]: 100102 [D]:  893 [T]: 3 [TH]: 9, In
2015-08-14 10:28:55 :  31> [G]:  45531 [E]:  94654 [D]:  483 [T]: 1 [TH]: 9, In
2015-08-14 10:29:02 :  32> [G]:  57919 [E]:  20950 [D]: 1337 [T]: 1 [TH]: 9, In
2015-08-14 10:29:06 :  33> [G]:  15780 [E]: 168962 [D]:  993 [T]: 5 [TH]: 9, In
2015-08-14 10:29:11 :  34> [G]:  40431 [E]:  12359 [D]:  202 [T]: 1 [TH]: 9, In
2015-08-14 10:29:17 :  35> [G]:  15090 [E]:  71694 [D]: 1034 [T]: 1 [TH]: 9, In
2015-08-14 10:29:25 :  36> [G]:  57550 [E]:  48764 [D]:  907 [T]: 1 [TH]: 9, In
2015-08-14 10:29:30 :  37> [G]:  30480 [E]:  59040 [D]:  212 [T]: 3 [TH]: 9, In
2015-08-14 10:29:34 :  38> [G]: 123112 [E]:  53129 [D]:  977 [T]: 1 [TH]: 9, In
2015-08-14 10:29:38 :  39> [G]:    505 [E]:   1927 [D]:  217 [T]: 4 [TH]: 9, In
2015-08-14 10:29:44 :  40> [G]:  22408 [E]:  14969 [D]:  701 [T]: 1 [TH]: 9, In
2015-08-14 10:29:53 :  41> [G]: 127654 [E]: 431259 [D]: 3720 [T]:31 [TH]:10, In
2015-08-14 10:29:58 :  42> [G]:  57992 [E]:  63337 [D]:  880 [T]: 3 [TH]: 9, In
2015-08-14 10:30:06 :  43> [G]:  69903 [E]:  61444 [D]: 2274 [T]:33 [TH]:10, In
2015-08-14 10:30:10 :  44> [G]:  24535 [E]:  29678 [D]:  215 [T]: 2 [TH]: 9, In
2015-08-14 10:30:14 :  45> [G]: 209156 [E]: 167560 [D]: 1245 [T]: 1 [TH]: 9, In
2015-08-14 10:30:22 :  46> [G]:   3480 [E]:  16002 [D]:   74 [T]: 1 [TH]: 9, In
2015-08-14 10:30:27 :  47> [G]:  37273 [E]: 116174 [D]:  898 [T]: 2 [TH]: 9, In
2015-08-14 10:30:31 :  48> [G]:  69495 [E]:  51123 [D]: 1703 [T]: 1 [TH]: 9, In
2015-08-14 10:30:36 :  49> [G]: 143549 [E]:  38938 [D]:  322 [T]: 1 [TH]: 9, In
2015-08-14 10:30:41 :  50> [G]:  94634 [E]:  37016 [D]: 1045 [T]: 3 [TH]: 9, In
2015-08-14 10:30:47 :  51> [G]:  21865 [E]:   7725 [D]:   52 [T]: 1 [TH]: 9, In
2015-08-14 10:30:50 :  52> [G]: 179798 [E]: 332990 [D]: 2010 [T]: 6 [TH]: 8, In
2015-08-14 10:30:54 :  53> [G]:  45563 [E]:  42671 [D]:  635 [T]: 2 [TH]: 9, In
2015-08-14 10:31:03 :  54> [G]: 136936 [E]:  68763 [D]:  966 [T]:29 [TH]:10, In
2015-08-14 10:31:10 :  55> [G]:  19925 [E]: 140077 [D]:  234 [T]: 1 [TH]: 9, In
2015-08-14 10:31:15 :  56> [G]: 132049 [E]: 109240 [D]:  969 [T]: 5 [TH]: 9, In
2015-08-14 10:31:23 :  57> [G]:  16750 [E]: 117062 [D]: 1482 [T]:23 [TH]:10, In
2015-08-14 10:31:29 :  58> [G]:  54644 [E]:  10550 [D]: 1651 [T]: 8 [TH]: 9, In
2015-08-14 10:31:34 :  59> [G]:   9473 [E]:  39492 [D]: 1893 [T]: 4 [TH]: 9, In
2015-08-14 10:31:41 :  60> [G]:  43763 [E]: 152638 [D]:  999 [T]: 1 [TH]: 9, In
2015-08-14 10:31:46 :  61> [G]:  75492 [E]:  66375 [D]:  116 [T]: 2 [TH]: 9, In
2015-08-14 10:31:52 :  62> [G]:  41691 [E]:  32642 [D]: 1585 [T]: 3 [TH]: 9, In
2015-08-14 10:31:57 :  63> [G]:  61465 [E]:  32151 [D]:  709 [T]: 1 [TH]: 9, In
2015-08-14 10:32:02 :  64> [G]: 182635 [E]:  80936 [D]: 1723 [T]: 1 [TH]: 9, In
2015-08-14 10:32:07 :  65> [G]: 117820 [E]:  32760 [D]:  996 [T]: 1 [TH]: 9, In
2015-08-14 10:32:14 :  66> [G]:  47160 [E]:  42492 [D]: 1068 [T]: 1 [TH]: 9, In
2015-08-14 10:32:19 :  67> [G]:  66547 [E]: 110841 [D]: 1709 [T]: 2 [TH]: 9, In
2015-08-14 10:32:24 :  68> [G]: 172585 [E]:  26071 [D]: 2496 [T]: 8 [TH]: 9, In
2015-08-14 10:32:32 :  69> [G]: 168580 [E]:  39293 [D]: 1257 [T]:17 [TH]:10, In
2015-08-14 10:32:35 :  70> [G]:  23158 [E]:  61493 [D]: 1279 [T]: 1 [TH]: 9, In
2015-08-14 10:32:41 :  71> [G]:  30382 [E]:  85181 [D]:  894 [T]: 1 [TH]: 9, In
2015-08-14 10:32:46 :  72> [G]:  33090 [E]:  92323 [D]:  810 [T]: 1 [TH]: 9, In
2015-08-14 10:32:52 :  73> [G]:  51420 [E]:  52235 [D]: 1804 [T]: 1 [TH]: 9, In
2015-08-14 10:33:01 :  74> [G]:  33114 [E]: 115645 [D]:  861 [T]:13 [TH]:10, In
2015-08-14 10:33:09 :  75> [G]:  31428 [E]:  93583 [D]:  510 [T]:13 [TH]:10, In
2015-08-14 10:33:13 :  76> [G]:  69019 [E]:  41773 [D]:  614 [T]: 1 [TH]: 9, In
2015-08-14 10:33:19 :  77> [G]: 105370 [E]:  36556 [D]:  344 [T]: 5 [TH]: 9, In
2015-08-14 10:33:28 :  78> [G]: 188109 [E]: 314565 [D]: 3309 [T]:28 [TH]:10, In
2015-08-14 10:33:33 :  79> [G]:   9790 [E]:  65356 [D]:  778 [T]: 5 [TH]: 9, In
2015-08-14 10:33:38 :  80> [G]: 130567 [E]:  59585 [D]:  353 [T]: 2 [TH]: 9, In
2015-08-14 10:33:47 :  81> [G]:  66571 [E]: 170666 [D]: 1260 [T]:19 [TH]:10, In
2015-08-14 10:33:54 :  82> [G]: 115484 [E]: 146892 [D]:  972 [T]: 2 [TH]: 9, In
2015-08-14 10:34:02 :  83> [G]:  88248 [E]:  11626 [D]:   85 [T]:17 [TH]:10, In
2015-08-14 10:34:09 :  84> [G]:  59210 [E]:  34622 [D]:  402 [T]:33 [TH]:10, In
2015-08-14 10:34:17 :  85> [G]:   3883 [E]: 101478 [D]:  817 [T]: 1 [TH]: 9, In
2015-08-14 10:34:25 :  86> [G]:  31564 [E]:  89144 [D]: 2581 [T]:18 [TH]:10, In
2015-08-14 10:34:29 :  87> [G]:  81756 [E]:  17451 [D]:  347 [T]: 1 [TH]: 9, In
2015-08-14 10:34:38 :  88> [G]:  65246 [E]: 249499 [D]: 1368 [T]:19 [TH]:10, In
2015-08-14 10:34:44 :  89> [G]: 148507 [E]:  94859 [D]: 1438 [T]: 1 [TH]: 9, In
2015-08-14 10:34:54 :  90> [G]:  55818 [E]:  52076 [D]: 1088 [T]:17 [TH]:10, In
2015-08-14 10:34:58 :  91> [G]: 109083 [E]: 100252 [D]: 1291 [T]: 2 [TH]: 9, In
2015-08-14 10:35:04 :  92> [G]:  18721 [E]:  71847 [D]: 1679 [T]: 1 [TH]: 9, In
2015-08-14 10:35:09 :  93> [G]:  55299 [E]: 129876 [D]:  282 [T]: 2 [TH]: 9, In
2015-08-14 10:35:15 :  94> [G]:  36988 [E]: 110778 [D]: 1210 [T]: 6 [TH]: 9, In
2015-08-14 10:35:24 :  95> [G]: 174762 [E]: 200753 [D]: 1035 [T]:25 [TH]:10, In
2015-08-14 10:35:27 :  96> [G]:  60162 [E]: 159186 [D]: 1370 [T]: 3 [TH]: 9, In
2015-08-14 10:35:34 :  97> [G]:  56232 [E]:  27483 [D]:  945 [T]: 1 [TH]: 9, In
2015-08-14 10:35:42 :  98> [G]: 132001 [E]: 173713 [D]: 3426 [T]:25 [TH]:10, In
2015-08-14 10:35:49 :  99> [G]: 122212 [E]: 140903 [D]: 1079 [T]: 1 [TH]: 9, In
2015-08-14 10:35:53 : 100> [G]: 100507 [E]:  79846 [D]:  872 [T]: 2 [TH]: 9, In
2015-08-14 10:35:59 : 101> [G]: 110120 [E]: 107273 [D]:  789 [T]: 4 [TH]: 9, In
2015-08-14 10:36:03 : 102> [G]:  35971 [E]:  53280 [D]:  604 [T]: 4 [TH]: 9, In
2015-08-14 10:36:08 : 103> [G]:  69206 [E]:  59407 [D]: 1176 [T]: 1 [TH]: 9, In
2015-08-14 10:36:14 : 104> [G]:  11146 [E]:  43833 [D]:  387 [T]: 1 [TH]: 9, In
2015-08-14 10:36:20 : 105> [G]:  88436 [E]:  27345 [D]:  914 [T]: 1 [TH]: 9, In
2015-08-14 10:36:24 : 106> [G]:  51564 [E]:  88556 [D]:  533 [T]: 1 [TH]: 9, In
2015-08-14 10:36:28 : 107> [G]:  70260 [E]: 137392 [D]:  628 [T]: 1 [TH]: 9, In
2015-08-14 10:36:33 : 108> [G]:  17717 [E]: 127892 [D]:  565 [T]: 1 [TH]: 9, In
2015-08-14 10:36:41 : 109> [G]:  70760 [E]:  83971 [D]: 1983 [T]:18 [TH]:10, In
2015-08-14 10:36:45 : 110> [G]:  42402 [E]: 139733 [D]:  878 [T]: 1 [TH]: 8, In
2015-08-14 10:36:52 : 111> [G]:  28030 [E]: 177906 [D]:  654 [T]: 3 [TH]: 9, In
2015-08-14 10:36:57 : 112> [G]:  51075 [E]:  12400 [D]: 1643 [T]: 3 [TH]: 9, In
2015-08-14 10:37:06 : 113> [G]:  97167 [E]:  47773 [D]: 2213 [T]:24 [TH]:10, In
2015-08-14 10:37:09 : 114> [G]:  79779 [E]:  68679 [D]: 1401 [T]: 5 [TH]: 9, In
2015-08-14 10:37:14 : 115> [G]:  83272 [E]: 101367 [D]:  776 [T]: 6 [TH]: 9, In
2015-08-14 10:37:19 : 116> [G]:  50604 [E]:  75075 [D]:  456 [T]: 2 [TH]: 9, In
2015-08-14 10:37:23 : 117> [G]:  90895 [E]:  78803 [D]: 1939 [T]: 2 [TH]: 9, In
2015-08-14 10:37:27 : 118> [G]:  48321 [E]:  47651 [D]:  862 [T]: 2 [TH]: 9, In
2015-08-14 10:37:32 : 119> [G]: 122619 [E]:  82591 [D]:  288 [T]: 2 [TH]: 9, In
2015-08-14 10:37:38 : 120> [G]:  86898 [E]: 122412 [D]:  889 [T]: 1 [TH]: 9, In
2015-08-14 10:37:44 : 121> [G]:  74903 [E]:  70843 [D]: 1165 [T]: 2 [TH]: 9, In
2015-08-14 10:37:49 : 122> [G]:  38811 [E]:  28700 [D]: 1766 [T]: 1 [TH]: 9, In
2015-08-14 10:37:53 : 123> [G]:  47155 [E]: 100781 [D]:  677 [T]: 1 [TH]: 9, In
2015-08-14 10:37:59 : 124> [G]:  59705 [E]:  33293 [D]: 1590 [T]: 6 [TH]: 9, In
2015-08-14 10:38:04 : 125> [G]:  53947 [E]:  76408 [D]: 1354 [T]: 4 [TH]: 9, In
2015-08-14 10:38:07 : 126> [G]: 178955 [E]: 112222 [D]:  281 [T]: 4 [TH]: 9, In
2015-08-14 10:38:12 : 127> [G]: 164062 [E]: 110314 [D]:  997 [T]: 3 [TH]: 9, In
2015-08-14 10:38:18 : 128> [G]:  35910 [E]: 102628 [D]: 1085 [T]: 1 [TH]: 9, In
2015-08-14 10:38:27 : 129> [G]:  74756 [E]:  42379 [D]:  770 [T]:34 [TH]:10, In
2015-08-14 10:38:33 : 130> [G]:  68919 [E]:  54171 [D]:  521 [T]: 5 [TH]: 9, In
2015-08-14 10:38:38 : 131> [G]: 229177 [E]: 114070 [D]:  469 [T]: 1 [TH]: 9, In
2015-08-14 10:38:44 : 132> [G]:  18711 [E]: 103144 [D]:  985 [T]: 2 [TH]: 9, In
2015-08-14 10:38:50 : 133> [G]:  85147 [E]:  37851 [D]: 1308 [T]: 6 [TH]: 9, In
2015-08-14 10:38:55 : 134> [G]: 195296 [E]: 178011 [D]:  942 [T]: 5 [TH]: 9, In
2015-08-14 10:39:02 : 135> [G]:  75331 [E]: 112583 [D]: 1671 [T]: 3 [TH]: 9, In
2015-08-14 10:39:07 : 136> [G]: 103945 [E]:  82074 [D]: 1975 [T]: 5 [TH]: 9, In
2015-08-14 10:39:13 : 137> [G]:  21199 [E]:  69664 [D]:  762 [T]: 9 [TH]: 9, In
2015-08-14 10:39:18 : 138> [G]:  54732 [E]:  42461 [D]:  960 [T]: 4 [TH]: 9, In
2015-08-14 10:39:23 : 139> [G]:  16352 [E]: 104865 [D]:  941 [T]: 1 [TH]: 9, In
2015-08-14 10:39:31 : 140> [G]: 190670 [E]: 161448 [D]: 1896 [T]:15 [TH]:10, In
2015-08-14 10:39:36 : 141> [G]:   3531 [E]: 134685 [D]:  105 [T]: 1 [TH]: 9, In
2015-08-14 10:39:41 : 142> [G]: 117758 [E]: 183777 [D]: 1378 [T]: 6 [TH]: 9, In
2015-08-14 10:39:46 : 143> [G]:  43861 [E]: 108105 [D]:  893 [T]: 2 [TH]: 9, In
2015-08-14 10:39:50 : 144> [G]:  65304 [E]: 144116 [D]: 1414 [T]: 8 [TH]: 9, In
2015-08-14 10:39:54 : 145> [G]:  14533 [E]: 105114 [D]:  761 [T]: 6 [TH]: 9, In
2015-08-14 10:39:59 : 146> [G]:  67588 [E]:  27687 [D]:  633 [T]: 3 [TH]: 9, In
2015-08-14 10:40:07 : 147> [G]: 128065 [E]:  48003 [D]:  426 [T]:15 [TH]:10, In
2015-08-14 10:40:11 : 148> [G]:  44897 [E]:  25928 [D]:  925 [T]: 6 [TH]: 9, In
2015-08-14 10:40:19 : 149> [G]: 342375 [E]: 364033 [D]: 6816 [T]:28 [TH]:10, In
2015-08-14 10:40:27 : 150> [G]:  86553 [E]:  87698 [D]: 1591 [T]:26 [TH]:10, In
2015-08-14 10:40:32 : 151> [G]: 119343 [E]:  36776 [D]:  808 [T]: 3 [TH]: 9, In
2015-08-14 10:40:41 : 152> [G]:  15168 [E]:  20972 [D]: 1106 [T]: 8 [TH]: 9, In
2015-08-14 10:40:47 : 153> [G]:  39173 [E]:  49891 [D]:  501 [T]: 4 [TH]: 9, In
2015-08-14 10:40:51 : 154> [G]:  64475 [E]:  31587 [D]: 1199 [T]: 1 [TH]: 8, In
2015-08-14 10:40:55 : 155> [G]:  65675 [E]:  14006 [D]:  142 [T]: 1 [TH]: 9, In
2015-08-14 10:41:03 : 156> [G]:  82391 [E]: 264205 [D]: 1923 [T]:31 [TH]:10, In
2015-08-14 10:41:08 : 157> [G]:  76871 [E]:  83380 [D]:  939 [T]: 7 [TH]: 9, In
2015-08-14 10:41:16 : 158> [G]:  48393 [E]:  61104 [D]: 2063 [T]:32 [TH]:10, In
2015-08-14 10:41:22 : 159> [G]:  18422 [E]: 134129 [D]: 1598 [T]: 4 [TH]: 9, In
2015-08-14 10:41:31 : 160> [G]: 132230 [E]: 188545 [D]: 1165 [T]:29 [TH]:10, In
2015-08-14 10:41:35 : 161> [G]: 160589 [E]:  47132 [D]: 3068 [T]:19 [TH]:10, In
2015-08-14 10:41:40 : 162> [G]: 122239 [E]: 109126 [D]: 1656 [T]: 4 [TH]: 9, In
2015-08-14 10:41:46 : 163> [G]: 106590 [E]: 202989 [D]:   13 [T]:16 [TH]: 9, In
2015-08-14 10:41:50 : 164> [G]:  50049 [E]: 110600 [D]:  771 [T]:10 [TH]: 9, In
2015-08-14 10:41:59 : 165> [G]:  95626 [E]: 154797 [D]: 1776 [T]:30 [TH]:10, In
2015-08-14 10:42:07 : 166> [G]: 127375 [E]: 128879 [D]: 1466 [T]:31 [TH]:10, In
2015-08-14 10:42:13 : 167> [G]:  85636 [E]: 206507 [D]:  328 [T]: 1 [TH]: 9, In
2015-08-14 10:42:18 : 168> [G]:  26822 [E]:  53447 [D]: 1215 [T]: 1 [TH]: 9, In
2015-08-14 10:42:23 : 169> [G]: 264415 [E]: 201348 [D]: 1164 [T]: 1 [TH]: 9, In
2015-08-14 10:42:30 : 170> [G]:  17959 [E]:  53564 [D]:  930 [T]: 3 [TH]: 9, In
2015-08-14 10:42:38 : 171> [G]: 202953 [E]: 168296 [D]: 1007 [T]:15 [TH]:10, In
2015-08-14 10:42:47 : 172> [G]: 277094 [E]:  62091 [D]: 1684 [T]:30 [TH]:10, In
2015-08-14 10:42:53 : 173> [G]: 198260 [E]: 192975 [D]: 2815 [T]: 3 [TH]: 9, In
2015-08-14 10:42:58 : 174> [G]:  99450 [E]: 128539 [D]: 1139 [T]: 4 [TH]: 9, In
2015-08-14 10:43:07 : 175> [G]: 137465 [E]: 109214 [D]:  696 [T]:19 [TH]:10, In
2015-08-14 10:43:14 : 176> [G]:  62851 [E]:  14607 [D]:   47 [T]: 2 [TH]: 9, In
2015-08-14 10:43:18 : 177> [G]:  60130 [E]:  38343 [D]: 1622 [T]: 2 [TH]: 9, In
2015-08-14 10:43:23 : 178> [G]:  89759 [E]: 101410 [D]:  901 [T]: 3 [TH]: 9, In
2015-08-14 10:43:28 : 179> [G]: 148648 [E]: 190046 [D]: 1175 [T]: 1 [TH]: 9, In
2015-08-14 10:43:33 : 180> [G]: 129414 [E]: 139518 [D]: 1954 [T]: 2 [TH]: 9, In
2015-08-14 10:43:40 : 181> [G]:  80740 [E]:  36245 [D]:  938 [T]: 2 [TH]: 9, In
2015-08-14 10:43:46 : 182> [G]: 119841 [E]:  20516 [D]: 1158 [T]: 2 [TH]: 9, In
2015-08-14 10:43:51 : 183> [G]: 131628 [E]: 109645 [D]:  412 [T]:10 [TH]: 9, In
2015-08-14 10:43:59 : 184> [G]:  42159 [E]:  24094 [D]: 2058 [T]:27 [TH]:10, In
2015-08-14 10:44:02 : 185> [G]:  91922 [E]:  82139 [D]: 1582 [T]:35 [TH]:10, In
2015-08-14 10:44:09 : 186> [G]:  73911 [E]: 101796 [D]: 1105 [T]: 4 [TH]: 9, In
2015-08-14 10:44:12 : 187> [G]: 103365 [E]: 166319 [D]:  503 [T]:24 [TH]:10, In
2015-08-14 10:44:21 : 188> [G]: 104206 [E]: 275868 [D]: 3360 [T]:28 [TH]:10, In
2015-08-14 10:44:28 : 189> [G]:  32840 [E]:  89104 [D]: 1214 [T]: 4 [TH]: 9, In
2015-08-14 10:44:34 : 190> [G]:  95732 [E]:  38111 [D]: 1057 [T]: 3 [TH]: 9, In
2015-08-14 10:44:39 : 191> [G]: 119773 [E]:  12608 [D]:  481 [T]: 1 [TH]: 9, In
2015-08-14 10:44:44 : 192> [G]:  13634 [E]: 110311 [D]:  697 [T]: 3 [TH]: 9, In
2015-08-14 10:44:50 : 193> [G]:  36749 [E]: 114101 [D]:  690 [T]: 2 [TH]: 9, In
2015-08-14 10:44:56 : 194> [G]:  31781 [E]:  60341 [D]:  230 [T]: 3 [TH]: 9, In
2015-08-14 10:45:02 : 195> [G]: 158231 [E]:  30741 [D]: 1294 [T]: 4 [TH]: 9, In
2015-08-14 10:45:07 : 196> [G]:   4641 [E]: 102091 [D]:  821 [T]: 1 [TH]: 9, In
2015-08-14 10:45:12 : 197> [G]:  97683 [E]:  54912 [D]: 1085 [T]: 1 [TH]: 9, In
2015-08-14 10:45:18 : 198> [G]:  78708 [E]:  67351 [D]: 1900 [T]: 6 [TH]: 9, In
2015-08-14 10:45:27 : 199> [G]:  60413 [E]: 193291 [D]: 2129 [T]:22 [TH]:10, In
2015-08-14 10:45:34 : 200> [G]:  45835 [E]:  91975 [D]:  385 [T]: 1 [TH]: 9, In
2015-08-14 10:45:41 : 201> [G]: 111095 [E]:  16475 [D]: 1515 [T]: 2 [TH]: 9, In
2015-08-14 10:45:46 : 202> [G]:  26022 [E]:  16897 [D]:  254 [T]: 2 [TH]: 9, In
2015-08-14 10:45:53 : 203> [G]:  97570 [E]:  37030 [D]:  318 [T]: 1 [TH]: 9, In
2015-08-14 10:45:57 : 204> [G]:  90365 [E]: 125541 [D]: 1416 [T]: 4 [TH]: 9, In
2015-08-14 10:46:02 : 205> [G]: 125597 [E]:  75482 [D]:  449 [T]: 3 [TH]: 9, In
2015-08-14 10:46:06 : 206> [G]:  97710 [E]:   8316 [D]:  576 [T]: 1 [TH]: 9, In
2015-08-14 10:46:09 : 207> [G]:  29449 [E]:  31547 [D]:  103 [T]: 6 [TH]: 9, In
2015-08-14 10:46:15 : 208> [G]:  56830 [E]:   3380 [D]:  138 [T]: 1 [TH]: 9, In
2015-08-14 10:46:23 : 209> [G]: 132053 [E]:  75941 [D]: 2580 [T]:32 [TH]:10, In
2015-08-14 10:46:32 : 210> [G]:  77540 [E]: 116184 [D]: 1067 [T]:32 [TH]:10, In
2015-08-14 10:46:36 : 211> [G]: 130467 [E]:  94104 [D]:  708 [T]: 5 [TH]: 9, In
2015-08-14 10:46:40 : 212> [G]: 479540 [E]: 421154 [D]: 4286 [T]: 2 [TH]: 9, Out
2015-08-14 10:46:40 : ~~~~~~~~~~~~~~~ TH Outside Found! ~~~~~~~~~~~~~~~~
2015-08-14 10:46:41 : ================ Search Complete =================
2015-08-14 10:46:41 : Initiating attack for: TH Snipe
2015-08-14 10:46:44 : -Barbarians 51
2015-08-14 10:46:44 : -Archers 89
2015-08-14 10:46:44 : -Giants 12
2015-08-14 10:46:44 : -Clan Castle 
2015-08-14 10:46:44 : -King 
2015-08-14 10:46:44 : -Lightning Spells 3
2015-08-14 10:46:44 : -Poison Spells 1
2015-08-14 10:46:44 :  ====== Start Attack ====== 
2015-08-14 10:46:46 : Sending 1st wave of archers.
2015-08-14 10:46:46 : Dropping first wave of 4 Archers
2015-08-14 10:46:47 : Deployment of Archers Successful!
2015-08-14 10:46:49 : Dropping first wave of 18 Archers
2015-08-14 10:46:54 : Deployment of Archers Successful!
2015-08-14 10:47:05 : Townhall has been destroyed!
2015-08-14 10:47:08 : Checking if the battle has finished
2015-08-14 10:47:10 : detected [G]:  [E]:  [DE]:  |  Exit now 
2015-08-14 10:47:10 : Battle has finished
2015-08-14 10:47:10 : Returning Home
2015-08-14 10:47:14 : Loot: [G]: 1 000 [E]: 1 000 [DE]:  [T]: 1
2015-08-14 10:47:15 : Bonus [G]: 140 000 [E]: 140 000 [DE]: 900
2015-08-14 10:47:18 : Your league level is: Master I
2015-08-14 10:47:18 : Stars earned: 1
2015-08-14 10:47:26 : Trying to locate Main Screen
2015-08-14 10:47:26 : Main Screen Located
2015-08-14 10:47:28 : Village Report
2015-08-14 10:47:28 : No. of Free/Total Builders: 0/5
2015-08-14 10:47:28 :  [T]: 3 150
2015-08-14 10:47:28 :  [G]: 6 001 000 [E]: 6 001 000 [D]: 80 000 [GEM]: 64
2015-08-14 10:47:28 : Collecting Resources
2015-08-14 10:47:37 : Checking if Village needs Rearming..
2015-08-14 10:47:47 : Checking Army Camp...
2015-08-14 10:47:49 : Total Army Camp capacity: 200/200
2015-08-14 10:47:50 :  - No. of Barbarians: 51
2015-08-14 10:47:50 :  - No. of Archers: 89
2015-08-14 10:47:50 :  - No. of Giants: 12
2015-08-14 10:47:50 : Barracks and Spell factory status: 
2015-08-14 10:47:50 : - Barracks detected: 4 | Available: 4 | Upgrading: 0
2015-08-14 10:47:50 : - Dark Barracks detected: 2 | Available: 1 | Upgrading: 1
2015-08-14 10:47:50 : - Spell factory detected: 1 | Available: 1 | Upgrading: 0
2015-08-14 10:47:50 : - Dark Spell factory detected: 1 | Available: 1 | Upgrading: 0
2015-08-14 10:47:50 : Training Troops...
2015-08-14 10:47:51 : Your Army Camps are now Full
2015-08-14 10:48:19 : Requesting Clan Castle Troops
2015-08-14 10:48:19 : Your Clan Castle is already full or you are not in a clan.
2015-08-14 10:48:22 : Going to Attack...
2015-08-14 10:48:28 : ============== Searching For Dead Base ===============
2015-08-14 10:48:28 : ~~~~~~~~~~~~~~~ SEARCH CONDITIONS ~~~~~~~~~~~~~~~~
2015-08-14 10:48:28 : Meet: Gold and Elixir, TH Outside
2015-08-14 10:48:28 : ~~~~~~~~~~~~~~ RESOURCE CONDITIONS ~~~~~~~~~~~~~~~
2015-08-14 10:48:28 : Aim: [G]: 999999 [E]: 999999 [D]:    0 [T]: 0, Out, Out, Out, Out, Out, Out, Out, Out, Out, Out, Out, Out, Out, Out, Out, Out, Out, Out, Out, Out, Out, Out, Out, Out, Out, Out, Out, Out, Out, Out, Out, Out, Out, Out, Out, Out, Out, Out, Out, Out, Out, Out, Out, Out, Out, Out, Out, Out, Out, Out, Out, Out, Out, Out, Out, Out, Out, Out, Out, Out, Out, Out, Out, Out, Out, Out, Out, Out, Out, Out, Out, Out, Out, Out, Out, Out, Out, Out, Out, Out, Out, Out, Out, Out, Out, Out, Out, Out, Out, Out, Out, Out, Out, Out, Out, Out, Out, Out, Out, Out, Out, Out, Out, Out, Out, Out, Out, Out, Out for: Dead Base
2015-08-14 10:48:28 : ~~~~~~~~~~~~~~~ ADVANCED SETTINGS ~~~~~~~~~~~~~~~~
2015-08-14 10:48:29 : THSnipe Combo, 1 Tile(s), 
2015-08-14 10:48:29 : ==================================================
2015-08-14 10:48:36 :   1> [G]: 163805 [E]:  66932 [D]:  730 [T]:26 [TH]:10, In
2015-08-14 10:48:45 :   2> [G]:  44881 [E]:  68633 [D]: 3351 [T]:15 [TH]:10, In
2015-08-14 10:48:54 :   3> [G]: 219250 [E]: 182835 [D]: 1900 [T]:16 [TH]:10, In
2015-08-14 10:49:03 :   4> [G]:  13481 [E]:   5437 [D]:  891 [T]: 2 [TH]: 9, In
2015-08-14 10:49:08 :   5> [G]:  86979 [E]:  52639 [D]: 1818 [T]: 2 [TH]: 9, In
2015-08-14 10:49:13 :   6> [G]:  43346 [E]:  19167 [D]: 1611 [T]: 3 [TH]: 9, In
2015-08-14 10:49:22 :   7> [G]: 426525 [E]:  34647 [D]:  771 [T]:26 [TH]:10, In
2015-08-14 10:49:25 :   8> [G]:  50780 [E]:  49244 [D]: 1363 [T]: 1 [TH]: 9, In
2015-08-14 10:49:33 :   9> [G]:  87194 [E]: 116385 [D]: 1916 [T]:25 [TH]:10, In
2015-08-14 10:49:38 :  10> [G]:  38032 [E]:  89050 [D]:  681 [T]: 2 [TH]: 9, In
2015-08-14 10:49:43 :  11> [G]:  58646 [E]:  30186 [D]:  724 [T]: 2 [TH]: 9, In
2015-08-14 10:49:49 :  12> [G]:  59573 [E]:  50120 [D]:  927 [T]: 1 [TH]: 9, In
2015-08-14 10:49:54 :  13> [G]:  69028 [E]:  35730 [D]: 2054 [T]: 1 [TH]: 9, In
2015-08-14 10:49:59 :  14> [G]: 103795 [E]:  58252 [D]:  111 [T]: 2 [TH]: 9, In
2015-08-14 10:50:03 :  15> [G]:  51249 [E]:  52881 [D]:  336 [T]: 3 [TH]: 9, In
2015-08-14 10:50:07 :  16> [G]:  27413 [E]:  11682 [D]: 1105 [T]: 2 [TH]: 9, In
2015-08-14 10:50:16 :  17> [G]: 211833 [E]: 126204 [D]: 3145 [T]:30 [TH]:10, In
2015-08-14 10:50:21 :  18> [G]:  83020 [E]: 127079 [D]: 1184 [T]: 3 [TH]: 9, In
2015-08-14 10:50:26 :  19> [G]:  94035 [E]:  64920 [D]:  653 [T]: 6 [TH]: 9, In
2015-08-14 10:50:30 :  20> [G]: 151344 [E]:  39759 [D]: 1281 [T]: 4 [TH]: 9, In
2015-08-14 10:50:35 :  21> [G]: 137640 [E]: 180745 [D]: 1338 [T]: 1 [TH]: 9, In
2015-08-14 10:50:43 :  22> [G]: 170643 [E]: 158123 [D]: 2619 [T]:23 [TH]:10, In
2015-08-14 10:50:50 :  23> [G]:  73999 [E]:  45779 [D]:  419 [T]: 1 [TH]: 9, In
2015-08-14 10:50:54 :  24> [G]:  71677 [E]:  80220 [D]:  447 [T]: 3 [TH]: 9, In
2015-08-14 10:51:00 :  25> [G]:    914 [E]: 164505 [D]:  690 [T]: 4 [TH]: 9, In
2015-08-14 10:51:05 :  26> [G]:  43559 [E]:  83957 [D]:  708 [T]: 2 [TH]: 9, In
2015-08-14 10:51:10 :  27> [G]:  53257 [E]: 127334 [D]: 1290 [T]: 3 [TH]: 9, In
2015-08-14 10:51:15 :  28> [G]:  51557 [E]:   1997 [D]: 1116 [T]: 2 [TH]: 9, In
2015-08-14 10:51:23 :  29> [G]: 100463 [E]: 112772 [D]: 1180 [T]:20 [TH]:10, In
2015-08-14 10:51:26 :  30> [G]:  79168 [E]:  69931 [D]:  570 [T]: 6 [TH]: 9, In
2015-08-14 10:51:31 :  31> [G]:  33307 [E]: 107485 [D]: 1426 [T]: 3 [TH]: 9, In
2015-08-14 10:51:40 :  32> [G]:  54341 [E]:  84842 [D]: 3632 [T]:27 [TH]:10, In
2015-08-14 10:51:44 :  33> [G]: 199292 [E]: 293150 [D]: 3152 [T]:42 [TH]: -, -
2015-08-14 10:51:49 :  34> [G]:  12231 [E]:  83695 [D]: 1718 [T]: 4 [TH]: 9, In
2015-08-14 10:51:54 :  35> [G]: 325558 [E]: 211330 [D]: 1900 [T]: 3 [TH]: 9, Out
2015-08-14 10:51:54 : ~~~~~~~~~~~~~~~ TH Outside Found! ~~~~~~~~~~~~~~~~
2015-08-14 10:51:56 : ================ Search Complete =================
2015-08-14 10:51:56 : Initiating attack for: TH Snipe
2015-08-14 10:51:58 : -Barbarians 51
2015-08-14 10:51:58 : -Archers 89
2015-08-14 10:51:58 : -Giants 12
2015-08-14 10:51:58 : -Clan Castle 
2015-08-14 10:51:58 : -King 
2015-08-14 10:51:58 : -Lightning Spells 3
2015-08-14 10:51:58 : -Poison Spells 1
2015-08-14 10:51:58 :  ====== Start Attack ====== 
2015-08-14 10:52:00 : Sending 1st wave of archers.
2015-08-14 10:52:00 : Dropping first wave of 4 Archers
2015-08-14 10:52:02 : Deployment of Archers Successful!
2015-08-14 10:52:04 : Dropping first wave of 15 Archers
2015-08-14 10:52:07 : Deployment of Archers Successful!
2015-08-14 10:52:39 : Sending second wave of archers.
2015-08-14 10:52:39 : Dropping second wave of 20 Archers
2015-08-14 10:52:43 : Deployment of Archers Successful!
2015-08-14 10:53:15 : Still no star - Let's send in more diverse troops!
2015-08-14 10:53:15 : Dropping first wave of 2 Giants
2015-08-14 10:53:16 : Deployment of Giants Successful!
2015-08-14 10:53:18 : Dropping second wave of 6 Giants
2015-08-14 10:53:19 : Deployment of Giants Successful!
2015-08-14 10:53:21 : Dropping first wave of 12 Barbarians
2015-08-14 10:53:24 : Deployment of Barbarians Successful!
2015-08-14 10:53:25 : Dropping first wave of 20 Barbarians
2015-08-14 10:53:28 : Deployment of Barbarians Successful!
2015-08-14 10:53:30 : Dropping third wave of 24 Archers
2015-08-14 10:53:34 : Deployment of Archers Successful!
2015-08-14 10:53:35 : Dropping third wave of 28 Archers
2015-08-14 10:53:39 : Deployment of Archers Successful!
2015-08-14 10:53:41 : Townhall has been destroyed!
2015-08-14 10:53:45 : Checking if the battle has finished
2015-08-14 10:53:46 : detected [G]:  [E]:  [DE]:  |  Exit now 
2015-08-14 10:53:46 : Battle has finished
2015-08-14 10:53:46 : Returning Home
2015-08-14 10:53:51 : Loot: [G]: 1 000 [E]: 1 000 [DE]:  [T]: 1
2015-08-14 10:53:52 : Bonus [G]: 140 000 [E]: 140 000 [DE]: 900
2015-08-14 10:53:55 : Your league level is: Master I
2015-08-14 10:53:55 : Stars earned: 1
2015-08-14 10:54:03 : Trying to locate Main Screen
2015-08-14 10:54:03 : Main Screen Located
2015-08-14 10:54:04 : Village Report
2015-08-14 10:54:04 : No. of Free/Total Builders: 0/5
2015-08-14 10:54:04 :  [T]: 3 151
2015-08-14 10:54:05 :  [G]: 6 001 000 [E]: 6 001 000 [D]: 80 000 [GEM]: 64
2015-08-14 10:54:05 : Collecting Resources
2015-08-14 10:54:13 : Checking if Village needs Rearming..
2015-08-14 10:54:23 : Checking Army Camp...
2015-08-14 10:54:25 : Total Army Camp capacity: 98/200
2015-08-14 10:54:26 :  - No. of Barbarians: 19
2015-08-14 10:54:26 :  - No. of Archers: 59
2015-08-14 10:54:27 :  - No. of Giants: 4
2015-08-14 10:54:27 : Barracks and Spell factory status: 
2015-08-14 10:54:27 : - Barracks detected: 4 | Available: 4 | Upgrading: 0
2015-08-14 10:54:27 : - Dark Barracks detected: 2 | Available: 1 | Upgrading: 1
2015-08-14 10:54:27 : - Spell factory detected: 1 | Available: 1 | Upgrading: 0
2015-08-14 10:54:27 : - Dark Spell factory detected: 1 | Available: 1 | Upgrading: 0
2015-08-14 10:54:27 : Training Troops...
2015-08-14 10:54:48 : Requesting Clan Castle Troops
2015-08-14 10:54:48 : Your Clan Castle is already full or you are not in a clan.
2015-08-14 10:54:51 : ====== Waiting for full army ======
2015-08-14 10:55:04 : Checking Army Camp...
2015-08-14 10:55:06 : Total Army Camp capacity: 102/200
2015-08-14 10:55:07 :  - No. of Barbarians: 19
2015-08-14 10:55:07 :  - No. of Archers: 63
2015-08-14 10:55:07 :  - No. of Giants: 4
2015-08-14 10:55:08 : Training Troops...
2015-08-14 10:55:15 : Time Idle: 00:00:23
2015-08-14 10:55:15 : ====== Waiting for full army ======
2015-08-14 10:55:27 : Checking Army Camp...
2015-08-14 10:55:29 : Total Army Camp capacity: 105/200
2015-08-14 10:55:30 :  - No. of Barbarians: 19
2015-08-14 10:55:30 :  - No. of Archers: 67
2015-08-14 10:55:30 :  - No. of Giants: 4
2015-08-14 10:55:30 : Training Troops...
2015-08-14 10:55:37 : Time Idle: 00:00:45
2015-08-14 10:55:37 : ====== Waiting for full army ======
2015-08-14 10:55:49 : Checking Army Camp...
2015-08-14 10:55:51 : Total Army Camp capacity: 109/200
2015-08-14 10:55:53 :  - No. of Barbarians: 19
2015-08-14 10:55:53 :  - No. of Archers: 70
2015-08-14 10:55:53 :  - No. of Giants: 4
2015-08-14 10:55:53 : Training Troops...
2015-08-14 10:56:00 : Time Idle: 00:01:07
2015-08-14 10:56:00 : ====== Waiting for full army ======
2015-08-14 10:56:12 : Checking Army Camp...
2015-08-14 10:56:13 : Total Army Camp capacity: 112/200
2015-08-14 10:56:14 :  - No. of Barbarians: 19
2015-08-14 10:56:15 :  - No. of Archers: 73
2015-08-14 10:56:15 :  - No. of Giants: 4
2015-08-14 10:56:15 : Training Troops...
2015-08-14 10:56:22 : Time Idle: 00:01:29
2015-08-14 10:56:22 : ====== Waiting for full army ======
2015-08-14 10:56:34 : Checking Army Camp...
2015-08-14 10:56:36 : Total Army Camp capacity: 116/200
2015-08-14 10:56:37 :  - No. of Barbarians: 19
2015-08-14 10:56:37 :  - No. of Archers: 77
2015-08-14 10:56:37 :  - No. of Giants: 4
2015-08-14 10:56:37 : Training Troops...
2015-08-14 10:56:44 : Time Idle: 00:01:51
2015-08-14 10:56:44 : ====== Waiting for full army ======
2015-08-14 10:56:56 : Checking Army Camp...
2015-08-14 10:56:58 : Total Army Camp capacity: 119/200
2015-08-14 10:56:59 :  - No. of Barbarians: 19
2015-08-14 10:56:59 :  - No. of Archers: 80
2015-08-14 10:56:59 :  - No. of Giants: 4
2015-08-14 10:56:59 : Training Troops...
2015-08-14 10:57:06 : Time Idle: 00:02:12
2015-08-14 10:57:06 : ====== Waiting for full army ======
2015-08-14 10:57:18 : Checking Army Camp...
2015-08-14 10:57:20 : Total Army Camp capacity: 123/200
2015-08-14 10:57:21 :  - No. of Barbarians: 19
2015-08-14 10:57:21 :  - No. of Archers: 84
2015-08-14 10:57:21 :  - No. of Giants: 4
2015-08-14 10:57:21 : Training Troops...
2015-08-14 10:57:29 : Time Idle: 00:02:36
2015-08-14 10:57:29 : ====== Waiting for full army ======
2015-08-14 10:57:41 : Checking Army Camp...
2015-08-14 10:57:43 : Total Army Camp capacity: 123/200
2015-08-14 10:57:44 :  - No. of Barbarians: 19
2015-08-14 10:57:44 :  - No. of Archers: 84
2015-08-14 10:57:44 :  - No. of Giants: 4
2015-08-14 10:57:45 : Training Troops...
2015-08-14 10:57:53 : Time Idle: 00:03:00
2015-08-14 10:57:54 : ====== Waiting for full army ======
2015-08-14 10:58:06 : Collecting Resources
2015-08-14 10:58:11 : Checking Army Camp...
2015-08-14 10:58:13 : Total Army Camp capacity: 123/200
2015-08-14 10:58:14 :  - No. of Barbarians: 19
2015-08-14 10:58:14 :  - No. of Archers: 84
2015-08-14 10:58:14 :  - No. of Giants: 4
2015-08-14 10:58:15 : Training Troops...
2015-08-14 10:58:22 : Time Idle: 00:03:28
2015-08-14 10:58:23 : ====== Waiting for full army ======
2015-08-14 10:58:35 : Checking Army Camp...
2015-08-14 10:58:37 : Total Army Camp capacity: 123/200
2015-08-14 10:58:38 :  - No. of Barbarians: 19
2015-08-14 10:58:38 :  - No. of Archers: 84
2015-08-14 10:58:38 :  - No. of Giants: 4
2015-08-14 10:58:38 : Training Troops...
2015-08-14 10:58:46 : Time Idle: 00:03:51
2015-08-14 10:58:46 : ====== Waiting for full army ======
2015-08-14 10:58:58 : Checking Army Camp...
2015-08-14 10:59:00 : Total Army Camp capacity: 123/200
2015-08-14 10:59:01 :  - No. of Barbarians: 19
2015-08-14 10:59:01 :  - No. of Archers: 84
2015-08-14 10:59:01 :  - No. of Giants: 4
2015-08-14 10:59:02 : Training Troops...
2015-08-14 10:59:09 : Time Idle: 00:04:15
2015-08-14 10:59:10 : ====== Waiting for full army ======
2015-08-14 10:59:21 : Checking Army Camp...
2015-08-14 10:59:23 : Total Army Camp capacity: 143/200
2015-08-14 10:59:24 :  - No. of Barbarians: 19
2015-08-14 10:59:24 :  - No. of Archers: 84
2015-08-14 10:59:25 :  - No. of Giants: 8
2015-08-14 10:59:25 : Training Troops...
2015-08-14 10:59:33 : Time Idle: 00:04:37
2015-08-14 10:59:33 : ====== Waiting for full army ======
2015-08-14 10:59:45 : Checking Army Camp...
2015-08-14 10:59:47 : Total Army Camp capacity: 143/200
2015-08-14 10:59:48 :  - No. of Barbarians: 19
2015-08-14 10:59:48 :  - No. of Archers: 84
2015-08-14 10:59:48 :  - No. of Giants: 8
2015-08-14 10:59:48 : Training Troops...
2015-08-14 10:59:56 : Time Idle: 00:05:01
2015-08-14 10:59:57 : ====== Waiting for full army ======
2015-08-14 11:00:08 : Checking Army Camp...
2015-08-14 11:00:10 : Total Army Camp capacity: 143/200
2015-08-14 11:00:11 :  - No. of Barbarians: 19
2015-08-14 11:00:11 :  - No. of Archers: 84
2015-08-14 11:00:12 :  - No. of Giants: 8
2015-08-14 11:00:12 : Training Troops...
2015-08-14 11:00:20 : Time Idle: 00:05:24
2015-08-14 11:00:20 : ====== Waiting for full army ======
2015-08-14 11:00:32 : Checking Army Camp...
2015-08-14 11:00:34 : Total Army Camp capacity: 143/200
2015-08-14 11:00:35 :  - No. of Barbarians: 19
2015-08-14 11:00:35 :  - No. of Archers: 84
2015-08-14 11:00:35 :  - No. of Giants: 8
2015-08-14 11:00:35 : Training Troops...
2015-08-14 11:00:43 : Time Idle: 00:05:47
2015-08-14 11:00:43 : ====== Waiting for full army ======
2015-08-14 11:00:55 : Checking Army Camp...
2015-08-14 11:00:57 : Total Army Camp capacity: 143/200
2015-08-14 11:00:58 :  - No. of Barbarians: 19
2015-08-14 11:00:58 :  - No. of Archers: 84
2015-08-14 11:00:58 :  - No. of Giants: 8
2015-08-14 11:00:58 : Training Troops...
2015-08-14 11:01:06 : Time Idle: 00:06:09
2015-08-14 11:01:06 : ====== Waiting for full army ======
2015-08-14 11:01:18 : Checking Army Camp...
2015-08-14 11:01:20 : Total Army Camp capacity: 163/200
2015-08-14 11:01:21 :  - No. of Barbarians: 19
2015-08-14 11:01:21 :  - No. of Archers: 84
2015-08-14 11:01:21 :  - No. of Giants: 12
2015-08-14 11:01:21 : Training Troops...
2015-08-14 11:01:30 : Time Idle: 00:06:33
2015-08-14 11:01:30 : ====== Waiting for full army ======
2015-08-14 11:01:42 : Checking Army Camp...
2015-08-14 11:01:44 : Total Army Camp capacity: 168/200
2015-08-14 11:01:45 :  - No. of Barbarians: 24
2015-08-14 11:01:45 :  - No. of Archers: 84
2015-08-14 11:01:45 :  - No. of Giants: 12
2015-08-14 11:01:46 : Training Troops...
2015-08-14 11:01:55 : Time Idle: 00:06:58
2015-08-14 11:01:55 : ====== Waiting for full army ======
2015-08-14 11:02:07 : Checking Army Camp...
2015-08-14 11:02:09 : Total Army Camp capacity: 173/200
2015-08-14 11:02:10 :  - No. of Barbarians: 29
2015-08-14 11:02:10 :  - No. of Archers: 84
2015-08-14 11:02:10 :  - No. of Giants: 12
2015-08-14 11:02:10 : Training Troops...
2015-08-14 11:02:19 : Time Idle: 00:07:22
2015-08-14 11:02:20 : ====== Waiting for full army ======
2015-08-14 11:02:31 : Collecting Resources
2015-08-14 11:02:37 : Checking Army Camp...
2015-08-14 11:02:39 : Total Army Camp capacity: 179/200
2015-08-14 11:02:40 :  - No. of Barbarians: 35
2015-08-14 11:02:40 :  - No. of Archers: 84
2015-08-14 11:02:40 :  - No. of Giants: 12
2015-08-14 11:02:41 : Training Troops...
2015-08-14 11:02:50 : Time Idle: 00:07:52
2015-08-14 11:02:50 : ====== Waiting for full army ======
2015-08-14 11:03:02 : Checking Army Camp...
2015-08-14 11:03:03 : Total Army Camp capacity: 184/200
2015-08-14 11:03:05 :  - No. of Barbarians: 40
2015-08-14 11:03:05 :  - No. of Archers: 84
2015-08-14 11:03:05 :  - No. of Giants: 12
2015-08-14 11:03:05 : Training Troops...
2015-08-14 11:03:06 : Your Army Camps are now Full
2015-08-14 11:03:27 : Going to Attack...
2015-08-14 11:03:33 : ============== Searching For Dead Base ===============
2015-08-14 11:03:33 : ~~~~~~~~~~~~~~~ SEARCH CONDITIONS ~~~~~~~~~~~~~~~~
2015-08-14 11:03:33 : Meet: Gold and Elixir, TH Outside
2015-08-14 11:03:33 : ~~~~~~~~~~~~~~ RESOURCE CONDITIONS ~~~~~~~~~~~~~~~
2015-08-14 11:03:33 : Aim: [G]: 999999 [E]: 999999 [D]:    0 [T]: 0, Out, Out, Out, Out, Out, Out, Out, Out, Out, Out, Out, Out, Out, Out, Out, Out, Out, Out, Out, Out, Out, Out, Out, Out, Out, Out, Out, Out, Out, Out, Out, Out, Out, Out, Out, Out, Out, Out, Out, Out, Out, Out, Out, Out, Out, Out, Out, Out, Out, Out, Out, Out, Out, Out, Out, Out, Out, Out, Out, Out, Out, Out, Out, Out, Out, Out, Out, Out, Out, Out, Out, Out, Out, Out, Out, Out, Out, Out, Out, Out, Out, Out, Out, Out, Out, Out, Out, Out, Out, Out, Out, Out, Out, Out, Out, Out, Out, Out, Out, Out, Out, Out, Out, Out, Out, Out, Out, Out, Out, Out for: Dead Base
2015-08-14 11:03:33 : ~~~~~~~~~~~~~~~ ADVANCED SETTINGS ~~~~~~~~~~~~~~~~
2015-08-14 11:03:33 : THSnipe Combo, 1 Tile(s), 
2015-08-14 11:03:33 : ==================================================
2015-08-14 11:03:37 :   1> [G]:  56220 [E]:  54989 [D]:  196 [T]:21 [TH]:10, In
2015-08-14 11:03:46 :   2> [G]: 201907 [E]: 123758 [D]: 2298 [T]:17 [TH]: -, -
2015-08-14 11:03:54 :   3> [G]: 378052 [E]: 308512 [D]: 2351 [T]:21 [TH]:10, In
2015-08-14 11:04:02 :   4> [G]:  84791 [E]: 175603 [D]:  459 [T]:19 [TH]:10, In
2015-08-14 11:04:10 :   5> [G]:  67224 [E]:  99001 [D]:  430 [T]: 4 [TH]: 9, In
2015-08-14 11:04:15 :   6> [G]: 158138 [E]: 147143 [D]: 1308 [T]:27 [TH]:10, In
2015-08-14 11:04:26 :   7> [G]: 223428 [E]: 109886 [D]: 2394 [T]:32 [TH]: -, -
2015-08-14 11:04:34 :   8> [G]: 267899 [E]:  97413 [D]: 2581 [T]:20 [TH]:10, In
2015-08-14 11:04:38 :   9> [G]: 192730 [E]:  89956 [D]:  456 [T]:14 [TH]:10, In
2015-08-14 11:04:45 :  10> [G]:  78811 [E]: 146638 [D]:  389 [T]: 1 [TH]: 9, In
2015-08-14 11:04:55 :  11> [G]:  63673 [E]:  92310 [D]:  853 [T]:15 [TH]:10, In
2015-08-14 11:05:05 :  12> [G]: 108331 [E]:  33326 [D]: 1270 [T]: 1 [TH]: 9, In
2015-08-14 11:05:12 :  13> [G]:  77591 [E]: 163445 [D]:  627 [T]: 1 [TH]: 9, In
2015-08-14 11:05:18 :  14> [G]: 212065 [E]: 269338 [D]: 1395 [T]: 2 [TH]: 9, In
2015-08-14 11:05:21 :  15> [G]: 116865 [E]: 119303 [D]:  734 [T]: 5 [TH]: 9, In
2015-08-14 11:05:25 :  16> [G]:  73817 [E]: 158906 [D]:  309 [T]: 4 [TH]: 9, In
2015-08-14 11:05:30 :  17> [G]:  69034 [E]:   8700 [D]:  302 [T]: 1 [TH]: 9, In
2015-08-14 11:05:35 :  18> [G]:  50162 [E]:  75999 [D]:  954 [T]: 1 [TH]: 9, In
2015-08-14 11:05:43 :  19> [G]: 155188 [E]: 107833 [D]: 2132 [T]:14 [TH]:10, In
2015-08-14 11:05:48 :  20> [G]:  69798 [E]: 142196 [D]:  956 [T]: 1 [TH]: 9, In
2015-08-14 11:05:54 :  21> [G]:  41112 [E]: 123537 [D]: 1145 [T]: 2 [TH]: 9, In
2015-08-14 11:06:03 :  22> [G]:  47632 [E]: 172941 [D]: 2368 [T]:21 [TH]:10, In
2015-08-14 11:06:08 :  23> [G]:  65899 [E]:  63453 [D]: 1361 [T]: 1 [TH]: 9, In
2015-08-14 11:06:14 :  24> [G]:  14286 [E]:  33459 [D]:  333 [T]: 5 [TH]: 9, In
2015-08-14 11:06:19 :  25> [G]: 129219 [E]: 446043 [D]: 3064 [T]: 1 [TH]: 9, Out
2015-08-14 11:06:19 : ~~~~~~~~~~~~~~~ TH Outside Found! ~~~~~~~~~~~~~~~~
2015-08-14 11:06:21 : ================ Search Complete =================
2015-08-14 11:06:21 : Initiating attack for: TH Snipe
2015-08-14 11:06:24 : -Barbarians 43
2015-08-14 11:06:24 : -Archers 84
2015-08-14 11:06:24 : -Giants 12
2015-08-14 11:06:24 : -Clan Castle 
2015-08-14 11:06:24 : -King 
2015-08-14 11:06:24 : -Lightning Spells 3
2015-08-14 11:06:24 : -Poison Spells 1
2015-08-14 11:06:24 :  ====== Start Attack ====== 
2015-08-14 11:06:26 : Sending 1st wave of archers.
2015-08-14 11:06:26 : Dropping first wave of 4 Archers
2015-08-14 11:06:27 : Deployment of Archers Successful!
2015-08-14 11:06:29 : Dropping first wave of 18 Archers
2015-08-14 11:06:33 : Deployment of Archers Successful!
2015-08-14 11:07:05 : Sending second wave of archers.
2015-08-14 11:07:06 : Dropping second wave of 20 Archers
2015-08-14 11:07:09 : Deployment of Archers Successful!
2015-08-14 11:07:41 : Still no star - Let's send in more diverse troops!
2015-08-14 11:07:41 : Dropping first wave of 2 Giants
2015-08-14 11:07:43 : Deployment of Giants Successful!
2015-08-14 11:07:44 : Dropping second wave of 6 Giants
2015-08-14 11:07:46 : Deployment of Giants Successful!
2015-08-14 11:07:48 : Dropping first wave of 12 Barbarians
2015-08-14 11:07:50 : Deployment of Barbarians Successful!
2015-08-14 11:07:51 : Dropping first wave of 20 Barbarians
2015-08-14 11:07:56 : Deployment of Barbarians Successful!
2015-08-14 11:07:58 : Townhall has been destroyed!
2015-08-14 11:08:01 : Checking if the battle has finished
2015-08-14 11:08:03 : detected [G]:  [E]:  [DE]:  |  Exit now 
2015-08-14 11:08:03 : Battle has finished
2015-08-14 11:08:03 : Returning Home
2015-08-14 11:08:08 : Loot: [G]: 1 000 [E]: 1 000 [DE]:  [T]: 1
2015-08-14 11:08:09 : Bonus [G]: 140 000 [E]: 140 000 [DE]: 900
2015-08-14 11:08:11 : Your league level is: Master I
2015-08-14 11:08:11 : Stars earned: 1
2015-08-14 11:08:19 : Trying to locate Main Screen
2015-08-14 11:08:19 : Main Screen Located
2015-08-14 11:08:21 : Village Report
2015-08-14 11:08:21 : No. of Free/Total Builders: 0/5
2015-08-14 11:08:21 :  [T]: 3 152
2015-08-14 11:08:21 :  [G]: 6 001 000 [E]: 6 001 000 [D]: 80 000 [GEM]: 64
2015-08-14 11:08:22 : Collecting Resources
2015-08-14 11:08:30 : Checking if Village needs Rearming..
2015-08-14 11:08:40 : Checking Army Camp...
2015-08-14 11:08:42 : Total Army Camp capacity: 123/200
2015-08-14 11:08:43 :  - No. of Barbarians: 11
2015-08-14 11:08:43 :  - No. of Archers: 92
2015-08-14 11:08:43 :  - No. of Giants: 4
2015-08-14 11:08:43 : Barracks and Spell factory status: 
2015-08-14 11:08:43 : - Barracks detected: 4 | Available: 4 | Upgrading: 0
2015-08-14 11:08:43 : - Dark Barracks detected: 2 | Available: 1 | Upgrading: 1
2015-08-14 11:08:43 : - Spell factory detected: 1 | Available: 1 | Upgrading: 0
2015-08-14 11:08:43 : - Dark Spell factory detected: 1 | Available: 1 | Upgrading: 0
2015-08-14 11:08:43 : Training Troops...
2015-08-14 11:09:03 : Requesting Clan Castle Troops
2015-08-14 11:09:03 : Your Clan Castle is already full or you are not in a clan.
2015-08-14 11:09:06 : ====== Waiting for full army ======
2015-08-14 11:09:18 : Checking Army Camp...
2015-08-14 11:09:20 : Total Army Camp capacity: 125/200
2015-08-14 11:09:21 :  - No. of Barbarians: 11
2015-08-14 11:09:21 :  - No. of Archers: 94
2015-08-14 11:09:21 :  - No. of Giants: 4
2015-08-14 11:09:22 : Training Troops...
2015-08-14 11:09:29 : Time Idle: 00:00:22
2015-08-14 11:09:30 : ====== Waiting for full army ======
2015-08-14 11:09:41 : Checking Army Camp...
2015-08-14 11:09:43 : Total Army Camp capacity: 125/200
2015-08-14 11:09:44 :  - No. of Barbarians: 11
2015-08-14 11:09:44 :  - No. of Archers: 94
2015-08-14 11:09:45 :  - No. of Giants: 4
2015-08-14 11:09:45 : Training Troops...
2015-08-14 11:09:53 : Time Idle: 00:00:46
2015-08-14 11:09:53 : ====== Waiting for full army ======
2015-08-14 11:10:05 : Checking Army Camp...
2015-08-14 11:10:07 : Total Army Camp capacity: 125/200
2015-08-14 11:10:08 :  - No. of Barbarians: 11
2015-08-14 11:10:08 :  - No. of Archers: 94
2015-08-14 11:10:08 :  - No. of Giants: 4
2015-08-14 11:10:08 : Training Troops...
2015-08-14 11:10:16 : Time Idle: 00:01:09
2015-08-14 11:10:16 : ====== Waiting for full army ======
2015-08-14 11:10:28 : Checking Army Camp...
2015-08-14 11:10:30 : Total Army Camp capacity: 125/200
2015-08-14 11:10:31 :  - No. of Barbarians: 11
2015-08-14 11:10:31 :  - No. of Archers: 94
2015-08-14 11:10:31 :  - No. of Giants: 4
2015-08-14 11:10:32 : Training Troops...
2015-08-14 11:10:40 : Time Idle: 00:01:32
2015-08-14 11:10:40 : ====== Waiting for full army ======
2015-08-14 11:10:52 : Checking Army Camp...
2015-08-14 11:10:54 : Total Army Camp capacity: 135/200
2015-08-14 11:10:55 :  - No. of Barbarians: 11
2015-08-14 11:10:55 :  - No. of Archers: 94
2015-08-14 11:10:55 :  - No. of Giants: 6
2015-08-14 11:10:55 : Training Troops...
2015-08-14 11:11:03 : Time Idle: 00:01:55
2015-08-14 11:11:03 : ====== Waiting for full army ======
2015-08-14 11:11:15 : Checking Army Camp...
2015-08-14 11:11:17 : Total Army Camp capacity: 145/200
2015-08-14 11:11:18 :  - No. of Barbarians: 11
2015-08-14 11:11:18 :  - No. of Archers: 94
2015-08-14 11:11:18 :  - No. of Giants: 8
2015-08-14 11:11:19 : Training Troops...
2015-08-14 11:11:27 : Time Idle: 00:02:18
2015-08-14 11:11:27 : ====== Waiting for full army ======
2015-08-14 11:11:39 : Checking Army Camp...
2015-08-14 11:11:41 : Total Army Camp capacity: 145/200
2015-08-14 11:11:42 :  - No. of Barbarians: 11
2015-08-14 11:11:42 :  - No. of Archers: 94
2015-08-14 11:11:42 :  - No. of Giants: 8
2015-08-14 11:11:42 : Training Troops...
2015-08-14 11:11:50 : Time Idle: 00:02:42
2015-08-14 11:11:51 : ====== Waiting for full army ======
2015-08-14 11:12:03 : Checking Army Camp...
2015-08-14 11:12:05 : Total Army Camp capacity: 145/200
2015-08-14 11:12:06 :  - No. of Barbarians: 11
2015-08-14 11:12:06 :  - No. of Archers: 94
2015-08-14 11:12:06 :  - No. of Giants: 8
2015-08-14 11:12:06 : Training Troops...
2015-08-14 11:12:14 : Time Idle: 00:03:05
2015-08-14 11:12:14 : ====== Waiting for full army ======
2015-08-14 11:12:26 : Checking Army Camp...
2015-08-14 11:12:28 : Total Army Camp capacity: 145/200
2015-08-14 11:12:29 :  - No. of Barbarians: 11
2015-08-14 11:12:29 :  - No. of Archers: 94
2015-08-14 11:12:29 :  - No. of Giants: 8
2015-08-14 11:12:30 : Training Troops...
2015-08-14 11:12:38 : Time Idle: 00:03:28
2015-08-14 11:12:38 : ====== Waiting for full army ======
2015-08-14 11:12:50 : Collecting Resources
2015-08-14 11:12:56 : Checking Army Camp...
2015-08-14 11:12:58 : Total Army Camp capacity: 160/200
2015-08-14 11:12:59 :  - No. of Barbarians: 11
2015-08-14 11:12:59 :  - No. of Archers: 94
2015-08-14 11:12:59 :  - No. of Giants: 11
2015-08-14 11:12:59 : Training Troops...
2015-08-14 11:13:08 : Time Idle: 00:03:58
2015-08-14 11:13:08 : ====== Waiting for full army ======
2015-08-14 11:13:20 : Checking Army Camp...
2015-08-14 11:13:22 : Total Army Camp capacity: 169/200
2015-08-14 11:13:23 :  - No. of Barbarians: 15
2015-08-14 11:13:23 :  - No. of Archers: 94
2015-08-14 11:13:23 :  - No. of Giants: 12
2015-08-14 11:13:24 : Training Troops...
2015-08-14 11:13:33 : Time Idle: 00:04:23
2015-08-14 11:13:33 : ====== Waiting for full army ======
2015-08-14 11:13:45 : Checking Army Camp...
2015-08-14 11:13:47 : Total Army Camp capacity: 173/200
2015-08-14 11:13:48 :  - No. of Barbarians: 20
2015-08-14 11:13:48 :  - No. of Archers: 94
2015-08-14 11:13:48 :  - No. of Giants: 12
2015-08-14 11:13:48 : Training Troops...
2015-08-14 11:13:58 : Time Idle: 00:04:47
2015-08-14 11:13:58 : ====== Waiting for full army ======
2015-08-14 11:14:10 : Checking Army Camp...
2015-08-14 11:14:12 : Total Army Camp capacity: 179/200
2015-08-14 11:14:12 :  - No. of Barbarians: 25
2015-08-14 11:14:13 :  - No. of Archers: 94
2015-08-14 11:14:13 :  - No. of Giants: 12
2015-08-14 11:14:13 : Training Troops...
2015-08-14 11:14:22 : Time Idle: 00:05:11
2015-08-14 11:14:22 : ====== Waiting for full army ======
2015-08-14 11:14:34 : Checking Army Camp...
2015-08-14 11:14:36 : Total Army Camp capacity: 184/200
2015-08-14 11:14:37 :  - No. of Barbarians: 30
2015-08-14 11:14:37 :  - No. of Archers: 94
2015-08-14 11:14:37 :  - No. of Giants: 12
2015-08-14 11:14:38 : Training Troops...
2015-08-14 11:14:38 : Your Army Camps are now Full
2015-08-14 11:14:59 : Going to Attack...
2015-08-14 11:15:05 : ============== Searching For Dead Base ===============
2015-08-14 11:15:05 : ~~~~~~~~~~~~~~~ SEARCH CONDITIONS ~~~~~~~~~~~~~~~~
2015-08-14 11:15:05 : Meet: Gold and Elixir, TH Outside
2015-08-14 11:15:05 : ~~~~~~~~~~~~~~ RESOURCE CONDITIONS ~~~~~~~~~~~~~~~
2015-08-14 11:15:05 : Aim: [G]: 999999 [E]: 999999 [D]:    0 [T]: 0, Out, Out, Out, Out, Out, Out, Out, Out, Out, Out, Out, Out, Out, Out, Out, Out, Out, Out, Out, Out, Out, Out, Out, Out, Out, Out, Out, Out, Out, Out, Out, Out, Out, Out, Out, Out, Out, Out, Out, Out, Out, Out, Out, Out, Out, Out, Out, Out, Out, Out, Out, Out, Out, Out, Out, Out, Out, Out, Out, Out, Out, Out, Out, Out, Out, Out, Out, Out, Out, Out, Out, Out, Out, Out, Out, Out, Out, Out, Out, Out, Out, Out, Out, Out, Out, Out, Out, Out, Out, Out, Out, Out, Out, Out, Out, Out, Out, Out, Out, Out, Out, Out, Out, Out, Out, Out, Out, Out, Out, Out, Out for: Dead Base
2015-08-14 11:15:05 : ~~~~~~~~~~~~~~~ ADVANCED SETTINGS ~~~~~~~~~~~~~~~~
2015-08-14 11:15:05 : THSnipe Combo, 1 Tile(s), 
2015-08-14 11:15:05 : ==================================================
2015-08-14 11:15:10 :   1> [G]: 203901 [E]:  61287 [D]: 2455 [T]:18 [TH]:10, In
2015-08-14 11:15:14 :   2> [G]: 417485 [E]: 418360 [D]: 3300 [T]:29 [TH]:10, In
2015-08-14 11:15:19 :   3> [G]:  64409 [E]: 103418 [D]:  567 [T]:15 [TH]: 9, In
2015-08-14 11:15:29 :   4> [G]:  99671 [E]: 412724 [D]:  738 [T]:24 [TH]:10, In
2015-08-14 11:15:32 :   5> [G]: 228908 [E]: 213532 [D]: 1521 [T]:29 [TH]: 9, In
2015-08-14 11:15:38 :   6> [G]:  28351 [E]:   7227 [D]:  247 [T]: 9 [TH]: 9, In
2015-08-14 11:15:45 :   7> [G]:  64133 [E]: 183343 [D]: 1534 [T]: 4 [TH]: 9, In
2015-08-14 11:15:50 :   8> [G]:  22567 [E]:  71812 [D]: 2496 [T]: 5 [TH]: 9, In
2015-08-14 11:15:57 :   9> [G]:  54297 [E]:  41438 [D]:  783 [T]: 3 [TH]: 9, In
2015-08-14 11:16:05 :  10> [G]: 100968 [E]:  97403 [D]:  131 [T]: 1 [TH]: 9, In
2015-08-14 11:16:10 :  11> [G]:  99762 [E]:  64012 [D]:  379 [T]: 6 [TH]: 9, In
2015-08-14 11:16:19 :  12> [G]:  27427 [E]: 106735 [D]: 3345 [T]:30 [TH]: -, -
2015-08-14 11:16:22 :  13> [G]:  71264 [E]:  16276 [D]:  615 [T]: 1 [TH]: 9, In
2015-08-14 11:16:26 :  14> [G]:  97034 [E]:   9721 [D]:  223 [T]: 2 [TH]: 9, In
2015-08-14 11:16:31 :  15> [G]:  69793 [E]:  81044 [D]: 1517 [T]: 3 [TH]: 9, In
2015-08-14 11:16:36 :  16> [G]:   3887 [E]:  59927 [D]:  609 [T]: 1 [TH]: 9, In
2015-08-14 11:16:42 :  17> [G]:  30225 [E]:  17485 [D]: 2197 [T]:14 [TH]:10, In
2015-08-14 11:16:47 :  18> [G]:  17668 [E]:  77145 [D]: 1071 [T]: 2 [TH]: 9, In
2015-08-14 11:16:53 :  19> [G]:  66008 [E]:  18307 [D]: 1646 [T]: 2 [TH]: 9, In
2015-08-14 11:16:56 :  20> [G]:  86962 [E]: 174845 [D]: 2021 [T]:30 [TH]:10, In
2015-08-14 11:17:03 :  21> [G]:  71055 [E]: 173622 [D]:  588 [T]: 2 [TH]: 9, In
2015-08-14 11:17:08 :  22> [G]:  30180 [E]: 106360 [D]:  432 [T]: 1 [TH]: 9, In
2015-08-14 11:17:12 :  23> [G]:  57553 [E]: 122393 [D]:  616 [T]: 3 [TH]: 9, In
2015-08-14 11:17:16 :  24> [G]:  95303 [E]:  89589 [D]: 1717 [T]: 1 [TH]: 9, In
2015-08-14 11:17:21 :  25> [G]:  39022 [E]: 144802 [D]:  988 [T]: 2 [TH]: 9, In
2015-08-14 11:17:24 :  26> [G]:  73952 [E]:  64788 [D]: 1485 [T]:14 [TH]:10, In
2015-08-14 11:17:29 :  27> [G]: 148260 [E]:  73340 [D]:  483 [T]: 1 [TH]: 9, In
2015-08-14 11:17:34 :  28> [G]: 115057 [E]: 113437 [D]:  325 [T]: 4 [TH]: 9, In
2015-08-14 11:17:39 :  29> [G]: 122228 [E]:  17028 [D]:  153 [T]: 6 [TH]: 9, In
2015-08-14 11:17:44 :  30> [G]:  24922 [E]: 127421 [D]:  815 [T]: 2 [TH]: 9, In
2015-08-14 11:17:48 :  31> [G]:   6300 [E]:  19439 [D]:  464 [T]: 1 [TH]: 9, In
2015-08-14 11:17:53 :  32> [G]:  17822 [E]: 144021 [D]:  925 [T]: 1 [TH]: 9, In
2015-08-14 11:17:58 :  33> [G]:  59298 [E]: 170027 [D]:   83 [T]: 2 [TH]: 9, In
2015-08-14 11:18:03 :  34> [G]:  24677 [E]:  42514 [D]: 1118 [T]: 3 [TH]: 9, In
2015-08-14 11:18:07 :  35> [G]:  66904 [E]:  74994 [D]: 1750 [T]: 2 [TH]: 9, In
2015-08-14 11:18:11 :  36> [G]:  30972 [E]:  90945 [D]:  236 [T]: 3 [TH]: 9, In
2015-08-14 11:18:16 :  37> [G]: 112515 [E]:  91659 [D]: 1597 [T]: 6 [TH]: 9, In
2015-08-14 11:18:20 :  38> [G]:  85282 [E]:   9976 [D]:  461 [T]: 1 [TH]: 9, In
2015-08-14 11:18:27 :  39> [G]: 172212 [E]:  59016 [D]:  151 [T]: 4 [TH]: 9, In
2015-08-14 11:18:33 :  40> [G]: 117041 [E]:  60331 [D]: 1910 [T]: 4 [TH]: 9, In
2015-08-14 11:18:38 :  41> [G]:  35005 [E]: 120600 [D]:   83 [T]: 3 [TH]: 9, In
2015-08-14 11:18:46 :  42> [G]: 104033 [E]:  94149 [D]: 2115 [T]:23 [TH]:10, In
2015-08-14 11:18:52 :  43> [G]: 151090 [E]:  53336 [D]: 1232 [T]: 1 [TH]: 9, In
2015-08-14 11:19:01 :  44> [G]: 144526 [E]: 119151 [D]: 2713 [T]:24 [TH]:10, In
2015-08-14 11:19:04 :  45> [G]:  92545 [E]: 115507 [D]:  805 [T]: 1 [TH]: 9, In
2015-08-14 11:19:10 :  46> [G]: 202581 [E]:  31292 [D]: 1195 [T]: 1 [TH]: 9, In
2015-08-14 11:19:15 :  47> [G]: 155666 [E]: 111623 [D]:  306 [T]: 1 [TH]: 9, In
2015-08-14 11:19:23 :  48> [G]: 163768 [E]: 156007 [D]:  728 [T]: 1 [TH]: 9, In
2015-08-14 11:19:31 :  49> [G]: 118495 [E]:   4087 [D]: 1169 [T]: 1 [TH]: 9, In
2015-08-14 11:19:36 :  50> [G]:  52803 [E]:  37272 [D]:  387 [T]: 1 [TH]: 9, In
2015-08-14 11:19:41 :  51> [G]:   9453 [E]:  98293 [D]:  282 [T]: 2 [TH]: 9, In
2015-08-14 11:19:46 :  52> [G]:  56344 [E]:  38282 [D]: 1233 [T]: 1 [TH]: 9, In
2015-08-14 11:19:51 :  53> [G]: 135067 [E]: 122863 [D]:  664 [T]: 2 [TH]: 9, In
2015-08-14 11:19:57 :  54> [G]:  90420 [E]:  91337 [D]:  615 [T]: 1 [TH]: 9, In
2015-08-14 11:20:02 :  55> [G]: 124438 [E]:  70329 [D]:  915 [T]: 2 [TH]: 9, In
2015-08-14 11:20:11 :  56> [G]: 189878 [E]: 209458 [D]: 1930 [T]:34 [TH]:10, In
2015-08-14 11:20:14 :  57> [G]: 110256 [E]: 222088 [D]: 1792 [T]: 1 [TH]: 8, Out
2015-08-14 11:20:14 : ~~~~~~~~~~~~~~~ TH Outside Found! ~~~~~~~~~~~~~~~~
2015-08-14 11:20:16 : ================ Search Complete =================
2015-08-14 11:20:16 : Initiating attack for: TH Snipe
2015-08-14 11:20:18 : -Barbarians 31
2015-08-14 11:20:18 : -Archers 94
2015-08-14 11:20:18 : -Giants 12
2015-08-14 11:20:18 : -Clan Castle 
2015-08-14 11:20:18 : -King 
2015-08-14 11:20:18 : -Lightning Spells 3
2015-08-14 11:20:18 : -Poison Spells 1
2015-08-14 11:20:18 :  ====== Start Attack ====== 
2015-08-14 11:20:20 : Sending 1st wave of archers.
2015-08-14 11:20:20 : Dropping first wave of 4 Archers
2015-08-14 11:20:22 : Deployment of Archers Successful!
2015-08-14 11:20:24 : Dropping first wave of 15 Archers
2015-08-14 11:20:27 : Deployment of Archers Successful!
2015-08-14 11:20:59 : Sending second wave of archers.
2015-08-14 11:20:59 : Dropping second wave of 20 Archers
2015-08-14 11:21:03 : Deployment of Archers Successful!
2015-08-14 11:21:09 : Townhall has been destroyed!
2015-08-14 11:21:12 : Checking if the battle has finished
2015-08-14 11:21:14 : detected [G]:  [E]:  [DE]:  |  Exit now 
2015-08-14 11:21:14 : Battle has finished
2015-08-14 11:21:14 : Returning Home
2015-08-14 11:21:18 : Loot: [G]: 1 000 [E]: 1 000 [DE]:  [T]: 1
2015-08-14 11:21:19 : Bonus [G]: 140 000 [E]: 140 000 [DE]: 900
2015-08-14 11:21:22 : Your league level is: Master I
2015-08-14 11:21:22 : Stars earned: 1
2015-08-14 11:21:30 : Trying to locate Main Screen
2015-08-14 11:21:30 : Main Screen Located
2015-08-14 11:21:31 : Village Report
2015-08-14 11:21:31 : No. of Free/Total Builders: 0/5
2015-08-14 11:21:31 :  [T]: 3 153
2015-08-14 11:21:32 :  [G]: 6 001 000 [E]: 6 001 000 [D]: 80 000 [GEM]: 64
2015-08-14 11:21:32 : Collecting Resources
2015-08-14 11:21:41 : Checking if Village needs Rearming..
2015-08-14 11:21:50 : Checking Army Camp...
2015-08-14 11:21:53 : Total Army Camp capacity: 200/200
2015-08-14 11:21:54 :  - No. of Barbarians: 31
2015-08-14 11:21:54 :  - No. of Archers: 109
2015-08-14 11:21:54 :  - No. of Giants: 12
2015-08-14 11:21:54 : Barracks and Spell factory status: 
2015-08-14 11:21:54 : - Barracks detected: 4 | Available: 4 | Upgrading: 0
2015-08-14 11:21:54 : - Dark Barracks detected: 2 | Available: 1 | Upgrading: 1
2015-08-14 11:21:54 : - Spell factory detected: 1 | Available: 1 | Upgrading: 0
2015-08-14 11:21:54 : - Dark Spell factory detected: 1 | Available: 1 | Upgrading: 0
2015-08-14 11:21:54 : Training Troops...
2015-08-14 11:21:55 : Your Army Camps are now Full
2015-08-14 11:21:55 : Too many Arch, train last.
2015-08-14 11:21:55 : Too few Barb, train first.
2015-08-14 11:22:17 : Requesting Clan Castle Troops
2015-08-14 11:22:18 : Your Clan Castle is already full or you are not in a clan.
2015-08-14 11:22:21 : Going to Attack...
2015-08-14 11:22:27 : ============== Searching For Dead Base ===============
2015-08-14 11:22:27 : ~~~~~~~~~~~~~~~ SEARCH CONDITIONS ~~~~~~~~~~~~~~~~
2015-08-14 11:22:27 : Meet: Gold and Elixir, TH Outside
2015-08-14 11:22:27 : ~~~~~~~~~~~~~~ RESOURCE CONDITIONS ~~~~~~~~~~~~~~~
2015-08-14 11:22:27 : Aim: [G]: 999999 [E]: 999999 [D]:    0 [T]: 0, Out, Out, Out, Out, Out, Out, Out, Out, Out, Out, Out, Out, Out, Out, Out, Out, Out, Out, Out, Out, Out, Out, Out, Out, Out, Out, Out, Out, Out, Out, Out, Out, Out, Out, Out, Out, Out, Out, Out, Out, Out, Out, Out, Out, Out, Out, Out, Out, Out, Out, Out, Out, Out, Out, Out, Out, Out, Out, Out, Out, Out, Out, Out, Out, Out, Out, Out, Out, Out, Out, Out, Out, Out, Out, Out, Out, Out, Out, Out, Out, Out, Out, Out, Out, Out, Out, Out, Out, Out, Out, Out, Out, Out, Out, Out, Out, Out, Out, Out, Out, Out, Out, Out, Out, Out, Out, Out, Out, Out, Out, Out, Out for: Dead Base
2015-08-14 11:22:27 : ~~~~~~~~~~~~~~~ ADVANCED SETTINGS ~~~~~~~~~~~~~~~~
2015-08-14 11:22:27 : THSnipe Combo, 1 Tile(s), 
2015-08-14 11:22:27 : ==================================================
2015-08-14 11:22:36 :   1> [G]:  47706 [E]:  40453 [D]:  878 [T]:17 [TH]:10, In
2015-08-14 11:22:44 :   2> [G]:  93947 [E]:  72307 [D]: 1655 [T]:15 [TH]:10, In
2015-08-14 11:22:53 :   3> [G]:  79705 [E]: 168870 [D]: 1059 [T]:13 [TH]:10, In
2015-08-14 11:23:05 :   4> [G]:  32716 [E]: 210640 [D]: 1586 [T]: 1 [TH]: 9, In
2015-08-14 11:23:08 :   5> [G]:  59883 [E]: 101028 [D]: 2258 [T]: 2 [TH]: 9, In
2015-08-14 11:23:13 :   6> [G]: 115449 [E]: 128821 [D]: 1468 [T]: 2 [TH]: 9, In
2015-08-14 11:23:19 :   7> [G]:  68435 [E]:  22715 [D]: 2057 [T]: 2 [TH]: 9, In
2015-08-14 11:23:25 :   8> [G]: 107262 [E]:  45327 [D]:  940 [T]: 2 [TH]: 9, In
2015-08-14 11:23:29 :   9> [G]:  77930 [E]: 139917 [D]: 1709 [T]: 2 [TH]: 9, In
2015-08-14 11:23:34 :  10> [G]:  69190 [E]:  25534 [D]:  375 [T]: 1 [TH]: 9, In
2015-08-14 11:23:39 :  11> [G]:  40886 [E]:  26416 [D]:  350 [T]: 4 [TH]: 9, In
2015-08-14 11:23:44 :  12> [G]:  84375 [E]: 110229 [D]:  234 [T]: 4 [TH]: 9, In
2015-08-14 11:23:54 :  13> [G]: 114851 [E]:  92795 [D]: 1863 [T]:27 [TH]:10, In
2015-08-14 11:24:01 :  14> [G]: 113473 [E]:  74300 [D]: 1961 [T]:26 [TH]:10, In
2015-08-14 11:24:06 :  15> [G]:  32038 [E]:  16889 [D]:  277 [T]: 2 [TH]: 9, In
2015-08-14 11:24:12 :  16> [G]: 204914 [E]: 139370 [D]:  853 [T]: 9 [TH]: 9, In
2015-08-14 11:24:20 :  17> [G]: 110606 [E]: 126289 [D]: 1757 [T]:24 [TH]:10, In
2015-08-14 11:24:25 :  18> [G]: 129877 [E]:   1568 [D]: 1001 [T]: 1 [TH]: 9, In
2015-08-14 11:24:30 :  19> [G]:  98767 [E]:  92729 [D]: 1114 [T]: 2 [TH]: 9, In
2015-08-14 11:24:35 :  20> [G]:  71745 [E]:  87185 [D]:  562 [T]:13 [TH]: 9, In
2015-08-14 11:24:40 :  21> [G]:  33448 [E]:  53788 [D]:   16 [T]: 8 [TH]: 9, In
2015-08-14 11:24:45 :  22> [G]:  47892 [E]:  73914 [D]:  872 [T]: 1 [TH]: 9, In
2015-08-14 11:24:51 :  23> [G]:  74853 [E]:  70764 [D]: 1165 [T]: 3 [TH]: 9, In
2015-08-14 11:25:00 :  24> [G]:  69024 [E]:   9703 [D]: 2517 [T]:13 [TH]:10, In
2015-08-14 11:25:05 :  25> [G]:  66799 [E]:  99636 [D]:  854 [T]: 1 [TH]: 9, In
2015-08-14 11:25:10 :  26> [G]:  26613 [E]:  32144 [D]:  482 [T]: 2 [TH]: 9, In
2015-08-14 11:25:13 :  27> [G]:  60927 [E]: 227749 [D]:  165 [T]: 2 [TH]: 9, In
2015-08-14 11:25:18 :  28> [G]: 144135 [E]:  79624 [D]: 1101 [T]: 3 [TH]: 9, In
2015-08-14 11:25:23 :  29> [G]:  79750 [E]: 121538 [D]: 1405 [T]: 2 [TH]: 9, In
2015-08-14 11:25:29 :  30> [G]:  29034 [E]:  22784 [D]:  456 [T]: 2 [TH]: 9, In
2015-08-14 11:25:32 :  31> [G]: 201754 [E]: 104039 [D]:  596 [T]: 4 [TH]: 9, In
2015-08-14 11:25:38 :  32> [G]: 127833 [E]: 101209 [D]:  613 [T]: 1 [TH]: 9, In
2015-08-14 11:25:43 :  33> [G]:  73260 [E]:  12353 [D]: 1615 [T]: 2 [TH]: 9, In
2015-08-14 11:25:48 :  34> [G]:  79100 [E]: 138503 [D]:  520 [T]: 1 [TH]: 9, In
2015-08-14 11:25:53 :  35> [G]:  89725 [E]:  17680 [D]:  315 [T]: 1 [TH]: 9, In
2015-08-14 11:25:59 :  36> [G]:  13393 [E]:   5496 [D]: 2090 [T]: 3 [TH]: 9, In
2015-08-14 11:26:04 :  37> [G]: 116963 [E]: 101832 [D]: 1063 [T]: 2 [TH]: 9, In
2015-08-14 11:26:09 :  38> [G]:  34104 [E]: 113077 [D]:  705 [T]: 2 [TH]: 9, In
2015-08-14 11:26:14 :  39> [G]:  81706 [E]:  88643 [D]: 1019 [T]: 1 [TH]: 9, In
2015-08-14 11:26:19 :  40> [G]:  95640 [E]: 121431 [D]:  701 [T]: 2 [TH]: 9, In
2015-08-14 11:26:22 :  41> [G]:  54305 [E]: 115921 [D]: 1580 [T]: 2 [TH]: 9, In
2015-08-14 11:26:28 :  42> [G]: 101227 [E]: 141920 [D]:  660 [T]: 3 [TH]: 9, In
2015-08-14 11:26:33 :  43> [G]: 147985 [E]: 241278 [D]: 1216 [T]: 1 [TH]: 9, In
2015-08-14 11:26:38 :  44> [G]:  73012 [E]:  38245 [D]:  369 [T]: 2 [TH]: 9, In
2015-08-14 11:26:42 :  45> [G]:  83804 [E]:   6937 [D]: 1730 [T]: 1 [TH]: 9, In
2015-08-14 11:26:46 :  46> [G]:   9177 [E]:  34434 [D]:  936 [T]: 4 [TH]: 9, In
2015-08-14 11:26:49 :  47> [G]:  93102 [E]:  88009 [D]:  431 [T]: 2 [TH]: 9, In
2015-08-14 11:26:58 :  48> [G]: 264383 [E]: 183513 [D]: 2392 [T]:33 [TH]:10, In
2015-08-14 11:27:05 :  49> [G]:  93102 [E]: 146868 [D]:  630 [T]: 2 [TH]: 9, In
2015-08-14 11:27:10 :  50> [G]:  63291 [E]:  31856 [D]:  461 [T]: 1 [TH]: 9, In
2015-08-14 11:27:15 :  51> [G]:  52583 [E]:  58639 [D]: 1500 [T]: 1 [TH]: 9, In
2015-08-14 11:27:20 :  52> [G]:  21949 [E]:  47758 [D]:  311 [T]: 1 [TH]: 9, In
2015-08-14 11:27:28 :  53> [G]:  90427 [E]: 127541 [D]: 1312 [T]: 9 [TH]: 9, In
2015-08-14 11:27:38 :  54> [G]:  19865 [E]:  32425 [D]:  964 [T]: 1 [TH]: 9, In
2015-08-14 11:27:41 :  55> [G]: 254976 [E]:  30950 [D]:  337 [T]: 1 [TH]: 8, In
2015-08-14 11:27:47 :  56> [G]:  35134 [E]: 231050 [D]: 1453 [T]: 3 [TH]: 9, In
