2015-08-02 23:02:11 : ~ Clash Game Bot v4.1MODS Powered by GameBot.org ~
2015-08-02 23:02:12 : GameBot.org.exe Executable running on WIN_7  X64
2015-08-02 23:02:12 : =================== Bot Start ====================
2015-08-02 23:02:12 : -------------------------  Current Profile: 02 --------------------------
2015-08-02 23:02:12 : Trying to locate Main Screen
2015-08-02 23:02:12 : Main Screen Located
2015-08-02 23:02:13 : Detecting your Buildings..
2015-08-02 23:02:17 : Language setting is English: Correct.
2015-08-02 23:02:18 : Trying to locate Main Screen
2015-08-02 23:02:18 : Main Screen Located
2015-08-02 23:02:19 : Collecting Resources
2015-08-02 23:02:28 : Village Report
2015-08-02 23:02:28 : No. of Free/Total Builders: 0/4
2015-08-02 23:02:28 :  [T]: 1 735
2015-08-02 23:02:28 :  [G]: 6 001 000 [E]: 5 994 510 [D]: 62 773 [GEM]: 953
2015-08-02 23:02:31 : Chat Request: golem soso valkyri pekka sorciere d
2015-08-02 23:02:33 : Checking Army Camp...
2015-08-02 23:02:35 : Total Army Camp capacity: 174/200
2015-08-02 23:02:36 :  - No. of Barbarians: 114
2015-08-02 23:02:36 :  - No. of Archers: 60
2015-08-02 23:02:36 : Barracks and Spell factory status: 
2015-08-02 23:02:36 : - Barracks detected: 4 | Available: 3 | Upgrading: 1
2015-08-02 23:02:36 : - Dark Barracks detected: 2 | Available: 2 | Upgrading: 0
2015-08-02 23:02:36 : - Spell factory detected: 1 | Available: 1 | Upgrading: 0
2015-08-02 23:02:36 : - Dark Spell factory detected: 1 | Available: 0 | Upgrading: 1
2015-08-02 23:02:36 : Training Troops...
2015-08-02 23:02:54 : Requesting Clan Castle Troops
2015-08-02 23:02:55 : Your Clan Castle is already full or you are not in a clan.
2015-08-02 23:02:56 : Checking Troop Upgrade in Laboratory ...
2015-08-02 23:02:56 : Updating village values [E]: 5998900 [D]: 62773
2015-08-02 23:02:57 : Trouble finding research button, try again...
2015-08-02 23:03:01 : Finished kicking
2015-08-02 23:03:01 : ====== Waiting for full army ======
2015-08-02 23:03:03 : Chat Request: golem soso valkyri pekka sorciere d
2015-08-02 23:03:08 : Chat Request: golem soso valkyri pekka sorciere d
2015-08-02 23:03:15 : Chat Request: golem soso valkyri pekka sorciere d
2015-08-02 23:03:21 : Chat Request: golem soso valkyri pekka sorciere d
2015-08-02 23:03:25 : Collecting Resources
2015-08-02 23:03:31 : Checking Army Camp...
2015-08-02 23:03:33 : Total Army Camp capacity: 178/200
2015-08-02 23:03:34 :  - No. of Barbarians: 114
2015-08-02 23:03:34 :  - No. of Archers: 64
2015-08-02 23:03:34 : Training Troops...
2015-08-02 23:03:41 : Time Idle: 00:00:39
2015-08-02 23:03:41 : ====== Waiting for full army ======
2015-08-02 23:03:44 : Chat Request: defences
2015-08-02 23:03:44 : Archers Keyword found: def
2015-08-02 23:03:44 : Donating Archers
2015-08-02 23:03:47 : Chat Request: golem soso valkyri pekka sorciere d
2015-08-02 23:03:58 : Checking Army Camp...
2015-08-02 23:04:00 : Total Army Camp capacity: 176/200
2015-08-02 23:04:01 :  - No. of Barbarians: 114
2015-08-02 23:04:01 :  - No. of Archers: 62
2015-08-02 23:04:01 : Training Troops...
2015-08-02 23:04:08 : Time Idle: 00:01:06
2015-08-02 23:04:08 : ====== Waiting for full army ======
2015-08-02 23:04:10 : Chat Request: golem soso valkyri pekka sorciere d
2015-08-02 23:04:23 : Checking Army Camp...
2015-08-02 23:04:25 : Total Army Camp capacity: 179/200
2015-08-02 23:04:26 :  - No. of Barbarians: 114
2015-08-02 23:04:26 :  - No. of Archers: 65
2015-08-02 23:04:26 : Training Troops...
2015-08-02 23:04:33 : Time Idle: 00:01:31
2015-08-02 23:04:33 : ====== Waiting for full army ======
2015-08-02 23:04:36 : Chat Request: golem soso valkyri pekka sorciere d
2015-08-02 23:04:41 : Chat Request: golem soso valkyri pekka sorciere d
2015-08-02 23:04:51 : Chat Request: golem soso valkyri pekka sorciere d
2015-08-02 23:04:54 : Checking Army Camp...
2015-08-02 23:04:56 : Total Army Camp capacity: 183/200
2015-08-02 23:04:56 :  - No. of Barbarians: 114
2015-08-02 23:04:57 :  - No. of Archers: 69
2015-08-02 23:04:57 : Training Troops...
2015-08-02 23:04:58 : Your Army Camps are now Full
2015-08-02 23:05:16 : Going to Attack...
2015-08-02 23:05:22 : ============== Searching For Dead Base ===============
2015-08-02 23:05:22 : ~~~~~~~~~~~~~~~ SEARCH CONDITIONS ~~~~~~~~~~~~~~~~
2015-08-02 23:05:22 : Meet: Gold and Elixir, TH Outside
2015-08-02 23:05:22 : ~~~~~~~~~~~~~~ RESOURCE CONDITIONS ~~~~~~~~~~~~~~~
2015-08-02 23:05:22 : Aim: [G]:      1 [E]:      1 [D]:    0 [T]: 0, Out, Out, Out, Out, Out, Out, Out, Out, Out, Out, Out, Out, Out, Out, Out, Out, Out, Out, Out, Out, Out, Out for: Dead Base
2015-08-02 23:05:22 : ~~~~~~~~~~~~~~~ ADVANCED SETTINGS ~~~~~~~~~~~~~~~~
2015-08-02 23:05:22 : THSnipe Combo, 1 Tile(s), 
2015-08-02 23:05:22 : ==================================================
2015-08-02 23:05:23 :   1> [G]: 126552 [E]:  94570 [D]:  365 [T]:23 [TH]: 8, In
2015-08-02 23:05:26 :   2> [G]: 329111 [E]: 109873 [D]: 1828 [T]:29 [TH]: 8, In
2015-08-02 23:05:29 :   3> [G]: 398854 [E]: 341274 [D]: 1109 [T]:17 [TH]: 8, In
2015-08-02 23:05:33 :   4> [G]: 125220 [E]:  84327 [D]: 1119 [T]:33 [TH]: 8, In
2015-08-02 23:05:36 :   5> [G]: 215221 [E]: 101257 [D]: 1164 [T]:27 [TH]: 8, In
2015-08-02 23:05:39 :   6> [G]: 101757 [E]:  77942 [D]:    0 [T]:13 [TH]: 8, In
2015-08-02 23:05:42 :   7> [G]: 352702 [E]: 223584 [D]:  387 [T]:24 [TH]: 8, In
2015-08-02 23:05:45 :   8> [G]:  85000 [E]: 145000 [D]:  448 [T]:31 [TH]: 8, In
2015-08-02 23:05:52 :   9> [G]:  69483 [E]: 224915 [D]: 1906 [T]:26 [TH]: 8, In
2015-08-02 23:05:55 :  10> [G]: 193679 [E]: 145242 [D]:    0 [T]:16 [TH]: 7, In
2015-08-02 23:06:01 :  11> [G]:  15772 [E]:  41258 [D]:  336 [T]:26 [TH]: 7, In
2015-08-02 23:06:05 :  12> [G]:  58032 [E]: 306905 [D]: 2036 [T]:19 [TH]: 8, Out
2015-08-02 23:06:05 : Defense found, but not near TH.
2015-08-02 23:06:06 : ~~~~~~~~~~~~~~~ TH Outside Found! ~~~~~~~~~~~~~~~~
2015-08-02 23:06:06 : ================ Search Complete =================
2015-08-02 23:06:06 : Initiating attack for: TH Snipe
2015-08-02 23:06:08 : -Barbarians 114
2015-08-02 23:06:08 : -Archers 69
2015-08-02 23:06:08 : -Clan Castle 
2015-08-02 23:06:08 : -King 
2015-08-02 23:06:08 : -Lightning Spells 3
2015-08-02 23:06:08 : -Poison Spells 1
2015-08-02 23:06:08 :  ====== Start Attack ====== 
2015-08-02 23:06:10 : 
2015-08-02 23:06:10 : Sniping TH with SmartBarch
2015-08-02 23:06:10 : Attacking TH with 1st wave of BARCH
2015-08-02 23:06:11 : Dropping first wave of 4 Barbarians
2015-08-02 23:06:12 : Deployment of Barbarians Successful!
2015-08-02 23:06:14 : Dropping first wave of 8 Archers
2015-08-02 23:06:17 : Deployment of Archers Successful!
2015-08-02 23:06:45 : Easy 1 star! Yay!
2015-08-02 23:06:49 : Checking if the battle has finished
2015-08-02 23:06:51 : detected [G]:  [E]:  [DE]:  |  Exit now 
2015-08-02 23:06:51 : Battle has finished
2015-08-02 23:06:51 : Returning Home
2015-08-02 23:06:56 : Loot: [G]: 1 000 [E]: 1 000 [DE]:  [T]: 6
2015-08-02 23:06:56 : Bonus [G]: 14 000 [E]: 14 000
2015-08-02 23:06:58 : Your league level is: Gold I
2015-08-02 23:06:58 : Stars earned: 1
2015-08-02 23:07:06 : Trying to locate Main Screen
2015-08-02 23:07:06 : Main Screen Located
2015-08-02 23:07:07 : Collecting Resources
2015-08-02 23:07:16 : Village Report
2015-08-02 23:07:16 : No. of Free/Total Builders: 0/4
2015-08-02 23:07:16 :  [T]: 1 741
2015-08-02 23:07:17 :  [G]: 6 001 000 [E]: 5 977 996 [D]: 62 787 [GEM]: 953
2015-08-02 23:07:20 : Chat Request: golem soso valkyri pekka sorciere d
2015-08-02 23:07:22 : Checking Army Camp...
2015-08-02 23:07:24 : Total Army Camp capacity: 186/200
2015-08-02 23:07:25 :  - No. of Barbarians: 110
2015-08-02 23:07:25 :  - No. of Archers: 76
2015-08-02 23:07:25 : Training Troops...
2015-08-02 23:07:26 : Your Army Camps are now Full
2015-08-02 23:07:49 : Requesting Clan Castle Troops
2015-08-02 23:07:50 : Your Clan Castle is already full or you are not in a clan.
2015-08-02 23:07:51 : Checking Troop Upgrade in Laboratory ...
2015-08-02 23:07:51 : Updating village values [E]: 5973496 [D]: 62787
2015-08-02 23:07:52 : Trouble finding research button, try again...
2015-08-02 23:07:56 : Finished kicking
2015-08-02 23:07:56 : Going to Attack...
2015-08-02 23:08:02 : ============== Searching For Dead Base ===============
2015-08-02 23:08:02 : ~~~~~~~~~~~~~~~ SEARCH CONDITIONS ~~~~~~~~~~~~~~~~
2015-08-02 23:08:02 : Meet: Gold and Elixir, TH Outside
2015-08-02 23:08:02 : ~~~~~~~~~~~~~~ RESOURCE CONDITIONS ~~~~~~~~~~~~~~~
2015-08-02 23:08:02 : Aim: [G]:      1 [E]:      1 [D]:    0 [T]: 0, Out, Out, Out, Out, Out, Out, Out, Out, Out, Out, Out, Out, Out, Out, Out, Out, Out, Out, Out, Out, Out, Out, Out for: Dead Base
2015-08-02 23:08:02 : ~~~~~~~~~~~~~~~ ADVANCED SETTINGS ~~~~~~~~~~~~~~~~
2015-08-02 23:08:02 : THSnipe Combo, 1 Tile(s), 
2015-08-02 23:08:02 : ==================================================
2015-08-02 23:08:03 :   1> [G]: 161255 [E]: 150012 [D]: 1489 [T]:28 [TH]: 8, In
2015-08-02 23:08:06 :   2> [G]:  13919 [E]:   7831 [D]:  138 [T]:34 [TH]: 7, In
2015-08-02 23:08:14 :   3> [G]: 110789 [E]: 154392 [D]: 1069 [T]:26 [TH]: 8, In
2015-08-02 23:08:16 :   4> [G]: 170206 [E]: 131930 [D]:  205 [T]:18 [TH]: 7, In
2015-08-02 23:08:23 :   5> [G]: 103736 [E]: 134462 [D]:  256 [T]:13 [TH]: 8, In
2015-08-02 23:08:25 :   6> [G]: 233341 [E]: 132307 [D]:  916 [T]:17 [TH]: 8, In
2015-08-02 23:08:31 :   7> [G]:  68248 [E]: 110936 [D]:  372 [T]:22 [TH]: 7, In
2015-08-02 23:08:37 :   8> [G]: 649507 [E]: 636483 [D]: 1094 [T]:29 [TH]: 8, Out
2015-08-02 23:08:37 : No major traps found near TH.
2015-08-02 23:08:37 : ~~~~~~~~~~~~~~~~ Dead Base Found! ~~~~~~~~~~~~~~~~
2015-08-02 23:08:37 : ================ Search Complete =================
2015-08-02 23:08:38 : Initiating attack for: Dead Base
2015-08-02 23:08:40 : -Barbarians 110
2015-08-02 23:08:40 : -Archers 77
2015-08-02 23:08:40 : -Clan Castle 
2015-08-02 23:08:40 : -King 
2015-08-02 23:08:40 : -Lightning Spells 3
2015-08-02 23:08:40 : -Poison Spells 1
2015-08-02 23:08:40 :  ====== Start Attack ====== 
2015-08-02 23:08:42 : Attacking on all sides
2015-08-02 23:08:43 : Dropping first wave of 55 Barbarians
2015-08-02 23:08:48 : Dropping first wave of 39 Archers
2015-08-02 23:08:52 : Dropping second wave of 55 Barbarians
2015-08-02 23:08:57 : Dropping second wave of 39 Archers
2015-08-02 23:09:01 : Dropping King
2015-08-02 23:09:02 : ClashGameBot was Paused!
