2015-08-14 15:47:09 : ~~ Clash Game Bot v4.1.1 Powered by GameBot.org ~~
2015-08-14 15:47:09 : GameBot.org.exe Executable running on WIN_7  X64
2015-08-14 15:47:09 : =================== Bot Start ====================
2015-08-14 15:47:09 : -------------------------  Current Profile: 03 --------------------------
2015-08-14 15:47:09 : Trying to locate Main Screen
2015-08-14 15:47:09 : Main Screen Located
2015-08-14 15:47:10 : Detecting your Buildings..
2015-08-14 15:47:11 : Language setting is English: Correct.
2015-08-14 15:47:12 : Trying to locate Main Screen
2015-08-14 15:47:12 : Main Screen Located
2015-08-14 15:47:14 : Village Report
2015-08-14 15:47:14 : No. of Free/Total Builders: 0/5
2015-08-14 15:47:14 :  [T]: 3 071
2015-08-14 15:47:14 :  [G]: 5 941 979 [E]: 5 831 197 [D]: 80 000 [GEM]: 77
2015-08-14 15:47:14 : Collecting Resources
2015-08-14 15:47:23 : Checking if Village needs Rearming..
2015-08-14 15:47:32 : Checking Army Camp...
2015-08-14 15:47:34 : Total Army Camp capacity: 200/200
2015-08-14 15:47:37 :  - No. of Barbarians: 39
2015-08-14 15:47:37 :  - No. of Archers: 106
2015-08-14 15:47:37 :  - No. of Giants: 11
2015-08-14 15:47:37 : Barracks and Spell factory status: 
2015-08-14 15:47:37 : - Barracks detected: 4 | Available: 4 | Upgrading: 0
2015-08-14 15:47:37 : - Dark Barracks detected: 2 | Available: 1 | Upgrading: 1
2015-08-14 15:47:37 : - Spell factory detected: 1 | Available: 1 | Upgrading: 0
2015-08-14 15:47:37 : - Dark Spell factory detected: 1 | Available: 1 | Upgrading: 0
2015-08-14 15:47:37 : Training Troops...
2015-08-14 15:47:38 : Your Army Camps are now Full
2015-08-14 15:47:38 : Too many Arch, train last.
2015-08-14 15:47:38 : Too few Barb, train first.
2015-08-14 15:48:01 : Requesting Clan Castle Troops
2015-08-14 15:48:04 : Cannot detect button request troops.
2015-08-14 15:48:07 : Going to Attack...
2015-08-14 15:48:13 : ============== Searching For Dead Base ===============
2015-08-14 15:48:13 : ~~~~~~~~~~~~~~~ SEARCH CONDITIONS ~~~~~~~~~~~~~~~~
2015-08-14 15:48:13 : Meet: Gold and Elixir, TH Outside
2015-08-14 15:48:13 : ~~~~~~~~~~~~~~ RESOURCE CONDITIONS ~~~~~~~~~~~~~~~
2015-08-14 15:48:13 : Aim: [G]: 999999 [E]: 999999 [D]:    0 [T]: 0, Out for: Dead Base
2015-08-14 15:48:13 : ~~~~~~~~~~~~~~~ ADVANCED SETTINGS ~~~~~~~~~~~~~~~~
2015-08-14 15:48:13 : THSnipe Combo, 1 Tile(s), 
2015-08-14 15:48:13 : ==================================================
2015-08-14 15:48:17 :   1> [G]: 140781 [E]: 257416 [D]: 2088 [T]:25 [TH]:10, In
2015-08-14 15:48:20 :   2> [G]: 140781 [E]: 257416 [D]: 2088 [T]:25 [TH]:10, In
2015-08-14 15:48:33 :   3> [G]:  64608 [E]:  92447 [D]: 1255 [T]:28 [TH]:10, In
2015-08-14 15:48:42 :   4> [G]: 104988 [E]: 182831 [D]: 2453 [T]:16 [TH]:10, In
2015-08-14 15:48:45 :   5> [G]: 235749 [E]:  45844 [D]: 2486 [T]:39 [TH]: 9, In
2015-08-14 15:48:55 :   6> [G]:  12739 [E]: 317224 [D]: 1744 [T]:22 [TH]:10, In
2015-08-14 15:49:10 :   7> [G]:  89763 [E]: 181136 [D]: 2328 [T]:17 [TH]:10, In
2015-08-14 15:49:13 :   8> [G]:  29922 [E]:  36703 [D]:  602 [T]: 2 [TH]: 8, In
2015-08-14 15:49:17 :   9> [G]:  10412 [E]: 117390 [D]:  707 [T]: 1 [TH]: 9, In
2015-08-14 15:49:30 :  10> [G]: 128698 [E]:  33450 [D]:  273 [T]:27 [TH]:10, In
2015-08-14 15:49:35 :  11> [G]:  52692 [E]: 117740 [D]:  256 [T]: 1 [TH]: 9, In
2015-08-14 15:49:41 :  12> [G]:  68170 [E]:  89843 [D]:  654 [T]: 3 [TH]: 9, In
2015-08-14 15:49:45 :  13> [G]: 277344 [E]: 308653 [D]:  893 [T]: 1 [TH]: 9, In
2015-08-14 15:49:49 :  14> [G]:  10463 [E]:  59841 [D]: 1629 [T]: 4 [TH]: 9, In
2015-08-14 15:49:57 :  15> [G]: 157973 [E]: 221522 [D]: 2933 [T]:22 [TH]:10, In
2015-08-14 15:50:02 :  16> [G]: 110515 [E]:   4578 [D]: 1084 [T]: 4 [TH]: 9, In
2015-08-14 15:50:07 :  17> [G]:  78967 [E]: 225132 [D]:  695 [T]: 3 [TH]: 9, In
2015-08-14 15:50:12 :  18> [G]:  50019 [E]:  63646 [D]:  741 [T]: 4 [TH]: 9, In
2015-08-14 15:50:20 :  19> [G]: 213870 [E]:  69769 [D]: 2260 [T]:29 [TH]:10, In
2015-08-14 15:50:28 :  20> [G]:  98674 [E]:  69049 [D]:  932 [T]:27 [TH]:10, In
2015-08-14 15:50:37 :  21> [G]: 100279 [E]:  75748 [D]: 2213 [T]:34 [TH]:10, In
2015-08-14 15:50:45 :  22> [G]:  15588 [E]: 105260 [D]:  230 [T]:16 [TH]:10, In
2015-08-14 15:50:53 :  23> [G]:  41065 [E]:   9982 [D]:   66 [T]:24 [TH]:10, In
2015-08-14 15:51:02 :  24> [G]:  93892 [E]: 110164 [D]: 1329 [T]:28 [TH]:10, In
2015-08-14 15:51:10 :  25> [G]: 405987 [E]: 338838 [D]: 1163 [T]:34 [TH]:10, In
2015-08-14 15:51:18 :  26> [G]:  64664 [E]: 111422 [D]:  933 [T]:14 [TH]:10, In
2015-08-14 15:51:24 :  27> [G]: 117967 [E]:  78277 [D]: 1147 [T]: 1 [TH]: 9, In
2015-08-14 15:51:30 :  28> [G]:  70331 [E]:  27065 [D]:  171 [T]: 1 [TH]: 9, In
2015-08-14 15:51:34 :  29> [G]:  77738 [E]: 193027 [D]:  810 [T]:25 [TH]:10, In
2015-08-14 15:51:37 :  30> [G]: 128435 [E]:  53888 [D]: 1135 [T]: 5 [TH]: 9, In
2015-08-14 15:51:42 :  31> [G]: 102545 [E]:  39831 [D]:   37 [T]: 4 [TH]: 9, In
2015-08-14 15:51:47 :  32> [G]:  97914 [E]: 147812 [D]: 1414 [T]: 1 [TH]: 9, In
2015-08-14 15:51:52 :  33> [G]:  94176 [E]:  80427 [D]:  874 [T]: 4 [TH]: 9, In
2015-08-14 15:51:57 :  34> [G]:  15775 [E]:  63175 [D]:  968 [T]: 7 [TH]: 9, In
2015-08-14 15:52:01 :  35> [G]: 134771 [E]:  84376 [D]: 1214 [T]:30 [TH]:10, In
2015-08-14 15:52:06 :  36> [G]:  41434 [E]:  26570 [D]:  457 [T]: 5 [TH]: 9, In
2015-08-14 15:52:13 :  37> [G]:  74308 [E]:  30261 [D]:  159 [T]: 1 [TH]: 9, In
2015-08-14 15:52:19 :  38> [G]:   7268 [E]:  96613 [D]:  314 [T]: 2 [TH]: 9, In
2015-08-14 15:52:25 :  39> [G]:  46990 [E]:  42098 [D]:  147 [T]: 2 [TH]: 9, In
2015-08-14 15:52:33 :  40> [G]: 118355 [E]: 111253 [D]: 1648 [T]:14 [TH]:10, In
2015-08-14 15:52:37 :  41> [G]:  97893 [E]: 186410 [D]:  107 [T]: 6 [TH]: 9, In
2015-08-14 15:52:43 :  42> [G]:  54030 [E]:  59838 [D]: 1568 [T]: 1 [TH]: 9, In
2015-08-14 15:52:52 :  43> [G]: 158188 [E]:  71693 [D]: 3231 [T]:26 [TH]:10, In
2015-08-14 15:52:57 :  44> [G]: 105933 [E]:  93945 [D]:  506 [T]:11 [TH]: 9, In
2015-08-14 15:53:04 :  45> [G]:  18915 [E]:   2789 [D]:  489 [T]: 1 [TH]: 9, In
2015-08-14 15:53:10 :  46> [G]:  48112 [E]:  79809 [D]:  564 [T]: 2 [TH]: 9, In
2015-08-14 15:53:19 :  47> [G]: 110462 [E]: 133853 [D]: 1609 [T]:14 [TH]:10, In
2015-08-14 15:53:23 :  48> [G]:  46377 [E]:  34271 [D]:  798 [T]: 1 [TH]: 9, In
2015-08-14 15:53:32 :  49> [G]:  39180 [E]:  51135 [D]:  502 [T]:13 [TH]:10, In
2015-08-14 15:53:40 :  50> [G]: 187033 [E]: 107588 [D]: 2115 [T]:28 [TH]:10, In
2015-08-14 15:53:45 :  51> [G]:  40052 [E]:  31212 [D]:  673 [T]: 2 [TH]: 9, In
2015-08-14 15:53:53 :  52> [G]: 125824 [E]: 173450 [D]:  963 [T]:14 [TH]:10, In
2015-08-14 15:53:57 :  53> [G]:  48096 [E]: 212082 [D]: 1735 [T]:18 [TH]:10, In
2015-08-14 15:54:00 :  54> [G]:  69960 [E]:  85593 [D]: 1796 [T]:19 [TH]:10, In
2015-08-14 15:54:06 :  55> [G]:   7430 [E]: 160887 [D]:  768 [T]: 2 [TH]: 9, In
2015-08-14 15:54:09 :  56> [G]:  91043 [E]:  52682 [D]:  955 [T]: 1 [TH]: 9, In
2015-08-14 15:54:17 :  57> [G]:  86383 [E]: 162170 [D]:  379 [T]:30 [TH]:10, In
2015-08-14 15:54:26 :  58> [G]:  61415 [E]: 114681 [D]:  854 [T]:25 [TH]:10, In
2015-08-14 15:54:31 :  59> [G]: 107654 [E]:  97315 [D]:  576 [T]: 1 [TH]: 9, In
2015-08-14 15:54:35 :  60> [G]:  18692 [E]:  23023 [D]:  783 [T]:12 [TH]: 9, In
2015-08-14 15:54:43 :  61> [G]: 174318 [E]:  51045 [D]: 2086 [T]:33 [TH]:10, In
2015-08-14 15:54:51 :  62> [G]: 155999 [E]:  21025 [D]:  525 [T]: 1 [TH]: 9, In
2015-08-14 15:54:57 :  63> [G]:  80532 [E]:  11459 [D]: 1015 [T]: 1 [TH]: 9, In
2015-08-14 15:55:01 :  64> [G]:  91135 [E]: 124117 [D]: 1484 [T]: 2 [TH]: 9, In
2015-08-14 15:55:07 :  65> [G]:  53599 [E]:  57771 [D]:  614 [T]: 7 [TH]: 9, In
2015-08-14 15:55:11 :  66> [G]:  97790 [E]: 166919 [D]:  368 [T]: 6 [TH]: 9, In
2015-08-14 15:55:19 :  67> [G]: 412367 [E]:  45068 [D]: 1001 [T]:20 [TH]:10, In
2015-08-14 15:55:27 :  68> [G]: 183039 [E]: 318241 [D]: 2936 [T]:20 [TH]:10, In
2015-08-14 15:55:34 :  69> [G]:   7642 [E]:  14713 [D]:  132 [T]: 5 [TH]: 9, In
2015-08-14 15:55:37 :  70> [G]:  62428 [E]:  85530 [D]:  488 [T]:29 [TH]:10, In
2015-08-14 15:55:44 :  71> [G]:  26529 [E]: 113476 [D]:  895 [T]: 6 [TH]: 9, In
2015-08-14 15:55:49 :  72> [G]:  66784 [E]:  36623 [D]:  577 [T]: 3 [TH]: 9, In
2015-08-14 15:55:57 :  73> [G]:  64172 [E]:  57470 [D]:  182 [T]: 1 [TH]: 9, In
2015-08-14 15:56:03 :  74> [G]: 105285 [E]:  74988 [D]: 2488 [T]:12 [TH]: 9, In
2015-08-14 15:56:08 :  75> [G]:  47933 [E]: 121717 [D]:  531 [T]: 1 [TH]: 9, In
2015-08-14 15:56:12 :  76> [G]:  52402 [E]: 122159 [D]: 1064 [T]: 1 [TH]: 9, In
2015-08-14 15:56:18 :  77> [G]:  41452 [E]:  97648 [D]:  409 [T]: 1 [TH]: 9, In
2015-08-14 15:56:23 :  78> [G]:  21486 [E]:  45563 [D]:  343 [T]: 2 [TH]: 9, In
2015-08-14 15:56:28 :  79> [G]: 110438 [E]:  27489 [D]: 1319 [T]:15 [TH]: 9, In
2015-08-14 15:56:34 :  80> [G]:  76337 [E]:  51804 [D]:  469 [T]: 3 [TH]: 9, In
2015-08-14 15:56:39 :  81> [G]:  35021 [E]:  94309 [D]: 1878 [T]: 2 [TH]: 9, In
2015-08-14 15:56:47 :  82> [G]:  53006 [E]:  47412 [D]:  844 [T]: 2 [TH]: 9, In
2015-08-14 15:56:51 :  83> [G]:   3795 [E]: 167524 [D]:  392 [T]: 1 [TH]: 9, In
2015-08-14 15:57:00 :  84> [G]:  11151 [E]:  18655 [D]: 1132 [T]: 1 [TH]: 9, In
2015-08-14 15:57:10 :  85> [G]: 101967 [E]:  89822 [D]: 1983 [T]:28 [TH]:10, In
2015-08-14 15:57:15 :  86> [G]:  88271 [E]:  72649 [D]: 1017 [T]: 3 [TH]: 9, In
2015-08-14 15:57:21 :  87> [G]:  52830 [E]: 158067 [D]: 1119 [T]: 1 [TH]: 9, In
2015-08-14 15:57:29 :  88> [G]:  67703 [E]:  52233 [D]: 1197 [T]:22 [TH]:10, In
2015-08-14 15:57:35 :  89> [G]: 151110 [E]: 132075 [D]:  421 [T]: 1 [TH]: 9, In
2015-08-14 15:57:44 :  90> [G]: 122943 [E]: 293093 [D]:  712 [T]:32 [TH]:10, In
2015-08-14 15:57:49 :  91> [G]:  68225 [E]:  85924 [D]:  664 [T]: 1 [TH]: 9, In
2015-08-14 15:57:53 :  92> [G]: 153751 [E]: 173409 [D]: 1727 [T]: 1 [TH]: 9, In
2015-08-14 15:58:00 :  93> [G]:  43503 [E]: 118721 [D]: 1491 [T]: 6 [TH]: 9, In
2015-08-14 15:58:09 :  94> [G]:  60060 [E]: 100038 [D]: 2722 [T]:26 [TH]: -, -
2015-08-14 15:58:14 :  95> [G]: 168937 [E]: 139530 [D]: 3706 [T]: 4 [TH]: 9, Out
2015-08-14 15:58:14 : ~~~~~~~~~~~~~~~ TH Outside Found! ~~~~~~~~~~~~~~~~
2015-08-14 15:58:16 : ================ Search Complete =================
2015-08-14 15:58:16 : Initiating attack for: TH Snipe
2015-08-14 15:58:19 : -Barbarians 39
2015-08-14 15:58:19 : -Archers 106
2015-08-14 15:58:19 : -Giants 11
2015-08-14 15:58:19 : -Clan Castle 
2015-08-14 15:58:19 : -King 
2015-08-14 15:58:19 : -Lightning Spells 3
2015-08-14 15:58:19 : -Poison Spells 1
2015-08-14 15:58:19 :  ====== Start Attack ====== 
2015-08-14 15:58:21 : Sending 1st wave of archers.
2015-08-14 15:58:21 : Dropping first wave of 4 Archers
2015-08-14 15:58:22 : Deployment of Archers Successful!
2015-08-14 15:58:25 : Dropping first wave of 15 Archers
2015-08-14 15:58:27 : Deployment of Archers Successful!
2015-08-14 15:58:41 : Townhall has been destroyed!
2015-08-14 15:58:44 : Checking if the battle has finished
2015-08-14 15:58:46 : detected [G]:  [E]:  [DE]:  |  Exit now 
2015-08-14 15:58:46 : Battle has finished
2015-08-14 15:58:46 : Returning Home
2015-08-14 15:58:50 : Loot: [G]: 1 000 [E]: 1 000 [DE]:  [T]: 1
2015-08-14 15:58:51 : Bonus [G]: 140 000 [E]: 140 000 [DE]: 900
2015-08-14 15:58:54 : Your league level is: Master I
2015-08-14 15:58:54 : Stars earned: 1
2015-08-14 15:59:02 : Trying to locate Main Screen
2015-08-14 15:59:02 : Main Screen Located
2015-08-14 15:59:03 : Village Report
2015-08-14 15:59:03 : No. of Free/Total Builders: 0/5
2015-08-14 15:59:03 :  [T]: 3 072
2015-08-14 15:59:04 :  [G]: 6 001 000 [E]: 5 972 197 [D]: 80 000 [GEM]: 77
2015-08-14 15:59:04 : Collecting Resources
2015-08-14 15:59:12 : Checking if Village needs Rearming..
2015-08-14 15:59:21 : Checking Army Camp...
2015-08-14 15:59:23 : Total Army Camp capacity: 200/200
2015-08-14 15:59:24 :  - No. of Barbarians: 58
2015-08-14 15:59:24 :  - No. of Archers: 87
2015-08-14 15:59:24 :  - No. of Giants: 11
2015-08-14 15:59:25 : Barracks and Spell factory status: 
2015-08-14 15:59:25 : - Barracks detected: 4 | Available: 4 | Upgrading: 0
2015-08-14 15:59:25 : - Dark Barracks detected: 2 | Available: 1 | Upgrading: 1
2015-08-14 15:59:25 : - Spell factory detected: 1 | Available: 1 | Upgrading: 0
2015-08-14 15:59:25 : - Dark Spell factory detected: 1 | Available: 1 | Upgrading: 0
2015-08-14 15:59:25 : Training Troops...
2015-08-14 15:59:25 : Your Army Camps are now Full
2015-08-14 15:59:48 : Requesting Clan Castle Troops
2015-08-14 15:59:49 : Your Clan Castle is already full or you are not in a clan.
2015-08-14 15:59:52 : Going to Attack...
2015-08-14 15:59:58 : ============== Searching For Dead Base ===============
2015-08-14 15:59:58 : ~~~~~~~~~~~~~~~ SEARCH CONDITIONS ~~~~~~~~~~~~~~~~
2015-08-14 15:59:58 : Meet: Gold and Elixir, TH Outside
2015-08-14 15:59:58 : ~~~~~~~~~~~~~~ RESOURCE CONDITIONS ~~~~~~~~~~~~~~~
2015-08-14 15:59:58 : Aim: [G]: 999999 [E]: 999999 [D]:    0 [T]: 0, Out, Out for: Dead Base
2015-08-14 15:59:58 : ~~~~~~~~~~~~~~~ ADVANCED SETTINGS ~~~~~~~~~~~~~~~~
2015-08-14 15:59:58 : THSnipe Combo, 1 Tile(s), 
2015-08-14 15:59:58 : ==================================================
2015-08-14 16:00:01 :   1> [G]: 100808 [E]:  12541 [D]: 2126 [T]:27 [TH]:10, In
2015-08-14 16:00:16 :   2> [G]: 182626 [E]:  21097 [D]:  726 [T]:33 [TH]:10, In
2015-08-14 16:00:23 :   3> [G]:  40430 [E]:  31574 [D]:  789 [T]: 6 [TH]: 9, In
2015-08-14 16:00:32 :   4> [G]: 111157 [E]:  76782 [D]:  609 [T]:13 [TH]: 9, In
2015-08-14 16:00:37 :   5> [G]:  12414 [E]:  79453 [D]: 1101 [T]: 4 [TH]: 9, In
2015-08-14 16:00:47 :   6> [G]:  98806 [E]:  75559 [D]:  996 [T]: 3 [TH]: 9, In
2015-08-14 16:00:53 :   7> [G]:  22168 [E]:  26938 [D]:  532 [T]: 2 [TH]: 9, In
2015-08-14 16:00:57 :   8> [G]: 112085 [E]: 139804 [D]: 1799 [T]: 6 [TH]: 9, In
2015-08-14 16:01:08 :   9> [G]:  22723 [E]:  85846 [D]:  552 [T]: 1 [TH]: 9, In
2015-08-14 16:01:16 :  10> [G]:  74605 [E]: 133140 [D]: 1892 [T]:32 [TH]:10, In
2015-08-14 16:01:20 :  11> [G]: 287892 [E]: 157759 [D]:  854 [T]:14 [TH]: 9, In
2015-08-14 16:01:25 :  12> [G]: 102617 [E]:  70279 [D]:  989 [T]: 9 [TH]: 9, In
2015-08-14 16:01:33 :  13> [G]: 115669 [E]: 108868 [D]:  989 [T]:19 [TH]:10, In
2015-08-14 16:01:40 :  14> [G]:  19280 [E]:  13775 [D]:  117 [T]: 1 [TH]: 9, In
2015-08-14 16:01:43 :  15> [G]:  47422 [E]:  57605 [D]:   78 [T]: 1 [TH]: 8, In
2015-08-14 16:01:48 :  16> [G]:  43000 [E]:  65060 [D]: 1251 [T]: 2 [TH]: 9, In
2015-08-14 16:01:53 :  17> [G]:  27710 [E]:  80937 [D]:  413 [T]: 1 [TH]: 9, In
2015-08-14 16:02:01 :  18> [G]: 407453 [E]: 147146 [D]: 3045 [T]:21 [TH]:10, In
2015-08-14 16:02:06 :  19> [G]:  53485 [E]:  33330 [D]: 2876 [T]: 4 [TH]: 9, Out
2015-08-14 16:02:06 : ~~~~~~~~~~~~~~~ TH Outside Found! ~~~~~~~~~~~~~~~~
2015-08-14 16:02:07 : ================ Search Complete =================
2015-08-14 16:02:07 : Initiating attack for: TH Snipe
2015-08-14 16:02:10 : -Barbarians 58
2015-08-14 16:02:10 : -Archers 87
2015-08-14 16:02:10 : -Giants 11
2015-08-14 16:02:10 : -Clan Castle 
2015-08-14 16:02:10 : -King 
2015-08-14 16:02:10 : -Lightning Spells 3
2015-08-14 16:02:10 : -Poison Spells 1
2015-08-14 16:02:10 :  ====== Start Attack ====== 
2015-08-14 16:02:12 : Sending 1st wave of archers.
2015-08-14 16:02:12 : Dropping first wave of 4 Archers
2015-08-14 16:02:14 : Deployment of Archers Successful!
2015-08-14 16:02:16 : Dropping first wave of 18 Archers
2015-08-14 16:02:19 : Deployment of Archers Successful!
2015-08-14 16:02:31 : Townhall has been destroyed!
2015-08-14 16:02:34 : Checking if the battle has finished
2015-08-14 16:02:36 : detected [G]:  [E]:  [DE]:  |  Exit now 
2015-08-14 16:02:36 : Battle has finished
2015-08-14 16:02:36 : Returning Home
2015-08-14 16:02:40 : Loot: [G]: 4 275 [E]: 1 000 [DE]:  [T]: 1
2015-08-14 16:02:41 : Bonus [G]: 140 000 [E]: 140 000 [DE]: 900
2015-08-14 16:02:43 : Your league level is: Master I
2015-08-14 16:02:43 : Stars earned: 1
2015-08-14 16:02:51 : Trying to locate Main Screen
2015-08-14 16:02:51 : Main Screen Located
2015-08-14 16:02:53 : Village Report
2015-08-14 16:02:53 : No. of Free/Total Builders: 1/5
2015-08-14 16:02:53 :  [T]: 3 073
2015-08-14 16:02:53 :  [G]: 6 001 000 [E]: 6 001 000 [D]: 80 000 [GEM]: 77
2015-08-14 16:02:54 : Collecting Resources
2015-08-14 16:03:02 : Checking if Village needs Rearming..
2015-08-14 16:03:11 : Checking Army Camp...
2015-08-14 16:03:13 : Total Army Camp capacity: 200/200
2015-08-14 16:03:14 :  - No. of Barbarians: 58
2015-08-14 16:03:14 :  - No. of Archers: 87
2015-08-14 16:03:14 :  - No. of Giants: 11
2015-08-14 16:03:14 : Barracks and Spell factory status: 
2015-08-14 16:03:14 : - Barracks detected: 4 | Available: 4 | Upgrading: 0
2015-08-14 16:03:14 : - Dark Barracks detected: 2 | Available: 1 | Upgrading: 1
2015-08-14 16:03:14 : - Spell factory detected: 1 | Available: 1 | Upgrading: 0
2015-08-14 16:03:14 : - Dark Spell factory detected: 1 | Available: 1 | Upgrading: 0
2015-08-14 16:03:14 : Training Troops...
2015-08-14 16:03:15 : Your Army Camps are now Full
2015-08-14 16:03:38 : Requesting Clan Castle Troops
2015-08-14 16:03:39 : Your Clan Castle is already full or you are not in a clan.
2015-08-14 16:03:42 : Going to Attack...
2015-08-14 16:03:48 : ============== Searching For Dead Base ===============
2015-08-14 16:03:48 : ~~~~~~~~~~~~~~~ SEARCH CONDITIONS ~~~~~~~~~~~~~~~~
2015-08-14 16:03:48 : Meet: Gold and Elixir, TH Outside
2015-08-14 16:03:48 : ~~~~~~~~~~~~~~ RESOURCE CONDITIONS ~~~~~~~~~~~~~~~
2015-08-14 16:03:48 : Aim: [G]: 999999 [E]: 999999 [D]:    0 [T]: 0, Out, Out, Out for: Dead Base
2015-08-14 16:03:48 : ~~~~~~~~~~~~~~~ ADVANCED SETTINGS ~~~~~~~~~~~~~~~~
2015-08-14 16:03:48 : THSnipe Combo, 1 Tile(s), 
2015-08-14 16:03:48 : ==================================================
2015-08-14 16:03:52 :   1> [G]:  52038 [E]:  81615 [D]: 1880 [T]:15 [TH]:10, In
2015-08-14 16:04:03 :   2> [G]: 101417 [E]: 372626 [D]:  878 [T]:19 [TH]:10, In
2015-08-14 16:04:11 :   3> [G]:  76645 [E]: 107801 [D]: 1149 [T]:31 [TH]:10, In
2015-08-14 16:04:14 :   4> [G]:  65909 [E]:  62160 [D]: 1107 [T]:27 [TH]:10, In
2015-08-14 16:04:23 :   5> [G]: 258413 [E]: 141929 [D]: 1496 [T]:25 [TH]:10, In
2015-08-14 16:04:31 :   6> [G]:  57775 [E]:  73575 [D]: 1662 [T]:23 [TH]:10, In
2015-08-14 16:04:37 :   7> [G]:  25161 [E]:  49716 [D]: 1517 [T]: 4 [TH]: 9, In
2015-08-14 16:04:40 :   8> [G]: 136952 [E]: 148387 [D]: 1631 [T]:25 [TH]:10, In
2015-08-14 16:04:44 :   9> [G]:  30996 [E]: 105282 [D]:  979 [T]: 1 [TH]: 9, In
2015-08-14 16:04:53 :  10> [G]:  74850 [E]: 123464 [D]:  965 [T]:34 [TH]:10, In
2015-08-14 16:04:58 :  11> [G]:  27239 [E]:  59820 [D]: 1146 [T]: 4 [TH]: 9, In
2015-08-14 16:05:01 :  12> [G]:  63901 [E]: 132634 [D]: 1337 [T]: 2 [TH]: 9, In
2015-08-14 16:05:05 :  13> [G]: 111670 [E]: 221092 [D]:  958 [T]:15 [TH]:10, In
2015-08-14 16:05:13 :  14> [G]:  40723 [E]:  76063 [D]: 1834 [T]:34 [TH]:10, In
2015-08-14 16:05:22 :  15> [G]:  51812 [E]: 112004 [D]: 1562 [T]:22 [TH]:10, In
2015-08-14 16:05:27 :  16> [G]:  53680 [E]:  11559 [D]:  360 [T]: 7 [TH]: 9, In
2015-08-14 16:05:30 :  17> [G]: 274223 [E]: 328787 [D]: 2518 [T]: 1 [TH]: 9, In
2015-08-14 16:05:39 :  18> [G]:  36443 [E]:  49961 [D]: 3090 [T]:20 [TH]:10, In
2015-08-14 16:05:44 :  19> [G]:  16964 [E]:  25335 [D]:  124 [T]: 1 [TH]: 9, In
2015-08-14 16:05:53 :  20> [G]: 198707 [E]: 166201 [D]: 1656 [T]:22 [TH]:10, In
2015-08-14 16:06:04 :  21> [G]:  66204 [E]:  21370 [D]:  201 [T]: 2 [TH]: 9, In
2015-08-14 16:06:12 :  22> [G]: 114074 [E]: 122120 [D]: 1775 [T]:18 [TH]:10, In
2015-08-14 16:06:19 :  23> [G]:  15065 [E]:  57991 [D]:  130 [T]: 3 [TH]: 9, In
2015-08-14 16:06:25 :  24> [G]:  24962 [E]:  13883 [D]: 1026 [T]: 4 [TH]: 9, In
2015-08-14 16:06:30 :  25> [G]:  57109 [E]:  30086 [D]:  386 [T]: 1 [TH]: 9, In
2015-08-14 16:06:36 :  26> [G]:  85213 [E]:  25187 [D]:  309 [T]:11 [TH]: 9, In
2015-08-14 16:06:41 :  27> [G]:  89114 [E]: 227339 [D]:  858 [T]: 2 [TH]: 9, In
2015-08-14 16:06:49 :  28> [G]: 152533 [E]:  25268 [D]:  738 [T]:31 [TH]:10, In
2015-08-14 16:06:55 :  29> [G]:  70189 [E]: 123811 [D]:  654 [T]: 2 [TH]: 9, In
2015-08-14 16:06:59 :  30> [G]:  94953 [E]:  21318 [D]:  736 [T]: 1 [TH]: 9, In
2015-08-14 16:07:06 :  31> [G]:  64520 [E]: 107198 [D]: 1227 [T]: 8 [TH]: 9, In
2015-08-14 16:07:11 :  32> [G]:  96453 [E]:  73442 [D]:  229 [T]: 6 [TH]: 9, In
2015-08-14 16:07:18 :  33> [G]:   5598 [E]:  84541 [D]: 1051 [T]: 1 [TH]: 9, In
2015-08-14 16:07:28 :  34> [G]:  82985 [E]:  95657 [D]: 1180 [T]:19 [TH]:10, In
2015-08-14 16:07:34 :  35> [G]:  28963 [E]: 278594 [D]:  709 [T]:13 [TH]: 9, In
2015-08-14 16:07:37 :  36> [G]:  66913 [E]:  58873 [D]:  938 [T]: 1 [TH]: 9, In
2015-08-14 16:07:44 :  37> [G]: 112924 [E]: 157897 [D]:  484 [T]: 1 [TH]: 9, In
2015-08-14 16:07:50 :  38> [G]:  59694 [E]: 115030 [D]:  657 [T]:16 [TH]: 9, In
2015-08-14 16:07:58 :  39> [G]: 165666 [E]:  58333 [D]: 1688 [T]:15 [TH]:10, In
2015-08-14 16:08:03 :  40> [G]:  95272 [E]:  34406 [D]:  976 [T]: 6 [TH]: 9, In
2015-08-14 16:08:09 :  41> [G]:  69944 [E]:  43878 [D]:  118 [T]: 3 [TH]: 9, In
2015-08-14 16:08:17 :  42> [G]:  69249 [E]: 132511 [D]: 2111 [T]:34 [TH]:10, In
2015-08-14 16:08:22 :  43> [G]: 141908 [E]:  45653 [D]:  381 [T]: 1 [TH]: 9, In
2015-08-14 16:08:31 :  44> [G]: 111555 [E]: 130843 [D]: 2581 [T]:23 [TH]:10, In
2015-08-14 16:08:37 :  45> [G]:  31845 [E]: 104806 [D]:  729 [T]: 1 [TH]: 9, In
2015-08-14 16:08:40 :  46> [G]: 146507 [E]:  61405 [D]: 1002 [T]:16 [TH]: 9, In
2015-08-14 16:08:46 :  47> [G]:  49462 [E]: 155522 [D]:  773 [T]: 1 [TH]: 9, In
2015-08-14 16:08:54 :  48> [G]:  39765 [E]: 213577 [D]: 1355 [T]:22 [TH]:10, In
2015-08-14 16:08:59 :  49> [G]:  86842 [E]:  33686 [D]:  806 [T]: 2 [TH]: 9, In
2015-08-14 16:09:08 :  50> [G]: 127329 [E]: 238883 [D]:  415 [T]:23 [TH]:10, In
2015-08-14 16:09:13 :  51> [G]:  17302 [E]:   5782 [D]:  184 [T]: 1 [TH]: 9, In
2015-08-14 16:09:18 :  52> [G]:  54834 [E]:  15744 [D]:  196 [T]: 4 [TH]: 9, In
2015-08-14 16:09:24 :  53> [G]:  37741 [E]:   5610 [D]:  154 [T]: 1 [TH]: 9, In
2015-08-14 16:09:30 :  54> [G]:  38978 [E]:  28474 [D]:  661 [T]: 2 [TH]: 9, In
2015-08-14 16:09:40 :  55> [G]: 114672 [E]:  21066 [D]: 1334 [T]: 6 [TH]: 9, In
2015-08-14 16:09:46 :  56> [G]:  51171 [E]:  64327 [D]:  651 [T]: 1 [TH]: 9, In
2015-08-14 16:09:53 :  57> [G]: 129977 [E]:  21190 [D]:  591 [T]: 2 [TH]: -, -
2015-08-14 16:09:58 :  58> [G]:  69151 [E]:  25999 [D]: 1248 [T]: 1 [TH]: 9, In
2015-08-14 16:10:06 :  59> [G]:  45069 [E]: 125889 [D]:  902 [T]: 1 [TH]: 9, In
2015-08-14 16:10:15 :  60> [G]: 145589 [E]:  74145 [D]: 3057 [T]:16 [TH]:10, In
2015-08-14 16:10:24 :  61> [G]:  88681 [E]: 135094 [D]: 1202 [T]:30 [TH]:10, In
2015-08-14 16:10:35 :  62> [G]: 139510 [E]: 184651 [D]: 1987 [T]:28 [TH]:10, In
2015-08-14 16:10:42 :  63> [G]:  24544 [E]: 118276 [D]:  339 [T]: 9 [TH]: 9, In
2015-08-14 16:10:46 :  64> [G]: 128314 [E]:  53625 [D]: 1611 [T]:18 [TH]:10, In
2015-08-14 16:10:53 :  65> [G]:   5683 [E]: 181463 [D]: 1290 [T]: 1 [TH]: 9, In
2015-08-14 16:10:57 :  66> [G]:  71691 [E]: 130192 [D]:  733 [T]: 4 [TH]: 9, In
2015-08-14 16:11:01 :  67> [G]:  39453 [E]: 107266 [D]:  789 [T]: 1 [TH]: 9, In
2015-08-14 16:11:06 :  68> [G]:  86224 [E]:  40340 [D]: 1591 [T]: 1 [TH]: 9, In
2015-08-14 16:11:15 :  69> [G]:  80587 [E]:  25706 [D]: 1496 [T]:14 [TH]:10, In
2015-08-14 16:11:23 :  70> [G]:  34213 [E]:  72176 [D]:  811 [T]: 7 [TH]: 9, In
2015-08-14 16:11:31 :  71> [G]: 108529 [E]:  29347 [D]: 1542 [T]:33 [TH]:10, In
2015-08-14 16:11:40 :  72> [G]:  48040 [E]:  88999 [D]: 1594 [T]:27 [TH]:10, In
2015-08-14 16:11:44 :  73> [G]:  43351 [E]:  85311 [D]: 1508 [T]:30 [TH]:10, In
2015-08-14 16:11:53 :  74> [G]: 143611 [E]: 108660 [D]:  707 [T]:32 [TH]:10, In
2015-08-14 16:11:57 :  75> [G]:  42912 [E]:  40005 [D]:  729 [T]: 1 [TH]: 9, In
2015-08-14 16:12:01 :  76> [G]:  62855 [E]: 114325 [D]: 1177 [T]: 1 [TH]: 8, In
2015-08-14 16:12:07 :  77> [G]:  80654 [E]:  51940 [D]:  131 [T]: 1 [TH]: 9, In
2015-08-14 16:12:15 :  78> [G]:  72713 [E]: 124272 [D]:  708 [T]:17 [TH]:10, In
2015-08-14 16:12:19 :  79> [G]:  86150 [E]:  20897 [D]:  387 [T]: 5 [TH]: 9, In
2015-08-14 16:12:24 :  80> [G]:  90581 [E]:  47781 [D]:  923 [T]: 2 [TH]: 9, In
2015-08-14 16:12:28 :  81> [G]: 259722 [E]:  45101 [D]:  673 [T]:18 [TH]:10, In
2015-08-14 16:12:37 :  82> [G]: 182846 [E]: 202101 [D]: 1709 [T]:26 [TH]:10, In
2015-08-14 16:12:40 :  83> [G]:  72185 [E]: 102563 [D]:  987 [T]: 4 [TH]: 9, In
2015-08-14 16:12:45 :  84> [G]: 179107 [E]: 170141 [D]: 1024 [T]: 1 [TH]: 9, In
2015-08-14 16:12:51 :  85> [G]:  71808 [E]:  77267 [D]: 1093 [T]: 1 [TH]: 8, In
2015-08-14 16:12:57 :  86> [G]:  85561 [E]:  34845 [D]:  337 [T]: 1 [TH]: 9, In
2015-08-14 16:13:03 :  87> [G]: 115625 [E]:  98232 [D]: 1493 [T]: 3 [TH]: 9, In
2015-08-14 16:13:10 :  88> [G]:  28807 [E]:  42109 [D]:  527 [T]: 4 [TH]: 9, In
2015-08-14 16:13:13 :  89> [G]: 146762 [E]: 103391 [D]: 1562 [T]: 1 [TH]: 9, In
2015-08-14 16:13:22 :  90> [G]:  72281 [E]:  97088 [D]: 1225 [T]: 1 [TH]: 9, In
2015-08-14 16:13:25 :  91> [G]:  77909 [E]: 217407 [D]:  424 [T]: 3 [TH]: 9, In
2015-08-14 16:13:29 :  92> [G]:  85659 [E]:  66454 [D]: 3059 [T]:15 [TH]:10, In
2015-08-14 16:13:33 :  93> [G]:  78277 [E]:  56678 [D]:  553 [T]: 1 [TH]: 9, In
2015-08-14 16:13:40 :  94> [G]:  22358 [E]: 116786 [D]: 1268 [T]: 5 [TH]: 9, In
2015-08-14 16:13:47 :  95> [G]:  59504 [E]: 106424 [D]:  545 [T]: 5 [TH]: 9, In
2015-08-14 16:13:53 :  96> [G]:  24081 [E]:  63115 [D]: 2345 [T]:12 [TH]: 9, In
2015-08-14 16:14:02 :  97> [G]:  30362 [E]:  16470 [D]:  328 [T]:34 [TH]:10, In
2015-08-14 16:14:07 :  98> [G]:  92846 [E]: 170763 [D]:  762 [T]: 5 [TH]: 9, In
