2015-08-14 20:35:47 : ~~ Clash Game Bot v4.1.1 Powered by GameBot.org ~~
2015-08-14 20:35:47 : GameBot.org.exe Executable running on WIN_7  X64
2015-08-14 20:35:47 : =================== Bot Start ====================
2015-08-14 20:35:47 : -------------------------  Current Profile: 03 --------------------------
2015-08-14 20:35:47 : Trying to locate Main Screen
2015-08-14 20:35:48 : Waiting for Main Screen
2015-08-14 20:35:51 : Main Screen Located
2015-08-14 20:35:52 : Detecting your Buildings..
2015-08-14 20:35:53 : Language setting is English: Correct.
2015-08-14 20:35:54 : Trying to locate Main Screen
2015-08-14 20:35:54 : Main Screen Located
2015-08-14 20:35:55 : Village Report
2015-08-14 20:35:55 : No. of Free/Total Builders: 0/5
2015-08-14 20:35:55 :  [T]: 3 087
2015-08-14 20:35:55 :  [G]: 6 001 000 [E]: 6 001 000 [D]: 80 000 [GEM]: 77
2015-08-14 20:35:56 : Collecting Resources
2015-08-14 20:36:04 : Checking if Village needs Rearming..
2015-08-14 20:36:13 : Checking Army Camp...
2015-08-14 20:36:15 : Total Army Camp capacity: 110/200
2015-08-14 20:36:16 :  - No. of Barbarians: 46
2015-08-14 20:36:17 :  - No. of Archers: 64
2015-08-14 20:36:17 : Barracks and Spell factory status: 
2015-08-14 20:36:17 : - Barracks detected: 4 | Available: 4 | Upgrading: 0
2015-08-14 20:36:17 : - Dark Barracks detected: 2 | Available: 1 | Upgrading: 1
2015-08-14 20:36:17 : - Spell factory detected: 1 | Available: 1 | Upgrading: 0
2015-08-14 20:36:17 : - Dark Spell factory detected: 1 | Available: 1 | Upgrading: 0
2015-08-14 20:36:17 : Training Troops...
2015-08-14 20:36:36 : Requesting Clan Castle Troops
2015-08-14 20:36:37 : Your Clan Castle is already full or you are not in a clan.
2015-08-14 20:36:40 : ====== Waiting for full army ======
2015-08-14 20:36:51 : Checking Army Camp...
2015-08-14 20:36:53 : Total Army Camp capacity: 113/200
2015-08-14 20:36:54 :  - No. of Barbarians: 46
2015-08-14 20:36:54 :  - No. of Archers: 67
2015-08-14 20:36:55 : Training Troops...
2015-08-14 20:37:01 : Time Idle: 00:00:21
2015-08-14 20:37:01 : ====== Waiting for full army ======
2015-08-14 20:37:13 : Checking Army Camp...
2015-08-14 20:37:15 : Total Army Camp capacity: 116/200
2015-08-14 20:37:16 :  - No. of Barbarians: 46
2015-08-14 20:37:16 :  - No. of Archers: 70
2015-08-14 20:37:16 : Training Troops...
2015-08-14 20:37:23 : Time Idle: 00:00:42
2015-08-14 20:37:23 : ====== Waiting for full army ======
2015-08-14 20:37:35 : Checking Army Camp...
2015-08-14 20:37:37 : Total Army Camp capacity: 119/200
2015-08-14 20:37:38 :  - No. of Barbarians: 46
2015-08-14 20:37:38 :  - No. of Archers: 73
2015-08-14 20:37:38 : Training Troops...
2015-08-14 20:37:45 : Time Idle: 00:01:04
2015-08-14 20:37:45 : ====== Waiting for full army ======
2015-08-14 20:37:57 : Checking Army Camp...
2015-08-14 20:37:59 : Total Army Camp capacity: 122/200
2015-08-14 20:38:00 :  - No. of Barbarians: 46
2015-08-14 20:38:00 :  - No. of Archers: 76
2015-08-14 20:38:00 : Training Troops...
2015-08-14 20:38:07 : Time Idle: 00:01:26
2015-08-14 20:38:07 : ====== Waiting for full army ======
2015-08-14 20:38:19 : Checking Army Camp...
2015-08-14 20:38:21 : Total Army Camp capacity: 126/200
2015-08-14 20:38:22 :  - No. of Barbarians: 46
2015-08-14 20:38:22 :  - No. of Archers: 80
2015-08-14 20:38:22 : Training Troops...
2015-08-14 20:38:29 : Time Idle: 00:01:47
2015-08-14 20:38:29 : ====== Waiting for full army ======
2015-08-14 20:38:40 : Collecting Resources
2015-08-14 20:38:46 : Checking Army Camp...
2015-08-14 20:38:48 : Total Army Camp capacity: 130/200
2015-08-14 20:38:49 :  - No. of Barbarians: 46
2015-08-14 20:38:49 :  - No. of Archers: 84
2015-08-14 20:38:49 : Training Troops...
2015-08-14 20:38:57 : Time Idle: 00:02:15
2015-08-14 20:38:57 : ====== Waiting for full army ======
2015-08-14 20:39:09 : Checking Army Camp...
2015-08-14 20:39:11 : Total Army Camp capacity: 130/200
2015-08-14 20:39:12 :  - No. of Barbarians: 46
2015-08-14 20:39:12 :  - No. of Archers: 84
2015-08-14 20:39:12 : Training Troops...
2015-08-14 20:39:20 : Time Idle: 00:02:38
2015-08-14 20:39:21 : ====== Waiting for full army ======
2015-08-14 20:39:32 : Checking Army Camp...
2015-08-14 20:39:34 : Total Army Camp capacity: 130/200
2015-08-14 20:39:35 :  - No. of Barbarians: 46
2015-08-14 20:39:35 :  - No. of Archers: 84
2015-08-14 20:39:36 : Training Troops...
2015-08-14 20:39:43 : Time Idle: 00:03:01
2015-08-14 20:39:43 : ====== Waiting for full army ======
2015-08-14 20:39:55 : Checking Army Camp...
2015-08-14 20:39:57 : Total Army Camp capacity: 130/200
2015-08-14 20:39:58 :  - No. of Barbarians: 46
2015-08-14 20:39:58 :  - No. of Archers: 84
2015-08-14 20:39:58 : Training Troops...
2015-08-14 20:40:06 : Time Idle: 00:03:24
2015-08-14 20:40:06 : ====== Waiting for full army ======
2015-08-14 20:40:18 : Checking Army Camp...
2015-08-14 20:40:20 : Total Army Camp capacity: 130/200
2015-08-14 20:40:21 :  - No. of Barbarians: 46
2015-08-14 20:40:21 :  - No. of Archers: 84
2015-08-14 20:40:22 : Training Troops...
2015-08-14 20:40:29 : Time Idle: 00:03:46
2015-08-14 20:40:29 : ====== Waiting for full army ======
2015-08-14 20:40:41 : Checking Army Camp...
2015-08-14 20:40:43 : Total Army Camp capacity: 150/200
2015-08-14 20:40:44 :  - No. of Barbarians: 46
2015-08-14 20:40:44 :  - No. of Archers: 84
2015-08-14 20:40:44 :  - No. of Giants: 4
2015-08-14 20:40:45 : Training Troops...
2015-08-14 20:40:52 : Time Idle: 00:04:09
2015-08-14 20:40:52 : ====== Waiting for full army ======
2015-08-14 20:41:04 : Checking Army Camp...
2015-08-14 20:41:06 : Total Army Camp capacity: 150/200
2015-08-14 20:41:07 :  - No. of Barbarians: 46
2015-08-14 20:41:07 :  - No. of Archers: 84
2015-08-14 20:41:07 :  - No. of Giants: 4
2015-08-14 20:41:07 : Training Troops...
2015-08-14 20:41:15 : Time Idle: 00:04:32
2015-08-14 20:41:15 : ====== Waiting for full army ======
2015-08-14 20:41:27 : Checking Army Camp...
2015-08-14 20:41:29 : Total Army Camp capacity: 150/200
2015-08-14 20:41:30 :  - No. of Barbarians: 46
2015-08-14 20:41:30 :  - No. of Archers: 84
2015-08-14 20:41:30 :  - No. of Giants: 4
2015-08-14 20:41:31 : Training Troops...
2015-08-14 20:41:39 : Time Idle: 00:04:55
2015-08-14 20:41:39 : ====== Waiting for full army ======
2015-08-14 20:41:51 : Checking Army Camp...
2015-08-14 20:41:53 : Total Army Camp capacity: 150/200
2015-08-14 20:41:54 :  - No. of Barbarians: 46
2015-08-14 20:41:54 :  - No. of Archers: 84
2015-08-14 20:41:54 :  - No. of Giants: 4
2015-08-14 20:41:55 : Training Troops...
2015-08-14 20:42:02 : Time Idle: 00:05:18
2015-08-14 20:42:03 : ====== Waiting for full army ======
2015-08-14 20:42:14 : Checking Army Camp...
2015-08-14 20:42:16 : Total Army Camp capacity: 150/200
2015-08-14 20:42:18 :  - No. of Barbarians: 46
2015-08-14 20:42:18 :  - No. of Archers: 84
2015-08-14 20:42:18 :  - No. of Giants: 4
2015-08-14 20:42:18 : Training Troops...
2015-08-14 20:42:26 : Time Idle: 00:05:41
2015-08-14 20:42:26 : ====== Waiting for full army ======
2015-08-14 20:42:38 : Checking Army Camp...
2015-08-14 20:42:39 : Total Army Camp capacity: 170/200
2015-08-14 20:42:41 :  - No. of Barbarians: 46
2015-08-14 20:42:41 :  - No. of Archers: 84
2015-08-14 20:42:41 :  - No. of Giants: 8
2015-08-14 20:42:41 : Training Troops...
2015-08-14 20:42:49 : Time Idle: 00:06:04
2015-08-14 20:42:49 : ====== Waiting for full army ======
2015-08-14 20:43:01 : Collecting Resources
2015-08-14 20:43:06 : Checking Army Camp...
2015-08-14 20:43:08 : Total Army Camp capacity: 170/200
2015-08-14 20:43:10 :  - No. of Barbarians: 46
2015-08-14 20:43:10 :  - No. of Archers: 84
2015-08-14 20:43:10 :  - No. of Giants: 8
2015-08-14 20:43:10 : Training Troops...
2015-08-14 20:43:19 : Time Idle: 00:06:34
2015-08-14 20:43:19 : ====== Waiting for full army ======
2015-08-14 20:43:31 : Checking Army Camp...
2015-08-14 20:43:33 : Total Army Camp capacity: 170/200
2015-08-14 20:43:34 :  - No. of Barbarians: 46
2015-08-14 20:43:34 :  - No. of Archers: 84
2015-08-14 20:43:34 :  - No. of Giants: 8
2015-08-14 20:43:34 : Training Troops...
2015-08-14 20:43:42 : Time Idle: 00:06:57
2015-08-14 20:43:42 : ====== Waiting for full army ======
2015-08-14 20:43:54 : Checking Army Camp...
2015-08-14 20:43:56 : Total Army Camp capacity: 170/200
2015-08-14 20:43:57 :  - No. of Barbarians: 46
2015-08-14 20:43:57 :  - No. of Archers: 84
2015-08-14 20:43:58 :  - No. of Giants: 8
2015-08-14 20:43:58 : Training Troops...
2015-08-14 20:44:05 : Time Idle: 00:07:20
2015-08-14 20:44:06 : ====== Waiting for full army ======
2015-08-14 20:44:17 : Checking Army Camp...
2015-08-14 20:44:19 : Total Army Camp capacity: 170/200
2015-08-14 20:44:21 :  - No. of Barbarians: 46
2015-08-14 20:44:21 :  - No. of Archers: 84
2015-08-14 20:44:21 :  - No. of Giants: 8
2015-08-14 20:44:21 : Training Troops...
2015-08-14 20:44:29 : Time Idle: 00:07:44
2015-08-14 20:44:30 : ====== Waiting for full army ======
2015-08-14 20:44:37 : Pushbullet: removed 9 messages older than 6 h 
2015-08-14 20:44:45 : Checking Army Camp...
2015-08-14 20:44:47 : Total Army Camp capacity: 191/200
2015-08-14 20:44:48 :  - No. of Barbarians: 47
2015-08-14 20:44:48 :  - No. of Archers: 84
2015-08-14 20:44:49 :  - No. of Giants: 12
2015-08-14 20:44:49 : Training Troops...
2015-08-14 20:44:49 : Your Army Camps are now Full
2015-08-14 20:45:11 : Going to Attack...
2015-08-14 20:45:16 : ============== Searching For Dead Base ===============
2015-08-14 20:45:16 : ~~~~~~~~~~~~~~~ SEARCH CONDITIONS ~~~~~~~~~~~~~~~~
2015-08-14 20:45:16 : Meet: Gold and Elixir, TH Outside
2015-08-14 20:45:16 : ~~~~~~~~~~~~~~ RESOURCE CONDITIONS ~~~~~~~~~~~~~~~
2015-08-14 20:45:16 : Aim: [G]: 999999 [E]: 999999 [D]:    0 [T]: 0, Out, Out, Out, Out, Out, Out, Out, Out, Out, Out, Out, Out, Out for: Dead Base
2015-08-14 20:45:16 : ~~~~~~~~~~~~~~~ ADVANCED SETTINGS ~~~~~~~~~~~~~~~~
2015-08-14 20:45:17 : THSnipe Combo, 1 Tile(s), 
2015-08-14 20:45:17 : ==================================================
2015-08-14 20:45:24 :   1> [G]:  57621 [E]: 166611 [D]: 1232 [T]:14 [TH]:10, In
2015-08-14 20:45:31 :   2> [G]: 106072 [E]: 110542 [D]: 1403 [T]:10 [TH]: 9, In
2015-08-14 20:45:39 :   3> [G]: 138957 [E]:  17646 [D]: 1174 [T]:20 [TH]:10, In
2015-08-14 20:45:47 :   4> [G]: 144898 [E]:  58980 [D]: 1766 [T]: 5 [TH]: 9, In
2015-08-14 20:45:55 :   5> [G]:  92340 [E]: 162228 [D]: 3048 [T]:31 [TH]:10, In
2015-08-14 20:46:00 :   6> [G]:  20112 [E]: 130579 [D]:  553 [T]: 4 [TH]: 9, In
2015-08-14 20:46:05 :   7> [G]:  70971 [E]:  33066 [D]:  755 [T]: 6 [TH]: 9, In
2015-08-14 20:46:11 :   8> [G]:  87076 [E]:  80493 [D]:  979 [T]: 4 [TH]: 9, In
2015-08-14 20:46:15 :   9> [G]:   8071 [E]: 132145 [D]:  135 [T]: 2 [TH]: 9, In
2015-08-14 20:46:19 :  10> [G]:  69034 [E]: 227016 [D]: 1196 [T]:20 [TH]: 9, In
2015-08-14 20:46:23 :  11> [G]: 145400 [E]:  49879 [D]: 2364 [T]:17 [TH]:10, In
2015-08-14 20:46:30 :  12> [G]:  25767 [E]:   3831 [D]: 1050 [T]: 1 [TH]: 9, In
2015-08-14 20:46:35 :  13> [G]:  60667 [E]: 169115 [D]: 1138 [T]: 2 [TH]: 9, In
2015-08-14 20:46:40 :  14> [G]:  57861 [E]:  31947 [D]:  815 [T]: 1 [TH]: 9, In
2015-08-14 20:46:45 :  15> [G]:  52550 [E]:  11041 [D]:  382 [T]: 1 [TH]: 9, In
2015-08-14 20:46:50 :  16> [G]: 166147 [E]: 169454 [D]: 1029 [T]: 2 [TH]: 9, In
2015-08-14 20:46:56 :  17> [G]:  77662 [E]: 156033 [D]: 1025 [T]: 2 [TH]: 9, In
2015-08-14 20:47:01 :  18> [G]: 160768 [E]: 170777 [D]:  404 [T]: 5 [TH]: 9, In
2015-08-14 20:47:04 :  19> [G]:  40487 [E]:  35507 [D]: 1091 [T]: 7 [TH]: 9, In
2015-08-14 20:47:13 :  20> [G]:  30170 [E]:  17212 [D]:  456 [T]:27 [TH]:10, In
2015-08-14 20:47:21 :  21> [G]: 181420 [E]:  67099 [D]: 2431 [T]:33 [TH]:10, In
2015-08-14 20:47:25 :  22> [G]:  84981 [E]:  79329 [D]:  321 [T]: 5 [TH]: 9, In
2015-08-14 20:47:29 :  23> [G]:  13948 [E]:  10117 [D]:  938 [T]: 3 [TH]: 9, In
2015-08-14 20:47:33 :  24> [G]:  90005 [E]: 147980 [D]: 1179 [T]: 7 [TH]: 9, In
2015-08-14 20:47:39 :  25> [G]:  89476 [E]:  45219 [D]:  730 [T]: 3 [TH]: 9, In
2015-08-14 20:47:44 :  26> [G]: 161141 [E]:  91312 [D]:  609 [T]: 1 [TH]: 9, In
2015-08-14 20:47:49 :  27> [G]:  56427 [E]:  28562 [D]:  714 [T]: 1 [TH]: 9, In
2015-08-14 20:47:54 :  28> [G]:  13709 [E]:  25667 [D]:  615 [T]: 6 [TH]: 9, In
2015-08-14 20:48:00 :  29> [G]:  26224 [E]:  76477 [D]:  685 [T]: 3 [TH]: 9, In
2015-08-14 20:48:05 :  30> [G]:  26883 [E]:  19568 [D]: 1101 [T]: 4 [TH]: 9, In
2015-08-14 20:48:08 :  31> [G]: 129747 [E]:  71519 [D]: 1750 [T]:10 [TH]: 9, In
2015-08-14 20:48:13 :  32> [G]:  21236 [E]:   3716 [D]:  329 [T]:14 [TH]:10, In
2015-08-14 20:48:18 :  33> [G]: 119762 [E]:  42382 [D]:  337 [T]: 4 [TH]: 9, In
2015-08-14 20:48:23 :  34> [G]:  27696 [E]: 117906 [D]: 1319 [T]: 1 [TH]: 9, In
2015-08-14 20:48:28 :  35> [G]: 107564 [E]:  45632 [D]:  746 [T]: 3 [TH]: 9, In
2015-08-14 20:48:33 :  36> [G]:  59914 [E]:  71143 [D]:  664 [T]: 1 [TH]: 9, In
2015-08-14 20:48:38 :  37> [G]:  92922 [E]:  58119 [D]:  604 [T]: 1 [TH]: 9, In
2015-08-14 20:48:42 :  38> [G]:  69831 [E]:  34038 [D]:  555 [T]: 8 [TH]: 9, In
2015-08-14 20:48:47 :  39> [G]:  61535 [E]: 154236 [D]:  156 [T]: 1 [TH]: 9, In
2015-08-14 20:48:52 :  40> [G]:  77093 [E]:  63141 [D]:  223 [T]: 1 [TH]: 9, In
2015-08-14 20:48:57 :  41> [G]:  64075 [E]:  33273 [D]:  762 [T]: 1 [TH]: 9, In
2015-08-14 20:49:02 :  42> [G]: 167404 [E]: 142460 [D]:  536 [T]: 2 [TH]: 9, In
2015-08-14 20:49:11 :  43> [G]: 209063 [E]: 175014 [D]: 2287 [T]:31 [TH]:10, In
2015-08-14 20:49:17 :  44> [G]: 179143 [E]:  45717 [D]:   85 [T]: 8 [TH]: 9, In
2015-08-14 20:49:22 :  45> [G]:  71883 [E]:  25899 [D]: 1046 [T]: 7 [TH]: 9, In
2015-08-14 20:49:26 :  46> [G]:  27616 [E]: 112545 [D]:  342 [T]: 5 [TH]: -, -
2015-08-14 20:49:31 :  47> [G]:  65643 [E]:  72432 [D]: 1230 [T]:11 [TH]: 9, In
2015-08-14 20:49:36 :  48> [G]: 197139 [E]:  49539 [D]:  889 [T]: 2 [TH]: 9, In
2015-08-14 20:49:41 :  49> [G]:  87008 [E]:  65175 [D]:  310 [T]: 3 [TH]: 9, In
2015-08-14 20:49:46 :  50> [G]:   4770 [E]:  67851 [D]: 1860 [T]: 1 [TH]: 9, In
2015-08-14 20:49:52 :  51> [G]:  89416 [E]:  39974 [D]: 1848 [T]: 4 [TH]: 9, In
2015-08-14 20:49:56 :  52> [G]:  59159 [E]: 169123 [D]:  166 [T]:14 [TH]: 9, In
2015-08-14 20:50:00 :  53> [G]:  68057 [E]:  73030 [D]: 2063 [T]: 8 [TH]: 9, In
2015-08-14 20:50:06 :  54> [G]:  48257 [E]: 104292 [D]:  830 [T]: 3 [TH]: 9, In
2015-08-14 20:50:09 :  55> [G]:   8278 [E]:  19500 [D]:  426 [T]: 2 [TH]: 9, In
2015-08-14 20:50:18 :  56> [G]: 123379 [E]:  15580 [D]: 2860 [T]:24 [TH]:10, In
2015-08-14 20:50:22 :  57> [G]:  77947 [E]: 111043 [D]: 1124 [T]: 7 [TH]: 9, In
2015-08-14 20:50:27 :  58> [G]:  56269 [E]:   8704 [D]:  250 [T]: 3 [TH]: 9, In
2015-08-14 20:50:32 :  59> [G]:  96802 [E]: 114609 [D]: 1421 [T]: 2 [TH]: 9, In
2015-08-14 20:50:36 :  60> [G]:  94921 [E]: 184643 [D]:  716 [T]: 1 [TH]: 9, In
2015-08-14 20:50:40 :  61> [G]:  72447 [E]: 149914 [D]:  696 [T]: 8 [TH]: 9, In
2015-08-14 20:50:45 :  62> [G]: 269982 [E]: 287445 [D]: 1181 [T]: 3 [TH]: 9, In
2015-08-14 20:50:51 :  63> [G]:  46678 [E]:   1987 [D]:  179 [T]: 1 [TH]: 9, In
2015-08-14 20:50:56 :  64> [G]:  86106 [E]: 103415 [D]: 1802 [T]: 2 [TH]: 9, In
2015-08-14 20:51:01 :  65> [G]:  58636 [E]:  51696 [D]:  693 [T]: 2 [TH]: 9, In
2015-08-14 20:51:06 :  66> [G]:  38567 [E]:   4327 [D]:  756 [T]: 3 [TH]: 9, In
2015-08-14 20:51:11 :  67> [G]:   7624 [E]:  61951 [D]:  624 [T]: 1 [TH]: 9, In
2015-08-14 20:51:16 :  68> [G]:  57642 [E]: 187947 [D]:  682 [T]: 3 [TH]: 9, In
2015-08-14 20:51:22 :  69> [G]: 172694 [E]:  51674 [D]:  856 [T]: 1 [TH]: 9, In
2015-08-14 20:51:27 :  70> [G]:  58912 [E]:  20527 [D]: 1099 [T]: 2 [TH]: 9, In
2015-08-14 20:51:32 :  71> [G]: 113079 [E]:  56490 [D]: 1403 [T]: 6 [TH]: 9, In
2015-08-14 20:51:37 :  72> [G]:  34657 [E]:  37883 [D]: 1416 [T]: 3 [TH]: 9, In
2015-08-14 20:51:42 :  73> [G]:  82745 [E]:  77307 [D]: 1402 [T]: 1 [TH]: 9, In
2015-08-14 20:51:48 :  74> [G]:  61102 [E]: 163790 [D]:  455 [T]: 1 [TH]: 9, In
2015-08-14 20:51:51 :  75> [G]:  23980 [E]:  79733 [D]:  909 [T]: 3 [TH]: 9, In
2015-08-14 20:51:57 :  76> [G]:  21234 [E]:  27533 [D]: 1251 [T]: 1 [TH]: 9, In
2015-08-14 20:52:01 :  77> [G]: 124185 [E]: 171738 [D]: 1517 [T]: 7 [TH]: 9, In
2015-08-14 20:52:07 :  78> [G]:  10024 [E]:  28307 [D]:   21 [T]: 2 [TH]: 9, In
2015-08-14 20:52:11 :  79> [G]:  71477 [E]:  64025 [D]:  212 [T]: 2 [TH]: 9, In
2015-08-14 20:52:17 :  80> [G]:  34026 [E]:  72135 [D]:  190 [T]: 1 [TH]: 9, In
2015-08-14 20:52:22 :  81> [G]:  67649 [E]:  46427 [D]:  910 [T]: 1 [TH]: 9, In
2015-08-14 20:52:31 :  82> [G]:  29565 [E]: 131873 [D]:  767 [T]:20 [TH]:10, In
2015-08-14 20:52:34 :  83> [G]:  13859 [E]: 188099 [D]:   90 [T]: 1 [TH]: 8, In
2015-08-14 20:52:39 :  84> [G]:  30900 [E]:  46843 [D]:  638 [T]: 1 [TH]: 9, In
2015-08-14 20:52:44 :  85> [G]:  11970 [E]:   5264 [D]: 1433 [T]: 3 [TH]: 9, In
2015-08-14 20:52:48 :  86> [G]:  38591 [E]:  24897 [D]:  364 [T]:20 [TH]:10, In
2015-08-14 20:52:55 :  87> [G]: 118050 [E]: 211914 [D]:  989 [T]: 4 [TH]: 9, In
2015-08-14 20:53:04 :  88> [G]:  58146 [E]:   7013 [D]:  381 [T]: 6 [TH]: 9, In
2015-08-14 20:53:09 :  89> [G]:  47383 [E]:  23264 [D]:  111 [T]: 4 [TH]: 9, In
2015-08-14 20:53:12 :  90> [G]: 182049 [E]:  53736 [D]:  765 [T]: 7 [TH]: 9, In
2015-08-14 20:53:17 :  91> [G]:  51593 [E]:  48068 [D]:  706 [T]: 1 [TH]: 9, In
2015-08-14 20:53:22 :  92> [G]:  48667 [E]: 195873 [D]:  235 [T]: 1 [TH]: 9, In
2015-08-14 20:53:27 :  93> [G]: 128363 [E]:  48837 [D]:  552 [T]: 2 [TH]: 9, In
2015-08-14 20:53:36 :  94> [G]:  62474 [E]:  13905 [D]: 2885 [T]:18 [TH]:10, In
2015-08-14 20:53:44 :  95> [G]:  73458 [E]:  93234 [D]: 1141 [T]: 5 [TH]: 9, In
2015-08-14 20:53:47 :  96> [G]: 123475 [E]:  63001 [D]:  175 [T]: 6 [TH]: 9, In
2015-08-14 20:53:52 :  97> [G]:  55855 [E]:  74192 [D]: 1921 [T]: 4 [TH]: 9, In
2015-08-14 20:53:57 :  98> [G]:  94593 [E]:  97656 [D]:  648 [T]: 5 [TH]: 9, In
2015-08-14 20:54:05 :  99> [G]:  86738 [E]:  26636 [D]:   68 [T]: 5 [TH]: 9, In
2015-08-14 20:54:10 : 100> [G]:  26052 [E]:  96973 [D]:  674 [T]: 5 [TH]: 9, In
2015-08-14 20:54:17 : 101> [G]:  74390 [E]: 113431 [D]:  609 [T]: 3 [TH]: 9, In
2015-08-14 20:54:22 : 102> [G]: 147895 [E]: 102571 [D]: 1070 [T]:13 [TH]: 9, In
2015-08-14 20:54:27 : 103> [G]:  35723 [E]:  63607 [D]: 1382 [T]: 1 [TH]: 9, In
2015-08-14 20:54:31 : 104> [G]:  67318 [E]:  66354 [D]: 1371 [T]: 1 [TH]: 9, In
2015-08-14 20:54:35 : 105> [G]: 101163 [E]: 128076 [D]:  386 [T]: 1 [TH]: 9, In
2015-08-14 20:54:39 : 106> [G]: 115692 [E]: 174715 [D]:  867 [T]: 2 [TH]: 9, In
2015-08-14 20:54:44 : 107> [G]:  35480 [E]: 141600 [D]:  552 [T]: 4 [TH]: 9, In
2015-08-14 20:54:47 : 108> [G]:  54561 [E]: 103069 [D]:  942 [T]: 1 [TH]: 9, In
2015-08-14 20:54:53 : 109> [G]:  11437 [E]:  99909 [D]:  923 [T]: 2 [TH]: 9, In
2015-08-14 20:54:58 : 110> [G]:  28454 [E]:  77211 [D]: 1677 [T]: 5 [TH]: 9, In
2015-08-14 20:55:03 : 111> [G]:  38470 [E]: 138057 [D]: 1263 [T]: 3 [TH]: 9, In
2015-08-14 20:55:08 : 112> [G]:  76401 [E]: 198821 [D]:  836 [T]: 5 [TH]: 9, In
2015-08-14 20:55:13 : 113> [G]:  24058 [E]:  85002 [D]: 1004 [T]: 1 [TH]: 9, In
2015-08-14 20:55:18 : 114> [G]:  90718 [E]: 109584 [D]: 1172 [T]: 1 [TH]: 9, In
2015-08-14 20:55:23 : 115> [G]:  38696 [E]:  39343 [D]:  254 [T]: 1 [TH]: 9, In
2015-08-14 20:55:27 : 116> [G]:  92980 [E]: 110213 [D]:  320 [T]: 5 [TH]: 9, In
2015-08-14 20:55:32 : 117> [G]:  52786 [E]:  82814 [D]:  905 [T]: 5 [TH]: 9, In
2015-08-14 20:55:35 : 118> [G]:  13509 [E]:  10776 [D]: 1246 [T]: 2 [TH]: 9, In
2015-08-14 20:55:39 : 119> [G]:  35568 [E]:  44911 [D]:  979 [T]: 2 [TH]: 9, In
2015-08-14 20:55:44 : 120> [G]:  99012 [E]:  33974 [D]:  514 [T]: 1 [TH]: 9, In
2015-08-14 20:55:53 : 121> [G]:  42900 [E]: 103224 [D]:  712 [T]: 1 [TH]: 9, In
2015-08-14 20:55:56 : 122> [G]:  84732 [E]:  33939 [D]:  743 [T]: 3 [TH]: 9, In
2015-08-14 20:56:01 : 123> [G]: 130125 [E]: 105388 [D]:  525 [T]: 2 [TH]: 9, In
2015-08-14 20:56:05 : 124> [G]:   7309 [E]:   9232 [D]:   43 [T]: 3 [TH]: 9, In
2015-08-14 20:56:10 : 125> [G]:  54792 [E]:  90775 [D]:   97 [T]: 6 [TH]: 9, In
2015-08-14 20:56:15 : 126> [G]:  89157 [E]:  44753 [D]:  727 [T]: 3 [TH]: 9, In
2015-08-14 20:56:20 : 127> [G]:  58930 [E]:  36572 [D]:  165 [T]: 1 [TH]: 9, In
2015-08-14 20:56:24 : 128> [G]:  42923 [E]: 237376 [D]:  749 [T]: 1 [TH]: 8, In
2015-08-14 20:56:28 : 129> [G]:  29945 [E]:  12903 [D]:  982 [T]: 1 [TH]: 9, In
2015-08-14 20:56:33 : 130> [G]:  85024 [E]: 104658 [D]: 1333 [T]: 7 [TH]: 9, In
2015-08-14 20:56:39 : 131> [G]:   3250 [E]:   3000 [D]:  247 [T]: 2 [TH]: 9, In
2015-08-14 20:56:44 : 132> [G]:  10144 [E]:  90535 [D]:  493 [T]: 3 [TH]: 9, In
2015-08-14 20:56:50 : 133> [G]: 116278 [E]:  79011 [D]: 1801 [T]: 2 [TH]: -, -
2015-08-14 20:56:55 : 134> [G]: 110072 [E]:   2831 [D]:  683 [T]: 2 [TH]: 9, In
2015-08-14 20:56:58 : 135> [G]:  32524 [E]: 125956 [D]: 1225 [T]: 1 [TH]: 9, In
2015-08-14 20:57:03 : 136> [G]:  58778 [E]:  37034 [D]: 1601 [T]: 5 [TH]: 9, In
2015-08-14 20:57:08 : 137> [G]:  17095 [E]: 126906 [D]: 1285 [T]: 2 [TH]: 9, In
2015-08-14 20:57:13 : 138> [G]:  18138 [E]:  88311 [D]:  505 [T]: 5 [TH]: 9, In
2015-08-14 20:57:18 : 139> [G]: 298653 [E]: 298163 [D]: 1038 [T]: 2 [TH]: 9, In
2015-08-14 20:57:22 : 140> [G]:  68312 [E]: 136202 [D]: 2000 [T]:16 [TH]:10, In
2015-08-14 20:57:26 : 141> [G]:  20786 [E]:  66318 [D]:  554 [T]: 4 [TH]: 9, In
2015-08-14 20:57:32 : 142> [G]:  22602 [E]: 117983 [D]:  490 [T]: 1 [TH]: 9, In
2015-08-14 20:57:37 : 143> [G]:  24604 [E]:   8947 [D]:  508 [T]: 1 [TH]: 9, In
2015-08-14 20:57:42 : 144> [G]:  70909 [E]:   7004 [D]: 1333 [T]: 4 [TH]: 9, In
2015-08-14 20:57:46 : 145> [G]:  53366 [E]:  39981 [D]: 1297 [T]: 6 [TH]: 9, In
2015-08-14 20:57:50 : 146> [G]:  22624 [E]:  75790 [D]: 1217 [T]: 2 [TH]: 9, In
2015-08-14 20:57:55 : 147> [G]:  63834 [E]:  80077 [D]:  433 [T]: 1 [TH]: 9, In
2015-08-14 20:58:00 : 148> [G]:  46473 [E]:  46710 [D]:  547 [T]: 5 [TH]: 9, In
2015-08-14 20:58:05 : 149> [G]:  58232 [E]: 107333 [D]: 2046 [T]: 7 [TH]: 9, In
2015-08-14 20:58:09 : 150> [G]:  10854 [E]:  27492 [D]:  131 [T]:10 [TH]: -, -
2015-08-14 20:58:15 : 151> [G]:  55152 [E]: 298460 [D]: 2657 [T]:18 [TH]:10, In
2015-08-14 20:58:19 : 152> [G]:  61407 [E]:  32425 [D]: 2242 [T]: 1 [TH]: 9, In
2015-08-14 20:58:24 : 153> [G]:  31195 [E]:  31973 [D]:  205 [T]: 7 [TH]: 9, In
2015-08-14 20:58:29 : 154> [G]:  52472 [E]:   5251 [D]: 1221 [T]: 7 [TH]: 9, In
2015-08-14 20:58:34 : 155> [G]:  38825 [E]:  91597 [D]:  208 [T]: 1 [TH]: 9, In
2015-08-14 20:58:38 : 156> [G]:   3081 [E]: 132316 [D]:  501 [T]:24 [TH]: 9, In
2015-08-14 20:58:43 : 157> [G]:  22787 [E]:   2803 [D]: 1180 [T]: 2 [TH]: 9, In
2015-08-14 20:58:52 : 158> [G]:  56786 [E]: 140760 [D]: 2183 [T]:25 [TH]:10, In
2015-08-14 20:58:58 : 159> [G]:  46412 [E]:   1083 [D]:  176 [T]: 1 [TH]: 9, In
2015-08-14 20:59:03 : 160> [G]:  54589 [E]:   5052 [D]:  133 [T]: 2 [TH]: 9, In
2015-08-14 20:59:11 : 161> [G]:  78394 [E]: 222670 [D]:  471 [T]:30 [TH]:10, In
2015-08-14 20:59:17 : 162> [G]:  80510 [E]: 127338 [D]: 1141 [T]: 1 [TH]: 9, In
2015-08-14 20:59:20 : 163> [G]:  62501 [E]:  56816 [D]:  912 [T]: 1 [TH]: 8, In
2015-08-14 20:59:24 : 164> [G]:   6330 [E]:  31284 [D]:  464 [T]: 2 [TH]: 9, In
2015-08-14 20:59:32 : 165> [G]: 279133 [E]: 155081 [D]: 1359 [T]:29 [TH]:10, In
2015-08-14 20:59:37 : 166> [G]:  28632 [E]: 113563 [D]:  358 [T]: 5 [TH]: -, -
2015-08-14 20:59:41 : 167> [G]: 198057 [E]:  50455 [D]:  899 [T]: 2 [TH]: 9, In
2015-08-14 20:59:47 : 168> [G]: 172787 [E]: 148239 [D]:  331 [T]: 3 [TH]: 9, In
2015-08-14 20:59:53 : 169> [G]:  51014 [E]:  38650 [D]:  950 [T]: 3 [TH]: 9, In
2015-08-14 20:59:56 : 170> [G]:  66423 [E]:  53687 [D]:  443 [T]:13 [TH]: 9, In
2015-08-14 21:00:01 : 171> [G]:  15936 [E]: 177845 [D]:  686 [T]: 1 [TH]: 9, In
2015-08-14 21:00:04 : 172> [G]: 132028 [E]:  98608 [D]: 1615 [T]: 1 [TH]: 9, In
2015-08-14 21:00:09 : 173> [G]:  60803 [E]:  87507 [D]:  413 [T]: 1 [TH]: 9, In
2015-08-14 21:00:13 : 174> [G]:  10092 [E]:   8420 [D]: 1575 [T]:15 [TH]:10, In
2015-08-14 21:00:18 : 175> [G]:  40912 [E]:  30194 [D]:  306 [T]: 1 [TH]: 9, In
2015-08-14 21:00:23 : 176> [G]:  94106 [E]:  68526 [D]: 1188 [T]: 2 [TH]: 9, In
2015-08-14 21:00:28 : 177> [G]:  75568 [E]:  28551 [D]:  959 [T]: 1 [TH]: 9, In
2015-08-14 21:00:31 : 178> [G]:   9936 [E]:  19175 [D]:  883 [T]: 8 [TH]: 9, In
2015-08-14 21:00:36 : 179> [G]: 103498 [E]: 159584 [D]: 1754 [T]: 2 [TH]: 9, In
2015-08-14 21:00:41 : 180> [G]:  72798 [E]:  77475 [D]:  608 [T]: 1 [TH]: 9, In
2015-08-14 21:00:46 : 181> [G]:  66672 [E]:  92802 [D]:  128 [T]: 1 [TH]: 9, In
2015-08-14 21:00:51 : 182> [G]:  26494 [E]:  94210 [D]:  981 [T]: 8 [TH]: 9, In
2015-08-14 21:00:58 : 183> [G]:  53431 [E]: 157179 [D]:  443 [T]: 1 [TH]: 9, In
2015-08-14 21:01:03 : 184> [G]:  86051 [E]:  80401 [D]:  335 [T]: 5 [TH]: 9, In
2015-08-14 21:01:09 : 185> [G]:  17560 [E]:  49933 [D]:  507 [T]: 3 [TH]: 9, In
2015-08-14 21:01:14 : 186> [G]: 117018 [E]: 146541 [D]: 1018 [T]:15 [TH]:10, In
2015-08-14 21:01:19 : 187> [G]:  40255 [E]:  23023 [D]:  480 [T]: 6 [TH]: 9, In
2015-08-14 21:01:24 : 188> [G]: 114721 [E]: 175587 [D]:  593 [T]: 4 [TH]: 9, In
2015-08-14 21:01:28 : 189> [G]:  17202 [E]:   3938 [D]:  864 [T]:18 [TH]:10, In
2015-08-14 21:01:32 : 190> [G]:  39425 [E]:  34689 [D]: 1566 [T]: 9 [TH]: 9, In
2015-08-14 21:01:35 : 191> [G]: 235400 [E]: 114472 [D]: 1584 [T]: 3 [TH]: 9, In
2015-08-14 21:01:40 : 192> [G]:  53616 [E]:  74377 [D]:  566 [T]: 4 [TH]: 9, In
2015-08-14 21:01:45 : 193> [G]: 101311 [E]:  30165 [D]:  798 [T]: 4 [TH]: 9, In
2015-08-14 21:01:51 : 194> [G]:  20544 [E]:   8244 [D]:  334 [T]: 1 [TH]: 9, In
2015-08-14 21:01:56 : 195> [G]:  66352 [E]:  41411 [D]: 1115 [T]: 1 [TH]: 9, In
2015-08-14 21:01:59 : 196> [G]:  89881 [E]: 100161 [D]:  657 [T]: 3 [TH]: 9, In
2015-08-14 21:02:04 : 197> [G]:  18696 [E]:  39362 [D]:  267 [T]: 2 [TH]: 9, In
2015-08-14 21:02:09 : 198> [G]: 116318 [E]: 170623 [D]:  688 [T]: 3 [TH]: 9, In
2015-08-14 21:02:12 : 199> [G]:  30655 [E]:   8866 [D]:  149 [T]: 3 [TH]: 9, In
2015-08-14 21:02:17 : 200> [G]:  49951 [E]:  57212 [D]:  377 [T]: 2 [TH]: 9, In
2015-08-14 21:02:24 : 201> [G]: 192705 [E]: 158955 [D]:   15 [T]: 1 [TH]: 9, In
2015-08-14 21:02:29 : 202> [G]:  17308 [E]:  73579 [D]:  975 [T]: 6 [TH]: 9, In
2015-08-14 21:02:34 : 203> [G]:  93333 [E]:  36193 [D]:  678 [T]: 1 [TH]: 9, In
2015-08-14 21:02:37 : 204> [G]: 160189 [E]:  39683 [D]:  821 [T]: 1 [TH]: 9, In
2015-08-14 21:02:42 : 205> [G]:  78275 [E]:  64323 [D]:  239 [T]: 1 [TH]: 9, In
2015-08-14 21:02:48 : 206> [G]:  14641 [E]:  40285 [D]:  504 [T]: 1 [TH]: 9, In
2015-08-14 21:02:57 : 207> [G]: 100006 [E]:  54190 [D]:  555 [T]:27 [TH]:10, In
2015-08-14 21:03:03 : 208> [G]:   7495 [E]:   5104 [D]:  553 [T]: 1 [TH]: 9, In
2015-08-14 21:03:06 : 209> [G]:  22311 [E]:  86855 [D]: 1323 [T]: 7 [TH]: 9, In
2015-08-14 21:03:11 : 210> [G]: 258544 [E]: 259575 [D]: 2156 [T]: 2 [TH]: 9, In
2015-08-14 21:03:15 : 211> [G]: 129197 [E]:  52458 [D]:  495 [T]: 4 [TH]: 9, In
2015-08-14 21:03:19 : 212> [G]:  69795 [E]: 105309 [D]: 1011 [T]: 2 [TH]: 9, In
2015-08-14 21:03:24 : 213> [G]:  86057 [E]: 172321 [D]:  887 [T]: 1 [TH]: 9, In
2015-08-14 21:03:30 : 214> [G]:  24935 [E]:  80688 [D]:  921 [T]: 3 [TH]: 9, In
2015-08-14 21:03:33 : 215> [G]:  70829 [E]:  85637 [D]: 1269 [T]: 8 [TH]: 9, In
2015-08-14 21:03:37 : 216> [G]:  74333 [E]:  93991 [D]: 1152 [T]: 5 [TH]: 9, In
2015-08-14 21:03:41 : 217> [G]: 146824 [E]:  30824 [D]: 1909 [T]:33 [TH]:10, In
2015-08-14 21:03:47 : 218> [G]:  73592 [E]:  49840 [D]:   16 [T]: 2 [TH]: 9, In
2015-08-14 21:03:50 : 219> [G]: 103499 [E]: 183653 [D]: 1314 [T]: 9 [TH]: 9, In
2015-08-14 21:03:55 : 220> [G]: 119358 [E]:  49242 [D]: 1264 [T]: 4 [TH]: 9, In
2015-08-14 21:04:02 : 221> [G]: 152119 [E]: 102682 [D]:  749 [T]: 3 [TH]: 9, In
2015-08-14 21:04:08 : 222> [G]:  55777 [E]: 136869 [D]: 1158 [T]: 6 [TH]: 9, In
2015-08-14 21:04:13 : 223> [G]: 123613 [E]:  15638 [D]:  787 [T]: 1 [TH]: 9, In
2015-08-14 21:04:18 : 224> [G]:  45051 [E]:   1733 [D]:  754 [T]: 3 [TH]: 9, In
2015-08-14 21:04:22 : 225> [G]:  53668 [E]:  83696 [D]:  917 [T]: 5 [TH]: 9, In
2015-08-14 21:04:28 : 226> [G]:  19437 [E]:  73524 [D]:  546 [T]: 1 [TH]: 9, In
2015-08-14 21:04:33 : 227> [G]:  44337 [E]:  88889 [D]:  681 [T]: 1 [TH]: 9, In
2015-08-14 21:04:38 : 228> [G]:  72349 [E]:  21337 [D]:  745 [T]: 1 [TH]: 9, In
2015-08-14 21:04:44 : 229> [G]:  35608 [E]:  38833 [D]: 1430 [T]: 3 [TH]: 9, In
2015-08-14 21:04:48 : 230> [G]:  99261 [E]: 123442 [D]: 1149 [T]:34 [TH]:10, In
2015-08-14 21:04:58 : 231> [G]: 145164 [E]:  85530 [D]: 2649 [T]:16 [TH]:10, In
2015-08-14 21:05:02 : 232> [G]:  80810 [E]:  96989 [D]: 1586 [T]: 2 [TH]: 9, In
2015-08-14 21:05:07 : 233> [G]:  62176 [E]: 114798 [D]:  542 [T]: 2 [TH]: 9, In
2015-08-14 21:05:12 : 234> [G]:   7920 [E]:   2893 [D]:   96 [T]: 1 [TH]: 9, In
2015-08-14 21:05:17 : 235> [G]:  36572 [E]:  23757 [D]: 1073 [T]: 1 [TH]: 9, In
