2015-08-11 01:26:53 : ~~ Clash Game Bot v4.1.1 Powered by GameBot.org ~~
2015-08-11 01:26:53 : GameBot.org.exe Executable running on WIN_7  X64
2015-08-11 01:26:53 : =================== Bot Start ====================
2015-08-11 01:26:53 : -------------------------  Current Profile: 03 --------------------------
2015-08-11 01:26:53 : Trying to locate Main Screen
2015-08-11 01:26:53 : Zooming Out
2015-08-11 01:26:56 : Main Screen Located
2015-08-11 01:26:56 : Language setting is English: Correct.
2015-08-11 01:26:57 : Trying to locate Main Screen
2015-08-11 01:26:57 : Main Screen Located
2015-08-11 01:26:57 : Restarted after Out of Sync Error: Attack Now
2015-08-11 01:26:58 : Going to Attack...
2015-08-11 01:27:04 : ============== Searching For Dead Base ===============
2015-08-11 01:27:04 : ~~~~~~~~~~~~~~~ SEARCH CONDITIONS ~~~~~~~~~~~~~~~~
2015-08-11 01:27:04 : Meet: Gold and Elixir, TH Outside
2015-08-11 01:27:04 : ~~~~~~~~~~~~~~ RESOURCE CONDITIONS ~~~~~~~~~~~~~~~
2015-08-11 01:27:04 : Aim: [G]: 999999 [E]: 999999 [D]:    0 [T]: 0, Out, Out, Out, Out, Out, Out, Out, Out, Out, Out, Out for: Dead Base
2015-08-11 01:27:04 : ~~~~~~~~~~~~~~~ ADVANCED SETTINGS ~~~~~~~~~~~~~~~~
2015-08-11 01:27:04 : THSnipe Combo, 1 Tile(s), 
2015-08-11 01:27:04 : ==================================================
2015-08-11 01:27:05 : 134> [G]:        [E]:        [D]:  N/A [T]:   [TH]: 8, In
2015-08-11 01:27:20 : Have strange problem can not determine, Restarting Bot...
2015-08-11 01:27:21 : Trying to locate Main Screen
2015-08-11 01:27:21 : Main Screen Located
2015-08-11 01:27:21 : Restarted after Out of Sync Error: Attack Now
2015-08-11 01:27:22 : Going to Attack...
2015-08-11 01:27:28 : ============== Searching For Dead Base ===============
2015-08-11 01:27:28 : ~~~~~~~~~~~~~~~ SEARCH CONDITIONS ~~~~~~~~~~~~~~~~
2015-08-11 01:27:28 : Meet: Gold and Elixir, TH Outside
2015-08-11 01:27:28 : ~~~~~~~~~~~~~~ RESOURCE CONDITIONS ~~~~~~~~~~~~~~~
2015-08-11 01:27:28 : Aim: [G]: 999999 [E]: 999999 [D]:    0 [T]: 0, Out, Out, Out, Out, Out, Out, Out, Out, Out, Out, Out, Out for: Dead Base
2015-08-11 01:27:28 : ~~~~~~~~~~~~~~~ ADVANCED SETTINGS ~~~~~~~~~~~~~~~~
2015-08-11 01:27:28 : THSnipe Combo, 1 Tile(s), 
2015-08-11 01:27:28 : ==================================================
2015-08-11 01:27:29 : 135> [G]:        [E]:        [D]:  N/A [T]:   [TH]: 8, In
