2015-08-11 01:27:36 : ~~ Clash Game Bot v4.1.1 Powered by GameBot.org ~~
2015-08-11 01:27:36 : GameBot.org.exe Executable running on WIN_7  X64
2015-08-11 01:27:36 : =================== Bot Start ====================
2015-08-11 01:27:36 : -------------------------  Current Profile: 03 --------------------------
2015-08-11 01:27:37 : Trying to locate Main Screen
2015-08-11 01:27:37 : Main Screen Located
2015-08-11 01:27:37 : Language setting is English: Correct.
2015-08-11 01:27:38 : Trying to locate Main Screen
2015-08-11 01:27:38 : Main Screen Located
2015-08-11 01:27:38 : Restarted after Out of Sync Error: Attack Now
2015-08-11 01:27:38 : Going to Attack...
2015-08-11 01:27:44 : ============== Searching For Dead Base ===============
2015-08-11 01:27:44 : ~~~~~~~~~~~~~~~ SEARCH CONDITIONS ~~~~~~~~~~~~~~~~
2015-08-11 01:27:44 : Meet: Gold and Elixir, TH Outside
2015-08-11 01:27:44 : ~~~~~~~~~~~~~~ RESOURCE CONDITIONS ~~~~~~~~~~~~~~~
2015-08-11 01:27:44 : Aim: [G]: 999999 [E]: 999999 [D]:    0 [T]: 0, Out, Out, Out, Out, Out, Out, Out, Out, Out, Out, Out, Out, Out for: Dead Base
2015-08-11 01:27:44 : ~~~~~~~~~~~~~~~ ADVANCED SETTINGS ~~~~~~~~~~~~~~~~
2015-08-11 01:27:44 : THSnipe Combo, 1 Tile(s), 
2015-08-11 01:27:44 : ==================================================
2015-08-11 01:27:45 : 136> [G]:        [E]:        [D]:  N/A [T]:   [TH]: 8, In
