2015-08-02 20:20:16 : ~ Clash Game Bot v4.1MODS Powered by GameBot.org ~
2015-08-02 20:20:16 : GameBot.org.exe Executable running on WIN_7  X64
2015-08-02 20:20:16 : =================== Bot Start ====================
2015-08-02 20:20:16 : -------------------------  Current Profile: 02 --------------------------
2015-08-02 20:20:16 : Trying to locate Main Screen
2015-08-02 20:20:23 : Waiting for Main Screen
2015-08-02 20:20:24 : Zooming Out
2015-08-02 20:20:26 : Main Screen Located
2015-08-02 20:20:27 : Detecting your Buildings..
2015-08-02 20:20:32 : Language setting is English: Correct.
2015-08-02 20:20:33 : Trying to locate Main Screen
2015-08-02 20:20:33 : Main Screen Located
2015-08-02 20:20:34 : Collecting Resources
2015-08-02 20:20:42 : Village Report
2015-08-02 20:20:42 : No. of Free/Total Builders: 0/4
2015-08-02 20:20:43 :  [T]: 1 837
2015-08-02 20:20:43 :  [G]: 6 001 000 [E]: 5 766 655 [D]: 61 736 [GEM]: 953
2015-08-02 20:20:45 : Chat Request: def plz
2015-08-02 20:20:45 : Archers Keyword found: def
2015-08-02 20:20:46 : Donating Archers
2015-08-02 20:20:48 : Chat Request: golem plz
2015-08-02 20:20:49 : Chat Request: un gogo max et casse brique merci
2015-08-02 20:20:51 : Chat Request: attak soso geant vochon arch mer
2015-08-02 20:20:51 : Archers Keyword found: arch
2015-08-02 20:20:52 : Donating Archers
2015-08-02 20:20:54 : Chat Request: full sosos SVP merci
2015-08-02 20:20:56 : Chat Request: Pr g c 1 p kka max 1 soso max 1 Merci
2015-08-02 20:20:58 : Checking Army Camp...
2015-08-02 20:20:59 : Total Army Camp capacity: 164/200
2015-08-02 20:21:00 :  - No. of Barbarians: 57
2015-08-02 20:21:01 :  - No. of Archers: 107
2015-08-02 20:21:01 : Barracks and Spell factory status: 
2015-08-02 20:21:01 : - Barracks detected: 4 | Available: 3 | Upgrading: 1
2015-08-02 20:21:01 : - Dark Barracks detected: 2 | Available: 2 | Upgrading: 0
2015-08-02 20:21:01 : - Spell factory detected: 1 | Available: 1 | Upgrading: 0
2015-08-02 20:21:01 : - Dark Spell factory detected: 1 | Available: 0 | Upgrading: 1
2015-08-02 20:21:01 : Training Troops...
2015-08-02 20:21:23 : Requesting Clan Castle Troops
2015-08-02 20:21:24 : Your Clan Castle is already full or you are not in a clan.
2015-08-02 20:21:25 : Checking Troop Upgrade in Laboratory ...
2015-08-02 20:21:25 : Updating village values [E]: 5745865 [D]: 61736
2015-08-02 20:21:26 : Trouble finding research button, try again...
2015-08-02 20:21:27 : ClashGameBot was Resumed.
2015-08-02 20:21:30 : Finished kicking
2015-08-02 20:21:31 : ====== Waiting for full army ======
2015-08-02 20:21:32 : Chat Request: golem plz
2015-08-02 20:21:33 : Chat Request: un gogo max et casse brique merci
2015-08-02 20:21:35 : Chat Request: un gogo max et casse brique merci
2015-08-02 20:21:37 : Chat Request: full sosos SVP merci
2015-08-02 20:21:38 : Chat Request: Pr g c 1 p kka max 1 soso max 1 Merci
2015-08-02 20:21:41 : ClashGameBot was Paused!
2015-08-02 20:22:32 : ClashGameBot was Resumed.
2015-08-02 20:22:41 : Checking Army Camp...
2015-08-02 20:22:43 : Total Army Camp capacity: 173/200
2015-08-02 20:22:44 :  - No. of Barbarians: 57
2015-08-02 20:22:44 :  - No. of Archers: 116
2015-08-02 20:22:44 : Training Troops...
2015-08-02 20:22:53 : Time Idle: 00:01:22
2015-08-02 20:22:53 : ====== Waiting for full army ======
2015-08-02 20:22:54 : Chat Request: golem plz
2015-08-02 20:22:56 : Chat Request: un gogo max et casse brique merci
2015-08-02 20:22:58 : Chat Request: full sosos SVP merci
2015-08-02 20:22:59 : Chat Request: Pr g c 1 p kka max 1 soso max 1 Merci
2015-08-02 20:23:12 : Checking Army Camp...
2015-08-02 20:23:13 : Total Army Camp capacity: 177/200
2015-08-02 20:23:14 :  - No. of Barbarians: 57
2015-08-02 20:23:15 :  - No. of Archers: 10
2015-08-02 20:23:15 : Training Troops...
2015-08-02 20:23:21 : Time Idle: 00:01:49
2015-08-02 20:23:21 : ====== Waiting for full army ======
2015-08-02 20:23:23 : Chat Request: golem plz
2015-08-02 20:23:24 : Chat Request: golem plz
2015-08-02 20:23:26 : Chat Request: un gogo max et casse brique merci
2015-08-02 20:23:28 : Chat Request: full sosos SVP merci
2015-08-02 20:23:29 : Chat Request: Pr g c 1 p kka max 1 soso max 1 Merci
2015-08-02 20:23:41 : Checking Army Camp...
2015-08-02 20:23:43 : Total Army Camp capacity: 181/200
2015-08-02 20:23:44 :  - No. of Barbarians: 57
2015-08-02 20:23:44 :  - No. of Archers: 124
2015-08-02 20:23:45 : Training Troops...
2015-08-02 20:23:45 : Your Army Camps are now Full
2015-08-02 20:24:05 : Going to Attack...
2015-08-02 20:24:11 : ============== Searching For Dead Base ===============
2015-08-02 20:24:11 : ~~~~~~~~~~~~~~~ SEARCH CONDITIONS ~~~~~~~~~~~~~~~~
2015-08-02 20:24:11 : Meet: Gold and Elixir, TH Outside
2015-08-02 20:24:11 : ~~~~~~~~~~~~~~ RESOURCE CONDITIONS ~~~~~~~~~~~~~~~
2015-08-02 20:24:11 : Aim: [G]:      1 [E]:      1 [D]:    0 [T]: 0, Out, Out, Out, Out for: Dead Base
2015-08-02 20:24:11 : ~~~~~~~~~~~~~~~ ADVANCED SETTINGS ~~~~~~~~~~~~~~~~
2015-08-02 20:24:11 : THSnipe Combo, 2 Tile(s), 
2015-08-02 20:24:11 : ==================================================
2015-08-02 20:24:13 :   1> [G]: 315500 [E]: 495662 [D]:  681 [T]:22 [TH]: 9, Out
2015-08-02 20:24:13 : Defense found, but not near TH.
2015-08-02 20:24:14 : ~~~~~~~~~~~~~~~ TH Outside Found! ~~~~~~~~~~~~~~~~
2015-08-02 20:24:14 : ================ Search Complete =================
2015-08-02 20:24:14 : Initiating attack for: TH Snipe
2015-08-02 20:24:17 : -Barbarians 57
2015-08-02 20:24:17 : -Archers 125
2015-08-02 20:24:17 : -Clan Castle 
2015-08-02 20:24:17 : -King 
2015-08-02 20:24:17 : -Lightning Spells 3
2015-08-02 20:24:17 : -Poison Spells 1
2015-08-02 20:24:17 :  ====== Start Attack ====== 
2015-08-02 20:24:19 : 
2015-08-02 20:24:19 : Sniping TH with SmartBarch
2015-08-02 20:24:19 : Attacking TH with 1st wave of BARCH
2015-08-02 20:24:19 : Dropping first wave of 4 Barbarians
2015-08-02 20:24:20 : Deployment of Barbarians Successful!
2015-08-02 20:24:22 : Dropping first wave of 8 Archers
2015-08-02 20:24:25 : Deployment of Archers Successful!
2015-08-02 20:24:53 : Attacking TH with 2nd wave of BARCH
2015-08-02 20:24:53 : Dropping second wave of 8 Barbarians
2015-08-02 20:24:55 : Deployment of BarbariansNOT Successful!
2015-08-02 20:24:55 : Dropping second wave of 10 Archers
2015-08-02 20:24:58 : Deployment of Archers Successful!
2015-08-02 20:25:00 : Dropping second wave of 8 Barbarians
2015-08-02 20:25:02 : Deployment of Barbarians Successful!
2015-08-02 20:25:02 : Dropping second wave of 12 Archers
2015-08-02 20:25:04 : Deployment of Archers Successful!
2015-08-02 20:25:27 : Cheap 1 star! Yay!
2015-08-02 20:25:31 : Checking if the battle has finished
2015-08-02 20:25:32 : One Star Reach, exit
2015-08-02 20:25:32 : Returning Home
2015-08-02 20:25:37 : Loot: [G]: 5 932 [E]: 26 433 [DE]: 16 [T]: 7
2015-08-02 20:25:37 : Bonus [G]: 14 000 [E]: 14 000
2015-08-02 20:25:39 : Your league level is: Gold I
2015-08-02 20:25:39 : Stars earned: 1
2015-08-02 20:25:47 : Trying to locate Main Screen
2015-08-02 20:25:47 : Main Screen Located
2015-08-02 20:25:48 : Collecting Resources
2015-08-02 20:25:57 : Village Report
2015-08-02 20:25:57 : No. of Free/Total Builders: 0/4
2015-08-02 20:25:57 :  [T]: 1 844
2015-08-02 20:25:57 :  [G]: 6 001 000 [E]: 5 787 971 [D]: 61 766 [GEM]: 953
2015-08-02 20:26:00 : Chat Request: golem plz
2015-08-02 20:26:02 : Chat Request: golem plz
2015-08-02 20:26:03 : Chat Request: un gogo max et casse brique merci
2015-08-02 20:26:05 : Chat Request: full sosos SVP merci
2015-08-02 20:26:06 : Chat Request: Pr g c 1 p kka max 1 soso max 1 Merci
2015-08-02 20:26:08 : Checking Army Camp...
2015-08-02 20:26:10 : Total Army Camp capacity: 145/200
2015-08-02 20:26:11 :  - No. of Barbarians: 44
2015-08-02 20:26:11 :  - No. of Archers: 101
2015-08-02 20:26:11 : Training Troops...
2015-08-02 20:26:14 : Training Overview Window didn't open
2015-08-02 20:26:16 : Requesting Clan Castle Troops
2015-08-02 20:26:17 : Your Clan Castle is already full or you are not in a clan.
2015-08-02 20:26:18 : Checking Troop Upgrade in Laboratory ...
2015-08-02 20:26:18 : Updating village values [E]: 5787971 [D]: 61766
2015-08-02 20:26:20 : Trouble finding research button, try again...
2015-08-02 20:26:23 : Finished kicking
2015-08-02 20:26:23 : ====== Waiting for full army ======
2015-08-02 20:26:35 : Checking Army Camp...
2015-08-02 20:26:37 : Total Army Camp capacity: 148/200
2015-08-02 20:26:38 :  - No. of Barbarians: 44
2015-08-02 20:26:38 :  - No. of Archers: 104
2015-08-02 20:26:38 : Training Troops...
2015-08-02 20:26:45 : Time Idle: 00:00:21
2015-08-02 20:26:45 : ====== Waiting for full army ======
2015-08-02 20:26:57 : Checking Army Camp...
2015-08-02 20:26:59 : Total Army Camp capacity: 151/200
2015-08-02 20:27:00 :  - No. of Barbarians: 44
2015-08-02 20:27:00 :  - No. of Archers: 107
2015-08-02 20:27:00 : Training Troops...
2015-08-02 20:27:07 : Time Idle: 00:00:42
2015-08-02 20:27:07 : ====== Waiting for full army ======
2015-08-02 20:27:11 : Chat Request: golem plz
2015-08-02 20:27:13 : Chat Request: un gogo max et casse brique merci
2015-08-02 20:27:15 : Chat Request: Pr g c 1 p kka max 1 soso max 1 Merci
2015-08-02 20:27:21 : Chat Request: Pr g c 1 p kka max 1 soso max 1 Merci
2015-08-02 20:27:28 : Checking Army Camp...
2015-08-02 20:27:29 : Total Army Camp capacity: 154/200
2015-08-02 20:27:30 :  - No. of Barbarians: 44
2015-08-02 20:27:31 :  - No. of Archers: 110
2015-08-02 20:27:31 : Training Troops...
2015-08-02 20:27:33 : Training Overview Window didn't open
2015-08-02 20:27:34 : Time Idle: 00:01:10
2015-08-02 20:27:35 : ====== Waiting for full army ======
2015-08-02 20:27:37 : Chat Request: golem plz
2015-08-02 20:27:38 : Chat Request: un gogo max et casse brique merci
2015-08-02 20:27:40 : Chat Request: Pr g c 1 p kka max 1 soso max 1 Merci
2015-08-02 20:27:52 : Checking Army Camp...
2015-08-02 20:27:54 : Total Army Camp capacity: 157/200
2015-08-02 20:27:55 :  - No. of Barbarians: 44
2015-08-02 20:27:55 :  - No. of Archers: 113
2015-08-02 20:27:56 : Training Troops...
2015-08-02 20:28:02 : Time Idle: 00:01:37
2015-08-02 20:28:02 : ====== Waiting for full army ======
2015-08-02 20:28:07 : Chat Request: golem plz
2015-08-02 20:28:09 : Chat Request: un gogo max et casse brique merci
2015-08-02 20:28:11 : Chat Request: Pr g c 1 p kka max 1 soso max 1 Merci
2015-08-02 20:28:20 : Checking Army Camp...
2015-08-02 20:28:22 : Total Army Camp capacity: 160/200
2015-08-02 20:28:23 :  - No. of Barbarians: 44
2015-08-02 20:28:23 :  - No. of Archers: 116
2015-08-02 20:28:23 : Training Troops...
2015-08-02 20:28:30 : Time Idle: 00:02:05
2015-08-02 20:28:30 : ====== Waiting for full army ======
2015-08-02 20:28:32 : Chat Request: golem plz
2015-08-02 20:28:33 : Chat Request: un gogo max et casse brique merci
2015-08-02 20:28:35 : Chat Request: Pr g c 1 p kka max 1 soso max 1 Merci
2015-08-02 20:28:43 : Chat Request: golem plz
2015-08-02 20:28:44 : Chat Request: un gogo max et casse brique merci
2015-08-02 20:28:46 : Chat Request: Pr g c 1 p kka max 1 soso max 1 Merci
2015-08-02 20:28:53 : Checking Army Camp...
2015-08-02 20:28:55 : Total Army Camp capacity: 164/200
2015-08-02 20:28:56 :  - No. of Barbarians: 44
2015-08-02 20:28:56 :  - No. of Archers: 10
2015-08-02 20:28:57 : Training Troops...
2015-08-02 20:29:03 : Time Idle: 00:02:38
2015-08-02 20:29:03 : ====== Waiting for full army ======
2015-08-02 20:29:06 : Chat Request: golem plz
2015-08-02 20:29:07 : Chat Request: un gogo max et casse brique merci
2015-08-02 20:29:09 : Chat Request: Pr g c 1 p kka max 1 soso max 1 Merci
2015-08-02 20:29:18 : Chat Request: golem plz
2015-08-02 20:29:19 : Chat Request: un gogo max et casse brique merci
2015-08-02 20:29:21 : Chat Request: Pr g c 1 p kka max 1 soso max 1 Merci
2015-08-02 20:29:27 : Chat Request: golem plz
2015-08-02 20:29:28 : Chat Request: un gogo max et casse brique merci
2015-08-02 20:29:30 : Chat Request: Pr g c 1 p kka max 1 soso max 1 Merci
2015-08-02 20:29:33 : Collecting Resources
2015-08-02 20:29:39 : Checking Army Camp...
2015-08-02 20:29:41 : Total Army Camp capacity: 170/200
2015-08-02 20:29:42 :  - No. of Barbarians: 44
2015-08-02 20:29:42 :  - No. of Archers: 126
2015-08-02 20:29:43 : Training Troops...
2015-08-02 20:29:49 : Time Idle: 00:03:24
2015-08-02 20:29:49 : ====== Waiting for full army ======
2015-08-02 20:29:52 : Chat Request: golem plz
2015-08-02 20:29:53 : Chat Request: un gogo max et casse brique merci
2015-08-02 20:29:55 : Chat Request: Pr g c 1 p kka max 1 soso max 1 Merci
2015-08-02 20:30:07 : Chat Request: golem plz
2015-08-02 20:30:08 : Chat Request: un gogo max et casse brique merci
2015-08-02 20:30:10 : Chat Request: Pr g c 1 p kka max 1 soso max 1 Merci
2015-08-02 20:30:13 : Checking Army Camp...
2015-08-02 20:30:15 : Total Army Camp capacity: 174/200
2015-08-02 20:30:16 :  - No. of Barbarians: 44
2015-08-02 20:30:16 :  - No. of Archers: 130
2015-08-02 20:30:17 : Training Troops...
2015-08-02 20:30:23 : Time Idle: 00:03:57
2015-08-02 20:30:24 : ====== Waiting for full army ======
2015-08-02 20:30:26 : Chat Request: golem plz
2015-08-02 20:30:27 : Chat Request: un gogo max et casse brique merci
2015-08-02 20:30:29 : Chat Request: Pr g c 1 p kka max 1 soso max 1 Merci
2015-08-02 20:30:42 : Pushbullet: removed 2 messages older than 6 h 
2015-08-02 20:30:43 : Checking Army Camp...
2015-08-02 20:30:44 : Total Army Camp capacity: 178/200
2015-08-02 20:30:46 :  - No. of Barbarians: 44
2015-08-02 20:30:46 :  - No. of Archers: 134
2015-08-02 20:30:46 : Training Troops...
2015-08-02 20:30:52 : Time Idle: 00:04:26
2015-08-02 20:30:53 : ====== Waiting for full army ======
2015-08-02 20:30:54 : Chat Request: Pr g c 1 p kka max 1 soso max 1 Merci
2015-08-02 20:31:06 : Checking Army Camp...
2015-08-02 20:31:08 : Total Army Camp capacity: 180/200
2015-08-02 20:31:09 :  - No. of Barbarians: 44
2015-08-02 20:31:09 :  - No. of Archers: 136
2015-08-02 20:31:10 : Training Troops...
2015-08-02 20:31:10 : Your Army Camps are now Full
