2015-08-14 19:41:50 : ~~ Clash Game Bot v4.1.1 Powered by GameBot.org ~~
2015-08-14 19:41:50 : GameBot.org.exe Executable running on WIN_7  X64
2015-08-14 19:41:50 : =================== Bot Start ====================
2015-08-14 19:41:50 : -------------------------  Current Profile: 03 --------------------------
2015-08-14 19:41:50 : Trying to locate Main Screen
2015-08-14 19:41:50 : Main Screen Located
2015-08-14 19:41:50 : Language setting is English: Correct.
2015-08-14 19:41:51 : Trying to locate Main Screen
2015-08-14 19:41:51 : Main Screen Located
2015-08-14 19:41:51 : Restarted after Out of Sync Error: Attack Now
2015-08-14 19:41:52 : Going to Attack...
2015-08-14 19:41:58 : ============== Searching For Dead Base ===============
2015-08-14 19:41:58 : ~~~~~~~~~~~~~~~ SEARCH CONDITIONS ~~~~~~~~~~~~~~~~
2015-08-14 19:41:58 : Meet: Gold and Elixir, TH Outside
2015-08-14 19:41:58 : ~~~~~~~~~~~~~~ RESOURCE CONDITIONS ~~~~~~~~~~~~~~~
2015-08-14 19:41:58 : Aim: [G]: 999999 [E]: 999999 [D]:    0 [T]: 0, Out, Out, Out, Out, Out, Out, Out for: Dead Base
2015-08-14 19:41:58 : ~~~~~~~~~~~~~~~ ADVANCED SETTINGS ~~~~~~~~~~~~~~~~
2015-08-14 19:41:58 : THSnipe Combo, 1 Tile(s), 
2015-08-14 19:41:58 : ==================================================
2015-08-14 19:42:03 :   7> [G]: 121747 [E]:  29372 [D]:  707 [T]:17 [TH]:10, In
2015-08-14 19:42:12 :   8> [G]: 187453 [E]:  48899 [D]:  420 [T]:13 [TH]:10, In
2015-08-14 19:42:20 :   9> [G]: 189525 [E]:  51134 [D]:  447 [T]:16 [TH]:10, In
2015-08-14 19:42:25 :  10> [G]:  33226 [E]: 130352 [D]:  148 [T]: 9 [TH]: 9, In
2015-08-14 19:42:37 :  11> [G]:  68916 [E]: 204650 [D]: 1667 [T]:24 [TH]:10, In
2015-08-14 19:42:41 :  12> [G]: 254380 [E]:  39893 [D]:  255 [T]:25 [TH]:10, In
2015-08-14 19:42:46 :  13> [G]:  61100 [E]:  80457 [D]:  370 [T]: 7 [TH]: 9, In
2015-08-14 19:42:52 :  14> [G]:  82497 [E]: 100808 [D]: 1138 [T]: 7 [TH]: 9, In
2015-08-14 19:42:59 :  15> [G]:  56922 [E]:  59505 [D]: 1262 [T]: 1 [TH]: 9, In
2015-08-14 19:43:03 :  16> [G]: 110097 [E]:  26260 [D]: 1075 [T]:24 [TH]:10, In
2015-08-14 19:43:08 :  17> [G]:  15092 [E]:  44643 [D]:  120 [T]: 1 [TH]: 9, In
2015-08-14 19:43:18 :  18> [G]: 206406 [E]: 389019 [D]: 1658 [T]:13 [TH]:10, In
2015-08-14 19:43:27 :  19> [G]:  61426 [E]:  82640 [D]: 1360 [T]:24 [TH]:10, In
2015-08-14 19:43:32 :  20> [G]:  65788 [E]: 144172 [D]:  681 [T]: 2 [TH]: 9, In
2015-08-14 19:43:37 :  21> [G]:  83071 [E]:  43648 [D]:  190 [T]: 1 [TH]: 9, In
2015-08-14 19:43:42 :  22> [G]:  45000 [E]:  65000 [D]:  525 [T]: 1 [TH]: 9, In
2015-08-14 19:43:46 :  23> [G]:  34259 [E]:  22218 [D]: 1233 [T]: 1 [TH]: 9, In
2015-08-14 19:43:51 :  24> [G]: 299627 [E]: 339210 [D]: 1705 [T]: 1 [TH]: 9, In
2015-08-14 19:43:56 :  25> [G]:  49664 [E]:  98963 [D]:  941 [T]: 2 [TH]: 9, In
2015-08-14 19:44:00 :  26> [G]: 244363 [E]: 174130 [D]: 1062 [T]:25 [TH]:10, In
2015-08-14 19:44:04 :  27> [G]:  76915 [E]:  26485 [D]: 1188 [T]:14 [TH]: 9, In
2015-08-14 19:44:08 :  28> [G]: 111639 [E]:  22874 [D]:  535 [T]: 1 [TH]: 9, In
2015-08-14 19:44:15 :  29> [G]: 208416 [E]: 142335 [D]:  716 [T]: 3 [TH]: 9, In
2015-08-14 19:44:18 :  30> [G]:  58468 [E]:   1580 [D]:   26 [T]: 3 [TH]: 9, In
2015-08-14 19:44:22 :  31> [G]:  61785 [E]: 229119 [D]: 2608 [T]:14 [TH]:10, In
2015-08-14 19:44:27 :  32> [G]:  22128 [E]:  78608 [D]:  395 [T]: 5 [TH]: 9, In
2015-08-14 19:44:34 : Pushbullet: removed 3 messages older than 6 h 
2015-08-14 19:44:34 :  33> [G]:  59349 [E]:  48722 [D]: 1799 [T]: 8 [TH]: 9, Out
2015-08-14 19:44:34 : ~~~~~~~~~~~~~~~ TH Outside Found! ~~~~~~~~~~~~~~~~
2015-08-14 19:44:36 : ================ Search Complete =================
2015-08-14 19:44:36 : Initiating attack for: TH Snipe
2015-08-14 19:44:39 : -Barbarians 55
2015-08-14 19:44:39 : -Archers 85
2015-08-14 19:44:39 : -Giants 12
2015-08-14 19:44:39 : -Clan Castle 
2015-08-14 19:44:39 : -Lightning Spells 3
2015-08-14 19:44:39 : -Poison Spells 1
2015-08-14 19:44:39 :  ====== Start Attack ====== 
2015-08-14 19:44:41 : Sending 1st wave of archers.
2015-08-14 19:44:41 : Dropping first wave of 4 Archers
2015-08-14 19:44:42 : Zooming in...
2015-08-14 19:44:44 : Done zooming.
2015-08-14 19:44:45 : Scrolling to bottom...
2015-08-14 19:44:49 : Deployment of Archers Successful!
2015-08-14 19:44:51 : Dropping first wave of 18 Archers
2015-08-14 19:44:54 : Deployment of Archers Successful!
2015-08-14 19:45:06 : Townhall has been destroyed!
2015-08-14 19:45:06 : Zooming Out
2015-08-14 19:45:15 : Checking if the battle has finished
2015-08-14 19:45:17 : detected [G]:  [E]:  [DE]:  |  Exit now 
2015-08-14 19:45:17 : Battle has finished
2015-08-14 19:45:17 : Returning Home
2015-08-14 19:45:21 : Loot: [G]: 1 000 [E]: 1 000 [DE]:  [T]: 2
2015-08-14 19:45:22 : Bonus [G]: 140 000 [E]: 140 000 [DE]: 900
2015-08-14 19:45:25 : Your league level is: Master I
2015-08-14 19:45:25 : Stars earned: 1
2015-08-14 19:45:32 : Trying to locate Main Screen
2015-08-14 19:45:32 : Main Screen Located
2015-08-14 19:45:34 : Village Report
2015-08-14 19:45:34 : No. of Free/Total Builders: 0/5
2015-08-14 19:45:34 :  [T]: 3 082
2015-08-14 19:45:34 :  [G]: 6 001 000 [E]: 5 941 750 [D]: 80 000 [GEM]: 77
2015-08-14 19:45:34 : Collecting Resources
2015-08-14 19:45:43 : Checking if Village needs Rearming..
2015-08-14 19:45:53 : Checking Army Camp...
2015-08-14 19:45:54 : Total Army Camp capacity: 200/200
2015-08-14 19:45:56 :  - No. of Barbarians: 55
2015-08-14 19:45:56 :  - No. of Archers: 85
2015-08-14 19:45:56 :  - No. of Giants: 12
2015-08-14 19:45:56 : Barracks and Spell factory status: 
2015-08-14 19:45:56 : - Barracks detected: 4 | Available: 4 | Upgrading: 0
2015-08-14 19:45:56 : - Dark Barracks detected: 2 | Available: 1 | Upgrading: 1
2015-08-14 19:45:56 : - Spell factory detected: 1 | Available: 1 | Upgrading: 0
2015-08-14 19:45:56 : - Dark Spell factory detected: 1 | Available: 1 | Upgrading: 0
2015-08-14 19:45:56 : Training Troops...
2015-08-14 19:45:57 : Your Army Camps are now Full
2015-08-14 19:46:22 : Requesting Clan Castle Troops
2015-08-14 19:46:31 : Going to Attack...
2015-08-14 19:46:38 : ============== Searching For Dead Base ===============
2015-08-14 19:46:38 : ~~~~~~~~~~~~~~~ SEARCH CONDITIONS ~~~~~~~~~~~~~~~~
2015-08-14 19:46:38 : Meet: Gold and Elixir, TH Outside
2015-08-14 19:46:38 : ~~~~~~~~~~~~~~ RESOURCE CONDITIONS ~~~~~~~~~~~~~~~
2015-08-14 19:46:38 : Aim: [G]: 999999 [E]: 999999 [D]:    0 [T]: 0, Out, Out, Out, Out, Out, Out, Out, Out for: Dead Base
2015-08-14 19:46:38 : ~~~~~~~~~~~~~~~ ADVANCED SETTINGS ~~~~~~~~~~~~~~~~
2015-08-14 19:46:38 : THSnipe Combo, 1 Tile(s), 
2015-08-14 19:46:38 : ==================================================
2015-08-14 19:46:39 :   1> [G]: 303225 [E]:  66702 [D]:  272 [T]:23 [TH]:10, In
2015-08-14 19:46:48 :   2> [G]:  52703 [E]:  25936 [D]:  589 [T]:17 [TH]:10, In
2015-08-14 19:46:56 :   3> [G]: 143873 [E]:  88465 [D]: 1557 [T]:26 [TH]:10, In
2015-08-14 19:47:04 :   4> [G]:  40886 [E]:  74746 [D]:  474 [T]: 7 [TH]: 9, In
2015-08-14 19:47:11 :   5> [G]:  64450 [E]:  64705 [D]:  534 [T]:11 [TH]: 9, In
2015-08-14 19:47:16 :   6> [G]:  19847 [E]:  87564 [D]:  887 [T]: 7 [TH]: 9, In
2015-08-14 19:47:24 :   7> [G]: 117461 [E]:  70857 [D]:  424 [T]: 9 [TH]: 9, In
2015-08-14 19:47:38 :   8> [G]:  72407 [E]:  23809 [D]: 1563 [T]:30 [TH]:10, In
2015-08-14 19:47:46 :   9> [G]: 175822 [E]:  18963 [D]:  787 [T]:14 [TH]:10, In
2015-08-14 19:47:50 :  10> [G]:  12059 [E]:  19536 [D]:  907 [T]: 7 [TH]: 9, In
2015-08-14 19:47:53 :  11> [G]:  69779 [E]:  48330 [D]:  800 [T]:13 [TH]: 9, In
2015-08-14 19:47:59 :  12> [G]:  87968 [E]: 101976 [D]:  474 [T]: 1 [TH]: 9, In
2015-08-14 19:48:04 :  13> [G]:  92940 [E]:  62361 [D]:  824 [T]: 1 [TH]: 9, In
2015-08-14 19:48:09 :  14> [G]: 107504 [E]:  56035 [D]:  355 [T]: 5 [TH]: 9, In
2015-08-14 19:48:14 :  15> [G]:  67543 [E]:  20448 [D]: 1870 [T]: 3 [TH]: 9, In
2015-08-14 19:48:21 :  16> [G]:  20068 [E]: 136387 [D]: 1599 [T]: 2 [TH]: 9, In
2015-08-14 19:48:25 :  17> [G]:  39686 [E]:  97301 [D]:  662 [T]: 1 [TH]: 9, In
2015-08-14 19:48:31 :  18> [G]:  41690 [E]: 136369 [D]: 1618 [T]: 5 [TH]: 9, In
2015-08-14 19:48:34 :  19> [G]:  44916 [E]:  12149 [D]:  961 [T]: 3 [TH]: 9, In
2015-08-14 19:48:38 :  20> [G]: 170070 [E]: 104743 [D]:  874 [T]: 1 [TH]: 8, In
2015-08-14 19:48:47 :  21> [G]: 112255 [E]: 136515 [D]: 1296 [T]:24 [TH]:10, In
2015-08-14 19:48:51 :  22> [G]:  80964 [E]: 118144 [D]: 1531 [T]: 5 [TH]: 9, In
2015-08-14 19:48:57 :  23> [G]:  63573 [E]: 148895 [D]:  574 [T]: 1 [TH]: 9, In
2015-08-14 19:49:02 :  24> [G]:  24663 [E]:  88010 [D]:  274 [T]: 4 [TH]: 9, In
2015-08-14 19:49:06 :  25> [G]:  67885 [E]: 173534 [D]:  809 [T]: 1 [TH]: 9, In
2015-08-14 19:49:15 :  26> [G]:   9330 [E]:  38367 [D]: 1741 [T]:24 [TH]:10, In
2015-08-14 19:49:20 :  27> [G]:  60809 [E]:  82751 [D]:  292 [T]: 2 [TH]: 9, In
2015-08-14 19:49:25 :  28> [G]: 116510 [E]:  71120 [D]: 1253 [T]: 2 [TH]: 9, In
2015-08-14 19:49:28 :  29> [G]: 263718 [E]: 110516 [D]: 1356 [T]: 2 [TH]: 9, In
2015-08-14 19:49:33 :  30> [G]: 105999 [E]:  46522 [D]:  803 [T]: 4 [TH]: 9, In
2015-08-14 19:49:38 :  31> [G]:  14313 [E]:  66190 [D]: 1254 [T]: 1 [TH]: 9, In
2015-08-14 19:49:43 :  32> [G]:  22141 [E]:  16597 [D]: 1044 [T]: 7 [TH]: 9, In
2015-08-14 19:49:47 :  33> [G]:  11912 [E]:  53331 [D]: 1579 [T]: 5 [TH]: 9, In
2015-08-14 19:49:53 :  34> [G]:  28967 [E]:  48808 [D]:  344 [T]: 1 [TH]: 9, In
2015-08-14 19:49:57 :  35> [G]: 414635 [E]:  88352 [D]: 1006 [T]:28 [TH]:10, In
2015-08-14 19:50:02 :  36> [G]:  69204 [E]:  85943 [D]: 1694 [T]: 8 [TH]: 9, In
2015-08-14 19:50:07 :  37> [G]: 157006 [E]:  46069 [D]:  670 [T]: 4 [TH]: 9, In
2015-08-14 19:50:13 :  38> [G]:  53985 [E]:  68860 [D]: 1118 [T]:11 [TH]: 9, In
2015-08-14 19:50:18 :  39> [G]:  23830 [E]:  78976 [D]:  876 [T]: 6 [TH]: 9, In
2015-08-14 19:50:24 :  40> [G]:  12801 [E]: 264591 [D]: 1089 [T]: 2 [TH]: 9, In
2015-08-14 19:50:29 :  41> [G]:   8848 [E]: 259318 [D]:  745 [T]: 1 [TH]: 9, In
2015-08-14 19:50:35 :  42> [G]:  50120 [E]:  49665 [D]:  532 [T]: 3 [TH]: 9, In
2015-08-14 19:50:40 :  43> [G]:  93429 [E]:  18156 [D]:  632 [T]:12 [TH]: 9, In
2015-08-14 19:50:49 :  44> [G]: 209386 [E]:  67562 [D]:  766 [T]:29 [TH]:10, In
2015-08-14 19:50:55 :  45> [G]:  11734 [E]:  68006 [D]:  895 [T]: 5 [TH]: 9, In
2015-08-14 19:51:00 :  46> [G]:  28710 [E]:  32147 [D]:  319 [T]:11 [TH]: 9, In
2015-08-14 19:51:05 :  47> [G]: 103768 [E]:  62898 [D]: 1355 [T]: 6 [TH]: 9, In
2015-08-14 19:51:10 :  48> [G]:  49840 [E]:  18750 [D]:  202 [T]: 3 [TH]: 9, In
2015-08-14 19:51:15 :  49> [G]:  22338 [E]:  66033 [D]:  123 [T]: 1 [TH]: 9, In
2015-08-14 19:51:24 :  50> [G]:  65688 [E]:  59799 [D]: 1163 [T]:18 [TH]:10, In
2015-08-14 19:51:30 :  51> [G]:  49712 [E]:  95505 [D]:  870 [T]: 1 [TH]: -, -
2015-08-14 19:51:35 :  52> [G]:  84956 [E]:  40833 [D]:  841 [T]: 1 [TH]: 9, In
2015-08-14 19:51:38 :  53> [G]:  45065 [E]: 113925 [D]: 1096 [T]: 5 [TH]: 9, In
2015-08-14 19:51:42 :  54> [G]: 128535 [E]:  61408 [D]: 1547 [T]:18 [TH]:10, In
2015-08-14 19:51:46 :  55> [G]: 191208 [E]:  98187 [D]: 2238 [T]:34 [TH]:10, In
2015-08-14 19:51:51 :  56> [G]:  47122 [E]: 151046 [D]: 2077 [T]: 5 [TH]: 9, In
2015-08-14 19:51:55 :  57> [G]:  12089 [E]:   6874 [D]: 1007 [T]: 3 [TH]: 9, In
2015-08-14 19:51:58 :  58> [G]: 115581 [E]: 119772 [D]: 2067 [T]:28 [TH]:10, In
2015-08-14 19:52:03 :  59> [G]:  16899 [E]:  63864 [D]:  514 [T]: 4 [TH]: 9, In
2015-08-14 19:52:12 :  60> [G]: 152925 [E]: 157818 [D]:  270 [T]:29 [TH]:10, In
2015-08-14 19:52:17 :  61> [G]:  51148 [E]: 106434 [D]: 1065 [T]: 5 [TH]: 9, In
2015-08-14 19:52:22 :  62> [G]:  50656 [E]:  75901 [D]: 1355 [T]: 5 [TH]: 9, In
2015-08-14 19:52:27 :  63> [G]:  67233 [E]:  20125 [D]: 1333 [T]:11 [TH]: 9, In
2015-08-14 19:52:33 :  64> [G]:  15277 [E]:   6228 [D]:  411 [T]:12 [TH]: 9, In
2015-08-14 19:52:37 :  65> [G]:  19799 [E]:  11887 [D]: 1301 [T]: 3 [TH]: 9, In
2015-08-14 19:52:43 :  66> [G]:  78073 [E]: 100567 [D]:  153 [T]: 9 [TH]: 9, In
2015-08-14 19:52:47 :  67> [G]:   6033 [E]:  16348 [D]:  462 [T]: 5 [TH]: 9, In
2015-08-14 19:52:51 :  68> [G]: 101160 [E]:  92360 [D]:  619 [T]: 4 [TH]: 9, In
2015-08-14 19:52:54 :  69> [G]:  32189 [E]: 302257 [D]:  978 [T]: 2 [TH]: 8, Out
2015-08-14 19:52:54 : ~~~~~~~~~~~~~~~ TH Outside Found! ~~~~~~~~~~~~~~~~
2015-08-14 19:52:56 : ================ Search Complete =================
2015-08-14 19:52:56 : Initiating attack for: TH Snipe
2015-08-14 19:52:58 : -Barbarians 55
2015-08-14 19:52:58 : -Archers 85
2015-08-14 19:52:58 : -Giants 12
2015-08-14 19:52:58 : -Clan Castle 
2015-08-14 19:52:58 : -Lightning Spells 3
2015-08-14 19:52:59 : -Poison Spells 1
2015-08-14 19:52:59 :  ====== Start Attack ====== 
2015-08-14 19:53:01 : Sending 1st wave of archers.
2015-08-14 19:53:01 : Dropping first wave of 4 Archers
2015-08-14 19:53:02 : Deployment of Archers Successful!
2015-08-14 19:53:04 : Dropping first wave of 18 Archers
2015-08-14 19:53:08 : Deployment of Archers Successful!
2015-08-14 19:53:18 : Townhall has been destroyed!
2015-08-14 19:53:21 : Checking if the battle has finished
2015-08-14 19:53:22 : detected [G]:  [E]:  [DE]:  |  Exit now 
2015-08-14 19:53:23 : Battle has finished
2015-08-14 19:53:23 : Returning Home
2015-08-14 19:53:27 : Loot: [G]: 1 000 [E]: 1 000 [DE]:  [T]: 1
2015-08-14 19:53:28 : Bonus [G]: 140 000 [E]: 140 000 [DE]: 900
2015-08-14 19:53:30 : Your league level is: Master I
2015-08-14 19:53:30 : Stars earned: 1
2015-08-14 19:53:38 : Trying to locate Main Screen
2015-08-14 19:53:38 : Main Screen Located
2015-08-14 19:53:40 : Village Report
2015-08-14 19:53:40 : No. of Free/Total Builders: 0/5
2015-08-14 19:53:40 :  [T]: 3 083
2015-08-14 19:53:40 :  [G]: 6 001 000 [E]: 6 001 000 [D]: 80 000 [GEM]: 77
2015-08-14 19:53:41 : Collecting Resources
2015-08-14 19:53:49 : Checking if Village needs Rearming..
2015-08-14 19:53:58 : Checking Army Camp...
2015-08-14 19:54:00 : Total Army Camp capacity: 200/200
2015-08-14 19:54:01 :  - No. of Barbarians: 55
2015-08-14 19:54:01 :  - No. of Archers: 85
2015-08-14 19:54:01 :  - No. of Giants: 12
2015-08-14 19:54:02 : Barracks and Spell factory status: 
2015-08-14 19:54:02 : - Barracks detected: 4 | Available: 4 | Upgrading: 0
2015-08-14 19:54:02 : - Dark Barracks detected: 2 | Available: 1 | Upgrading: 1
2015-08-14 19:54:02 : - Spell factory detected: 1 | Available: 1 | Upgrading: 0
2015-08-14 19:54:02 : - Dark Spell factory detected: 1 | Available: 1 | Upgrading: 0
2015-08-14 19:54:02 : Training Troops...
2015-08-14 19:54:03 : Your Army Camps are now Full
2015-08-14 19:54:27 : Requesting Clan Castle Troops
2015-08-14 19:54:28 : Your Clan Castle is already full or you are not in a clan.
2015-08-14 19:54:31 : Going to Attack...
2015-08-14 19:54:37 : ============== Searching For Dead Base ===============
2015-08-14 19:54:37 : ~~~~~~~~~~~~~~~ SEARCH CONDITIONS ~~~~~~~~~~~~~~~~
2015-08-14 19:54:37 : Meet: Gold and Elixir, TH Outside
2015-08-14 19:54:37 : ~~~~~~~~~~~~~~ RESOURCE CONDITIONS ~~~~~~~~~~~~~~~
2015-08-14 19:54:37 : Aim: [G]: 999999 [E]: 999999 [D]:    0 [T]: 0, Out, Out, Out, Out, Out, Out, Out, Out, Out for: Dead Base
2015-08-14 19:54:37 : ~~~~~~~~~~~~~~~ ADVANCED SETTINGS ~~~~~~~~~~~~~~~~
2015-08-14 19:54:37 : THSnipe Combo, 1 Tile(s), 
2015-08-14 19:54:37 : ==================================================
2015-08-14 19:54:41 :   1> [G]:  95331 [E]: 221205 [D]: 3146 [T]:19 [TH]:10, In
2015-08-14 19:54:48 :   2> [G]:  35773 [E]:  86636 [D]: 1161 [T]:22 [TH]:10, In
2015-08-14 19:54:57 :   3> [G]: 134326 [E]: 244082 [D]: 3196 [T]:27 [TH]:10, In
2015-08-14 19:55:05 :   4> [G]: 182341 [E]: 121651 [D]:  680 [T]:15 [TH]:10, In
2015-08-14 19:55:08 :   5> [G]:  74765 [E]:   3284 [D]: 1334 [T]: 6 [TH]: 9, In
2015-08-14 19:55:13 :   6> [G]:  30491 [E]:  11152 [D]:  960 [T]: 6 [TH]: 9, In
2015-08-14 19:55:19 :   7> [G]:  29977 [E]:  86684 [D]: 1511 [T]: 3 [TH]: 9, In
2015-08-14 19:55:28 :   8> [G]: 317000 [E]: 217009 [D]: 1327 [T]:20 [TH]:10, In
2015-08-14 19:55:37 :   9> [G]: 187381 [E]: 274354 [D]: 2468 [T]:32 [TH]:10, In
2015-08-14 19:55:42 :  10> [G]:  38496 [E]: 124046 [D]:  480 [T]: 2 [TH]: 9, In
2015-08-14 19:55:47 :  11> [G]:  49081 [E]:  95565 [D]: 1038 [T]: 1 [TH]: 9, In
2015-08-14 19:55:52 :  12> [G]: 129154 [E]:  84105 [D]:  735 [T]: 1 [TH]: 9, In
2015-08-14 19:55:57 :  13> [G]:  20595 [E]:  86148 [D]: 1169 [T]: 4 [TH]: 9, In
2015-08-14 19:56:02 :  14> [G]: 109314 [E]:  88997 [D]:  422 [T]: 3 [TH]: 9, In
2015-08-14 19:56:11 :  15> [G]: 102210 [E]: 105921 [D]: 2114 [T]:26 [TH]:10, In
2015-08-14 19:56:14 :  16> [G]:  74750 [E]:  62914 [D]: 1140 [T]: 4 [TH]: 9, In
2015-08-14 19:56:20 :  17> [G]:  36419 [E]: 166570 [D]:  353 [T]: 1 [TH]: 9, In
2015-08-14 19:56:26 :  18> [G]:  58940 [E]:  53202 [D]: 1545 [T]: 3 [TH]: 9, In
2015-08-14 19:56:33 :  19> [G]: 126191 [E]:  40893 [D]:  498 [T]: 5 [TH]: 9, In
2015-08-14 19:56:38 :  20> [G]:  76663 [E]:  53793 [D]:  887 [T]: 1 [TH]: 9, In
2015-08-14 19:56:44 :  21> [G]:  23241 [E]:  18635 [D]:  662 [T]: 1 [TH]: 9, In
2015-08-14 19:56:49 :  22> [G]: 152505 [E]:  63945 [D]: 1054 [T]: 1 [TH]: 9, In
2015-08-14 19:56:52 :  23> [G]: 205639 [E]: 426758 [D]: 2787 [T]: 5 [TH]: 9, Out
2015-08-14 19:56:52 : ~~~~~~~~~~~~~~~ TH Outside Found! ~~~~~~~~~~~~~~~~
2015-08-14 19:56:53 : ================ Search Complete =================
2015-08-14 19:56:53 : Initiating attack for: TH Snipe
2015-08-14 19:56:57 : -Barbarians 55
2015-08-14 19:56:57 : -Archers 85
2015-08-14 19:56:57 : -Giants 12
2015-08-14 19:56:57 : -Clan Castle 
2015-08-14 19:56:57 : -King 
2015-08-14 19:56:57 : -Lightning Spells 3
2015-08-14 19:56:57 : -Poison Spells 1
2015-08-14 19:56:57 :  ====== Start Attack ====== 
2015-08-14 19:56:59 : Sending 1st wave of archers.
2015-08-14 19:56:59 : Dropping first wave of 4 Archers
2015-08-14 19:56:59 : Zooming in...
2015-08-14 19:57:02 : Done zooming.
2015-08-14 19:57:03 : Scrolling to bottom...
2015-08-14 19:57:07 : Deployment of Archers Successful!
2015-08-14 19:57:09 : Dropping first wave of 18 Archers
2015-08-14 19:57:13 : Deployment of Archers Successful!
2015-08-14 19:57:24 : Townhall has been destroyed!
2015-08-14 19:57:24 : Zooming Out
2015-08-14 19:57:34 : Checking if the battle has finished
2015-08-14 19:57:35 : detected [G]:  [E]:  [DE]:  |  Exit now 
2015-08-14 19:57:35 : Battle has finished
2015-08-14 19:57:35 : Returning Home
2015-08-14 19:57:40 : Loot: [G]: 1 000 [E]: 1 000 [DE]:  [T]: 1
2015-08-14 19:57:41 : Bonus [G]: 140 000 [E]: 140 000 [DE]: 900
2015-08-14 19:57:43 : Your league level is: Master I
2015-08-14 19:57:43 : Stars earned: 1
2015-08-14 19:57:51 : Trying to locate Main Screen
2015-08-14 19:57:51 : Main Screen Located
2015-08-14 19:57:52 : Village Report
2015-08-14 19:57:53 : No. of Free/Total Builders: 0/5
2015-08-14 19:57:53 :  [T]: 3 084
2015-08-14 19:57:53 :  [G]: 6 001 000 [E]: 6 001 000 [D]: 80 000 [GEM]: 77
2015-08-14 19:57:53 : Collecting Resources
2015-08-14 19:58:02 : Checking if Village needs Rearming..
2015-08-14 19:58:11 : Checking Army Camp...
2015-08-14 19:58:13 : Total Army Camp capacity: 200/200
2015-08-14 19:58:14 :  - No. of Barbarians: 55
2015-08-14 19:58:14 :  - No. of Archers: 85
2015-08-14 19:58:15 :  - No. of Giants: 12
2015-08-14 19:58:15 : Barracks and Spell factory status: 
2015-08-14 19:58:15 : - Barracks detected: 4 | Available: 4 | Upgrading: 0
2015-08-14 19:58:15 : - Dark Barracks detected: 2 | Available: 1 | Upgrading: 1
2015-08-14 19:58:15 : - Spell factory detected: 1 | Available: 1 | Upgrading: 0
2015-08-14 19:58:15 : - Dark Spell factory detected: 1 | Available: 1 | Upgrading: 0
2015-08-14 19:58:15 : Training Troops...
2015-08-14 19:58:16 : Your Army Camps are now Full
2015-08-14 19:58:41 : Requesting Clan Castle Troops
2015-08-14 19:58:42 : Your Clan Castle is already full or you are not in a clan.
2015-08-14 19:58:45 : Going to Attack...
2015-08-14 19:58:51 : ============== Searching For Dead Base ===============
2015-08-14 19:58:51 : ~~~~~~~~~~~~~~~ SEARCH CONDITIONS ~~~~~~~~~~~~~~~~
2015-08-14 19:58:51 : Meet: Gold and Elixir, TH Outside
2015-08-14 19:58:51 : ~~~~~~~~~~~~~~ RESOURCE CONDITIONS ~~~~~~~~~~~~~~~
2015-08-14 19:58:51 : Aim: [G]: 999999 [E]: 999999 [D]:    0 [T]: 0, Out, Out, Out, Out, Out, Out, Out, Out, Out, Out for: Dead Base
2015-08-14 19:58:51 : ~~~~~~~~~~~~~~~ ADVANCED SETTINGS ~~~~~~~~~~~~~~~~
2015-08-14 19:58:51 : THSnipe Combo, 1 Tile(s), 
2015-08-14 19:58:51 : ==================================================
2015-08-14 19:59:00 :   1> [G]: 101161 [E]: 113732 [D]: 2614 [T]:17 [TH]:10, In
2015-08-14 19:59:08 :   2> [G]:  49406 [E]: 133102 [D]: 3596 [T]:31 [TH]:10, In
2015-08-14 19:59:18 :   3> [G]:  54100 [E]: 156839 [D]: 1806 [T]:25 [TH]:10, In
2015-08-14 19:59:25 :   4> [G]:  63707 [E]:  92732 [D]:  457 [T]: 3 [TH]: 9, In
2015-08-14 19:59:32 :   5> [G]: 226621 [E]:  78217 [D]: 2482 [T]:14 [TH]: 9, In
2015-08-14 19:59:37 :   6> [G]:   6754 [E]:  42259 [D]: 1342 [T]: 1 [TH]: 9, In
2015-08-14 19:59:45 :   7> [G]: 102740 [E]:  41976 [D]: 1517 [T]:22 [TH]:10, In
2015-08-14 19:59:54 :   8> [G]: 164288 [E]: 158297 [D]: 1708 [T]:23 [TH]:10, In
2015-08-14 19:59:59 :   9> [G]:  13726 [E]:  93243 [D]: 1690 [T]: 1 [TH]: 9, In
2015-08-14 20:00:04 :  10> [G]:  84548 [E]:  62692 [D]: 1157 [T]: 1 [TH]: 9, In
2015-08-14 20:00:10 :  11> [G]:  39402 [E]: 116080 [D]: 1853 [T]: 1 [TH]: 9, In
2015-08-14 20:00:13 :  12> [G]:  71096 [E]: 145064 [D]: 1812 [T]:33 [TH]: 9, In
2015-08-14 20:00:18 :  13> [G]:  17836 [E]:  17670 [D]: 1618 [T]: 3 [TH]: 9, In
2015-08-14 20:00:24 :  14> [G]: 103964 [E]:   3893 [D]: 1182 [T]: 3 [TH]: 9, In
2015-08-14 20:00:29 :  15> [G]:  65142 [E]: 115830 [D]:  708 [T]: 6 [TH]: 9, In
2015-08-14 20:00:37 :  16> [G]:  87352 [E]:  63383 [D]: 1953 [T]:15 [TH]:10, In
2015-08-14 20:00:41 :  17> [G]: 136885 [E]: 348395 [D]: 2956 [T]:19 [TH]:10, In
2015-08-14 20:00:49 :  18> [G]:  84133 [E]: 190012 [D]: 2545 [T]:16 [TH]:10, In
2015-08-14 20:00:57 :  19> [G]: 255350 [E]:  53841 [D]: 1706 [T]:14 [TH]:10, In
2015-08-14 20:01:02 :  20> [G]: 168289 [E]: 176671 [D]:  911 [T]: 8 [TH]: 9, In
2015-08-14 20:01:07 :  21> [G]:  48645 [E]: 144938 [D]:  886 [T]: 1 [TH]: 9, In
2015-08-14 20:01:15 :  22> [G]: 296404 [E]: 267234 [D]: 2112 [T]:29 [TH]:10, In
2015-08-14 20:01:18 :  23> [G]:  98469 [E]: 124839 [D]: 1350 [T]: 6 [TH]: 9, In
2015-08-14 20:01:23 :  24> [G]: 159517 [E]:  14292 [D]:  365 [T]: 1 [TH]: 9, In
2015-08-14 20:01:32 :  25> [G]: 201413 [E]: 139002 [D]:  845 [T]:18 [TH]: -, -
2015-08-14 20:01:39 :  26> [G]:  88584 [E]:  18678 [D]:    9 [T]: 4 [TH]: 9, In
2015-08-14 20:01:47 :  27> [G]: 188271 [E]: 159609 [D]:  777 [T]:30 [TH]:10, In
2015-08-14 20:01:57 :  28> [G]:  76698 [E]: 145438 [D]: 2508 [T]:24 [TH]:10, In
2015-08-14 20:02:03 :  29> [G]:  34786 [E]:  40421 [D]:  130 [T]: 3 [TH]: 9, In
2015-08-14 20:02:11 :  30> [G]:  98270 [E]:  62254 [D]:  869 [T]:13 [TH]:10, In
2015-08-14 20:02:16 :  31> [G]: 129887 [E]:  41404 [D]:  241 [T]: 2 [TH]: 9, In
2015-08-14 20:02:22 :  32> [G]:  51186 [E]:  46046 [D]:  419 [T]: 1 [TH]: 9, In
2015-08-14 20:02:26 :  33> [G]:  93227 [E]: 105719 [D]:  696 [T]: 1 [TH]: 9, In
2015-08-14 20:02:31 :  34> [G]:  10896 [E]:  65200 [D]: 1256 [T]: 6 [TH]: 9, In
2015-08-14 20:02:37 :  35> [G]:  44895 [E]:  62279 [D]:  902 [T]: 6 [TH]: 9, In
2015-08-14 20:02:45 :  36> [G]:  47520 [E]:  91440 [D]:  411 [T]:22 [TH]:10, In
2015-08-14 20:02:53 :  37> [G]:  79339 [E]:  97662 [D]: 1644 [T]:18 [TH]:10, In
2015-08-14 20:03:01 :  38> [G]: 223993 [E]: 203159 [D]: 1617 [T]:32 [TH]:10, In
2015-08-14 20:03:10 :  39> [G]:  73878 [E]: 107742 [D]: 1589 [T]:27 [TH]:10, In
2015-08-14 20:03:18 :  40> [G]: 134775 [E]: 117633 [D]: 1400 [T]:25 [TH]:10, In
2015-08-14 20:03:23 :  41> [G]:  42809 [E]:  87819 [D]: 1209 [T]: 1 [TH]: 9, In
2015-08-14 20:03:29 :  42> [G]:  57157 [E]:  86838 [D]:  550 [T]: 4 [TH]: 9, In
2015-08-14 20:03:37 :  43> [G]:  50486 [E]:  24302 [D]: 2041 [T]:33 [TH]:10, In
2015-08-14 20:03:42 :  44> [G]:  38083 [E]:  66187 [D]:  780 [T]: 1 [TH]: 9, In
2015-08-14 20:03:46 :  45> [G]:  79962 [E]: 155911 [D]: 1269 [T]: 3 [TH]: 9, In
2015-08-14 20:03:50 :  46> [G]:  10187 [E]:  40172 [D]:  902 [T]: 1 [TH]: 9, In
2015-08-14 20:04:00 :  47> [G]: 104134 [E]: 130022 [D]: 1012 [T]: 1 [TH]: 9, In
2015-08-14 20:04:05 :  48> [G]:  51463 [E]:  21107 [D]:  751 [T]: 1 [TH]: 9, In
2015-08-14 20:04:09 :  49> [G]:  82444 [E]:  91605 [D]: 1050 [T]: 6 [TH]: 9, In
2015-08-14 20:04:12 :  50> [G]: 136799 [E]: 102612 [D]:  565 [T]: 3 [TH]: 9, In
2015-08-14 20:04:18 :  51> [G]:  55976 [E]:  52527 [D]:  153 [T]: 1 [TH]: 9, In
2015-08-14 20:04:23 :  52> [G]:  45111 [E]: 106699 [D]:  695 [T]: 1 [TH]: 9, In
2015-08-14 20:04:27 :  53> [G]:  20610 [E]:  70462 [D]: 1198 [T]: 5 [TH]: 9, In
2015-08-14 20:04:32 :  54> [G]:  56889 [E]: 180518 [D]:  135 [T]: 1 [TH]: 9, In
2015-08-14 20:04:38 :  55> [G]:  28466 [E]:  74980 [D]:  977 [T]: 1 [TH]: 9, In
2015-08-14 20:04:44 :  56> [G]:  82036 [E]:   7462 [D]:  935 [T]: 1 [TH]: 9, In
2015-08-14 20:04:51 :  57> [G]:  74143 [E]: 128651 [D]: 1685 [T]: 1 [TH]: 9, In
2015-08-14 20:04:56 :  58> [G]:  97527 [E]:   3585 [D]: 1688 [T]: 1 [TH]: 9, In
2015-08-14 20:05:04 :  59> [G]:  95953 [E]: 148940 [D]: 2168 [T]:32 [TH]:10, In
2015-08-14 20:05:11 :  60> [G]:  52882 [E]: 354154 [D]: 1499 [T]: 1 [TH]: 9, In
2015-08-14 20:05:14 :  61> [G]:  39295 [E]:  10835 [D]:  677 [T]: 4 [TH]: 9, In
2015-08-14 20:05:19 :  62> [G]:  89358 [E]: 146354 [D]:  985 [T]: 1 [TH]: 9, In
2015-08-14 20:05:25 :  63> [G]:  67209 [E]:  53360 [D]:  223 [T]: 1 [TH]: 9, In
2015-08-14 20:05:30 :  64> [G]:  33826 [E]:  34914 [D]:   48 [T]: 1 [TH]: 9, In
2015-08-14 20:05:37 :  65> [G]:  23935 [E]: 197785 [D]:   62 [T]: 1 [TH]: 9, In
2015-08-14 20:05:42 :  66> [G]:  83155 [E]: 167246 [D]: 1003 [T]: 2 [TH]: 9, In
2015-08-14 20:05:47 :  67> [G]:  33555 [E]:  40027 [D]:  115 [T]: 1 [TH]: 9, In
2015-08-14 20:05:55 :  68> [G]: 278716 [E]: 286175 [D]: 1124 [T]:24 [TH]:10, In
2015-08-14 20:06:00 :  69> [G]:  40439 [E]:  29512 [D]:  499 [T]: 1 [TH]: 9, In
2015-08-14 20:06:03 :  70> [G]:  12664 [E]:  11461 [D]:  515 [T]: 2 [TH]: 9, In
2015-08-14 20:06:09 :  71> [G]: 178682 [E]: 169879 [D]:  850 [T]: 1 [TH]: 9, In
2015-08-14 20:06:13 :  72> [G]: 111502 [E]:  22183 [D]:  301 [T]: 2 [TH]: 9, In
2015-08-14 20:06:16 :  73> [G]:  23071 [E]:  97358 [D]:  537 [T]: 8 [TH]: 9, In
2015-08-14 20:06:24 :  74> [G]: 292332 [E]:  90635 [D]: 2720 [T]:24 [TH]:10, In
2015-08-14 20:06:30 :  75> [G]: 102464 [E]:  59349 [D]:  614 [T]: 1 [TH]: 9, In
2015-08-14 20:06:35 :  76> [G]:  19951 [E]: 122323 [D]:  700 [T]: 1 [TH]: 9, In
2015-08-14 20:06:41 :  77> [G]: 120191 [E]: 124692 [D]:  587 [T]: 3 [TH]: 9, In
2015-08-14 20:06:46 :  78> [G]:  75937 [E]: 164740 [D]:  707 [T]: 2 [TH]: 9, In
2015-08-14 20:06:51 :  79> [G]:  51490 [E]: 114056 [D]:  641 [T]: 1 [TH]: 9, In
2015-08-14 20:06:56 :  80> [G]:  21390 [E]: 126864 [D]: 1418 [T]: 2 [TH]: 9, In
2015-08-14 20:06:59 :  81> [G]:  46052 [E]:  86440 [D]: 1155 [T]: 7 [TH]: 9, In
2015-08-14 20:07:05 :  82> [G]:  99252 [E]:  19298 [D]:  239 [T]: 1 [TH]: 9, In
2015-08-14 20:07:10 :  83> [G]:  83561 [E]:  40036 [D]: 1111 [T]: 3 [TH]: 9, In
2015-08-14 20:07:14 :  84> [G]:  62029 [E]:   2378 [D]:  438 [T]: 2 [TH]: 9, In
2015-08-14 20:07:19 :  85> [G]:  29554 [E]: 120923 [D]:  560 [T]: 1 [TH]: 9, In
2015-08-14 20:07:24 :  86> [G]: 196911 [E]: 224399 [D]: 1580 [T]: 1 [TH]: 9, In
2015-08-14 20:07:29 :  87> [G]:  42397 [E]:  48865 [D]: 1108 [T]: 1 [TH]: 9, In
2015-08-14 20:07:33 :  88> [G]:  89384 [E]:  96341 [D]: 1059 [T]: 4 [TH]: 9, In
2015-08-14 20:07:41 :  89> [G]: 195409 [E]:  80382 [D]: 1265 [T]:31 [TH]:10, In
2015-08-14 20:07:48 :  90> [G]:  19224 [E]:  81266 [D]:  979 [T]: 1 [TH]: 9, In
2015-08-14 20:07:54 :  91> [G]: 106080 [E]: 175872 [D]:  364 [T]: 1 [TH]: 9, In
2015-08-14 20:07:59 :  92> [G]:  96220 [E]: 100302 [D]:  911 [T]: 2 [TH]: 9, In
2015-08-14 20:08:05 :  93> [G]: 116663 [E]: 128549 [D]:  390 [T]: 3 [TH]: 9, In
2015-08-14 20:08:10 :  94> [G]: 154843 [E]:  61304 [D]:  492 [T]: 1 [TH]: 9, In
2015-08-14 20:08:18 :  95> [G]:  34677 [E]:  29711 [D]:  340 [T]:22 [TH]:10, In
2015-08-14 20:08:22 :  96> [G]:  22201 [E]:  58718 [D]:  943 [T]: 6 [TH]: 9, In
2015-08-14 20:08:27 :  97> [G]: 107270 [E]:  37540 [D]: 1042 [T]: 1 [TH]: 9, In
2015-08-14 20:08:32 :  98> [G]:  87272 [E]:  17626 [D]: 1317 [T]: 1 [TH]: 9, In
2015-08-14 20:08:35 :  99> [G]: 255167 [E]: 188368 [D]: 1732 [T]: 3 [TH]: 9, In
2015-08-14 20:08:40 : 100> [G]:  12549 [E]: 102071 [D]:  601 [T]: 1 [TH]: 9, In
2015-08-14 20:08:46 : 101> [G]:  16743 [E]: 120128 [D]:  905 [T]: 1 [TH]: 9, In
2015-08-14 20:08:49 : 102> [G]:  61461 [E]:  22668 [D]:  868 [T]: 2 [TH]: 9, In
2015-08-14 20:08:54 : 103> [G]:   4058 [E]:  22627 [D]:  165 [T]: 1 [TH]: 9, In
2015-08-14 20:08:59 : 104> [G]:  39929 [E]: 126446 [D]: 1284 [T]:12 [TH]: 9, In
2015-08-14 20:09:04 : 105> [G]:  17607 [E]: 130603 [D]:  577 [T]: 1 [TH]: 9, In
2015-08-14 20:09:10 : 106> [G]:  38795 [E]: 200740 [D]:  543 [T]: 4 [TH]: 9, In
2015-08-14 20:09:15 : 107> [G]:  74286 [E]: 314062 [D]: 2045 [T]: 1 [TH]: 9, In
2015-08-14 20:09:21 : 108> [G]:  11001 [E]:  98856 [D]:  423 [T]: 1 [TH]: 9, In
2015-08-14 20:09:26 : 109> [G]: 152997 [E]: 173757 [D]:  891 [T]: 1 [TH]: 9, In
2015-08-14 20:09:30 : 110> [G]:  38247 [E]:  98881 [D]: 1657 [T]: 7 [TH]: 9, In
2015-08-14 20:09:34 : 111> [G]:  35907 [E]:  18572 [D]: 1339 [T]: 1 [TH]: 9, In
2015-08-14 20:09:39 : 112> [G]:  68218 [E]:  94335 [D]: 1531 [T]: 5 [TH]: 9, In
2015-08-14 20:09:44 : 113> [G]:  83484 [E]:  89528 [D]: 1827 [T]: 2 [TH]: 9, In
2015-08-14 20:09:49 : 114> [G]: 233126 [E]: 230507 [D]: 2708 [T]: 2 [TH]: 9, In
2015-08-14 20:09:53 : 115> [G]:  49755 [E]:  48482 [D]:  456 [T]: 7 [TH]: 9, In
2015-08-14 20:10:01 : 116> [G]: 155379 [E]:  41210 [D]: 1166 [T]:22 [TH]:10, In
2015-08-14 20:10:05 : 117> [G]:  63413 [E]:  64284 [D]:  283 [T]: 6 [TH]: 9, In
2015-08-14 20:10:13 : 118> [G]:  27272 [E]:   9992 [D]: 1385 [T]: 2 [TH]: 9, In
2015-08-14 20:10:16 : 119> [G]:  48458 [E]:   3348 [D]: 1436 [T]: 8 [TH]: 9, In
2015-08-14 20:10:22 : 120> [G]: 285729 [E]:  71186 [D]: 1538 [T]: 1 [TH]: 9, In
2015-08-14 20:10:27 : 121> [G]:  61260 [E]:  17205 [D]:  657 [T]: 1 [TH]: 9, In
2015-08-14 20:10:32 : 122> [G]:   6335 [E]: 141351 [D]:  501 [T]: 1 [TH]: 9, In
2015-08-14 20:10:37 : 123> [G]: 117229 [E]:  43466 [D]:  391 [T]: 2 [TH]: 9, In
2015-08-14 20:10:42 : 124> [G]: 166644 [E]: 124136 [D]:  858 [T]: 1 [TH]: 9, In
2015-08-14 20:10:47 : 125> [G]:  10918 [E]:    923 [D]: 1275 [T]: 6 [TH]: 9, In
2015-08-14 20:10:51 : 126> [G]:  74919 [E]:  63414 [D]:  665 [T]: 7 [TH]: 9, In
2015-08-14 20:10:56 : 127> [G]:  13574 [E]: 103512 [D]: 1009 [T]: 1 [TH]: 9, In
2015-08-14 20:11:01 : 128> [G]:  17441 [E]:  23529 [D]:  519 [T]: 1 [TH]: 9, In
2015-08-14 20:11:06 : 129> [G]:  75330 [E]: 185135 [D]: 1363 [T]: 3 [TH]: 9, In
2015-08-14 20:11:11 : 130> [G]:  16171 [E]:  65311 [D]: 1168 [T]: 2 [TH]: 9, In
2015-08-14 20:11:15 : 131> [G]:  35308 [E]:  32512 [D]: 1286 [T]: 8 [TH]: 9, In
2015-08-14 20:11:19 : 132> [G]:  24013 [E]:  81894 [D]:  774 [T]: 1 [TH]: 9, In
2015-08-14 20:11:23 : 133> [G]: 153890 [E]:  70358 [D]: 1417 [T]: 6 [TH]: 9, In
2015-08-14 20:11:29 : 134> [G]:  60885 [E]: 203241 [D]:  351 [T]: 1 [TH]: 9, In
2015-08-14 20:11:34 : 135> [G]:  56404 [E]: 196335 [D]: 1391 [T]: 1 [TH]: 9, In
2015-08-14 20:11:40 : 136> [G]:  95994 [E]:  71224 [D]:  644 [T]: 1 [TH]: 9, In
2015-08-14 20:11:48 : 137> [G]:  37153 [E]:  18340 [D]:  554 [T]:13 [TH]:10, In
2015-08-14 20:11:54 : 138> [G]:  33688 [E]:  71566 [D]:  667 [T]: 4 [TH]: 9, In
2015-08-14 20:11:59 : 139> [G]: 113579 [E]:  42947 [D]:  515 [T]: 3 [TH]: 9, In
2015-08-14 20:12:07 : 140> [G]:  62718 [E]:   8890 [D]:  909 [T]: 1 [TH]: 9, In
2015-08-14 20:12:15 : 141> [G]:  29068 [E]:  31760 [D]:  900 [T]:24 [TH]:10, In
2015-08-14 20:12:21 : 142> [G]: 118429 [E]:  21437 [D]:  675 [T]: 1 [TH]: 9, In
2015-08-14 20:12:26 : 143> [G]: 153650 [E]: 156483 [D]:  531 [T]: 2 [TH]: 9, In
2015-08-14 20:12:31 : 144> [G]:  48743 [E]:  23683 [D]: 1238 [T]: 4 [TH]: 9, In
2015-08-14 20:12:37 : 145> [G]:  99199 [E]:  30858 [D]:  441 [T]: 6 [TH]: 9, In
2015-08-14 20:12:42 : 146> [G]:  69665 [E]:  24343 [D]:  530 [T]: 2 [TH]: 9, In
2015-08-14 20:12:47 : 147> [G]:   8683 [E]:   9718 [D]:  210 [T]: 3 [TH]: 9, In
2015-08-14 20:12:52 : 148> [G]: 167546 [E]: 355630 [D]: 2021 [T]: 9 [TH]: 9, In
2015-08-14 20:12:57 : 149> [G]:  36281 [E]:  70829 [D]:  817 [T]: 2 [TH]: 9, In
2015-08-14 20:13:06 : 150> [G]: 128996 [E]: 111550 [D]: 2110 [T]:15 [TH]:10, In
2015-08-14 20:13:11 : 151> [G]: 128575 [E]: 111900 [D]: 1120 [T]: 2 [TH]: 9, In
2015-08-14 20:13:16 : 152> [G]: 191167 [E]:  45897 [D]:   83 [T]: 4 [TH]: 9, In
2015-08-14 20:13:21 : 153> [G]:  36874 [E]:  96973 [D]: 1109 [T]: 2 [TH]: 9, In
2015-08-14 20:13:29 : 154> [G]:  73767 [E]:  12694 [D]:  498 [T]:17 [TH]:10, In
2015-08-14 20:13:33 : 155> [G]:  27218 [E]:  57113 [D]: 2710 [T]: 1 [TH]: 9, In
2015-08-14 20:13:37 : 156> [G]:  84895 [E]:  80323 [D]:  120 [T]: 1 [TH]: 9, In
2015-08-14 20:13:42 : 157> [G]:  81594 [E]:  19117 [D]: 1427 [T]: 6 [TH]: 9, In
2015-08-14 20:13:47 : 158> [G]:  22307 [E]:  58661 [D]:  552 [T]: 2 [TH]: 9, In
2015-08-14 20:13:51 : 159> [G]: 102427 [E]:  65391 [D]:  669 [T]: 5 [TH]: 9, In
2015-08-14 20:13:56 : 160> [G]:  48761 [E]:  24783 [D]: 1009 [T]: 1 [TH]: 9, In
2015-08-14 20:14:02 : 161> [G]:  81138 [E]:  31248 [D]: 1540 [T]: 1 [TH]: 9, In
2015-08-14 20:14:07 : 162> [G]:   6972 [E]:  33903 [D]:  237 [T]: 1 [TH]: 9, In
2015-08-14 20:14:12 : 163> [G]:  42499 [E]:  96358 [D]:  917 [T]: 1 [TH]: 9, In
2015-08-14 20:14:19 : 164> [G]: 206949 [E]: 250474 [D]:  570 [T]: 1 [TH]: 8, In
2015-08-14 20:14:25 : 165> [G]:  57722 [E]:  62021 [D]:  918 [T]: 1 [TH]: 9, In
2015-08-14 20:14:30 : 166> [G]:  16166 [E]:  22458 [D]:  386 [T]: 2 [TH]: 9, In
2015-08-14 20:14:34 : Pushbullet: removed 2 messages older than 6 h 
2015-08-14 20:14:35 : 167> [G]:  48707 [E]: 109381 [D]:  689 [T]: 2 [TH]: 9, In
2015-08-14 20:14:40 : 168> [G]:  33993 [E]:  48910 [D]:  791 [T]: 1 [TH]: 9, In
2015-08-14 20:14:45 : 169> [G]:  15331 [E]:  84437 [D]: 1872 [T]: 5 [TH]: 9, In
2015-08-14 20:14:52 : 170> [G]:  47425 [E]:  70238 [D]: 1561 [T]: 2 [TH]: 9, In
2015-08-14 20:14:58 : 171> [G]:  35214 [E]:  41684 [D]:  582 [T]: 3 [TH]: 9, In
2015-08-14 20:15:03 : 172> [G]:  69657 [E]: 166632 [D]: 1671 [T]: 2 [TH]: 9, In
2015-08-14 20:15:07 : 173> [G]:  24182 [E]: 301494 [D]: 2004 [T]: 2 [TH]: 8, Out
2015-08-14 20:15:07 : ~~~~~~~~~~~~~~~ TH Outside Found! ~~~~~~~~~~~~~~~~
2015-08-14 20:15:08 : ================ Search Complete =================
2015-08-14 20:15:08 : Initiating attack for: TH Snipe
2015-08-14 20:15:11 : -Barbarians 55
2015-08-14 20:15:11 : -Archers 85
2015-08-14 20:15:11 : -Giants 12
2015-08-14 20:15:11 : -Clan Castle 
2015-08-14 20:15:11 : -King 
2015-08-14 20:15:11 : -Lightning Spells 3
2015-08-14 20:15:11 : -Poison Spells 1
2015-08-14 20:15:11 :  ====== Start Attack ====== 
2015-08-14 20:15:13 : Sending 1st wave of archers.
2015-08-14 20:15:13 : Dropping first wave of 4 Archers
2015-08-14 20:15:15 : Deployment of Archers Successful!
2015-08-14 20:15:17 : Dropping first wave of 18 Archers
2015-08-14 20:15:20 : Deployment of Archers Successful!
2015-08-14 20:15:30 : Townhall has been destroyed!
2015-08-14 20:15:33 : Checking if the battle has finished
2015-08-14 20:15:35 : detected [G]:  [E]:  [DE]:  |  Exit now 
2015-08-14 20:15:35 : Battle has finished
2015-08-14 20:15:35 : Returning Home
2015-08-14 20:15:40 : Loot: [G]: 1 000 [E]: 1 000 [DE]:  [T]: 1
2015-08-14 20:15:40 : Bonus [G]: 140 000 [E]: 140 000 [DE]: 900
2015-08-14 20:15:43 : Your league level is: Master I
2015-08-14 20:15:43 : Stars earned: 1
2015-08-14 20:15:51 : Trying to locate Main Screen
2015-08-14 20:15:51 : Main Screen Located
2015-08-14 20:15:52 : Village Report
2015-08-14 20:15:52 : No. of Free/Total Builders: 0/5
2015-08-14 20:15:52 :  [T]: 3 085
2015-08-14 20:15:52 :  [G]: 6 001 000 [E]: 6 001 000 [D]: 80 000 [GEM]: 77
2015-08-14 20:15:53 : Collecting Resources
2015-08-14 20:16:01 : Checking if Village needs Rearming..
2015-08-14 20:16:10 : Checking Army Camp...
2015-08-14 20:16:12 : Total Army Camp capacity: 200/200
2015-08-14 20:16:13 :  - No. of Barbarians: 55
2015-08-14 20:16:13 :  - No. of Archers: 85
2015-08-14 20:16:14 :  - No. of Giants: 12
2015-08-14 20:16:14 : Barracks and Spell factory status: 
2015-08-14 20:16:14 : - Barracks detected: 4 | Available: 4 | Upgrading: 0
2015-08-14 20:16:14 : - Dark Barracks detected: 2 | Available: 1 | Upgrading: 1
2015-08-14 20:16:14 : - Spell factory detected: 1 | Available: 1 | Upgrading: 0
2015-08-14 20:16:14 : - Dark Spell factory detected: 1 | Available: 1 | Upgrading: 0
2015-08-14 20:16:14 : Training Troops...
2015-08-14 20:16:15 : Your Army Camps are now Full
2015-08-14 20:16:39 : Requesting Clan Castle Troops
2015-08-14 20:16:40 : Your Clan Castle is already full or you are not in a clan.
2015-08-14 20:16:43 : Going to Attack...
2015-08-14 20:16:49 : ============== Searching For Dead Base ===============
2015-08-14 20:16:49 : ~~~~~~~~~~~~~~~ SEARCH CONDITIONS ~~~~~~~~~~~~~~~~
2015-08-14 20:16:49 : Meet: Gold and Elixir, TH Outside
2015-08-14 20:16:49 : ~~~~~~~~~~~~~~ RESOURCE CONDITIONS ~~~~~~~~~~~~~~~
2015-08-14 20:16:49 : Aim: [G]: 999999 [E]: 999999 [D]:    0 [T]: 0, Out, Out, Out, Out, Out, Out, Out, Out, Out, Out, Out for: Dead Base
2015-08-14 20:16:49 : ~~~~~~~~~~~~~~~ ADVANCED SETTINGS ~~~~~~~~~~~~~~~~
2015-08-14 20:16:49 : THSnipe Combo, 1 Tile(s), 
2015-08-14 20:16:49 : ==================================================
2015-08-14 20:16:57 :   1> [G]: 198919 [E]: 219190 [D]: 1976 [T]:14 [TH]:10, In
2015-08-14 20:17:05 :   2> [G]:  77599 [E]:  60255 [D]:  532 [T]:17 [TH]:10, In
2015-08-14 20:17:14 :   3> [G]:  30633 [E]: 148869 [D]:  926 [T]: 5 [TH]: 9, In
2015-08-14 20:17:20 :   4> [G]:  98596 [E]:  83395 [D]: 1105 [T]: 9 [TH]: 9, In
2015-08-14 20:17:28 :   5> [G]:  49810 [E]:  28688 [D]:  535 [T]: 1 [TH]: 9, In
2015-08-14 20:17:33 :   6> [G]: 175958 [E]:  49622 [D]: 1430 [T]: 9 [TH]: 9, In
2015-08-14 20:17:39 :   7> [G]:  60926 [E]:  64944 [D]:  240 [T]: 2 [TH]: 9, In
2015-08-14 20:17:44 :   8> [G]: 130947 [E]:  42462 [D]:  250 [T]: 2 [TH]: 9, In
2015-08-14 20:17:49 :   9> [G]:  19996 [E]:  42482 [D]: 1530 [T]: 7 [TH]: 9, In
2015-08-14 20:17:55 :  10> [G]:  35795 [E]:   8204 [D]:  471 [T]: 1 [TH]: 9, In
2015-08-14 20:18:00 :  11> [G]:  76205 [E]:  35806 [D]:  522 [T]: 1 [TH]: 9, In
2015-08-14 20:18:06 :  12> [G]:  57892 [E]:  50113 [D]: 1649 [T]: 2 [TH]: 9, In
2015-08-14 20:18:15 :  13> [G]:  68966 [E]: 107761 [D]: 1590 [T]:14 [TH]:10, In
2015-08-14 20:18:20 :  14> [G]:  48988 [E]: 109660 [D]:  694 [T]: 2 [TH]: 9, In
2015-08-14 20:18:23 :  15> [G]:  90183 [E]:  75206 [D]: 1322 [T]: 5 [TH]: 9, In
2015-08-14 20:18:26 :  16> [G]:  31400 [E]:  51851 [D]: 1122 [T]: 1 [TH]: 9, In
2015-08-14 20:18:32 :  17> [G]:  13899 [E]: 105835 [D]:   86 [T]: 7 [TH]: 9, In
2015-08-14 20:18:40 :  18> [G]:  49451 [E]:  53793 [D]: 3051 [T]:21 [TH]:10, In
2015-08-14 20:18:45 :  19> [G]:  21346 [E]:  97615 [D]: 1354 [T]: 1 [TH]: 9, In
2015-08-14 20:18:50 :  20> [G]:  40083 [E]:  63441 [D]: 1105 [T]: 1 [TH]: 9, In
2015-08-14 20:18:55 :  21> [G]:  39578 [E]:  10862 [D]:  153 [T]: 1 [TH]: 9, In
2015-08-14 20:19:00 :  22> [G]:  42760 [E]:  58841 [D]:  664 [T]: 3 [TH]: 9, In
2015-08-14 20:19:06 :  23> [G]: 152140 [E]:  63864 [D]:  804 [T]: 1 [TH]: 9, In
2015-08-14 20:19:11 :  24> [G]:  49071 [E]:  36077 [D]:  884 [T]: 2 [TH]: 9, In
2015-08-14 20:19:15 :  25> [G]: 112803 [E]:  20931 [D]:  330 [T]: 5 [TH]: 9, In
2015-08-14 20:19:19 :  26> [G]:  74984 [E]:  45898 [D]: 2749 [T]:28 [TH]:10, In
2015-08-14 20:19:25 :  27> [G]:  91695 [E]:  30657 [D]:  882 [T]: 2 [TH]: 9, In
2015-08-14 20:19:28 :  28> [G]: 117318 [E]:  23056 [D]:  709 [T]: 7 [TH]: 9, In
2015-08-14 20:19:32 :  29> [G]: 143807 [E]: 102762 [D]: 1776 [T]: 9 [TH]: 9, In
2015-08-14 20:19:35 :  30> [G]:  91180 [E]: 132567 [D]:  741 [T]: 5 [TH]: 9, In
2015-08-14 20:19:38 :  31> [G]:  81067 [E]: 138143 [D]:  457 [T]: 8 [TH]: 9, In
2015-08-14 20:19:43 :  32> [G]:  79393 [E]:  31994 [D]:  667 [T]: 3 [TH]: 9, In
2015-08-14 20:19:47 :  33> [G]: 219263 [E]: 113394 [D]:  675 [T]:20 [TH]:10, In
2015-08-14 20:19:53 :  34> [G]:  61627 [E]:  38176 [D]:  784 [T]: 3 [TH]: 9, In
2015-08-14 20:19:58 :  35> [G]:  11194 [E]:  91283 [D]:  783 [T]: 1 [TH]: 9, In
2015-08-14 20:20:03 :  36> [G]:  49484 [E]: 164041 [D]: 1402 [T]: 5 [TH]: 9, In
2015-08-14 20:20:10 :  37> [G]:  59222 [E]: 163860 [D]: 1206 [T]: 2 [TH]: 9, In
2015-08-14 20:20:16 :  38> [G]:  54968 [E]:  83577 [D]:  737 [T]: 1 [TH]: 9, In
2015-08-14 20:20:21 :  39> [G]:  47996 [E]:  93992 [D]:  738 [T]: 1 [TH]: 9, In
2015-08-14 20:20:25 :  40> [G]: 119645 [E]:  71654 [D]:  796 [T]: 1 [TH]: 9, In
2015-08-14 20:20:29 :  41> [G]:  98275 [E]:  99830 [D]:  716 [T]: 2 [TH]: 9, In
2015-08-14 20:20:35 :  42> [G]:  30834 [E]:  18301 [D]: 1038 [T]: 1 [TH]: 9, In
2015-08-14 20:20:40 :  43> [G]:   4345 [E]:  24725 [D]:  792 [T]: 1 [TH]: 9, In
2015-08-14 20:20:45 :  44> [G]:  49332 [E]:  62999 [D]:  151 [T]: 1 [TH]: 9, In
2015-08-14 20:20:54 :  45> [G]:  30408 [E]:  33098 [D]:  925 [T]:24 [TH]:10, In
2015-08-14 20:20:58 :  46> [G]:  37358 [E]:  81146 [D]: 1174 [T]: 5 [TH]: 9, In
2015-08-14 20:21:06 :  47> [G]: 269803 [E]: 274974 [D]: 3161 [T]:27 [TH]:10, In
2015-08-14 20:21:12 :  48> [G]:  35428 [E]:  65921 [D]:  296 [T]: 7 [TH]: 9, In
2015-08-14 20:21:21 :  49> [G]:  85382 [E]: 138277 [D]:  991 [T]:27 [TH]:10, In
2015-08-14 20:21:27 :  50> [G]:  36206 [E]:  70229 [D]:  235 [T]: 2 [TH]: 9, In
2015-08-14 20:21:30 :  51> [G]:   2022 [E]:  40479 [D]:  896 [T]:15 [TH]: 9, In
2015-08-14 20:21:35 :  52> [G]: 114267 [E]:  36529 [D]:  802 [T]: 1 [TH]: 9, In
2015-08-14 20:21:41 :  53> [G]:  23076 [E]:  90233 [D]:  833 [T]: 2 [TH]: 9, In
2015-08-14 20:21:45 :  54> [G]: 144865 [E]: 266225 [D]: 3090 [T]:31 [TH]:10, In
2015-08-14 20:21:48 :  55> [G]:  28583 [E]:  25317 [D]: 1222 [T]: 2 [TH]: 9, In
2015-08-14 20:21:53 :  56> [G]:   7268 [E]:  11209 [D]: 1348 [T]: 1 [TH]: 9, In
2015-08-14 20:21:59 :  57> [G]:  21862 [E]:  20353 [D]:  987 [T]: 1 [TH]: 9, In
2015-08-14 20:22:02 :  58> [G]:  29816 [E]:   2394 [D]:  555 [T]: 1 [TH]: 8, In
2015-08-14 20:22:06 :  59> [G]:  52837 [E]:   3285 [D]:  982 [T]: 8 [TH]: 9, In
2015-08-14 20:22:11 :  60> [G]: 169771 [E]: 131292 [D]:  525 [T]: 3 [TH]: 9, In
2015-08-14 20:22:16 :  61> [G]: 149854 [E]: 157980 [D]: 2234 [T]: 4 [TH]: 9, In
2015-08-14 20:22:21 :  62> [G]:  29220 [E]:   9510 [D]:  516 [T]: 3 [TH]: 9, In
2015-08-14 20:22:26 :  63> [G]:  10435 [E]: 136668 [D]: 1352 [T]: 3 [TH]: 9, In
2015-08-14 20:22:31 :  64> [G]: 167817 [E]:  72514 [D]:  841 [T]: 3 [TH]: 9, In
2015-08-14 20:22:37 :  65> [G]:  54548 [E]: 118362 [D]:  668 [T]: 1 [TH]: 9, In
2015-08-14 20:22:45 :  66> [G]:  99925 [E]:  98127 [D]: 2184 [T]:26 [TH]:10, In
2015-08-14 20:22:51 :  67> [G]:  37137 [E]:   5556 [D]:   92 [T]: 1 [TH]: 9, In
2015-08-14 20:22:56 :  68> [G]:  89534 [E]:  77745 [D]: 1040 [T]: 1 [TH]: 9, In
2015-08-14 20:23:01 :  69> [G]:  43638 [E]:  29972 [D]:   67 [T]: 1 [TH]: 9, In
2015-08-14 20:23:06 :  70> [G]:  14511 [E]: 104453 [D]: 1023 [T]: 1 [TH]: 9, In
2015-08-14 20:23:10 :  71> [G]:  65211 [E]:  61320 [D]:   15 [T]: 3 [TH]: 9, In
2015-08-14 20:23:14 :  72> [G]:  47893 [E]:  74466 [D]: 1081 [T]: 4 [TH]: 9, In
2015-08-14 20:23:20 :  73> [G]:  14134 [E]: 187147 [D]:  654 [T]: 1 [TH]: 9, In
2015-08-14 20:23:25 :  74> [G]:  91033 [E]: 144926 [D]: 1015 [T]: 1 [TH]: 9, In
2015-08-14 20:23:29 :  75> [G]: 131210 [E]:  34247 [D]:  438 [T]: 2 [TH]: 9, In
2015-08-14 20:23:33 :  76> [G]: 171458 [E]:  92320 [D]:  443 [T]: 1 [TH]: 9, In
2015-08-14 20:23:39 :  77> [G]:  25849 [E]: 124448 [D]:  405 [T]:14 [TH]:10, In
2015-08-14 20:23:42 :  78> [G]:  20107 [E]: 107306 [D]:  142 [T]:14 [TH]: 9, In
2015-08-14 20:23:47 :  79> [G]:  62923 [E]:  34545 [D]:  571 [T]: 7 [TH]: 9, In
2015-08-14 20:23:52 :  80> [G]:  36320 [E]:  18153 [D]: 1259 [T]: 4 [TH]: 9, In
2015-08-14 20:23:57 :  81> [G]:  49273 [E]:  23844 [D]:  585 [T]: 5 [TH]: 9, In
2015-08-14 20:24:02 :  82> [G]:  73492 [E]:  27247 [D]:  525 [T]: 2 [TH]: 9, In
2015-08-14 20:24:08 :  83> [G]:   4941 [E]:  26879 [D]:  435 [T]:11 [TH]: 9, In
2015-08-14 20:24:13 :  84> [G]:  84796 [E]:  66846 [D]: 1618 [T]: 1 [TH]: 9, In
2015-08-14 20:24:18 :  85> [G]: 105289 [E]:  61001 [D]: 1994 [T]: 3 [TH]: 9, In
2015-08-14 20:24:23 :  86> [G]: 135359 [E]: 129918 [D]: 1379 [T]: 1 [TH]: 9, In
2015-08-14 20:24:28 :  87> [G]:  39953 [E]:  51960 [D]:  881 [T]: 1 [TH]: 9, In
2015-08-14 20:24:34 :  88> [G]:  20225 [E]: 117046 [D]:  980 [T]: 2 [TH]: 9, In
2015-08-14 20:24:40 :  89> [G]:  29988 [E]:  66021 [D]:  810 [T]: 2 [TH]: 9, In
2015-08-14 20:24:43 :  90> [G]: 105186 [E]:  93830 [D]:  170 [T]: 7 [TH]: 9, In
2015-08-14 20:24:48 :  91> [G]:  34799 [E]:  30953 [D]:  610 [T]: 2 [TH]: 9, In
2015-08-14 20:24:53 :  92> [G]:  89581 [E]: 184343 [D]:  104 [T]: 2 [TH]: 9, In
2015-08-14 20:24:57 :  93> [G]:  18856 [E]:  21712 [D]:  640 [T]:23 [TH]:10, In
2015-08-14 20:25:00 :  94> [G]:  77790 [E]:  10310 [D]: 1370 [T]: 6 [TH]: 9, In
2015-08-14 20:25:04 :  95> [G]:  87843 [E]:  71162 [D]:  523 [T]: 5 [TH]: 9, In
2015-08-14 20:25:13 :  96> [G]:  35800 [E]:  92612 [D]:  879 [T]:14 [TH]:10, In
2015-08-14 20:25:16 :  97> [G]:  40055 [E]:   3102 [D]: 1172 [T]: 2 [TH]: 8, In
2015-08-14 20:25:21 :  98> [G]:  98270 [E]:  58392 [D]: 1285 [T]: 3 [TH]: 9, In
2015-08-14 20:25:26 :  99> [G]:  11989 [E]:   4675 [D]:  262 [T]: 1 [TH]: 9, In
2015-08-14 20:25:32 : 100> [G]:  19770 [E]:  37701 [D]:  632 [T]: 3 [TH]: 9, In
2015-08-14 20:25:38 : 101> [G]: 111828 [E]:   3434 [D]: 1375 [T]: 3 [TH]: 9, In
2015-08-14 20:25:42 : 102> [G]:  37199 [E]: 105541 [D]: 1086 [T]:14 [TH]: 9, In
2015-08-14 20:25:47 : 103> [G]: 176771 [E]: 146121 [D]:  946 [T]: 5 [TH]: 9, In
2015-08-14 20:25:50 : 104> [G]:  61263 [E]:   5078 [D]:  270 [T]: 3 [TH]: 9, In
2015-08-14 20:25:55 : 105> [G]:  32397 [E]:  64659 [D]:  196 [T]: 1 [TH]: 9, In
2015-08-14 20:26:00 : 106> [G]:  53188 [E]:  22832 [D]:  776 [T]: 1 [TH]: 9, In
2015-08-14 20:26:03 : 107> [G]:  69516 [E]: 195646 [D]: 2000 [T]: 1 [TH]: 8, Out
2015-08-14 20:26:03 : ~~~~~~~~~~~~~~~ TH Outside Found! ~~~~~~~~~~~~~~~~
2015-08-14 20:26:05 : ================ Search Complete =================
2015-08-14 20:26:05 : Initiating attack for: TH Snipe
2015-08-14 20:26:07 : -Barbarians 55
2015-08-14 20:26:07 : -Archers 85
2015-08-14 20:26:07 : -Giants 12
2015-08-14 20:26:07 : -Clan Castle 
2015-08-14 20:26:07 : -King 
2015-08-14 20:26:07 : -Lightning Spells 3
2015-08-14 20:26:07 : -Poison Spells 1
2015-08-14 20:26:07 :  ====== Start Attack ====== 
2015-08-14 20:26:09 : Sending 1st wave of archers.
2015-08-14 20:26:09 : Dropping first wave of 4 Archers
2015-08-14 20:26:10 : Zooming in...
2015-08-14 20:26:13 : Done zooming.
2015-08-14 20:26:14 : Scrolling to bottom...
2015-08-14 20:26:18 : Deployment of Archers Successful!
2015-08-14 20:26:20 : Dropping first wave of 18 Archers
2015-08-14 20:26:24 : Deployment of Archers Successful!
2015-08-14 20:26:56 : Sending second wave of archers.
2015-08-14 20:26:56 : Dropping second wave of 16 Archers
2015-08-14 20:26:59 : Deployment of Archers Successful!
2015-08-14 20:27:01 : Townhall has been destroyed!
2015-08-14 20:27:01 : Zooming Out
2015-08-14 20:27:11 : Checking if the battle has finished
2015-08-14 20:27:12 : detected [G]:  [E]:  [DE]:  |  Exit now 
2015-08-14 20:27:13 : Battle has finished
2015-08-14 20:27:13 : Returning Home
2015-08-14 20:27:40 : Loot: [G]: 13 [E]: 364 [DE]:  [T]: 1
2015-08-14 20:27:40 : Bonus [G]:  [E]:  [DE]: 
2015-08-14 20:27:43 : Stars earned: 1
2015-08-14 20:27:51 : Trying to locate Main Screen
2015-08-14 20:27:51 : Main Screen Located
2015-08-14 20:27:52 : ClashGameBot was Paused!
2015-08-14 20:30:54 : ClashGameBot was Resumed.
2015-08-14 20:30:55 : Village Report
2015-08-14 20:30:55 : No. of Free/Total Builders: 0/5
2015-08-14 20:30:55 :  [T]: 3 086
2015-08-14 20:30:55 :  [G]: 6 001 000 [E]: 6 001 000 [D]: 80 000 [GEM]: 77
2015-08-14 20:30:56 : Collecting Resources
2015-08-14 20:31:04 : Checking if Village needs Rearming..
2015-08-14 20:31:13 : Checking Army Camp...
2015-08-14 20:31:15 : Total Army Camp capacity: 200/200
2015-08-14 20:31:16 :  - No. of Barbarians: 29
2015-08-14 20:31:16 :  - No. of Archers: 111
2015-08-14 20:31:16 :  - No. of Giants: 12
2015-08-14 20:31:16 : Barracks and Spell factory status: 
2015-08-14 20:31:16 : - Barracks detected: 4 | Available: 4 | Upgrading: 0
2015-08-14 20:31:16 : - Dark Barracks detected: 2 | Available: 1 | Upgrading: 1
2015-08-14 20:31:16 : - Spell factory detected: 1 | Available: 1 | Upgrading: 0
2015-08-14 20:31:17 : - Dark Spell factory detected: 1 | Available: 1 | Upgrading: 0
2015-08-14 20:31:17 : Training Troops...
2015-08-14 20:31:17 : Your Army Camps are now Full
2015-08-14 20:31:17 : Too many Arch, train last.
2015-08-14 20:31:17 : Too few Barb, train first.
2015-08-14 20:31:39 : Requesting Clan Castle Troops
2015-08-14 20:31:40 : Your Clan Castle is already full or you are not in a clan.
2015-08-14 20:31:43 : Going to Attack...
2015-08-14 20:31:50 : ============== Searching For Dead Base ===============
2015-08-14 20:31:50 : ~~~~~~~~~~~~~~~ SEARCH CONDITIONS ~~~~~~~~~~~~~~~~
2015-08-14 20:31:50 : Meet: Gold and Elixir, TH Outside
2015-08-14 20:31:50 : ~~~~~~~~~~~~~~ RESOURCE CONDITIONS ~~~~~~~~~~~~~~~
2015-08-14 20:31:50 : Aim: [G]: 999999 [E]: 999999 [D]:    0 [T]: 0, Out, Out, Out, Out, Out, Out, Out, Out, Out, Out, Out, Out for: Dead Base
2015-08-14 20:31:50 : ~~~~~~~~~~~~~~~ ADVANCED SETTINGS ~~~~~~~~~~~~~~~~
2015-08-14 20:31:50 : THSnipe Combo, 1 Tile(s), 
2015-08-14 20:31:50 : ==================================================
2015-08-14 20:31:54 :   1> [G]: 186962 [E]: 147748 [D]: 1823 [T]:13 [TH]:10, In
2015-08-14 20:32:03 :   2> [G]: 227617 [E]:  63774 [D]: 1730 [T]:34 [TH]:10, In
2015-08-14 20:32:14 :   3> [G]: 197996 [E]:  16434 [D]: 1424 [T]:28 [TH]:10, In
2015-08-14 20:32:19 :   4> [G]: 183964 [E]: 160579 [D]: 1743 [T]: 8 [TH]: 9, In
2015-08-14 20:32:22 :   5> [G]:  89336 [E]:  74340 [D]:  481 [T]:13 [TH]:10, In
2015-08-14 20:32:36 :   6> [G]:  31317 [E]:   4854 [D]:  252 [T]: 1 [TH]: 9, In
2015-08-14 20:32:42 :   7> [G]:  17195 [E]:  20024 [D]: 1340 [T]: 1 [TH]: 9, In
2015-08-14 20:32:46 :   8> [G]: 303792 [E]: 236144 [D]: 2573 [T]:24 [TH]:10, In
2015-08-14 20:32:51 :   9> [G]:   7898 [E]:  72853 [D]:   33 [T]: 1 [TH]: 9, In
2015-08-14 20:32:54 :  10> [G]:  80463 [E]: 224191 [D]:  371 [T]: 1 [TH]: 7, In
2015-08-14 20:33:03 :  11> [G]:  60660 [E]:  41801 [D]:  889 [T]: 1 [TH]: 9, In
2015-08-14 20:33:06 :  12> [G]:  12889 [E]: 141947 [D]:  154 [T]: 2 [TH]: 9, In
2015-08-14 20:33:11 :  13> [G]:  41713 [E]:  41642 [D]:  214 [T]: 1 [TH]: 9, In
2015-08-14 20:33:16 :  14> [G]: 231062 [E]: 102798 [D]: 2480 [T]: 1 [TH]: 9, Out
2015-08-14 20:33:16 : ~~~~~~~~~~~~~~~ TH Outside Found! ~~~~~~~~~~~~~~~~
2015-08-14 20:33:18 : ================ Search Complete =================
2015-08-14 20:33:18 : Initiating attack for: TH Snipe
2015-08-14 20:33:20 : -Barbarians 29
2015-08-14 20:33:20 : -Archers 111
2015-08-14 20:33:20 : -Giants 12
2015-08-14 20:33:20 : -Clan Castle 
2015-08-14 20:33:21 : -King 
2015-08-14 20:33:21 : -Lightning Spells 3
2015-08-14 20:33:21 : -Poison Spells 1
2015-08-14 20:33:21 :  ====== Start Attack ====== 
2015-08-14 20:33:23 : Sending 1st wave of archers.
2015-08-14 20:33:23 : Dropping first wave of 4 Archers
2015-08-14 20:33:23 : Zooming in...
2015-08-14 20:33:26 : Done zooming.
2015-08-14 20:33:27 : Scrolling to bottom...
2015-08-14 20:33:31 : Deployment of Archers Successful!
2015-08-14 20:33:34 : Dropping first wave of 18 Archers
2015-08-14 20:33:36 : ClashGameBot was Paused!
2015-08-14 20:35:11 : ClashGameBot was Resumed.
2015-08-14 20:35:11 : Zooming Out
2015-08-14 20:35:15 : Deployment of Archers Successful!
