2015-08-13 21:39:02 : ~~ Clash Game Bot v4.1.1 Powered by GameBot.org ~~
2015-08-13 21:39:02 : GameBot.org.exe Executable running on WIN_7  X64
2015-08-13 21:39:02 : =================== Bot Start ====================
2015-08-13 21:39:02 : -------------------------  Current Profile: 03 --------------------------
2015-08-13 21:39:02 : Trying to locate Main Screen
2015-08-13 21:39:02 : Main Screen Located
2015-08-13 21:39:03 : Detecting your Buildings..
2015-08-13 21:39:04 : Language setting is English: Correct.
2015-08-13 21:39:05 : Trying to locate Main Screen
2015-08-13 21:39:05 : Main Screen Located
2015-08-13 21:39:06 : Village Report
2015-08-13 21:39:06 : No. of Free/Total Builders: 0/5
2015-08-13 21:39:06 :  [T]: 3 042
2015-08-13 21:39:07 :  [G]: 6 001 000 [E]: 5 817 837 [D]: 80 000 [GEM]: 64
2015-08-13 21:39:07 : Collecting Resources
2015-08-13 21:39:15 : Checking if Village needs Rearming..
2015-08-13 21:39:24 : Checking Army Camp...
2015-08-13 21:39:26 : Total Army Camp capacity: 200/200
2015-08-13 21:39:27 :  - No. of Barbarians: 73
2015-08-13 21:39:28 :  - No. of Archers: 127
2015-08-13 21:39:28 : Barracks and Spell factory status: 
2015-08-13 21:39:28 : - Barracks detected: 4 | Available: 4 | Upgrading: 0
2015-08-13 21:39:28 : - Dark Barracks detected: 2 | Available: 1 | Upgrading: 1
2015-08-13 21:39:28 : - Spell factory detected: 1 | Available: 1 | Upgrading: 0
2015-08-13 21:39:28 : - Dark Spell factory detected: 1 | Available: 1 | Upgrading: 0
2015-08-13 21:39:28 : Training Troops...
2015-08-13 21:39:28 : Your Army Camps are now Full
2015-08-13 21:39:54 : Requesting Clan Castle Troops
2015-08-13 21:39:55 : Your Clan Castle is already full or you are not in a clan.
2015-08-13 21:39:58 : Going to Attack...
2015-08-13 21:40:04 : ============== Searching For Dead Base ===============
2015-08-13 21:40:04 : ~~~~~~~~~~~~~~~ SEARCH CONDITIONS ~~~~~~~~~~~~~~~~
2015-08-13 21:40:04 : Meet: Gold and Elixir, TH Outside
2015-08-13 21:40:04 : ~~~~~~~~~~~~~~ RESOURCE CONDITIONS ~~~~~~~~~~~~~~~
2015-08-13 21:40:04 : Aim: [G]: 999999 [E]: 999999 [D]:    0 [T]: 0, Out, Out, Out, Out, Out, Out, Out, Out, Out, Out, Out, Out, Out, Out, Out, Out, Out, Out, Out, Out, Out, Out, Out, Out, Out, Out, Out, Out, Out, Out, Out, Out, Out, Out, Out, Out, Out, Out for: Dead Base
2015-08-13 21:40:04 : ~~~~~~~~~~~~~~~ ADVANCED SETTINGS ~~~~~~~~~~~~~~~~
2015-08-13 21:40:04 : THSnipe Combo, 1 Tile(s), 
2015-08-13 21:40:04 : ==================================================
2015-08-13 21:40:08 :   1> [G]:  65303 [E]:  82951 [D]:  557 [T]:19 [TH]:10, In
2015-08-13 21:40:16 :   2> [G]: 136088 [E]: 104052 [D]: 2213 [T]:25 [TH]:10, In
2015-08-13 21:40:21 :   3> [G]:  91017 [E]:  40559 [D]: 1561 [T]:13 [TH]: 9, In
2015-08-13 21:40:28 :   4> [G]:  24580 [E]:  38061 [D]:  898 [T]:10 [TH]: 9, In
2015-08-13 21:40:36 :   5> [G]:  66855 [E]: 262188 [D]:  958 [T]:19 [TH]:10, In
2015-08-13 21:40:44 :   6> [G]:  30822 [E]: 102117 [D]: 1021 [T]: 3 [TH]: 9, In
2015-08-13 21:40:48 :   7> [G]: 136204 [E]: 130467 [D]:  857 [T]:12 [TH]: 9, In
2015-08-13 21:40:52 :   8> [G]:  27689 [E]:  75384 [D]:  185 [T]: 6 [TH]: 9, In
2015-08-13 21:40:57 :   9> [G]:  29511 [E]:  94586 [D]:  634 [T]: 1 [TH]: 9, In
2015-08-13 21:41:01 :  10> [G]:  60165 [E]: 244588 [D]:  863 [T]:19 [TH]:10, In
2015-08-13 21:41:06 :  11> [G]:  90344 [E]: 126613 [D]:  356 [T]: 1 [TH]: 9, In
2015-08-13 21:41:12 :  12> [G]: 135267 [E]:  61177 [D]: 1617 [T]: 3 [TH]: 9, In
2015-08-13 21:41:17 :  13> [G]:  77067 [E]: 175821 [D]:  120 [T]: 2 [TH]: 9, In
2015-08-13 21:41:25 :  14> [G]:  30650 [E]:  13729 [D]: 2817 [T]:24 [TH]:10, In
2015-08-13 21:41:34 :  15> [G]: 246978 [E]: 242378 [D]: 3453 [T]:33 [TH]:10, In
2015-08-13 21:41:38 :  16> [G]:  67991 [E]:  21128 [D]:  867 [T]: 2 [TH]: 9, In
2015-08-13 21:41:43 :  17> [G]:  56780 [E]:  63967 [D]:  746 [T]: 2 [TH]: 9, In
2015-08-13 21:41:48 :  18> [G]:  80924 [E]:  71955 [D]:  437 [T]: 2 [TH]: 9, In
2015-08-13 21:41:54 :  19> [G]:  79083 [E]:  84599 [D]: 1070 [T]: 4 [TH]: 9, In
2015-08-13 21:41:59 :  20> [G]:  28303 [E]: 244987 [D]:  655 [T]: 1 [TH]: 9, In
2015-08-13 21:42:08 :  21> [G]: 198605 [E]: 258879 [D]: 2270 [T]:31 [TH]:10, In
2015-08-13 21:42:13 :  22> [G]:  87758 [E]:   8260 [D]:  369 [T]: 7 [TH]: 9, In
2015-08-13 21:42:18 :  23> [G]:  37219 [E]:  26490 [D]: 1131 [T]: 2 [TH]: 9, In
2015-08-13 21:42:21 :  24> [G]:  35333 [E]:  17756 [D]: 2248 [T]:17 [TH]: 9, In
2015-08-13 21:42:26 :  25> [G]:  18750 [E]:   2316 [D]:  184 [T]: 2 [TH]: 9, In
2015-08-13 21:42:31 :  26> [G]:  75383 [E]:  48039 [D]:  360 [T]: 3 [TH]: 9, In
2015-08-13 21:42:35 :  27> [G]:  67314 [E]:   2859 [D]: 1030 [T]: 2 [TH]: 9, In
2015-08-13 21:42:38 :  28> [G]:  36852 [E]:  63366 [D]: 1443 [T]: 7 [TH]: 9, In
2015-08-13 21:42:43 :  29> [G]:  18958 [E]:  11311 [D]:  214 [T]: 3 [TH]: 9, In
2015-08-13 21:42:48 :  30> [G]:  56839 [E]:  52351 [D]: 2039 [T]: 4 [TH]: 9, In
2015-08-13 21:42:56 :  31> [G]: 201925 [E]:  66831 [D]: 2985 [T]:14 [TH]:10, In
2015-08-13 21:43:02 :  32> [G]: 119689 [E]: 107278 [D]:  941 [T]: 2 [TH]: 9, In
2015-08-13 21:43:07 :  33> [G]:  56483 [E]:  98805 [D]: 1305 [T]: 3 [TH]: 9, In
2015-08-13 21:43:12 :  34> [G]:  18239 [E]:  85861 [D]:  798 [T]: 3 [TH]: 9, In
2015-08-13 21:43:17 :  35> [G]:  75482 [E]: 104464 [D]:  689 [T]: 4 [TH]: 9, In
2015-08-13 21:43:22 :  36> [G]:  56688 [E]:  10208 [D]: 1509 [T]: 5 [TH]: 9, In
2015-08-13 21:43:31 :  37> [G]:  26421 [E]: 215465 [D]: 2142 [T]:20 [TH]:10, In
2015-08-13 21:43:36 :  38> [G]:  78389 [E]:  93306 [D]: 1009 [T]: 2 [TH]: 9, In
2015-08-13 21:43:40 :  39> [G]: 120764 [E]:  47120 [D]: 1412 [T]: 3 [TH]: 9, In
2015-08-13 21:43:45 :  40> [G]:    324 [E]: 168115 [D]: 1020 [T]: 1 [TH]: 9, In
2015-08-13 21:43:51 :  41> [G]: 158951 [E]: 193183 [D]:  898 [T]: 1 [TH]: 9, In
2015-08-13 21:43:56 :  42> [G]:  81919 [E]:  88500 [D]:  317 [T]: 2 [TH]: 9, In
2015-08-13 21:44:00 :  43> [G]:  40940 [E]:  19333 [D]:  468 [T]: 3 [TH]: 9, In
2015-08-13 21:44:03 :  44> [G]:   6580 [E]: 174800 [D]:  810 [T]: 3 [TH]: 9, In
2015-08-13 21:44:08 :  45> [G]:   3577 [E]: 113740 [D]:   67 [T]: 3 [TH]: 9, In
2015-08-13 21:44:13 :  46> [G]: 154868 [E]:   9547 [D]:  525 [T]: 2 [TH]: 9, In
2015-08-13 21:44:18 :  47> [G]:  36631 [E]: 111547 [D]:  966 [T]: 3 [TH]: 9, In
2015-08-13 21:44:24 :  48> [G]:  90126 [E]:  41426 [D]:  642 [T]: 9 [TH]: 9, In
2015-08-13 21:44:27 :  49> [G]:  58507 [E]: 180636 [D]: 1150 [T]:10 [TH]: 9, In
2015-08-13 21:44:32 :  50> [G]:  57488 [E]: 121563 [D]: 1448 [T]: 1 [TH]: 9, In
2015-08-13 21:44:37 :  51> [G]:  73127 [E]:  14339 [D]:  921 [T]: 5 [TH]: 9, In
2015-08-13 21:44:46 :  52> [G]:  91713 [E]: 310192 [D]:  544 [T]:34 [TH]:10, In
2015-08-13 21:44:51 :  53> [G]:  49680 [E]:  75998 [D]: 1573 [T]: 4 [TH]: 9, In
2015-08-13 21:44:58 :  54> [G]:  55917 [E]:  39844 [D]:  949 [T]: 3 [TH]: 9, In
2015-08-13 21:45:03 :  55> [G]: 125787 [E]: 116365 [D]:  843 [T]: 2 [TH]: 9, In
2015-08-13 21:45:08 :  56> [G]: 148888 [E]:  22102 [D]:  187 [T]: 3 [TH]: 9, In
2015-08-13 21:45:13 :  57> [G]:  57283 [E]: 112799 [D]:  888 [T]: 3 [TH]: 9, In
2015-08-13 21:45:22 :  58> [G]:  80787 [E]: 407425 [D]: 2615 [T]:15 [TH]:10, In
2015-08-13 21:45:26 :  59> [G]: 218816 [E]: 353800 [D]:  912 [T]: 2 [TH]: 9, Out
2015-08-13 21:45:26 : ~~~~~~~~~~~~~~~ TH Outside Found! ~~~~~~~~~~~~~~~~
2015-08-13 21:45:28 : ================ Search Complete =================
2015-08-13 21:45:28 : Initiating attack for: TH Snipe
2015-08-13 21:45:30 : -Barbarians 73
2015-08-13 21:45:30 : -Archers 127
2015-08-13 21:45:30 : -Clan Castle 
2015-08-13 21:45:30 : -King 
2015-08-13 21:45:30 : -Lightning Spells 3
2015-08-13 21:45:30 : -Poison Spells 1
2015-08-13 21:45:30 :  ====== Start Attack ====== 
2015-08-13 21:45:32 : Sending 1st wave of archers.
2015-08-13 21:45:32 : Dropping first wave of 4 Archers
2015-08-13 21:45:34 : Deployment of Archers Successful!
2015-08-13 21:45:36 : Dropping first wave of 15 Archers
2015-08-13 21:45:39 : Deployment of Archers Successful!
2015-08-13 21:45:51 : Townhall has been destroyed!
2015-08-13 21:45:55 : Checking if the battle has finished
2015-08-13 21:45:56 : detected [G]:  [E]:  [DE]:  |  Exit now 
2015-08-13 21:45:56 : Battle has finished
2015-08-13 21:45:56 : Returning Home
2015-08-13 21:46:01 : Loot: [G]: 1 000 [E]: 1 000 [DE]:  [T]: 1
2015-08-13 21:46:02 : Bonus [G]: 140 000 [E]: 140 000 [DE]: 900
2015-08-13 21:46:05 : Your league level is: Master I
2015-08-13 21:46:05 : Stars earned: 1
2015-08-13 21:46:12 : Trying to locate Main Screen
2015-08-13 21:46:12 : Main Screen Located
2015-08-13 21:46:14 : Village Report
2015-08-13 21:46:14 : No. of Free/Total Builders: 0/5
2015-08-13 21:46:14 :  [T]: 3 043
2015-08-13 21:46:14 :  [G]: 6 001 000 [E]: 5 959 475 [D]: 80 000 [GEM]: 64
2015-08-13 21:46:15 : Collecting Resources
2015-08-13 21:46:23 : Checking if Village needs Rearming..
2015-08-13 21:46:33 : Checking Army Camp...
2015-08-13 21:46:35 : Total Army Camp capacity: 200/200
2015-08-13 21:46:36 :  - No. of Barbarians: 73
2015-08-13 21:46:36 :  - No. of Archers: 127
2015-08-13 21:46:36 : Training Troops...
2015-08-13 21:46:37 : Your Army Camps are now Full
2015-08-13 21:47:05 : Requesting Clan Castle Troops
2015-08-13 21:47:05 : Your Clan Castle is already full or you are not in a clan.
2015-08-13 21:47:08 : Going to Attack...
2015-08-13 21:47:14 : ============== Searching For Dead Base ===============
2015-08-13 21:47:14 : ~~~~~~~~~~~~~~~ SEARCH CONDITIONS ~~~~~~~~~~~~~~~~
2015-08-13 21:47:14 : Meet: Gold and Elixir, TH Outside
2015-08-13 21:47:14 : ~~~~~~~~~~~~~~ RESOURCE CONDITIONS ~~~~~~~~~~~~~~~
2015-08-13 21:47:14 : Aim: [G]: 999999 [E]: 999999 [D]:    0 [T]: 0, Out, Out, Out, Out, Out, Out, Out, Out, Out, Out, Out, Out, Out, Out, Out, Out, Out, Out, Out, Out, Out, Out, Out, Out, Out, Out, Out, Out, Out, Out, Out, Out, Out, Out, Out, Out, Out, Out, Out for: Dead Base
2015-08-13 21:47:14 : ~~~~~~~~~~~~~~~ ADVANCED SETTINGS ~~~~~~~~~~~~~~~~
2015-08-13 21:47:14 : THSnipe Combo, 1 Tile(s), 
2015-08-13 21:47:14 : ==================================================
2015-08-13 21:47:18 :   1> [G]:  47348 [E]:  47675 [D]: 3270 [T]:16 [TH]:10, In
2015-08-13 21:47:24 :   2> [G]: 122318 [E]:  49598 [D]: 1048 [T]:14 [TH]: 9, In
2015-08-13 21:47:27 :   3> [G]:  99449 [E]: 112111 [D]:  500 [T]:10 [TH]: 9, In
2015-08-13 21:47:35 :   4> [G]: 147661 [E]: 259845 [D]: 1580 [T]:19 [TH]:10, In
2015-08-13 21:47:48 :   5> [G]: 321570 [E]:  66122 [D]: 1292 [T]:14 [TH]:10, In
2015-08-13 21:47:53 :   6> [G]:  39172 [E]: 114277 [D]: 1262 [T]: 7 [TH]: 9, In
2015-08-13 21:47:56 :   7> [G]: 159244 [E]: 177051 [D]: 2565 [T]:27 [TH]: -, -
2015-08-13 21:48:02 :   8> [G]: 190261 [E]: 217087 [D]: 1254 [T]: 6 [TH]: 9, In
2015-08-13 21:48:05 :   9> [G]:  88045 [E]:  78470 [D]:  591 [T]: 5 [TH]: 9, In
2015-08-13 21:48:12 :  10> [G]:  40989 [E]:  71730 [D]:  337 [T]: 2 [TH]: 8, In
2015-08-13 21:48:16 :  11> [G]: 176692 [E]: 105594 [D]:  975 [T]: 2 [TH]: 9, In
2015-08-13 21:48:20 :  12> [G]:  48922 [E]:  34473 [D]: 1222 [T]: 2 [TH]: 9, In
2015-08-13 21:48:26 :  13> [G]:  96436 [E]:  84207 [D]:  856 [T]: 4 [TH]: -, -
2015-08-13 21:48:30 :  14> [G]: 155693 [E]:  70153 [D]:  457 [T]: 4 [TH]: 9, In
2015-08-13 21:48:35 :  15> [G]:  31000 [E]: 185551 [D]:  859 [T]: 7 [TH]: 9, In
2015-08-13 21:48:40 :  16> [G]:  25202 [E]: 108757 [D]: 1549 [T]: 6 [TH]: 9, In
2015-08-13 21:48:43 :  17> [G]:  84082 [E]:  56491 [D]: 1707 [T]: 8 [TH]: 9, In
2015-08-13 21:48:48 :  18> [G]: 266782 [E]: 235853 [D]:  974 [T]: 7 [TH]: 9, In
2015-08-13 21:48:53 :  19> [G]: 152853 [E]: 146287 [D]:  800 [T]: 3 [TH]: 9, In
2015-08-13 21:48:56 :  20> [G]: 269299 [E]:  55808 [D]: 1198 [T]: 4 [TH]: 9, In
2015-08-13 21:49:00 :  21> [G]: 126598 [E]: 255464 [D]: 1262 [T]:17 [TH]:10, In
2015-08-13 21:49:05 :  22> [G]:  83773 [E]:  98271 [D]: 2727 [T]: 3 [TH]: 9, In
2015-08-13 21:49:08 :  23> [G]:  94475 [E]:  72356 [D]: 1218 [T]: 2 [TH]: 9, In
2015-08-13 21:49:13 :  24> [G]:  14791 [E]:   6336 [D]:  127 [T]:15 [TH]: 9, In
2015-08-13 21:49:17 :  25> [G]:  78445 [E]:  51418 [D]: 1464 [T]: 9 [TH]: 9, In
2015-08-13 21:49:21 :  26> [G]: 107026 [E]: 107339 [D]:  690 [T]: 2 [TH]: 9, In
2015-08-13 21:49:27 :  27> [G]:  91068 [E]:  46699 [D]:  947 [T]: 2 [TH]: 9, In
2015-08-13 21:49:32 :  28> [G]: 126275 [E]: 130064 [D]:  426 [T]: 2 [TH]: 9, In
2015-08-13 21:49:37 :  29> [G]:  95767 [E]: 131168 [D]: 1430 [T]: 6 [TH]: 9, In
2015-08-13 21:49:42 :  30> [G]:  14894 [E]:  24812 [D]:  773 [T]: 4 [TH]: 9, In
2015-08-13 21:49:47 :  31> [G]:  70403 [E]: 111680 [D]: 1308 [T]: 2 [TH]: 9, In
2015-08-13 21:49:52 :  32> [G]:  88203 [E]:  11593 [D]: 1021 [T]: 6 [TH]: 9, In
2015-08-13 21:49:57 :  33> [G]:  59619 [E]:  72809 [D]:  811 [T]: 8 [TH]: 9, In
2015-08-13 21:50:03 :  34> [G]:  88203 [E]: 183262 [D]:  690 [T]: 2 [TH]: 9, In
2015-08-13 21:50:07 :  35> [G]: 116575 [E]:  62418 [D]:   32 [T]: 7 [TH]: 9, In
2015-08-13 21:50:12 :  36> [G]:  57377 [E]:  22653 [D]:  637 [T]: 1 [TH]: 9, In
2015-08-13 21:50:17 :  37> [G]:  45106 [E]:  25257 [D]:  731 [T]: 2 [TH]: 9, In
2015-08-13 21:50:22 :  38> [G]:  35827 [E]: 134637 [D]:  657 [T]: 2 [TH]: 9, In
2015-08-13 21:50:27 :  39> [G]:  38143 [E]: 125263 [D]:  401 [T]: 2 [TH]: 9, In
2015-08-13 21:50:32 :  40> [G]:  71138 [E]:  69479 [D]:  982 [T]: 7 [TH]: 9, In
2015-08-13 21:50:37 :  41> [G]:  37844 [E]:  77353 [D]:  188 [T]: 3 [TH]: 9, In
2015-08-13 21:50:42 :  42> [G]:  46277 [E]:  33142 [D]:   26 [T]: 3 [TH]: 9, In
2015-08-13 21:50:46 :  43> [G]:  85630 [E]:  90084 [D]:  793 [T]: 1 [TH]: 8, In
2015-08-13 21:50:49 :  44> [G]:  12768 [E]: 355655 [D]: 1813 [T]:22 [TH]: 9, In
2015-08-13 21:50:55 :  45> [G]:  92527 [E]: 177040 [D]:  516 [T]: 2 [TH]: 9, In
2015-08-13 21:50:58 :  46> [G]:  97589 [E]:  57639 [D]: 1770 [T]:32 [TH]:10, In
2015-08-13 21:51:03 :  47> [G]:  50357 [E]:  65981 [D]: 1469 [T]:20 [TH]: 9, In
2015-08-13 21:51:06 :  48> [G]:  99535 [E]: 263147 [D]: 1840 [T]: 7 [TH]: 9, In
2015-08-13 21:51:10 :  49> [G]:  90308 [E]:  83106 [D]:  808 [T]:10 [TH]: 9, In
2015-08-13 21:51:14 :  50> [G]: 103739 [E]: 255566 [D]:  825 [T]: 7 [TH]: 9, In
2015-08-13 21:51:20 :  51> [G]: 251674 [E]: 326529 [D]:  658 [T]: 3 [TH]: 9, Out
2015-08-13 21:51:20 : ~~~~~~~~~~~~~~~ TH Outside Found! ~~~~~~~~~~~~~~~~
2015-08-13 21:51:21 : ================ Search Complete =================
2015-08-13 21:51:21 : Initiating attack for: TH Snipe
2015-08-13 21:51:24 : -Barbarians 73
2015-08-13 21:51:24 : -Archers 127
2015-08-13 21:51:24 : -Clan Castle 
2015-08-13 21:51:24 : -King 
2015-08-13 21:51:24 : -Lightning Spells 3
2015-08-13 21:51:24 : -Poison Spells 1
2015-08-13 21:51:24 :  ====== Start Attack ====== 
2015-08-13 21:51:26 : Sending 1st wave of archers.
2015-08-13 21:51:26 : Dropping first wave of 4 Archers
2015-08-13 21:51:27 : Deployment of Archers Successful!
2015-08-13 21:51:29 : Dropping first wave of 18 Archers
2015-08-13 21:51:33 : Deployment of Archers Successful!
2015-08-13 21:51:48 : Townhall has been destroyed!
2015-08-13 21:51:51 : Checking if the battle has finished
2015-08-13 21:51:53 : detected [G]:  [E]:  [DE]:  |  Exit now 
2015-08-13 21:51:53 : Battle has finished
2015-08-13 21:51:53 : Returning Home
2015-08-13 21:51:58 : Loot: [G]: 1 000 [E]: 1 000 [DE]:  [T]: 1
2015-08-13 21:51:58 : Bonus [G]: 140 000 [E]: 140 000 [DE]: 900
2015-08-13 21:52:01 : Your league level is: Master I
2015-08-13 21:52:01 : Stars earned: 1
2015-08-13 21:52:09 : Trying to locate Main Screen
2015-08-13 21:52:09 : Main Screen Located
2015-08-13 21:52:11 : Village Report
2015-08-13 21:52:11 : No. of Free/Total Builders: 0/5
2015-08-13 21:52:11 :  [T]: 3 044
2015-08-13 21:52:11 :  [G]: 6 001 000 [E]: 6 001 000 [D]: 80 000 [GEM]: 64
2015-08-13 21:52:12 : Collecting Resources
2015-08-13 21:52:20 : Checking if Village needs Rearming..
2015-08-13 21:52:29 : Checking Army Camp...
2015-08-13 21:52:31 : Total Army Camp capacity: 200/200
2015-08-13 21:52:32 :  - No. of Barbarians: 73
2015-08-13 21:52:32 :  - No. of Archers: 127
2015-08-13 21:52:32 : Training Troops...
2015-08-13 21:52:33 : Your Army Camps are now Full
2015-08-13 21:52:58 : Requesting Clan Castle Troops
2015-08-13 21:52:59 : Your Clan Castle is already full or you are not in a clan.
2015-08-13 21:53:02 : Going to Attack...
2015-08-13 21:53:08 : ============== Searching For Dead Base ===============
2015-08-13 21:53:08 : ~~~~~~~~~~~~~~~ SEARCH CONDITIONS ~~~~~~~~~~~~~~~~
2015-08-13 21:53:08 : Meet: Gold and Elixir, TH Outside
2015-08-13 21:53:08 : ~~~~~~~~~~~~~~ RESOURCE CONDITIONS ~~~~~~~~~~~~~~~
2015-08-13 21:53:08 : Aim: [G]: 999999 [E]: 999999 [D]:    0 [T]: 0, Out, Out, Out, Out, Out, Out, Out, Out, Out, Out, Out, Out, Out, Out, Out, Out, Out, Out, Out, Out, Out, Out, Out, Out, Out, Out, Out, Out, Out, Out, Out, Out, Out, Out, Out, Out, Out, Out, Out, Out for: Dead Base
2015-08-13 21:53:08 : ~~~~~~~~~~~~~~~ ADVANCED SETTINGS ~~~~~~~~~~~~~~~~
2015-08-13 21:53:08 : THSnipe Combo, 1 Tile(s), 
2015-08-13 21:53:08 : ==================================================
2015-08-13 21:53:12 :   1> [G]:  47305 [E]:  41362 [D]: 2516 [T]:24 [TH]:10, In
2015-08-13 21:53:20 :   2> [G]: 111656 [E]: 105967 [D]: 2071 [T]:26 [TH]:10, In
2015-08-13 21:53:24 :   3> [G]: 350310 [E]: 152616 [D]: 3757 [T]:29 [TH]:10, In
2015-08-13 21:53:32 :   4> [G]: 107572 [E]: 133418 [D]: 1062 [T]:17 [TH]:10, In
2015-08-13 21:53:41 :   5> [G]: 117206 [E]:   7799 [D]: 1056 [T]:23 [TH]:10, In
2015-08-13 21:53:46 :   6> [G]:  60731 [E]:   8117 [D]: 1390 [T]: 6 [TH]: 9, In
2015-08-13 21:53:51 :   7> [G]:  27013 [E]:  93809 [D]:  517 [T]: 3 [TH]: 9, In
2015-08-13 21:53:55 :   8> [G]:  83457 [E]: 135767 [D]: 1037 [T]: 8 [TH]: 9, In
2015-08-13 21:53:58 :   9> [G]:  96862 [E]:   9840 [D]:  412 [T]: 2 [TH]: 9, In
2015-08-13 21:54:02 :  10> [G]:  81188 [E]:  69931 [D]:  947 [T]:12 [TH]: 9, In
2015-08-13 21:54:05 :  11> [G]:  66634 [E]: 136792 [D]:  607 [T]: 2 [TH]: 9, In
2015-08-13 21:54:11 :  12> [G]:  59592 [E]:  90678 [D]:  531 [T]: 2 [TH]: 9, In
2015-08-13 21:54:19 :  13> [G]:  48716 [E]: 127753 [D]: 2059 [T]:19 [TH]:10, In
2015-08-13 21:54:24 :  14> [G]: 136931 [E]: 174750 [D]:  340 [T]:10 [TH]: 9, In
2015-08-13 21:54:29 :  15> [G]: 103414 [E]:  69679 [D]: 1431 [T]: 2 [TH]: 9, In
2015-08-13 21:54:34 :  16> [G]: 101556 [E]:  82516 [D]: 1193 [T]:11 [TH]: 9, In
2015-08-13 21:54:39 :  17> [G]:  25701 [E]:  60519 [D]: 1261 [T]: 2 [TH]: 9, In
2015-08-13 21:54:42 :  18> [G]:  24382 [E]:  14425 [D]: 1457 [T]: 6 [TH]: 9, In
2015-08-13 21:54:47 :  19> [G]:  18463 [E]:   7242 [D]:  958 [T]: 6 [TH]: 9, In
2015-08-13 21:54:50 :  20> [G]:  45640 [E]: 116102 [D]:  866 [T]: 3 [TH]: 9, In
2015-08-13 21:54:55 :  21> [G]:  80919 [E]:  26301 [D]: 1520 [T]:13 [TH]: 9, In
2015-08-13 21:54:59 :  22> [G]: 188514 [E]: 205297 [D]: 3775 [T]:26 [TH]:10, In
2015-08-13 21:55:03 :  23> [G]:  50842 [E]:  62918 [D]: 1716 [T]: 6 [TH]: 9, In
2015-08-13 21:55:07 :  24> [G]: 101082 [E]: 144882 [D]: 1489 [T]:14 [TH]:10, In
2015-08-13 21:55:12 :  25> [G]:  88989 [E]:  98226 [D]:  651 [T]: 3 [TH]: 9, In
2015-08-13 21:55:17 :  26> [G]:  73914 [E]:  19360 [D]:  688 [T]: 2 [TH]: 9, In
2015-08-13 21:55:23 :  27> [G]:  28352 [E]:  33832 [D]:  207 [T]: 1 [TH]: 9, In
2015-08-13 21:55:28 :  28> [G]: 123956 [E]: 119697 [D]: 1429 [T]: 1 [TH]: 9, In
2015-08-13 21:55:33 :  29> [G]: 132540 [E]:  31481 [D]:  296 [T]: 2 [TH]: 9, In
2015-08-13 21:55:38 :  30> [G]:   3875 [E]:   3931 [D]: 1021 [T]: 6 [TH]: 9, In
2015-08-13 21:55:43 :  31> [G]: 164431 [E]:  80149 [D]:  639 [T]: 1 [TH]: 9, In
2015-08-13 21:55:48 :  32> [G]: 353891 [E]: 142918 [D]: 2025 [T]: 2 [TH]: 9, Out
2015-08-13 21:55:48 : ~~~~~~~~~~~~~~~ TH Outside Found! ~~~~~~~~~~~~~~~~
2015-08-13 21:55:50 : ================ Search Complete =================
2015-08-13 21:55:50 : Initiating attack for: TH Snipe
2015-08-13 21:55:52 : -Barbarians 73
2015-08-13 21:55:52 : -Archers 127
2015-08-13 21:55:52 : -Clan Castle 
2015-08-13 21:55:52 : -King 
2015-08-13 21:55:52 : -Lightning Spells 3
2015-08-13 21:55:52 : -Poison Spells 1
2015-08-13 21:55:52 :  ====== Start Attack ====== 
2015-08-13 21:55:54 : Sending 1st wave of archers.
2015-08-13 21:55:54 : Dropping first wave of 4 Archers
2015-08-13 21:55:56 : Deployment of Archers Successful!
2015-08-13 21:55:58 : Dropping first wave of 15 Archers
2015-08-13 21:56:01 : Deployment of Archers Successful!
2015-08-13 21:56:29 : Townhall has been destroyed!
2015-08-13 21:56:32 : Checking if the battle has finished
2015-08-13 21:56:34 : detected [G]:  [E]:  [DE]:  |  Exit now 
2015-08-13 21:56:34 : Battle has finished
2015-08-13 21:56:34 : Returning Home
2015-08-13 21:56:38 : Loot: [G]: 1 009 [E]: 1 000 [DE]:  [T]: 1
2015-08-13 21:56:39 : Bonus [G]: 140 000 [E]: 140 000 [DE]: 900
2015-08-13 21:56:42 : Your league level is: Master I
2015-08-13 21:56:42 : Stars earned: 1
2015-08-13 21:56:50 : Trying to locate Main Screen
2015-08-13 21:56:50 : Main Screen Located
2015-08-13 21:56:52 : Village Report
2015-08-13 21:56:52 : No. of Free/Total Builders: 0/5
2015-08-13 21:56:52 :  [T]: 3 045
2015-08-13 21:56:52 :  [G]: 6 001 000 [E]: 6 001 000 [D]: 80 000 [GEM]: 64
2015-08-13 21:56:52 : Collecting Resources
2015-08-13 21:57:01 : Checking if Village needs Rearming..
2015-08-13 21:57:10 : Checking Army Camp...
2015-08-13 21:57:12 : Total Army Camp capacity: 200/200
2015-08-13 21:57:13 :  - No. of Barbarians: 73
2015-08-13 21:57:13 :  - No. of Archers: 127
2015-08-13 21:57:13 : Training Troops...
2015-08-13 21:57:14 : Your Army Camps are now Full
2015-08-13 21:57:39 : Requesting Clan Castle Troops
2015-08-13 21:57:40 : Your Clan Castle is already full or you are not in a clan.
2015-08-13 21:57:43 : Going to Attack...
2015-08-13 21:57:49 : ============== Searching For Dead Base ===============
2015-08-13 21:57:49 : ~~~~~~~~~~~~~~~ SEARCH CONDITIONS ~~~~~~~~~~~~~~~~
2015-08-13 21:57:49 : Meet: Gold and Elixir, TH Outside
2015-08-13 21:57:49 : ~~~~~~~~~~~~~~ RESOURCE CONDITIONS ~~~~~~~~~~~~~~~
2015-08-13 21:57:49 : Aim: [G]: 999999 [E]: 999999 [D]:    0 [T]: 0, Out, Out, Out, Out, Out, Out, Out, Out, Out, Out, Out, Out, Out, Out, Out, Out, Out, Out, Out, Out, Out, Out, Out, Out, Out, Out, Out, Out, Out, Out, Out, Out, Out, Out, Out, Out, Out, Out, Out, Out, Out for: Dead Base
2015-08-13 21:57:49 : ~~~~~~~~~~~~~~~ ADVANCED SETTINGS ~~~~~~~~~~~~~~~~
2015-08-13 21:57:49 : THSnipe Combo, 1 Tile(s), 
2015-08-13 21:57:49 : ==================================================
2015-08-13 21:57:55 :   1> [G]:  50500 [E]:  79669 [D]: 1608 [T]:34 [TH]:10, In
2015-08-13 21:58:00 :   2> [G]: 177239 [E]:  78305 [D]:  908 [T]:13 [TH]: 9, In
2015-08-13 21:58:08 :   3> [G]:  30517 [E]: 171886 [D]: 1239 [T]:22 [TH]:10, In
2015-08-13 21:58:17 :   4> [G]:  81871 [E]:  92312 [D]: 1041 [T]:33 [TH]:10, In
2015-08-13 21:58:25 :   5> [G]:  68710 [E]:  74257 [D]: 1457 [T]:17 [TH]:10, In
2015-08-13 21:58:28 :   6> [G]:  56409 [E]:  97345 [D]: 1081 [T]: 3 [TH]: 9, In
2015-08-13 21:58:33 :   7> [G]: 101027 [E]:  39213 [D]:  590 [T]: 6 [TH]: 9, In
2015-08-13 21:58:38 :   8> [G]:  65234 [E]:   5059 [D]:  379 [T]: 3 [TH]: 9, In
2015-08-13 21:58:42 :   9> [G]:  41180 [E]:  34677 [D]: 1467 [T]: 4 [TH]: 9, In
2015-08-13 21:58:47 :  10> [G]:  43264 [E]:  99875 [D]:  914 [T]: 2 [TH]: 9, In
2015-08-13 21:58:53 :  11> [G]: 104524 [E]: 145621 [D]: 1050 [T]: 6 [TH]: 9, In
2015-08-13 21:58:59 :  12> [G]:  95853 [E]:  12563 [D]: 1176 [T]: 2 [TH]: 9, In
2015-08-13 21:59:03 :  13> [G]:  26470 [E]:  44245 [D]: 1278 [T]: 2 [TH]: 9, In
2015-08-13 21:59:07 :  14> [G]:  77945 [E]:  16643 [D]:  820 [T]: 3 [TH]: 9, In
2015-08-13 21:59:13 :  15> [G]: 114390 [E]:  22614 [D]:  411 [T]: 2 [TH]: 9, In
2015-08-13 21:59:19 :  16> [G]:  26779 [E]:  89502 [D]: 1731 [T]:10 [TH]: 9, In
2015-08-13 21:59:28 :  17> [G]: 203143 [E]:  98920 [D]:  278 [T]:14 [TH]:10, In
2015-08-13 21:59:32 :  18> [G]:  99982 [E]: 149033 [D]:  981 [T]: 3 [TH]: 9, In
2015-08-13 21:59:38 :  19> [G]:  39866 [E]: 196120 [D]:  691 [T]: 2 [TH]: 9, In
2015-08-13 21:59:43 :  20> [G]:  92942 [E]: 125817 [D]:  742 [T]: 2 [TH]: 9, In
