2015-08-14 18:32:43 : ~~ Clash Game Bot v4.1.1 Powered by GameBot.org ~~
2015-08-14 18:32:43 : GameBot.org.exe Executable running on WIN_7  X64
2015-08-14 18:32:43 : =================== Bot Start ====================
2015-08-14 18:32:43 : -------------------------  Current Profile: 03 --------------------------
2015-08-14 18:32:43 : Trying to locate Main Screen
2015-08-14 18:32:43 : Zooming Out
2015-08-14 18:32:46 : Main Screen Located
2015-08-14 18:32:47 : Detecting your Buildings..
2015-08-14 18:32:48 : Language setting is English: Correct.
2015-08-14 18:32:49 : Trying to locate Main Screen
2015-08-14 18:32:49 : Main Screen Located
2015-08-14 18:32:51 : Village Report
2015-08-14 18:32:51 : No. of Free/Total Builders: 0/5
2015-08-14 18:32:51 :  [T]: 3 073
2015-08-14 18:32:51 :  [G]: 5 800 897 [E]: 5 832 164 [D]: 78 729 [GEM]: 77
2015-08-14 18:32:51 : Collecting Resources
2015-08-14 18:33:00 : Checking if Village needs Rearming..
2015-08-14 18:33:09 : Checking Army Camp...
2015-08-14 18:33:11 : Total Army Camp capacity: 200/200
2015-08-14 18:33:12 :  - No. of Barbarians: 34
2015-08-14 18:33:12 :  - No. of Archers: 106
2015-08-14 18:33:13 :  - No. of Giants: 12
2015-08-14 18:33:13 : Barracks and Spell factory status: 
2015-08-14 18:33:13 : - Barracks detected: 4 | Available: 4 | Upgrading: 0
2015-08-14 18:33:13 : - Dark Barracks detected: 2 | Available: 1 | Upgrading: 1
2015-08-14 18:33:13 : - Spell factory detected: 1 | Available: 1 | Upgrading: 0
2015-08-14 18:33:13 : - Dark Spell factory detected: 1 | Available: 1 | Upgrading: 0
2015-08-14 18:33:13 : Training Troops...
2015-08-14 18:33:14 : Your Army Camps are now Full
2015-08-14 18:33:14 : Too many Arch, train last.
2015-08-14 18:33:14 : Too few Barb, train first.
2015-08-14 18:33:36 : Requesting Clan Castle Troops
2015-08-14 18:33:37 : Your Clan Castle is already full or you are not in a clan.
2015-08-14 18:33:40 : Going to Attack...
2015-08-14 18:33:46 : ============== Searching For Dead Base ===============
2015-08-14 18:33:46 : ~~~~~~~~~~~~~~~ SEARCH CONDITIONS ~~~~~~~~~~~~~~~~
2015-08-14 18:33:46 : Meet: Gold and Elixir, TH Outside
2015-08-14 18:33:46 : ~~~~~~~~~~~~~~ RESOURCE CONDITIONS ~~~~~~~~~~~~~~~
2015-08-14 18:33:46 : Aim: [G]: 999999 [E]: 999999 [D]:    0 [T]: 0, Out, Out, Out, Out, Out for: Dead Base
2015-08-14 18:33:46 : ~~~~~~~~~~~~~~~ ADVANCED SETTINGS ~~~~~~~~~~~~~~~~
2015-08-14 18:33:46 : THSnipe Combo, 1 Tile(s), 
2015-08-14 18:33:46 : ==================================================
2015-08-14 18:33:58 :   1> [G]:  29679 [E]:  33428 [D]: 1846 [T]:22 [TH]:10, In
2015-08-14 18:34:07 :   2> [G]:  49248 [E]: 171491 [D]:  568 [T]:16 [TH]:10, In
2015-08-14 18:34:14 :   3> [G]:  98468 [E]:  51400 [D]:  768 [T]:15 [TH]: 9, In
2015-08-14 18:34:20 :   4> [G]:  32313 [E]:  44535 [D]: 1392 [T]: 6 [TH]: 9, In
2015-08-14 18:34:26 :   5> [G]:  87359 [E]: 317614 [D]: 2043 [T]: 5 [TH]: 9, In
2015-08-14 18:34:30 :   6> [G]: 100087 [E]:  45665 [D]:  923 [T]:12 [TH]: 9, In
2015-08-14 18:34:33 :   7> [G]:  35851 [E]:  81051 [D]: 1648 [T]:34 [TH]:10, In
2015-08-14 18:34:43 :   8> [G]:  72814 [E]:  91952 [D]:  859 [T]: 1 [TH]: 9, In
2015-08-14 18:34:52 :   9> [G]:  94564 [E]:  16357 [D]:  119 [T]:32 [TH]:10, In
2015-08-14 18:34:57 :  10> [G]:  52136 [E]:  67285 [D]: 1488 [T]: 8 [TH]: 9, In
2015-08-14 18:35:03 :  11> [G]:   5081 [E]:  24640 [D]:  350 [T]: 2 [TH]: 9, In
2015-08-14 18:35:10 :  12> [G]:  29185 [E]:  39577 [D]:  718 [T]:13 [TH]:10, In
2015-08-14 18:35:15 :  13> [G]:  92837 [E]: 109275 [D]:  143 [T]: 3 [TH]: 9, In
2015-08-14 18:35:20 :  14> [G]: 129381 [E]:  97751 [D]: 2500 [T]:12 [TH]: 9, In
2015-08-14 18:35:29 :  15> [G]:  25441 [E]: 117771 [D]:  381 [T]:13 [TH]:10, In
2015-08-14 18:35:36 :  16> [G]:  31562 [E]:  72870 [D]: 1422 [T]: 1 [TH]: 9, In
2015-08-14 18:35:40 :  17> [G]: 132819 [E]:  58153 [D]:  323 [T]:12 [TH]: 9, In
2015-08-14 18:35:47 :  18> [G]:  49453 [E]:  20377 [D]:  525 [T]:19 [TH]:10, In
2015-08-14 18:35:53 :  19> [G]: 120592 [E]:  45581 [D]: 2484 [T]: 8 [TH]: 9, In
2015-08-14 18:36:00 :  20> [G]:  78781 [E]: 221944 [D]: 1881 [T]:18 [TH]:10, In
2015-08-14 18:36:03 :  21> [G]:  55394 [E]: 159255 [D]:  329 [T]: 1 [TH]: 9, In
2015-08-14 18:36:08 :  22> [G]:  15224 [E]:  77954 [D]: 1688 [T]: 1 [TH]: 9, In
2015-08-14 18:36:14 :  23> [G]:  65257 [E]:  57541 [D]:  490 [T]: 1 [TH]: 9, In
2015-08-14 18:36:20 :  24> [G]:  49565 [E]: 213798 [D]:  478 [T]: 2 [TH]: 9, In
2015-08-14 18:36:28 :  25> [G]:  60894 [E]:  18083 [D]:  686 [T]: 2 [TH]: 9, In
2015-08-14 18:36:33 :  26> [G]:  14072 [E]: 203227 [D]:  769 [T]: 1 [TH]: 9, In
2015-08-14 18:36:38 :  27> [G]:  63134 [E]: 120177 [D]:  286 [T]:12 [TH]: 9, In
2015-08-14 18:36:45 :  28> [G]:  58192 [E]:  14291 [D]:  729 [T]: 1 [TH]: 9, In
2015-08-14 18:36:49 :  29> [G]:    793 [E]: 351580 [D]: 2001 [T]:44 [TH]: 8, In
2015-08-14 18:36:52 :  30> [G]:  17428 [E]: 103652 [D]: 1061 [T]: 1 [TH]: 9, In
2015-08-14 18:37:00 :  31> [G]:  97713 [E]:  36747 [D]:  302 [T]: 2 [TH]: 9, In
2015-08-14 18:37:09 :  32> [G]:  18563 [E]:  82719 [D]:  327 [T]: 3 [TH]: 9, In
2015-08-14 18:37:16 :  33> [G]:  66885 [E]:  90934 [D]:  546 [T]: 4 [TH]: 9, In
2015-08-14 18:37:24 :  34> [G]: 104582 [E]: 138516 [D]: 1514 [T]:23 [TH]: 9, In
2015-08-14 18:37:29 :  35> [G]:  78880 [E]:  52372 [D]:  514 [T]: 3 [TH]: 9, In
2015-08-14 18:37:34 :  36> [G]:  12001 [E]:  44734 [D]: 1128 [T]: 7 [TH]: 9, In
2015-08-14 18:37:43 :  37> [G]:  22022 [E]:  92442 [D]:  616 [T]:16 [TH]:10, In
2015-08-14 18:37:46 :  38> [G]:  55760 [E]:  49308 [D]:  902 [T]: 1 [TH]: 9, In
2015-08-14 18:37:52 :  39> [G]: 102613 [E]:  20456 [D]: 1158 [T]: 3 [TH]: 9, In
2015-08-14 18:37:59 :  40> [G]:  13481 [E]:  68350 [D]:  760 [T]: 3 [TH]: 9, In
2015-08-14 18:38:03 :  41> [G]: 172424 [E]: 146085 [D]: 2234 [T]:26 [TH]:10, In
2015-08-14 18:38:11 :  42> [G]:   8810 [E]:   3109 [D]: 1064 [T]:13 [TH]:10, In
2015-08-14 18:38:20 :  43> [G]:  59856 [E]: 196145 [D]: 1584 [T]:24 [TH]:10, In
2015-08-14 18:38:24 :  44> [G]:  76815 [E]:  14992 [D]:  570 [T]: 4 [TH]: 9, In
2015-08-14 18:38:27 :  45> [G]: 104582 [E]: 175159 [D]:  977 [T]: 1 [TH]: 9, In
2015-08-14 18:38:32 :  46> [G]:  27463 [E]: 132199 [D]:  774 [T]:10 [TH]: 9, In
2015-08-14 18:38:36 :  47> [G]:  46293 [E]:  63338 [D]: 1602 [T]:10 [TH]: 9, In
2015-08-14 18:38:41 :  48> [G]:  71365 [E]:  17386 [D]:  113 [T]: 1 [TH]: 9, In
2015-08-14 18:38:44 :  49> [G]:  53106 [E]: 124297 [D]: 1482 [T]: 3 [TH]: 9, In
2015-08-14 18:38:49 :  50> [G]: 123776 [E]: 140405 [D]:  597 [T]: 1 [TH]: 9, In
2015-08-14 18:38:56 :  51> [G]: 161417 [E]:  13385 [D]: 1560 [T]: 3 [TH]: 9, In
2015-08-14 18:39:01 :  52> [G]:  43910 [E]:  25418 [D]:  894 [T]: 7 [TH]: 9, In
2015-08-14 18:39:07 :  53> [G]:  66098 [E]: 106158 [D]:  760 [T]: 4 [TH]: 9, In
2015-08-14 18:39:12 :  54> [G]:  29912 [E]:  35280 [D]:  167 [T]: 4 [TH]: 9, In
2015-08-14 18:39:16 :  55> [G]:  67766 [E]: 151832 [D]: 2480 [T]:37 [TH]: 9, In
2015-08-14 18:39:21 :  56> [G]:   7992 [E]: 108380 [D]: 1697 [T]: 3 [TH]: 9, In
2015-08-14 18:39:26 :  57> [G]:  14113 [E]: 179229 [D]:  707 [T]: 1 [TH]: 9, In
2015-08-14 18:39:30 :  58> [G]: 131772 [E]:  43916 [D]: 1086 [T]: 2 [TH]: 9, In
2015-08-14 18:39:35 :  59> [G]:  61949 [E]:  39563 [D]:  854 [T]: 6 [TH]: 9, In
2015-08-14 18:39:39 :  60> [G]:  63679 [E]:  58628 [D]:  650 [T]: 3 [TH]: 9, In
2015-08-14 18:39:44 :  61> [G]:  55940 [E]: 112343 [D]:  561 [T]: 1 [TH]: 9, In
2015-08-14 18:39:51 :  62> [G]:  45288 [E]:  87664 [D]:  656 [T]: 3 [TH]: 9, In
2015-08-14 18:39:57 :  63> [G]:  83084 [E]: 326568 [D]:  850 [T]: 1 [TH]: 9, In
2015-08-14 18:40:02 :  64> [G]:  51629 [E]:  22184 [D]: 1080 [T]: 1 [TH]: 9, In
2015-08-14 18:40:07 :  65> [G]:  37532 [E]:   3487 [D]: 1102 [T]: 2 [TH]: 9, In
2015-08-14 18:40:12 :  66> [G]: 154573 [E]: 123089 [D]: 1281 [T]: 1 [TH]: 9, In
2015-08-14 18:40:18 :  67> [G]: 114586 [E]:  30058 [D]:  795 [T]: 1 [TH]: 9, In
2015-08-14 18:40:23 :  68> [G]:  12386 [E]:  39929 [D]:  327 [T]: 4 [TH]: 9, In
2015-08-14 18:40:29 :  69> [G]: 273873 [E]: 353898 [D]: 1250 [T]:27 [TH]: 9, Out
2015-08-14 18:40:29 : ~~~~~~~~~~~~~~~ TH Outside Found! ~~~~~~~~~~~~~~~~
2015-08-14 18:40:30 : ================ Search Complete =================
2015-08-14 18:40:30 : Initiating attack for: TH Snipe
2015-08-14 18:40:32 : -Barbarians 34
2015-08-14 18:40:32 : -Archers 106
2015-08-14 18:40:32 : -Giants 12
2015-08-14 18:40:33 : -Clan Castle 
2015-08-14 18:40:33 : -King 
2015-08-14 18:40:33 : -Lightning Spells 3
2015-08-14 18:40:33 : -Poison Spells 1
2015-08-14 18:40:33 :  ====== Start Attack ====== 
2015-08-14 18:40:35 : Sending 1st wave of archers.
2015-08-14 18:40:35 : Dropping first wave of 4 Archers
2015-08-14 18:40:36 : Deployment of Archers Successful!
2015-08-14 18:40:38 : Dropping first wave of 15 Archers
2015-08-14 18:40:41 : Deployment of Archers Successful!
2015-08-14 18:40:55 : Townhall has been destroyed!
2015-08-14 18:40:58 : Checking if the battle has finished
2015-08-14 18:41:00 : detected [G]:  [E]:  [DE]:  |  Exit now 
2015-08-14 18:41:00 : Battle has finished
2015-08-14 18:41:00 : Returning Home
2015-08-14 18:41:04 : Loot: [G]: 1 000 [E]: 1 000 [DE]:  [T]: 9
2015-08-14 18:41:05 : Bonus [G]: 140 000 [E]: 140 000 [DE]: 900
2015-08-14 18:41:08 : Your league level is: Master I
2015-08-14 18:41:08 : Stars earned: 1
2015-08-14 18:41:16 : Trying to locate Main Screen
2015-08-14 18:41:16 : Main Screen Located
2015-08-14 18:41:18 : Village Report
2015-08-14 18:41:18 : No. of Free/Total Builders: 0/5
2015-08-14 18:41:18 :  [T]: 3 082
2015-08-14 18:41:18 :  [G]: 5 904 561 [E]: 5 975 288 [D]: 79 649 [GEM]: 77
2015-08-14 18:41:19 : Collecting Resources
2015-08-14 18:41:27 : Checking if Village needs Rearming..
2015-08-14 18:41:37 : Checking Army Camp...
2015-08-14 18:41:39 : Total Army Camp capacity: 200/200
2015-08-14 18:41:40 :  - No. of Barbarians: 53
2015-08-14 18:41:40 :  - No. of Archers: 87
2015-08-14 18:41:40 :  - No. of Giants: 12
2015-08-14 18:41:40 : Barracks and Spell factory status: 
2015-08-14 18:41:40 : - Barracks detected: 4 | Available: 4 | Upgrading: 0
2015-08-14 18:41:40 : - Dark Barracks detected: 2 | Available: 1 | Upgrading: 1
2015-08-14 18:41:40 : - Spell factory detected: 1 | Available: 1 | Upgrading: 0
2015-08-14 18:41:40 : - Dark Spell factory detected: 1 | Available: 1 | Upgrading: 0
2015-08-14 18:41:40 : Training Troops...
2015-08-14 18:41:41 : Your Army Camps are now Full
2015-08-14 18:42:07 : Requesting Clan Castle Troops
2015-08-14 18:42:07 : Your Clan Castle is already full or you are not in a clan.
2015-08-14 18:42:10 : Going to Attack...
2015-08-14 18:42:16 : ============== Searching For Dead Base ===============
2015-08-14 18:42:16 : ~~~~~~~~~~~~~~~ SEARCH CONDITIONS ~~~~~~~~~~~~~~~~
2015-08-14 18:42:16 : Meet: Gold and Elixir, TH Outside
2015-08-14 18:42:16 : ~~~~~~~~~~~~~~ RESOURCE CONDITIONS ~~~~~~~~~~~~~~~
2015-08-14 18:42:16 : Aim: [G]: 999999 [E]: 999999 [D]:    0 [T]: 0, Out, Out, Out, Out, Out, Out for: Dead Base
2015-08-14 18:42:16 : ~~~~~~~~~~~~~~~ ADVANCED SETTINGS ~~~~~~~~~~~~~~~~
2015-08-14 18:42:16 : THSnipe Combo, 1 Tile(s), 
2015-08-14 18:42:16 : ==================================================
2015-08-14 18:42:25 :   1> [G]:        [E]:        [D]:      [T]:   [TH]: 0, 0
2015-08-14 18:42:32 :   2> [G]:        [E]:        [D]:      [T]:   [TH]: 0, 0
2015-08-14 18:42:39 :   3> [G]:        [E]:        [D]:      [T]:   [TH]: 0, 0
2015-08-14 18:42:47 :   4> [G]:        [E]:        [D]:      [T]:   [TH]: 0, 0
2015-08-14 18:42:52 :   5> [G]:        [E]:        [D]:      [T]:   [TH]: 0, 0
2015-08-14 18:43:00 : Trying to locate Main Screen
2015-08-14 18:43:01 : Error: Image Search not working...
2015-08-14 18:43:01 : Another Device has connected, waiting 2 minutes 0 seconds
